2026-03-23 20:44:30 [INFO] __main__ — Сессия загружена из session.json  (viewerId=240002558)
2026-03-23 20:44:31 [INFO] __main__ — Авторизован [client], chatId=0
2026-03-23 20:44:31 [INFO] __main__ — Собеседник: Роберт  (userId=240876353)
2026-03-23 20:44:31 [INFO] __main__ — chatId = 240002558 XOR 240876353 = 1400511
2026-03-23 20:44:31 [INFO] __main__ — Отправили '.' → Роберт
2026-03-23 20:44:32 [INFO] __main__ — Получили '.' от Роберт — запускаем прокси!
2026-03-23 20:44:32 [INFO] __main__ — SOCKS5 прокси запущен  127.0.0.1:1080  server=Роберт  chat_id=1400511
2026-03-23 20:44:32 [INFO] __main__ — Авторизован [client], chatId=1400511
2026-03-23 20:44:42 [INFO] __main__ — SOCKS5 → whatismyipaddress.com:443
2026-03-23 20:44:42 [DEBUG] __main__ — [transport] batch flush  frames=1  total=100B
2026-03-23 20:44:46 [DEBUG] __main__ — [transport] upload ok  fileId=2986528999  size=100
2026-03-23 20:44:47 [DEBUG] __main__ — [transport] op128 chat=1400511 sender=240876353 attaches=1
2026-03-23 20:44:47 [DEBUG] __main__ — [transport] attach full={'_type': 'FILE', 'name': 'data.bin', 'size': 53, 'fileId': 2988015589, 'token': 'f9LHodD0cOKWWBstZhz0w36IkwZh3YNZw1mGgdySxt5hDCLVYpRYraYT1JJrdHT0pvXNr_6Ccsp0HUjwv8kO'}
2026-03-23 20:44:47 [DEBUG] __main__ — [transport] op88 fileId=2988015589 url=https://fd.oneme.ru/getfile?sig=047eFiRxYwBlnPJtq8nZRG9FF727dMWuPnItUaQF6N3TkbKmCRJvPRgZZDlD48lxoz59_Qi9G7Y9oz8F_F-bKg&expires=1774381487815&clientType=6&id=2988015589&userId=240002558
2026-03-23 20:44:48 [DEBUG] __main__ — [transport] recv_file  fileId=2988015589  frames=1
2026-03-23 20:44:48 [DEBUG] __main__ — [transport] frame  action=ok  id=ebffe76e  size=0
2026-03-23 20:44:48 [DEBUG] __main__ — [ebffe76e] <- ok
2026-03-23 20:44:48 [INFO] __main__ — tunnel whatismyipaddress.com:443 [ebffe76e]  открыт за ~5420 мс
2026-03-23 20:44:48 [DEBUG] __main__ — [ebffe76e] -> #1  1763B  seq=0
2026-03-23 20:44:48 [DEBUG] __main__ — [transport] batch flush  frames=1  total=1826B
2026-03-23 20:44:48 [DEBUG] __main__ — [transport] upload ok  fileId=2992359190  size=1826
2026-03-23 20:44:50 [DEBUG] __main__ — [transport] op128 chat=1400511 sender=240876353 attaches=1
2026-03-23 20:44:50 [DEBUG] __main__ — [transport] attach full={'_type': 'FILE', 'name': 'data.bin', 'size': 3609, 'fileId': 2991425570, 'token': 'f9LHodD0cOKvLElWfZ2TPTJ9ihqVtFHQbaOK8_ou5Av4uEjUw-QmvjZv5e5qDZsSGh1TpluY9TPbjZPtTNnd'}
2026-03-23 20:44:50 [DEBUG] __main__ — [transport] op88 fileId=2991425570 url=https://fd.oneme.ru/getfile?sig=SslHTpKD9e_mEWoA5KUI5McN6t2xLcqcm1Q96k4PZ0OPksegUFZagJ7Y-n7YyuTdQ5_5it1ka81wvLXoT7GlAA&expires=1774381490780&clientType=6&id=2991425570&userId=240002558
2026-03-23 20:44:51 [DEBUG] __main__ — [transport] recv_file  fileId=2991425570  frames=2
2026-03-23 20:44:51 [DEBUG] __main__ — [transport] frame  action=data  id=ebffe76e  size=3868
2026-03-23 20:44:51 [DEBUG] __main__ — [transport] frame  action=data  id=ebffe76e  size=784
2026-03-23 20:44:51 [DEBUG] __main__ — [ebffe76e] <- data #1  2900B  seq=0  (rx=2900B)
2026-03-23 20:44:51 [DEBUG] __main__ — [ebffe76e] <- data #2  587B  seq=1  (rx=3487B)
2026-03-23 20:44:51 [DEBUG] __main__ — [ebffe76e] -> #2  1142B  seq=1
2026-03-23 20:44:51 [DEBUG] __main__ — [transport] batch flush  frames=1  total=1205B
2026-03-23 20:44:53 [DEBUG] __main__ — [transport] upload ok  fileId=2992049903  size=1205
2026-03-23 20:44:54 [DEBUG] __main__ — [transport] op128 chat=1400511 sender=240876353 attaches=1
2026-03-23 20:44:54 [DEBUG] __main__ — [transport] attach full={'_type': 'FILE', 'name': 'data.bin', 'size': 600, 'fileId': 2984572842, 'token': 'f9LHodD0cOJ4ZUV0JesfMC9O5fXnj38aXQ9Z1dflosGYB1scD0j_xLHowE-lNCeuXFdx_GUiMYouZtJBDqaR'}
2026-03-23 20:44:54 [DEBUG] __main__ — [transport] op88 fileId=2984572842 url=https://fd.oneme.ru/getfile?sig=MRY4MvUI7rv8o6bVfbvgdERGb6TMgY3QeiVStjBySi3-hsuVbp0Fw8TApmdTlZ8-VhH96TusVoBpAB558jRkug&expires=1774381494665&clientType=6&id=2984572842&userId=240002558
2026-03-23 20:44:55 [DEBUG] __main__ — [transport] op128 chat=1400511 sender=240876353 attaches=1
2026-03-23 20:44:55 [DEBUG] __main__ — [transport] attach full={'_type': 'FILE', 'name': 'data.bin', 'size': 17891, 'fileId': 2988163544, 'token': 'f9LHodD0cOKKT6rn90CHbU-xGK18vGmEE1pCLtUz-zYThfD3DB3Yhi5savM6ISRTQHgtHwZiGnb-Xzkj1OeM'}
2026-03-23 20:44:55 [DEBUG] __main__ — [transport] recv_file  fileId=2984572842  frames=1
2026-03-23 20:44:55 [DEBUG] __main__ — [transport] frame  action=data  id=ebffe76e  size=716
2026-03-23 20:44:55 [DEBUG] __main__ — [ebffe76e] <- data #3  537B  seq=2  (rx=4024B)
2026-03-23 20:44:55 [DEBUG] __main__ — [ebffe76e] -> #3  31B  seq=2
2026-03-23 20:44:55 [DEBUG] __main__ — [transport] batch flush  frames=1  total=94B
2026-03-23 20:44:55 [DEBUG] __main__ — [transport] op88 fileId=2988163544 url=https://fd.oneme.ru/getfile?sig=S4YBYlevul3uNKCZcdwEGNj-OnGsATgKKcnkXPFrIuVwuLGoSVjVCG1yrdhrtJNKmgNN-3zdZhs8MxT2_c8c0A&expires=1774381495265&clientType=6&id=2988163544&userId=240002558
2026-03-23 20:44:56 [DEBUG] __main__ — [transport] recv_file  fileId=2988163544  frames=7
2026-03-23 20:44:56 [DEBUG] __main__ — [transport] frame  action=data  id=ebffe76e  size=3868
2026-03-23 20:44:56 [DEBUG] __main__ — [transport] frame  action=data  id=ebffe76e  size=3868
2026-03-23 20:44:56 [DEBUG] __main__ — [transport] frame  action=data  id=ebffe76e  size=3868
2026-03-23 20:44:56 [DEBUG] __main__ — [transport] frame  action=data  id=ebffe76e  size=3868
2026-03-23 20:44:56 [DEBUG] __main__ — [transport] frame  action=data  id=ebffe76e  size=3868
2026-03-23 20:44:56 [DEBUG] __main__ — [transport] frame  action=data  id=ebffe76e  size=3868
2026-03-23 20:44:56 [DEBUG] __main__ — [transport] frame  action=data  id=ebffe76e  size=100
2026-03-23 20:44:56 [DEBUG] __main__ — [ebffe76e] <- data #4  2900B  seq=3  (rx=6924B)
2026-03-23 20:44:56 [DEBUG] __main__ — [ebffe76e] <- data #5  2900B  seq=4  (rx=9824B)
2026-03-23 20:44:56 [DEBUG] __main__ — [ebffe76e] <- data #6  2900B  seq=5  (rx=12724B)
2026-03-23 20:44:56 [DEBUG] __main__ — [ebffe76e] <- data #7  2900B  seq=6  (rx=15624B)
2026-03-23 20:44:56 [DEBUG] __main__ — [ebffe76e] <- data #8  2900B  seq=7  (rx=18524B)
2026-03-23 20:44:56 [DEBUG] __main__ — [ebffe76e] <- data #9  2900B  seq=8  (rx=21424B)
2026-03-23 20:44:56 [DEBUG] __main__ — [ebffe76e] <- data #10  74B  seq=9  (rx=21498B)
2026-03-23 20:44:56 [DEBUG] __main__ — [ebffe76e] -> #4  35B  seq=3
2026-03-23 20:44:56 [DEBUG] __main__ — [transport] batch flush  frames=1  total=98B
2026-03-23 20:44:56 [INFO] __main__ — SOCKS5 → ds4.probe.whatismyipaddress.com:443
2026-03-23 20:44:56 [DEBUG] __main__ — [ebffe76e] -> #5  169B  seq=4
2026-03-23 20:44:56 [DEBUG] __main__ — [transport] batch flush  frames=2  total=338B
2026-03-23 20:44:56 [DEBUG] __main__ — [transport] upload ok  fileId=2983229489  size=94
2026-03-23 20:44:56 [INFO] __main__ — SOCKS5 → api.github.com:443
2026-03-23 20:44:57 [DEBUG] __main__ — [transport] batch flush  frames=1  total=93B
2026-03-23 20:44:57 [DEBUG] __main__ — [transport] upload ok  fileId=2989791762  size=98
2026-03-23 20:44:57 [DEBUG] __main__ — [transport:client] keepalive sent
2026-03-23 20:44:58 [DEBUG] __main__ — [transport] upload ok  fileId=2990774951  size=338
2026-03-23 20:45:00 [DEBUG] __main__ — [transport] op128 chat=1400511 sender=240876353 attaches=1
2026-03-23 20:45:00 [DEBUG] __main__ — [transport] attach full={'_type': 'FILE', 'name': 'data.bin', 'size': 25465, 'fileId': 2991426594, 'token': 'f9LHodD0cOJSLphrYTeC29MyxJkPhlBAoGa03_-3jZiXufWT3P-pDxVJdGcIZveo6bmoHiI9ulr4GBfvb8vu'}
2026-03-23 20:45:00 [DEBUG] __main__ — [transport] op88 fileId=2991426594 url=https://fd.oneme.ru/getfile?sig=9tp9G6_Lx_pXK_pONBoriBh_S96IUh8pCD7HUcXInOaovzWwgxyx6cqXCouvAPKadMD2g5Sq2zkwgXBmH0RHRA&expires=1774381500160&clientType=6&id=2991426594&userId=240002558
2026-03-23 20:45:00 [DEBUG] __main__ — [transport] upload ok  fileId=2990653131  size=93
2026-03-23 20:45:00 [DEBUG] __main__ — [transport] op128 chat=1400511 sender=240876353 attaches=1
2026-03-23 20:45:00 [DEBUG] __main__ — [transport] attach full={'_type': 'FILE', 'name': 'data.bin', 'size': 53, 'fileId': 2980066704, 'token': 'f9LHodD0cOIIgH2fvKm_elR39bhcoBMk69G6BaFMb2bJe8pwWTU74-yWwqK7EMnqYyypBLTBACwht1y0Eofl'}
2026-03-23 20:45:00 [DEBUG] __main__ — [transport] op88 fileId=2980066704 url=https://fd.oneme.ru/getfile?sig=GbZfBMXb1RbB6EmvaJPWBBhQIgi_QeYCW5zbFNifhDSEZGCKqXasPlaHJxAdo3buK-zCkN2FyVi-HpMnQtNn0w&expires=1774381500811&clientType=6&id=2980066704&userId=240002558
2026-03-23 20:45:01 [DEBUG] __main__ — [transport] recv_file  fileId=2980066704  frames=1
2026-03-23 20:45:01 [DEBUG] __main__ — [transport] frame  action=ok  id=641fdfb8  size=0
2026-03-23 20:45:01 [DEBUG] __main__ — [641fdfb8] <- ok
2026-03-23 20:45:01 [INFO] __main__ — tunnel ds4.probe.whatismyipaddress.com:443 [641fdfb8]  открыт за ~4851 мс
2026-03-23 20:45:01 [DEBUG] __main__ — [641fdfb8] -> #1  1837B  seq=0
2026-03-23 20:45:01 [DEBUG] __main__ — [transport] batch flush  frames=1  total=1900B
2026-03-23 20:45:01 [DEBUG] __main__ — [transport] op128 chat=1400511 sender=240876353 attaches=1
2026-03-23 20:45:01 [DEBUG] __main__ — [transport] attach full={'_type': 'FILE', 'name': 'data.bin', 'size': 53, 'fileId': 2988249611, 'token': 'f9LHodD0cOJCiMiP9TpyyfI4jn30VRo6KH7HaamKY8npP-qiLaswN38icYib3jmXWAajNHq8TDYLlVXacbtV'}
2026-03-23 20:45:01 [DEBUG] __main__ — [transport] recv_file  fileId=2991426594  frames=9
2026-03-23 20:45:01 [DEBUG] __main__ — [transport] frame  action=data  id=ebffe76e  size=3868
2026-03-23 20:45:01 [DEBUG] __main__ — [transport] frame  action=data  id=ebffe76e  size=3868
2026-03-23 20:45:01 [DEBUG] __main__ — [transport] frame  action=data  id=ebffe76e  size=3868
2026-03-23 20:45:01 [DEBUG] __main__ — [transport] frame  action=data  id=ebffe76e  size=3868
2026-03-23 20:45:01 [DEBUG] __main__ — [transport] frame  action=data  id=ebffe76e  size=3868
2026-03-23 20:45:01 [DEBUG] __main__ — [transport] frame  action=data  id=ebffe76e  size=3868
2026-03-23 20:45:01 [DEBUG] __main__ — [transport] frame  action=data  id=ebffe76e  size=3868
2026-03-23 20:45:01 [DEBUG] __main__ — [transport] frame  action=data  id=ebffe76e  size=3868
2026-03-23 20:45:01 [DEBUG] __main__ — [transport] frame  action=data  id=ebffe76e  size=2296
2026-03-23 20:45:01 [DEBUG] __main__ — [ebffe76e] <- data #11  2900B  seq=10  (rx=24398B)
2026-03-23 20:45:01 [DEBUG] __main__ — [ebffe76e] <- data #12  2900B  seq=11  (rx=27298B)
2026-03-23 20:45:01 [DEBUG] __main__ — [ebffe76e] <- data #13  2900B  seq=12  (rx=30198B)
2026-03-23 20:45:01 [DEBUG] __main__ — [ebffe76e] <- data #14  2900B  seq=13  (rx=33098B)
2026-03-23 20:45:01 [DEBUG] __main__ — [ebffe76e] <- data #15  2900B  seq=14  (rx=35998B)
2026-03-23 20:45:01 [DEBUG] __main__ — [ebffe76e] <- data #16  2900B  seq=15  (rx=38898B)
2026-03-23 20:45:01 [DEBUG] __main__ — [ebffe76e] <- data #17  2900B  seq=16  (rx=41798B)
2026-03-23 20:45:01 [DEBUG] __main__ — [ebffe76e] <- data #18  2900B  seq=17  (rx=44698B)
2026-03-23 20:45:01 [DEBUG] __main__ — [ebffe76e] <- data #19  1721B  seq=18  (rx=46419B)
2026-03-23 20:45:01 [DEBUG] __main__ — [ebffe76e] -> #6  70B  seq=5
2026-03-23 20:45:01 [INFO] __main__ — SOCKS5 → app.fusebox.fm:443
2026-03-23 20:45:01 [DEBUG] __main__ — [transport] batch flush  frames=2  total=222B
2026-03-23 20:45:02 [DEBUG] __main__ — [transport] upload ok  fileId=2985795304  size=1900
2026-03-23 20:45:02 [DEBUG] __main__ — [transport] op88 fileId=2988249611 url=https://fd.oneme.ru/getfile?sig=rWQzZVMNnC6a1gu0KXnxjMkDRiO87lITjzN9FmQo6YC8WJjzVjj-LEzdDPi2isRGaHL7Dy3cox4JI_OWMdN4Fg&expires=1774381501919&clientType=6&id=2988249611&userId=240002558
2026-03-23 20:45:02 [DEBUG] __main__ — [transport] recv_file  fileId=2988249611  frames=1
2026-03-23 20:45:02 [DEBUG] __main__ — [transport] frame  action=ok  id=5b7ccb3a  size=0
2026-03-23 20:45:02 [DEBUG] __main__ — [5b7ccb3a] <- ok
2026-03-23 20:45:02 [INFO] __main__ — tunnel api.github.com:443 [5b7ccb3a]  открыт за ~5828 мс
2026-03-23 20:45:02 [DEBUG] __main__ — [5b7ccb3a] -> #1  1803B  seq=0
2026-03-23 20:45:02 [DEBUG] __main__ — [transport] batch flush  frames=1  total=1866B
2026-03-23 20:45:02 [DEBUG] __main__ — [transport] upload ok  fileId=2987646668  size=222
2026-03-23 20:45:03 [DEBUG] __main__ — [transport] op128 chat=1400511 sender=240876353 attaches=1
2026-03-23 20:45:03 [DEBUG] __main__ — [transport] attach full={'_type': 'FILE', 'name': 'data.bin', 'size': 2534, 'fileId': 2985166763, 'token': 'f9LHodD0cOKqJFZ9yQ7IujwgQsYw-nobCmV4jhqD3gamyt4W7x6k6OhnFEpTAp9_FzchAndvqf08teijH2lb'}
2026-03-23 20:45:03 [DEBUG] __main__ — [transport] op88 fileId=2985166763 url=https://fd.oneme.ru/getfile?sig=LvNrUg-xfjHvsR6JXmhFtrHVZQMnd7pvVHv_EoAgoH6h9Po03maBjVFt-ppNUZTM4dwIZByPFm-agMKYT_nzSw&expires=1774381503561&clientType=6&id=2985166763&userId=240002558
2026-03-23 20:45:04 [DEBUG] __main__ — [transport] recv_file  fileId=2985166763  frames=1
2026-03-23 20:45:04 [DEBUG] __main__ — [transport] frame  action=data  id=641fdfb8  size=3296
2026-03-23 20:45:04 [DEBUG] __main__ — [641fdfb8] <- data #1  2471B  seq=0  (rx=2471B)
2026-03-23 20:45:04 [DEBUG] __main__ — [641fdfb8] -> #2  987B  seq=1
2026-03-23 20:45:04 [DEBUG] __main__ — [transport] batch flush  frames=1  total=1050B
2026-03-23 20:45:04 [DEBUG] __main__ — [transport] upload ok  fileId=2984424883  size=1866
2026-03-23 20:45:04 [DEBUG] __main__ — [transport] op128 chat=1400511 sender=240876353 attaches=1
2026-03-23 20:45:04 [DEBUG] __main__ — [transport] attach full={'_type': 'FILE', 'name': 'data.bin', 'size': 53, 'fileId': 2988993530, 'token': 'f9LHodD0cOJ5YzhpjIBaScUr4AXrepVheUFbXS7-7JXU7VEeIe4gVBXI1jSjqWeBKNHC3A-v1Cr6aheFFuGr'}
2026-03-23 20:45:04 [DEBUG] __main__ — [transport] op88 fileId=2988993530 url=https://fd.oneme.ru/getfile?sig=lQdVr9cqE1A9Actctr9gbb2ClSmFXfLXpmc9Wy5Qkb3YIEeO9Jf9J0fjJbZhCxfL2IC7Fj4-oHlFMDVWLD_Vxw&expires=1774381504436&clientType=6&id=2988993530&userId=240002558
2026-03-23 20:45:04 [DEBUG] __main__ — [transport] recv_file  fileId=2988993530  frames=1
2026-03-23 20:45:04 [DEBUG] __main__ — [transport] frame  action=ok  id=68314881  size=0
2026-03-23 20:45:04 [DEBUG] __main__ — [68314881] <- ok
2026-03-23 20:45:04 [INFO] __main__ — tunnel app.fusebox.fm:443 [68314881]  открыт за ~3090 мс
2026-03-23 20:45:04 [DEBUG] __main__ — [68314881] -> #1  1788B  seq=0
2026-03-23 20:45:04 [DEBUG] __main__ — [transport] batch flush  frames=1  total=1851B
2026-03-23 20:45:05 [DEBUG] __main__ — [transport] upload ok  fileId=2986448789  size=1050
2026-03-23 20:45:05 [DEBUG] __main__ — [transport] op128 chat=1400511 sender=240876353 attaches=1
2026-03-23 20:45:05 [DEBUG] __main__ — [transport] attach full={'_type': 'FILE', 'name': 'data.bin', 'size': 3217, 'fileId': 2992601620, 'token': 'f9LHodD0cOIUZiUKZCPdzXu3FUMBHUkZu78G42Lkmfg-2jajBQnv63PjnI3axCQ_9nXj11Peoi1EEQACaoYN'}
2026-03-23 20:45:05 [DEBUG] __main__ — [transport] op88 fileId=2992601620 url=https://fd.oneme.ru/getfile?sig=aPeIPi1nKG3WqAmA9ptZPAnPCfk9mkiz6DIi3pUfBjybOLuenNBGLBAr6y5q056uonzZMrPdoMsHhSz10pxCSQ&expires=1774381505779&clientType=6&id=2992601620&userId=240002558
2026-03-23 20:45:06 [DEBUG] __main__ — [transport] upload ok  fileId=2976854751  size=1851
2026-03-23 20:45:06 [DEBUG] __main__ — [transport] recv_file  fileId=2992601620  frames=2
2026-03-23 20:45:06 [DEBUG] __main__ — [transport] frame  action=data  id=5b7ccb3a  size=3868
2026-03-23 20:45:06 [DEBUG] __main__ — [transport] frame  action=data  id=5b7ccb3a  size=260
2026-03-23 20:45:06 [DEBUG] __main__ — [5b7ccb3a] <- data #1  2900B  seq=0  (rx=2900B)
2026-03-23 20:45:06 [DEBUG] __main__ — [5b7ccb3a] <- data #2  195B  seq=1  (rx=3095B)
2026-03-23 20:45:06 [DEBUG] __main__ — [5b7ccb3a] -> #2  520B  seq=1
2026-03-23 20:45:06 [DEBUG] __main__ — [transport] batch flush  frames=1  total=583B
2026-03-23 20:45:06 [DEBUG] __main__ — [transport] op128 chat=1400511 sender=240876353 attaches=1
2026-03-23 20:45:06 [DEBUG] __main__ — [transport] attach full={'_type': 'FILE', 'name': 'data.bin', 'size': 498, 'fileId': 2991688889, 'token': 'f9LHodD0cOIanymEmxTQzeswyvbfM3HrhmzrF5JG5z-BNSC9rHFXgmyY9JTqi73DMLGvBd05ErnqnWW0OsEw'}
2026-03-23 20:45:07 [DEBUG] __main__ — [transport] op88 fileId=2991688889 url=https://fd.oneme.ru/getfile?sig=9PiuiR-PxH0Xs9q3Kbqm4WcECv-eQsvXcAljxGZbMTim7eVVChPR_Xm00zkYp16YJPU4w3MJdK0g0_XZmHPmAg&expires=1774381506941&clientType=6&id=2991688889&userId=240002558
2026-03-23 20:45:07 [DEBUG] __main__ — [transport] upload ok  fileId=2983261638  size=583
2026-03-23 20:45:07 [DEBUG] __main__ — [transport] recv_file  fileId=2991688889  frames=2
2026-03-23 20:45:07 [DEBUG] __main__ — [transport] frame  action=data  id=641fdfb8  size=512
2026-03-23 20:45:07 [DEBUG] __main__ — [transport] frame  action=closed  id=641fdfb8  size=0
2026-03-23 20:45:07 [DEBUG] __main__ — [641fdfb8] <- data #2  382B  seq=1  (rx=2853B)
2026-03-23 20:45:07 [DEBUG] __main__ — [641fdfb8] <- closed by server
2026-03-23 20:45:07 [DEBUG] __main__ — [641fdfb8] local EOF
2026-03-23 20:45:07 [INFO] __main__ — DONE ds4.probe.whatismyipaddress.com:443 [641fdfb8] | ↑2824B/2f (0.5 КБ/с)  ↓2853B/2f (0.5 КБ/с)  6.1s
2026-03-23 20:45:07 [INFO] __main__ — SOCKS5 → ds4.probe.whatismyipaddress.com:443
2026-03-23 20:45:07 [DEBUG] __main__ — [transport] batch flush  frames=2  total=162B
2026-03-23 20:45:07 [DEBUG] __main__ — [transport] op128 chat=1400511 sender=240876353 attaches=1
2026-03-23 20:45:07 [DEBUG] __main__ — [transport] attach full={'_type': 'FILE', 'name': 'data.bin', 'size': 3613, 'fileId': 2987754527, 'token': 'f9LHodD0cOLllnYHwnlZnsxiG3Dy8d4R31fsqCIr2J3T1d9WRXK83pfbmin8d8aGpmDIlOM4oABBj3o_s4B8'}
2026-03-23 20:45:07 [DEBUG] __main__ — [transport] op88 fileId=2987754527 url=https://fd.oneme.ru/getfile?sig=RVJSAVTTZrkAONesNQHe6bn38y_8afYmDCKkjdkIGAKadPf5dOPk7wFw6M3I7m36gph0aFRztujVUiDTfG-yPA&expires=1774381507812&clientType=6&id=2987754527&userId=240002558
2026-03-23 20:45:08 [DEBUG] __main__ — [transport] upload ok  fileId=2990166596  size=162
2026-03-23 20:45:08 [DEBUG] __main__ — [transport] recv_file  fileId=2987754527  frames=2
2026-03-23 20:45:08 [DEBUG] __main__ — [transport] frame  action=data  id=68314881  size=3868
2026-03-23 20:45:08 [DEBUG] __main__ — [transport] frame  action=data  id=68314881  size=788
2026-03-23 20:45:08 [DEBUG] __main__ — [68314881] <- data #1  2900B  seq=0  (rx=2900B)
2026-03-23 20:45:08 [DEBUG] __main__ — [68314881] <- data #2  591B  seq=1  (rx=3491B)
2026-03-23 20:45:08 [DEBUG] __main__ — [68314881] -> #2  572B  seq=1
2026-03-23 20:45:08 [DEBUG] __main__ — [transport] batch flush  frames=1  total=635B
2026-03-23 20:45:08 [DEBUG] __main__ — [transport] op128 chat=1400511 sender=240876353 attaches=1
2026-03-23 20:45:08 [DEBUG] __main__ — [transport] attach full={'_type': 'FILE', 'name': 'data.bin', 'size': 285, 'fileId': 2983768979, 'token': 'f9LHodD0cOJJMkcuXQdEKv5IjbLsQCcvVyNRH4Z-RpzkqIBRZliGA5LM_mgaY4BRaIx-OswGOdPyiQbfRfXG'}
2026-03-23 20:45:08 [DEBUG] __main__ — [transport] op88 fileId=2983768979 url=https://fd.oneme.ru/getfile?sig=jJ3Mux_wP9Bk66eRo_wHR4UVY2Js7oFflbo8oGP7gRMR2GJ2miAIAM4hzagc-axoEqlkPinqiNF7EB1wHY2DuQ&expires=1774381508654&clientType=6&id=2983768979&userId=240002558
2026-03-23 20:45:09 [DEBUG] __main__ — [transport] recv_file  fileId=2983768979  frames=1
2026-03-23 20:45:09 [DEBUG] __main__ — [transport] frame  action=data  id=5b7ccb3a  size=296
2026-03-23 20:45:09 [DEBUG] __main__ — [5b7ccb3a] <- data #3  222B  seq=2  (rx=3317B)
2026-03-23 20:45:09 [DEBUG] __main__ — [5b7ccb3a] -> #3  31B  seq=2
2026-03-23 20:45:09 [DEBUG] __main__ — [transport] upload ok  fileId=2997082382  size=635
2026-03-23 20:45:09 [DEBUG] __main__ — [transport] batch flush  frames=1  total=94B
2026-03-23 20:45:09 [DEBUG] __main__ — [transport] op128 chat=1400511 sender=240876353 attaches=1
2026-03-23 20:45:09 [DEBUG] __main__ — [transport] attach full={'_type': 'FILE', 'name': 'data.bin', 'size': 1114, 'fileId': 2988902346, 'token': 'f9LHodD0cOKPHD9RheXAGfOjAos1N28IzKgWybsHFQL0gyXZdEO6jalI2EfxDjh2O5fuRHqdXyfXSgBSMK1o'}
2026-03-23 20:45:09 [DEBUG] __main__ — [transport] op88 fileId=2988902346 url=https://fd.oneme.ru/getfile?sig=6hw-niI9DHQv7-LGv5hhAFV5V_1eYCQSpr3BNbYvyKsCOTC99IjA1qIP0deenHlFkjuxYjIorWV4juGyDoQVig&expires=1774381509295&clientType=6&id=2988902346&userId=240002558
2026-03-23 20:45:09 [DEBUG] __main__ — [transport] recv_file  fileId=2988902346  frames=1
2026-03-23 20:45:09 [DEBUG] __main__ — [transport] frame  action=data  id=5b7ccb3a  size=1404
2026-03-23 20:45:09 [DEBUG] __main__ — [5b7ccb3a] <- data #4  1051B  seq=3  (rx=4368B)
2026-03-23 20:45:09 [DEBUG] __main__ — [transport] op128 chat=1400511 sender=240876353 attaches=1
2026-03-23 20:45:09 [DEBUG] __main__ — [transport] attach full={'_type': 'FILE', 'name': 'data.bin', 'size': 53, 'fileId': 2986657335, 'token': 'f9LHodD0cOJCU845kTyhSPQGLI-Zhh-8x9ZoZgyZf1hC672AIt5ug6dmj1uguvcNBSba-EDYn3icBy6iAyYC'}
2026-03-23 20:45:09 [DEBUG] __main__ — [transport] op88 fileId=2986657335 url=https://fd.oneme.ru/getfile?sig=4XVRKd_-FearDEzIya6bBzuqvvCyfcEg-li3KWkUF3h4yzx0N7IKelUFM2w1ZAPXVQnYsSzQ4fN59YWuvMERng&expires=1774381509888&clientType=6&id=2986657335&userId=240002558
2026-03-23 20:45:10 [DEBUG] __main__ — [transport] upload ok  fileId=2992914915  size=94
2026-03-23 20:45:10 [DEBUG] __main__ — [transport] recv_file  fileId=2986657335  frames=1
2026-03-23 20:45:10 [DEBUG] __main__ — [transport] frame  action=ok  id=cf9fed98  size=0
2026-03-23 20:45:10 [DEBUG] __main__ — [cf9fed98] <- ok
2026-03-23 20:45:10 [INFO] __main__ — tunnel ds4.probe.whatismyipaddress.com:443 [cf9fed98]  открыт за ~2959 мс
2026-03-23 20:45:10 [DEBUG] __main__ — [cf9fed98] -> #1  1884B  seq=0
2026-03-23 20:45:10 [DEBUG] __main__ — [transport] batch flush  frames=1  total=1947B
2026-03-23 20:45:10 [DEBUG] __main__ — [transport] op128 chat=1400511 sender=240876353 attaches=1
2026-03-23 20:45:10 [DEBUG] __main__ — [transport] attach full={'_type': 'FILE', 'name': 'data.bin', 'size': 1174, 'fileId': 2978735400, 'token': 'f9LHodD0cOKCBTcH3bUvCWE1kRJYmreHkUd85qMiWurwOnGC1hyOlJVfJYmvlFU_7LmS_nE_uLtW9yDPJpzz'}
2026-03-23 20:45:10 [DEBUG] __main__ — [transport] op88 fileId=2978735400 url=https://fd.oneme.ru/getfile?sig=1ODAACAdVoyH1oCLsne6iW-9cjKjKTmMDVQ-TF0DoFz24HsUFi8oo4uLiMi-H2T2wNlTgvvtDoB9k_Jds0hrdA&expires=1774381510627&clientType=6&id=2978735400&userId=240002558
2026-03-23 20:45:11 [DEBUG] __main__ — [transport] recv_file  fileId=2978735400  frames=2
2026-03-23 20:45:11 [DEBUG] __main__ — [transport] frame  action=data  id=68314881  size=716
2026-03-23 20:45:11 [DEBUG] __main__ — [transport] frame  action=data  id=68314881  size=688
2026-03-23 20:45:11 [DEBUG] __main__ — [68314881] <- data #3  537B  seq=2  (rx=4028B)
2026-03-23 20:45:11 [DEBUG] __main__ — [68314881] <- data #4  515B  seq=3  (rx=4543B)
2026-03-23 20:45:11 [DEBUG] __main__ — [68314881] -> #3  31B  seq=2
2026-03-23 20:45:11 [DEBUG] __main__ — [transport] batch flush  frames=1  total=94B
2026-03-23 20:45:11 [INFO] __main__ — SOCKS5 → api.omappapi.com:443
2026-03-23 20:45:11 [DEBUG] __main__ — [transport] batch flush  frames=1  total=95B
2026-03-23 20:45:11 [DEBUG] __main__ — [transport] upload ok  fileId=2992086958  size=1947
2026-03-23 20:45:12 [DEBUG] __main__ — [transport] upload ok  fileId=2988068569  size=94
2026-03-23 20:45:13 [DEBUG] __main__ — [transport] op128 chat=1400511 sender=240876353 attaches=1
2026-03-23 20:45:13 [DEBUG] __main__ — [transport] attach full={'_type': 'FILE', 'name': 'data.bin', 'size': 307, 'fileId': 2990988223, 'token': 'f9LHodD0cOIwuGxFR9AgiVf56CtwOwYotcfFbKS9MMWBNpQnHAgfF4h1i5L6pk8cdyS9MFL6UcRU7mpvfIm9'}
2026-03-23 20:45:13 [DEBUG] __main__ — [transport] op88 fileId=2990988223 url=https://fd.oneme.ru/getfile?sig=mLqtUjKLjNr83SKBOmO0f5iZOHLty70PuTw4U7CUDXUJFynhtfaisEFwwl-F1PJcfhEZ4ybxkGwYWu_FObyf2g&expires=1774381513076&clientType=6&id=2990988223&userId=240002558
2026-03-23 20:45:13 [DEBUG] __main__ — [ebffe76e] -> #7  168B  seq=6
2026-03-23 20:45:13 [DEBUG] __main__ — [transport] batch flush  frames=1  total=231B
2026-03-23 20:45:13 [DEBUG] __main__ — [transport] recv_file  fileId=2990988223  frames=1
2026-03-23 20:45:13 [DEBUG] __main__ — [transport] frame  action=data  id=cf9fed98  size=328
2026-03-23 20:45:13 [DEBUG] __main__ — [cf9fed98] <- data #1  244B  seq=0  (rx=244B)
2026-03-23 20:45:13 [DEBUG] __main__ — [cf9fed98] -> #2  1047B  seq=1
2026-03-23 20:45:13 [DEBUG] __main__ — [transport] upload ok  fileId=2989179190  size=95
2026-03-23 20:45:13 [DEBUG] __main__ — [transport] batch flush  frames=1  total=1110B
2026-03-23 20:45:15 [DEBUG] __main__ — [transport] upload ok  fileId=2991167562  size=231
2026-03-23 20:45:18 [DEBUG] __main__ — [transport] upload ok  fileId=2988994042  size=1110
2026-03-23 20:45:22 [DEBUG] __main__ — [transport:client] keepalive sent
2026-03-23 20:45:23 [DEBUG] __main__ — [ebffe76e] -> #8  51B  seq=7
2026-03-23 20:45:23 [INFO] __main__ — SOCKS5 → whatismyipaddress.com:443
2026-03-23 20:45:23 [DEBUG] __main__ — [ebffe76e] local EOF
2026-03-23 20:45:23 [DEBUG] __main__ — [transport] batch flush  frames=3  total=262B
2026-03-23 20:45:23 [INFO] __main__ — DONE whatismyipaddress.com:443 [ebffe76e] | ↑3429B/8f (0.1 КБ/с)  ↓46419B/19f (1.3 КБ/с)  35.5s
2026-03-23 20:45:28 [DEBUG] __main__ — [transport] batch flush  frames=3  total=160B
