2026-03-23 22:25:48 [INFO] __main__ — Сессия загружена из session.json  (viewerId=240002558)
2026-03-23 22:25:49 [INFO] __main__ — Авторизован [client], chatId=0
2026-03-23 22:25:50 [INFO] __main__ — Собеседник: Роберт  (userId=240876353)
2026-03-23 22:25:50 [INFO] __main__ — chatId = 240002558 XOR 240876353 = 1400511
2026-03-23 22:25:50 [INFO] __main__ — Отправили '.' → Роберт
2026-03-23 22:25:50 [INFO] __main__ — Получили '.' от Роберт — запускаем прокси!
2026-03-23 22:25:50 [INFO] __main__ — SOCKS5 прокси запущен  127.0.0.1:1080  server=Роберт  chat_id=1400511
2026-03-23 22:25:51 [INFO] __main__ — Авторизован [client], chatId=1400511
2026-03-23 22:25:55 [INFO] __main__ — SOCKS5 → 81.19.72.32:443
2026-03-23 22:25:55 [DEBUG] __main__ — [transport] batch flush  frames=1  total=90B
2026-03-23 22:25:56 [DEBUG] __main__ — [transport] upload ok  fileId=2990484999  size=90
2026-03-23 22:25:57 [DEBUG] __main__ — [transport] op128 chat=1400511 sender=240876353 attaches=1
2026-03-23 22:25:57 [DEBUG] __main__ — [transport] attach full={'_type': 'FILE', 'name': 'data.bin', 'size': 53, 'fileId': 2983289713, 'token': 'f9LHodD0cOJmHKlnj9LUw864iLG2vBEJfJNu0KAyG6R9OesMFKrO5-WsHWjBp8kL34tzPzf1NNnzRu-wZlG6'}
2026-03-23 22:25:57 [DEBUG] __main__ — [transport] op88 fileId=2983289713 url=https://fd.oneme.ru/getfile?sig=G4LGcOvGBJBxSk7RXUQ80ELewx7pm37HqP33Y-9xZ6uTFO37UDyBovre2AcGkRG52PrVyxFtZ4t-csVjK3sUPg&expires=1774387557705&clientType=6&id=2983289713&userId=240002558
2026-03-23 22:25:58 [DEBUG] __main__ — [transport] recv_file  fileId=2983289713  frames=1
2026-03-23 22:25:58 [DEBUG] __main__ — [transport] frame  action=ok  id=2bcbac4e  size=0
2026-03-23 22:25:58 [DEBUG] __main__ — [2bcbac4e] <- ok
2026-03-23 22:25:58 [INFO] __main__ — tunnel 81.19.72.32:443 [2bcbac4e]  открыт за ~2578 мс
2026-03-23 22:25:58 [DEBUG] __main__ — [2bcbac4e] -> #1  517B  seq=0
2026-03-23 22:25:58 [DEBUG] __main__ — [transport] batch flush  frames=1  total=580B
2026-03-23 22:25:58 [DEBUG] __main__ — [transport] upload ok  fileId=2992699424  size=580
2026-03-23 22:25:59 [DEBUG] __main__ — [transport] op128 chat=1400511 sender=240876353 attaches=1
2026-03-23 22:25:59 [DEBUG] __main__ — [transport] attach full={'_type': 'FILE', 'name': 'data.bin', 'size': 3802, 'fileId': 2990345540, 'token': 'f9LHodD0cOI44EtsCsciGCUK495iqHDK7C0PCcIKCOIP3BAWjGdim8H1aszLJr5xabzVY7wnYGHeZXTSf0Kw'}
2026-03-23 22:25:59 [DEBUG] __main__ — [transport] op88 fileId=2990345540 url=https://fd.oneme.ru/getfile?sig=dbRi-tvOYzslkkznwjwZ3GNglynGzo2EQJnpCmTAepWc7iIbSc6q7HCymp8PqMzcLJmCMMd_-alHOdNOO2mSxQ&expires=1774387559628&clientType=6&id=2990345540&userId=240002558
2026-03-23 22:25:59 [DEBUG] __main__ — [transport] recv_file  fileId=2990345540  frames=1
2026-03-23 22:25:59 [DEBUG] __main__ — [transport] frame  action=data  id=2bcbac4e  size=4988
2026-03-23 22:25:59 [DEBUG] __main__ — [2bcbac4e] <- data #1  3739B  seq=0  (rx=3739B)
2026-03-23 22:25:59 [DEBUG] __main__ — [2bcbac4e] -> #2  93B  seq=1
2026-03-23 22:25:59 [DEBUG] __main__ — [transport] batch flush  frames=1  total=156B
2026-03-23 22:26:00 [DEBUG] __main__ — [transport] upload ok  fileId=2978447753  size=156
2026-03-23 22:26:01 [DEBUG] __main__ — [transport] op128 chat=1400511 sender=240876353 attaches=1
2026-03-23 22:26:01 [DEBUG] __main__ — [transport] attach full={'_type': 'FILE', 'name': 'data.bin', 'size': 183, 'fileId': 2990988284, 'token': 'f9LHodD0cOKH3DPHlKeUuSGq9NB2BrKOpA04-5LczAygQevw5KwWxXjOcb80DedbOlmwfgCKl3EmBefElj8N'}
2026-03-23 22:26:01 [DEBUG] __main__ — [transport] op88 fileId=2990988284 url=https://fd.oneme.ru/getfile?sig=zWWX5RfCgjUFPmNXG-XLaNxDQmJtJhj83muNkDYP_5W7N4Jw4Au9C-ihrEext2EMAwWSnszwUhWxcNZLalumuA&expires=1774387561428&clientType=6&id=2990988284&userId=240002558
2026-03-23 22:26:01 [DEBUG] __main__ — [transport] recv_file  fileId=2990988284  frames=1
2026-03-23 22:26:01 [DEBUG] __main__ — [transport] frame  action=data  id=2bcbac4e  size=160
2026-03-23 22:26:01 [DEBUG] __main__ — [2bcbac4e] <- data #2  120B  seq=1  (rx=3859B)
2026-03-23 22:26:01 [DEBUG] __main__ — [2bcbac4e] -> #3  253B  seq=2
2026-03-23 22:26:01 [DEBUG] __main__ — [transport] batch flush  frames=1  total=316B
2026-03-23 22:26:01 [DEBUG] __main__ — [transport] upload ok  fileId=2987922310  size=316
2026-03-23 22:26:07 [DEBUG] __main__ — [transport] op128 chat=1400511 sender=240876353 attaches=1
2026-03-23 22:26:07 [DEBUG] __main__ — [transport] attach full={'_type': 'FILE', 'name': 'data.bin', 'size': 29023, 'fileId': 2993281361, 'token': 'f9LHodD0cOKFLzfTvqRFZnemOnj_t1xfUbUjchP_8TFAFcQAaYGJmuP5FXZ48YouxG_3ugKdU94vhUAx4BKh'}
2026-03-23 22:26:07 [DEBUG] __main__ — [transport] op88 fileId=2993281361 url=https://fd.oneme.ru/getfile?sig=vNPZf634yYv_WpdyASGXEH0AVa0W8OgdkOvugqSPJigCePb2XUx3tnLi2SbT6wwpefC8FWT37t-l7WF636KKFw&expires=1774387567933&clientType=6&id=2993281361&userId=240002558
2026-03-23 22:26:08 [DEBUG] __main__ — [transport] recv_file  fileId=2993281361  frames=1
2026-03-23 22:26:08 [DEBUG] __main__ — [transport] frame  action=data  id=2bcbac4e  size=38616
2026-03-23 22:26:08 [DEBUG] __main__ — [2bcbac4e] <- data #3  28960B  seq=3  (rx=32819B)
2026-03-23 22:26:16 [DEBUG] __main__ — [transport:client] keepalive sent
2026-03-23 22:26:39 [DEBUG] __main__ — [transport] batch flush  frames=1  total=56B
2026-03-23 22:26:39 [ERROR] asyncio — Unclosed connector
connections: ['[(<aiohttp.client_proto.ResponseHandler object at 0x777995179f00>, 80164.800694463)]', '[(<aiohttp.client_proto.ResponseHandler object at 0x777995179c60>, 80171.131470898)]']
connector: <aiohttp.connector.TCPConnector object at 0x77799515c9d0>
