2026-03-23 22:25:43 [INFO] __main__ — MAX Proxy SERVER запущен  viewer_id=240876353  api=https://telegram.mooner.pro/api/max/status  poll=30s
2026-03-23 22:25:43 [INFO] __main__ — Восстановлено 1 сессий из sessions.json
2026-03-23 22:25:43 [INFO] __main__ — [proxy:Андрей] WS подключение (chat_id=1400511)
2026-03-23 22:25:43 [INFO] __main__ — [poll] активных ссылок: 1
2026-03-23 22:25:43 [INFO] __main__ — Авторизован [server], chatId=1400511
2026-03-23 22:25:50 [DEBUG] __main__ — [transport] op128 chat=1400511 sender=240002558 attaches=0
2026-03-23 22:25:50 [DEBUG] __main__ — [proxy:Андрей] msg chat=1400511 sender=240002558 text='.'
2026-03-23 22:25:50 [INFO] __main__ — [proxy:Андрей] получили '.' от 240002558, отвечаем '.'
2026-03-23 22:25:56 [DEBUG] __main__ — [transport] op128 chat=1400511 sender=240002558 attaches=1
2026-03-23 22:25:56 [DEBUG] __main__ — [transport] attach full={'_type': 'FILE', 'name': 'data.bin', 'size': 90, 'fileId': 2990484999, 'token': 'f9LHodD0cOL8f9h0RCxCT8X57D4yQasiqTO10b9MeDnX8m2vff6Zl_BNvllQgWJWVdf_gcQaBTLKMkb5faCR'}
2026-03-23 22:25:56 [DEBUG] __main__ — [transport] op88 fileId=2990484999 url=https://fd.oneme.ru/getfile?sig=SJ0exBE-faW0zjkI7LxKhtnBclbwQYbyKjYCp_6VIqdv6RXuXjqFOIr7bN5yamX93hLcI41Uj5YJ2crZF_bzMQ&expires=1774387556669&clientType=6&id=2990484999&userId=240876353
2026-03-23 22:25:56 [DEBUG] __main__ — [transport] recv_file  fileId=2990484999  frames=1
2026-03-23 22:25:56 [DEBUG] __main__ — [transport] frame  action=connect  id=2bcbac4e  size=0
2026-03-23 22:25:56 [INFO] __main__ — [2bcbac4e] CONNECT → 81.19.72.32:443
2026-03-23 22:25:56 [INFO] __main__ — [2bcbac4e] TCP connected → 81.19.72.32:443  (36 мс)
2026-03-23 22:25:56 [DEBUG] __main__ — [transport] batch flush  frames=1  total=53B
2026-03-23 22:25:57 [DEBUG] __main__ — [transport] upload ok  fileId=2983289713  size=53
2026-03-23 22:25:58 [DEBUG] __main__ — [transport] op128 chat=1400511 sender=240002558 attaches=1
2026-03-23 22:25:58 [DEBUG] __main__ — [transport] attach full={'_type': 'FILE', 'name': 'data.bin', 'size': 580, 'fileId': 2992699424, 'token': 'f9LHodD0cOL2h8iKUoyBCeeb32tySdmTsD2H6cOGGD1JUdIXXtmN219hAa6lE3IH_SYMvugd8X9KlJPkmnHH'}
2026-03-23 22:25:58 [DEBUG] __main__ — [transport] op88 fileId=2992699424 url=https://fd.oneme.ru/getfile?sig=06MqV54BohYr9zKWU5RspRPIqXye1SnSXZ_TONgJqO3xv-f5weXHCXzKI3jo3dvfDDhDDf-TgVKeSluDEZ0E1Q&expires=1774387558829&clientType=6&id=2992699424&userId=240876353
2026-03-23 22:25:58 [DEBUG] __main__ — [transport] recv_file  fileId=2992699424  frames=1
2026-03-23 22:25:58 [DEBUG] __main__ — [transport] frame  action=data  id=2bcbac4e  size=692
2026-03-23 22:25:58 [DEBUG] __main__ — [2bcbac4e] <- data #1  517B  seq=0  (rx=517B)
2026-03-23 22:25:58 [DEBUG] __main__ — [2bcbac4e] wrote 517B to remote
2026-03-23 22:25:58 [DEBUG] __main__ — [2bcbac4e] -> #1  3739B  seq=0  (tx=3739B)
2026-03-23 22:25:58 [DEBUG] __main__ — [transport] batch flush  frames=1  total=3802B
2026-03-23 22:25:59 [DEBUG] __main__ — [transport] upload ok  fileId=2990345540  size=3802
2026-03-23 22:26:00 [DEBUG] __main__ — [transport] op128 chat=1400511 sender=240002558 attaches=1
2026-03-23 22:26:00 [DEBUG] __main__ — [transport] attach full={'_type': 'FILE', 'name': 'data.bin', 'size': 156, 'fileId': 2978447753, 'token': 'f9LHodD0cOLUHUw75LBJgq49pyVxdO1xJFXC37EAQHzzgbpNUPlhjqDq0ULU2UEcOkHGD_GGo1T_4rsB0PNn'}
2026-03-23 22:26:00 [DEBUG] __main__ — [transport] op88 fileId=2978447753 url=https://fd.oneme.ru/getfile?sig=Qhdr4Hd8GVpUjt6Cicecb2cypNMsZZLUCS_p6ELyvZiT9B6umo8ZQ6JZcjWCvDN2nxRJ5kcy0ayeb9zOUauOrQ&expires=1774387560548&clientType=6&id=2978447753&userId=240876353
2026-03-23 22:26:00 [DEBUG] __main__ — [transport] recv_file  fileId=2978447753  frames=1
2026-03-23 22:26:00 [DEBUG] __main__ — [transport] frame  action=data  id=2bcbac4e  size=124
2026-03-23 22:26:00 [DEBUG] __main__ — [2bcbac4e] <- data #2  93B  seq=1  (rx=610B)
2026-03-23 22:26:00 [DEBUG] __main__ — [2bcbac4e] wrote 93B to remote
2026-03-23 22:26:00 [DEBUG] __main__ — [2bcbac4e] -> #2  120B  seq=1  (tx=3859B)
2026-03-23 22:26:00 [DEBUG] __main__ — [transport] batch flush  frames=1  total=183B
2026-03-23 22:26:00 [DEBUG] __main__ — [transport] upload ok  fileId=2990988284  size=183
2026-03-23 22:26:02 [DEBUG] __main__ — [transport] op128 chat=1400511 sender=240002558 attaches=1
2026-03-23 22:26:02 [DEBUG] __main__ — [transport] attach full={'_type': 'FILE', 'name': 'data.bin', 'size': 316, 'fileId': 2987922310, 'token': 'f9LHodD0cOJ4H6QjhFNoy48QAYsa18VM6_tiIA5emf7qQ1unlEm4-7LMwu7BRmfDgMBzEUJwkII-s3i7oSMk'}
2026-03-23 22:26:02 [DEBUG] __main__ — [transport] op88 fileId=2987922310 url=https://fd.oneme.ru/getfile?sig=CWidYw_6zm_UGRutIXRRniSkld6kdLWzM7JbZrGBLQJX5smEAQFBSyMbc9jKSaZHa4vTy8yif_8q_yGvRciSxg&expires=1774387562423&clientType=6&id=2987922310&userId=240876353
2026-03-23 22:26:02 [DEBUG] __main__ — [transport] recv_file  fileId=2987922310  frames=1
2026-03-23 22:26:02 [DEBUG] __main__ — [transport] frame  action=data  id=2bcbac4e  size=340
2026-03-23 22:26:02 [DEBUG] __main__ — [2bcbac4e] <- data #3  253B  seq=2  (rx=863B)
2026-03-23 22:26:02 [DEBUG] __main__ — [2bcbac4e] wrote 253B to remote
2026-03-23 22:26:02 [DEBUG] __main__ — [2bcbac4e] -> #3  13860B  seq=2  (tx=17719B)
2026-03-23 22:26:02 [DEBUG] __main__ — [transport] batch flush  frames=1  total=13923B
2026-03-23 22:26:02 [DEBUG] __main__ — [2bcbac4e] -> #4  28960B  seq=3  (tx=46679B)
2026-03-23 22:26:02 [DEBUG] __main__ — [transport] batch flush  frames=1  total=29023B
2026-03-23 22:26:02 [DEBUG] __main__ — [2bcbac4e] -> #5  57920B  seq=4  (tx=104599B)
2026-03-23 22:26:02 [DEBUG] __main__ — [transport] batch flush  frames=1  total=57983B
2026-03-23 22:26:02 [DEBUG] __main__ — [2bcbac4e] -> #6  43629B  seq=5  (tx=148228B)
2026-03-23 22:26:02 [DEBUG] __main__ — [transport] batch flush  frames=1  total=43692B
2026-03-23 22:26:02 [DEBUG] __main__ — [transport] upload ok  fileId=2993281361  size=29023
2026-03-23 22:26:02 [DEBUG] __main__ — [transport] upload ok  fileId=2990104948  size=57983
2026-03-23 22:26:03 [DEBUG] __main__ — [transport] upload ok  fileId=2988830500  size=43692
2026-03-23 22:26:07 [WARNING] __main__ — [transport] op136 timeout — всё равно отправляем
2026-03-23 22:26:08 [DEBUG] __main__ — [transport:server] keepalive sent
2026-03-23 22:26:12 [ERROR] __main__ — [transport] upload slot timeout
2026-03-23 22:26:13 [INFO] __main__ — [poll] активных ссылок: 1
2026-03-23 22:26:33 [DEBUG] __main__ — [transport:server] keepalive sent
2026-03-23 22:26:41 [INFO] __main__ — [2bcbac4e] pipe done | rx=863B/3f (0.0 КБ/с)  tx=148228B/6f (3.2 КБ/с)  44.7s
2026-03-23 22:26:41 [DEBUG] __main__ — [2bcbac4e] socket closed
2026-03-23 22:26:41 [DEBUG] __main__ — [transport] batch flush  frames=1  total=57B
2026-03-23 22:26:41 [INFO] __main__ — [proxy:Андрей] остановлен
2026-03-23 22:26:41 [ERROR] asyncio — Unclosed client session
client_session: <aiohttp.client.ClientSession object at 0x7f3d98e44310>
2026-03-23 22:26:41 [ERROR] asyncio — Unclosed connector
connections: ['deque([(<aiohttp.client_proto.ResponseHandler object at 0x7f3d98f5e920>, 32748709.046210986)])', 'deque([(<aiohttp.client_proto.ResponseHandler object at 0x7f3d98e59ae0>, 32748709.4609501), (<aiohttp.client_proto.ResponseHandler object at 0x7f3d98e59e40>, 32748709.735965133)])']
connector: <aiohttp.connector.TCPConnector object at 0x7f3d98f7f550>
2026-03-23 22:26:41 [ERROR] asyncio — Fatal error on SSL transport
protocol: <asyncio.sslproto.SSLProtocol object at 0x7f3d98e46ec0>
transport: <_SelectorSocketTransport closing fd=11>
Traceback (most recent call last):
  File "/usr/lib/python3.10/asyncio/selector_events.py", line 924, in write
    n = self._sock.send(data)
OSError: [Errno 9] Bad file descriptor

During handling of the above exception, another exception occurred:

Traceback (most recent call last):
  File "/usr/lib/python3.10/asyncio/sslproto.py", line 690, in _process_write_backlog
    self._transport.write(chunk)
  File "/usr/lib/python3.10/asyncio/selector_events.py", line 930, in write
    self._fatal_error(exc, 'Fatal write error on socket transport')
  File "/usr/lib/python3.10/asyncio/selector_events.py", line 725, in _fatal_error
    self._force_close(exc)
  File "/usr/lib/python3.10/asyncio/selector_events.py", line 737, in _force_close
    self._loop.call_soon(self._call_connection_lost, exc)
  File "/usr/lib/python3.10/asyncio/base_events.py", line 753, in call_soon
    self._check_closed()
  File "/usr/lib/python3.10/asyncio/base_events.py", line 515, in _check_closed
    raise RuntimeError('Event loop is closed')
RuntimeError: Event loop is closed
2026-03-23 22:26:41 [ERROR] asyncio — Fatal error on SSL transport
protocol: <asyncio.sslproto.SSLProtocol object at 0x7f3d98e46500>
transport: <_SelectorSocketTransport closing fd=9>
Traceback (most recent call last):
  File "/usr/lib/python3.10/asyncio/selector_events.py", line 924, in write
    n = self._sock.send(data)
OSError: [Errno 9] Bad file descriptor

During handling of the above exception, another exception occurred:

Traceback (most recent call last):
  File "/usr/lib/python3.10/asyncio/sslproto.py", line 690, in _process_write_backlog
    self._transport.write(chunk)
  File "/usr/lib/python3.10/asyncio/selector_events.py", line 930, in write
    self._fatal_error(exc, 'Fatal write error on socket transport')
  File "/usr/lib/python3.10/asyncio/selector_events.py", line 725, in _fatal_error
    self._force_close(exc)
  File "/usr/lib/python3.10/asyncio/selector_events.py", line 737, in _force_close
    self._loop.call_soon(self._call_connection_lost, exc)
  File "/usr/lib/python3.10/asyncio/base_events.py", line 753, in call_soon
    self._check_closed()
  File "/usr/lib/python3.10/asyncio/base_events.py", line 515, in _check_closed
    raise RuntimeError('Event loop is closed')
RuntimeError: Event loop is closed
2026-03-23 22:26:41 [ERROR] asyncio — Fatal error on SSL transport
protocol: <asyncio.sslproto.SSLProtocol object at 0x7f3d98e47490>
transport: <_SelectorSocketTransport closing fd=8>
Traceback (most recent call last):
  File "/usr/lib/python3.10/asyncio/selector_events.py", line 924, in write
    n = self._sock.send(data)
OSError: [Errno 9] Bad file descriptor

During handling of the above exception, another exception occurred:

Traceback (most recent call last):
  File "/usr/lib/python3.10/asyncio/sslproto.py", line 690, in _process_write_backlog
    self._transport.write(chunk)
  File "/usr/lib/python3.10/asyncio/selector_events.py", line 930, in write
    self._fatal_error(exc, 'Fatal write error on socket transport')
  File "/usr/lib/python3.10/asyncio/selector_events.py", line 725, in _fatal_error
    self._force_close(exc)
  File "/usr/lib/python3.10/asyncio/selector_events.py", line 737, in _force_close
    self._loop.call_soon(self._call_connection_lost, exc)
  File "/usr/lib/python3.10/asyncio/base_events.py", line 753, in call_soon
    self._check_closed()
  File "/usr/lib/python3.10/asyncio/base_events.py", line 515, in _check_closed
    raise RuntimeError('Event loop is closed')
RuntimeError: Event loop is closed
