2026-03-23 20:15:52 [INFO] __main__ — MAX Proxy SERVER запущен  viewer_id=240876353  api=https://telegram.mooner.pro/api/max/status  poll=30s
2026-03-23 20:15:52 [INFO] __main__ — Восстановлено 1 сессий из sessions.json
2026-03-23 20:15:52 [INFO] __main__ — [proxy:Андрей] WS подключение (chat_id=1400511)
2026-03-23 20:15:52 [INFO] __main__ — [poll] активных ссылок: 1
2026-03-23 20:15:52 [INFO] __main__ — Авторизован [server], chatId=1400511
2026-03-23 20:16:02 [DEBUG] __main__ — [transport] op128 chat=1400511 sender=240002558 attaches=0
2026-03-23 20:16:02 [DEBUG] __main__ — [transport] op128 chat=1400511 sender=240876353 attaches=0
2026-03-23 20:16:02 [DEBUG] __main__ — [proxy:Андрей] msg chat=1400511 sender=240002558 text='.'
2026-03-23 20:16:02 [INFO] __main__ — [proxy:Андрей] получили '.' от 240002558, отвечаем '.'
2026-03-23 20:16:02 [DEBUG] __main__ — [proxy:Андрей] msg chat=1400511 sender=240876353 text='.'
2026-03-23 20:16:08 [DEBUG] __main__ — [transport] op128 chat=1400511 sender=240002558 attaches=1
2026-03-23 20:16:08 [DEBUG] __main__ — [transport] attach full={'_type': 'FILE', 'name': 'data.bin', 'size': 90, 'fileId': 2991913345, 'token': 'f9LHodD0cOLmUL-t-8CS2y-LqzzBvggU4jQpoL_0-fTPOGSnvlop6wg1q8feOAGF952i3u8J-XOJT9qICVWq'}
2026-03-23 20:16:08 [DEBUG] __main__ — [transport] op88 fileId=2991913345 url=https://fd.oneme.ru/getfile?sig=R-Qouf37t8lfdzLggVRpDhnMij6BBe8kwcaohgQaiZXikAMDtlBBIA8V0fdfBscwWHSTK_NtWxqVglz3sfDbJQ&expires=1774379768634&clientType=6&id=2991913345&userId=240876353
2026-03-23 20:16:08 [DEBUG] __main__ — [transport] recv_file  fileId=2991913345  frames=1
2026-03-23 20:16:08 [DEBUG] __main__ — [transport] frame  action=connect  id=6c74dff4  size=0
2026-03-23 20:16:08 [INFO] __main__ — [6c74dff4] CONNECT → 81.19.72.32:443
2026-03-23 20:16:08 [INFO] __main__ — [6c74dff4] TCP connected → 81.19.72.32:443  (38 мс)
2026-03-23 20:16:08 [DEBUG] __main__ — [transport] batch flush  frames=1  total=53B
2026-03-23 20:16:09 [DEBUG] __main__ — [transport] upload ok  fileId=2993577370  size=53
2026-03-23 20:16:11 [DEBUG] __main__ — [transport] op128 chat=1400511 sender=240002558 attaches=1
2026-03-23 20:16:11 [DEBUG] __main__ — [transport] attach full={'_type': 'FILE', 'name': 'data.bin', 'size': 580, 'fileId': 2983738215, 'token': 'f9LHodD0cOJxWD9GkZb5bOb3OYGnyXBW7gb6kKtlzvst8wCoxl4u52hj1XN4XWT758vhMrOX0-I9dpGkwn25'}
2026-03-23 20:16:11 [DEBUG] __main__ — [transport] op88 fileId=2983738215 url=https://fd.oneme.ru/getfile?sig=aB_e0GUIudv2AroY5PbiIM0sowDeayxeylP0bwZTtgDMOi6InNclNet-1o2WuSKEbdu55jtGRtWlat1thtRHDQ&expires=1774379771589&clientType=6&id=2983738215&userId=240876353
2026-03-23 20:16:11 [DEBUG] __main__ — [transport] recv_file  fileId=2983738215  frames=1
2026-03-23 20:16:11 [DEBUG] __main__ — [transport] frame  action=data  id=6c74dff4  size=692
2026-03-23 20:16:11 [DEBUG] __main__ — [6c74dff4] <- data #1  517B  seq=0  (rx=517B)
2026-03-23 20:16:11 [DEBUG] __main__ — [6c74dff4] wrote 517B to remote
2026-03-23 20:16:11 [DEBUG] __main__ — [6c74dff4] -> #1  2900B  seq=0  (tx=2900B)
2026-03-23 20:16:11 [DEBUG] __main__ — [6c74dff4] -> #2  839B  seq=1  (tx=3739B)
2026-03-23 20:16:11 [DEBUG] __main__ — [transport] batch flush  frames=2  total=3861B
2026-03-23 20:16:12 [DEBUG] __main__ — [transport] upload ok  fileId=2988158446  size=3861
2026-03-23 20:16:14 [DEBUG] __main__ — [transport] op128 chat=1400511 sender=240002558 attaches=1
2026-03-23 20:16:14 [DEBUG] __main__ — [transport] attach full={'_type': 'FILE', 'name': 'data.bin', 'size': 156, 'fileId': 2980459120, 'token': 'f9LHodD0cOIVlq1Hr4smc9GAW90B1DeGuZDiwZSy7T_8TjVM1cO8-fwvNuR1wW26YjTMNxdlt10ahxe4QE2n'}
2026-03-23 20:16:14 [DEBUG] __main__ — [transport] op88 fileId=2980459120 url=https://fd.oneme.ru/getfile?sig=vvB_dCo5FjPBvySycRCFkJMbnTBs-N0MCmKjY-6GAmPldRgBEpDmyTrmhP6ElWqeIHdl04abfbAbN7r2YJjXsg&expires=1774379774270&clientType=6&id=2980459120&userId=240876353
2026-03-23 20:16:14 [DEBUG] __main__ — [transport] recv_file  fileId=2980459120  frames=1
2026-03-23 20:16:14 [DEBUG] __main__ — [transport] frame  action=data  id=6c74dff4  size=124
2026-03-23 20:16:14 [DEBUG] __main__ — [6c74dff4] <- data #2  93B  seq=1  (rx=610B)
2026-03-23 20:16:14 [DEBUG] __main__ — [6c74dff4] wrote 93B to remote
2026-03-23 20:16:14 [DEBUG] __main__ — [6c74dff4] -> #3  120B  seq=2  (tx=3859B)
2026-03-23 20:16:14 [DEBUG] __main__ — [transport] batch flush  frames=1  total=183B
2026-03-23 20:16:14 [DEBUG] __main__ — [transport] upload ok  fileId=2983039345  size=183
2026-03-23 20:16:16 [DEBUG] __main__ — [transport] op128 chat=1400511 sender=240002558 attaches=1
2026-03-23 20:16:16 [DEBUG] __main__ — [transport] attach full={'_type': 'FILE', 'name': 'data.bin', 'size': 316, 'fileId': 2986440423, 'token': 'f9LHodD0cOKG-YfcAbZYzQDpBKD1sqv85hpMe9Phg8_yn3KhMNA1wv6qi8_J95n9yq5QkTIZsxhUK1fnAx79'}
2026-03-23 20:16:16 [DEBUG] __main__ — [transport] op88 fileId=2986440423 url=https://fd.oneme.ru/getfile?sig=47vHj5HMtG6V5dKERhqJMqQKI08Q1DlP8ZKdFyzW5vQ1CZSR92jsshFCUWaTJP0qaGyRDl2ghKoG9W9E93jsKw&expires=1774379776918&clientType=6&id=2986440423&userId=240876353
2026-03-23 20:16:17 [DEBUG] __main__ — [transport] recv_file  fileId=2986440423  frames=1
2026-03-23 20:16:17 [DEBUG] __main__ — [transport] frame  action=data  id=6c74dff4  size=340
2026-03-23 20:16:17 [DEBUG] __main__ — [6c74dff4] <- data #3  253B  seq=2  (rx=863B)
2026-03-23 20:16:17 [DEBUG] __main__ — [6c74dff4] wrote 253B to remote
2026-03-23 20:16:17 [DEBUG] __main__ — [6c74dff4] -> #4  2900B  seq=3  (tx=6759B)
2026-03-23 20:16:17 [DEBUG] __main__ — [6c74dff4] -> #5  2900B  seq=4  (tx=9659B)
2026-03-23 20:16:17 [DEBUG] __main__ — [6c74dff4] -> #6  2900B  seq=5  (tx=12559B)
2026-03-23 20:16:17 [DEBUG] __main__ — [6c74dff4] -> #7  2900B  seq=6  (tx=15459B)
2026-03-23 20:16:17 [DEBUG] __main__ — [6c74dff4] -> #8  2258B  seq=7  (tx=17717B)
2026-03-23 20:16:17 [DEBUG] __main__ — [6c74dff4] -> #9  2900B  seq=8  (tx=20617B)
2026-03-23 20:16:17 [DEBUG] __main__ — [6c74dff4] -> #10  2900B  seq=9  (tx=23517B)
2026-03-23 20:16:17 [DEBUG] __main__ — [6c74dff4] -> #11  2900B  seq=10  (tx=26417B)
2026-03-23 20:16:17 [DEBUG] __main__ — [6c74dff4] -> #12  2900B  seq=11  (tx=29317B)
2026-03-23 20:16:17 [DEBUG] __main__ — [6c74dff4] -> #13  2900B  seq=12  (tx=32217B)
2026-03-23 20:16:17 [DEBUG] __main__ — [6c74dff4] -> #14  2900B  seq=13  (tx=35117B)
2026-03-23 20:16:17 [DEBUG] __main__ — [6c74dff4] -> #15  2900B  seq=14  (tx=38017B)
2026-03-23 20:16:17 [DEBUG] __main__ — [6c74dff4] -> #16  2900B  seq=15  (tx=40917B)
2026-03-23 20:16:17 [DEBUG] __main__ — [6c74dff4] -> #17  2900B  seq=16  (tx=43817B)
2026-03-23 20:16:17 [DEBUG] __main__ — [transport] batch flush  frames=14  total=40795B
2026-03-23 20:16:17 [DEBUG] __main__ — [6c74dff4] -> #18  2860B  seq=17  (tx=46677B)
2026-03-23 20:16:17 [DEBUG] __main__ — [6c74dff4] -> #19  2900B  seq=18  (tx=49577B)
2026-03-23 20:16:17 [DEBUG] __main__ — [6c74dff4] -> #20  2900B  seq=19  (tx=52477B)
2026-03-23 20:16:17 [DEBUG] __main__ — [6c74dff4] -> #21  2900B  seq=20  (tx=55377B)
2026-03-23 20:16:17 [DEBUG] __main__ — [6c74dff4] -> #22  2900B  seq=21  (tx=58277B)
2026-03-23 20:16:17 [DEBUG] __main__ — [6c74dff4] -> #23  2900B  seq=22  (tx=61177B)
2026-03-23 20:16:17 [DEBUG] __main__ — [6c74dff4] -> #24  2900B  seq=23  (tx=64077B)
2026-03-23 20:16:17 [DEBUG] __main__ — [6c74dff4] -> #25  2900B  seq=24  (tx=66977B)
2026-03-23 20:16:17 [DEBUG] __main__ — [6c74dff4] -> #26  2900B  seq=25  (tx=69877B)
2026-03-23 20:16:17 [DEBUG] __main__ — [6c74dff4] -> #27  2900B  seq=26  (tx=72777B)
2026-03-23 20:16:17 [DEBUG] __main__ — [6c74dff4] -> #28  2900B  seq=27  (tx=75677B)
2026-03-23 20:16:17 [DEBUG] __main__ — [6c74dff4] -> #29  2900B  seq=28  (tx=78577B)
2026-03-23 20:16:17 [DEBUG] __main__ — [6c74dff4] -> #30  2900B  seq=29  (tx=81477B)
2026-03-23 20:16:17 [DEBUG] __main__ — [6c74dff4] -> #31  2900B  seq=30  (tx=84377B)
2026-03-23 20:16:17 [DEBUG] __main__ — [6c74dff4] -> #32  2900B  seq=31  (tx=87277B)
2026-03-23 20:16:17 [DEBUG] __main__ — [6c74dff4] -> #33  2900B  seq=32  (tx=90177B)
2026-03-23 20:16:17 [DEBUG] __main__ — [transport] batch flush  frames=16  total=47324B
2026-03-23 20:16:17 [DEBUG] __main__ — [6c74dff4] -> #34  2900B  seq=33  (tx=93077B)
2026-03-23 20:16:17 [DEBUG] __main__ — [6c74dff4] -> #35  2900B  seq=34  (tx=95977B)
2026-03-23 20:16:17 [DEBUG] __main__ — [6c74dff4] -> #36  2900B  seq=35  (tx=98877B)
2026-03-23 20:16:17 [DEBUG] __main__ — [6c74dff4] -> #37  2900B  seq=36  (tx=101777B)
2026-03-23 20:16:17 [DEBUG] __main__ — [6c74dff4] -> #38  2820B  seq=37  (tx=104597B)
2026-03-23 20:16:17 [DEBUG] __main__ — [6c74dff4] -> #39  2900B  seq=38  (tx=107497B)
2026-03-23 20:16:17 [DEBUG] __main__ — [6c74dff4] -> #40  2900B  seq=39  (tx=110397B)
2026-03-23 20:16:17 [DEBUG] __main__ — [6c74dff4] -> #41  2900B  seq=40  (tx=113297B)
2026-03-23 20:16:17 [DEBUG] __main__ — [6c74dff4] -> #42  2900B  seq=41  (tx=116197B)
2026-03-23 20:16:17 [DEBUG] __main__ — [6c74dff4] -> #43  2900B  seq=42  (tx=119097B)
2026-03-23 20:16:17 [DEBUG] __main__ — [6c74dff4] -> #44  2900B  seq=43  (tx=121997B)
2026-03-23 20:16:17 [DEBUG] __main__ — [6c74dff4] -> #45  2900B  seq=44  (tx=124897B)
2026-03-23 20:16:17 [DEBUG] __main__ — [6c74dff4] -> #46  2900B  seq=45  (tx=127797B)
2026-03-23 20:16:17 [DEBUG] __main__ — [6c74dff4] -> #47  2900B  seq=46  (tx=130697B)
2026-03-23 20:16:17 [DEBUG] __main__ — [6c74dff4] -> #48  2900B  seq=47  (tx=133597B)
2026-03-23 20:16:17 [DEBUG] __main__ — [6c74dff4] -> #49  2900B  seq=48  (tx=136497B)
2026-03-23 20:16:17 [DEBUG] __main__ — [transport] batch flush  frames=16  total=47284B
2026-03-23 20:16:17 [DEBUG] __main__ — [6c74dff4] -> #50  2900B  seq=49  (tx=139397B)
2026-03-23 20:16:17 [DEBUG] __main__ — [6c74dff4] -> #51  2900B  seq=50  (tx=142297B)
2026-03-23 20:16:17 [DEBUG] __main__ — [6c74dff4] -> #52  2900B  seq=51  (tx=145197B)
2026-03-23 20:16:17 [DEBUG] __main__ — [6c74dff4] -> #53  1667B  seq=52  (tx=146864B)
2026-03-23 20:16:17 [DEBUG] __main__ — [transport] batch flush  frames=4  total=10611B
2026-03-23 20:16:17 [DEBUG] __main__ — [transport:server] keepalive sent
2026-03-23 20:16:17 [DEBUG] __main__ — [transport] upload ok  fileId=2984552131  size=40795
2026-03-23 20:16:18 [DEBUG] __main__ — [transport] upload ok  fileId=2992761365  size=47324
2026-03-23 20:16:19 [DEBUG] __main__ — [transport] upload ok  fileId=2982487698  size=47284
2026-03-23 20:16:19 [DEBUG] __main__ — [transport] upload ok  fileId=2986402111  size=10611
2026-03-23 20:16:21 [DEBUG] __main__ — [transport] op128 chat=1400511 sender=240002558 attaches=1
2026-03-23 20:16:21 [DEBUG] __main__ — [transport] attach full={'_type': 'FILE', 'name': 'data.bin', 'size': 146, 'fileId': 2989943814, 'token': 'f9LHodD0cOL3UNu7Hc4WIPw-0zk_h4PK5vvipTwt8GDg3bmlltcKb8OSdFfdvDVcuih2gp-iGrHKBihTNdKB'}
2026-03-23 20:16:21 [DEBUG] __main__ — [transport] op88 fileId=2989943814 url=https://fd.oneme.ru/getfile?sig=0vw0t-HjbQa_1AeUAq8mjNZVhNYzynk4HZRlbotXQ8nx9YOSOcJpbhsNbHhMYDv7z8iUyousKVerCUybN29kTQ&expires=1774379781639&clientType=6&id=2989943814&userId=240876353
2026-03-23 20:16:21 [DEBUG] __main__ — [transport] recv_file  fileId=2989943814  frames=2
2026-03-23 20:16:21 [DEBUG] __main__ — [transport] frame  action=data  id=6c74dff4  size=44
2026-03-23 20:16:21 [DEBUG] __main__ — [transport] frame  action=close  id=6c74dff4  size=0
2026-03-23 20:16:21 [DEBUG] __main__ — [6c74dff4] <- data #4  31B  seq=3  (rx=894B)
2026-03-23 20:16:21 [DEBUG] __main__ — [6c74dff4] wrote 31B to remote
2026-03-23 20:16:21 [INFO] __main__ — [6c74dff4] закрытие по запросу клиента
2026-03-23 20:16:21 [DEBUG] __main__ — [6c74dff4] socket closed
2026-03-23 20:16:21 [DEBUG] __main__ — [6c74dff4] remote EOF
2026-03-23 20:16:21 [INFO] __main__ — [6c74dff4] pipe done | rx=0B/0f (0.0 КБ/с)  tx=0B/0f (0.0 КБ/с)  0.0s
2026-03-23 20:16:22 [INFO] __main__ — [poll] активных ссылок: 1
2026-03-23 20:16:36 [DEBUG] __main__ — [transport] op128 chat=1400511 sender=240002558 attaches=1
2026-03-23 20:16:36 [DEBUG] __main__ — [transport] attach full={'_type': 'FILE', 'name': 'data.bin', 'size': 100, 'fileId': 2986432986, 'token': 'f9LHodD0cOITeM7XfiENAnqoCGRWYrz_onx8qMuDpnBcDvaNz0gLzVuQaoVHYQIN7YvSE_GjbSFjSNuoIGCT'}
2026-03-23 20:16:36 [DEBUG] __main__ — [transport] op88 fileId=2986432986 url=https://fd.oneme.ru/getfile?sig=b_TPv8kozDnOzGt0ATYBUeEosz2nGCT5eYGnwW4XYGcv3coPJO7vdTSzoUeb0fFEkM1wck9ONCvdhDLLACXqNw&expires=1774379796692&clientType=6&id=2986432986&userId=240876353
2026-03-23 20:16:36 [DEBUG] __main__ — [transport] recv_file  fileId=2986432986  frames=1
2026-03-23 20:16:36 [DEBUG] __main__ — [transport] frame  action=connect  id=7b3a6b22  size=0
2026-03-23 20:16:36 [INFO] __main__ — [7b3a6b22] CONNECT → whatismyipaddress.com:443
2026-03-23 20:16:36 [INFO] __main__ — [7b3a6b22] TCP connected → whatismyipaddress.com:443  (20 мс)
2026-03-23 20:16:36 [DEBUG] __main__ — [transport] batch flush  frames=1  total=53B
2026-03-23 20:16:37 [DEBUG] __main__ — [transport] upload ok  fileId=2990508525  size=53
2026-03-23 20:16:39 [DEBUG] __main__ — [transport] op128 chat=1400511 sender=240002558 attaches=1
2026-03-23 20:16:39 [DEBUG] __main__ — [transport] attach full={'_type': 'FILE', 'name': 'data.bin', 'size': 1794, 'fileId': 2985956534, 'token': 'f9LHodD0cOJlMg84g3drNS_nP5G-wnt_fIQkPmJg15qvoMqD15OKhh1zlKSbf5QQDlbuK_wGK6ilZ-o7c7Hl'}
2026-03-23 20:16:39 [DEBUG] __main__ — [transport] op88 fileId=2985956534 url=https://fd.oneme.ru/getfile?sig=8suoSzMLTMiwC7WbsyG5iJ0GzdkdNPqnkxGvF5cKuXakC30Afja_XpHFsp16RW6ZqsnHGKCNhsFRt4aChqER0g&expires=1774379799151&clientType=6&id=2985956534&userId=240876353
2026-03-23 20:16:39 [DEBUG] __main__ — [transport] recv_file  fileId=2985956534  frames=1
2026-03-23 20:16:39 [DEBUG] __main__ — [transport] frame  action=data  id=7b3a6b22  size=2308
2026-03-23 20:16:39 [DEBUG] __main__ — [7b3a6b22] <- data #1  1731B  seq=0  (rx=1731B)
2026-03-23 20:16:39 [DEBUG] __main__ — [7b3a6b22] wrote 1731B to remote
2026-03-23 20:16:39 [DEBUG] __main__ — [7b3a6b22] -> #1  2900B  seq=0  (tx=2900B)
2026-03-23 20:16:39 [DEBUG] __main__ — [7b3a6b22] -> #2  587B  seq=1  (tx=3487B)
2026-03-23 20:16:39 [DEBUG] __main__ — [transport] batch flush  frames=2  total=3609B
2026-03-23 20:16:39 [DEBUG] __main__ — [transport] upload ok  fileId=2985770363  size=3609
2026-03-23 20:16:41 [DEBUG] __main__ — [transport] op128 chat=1400511 sender=240002558 attaches=1
2026-03-23 20:16:41 [DEBUG] __main__ — [transport] attach full={'_type': 'FILE', 'name': 'data.bin', 'size': 1205, 'fileId': 2985079211, 'token': 'f9LHodD0cOIcXk61gwgOLDVmTkXfbD4244Kwx652MESilieYKoZOzGE4J_mElzKondYbRcXK_bKcMdkd1MIk'}
2026-03-23 20:16:41 [DEBUG] __main__ — [transport] op88 fileId=2985079211 url=https://fd.oneme.ru/getfile?sig=zAC7gQcfWj3W88UDDO1yrYw-Q1Q_ouLiha7INukUwUSJUQU-MV04XtZoE8Nl_O2jpPSiwEdZgL_qbAeoPsXsmQ&expires=1774379801799&clientType=6&id=2985079211&userId=240876353
2026-03-23 20:16:42 [DEBUG] __main__ — [transport] recv_file  fileId=2985079211  frames=1
2026-03-23 20:16:42 [DEBUG] __main__ — [transport] frame  action=data  id=7b3a6b22  size=1524
2026-03-23 20:16:42 [DEBUG] __main__ — [7b3a6b22] <- data #2  1142B  seq=1  (rx=2873B)
2026-03-23 20:16:42 [DEBUG] __main__ — [7b3a6b22] wrote 1142B to remote
2026-03-23 20:16:42 [DEBUG] __main__ — [7b3a6b22] -> #3  537B  seq=2  (tx=4024B)
2026-03-23 20:16:42 [DEBUG] __main__ — [transport] batch flush  frames=1  total=600B
2026-03-23 20:16:42 [DEBUG] __main__ — [7b3a6b22] -> #4  2900B  seq=3  (tx=6924B)
2026-03-23 20:16:42 [DEBUG] __main__ — [7b3a6b22] -> #5  2900B  seq=4  (tx=9824B)
2026-03-23 20:16:42 [DEBUG] __main__ — [7b3a6b22] -> #6  2900B  seq=5  (tx=12724B)
2026-03-23 20:16:42 [DEBUG] __main__ — [7b3a6b22] -> #7  2900B  seq=6  (tx=15624B)
2026-03-23 20:16:42 [DEBUG] __main__ — [7b3a6b22] -> #8  2900B  seq=7  (tx=18524B)
2026-03-23 20:16:42 [DEBUG] __main__ — [7b3a6b22] -> #9  2900B  seq=8  (tx=21424B)
2026-03-23 20:16:42 [DEBUG] __main__ — [7b3a6b22] -> #10  75B  seq=9  (tx=21499B)
2026-03-23 20:16:42 [DEBUG] __main__ — [transport] batch flush  frames=7  total=17892B
2026-03-23 20:16:42 [DEBUG] __main__ — [transport] upload ok  fileId=2987981529  size=600
2026-03-23 20:16:42 [DEBUG] __main__ — [transport:server] keepalive sent
2026-03-23 20:16:42 [DEBUG] __main__ — [transport] op128 chat=1400511 sender=240002558 attaches=1
2026-03-23 20:16:42 [DEBUG] __main__ — [transport] attach full={'_type': 'FILE', 'name': 'data.bin', 'size': 101, 'fileId': 2978931080, 'token': 'f9LHodD0cOLwWguX55iHSOWU3Os_zeA8V5RizPvjp-4jZGvPy3YhTJXLMRvegnK1-YxbGKbVHd2UFrRx0i5d'}
2026-03-23 20:16:42 [DEBUG] __main__ — [transport] upload ok  fileId=2983372361  size=17892
2026-03-23 20:16:43 [DEBUG] __main__ — [transport] op128 chat=1400511 sender=240002558 attaches=1
2026-03-23 20:16:43 [DEBUG] __main__ — [transport] attach full={'_type': 'FILE', 'name': 'data.bin', 'size': 95, 'fileId': 2989521561, 'token': 'f9LHodD0cOKp9_g2otB3RQGsqYft52ao5EwBXDCvhv6Sc7fG-7IsJYpc_Dki5e_G40AHPv3_O-GwXF4oWTJu'}
2026-03-23 20:16:45 [DEBUG] __main__ — [transport] op128 chat=1400511 sender=240002558 attaches=1
2026-03-23 20:16:45 [DEBUG] __main__ — [transport] attach full={'_type': 'FILE', 'name': 'data.bin', 'size': 94, 'fileId': 2989092150, 'token': 'f9LHodD0cOJxYm_mm--ehR1Tzli765xgI99SMjEmherJNsGcYDbUS2a58ruZcN5xoQzU4KBTHVvUCOsLzYU8'}
2026-03-23 20:16:46 [DEBUG] __main__ — [transport] op128 chat=1400511 sender=240002558 attaches=1
2026-03-23 20:16:46 [DEBUG] __main__ — [transport] attach full={'_type': 'FILE', 'name': 'data.bin', 'size': 338, 'fileId': 2992587102, 'token': 'f9LHodD0cOKuhXoJ5X2XIwojJAQnOiAUCqOffJWUSxeL4hFo-Lw1jrcvb8eAZCUTihY7mRoLr0oZwZBVgFSl'}
2026-03-23 20:16:52 [INFO] __main__ — [poll] активных ссылок: 1
2026-03-23 20:16:52 [ERROR] __main__ — [transport] op88 timeout fileId=2978931080
2026-03-23 20:16:54 [ERROR] __main__ — [transport] op88 timeout fileId=2989521561
2026-03-23 20:16:55 [ERROR] __main__ — [transport] op88 timeout fileId=2989092150
2026-03-23 20:16:56 [ERROR] __main__ — [transport] op88 timeout fileId=2992587102
2026-03-23 20:16:58 [DEBUG] __main__ — [transport] op128 chat=1400511 sender=240002558 attaches=1
2026-03-23 20:16:58 [DEBUG] __main__ — [transport] attach full={'_type': 'FILE', 'name': 'data.bin', 'size': 93, 'fileId': 2987519722, 'token': 'f9LHodD0cOJIGZQ2MIhXwxTGOz-Tz4iklfgHj3zjWJyHXrLRQV915CgbPxjlZ4BxgViTJ5Fxqbdct3uq0VpT'}
2026-03-23 20:17:02 [DEBUG] __main__ — [transport] op128 chat=1400511 sender=240002558 attaches=1
2026-03-23 20:17:02 [DEBUG] __main__ — [transport] attach full={'_type': 'FILE', 'name': 'data.bin', 'size': 101, 'fileId': 2990896575, 'token': 'f9LHodD0cOJQepFZmJdfAH3KiRSOhH5DNVYVFFQUng5ZwPR60cPmcSiVstlG7PU3I-TrczUFBjERcQeY8LRK'}
2026-03-23 20:17:02 [DEBUG] __main__ — [transport] op128 chat=1400511 sender=240002558 attaches=1
2026-03-23 20:17:02 [DEBUG] __main__ — [transport] attach full={'_type': 'FILE', 'name': 'data.bin', 'size': 95, 'fileId': 2984194255, 'token': 'f9LHodD0cOKaM-toL7y0b5xokm-le6Y40zSLce21_BFlol47vLDMuYJcvSOSsNBQdgVe7fHjkgIs05yakwS6'}
2026-03-23 20:17:03 [DEBUG] __main__ — [transport] op128 chat=1400511 sender=240002558 attaches=1
2026-03-23 20:17:03 [DEBUG] __main__ — [transport] attach full={'_type': 'FILE', 'name': 'data.bin', 'size': 95, 'fileId': 2993091873, 'token': 'f9LHodD0cOLzYVQCwq89mNLvPPgY0735HZLxvSBZLGfzuSe8_Bn9CGAUDOGjxjunsagpKgH8sJSocI0ByEWm'}
2026-03-23 20:17:05 [DEBUG] __main__ — [transport] op128 chat=1400511 sender=240002558 attaches=1
2026-03-23 20:17:05 [DEBUG] __main__ — [transport] attach full={'_type': 'FILE', 'name': 'data.bin', 'size': 110, 'fileId': 2992440864, 'token': 'f9LHodD0cOJfCx16_wWQ1ksEAW4ZoEhh6-amLIj3HN2p-XacpZBD_aA6IzxGjr87u0U3qodrXKv-d1zjEyU0'}
2026-03-23 20:17:07 [DEBUG] __main__ — [transport:server] keepalive sent
2026-03-23 20:17:08 [ERROR] __main__ — [transport] op88 timeout fileId=2987519722
2026-03-23 20:17:12 [ERROR] __main__ — [transport] op88 timeout fileId=2990896575
2026-03-23 20:17:12 [ERROR] __main__ — [transport] op88 timeout fileId=2984194255
2026-03-23 20:17:13 [ERROR] __main__ — [transport] op88 timeout fileId=2993091873
2026-03-23 20:17:15 [ERROR] __main__ — [transport] op88 timeout fileId=2992440864
2026-03-23 20:17:18 [DEBUG] __main__ — [transport] op128 chat=1400511 sender=240002558 attaches=1
2026-03-23 20:17:18 [DEBUG] __main__ — [transport] attach full={'_type': 'FILE', 'name': 'data.bin', 'size': 182, 'fileId': 2976939012, 'token': 'f9LHodD0cOKhMBrIYrfLUxxESGR-nKiRQcSUyUtZt6nVpBwjh7RxXVks-zNb7hwCQmvIlvaQU0tE0IRWzeiI'}
2026-03-23 20:17:22 [INFO] __main__ — [poll] активных ссылок: 1
2026-03-23 20:17:23 [DEBUG] __main__ — [transport] op128 chat=1400511 sender=240002558 attaches=1
2026-03-23 20:17:23 [DEBUG] __main__ — [transport] attach full={'_type': 'FILE', 'name': 'data.bin', 'size': 95, 'fileId': 2987562956, 'token': 'f9LHodD0cOI6pcAjg4gDjtFCMm8x7jHK7E8tgRMQRqNSmIkJWtrc6Vfb5S5Xd8UO25vuIMNq30TBgkf1U3jy'}
2026-03-23 20:17:24 [DEBUG] __main__ — [transport] op128 chat=1400511 sender=240002558 attaches=1
2026-03-23 20:17:24 [DEBUG] __main__ — [transport] attach full={'_type': 'FILE', 'name': 'data.bin', 'size': 95, 'fileId': 2988072211, 'token': 'f9LHodD0cOLtEy-D54LK5GoyrfsM0fZE10zrhMmRlG4eeYNVvv5J1x2hu3DOwDNwbuA6QOvOraGE_cXW7oXV'}
2026-03-23 20:17:25 [DEBUG] __main__ — [transport] op128 chat=1400511 sender=240002558 attaches=1
2026-03-23 20:17:25 [DEBUG] __main__ — [transport] attach full={'_type': 'FILE', 'name': 'data.bin', 'size': 110, 'fileId': 2990065230, 'token': 'f9LHodD0cOKHmQLMhbb_3vVCXZ-HDifuHTfBkFaL61IyAIQ-gHO0BiPg9AR8fXztBXJXyLPeDQMesv6yOFOJ'}
2026-03-23 20:17:28 [ERROR] __main__ — [transport] op88 timeout fileId=2976939012
2026-03-23 20:17:32 [DEBUG] __main__ — [transport:server] keepalive sent
2026-03-23 20:17:33 [ERROR] __main__ — [transport] op88 timeout fileId=2987562956
2026-03-23 20:17:34 [ERROR] __main__ — [transport] op88 timeout fileId=2988072211
2026-03-23 20:17:35 [INFO] __main__ — [7b3a6b22] pipe done | rx=2873B/2f (0.0 КБ/с)  tx=21499B/10f (0.4 КБ/с)  58.4s
2026-03-23 20:17:35 [DEBUG] __main__ — [7b3a6b22] socket closed
2026-03-23 20:17:35 [DEBUG] __main__ — [transport] batch flush  frames=1  total=57B
2026-03-23 20:17:35 [INFO] __main__ — [proxy:Андрей] остановлен
