2026-03-23 22:40:26 [INFO] __main__ — MAX Proxy SERVER запущен  viewer_id=240876353  api=https://telegram.mooner.pro/api/max/status  poll=30s
2026-03-23 22:40:26 [INFO] __main__ — Восстановлено 1 сессий из sessions.json
2026-03-23 22:40:26 [INFO] __main__ — [proxy:Андрей] WS подключение (chat_id=1400511)
2026-03-23 22:40:26 [INFO] __main__ — [poll] активных ссылок: 1
2026-03-23 22:40:27 [INFO] __main__ — Авторизован [server], chatId=1400511
2026-03-23 22:40:35 [DEBUG] __main__ — [transport] op128 chat=1400511 sender=240002558 attaches=0
2026-03-23 22:40:35 [DEBUG] __main__ — [proxy:Андрей] msg chat=1400511 sender=240002558 text='.'
2026-03-23 22:40:35 [INFO] __main__ — [proxy:Андрей] получили '.' от 240002558, отвечаем '.'
2026-03-23 22:40:38 [DEBUG] __main__ — [transport] op128 chat=1400511 sender=240002558 attaches=1
2026-03-23 22:40:38 [DEBUG] __main__ — [transport] attach full={'_type': 'FILE', 'name': 'data.bin', 'size': 90, 'fileId': 2984632228, 'token': 'f9LHodD0cOJOBQ6WLtOT-5iStWu0IRxTXqN85BJve6A7eNADtu9NnA2J-RotlBB9iirmeGyt_K3bxKAoRJGU'}
2026-03-23 22:40:38 [DEBUG] __main__ — [transport] op88 fileId=2984632228 url=https://fd.oneme.ru/getfile?sig=fMEMYRaW3g4m_w815zeZfuoYTbYZ23WshfycSGiXFVbxzXiLMf8mYhDvcMJftLmEB4CbCIjGB06lgVEs7iUfCA&expires=1774388438236&clientType=6&id=2984632228&userId=240876353
2026-03-23 22:40:38 [DEBUG] __main__ — [transport] recv_file  fileId=2984632228  frames=1
2026-03-23 22:40:38 [DEBUG] __main__ — [transport] frame  action=connect  id=50184a6d  size=0
2026-03-23 22:40:38 [INFO] __main__ — [50184a6d] CONNECT → 81.19.72.33:443
2026-03-23 22:40:38 [INFO] __main__ — [50184a6d] TCP connected → 81.19.72.33:443  (37 мс)
2026-03-23 22:40:38 [DEBUG] __main__ — [transport] batch flush  frames=1  total=53B
2026-03-23 22:40:38 [DEBUG] __main__ — [transport] upload ok  fileId=2993033493  size=53
2026-03-23 22:40:40 [DEBUG] __main__ — [transport] op128 chat=1400511 sender=240002558 attaches=1
2026-03-23 22:40:40 [DEBUG] __main__ — [transport] attach full={'_type': 'FILE', 'name': 'data.bin', 'size': 580, 'fileId': 2987616816, 'token': 'f9LHodD0cOKXegSt3WaRKvkZFx7OOLhAdZFJSwV20j0Bh1DkojsShbBY5dmqb_T7a14yeabUvpeOnVWEJnVV'}
2026-03-23 22:40:40 [DEBUG] __main__ — [transport] op88 fileId=2987616816 url=https://fd.oneme.ru/getfile?sig=mHIN26nZKeddf4H1LtmIYZc1HatUjomBVoNpJkzqGxZb8hIfHIKYlif0C86AF2828oQZaQnQbZaqGNIc6DsIrA&expires=1774388440492&clientType=6&id=2987616816&userId=240876353
2026-03-23 22:40:40 [DEBUG] __main__ — [transport] recv_file  fileId=2987616816  frames=1
2026-03-23 22:40:40 [DEBUG] __main__ — [transport] frame  action=data  id=50184a6d  size=692
2026-03-23 22:40:40 [DEBUG] __main__ — [50184a6d] <- data #1  517B  seq=0  (rx=517B)
2026-03-23 22:40:40 [DEBUG] __main__ — [50184a6d] wrote 517B to remote
2026-03-23 22:40:40 [DEBUG] __main__ — [50184a6d] -> #1  3739B  seq=0  (tx=3739B)
2026-03-23 22:40:40 [DEBUG] __main__ — [transport] batch flush  frames=1  total=3802B
2026-03-23 22:40:40 [DEBUG] __main__ — [transport] upload ok  fileId=2990239298  size=3802
2026-03-23 22:40:42 [DEBUG] __main__ — [transport] op128 chat=1400511 sender=240002558 attaches=1
2026-03-23 22:40:42 [DEBUG] __main__ — [transport] attach full={'_type': 'FILE', 'name': 'data.bin', 'size': 156, 'fileId': 2983428401, 'token': 'f9LHodD0cOL_XU96Td5H9m3-_Ss7SD9V7SaCVvwUsRGoR6FPFx9XBpBTKL-A97Ke_pVsFVK5e-diPSds5ozS'}
2026-03-23 22:40:42 [DEBUG] __main__ — [transport] op88 fileId=2983428401 url=https://fd.oneme.ru/getfile?sig=1o24Soy0h0lNGP1vpHR9ZBXjdvgEuHmHPqakeTGFrHB9hBvUJwGYOfueHFj1Zotfvae9abQsYsVj4UO2AjE56Q&expires=1774388442057&clientType=6&id=2983428401&userId=240876353
2026-03-23 22:40:42 [DEBUG] __main__ — [transport] recv_file  fileId=2983428401  frames=1
2026-03-23 22:40:42 [DEBUG] __main__ — [transport] frame  action=data  id=50184a6d  size=124
2026-03-23 22:40:42 [DEBUG] __main__ — [50184a6d] <- data #2  93B  seq=1  (rx=610B)
2026-03-23 22:40:42 [DEBUG] __main__ — [50184a6d] wrote 93B to remote
2026-03-23 22:40:42 [DEBUG] __main__ — [50184a6d] -> #2  120B  seq=1  (tx=3859B)
2026-03-23 22:40:42 [DEBUG] __main__ — [transport] batch flush  frames=1  total=183B
2026-03-23 22:40:42 [DEBUG] __main__ — [transport] upload ok  fileId=2977692256  size=183
2026-03-23 22:40:43 [DEBUG] __main__ — [transport] op128 chat=1400511 sender=240002558 attaches=1
2026-03-23 22:40:43 [DEBUG] __main__ — [transport] attach full={'_type': 'FILE', 'name': 'data.bin', 'size': 316, 'fileId': 2990967463, 'token': 'f9LHodD0cOLhDe-MzA-C92AipBAaaNDRaHFTOK0Elq-sp6IYOMKwvh_Df6vH3FpjUXyKjCSL57oDjO17GZZD'}
2026-03-23 22:40:43 [DEBUG] __main__ — [transport] op88 fileId=2990967463 url=https://fd.oneme.ru/getfile?sig=dFXTxFvpesdHlvAgztEIWWqQ99qzGM-iH3KwpMuvAzc2tn6Jiv7vx4IS8vCpW1UMs19F_XB2vwcp2XZIYa_Kpg&expires=1774388443770&clientType=6&id=2990967463&userId=240876353
2026-03-23 22:40:43 [DEBUG] __main__ — [transport] recv_file  fileId=2990967463  frames=1
2026-03-23 22:40:43 [DEBUG] __main__ — [transport] frame  action=data  id=50184a6d  size=340
2026-03-23 22:40:43 [DEBUG] __main__ — [50184a6d] <- data #3  253B  seq=2  (rx=863B)
2026-03-23 22:40:43 [DEBUG] __main__ — [50184a6d] wrote 253B to remote
2026-03-23 22:40:43 [DEBUG] __main__ — [50184a6d] -> #3  13859B  seq=2  (tx=17718B)
2026-03-23 22:40:43 [DEBUG] __main__ — [transport] batch flush  frames=1  total=13922B
2026-03-23 22:40:43 [DEBUG] __main__ — [50184a6d] -> #4  28960B  seq=3  (tx=46678B)
2026-03-23 22:40:43 [DEBUG] __main__ — [transport] batch flush  frames=1  total=29023B
2026-03-23 22:40:43 [DEBUG] __main__ — [50184a6d] -> #5  57920B  seq=4  (tx=104598B)
2026-03-23 22:40:43 [DEBUG] __main__ — [transport] batch flush  frames=1  total=57983B
2026-03-23 22:40:44 [DEBUG] __main__ — [50184a6d] -> #6  43606B  seq=5  (tx=148204B)
2026-03-23 22:40:44 [DEBUG] __main__ — [transport] batch flush  frames=1  total=43669B
2026-03-23 22:40:44 [DEBUG] __main__ — [transport] upload ok  fileId=2992798484  size=13922
2026-03-23 22:40:45 [DEBUG] __main__ — [transport] upload ok  fileId=2984949619  size=29023
2026-03-23 22:40:45 [DEBUG] __main__ — [transport] upload ok  fileId=2986873282  size=57983
2026-03-23 22:40:46 [DEBUG] __main__ — [transport] upload ok  fileId=2991986494  size=43669
2026-03-23 22:40:48 [DEBUG] __main__ — [transport] op128 chat=1400511 sender=240002558 attaches=1
2026-03-23 22:40:48 [DEBUG] __main__ — [transport] attach full={'_type': 'FILE', 'name': 'data.bin', 'size': 94, 'fileId': 2989382710, 'token': 'f9LHodD0cOJRBufl5JaA1HQxtQ3DxgraitP4NO8nspJNVbDm1iHuR4q0SapIEn4Im8hz0hrNVGmvldCZLwZu'}
2026-03-23 22:40:48 [DEBUG] __main__ — [transport] op88 fileId=2989382710 url=https://fd.oneme.ru/getfile?sig=jFCPcllROwHfVMdf4jlMRKcBvPR8sCVj6Pi4vAwBctSSPzMUlKAdQPI-kDLruJJg6xAlayJoF-hwE4eGi8IEkw&expires=1774388448172&clientType=6&id=2989382710&userId=240876353
2026-03-23 22:40:48 [DEBUG] __main__ — [transport] recv_file  fileId=2989382710  frames=1
2026-03-23 22:40:48 [DEBUG] __main__ — [transport] frame  action=data  id=50184a6d  size=44
2026-03-23 22:40:48 [DEBUG] __main__ — [50184a6d] <- data #4  31B  seq=3  (rx=894B)
2026-03-23 22:40:48 [DEBUG] __main__ — [50184a6d] wrote 31B to remote
2026-03-23 22:40:48 [DEBUG] __main__ — [50184a6d] remote EOF
2026-03-23 22:40:48 [INFO] __main__ — [50184a6d] pipe done | rx=894B/4f (0.1 КБ/с)  tx=148204B/6f (14.8 КБ/с)  9.8s
2026-03-23 22:40:48 [DEBUG] __main__ — [50184a6d] socket closed
2026-03-23 22:40:48 [DEBUG] __main__ — [transport] batch flush  frames=1  total=57B
2026-03-23 22:40:48 [DEBUG] __main__ — [transport] upload ok  fileId=2991986750  size=57
2026-03-23 22:40:48 [DEBUG] __main__ — [transport] op128 chat=1400511 sender=240002558 attaches=1
2026-03-23 22:40:48 [DEBUG] __main__ — [transport] attach full={'_type': 'FILE', 'name': 'data.bin', 'size': 56, 'fileId': 2990623081, 'token': 'f9LHodD0cOImAQRQh4r0sWQp3v6Q_yptnCNrncvRNlVUz06rWOLlFvfKRRsCiJ4KSaIeecrOI08xNsTjX4Cc'}
2026-03-23 22:40:48 [DEBUG] __main__ — [transport] op88 fileId=2990623081 url=https://fd.oneme.ru/getfile?sig=2iN2jwuvrPh_WfNpWKUAhqap9lvCzY4TqKlLsljVFHpTj1WvFNpvtnHBR7lWYuYnJV6Jg2h0Wm4SMkiiSpTVig&expires=1774388448823&clientType=6&id=2990623081&userId=240876353
2026-03-23 22:40:48 [DEBUG] __main__ — [transport] recv_file  fileId=2990623081  frames=1
2026-03-23 22:40:48 [DEBUG] __main__ — [transport] frame  action=close  id=50184a6d  size=0
2026-03-23 22:40:48 [INFO] __main__ — [50184a6d] закрытие по запросу клиента
2026-03-23 22:40:51 [DEBUG] __main__ — [transport:server] keepalive sent
2026-03-23 22:40:53 [INFO] __main__ — [proxy:Андрей] остановлен
2026-03-23 22:40:53 [ERROR] asyncio — Fatal error on SSL transport
protocol: <asyncio.sslproto.SSLProtocol object at 0x7f3e1999a590>
transport: <_SelectorSocketTransport closing fd=9>
Traceback (most recent call last):
  File "/usr/lib/python3.10/asyncio/selector_events.py", line 924, in write
    n = self._sock.send(data)
OSError: [Errno 9] Bad file descriptor

During handling of the above exception, another exception occurred:

Traceback (most recent call last):
  File "/usr/lib/python3.10/asyncio/sslproto.py", line 690, in _process_write_backlog
    self._transport.write(chunk)
  File "/usr/lib/python3.10/asyncio/selector_events.py", line 930, in write
    self._fatal_error(exc, 'Fatal write error on socket transport')
  File "/usr/lib/python3.10/asyncio/selector_events.py", line 725, in _fatal_error
    self._force_close(exc)
  File "/usr/lib/python3.10/asyncio/selector_events.py", line 737, in _force_close
    self._loop.call_soon(self._call_connection_lost, exc)
  File "/usr/lib/python3.10/asyncio/base_events.py", line 753, in call_soon
    self._check_closed()
  File "/usr/lib/python3.10/asyncio/base_events.py", line 515, in _check_closed
    raise RuntimeError('Event loop is closed')
RuntimeError: Event loop is closed
2026-03-23 22:40:53 [ERROR] asyncio — Fatal error on SSL transport
protocol: <asyncio.sslproto.SSLProtocol object at 0x7f3e1999af50>
transport: <_SelectorSocketTransport closing fd=11>
Traceback (most recent call last):
  File "/usr/lib/python3.10/asyncio/selector_events.py", line 924, in write
    n = self._sock.send(data)
OSError: [Errno 9] Bad file descriptor

During handling of the above exception, another exception occurred:

Traceback (most recent call last):
  File "/usr/lib/python3.10/asyncio/sslproto.py", line 690, in _process_write_backlog
    self._transport.write(chunk)
  File "/usr/lib/python3.10/asyncio/selector_events.py", line 930, in write
    self._fatal_error(exc, 'Fatal write error on socket transport')
  File "/usr/lib/python3.10/asyncio/selector_events.py", line 725, in _fatal_error
    self._force_close(exc)
  File "/usr/lib/python3.10/asyncio/selector_events.py", line 737, in _force_close
    self._loop.call_soon(self._call_connection_lost, exc)
  File "/usr/lib/python3.10/asyncio/base_events.py", line 753, in call_soon
    self._check_closed()
  File "/usr/lib/python3.10/asyncio/base_events.py", line 515, in _check_closed
    raise RuntimeError('Event loop is closed')
RuntimeError: Event loop is closed
2026-03-23 22:40:53 [ERROR] asyncio — Unclosed connector
connections: ['deque([(<aiohttp.client_proto.ResponseHandler object at 0x7f3e199b1e40>, 32749594.990633182)])', 'deque([(<aiohttp.client_proto.ResponseHandler object at 0x7f3e19ab28c0>, 32749595.44373997)])']
connector: <aiohttp.connector.TCPConnector object at 0x7f3e19ad36a0>
