2026-03-23 20:44:24 [INFO] __main__ — MAX Proxy SERVER запущен  viewer_id=240876353  api=https://telegram.mooner.pro/api/max/status  poll=30s
2026-03-23 20:44:24 [INFO] __main__ — Восстановлено 1 сессий из sessions.json
2026-03-23 20:44:24 [INFO] __main__ — [proxy:Андрей] WS подключение (chat_id=1400511)
2026-03-23 20:44:24 [INFO] __main__ — [poll] активных ссылок: 1
2026-03-23 20:44:25 [INFO] __main__ — Авторизован [server], chatId=1400511
2026-03-23 20:44:31 [DEBUG] __main__ — [transport] op128 chat=1400511 sender=240002558 attaches=0
2026-03-23 20:44:31 [DEBUG] __main__ — [proxy:Андрей] msg chat=1400511 sender=240002558 text='.'
2026-03-23 20:44:31 [INFO] __main__ — [proxy:Андрей] получили '.' от 240002558, отвечаем '.'
2026-03-23 20:44:32 [DEBUG] __main__ — [transport] op128 chat=1400511 sender=240876353 attaches=0
2026-03-23 20:44:32 [DEBUG] __main__ — [proxy:Андрей] msg chat=1400511 sender=240876353 text='.'
2026-03-23 20:44:46 [DEBUG] __main__ — [transport] op128 chat=1400511 sender=240002558 attaches=1
2026-03-23 20:44:46 [DEBUG] __main__ — [transport] attach full={'_type': 'FILE', 'name': 'data.bin', 'size': 100, 'fileId': 2986528999, 'token': 'f9LHodD0cOI9oAIKTh6kK8NXGgfsURLpUNeCQfX-zFXWEnWWqXxbEpRoG_kPDRKVys48YcMMJr_YMHSzE9NC'}
2026-03-23 20:44:46 [DEBUG] __main__ — [transport] op88 fileId=2986528999 url=https://fd.oneme.ru/getfile?sig=gzvi1QpdiYEnpjI3oLdJl-8kEt1TinXQAscHerdOi5v_SOg6RR6onmniG10DuwsyEu_1BHdxSWg6HbDDOnuSPQ&expires=1774381486545&clientType=6&id=2986528999&userId=240876353
2026-03-23 20:44:46 [DEBUG] __main__ — [transport] recv_file  fileId=2986528999  frames=1
2026-03-23 20:44:46 [DEBUG] __main__ — [transport] frame  action=connect  id=ebffe76e  size=0
2026-03-23 20:44:46 [INFO] __main__ — [ebffe76e] CONNECT → whatismyipaddress.com:443
2026-03-23 20:44:46 [INFO] __main__ — [ebffe76e] TCP connected → whatismyipaddress.com:443  (18 мс)
2026-03-23 20:44:46 [DEBUG] __main__ — [transport] batch flush  frames=1  total=53B
2026-03-23 20:44:47 [DEBUG] __main__ — [transport] upload ok  fileId=2988015589  size=53
2026-03-23 20:44:49 [DEBUG] __main__ — [transport] op128 chat=1400511 sender=240002558 attaches=1
2026-03-23 20:44:49 [DEBUG] __main__ — [transport] attach full={'_type': 'FILE', 'name': 'data.bin', 'size': 1826, 'fileId': 2992359190, 'token': 'f9LHodD0cOLzb5eWUGaY8T07vN2SIUmBeZprspKs9K5-Wty5gUVRJP_SHKpesYISB4jPi34kdOnlOttj0TMs'}
2026-03-23 20:44:49 [DEBUG] __main__ — [transport] op88 fileId=2992359190 url=https://fd.oneme.ru/getfile?sig=rCJ1MIWQcjpmQJAaqdtqIwJqsn1-x4LDqU_1Mscj7vMyfgZYn-VQCPML-uglavCR2o40jSM176FfwrXpc6SujQ&expires=1774381489426&clientType=6&id=2992359190&userId=240876353
2026-03-23 20:44:49 [DEBUG] __main__ — [transport] recv_file  fileId=2992359190  frames=1
2026-03-23 20:44:49 [DEBUG] __main__ — [transport] frame  action=data  id=ebffe76e  size=2352
2026-03-23 20:44:49 [DEBUG] __main__ — [ebffe76e] <- data #1  1763B  seq=0  (rx=1763B)
2026-03-23 20:44:49 [DEBUG] __main__ — [ebffe76e] wrote 1763B to remote
2026-03-23 20:44:49 [DEBUG] __main__ — [ebffe76e] -> #1  2900B  seq=0  (tx=2900B)
2026-03-23 20:44:49 [DEBUG] __main__ — [ebffe76e] -> #2  587B  seq=1  (tx=3487B)
2026-03-23 20:44:49 [DEBUG] __main__ — [transport] batch flush  frames=2  total=3609B
2026-03-23 20:44:49 [DEBUG] __main__ — [transport] upload ok  fileId=2991425570  size=3609
2026-03-23 20:44:49 [DEBUG] __main__ — [transport:server] keepalive sent
2026-03-23 20:44:53 [DEBUG] __main__ — [transport] op128 chat=1400511 sender=240002558 attaches=1
2026-03-23 20:44:53 [DEBUG] __main__ — [transport] attach full={'_type': 'FILE', 'name': 'data.bin', 'size': 1205, 'fileId': 2992049903, 'token': 'f9LHodD0cOK91JpvqyBBtGMTz5jKrm2agfKl-EWdnQTWmKS4OCnVbFwjyDqZB2xe_m0oTKDcOIMWgxwPquUR'}
2026-03-23 20:44:53 [DEBUG] __main__ — [transport] op88 fileId=2992049903 url=https://fd.oneme.ru/getfile?sig=uj8a2RZ92za5-zA0X2uMO33bnrFPt23mCB6-Fbezm-w88U5UWI855bL7J-kUG7FSVFEzVOAjT0gj1b6w08Oxvg&expires=1774381493664&clientType=6&id=2992049903&userId=240876353
2026-03-23 20:44:53 [DEBUG] __main__ — [transport] recv_file  fileId=2992049903  frames=1
2026-03-23 20:44:53 [DEBUG] __main__ — [transport] frame  action=data  id=ebffe76e  size=1524
2026-03-23 20:44:53 [DEBUG] __main__ — [ebffe76e] <- data #2  1142B  seq=1  (rx=2905B)
2026-03-23 20:44:53 [DEBUG] __main__ — [ebffe76e] wrote 1142B to remote
2026-03-23 20:44:53 [DEBUG] __main__ — [ebffe76e] -> #3  537B  seq=2  (tx=4024B)
2026-03-23 20:44:53 [DEBUG] __main__ — [transport] batch flush  frames=1  total=600B
2026-03-23 20:44:54 [DEBUG] __main__ — [ebffe76e] -> #4  2900B  seq=3  (tx=6924B)
2026-03-23 20:44:54 [DEBUG] __main__ — [ebffe76e] -> #5  2900B  seq=4  (tx=9824B)
2026-03-23 20:44:54 [DEBUG] __main__ — [ebffe76e] -> #6  2900B  seq=5  (tx=12724B)
2026-03-23 20:44:54 [DEBUG] __main__ — [ebffe76e] -> #7  2900B  seq=6  (tx=15624B)
2026-03-23 20:44:54 [DEBUG] __main__ — [ebffe76e] -> #8  2900B  seq=7  (tx=18524B)
2026-03-23 20:44:54 [DEBUG] __main__ — [ebffe76e] -> #9  2900B  seq=8  (tx=21424B)
2026-03-23 20:44:54 [DEBUG] __main__ — [transport] upload ok  fileId=2984572842  size=600
2026-03-23 20:44:54 [DEBUG] __main__ — [ebffe76e] -> #10  74B  seq=9  (tx=21498B)
2026-03-23 20:44:54 [DEBUG] __main__ — [transport] batch flush  frames=7  total=17891B
2026-03-23 20:44:54 [DEBUG] __main__ — [transport] upload ok  fileId=2988163544  size=17891
2026-03-23 20:44:54 [INFO] __main__ — [poll] активных ссылок: 1
2026-03-23 20:44:56 [DEBUG] __main__ — [transport] op128 chat=1400511 sender=240002558 attaches=1
2026-03-23 20:44:56 [DEBUG] __main__ — [transport] attach full={'_type': 'FILE', 'name': 'data.bin', 'size': 94, 'fileId': 2983229489, 'token': 'f9LHodD0cOL-K0KTQoJcs392VuM3O1D4kcLt_RrGH8kHlo7sido-OKwNJeo3w53QYCun1dKMrqoZjhSLe0j8'}
2026-03-23 20:44:56 [DEBUG] __main__ — [transport] op88 fileId=2983229489 url=https://fd.oneme.ru/getfile?sig=OsU0CPHvvR5We3MICNY8RUgYBstWV8SNHGteHD5Wiy-yAalX_NtKwvl4JJH-egg9N-sMiWQf4lyzdK5qgKsBxQ&expires=1774381496901&clientType=6&id=2983229489&userId=240876353
2026-03-23 20:44:57 [DEBUG] __main__ — [transport] recv_file  fileId=2983229489  frames=1
2026-03-23 20:44:57 [DEBUG] __main__ — [transport] frame  action=data  id=ebffe76e  size=44
2026-03-23 20:44:57 [DEBUG] __main__ — [ebffe76e] <- data #3  31B  seq=2  (rx=2936B)
2026-03-23 20:44:57 [DEBUG] __main__ — [ebffe76e] wrote 31B to remote
2026-03-23 20:44:57 [DEBUG] __main__ — [transport] op128 chat=1400511 sender=240002558 attaches=1
2026-03-23 20:44:57 [DEBUG] __main__ — [transport] attach full={'_type': 'FILE', 'name': 'data.bin', 'size': 98, 'fileId': 2989791762, 'token': 'f9LHodD0cOKdlVRJID2Z9yCCj5tcJ_95fIWwzUg8gQ1s53-b32c0bthQ3W1J_62AM5LCcWMXtOC1ZybrAsTc'}
2026-03-23 20:44:57 [DEBUG] __main__ — [transport] op88 fileId=2989791762 url=https://fd.oneme.ru/getfile?sig=aDttB4488w2LT8EmyTkpNyhcJR8j11cqlcKCiCGVcaI4fe9NTMlQpcDOuO3iZb1oyXwEoF07EuT51GnOLS-e6w&expires=1774381497822&clientType=6&id=2989791762&userId=240876353
2026-03-23 20:44:58 [DEBUG] __main__ — [transport] recv_file  fileId=2989791762  frames=1
2026-03-23 20:44:58 [DEBUG] __main__ — [transport] frame  action=data  id=ebffe76e  size=48
2026-03-23 20:44:58 [DEBUG] __main__ — [ebffe76e] <- data #4  35B  seq=3  (rx=2971B)
2026-03-23 20:44:58 [DEBUG] __main__ — [ebffe76e] wrote 35B to remote
2026-03-23 20:44:59 [DEBUG] __main__ — [transport] op128 chat=1400511 sender=240002558 attaches=1
2026-03-23 20:44:59 [DEBUG] __main__ — [transport] attach full={'_type': 'FILE', 'name': 'data.bin', 'size': 338, 'fileId': 2990774951, 'token': 'f9LHodD0cOLdOf00NrWc7d-jQD5fn2iU6PZjcJTRUa1xpmHdDEP0AEltUBji9VqaBkPtKnIUUjDmP242Vxz7'}
2026-03-23 20:44:59 [DEBUG] __main__ — [transport] op88 fileId=2990774951 url=https://fd.oneme.ru/getfile?sig=uN9Y-nIgACLgBZtN1HHlkhilBVEO4BZH9N6ZTnQxDFHGwu6U-kt-zInEwu4fhNCjh-xOFU_9Srza6TRw7bkoEg&expires=1774381499151&clientType=6&id=2990774951&userId=240876353
2026-03-23 20:44:59 [DEBUG] __main__ — [transport] recv_file  fileId=2990774951  frames=2
2026-03-23 20:44:59 [DEBUG] __main__ — [transport] frame  action=connect  id=641fdfb8  size=0
2026-03-23 20:44:59 [DEBUG] __main__ — [transport] frame  action=data  id=ebffe76e  size=228
2026-03-23 20:44:59 [INFO] __main__ — [641fdfb8] CONNECT → ds4.probe.whatismyipaddress.com:443
2026-03-23 20:44:59 [DEBUG] __main__ — [ebffe76e] <- data #5  169B  seq=4  (rx=3140B)
2026-03-23 20:44:59 [DEBUG] __main__ — [ebffe76e] wrote 169B to remote
2026-03-23 20:44:59 [DEBUG] __main__ — [ebffe76e] -> #11  2900B  seq=10  (tx=24398B)
2026-03-23 20:44:59 [DEBUG] __main__ — [ebffe76e] -> #12  2900B  seq=11  (tx=27298B)
2026-03-23 20:44:59 [DEBUG] __main__ — [ebffe76e] -> #13  2900B  seq=12  (tx=30198B)
2026-03-23 20:44:59 [DEBUG] __main__ — [ebffe76e] -> #14  2900B  seq=13  (tx=33098B)
2026-03-23 20:44:59 [DEBUG] __main__ — [ebffe76e] -> #15  2900B  seq=14  (tx=35998B)
2026-03-23 20:44:59 [DEBUG] __main__ — [ebffe76e] -> #16  2900B  seq=15  (tx=38898B)
2026-03-23 20:44:59 [DEBUG] __main__ — [ebffe76e] -> #17  2900B  seq=16  (tx=41798B)
2026-03-23 20:44:59 [DEBUG] __main__ — [ebffe76e] -> #18  2900B  seq=17  (tx=44698B)
2026-03-23 20:44:59 [DEBUG] __main__ — [ebffe76e] -> #19  1721B  seq=18  (tx=46419B)
2026-03-23 20:44:59 [DEBUG] __main__ — [transport] batch flush  frames=9  total=25465B
2026-03-23 20:44:59 [INFO] __main__ — [641fdfb8] TCP connected → ds4.probe.whatismyipaddress.com:443  (176 мс)
2026-03-23 20:44:59 [DEBUG] __main__ — [transport] batch flush  frames=1  total=53B
2026-03-23 20:44:59 [DEBUG] __main__ — [transport] upload ok  fileId=2991426594  size=25465
2026-03-23 20:45:00 [DEBUG] __main__ — [transport] upload ok  fileId=2980066704  size=53
2026-03-23 20:45:00 [DEBUG] __main__ — [transport] op128 chat=1400511 sender=240002558 attaches=1
2026-03-23 20:45:00 [DEBUG] __main__ — [transport] attach full={'_type': 'FILE', 'name': 'data.bin', 'size': 93, 'fileId': 2990653131, 'token': 'f9LHodD0cOJcD1jwkgJrqEuvZHWMxFPqhNC4eJT6DXpk1IX7DFDWSwjGtQ_bacdeOBX22of2j8w5Hk5Ez9BC'}
2026-03-23 20:45:00 [DEBUG] __main__ — [transport] op88 fileId=2990653131 url=https://fd.oneme.ru/getfile?sig=FmD6NMzZDG32vxEXY-PbAv5G032rMh6W2SVynJYIw0sAhIhCfx1R12V2GZ53VP6ET_qVNK9xf6W-ebfDh0HjRg&expires=1774381500910&clientType=6&id=2990653131&userId=240876353
2026-03-23 20:45:01 [DEBUG] __main__ — [transport] recv_file  fileId=2990653131  frames=1
2026-03-23 20:45:01 [DEBUG] __main__ — [transport] frame  action=connect  id=5b7ccb3a  size=0
2026-03-23 20:45:01 [INFO] __main__ — [5b7ccb3a] CONNECT → api.github.com:443
2026-03-23 20:45:01 [INFO] __main__ — [5b7ccb3a] TCP connected → api.github.com:443  (24 мс)
2026-03-23 20:45:01 [DEBUG] __main__ — [transport] batch flush  frames=1  total=53B
2026-03-23 20:45:01 [DEBUG] __main__ — [transport] upload ok  fileId=2988249611  size=53
2026-03-23 20:45:02 [DEBUG] __main__ — [transport] op128 chat=1400511 sender=240002558 attaches=1
2026-03-23 20:45:02 [DEBUG] __main__ — [transport] attach full={'_type': 'FILE', 'name': 'data.bin', 'size': 1900, 'fileId': 2985795304, 'token': 'f9LHodD0cOKTqtfC_wNBSlyQJRhfeO1gx40os3bmIQ59djYr9rQRe6hMTQ5viyVgo4nz7mxkBUZc_kFJmhf6'}
2026-03-23 20:45:02 [DEBUG] __main__ — [transport] op88 fileId=2985795304 url=https://fd.oneme.ru/getfile?sig=SXoym4RQqtY7-B_lGqFN8qIxTVVXNnq3yr6sc82FIbaDT5K5AZzRPdJAUr9nL5VB8UiU-FNoVtzs1u1S8L03Wg&expires=1774381502464&clientType=6&id=2985795304&userId=240876353
2026-03-23 20:45:02 [DEBUG] __main__ — [transport] recv_file  fileId=2985795304  frames=1
2026-03-23 20:45:02 [DEBUG] __main__ — [transport] frame  action=data  id=641fdfb8  size=2452
2026-03-23 20:45:02 [DEBUG] __main__ — [641fdfb8] <- data #1  1837B  seq=0  (rx=1837B)
2026-03-23 20:45:02 [DEBUG] __main__ — [641fdfb8] wrote 1837B to remote
2026-03-23 20:45:02 [DEBUG] __main__ — [641fdfb8] -> #1  2471B  seq=0  (tx=2471B)
2026-03-23 20:45:02 [DEBUG] __main__ — [transport] batch flush  frames=1  total=2534B
2026-03-23 20:45:03 [DEBUG] __main__ — [transport] upload ok  fileId=2985166763  size=2534
2026-03-23 20:45:03 [DEBUG] __main__ — [transport] op128 chat=1400511 sender=240002558 attaches=1
2026-03-23 20:45:03 [DEBUG] __main__ — [transport] attach full={'_type': 'FILE', 'name': 'data.bin', 'size': 222, 'fileId': 2987646668, 'token': 'f9LHodD0cOIZRIcQhIm8MYHX57WYmleiIO4Y2f8nzCuyXyGRRE7w7v1nJ4WE6yw0J9mGGApzLLK9YS7kiwYO'}
2026-03-23 20:45:03 [DEBUG] __main__ — [transport] op88 fileId=2987646668 url=https://fd.oneme.ru/getfile?sig=or9Ps4yMi0s9dHlnA5HJbjqXx4AaN20nLv4JDC_64eRQ8D9RwWma4JTNhM3YO1-F0rXK13LELEej32KBVRzDEg&expires=1774381503464&clientType=6&id=2987646668&userId=240876353
2026-03-23 20:45:03 [DEBUG] __main__ — [transport] recv_file  fileId=2987646668  frames=2
2026-03-23 20:45:03 [DEBUG] __main__ — [transport] frame  action=data  id=ebffe76e  size=96
2026-03-23 20:45:03 [DEBUG] __main__ — [transport] frame  action=connect  id=68314881  size=0
2026-03-23 20:45:03 [DEBUG] __main__ — [ebffe76e] <- data #6  70B  seq=5  (rx=3210B)
2026-03-23 20:45:03 [DEBUG] __main__ — [ebffe76e] wrote 70B to remote
2026-03-23 20:45:03 [INFO] __main__ — [68314881] CONNECT → app.fusebox.fm:443
2026-03-23 20:45:03 [INFO] __main__ — [68314881] TCP connected → app.fusebox.fm:443  (20 мс)
2026-03-23 20:45:03 [DEBUG] __main__ — [transport] batch flush  frames=1  total=53B
2026-03-23 20:45:03 [DEBUG] __main__ — [transport] upload ok  fileId=2988993530  size=53
2026-03-23 20:45:04 [DEBUG] __main__ — [transport] op128 chat=1400511 sender=240002558 attaches=1
2026-03-23 20:45:04 [DEBUG] __main__ — [transport] attach full={'_type': 'FILE', 'name': 'data.bin', 'size': 1866, 'fileId': 2984424883, 'token': 'f9LHodD0cOKclkcfXzsvkcuCwG8IxykQoOywGkaXDWGR-LfcC8df63NSHzXj3wvJ_3loimPTbCMYt-ltXKeD'}
2026-03-23 20:45:04 [DEBUG] __main__ — [transport] op88 fileId=2984424883 url=https://fd.oneme.ru/getfile?sig=r9i9Kn9zXNx2b54bX1AhJx2bUjjALFJmQhPDo527DOi8trNZCpnAqa_jHEmE7xmKdQcJqX-AgLM18b1iki0I9A&expires=1774381504771&clientType=6&id=2984424883&userId=240876353
2026-03-23 20:45:04 [DEBUG] __main__ — [transport] recv_file  fileId=2984424883  frames=1
2026-03-23 20:45:04 [DEBUG] __main__ — [transport] frame  action=data  id=5b7ccb3a  size=2404
2026-03-23 20:45:04 [DEBUG] __main__ — [5b7ccb3a] <- data #1  1803B  seq=0  (rx=1803B)
2026-03-23 20:45:04 [DEBUG] __main__ — [5b7ccb3a] wrote 1803B to remote
2026-03-23 20:45:04 [DEBUG] __main__ — [5b7ccb3a] -> #1  2900B  seq=0  (tx=2900B)
2026-03-23 20:45:04 [DEBUG] __main__ — [5b7ccb3a] -> #2  195B  seq=1  (tx=3095B)
2026-03-23 20:45:05 [DEBUG] __main__ — [transport] batch flush  frames=2  total=3217B
2026-03-23 20:45:05 [DEBUG] __main__ — [transport] upload ok  fileId=2992601620  size=3217
2026-03-23 20:45:05 [DEBUG] __main__ — [transport] op128 chat=1400511 sender=240002558 attaches=1
2026-03-23 20:45:05 [DEBUG] __main__ — [transport] attach full={'_type': 'FILE', 'name': 'data.bin', 'size': 1050, 'fileId': 2986448789, 'token': 'f9LHodD0cOJ5V13ODmm9XZZ_9c9m1MUb_r8_tySyekB8i4FTQ6hNb-Tq1QjJXSIGc7FN1j3oVMrJwyepS-lh'}
2026-03-23 20:45:05 [DEBUG] __main__ — [transport] op88 fileId=2986448789 url=https://fd.oneme.ru/getfile?sig=0HERHe-uHVAZwTC30J_tbL7PufICXPgoT1pDa7rrH92o9DqV6Dd9d8YtT3tlFLbsb_AcSSmMXLzyCj5Hah8Z3Q&expires=1774381505811&clientType=6&id=2986448789&userId=240876353
2026-03-23 20:45:06 [DEBUG] __main__ — [transport] recv_file  fileId=2986448789  frames=1
2026-03-23 20:45:06 [DEBUG] __main__ — [transport] frame  action=data  id=641fdfb8  size=1316
2026-03-23 20:45:06 [DEBUG] __main__ — [641fdfb8] <- data #2  987B  seq=1  (rx=2824B)
2026-03-23 20:45:06 [DEBUG] __main__ — [641fdfb8] wrote 987B to remote
2026-03-23 20:45:06 [DEBUG] __main__ — [641fdfb8] -> #2  382B  seq=1  (tx=2853B)
2026-03-23 20:45:06 [DEBUG] __main__ — [641fdfb8] remote EOF
2026-03-23 20:45:06 [INFO] __main__ — [641fdfb8] pipe done | rx=2824B/2f (0.4 КБ/с)  tx=2853B/2f (0.4 КБ/с)  6.6s
2026-03-23 20:45:06 [DEBUG] __main__ — [641fdfb8] socket closed
2026-03-23 20:45:06 [DEBUG] __main__ — [transport] batch flush  frames=2  total=498B
2026-03-23 20:45:06 [DEBUG] __main__ — [transport] upload ok  fileId=2991688889  size=498
2026-03-23 20:45:06 [DEBUG] __main__ — [transport] op128 chat=1400511 sender=240002558 attaches=1
2026-03-23 20:45:06 [DEBUG] __main__ — [transport] attach full={'_type': 'FILE', 'name': 'data.bin', 'size': 1851, 'fileId': 2976854751, 'token': 'f9LHodD0cOJJdDgy0JW6zVmDxtdsDhUjypKRI2KlPilKft-wrv68beK-ac8MNe6aGWJn5-uxfwqoBCPTUhL9'}
2026-03-23 20:45:06 [DEBUG] __main__ — [transport] op88 fileId=2976854751 url=https://fd.oneme.ru/getfile?sig=KaBzvAp1842MN4hHCfwN_GMzyIDpv0Zl21pzbUKjdNct2k3qU8UP0K4_UgyA0R2--tc-9xC_lJtYBzxrS9guGw&expires=1774381506834&clientType=6&id=2976854751&userId=240876353
2026-03-23 20:45:07 [DEBUG] __main__ — [transport] recv_file  fileId=2976854751  frames=1
2026-03-23 20:45:07 [DEBUG] __main__ — [transport] frame  action=data  id=68314881  size=2384
2026-03-23 20:45:07 [DEBUG] __main__ — [68314881] <- data #1  1788B  seq=0  (rx=1788B)
2026-03-23 20:45:07 [DEBUG] __main__ — [68314881] wrote 1788B to remote
2026-03-23 20:45:07 [DEBUG] __main__ — [68314881] -> #1  2900B  seq=0  (tx=2900B)
2026-03-23 20:45:07 [DEBUG] __main__ — [68314881] -> #2  591B  seq=1  (tx=3491B)
2026-03-23 20:45:07 [DEBUG] __main__ — [transport] batch flush  frames=2  total=3613B
2026-03-23 20:45:07 [DEBUG] __main__ — [transport] upload ok  fileId=2987754527  size=3613
2026-03-23 20:45:07 [DEBUG] __main__ — [transport] op128 chat=1400511 sender=240002558 attaches=1
2026-03-23 20:45:07 [DEBUG] __main__ — [transport] attach full={'_type': 'FILE', 'name': 'data.bin', 'size': 583, 'fileId': 2983261638, 'token': 'f9LHodD0cOJ1RATIyMLM9MINN0FjZ6T-GSMCo_EJg-NF10pTi2sexVUrTAAR73_kBVvC-RBAAr53ptg5D6aY'}
2026-03-23 20:45:07 [DEBUG] __main__ — [transport] op88 fileId=2983261638 url=https://fd.oneme.ru/getfile?sig=EN8FynHqcjRzZExqihGOuRYa0B27SAGlc-p4m9LmnyYIj9oi5QTQIA3Nz7DXcpQdSoyLIjmOVQYFss2g6H_SCw&expires=1774381507712&clientType=6&id=2983261638&userId=240876353
2026-03-23 20:45:07 [DEBUG] __main__ — [transport] recv_file  fileId=2983261638  frames=1
2026-03-23 20:45:07 [DEBUG] __main__ — [transport] frame  action=data  id=5b7ccb3a  size=696
2026-03-23 20:45:07 [DEBUG] __main__ — [5b7ccb3a] <- data #2  520B  seq=1  (rx=2323B)
2026-03-23 20:45:07 [DEBUG] __main__ — [5b7ccb3a] wrote 520B to remote
2026-03-23 20:45:07 [DEBUG] __main__ — [5b7ccb3a] -> #3  222B  seq=2  (tx=3317B)
2026-03-23 20:45:07 [DEBUG] __main__ — [transport] batch flush  frames=1  total=285B
2026-03-23 20:45:08 [DEBUG] __main__ — [5b7ccb3a] -> #4  1051B  seq=3  (tx=4368B)
2026-03-23 20:45:08 [DEBUG] __main__ — [transport] batch flush  frames=1  total=1114B
2026-03-23 20:45:08 [DEBUG] __main__ — [transport] upload ok  fileId=2983768979  size=285
2026-03-23 20:45:08 [DEBUG] __main__ — [transport] op128 chat=1400511 sender=240002558 attaches=1
2026-03-23 20:45:08 [DEBUG] __main__ — [transport] attach full={'_type': 'FILE', 'name': 'data.bin', 'size': 162, 'fileId': 2990166596, 'token': 'f9LHodD0cOJjGbdlhZSyn3sEhF6RG3UHDuRyKDq4D99JsmVBHqcZ0Ar6EipmekialJxLU8SEJMbTm5IT7FbP'}
2026-03-23 20:45:08 [DEBUG] __main__ — [transport] op88 fileId=2990166596 url=https://fd.oneme.ru/getfile?sig=ucRlEVTeczxLbPuj86jQj8zcoEX0fjyWdhF90nAsYD9YEfgoaXSbHrEeLOK855DfzWS9pAAlqrolb1lqJfP12A&expires=1774381508674&clientType=6&id=2990166596&userId=240876353
2026-03-23 20:45:08 [DEBUG] __main__ — [transport] upload ok  fileId=2988902346  size=1114
2026-03-23 20:45:08 [DEBUG] __main__ — [transport] recv_file  fileId=2990166596  frames=2
2026-03-23 20:45:08 [DEBUG] __main__ — [transport] frame  action=close  id=641fdfb8  size=0
2026-03-23 20:45:08 [DEBUG] __main__ — [transport] frame  action=connect  id=cf9fed98  size=0
2026-03-23 20:45:08 [INFO] __main__ — [641fdfb8] закрытие по запросу клиента
2026-03-23 20:45:08 [INFO] __main__ — [cf9fed98] CONNECT → ds4.probe.whatismyipaddress.com:443
2026-03-23 20:45:09 [INFO] __main__ — [cf9fed98] TCP connected → ds4.probe.whatismyipaddress.com:443  (171 мс)
2026-03-23 20:45:09 [DEBUG] __main__ — [transport] batch flush  frames=1  total=53B
2026-03-23 20:45:09 [DEBUG] __main__ — [transport] upload ok  fileId=2986657335  size=53
2026-03-23 20:45:09 [DEBUG] __main__ — [transport] op128 chat=1400511 sender=240002558 attaches=1
2026-03-23 20:45:09 [DEBUG] __main__ — [transport] attach full={'_type': 'FILE', 'name': 'data.bin', 'size': 635, 'fileId': 2997082382, 'token': 'f9LHodD0cOJTjqQgwEZ67wwxS76xm2-yIL3XQ0Om5IHMOU6GkrNas6f4hnO-Gc7-albxEu5j_mE625PLVq7P'}
2026-03-23 20:45:09 [DEBUG] __main__ — [transport] op88 fileId=2997082382 url=https://fd.oneme.ru/getfile?sig=mGhasdoXu6ZxxWx_IzPSW3Sz5UAlzmM2GjKCJLb6aBpSHEQwupsE-a_yua5riAnezeUEcNllVqQike04B80wWg&expires=1774381509655&clientType=6&id=2997082382&userId=240876353
2026-03-23 20:45:09 [DEBUG] __main__ — [transport] recv_file  fileId=2997082382  frames=1
2026-03-23 20:45:09 [DEBUG] __main__ — [transport] frame  action=data  id=68314881  size=764
2026-03-23 20:45:09 [DEBUG] __main__ — [68314881] <- data #2  572B  seq=1  (rx=2360B)
2026-03-23 20:45:09 [DEBUG] __main__ — [68314881] wrote 572B to remote
2026-03-23 20:45:09 [DEBUG] __main__ — [68314881] -> #3  537B  seq=2  (tx=4028B)
2026-03-23 20:45:09 [DEBUG] __main__ — [68314881] -> #4  515B  seq=3  (tx=4543B)
2026-03-23 20:45:09 [DEBUG] __main__ — [transport] batch flush  frames=2  total=1174B
2026-03-23 20:45:10 [DEBUG] __main__ — [transport] upload ok  fileId=2978735400  size=1174
2026-03-23 20:45:10 [DEBUG] __main__ — [transport] op128 chat=1400511 sender=240002558 attaches=1
2026-03-23 20:45:10 [DEBUG] __main__ — [transport] attach full={'_type': 'FILE', 'name': 'data.bin', 'size': 94, 'fileId': 2992914915, 'token': 'f9LHodD0cOIBO-_FS04uTbaGydcskY3mzYyJCMdvTDGPXXMkmAz27ova09uSTTU_xlOw8INZMwMGYhOQUlvc'}
2026-03-23 20:45:10 [DEBUG] __main__ — [transport] op88 fileId=2992914915 url=https://fd.oneme.ru/getfile?sig=Tigu0FF1pthROopsaJBARAGDUX1umA95gB5v2X82UX-l3w6OdvsubUZb69A1N1onaUcq9cMN5lNAJhFO8mIrUw&expires=1774381510883&clientType=6&id=2992914915&userId=240876353
2026-03-23 20:45:11 [DEBUG] __main__ — [transport] recv_file  fileId=2992914915  frames=1
2026-03-23 20:45:11 [DEBUG] __main__ — [transport] frame  action=data  id=5b7ccb3a  size=44
2026-03-23 20:45:11 [DEBUG] __main__ — [5b7ccb3a] <- data #3  31B  seq=2  (rx=2354B)
2026-03-23 20:45:11 [DEBUG] __main__ — [5b7ccb3a] wrote 31B to remote
2026-03-23 20:45:11 [DEBUG] __main__ — [transport] op128 chat=1400511 sender=240002558 attaches=1
2026-03-23 20:45:11 [DEBUG] __main__ — [transport] attach full={'_type': 'FILE', 'name': 'data.bin', 'size': 1947, 'fileId': 2992086958, 'token': 'f9LHodD0cOKeQyqjlXyOH6nNtXCXnk6erKCj0ExJQHzmjKWv4E9TPx71J5yYM53C1X5W5MfURDruNh5LtufR'}
2026-03-23 20:45:11 [DEBUG] __main__ — [transport] op88 fileId=2992086958 url=https://fd.oneme.ru/getfile?sig=Z6BRn9t_eckXGYllS-5jMphr_JUvp8EaiTUvWohVk0Lh300v2o4OFk0oMP6ES5rHf8xLUzGnckwqWsyHU2I-nA&expires=1774381511959&clientType=6&id=2992086958&userId=240876353
2026-03-23 20:45:12 [DEBUG] __main__ — [transport] recv_file  fileId=2992086958  frames=1
2026-03-23 20:45:12 [DEBUG] __main__ — [transport] frame  action=data  id=cf9fed98  size=2512
2026-03-23 20:45:12 [DEBUG] __main__ — [cf9fed98] <- data #1  1884B  seq=0  (rx=1884B)
2026-03-23 20:45:12 [DEBUG] __main__ — [cf9fed98] wrote 1884B to remote
2026-03-23 20:45:12 [DEBUG] __main__ — [cf9fed98] -> #1  244B  seq=0  (tx=244B)
2026-03-23 20:45:12 [DEBUG] __main__ — [transport] batch flush  frames=1  total=307B
2026-03-23 20:45:12 [DEBUG] __main__ — [transport] upload ok  fileId=2990988223  size=307
2026-03-23 20:45:13 [DEBUG] __main__ — [transport] op128 chat=1400511 sender=240002558 attaches=1
2026-03-23 20:45:13 [DEBUG] __main__ — [transport] attach full={'_type': 'FILE', 'name': 'data.bin', 'size': 94, 'fileId': 2988068569, 'token': 'f9LHodD0cOI3D52ilAaAVTLbbKd7eCyMPmtLWXJ-M88LlwLgDrJqCsiB9vlGb_AUDs0OU9bK-UWEMHbFCydb'}
2026-03-23 20:45:14 [DEBUG] __main__ — [transport] op128 chat=1400511 sender=240002558 attaches=1
2026-03-23 20:45:14 [DEBUG] __main__ — [transport] attach full={'_type': 'FILE', 'name': 'data.bin', 'size': 95, 'fileId': 2989179190, 'token': 'f9LHodD0cOKiQfekttJ7hx8UPDM5tXyilvpWVF9VuVtvinuwGk27ems8t67rtCbJGbNk97Efypp2apddzpfa'}
2026-03-23 20:45:14 [DEBUG] __main__ — [transport:server] keepalive sent
2026-03-23 20:45:15 [DEBUG] __main__ — [transport] op128 chat=1400511 sender=240002558 attaches=1
2026-03-23 20:45:15 [DEBUG] __main__ — [transport] attach full={'_type': 'FILE', 'name': 'data.bin', 'size': 231, 'fileId': 2991167562, 'token': 'f9LHodD0cOKphbfUo32MAAj_OeRwjJj4Ry2iVgsZCCy7GyGJyeOzxeW5rpYmfHIwxxnVNxr2m9wgkZ0xotHZ'}
2026-03-23 20:45:23 [ERROR] __main__ — [transport] op88 timeout fileId=2988068569
2026-03-23 20:45:24 [ERROR] __main__ — [transport] op88 timeout fileId=2989179190
2026-03-23 20:45:24 [INFO] __main__ — [poll] активных ссылок: 1
2026-03-23 20:45:25 [ERROR] __main__ — [transport] op88 timeout fileId=2991167562
2026-03-23 20:45:29 [INFO] __main__ — [5b7ccb3a] pipe done | rx=2354B/3f (0.1 КБ/с)  tx=4368B/4f (0.2 КБ/с)  28.1s
2026-03-23 20:45:29 [INFO] __main__ — [cf9fed98] pipe done | rx=1884B/1f (0.1 КБ/с)  tx=244B/1f (0.0 КБ/с)  20.2s
2026-03-23 20:45:29 [INFO] __main__ — [ebffe76e] pipe done | rx=3210B/6f (0.1 КБ/с)  tx=46419B/19f (1.1 КБ/с)  42.5s
2026-03-23 20:45:29 [INFO] __main__ — [68314881] pipe done | rx=2360B/2f (0.1 КБ/с)  tx=4543B/4f (0.2 КБ/с)  25.6s
2026-03-23 20:45:29 [DEBUG] __main__ — [5b7ccb3a] socket closed
2026-03-23 20:45:29 [DEBUG] __main__ — [cf9fed98] socket closed
2026-03-23 20:45:29 [DEBUG] __main__ — [ebffe76e] socket closed
2026-03-23 20:45:29 [DEBUG] __main__ — [68314881] socket closed
2026-03-23 20:45:29 [DEBUG] __main__ — [transport] batch flush  frames=4  total=216B
2026-03-23 20:45:29 [INFO] __main__ — [proxy:Андрей] остановлен
