2026-03-24 21:19:33 [DEBUG] __main__ — [tun] ip link set tun0 up mtu 1400: OK
2026-03-24 21:19:33 [DEBUG] __main__ — [tun] ip addr add 10.0.1.1/30 dev tun0: OK
2026-03-24 21:19:34 [INFO] __main__ — Авторизован [client:acc1], chatId=0
2026-03-24 21:19:37 [DEBUG] __main__ — [tun] → 1 pkts  raw=66B  packed=67B
2026-03-24 21:19:37 [INFO] __main__ — BATCH TUN→  pkts=1  0КБ  packed=0КБ
2026-03-24 21:19:38 [DEBUG] __main__ — [transport:acc1] upload ok fileId=3001306978 size=67
2026-03-24 21:19:38 [DEBUG] __main__ — [tun] → 1 pkts  raw=66B  packed=67B
2026-03-24 21:19:38 [INFO] __main__ — BATCH TUN→  pkts=1  0КБ  packed=0КБ
2026-03-24 21:19:38 [DEBUG] __main__ — [transport:acc1] upload ok fileId=3000033623 size=67
2026-03-24 21:19:39 [DEBUG] __main__ — [tun] → 1 pkts  raw=66B  packed=67B
2026-03-24 21:19:39 [INFO] __main__ — BATCH TUN→  pkts=1  0КБ  packed=0КБ
2026-03-24 21:19:39 [DEBUG] __main__ — [transport:acc1] upload ok fileId=3000033879 size=67
2026-03-24 21:19:40 [DEBUG] __main__ — [tun] → 1 pkts  raw=66B  packed=67B
2026-03-24 21:19:40 [INFO] __main__ — BATCH TUN→  pkts=1  0КБ  packed=0КБ
2026-03-24 21:19:40 [DEBUG] __main__ — [transport:acc1] upload ok fileId=3004172369 size=67
2026-03-24 21:19:41 [DEBUG] __main__ — [tun] → 1 pkts  raw=66B  packed=67B
2026-03-24 21:19:41 [INFO] __main__ — BATCH TUN→  pkts=1  0КБ  packed=0КБ
2026-03-24 21:19:41 [DEBUG] __main__ — [transport:acc1] upload ok fileId=3000034135 size=67
2026-03-24 21:19:42 [DEBUG] __main__ — [tun] → 1 pkts  raw=66B  packed=67B
2026-03-24 21:19:42 [INFO] __main__ — BATCH TUN→  pkts=1  0КБ  packed=0КБ
2026-03-24 21:19:43 [DEBUG] __main__ — [transport:acc1] upload ok fileId=2996025432 size=67
2026-03-24 21:19:44 [DEBUG] __main__ — [tun] → 1 pkts  raw=66B  packed=67B
2026-03-24 21:19:44 [INFO] __main__ — BATCH TUN→  pkts=1  0КБ  packed=0КБ
2026-03-24 21:19:45 [DEBUG] __main__ — [transport:acc1] upload ok fileId=3000034391 size=67
2026-03-24 21:19:48 [DEBUG] __main__ — [tun] → 1 pkts  raw=66B  packed=67B
2026-03-24 21:19:48 [INFO] __main__ — BATCH TUN→  pkts=1  0КБ  packed=0КБ
2026-03-24 21:19:49 [DEBUG] __main__ — [transport:acc1] upload ok fileId=2999480088 size=67
2026-03-24 21:19:57 [DEBUG] __main__ — [tun] → 1 pkts  raw=66B  packed=67B
2026-03-24 21:19:57 [INFO] __main__ — BATCH TUN→  pkts=1  0КБ  packed=0КБ
2026-03-24 21:19:57 [DEBUG] __main__ — [transport:acc1] upload ok fileId=3004172881 size=67
2026-03-24 21:20:13 [DEBUG] __main__ — [tun] → 1 pkts  raw=66B  packed=67B
2026-03-24 21:20:13 [INFO] __main__ — BATCH TUN→  pkts=1  0КБ  packed=0КБ
2026-03-24 21:20:13 [DEBUG] __main__ — [transport:acc1] upload ok fileId=2993510228 size=67
2026-03-24 21:20:16 [ERROR] asyncio — Unclosed client session
client_session: <aiohttp.client.ClientSession object at 0x793ccad00d00>
2026-03-24 21:20:16 [ERROR] asyncio — Unclosed connector
connections: ['deque([(<aiohttp.client_proto.ResponseHandler object at 0x793ccad1d6c0>, 162616.69271113)])']
connector: <aiohttp.connector.TCPConnector object at 0x793ccad00790>
2026-03-24 21:20:16 [ERROR] asyncio — Fatal error on SSL transport
protocol: <asyncio.sslproto.SSLProtocol object at 0x793ccba9e0e0>
transport: <_SelectorSocketTransport closing fd=9>
Traceback (most recent call last):
  File "/usr/lib/python3.10/asyncio/selector_events.py", line 924, in write
    n = self._sock.send(data)
OSError: [Errno 9] Bad file descriptor

During handling of the above exception, another exception occurred:

Traceback (most recent call last):
  File "/usr/lib/python3.10/asyncio/sslproto.py", line 690, in _process_write_backlog
    self._transport.write(chunk)
  File "/usr/lib/python3.10/asyncio/selector_events.py", line 930, in write
    self._fatal_error(exc, 'Fatal write error on socket transport')
  File "/usr/lib/python3.10/asyncio/selector_events.py", line 725, in _fatal_error
    self._force_close(exc)
  File "/usr/lib/python3.10/asyncio/selector_events.py", line 737, in _force_close
    self._loop.call_soon(self._call_connection_lost, exc)
  File "/usr/lib/python3.10/asyncio/base_events.py", line 753, in call_soon
    self._check_closed()
  File "/usr/lib/python3.10/asyncio/base_events.py", line 515, in _check_closed
    raise RuntimeError('Event loop is closed')
RuntimeError: Event loop is closed
