2026-03-24 21:06:09 [DEBUG] __main__ — [tun] ip link set tun0 up mtu 1400: OK
2026-03-24 21:06:09 [DEBUG] __main__ — [tun] ip addr add 10.0.0.2/30 dev tun0: OK
2026-03-24 21:06:09 [DEBUG] __main__ — [tun] ip route add 10.0.0.1/32 dev tun0: OK
2026-03-24 21:06:09 [ERROR] __main__ — [tun] read error: [Errno 11] Resource temporarily unavailable
2026-03-24 21:06:09 [ERROR] __main__ — [tun] read error: [Errno 11] Resource temporarily unavailable
2026-03-24 21:06:09 [ERROR] __main__ — [tun] read error: [Errno 11] Resource temporarily unavailable
2026-03-24 21:06:10 [ERROR] __main__ — [tun] read error: [Errno 11] Resource temporarily unavailable
2026-03-24 21:06:10 [INFO] __main__ — [poll] активных ссылок: 1
2026-03-24 21:06:10 [INFO] __main__ — [sync] добавляем: https://max.ru/u/f9LHodD0cOLSv4G88y6aJUnuBwDWtOabajgudb8lC2a1yX4zO275z8gu3fU
2026-03-24 21:06:10 [INFO] __main__ — [proxy:self-chat] WS подключение (acc1, chat_id=0)
2026-03-24 21:06:10 [INFO] __main__ — [proxy:self-chat] WS подключение (acc2, chat_id=0)
2026-03-24 21:06:10 [ERROR] __main__ — [tun] read error: [Errno 11] Resource temporarily unavailable
2026-03-24 21:06:10 [ERROR] __main__ — [tun] read error: [Errno 11] Resource temporarily unavailable
2026-03-24 21:06:10 [ERROR] __main__ — [tun] read error: [Errno 11] Resource temporarily unavailable
2026-03-24 21:06:10 [ERROR] __main__ — [tun] read error: [Errno 11] Resource temporarily unavailable
2026-03-24 21:06:10 [ERROR] __main__ — [tun] read error: [Errno 11] Resource temporarily unavailable
2026-03-24 21:06:10 [ERROR] __main__ — [tun] read error: [Errno 11] Resource temporarily unavailable
2026-03-24 21:06:10 [ERROR] __main__ — [tun] read error: [Errno 11] Resource temporarily unavailable
2026-03-24 21:06:10 [ERROR] __main__ — [tun] read error: [Errno 11] Resource temporarily unavailable
2026-03-24 21:06:10 [ERROR] __main__ — [tun] read error: [Errno 11] Resource temporarily unavailable
2026-03-24 21:06:10 [INFO] __main__ — Авторизован [server:acc1], chatId=0
2026-03-24 21:06:11 [ERROR] __main__ — [tun] read error: [Errno 11] Resource temporarily unavailable
2026-03-24 21:06:11 [ERROR] __main__ — [tun] read error: [Errno 11] Resource temporarily unavailable
2026-03-24 21:06:11 [ERROR] __main__ — [tun] read error: [Errno 11] Resource temporarily unavailable
2026-03-24 21:06:11 [INFO] __main__ — Авторизован [server:acc2], chatId=0
2026-03-24 21:06:11 [ERROR] __main__ — [tun] read error: [Errno 11] Resource temporarily unavailable
2026-03-24 21:06:11 [ERROR] __main__ — [tun] read error: [Errno 11] Resource temporarily unavailable
2026-03-24 21:06:11 [ERROR] __main__ — [tun] read error: [Errno 11] Resource temporarily unavailable
2026-03-24 21:06:11 [ERROR] __main__ — [tun] read error: [Errno 11] Resource temporarily unavailable
2026-03-24 21:06:11 [ERROR] __main__ — [tun] read error: [Errno 11] Resource temporarily unavailable
2026-03-24 21:06:11 [ERROR] __main__ — [tun] read error: [Errno 11] Resource temporarily unavailable
2026-03-24 21:06:11 [ERROR] __main__ — [tun] read error: [Errno 11] Resource temporarily unavailable
2026-03-24 21:06:12 [ERROR] __main__ — [tun] read error: [Errno 11] Resource temporarily unavailable
2026-03-24 21:06:12 [ERROR] __main__ — [tun] read error: [Errno 11] Resource temporarily unavailable
2026-03-24 21:06:12 [ERROR] __main__ — [tun] read error: [Errno 11] Resource temporarily unavailable
2026-03-24 21:06:12 [ERROR] __main__ — [tun] read error: [Errno 11] Resource temporarily unavailable
2026-03-24 21:06:12 [ERROR] __main__ — [tun] read error: [Errno 11] Resource temporarily unavailable
2026-03-24 21:06:12 [ERROR] __main__ — [tun] read error: [Errno 11] Resource temporarily unavailable
2026-03-24 21:06:12 [ERROR] __main__ — [tun] read error: [Errno 11] Resource temporarily unavailable
2026-03-24 21:06:12 [ERROR] __main__ — [tun] read error: [Errno 11] Resource temporarily unavailable
2026-03-24 21:06:12 [ERROR] __main__ — [tun] read error: [Errno 11] Resource temporarily unavailable
2026-03-24 21:06:12 [ERROR] __main__ — [tun] read error: [Errno 11] Resource temporarily unavailable
2026-03-24 21:06:13 [ERROR] __main__ — [tun] read error: [Errno 11] Resource temporarily unavailable
2026-03-24 21:06:13 [ERROR] __main__ — [tun] read error: [Errno 11] Resource temporarily unavailable
2026-03-24 21:06:13 [ERROR] __main__ — [tun] read error: [Errno 11] Resource temporarily unavailable
2026-03-24 21:06:13 [ERROR] __main__ — [tun] read error: [Errno 11] Resource temporarily unavailable
2026-03-24 21:06:13 [ERROR] __main__ — [tun] read error: [Errno 11] Resource temporarily unavailable
2026-03-24 21:06:13 [ERROR] __main__ — [tun] read error: [Errno 11] Resource temporarily unavailable
2026-03-24 21:06:13 [ERROR] __main__ — [tun] read error: [Errno 11] Resource temporarily unavailable
2026-03-24 21:06:13 [ERROR] __main__ — [tun] read error: [Errno 11] Resource temporarily unavailable
2026-03-24 21:06:13 [ERROR] __main__ — [tun] read error: [Errno 11] Resource temporarily unavailable
2026-03-24 21:06:13 [ERROR] __main__ — [tun] read error: [Errno 11] Resource temporarily unavailable
2026-03-24 21:06:14 [ERROR] __main__ — [tun] read error: [Errno 11] Resource temporarily unavailable
2026-03-24 21:06:14 [ERROR] __main__ — [tun] read error: [Errno 11] Resource temporarily unavailable
2026-03-24 21:06:14 [ERROR] __main__ — [tun] read error: [Errno 11] Resource temporarily unavailable
2026-03-24 21:06:14 [ERROR] __main__ — [tun] read error: [Errno 11] Resource temporarily unavailable
2026-03-24 21:06:14 [ERROR] __main__ — [tun] read error: [Errno 11] Resource temporarily unavailable
2026-03-24 21:06:14 [ERROR] __main__ — [tun] read error: [Errno 11] Resource temporarily unavailable
2026-03-24 21:06:14 [ERROR] __main__ — [tun] read error: [Errno 11] Resource temporarily unavailable
2026-03-24 21:06:14 [ERROR] __main__ — [tun] read error: [Errno 11] Resource temporarily unavailable
2026-03-24 21:06:14 [ERROR] __main__ — [tun] read error: [Errno 11] Resource temporarily unavailable
2026-03-24 21:06:14 [ERROR] __main__ — [tun] read error: [Errno 11] Resource temporarily unavailable
2026-03-24 21:06:15 [ERROR] __main__ — [tun] read error: [Errno 11] Resource temporarily unavailable
2026-03-24 21:06:15 [ERROR] __main__ — [tun] read error: [Errno 11] Resource temporarily unavailable
2026-03-24 21:06:15 [ERROR] __main__ — [tun] read error: [Errno 11] Resource temporarily unavailable
2026-03-24 21:06:15 [ERROR] __main__ — [tun] read error: [Errno 11] Resource temporarily unavailable
2026-03-24 21:06:15 [ERROR] __main__ — [tun] read error: [Errno 11] Resource temporarily unavailable
2026-03-24 21:06:15 [ERROR] __main__ — [tun] read error: [Errno 11] Resource temporarily unavailable
2026-03-24 21:06:15 [ERROR] __main__ — [tun] read error: [Errno 11] Resource temporarily unavailable
2026-03-24 21:06:15 [ERROR] __main__ — [tun] read error: [Errno 11] Resource temporarily unavailable
2026-03-24 21:06:15 [ERROR] __main__ — [tun] read error: [Errno 11] Resource temporarily unavailable
2026-03-24 21:06:15 [ERROR] __main__ — [tun] read error: [Errno 11] Resource temporarily unavailable
2026-03-24 21:06:16 [ERROR] __main__ — [tun] read error: [Errno 11] Resource temporarily unavailable
2026-03-24 21:06:16 [ERROR] __main__ — [tun] read error: [Errno 11] Resource temporarily unavailable
2026-03-24 21:06:16 [ERROR] __main__ — [tun] read error: [Errno 11] Resource temporarily unavailable
2026-03-24 21:06:16 [ERROR] __main__ — [tun] read error: [Errno 11] Resource temporarily unavailable
2026-03-24 21:06:16 [ERROR] __main__ — [tun] read error: [Errno 11] Resource temporarily unavailable
2026-03-24 21:06:16 [ERROR] __main__ — [tun] read error: [Errno 11] Resource temporarily unavailable
2026-03-24 21:06:16 [ERROR] __main__ — [tun] read error: [Errno 11] Resource temporarily unavailable
2026-03-24 21:06:16 [ERROR] __main__ — [tun] read error: [Errno 11] Resource temporarily unavailable
2026-03-24 21:06:16 [ERROR] __main__ — [tun] read error: [Errno 11] Resource temporarily unavailable
2026-03-24 21:06:16 [ERROR] __main__ — [tun] read error: [Errno 11] Resource temporarily unavailable
2026-03-24 21:06:17 [ERROR] __main__ — [tun] read error: [Errno 11] Resource temporarily unavailable
2026-03-24 21:06:17 [ERROR] __main__ — [tun] read error: [Errno 11] Resource temporarily unavailable
2026-03-24 21:06:17 [ERROR] __main__ — [tun] read error: [Errno 11] Resource temporarily unavailable
2026-03-24 21:06:17 [ERROR] __main__ — [tun] read error: [Errno 11] Resource temporarily unavailable
2026-03-24 21:06:17 [ERROR] __main__ — [tun] read error: [Errno 11] Resource temporarily unavailable
2026-03-24 21:06:17 [ERROR] __main__ — [tun] read error: [Errno 11] Resource temporarily unavailable
2026-03-24 21:06:17 [ERROR] __main__ — [tun] read error: [Errno 11] Resource temporarily unavailable
2026-03-24 21:06:17 [ERROR] __main__ — [tun] read error: [Errno 11] Resource temporarily unavailable
2026-03-24 21:06:17 [ERROR] __main__ — [tun] read error: [Errno 11] Resource temporarily unavailable
2026-03-24 21:06:18 [ERROR] __main__ — [tun] read error: [Errno 11] Resource temporarily unavailable
2026-03-24 21:06:18 [ERROR] __main__ — [tun] read error: [Errno 11] Resource temporarily unavailable
2026-03-24 21:06:18 [ERROR] __main__ — [tun] read error: [Errno 11] Resource temporarily unavailable
2026-03-24 21:06:18 [ERROR] __main__ — [tun] read error: [Errno 11] Resource temporarily unavailable
2026-03-24 21:06:18 [ERROR] __main__ — [tun] read error: [Errno 11] Resource temporarily unavailable
2026-03-24 21:06:18 [ERROR] __main__ — [tun] read error: [Errno 11] Resource temporarily unavailable
2026-03-24 21:06:18 [ERROR] __main__ — [tun] read error: [Errno 11] Resource temporarily unavailable
2026-03-24 21:06:18 [ERROR] __main__ — [tun] read error: [Errno 11] Resource temporarily unavailable
2026-03-24 21:06:18 [ERROR] __main__ — [tun] read error: [Errno 11] Resource temporarily unavailable
2026-03-24 21:06:18 [ERROR] __main__ — [tun] read error: [Errno 11] Resource temporarily unavailable
2026-03-24 21:06:19 [ERROR] __main__ — [tun] read error: [Errno 11] Resource temporarily unavailable
2026-03-24 21:06:19 [ERROR] __main__ — [tun] read error: [Errno 11] Resource temporarily unavailable
2026-03-24 21:06:19 [ERROR] __main__ — [tun] read error: [Errno 11] Resource temporarily unavailable
2026-03-24 21:06:19 [ERROR] __main__ — [tun] read error: [Errno 11] Resource temporarily unavailable
2026-03-24 21:06:19 [ERROR] __main__ — [tun] read error: [Errno 11] Resource temporarily unavailable
2026-03-24 21:06:19 [ERROR] __main__ — [tun] read error: [Errno 11] Resource temporarily unavailable
2026-03-24 21:06:19 [ERROR] __main__ — [tun] read error: [Errno 11] Resource temporarily unavailable
2026-03-24 21:06:19 [ERROR] __main__ — [tun] read error: [Errno 11] Resource temporarily unavailable
2026-03-24 21:06:19 [ERROR] __main__ — [tun] read error: [Errno 11] Resource temporarily unavailable
2026-03-24 21:06:19 [ERROR] __main__ — [tun] read error: [Errno 11] Resource temporarily unavailable
2026-03-24 21:06:20 [ERROR] __main__ — [tun] read error: [Errno 11] Resource temporarily unavailable
2026-03-24 21:06:20 [ERROR] __main__ — [tun] read error: [Errno 11] Resource temporarily unavailable
2026-03-24 21:06:20 [ERROR] __main__ — [tun] read error: [Errno 11] Resource temporarily unavailable
2026-03-24 21:06:20 [ERROR] __main__ — [tun] read error: [Errno 11] Resource temporarily unavailable
2026-03-24 21:06:20 [ERROR] __main__ — [tun] read error: [Errno 11] Resource temporarily unavailable
2026-03-24 21:06:20 [ERROR] __main__ — [tun] read error: [Errno 11] Resource temporarily unavailable
2026-03-24 21:06:20 [ERROR] __main__ — [tun] read error: [Errno 11] Resource temporarily unavailable
2026-03-24 21:06:20 [ERROR] __main__ — [tun] read error: [Errno 11] Resource temporarily unavailable
2026-03-24 21:06:20 [ERROR] __main__ — [tun] read error: [Errno 11] Resource temporarily unavailable
2026-03-24 21:06:20 [ERROR] __main__ — [tun] read error: [Errno 11] Resource temporarily unavailable
2026-03-24 21:06:21 [ERROR] __main__ — [tun] read error: [Errno 11] Resource temporarily unavailable
2026-03-24 21:06:21 [ERROR] __main__ — [tun] read error: [Errno 11] Resource temporarily unavailable
2026-03-24 21:06:21 [ERROR] __main__ — [tun] read error: [Errno 11] Resource temporarily unavailable
2026-03-24 21:06:21 [ERROR] __main__ — [tun] read error: [Errno 11] Resource temporarily unavailable
2026-03-24 21:06:21 [ERROR] __main__ — [tun] read error: [Errno 11] Resource temporarily unavailable
2026-03-24 21:06:21 [ERROR] __main__ — [tun] read error: [Errno 11] Resource temporarily unavailable
2026-03-24 21:06:21 [ERROR] __main__ — [tun] read error: [Errno 11] Resource temporarily unavailable
2026-03-24 21:06:21 [ERROR] __main__ — [tun] read error: [Errno 11] Resource temporarily unavailable
2026-03-24 21:06:21 [ERROR] __main__ — [tun] read error: [Errno 11] Resource temporarily unavailable
2026-03-24 21:06:21 [ERROR] __main__ — [tun] read error: [Errno 11] Resource temporarily unavailable
2026-03-24 21:06:22 [ERROR] __main__ — [tun] read error: [Errno 11] Resource temporarily unavailable
2026-03-24 21:06:22 [ERROR] __main__ — [tun] read error: [Errno 11] Resource temporarily unavailable
2026-03-24 21:06:22 [ERROR] __main__ — [tun] read error: [Errno 11] Resource temporarily unavailable
2026-03-24 21:06:22 [ERROR] __main__ — [tun] read error: [Errno 11] Resource temporarily unavailable
2026-03-24 21:06:22 [ERROR] __main__ — [tun] read error: [Errno 11] Resource temporarily unavailable
2026-03-24 21:06:22 [ERROR] __main__ — [tun] read error: [Errno 11] Resource temporarily unavailable
2026-03-24 21:06:22 [ERROR] __main__ — [tun] read error: [Errno 11] Resource temporarily unavailable
2026-03-24 21:06:22 [ERROR] __main__ — [tun] read error: [Errno 11] Resource temporarily unavailable
2026-03-24 21:06:22 [ERROR] __main__ — [tun] read error: [Errno 11] Resource temporarily unavailable
2026-03-24 21:06:22 [ERROR] __main__ — [tun] read error: [Errno 11] Resource temporarily unavailable
2026-03-24 21:06:23 [ERROR] __main__ — [tun] read error: [Errno 11] Resource temporarily unavailable
2026-03-24 21:06:23 [ERROR] __main__ — [tun] read error: [Errno 11] Resource temporarily unavailable
2026-03-24 21:06:23 [ERROR] __main__ — [tun] read error: [Errno 11] Resource temporarily unavailable
2026-03-24 21:06:23 [ERROR] __main__ — [tun] read error: [Errno 11] Resource temporarily unavailable
2026-03-24 21:06:23 [ERROR] __main__ — [tun] read error: [Errno 11] Resource temporarily unavailable
2026-03-24 21:06:23 [ERROR] __main__ — [tun] read error: [Errno 11] Resource temporarily unavailable
2026-03-24 21:06:23 [ERROR] __main__ — [tun] read error: [Errno 11] Resource temporarily unavailable
2026-03-24 21:06:23 [ERROR] __main__ — [tun] read error: [Errno 11] Resource temporarily unavailable
2026-03-24 21:06:23 [ERROR] __main__ — [tun] read error: [Errno 11] Resource temporarily unavailable
2026-03-24 21:06:23 [ERROR] __main__ — [tun] read error: [Errno 11] Resource temporarily unavailable
2026-03-24 21:06:24 [ERROR] __main__ — [tun] read error: [Errno 11] Resource temporarily unavailable
2026-03-24 21:06:24 [ERROR] __main__ — [tun] read error: [Errno 11] Resource temporarily unavailable
2026-03-24 21:06:24 [ERROR] __main__ — [tun] read error: [Errno 11] Resource temporarily unavailable
2026-03-24 21:06:24 [ERROR] __main__ — [tun] read error: [Errno 11] Resource temporarily unavailable
2026-03-24 21:06:24 [ERROR] __main__ — [tun] read error: [Errno 11] Resource temporarily unavailable
2026-03-24 21:06:24 [ERROR] __main__ — [tun] read error: [Errno 11] Resource temporarily unavailable
2026-03-24 21:06:24 [ERROR] __main__ — [tun] read error: [Errno 11] Resource temporarily unavailable
2026-03-24 21:06:24 [ERROR] __main__ — [tun] read error: [Errno 11] Resource temporarily unavailable
2026-03-24 21:06:24 [ERROR] __main__ — [tun] read error: [Errno 11] Resource temporarily unavailable
2026-03-24 21:06:24 [ERROR] __main__ — [tun] read error: [Errno 11] Resource temporarily unavailable
2026-03-24 21:06:25 [ERROR] __main__ — [tun] read error: [Errno 11] Resource temporarily unavailable
2026-03-24 21:06:25 [ERROR] __main__ — [tun] read error: [Errno 11] Resource temporarily unavailable
2026-03-24 21:06:25 [ERROR] __main__ — [tun] read error: [Errno 11] Resource temporarily unavailable
2026-03-24 21:06:25 [ERROR] __main__ — [tun] read error: [Errno 11] Resource temporarily unavailable
2026-03-24 21:06:25 [ERROR] __main__ — [tun] read error: [Errno 11] Resource temporarily unavailable
2026-03-24 21:06:25 [ERROR] __main__ — [tun] read error: [Errno 11] Resource temporarily unavailable
2026-03-24 21:06:25 [ERROR] __main__ — [tun] read error: [Errno 11] Resource temporarily unavailable
2026-03-24 21:06:25 [ERROR] __main__ — [tun] read error: [Errno 11] Resource temporarily unavailable
2026-03-24 21:06:25 [ERROR] __main__ — [tun] read error: [Errno 11] Resource temporarily unavailable
2026-03-24 21:06:25 [ERROR] __main__ — [tun] read error: [Errno 11] Resource temporarily unavailable
2026-03-24 21:06:26 [ERROR] __main__ — [tun] read error: [Errno 11] Resource temporarily unavailable
2026-03-24 21:06:26 [ERROR] __main__ — [tun] read error: [Errno 11] Resource temporarily unavailable
2026-03-24 21:06:26 [ERROR] __main__ — [tun] read error: [Errno 11] Resource temporarily unavailable
2026-03-24 21:06:26 [ERROR] __main__ — [tun] read error: [Errno 11] Resource temporarily unavailable
2026-03-24 21:06:26 [ERROR] __main__ — [tun] read error: [Errno 11] Resource temporarily unavailable
2026-03-24 21:06:26 [ERROR] __main__ — [tun] read error: [Errno 11] Resource temporarily unavailable
2026-03-24 21:06:26 [ERROR] __main__ — [tun] read error: [Errno 11] Resource temporarily unavailable
2026-03-24 21:06:26 [ERROR] __main__ — [tun] read error: [Errno 11] Resource temporarily unavailable
2026-03-24 21:06:26 [ERROR] __main__ — [tun] read error: [Errno 11] Resource temporarily unavailable
2026-03-24 21:06:26 [ERROR] __main__ — [tun] read error: [Errno 11] Resource temporarily unavailable
2026-03-24 21:06:27 [ERROR] __main__ — [tun] read error: [Errno 11] Resource temporarily unavailable
2026-03-24 21:06:27 [ERROR] __main__ — [tun] read error: [Errno 11] Resource temporarily unavailable
2026-03-24 21:06:27 [ERROR] __main__ — [tun] read error: [Errno 11] Resource temporarily unavailable
2026-03-24 21:06:27 [ERROR] __main__ — [tun] read error: [Errno 11] Resource temporarily unavailable
2026-03-24 21:06:27 [ERROR] __main__ — [tun] read error: [Errno 11] Resource temporarily unavailable
2026-03-24 21:06:27 [ERROR] __main__ — [tun] read error: [Errno 11] Resource temporarily unavailable
2026-03-24 21:06:27 [ERROR] __main__ — [tun] read error: [Errno 11] Resource temporarily unavailable
2026-03-24 21:06:27 [ERROR] __main__ — [tun] read error: [Errno 11] Resource temporarily unavailable
2026-03-24 21:06:27 [ERROR] __main__ — [tun] read error: [Errno 11] Resource temporarily unavailable
2026-03-24 21:06:27 [ERROR] __main__ — [tun] read error: [Errno 11] Resource temporarily unavailable
2026-03-24 21:06:28 [ERROR] __main__ — [tun] read error: [Errno 11] Resource temporarily unavailable
2026-03-24 21:06:28 [ERROR] __main__ — [tun] read error: [Errno 11] Resource temporarily unavailable
2026-03-24 21:06:28 [ERROR] __main__ — [tun] read error: [Errno 11] Resource temporarily unavailable
2026-03-24 21:06:28 [INFO] __main__ — [proxy:self-chat] acc1 остановлен
2026-03-24 21:06:28 [INFO] __main__ — [proxy:self-chat] acc2 остановлен
2026-03-24 21:06:28 [ERROR] asyncio — Unclosed client session
client_session: <aiohttp.client.ClientSession object at 0x71beecf115a0>
2026-03-24 21:06:28 [ERROR] asyncio — Unclosed client session
client_session: <aiohttp.client.ClientSession object at 0x71beee3338e0>
