2026-03-24 21:22:50 [DEBUG] __main__ — [tun] ip link set tun1 up mtu 1400: OK
2026-03-24 21:22:50 [DEBUG] __main__ — [tun] ip addr add 10.0.1.2/30 dev tun1: OK
2026-03-24 21:22:50 [DEBUG] __main__ — [tun] ip route add 10.0.1.1/32 dev tun1: OK
2026-03-24 21:22:50 [INFO] __main__ — Восстановлено 1 сессий
2026-03-24 21:22:50 [INFO] __main__ — [proxy:self-chat] WS подключение (acc1, chat_id=0)
2026-03-24 21:22:50 [DEBUG] __main__ — [tun] → клиент: 1 pkts  raw=54B  packed=48B
2026-03-24 21:22:50 [INFO] __main__ — BATCH TUN→  pkts=1  0КБ  packed=0КБ
2026-03-24 21:22:50 [ERROR] __main__ — [proxy:self-chat] acc1 разрыв: ConnectionClosedError(None, None, None). Reconnect in 5s...
2026-03-24 21:22:50 [INFO] __main__ — [poll] активных ссылок: 1
2026-03-24 21:22:53 [DEBUG] __main__ — [tun] → клиент: 1 pkts  raw=54B  packed=48B
2026-03-24 21:22:53 [INFO] __main__ — BATCH TUN→  pkts=1  0КБ  packed=0КБ
2026-03-24 21:22:55 [ERROR] asyncio — Task exception was never retrieved
future: <Task finished name='Task-10' coro=<MaxTransport._recv_loop() done, defined at /var/www/html2/xyemax.test/tun/server/server.py:358> exception=ConnectionClosedError(None, None, None)>
Traceback (most recent call last):
  File "/var/www/html2/xyemax.test/tun/server/server.py", line 359, in _recv_loop
    async for raw in self.ws:
  File "/usr/local/lib/python3.10/dist-packages/websockets/asyncio/connection.py", line 244, in __aiter__
    yield await self.recv()
  File "/usr/local/lib/python3.10/dist-packages/websockets/asyncio/connection.py", line 324, in recv
    raise self.protocol.close_exc from self.recv_exc
websockets.exceptions.ConnectionClosedError: no close frame received or sent
2026-03-24 21:22:55 [INFO] __main__ — [proxy:self-chat] WS подключение (acc1, chat_id=0)
2026-03-24 21:22:55 [INFO] __main__ — Авторизован [server:acc1], chatId=0
2026-03-24 21:23:00 [WARNING] __main__ — [transport:acc1] op87 timeout attempt=1/3
2026-03-24 21:23:00 [DEBUG] __main__ — [tun] → клиент: 1 pkts  raw=54B  packed=48B
2026-03-24 21:23:00 [INFO] __main__ — BATCH TUN→  pkts=1  0КБ  packed=0КБ
2026-03-24 21:23:00 [DEBUG] __main__ — [transport:acc1] upload ok fileId=2999766547 size=48
2026-03-24 21:23:01 [DEBUG] __main__ — [transport:acc1] published fileId=2999766547 size=48
2026-03-24 21:23:02 [ERROR] __main__ — [transport:acc1] send_worker error: no close frame received or sent
Traceback (most recent call last):
  File "/var/www/html2/xyemax.test/tun/server/server.py", line 278, in _send_worker
    await self._upload_and_publish(file_body)
  File "/var/www/html2/xyemax.test/tun/server/server.py", line 293, in _upload_and_publish
    await self._send_raw(87, {"count": 1})
  File "/var/www/html2/xyemax.test/tun/server/server.py", line 255, in _send_raw
    await self.ws.send(json.dumps(frame, ensure_ascii=False, separators=(",", ":")))
  File "/usr/local/lib/python3.10/dist-packages/websockets/asyncio/connection.py", line 478, in send
    async with self.send_context():
  File "/usr/lib/python3.10/contextlib.py", line 199, in __aenter__
    return await anext(self.gen)
  File "/usr/local/lib/python3.10/dist-packages/websockets/asyncio/connection.py", line 965, in send_context
    raise self.protocol.close_exc from original_exc
websockets.exceptions.ConnectionClosedError: no close frame received or sent
2026-03-24 21:23:02 [ERROR] __main__ — [transport:acc1] send_worker error: no close frame received or sent
Traceback (most recent call last):
  File "/var/www/html2/xyemax.test/tun/server/server.py", line 278, in _send_worker
    await self._upload_and_publish(file_body)
  File "/var/www/html2/xyemax.test/tun/server/server.py", line 293, in _upload_and_publish
    await self._send_raw(87, {"count": 1})
  File "/var/www/html2/xyemax.test/tun/server/server.py", line 255, in _send_raw
    await self.ws.send(json.dumps(frame, ensure_ascii=False, separators=(",", ":")))
  File "/usr/local/lib/python3.10/dist-packages/websockets/asyncio/connection.py", line 478, in send
    async with self.send_context():
  File "/usr/lib/python3.10/contextlib.py", line 199, in __aenter__
    return await anext(self.gen)
  File "/usr/local/lib/python3.10/dist-packages/websockets/asyncio/connection.py", line 965, in send_context
    raise self.protocol.close_exc from original_exc
websockets.exceptions.ConnectionClosedError: no close frame received or sent
2026-03-24 21:23:12 [DEBUG] __main__ — [transport:acc1] recv_file fileId=2996306229 size=54
2026-03-24 21:23:12 [DEBUG] __main__ — [transport:acc1] recv_file fileId=3002557839 size=54
2026-03-24 21:23:14 [DEBUG] __main__ — [transport:acc1] recv_file fileId=3003000901 size=66
2026-03-24 21:23:15 [DEBUG] __main__ — [tun] → клиент: 1 pkts  raw=54B  packed=48B
2026-03-24 21:23:15 [INFO] __main__ — BATCH TUN→  pkts=1  0КБ  packed=0КБ
2026-03-24 21:23:15 [DEBUG] __main__ — [transport:acc1] upload ok fileId=3003770132 size=48
2026-03-24 21:23:15 [DEBUG] __main__ — [transport:acc1] published fileId=3003770132 size=48
2026-03-24 21:23:16 [DEBUG] __main__ — [transport:acc1] recv_file fileId=3003320364 size=66
2026-03-24 21:23:17 [DEBUG] __main__ — [transport:acc1] recv_file fileId=3003320620 size=66
2026-03-24 21:23:17 [DEBUG] __main__ — [transport:acc1] recv_file fileId=2998849584 size=66
2026-03-24 21:23:19 [DEBUG] __main__ — [transport:acc1] recv_file fileId=3002720574 size=66
2026-03-24 21:23:20 [DEBUG] __main__ — [transport:acc1] recv_file fileId=2994734641 size=66
2026-03-24 21:23:20 [INFO] __main__ — [poll] активных ссылок: 1
2026-03-24 21:23:22 [DEBUG] __main__ — [transport:acc1] recv_file fileId=2997235763 size=66
2026-03-24 21:23:26 [DEBUG] __main__ — [transport:acc1] recv_file fileId=2998911466 size=66
2026-03-24 21:23:27 [DEBUG] __main__ — [transport:acc1] recv_file fileId=2989984052 size=54
2026-03-24 21:23:34 [DEBUG] __main__ — [transport:acc1] recv_file fileId=3002435374 size=66
2026-03-24 21:23:42 [DEBUG] __main__ — [tun] → клиент: 1 pkts  raw=54B  packed=48B
2026-03-24 21:23:42 [INFO] __main__ — BATCH TUN→  pkts=1  0КБ  packed=0КБ
2026-03-24 21:23:42 [DEBUG] __main__ — [transport:acc1] upload ok fileId=3003771156 size=48
2026-03-24 21:23:42 [DEBUG] __main__ — [transport:acc1] published fileId=3003771156 size=48
2026-03-24 21:23:50 [INFO] __main__ — [poll] активных ссылок: 1
2026-03-24 21:23:51 [DEBUG] __main__ — [transport:acc1] recv_file fileId=3002436142 size=66
2026-03-24 21:23:57 [DEBUG] __main__ — [transport:acc1] recv_file fileId=2997236531 size=54
2026-03-24 21:23:58 [INFO] __main__ — [proxy:self-chat] acc1 остановлен
2026-03-24 21:23:58 [ERROR] asyncio — Unclosed client session
client_session: <aiohttp.client.ClientSession object at 0x77f0a0ddb400>
2026-03-24 21:23:58 [ERROR] asyncio — Fatal error on SSL transport
protocol: <asyncio.sslproto.SSLProtocol object at 0x77f0a0088910>
transport: <_SelectorSocketTransport closing fd=10>
Traceback (most recent call last):
  File "/usr/lib/python3.10/asyncio/selector_events.py", line 924, in write
    n = self._sock.send(data)
OSError: [Errno 9] Bad file descriptor

During handling of the above exception, another exception occurred:

Traceback (most recent call last):
  File "/usr/lib/python3.10/asyncio/sslproto.py", line 690, in _process_write_backlog
    self._transport.write(chunk)
  File "/usr/lib/python3.10/asyncio/selector_events.py", line 930, in write
    self._fatal_error(exc, 'Fatal write error on socket transport')
  File "/usr/lib/python3.10/asyncio/selector_events.py", line 725, in _fatal_error
    self._force_close(exc)
  File "/usr/lib/python3.10/asyncio/selector_events.py", line 737, in _force_close
    self._loop.call_soon(self._call_connection_lost, exc)
  File "/usr/lib/python3.10/asyncio/base_events.py", line 753, in call_soon
    self._check_closed()
  File "/usr/lib/python3.10/asyncio/base_events.py", line 515, in _check_closed
    raise RuntimeError('Event loop is closed')
RuntimeError: Event loop is closed
2026-03-24 21:23:58 [ERROR] asyncio — Fatal error on SSL transport
protocol: <asyncio.sslproto.SSLProtocol object at 0x77f0a0006a40>
transport: <_SelectorSocketTransport closing fd=9>
Traceback (most recent call last):
  File "/usr/lib/python3.10/asyncio/selector_events.py", line 924, in write
    n = self._sock.send(data)
OSError: [Errno 9] Bad file descriptor

During handling of the above exception, another exception occurred:

Traceback (most recent call last):
  File "/usr/lib/python3.10/asyncio/sslproto.py", line 690, in _process_write_backlog
    self._transport.write(chunk)
  File "/usr/lib/python3.10/asyncio/selector_events.py", line 930, in write
    self._fatal_error(exc, 'Fatal write error on socket transport')
  File "/usr/lib/python3.10/asyncio/selector_events.py", line 725, in _fatal_error
    self._force_close(exc)
  File "/usr/lib/python3.10/asyncio/selector_events.py", line 737, in _force_close
    self._loop.call_soon(self._call_connection_lost, exc)
  File "/usr/lib/python3.10/asyncio/base_events.py", line 753, in call_soon
    self._check_closed()
  File "/usr/lib/python3.10/asyncio/base_events.py", line 515, in _check_closed
    raise RuntimeError('Event loop is closed')
RuntimeError: Event loop is closed
2026-03-24 21:23:58 [ERROR] asyncio — Unclosed connector
connections: ['deque([(<aiohttp.client_proto.ResponseHandler object at 0x77f0a008c6a0>, 162825.420829308)])', 'deque([(<aiohttp.client_proto.ResponseHandler object at 0x77f0a0031720>, 162840.728211938)])']
connector: <aiohttp.connector.TCPConnector object at 0x77f0a0007a30>
