2026-03-24 21:15:50 [DEBUG] __main__ — [tun] ip link set tun1 up mtu 1400: OK
2026-03-24 21:15:50 [DEBUG] __main__ — [tun] ip addr add 10.0.1.2/30 dev tun1: OK
2026-03-24 21:15:50 [DEBUG] __main__ — [tun] ip route add 10.0.1.1/32 dev tun1: OK
2026-03-24 21:15:50 [INFO] __main__ — Восстановлено 1 сессий
2026-03-24 21:15:50 [INFO] __main__ — [proxy:self-chat] WS подключение (acc1, chat_id=0)
2026-03-24 21:15:50 [INFO] __main__ — [poll] активных ссылок: 1
2026-03-24 21:15:51 [INFO] __main__ — Авторизован [server:acc1], chatId=0
2026-03-24 21:15:58 [DEBUG] __main__ — [transport:acc1] recv_file fileId=2989226420 size=66
2026-03-24 21:15:58 [DEBUG] __main__ — [transport:acc1] recv_file fileId=2994995096 size=66
2026-03-24 21:15:59 [DEBUG] __main__ — [transport:acc1] recv_file fileId=2989495709 size=66
2026-03-24 21:16:00 [DEBUG] __main__ — [transport:acc1] recv_file fileId=2989495965 size=66
2026-03-24 21:16:01 [DEBUG] __main__ — [transport:acc1] recv_file fileId=2989496221 size=66
2026-03-24 21:16:02 [DEBUG] __main__ — [transport:acc1] recv_file fileId=3000885657 size=66
2026-03-24 21:16:04 [DEBUG] __main__ — [transport:acc1] recv_file fileId=3000886169 size=66
2026-03-24 21:16:08 [DEBUG] __main__ — [transport:acc1] recv_file fileId=3000024407 size=66
2026-03-24 21:16:16 [DEBUG] __main__ — [transport:acc1] recv_file fileId=2988197216 size=66
2026-03-24 21:16:20 [INFO] __main__ — [poll] активных ссылок: 1
2026-03-24 21:16:39 [INFO] __main__ — [proxy:self-chat] acc1 остановлен
2026-03-24 21:16:39 [ERROR] asyncio — Unclosed connector
connections: ['deque([(<aiohttp.client_proto.ResponseHandler object at 0x77676f629f60>, 162379.843556987)])']
connector: <aiohttp.connector.TCPConnector object at 0x77676ff6c160>
2026-03-24 21:16:39 [ERROR] asyncio — Fatal error on SSL transport
protocol: <asyncio.sslproto.SSLProtocol object at 0x77676f603b50>
transport: <_SelectorSocketTransport closing fd=10>
Traceback (most recent call last):
  File "/usr/lib/python3.10/asyncio/selector_events.py", line 924, in write
    n = self._sock.send(data)
OSError: [Errno 9] Bad file descriptor

During handling of the above exception, another exception occurred:

Traceback (most recent call last):
  File "/usr/lib/python3.10/asyncio/sslproto.py", line 690, in _process_write_backlog
    self._transport.write(chunk)
  File "/usr/lib/python3.10/asyncio/selector_events.py", line 930, in write
    self._fatal_error(exc, 'Fatal write error on socket transport')
  File "/usr/lib/python3.10/asyncio/selector_events.py", line 725, in _fatal_error
    self._force_close(exc)
  File "/usr/lib/python3.10/asyncio/selector_events.py", line 737, in _force_close
    self._loop.call_soon(self._call_connection_lost, exc)
  File "/usr/lib/python3.10/asyncio/base_events.py", line 753, in call_soon
    self._check_closed()
  File "/usr/lib/python3.10/asyncio/base_events.py", line 515, in _check_closed
    raise RuntimeError('Event loop is closed')
RuntimeError: Event loop is closed
