2026-03-24 12:16:57 [INFO] __main__ — MAX Proxy SERVER запущен  viewer_id=240876353  api=https://telegram.mooner.pro/api/max/status  poll=30s  transports=2
2026-03-24 12:16:57 [INFO] __main__ — Восстановлено 1 сессий из sessions.json
2026-03-24 12:16:57 [INFO] __main__ — [proxy:self-chat] WS подключение (chat_id=0)
2026-03-24 12:16:57 [INFO] __main__ — [poll] активных ссылок: 1
2026-03-24 12:16:58 [INFO] __main__ — Авторизован [server:acc1], chatId=0
2026-03-24 12:16:58 [INFO] __main__ — Авторизован [server:acc2], chatId=0
2026-03-24 12:17:13 [DEBUG] __main__ — [transport] msg-event op=128 cmd=0 chat=0 sender=240876353 attaches=1
2026-03-24 12:17:13 [DEBUG] __main__ — [transport] attach full={'_type': 'FILE', 'name': 'OUT_data.bin', 'size': 77, 'fileId': 2997294648, 'token': 'f9LHodD0cOKtS2N7MZUcyLossabMlRmFQg35KVlltTfw11ycNtKtIuGJGPzps8QAx2-8dI_n_WjeZkHtU2DE'}
2026-03-24 12:17:13 [DEBUG] __main__ — [transport] op88 fileId=2997294648 url=https://fd.oneme.ru/getfile?sig=Z4STuJ6pFNn0_am9FN_Q0bCkT47FFyvtYX5k0tun_qS-WNNID_ZpLR-AqjY46aY8VwIN-D-QrqLeo_Si6nd5ig&expires=1774437433858&clientType=6&id=2997294648&userId=240876353
2026-03-24 12:17:14 [DEBUG] __main__ — [transport:acc1] recv_file  fileId=2997294648  frames=1
2026-03-24 12:17:14 [DEBUG] __main__ — [transport:acc1] frame  action=connect  id=c1f1f64e  size=0
2026-03-24 12:17:14 [INFO] __main__ — [c1f1f64e] CONNECT → 188.40.167.82:443
2026-03-24 12:17:14 [INFO] __main__ — [c1f1f64e] TCP connected → 188.40.167.82:443  (0 мс)
2026-03-24 12:17:14 [DEBUG] __main__ — [transport:acc1] batch flush  frames=1  total=53B
2026-03-24 12:17:14 [DEBUG] __main__ — [transport:acc1] upload ok  fileId=2999141909  size=53
2026-03-24 12:17:16 [DEBUG] __main__ — [transport] msg-event op=64 cmd=1 chat=0 sender=240876353 attaches=1
2026-03-24 12:17:16 [DEBUG] __main__ — [transport] attach full={'_type': 'FILE', 'name': 'data.bin', 'size': 53, 'fileId': 2999141909, 'token': 'f9LHodD0cOIdmxt18eQ8P11f_mXUIjPjZ1Z36QuzJ8lWEnuXOLsqOX3VdSfNCgxS_loFHrXf8sUGZGgd5maC'}
2026-03-24 12:17:16 [DEBUG] __main__ — [transport:acc1] пропускаем свой исходящий файл fileId=2999141909
2026-03-24 12:17:22 [DEBUG] __main__ — [transport:server] keepalive sent
2026-03-24 12:17:23 [DEBUG] __main__ — [transport:server] keepalive sent
2026-03-24 12:17:27 [DEBUG] __main__ — [transport] msg-event op=128 cmd=0 chat=0 sender=240876353 attaches=1
2026-03-24 12:17:27 [DEBUG] __main__ — [transport] attach full={'_type': 'FILE', 'name': 'OUT_data.bin', 'size': 565, 'fileId': 2987536852, 'token': 'f9LHodD0cOJmN8D_r59FTcDp0ViMskcr04qqBJpkfhh0isUKtDKlySkrYiQ481kCKMvgwpnF0IJmqI4KAhW3'}
2026-03-24 12:17:27 [DEBUG] __main__ — [transport] op88 fileId=2987536852 url=https://fd.oneme.ru/getfile?sig=Mz3vh0_eGxIIjs9xP0jESVPPfX1oHAfGY_aSqb7E1iUPCKigKEwlPCb-3ewUuvgE5sknj5uDeWn2xCW_frYBLQ&expires=1774437447114&clientType=6&id=2987536852&userId=240876353
2026-03-24 12:17:27 [DEBUG] __main__ — [transport:acc1] recv_file  fileId=2987536852  frames=1
2026-03-24 12:17:27 [DEBUG] __main__ — [transport:acc1] frame  action=data  id=c1f1f64e  size=692
2026-03-24 12:17:27 [DEBUG] __main__ — [c1f1f64e] <- data #1  517B  seq=0  (rx=517B)
2026-03-24 12:17:27 [DEBUG] __main__ — [c1f1f64e] wrote 517B to remote
2026-03-24 12:17:27 [DEBUG] __main__ — [c1f1f64e] -> #1  3134B  seq=0  (tx=3134B)
2026-03-24 12:17:27 [DEBUG] __main__ — [transport:acc1] batch flush  frames=1  total=3197B
2026-03-24 12:17:27 [DEBUG] __main__ — [transport:acc1] upload ok  fileId=2994081228  size=3197
2026-03-24 12:17:27 [INFO] __main__ — [poll] активных ссылок: 1
2026-03-24 12:17:33 [DEBUG] __main__ — [transport] msg-event op=64 cmd=1 chat=0 sender=240876353 attaches=1
2026-03-24 12:17:33 [DEBUG] __main__ — [transport] attach full={'_type': 'FILE', 'name': 'data.bin', 'size': 3197, 'fileId': 2994081228, 'token': 'f9LHodD0cOI-kFRNQzvzUeWMQoZFGBpiqchiQvFdokP89V7TR00sHlSF9DPh-eZFDqowhKB6PTl8b_7EalGs'}
2026-03-24 12:17:33 [DEBUG] __main__ — [transport:acc1] пропускаем свой исходящий файл fileId=2994081228
2026-03-24 12:17:36 [DEBUG] __main__ — [transport] msg-event op=128 cmd=0 chat=0 sender=240002558 attaches=1
2026-03-24 12:17:36 [DEBUG] __main__ — [transport] attach full={'_type': 'FILE', 'name': 'OUT_data.bin', 'size': 314, 'fileId': 2995960237, 'token': 'f9LHodD0cOJwY94mrsvMHI86y0__5CMHegUUl2QX5QTysIxVfa-Y2USbek-N_xAs_39YTu99juJXQMbkklI2'}
2026-03-24 12:17:36 [DEBUG] __main__ — [transport] op88 fileId=2995960237 url=https://fd.oneme.ru/getfile?sig=WyRYHckAbHjGgn_NnOZ54UymSQEBz8K3M8CaUUURdINgJiwO6UnwHCcGT-ahjmSUQHM7D7fFZHHRYAhezlxUQA&expires=1774437456377&clientType=6&id=2995960237&userId=240002558
2026-03-24 12:17:36 [DEBUG] __main__ — [transport:acc2] recv_file  fileId=2995960237  frames=1
2026-03-24 12:17:36 [DEBUG] __main__ — [transport:acc2] frame  action=data  id=c1f1f64e  size=356
2026-03-24 12:17:36 [DEBUG] __main__ — [c1f1f64e] <- data #2  266B  seq=1  (rx=783B)
2026-03-24 12:17:36 [DEBUG] __main__ — [c1f1f64e] wrote 266B to remote
2026-03-24 12:17:36 [DEBUG] __main__ — [c1f1f64e] -> #2  744B  seq=1  (tx=3878B)
2026-03-24 12:17:36 [DEBUG] __main__ — [transport:acc2] batch flush  frames=1  total=807B
2026-03-24 12:17:37 [DEBUG] __main__ — [transport:acc2] upload ok  fileId=2988076290  size=807
2026-03-24 12:17:46 [DEBUG] __main__ — [transport] msg-event op=64 cmd=1 chat=0 sender=240002558 attaches=1
2026-03-24 12:17:46 [DEBUG] __main__ — [transport] attach full={'_type': 'FILE', 'name': 'data.bin', 'size': 807, 'fileId': 2988076290, 'token': 'f9LHodD0cOLt6GgC5QFm4pNpoRKDDzdfneBxCuFZmRnAXt9eHBZ6u8IRYlIznTH6Tf7R3qeRfSBjcu5u1xGA'}
2026-03-24 12:17:46 [DEBUG] __main__ — [transport:acc2] пропускаем свой исходящий файл fileId=2988076290
2026-03-24 12:17:47 [DEBUG] __main__ — [transport:server] keepalive sent
2026-03-24 12:17:48 [DEBUG] __main__ — [transport:server] keepalive sent
2026-03-24 12:17:50 [DEBUG] __main__ — [transport] msg-event op=128 cmd=0 chat=0 sender=240876353 attaches=1
2026-03-24 12:17:50 [DEBUG] __main__ — [transport] attach full={'_type': 'FILE', 'name': 'OUT_data.bin', 'size': 153, 'fileId': 2991071402, 'token': 'f9LHodD0cOIJhGhqe5iOW1Kcpc-24LHsgEMTl3YJDTmDoBpPjXT2NhBLt_FqZ6cFPYgwhnzUuKLiEaZWciPM'}
2026-03-24 12:17:50 [DEBUG] __main__ — [transport] op88 fileId=2991071402 url=https://fd.oneme.ru/getfile?sig=H7jUPwfmNo7oZnVfD5_If08JCFqZzPPD-zgCxGyLfrclIuc7ILg-N8hCWBQdeO6aqQ_VQ4oOqiSCwtlDjF7voA&expires=1774437470695&clientType=6&id=2991071402&userId=240876353
2026-03-24 12:17:50 [DEBUG] __main__ — [transport:acc1] recv_file  fileId=2991071402  frames=2
2026-03-24 12:17:50 [DEBUG] __main__ — [transport:acc1] frame  action=data  id=c1f1f64e  size=76
2026-03-24 12:17:50 [DEBUG] __main__ — [transport:acc1] frame  action=close  id=c1f1f64e  size=0
2026-03-24 12:17:50 [DEBUG] __main__ — [c1f1f64e] <- data #3  55B  seq=2  (rx=838B)
2026-03-24 12:17:50 [DEBUG] __main__ — [c1f1f64e] wrote 55B to remote
2026-03-24 12:17:50 [INFO] __main__ — [c1f1f64e] close requested last_seq=2
2026-03-24 12:17:50 [INFO] __main__ — [c1f1f64e] finalize close (all data received, last_seq=2)
2026-03-24 12:17:50 [DEBUG] __main__ — [c1f1f64e] socket closed
2026-03-24 12:17:50 [DEBUG] __main__ — [c1f1f64e] remote EOF
2026-03-24 12:17:50 [INFO] __main__ — [c1f1f64e] pipe done | rx=0B/0f (0.0 КБ/с)  tx=0B/0f (0.0 КБ/с)  0.0s
2026-03-24 12:17:55 [DEBUG] __main__ — [transport] msg-event op=128 cmd=0 chat=0 sender=240002558 attaches=1
2026-03-24 12:17:55 [DEBUG] __main__ — [transport] attach full={'_type': 'FILE', 'name': 'OUT_data.bin', 'size': 77, 'fileId': 2988079618, 'token': 'f9LHodD0cOIBiw2K_55FR77O5U7oIFPLkECixJW4_353XNgarmjEpDu-lwHJ90Td5pkScvC6XSgNrgY6xOq8'}
2026-03-24 12:17:55 [DEBUG] __main__ — [transport] op88 fileId=2988079618 url=https://fd.oneme.ru/getfile?sig=nUDVPCG-juxQ_CcXzEfCXN2yyElaVSHfyO-_vwMoxfzbDIDcSGLDANzKNXS5Zt9WPmSqS1733rDPaPf1YsLfyg&expires=1774437475615&clientType=6&id=2988079618&userId=240002558
2026-03-24 12:17:55 [DEBUG] __main__ — [transport:acc2] recv_file  fileId=2988079618  frames=1
2026-03-24 12:17:55 [DEBUG] __main__ — [transport:acc2] frame  action=connect  id=f519d3be  size=0
2026-03-24 12:17:55 [INFO] __main__ — [f519d3be] CONNECT → 188.40.167.82:443
2026-03-24 12:17:55 [INFO] __main__ — [f519d3be] TCP connected → 188.40.167.82:443  (1 мс)
2026-03-24 12:17:55 [DEBUG] __main__ — [transport:acc2] batch flush  frames=1  total=53B
2026-03-24 12:17:56 [DEBUG] __main__ — [transport:acc2] upload ok  fileId=2989432044  size=53
2026-03-24 12:17:58 [INFO] __main__ — [poll] активных ссылок: 1
2026-03-24 12:18:05 [DEBUG] __main__ — [transport] msg-event op=64 cmd=1 chat=0 sender=240002558 attaches=1
2026-03-24 12:18:05 [DEBUG] __main__ — [transport] attach full={'_type': 'FILE', 'name': 'data.bin', 'size': 53, 'fileId': 2989432044, 'token': 'f9LHodD0cOJj1b8UpEg-0a-bMI1xIJHd5JmTIN9Lu4PUtICJbzzGratHvNWoIUKXNE5zfHnrE7_cQzn5aY-d'}
2026-03-24 12:18:05 [DEBUG] __main__ — [transport:acc2] пропускаем свой исходящий файл fileId=2989432044
2026-03-24 12:18:12 [DEBUG] __main__ — [transport:server] keepalive sent
2026-03-24 12:18:13 [DEBUG] __main__ — [transport:server] keepalive sent
2026-03-24 12:18:13 [DEBUG] __main__ — [transport] msg-event op=128 cmd=0 chat=0 sender=240876353 attaches=1
2026-03-24 12:18:13 [DEBUG] __main__ — [transport] attach full={'_type': 'FILE', 'name': 'OUT_data.bin', 'size': 565, 'fileId': 2983300575, 'token': 'f9LHodD0cOIe4FK4W1AZ9VsiKzv7Lxtg7NxCU75lZS2LKlrHLkeIRyVre0KLBbMaOsno7kuLXzLlTEwbuKCi'}
2026-03-24 12:18:13 [DEBUG] __main__ — [transport] op88 fileId=2983300575 url=https://fd.oneme.ru/getfile?sig=5vGuUA7vpwIPY7lgsTsVwXAq5iz_k8-x4VWKlsXD5DpHbWlny-JcRw26_Mclnxry20pRz7xoJVRio9LQq1CUiQ&expires=1774437493175&clientType=6&id=2983300575&userId=240876353
2026-03-24 12:18:13 [DEBUG] __main__ — [transport:acc1] recv_file  fileId=2983300575  frames=1
2026-03-24 12:18:13 [DEBUG] __main__ — [transport:acc1] frame  action=data  id=f519d3be  size=692
2026-03-24 12:18:13 [DEBUG] __main__ — [f519d3be] <- data #1  517B  seq=0  (rx=517B)
2026-03-24 12:18:13 [DEBUG] __main__ — [f519d3be] wrote 517B to remote
2026-03-24 12:18:13 [DEBUG] __main__ — [f519d3be] -> #1  3134B  seq=0  (tx=3134B)
2026-03-24 12:18:13 [DEBUG] __main__ — [transport:acc1] batch flush  frames=1  total=3197B
2026-03-24 12:18:14 [DEBUG] __main__ — [transport:acc1] upload ok  fileId=2998586150  size=3197
2026-03-24 12:18:19 [DEBUG] __main__ — [transport] msg-event op=64 cmd=1 chat=0 sender=240876353 attaches=1
2026-03-24 12:18:19 [DEBUG] __main__ — [transport] attach full={'_type': 'FILE', 'name': 'data.bin', 'size': 3197, 'fileId': 2998586150, 'token': 'f9LHodD0cOJ9vE_Rs7v2h_v-Ukfl6XRyqi_9_fynODrNI2My5LvS_nBkKoBonDQSqbRge42oCak3Xl8mP93b'}
2026-03-24 12:18:19 [DEBUG] __main__ — [transport:acc1] пропускаем свой исходящий файл fileId=2998586150
2026-03-24 12:18:28 [INFO] __main__ — [poll] активных ссылок: 1
2026-03-24 12:18:31 [DEBUG] __main__ — [transport] msg-event op=128 cmd=0 chat=0 sender=240002558 attaches=1
2026-03-24 12:18:31 [DEBUG] __main__ — [transport] attach full={'_type': 'FILE', 'name': 'OUT_data.bin', 'size': 314, 'fileId': 2988984404, 'token': 'f9LHodD0cOKyd3ct1TA75GHBzqzDUn-rUjYoTSo04GTPvHBdwqgskW_CMb7sS_8ZWwsEcJMhBlXsuUYQVtb8'}
2026-03-24 12:18:32 [DEBUG] __main__ — [transport] op88 fileId=2988984404 url=https://fd.oneme.ru/getfile?sig=iRC2H0veCEcOvW1h2ve2LER7kxqFomET7h_73j56dVDXcMZRs6fIJeZzibXiVaioBfMgVcZDoR3k-nhQrM_r3A&expires=1774437512029&clientType=6&id=2988984404&userId=240002558
2026-03-24 12:18:32 [DEBUG] __main__ — [transport:acc2] recv_file  fileId=2988984404  frames=1
2026-03-24 12:18:32 [DEBUG] __main__ — [transport:acc2] frame  action=data  id=f519d3be  size=356
2026-03-24 12:18:32 [DEBUG] __main__ — [f519d3be] <- data #2  266B  seq=1  (rx=783B)
2026-03-24 12:18:32 [DEBUG] __main__ — [f519d3be] wrote 266B to remote
2026-03-24 12:18:32 [DEBUG] __main__ — [f519d3be] -> #2  744B  seq=1  (tx=3878B)
2026-03-24 12:18:32 [DEBUG] __main__ — [transport:acc2] batch flush  frames=1  total=807B
2026-03-24 12:18:33 [DEBUG] __main__ — [transport:acc2] upload ok  fileId=2991550517  size=807
2026-03-24 12:18:37 [DEBUG] __main__ — [transport] msg-event op=64 cmd=1 chat=0 sender=240002558 attaches=1
2026-03-24 12:18:37 [DEBUG] __main__ — [transport] attach full={'_type': 'FILE', 'name': 'data.bin', 'size': 807, 'fileId': 2991550517, 'token': 'f9LHodD0cOKya0bdtT3lKBq3lP5a1tvx94Ky21i96prycpJWHssxxNdl0ZS-J7t-CSjQBYkasUwSQHHUELoc'}
2026-03-24 12:18:37 [DEBUG] __main__ — [transport:acc2] пропускаем свой исходящий файл fileId=2991550517
2026-03-24 12:18:37 [DEBUG] __main__ — [transport:server] keepalive sent
2026-03-24 12:18:38 [DEBUG] __main__ — [transport:server] keepalive sent
2026-03-24 12:18:44 [DEBUG] __main__ — [transport] msg-event op=128 cmd=0 chat=0 sender=240876353 attaches=1
2026-03-24 12:18:44 [DEBUG] __main__ — [transport] attach full={'_type': 'FILE', 'name': 'OUT_data.bin', 'size': 103, 'fileId': 2992915241, 'token': 'f9LHodD0cOL64KS21XweitsBAW-AQExVXoc6AGv3enYfVINEgEZX96aTley4jjhQL1iT7RxoeevvYJcmY_0F'}
2026-03-24 12:18:44 [DEBUG] __main__ — [transport] op88 fileId=2992915241 url=https://fd.oneme.ru/getfile?sig=IoCINp85vRvEj04Hwhs1fTthPST4fDkqAzXggLjqdRVgpfpO8OeOv6SdKTBbFJBpnehhFRMkpdvm_T94rklC1g&expires=1774437524216&clientType=6&id=2992915241&userId=240876353
2026-03-24 12:18:44 [DEBUG] __main__ — [transport:acc1] recv_file  fileId=2992915241  frames=1
2026-03-24 12:18:44 [DEBUG] __main__ — [transport:acc1] frame  action=data  id=f519d3be  size=76
2026-03-24 12:18:44 [DEBUG] __main__ — [f519d3be] <- data #3  55B  seq=2  (rx=838B)
2026-03-24 12:18:44 [DEBUG] __main__ — [f519d3be] wrote 55B to remote
2026-03-24 12:18:44 [DEBUG] __main__ — [f519d3be] remote EOF
2026-03-24 12:18:44 [INFO] __main__ — [f519d3be] pipe done | rx=838B/3f (0.0 КБ/с)  tx=3878B/2f (0.1 КБ/с)  49.0s
2026-03-24 12:18:44 [DEBUG] __main__ — [f519d3be] socket closed
2026-03-24 12:18:44 [DEBUG] __main__ — [transport:acc2] batch flush  frames=1  total=57B
2026-03-24 12:18:45 [DEBUG] __main__ — [transport:acc2] upload ok  fileId=2994363014  size=57
2026-03-24 12:18:48 [DEBUG] __main__ — [transport] msg-event op=128 cmd=0 chat=0 sender=240002558 attaches=1
2026-03-24 12:18:48 [DEBUG] __main__ — [transport] attach full={'_type': 'FILE', 'name': 'OUT_data.bin', 'size': 54, 'fileId': 2998924576, 'token': 'f9LHodD0cOJLrSE19dvQh8WAn7liBrsbykcXjAbVn42ryrZHytivE1z9d197KONYaEV83BBCNebjUdnRGHhR'}
2026-03-24 12:18:49 [DEBUG] __main__ — [transport] op88 fileId=2998924576 url=https://fd.oneme.ru/getfile?sig=j_YhNi6Ii9CE1ly7py47AGZpNpSnnHxrny5tieuEHXgU58ANLeA5J_JVH3LrXXT6AkvZhM1-4wVtuDD1glj0KQ&expires=1774437528991&clientType=6&id=2998924576&userId=240002558
2026-03-24 12:18:49 [DEBUG] __main__ — [transport:acc2] recv_file  fileId=2998924576  frames=1
2026-03-24 12:18:49 [DEBUG] __main__ — [transport:acc2] frame  action=close  id=f519d3be  size=0
2026-03-24 12:18:49 [INFO] __main__ — [f519d3be] close requested last_seq=2
2026-03-24 12:18:52 [DEBUG] __main__ — [transport] msg-event op=64 cmd=1 chat=0 sender=240002558 attaches=1
2026-03-24 12:18:52 [DEBUG] __main__ — [transport] attach full={'_type': 'FILE', 'name': 'data.bin', 'size': 57, 'fileId': 2994363014, 'token': 'f9LHodD0cOJx25N4GfVyfgry3QfqqusfAdkLRwo30LekLkPbF_XAEDGRCXvR6VrXvKgwhwCr_zDuhPACAoI1'}
2026-03-24 12:18:52 [DEBUG] __main__ — [transport:acc2] пропускаем свой исходящий файл fileId=2994363014
2026-03-24 12:18:53 [DEBUG] __main__ — [transport] msg-event op=128 cmd=0 chat=0 sender=240876353 attaches=1
2026-03-24 12:18:53 [DEBUG] __main__ — [transport] attach full={'_type': 'FILE', 'name': 'OUT_data.bin', 'size': 77, 'fileId': 2987856522, 'token': 'f9LHodD0cOI5m_50Iz2Zpn7-02ME0eD7zFZrVMYMCSrduCjo9YGMynWwQF3pHnNZB7ygy5v0f51n_lVWoK4z'}
2026-03-24 12:18:53 [DEBUG] __main__ — [transport] op88 fileId=2987856522 url=https://fd.oneme.ru/getfile?sig=2GaZvZRLhTVym1PgpvRJsK6j7L81lIyqDryveBSJ9r3E7qNuwc7G4Xqq-JLAj7LoINm9VaQTa5NvU0QLfu5oQQ&expires=1774437533455&clientType=6&id=2987856522&userId=240876353
2026-03-24 12:18:58 [INFO] __main__ — [poll] активных ссылок: 1
2026-03-24 12:19:02 [DEBUG] __main__ — [transport:server] keepalive sent
2026-03-24 12:19:03 [DEBUG] __main__ — [transport:server] keepalive sent
2026-03-24 12:19:08 [DEBUG] __main__ — [transport] msg-event op=128 cmd=0 chat=0 sender=240002558 attaches=1
2026-03-24 12:19:08 [DEBUG] __main__ — [transport] attach full={'_type': 'FILE', 'name': 'OUT_data.bin', 'size': 77, 'fileId': 2994869950, 'token': 'f9LHodD0cOJA8cyuQwnmvCK-7cck5cjum4o8Vgqvi8M8h4bpu7prONkqs3RQw_w_Z12jnIVWIm0umgCAX2Om'}
2026-03-24 12:19:08 [DEBUG] __main__ — [transport] op88 fileId=2994869950 url=https://fd.oneme.ru/getfile?sig=Btj-NYEQ_t-CR_E9Npu4UrP8BU4g5htkcdeWqWpBczOPCy3-FE3vEL77-Q1vVDi3Jao7v0EBVrO3iCRqSBiCmQ&expires=1774437548937&clientType=6&id=2994869950&userId=240002558
2026-03-24 12:19:08 [ERROR] __main__ — [transport:acc1] download error: 
2026-03-24 12:19:09 [DEBUG] __main__ — [transport:acc2] recv_file  fileId=2994869950  frames=1
2026-03-24 12:19:09 [DEBUG] __main__ — [transport:acc2] frame  action=connect  id=3d53dec8  size=0
2026-03-24 12:19:09 [INFO] __main__ — [3d53dec8] CONNECT → 188.40.167.82:443
2026-03-24 12:19:09 [INFO] __main__ — [3d53dec8] TCP connected → 188.40.167.82:443  (0 мс)
2026-03-24 12:19:09 [DEBUG] __main__ — [transport:acc2] batch flush  frames=1  total=53B
2026-03-24 12:19:09 [DEBUG] __main__ — [transport:acc2] upload ok  fileId=2987329636  size=53
2026-03-24 12:19:27 [DEBUG] __main__ — [transport] msg-event op=64 cmd=1 chat=0 sender=240002558 attaches=1
2026-03-24 12:19:27 [DEBUG] __main__ — [transport] attach full={'_type': 'FILE', 'name': 'data.bin', 'size': 53, 'fileId': 2987329636, 'token': 'f9LHodD0cOJ1kr3_r_wYyKp2BV8uKhWsPE3B2ZOwD7GlOHM4w6f5ZPeEwJPZsPhMYliWn_Ch1R7Zp_GF9PTM'}
2026-03-24 12:19:27 [DEBUG] __main__ — [transport:acc2] пропускаем свой исходящий файл fileId=2987329636
2026-03-24 12:19:27 [DEBUG] __main__ — [transport:server] keepalive sent
2026-03-24 12:19:28 [DEBUG] __main__ — [transport:server] keepalive sent
2026-03-24 12:19:28 [INFO] __main__ — [poll] активных ссылок: 1
2026-03-24 12:19:34 [DEBUG] __main__ — [transport] msg-event op=128 cmd=0 chat=0 sender=240876353 attaches=1
2026-03-24 12:19:34 [DEBUG] __main__ — [transport] attach full={'_type': 'FILE', 'name': 'OUT_data.bin', 'size': 77, 'fileId': 2990073929, 'token': 'f9LHodD0cOISvR19I1YV_8bR2FhDVlTN-JUkKlL1tJ5KWMMOfH1-N88Fs5OAyZpZMZ2XnoeQ9QQ5UhrJjqb8'}
2026-03-24 12:19:34 [DEBUG] __main__ — [transport] op88 fileId=2990073929 url=https://fd.oneme.ru/getfile?sig=xyHvNKgn-Qi-L_ISIr92lb08L5MvqLkwtFsEuBn1YEs1YoFS3X3QgK2WzWXF88tyRLukzdGyRQY7ZrNw5vSe0Q&expires=1774437574097&clientType=6&id=2990073929&userId=240876353
2026-03-24 12:19:34 [DEBUG] __main__ — [transport:acc1] recv_file  fileId=2990073929  frames=1
2026-03-24 12:19:34 [DEBUG] __main__ — [transport:acc1] frame  action=connect  id=8201621d  size=0
2026-03-24 12:19:34 [INFO] __main__ — [8201621d] CONNECT → 188.40.167.82:443
2026-03-24 12:19:34 [INFO] __main__ — [8201621d] TCP connected → 188.40.167.82:443  (1 мс)
2026-03-24 12:19:34 [DEBUG] __main__ — [transport:acc1] batch flush  frames=1  total=53B
2026-03-24 12:19:35 [DEBUG] __main__ — [transport:acc1] upload ok  fileId=2996845122  size=53
2026-03-24 12:19:44 [DEBUG] __main__ — [transport] msg-event op=64 cmd=1 chat=0 sender=240876353 attaches=1
2026-03-24 12:19:44 [DEBUG] __main__ — [transport] attach full={'_type': 'FILE', 'name': 'data.bin', 'size': 53, 'fileId': 2996845122, 'token': 'f9LHodD0cOJmPUvylqHbnTl5iVfhSfMOQjix6FQjSIQLxU_vfGLtYPbKDMnuhSQq7iqCXdLWI0aN93ca5LL9'}
2026-03-24 12:19:44 [DEBUG] __main__ — [transport:acc1] пропускаем свой исходящий файл fileId=2996845122
2026-03-24 12:19:52 [DEBUG] __main__ — [transport] msg-event op=128 cmd=0 chat=0 sender=240002558 attaches=1
2026-03-24 12:19:52 [DEBUG] __main__ — [transport] attach full={'_type': 'FILE', 'name': 'OUT_data.bin', 'size': 77, 'fileId': 2994687168, 'token': 'f9LHodD0cOJ-OakFdAGun14wGF9Ehe_UlZD_D6N4xbbnJF3LL4Mab5BcVfwEdAIKRDy9s4HWi-PUPAb756nr'}
2026-03-24 12:19:52 [DEBUG] __main__ — [transport] op88 fileId=2994687168 url=https://fd.oneme.ru/getfile?sig=epWA8-ZyvceSTFoPImZLVcTeU-HjcPQMblgNV7fWFBZ0C_qa2CaA5FYZZWIC_MFsmYobI_8l3mkxmErdmhNTZw&expires=1774437592877&clientType=6&id=2994687168&userId=240002558
2026-03-24 12:19:52 [DEBUG] __main__ — [transport:server] keepalive sent
2026-03-24 12:19:53 [DEBUG] __main__ — [transport:server] keepalive sent
2026-03-24 12:19:53 [DEBUG] __main__ — [transport:acc2] recv_file  fileId=2994687168  frames=1
2026-03-24 12:19:53 [DEBUG] __main__ — [transport:acc2] frame  action=connect  id=be9ca6ba  size=0
2026-03-24 12:19:53 [INFO] __main__ — [be9ca6ba] CONNECT → 188.40.167.82:443
2026-03-24 12:19:53 [INFO] __main__ — [be9ca6ba] TCP connected → 188.40.167.82:443  (0 мс)
2026-03-24 12:19:53 [DEBUG] __main__ — [transport:acc2] batch flush  frames=1  total=53B
2026-03-24 12:19:53 [DEBUG] __main__ — [transport:acc2] upload ok  fileId=2986660473  size=53
2026-03-24 12:19:59 [INFO] __main__ — [poll] активных ссылок: 1
2026-03-24 12:20:09 [DEBUG] __main__ — [3d53dec8] remote EOF
2026-03-24 12:20:09 [INFO] __main__ — [3d53dec8] pipe done | rx=0B/0f (0.0 КБ/с)  tx=0B/0f (0.0 КБ/с)  60.1s
2026-03-24 12:20:09 [DEBUG] __main__ — [3d53dec8] socket closed
2026-03-24 12:20:09 [DEBUG] __main__ — [transport:acc2] batch flush  frames=1  total=57B
2026-03-24 12:20:13 [DEBUG] __main__ — [transport] msg-event op=128 cmd=0 chat=0 sender=240876353 attaches=1
2026-03-24 12:20:13 [DEBUG] __main__ — [transport] attach full={'_type': 'FILE', 'name': 'OUT_data.bin', 'size': 77, 'fileId': 2996369780, 'token': 'f9LHodD0cOJbQfZMTfG4B0U5NXcCCWqod3j1HOjCtvgqlg-moWwwaFJCNh1MhsK89SD6YyLVlqwzDPKD6mXW'}
2026-03-24 12:20:13 [DEBUG] __main__ — [transport] op88 fileId=2996369780 url=https://fd.oneme.ru/getfile?sig=qz8vb2T6MWZ7CubkQnv9Mz6Zo492olp-3rKlKeXLsDlmivcW8RcB34nfLclKCH92FRIa6ZL_2njNX9K6FGx9yQ&expires=1774437613067&clientType=6&id=2996369780&userId=240876353
2026-03-24 12:20:13 [DEBUG] __main__ — [transport:acc1] recv_file  fileId=2996369780  frames=1
2026-03-24 12:20:13 [DEBUG] __main__ — [transport:acc1] frame  action=connect  id=396f7c92  size=0
2026-03-24 12:20:13 [INFO] __main__ — [396f7c92] CONNECT → 188.40.167.82:443
2026-03-24 12:20:13 [INFO] __main__ — [396f7c92] TCP connected → 188.40.167.82:443  (1 мс)
2026-03-24 12:20:13 [DEBUG] __main__ — [transport:acc1] batch flush  frames=1  total=53B
2026-03-24 12:20:13 [WARNING] __main__ — [transport:acc2] op136 timeout fileId=2986660473, sending op64 anyway
2026-03-24 12:20:14 [DEBUG] __main__ — [transport:acc2] upload ok  fileId=2994132437  size=57
2026-03-24 12:20:14 [DEBUG] __main__ — [transport:acc1] upload ok  fileId=2999502369  size=53
2026-03-24 12:20:17 [DEBUG] __main__ — [transport:server] keepalive sent
2026-03-24 12:20:18 [DEBUG] __main__ — [transport:server] keepalive sent
2026-03-24 12:20:26 [DEBUG] __main__ — [transport] msg-event op=64 cmd=1 chat=0 sender=240002558 attaches=1
2026-03-24 12:20:26 [DEBUG] __main__ — [transport] attach full={'_type': 'FILE', 'name': 'data.bin', 'size': 57, 'fileId': 2994132437, 'token': 'f9LHodD0cOJGb_pMoK6vgnNTPwKULTwX5yVL9Omh4tW6V_fp3S7q8R_XqUdr0dkaOHOLuabRYFv-rxlE83VN'}
2026-03-24 12:20:26 [DEBUG] __main__ — [transport:acc2] пропускаем свой исходящий файл fileId=2994132437
2026-03-24 12:20:27 [DEBUG] __main__ — [transport] msg-event op=64 cmd=1 chat=0 sender=240876353 attaches=1
2026-03-24 12:20:27 [DEBUG] __main__ — [transport] attach full={'_type': 'FILE', 'name': 'data.bin', 'size': 53, 'fileId': 2999502369, 'token': 'f9LHodD0cOLPPPY1_hoor0YXt2PAHICI6VcRQOBYAshtBJ7Wk1ybOHHG56OuSHlsd30L9F3itTZCpFp_8znW'}
2026-03-24 12:20:27 [DEBUG] __main__ — [transport:acc1] пропускаем свой исходящий файл fileId=2999502369
2026-03-24 12:20:29 [INFO] __main__ — [poll] активных ссылок: 1
2026-03-24 12:20:32 [DEBUG] __main__ — [transport] msg-event op=128 cmd=0 chat=0 sender=240002558 attaches=1
2026-03-24 12:20:32 [DEBUG] __main__ — [transport] attach full={'_type': 'FILE', 'name': 'OUT_data.bin', 'size': 77, 'fileId': 2992369896, 'token': 'f9LHodD0cOLdJyIiJxS-qkkflwZu4XYYtRj4Vv1ZqyIYmgnIV0V9thLIovTIiW8SIAokwjru19VCq5rDQlFx'}
2026-03-24 12:20:32 [DEBUG] __main__ — [transport] op88 fileId=2992369896 url=https://fd.oneme.ru/getfile?sig=rG0a_WE-rlAYVHCAEPWJgXwiuXzSgHubzRO-2HNd_S__oyhKX17w4l-K7h36CyUHMGi2PhSalNPVsGeORy4rcQ&expires=1774437632903&clientType=6&id=2992369896&userId=240002558
2026-03-24 12:20:33 [DEBUG] __main__ — [transport:acc2] recv_file  fileId=2992369896  frames=1
2026-03-24 12:20:33 [DEBUG] __main__ — [transport:acc2] frame  action=connect  id=d729ef77  size=0
2026-03-24 12:20:33 [INFO] __main__ — [d729ef77] CONNECT → 188.40.167.82:443
2026-03-24 12:20:33 [INFO] __main__ — [d729ef77] TCP connected → 188.40.167.82:443  (0 мс)
2026-03-24 12:20:33 [DEBUG] __main__ — [transport:acc2] batch flush  frames=1  total=53B
2026-03-24 12:20:33 [DEBUG] __main__ — [transport:acc2] upload ok  fileId=2991594671  size=53
2026-03-24 12:20:34 [DEBUG] __main__ — [8201621d] remote EOF
2026-03-24 12:20:34 [INFO] __main__ — [8201621d] pipe done | rx=0B/0f (0.0 КБ/с)  tx=0B/0f (0.0 КБ/с)  60.1s
2026-03-24 12:20:34 [DEBUG] __main__ — [8201621d] socket closed
2026-03-24 12:20:34 [DEBUG] __main__ — [transport:acc1] batch flush  frames=1  total=57B
2026-03-24 12:20:35 [DEBUG] __main__ — [transport:acc1] upload ok  fileId=2998954272  size=57
2026-03-24 12:20:42 [DEBUG] __main__ — [transport:server] keepalive sent
2026-03-24 12:20:43 [DEBUG] __main__ — [transport:server] keepalive sent
2026-03-24 12:20:44 [DEBUG] __main__ — [transport] msg-event op=64 cmd=1 chat=0 sender=240876353 attaches=1
2026-03-24 12:20:44 [DEBUG] __main__ — [transport] attach full={'_type': 'FILE', 'name': 'data.bin', 'size': 57, 'fileId': 2998954272, 'token': 'f9LHodD0cOLsiPii2exhCg8jfrCR8cnJFwRPlWphNNHj97lPQGrenA9PLmzmOAsBBMb1lutdMduX52Py1-Nk'}
2026-03-24 12:20:44 [DEBUG] __main__ — [transport:acc1] пропускаем свой исходящий файл fileId=2998954272
2026-03-24 12:20:49 [DEBUG] __main__ — [transport] msg-event op=64 cmd=1 chat=0 sender=240002558 attaches=1
2026-03-24 12:20:49 [DEBUG] __main__ — [transport] attach full={'_type': 'FILE', 'name': 'data.bin', 'size': 53, 'fileId': 2991594671, 'token': 'f9LHodD0cOJk6ucpSlvQWZ119kp0DdicLiRfPcMt--qlMFSrr_FL3UZepqemMkbclK7DrBy_Kg2TvTciXmhV'}
2026-03-24 12:20:49 [DEBUG] __main__ — [transport:acc2] пропускаем свой исходящий файл fileId=2991594671
2026-03-24 12:20:53 [DEBUG] __main__ — [be9ca6ba] remote EOF
2026-03-24 12:20:53 [INFO] __main__ — [be9ca6ba] pipe done | rx=0B/0f (0.0 КБ/с)  tx=0B/0f (0.0 КБ/с)  60.2s
2026-03-24 12:20:53 [DEBUG] __main__ — [be9ca6ba] socket closed
2026-03-24 12:20:53 [DEBUG] __main__ — [transport:acc2] batch flush  frames=1  total=57B
2026-03-24 12:20:53 [DEBUG] __main__ — [transport:acc2] upload ok  fileId=2991001011  size=57
2026-03-24 12:20:58 [DEBUG] __main__ — [transport] msg-event op=128 cmd=0 chat=0 sender=240876353 attaches=1
2026-03-24 12:20:58 [DEBUG] __main__ — [transport] attach full={'_type': 'FILE', 'name': 'OUT_data.bin', 'size': 77, 'fileId': 2991258227, 'token': 'f9LHodD0cOLJxU7sHLNsE8BNBE0MRdU-m0SB2tMvUf6bVI6598RQD56lowuhgtd8l03MOfbUfhH1Sc_f4ja2'}
2026-03-24 12:20:59 [DEBUG] __main__ — [transport] op88 fileId=2991258227 url=https://fd.oneme.ru/getfile?sig=8vhaZwO_lztVAp8HRpjNXei-qRJkl1KutMc8MH2eNimK3rVWCZfRTR521ad877LKKIRlnX6C2w-S5pKu4Go7Sg&expires=1774437659039&clientType=6&id=2991258227&userId=240876353
2026-03-24 12:20:59 [DEBUG] __main__ — [transport:acc1] recv_file  fileId=2991258227  frames=1
2026-03-24 12:20:59 [DEBUG] __main__ — [transport:acc1] frame  action=connect  id=881a6295  size=0
2026-03-24 12:20:59 [INFO] __main__ — [881a6295] CONNECT → 188.40.167.82:443
2026-03-24 12:20:59 [INFO] __main__ — [881a6295] TCP connected → 188.40.167.82:443  (0 мс)
2026-03-24 12:20:59 [DEBUG] __main__ — [transport:acc1] batch flush  frames=1  total=53B
2026-03-24 12:20:59 [DEBUG] __main__ — [transport:acc1] upload ok  fileId=2992799879  size=53
2026-03-24 12:21:00 [INFO] __main__ — [poll] активных ссылок: 1
2026-03-24 12:21:07 [DEBUG] __main__ — [transport:server] keepalive sent
2026-03-24 12:21:08 [DEBUG] __main__ — [transport:server] keepalive sent
2026-03-24 12:21:10 [DEBUG] __main__ — [transport] msg-event op=64 cmd=1 chat=0 sender=240876353 attaches=1
2026-03-24 12:21:10 [DEBUG] __main__ — [transport] attach full={'_type': 'FILE', 'name': 'data.bin', 'size': 53, 'fileId': 2992799879, 'token': 'f9LHodD0cOIfN8gMjDC5Ini3TmeB2vrfcsSq9OIu6assi70PGtbXYDNGt4wJ8wa1Ljunv3CsY2lIDfhs3vIr'}
2026-03-24 12:21:10 [DEBUG] __main__ — [transport:acc1] пропускаем свой исходящий файл fileId=2992799879
2026-03-24 12:21:13 [DEBUG] __main__ — [396f7c92] remote EOF
2026-03-24 12:21:13 [INFO] __main__ — [396f7c92] pipe done | rx=0B/0f (0.0 КБ/с)  tx=0B/0f (0.0 КБ/с)  60.2s
2026-03-24 12:21:13 [DEBUG] __main__ — [396f7c92] socket closed
2026-03-24 12:21:13 [DEBUG] __main__ — [transport:acc1] batch flush  frames=1  total=57B
2026-03-24 12:21:13 [WARNING] __main__ — [transport:acc2] op136 timeout fileId=2991001011, sending op64 anyway
2026-03-24 12:21:13 [DEBUG] __main__ — [transport:acc1] upload ok  fileId=2994201115  size=57
2026-03-24 12:21:26 [DEBUG] __main__ — [transport] msg-event op=128 cmd=0 chat=0 sender=240002558 attaches=1
2026-03-24 12:21:26 [DEBUG] __main__ — [transport] attach full={'_type': 'FILE', 'name': 'OUT_data.bin', 'size': 77, 'fileId': 2997965602, 'token': 'f9LHodD0cOLAressu6VHQb8xxArMsrE_W0uGxPnOOClvYviLyype1Dww8uDspM1NRv3Dtme2kljP_UrGdAfK'}
2026-03-24 12:21:26 [DEBUG] __main__ — [transport] op88 fileId=2997965602 url=https://fd.oneme.ru/getfile?sig=GEAliL0O_E3QWHZB7-xUDyRYUnUwhV5V3qB1o_Od2-lZ4xT--nAoK-U2eqx6tB8popUizlls2RMif2nl9UfU8Q&expires=1774437686076&clientType=6&id=2997965602&userId=240002558
2026-03-24 12:21:26 [DEBUG] __main__ — [transport:acc2] recv_file  fileId=2997965602  frames=1
2026-03-24 12:21:26 [DEBUG] __main__ — [transport:acc2] frame  action=connect  id=c863957b  size=0
2026-03-24 12:21:26 [INFO] __main__ — [c863957b] CONNECT → 188.40.167.82:443
2026-03-24 12:21:26 [INFO] __main__ — [c863957b] TCP connected → 188.40.167.82:443  (1 мс)
2026-03-24 12:21:26 [DEBUG] __main__ — [transport:acc2] batch flush  frames=1  total=53B
2026-03-24 12:21:27 [DEBUG] __main__ — [transport:acc2] upload ok  fileId=2999602794  size=53
2026-03-24 12:21:30 [INFO] __main__ — [poll] активных ссылок: 1
2026-03-24 12:21:32 [DEBUG] __main__ — [transport:server] keepalive sent
2026-03-24 12:21:33 [DEBUG] __main__ — [transport:server] keepalive sent
2026-03-24 12:21:33 [DEBUG] __main__ — [d729ef77] remote EOF
2026-03-24 12:21:33 [INFO] __main__ — [d729ef77] pipe done | rx=0B/0f (0.0 КБ/с)  tx=0B/0f (0.0 КБ/с)  60.3s
2026-03-24 12:21:33 [DEBUG] __main__ — [d729ef77] socket closed
2026-03-24 12:21:33 [DEBUG] __main__ — [transport:acc2] batch flush  frames=1  total=57B
2026-03-24 12:21:33 [WARNING] __main__ — [transport:acc1] op136 timeout fileId=2994201115, sending op64 anyway
2026-03-24 12:21:41 [DEBUG] __main__ — [transport] msg-event op=64 cmd=1 chat=0 sender=240002558 attaches=1
2026-03-24 12:21:41 [DEBUG] __main__ — [transport] attach full={'_type': 'FILE', 'name': 'data.bin', 'size': 53, 'fileId': 2999602794, 'token': 'f9LHodD0cOJy-sAhyWrSR0OhtbDog6Bpu3Y0tCITwvIWqyrfKD1XJZjOsMrdsVGOcJ9vfq67lCbjFEMki_4x'}
2026-03-24 12:21:41 [DEBUG] __main__ — [transport:acc2] пропускаем свой исходящий файл fileId=2999602794
2026-03-24 12:21:41 [DEBUG] __main__ — [transport:acc2] upload ok  fileId=2989924401  size=57
2026-03-24 12:21:47 [DEBUG] __main__ — [transport] msg-event op=128 cmd=0 chat=0 sender=240876353 attaches=1
2026-03-24 12:21:47 [DEBUG] __main__ — [transport] attach full={'_type': 'FILE', 'name': 'OUT_data.bin', 'size': 77, 'fileId': 2984857453, 'token': 'f9LHodD0cOK9TQRQU66JaGPEuxOjBcbmDuMnDDEdZZla50i-0BH_H1yA3v9YuhHlNrqjeu-1yrnejEf2EPz2'}
2026-03-24 12:21:47 [DEBUG] __main__ — [transport] op88 fileId=2984857453 url=https://fd.oneme.ru/getfile?sig=PD3vCVUzVth36XGR0GaYa81Toww8mDbxaS1SnNELLGS3NCs-Z4DP63I6uooJnIh9tczm50lVTclrgnK1UOxjmA&expires=1774437707273&clientType=6&id=2984857453&userId=240876353
2026-03-24 12:21:47 [DEBUG] __main__ — [transport:acc1] recv_file  fileId=2984857453  frames=1
2026-03-24 12:21:47 [DEBUG] __main__ — [transport:acc1] frame  action=connect  id=fb16bd10  size=0
2026-03-24 12:21:47 [INFO] __main__ — [fb16bd10] CONNECT → 188.40.167.82:443
2026-03-24 12:21:47 [INFO] __main__ — [fb16bd10] TCP connected → 188.40.167.82:443  (0 мс)
2026-03-24 12:21:47 [DEBUG] __main__ — [transport:acc1] batch flush  frames=1  total=53B
2026-03-24 12:21:48 [DEBUG] __main__ — [transport:acc1] upload ok  fileId=2994102076  size=53
2026-03-24 12:21:57 [DEBUG] __main__ — [transport:server] keepalive sent
2026-03-24 12:21:58 [DEBUG] __main__ — [transport:server] keepalive sent
2026-03-24 12:21:59 [DEBUG] __main__ — [881a6295] remote EOF
2026-03-24 12:21:59 [INFO] __main__ — [881a6295] pipe done | rx=0B/0f (0.0 КБ/с)  tx=0B/0f (0.0 КБ/с)  60.2s
2026-03-24 12:21:59 [DEBUG] __main__ — [881a6295] socket closed
2026-03-24 12:21:59 [DEBUG] __main__ — [transport:acc1] batch flush  frames=1  total=57B
2026-03-24 12:22:00 [DEBUG] __main__ — [transport] msg-event op=64 cmd=1 chat=0 sender=240002558 attaches=1
2026-03-24 12:22:00 [DEBUG] __main__ — [transport] attach full={'_type': 'FILE', 'name': 'data.bin', 'size': 57, 'fileId': 2989924401, 'token': 'f9LHodD0cOKg_1sf798lgPNRDbAnv2wwoAdZ5HfLR2yOY8d-ovjYfxYSz-ekicyMOhvIPcsQt7VH0BL1NLHK'}
2026-03-24 12:22:00 [DEBUG] __main__ — [transport:acc2] пропускаем свой исходящий файл fileId=2989924401
2026-03-24 12:22:00 [INFO] __main__ — [poll] активных ссылок: 1
2026-03-24 12:22:07 [DEBUG] __main__ — [transport] msg-event op=128 cmd=0 chat=0 sender=240002558 attaches=1
2026-03-24 12:22:07 [DEBUG] __main__ — [transport] attach full={'_type': 'FILE', 'name': 'OUT_data.bin', 'size': 77, 'fileId': 2994148337, 'token': 'f9LHodD0cOJb2z8LW1TX793HtuMZszlgv9ysItXv2EhYgjz2DXikMjZOSrN25c2XlYX3_49XVd7WRn3DqJII'}
2026-03-24 12:22:08 [DEBUG] __main__ — [transport] op88 fileId=2994148337 url=https://fd.oneme.ru/getfile?sig=zMsj47j72su8_niR0oVwi6PRMwraa0oECcZeDUOl_4gmnKu-rBQwkUZhw1S3H2HoeAqWhgLSvQ3OMBdscIGL5A&expires=1774437727954&clientType=6&id=2994148337&userId=240002558
2026-03-24 12:22:08 [DEBUG] __main__ — [transport] msg-event op=64 cmd=1 chat=0 sender=240876353 attaches=1
2026-03-24 12:22:08 [DEBUG] __main__ — [transport] attach full={'_type': 'FILE', 'name': 'data.bin', 'size': 53, 'fileId': 2994102076, 'token': 'f9LHodD0cOJ0IQumjew5Sb2ADqs5ddpke4rEVIxIiEr1KHdXALQYB6G80Z3ykSvrwhhmB8IcfyNgDeoh6qYt'}
2026-03-24 12:22:08 [DEBUG] __main__ — [transport:acc1] пропускаем свой исходящий файл fileId=2994102076
2026-03-24 12:22:08 [DEBUG] __main__ — [transport:acc2] recv_file  fileId=2994148337  frames=1
2026-03-24 12:22:08 [DEBUG] __main__ — [transport:acc2] frame  action=connect  id=e0e99c87  size=0
2026-03-24 12:22:08 [INFO] __main__ — [e0e99c87] CONNECT → 188.40.167.82:443
2026-03-24 12:22:08 [INFO] __main__ — [e0e99c87] TCP connected → 188.40.167.82:443  (1 мс)
2026-03-24 12:22:08 [DEBUG] __main__ — [transport:acc2] batch flush  frames=1  total=53B
2026-03-24 12:22:08 [DEBUG] __main__ — [transport:acc1] upload ok  fileId=2987744853  size=57
2026-03-24 12:22:08 [DEBUG] __main__ — [transport:acc2] upload ok  fileId=2989404920  size=53
2026-03-24 12:22:21 [DEBUG] __main__ — [transport] msg-event op=64 cmd=1 chat=0 sender=240876353 attaches=1
2026-03-24 12:22:21 [DEBUG] __main__ — [transport] attach full={'_type': 'FILE', 'name': 'data.bin', 'size': 57, 'fileId': 2987744853, 'token': 'f9LHodD0cOL5aqdbz5rAJ2p62tXQ_8m38JbeHpvvO80ened4QsKXzKd9hmv_l8HYvS8Z15aTkR3BV6iQwVgU'}
2026-03-24 12:22:21 [DEBUG] __main__ — [transport:acc1] пропускаем свой исходящий файл fileId=2987744853
2026-03-24 12:22:22 [DEBUG] __main__ — [transport:server] keepalive sent
2026-03-24 12:22:23 [DEBUG] __main__ — [transport:server] keepalive sent
2026-03-24 12:22:26 [DEBUG] __main__ — [c863957b] remote EOF
2026-03-24 12:22:26 [INFO] __main__ — [c863957b] pipe done | rx=0B/0f (0.0 КБ/с)  tx=0B/0f (0.0 КБ/с)  60.1s
2026-03-24 12:22:26 [DEBUG] __main__ — [c863957b] socket closed
2026-03-24 12:22:26 [DEBUG] __main__ — [transport:acc2] batch flush  frames=1  total=57B
2026-03-24 12:22:28 [WARNING] __main__ — [transport:acc2] op136 timeout fileId=2989404920, sending op64 anyway
2026-03-24 12:22:29 [DEBUG] __main__ — [transport:acc2] upload ok  fileId=2987750229  size=57
2026-03-24 12:22:30 [DEBUG] __main__ — [transport] msg-event op=128 cmd=0 chat=0 sender=240876353 attaches=1
2026-03-24 12:22:30 [DEBUG] __main__ — [transport] attach full={'_type': 'FILE', 'name': 'OUT_data.bin', 'size': 77, 'fileId': 2987086469, 'token': 'f9LHodD0cOIqnhuThQspjSbKYdgplLHDUrM7R5Pe5KJm-SmQMiQnNs4WCtX47uNQIRZ_7hgyPNHj9QQ4qxAi'}
2026-03-24 12:22:30 [DEBUG] __main__ — [transport] op88 fileId=2987086469 url=https://fd.oneme.ru/getfile?sig=592NtSVq2v3cWOVlQrGwJC4V5q73szmu86vqtOA58pB5_1lGJrWuIiJIlIZ0i1Bjv2WKGxIvHF7tuYZUZy6HZA&expires=1774437750914&clientType=6&id=2987086469&userId=240876353
2026-03-24 12:22:31 [INFO] __main__ — [poll] активных ссылок: 1
2026-03-24 12:22:31 [DEBUG] __main__ — [transport:acc1] recv_file  fileId=2987086469  frames=1
2026-03-24 12:22:31 [DEBUG] __main__ — [transport:acc1] frame  action=connect  id=5e66da81  size=0
2026-03-24 12:22:31 [INFO] __main__ — [5e66da81] CONNECT → 188.40.167.82:443
2026-03-24 12:22:31 [INFO] __main__ — [5e66da81] TCP connected → 188.40.167.82:443  (1 мс)
2026-03-24 12:22:31 [DEBUG] __main__ — [transport:acc1] batch flush  frames=1  total=53B
2026-03-24 12:22:31 [DEBUG] __main__ — [transport:acc1] upload ok  fileId=2987612372  size=53
2026-03-24 12:22:39 [DEBUG] __main__ — [transport] msg-event op=64 cmd=1 chat=0 sender=240002558 attaches=1
2026-03-24 12:22:39 [DEBUG] __main__ — [transport] attach full={'_type': 'FILE', 'name': 'data.bin', 'size': 57, 'fileId': 2987750229, 'token': 'f9LHodD0cOKEORhiLNVi50_-iRZ5NR6bL5ygaHdOfxB425pYLdgglWYcsNkL6Y-hrlgLrfjRY6yf7qkCHhgl'}
2026-03-24 12:22:39 [DEBUG] __main__ — [transport:acc2] пропускаем свой исходящий файл fileId=2987750229
2026-03-24 12:22:47 [DEBUG] __main__ — [fb16bd10] remote EOF
2026-03-24 12:22:47 [INFO] __main__ — [fb16bd10] pipe done | rx=0B/0f (0.0 КБ/с)  tx=0B/0f (0.0 КБ/с)  60.1s
2026-03-24 12:22:47 [DEBUG] __main__ — [fb16bd10] socket closed
2026-03-24 12:22:47 [DEBUG] __main__ — [transport:acc1] batch flush  frames=1  total=57B
2026-03-24 12:22:47 [DEBUG] __main__ — [transport:server] keepalive sent
2026-03-24 12:22:48 [DEBUG] __main__ — [transport:server] keepalive sent
2026-03-24 12:22:51 [WARNING] __main__ — [transport:acc1] op136 timeout fileId=2987612372, sending op64 anyway
2026-03-24 12:22:51 [DEBUG] __main__ — [transport:acc1] upload ok  fileId=2993403391  size=57
2026-03-24 12:23:01 [INFO] __main__ — [poll] активных ссылок: 1
2026-03-24 12:23:08 [DEBUG] __main__ — [e0e99c87] remote EOF
2026-03-24 12:23:08 [INFO] __main__ — [e0e99c87] pipe done | rx=0B/0f (0.0 КБ/с)  tx=0B/0f (0.0 КБ/с)  60.3s
2026-03-24 12:23:08 [DEBUG] __main__ — [e0e99c87] socket closed
2026-03-24 12:23:08 [DEBUG] __main__ — [transport:acc2] batch flush  frames=1  total=57B
2026-03-24 12:23:09 [DEBUG] __main__ — [transport:acc2] upload ok  fileId=2996636514  size=57
2026-03-24 12:23:11 [WARNING] __main__ — [transport:acc1] op136 timeout fileId=2993403391, sending op64 anyway
2026-03-24 12:23:12 [DEBUG] __main__ — [transport:server] keepalive sent
2026-03-24 12:23:13 [DEBUG] __main__ — [transport:server] keepalive sent
2026-03-24 12:23:29 [WARNING] __main__ — [transport:acc2] op136 timeout fileId=2996636514, sending op64 anyway
2026-03-24 12:23:31 [DEBUG] __main__ — [5e66da81] remote EOF
2026-03-24 12:23:31 [INFO] __main__ — [5e66da81] pipe done | rx=0B/0f (0.0 КБ/с)  tx=0B/0f (0.0 КБ/с)  60.1s
2026-03-24 12:23:31 [DEBUG] __main__ — [5e66da81] socket closed
2026-03-24 12:23:31 [DEBUG] __main__ — [transport:acc1] batch flush  frames=1  total=57B
2026-03-24 12:23:31 [INFO] __main__ — [poll] активных ссылок: 1
2026-03-24 12:23:32 [DEBUG] __main__ — [transport:acc1] upload ok  fileId=2984987305  size=57
2026-03-24 12:23:37 [DEBUG] __main__ — [transport:server] keepalive sent
2026-03-24 12:23:38 [DEBUG] __main__ — [transport:server] keepalive sent
2026-03-24 12:23:50 [DEBUG] __main__ — [transport] msg-event op=64 cmd=1 chat=0 sender=240876353 attaches=1
2026-03-24 12:23:50 [DEBUG] __main__ — [transport] attach full={'_type': 'FILE', 'name': 'data.bin', 'size': 57, 'fileId': 2984987305, 'token': 'f9LHodD0cOLyfXJYEzv3hFNa-lqFR_k6huSwECNbQJTfambGPI-XB2Myt7PwLCjG_Nv5NdBprjCnZq8sBsCI'}
2026-03-24 12:23:50 [DEBUG] __main__ — [transport:acc1] пропускаем свой исходящий файл fileId=2984987305
2026-03-24 12:24:01 [INFO] __main__ — [poll] активных ссылок: 1
2026-03-24 12:24:02 [DEBUG] __main__ — [transport:server] keepalive sent
2026-03-24 12:24:03 [DEBUG] __main__ — [transport:server] keepalive sent
2026-03-24 12:24:27 [DEBUG] __main__ — [transport:server] keepalive sent
2026-03-24 12:24:28 [DEBUG] __main__ — [transport:server] keepalive sent
2026-03-24 12:24:32 [INFO] __main__ — [poll] активных ссылок: 1
2026-03-24 12:24:52 [DEBUG] __main__ — [transport:server] keepalive sent
2026-03-24 12:24:53 [DEBUG] __main__ — [transport:server] keepalive sent
2026-03-24 12:25:02 [INFO] __main__ — [poll] активных ссылок: 1
2026-03-24 12:25:17 [DEBUG] __main__ — [transport:server] keepalive sent
2026-03-24 12:25:18 [DEBUG] __main__ — [transport:server] keepalive sent
2026-03-24 12:25:32 [INFO] __main__ — [poll] активных ссылок: 1
2026-03-24 12:25:42 [DEBUG] __main__ — [transport:server] keepalive sent
2026-03-24 12:25:43 [DEBUG] __main__ — [transport:server] keepalive sent
2026-03-24 12:26:03 [INFO] __main__ — [poll] активных ссылок: 1
2026-03-24 12:26:07 [DEBUG] __main__ — [transport:server] keepalive sent
2026-03-24 12:26:08 [DEBUG] __main__ — [transport:server] keepalive sent
2026-03-24 12:26:32 [DEBUG] __main__ — [transport:server] keepalive sent
2026-03-24 12:26:33 [DEBUG] __main__ — [transport:server] keepalive sent
2026-03-24 12:26:33 [INFO] __main__ — [poll] активных ссылок: 1
2026-03-24 12:26:57 [DEBUG] __main__ — [transport:server] keepalive sent
2026-03-24 12:26:58 [DEBUG] __main__ — [transport:server] keepalive sent
2026-03-24 12:27:03 [INFO] __main__ — [poll] активных ссылок: 1
2026-03-24 12:27:18 [INFO] __main__ — [proxy:self-chat] остановлен
2026-03-24 12:27:18 [ERROR] asyncio — Unclosed client session
client_session: <aiohttp.client.ClientSession object at 0x757ab3fa2740>
2026-03-24 12:27:18 [ERROR] asyncio — Unclosed client session
client_session: <aiohttp.client.ClientSession object at 0x757ab339d300>
