2026-03-23 22:57:29 [INFO] __main__ — MAX Proxy SERVER запущен  viewer_id=240876353  api=https://telegram.mooner.pro/api/max/status  poll=30s
2026-03-23 22:57:29 [INFO] __main__ — [poll] активных ссылок: 1
2026-03-23 22:57:29 [INFO] __main__ — [sync] добавляем: https://max.ru/u/f9LHodD0cOLSv4G88y6aJUnuBwDWtOabajgudb8lC2a1yX4zO275z8gu3fU
2026-03-23 22:57:30 [INFO] __main__ — Авторизован [server], chatId=0
2026-03-23 22:57:30 [INFO] __main__ — [resolve] Андрей  uid=240002558  chat_id=1400511
2026-03-23 22:57:30 [INFO] __main__ — [resolve] '.' отправлен → Андрей  chat_id=1400511
2026-03-23 22:57:30 [INFO] __main__ — [proxy:Андрей] WS подключение (chat_id=1400511)
2026-03-23 22:57:31 [INFO] __main__ — Авторизован [server], chatId=1400511
2026-03-23 22:57:56 [DEBUG] __main__ — [transport:server] keepalive sent
2026-03-23 22:58:01 [INFO] __main__ — [poll] активных ссылок: 1
2026-03-23 22:58:21 [DEBUG] __main__ — [transport:server] keepalive sent
2026-03-23 22:58:31 [INFO] __main__ — [poll] активных ссылок: 1
2026-03-23 22:58:46 [DEBUG] __main__ — [transport:server] keepalive sent
2026-03-23 22:59:01 [INFO] __main__ — [poll] активных ссылок: 1
2026-03-23 22:59:11 [DEBUG] __main__ — [transport:server] keepalive sent
2026-03-23 22:59:32 [INFO] __main__ — [poll] активных ссылок: 1
2026-03-23 22:59:36 [DEBUG] __main__ — [transport:server] keepalive sent
2026-03-23 23:00:01 [DEBUG] __main__ — [transport:server] keepalive sent
2026-03-23 23:00:02 [INFO] __main__ — [poll] активных ссылок: 1
2026-03-23 23:00:26 [DEBUG] __main__ — [transport:server] keepalive sent
2026-03-23 23:00:32 [INFO] __main__ — [poll] активных ссылок: 1
2026-03-23 23:00:51 [DEBUG] __main__ — [transport:server] keepalive sent
2026-03-23 23:01:02 [INFO] __main__ — [poll] активных ссылок: 1
2026-03-23 23:01:16 [DEBUG] __main__ — [transport:server] keepalive sent
2026-03-23 23:01:33 [INFO] __main__ — [poll] активных ссылок: 1
2026-03-23 23:01:41 [DEBUG] __main__ — [transport:server] keepalive sent
2026-03-23 23:02:03 [INFO] __main__ — [poll] активных ссылок: 1
2026-03-23 23:02:06 [DEBUG] __main__ — [transport:server] keepalive sent
2026-03-23 23:02:31 [DEBUG] __main__ — [transport:server] keepalive sent
2026-03-23 23:02:33 [INFO] __main__ — [poll] активных ссылок: 1
2026-03-23 23:02:56 [DEBUG] __main__ — [transport:server] keepalive sent
2026-03-23 23:03:03 [INFO] __main__ — [poll] активных ссылок: 1
2026-03-23 23:03:21 [DEBUG] __main__ — [transport:server] keepalive sent
2026-03-23 23:03:33 [INFO] __main__ — [poll] активных ссылок: 1
2026-03-23 23:03:46 [DEBUG] __main__ — [transport:server] keepalive sent
2026-03-23 23:04:04 [INFO] __main__ — [poll] активных ссылок: 1
2026-03-23 23:04:11 [DEBUG] __main__ — [transport:server] keepalive sent
2026-03-23 23:04:34 [INFO] __main__ — [poll] активных ссылок: 1
2026-03-23 23:04:36 [DEBUG] __main__ — [transport:server] keepalive sent
2026-03-23 23:05:01 [DEBUG] __main__ — [transport:server] keepalive sent
2026-03-23 23:05:04 [INFO] __main__ — [poll] активных ссылок: 1
2026-03-23 23:05:26 [DEBUG] __main__ — [transport:server] keepalive sent
2026-03-23 23:05:34 [INFO] __main__ — [poll] активных ссылок: 1
2026-03-23 23:05:51 [DEBUG] __main__ — [transport:server] keepalive sent
2026-03-23 23:06:05 [INFO] __main__ — [poll] активных ссылок: 1
2026-03-23 23:06:16 [DEBUG] __main__ — [transport:server] keepalive sent
2026-03-23 23:06:35 [INFO] __main__ — [poll] активных ссылок: 1
2026-03-23 23:06:41 [DEBUG] __main__ — [transport:server] keepalive sent
2026-03-23 23:07:05 [INFO] __main__ — [poll] активных ссылок: 1
2026-03-23 23:07:06 [DEBUG] __main__ — [transport:server] keepalive sent
2026-03-23 23:07:31 [DEBUG] __main__ — [transport:server] keepalive sent
2026-03-23 23:07:36 [INFO] __main__ — [poll] активных ссылок: 1
2026-03-23 23:07:56 [DEBUG] __main__ — [transport:server] keepalive sent
2026-03-23 23:08:06 [INFO] __main__ — [poll] активных ссылок: 1
2026-03-23 23:08:21 [DEBUG] __main__ — [transport:server] keepalive sent
2026-03-23 23:08:36 [INFO] __main__ — [poll] активных ссылок: 1
2026-03-23 23:08:46 [DEBUG] __main__ — [transport:server] keepalive sent
2026-03-23 23:09:06 [INFO] __main__ — [poll] активных ссылок: 1
2026-03-23 23:09:11 [DEBUG] __main__ — [transport:server] keepalive sent
2026-03-23 23:09:36 [DEBUG] __main__ — [transport:server] keepalive sent
2026-03-23 23:09:37 [INFO] __main__ — [poll] активных ссылок: 1
2026-03-23 23:10:01 [DEBUG] __main__ — [transport:server] keepalive sent
2026-03-23 23:10:07 [INFO] __main__ — [poll] активных ссылок: 1
2026-03-23 23:10:26 [DEBUG] __main__ — [transport:server] keepalive sent
2026-03-23 23:10:37 [INFO] __main__ — [poll] активных ссылок: 1
2026-03-23 23:10:51 [DEBUG] __main__ — [transport:server] keepalive sent
2026-03-23 23:11:07 [INFO] __main__ — [poll] активных ссылок: 1
2026-03-23 23:11:16 [DEBUG] __main__ — [transport:server] keepalive sent
2026-03-23 23:11:38 [INFO] __main__ — [poll] активных ссылок: 1
2026-03-23 23:11:41 [DEBUG] __main__ — [transport:server] keepalive sent
2026-03-23 23:12:06 [DEBUG] __main__ — [transport:server] keepalive sent
2026-03-23 23:12:08 [INFO] __main__ — [poll] активных ссылок: 1
2026-03-23 23:12:31 [DEBUG] __main__ — [transport:server] keepalive sent
2026-03-23 23:12:38 [INFO] __main__ — [poll] активных ссылок: 1
2026-03-23 23:12:56 [DEBUG] __main__ — [transport:server] keepalive sent
2026-03-23 23:13:08 [INFO] __main__ — [poll] активных ссылок: 1
2026-03-23 23:13:21 [DEBUG] __main__ — [transport:server] keepalive sent
2026-03-23 23:13:39 [INFO] __main__ — [poll] активных ссылок: 1
2026-03-23 23:13:46 [DEBUG] __main__ — [transport:server] keepalive sent
2026-03-23 23:14:09 [INFO] __main__ — [poll] активных ссылок: 1
2026-03-23 23:14:11 [DEBUG] __main__ — [transport:server] keepalive sent
2026-03-23 23:14:25 [INFO] __main__ — [proxy:Андрей] остановлен
2026-03-23 23:14:25 [ERROR] asyncio — Unclosed client session
client_session: <aiohttp.client.ClientSession object at 0x75b0a178cac0>
