2026-03-24 21:22:59 [DEBUG] __main__ — [tun] ip link set tun0 up mtu 1400: OK
2026-03-24 21:22:59 [DEBUG] __main__ — [tun] ip addr add 10.0.1.1/30 dev tun0: OK
2026-03-24 21:23:00 [DEBUG] __main__ — [tun] → 1 pkts  raw=54B  packed=47B
2026-03-24 21:23:00 [INFO] __main__ — BATCH TUN→  pkts=1  0КБ  packed=0КБ
2026-03-24 21:23:00 [ERROR] __main__ — [multi] acc1 разрыв: no close frame received or sent. Reconnect in 5s...
2026-03-24 21:23:00 [ERROR] asyncio — Task exception was never retrieved
future: <Task finished name='Task-8' coro=<MaxTransport._recv_loop() done, defined at /var/www/html2/xyemax.test/tun/client/client.py:339> exception=ConnectionClosedError(None, None, None)>
Traceback (most recent call last):
  File "/var/www/html2/xyemax.test/tun/client/client.py", line 340, in _recv_loop
    async for raw in self.ws:
  File "/usr/local/lib/python3.10/dist-packages/websockets/asyncio/connection.py", line 244, in __aiter__
    yield await self.recv()
  File "/usr/local/lib/python3.10/dist-packages/websockets/asyncio/connection.py", line 324, in recv
    raise self.protocol.close_exc from self.recv_exc
websockets.exceptions.ConnectionClosedError: no close frame received or sent
2026-03-24 21:23:03 [DEBUG] __main__ — [tun] → 1 pkts  raw=54B  packed=47B
2026-03-24 21:23:03 [INFO] __main__ — BATCH TUN→  pkts=1  0КБ  packed=0КБ
2026-03-24 21:23:03 [ERROR] __main__ — [multi] нет живых транспортов, пакеты дропаются
2026-03-24 21:23:05 [INFO] __main__ — Авторизован [client:acc1], chatId=0
2026-03-24 21:23:10 [WARNING] __main__ — [transport:acc1] op87 timeout attempt=1/3
2026-03-24 21:23:11 [DEBUG] __main__ — [tun] → 1 pkts  raw=54B  packed=47B
2026-03-24 21:23:11 [INFO] __main__ — BATCH TUN→  pkts=1  0КБ  packed=0КБ
2026-03-24 21:23:11 [DEBUG] __main__ — [transport:acc1] upload ok fileId=2996306229 size=47
2026-03-24 21:23:12 [DEBUG] __main__ — [transport:acc1] upload ok fileId=3002557839 size=47
2026-03-24 21:23:12 [ERROR] asyncio — Unclosed client session
client_session: <aiohttp.client.ClientSession object at 0x72c0ddb01690>
2026-03-24 21:23:12 [ERROR] asyncio — Unclosed connector
connections: ['deque([(<aiohttp.client_proto.ResponseHandler object at 0x72c0ddb6bd60>, 162795.117544553)])']
connector: <aiohttp.connector.TCPConnector object at 0x72c0ddb006d0>
2026-03-24 21:23:14 [DEBUG] __main__ — [tun] → 1 pkts  raw=66B  packed=67B
2026-03-24 21:23:14 [INFO] __main__ — BATCH TUN→  pkts=1  0КБ  packed=0КБ
2026-03-24 21:23:14 [DEBUG] __main__ — [transport:acc1] upload ok fileId=3003000901 size=67
2026-03-24 21:23:15 [DEBUG] __main__ — [tun] → 1 pkts  raw=66B  packed=67B
2026-03-24 21:23:15 [INFO] __main__ — BATCH TUN→  pkts=1  0КБ  packed=0КБ
2026-03-24 21:23:15 [DEBUG] __main__ — [transport:acc1] upload ok fileId=3003320364 size=67
2026-03-24 21:23:15 [DEBUG] __main__ — [transport:acc1] recv_file fileId=3003770132 size=54
2026-03-24 21:23:16 [DEBUG] __main__ — [tun] → 1 pkts  raw=66B  packed=67B
2026-03-24 21:23:16 [INFO] __main__ — BATCH TUN→  pkts=1  0КБ  packed=0КБ
2026-03-24 21:23:16 [DEBUG] __main__ — [transport:acc1] upload ok fileId=3003320620 size=67
2026-03-24 21:23:17 [DEBUG] __main__ — [tun] → 1 pkts  raw=66B  packed=67B
2026-03-24 21:23:17 [INFO] __main__ — BATCH TUN→  pkts=1  0КБ  packed=0КБ
2026-03-24 21:23:17 [DEBUG] __main__ — [transport:acc1] upload ok fileId=2998849584 size=67
2026-03-24 21:23:18 [DEBUG] __main__ — [tun] → 1 pkts  raw=66B  packed=67B
2026-03-24 21:23:18 [INFO] __main__ — BATCH TUN→  pkts=1  0КБ  packed=0КБ
2026-03-24 21:23:18 [DEBUG] __main__ — [transport:acc1] upload ok fileId=3002720574 size=67
2026-03-24 21:23:19 [DEBUG] __main__ — [tun] → 1 pkts  raw=66B  packed=67B
2026-03-24 21:23:19 [INFO] __main__ — BATCH TUN→  pkts=1  0КБ  packed=0КБ
2026-03-24 21:23:19 [DEBUG] __main__ — [transport:acc1] upload ok fileId=2994734641 size=67
2026-03-24 21:23:21 [DEBUG] __main__ — [tun] → 1 pkts  raw=66B  packed=67B
2026-03-24 21:23:21 [INFO] __main__ — BATCH TUN→  pkts=1  0КБ  packed=0КБ
2026-03-24 21:23:21 [DEBUG] __main__ — [transport:acc1] upload ok fileId=2997235763 size=67
2026-03-24 21:23:25 [DEBUG] __main__ — [tun] → 1 pkts  raw=66B  packed=67B
2026-03-24 21:23:25 [INFO] __main__ — BATCH TUN→  pkts=1  0КБ  packed=0КБ
2026-03-24 21:23:25 [DEBUG] __main__ — [transport:acc1] upload ok fileId=2998911466 size=67
2026-03-24 21:23:27 [DEBUG] __main__ — [tun] → 1 pkts  raw=54B  packed=47B
2026-03-24 21:23:27 [INFO] __main__ — BATCH TUN→  pkts=1  0КБ  packed=0КБ
2026-03-24 21:23:27 [DEBUG] __main__ — [transport:acc1] upload ok fileId=2989984052 size=47
2026-03-24 21:23:34 [DEBUG] __main__ — [tun] → 1 pkts  raw=66B  packed=67B
2026-03-24 21:23:34 [INFO] __main__ — BATCH TUN→  pkts=1  0КБ  packed=0КБ
2026-03-24 21:23:34 [DEBUG] __main__ — [transport:acc1] upload ok fileId=3002435374 size=67
2026-03-24 21:23:42 [DEBUG] __main__ — [transport:acc1] recv_file fileId=3003771156 size=54
2026-03-24 21:23:50 [DEBUG] __main__ — [tun] → 1 pkts  raw=66B  packed=67B
2026-03-24 21:23:50 [INFO] __main__ — BATCH TUN→  pkts=1  0КБ  packed=0КБ
2026-03-24 21:23:50 [DEBUG] __main__ — [transport:acc1] upload ok fileId=3002436142 size=67
2026-03-24 21:23:57 [DEBUG] __main__ — [tun] → 1 pkts  raw=54B  packed=47B
2026-03-24 21:23:57 [INFO] __main__ — BATCH TUN→  pkts=1  0КБ  packed=0КБ
2026-03-24 21:23:57 [DEBUG] __main__ — [transport:acc1] upload ok fileId=2997236531 size=47
2026-03-24 21:23:57 [ERROR] asyncio — Fatal error on SSL transport
protocol: <asyncio.sslproto.SSLProtocol object at 0x72c0ddb017b0>
transport: <_SelectorSocketTransport closing fd=10>
Traceback (most recent call last):
  File "/usr/lib/python3.10/asyncio/selector_events.py", line 924, in write
    n = self._sock.send(data)
OSError: [Errno 9] Bad file descriptor

During handling of the above exception, another exception occurred:

Traceback (most recent call last):
  File "/usr/lib/python3.10/asyncio/sslproto.py", line 690, in _process_write_backlog
    self._transport.write(chunk)
  File "/usr/lib/python3.10/asyncio/selector_events.py", line 930, in write
    self._fatal_error(exc, 'Fatal write error on socket transport')
  File "/usr/lib/python3.10/asyncio/selector_events.py", line 725, in _fatal_error
    self._force_close(exc)
  File "/usr/lib/python3.10/asyncio/selector_events.py", line 737, in _force_close
    self._loop.call_soon(self._call_connection_lost, exc)
  File "/usr/lib/python3.10/asyncio/base_events.py", line 753, in call_soon
    self._check_closed()
  File "/usr/lib/python3.10/asyncio/base_events.py", line 515, in _check_closed
    raise RuntimeError('Event loop is closed')
RuntimeError: Event loop is closed
2026-03-24 21:23:57 [ERROR] asyncio — Unclosed connector
connections: ['deque([(<aiohttp.client_proto.ResponseHandler object at 0x72c0ddb6bb20>, 162825.776417703)])', 'deque([(<aiohttp.client_proto.ResponseHandler object at 0x72c0ddb6ba60>, 162840.299977883)])']
connector: <aiohttp.connector.TCPConnector object at 0x72c0de82fc10>
