2026-03-24 21:11:57 [DEBUG] __main__ — [tun] ip link set tun0 up mtu 1400: OK
2026-03-24 21:11:57 [WARNING] __main__ — [tun] ip addr add 10.0.1.1      # адрес клиента в туннеле/30 dev tun0: Error: any valid prefix is expected rather than "10.0.1.1      # адрес клиента в туннеле/30".
2026-03-24 21:11:57 [ERROR] __main__ — [tun] read error: [Errno 11] Resource temporarily unavailable
2026-03-24 21:11:58 [ERROR] __main__ — [tun] read error: [Errno 11] Resource temporarily unavailable
2026-03-24 21:11:58 [ERROR] __main__ — [tun] read error: [Errno 11] Resource temporarily unavailable
2026-03-24 21:11:58 [ERROR] __main__ — [tun] read error: [Errno 11] Resource temporarily unavailable
2026-03-24 21:11:58 [ERROR] __main__ — [tun] read error: [Errno 11] Resource temporarily unavailable
2026-03-24 21:11:58 [ERROR] __main__ — [tun] read error: [Errno 11] Resource temporarily unavailable
2026-03-24 21:11:58 [ERROR] __main__ — [tun] read error: [Errno 11] Resource temporarily unavailable
2026-03-24 21:11:58 [ERROR] __main__ — [tun] read error: [Errno 11] Resource temporarily unavailable
2026-03-24 21:11:58 [ERROR] __main__ — [tun] read error: [Errno 11] Resource temporarily unavailable
2026-03-24 21:11:58 [ERROR] __main__ — [tun] read error: [Errno 11] Resource temporarily unavailable
2026-03-24 21:11:58 [INFO] __main__ — Авторизован [client:acc1], chatId=0
2026-03-24 21:11:58 [ERROR] __main__ — [tun] read error: [Errno 11] Resource temporarily unavailable
2026-03-24 21:11:59 [ERROR] __main__ — [tun] read error: [Errno 11] Resource temporarily unavailable
2026-03-24 21:11:59 [ERROR] __main__ — [tun] read error: [Errno 11] Resource temporarily unavailable
2026-03-24 21:11:59 [ERROR] __main__ — [tun] read error: [Errno 11] Resource temporarily unavailable
2026-03-24 21:11:59 [ERROR] __main__ — [tun] read error: [Errno 11] Resource temporarily unavailable
2026-03-24 21:11:59 [ERROR] __main__ — [tun] read error: [Errno 11] Resource temporarily unavailable
2026-03-24 21:11:59 [ERROR] __main__ — [tun] read error: [Errno 11] Resource temporarily unavailable
2026-03-24 21:11:59 [ERROR] __main__ — [tun] read error: [Errno 11] Resource temporarily unavailable
2026-03-24 21:11:59 [ERROR] __main__ — [tun] read error: [Errno 11] Resource temporarily unavailable
2026-03-24 21:11:59 [ERROR] __main__ — [tun] read error: [Errno 11] Resource temporarily unavailable
2026-03-24 21:11:59 [ERROR] __main__ — [tun] read error: [Errno 11] Resource temporarily unavailable
2026-03-24 21:12:00 [ERROR] __main__ — [tun] read error: [Errno 11] Resource temporarily unavailable
2026-03-24 21:12:00 [ERROR] __main__ — [tun] read error: [Errno 11] Resource temporarily unavailable
2026-03-24 21:12:00 [ERROR] __main__ — [tun] read error: [Errno 11] Resource temporarily unavailable
2026-03-24 21:12:00 [ERROR] __main__ — [tun] read error: [Errno 11] Resource temporarily unavailable
2026-03-24 21:12:00 [ERROR] __main__ — [tun] read error: [Errno 11] Resource temporarily unavailable
2026-03-24 21:12:00 [ERROR] __main__ — [tun] read error: [Errno 11] Resource temporarily unavailable
2026-03-24 21:12:00 [ERROR] __main__ — [tun] read error: [Errno 11] Resource temporarily unavailable
2026-03-24 21:12:00 [ERROR] __main__ — [tun] read error: [Errno 11] Resource temporarily unavailable
2026-03-24 21:12:00 [ERROR] __main__ — [tun] read error: [Errno 11] Resource temporarily unavailable
2026-03-24 21:12:00 [ERROR] __main__ — [tun] read error: [Errno 11] Resource temporarily unavailable
2026-03-24 21:12:01 [ERROR] __main__ — [tun] read error: [Errno 11] Resource temporarily unavailable
2026-03-24 21:12:01 [ERROR] __main__ — [tun] read error: [Errno 11] Resource temporarily unavailable
2026-03-24 21:12:01 [ERROR] __main__ — [tun] read error: [Errno 11] Resource temporarily unavailable
2026-03-24 21:12:01 [ERROR] __main__ — [tun] read error: [Errno 11] Resource temporarily unavailable
2026-03-24 21:12:01 [ERROR] __main__ — [tun] read error: [Errno 11] Resource temporarily unavailable
2026-03-24 21:12:01 [ERROR] __main__ — [tun] read error: [Errno 11] Resource temporarily unavailable
2026-03-24 21:12:01 [DEBUG] __main__ — [tun] → 1 pkts  raw=66B  packed=67B
2026-03-24 21:12:01 [INFO] __main__ — BATCH TUN→  pkts=1  0КБ  packed=0КБ
2026-03-24 21:12:01 [ERROR] __main__ — [tun] read error: [Errno 11] Resource temporarily unavailable
2026-03-24 21:12:01 [ERROR] __main__ — [tun] read error: [Errno 11] Resource temporarily unavailable
2026-03-24 21:12:01 [ERROR] __main__ — [tun] read error: [Errno 11] Resource temporarily unavailable
2026-03-24 21:12:01 [ERROR] __main__ — [tun] read error: [Errno 11] Resource temporarily unavailable
2026-03-24 21:12:02 [ERROR] __main__ — [tun] read error: [Errno 11] Resource temporarily unavailable
2026-03-24 21:12:02 [ERROR] __main__ — [tun] read error: [Errno 11] Resource temporarily unavailable
2026-03-24 21:12:02 [DEBUG] __main__ — [transport:acc1] upload ok fileId=3001346090 size=67
2026-03-24 21:12:02 [ERROR] __main__ — [tun] read error: [Errno 11] Resource temporarily unavailable
2026-03-24 21:12:02 [ERROR] __main__ — [tun] read error: [Errno 11] Resource temporarily unavailable
2026-03-24 21:12:02 [ERROR] __main__ — [tun] read error: [Errno 11] Resource temporarily unavailable
2026-03-24 21:12:02 [ERROR] __main__ — [tun] read error: [Errno 11] Resource temporarily unavailable
2026-03-24 21:12:02 [DEBUG] __main__ — [tun] → 1 pkts  raw=66B  packed=67B
2026-03-24 21:12:02 [INFO] __main__ — BATCH TUN→  pkts=1  0КБ  packed=0КБ
2026-03-24 21:12:02 [ERROR] __main__ — [tun] read error: [Errno 11] Resource temporarily unavailable
2026-03-24 21:12:02 [ERROR] __main__ — [tun] read error: [Errno 11] Resource temporarily unavailable
2026-03-24 21:12:02 [ERROR] __main__ — [tun] read error: [Errno 11] Resource temporarily unavailable
2026-03-24 21:12:02 [ERROR] __main__ — [tun] read error: [Errno 11] Resource temporarily unavailable
2026-03-24 21:12:02 [DEBUG] __main__ — [transport:acc1] upload ok fileId=2997993015 size=67
2026-03-24 21:12:03 [ERROR] __main__ — [tun] read error: [Errno 11] Resource temporarily unavailable
2026-03-24 21:12:03 [ERROR] __main__ — [tun] read error: [Errno 11] Resource temporarily unavailable
2026-03-24 21:12:03 [ERROR] __main__ — [tun] read error: [Errno 11] Resource temporarily unavailable
2026-03-24 21:12:03 [ERROR] __main__ — [tun] read error: [Errno 11] Resource temporarily unavailable
2026-03-24 21:12:03 [ERROR] __main__ — [tun] read error: [Errno 11] Resource temporarily unavailable
2026-03-24 21:12:03 [ERROR] __main__ — [tun] read error: [Errno 11] Resource temporarily unavailable
2026-03-24 21:12:03 [DEBUG] __main__ — [tun] → 1 pkts  raw=66B  packed=67B
2026-03-24 21:12:03 [INFO] __main__ — BATCH TUN→  pkts=1  0КБ  packed=0КБ
2026-03-24 21:12:03 [ERROR] __main__ — [tun] read error: [Errno 11] Resource temporarily unavailable
2026-03-24 21:12:03 [ERROR] __main__ — [tun] read error: [Errno 11] Resource temporarily unavailable
2026-03-24 21:12:03 [ERROR] __main__ — [tun] read error: [Errno 11] Resource temporarily unavailable
2026-03-24 21:12:03 [DEBUG] __main__ — [transport:acc1] upload ok fileId=3000908556 size=67
2026-03-24 21:12:04 [ERROR] __main__ — [tun] read error: [Errno 11] Resource temporarily unavailable
2026-03-24 21:12:04 [ERROR] __main__ — [tun] read error: [Errno 11] Resource temporarily unavailable
2026-03-24 21:12:04 [ERROR] __main__ — [tun] read error: [Errno 11] Resource temporarily unavailable
2026-03-24 21:12:04 [ERROR] __main__ — [tun] read error: [Errno 11] Resource temporarily unavailable
2026-03-24 21:12:04 [ERROR] __main__ — [tun] read error: [Errno 11] Resource temporarily unavailable
2026-03-24 21:12:04 [ERROR] __main__ — [tun] read error: [Errno 11] Resource temporarily unavailable
2026-03-24 21:12:04 [ERROR] __main__ — [tun] read error: [Errno 11] Resource temporarily unavailable
2026-03-24 21:12:04 [DEBUG] __main__ — [tun] → 1 pkts  raw=66B  packed=67B
2026-03-24 21:12:04 [INFO] __main__ — BATCH TUN→  pkts=1  0КБ  packed=0КБ
2026-03-24 21:12:04 [ERROR] __main__ — [tun] read error: [Errno 11] Resource temporarily unavailable
2026-03-24 21:12:04 [ERROR] __main__ — [tun] read error: [Errno 11] Resource temporarily unavailable
2026-03-24 21:12:04 [ERROR] __main__ — [tun] read error: [Errno 11] Resource temporarily unavailable
2026-03-24 21:12:04 [DEBUG] __main__ — [transport:acc1] upload ok fileId=2995887104 size=67
2026-03-24 21:12:05 [ERROR] __main__ — [tun] read error: [Errno 11] Resource temporarily unavailable
2026-03-24 21:12:05 [ERROR] __main__ — [tun] read error: [Errno 11] Resource temporarily unavailable
2026-03-24 21:12:05 [ERROR] __main__ — [tun] read error: [Errno 11] Resource temporarily unavailable
2026-03-24 21:12:05 [ERROR] __main__ — [tun] read error: [Errno 11] Resource temporarily unavailable
2026-03-24 21:12:05 [ERROR] __main__ — [tun] read error: [Errno 11] Resource temporarily unavailable
2026-03-24 21:12:05 [ERROR] __main__ — [tun] read error: [Errno 11] Resource temporarily unavailable
2026-03-24 21:12:05 [ERROR] __main__ — [tun] read error: [Errno 11] Resource temporarily unavailable
2026-03-24 21:12:05 [DEBUG] __main__ — [tun] → 1 pkts  raw=66B  packed=67B
2026-03-24 21:12:05 [INFO] __main__ — BATCH TUN→  pkts=1  0КБ  packed=0КБ
2026-03-24 21:12:05 [ERROR] __main__ — [tun] read error: [Errno 11] Resource temporarily unavailable
2026-03-24 21:12:05 [ERROR] __main__ — [tun] read error: [Errno 11] Resource temporarily unavailable
2026-03-24 21:12:05 [ERROR] __main__ — [tun] read error: [Errno 11] Resource temporarily unavailable
2026-03-24 21:12:05 [DEBUG] __main__ — [transport:acc1] upload ok fileId=2998924530 size=67
2026-03-24 21:12:06 [ERROR] __main__ — [tun] read error: [Errno 11] Resource temporarily unavailable
2026-03-24 21:12:06 [ERROR] __main__ — [tun] read error: [Errno 11] Resource temporarily unavailable
2026-03-24 21:12:06 [ERROR] __main__ — [tun] read error: [Errno 11] Resource temporarily unavailable
2026-03-24 21:12:06 [ERROR] __main__ — [tun] read error: [Errno 11] Resource temporarily unavailable
2026-03-24 21:12:06 [ERROR] __main__ — [tun] read error: [Errno 11] Resource temporarily unavailable
2026-03-24 21:12:06 [ERROR] __main__ — [tun] read error: [Errno 11] Resource temporarily unavailable
2026-03-24 21:12:06 [ERROR] __main__ — [tun] read error: [Errno 11] Resource temporarily unavailable
2026-03-24 21:12:06 [DEBUG] __main__ — [tun] → 1 pkts  raw=66B  packed=67B
2026-03-24 21:12:06 [INFO] __main__ — BATCH TUN→  pkts=1  0КБ  packed=0КБ
2026-03-24 21:12:06 [ERROR] __main__ — [tun] read error: [Errno 11] Resource temporarily unavailable
2026-03-24 21:12:06 [ERROR] __main__ — [tun] read error: [Errno 11] Resource temporarily unavailable
2026-03-24 21:12:06 [ERROR] __main__ — [tun] read error: [Errno 11] Resource temporarily unavailable
2026-03-24 21:12:06 [DEBUG] __main__ — [transport:acc1] upload ok fileId=2999797474 size=67
2026-03-24 21:12:07 [ERROR] __main__ — [tun] read error: [Errno 11] Resource temporarily unavailable
2026-03-24 21:12:07 [ERROR] __main__ — [tun] read error: [Errno 11] Resource temporarily unavailable
2026-03-24 21:12:07 [ERROR] __main__ — [tun] read error: [Errno 11] Resource temporarily unavailable
2026-03-24 21:12:07 [ERROR] __main__ — [tun] read error: [Errno 11] Resource temporarily unavailable
2026-03-24 21:12:07 [ERROR] __main__ — [tun] read error: [Errno 11] Resource temporarily unavailable
2026-03-24 21:12:07 [ERROR] __main__ — [tun] read error: [Errno 11] Resource temporarily unavailable
2026-03-24 21:12:07 [ERROR] __main__ — [tun] read error: [Errno 11] Resource temporarily unavailable
2026-03-24 21:12:07 [ERROR] __main__ — [tun] read error: [Errno 11] Resource temporarily unavailable
2026-03-24 21:12:07 [ERROR] __main__ — [tun] read error: [Errno 11] Resource temporarily unavailable
2026-03-24 21:12:07 [ERROR] __main__ — [tun] read error: [Errno 11] Resource temporarily unavailable
2026-03-24 21:12:08 [ERROR] __main__ — [tun] read error: [Errno 11] Resource temporarily unavailable
2026-03-24 21:12:08 [ERROR] __main__ — [tun] read error: [Errno 11] Resource temporarily unavailable
2026-03-24 21:12:08 [ERROR] __main__ — [tun] read error: [Errno 11] Resource temporarily unavailable
2026-03-24 21:12:08 [ERROR] __main__ — [tun] read error: [Errno 11] Resource temporarily unavailable
2026-03-24 21:12:08 [ERROR] __main__ — [tun] read error: [Errno 11] Resource temporarily unavailable
2026-03-24 21:12:08 [ERROR] __main__ — [tun] read error: [Errno 11] Resource temporarily unavailable
2026-03-24 21:12:08 [ERROR] __main__ — [tun] read error: [Errno 11] Resource temporarily unavailable
2026-03-24 21:12:08 [ERROR] __main__ — [tun] read error: [Errno 11] Resource temporarily unavailable
2026-03-24 21:12:08 [DEBUG] __main__ — [tun] → 1 pkts  raw=66B  packed=67B
2026-03-24 21:12:08 [INFO] __main__ — BATCH TUN→  pkts=1  0КБ  packed=0КБ
2026-03-24 21:12:08 [ERROR] __main__ — [tun] read error: [Errno 11] Resource temporarily unavailable
2026-03-24 21:12:08 [ERROR] __main__ — [tun] read error: [Errno 11] Resource temporarily unavailable
2026-03-24 21:12:09 [ERROR] __main__ — [tun] read error: [Errno 11] Resource temporarily unavailable
2026-03-24 21:12:09 [DEBUG] __main__ — [transport:acc1] upload ok fileId=2995573029 size=67
2026-03-24 21:12:09 [ERROR] __main__ — [tun] read error: [Errno 11] Resource temporarily unavailable
2026-03-24 21:12:09 [ERROR] __main__ — [tun] read error: [Errno 11] Resource temporarily unavailable
2026-03-24 21:12:09 [ERROR] __main__ — [tun] read error: [Errno 11] Resource temporarily unavailable
2026-03-24 21:12:09 [ERROR] __main__ — [tun] read error: [Errno 11] Resource temporarily unavailable
2026-03-24 21:12:09 [ERROR] __main__ — [tun] read error: [Errno 11] Resource temporarily unavailable
2026-03-24 21:12:09 [ERROR] __main__ — [tun] read error: [Errno 11] Resource temporarily unavailable
2026-03-24 21:12:09 [ERROR] __main__ — [tun] read error: [Errno 11] Resource temporarily unavailable
2026-03-24 21:12:09 [ERROR] __main__ — [tun] read error: [Errno 11] Resource temporarily unavailable
2026-03-24 21:12:09 [ERROR] __main__ — [tun] read error: [Errno 11] Resource temporarily unavailable
2026-03-24 21:12:10 [ERROR] __main__ — [tun] read error: [Errno 11] Resource temporarily unavailable
2026-03-24 21:12:10 [ERROR] __main__ — [tun] read error: [Errno 11] Resource temporarily unavailable
2026-03-24 21:12:10 [ERROR] __main__ — [tun] read error: [Errno 11] Resource temporarily unavailable
2026-03-24 21:12:10 [ERROR] __main__ — [tun] read error: [Errno 11] Resource temporarily unavailable
2026-03-24 21:12:10 [ERROR] __main__ — [tun] read error: [Errno 11] Resource temporarily unavailable
2026-03-24 21:12:10 [ERROR] __main__ — [tun] read error: [Errno 11] Resource temporarily unavailable
2026-03-24 21:12:10 [ERROR] __main__ — [tun] read error: [Errno 11] Resource temporarily unavailable
2026-03-24 21:12:10 [ERROR] __main__ — [tun] read error: [Errno 11] Resource temporarily unavailable
2026-03-24 21:12:10 [ERROR] __main__ — [tun] read error: [Errno 11] Resource temporarily unavailable
2026-03-24 21:12:10 [ERROR] __main__ — [tun] read error: [Errno 11] Resource temporarily unavailable
2026-03-24 21:12:11 [ERROR] __main__ — [tun] read error: [Errno 11] Resource temporarily unavailable
2026-03-24 21:12:11 [ERROR] __main__ — [tun] read error: [Errno 11] Resource temporarily unavailable
2026-03-24 21:12:11 [ERROR] __main__ — [tun] read error: [Errno 11] Resource temporarily unavailable
2026-03-24 21:12:11 [ERROR] __main__ — [tun] read error: [Errno 11] Resource temporarily unavailable
2026-03-24 21:12:11 [ERROR] __main__ — [tun] read error: [Errno 11] Resource temporarily unavailable
2026-03-24 21:12:11 [ERROR] __main__ — [tun] read error: [Errno 11] Resource temporarily unavailable
2026-03-24 21:12:11 [ERROR] __main__ — [tun] read error: [Errno 11] Resource temporarily unavailable
2026-03-24 21:12:11 [ERROR] __main__ — [tun] read error: [Errno 11] Resource temporarily unavailable
2026-03-24 21:12:11 [ERROR] __main__ — [tun] read error: [Errno 11] Resource temporarily unavailable
2026-03-24 21:12:11 [ERROR] __main__ — [tun] read error: [Errno 11] Resource temporarily unavailable
2026-03-24 21:12:12 [ERROR] __main__ — [tun] read error: [Errno 11] Resource temporarily unavailable
2026-03-24 21:12:12 [ERROR] __main__ — [tun] read error: [Errno 11] Resource temporarily unavailable
2026-03-24 21:12:12 [ERROR] __main__ — [tun] read error: [Errno 11] Resource temporarily unavailable
2026-03-24 21:12:12 [ERROR] __main__ — [tun] read error: [Errno 11] Resource temporarily unavailable
2026-03-24 21:12:12 [ERROR] __main__ — [tun] read error: [Errno 11] Resource temporarily unavailable
2026-03-24 21:12:12 [ERROR] __main__ — [tun] read error: [Errno 11] Resource temporarily unavailable
2026-03-24 21:12:12 [ERROR] __main__ — [tun] read error: [Errno 11] Resource temporarily unavailable
2026-03-24 21:12:12 [ERROR] __main__ — [tun] read error: [Errno 11] Resource temporarily unavailable
2026-03-24 21:12:12 [DEBUG] __main__ — [tun] → 1 pkts  raw=66B  packed=67B
2026-03-24 21:12:12 [INFO] __main__ — BATCH TUN→  pkts=1  0КБ  packed=0КБ
2026-03-24 21:12:12 [ERROR] __main__ — [tun] read error: [Errno 11] Resource temporarily unavailable
2026-03-24 21:12:12 [ERROR] __main__ — [tun] read error: [Errno 11] Resource temporarily unavailable
2026-03-24 21:12:13 [ERROR] __main__ — [tun] read error: [Errno 11] Resource temporarily unavailable
2026-03-24 21:12:13 [ERROR] __main__ — [tun] read error: [Errno 11] Resource temporarily unavailable
2026-03-24 21:12:13 [ERROR] __main__ — [tun] read error: [Errno 11] Resource temporarily unavailable
2026-03-24 21:12:13 [DEBUG] __main__ — [transport:acc1] upload ok fileId=2999218149 size=67
2026-03-24 21:12:13 [ERROR] __main__ — [tun] read error: [Errno 11] Resource temporarily unavailable
2026-03-24 21:12:13 [ERROR] __main__ — [tun] read error: [Errno 11] Resource temporarily unavailable
2026-03-24 21:12:13 [ERROR] __main__ — [tun] read error: [Errno 11] Resource temporarily unavailable
2026-03-24 21:12:13 [ERROR] __main__ — [tun] read error: [Errno 11] Resource temporarily unavailable
2026-03-24 21:12:13 [ERROR] __main__ — [tun] read error: [Errno 11] Resource temporarily unavailable
2026-03-24 21:12:13 [ERROR] __main__ — [tun] read error: [Errno 11] Resource temporarily unavailable
2026-03-24 21:12:13 [ERROR] __main__ — [tun] read error: [Errno 11] Resource temporarily unavailable
2026-03-24 21:12:14 [ERROR] __main__ — [tun] read error: [Errno 11] Resource temporarily unavailable
2026-03-24 21:12:14 [ERROR] __main__ — [tun] read error: [Errno 11] Resource temporarily unavailable
2026-03-24 21:12:14 [ERROR] __main__ — [tun] read error: [Errno 11] Resource temporarily unavailable
2026-03-24 21:12:14 [ERROR] __main__ — [tun] read error: [Errno 11] Resource temporarily unavailable
2026-03-24 21:12:14 [ERROR] __main__ — [tun] read error: [Errno 11] Resource temporarily unavailable
2026-03-24 21:12:14 [ERROR] __main__ — [tun] read error: [Errno 11] Resource temporarily unavailable
2026-03-24 21:12:14 [ERROR] __main__ — [tun] read error: [Errno 11] Resource temporarily unavailable
2026-03-24 21:12:14 [ERROR] __main__ — [tun] read error: [Errno 11] Resource temporarily unavailable
2026-03-24 21:12:14 [ERROR] __main__ — [tun] read error: [Errno 11] Resource temporarily unavailable
2026-03-24 21:12:14 [ERROR] __main__ — [tun] read error: [Errno 11] Resource temporarily unavailable
2026-03-24 21:12:15 [ERROR] __main__ — [tun] read error: [Errno 11] Resource temporarily unavailable
2026-03-24 21:12:15 [ERROR] __main__ — [tun] read error: [Errno 11] Resource temporarily unavailable
2026-03-24 21:12:15 [ERROR] __main__ — [tun] read error: [Errno 11] Resource temporarily unavailable
2026-03-24 21:12:15 [ERROR] __main__ — [tun] read error: [Errno 11] Resource temporarily unavailable
2026-03-24 21:12:15 [ERROR] __main__ — [tun] read error: [Errno 11] Resource temporarily unavailable
2026-03-24 21:12:15 [ERROR] __main__ — [tun] read error: [Errno 11] Resource temporarily unavailable
2026-03-24 21:12:15 [ERROR] __main__ — [tun] read error: [Errno 11] Resource temporarily unavailable
2026-03-24 21:12:15 [ERROR] __main__ — [tun] read error: [Errno 11] Resource temporarily unavailable
2026-03-24 21:12:15 [ERROR] __main__ — [tun] read error: [Errno 11] Resource temporarily unavailable
2026-03-24 21:12:15 [ERROR] __main__ — [tun] read error: [Errno 11] Resource temporarily unavailable
2026-03-24 21:12:16 [ERROR] __main__ — [tun] read error: [Errno 11] Resource temporarily unavailable
2026-03-24 21:12:16 [ERROR] __main__ — [tun] read error: [Errno 11] Resource temporarily unavailable
2026-03-24 21:12:16 [ERROR] __main__ — [tun] read error: [Errno 11] Resource temporarily unavailable
2026-03-24 21:12:16 [ERROR] __main__ — [tun] read error: [Errno 11] Resource temporarily unavailable
2026-03-24 21:12:16 [ERROR] __main__ — [tun] read error: [Errno 11] Resource temporarily unavailable
2026-03-24 21:12:16 [ERROR] __main__ — [tun] read error: [Errno 11] Resource temporarily unavailable
2026-03-24 21:12:16 [ERROR] __main__ — [tun] read error: [Errno 11] Resource temporarily unavailable
2026-03-24 21:12:16 [ERROR] __main__ — [tun] read error: [Errno 11] Resource temporarily unavailable
2026-03-24 21:12:16 [ERROR] __main__ — [tun] read error: [Errno 11] Resource temporarily unavailable
2026-03-24 21:12:17 [ERROR] __main__ — [tun] read error: [Errno 11] Resource temporarily unavailable
2026-03-24 21:12:17 [ERROR] __main__ — [tun] read error: [Errno 11] Resource temporarily unavailable
2026-03-24 21:12:17 [ERROR] __main__ — [tun] read error: [Errno 11] Resource temporarily unavailable
2026-03-24 21:12:17 [ERROR] __main__ — [tun] read error: [Errno 11] Resource temporarily unavailable
2026-03-24 21:12:17 [ERROR] __main__ — [tun] read error: [Errno 11] Resource temporarily unavailable
2026-03-24 21:12:17 [ERROR] __main__ — [tun] read error: [Errno 11] Resource temporarily unavailable
2026-03-24 21:12:17 [ERROR] __main__ — [tun] read error: [Errno 11] Resource temporarily unavailable
2026-03-24 21:12:17 [ERROR] __main__ — [tun] read error: [Errno 11] Resource temporarily unavailable
2026-03-24 21:12:17 [ERROR] __main__ — [tun] read error: [Errno 11] Resource temporarily unavailable
2026-03-24 21:12:17 [ERROR] __main__ — [tun] read error: [Errno 11] Resource temporarily unavailable
2026-03-24 21:12:18 [ERROR] __main__ — [tun] read error: [Errno 11] Resource temporarily unavailable
2026-03-24 21:12:18 [ERROR] __main__ — [tun] read error: [Errno 11] Resource temporarily unavailable
2026-03-24 21:12:18 [ERROR] __main__ — [tun] read error: [Errno 11] Resource temporarily unavailable
2026-03-24 21:12:18 [ERROR] __main__ — [tun] read error: [Errno 11] Resource temporarily unavailable
2026-03-24 21:12:18 [ERROR] __main__ — [tun] read error: [Errno 11] Resource temporarily unavailable
2026-03-24 21:12:18 [ERROR] __main__ — [tun] read error: [Errno 11] Resource temporarily unavailable
2026-03-24 21:12:18 [ERROR] __main__ — [tun] read error: [Errno 11] Resource temporarily unavailable
2026-03-24 21:12:18 [ERROR] __main__ — [tun] read error: [Errno 11] Resource temporarily unavailable
2026-03-24 21:12:18 [ERROR] __main__ — [tun] read error: [Errno 11] Resource temporarily unavailable
2026-03-24 21:12:18 [ERROR] __main__ — [tun] read error: [Errno 11] Resource temporarily unavailable
2026-03-24 21:12:19 [ERROR] __main__ — [tun] read error: [Errno 11] Resource temporarily unavailable
2026-03-24 21:12:19 [ERROR] __main__ — [tun] read error: [Errno 11] Resource temporarily unavailable
2026-03-24 21:12:19 [ERROR] __main__ — [tun] read error: [Errno 11] Resource temporarily unavailable
2026-03-24 21:12:19 [ERROR] __main__ — [tun] read error: [Errno 11] Resource temporarily unavailable
2026-03-24 21:12:19 [ERROR] __main__ — [tun] read error: [Errno 11] Resource temporarily unavailable
2026-03-24 21:12:19 [ERROR] __main__ — [tun] read error: [Errno 11] Resource temporarily unavailable
2026-03-24 21:12:19 [ERROR] __main__ — [tun] read error: [Errno 11] Resource temporarily unavailable
2026-03-24 21:12:19 [ERROR] __main__ — [tun] read error: [Errno 11] Resource temporarily unavailable
2026-03-24 21:12:19 [ERROR] __main__ — [tun] read error: [Errno 11] Resource temporarily unavailable
2026-03-24 21:12:19 [ERROR] __main__ — [tun] read error: [Errno 11] Resource temporarily unavailable
2026-03-24 21:12:20 [ERROR] __main__ — [tun] read error: [Errno 11] Resource temporarily unavailable
2026-03-24 21:12:20 [ERROR] __main__ — [tun] read error: [Errno 11] Resource temporarily unavailable
2026-03-24 21:12:20 [ERROR] __main__ — [tun] read error: [Errno 11] Resource temporarily unavailable
2026-03-24 21:12:20 [ERROR] __main__ — [tun] read error: [Errno 11] Resource temporarily unavailable
2026-03-24 21:12:20 [ERROR] __main__ — [tun] read error: [Errno 11] Resource temporarily unavailable
2026-03-24 21:12:20 [ERROR] __main__ — [tun] read error: [Errno 11] Resource temporarily unavailable
2026-03-24 21:12:20 [ERROR] __main__ — [tun] read error: [Errno 11] Resource temporarily unavailable
2026-03-24 21:12:20 [ERROR] __main__ — [tun] read error: [Errno 11] Resource temporarily unavailable
2026-03-24 21:12:20 [ERROR] __main__ — [tun] read error: [Errno 11] Resource temporarily unavailable
2026-03-24 21:12:20 [DEBUG] __main__ — [tun] → 1 pkts  raw=66B  packed=67B
2026-03-24 21:12:20 [INFO] __main__ — BATCH TUN→  pkts=1  0КБ  packed=0КБ
2026-03-24 21:12:20 [ERROR] __main__ — [tun] read error: [Errno 11] Resource temporarily unavailable
2026-03-24 21:12:21 [ERROR] __main__ — [tun] read error: [Errno 11] Resource temporarily unavailable
2026-03-24 21:12:21 [ERROR] __main__ — [tun] read error: [Errno 11] Resource temporarily unavailable
2026-03-24 21:12:21 [DEBUG] __main__ — [transport:acc1] upload ok fileId=2996222054 size=67
2026-03-24 21:12:21 [ERROR] __main__ — [tun] read error: [Errno 11] Resource temporarily unavailable
2026-03-24 21:12:21 [ERROR] __main__ — [tun] read error: [Errno 11] Resource temporarily unavailable
2026-03-24 21:12:21 [ERROR] __main__ — [tun] read error: [Errno 11] Resource temporarily unavailable
2026-03-24 21:12:21 [ERROR] __main__ — [tun] read error: [Errno 11] Resource temporarily unavailable
2026-03-24 21:12:21 [ERROR] __main__ — [tun] read error: [Errno 11] Resource temporarily unavailable
2026-03-24 21:12:21 [ERROR] __main__ — [tun] read error: [Errno 11] Resource temporarily unavailable
2026-03-24 21:12:21 [ERROR] __main__ — [tun] read error: [Errno 11] Resource temporarily unavailable
2026-03-24 21:12:21 [ERROR] __main__ — [tun] read error: [Errno 11] Resource temporarily unavailable
2026-03-24 21:12:22 [ERROR] __main__ — [tun] read error: [Errno 11] Resource temporarily unavailable
2026-03-24 21:12:22 [ERROR] __main__ — [tun] read error: [Errno 11] Resource temporarily unavailable
2026-03-24 21:12:22 [ERROR] __main__ — [tun] read error: [Errno 11] Resource temporarily unavailable
2026-03-24 21:12:22 [ERROR] __main__ — [tun] read error: [Errno 11] Resource temporarily unavailable
2026-03-24 21:12:22 [ERROR] __main__ — [tun] read error: [Errno 11] Resource temporarily unavailable
2026-03-24 21:12:22 [ERROR] __main__ — [tun] read error: [Errno 11] Resource temporarily unavailable
2026-03-24 21:12:22 [ERROR] __main__ — [tun] read error: [Errno 11] Resource temporarily unavailable
2026-03-24 21:12:22 [ERROR] __main__ — [tun] read error: [Errno 11] Resource temporarily unavailable
2026-03-24 21:12:22 [ERROR] __main__ — [tun] read error: [Errno 11] Resource temporarily unavailable
2026-03-24 21:12:22 [ERROR] __main__ — [tun] read error: [Errno 11] Resource temporarily unavailable
2026-03-24 21:12:23 [ERROR] __main__ — [tun] read error: [Errno 11] Resource temporarily unavailable
2026-03-24 21:12:23 [ERROR] __main__ — [tun] read error: [Errno 11] Resource temporarily unavailable
2026-03-24 21:12:23 [ERROR] __main__ — [tun] read error: [Errno 11] Resource temporarily unavailable
2026-03-24 21:12:23 [ERROR] __main__ — [tun] read error: [Errno 11] Resource temporarily unavailable
2026-03-24 21:12:23 [ERROR] __main__ — [tun] read error: [Errno 11] Resource temporarily unavailable
2026-03-24 21:12:23 [ERROR] __main__ — [tun] read error: [Errno 11] Resource temporarily unavailable
2026-03-24 21:12:23 [ERROR] __main__ — [tun] read error: [Errno 11] Resource temporarily unavailable
2026-03-24 21:12:23 [ERROR] __main__ — [tun] read error: [Errno 11] Resource temporarily unavailable
2026-03-24 21:12:23 [ERROR] __main__ — [tun] read error: [Errno 11] Resource temporarily unavailable
2026-03-24 21:12:23 [ERROR] __main__ — [tun] read error: [Errno 11] Resource temporarily unavailable
2026-03-24 21:12:24 [ERROR] __main__ — [tun] read error: [Errno 11] Resource temporarily unavailable
2026-03-24 21:12:24 [ERROR] __main__ — [tun] read error: [Errno 11] Resource temporarily unavailable
2026-03-24 21:12:24 [ERROR] __main__ — [tun] read error: [Errno 11] Resource temporarily unavailable
2026-03-24 21:12:24 [ERROR] __main__ — [tun] read error: [Errno 11] Resource temporarily unavailable
2026-03-24 21:12:24 [ERROR] __main__ — [tun] read error: [Errno 11] Resource temporarily unavailable
2026-03-24 21:12:24 [ERROR] __main__ — [tun] read error: [Errno 11] Resource temporarily unavailable
2026-03-24 21:12:24 [ERROR] __main__ — [tun] read error: [Errno 11] Resource temporarily unavailable
2026-03-24 21:12:24 [ERROR] __main__ — [tun] read error: [Errno 11] Resource temporarily unavailable
2026-03-24 21:12:24 [ERROR] __main__ — [tun] read error: [Errno 11] Resource temporarily unavailable
2026-03-24 21:12:24 [ERROR] __main__ — [tun] read error: [Errno 11] Resource temporarily unavailable
2026-03-24 21:12:25 [ERROR] __main__ — [tun] read error: [Errno 11] Resource temporarily unavailable
2026-03-24 21:12:25 [ERROR] __main__ — [tun] read error: [Errno 11] Resource temporarily unavailable
2026-03-24 21:12:25 [ERROR] __main__ — [tun] read error: [Errno 11] Resource temporarily unavailable
2026-03-24 21:12:25 [ERROR] __main__ — [tun] read error: [Errno 11] Resource temporarily unavailable
2026-03-24 21:12:25 [ERROR] __main__ — [tun] read error: [Errno 11] Resource temporarily unavailable
2026-03-24 21:12:25 [ERROR] __main__ — [tun] read error: [Errno 11] Resource temporarily unavailable
2026-03-24 21:12:25 [ERROR] __main__ — [tun] read error: [Errno 11] Resource temporarily unavailable
2026-03-24 21:12:25 [ERROR] __main__ — [tun] read error: [Errno 11] Resource temporarily unavailable
2026-03-24 21:12:25 [ERROR] __main__ — [tun] read error: [Errno 11] Resource temporarily unavailable
2026-03-24 21:12:25 [ERROR] __main__ — [tun] read error: [Errno 11] Resource temporarily unavailable
2026-03-24 21:12:26 [ERROR] __main__ — [tun] read error: [Errno 11] Resource temporarily unavailable
2026-03-24 21:12:26 [ERROR] __main__ — [tun] read error: [Errno 11] Resource temporarily unavailable
2026-03-24 21:12:26 [ERROR] __main__ — [tun] read error: [Errno 11] Resource temporarily unavailable
2026-03-24 21:12:26 [ERROR] __main__ — [tun] read error: [Errno 11] Resource temporarily unavailable
2026-03-24 21:12:26 [ERROR] __main__ — [tun] read error: [Errno 11] Resource temporarily unavailable
2026-03-24 21:12:26 [ERROR] __main__ — [tun] read error: [Errno 11] Resource temporarily unavailable
2026-03-24 21:12:26 [ERROR] __main__ — [tun] read error: [Errno 11] Resource temporarily unavailable
2026-03-24 21:12:26 [ERROR] __main__ — [tun] read error: [Errno 11] Resource temporarily unavailable
2026-03-24 21:12:26 [ERROR] __main__ — [tun] read error: [Errno 11] Resource temporarily unavailable
2026-03-24 21:12:26 [ERROR] __main__ — [tun] read error: [Errno 11] Resource temporarily unavailable
2026-03-24 21:12:27 [ERROR] __main__ — [tun] read error: [Errno 11] Resource temporarily unavailable
2026-03-24 21:12:27 [ERROR] __main__ — [tun] read error: [Errno 11] Resource temporarily unavailable
2026-03-24 21:12:27 [ERROR] __main__ — [tun] read error: [Errno 11] Resource temporarily unavailable
2026-03-24 21:12:27 [ERROR] __main__ — [tun] read error: [Errno 11] Resource temporarily unavailable
2026-03-24 21:12:27 [ERROR] asyncio — Unclosed client session
client_session: <aiohttp.client.ClientSession object at 0x704be6205390>
2026-03-24 21:12:27 [ERROR] asyncio — Unclosed connector
connections: ['deque([(<aiohttp.client_proto.ResponseHandler object at 0x704be621d660>, 162144.166773143)])']
connector: <aiohttp.connector.TCPConnector object at 0x704be62045e0>
2026-03-24 21:12:27 [ERROR] asyncio — Fatal error on SSL transport
protocol: <asyncio.sslproto.SSLProtocol object at 0x704be6f33c10>
transport: <_SelectorSocketTransport closing fd=9>
Traceback (most recent call last):
  File "/usr/lib/python3.10/asyncio/selector_events.py", line 924, in write
    n = self._sock.send(data)
OSError: [Errno 9] Bad file descriptor

During handling of the above exception, another exception occurred:

Traceback (most recent call last):
  File "/usr/lib/python3.10/asyncio/sslproto.py", line 690, in _process_write_backlog
    self._transport.write(chunk)
  File "/usr/lib/python3.10/asyncio/selector_events.py", line 930, in write
    self._fatal_error(exc, 'Fatal write error on socket transport')
  File "/usr/lib/python3.10/asyncio/selector_events.py", line 725, in _fatal_error
    self._force_close(exc)
  File "/usr/lib/python3.10/asyncio/selector_events.py", line 737, in _force_close
    self._loop.call_soon(self._call_connection_lost, exc)
  File "/usr/lib/python3.10/asyncio/base_events.py", line 753, in call_soon
    self._check_closed()
  File "/usr/lib/python3.10/asyncio/base_events.py", line 515, in _check_closed
    raise RuntimeError('Event loop is closed')
RuntimeError: Event loop is closed
