2026-03-23 20:03:15 [INFO] __main__ — Сессия загружена из session.json  (viewerId=240002558)
2026-03-23 20:03:16 [INFO] __main__ — Авторизован [client], chatId=0
2026-03-23 20:03:16 [INFO] __main__ — Собеседник: Роберт  (userId=240876353)
2026-03-23 20:03:16 [INFO] __main__ — chatId = 240002558 XOR 240876353 = 1400511
2026-03-23 20:03:16 [INFO] __main__ — Отправили '.' → Роберт
2026-03-23 20:03:16 [INFO] __main__ — Получили '.' от Роберт — запускаем прокси!
2026-03-23 20:03:16 [INFO] __main__ — SOCKS5 прокси запущен  127.0.0.1:1080  server=Роберт  chat_id=1400511
2026-03-23 20:03:17 [INFO] __main__ — Авторизован [client], chatId=1400511
2026-03-23 20:03:21 [INFO] __main__ — SOCKS5 → 81.19.72.34:443
2026-03-23 20:03:21 [DEBUG] __main__ — [transport] batch flush  frames=1  total=90B
2026-03-23 20:03:22 [DEBUG] __main__ — [transport] upload ok  fileId=2978005692  size=90
2026-03-23 20:03:24 [DEBUG] __main__ — [transport] op128 chat=1400511 sender=240876353 attaches=1
2026-03-23 20:03:24 [DEBUG] __main__ — [transport] attach full={'_type': 'FILE', 'name': 'data.bin', 'size': 53, 'fileId': 2984071973, 'token': 'f9LHodD0cOIzY-RY0t7Xvcww4JLhLV42sNvE2RfdoRg0Lbh4x0XILu9-RAiYKcQMky28EeDzw4ThBkAxeAUn'}
2026-03-23 20:03:24 [DEBUG] __main__ — [transport] op88 fileId=2984071973 url=https://fd.oneme.ru/getfile?sig=S3FHmqxFh-BLnj_AGTfRkvoJ-ktew76DSw9hYckbYT8zjhMmLvmyI_o6eymGAGqrabnf9K5HsyKN1Rn1jOOmYQ&expires=1774379004204&clientType=6&id=2984071973&userId=240002558
2026-03-23 20:03:24 [DEBUG] __main__ — [transport] recv_file  fileId=2984071973  frames=1
2026-03-23 20:03:24 [DEBUG] __main__ — [transport] frame  action=ok  id=b3faa818  size=0
2026-03-23 20:03:24 [DEBUG] __main__ — [b3faa818] <- ok
2026-03-23 20:03:24 [INFO] __main__ — tunnel 81.19.72.34:443 [b3faa818]  открыт за ~2800 мс
2026-03-23 20:03:24 [DEBUG] __main__ — [b3faa818] -> #1  517B  seq=0
2026-03-23 20:03:24 [DEBUG] __main__ — [transport] batch flush  frames=1  total=580B
2026-03-23 20:03:25 [DEBUG] __main__ — [transport] upload ok  fileId=2983701956  size=580
2026-03-23 20:03:26 [DEBUG] __main__ — [transport] op128 chat=1400511 sender=240876353 attaches=1
2026-03-23 20:03:26 [DEBUG] __main__ — [transport] attach full={'_type': 'FILE', 'name': 'data.bin', 'size': 3863, 'fileId': 2987773406, 'token': 'f9LHodD0cOJfvtHjU7mD-G5EK0aeAhhZBYuuXQihZaoxyg8qPRzR32A13w_hUwgdCfxWHTK__PGj6wP-4ul-'}
2026-03-23 20:03:26 [DEBUG] __main__ — [transport] op88 fileId=2987773406 url=https://fd.oneme.ru/getfile?sig=Frqdw4m0SZossw88bZlKKR8lh47bmiY6f4D3-ysw11igBDPhXVYrq210LlQkrVsryFA1ParEj1xeIvyEG_ewpA&expires=1774379006841&clientType=6&id=2987773406&userId=240002558
2026-03-23 20:03:27 [DEBUG] __main__ — [transport] recv_file  fileId=2987773406  frames=2
2026-03-23 20:03:27 [DEBUG] __main__ — [transport] frame  action=data  id=b3faa818  size=3868
2026-03-23 20:03:27 [DEBUG] __main__ — [transport] frame  action=data  id=b3faa818  size=1124
2026-03-23 20:03:27 [DEBUG] __main__ — [b3faa818] <- data #1  2900B  seq=0  (rx=2900B)
2026-03-23 20:03:27 [DEBUG] __main__ — [b3faa818] <- data #2  841B  seq=1  (rx=3741B)
2026-03-23 20:03:27 [DEBUG] __main__ — [b3faa818] -> #2  93B  seq=1
2026-03-23 20:03:27 [DEBUG] __main__ — [transport] batch flush  frames=1  total=156B
2026-03-23 20:03:28 [DEBUG] __main__ — [transport] upload ok  fileId=2978535708  size=156
2026-03-23 20:03:29 [DEBUG] __main__ — [transport] op128 chat=1400511 sender=240876353 attaches=1
2026-03-23 20:03:29 [DEBUG] __main__ — [transport] attach full={'_type': 'FILE', 'name': 'data.bin', 'size': 183, 'fileId': 2992922230, 'token': 'f9LHodD0cOKtlNHxkQzEM3P7ahO46DGgSETjDcQGdUptnhcpCvql3916Il0mjSBMIjRPx4aoVcQsVdlz9Opz'}
2026-03-23 20:03:29 [DEBUG] __main__ — [transport] op88 fileId=2992922230 url=https://fd.oneme.ru/getfile?sig=fynnIAalZ329mAm1yIaH6BqDdB33p9ayyQdkahxr2H2IA-ThdV44epWr29FEldK-pFy-KKIDDc3vvWG2vvHBEQ&expires=1774379009606&clientType=6&id=2992922230&userId=240002558
2026-03-23 20:03:30 [DEBUG] __main__ — [transport] recv_file  fileId=2992922230  frames=1
2026-03-23 20:03:30 [DEBUG] __main__ — [transport] frame  action=data  id=b3faa818  size=160
2026-03-23 20:03:30 [DEBUG] __main__ — [b3faa818] <- data #3  120B  seq=2  (rx=3861B)
2026-03-23 20:03:30 [DEBUG] __main__ — [b3faa818] -> #3  253B  seq=2
2026-03-23 20:03:30 [DEBUG] __main__ — [transport] batch flush  frames=1  total=316B
2026-03-23 20:03:30 [DEBUG] __main__ — [transport] upload ok  fileId=2988004798  size=316
2026-03-23 20:03:32 [DEBUG] __main__ — [transport] op128 chat=1400511 sender=240876353 attaches=1
2026-03-23 20:03:32 [DEBUG] __main__ — [transport] attach full={'_type': 'FILE', 'name': 'data.bin', 'size': 5922, 'fileId': 2980627628, 'token': 'f9LHodD0cOLLlL6xWUqTivkb64SeqMz2ogx8Dw4h4tz6NCrhBoFy1-E9zYMcaGZoxTmz44LN5rOjjwEbKp2P'}
2026-03-23 20:03:32 [DEBUG] __main__ — [transport] op88 fileId=2980627628 url=https://fd.oneme.ru/getfile?sig=bGMvR-gk7dkk8IzeoIcTh7meUKzgT1yre_ADTMcmDYiBytJzK-raDbLmHMxqKqgFpXgzrtCugy__ryvfEfY9JQ&expires=1774379012438&clientType=6&id=2980627628&userId=240002558
2026-03-23 20:03:32 [DEBUG] __main__ — [transport] op128 chat=1400511 sender=240876353 attaches=1
2026-03-23 20:03:32 [DEBUG] __main__ — [transport] attach full={'_type': 'FILE', 'name': 'data.bin', 'size': 5922, 'fileId': 2988018963, 'token': 'f9LHodD0cOJ-_hPDk0Rkkiyfe_nax6Ssl_QD8k2Sc2QiPDHo8KNy4ENME6briDRV0-vjMqZrv0OJMzTxVQyt'}
2026-03-23 20:03:32 [DEBUG] __main__ — [transport] op88 fileId=2988018963 url=https://fd.oneme.ru/getfile?sig=Wy6PODC2EMwe6EjzHG7EmH_Qa-jlqqaaG1EsAPo8xPUz5sQov-lni8Ff6eFChi5oGJNkfYKv-3vY0rqaI3f43A&expires=1774379012804&clientType=6&id=2988018963&userId=240002558
2026-03-23 20:03:32 [DEBUG] __main__ — [transport] recv_file  fileId=2980627628  frames=2
2026-03-23 20:03:32 [DEBUG] __main__ — [transport] frame  action=data  id=b3faa818  size=3868
2026-03-23 20:03:32 [DEBUG] __main__ — [transport] frame  action=data  id=b3faa818  size=3868
2026-03-23 20:03:32 [DEBUG] __main__ — [b3faa818] <- data #4  2900B  seq=3  (rx=6761B)
2026-03-23 20:03:32 [DEBUG] __main__ — [b3faa818] <- data #5  2900B  seq=4  (rx=9661B)
2026-03-23 20:03:33 [DEBUG] __main__ — [transport] recv_file  fileId=2988018963  frames=2
2026-03-23 20:03:33 [DEBUG] __main__ — [transport] frame  action=data  id=b3faa818  size=3868
2026-03-23 20:03:33 [DEBUG] __main__ — [transport] frame  action=data  id=b3faa818  size=3868
2026-03-23 20:03:33 [DEBUG] __main__ — [b3faa818] <- data #6  2900B  seq=5  (rx=12561B)
2026-03-23 20:03:33 [DEBUG] __main__ — [b3faa818] <- data #7  2900B  seq=6  (rx=15461B)
2026-03-23 20:03:33 [DEBUG] __main__ — [transport] op128 chat=1400511 sender=240876353 attaches=1
2026-03-23 20:03:33 [DEBUG] __main__ — [transport] attach full={'_type': 'FILE', 'name': 'data.bin', 'size': 5922, 'fileId': 2986905187, 'token': 'f9LHodD0cOILO_bIV5dFqjILYOGqPLI1PYLlrWE6C9FRkeDIIxxDSzqFT4YG9IqcmZI4kaOFyBHHUqwVcM0t'}
2026-03-23 20:03:33 [DEBUG] __main__ — [transport] op88 fileId=2986905187 url=https://fd.oneme.ru/getfile?sig=SuQ5G4f0DzdJiXsNgfqtBCU_woZMx4BqMSf60cFLf5WDxa9ksYDJk7gJmr4bHziaJfekmfeyFuIM3OwD700gKw&expires=1774379013388&clientType=6&id=2986905187&userId=240002558
2026-03-23 20:03:33 [DEBUG] __main__ — [transport] recv_file  fileId=2986905187  frames=2
2026-03-23 20:03:33 [DEBUG] __main__ — [transport] frame  action=data  id=b3faa818  size=3868
2026-03-23 20:03:33 [DEBUG] __main__ — [transport] frame  action=data  id=b3faa818  size=3868
2026-03-23 20:03:33 [DEBUG] __main__ — [b3faa818] <- data #8  2900B  seq=7  (rx=18361B)
2026-03-23 20:03:33 [DEBUG] __main__ — [b3faa818] <- data #9  2900B  seq=8  (rx=21261B)
2026-03-23 20:03:33 [DEBUG] __main__ — [transport] op128 chat=1400511 sender=240876353 attaches=1
2026-03-23 20:03:33 [DEBUG] __main__ — [transport] attach full={'_type': 'FILE', 'name': 'data.bin', 'size': 5923, 'fileId': 2985098913, 'token': 'f9LHodD0cOLmeDIm1hiURnMTQRWNdTtoRgEfPj_XxqHt1kmPNTJqr3C2mrPNbY30ZsQPtVsDHkIXQByHkh-2'}
2026-03-23 20:03:34 [DEBUG] __main__ — [transport] op88 fileId=2985098913 url=https://fd.oneme.ru/getfile?sig=Qw9urcrbi-p5HLkMz1zd5HwJpw5WWWocCNp1RZn-KYX19kCHWMUCNWJJyB54c-Bezgo-XUyZzMoExztyEDdXZg&expires=1774379014001&clientType=6&id=2985098913&userId=240002558
2026-03-23 20:03:34 [DEBUG] __main__ — [transport] recv_file  fileId=2985098913  frames=2
2026-03-23 20:03:34 [DEBUG] __main__ — [transport] frame  action=data  id=b3faa818  size=3868
2026-03-23 20:03:34 [DEBUG] __main__ — [transport] frame  action=data  id=b3faa818  size=3868
2026-03-23 20:03:34 [DEBUG] __main__ — [b3faa818] <- data #10  2900B  seq=9  (rx=24161B)
2026-03-23 20:03:34 [DEBUG] __main__ — [b3faa818] <- data #11  2900B  seq=10  (rx=27061B)
2026-03-23 20:03:34 [DEBUG] __main__ — [transport] op128 chat=1400511 sender=240876353 attaches=1
2026-03-23 20:03:34 [DEBUG] __main__ — [transport] attach full={'_type': 'FILE', 'name': 'data.bin', 'size': 5924, 'fileId': 2992236310, 'token': 'f9LHodD0cOIRs4495ZXhqq8WVhqVg1T4WhkiUt2ZXaYYe1vcgPJlgx2MpOGYKCbGidwi29dHYp8hW8tYSyRU'}
2026-03-23 20:03:34 [DEBUG] __main__ — [transport] op88 fileId=2992236310 url=https://fd.oneme.ru/getfile?sig=0nZuifA7xhUZunuG8dXAU4coECzREkD8Luf_VFgrVPBrvXEsZtNRjoJEjZ7iKVFRRuo7xaan4rL42kepCYBvQA&expires=1774379014617&clientType=6&id=2992236310&userId=240002558
2026-03-23 20:03:35 [DEBUG] __main__ — [transport] recv_file  fileId=2992236310  frames=2
2026-03-23 20:03:35 [DEBUG] __main__ — [transport] frame  action=data  id=b3faa818  size=3868
2026-03-23 20:03:35 [DEBUG] __main__ — [transport] frame  action=data  id=b3faa818  size=3868
2026-03-23 20:03:35 [DEBUG] __main__ — [b3faa818] <- data #12  2900B  seq=11  (rx=29961B)
2026-03-23 20:03:35 [DEBUG] __main__ — [b3faa818] <- data #13  2900B  seq=12  (rx=32861B)
2026-03-23 20:03:35 [DEBUG] __main__ — [transport] op128 chat=1400511 sender=240876353 attaches=1
2026-03-23 20:03:35 [DEBUG] __main__ — [transport] attach full={'_type': 'FILE', 'name': 'data.bin', 'size': 5924, 'fileId': 2980949368, 'token': 'f9LHodD0cOIyaGCHyfYzAbrqSIY-Fi5fAj71rlKXWFHI1P5OVM0EEwtPNHTea0brtR9FQ6T3fYKIlaC51Dj9'}
2026-03-23 20:03:35 [DEBUG] __main__ — [transport] op88 fileId=2980949368 url=https://fd.oneme.ru/getfile?sig=dtqMbSa7DEJd6UiP2sO909KjSF1i3OFogbPQ2G5-7Z6BPwcOlDGdQSc3Duq-aEIs03-OLt1W0vUw4LU-JQQVvA&expires=1774379015196&clientType=6&id=2980949368&userId=240002558
2026-03-23 20:03:35 [DEBUG] __main__ — [transport] recv_file  fileId=2980949368  frames=2
2026-03-23 20:03:35 [DEBUG] __main__ — [transport] frame  action=data  id=b3faa818  size=3868
2026-03-23 20:03:35 [DEBUG] __main__ — [transport] frame  action=data  id=b3faa818  size=3868
2026-03-23 20:03:35 [DEBUG] __main__ — [b3faa818] <- data #14  2900B  seq=13  (rx=35761B)
2026-03-23 20:03:35 [DEBUG] __main__ — [b3faa818] <- data #15  2900B  seq=14  (rx=38661B)
2026-03-23 20:03:35 [DEBUG] __main__ — [transport] op128 chat=1400511 sender=240876353 attaches=1
2026-03-23 20:03:35 [DEBUG] __main__ — [transport] attach full={'_type': 'FILE', 'name': 'data.bin', 'size': 5924, 'fileId': 2984507843, 'token': 'f9LHodD0cOK7soakn_ymcDmhn-hZ-uG5MhK0OhxIhiTRQkn5RsXADpFTECPbLKqj5JqKEQut1Yjc23o8dRWE'}
2026-03-23 20:03:35 [DEBUG] __main__ — [transport] op88 fileId=2984507843 url=https://fd.oneme.ru/getfile?sig=LYCAa3ljqU8s3F7zntt2RqG2E4QceuBrZkPSPh908olmqq0hc8A9wNO091a1TpsNpNLFLLXb3IF_ztgYpytC5w&expires=1774379015766&clientType=6&id=2984507843&userId=240002558
2026-03-23 20:03:36 [DEBUG] __main__ — [transport] recv_file  fileId=2984507843  frames=2
2026-03-23 20:03:36 [DEBUG] __main__ — [transport] frame  action=data  id=b3faa818  size=3868
2026-03-23 20:03:36 [DEBUG] __main__ — [transport] frame  action=data  id=b3faa818  size=3868
2026-03-23 20:03:36 [DEBUG] __main__ — [b3faa818] <- data #16  2900B  seq=15  (rx=41561B)
2026-03-23 20:03:36 [DEBUG] __main__ — [b3faa818] <- data #17  2900B  seq=16  (rx=44461B)
2026-03-23 20:03:36 [DEBUG] __main__ — [transport] op128 chat=1400511 sender=240876353 attaches=1
2026-03-23 20:03:36 [DEBUG] __main__ — [transport] attach full={'_type': 'FILE', 'name': 'data.bin', 'size': 5924, 'fileId': 2990460653, 'token': 'f9LHodD0cOIObZgDlTYMR0h0z515771CjESXyWFeC4Cvop5cAlVndHhO1eTPFOIcDvOdPj_l73yYAVyi3R2U'}
2026-03-23 20:03:36 [DEBUG] __main__ — [transport] op88 fileId=2990460653 url=https://fd.oneme.ru/getfile?sig=Xs85R-9lnxmCiJANJPZr8VDzA04sjIOZoT7Qj_PFGJG-7TlA11_t16zqi5q-rxt6iEhYPVz4bLLwczIikEAIkg&expires=1774379016541&clientType=6&id=2990460653&userId=240002558
2026-03-23 20:03:37 [DEBUG] __main__ — [transport] op128 chat=1400511 sender=240876353 attaches=1
2026-03-23 20:03:37 [DEBUG] __main__ — [transport] attach full={'_type': 'FILE', 'name': 'data.bin', 'size': 2964, 'fileId': 2982832632, 'token': 'f9LHodD0cOKU1FVE-kTGPzUgd-Y3qSa3nKh9KoR8CZx-wNMCscPBZE0hqgIz7B7AOT7656-7f_AuFY4eOyus'}
2026-03-23 20:03:37 [DEBUG] __main__ — [transport] op88 fileId=2982832632 url=https://fd.oneme.ru/getfile?sig=1tKLQkpnuMp-Xm5oiWYUNPZLPTSfuXKBdZTWju3zdG7NunRi62UD9BtCm11Oibb_GHk_vVBfMwM7YudiQ0xedw&expires=1774379017144&clientType=6&id=2982832632&userId=240002558
2026-03-23 20:03:37 [DEBUG] __main__ — [transport] recv_file  fileId=2990460653  frames=2
2026-03-23 20:03:37 [DEBUG] __main__ — [transport] frame  action=data  id=b3faa818  size=3868
2026-03-23 20:03:37 [DEBUG] __main__ — [transport] frame  action=data  id=b3faa818  size=3868
2026-03-23 20:03:37 [DEBUG] __main__ — [b3faa818] <- data #18  2900B  seq=17  (rx=47361B)
2026-03-23 20:03:37 [DEBUG] __main__ — [b3faa818] <- data #19  2900B  seq=18  (rx=50261B)
2026-03-23 20:03:37 [DEBUG] __main__ — [transport] recv_file  fileId=2982832632  frames=1
2026-03-23 20:03:37 [DEBUG] __main__ — [transport] frame  action=data  id=b3faa818  size=3868
2026-03-23 20:03:37 [DEBUG] __main__ — [b3faa818] <- data #20  2900B  seq=19  (rx=53161B)
2026-03-23 20:03:37 [DEBUG] __main__ — [transport] op128 chat=1400511 sender=240876353 attaches=1
2026-03-23 20:03:37 [DEBUG] __main__ — [transport] attach full={'_type': 'FILE', 'name': 'data.bin', 'size': 5924, 'fileId': 2992983377, 'token': 'f9LHodD0cOK4StYhYMS-fBlku50c5tSalHZOGpzOMq3O9qiOpzTt5nd9et2P-TAAi7UDTalk2ixf_e1njwTr'}
2026-03-23 20:03:37 [DEBUG] __main__ — [transport] op88 fileId=2992983377 url=https://fd.oneme.ru/getfile?sig=7_DyHifS5j9ll5REZWy8ZFlleufDxYSOn3zaX-1eEX0ZCV6ZeyCpevObfnibx9iwiY7e-rm2n3gUcZfwt8kdmw&expires=1774379017726&clientType=6&id=2992983377&userId=240002558
2026-03-23 20:03:38 [DEBUG] __main__ — [transport] recv_file  fileId=2992983377  frames=2
2026-03-23 20:03:38 [DEBUG] __main__ — [transport] frame  action=data  id=b3faa818  size=3868
2026-03-23 20:03:38 [DEBUG] __main__ — [transport] frame  action=data  id=b3faa818  size=3868
2026-03-23 20:03:38 [DEBUG] __main__ — [b3faa818] <- data #21  2900B  seq=20  (rx=56061B)
2026-03-23 20:03:38 [DEBUG] __main__ — [b3faa818] <- data #22  2900B  seq=21  (rx=58961B)
2026-03-23 20:03:38 [DEBUG] __main__ — [transport] op128 chat=1400511 sender=240876353 attaches=1
2026-03-23 20:03:38 [DEBUG] __main__ — [transport] attach full={'_type': 'FILE', 'name': 'data.bin', 'size': 5924, 'fileId': 2986312341, 'token': 'f9LHodD0cOIWIWGwH6n2cKXCIIT5qXRFqU9Zw7nsIJz_tjEXBtUtAWFvJCLeXJtxXX4lKe0Ywkcd153PSkqT'}
2026-03-23 20:03:38 [DEBUG] __main__ — [transport] op88 fileId=2986312341 url=https://fd.oneme.ru/getfile?sig=ndRRKvFfp8n5BavAi_0uvejS3IskiiwGeJiTeTaaYX4D8dNDrPRQae7plU5xBkmF2OYXDDFe0dv8pzkYw4dJnA&expires=1774379018335&clientType=6&id=2986312341&userId=240002558
2026-03-23 20:03:38 [DEBUG] __main__ — [transport] recv_file  fileId=2986312341  frames=2
2026-03-23 20:03:38 [DEBUG] __main__ — [transport] frame  action=data  id=b3faa818  size=3868
2026-03-23 20:03:38 [DEBUG] __main__ — [transport] frame  action=data  id=b3faa818  size=3868
2026-03-23 20:03:38 [DEBUG] __main__ — [b3faa818] <- data #23  2900B  seq=22  (rx=61861B)
2026-03-23 20:03:38 [DEBUG] __main__ — [b3faa818] <- data #24  2900B  seq=23  (rx=64761B)
2026-03-23 20:03:38 [DEBUG] __main__ — [transport] op128 chat=1400511 sender=240876353 attaches=1
2026-03-23 20:03:38 [DEBUG] __main__ — [transport] attach full={'_type': 'FILE', 'name': 'data.bin', 'size': 5924, 'fileId': 2984515584, 'token': 'f9LHodD0cOLC8R3XTjG5Y5vGZYmDxx8pF7K0Iy6xD4I8BFygernnMG_LNjgcS8RHPbD_KbpzLgCzlIdIXZNe'}
2026-03-23 20:03:39 [DEBUG] __main__ — [transport] op88 fileId=2984515584 url=https://fd.oneme.ru/getfile?sig=LPZ9dmP6eSbfvBIId4VPJF1RuPL6qDCRX61_bsPSJFnjQwdkG09g2-bVRIC7D6GS4RFjF6nbzqnat6UGzoR1FA&expires=1774379018955&clientType=6&id=2984515584&userId=240002558
2026-03-23 20:03:39 [DEBUG] __main__ — [transport] recv_file  fileId=2984515584  frames=2
2026-03-23 20:03:39 [DEBUG] __main__ — [transport] frame  action=data  id=b3faa818  size=3868
2026-03-23 20:03:39 [DEBUG] __main__ — [transport] frame  action=data  id=b3faa818  size=3868
2026-03-23 20:03:39 [DEBUG] __main__ — [b3faa818] <- data #25  2900B  seq=24  (rx=67661B)
2026-03-23 20:03:39 [DEBUG] __main__ — [b3faa818] <- data #26  2900B  seq=25  (rx=70561B)
2026-03-23 20:03:39 [DEBUG] __main__ — [transport] op128 chat=1400511 sender=240876353 attaches=1
2026-03-23 20:03:39 [DEBUG] __main__ — [transport] attach full={'_type': 'FILE', 'name': 'data.bin', 'size': 5924, 'fileId': 2992537182, 'token': 'f9LHodD0cOIe5aFzD2sc8S_uH-4jrmua11BKLSOcp1ND9IiB3YbaLtG-VWNqCTAqQWTb7YHI4HUiIvN4iAEP'}
2026-03-23 20:03:39 [DEBUG] __main__ — [transport] op88 fileId=2992537182 url=https://fd.oneme.ru/getfile?sig=d-a8giX7oUU6lrxQB1zTEgKlzGmiQYcoh2FMW5DtKvoz1tWCIw9yQyduA94O2E0bmDSJIBXgQOXZA1AC45Zwzg&expires=1774379019583&clientType=6&id=2992537182&userId=240002558
2026-03-23 20:03:40 [DEBUG] __main__ — [transport] recv_file  fileId=2992537182  frames=2
2026-03-23 20:03:40 [DEBUG] __main__ — [transport] frame  action=data  id=b3faa818  size=3868
2026-03-23 20:03:40 [DEBUG] __main__ — [transport] frame  action=data  id=b3faa818  size=3868
2026-03-23 20:03:40 [DEBUG] __main__ — [b3faa818] <- data #27  2900B  seq=26  (rx=73461B)
2026-03-23 20:03:40 [DEBUG] __main__ — [b3faa818] <- data #28  2900B  seq=27  (rx=76361B)
2026-03-23 20:03:40 [DEBUG] __main__ — [transport] op128 chat=1400511 sender=240876353 attaches=1
2026-03-23 20:03:40 [DEBUG] __main__ — [transport] attach full={'_type': 'FILE', 'name': 'data.bin', 'size': 5924, 'fileId': 2985896411, 'token': 'f9LHodD0cOLGIBv0c2Ydmzc24jmTXTHW7zWlnWyHNQQFtuKf8c8BsQXnMt9lASPv2WcmUSZrnGZuGfscBpDU'}
2026-03-23 20:03:40 [DEBUG] __main__ — [transport] op88 fileId=2985896411 url=https://fd.oneme.ru/getfile?sig=YLSr9Edso_1S3-4_0qZgfif2P70KH3NtT1_0n-RjLji_b-O4C40xtLSRIgYcfZO-9wgHEwwU_QsUYopm6CfWDA&expires=1774379020165&clientType=6&id=2985896411&userId=240002558
2026-03-23 20:03:40 [DEBUG] __main__ — [transport] recv_file  fileId=2985896411  frames=2
2026-03-23 20:03:40 [DEBUG] __main__ — [transport] frame  action=data  id=b3faa818  size=3868
2026-03-23 20:03:40 [DEBUG] __main__ — [transport] frame  action=data  id=b3faa818  size=3868
2026-03-23 20:03:40 [DEBUG] __main__ — [b3faa818] <- data #29  2900B  seq=28  (rx=79261B)
2026-03-23 20:03:40 [DEBUG] __main__ — [b3faa818] <- data #30  2900B  seq=29  (rx=82161B)
2026-03-23 20:03:40 [DEBUG] __main__ — [transport] op128 chat=1400511 sender=240876353 attaches=1
2026-03-23 20:03:40 [DEBUG] __main__ — [transport] attach full={'_type': 'FILE', 'name': 'data.bin', 'size': 5924, 'fileId': 2988517412, 'token': 'f9LHodD0cOLrvMTIHgNLzYwqEIgO_2NZQ8_tXAoXNnHEYxnPL9pb37j4w2bNHXq8KAAr2izp439D-v_K0mrM'}
2026-03-23 20:03:40 [DEBUG] __main__ — [transport] op88 fileId=2988517412 url=https://fd.oneme.ru/getfile?sig=oGMlxKkef8i64EvpKk6c9Gb2IJSaDqcppkFntGfq57RP4llCDGFnKlvdOJ9w9Q9SHHjglNdw5AF1tTGt0pTvtQ&expires=1774379020773&clientType=6&id=2988517412&userId=240002558
2026-03-23 20:03:41 [DEBUG] __main__ — [transport] recv_file  fileId=2988517412  frames=2
2026-03-23 20:03:41 [DEBUG] __main__ — [transport] frame  action=data  id=b3faa818  size=3868
2026-03-23 20:03:41 [DEBUG] __main__ — [transport] frame  action=data  id=b3faa818  size=3868
2026-03-23 20:03:41 [DEBUG] __main__ — [b3faa818] <- data #31  2900B  seq=30  (rx=85061B)
2026-03-23 20:03:41 [DEBUG] __main__ — [b3faa818] <- data #32  2900B  seq=31  (rx=87961B)
2026-03-23 20:03:41 [DEBUG] __main__ — [transport] op128 chat=1400511 sender=240876353 attaches=1
2026-03-23 20:03:41 [DEBUG] __main__ — [transport] attach full={'_type': 'FILE', 'name': 'data.bin', 'size': 5924, 'fileId': 2986123911, 'token': 'f9LHodD0cOLpgJvjdgic7eCHqKfhkTmoeH6CQ2pTp8KFFfHABxpHeCc2GS1af3BytY8ahFMDngADDyqDU1jC'}
2026-03-23 20:03:41 [DEBUG] __main__ — [transport] op88 fileId=2986123911 url=https://fd.oneme.ru/getfile?sig=V3wytAjuT2qzlS9KbfYslOeyAw7y9lNDJbzC5qDzQenE5gB1zKNc3mkwSSZwlx7-B2EuhQVoEByMtMrC-Zefiw&expires=1774379021386&clientType=6&id=2986123911&userId=240002558
2026-03-23 20:03:41 [DEBUG] __main__ — [transport] op128 chat=1400511 sender=240876353 attaches=1
2026-03-23 20:03:41 [DEBUG] __main__ — [transport] attach full={'_type': 'FILE', 'name': 'data.bin', 'size': 5924, 'fileId': 2988330470, 'token': 'f9LHodD0cOJV-FbIkInccPjADFcFCs3-ebypwYM7m1VLz_wF_-cdmGBpSnZxdCzpC0aGCzNowy2-VrSiL5Dv'}
2026-03-23 20:03:41 [DEBUG] __main__ — [transport] recv_file  fileId=2986123911  frames=2
2026-03-23 20:03:41 [DEBUG] __main__ — [transport] frame  action=data  id=b3faa818  size=3868
2026-03-23 20:03:41 [DEBUG] __main__ — [transport] frame  action=data  id=b3faa818  size=3868
2026-03-23 20:03:41 [DEBUG] __main__ — [b3faa818] <- data #33  2900B  seq=32  (rx=90861B)
2026-03-23 20:03:41 [DEBUG] __main__ — [b3faa818] <- data #34  2900B  seq=33  (rx=93761B)
2026-03-23 20:03:42 [DEBUG] __main__ — [transport] op88 fileId=2988330470 url=https://fd.oneme.ru/getfile?sig=U5AyL7hMJShfRTsIl5L-ToHPanNHtT5JM3NtJ41OwQ5dV6FB8TWzCW7eAF4CL8W09BO4wnvhzvg2ZEwWt7TniQ&expires=1774379021988&clientType=6&id=2988330470&userId=240002558
2026-03-23 20:03:42 [DEBUG] __main__ — [transport:client] keepalive sent
2026-03-23 20:03:42 [DEBUG] __main__ — [transport] recv_file  fileId=2988330470  frames=2
2026-03-23 20:03:42 [DEBUG] __main__ — [transport] frame  action=data  id=b3faa818  size=3868
2026-03-23 20:03:42 [DEBUG] __main__ — [transport] frame  action=data  id=b3faa818  size=3868
2026-03-23 20:03:42 [DEBUG] __main__ — [b3faa818] <- data #35  2900B  seq=34  (rx=96661B)
2026-03-23 20:03:42 [DEBUG] __main__ — [b3faa818] <- data #36  2900B  seq=35  (rx=99561B)
2026-03-23 20:03:42 [DEBUG] __main__ — [transport] op128 chat=1400511 sender=240876353 attaches=1
2026-03-23 20:03:42 [DEBUG] __main__ — [transport] attach full={'_type': 'FILE', 'name': 'data.bin', 'size': 5924, 'fileId': 2990024004, 'token': 'f9LHodD0cOJJ4LYZTvbuIghDpf1WmkZV7EX8Ce-x7ePud04x5gu9kmb67HcgPKlXG4Y923DHciNTn1TzfD_t'}
2026-03-23 20:03:42 [DEBUG] __main__ — [transport] op88 fileId=2990024004 url=https://fd.oneme.ru/getfile?sig=xB3PFoZC_cbFEbPHc2l0gQPG4E5vvr3QIzYpVCLIuWvAhkBpYr8S_mCRobdkdo8N4IlOWNKqWJrcSZ4E9zezxQ&expires=1774379022604&clientType=6&id=2990024004&userId=240002558
2026-03-23 20:03:43 [DEBUG] __main__ — [transport] recv_file  fileId=2990024004  frames=2
2026-03-23 20:03:43 [DEBUG] __main__ — [transport] frame  action=data  id=b3faa818  size=3868
2026-03-23 20:03:43 [DEBUG] __main__ — [transport] frame  action=data  id=b3faa818  size=3868
2026-03-23 20:03:43 [DEBUG] __main__ — [b3faa818] <- data #37  2900B  seq=36  (rx=102461B)
2026-03-23 20:03:43 [DEBUG] __main__ — [b3faa818] <- data #38  2900B  seq=37  (rx=105361B)
2026-03-23 20:03:43 [DEBUG] __main__ — [transport] op128 chat=1400511 sender=240876353 attaches=1
2026-03-23 20:03:43 [DEBUG] __main__ — [transport] attach full={'_type': 'FILE', 'name': 'data.bin', 'size': 5924, 'fileId': 2981566115, 'token': 'f9LHodD0cOI0GzjFEAPcKxeDgl7_zZx2_1jvMWueOHGKuUALgEN183k0PQ74t_Ctw1YyoM4NHnpl_yC-20yT'}
2026-03-23 20:03:43 [DEBUG] __main__ — [transport] op88 fileId=2981566115 url=https://fd.oneme.ru/getfile?sig=XQX-9KyQYudv6DMZrMir2NeUMl_Xxm9NQMh2hxf4lS_XTsI2o5AVR9SdcjWDcjaRFHJTw7MZn0OZsSA083TDcw&expires=1774379023222&clientType=6&id=2981566115&userId=240002558
2026-03-23 20:03:43 [DEBUG] __main__ — [transport] recv_file  fileId=2981566115  frames=2
2026-03-23 20:03:43 [DEBUG] __main__ — [transport] frame  action=data  id=b3faa818  size=3868
2026-03-23 20:03:43 [DEBUG] __main__ — [transport] frame  action=data  id=b3faa818  size=3868
2026-03-23 20:03:43 [DEBUG] __main__ — [b3faa818] <- data #39  2900B  seq=38  (rx=108261B)
2026-03-23 20:03:43 [DEBUG] __main__ — [b3faa818] <- data #40  2900B  seq=39  (rx=111161B)
2026-03-23 20:03:43 [DEBUG] __main__ — [transport] op128 chat=1400511 sender=240876353 attaches=1
2026-03-23 20:03:43 [DEBUG] __main__ — [transport] attach full={'_type': 'FILE', 'name': 'data.bin', 'size': 5924, 'fileId': 2982076688, 'token': 'f9LHodD0cOIqHYnMXjJxZeRL7yNVJ3QYXn_yxxCOiFQOeW4cTS0dhUn2f6fvaRGL0CBQhegXBa3YDmCg2jGw'}
2026-03-23 20:03:43 [DEBUG] __main__ — [transport] op88 fileId=2982076688 url=https://fd.oneme.ru/getfile?sig=0nXPSrdw550q5VmKhWS5X5CpZ9bfKD27j1UiDhEjTe6UyZbS3SI505udlAZon0LFPdSvVFA3BrAcAHbznjOGmA&expires=1774379023811&clientType=6&id=2982076688&userId=240002558
2026-03-23 20:03:44 [DEBUG] __main__ — [transport] recv_file  fileId=2982076688  frames=2
2026-03-23 20:03:44 [DEBUG] __main__ — [transport] frame  action=data  id=b3faa818  size=3868
2026-03-23 20:03:44 [DEBUG] __main__ — [transport] frame  action=data  id=b3faa818  size=3868
2026-03-23 20:03:44 [DEBUG] __main__ — [b3faa818] <- data #41  2900B  seq=40  (rx=114061B)
2026-03-23 20:03:44 [DEBUG] __main__ — [b3faa818] <- data #42  2900B  seq=41  (rx=116961B)
2026-03-23 20:03:44 [DEBUG] __main__ — [transport] op128 chat=1400511 sender=240876353 attaches=1
2026-03-23 20:03:44 [DEBUG] __main__ — [transport] attach full={'_type': 'FILE', 'name': 'data.bin', 'size': 5924, 'fileId': 2989749346, 'token': 'f9LHodD0cOJ-RXuygeh1__T2gOamiBaylqjqTCNd-wOKDx4P4jGIL2NsdM2Z8ZfbHEc7B1tCwGldSqhHousU'}
2026-03-23 20:03:44 [DEBUG] __main__ — [transport] op88 fileId=2989749346 url=https://fd.oneme.ru/getfile?sig=N76KKHxKp0VMniUrHGfzC_JntKF6KgFtIeV7laNJXZ7zqkMMkheIxCptopL4N96qyvXEvWjeuAgQXr4N5VtB_Q&expires=1774379024422&clientType=6&id=2989749346&userId=240002558
2026-03-23 20:03:44 [DEBUG] __main__ — [transport] recv_file  fileId=2989749346  frames=2
2026-03-23 20:03:44 [DEBUG] __main__ — [transport] frame  action=data  id=b3faa818  size=3868
2026-03-23 20:03:44 [DEBUG] __main__ — [transport] frame  action=data  id=b3faa818  size=3868
2026-03-23 20:03:44 [DEBUG] __main__ — [b3faa818] <- data #43  2900B  seq=42  (rx=119861B)
2026-03-23 20:03:44 [DEBUG] __main__ — [b3faa818] <- data #44  2900B  seq=43  (rx=122761B)
2026-03-23 20:03:44 [DEBUG] __main__ — [transport] op128 chat=1400511 sender=240876353 attaches=1
2026-03-23 20:03:44 [DEBUG] __main__ — [transport] attach full={'_type': 'FILE', 'name': 'data.bin', 'size': 5924, 'fileId': 2988120521, 'token': 'f9LHodD0cOLMD8c4UxLpjB1MOeTCi739bLiSX6bIk6dS6EGY-jK4J-2r3P7iM5uEJ_SnWjW5lXRO2NFhPUtp'}
2026-03-23 20:03:45 [DEBUG] __main__ — [transport] op88 fileId=2988120521 url=https://fd.oneme.ru/getfile?sig=0oV5KQkSim27fP0cc2rNhzDJaDrW-2Qj7UTu83pmUfHAnv_-DHeTETH26jh034jCRQhnlrJKE5SKfp7BpPRCuA&expires=1774379024995&clientType=6&id=2988120521&userId=240002558
2026-03-23 20:03:45 [DEBUG] __main__ — [transport] recv_file  fileId=2988120521  frames=2
2026-03-23 20:03:45 [DEBUG] __main__ — [transport] frame  action=data  id=b3faa818  size=3868
2026-03-23 20:03:45 [DEBUG] __main__ — [transport] frame  action=data  id=b3faa818  size=3868
2026-03-23 20:03:45 [DEBUG] __main__ — [b3faa818] <- data #45  2900B  seq=44  (rx=125661B)
2026-03-23 20:03:45 [DEBUG] __main__ — [b3faa818] <- data #46  2900B  seq=45  (rx=128561B)
2026-03-23 20:03:45 [DEBUG] __main__ — [transport] op128 chat=1400511 sender=240876353 attaches=1
2026-03-23 20:03:45 [DEBUG] __main__ — [transport] attach full={'_type': 'FILE', 'name': 'data.bin', 'size': 5924, 'fileId': 2989898502, 'token': 'f9LHodD0cOKQrOL48HsB_PotrkNIMo9hORGm6RjtMiQMUReTBb-iJFX5_lPsokV4Z2vVvbnshK6stt-T0g9o'}
2026-03-23 20:03:45 [DEBUG] __main__ — [transport] op88 fileId=2989898502 url=https://fd.oneme.ru/getfile?sig=E5-zXf7p3JfG5niHL86PsHF7Q_QV5IO4LBT7i5yezc34X72tyblwSn2qL6SNR22htaqv5Xb9a8xl9mcnMue7KQ&expires=1774379025628&clientType=6&id=2989898502&userId=240002558
2026-03-23 20:03:46 [DEBUG] __main__ — [transport] recv_file  fileId=2989898502  frames=2
2026-03-23 20:03:46 [DEBUG] __main__ — [transport] frame  action=data  id=b3faa818  size=3868
2026-03-23 20:03:46 [DEBUG] __main__ — [transport] frame  action=data  id=b3faa818  size=3868
2026-03-23 20:03:46 [DEBUG] __main__ — [b3faa818] <- data #47  2900B  seq=46  (rx=131461B)
2026-03-23 20:03:46 [DEBUG] __main__ — [b3faa818] <- data #48  2900B  seq=47  (rx=134361B)
2026-03-23 20:03:46 [DEBUG] __main__ — [transport] op128 chat=1400511 sender=240876353 attaches=1
2026-03-23 20:03:46 [DEBUG] __main__ — [transport] attach full={'_type': 'FILE', 'name': 'data.bin', 'size': 5924, 'fileId': 2992488077, 'token': 'f9LHodD0cOJtVZt7Nn2sCyTov9LWMG5QcnABUm2wA1SGdHjDA73kTIpACCBcRgmN5dG7x2nMWcOaK1lOTli8'}
2026-03-23 20:03:46 [DEBUG] __main__ — [transport] op88 fileId=2992488077 url=https://fd.oneme.ru/getfile?sig=829nmmTeouXtQt_a0yJ7dmOerevBlavGB1FOr2NcroLsRcFbkegTQnUllkINYP3he7hIsGeufLik23xAEIa39Q&expires=1774379026210&clientType=6&id=2992488077&userId=240002558
2026-03-23 20:03:46 [DEBUG] __main__ — [transport] recv_file  fileId=2992488077  frames=2
2026-03-23 20:03:46 [DEBUG] __main__ — [transport] frame  action=data  id=b3faa818  size=3868
2026-03-23 20:03:46 [DEBUG] __main__ — [transport] frame  action=data  id=b3faa818  size=3868
2026-03-23 20:03:46 [DEBUG] __main__ — [b3faa818] <- data #49  2900B  seq=48  (rx=137261B)
2026-03-23 20:03:46 [DEBUG] __main__ — [b3faa818] <- data #50  2900B  seq=49  (rx=140161B)
2026-03-23 20:03:46 [DEBUG] __main__ — [transport] op128 chat=1400511 sender=240876353 attaches=1
2026-03-23 20:03:46 [DEBUG] __main__ — [transport] attach full={'_type': 'FILE', 'name': 'data.bin', 'size': 5924, 'fileId': 2983702980, 'token': 'f9LHodD0cOIQ865MehBnSd4x58qHIsj57jRnZCZwdykJJbUTTRy4shiYY42k7EaJLKLjvFuRZ_xfQgSFKQDR'}
2026-03-23 20:03:46 [DEBUG] __main__ — [transport] op88 fileId=2983702980 url=https://fd.oneme.ru/getfile?sig=3mWlsPx0tfwTcHm7_XGXnYXM_o4Yl06gV2oKe-VzCnI1Guw0q5wej0ZpUUF05fXI2UU17I64NQn4a-8VkFbjcg&expires=1774379026843&clientType=6&id=2983702980&userId=240002558
2026-03-23 20:03:47 [DEBUG] __main__ — [transport] recv_file  fileId=2983702980  frames=2
2026-03-23 20:03:47 [DEBUG] __main__ — [transport] frame  action=data  id=b3faa818  size=3868
2026-03-23 20:03:47 [DEBUG] __main__ — [transport] frame  action=data  id=b3faa818  size=3868
2026-03-23 20:03:47 [DEBUG] __main__ — [b3faa818] <- data #51  2900B  seq=50  (rx=143061B)
2026-03-23 20:03:47 [DEBUG] __main__ — [b3faa818] <- data #52  2900B  seq=51  (rx=145961B)
2026-03-23 20:03:47 [DEBUG] __main__ — [transport] op128 chat=1400511 sender=240876353 attaches=1
2026-03-23 20:03:47 [DEBUG] __main__ — [transport] attach full={'_type': 'FILE', 'name': 'data.bin', 'size': 646, 'fileId': 2991677246, 'token': 'f9LHodD0cOKQxgz0jZDaUjbxPv6cVWx9FD7aipesjyNGonD7VkPgeqiZ-112IsM9oJDlwjS2yG-e7Jwxj3Hf'}
2026-03-23 20:03:47 [DEBUG] __main__ — [transport] op88 fileId=2991677246 url=https://fd.oneme.ru/getfile?sig=bY6Xj3_hEICdQKXqyw07ympUhvhn2MiZZ5ysUOWYAZySOl22hulyK_VT9SdNA5irwooHKLUae_6PmaATdAJzSw&expires=1774379027463&clientType=6&id=2991677246&userId=240002558
2026-03-23 20:03:47 [DEBUG] __main__ — [transport] recv_file  fileId=2991677246  frames=1
2026-03-23 20:03:47 [DEBUG] __main__ — [transport] frame  action=data  id=b3faa818  size=776
2026-03-23 20:03:47 [DEBUG] __main__ — [b3faa818] <- data #53  582B  seq=52  (rx=146543B)
2026-03-23 20:03:47 [DEBUG] __main__ — [b3faa818] -> #4  31B  seq=3
2026-03-23 20:03:47 [DEBUG] __main__ — [b3faa818] local EOF
2026-03-23 20:03:47 [DEBUG] __main__ — [transport] batch flush  frames=2  total=146B
2026-03-23 20:03:48 [DEBUG] __main__ — [transport] upload ok  fileId=2989346078  size=146
2026-03-23 20:03:48 [INFO] __main__ — DONE 81.19.72.34:443 [b3faa818] | ↑894B/4f (0.0 КБ/с)  ↓146543B/53f (5.9 КБ/с)  24.1s
2026-03-23 20:04:07 [DEBUG] __main__ — [transport:client] keepalive sent
2026-03-23 20:04:32 [DEBUG] __main__ — [transport:client] keepalive sent
2026-03-23 20:04:57 [DEBUG] __main__ — [transport:client] keepalive sent
2026-03-23 20:05:22 [DEBUG] __main__ — [transport:client] keepalive sent
2026-03-23 20:05:47 [DEBUG] __main__ — [transport:client] keepalive sent
2026-03-23 20:06:12 [DEBUG] __main__ — [transport:client] keepalive sent
2026-03-23 20:06:37 [DEBUG] __main__ — [transport:client] keepalive sent
2026-03-23 20:07:02 [DEBUG] __main__ — [transport:client] keepalive sent
2026-03-23 20:07:27 [DEBUG] __main__ — [transport:client] keepalive sent
