2026-03-23 20:22:40 [INFO] __main__ — Сессия загружена из session.json  (viewerId=240002558)
2026-03-23 20:22:41 [INFO] __main__ — Авторизован [client], chatId=0
2026-03-23 20:22:41 [INFO] __main__ — Собеседник: Роберт  (userId=240876353)
2026-03-23 20:22:41 [INFO] __main__ — chatId = 240002558 XOR 240876353 = 1400511
2026-03-23 20:22:41 [INFO] __main__ — Отправили '.' → Роберт
2026-03-23 20:22:41 [INFO] __main__ — Получили '.' от Роберт — запускаем прокси!
2026-03-23 20:22:41 [INFO] __main__ — SOCKS5 прокси запущен  127.0.0.1:1080  server=Роберт  chat_id=1400511
2026-03-23 20:22:42 [INFO] __main__ — Авторизован [client], chatId=1400511
2026-03-23 20:22:49 [INFO] __main__ — SOCKS5 → 81.19.72.32:443
2026-03-23 20:22:49 [DEBUG] __main__ — [transport] batch flush  frames=1  total=90B
2026-03-23 20:22:50 [DEBUG] __main__ — [transport] upload ok  fileId=2987748113  size=90
2026-03-23 20:22:51 [DEBUG] __main__ — [transport] op128 chat=1400511 sender=240876353 attaches=1
2026-03-23 20:22:51 [DEBUG] __main__ — [transport] attach full={'_type': 'FILE', 'name': 'data.bin', 'size': 53, 'fileId': 2978953096, 'token': 'f9LHodD0cOIyjOj9PYNAU7XJvy2lQhDLQC9X1OzypXPWsdcvf9VnO5ZU_TXUGH21TCRwbzuO2Y-bzjIwVmlq'}
2026-03-23 20:22:51 [DEBUG] __main__ — [transport] op88 fileId=2978953096 url=https://fd.oneme.ru/getfile?sig=kr7qhv3Cqq68TgrZGDXFqUxm43k5LaOLBqp-MSnkPBLpjjz4zDwYOUD7rZN2GRtRwrroTK43U1Qv8PXlXc1UEA&expires=1774380171657&clientType=6&id=2978953096&userId=240002558
2026-03-23 20:22:52 [DEBUG] __main__ — [transport] recv_file  fileId=2978953096  frames=1
2026-03-23 20:22:52 [DEBUG] __main__ — [transport] frame  action=ok  id=fee0e54c  size=0
2026-03-23 20:22:52 [DEBUG] __main__ — [fee0e54c] <- ok
2026-03-23 20:22:52 [INFO] __main__ — tunnel 81.19.72.32:443 [fee0e54c]  открыт за ~2889 мс
2026-03-23 20:22:52 [DEBUG] __main__ — [fee0e54c] -> #1  517B  seq=0
2026-03-23 20:22:52 [DEBUG] __main__ — [transport] batch flush  frames=1  total=580B
2026-03-23 20:22:52 [DEBUG] __main__ — [transport] upload ok  fileId=2981157973  size=580
2026-03-23 20:22:54 [DEBUG] __main__ — [transport] op128 chat=1400511 sender=240876353 attaches=1
2026-03-23 20:22:54 [DEBUG] __main__ — [transport] attach full={'_type': 'FILE', 'name': 'data.bin', 'size': 3861, 'fileId': 2991318000, 'token': 'f9LHodD0cOKVx1R-nfCo38NeRoDrAmhYxVN8O5GxSSDwaZbmXoBkwXsDvyhfVVLleKWOTdRaoVIMtOwaqut3'}
2026-03-23 20:22:54 [DEBUG] __main__ — [transport] op88 fileId=2991318000 url=https://fd.oneme.ru/getfile?sig=DqoCBIrn8Me00w05ZpwDjhxhjHCpmaKyrr2s8ct-Wkb9gyT9Q9qiFyDKGMDO6AlhEXyTlv9lcHT6SgGAuNDp5Q&expires=1774380174636&clientType=6&id=2991318000&userId=240002558
2026-03-23 20:22:55 [DEBUG] __main__ — [transport] recv_file  fileId=2991318000  frames=2
2026-03-23 20:22:55 [DEBUG] __main__ — [transport] frame  action=data  id=fee0e54c  size=3868
2026-03-23 20:22:55 [DEBUG] __main__ — [transport] frame  action=data  id=fee0e54c  size=1120
2026-03-23 20:22:55 [DEBUG] __main__ — [fee0e54c] <- data #1  2900B  seq=0  (rx=2900B)
2026-03-23 20:22:55 [DEBUG] __main__ — [fee0e54c] <- data #2  839B  seq=1  (rx=3739B)
2026-03-23 20:22:55 [DEBUG] __main__ — [fee0e54c] -> #2  93B  seq=1
2026-03-23 20:22:55 [DEBUG] __main__ — [transport] batch flush  frames=1  total=156B
2026-03-23 20:22:55 [DEBUG] __main__ — [transport] upload ok  fileId=2984572355  size=156
2026-03-23 20:22:57 [DEBUG] __main__ — [transport] op128 chat=1400511 sender=240876353 attaches=1
2026-03-23 20:22:57 [DEBUG] __main__ — [transport] attach full={'_type': 'FILE', 'name': 'data.bin', 'size': 183, 'fileId': 2984419645, 'token': 'f9LHodD0cOJ6LixtrWZrA8QHkgih9clpNj91foQ6LOKlMVOX5sB_eVjdR_g-JRi4NMyDRkV8TriecZaY6PEM'}
2026-03-23 20:22:57 [DEBUG] __main__ — [transport] op88 fileId=2984419645 url=https://fd.oneme.ru/getfile?sig=o7Puh_7nLngtgFzPiqhlZ-uEfhKXTwmVHe-FnXcOWaMyy0Mz0ot5V5_dLenGR_e88zm6Ve07r5o0QLFuFo2YLw&expires=1774380177402&clientType=6&id=2984419645&userId=240002558
2026-03-23 20:22:57 [DEBUG] __main__ — [transport] recv_file  fileId=2984419645  frames=1
2026-03-23 20:22:57 [DEBUG] __main__ — [transport] frame  action=data  id=fee0e54c  size=160
2026-03-23 20:22:57 [DEBUG] __main__ — [fee0e54c] <- data #3  120B  seq=2  (rx=3859B)
2026-03-23 20:22:57 [DEBUG] __main__ — [fee0e54c] -> #3  253B  seq=2
2026-03-23 20:22:57 [DEBUG] __main__ — [transport] batch flush  frames=1  total=316B
2026-03-23 20:22:58 [DEBUG] __main__ — [transport] upload ok  fileId=2986898678  size=316
2026-03-23 20:22:59 [DEBUG] __main__ — [transport] op128 chat=1400511 sender=240876353 attaches=1
2026-03-23 20:22:59 [DEBUG] __main__ — [transport] attach full={'_type': 'FILE', 'name': 'data.bin', 'size': 40796, 'fileId': 2975467463, 'token': 'f9LHodD0cOLkRztqrAAMNljG18OjyVfmbmeQpIJGRZsm3Pku5Vv1fMQjMU6LOYPVtI_4SDtFHlblj8Q7JZyQ'}
2026-03-23 20:23:00 [DEBUG] __main__ — [transport] op88 fileId=2975467463 url=https://fd.oneme.ru/getfile?sig=gYAh3wT273-rqMV5DQizfL9QPqo5oqxPcBxT-dbOB-LA5OzFm9b_JEnbJ3uKVkuLcNaXjuVBnB5Za-Zr1mofng&expires=1774380179957&clientType=6&id=2975467463&userId=240002558
2026-03-23 20:23:00 [DEBUG] __main__ — [transport] op128 chat=1400511 sender=240876353 attaches=1
2026-03-23 20:23:00 [DEBUG] __main__ — [transport] attach full={'_type': 'FILE', 'name': 'data.bin', 'size': 47324, 'fileId': 2980480880, 'token': 'f9LHodD0cOLXluqw7Ws8G2AEdfArVbHL0D5_FQPBiJmiVkY394FEL55cCvyjeXE1jfUIloAONhhhG2oJXnGb'}
2026-03-23 20:23:00 [DEBUG] __main__ — [transport] op88 fileId=2980480880 url=https://fd.oneme.ru/getfile?sig=y0qI91vmJQls1QgpwAktBLIvdGqO15fEiqbT2VKVtJZpvY89HFMlNhq4f_PRDRhj0Q-66FMuHXix7elwPuS9fA&expires=1774380180822&clientType=6&id=2980480880&userId=240002558
2026-03-23 20:23:01 [DEBUG] __main__ — [transport] op128 chat=1400511 sender=240876353 attaches=1
2026-03-23 20:23:01 [DEBUG] __main__ — [transport] attach full={'_type': 'FILE', 'name': 'data.bin', 'size': 47284, 'fileId': 2996005385, 'token': 'f9LHodD0cOJaX-K6gWZ_NAjN45Eg5So2fPdsnY2ntbbbSmC1WSX6GVuaR0FhJyGno2RXqU_MWBEeJvLHnhCK'}
2026-03-23 20:23:01 [DEBUG] __main__ — [transport] recv_file  fileId=2980480880  frames=16
2026-03-23 20:23:01 [DEBUG] __main__ — [transport] frame  action=data  id=fee0e54c  size=3816
2026-03-23 20:23:01 [DEBUG] __main__ — [transport] frame  action=data  id=fee0e54c  size=3868
2026-03-23 20:23:01 [DEBUG] __main__ — [transport] frame  action=data  id=fee0e54c  size=3868
2026-03-23 20:23:01 [DEBUG] __main__ — [transport] frame  action=data  id=fee0e54c  size=3868
2026-03-23 20:23:01 [DEBUG] __main__ — [transport] frame  action=data  id=fee0e54c  size=3868
2026-03-23 20:23:01 [DEBUG] __main__ — [transport] frame  action=data  id=fee0e54c  size=3868
2026-03-23 20:23:01 [DEBUG] __main__ — [transport] frame  action=data  id=fee0e54c  size=3868
2026-03-23 20:23:01 [DEBUG] __main__ — [transport] frame  action=data  id=fee0e54c  size=3868
2026-03-23 20:23:01 [DEBUG] __main__ — [transport] frame  action=data  id=fee0e54c  size=3868
2026-03-23 20:23:01 [DEBUG] __main__ — [transport] frame  action=data  id=fee0e54c  size=3868
2026-03-23 20:23:01 [DEBUG] __main__ — [transport] frame  action=data  id=fee0e54c  size=3868
2026-03-23 20:23:01 [DEBUG] __main__ — [transport] frame  action=data  id=fee0e54c  size=3868
2026-03-23 20:23:01 [DEBUG] __main__ — [transport] frame  action=data  id=fee0e54c  size=3868
2026-03-23 20:23:01 [DEBUG] __main__ — [transport] frame  action=data  id=fee0e54c  size=3868
2026-03-23 20:23:01 [DEBUG] __main__ — [transport] frame  action=data  id=fee0e54c  size=3868
2026-03-23 20:23:01 [DEBUG] __main__ — [transport] frame  action=data  id=fee0e54c  size=3868
2026-03-23 20:23:01 [DEBUG] __main__ — [fee0e54c] <- data #4  2860B  seq=17  (rx=6719B)
2026-03-23 20:23:01 [DEBUG] __main__ — [fee0e54c] <- data #5  2900B  seq=18  (rx=9619B)
2026-03-23 20:23:01 [DEBUG] __main__ — [fee0e54c] <- data #6  2900B  seq=19  (rx=12519B)
2026-03-23 20:23:01 [DEBUG] __main__ — [fee0e54c] <- data #7  2900B  seq=20  (rx=15419B)
2026-03-23 20:23:01 [DEBUG] __main__ — [fee0e54c] <- data #8  2900B  seq=21  (rx=18319B)
2026-03-23 20:23:01 [DEBUG] __main__ — [fee0e54c] <- data #9  2900B  seq=22  (rx=21219B)
2026-03-23 20:23:01 [DEBUG] __main__ — [fee0e54c] <- data #10  2900B  seq=23  (rx=24119B)
2026-03-23 20:23:01 [DEBUG] __main__ — [fee0e54c] <- data #11  2900B  seq=24  (rx=27019B)
2026-03-23 20:23:01 [DEBUG] __main__ — [fee0e54c] <- data #12  2900B  seq=25  (rx=29919B)
2026-03-23 20:23:01 [DEBUG] __main__ — [fee0e54c] <- data #13  2900B  seq=26  (rx=32819B)
2026-03-23 20:23:01 [DEBUG] __main__ — [fee0e54c] <- data #14  2900B  seq=27  (rx=35719B)
2026-03-23 20:23:01 [DEBUG] __main__ — [fee0e54c] <- data #15  2900B  seq=28  (rx=38619B)
2026-03-23 20:23:01 [DEBUG] __main__ — [fee0e54c] <- data #16  2900B  seq=29  (rx=41519B)
2026-03-23 20:23:01 [DEBUG] __main__ — [fee0e54c] <- data #17  2900B  seq=30  (rx=44419B)
2026-03-23 20:23:01 [DEBUG] __main__ — [fee0e54c] <- data #18  2900B  seq=31  (rx=47319B)
2026-03-23 20:23:01 [DEBUG] __main__ — [fee0e54c] <- data #19  2900B  seq=32  (rx=50219B)
2026-03-23 20:23:01 [DEBUG] __main__ — [transport] op88 fileId=2996005385 url=https://fd.oneme.ru/getfile?sig=qxxX_Oqqq21lxTNUOPSMRfF3cIyilAawGpfsQTfL6abv3bOWPpSCGunPqPTOJSyId56i4mjwZhqQQ-Yn6-4Kvg&expires=1774380181293&clientType=6&id=2996005385&userId=240002558
2026-03-23 20:23:01 [DEBUG] __main__ — [transport] recv_file  fileId=2975467463  frames=14
2026-03-23 20:23:01 [DEBUG] __main__ — [transport] frame  action=data  id=fee0e54c  size=3868
2026-03-23 20:23:01 [DEBUG] __main__ — [transport] frame  action=data  id=fee0e54c  size=3868
2026-03-23 20:23:01 [DEBUG] __main__ — [transport] frame  action=data  id=fee0e54c  size=3868
2026-03-23 20:23:01 [DEBUG] __main__ — [transport] frame  action=data  id=fee0e54c  size=3868
2026-03-23 20:23:01 [DEBUG] __main__ — [transport] frame  action=data  id=fee0e54c  size=3012
2026-03-23 20:23:01 [DEBUG] __main__ — [transport] frame  action=data  id=fee0e54c  size=3868
2026-03-23 20:23:01 [DEBUG] __main__ — [transport] frame  action=data  id=fee0e54c  size=3868
2026-03-23 20:23:01 [DEBUG] __main__ — [transport] frame  action=data  id=fee0e54c  size=3868
2026-03-23 20:23:01 [DEBUG] __main__ — [transport] frame  action=data  id=fee0e54c  size=3868
2026-03-23 20:23:01 [DEBUG] __main__ — [transport] frame  action=data  id=fee0e54c  size=3868
2026-03-23 20:23:01 [DEBUG] __main__ — [transport] frame  action=data  id=fee0e54c  size=3868
2026-03-23 20:23:01 [DEBUG] __main__ — [transport] frame  action=data  id=fee0e54c  size=3868
2026-03-23 20:23:01 [DEBUG] __main__ — [transport] frame  action=data  id=fee0e54c  size=3868
2026-03-23 20:23:01 [DEBUG] __main__ — [transport] frame  action=data  id=fee0e54c  size=3868
2026-03-23 20:23:01 [DEBUG] __main__ — [fee0e54c] <- data #20  2900B  seq=3  (rx=53119B)
2026-03-23 20:23:01 [DEBUG] __main__ — [fee0e54c] <- data #21  2900B  seq=4  (rx=56019B)
2026-03-23 20:23:01 [DEBUG] __main__ — [fee0e54c] <- data #22  2900B  seq=5  (rx=58919B)
2026-03-23 20:23:01 [DEBUG] __main__ — [fee0e54c] <- data #23  2900B  seq=6  (rx=61819B)
2026-03-23 20:23:01 [DEBUG] __main__ — [fee0e54c] <- data #24  2259B  seq=7  (rx=64078B)
2026-03-23 20:23:01 [DEBUG] __main__ — [fee0e54c] <- data #25  2900B  seq=8  (rx=66978B)
2026-03-23 20:23:01 [DEBUG] __main__ — [fee0e54c] <- data #26  2900B  seq=9  (rx=69878B)
2026-03-23 20:23:01 [DEBUG] __main__ — [fee0e54c] <- data #27  2900B  seq=10  (rx=72778B)
2026-03-23 20:23:01 [DEBUG] __main__ — [fee0e54c] <- data #28  2900B  seq=11  (rx=75678B)
2026-03-23 20:23:01 [DEBUG] __main__ — [fee0e54c] <- data #29  2900B  seq=12  (rx=78578B)
2026-03-23 20:23:01 [DEBUG] __main__ — [fee0e54c] <- data #30  2900B  seq=13  (rx=81478B)
2026-03-23 20:23:01 [DEBUG] __main__ — [fee0e54c] <- data #31  2900B  seq=14  (rx=84378B)
2026-03-23 20:23:01 [DEBUG] __main__ — [fee0e54c] <- data #32  2900B  seq=15  (rx=87278B)
2026-03-23 20:23:01 [DEBUG] __main__ — [fee0e54c] <- data #33  2900B  seq=16  (rx=90178B)
2026-03-23 20:23:01 [DEBUG] __main__ — [transport] op128 chat=1400511 sender=240876353 attaches=1
2026-03-23 20:23:01 [DEBUG] __main__ — [transport] attach full={'_type': 'FILE', 'name': 'data.bin', 'size': 10675, 'fileId': 2990578891, 'token': 'f9LHodD0cOLLLqSk6VxJ_MnSI6h09W33xMAZ-idigRJwndLXivGfpB_MaA4ykVienGpRvtqjj8zJvX4YrF41'}
2026-03-23 20:23:02 [DEBUG] __main__ — [transport] op88 fileId=2990578891 url=https://fd.oneme.ru/getfile?sig=Z9x1hC1T8wOwhGyoH2VQvaMuDOvXDGjgklpKy_O6N6h9ACMtvluMVPPB0LTvn8Lc2ZSogSm_uKm5HW2G3j8NTQ&expires=1774380181941&clientType=6&id=2990578891&userId=240002558
2026-03-23 20:23:02 [DEBUG] __main__ — [transport] recv_file  fileId=2996005385  frames=16
2026-03-23 20:23:02 [DEBUG] __main__ — [transport] frame  action=data  id=fee0e54c  size=3868
2026-03-23 20:23:02 [DEBUG] __main__ — [transport] frame  action=data  id=fee0e54c  size=3868
2026-03-23 20:23:02 [DEBUG] __main__ — [transport] frame  action=data  id=fee0e54c  size=3868
2026-03-23 20:23:02 [DEBUG] __main__ — [transport] frame  action=data  id=fee0e54c  size=3868
2026-03-23 20:23:02 [DEBUG] __main__ — [transport] frame  action=data  id=fee0e54c  size=3760
2026-03-23 20:23:02 [DEBUG] __main__ — [transport] frame  action=data  id=fee0e54c  size=3868
2026-03-23 20:23:02 [DEBUG] __main__ — [transport] frame  action=data  id=fee0e54c  size=3868
2026-03-23 20:23:02 [DEBUG] __main__ — [transport] frame  action=data  id=fee0e54c  size=3868
2026-03-23 20:23:02 [DEBUG] __main__ — [transport] frame  action=data  id=fee0e54c  size=3868
2026-03-23 20:23:02 [DEBUG] __main__ — [transport] frame  action=data  id=fee0e54c  size=3868
2026-03-23 20:23:02 [DEBUG] __main__ — [transport] frame  action=data  id=fee0e54c  size=3868
2026-03-23 20:23:02 [DEBUG] __main__ — [transport] frame  action=data  id=fee0e54c  size=3868
2026-03-23 20:23:02 [DEBUG] __main__ — [transport] frame  action=data  id=fee0e54c  size=3868
2026-03-23 20:23:02 [DEBUG] __main__ — [transport] frame  action=data  id=fee0e54c  size=3868
2026-03-23 20:23:02 [DEBUG] __main__ — [transport] frame  action=data  id=fee0e54c  size=3868
2026-03-23 20:23:02 [DEBUG] __main__ — [transport] frame  action=data  id=fee0e54c  size=3868
2026-03-23 20:23:02 [DEBUG] __main__ — [fee0e54c] <- data #34  2900B  seq=33  (rx=93078B)
2026-03-23 20:23:02 [DEBUG] __main__ — [fee0e54c] <- data #35  2900B  seq=34  (rx=95978B)
2026-03-23 20:23:02 [DEBUG] __main__ — [fee0e54c] <- data #36  2900B  seq=35  (rx=98878B)
2026-03-23 20:23:02 [DEBUG] __main__ — [fee0e54c] <- data #37  2900B  seq=36  (rx=101778B)
2026-03-23 20:23:02 [DEBUG] __main__ — [fee0e54c] <- data #38  2820B  seq=37  (rx=104598B)
2026-03-23 20:23:02 [DEBUG] __main__ — [fee0e54c] <- data #39  2900B  seq=38  (rx=107498B)
2026-03-23 20:23:02 [DEBUG] __main__ — [fee0e54c] <- data #40  2900B  seq=39  (rx=110398B)
2026-03-23 20:23:02 [DEBUG] __main__ — [fee0e54c] <- data #41  2900B  seq=40  (rx=113298B)
2026-03-23 20:23:02 [DEBUG] __main__ — [fee0e54c] <- data #42  2900B  seq=41  (rx=116198B)
2026-03-23 20:23:02 [DEBUG] __main__ — [fee0e54c] <- data #43  2900B  seq=42  (rx=119098B)
2026-03-23 20:23:02 [DEBUG] __main__ — [fee0e54c] <- data #44  2900B  seq=43  (rx=121998B)
2026-03-23 20:23:02 [DEBUG] __main__ — [fee0e54c] <- data #45  2900B  seq=44  (rx=124898B)
2026-03-23 20:23:02 [DEBUG] __main__ — [fee0e54c] <- data #46  2900B  seq=45  (rx=127798B)
2026-03-23 20:23:02 [DEBUG] __main__ — [fee0e54c] <- data #47  2900B  seq=46  (rx=130698B)
2026-03-23 20:23:02 [DEBUG] __main__ — [fee0e54c] <- data #48  2900B  seq=47  (rx=133598B)
2026-03-23 20:23:02 [DEBUG] __main__ — [fee0e54c] <- data #49  2900B  seq=48  (rx=136498B)
2026-03-23 20:23:02 [DEBUG] __main__ — [transport] recv_file  fileId=2990578891  frames=4
2026-03-23 20:23:02 [DEBUG] __main__ — [transport] frame  action=data  id=fee0e54c  size=3868
2026-03-23 20:23:02 [DEBUG] __main__ — [transport] frame  action=data  id=fee0e54c  size=3868
2026-03-23 20:23:02 [DEBUG] __main__ — [transport] frame  action=data  id=fee0e54c  size=3868
2026-03-23 20:23:02 [DEBUG] __main__ — [transport] frame  action=data  id=fee0e54c  size=2308
2026-03-23 20:23:02 [DEBUG] __main__ — [fee0e54c] <- data #50  2900B  seq=49  (rx=139398B)
2026-03-23 20:23:02 [DEBUG] __main__ — [fee0e54c] <- data #51  2900B  seq=50  (rx=142298B)
2026-03-23 20:23:02 [DEBUG] __main__ — [fee0e54c] <- data #52  2900B  seq=51  (rx=145198B)
2026-03-23 20:23:02 [DEBUG] __main__ — [fee0e54c] <- data #53  1731B  seq=52  (rx=146929B)
2026-03-23 20:23:02 [DEBUG] __main__ — [fee0e54c] -> #4  31B  seq=3
2026-03-23 20:23:02 [DEBUG] __main__ — [fee0e54c] local EOF
2026-03-23 20:23:02 [DEBUG] __main__ — [transport] batch flush  frames=2  total=146B
2026-03-23 20:23:02 [DEBUG] __main__ — [transport] upload ok  fileId=2986612930  size=146
2026-03-23 20:23:03 [INFO] __main__ — DONE 81.19.72.32:443 [fee0e54c] | ↑894B/4f (0.1 КБ/с)  ↓146929B/53f (12.9 КБ/с)  11.1s
2026-03-23 20:23:07 [DEBUG] __main__ — [transport:client] keepalive sent
2026-03-23 20:23:32 [DEBUG] __main__ — [transport:client] keepalive sent
2026-03-23 20:23:49 [INFO] __main__ — SOCKS5 → whatismyipaddress.com:443
2026-03-23 20:23:49 [DEBUG] __main__ — [transport] batch flush  frames=1  total=100B
2026-03-23 20:23:50 [DEBUG] __main__ — [transport] upload ok  fileId=2990533613  size=100
2026-03-23 20:23:51 [INFO] __main__ — SOCKS5 → sanity-proxy-v2.phantom.app:443
2026-03-23 20:23:51 [DEBUG] __main__ — [transport] batch flush  frames=1  total=106B
2026-03-23 20:23:51 [INFO] __main__ — SOCKS5 → eppo-proxy.phantom.app:443
2026-03-23 20:23:51 [DEBUG] __main__ — [transport] batch flush  frames=1  total=101B
2026-03-23 20:23:51 [INFO] __main__ — SOCKS5 → blowfish-blocklist-proxy.phantom.app:443
2026-03-23 20:23:51 [DEBUG] __main__ — [transport] batch flush  frames=1  total=115B
2026-03-23 20:23:51 [DEBUG] __main__ — [transport] upload ok  fileId=2991409756  size=106
2026-03-23 20:23:52 [DEBUG] __main__ — [transport] op128 chat=1400511 sender=240876353 attaches=1
2026-03-23 20:23:52 [DEBUG] __main__ — [transport] attach full={'_type': 'FILE', 'name': 'data.bin', 'size': 53, 'fileId': 2986482760, 'token': 'f9LHodD0cOJWe4doE6DxXBI9esh27tGVjA6nj736ZsCNw7JhAVh3yjxbc4j-bkCtIEYP7O5pcQT0s1n16AYp'}
2026-03-23 20:23:52 [DEBUG] __main__ — [transport] op88 fileId=2986482760 url=https://fd.oneme.ru/getfile?sig=HOaoW4xmjrYTkd2v7BSTn4w5Oi-q7FnptdXTzfexU8MUiM011-eptFNpyzdoScCG_rKmMGdE9oxalhuA0h5hWg&expires=1774380232036&clientType=6&id=2986482760&userId=240002558
2026-03-23 20:23:52 [DEBUG] __main__ — [transport] recv_file  fileId=2986482760  frames=1
2026-03-23 20:23:52 [DEBUG] __main__ — [transport] frame  action=ok  id=801ce295  size=0
2026-03-23 20:23:52 [DEBUG] __main__ — [801ce295] <- ok
2026-03-23 20:23:52 [INFO] __main__ — tunnel whatismyipaddress.com:443 [801ce295]  открыт за ~2747 мс
2026-03-23 20:23:52 [DEBUG] __main__ — [801ce295] -> #1  2034B  seq=0
2026-03-23 20:23:52 [DEBUG] __main__ — [transport] upload ok  fileId=2985015224  size=101
2026-03-23 20:23:52 [DEBUG] __main__ — [transport] batch flush  frames=1  total=2097B
2026-03-23 20:23:53 [DEBUG] __main__ — [transport] op128 chat=1400511 sender=240876353 attaches=1
2026-03-23 20:23:53 [DEBUG] __main__ — [transport] attach full={'_type': 'FILE', 'name': 'data.bin', 'size': 53, 'fileId': 2988183051, 'token': 'f9LHodD0cOIv5rhikxBmPxHNs6FyuY3IIc9LJ-fPvodtrxeNNQyWOUsPBqv7qh-toUyWWBcia_mbX-dlSPT9'}
2026-03-23 20:23:53 [DEBUG] __main__ — [transport] op88 fileId=2988183051 url=https://fd.oneme.ru/getfile?sig=JUotddMN0u85duvxLlBCANhPh3uDl_kT59R6VbwTa8EkzMtYx2y_Z5HqilAFziMeDF9sNYMgfN-rHRVqPn1Zbw&expires=1774380233195&clientType=6&id=2988183051&userId=240002558
2026-03-23 20:23:53 [DEBUG] __main__ — [transport] upload ok  fileId=2991410012  size=115
2026-03-23 20:23:53 [DEBUG] __main__ — [transport] recv_file  fileId=2988183051  frames=1
2026-03-23 20:23:53 [DEBUG] __main__ — [transport] frame  action=ok  id=122e2d45  size=0
2026-03-23 20:23:53 [DEBUG] __main__ — [122e2d45] <- ok
2026-03-23 20:23:53 [INFO] __main__ — tunnel sanity-proxy-v2.phantom.app:443 [122e2d45]  открыт за ~2494 мс
2026-03-23 20:23:53 [DEBUG] __main__ — [122e2d45] -> #1  1801B  seq=0
2026-03-23 20:23:53 [DEBUG] __main__ — [transport] batch flush  frames=1  total=1864B
2026-03-23 20:23:54 [DEBUG] __main__ — [transport] op128 chat=1400511 sender=240876353 attaches=1
2026-03-23 20:23:54 [DEBUG] __main__ — [transport] attach full={'_type': 'FILE', 'name': 'data.bin', 'size': 53, 'fileId': 2984512682, 'token': 'f9LHodD0cOLx72iK-aZiUpZP6S7mTO72cmB7E0wUFnFqwkFzw1k1LKtxPz4sp1yeI8qZsCDfLrmIwW_y1S8Y'}
2026-03-23 20:23:54 [DEBUG] __main__ — [transport] op88 fileId=2984512682 url=https://fd.oneme.ru/getfile?sig=gsXILIXGszddx7V_XTbhAgo6yYOrh5s__GFYBWMzxv3drl1ASiYVrDBjZgsPYFY0s3QoDi6vw77vanS1GRdUkw&expires=1774380234052&clientType=6&id=2984512682&userId=240002558
2026-03-23 20:23:54 [DEBUG] __main__ — [transport] upload ok  fileId=2990534381  size=2097
2026-03-23 20:23:54 [DEBUG] __main__ — [transport] recv_file  fileId=2984512682  frames=1
2026-03-23 20:23:54 [DEBUG] __main__ — [transport] frame  action=ok  id=e34312bc  size=0
2026-03-23 20:23:54 [DEBUG] __main__ — [e34312bc] <- ok
2026-03-23 20:23:54 [INFO] __main__ — tunnel eppo-proxy.phantom.app:443 [e34312bc]  открыт за ~3216 мс
2026-03-23 20:23:54 [DEBUG] __main__ — [e34312bc] -> #1  1764B  seq=0
2026-03-23 20:23:54 [DEBUG] __main__ — [transport] batch flush  frames=1  total=1827B
2026-03-23 20:23:55 [DEBUG] __main__ — [transport] op128 chat=1400511 sender=240876353 attaches=1
2026-03-23 20:23:55 [DEBUG] __main__ — [transport] attach full={'_type': 'FILE', 'name': 'data.bin', 'size': 53, 'fileId': 2989986370, 'token': 'f9LHodD0cOIFEoveSUC1VT8SRhQ-yqIO7fS22BWRj7BkUHRZ5Z-zxnrMJHLz0pAoOrO1bKqyYCNLi0IilSiM'}
2026-03-23 20:23:55 [DEBUG] __main__ — [transport] op88 fileId=2989986370 url=https://fd.oneme.ru/getfile?sig=lF0uXf0ATFEsVknT-FJ-ej0_jYQZXphFQ-W01h-TWngXPOl-aeGgpoWwyfQnwZ2IwDG9IG-rrAxtZeRMnEe8Xw&expires=1774380235182&clientType=6&id=2989986370&userId=240002558
2026-03-23 20:23:55 [DEBUG] __main__ — [transport] upload ok  fileId=2983830168  size=1864
2026-03-23 20:23:55 [DEBUG] __main__ — [transport] recv_file  fileId=2989986370  frames=1
2026-03-23 20:23:55 [DEBUG] __main__ — [transport] frame  action=ok  id=ef1871a3  size=0
2026-03-23 20:23:55 [DEBUG] __main__ — [ef1871a3] <- ok
2026-03-23 20:23:55 [INFO] __main__ — tunnel blowfish-blocklist-proxy.phantom.app:443 [ef1871a3]  открыт за ~4380 мс
2026-03-23 20:23:55 [DEBUG] __main__ — [ef1871a3] -> #1  1778B  seq=0
2026-03-23 20:23:55 [DEBUG] __main__ — [transport] batch flush  frames=1  total=1841B
2026-03-23 20:23:55 [DEBUG] __main__ — [transport] op128 chat=1400511 sender=240876353 attaches=1
2026-03-23 20:23:55 [DEBUG] __main__ — [transport] attach full={'_type': 'FILE', 'name': 'data.bin', 'size': 1438, 'fileId': 2985734632, 'token': 'f9LHodD0cOJ7wCBqaqHcx1ncVMmmu-PZFgUDmSSfnX3hr8kJ6rLaArdpUGCOI_GD2ZsSxFZyY8tbMjT41y8y'}
2026-03-23 20:23:56 [DEBUG] __main__ — [transport] op88 fileId=2985734632 url=https://fd.oneme.ru/getfile?sig=-nf1d8gC3pzLGckMCTf_Jl20bU0zBqLRH_lTtFSbygiK3D6yZF2fIrv3FnYOtrQLxjdeXM6AAcyHNglQw4DtOg&expires=1774380235947&clientType=6&id=2985734632&userId=240002558
2026-03-23 20:23:56 [DEBUG] __main__ — [transport] upload ok  fileId=2984581120  size=1827
2026-03-23 20:23:56 [DEBUG] __main__ — [transport] recv_file  fileId=2985734632  frames=1
2026-03-23 20:23:56 [DEBUG] __main__ — [transport] frame  action=data  id=801ce295  size=1836
2026-03-23 20:23:56 [DEBUG] __main__ — [801ce295] <- data #1  1375B  seq=0  (rx=1375B)
2026-03-23 20:23:56 [DEBUG] __main__ — [801ce295] -> #2  1143B  seq=1
2026-03-23 20:23:56 [DEBUG] __main__ — [transport] batch flush  frames=1  total=1206B
2026-03-23 20:23:56 [DEBUG] __main__ — [transport] op128 chat=1400511 sender=240876353 attaches=1
2026-03-23 20:23:56 [DEBUG] __main__ — [transport] attach full={'_type': 'FILE', 'name': 'data.bin', 'size': 3619, 'fileId': 2987956057, 'token': 'f9LHodD0cOJncudDtWQlLevaaZgPkxrzuoRQG6DD845Ou7-d1L3AOUKpLB1HV-zyk1c_eAgcNA-6xnn7D1P6'}
2026-03-23 20:23:56 [DEBUG] __main__ — [transport] op88 fileId=2987956057 url=https://fd.oneme.ru/getfile?sig=DDcx_k_CZsHcwiVVJdoWsMQiI6hfw_i97y2-YjVCG7OwgvMXfbi440htyZ7D8ubY3hSRFGJgOiSBXa-ryCYfDQ&expires=1774380236842&clientType=6&id=2987956057&userId=240002558
2026-03-23 20:23:56 [INFO] __main__ — SOCKS5 → api.github.com:443
2026-03-23 20:23:57 [DEBUG] __main__ — [transport] batch flush  frames=1  total=93B
2026-03-23 20:23:57 [DEBUG] __main__ — [transport] upload ok  fileId=2991410268  size=1841
2026-03-23 20:23:57 [DEBUG] __main__ — [transport] recv_file  fileId=2987956057  frames=2
2026-03-23 20:23:57 [DEBUG] __main__ — [transport] frame  action=data  id=122e2d45  size=3868
2026-03-23 20:23:57 [DEBUG] __main__ — [transport] frame  action=data  id=122e2d45  size=796
2026-03-23 20:23:57 [DEBUG] __main__ — [122e2d45] <- data #1  2900B  seq=0  (rx=2900B)
2026-03-23 20:23:57 [DEBUG] __main__ — [122e2d45] <- data #2  597B  seq=1  (rx=3497B)
2026-03-23 20:23:57 [DEBUG] __main__ — [122e2d45] -> #2  914B  seq=1
2026-03-23 20:23:57 [DEBUG] __main__ — [transport:client] keepalive sent
2026-03-23 20:23:57 [DEBUG] __main__ — [transport] batch flush  frames=1  total=977B
2026-03-23 20:23:57 [DEBUG] __main__ — [transport] op128 chat=1400511 sender=240876353 attaches=1
2026-03-23 20:23:57 [DEBUG] __main__ — [transport] attach full={'_type': 'FILE', 'name': 'data.bin', 'size': 3589, 'fileId': 2984447442, 'token': 'f9LHodD0cOJaX-ryFKSBjCWAXQsCQ594QGuYhlKWJ-5RwWA_l2_BQJK1PIGYtmcQhVvPD4SQztN8JGqXdEEp'}
2026-03-23 20:23:57 [DEBUG] __main__ — [transport] op88 fileId=2984447442 url=https://fd.oneme.ru/getfile?sig=mlZlJyUDVCuc4Y9tDbXUnXbhT1HZjt0BSSaigGQ_lhoedDBP2sitSD5U8PF9yzMk6XeqIODDrwVaQINjIeQofA&expires=1774380237715&clientType=6&id=2984447442&userId=240002558
2026-03-23 20:23:58 [DEBUG] __main__ — [transport] upload ok  fileId=2987543274  size=1206
2026-03-23 20:23:58 [DEBUG] __main__ — [transport] recv_file  fileId=2984447442  frames=2
2026-03-23 20:23:58 [DEBUG] __main__ — [transport] frame  action=data  id=e34312bc  size=3868
2026-03-23 20:23:58 [DEBUG] __main__ — [transport] frame  action=data  id=e34312bc  size=756
2026-03-23 20:23:58 [DEBUG] __main__ — [e34312bc] <- data #1  2900B  seq=0  (rx=2900B)
2026-03-23 20:23:58 [DEBUG] __main__ — [e34312bc] <- data #2  567B  seq=1  (rx=3467B)
2026-03-23 20:23:58 [DEBUG] __main__ — [e34312bc] -> #2  64B  seq=1
2026-03-23 20:23:58 [DEBUG] __main__ — [transport] batch flush  frames=1  total=127B
2026-03-23 20:23:58 [DEBUG] __main__ — [transport] op128 chat=1400511 sender=240876353 attaches=1
2026-03-23 20:23:58 [DEBUG] __main__ — [transport] attach full={'_type': 'FILE', 'name': 'data.bin', 'size': 3623, 'fileId': 2991998010, 'token': 'f9LHodD0cOJXm9iEzHRjagPyfNy2UPdDL1qsb7SQ09i-ldCDBP-F_IHwaIJcC70qlNuHg5_-rX8MM864tjgW'}
2026-03-23 20:23:58 [DEBUG] __main__ — [transport] op88 fileId=2991998010 url=https://fd.oneme.ru/getfile?sig=pygaaQeKTa9te0UyFDlgPVsHTxkjfKfaEo95jyKwJwU8LF4B87GeJlIh914W9C5o9iz2J-akhgTrHpNCe5kvuA&expires=1774380238623&clientType=6&id=2991998010&userId=240002558
2026-03-23 20:23:58 [DEBUG] __main__ — [transport] upload ok  fileId=2990375529  size=93
2026-03-23 20:23:59 [DEBUG] __main__ — [transport] recv_file  fileId=2991998010  frames=2
2026-03-23 20:23:59 [DEBUG] __main__ — [transport] frame  action=data  id=ef1871a3  size=3868
2026-03-23 20:23:59 [DEBUG] __main__ — [transport] frame  action=data  id=ef1871a3  size=804
2026-03-23 20:23:59 [DEBUG] __main__ — [ef1871a3] <- data #1  2900B  seq=0  (rx=2900B)
2026-03-23 20:23:59 [DEBUG] __main__ — [ef1871a3] <- data #2  601B  seq=1  (rx=3501B)
2026-03-23 20:23:59 [DEBUG] __main__ — [ef1871a3] -> #2  1046B  seq=1
2026-03-23 20:23:59 [DEBUG] __main__ — [transport] batch flush  frames=1  total=1109B
2026-03-23 20:23:59 [DEBUG] __main__ — [transport] op128 chat=1400511 sender=240876353 attaches=1
2026-03-23 20:23:59 [DEBUG] __main__ — [transport] attach full={'_type': 'FILE', 'name': 'data.bin', 'size': 600, 'fileId': 2986618050, 'token': 'f9LHodD0cOKrxO06RGw0xYFpOY47COauM9K5qbrJtWe_aNyslIxLwtnk0W9rrXsbvWWUINdlOctbxvFyGNEg'}
2026-03-23 20:23:59 [DEBUG] __main__ — [transport] op88 fileId=2986618050 url=https://fd.oneme.ru/getfile?sig=W-vst7pyyhHoWMfeSyjMzWGGpipI_uSAAFqg5AO-eMNgCoFeN8OMOaKf0JQvzUvIonw3cGn9i22RZtkYFEqCVw&expires=1774380239510&clientType=6&id=2986618050&userId=240002558
2026-03-23 20:23:59 [DEBUG] __main__ — [transport] upload ok  fileId=2988083902  size=977
2026-03-23 20:23:59 [DEBUG] __main__ — [transport] recv_file  fileId=2986618050  frames=1
2026-03-23 20:23:59 [DEBUG] __main__ — [transport] frame  action=data  id=801ce295  size=716
2026-03-23 20:23:59 [DEBUG] __main__ — [801ce295] <- data #2  537B  seq=1  (rx=1912B)
2026-03-23 20:23:59 [DEBUG] __main__ — [801ce295] -> #3  31B  seq=2
2026-03-23 20:24:00 [DEBUG] __main__ — [transport] batch flush  frames=1  total=94B
2026-03-23 20:24:00 [DEBUG] __main__ — [transport] op128 chat=1400511 sender=240876353 attaches=1
2026-03-23 20:24:00 [DEBUG] __main__ — [transport] attach full={'_type': 'FILE', 'name': 'data.bin', 'size': 17824, 'fileId': 2987354416, 'token': 'f9LHodD0cOIpviMGF9wakneWEn0ZepFHpfzdP4XyG5hczo1LTpXASrTQtlCtCn_MVpApQVFedvyUriPTWGCh'}
2026-03-23 20:24:00 [DEBUG] __main__ — [transport] op88 fileId=2987354416 url=https://fd.oneme.ru/getfile?sig=ZaMZG1PrXqB-Cc6-c2IXa1yUBBDpu-xCoUoSBsBHutkx7KLIe6IKAtW8ippeP4F7byEPjSYwvhZftqSRqnAPZw&expires=1774380240135&clientType=6&id=2987354416&userId=240002558
2026-03-23 20:24:00 [DEBUG] __main__ — [transport] recv_file  fileId=2987354416  frames=7
2026-03-23 20:24:00 [DEBUG] __main__ — [transport] frame  action=data  id=801ce295  size=3868
2026-03-23 20:24:00 [DEBUG] __main__ — [transport] frame  action=data  id=801ce295  size=3868
2026-03-23 20:24:00 [DEBUG] __main__ — [transport] frame  action=data  id=801ce295  size=3868
2026-03-23 20:24:00 [DEBUG] __main__ — [transport] frame  action=data  id=801ce295  size=3868
2026-03-23 20:24:00 [DEBUG] __main__ — [transport] frame  action=data  id=801ce295  size=3868
2026-03-23 20:24:00 [DEBUG] __main__ — [transport] frame  action=data  id=801ce295  size=3868
2026-03-23 20:24:00 [DEBUG] __main__ — [transport] frame  action=data  id=801ce295  size=12
2026-03-23 20:24:00 [DEBUG] __main__ — [801ce295] <- data #3  2900B  seq=2  (rx=4812B)
2026-03-23 20:24:00 [DEBUG] __main__ — [801ce295] <- data #4  2900B  seq=3  (rx=7712B)
2026-03-23 20:24:00 [DEBUG] __main__ — [801ce295] <- data #5  2900B  seq=4  (rx=10612B)
2026-03-23 20:24:00 [DEBUG] __main__ — [801ce295] <- data #6  2900B  seq=5  (rx=13512B)
2026-03-23 20:24:00 [DEBUG] __main__ — [801ce295] <- data #7  2900B  seq=6  (rx=16412B)
2026-03-23 20:24:00 [DEBUG] __main__ — [801ce295] <- data #8  2900B  seq=7  (rx=19312B)
2026-03-23 20:24:00 [DEBUG] __main__ — [801ce295] <- data #9  7B  seq=8  (rx=19319B)
2026-03-23 20:24:00 [DEBUG] __main__ — [transport] op128 chat=1400511 sender=240876353 attaches=1
2026-03-23 20:24:00 [DEBUG] __main__ — [transport] attach full={'_type': 'FILE', 'name': 'data.bin', 'size': 53, 'fileId': 2984385444, 'token': 'f9LHodD0cOIhydXB_8WnTJ6iHLbm5Gats2xl11yD_--8Oqn5rq7ip9f4k3IvbyTG1R4KobnfIJl2rFGiks5i'}
2026-03-23 20:24:00 [DEBUG] __main__ — [transport] upload ok  fileId=2991799122  size=127
2026-03-23 20:24:00 [INFO] __main__ — SOCKS5 → ds4.probe.whatismyipaddress.com:443
2026-03-23 20:24:00 [DEBUG] __main__ — [801ce295] -> #4  166B  seq=3
2026-03-23 20:24:00 [DEBUG] __main__ — [transport] op88 fileId=2984385444 url=https://fd.oneme.ru/getfile?sig=T2jGlA9_e-wxsI4oDzKPTlfcI9wmXg0F6O9zCJ4gwhGtnVH3QVTdhXJPCp6WYEfPggZQB2riiQehSX2JrXGSuQ&expires=1774380240732&clientType=6&id=2984385444&userId=240002558
2026-03-23 20:24:00 [DEBUG] __main__ — [transport] batch flush  frames=2  total=335B
2026-03-23 20:24:01 [INFO] __main__ — SOCKS5 → polkadot.js.org:443
2026-03-23 20:24:01 [DEBUG] __main__ — [transport] batch flush  frames=1  total=94B
2026-03-23 20:24:01 [DEBUG] __main__ — [transport] recv_file  fileId=2984385444  frames=1
2026-03-23 20:24:01 [DEBUG] __main__ — [transport] frame  action=ok  id=6913cb6f  size=0
2026-03-23 20:24:01 [DEBUG] __main__ — [6913cb6f] <- ok
2026-03-23 20:24:01 [INFO] __main__ — tunnel api.github.com:443 [6913cb6f]  открыт за ~4283 мс
2026-03-23 20:24:01 [DEBUG] __main__ — [6913cb6f] -> #1  1835B  seq=0
2026-03-23 20:24:01 [DEBUG] __main__ — [transport] batch flush  frames=1  total=1898B
2026-03-23 20:24:01 [DEBUG] __main__ — [transport] op128 chat=1400511 sender=240876353 attaches=1
2026-03-23 20:24:01 [DEBUG] __main__ — [transport] attach full={'_type': 'FILE', 'name': 'data.bin', 'size': 2676, 'fileId': 2988927738, 'token': 'f9LHodD0cOJzURIHfWcIe2ByMzbBwe55xYpb7ZeeZT-CdICnBsXoBRhVjK0kTiDpAfmLN3S2mYF6772upN7Q'}
2026-03-23 20:24:01 [DEBUG] __main__ — [transport] op88 fileId=2988927738 url=https://fd.oneme.ru/getfile?sig=Y6-VXs12vAH_ISYvJq0IjVkczA5mrKx4SSF4k0JaE_nuZl-YMNdeUoElpV1t5k_KrhEvBgkXKlB41p0uJENvHg&expires=1774380241365&clientType=6&id=2988927738&userId=240002558
2026-03-23 20:24:01 [DEBUG] __main__ — [transport] upload ok  fileId=2985785293  size=1109
2026-03-23 20:24:01 [DEBUG] __main__ — [transport] recv_file  fileId=2988927738  frames=2
2026-03-23 20:24:01 [DEBUG] __main__ — [transport] frame  action=data  id=122e2d45  size=696
2026-03-23 20:24:01 [DEBUG] __main__ — [transport] frame  action=data  id=122e2d45  size=2712
2026-03-23 20:24:01 [DEBUG] __main__ — [122e2d45] <- data #3  521B  seq=2  (rx=4018B)
2026-03-23 20:24:01 [DEBUG] __main__ — [122e2d45] <- data #4  2033B  seq=3  (rx=6051B)
2026-03-23 20:24:01 [DEBUG] __main__ — [122e2d45] -> #3  31B  seq=2
2026-03-23 20:24:01 [DEBUG] __main__ — [transport] batch flush  frames=1  total=94B
2026-03-23 20:24:02 [DEBUG] __main__ — [transport] op128 chat=1400511 sender=240876353 attaches=1
2026-03-23 20:24:02 [DEBUG] __main__ — [transport] attach full={'_type': 'FILE', 'name': 'data.bin', 'size': 575, 'fileId': 2992540948, 'token': 'f9LHodD0cOLIIpVSRV21fNzoNrUs2YKSBjKrlUoSCKUNs87dAqiwEkeKvJeMpPMcFNZdoiHr5XqqaSwdXaT8'}
2026-03-23 20:24:02 [DEBUG] __main__ — [transport] op88 fileId=2992540948 url=https://fd.oneme.ru/getfile?sig=SCcDMOj33v4CtVwgPqA6c-ALUsA6gWubTHRLHE02TSwdzL_kEYMu2Z-83ggSefpON2KbInV4ur74CyAc1fwVqQ&expires=1774380242146&clientType=6&id=2992540948&userId=240002558
2026-03-23 20:24:02 [DEBUG] __main__ — [transport] upload ok  fileId=2981162581  size=94
2026-03-23 20:24:02 [DEBUG] __main__ — [transport] recv_file  fileId=2992540948  frames=1
2026-03-23 20:24:02 [DEBUG] __main__ — [transport] frame  action=data  id=e34312bc  size=684
2026-03-23 20:24:02 [DEBUG] __main__ — [e34312bc] <- data #3  512B  seq=2  (rx=3979B)
2026-03-23 20:24:03 [DEBUG] __main__ — [transport] op128 chat=1400511 sender=240876353 attaches=1
2026-03-23 20:24:03 [DEBUG] __main__ — [transport] attach full={'_type': 'FILE', 'name': 'data.bin', 'size': 1309, 'fileId': 2984354463, 'token': 'f9LHodD0cOIelsv2eVtVsTNNHXVXwtMCClvaH2i5mopqX5-BC7zQJp-BCIS59-3OcTuYr3pv80KsLh0k_c_x'}
2026-03-23 20:24:03 [DEBUG] __main__ — [transport] op88 fileId=2984354463 url=https://fd.oneme.ru/getfile?sig=ou5P-zODBo2NwnrfDCgUWxnq7_g-FPR_fOst-tUQRNbr2kp9QFttivKGohdPSHpLTack4WtmDChZZOYmDGmqmA&expires=1774380243066&clientType=6&id=2984354463&userId=240002558
2026-03-23 20:24:03 [DEBUG] __main__ — [transport] upload ok  fileId=2991885813  size=335
2026-03-23 20:24:03 [DEBUG] __main__ — [transport] recv_file  fileId=2984354463  frames=2
2026-03-23 20:24:03 [DEBUG] __main__ — [transport] frame  action=data  id=ef1871a3  size=696
2026-03-23 20:24:03 [DEBUG] __main__ — [transport] frame  action=data  id=ef1871a3  size=888
2026-03-23 20:24:03 [DEBUG] __main__ — [ef1871a3] <- data #3  521B  seq=2  (rx=4022B)
2026-03-23 20:24:03 [DEBUG] __main__ — [ef1871a3] <- data #4  666B  seq=3  (rx=4688B)
2026-03-23 20:24:03 [DEBUG] __main__ — [ef1871a3] -> #3  31B  seq=2
2026-03-23 20:24:03 [DEBUG] __main__ — [transport] batch flush  frames=1  total=94B
2026-03-23 20:24:04 [DEBUG] __main__ — [transport] upload ok  fileId=2987583692  size=94
2026-03-23 20:24:04 [DEBUG] __main__ — [transport] op128 chat=1400511 sender=240876353 attaches=1
2026-03-23 20:24:04 [DEBUG] __main__ — [transport] attach full={'_type': 'FILE', 'name': 'data.bin', 'size': 226, 'fileId': 2991371810, 'token': 'f9LHodD0cOLp1jFNAeHOKNyzzY0HH8oOKway8qAc0CdLYiQ8K4FygO2tw6ha1BSwB-1Rt2CPVii5M_z8hypA'}
2026-03-23 20:24:05 [DEBUG] __main__ — [transport] op88 fileId=2991371810 url=https://fd.oneme.ru/getfile?sig=InWgiRrLfuy7Es2d-iMSrwyQ1q4Tlm29UsubivXLDwQ8IRvpq7uBqRUYHcr9GPtnpfzhD3kom2rqPviPvoY5-A&expires=1774380244970&clientType=6&id=2991371810&userId=240002558
2026-03-23 20:24:05 [DEBUG] __main__ — [transport] recv_file  fileId=2991371810  frames=1
2026-03-23 20:24:05 [DEBUG] __main__ — [transport] frame  action=data  id=801ce295  size=220
2026-03-23 20:24:05 [DEBUG] __main__ — [801ce295] <- data #10  163B  seq=9  (rx=19482B)
2026-03-23 20:24:05 [DEBUG] __main__ — [801ce295] -> #5  35B  seq=4
2026-03-23 20:24:05 [INFO] __main__ — SOCKS5 → app.fusebox.fm:443
2026-03-23 20:24:05 [DEBUG] __main__ — [transport] batch flush  frames=2  total=187B
2026-03-23 20:24:05 [DEBUG] __main__ — [transport] op128 chat=1400511 sender=240876353 attaches=1
2026-03-23 20:24:05 [DEBUG] __main__ — [transport] attach full={'_type': 'FILE', 'name': 'data.bin', 'size': 53, 'fileId': 2987698566, 'token': 'f9LHodD0cOLIVm5GDVjmkdKUQ3kSPhG75byKDYN4vKX9NvL8lkj1em6c_6CP3c9XwLsnlI2EAlsUdzlagFzR'}
2026-03-23 20:24:05 [DEBUG] __main__ — [transport] upload ok  fileId=2976664673  size=1898
2026-03-23 20:24:05 [DEBUG] __main__ — [transport] op88 fileId=2987698566 url=https://fd.oneme.ru/getfile?sig=B3Mlzjp-kVkI72Z-QxS2EMqgFmfYMDy3tZCXOv-CaS27FzBJLrSAs67EtkQVPT_c8ceh6usrXPpYztZxrr_g3A&expires=1774380245593&clientType=6&id=2987698566&userId=240002558
2026-03-23 20:24:06 [DEBUG] __main__ — [transport] recv_file  fileId=2987698566  frames=1
2026-03-23 20:24:06 [DEBUG] __main__ — [transport] frame  action=ok  id=83fd9c95  size=0
2026-03-23 20:24:06 [DEBUG] __main__ — [83fd9c95] <- ok
2026-03-23 20:24:06 [INFO] __main__ — tunnel ds4.probe.whatismyipaddress.com:443 [83fd9c95]  открыт за ~5366 мс
2026-03-23 20:24:06 [DEBUG] __main__ — [83fd9c95] -> #1  1805B  seq=0
2026-03-23 20:24:06 [DEBUG] __main__ — [transport] op128 chat=1400511 sender=240876353 attaches=1
2026-03-23 20:24:06 [DEBUG] __main__ — [transport] attach full={'_type': 'FILE', 'name': 'data.bin', 'size': 53, 'fileId': 2986902006, 'token': 'f9LHodD0cOJ9BxQBxJ4sl7xVXCzbv1XFW08Mchr4JStCio81Hzl77S8ycxPWmMvazeQtf-EOvmERzpbfaV_2'}
2026-03-23 20:24:06 [DEBUG] __main__ — [transport] batch flush  frames=1  total=1868B
2026-03-23 20:24:06 [DEBUG] __main__ — [transport] op88 fileId=2986902006 url=https://fd.oneme.ru/getfile?sig=zrDJ0G0syRw0WbQiqluRhYAnLBSnpqdOXNNmpymtJRpbbLzqCJyY3o74XDw4lunySFySEGDerfH0pu5ztci3YA&expires=1774380246210&clientType=6&id=2986902006&userId=240002558
2026-03-23 20:24:06 [DEBUG] __main__ — [transport] recv_file  fileId=2986902006  frames=1
2026-03-23 20:24:06 [DEBUG] __main__ — [transport] frame  action=ok  id=8d1130fd  size=0
2026-03-23 20:24:06 [DEBUG] __main__ — [8d1130fd] <- ok
2026-03-23 20:24:06 [INFO] __main__ — tunnel polkadot.js.org:443 [8d1130fd]  открыт за ~5579 мс
2026-03-23 20:24:06 [DEBUG] __main__ — [8d1130fd] -> #1  1757B  seq=0
2026-03-23 20:24:06 [DEBUG] __main__ — [transport] batch flush  frames=1  total=1820B
2026-03-23 20:24:06 [DEBUG] __main__ — [transport] op128 chat=1400511 sender=240876353 attaches=1
2026-03-23 20:24:06 [DEBUG] __main__ — [transport] attach full={'_type': 'FILE', 'name': 'data.bin', 'size': 3218, 'fileId': 2987492337, 'token': 'f9LHodD0cOIpYSgMk7NfC4KVOwVeZw315dfLtYhynQb-gXNm6_WXSADW-He5weCV02c-ZrtCzdTJ9-H_k0F4'}
2026-03-23 20:24:07 [DEBUG] __main__ — [transport] op88 fileId=2987492337 url=https://fd.oneme.ru/getfile?sig=pZQoBs4MQNDH12W1ezv-hz6e8auDJjUhF51274qDAJm7FZjLbSlbgQCMg2cy5xABkDXslwcEeQSEeo6A2bEe4Q&expires=1774380246979&clientType=6&id=2987492337&userId=240002558
2026-03-23 20:24:07 [DEBUG] __main__ — [transport] upload ok  fileId=2985174177  size=94
2026-03-23 20:24:07 [DEBUG] __main__ — [transport] recv_file  fileId=2987492337  frames=2
2026-03-23 20:24:07 [DEBUG] __main__ — [transport] frame  action=data  id=6913cb6f  size=3868
2026-03-23 20:24:07 [DEBUG] __main__ — [transport] frame  action=data  id=6913cb6f  size=264
2026-03-23 20:24:07 [DEBUG] __main__ — [6913cb6f] <- data #1  2900B  seq=0  (rx=2900B)
2026-03-23 20:24:07 [DEBUG] __main__ — [6913cb6f] <- data #2  196B  seq=1  (rx=3096B)
2026-03-23 20:24:07 [DEBUG] __main__ — [6913cb6f] -> #2  520B  seq=1
2026-03-23 20:24:07 [DEBUG] __main__ — [transport] batch flush  frames=1  total=583B
2026-03-23 20:24:08 [INFO] __main__ — SOCKS5 → api.rabby.io:443
2026-03-23 20:24:08 [INFO] __main__ — SOCKS5 → static.debank.com:443
2026-03-23 20:24:08 [DEBUG] __main__ — [transport] batch flush  frames=2  total=183B
2026-03-23 20:24:08 [DEBUG] __main__ — [transport] upload ok  fileId=2976604395  size=94
2026-03-23 20:24:08 [INFO] __main__ — SOCKS5 → static.debank.com:443
2026-03-23 20:24:08 [DEBUG] __main__ — [transport] batch flush  frames=1  total=96B
2026-03-23 20:24:09 [DEBUG] __main__ — [transport] upload ok  fileId=2987753832  size=187
2026-03-23 20:24:10 [DEBUG] __main__ — [transport] upload ok  fileId=2993110267  size=1868
2026-03-23 20:24:11 [DEBUG] __main__ — [transport] op128 chat=1400511 sender=240876353 attaches=1
2026-03-23 20:24:11 [DEBUG] __main__ — [transport] attach full={'_type': 'FILE', 'name': 'data.bin', 'size': 57, 'fileId': 2992084780, 'token': 'f9LHodD0cOII94QNkm--PneC9LOpCOYb4mLW_3xYkE2QiuzTJr2CU8-YjbSNT30LENVi0XPN2ZXHnfVw5Ha6'}
2026-03-23 20:24:11 [DEBUG] __main__ — [transport] op88 fileId=2992084780 url=https://fd.oneme.ru/getfile?sig=xp-NDBNLpDol2-f63qnKi4vV72Z8XqHV3OkIhWqo_j1FHm9vq3p6imwgXqPBJMfMNxDMuIVcz4XtGqjtgXUF0A&expires=1774380251382&clientType=6&id=2992084780&userId=240002558
2026-03-23 20:24:11 [DEBUG] __main__ — [transport] upload ok  fileId=2980697772  size=1820
2026-03-23 20:24:11 [DEBUG] __main__ — [transport] recv_file  fileId=2992084780  frames=1
2026-03-23 20:24:11 [DEBUG] __main__ — [transport] frame  action=closed  id=6913cb6f  size=0
2026-03-23 20:24:11 [DEBUG] __main__ — [6913cb6f] <- closed by server
2026-03-23 20:24:12 [DEBUG] __main__ — [transport] upload ok  fileId=2987156827  size=583
2026-03-23 20:24:13 [DEBUG] __main__ — [transport] upload ok  fileId=2986973027  size=183
2026-03-23 20:24:14 [DEBUG] __main__ — [transport] upload ok  fileId=2980651620  size=96
2026-03-23 20:24:15 [DEBUG] __main__ — [e34312bc] -> #3  702B  seq=2
2026-03-23 20:24:15 [DEBUG] __main__ — [transport] batch flush  frames=1  total=765B
2026-03-23 20:24:15 [DEBUG] __main__ — [transport] upload ok  fileId=2978378605  size=765
2026-03-23 20:24:16 [DEBUG] __main__ — [6913cb6f] -> #3  2112B  seq=2
2026-03-23 20:24:17 [DEBUG] __main__ — [transport] batch flush  frames=1  total=2175B
2026-03-23 20:24:17 [DEBUG] __main__ — [transport] upload ok  fileId=2993556247  size=2175
2026-03-23 20:24:20 [DEBUG] __main__ — [e34312bc] -> #4  35B  seq=3
2026-03-23 20:24:20 [DEBUG] __main__ — [transport] batch flush  frames=1  total=98B
2026-03-23 20:24:20 [DEBUG] __main__ — [transport] upload ok  fileId=2986903286  size=98
2026-03-23 20:24:20 [DEBUG] __main__ — [transport] op128 chat=1400511 sender=240876353 attaches=1
2026-03-23 20:24:20 [DEBUG] __main__ — [transport] attach full={'_type': 'FILE', 'name': 'data.bin', 'size': 57, 'fileId': 2991100490, 'token': 'f9LHodD0cOL0xk3KZEjb3Px0AiUTJ1-LUI4cyhBO_q2m37ZSss_HN595Na8Puef0E2PX0_MGtHweoutucHPC'}
2026-03-23 20:24:21 [DEBUG] __main__ — [transport] op88 fileId=2991100490 url=https://fd.oneme.ru/getfile?sig=ymSu9ZDwpvZqBRbWZwZjCiqVkmPpSHeQC53t_TExPtm1qdmyJa2OrzvIb9iXKMOfm2KChGDAij_T9ys3-pVO-A&expires=1774380260954&clientType=6&id=2991100490&userId=240002558
2026-03-23 20:24:21 [DEBUG] __main__ — [transport] recv_file  fileId=2991100490  frames=1
2026-03-23 20:24:21 [DEBUG] __main__ — [transport] frame  action=closed  id=8d1130fd  size=0
2026-03-23 20:24:21 [DEBUG] __main__ — [8d1130fd] <- closed by server
2026-03-23 20:24:22 [DEBUG] __main__ — [transport:client] keepalive sent
2026-03-23 20:24:25 [INFO] __main__ — SOCKS5 → ds4.probe.whatismyipaddress.com:443
2026-03-23 20:24:25 [INFO] __main__ — tunnel app.fusebox.fm:443 [c9f86000]  TIMEOUT
2026-03-23 20:24:25 [INFO] __main__ — SOCKS5 → app.fusebox.fm:443
2026-03-23 20:24:25 [DEBUG] __main__ — [transport] batch flush  frames=2  total=199B
2026-03-23 20:24:26 [DEBUG] __main__ — [transport] upload ok  fileId=2989422878  size=199
2026-03-23 20:24:28 [INFO] __main__ — tunnel api.rabby.io:443 [39d882fd]  TIMEOUT
2026-03-23 20:24:28 [INFO] __main__ — tunnel static.debank.com:443 [d4b899e2]  TIMEOUT
2026-03-23 20:24:28 [INFO] __main__ — SOCKS5 → api.rabby.io:443
2026-03-23 20:24:28 [INFO] __main__ — SOCKS5 → static.debank.com:443
2026-03-23 20:24:28 [DEBUG] __main__ — [transport] batch flush  frames=2  total=183B
2026-03-23 20:24:28 [INFO] __main__ — tunnel static.debank.com:443 [1ce2bf5b]  TIMEOUT
2026-03-23 20:24:28 [INFO] __main__ — SOCKS5 → static.debank.com:443
2026-03-23 20:24:28 [DEBUG] __main__ — [transport] batch flush  frames=1  total=96B
2026-03-23 20:24:29 [DEBUG] __main__ — [transport] upload ok  fileId=2984645149  size=183
2026-03-23 20:24:30 [DEBUG] __main__ — [transport] upload ok  fileId=2984866357  size=96
2026-03-23 20:24:30 [DEBUG] __main__ — [83fd9c95] local EOF
2026-03-23 20:24:30 [DEBUG] __main__ — [transport] batch flush  frames=1  total=56B
2026-03-23 20:24:31 [INFO] __main__ — DONE ds4.probe.whatismyipaddress.com:443 [83fd9c95] | ↑1805B/1f (0.1 КБ/с)  ↓0B/0f (0.0 КБ/с)  25.0s
2026-03-23 20:24:31 [DEBUG] __main__ — [8d1130fd] local EOF
2026-03-23 20:24:31 [INFO] __main__ — DONE polkadot.js.org:443 [8d1130fd] | ↑1757B/1f (0.1 КБ/с)  ↓0B/0f (0.0 КБ/с)  24.4s
2026-03-23 20:24:31 [DEBUG] __main__ — [transport] batch flush  frames=1  total=56B
2026-03-23 20:24:31 [DEBUG] __main__ — [transport] upload ok  fileId=2976008695  size=56
2026-03-23 20:24:32 [DEBUG] __main__ — [transport] upload ok  fileId=2989817186  size=56
2026-03-23 20:24:36 [DEBUG] __main__ — [6913cb6f] -> #4  35B  seq=3
2026-03-23 20:24:37 [DEBUG] __main__ — [transport] batch flush  frames=1  total=98B
2026-03-23 20:24:37 [DEBUG] __main__ — [transport] upload ok  fileId=2984867381  size=98
2026-03-23 20:24:45 [INFO] __main__ — tunnel ds4.probe.whatismyipaddress.com:443 [5d48bb70]  TIMEOUT
2026-03-23 20:24:45 [INFO] __main__ — SOCKS5 → ds4.probe.whatismyipaddress.com:443
2026-03-23 20:24:45 [INFO] __main__ — tunnel app.fusebox.fm:443 [3aa039a9]  TIMEOUT
2026-03-23 20:24:45 [INFO] __main__ — SOCKS5 → api.omappapi.com:443
2026-03-23 20:24:45 [DEBUG] __main__ — [transport] batch flush  frames=2  total=201B
2026-03-23 20:24:46 [DEBUG] __main__ — [transport] upload ok  fileId=2984533057  size=201
2026-03-23 20:24:46 [DEBUG] __main__ — [e34312bc] -> #5  170B  seq=4
2026-03-23 20:24:46 [DEBUG] __main__ — [transport] batch flush  frames=1  total=233B
2026-03-23 20:24:47 [DEBUG] __main__ — [transport:client] keepalive sent
2026-03-23 20:24:47 [DEBUG] __main__ — [transport] upload ok  fileId=2992857827  size=233
2026-03-23 20:24:47 [DEBUG] __main__ — [801ce295] -> #6  169B  seq=5
2026-03-23 20:24:47 [DEBUG] __main__ — [transport] batch flush  frames=1  total=232B
2026-03-23 20:24:48 [INFO] __main__ — tunnel api.rabby.io:443 [af81ec17]  TIMEOUT
2026-03-23 20:24:48 [INFO] __main__ — tunnel static.debank.com:443 [57340b16]  TIMEOUT
2026-03-23 20:24:48 [DEBUG] __main__ — [transport] upload ok  fileId=2988840906  size=232
2026-03-23 20:24:48 [INFO] __main__ — tunnel static.debank.com:443 [32f0f05f]  TIMEOUT
2026-03-23 20:24:51 [DEBUG] __main__ — [e34312bc] -> #6  35B  seq=5
2026-03-23 20:24:51 [DEBUG] __main__ — [transport] batch flush  frames=1  total=98B
2026-03-23 20:24:52 [DEBUG] __main__ — [transport] upload ok  fileId=2992729706  size=98
2026-03-23 20:24:56 [DEBUG] __main__ — [e34312bc] -> #7  51B  seq=6
2026-03-23 20:24:56 [DEBUG] __main__ — [e34312bc] local EOF
2026-03-23 20:24:56 [DEBUG] __main__ — [transport] batch flush  frames=2  total=166B
2026-03-23 20:24:56 [DEBUG] __main__ — [6913cb6f] -> #5  135B  seq=4
2026-03-23 20:24:57 [DEBUG] __main__ — [transport] batch flush  frames=1  total=198B
2026-03-23 20:24:57 [DEBUG] __main__ — [801ce295] -> #7  51B  seq=6
2026-03-23 20:24:57 [INFO] __main__ — SOCKS5 → whatismyipaddress.com:443
2026-03-23 20:24:57 [DEBUG] __main__ — [801ce295] local EOF
2026-03-23 20:24:57 [INFO] __main__ — DONE whatismyipaddress.com:443 [801ce295] | ↑3629B/7f (0.1 КБ/с)  ↓19482B/10f (0.3 КБ/с)  64.9s
2026-03-23 20:24:57 [DEBUG] __main__ — [transport] batch flush  frames=3  total=262B
2026-03-23 20:24:57 [INFO] __main__ — DONE eppo-proxy.phantom.app:443 [e34312bc] | ↑2821B/7f (0.0 КБ/с)  ↓3979B/3f (0.1 КБ/с)  63.2s
2026-03-23 20:24:57 [DEBUG] __main__ — [transport] upload ok  fileId=2991889141  size=166
2026-03-23 20:24:58 [DEBUG] __main__ — [transport] upload ok  fileId=2986620866  size=198
2026-03-23 20:24:59 [DEBUG] __main__ — [transport] upload ok  fileId=2990586315  size=262
2026-03-23 20:25:01 [DEBUG] __main__ — [transport] op128 chat=1400511 sender=240876353 attaches=1
2026-03-23 20:25:01 [DEBUG] __main__ — [transport] attach full={'_type': 'FILE', 'name': 'data.bin', 'size': 57, 'fileId': 2992463136, 'token': 'f9LHodD0cOJTtiffCTuAferxesld5cUS-r5GOoja4XfSOcbBobMgZJfTZb9SQH2qzwCPbP46DX1dQtIYbrwv'}
2026-03-23 20:25:01 [DEBUG] __main__ — [transport] op88 fileId=2992463136 url=https://fd.oneme.ru/getfile?sig=7mUTtxB0wEUzgwnkPWXcWeDP6RcLAyhWNr3Poz728Ev3YiTj_vZVGqDWxUiAEMSF6xDeOuhVXGgLuAQ4KadYcQ&expires=1774380301411&clientType=6&id=2992463136&userId=240002558
2026-03-23 20:25:01 [DEBUG] __main__ — [transport] recv_file  fileId=2992463136  frames=1
2026-03-23 20:25:01 [DEBUG] __main__ — [transport] frame  action=closed  id=122e2d45  size=0
2026-03-23 20:25:01 [DEBUG] __main__ — [122e2d45] <- closed by server
2026-03-23 20:25:01 [DEBUG] __main__ — [122e2d45] local read timeout
2026-03-23 20:25:01 [INFO] __main__ — DONE sanity-proxy-v2.phantom.app:443 [122e2d45] | ↑2746B/3f (0.0 КБ/с)  ↓6051B/4f (0.1 КБ/с)  68.2s
2026-03-23 20:25:01 [DEBUG] __main__ — [transport] batch flush  frames=1  total=56B
2026-03-23 20:25:02 [DEBUG] __main__ — [transport] op128 chat=1400511 sender=240876353 attaches=1
2026-03-23 20:25:02 [DEBUG] __main__ — [transport] attach full={'_type': 'FILE', 'name': 'data.bin', 'size': 57, 'fileId': 2993011062, 'token': 'f9LHodD0cOJ77eln6iNJikX38LlquXT5SHbG9zgHDUAKF6R_ZVg5NwFWfw4FvGr-ZdkNDZPJFV4vyz2J6tIP'}
2026-03-23 20:25:02 [DEBUG] __main__ — [transport] op88 fileId=2993011062 url=https://fd.oneme.ru/getfile?sig=-fK7Tn69SR0z6gGAOqDi_7kOWvZBKutoNNCr-aqkqnOgMaiQBtvH4we4FD-1WY7v6mQJ98Q81fS-Pzp7jDvgew&expires=1774380302147&clientType=6&id=2993011062&userId=240002558
2026-03-23 20:25:02 [DEBUG] __main__ — [transport] upload ok  fileId=2976034193  size=56
2026-03-23 20:25:02 [DEBUG] __main__ — [transport] recv_file  fileId=2993011062  frames=1
2026-03-23 20:25:02 [DEBUG] __main__ — [transport] frame  action=closed  id=e34312bc  size=0
2026-03-23 20:25:02 [DEBUG] __main__ — [e34312bc] <- closed by server
2026-03-23 20:25:03 [DEBUG] __main__ — [transport] op128 chat=1400511 sender=240876353 attaches=1
2026-03-23 20:25:03 [DEBUG] __main__ — [transport] attach full={'_type': 'FILE', 'name': 'data.bin', 'size': 57, 'fileId': 2991922970, 'token': 'f9LHodD0cOKNg1Fsn2TN74lg29xRR41Hi3_PshsNc6FyfVfeM7wuPIZ2k_IjiEpo1pKMHr2TlcHLezyNqtqC'}
2026-03-23 20:25:03 [DEBUG] __main__ — [transport] op88 fileId=2991922970 url=https://fd.oneme.ru/getfile?sig=E2YmLMaFluccofCb8982KDziz68NshbkDIKRgibXb_mTuT4gXwDSkFNkkK_NlXXbaxwjcLk7MNIA4sGHkvj2oA&expires=1774380303088&clientType=6&id=2991922970&userId=240002558
2026-03-23 20:25:03 [DEBUG] __main__ — [ef1871a3] local read timeout
2026-03-23 20:25:03 [DEBUG] __main__ — [transport] batch flush  frames=1  total=56B
2026-03-23 20:25:03 [INFO] __main__ — DONE blowfish-blocklist-proxy.phantom.app:443 [ef1871a3] | ↑2855B/3f (0.0 КБ/с)  ↓4688B/4f (0.1 КБ/с)  67.8s
2026-03-23 20:25:03 [DEBUG] __main__ — [transport] recv_file  fileId=2991922970  frames=1
2026-03-23 20:25:03 [DEBUG] __main__ — [transport] frame  action=closed  id=ef1871a3  size=0
2026-03-23 20:25:03 [DEBUG] __main__ — [ef1871a3] <- closed by server
2026-03-23 20:25:04 [DEBUG] __main__ — [transport] upload ok  fileId=2988372194  size=56
2026-03-23 20:25:04 [DEBUG] __main__ — [transport] op128 chat=1400511 sender=240876353 attaches=1
2026-03-23 20:25:04 [DEBUG] __main__ — [transport] attach full={'_type': 'FILE', 'name': 'data.bin', 'size': 57, 'fileId': 2989654403, 'token': 'f9LHodD0cOKdJj_NsdmB2UR0GStlzJnlQvgFw2NHUrurCFiFeEpuIkBgcVOb-3WSQCvTT9TJIosx96-RLmy0'}
2026-03-23 20:25:05 [DEBUG] __main__ — [transport] op88 fileId=2989654403 url=https://fd.oneme.ru/getfile?sig=uwFuVCyqIC6WM97h3E24st3oFlPJf3pKN30imi3lSWFOKHR-PVwRraKbD8IVcTAmh9rV1vgPiac2ezxFJ4VLdA&expires=1774380304996&clientType=6&id=2989654403&userId=240002558
2026-03-23 20:25:05 [INFO] __main__ — tunnel ds4.probe.whatismyipaddress.com:443 [57faae23]  TIMEOUT
2026-03-23 20:25:05 [INFO] __main__ — tunnel api.omappapi.com:443 [dd1a520b]  TIMEOUT
2026-03-23 20:25:05 [INFO] __main__ — SOCKS5 → api.omappapi.com:443
2026-03-23 20:25:05 [DEBUG] __main__ — [transport] batch flush  frames=1  total=95B
2026-03-23 20:25:05 [INFO] __main__ — SOCKS5 → api.suiet.app:443
2026-03-23 20:25:05 [DEBUG] __main__ — [transport] op128 chat=1400511 sender=240876353 attaches=1
2026-03-23 20:25:05 [DEBUG] __main__ — [transport] attach full={'_type': 'FILE', 'name': 'data.bin', 'size': 57, 'fileId': 2987797245, 'token': 'f9LHodD0cOIz0bDOkeljMPSGqxlv7PU-Q0n_bnfQizHkNokwWMhNm1i7For9O7785XldPiqJnNu7KMbH6ZkN'}
2026-03-23 20:25:05 [DEBUG] __main__ — [transport] batch flush  frames=1  total=92B
2026-03-23 20:25:05 [DEBUG] __main__ — [transport] recv_file  fileId=2989654403  frames=1
2026-03-23 20:25:05 [DEBUG] __main__ — [transport] frame  action=closed  id=801ce295  size=0
2026-03-23 20:25:05 [DEBUG] __main__ — [801ce295] <- closed by server
2026-03-23 20:25:05 [DEBUG] __main__ — [transport] op88 fileId=2987797245 url=https://fd.oneme.ru/getfile?sig=zgC5ZdFQ_ssfvMQedIm23jMYKIl-2PWiHfuXFytsAdxS3sGGp2bSsL9OZpLev56EcKoZJshjRIrgqBN7JppIqg&expires=1774380305607&clientType=6&id=2987797245&userId=240002558
2026-03-23 20:25:05 [DEBUG] __main__ — [transport] upload ok  fileId=2980561797  size=95
2026-03-23 20:25:06 [DEBUG] __main__ — [transport] recv_file  fileId=2987797245  frames=1
2026-03-23 20:25:06 [DEBUG] __main__ — [transport] frame  action=closed  id=83fd9c95  size=0
2026-03-23 20:25:06 [DEBUG] __main__ — [83fd9c95] <- closed by server
2026-03-23 20:25:06 [DEBUG] __main__ — [transport] upload ok  fileId=2990587595  size=92
2026-03-23 20:25:06 [DEBUG] __main__ — [6913cb6f] -> #6  51B  seq=5
2026-03-23 20:25:06 [INFO] __main__ — SOCKS5 → api.github.com:443
2026-03-23 20:25:06 [DEBUG] __main__ — [6913cb6f] local EOF
2026-03-23 20:25:06 [INFO] __main__ — DONE api.github.com:443 [6913cb6f] | ↑4688B/6f (0.1 КБ/с)  ↓3096B/2f (0.0 КБ/с)  65.7s
2026-03-23 20:25:07 [DEBUG] __main__ — [transport] batch flush  frames=3  total=255B
2026-03-23 20:25:08 [DEBUG] __main__ — [transport] upload ok  fileId=2986976867  size=255
2026-03-23 20:25:12 [DEBUG] __main__ — [transport:client] keepalive sent
2026-03-23 20:25:15 [INFO] __main__ — SOCKS5 → eppo-proxy.phantom.app:443
2026-03-23 20:25:15 [DEBUG] __main__ — [transport] batch flush  frames=1  total=101B
2026-03-23 20:25:16 [DEBUG] __main__ — [transport] upload ok  fileId=2993606554  size=101
2026-03-23 20:25:16 [INFO] __main__ — SOCKS5 → api.github.com:443
2026-03-23 20:25:17 [DEBUG] __main__ — [transport] batch flush  frames=1  total=93B
2026-03-23 20:25:17 [INFO] __main__ — tunnel whatismyipaddress.com:443 [bbbb1161]  TIMEOUT
2026-03-23 20:25:17 [INFO] __main__ — SOCKS5 → whatismyipaddress.com:443
2026-03-23 20:25:17 [DEBUG] __main__ — [transport] batch flush  frames=1  total=100B
2026-03-23 20:25:17 [DEBUG] __main__ — [transport] upload ok  fileId=2991333237  size=93
2026-03-23 20:25:18 [DEBUG] __main__ — [transport] upload ok  fileId=2988932346  size=100
2026-03-23 20:25:24 [INFO] __main__ — SOCKS5 → safebrowsing.brave.com:443
2026-03-23 20:25:25 [DEBUG] __main__ — [transport] batch flush  frames=1  total=101B
2026-03-23 20:25:25 [INFO] __main__ — tunnel api.omappapi.com:443 [1a444205]  TIMEOUT
2026-03-23 20:25:25 [INFO] __main__ — tunnel api.suiet.app:443 [cbfb8d92]  TIMEOUT
2026-03-23 20:25:25 [INFO] __main__ — SOCKS5 → api.suiet.app:443
2026-03-23 20:25:25 [DEBUG] __main__ — [transport] batch flush  frames=1  total=92B
2026-03-23 20:25:25 [DEBUG] __main__ — [transport] upload ok  fileId=2985986486  size=101
2026-03-23 20:25:26 [DEBUG] __main__ — [transport] upload ok  fileId=2990926783  size=92
2026-03-23 20:25:26 [INFO] __main__ — tunnel api.github.com:443 [9d0f4da9]  TIMEOUT
2026-03-23 20:25:26 [INFO] __main__ — SOCKS5 → api.github.com:443
2026-03-23 20:25:27 [DEBUG] __main__ — [transport] batch flush  frames=1  total=93B
2026-03-23 20:25:27 [DEBUG] __main__ — [transport] upload ok  fileId=2990384027  size=93
2026-03-23 20:25:35 [INFO] __main__ — tunnel eppo-proxy.phantom.app:443 [ce3d8c02]  TIMEOUT
2026-03-23 20:25:35 [INFO] __main__ — SOCKS5 → eppo-proxy.phantom.app:443
2026-03-23 20:25:35 [DEBUG] __main__ — [transport] batch flush  frames=1  total=101B
2026-03-23 20:25:36 [DEBUG] __main__ — [transport] upload ok  fileId=2988250304  size=101
2026-03-23 20:25:36 [INFO] __main__ — tunnel api.github.com:443 [c97614b6]  TIMEOUT
2026-03-23 20:25:36 [INFO] __main__ — SOCKS5 → api.github.com:443
2026-03-23 20:25:37 [DEBUG] __main__ — [transport] batch flush  frames=1  total=93B
2026-03-23 20:25:37 [DEBUG] __main__ — [transport:client] keepalive sent
2026-03-23 20:25:37 [INFO] __main__ — tunnel whatismyipaddress.com:443 [9ab1b93c]  TIMEOUT
2026-03-23 20:25:37 [DEBUG] __main__ — [transport] upload ok  fileId=2989551257  size=93
2026-03-23 20:25:44 [INFO] __main__ — tunnel safebrowsing.brave.com:443 [bb456814]  TIMEOUT
2026-03-23 20:25:44 [INFO] __main__ — SOCKS5 → safebrowsing.brave.com:443
2026-03-23 20:25:45 [DEBUG] __main__ — [transport] batch flush  frames=1  total=101B
2026-03-23 20:25:45 [INFO] __main__ — tunnel api.suiet.app:443 [c8463534]  TIMEOUT
2026-03-23 20:25:45 [DEBUG] __main__ — [transport] upload ok  fileId=2986462426  size=101
2026-03-23 20:25:46 [INFO] __main__ — tunnel api.github.com:443 [43fccd14]  TIMEOUT
2026-03-23 20:25:55 [INFO] __main__ — tunnel eppo-proxy.phantom.app:443 [c899e1d8]  TIMEOUT
2026-03-23 20:25:56 [INFO] __main__ — SOCKS5 → api.github.com:443
2026-03-23 20:25:56 [INFO] __main__ — tunnel api.github.com:443 [6eb7f685]  TIMEOUT
2026-03-23 20:25:56 [INFO] __main__ — SOCKS5 → api.github.com:443
2026-03-23 20:25:57 [DEBUG] __main__ — [transport] batch flush  frames=2  total=182B
2026-03-23 20:25:57 [DEBUG] __main__ — [transport] upload ok  fileId=2985849520  size=182
2026-03-23 20:26:01 [INFO] __main__ — SOCKS5 → api.gitkraken.com:443
2026-03-23 20:26:01 [DEBUG] __main__ — [transport] batch flush  frames=1  total=96B
2026-03-23 20:26:01 [DEBUG] __main__ — [transport] upload ok  fileId=2992028334  size=96
2026-03-23 20:26:02 [DEBUG] __main__ — [transport:client] keepalive sent
2026-03-23 20:26:04 [INFO] __main__ — tunnel safebrowsing.brave.com:443 [00e5dca7]  TIMEOUT
2026-03-23 20:26:16 [INFO] __main__ — tunnel api.github.com:443 [a118b44e]  TIMEOUT
2026-03-23 20:26:16 [INFO] __main__ — tunnel api.github.com:443 [3218d591]  TIMEOUT
2026-03-23 20:26:16 [INFO] __main__ — SOCKS5 → api.github.com:443
2026-03-23 20:26:16 [INFO] __main__ — SOCKS5 → api.github.com:443
2026-03-23 20:26:17 [DEBUG] __main__ — [transport] batch flush  frames=2  total=182B
2026-03-23 20:26:17 [DEBUG] __main__ — [transport] upload ok  fileId=2990539489  size=182
2026-03-23 20:26:21 [INFO] __main__ — tunnel api.gitkraken.com:443 [f95e3525]  TIMEOUT
2026-03-23 20:26:21 [INFO] __main__ — SOCKS5 → api.gitkraken.com:443
2026-03-23 20:26:21 [INFO] __main__ — SOCKS5 → a.nel.cloudflare.com:443
2026-03-23 20:26:21 [DEBUG] __main__ — [transport] batch flush  frames=2  total=191B
2026-03-23 20:26:21 [DEBUG] __main__ — [transport] upload ok  fileId=2984455634  size=191
2026-03-23 20:26:27 [DEBUG] __main__ — [transport:client] keepalive sent
2026-03-23 20:26:36 [INFO] __main__ — tunnel api.github.com:443 [cce61d11]  TIMEOUT
2026-03-23 20:26:36 [INFO] __main__ — tunnel api.github.com:443 [dddd2f1e]  TIMEOUT
2026-03-23 20:26:41 [INFO] __main__ — tunnel api.gitkraken.com:443 [7056e9d9]  TIMEOUT
2026-03-23 20:26:41 [INFO] __main__ — tunnel a.nel.cloudflare.com:443 [a5e43e1a]  TIMEOUT
2026-03-23 20:26:41 [INFO] __main__ — SOCKS5 → a.nel.cloudflare.com:443
2026-03-23 20:26:41 [DEBUG] __main__ — [transport] batch flush  frames=1  total=99B
2026-03-23 20:26:41 [DEBUG] __main__ — [transport] upload ok  fileId=2976015351  size=99
2026-03-23 20:26:52 [DEBUG] __main__ — [transport:client] keepalive sent
2026-03-23 20:26:56 [INFO] __main__ — SOCKS5 → api.github.com:443
2026-03-23 20:26:57 [DEBUG] __main__ — [transport] batch flush  frames=1  total=93B
2026-03-23 20:26:57 [DEBUG] __main__ — [transport] upload ok  fileId=2992795925  size=93
2026-03-23 20:27:01 [INFO] __main__ — tunnel a.nel.cloudflare.com:443 [449252a7]  TIMEOUT
2026-03-23 20:27:16 [INFO] __main__ — SOCKS5 → api.github.com:443
2026-03-23 20:27:16 [INFO] __main__ — tunnel api.github.com:443 [751b8d8d]  TIMEOUT
2026-03-23 20:27:16 [INFO] __main__ — SOCKS5 → api.github.com:443
2026-03-23 20:27:17 [DEBUG] __main__ — [transport] batch flush  frames=2  total=182B
2026-03-23 20:27:17 [DEBUG] __main__ — [transport:client] keepalive sent
2026-03-23 20:27:17 [DEBUG] __main__ — [transport] upload ok  fileId=2986302003  size=182
2026-03-23 20:27:36 [INFO] __main__ — tunnel api.github.com:443 [01ee433f]  TIMEOUT
2026-03-23 20:27:36 [INFO] __main__ — tunnel api.github.com:443 [a46bb66f]  TIMEOUT
2026-03-23 20:27:36 [INFO] __main__ — SOCKS5 → api.github.com:443
2026-03-23 20:27:37 [DEBUG] __main__ — [transport] batch flush  frames=1  total=93B
2026-03-23 20:27:37 [DEBUG] __main__ — [transport] upload ok  fileId=2987107478  size=93
2026-03-23 20:27:42 [DEBUG] __main__ — [transport:client] keepalive sent
2026-03-23 20:27:56 [INFO] __main__ — tunnel api.github.com:443 [09cef948]  TIMEOUT
2026-03-23 20:27:56 [INFO] __main__ — SOCKS5 → api.github.com:443
2026-03-23 20:27:56 [INFO] __main__ — SOCKS5 → api.github.com:443
2026-03-23 20:27:57 [DEBUG] __main__ — [transport] batch flush  frames=2  total=182B
2026-03-23 20:27:57 [DEBUG] __main__ — [transport] upload ok  fileId=2981303178  size=182
2026-03-23 20:28:07 [DEBUG] __main__ — [transport:client] keepalive sent
2026-03-23 20:28:17 [INFO] __main__ — tunnel api.github.com:443 [7e0ab13f]  TIMEOUT
2026-03-23 20:28:17 [INFO] __main__ — tunnel api.github.com:443 [74a56733]  TIMEOUT
2026-03-23 20:28:17 [INFO] __main__ — SOCKS5 → api.github.com:443
2026-03-23 20:28:17 [INFO] __main__ — SOCKS5 → api.github.com:443
2026-03-23 20:28:17 [DEBUG] __main__ — [transport] batch flush  frames=2  total=182B
2026-03-23 20:28:17 [DEBUG] __main__ — [transport] upload ok  fileId=2985994934  size=182
2026-03-23 20:28:21 [INFO] __main__ — SOCKS5 → a.nel.cloudflare.com:443
2026-03-23 20:28:21 [DEBUG] __main__ — [transport] batch flush  frames=1  total=99B
2026-03-23 20:28:21 [DEBUG] __main__ — [transport] upload ok  fileId=2976042641  size=99
2026-03-23 20:28:32 [DEBUG] __main__ — [transport:client] keepalive sent
2026-03-23 20:28:37 [INFO] __main__ — tunnel api.github.com:443 [33ce064f]  TIMEOUT
2026-03-23 20:28:37 [INFO] __main__ — tunnel api.github.com:443 [d2a90f42]  TIMEOUT
2026-03-23 20:28:41 [INFO] __main__ — tunnel a.nel.cloudflare.com:443 [2c69d9e6]  TIMEOUT
2026-03-23 20:28:41 [INFO] __main__ — SOCKS5 → a.nel.cloudflare.com:443
2026-03-23 20:28:41 [DEBUG] __main__ — [transport] batch flush  frames=1  total=99B
2026-03-23 20:28:41 [DEBUG] __main__ — [transport] upload ok  fileId=2985031608  size=99
2026-03-23 20:28:56 [INFO] __main__ — SOCKS5 → api.github.com:443
2026-03-23 20:28:57 [DEBUG] __main__ — [transport] batch flush  frames=1  total=93B
2026-03-23 20:28:57 [DEBUG] __main__ — [transport:client] keepalive sent
2026-03-23 20:28:57 [DEBUG] __main__ — [transport] upload ok  fileId=2990550765  size=93
2026-03-23 20:29:01 [INFO] __main__ — tunnel a.nel.cloudflare.com:443 [3c777171]  TIMEOUT
