2026-03-25 19:17:11 [DEBUG] __main__ — [tun] ip link set tun0 up mtu 1400: OK
2026-03-25 19:17:11 [DEBUG] __main__ — [tun] ip addr add 10.0.1.1/30 dev tun0: OK
2026-03-25 19:17:12 [INFO] __main__ — Авторизован [client:acc1], chatId=0
2026-03-25 19:17:12 [INFO] __main__ — Авторизован [client:acc2], chatId=0
2026-03-25 19:17:13 [DEBUG] __main__ — [tun] → 1 pkts  raw=266B  packed=267B
2026-03-25 19:17:13 [INFO] __main__ — BATCH TUN→  pkts=1  0КБ  packed=0КБ
2026-03-25 19:17:13 [DEBUG] __main__ — [transport:acc2] recv_file fileId=2997545617 size=54
2026-03-25 19:17:13 [DEBUG] __main__ — [tun] ← 1 pkts  raw=54B
2026-03-25 19:17:13 [INFO] __main__ — BATCH TUN←  pkts=1  0КБ
2026-03-25 19:17:13 [DEBUG] __main__ — [transport:acc2] jpeg-wrap raw=267 jpeg=913
2026-03-25 19:17:13 [DEBUG] __main__ — [transport:acc2] upload ok fileId=3010167512 size=267
2026-03-25 19:17:14 [DEBUG] __main__ — [tun] → 1 pkts  raw=158B  packed=159B
2026-03-25 19:17:14 [INFO] __main__ — BATCH TUN→  pkts=1  0КБ  packed=0КБ
2026-03-25 19:17:14 [DEBUG] __main__ — [transport:acc1] jpeg-wrap raw=159 jpeg=805
2026-03-25 19:17:15 [DEBUG] __main__ — [transport:acc1] upload ok fileId=3008556073 size=159
2026-03-25 19:17:15 [DEBUG] __main__ — [transport:acc2] recv_file fileId=3006611302 size=316
2026-03-25 19:17:15 [DEBUG] __main__ — [tun] ← 2 pkts  raw=316B
2026-03-25 19:17:15 [INFO] __main__ — BATCH TUN←  pkts=2  0КБ
2026-03-25 19:17:16 [DEBUG] __main__ — [tun] → 1 pkts  raw=130B  packed=131B
2026-03-25 19:17:16 [INFO] __main__ — BATCH TUN→  pkts=1  0КБ  packed=0КБ
2026-03-25 19:17:17 [DEBUG] __main__ — [transport:acc2] jpeg-wrap raw=131 jpeg=777
2026-03-25 19:17:17 [DEBUG] __main__ — [transport:acc2] upload ok fileId=3004889568 size=131
2026-03-25 19:17:17 [DEBUG] __main__ — [transport:acc2] recv_file fileId=3014717929 size=58
2026-03-25 19:17:17 [DEBUG] __main__ — [tun] ← 1 pkts  raw=58B
2026-03-25 19:17:17 [INFO] __main__ — BATCH TUN←  pkts=1  0КБ
2026-03-25 19:17:19 [DEBUG] __main__ — [transport:acc2] recv_file fileId=3007174425 size=218
2026-03-25 19:17:19 [DEBUG] __main__ — [tun] ← 1 pkts  raw=218B
2026-03-25 19:17:19 [INFO] __main__ — BATCH TUN←  pkts=1  0КБ
2026-03-25 19:17:20 [DEBUG] __main__ — [tun] → 4 pkts  raw=2128B  packed=2105B
2026-03-25 19:17:20 [INFO] __main__ — BATCH TUN→  pkts=4  2КБ  packed=2КБ
2026-03-25 19:17:20 [DEBUG] __main__ — [transport:acc1] jpeg-wrap raw=2105 jpeg=2751
2026-03-25 19:17:20 [DEBUG] __main__ — [transport:acc1] upload ok fileId=3000479852 size=2105
2026-03-25 19:17:22 [DEBUG] __main__ — [transport:acc2] recv_file fileId=3001546912 size=7248
2026-03-25 19:17:22 [DEBUG] __main__ — [tun] ← 8 pkts  raw=7248B
2026-03-25 19:17:22 [INFO] __main__ — BATCH TUN←  pkts=8  7КБ
2026-03-25 19:17:23 [DEBUG] __main__ — [tun] → 4 pkts  raw=256B  packed=168B
2026-03-25 19:17:23 [INFO] __main__ — BATCH TUN→  pkts=4  0КБ  packed=0КБ
2026-03-25 19:17:24 [DEBUG] __main__ — [transport:acc2] jpeg-wrap raw=168 jpeg=814
2026-03-25 19:17:24 [DEBUG] __main__ — [transport:acc2] upload ok fileId=2999060288 size=168
2026-03-25 19:17:26 [DEBUG] __main__ — [transport:acc2] recv_file fileId=3008232583 size=1094
2026-03-25 19:17:26 [DEBUG] __main__ — [tun] ← 1 pkts  raw=1094B
2026-03-25 19:17:26 [INFO] __main__ — BATCH TUN←  pkts=1  1КБ
2026-03-25 19:17:27 [DEBUG] __main__ — [tun] → 5 pkts  raw=1150B  packed=1089B
2026-03-25 19:17:27 [INFO] __main__ — BATCH TUN→  pkts=5  1КБ  packed=1КБ
2026-03-25 19:17:27 [DEBUG] __main__ — [transport:acc1] jpeg-wrap raw=1089 jpeg=1735
2026-03-25 19:17:27 [DEBUG] __main__ — [transport:acc1] upload ok fileId=3006230748 size=1089
2026-03-25 19:17:28 [DEBUG] __main__ — [transport:acc2] recv_file fileId=3004513426 size=252
2026-03-25 19:17:28 [DEBUG] __main__ — [tun] ← 4 pkts  raw=252B
2026-03-25 19:17:28 [INFO] __main__ — BATCH TUN←  pkts=4  0КБ
2026-03-25 19:17:29 [DEBUG] __main__ — [tun] → 4 pkts  raw=192B  packed=120B
2026-03-25 19:17:29 [INFO] __main__ — BATCH TUN→  pkts=4  0КБ  packed=0КБ
2026-03-25 19:17:29 [DEBUG] __main__ — [transport:acc2] jpeg-wrap raw=120 jpeg=766
2026-03-25 19:17:29 [DEBUG] __main__ — [transport:acc2] upload ok fileId=3014019246 size=120
2026-03-25 19:17:30 [DEBUG] __main__ — [tun] → 1 pkts  raw=66B  packed=67B
2026-03-25 19:17:30 [INFO] __main__ — BATCH TUN→  pkts=1  0КБ  packed=0КБ
2026-03-25 19:17:30 [DEBUG] __main__ — [transport:acc1] jpeg-wrap raw=67 jpeg=713
2026-03-25 19:17:30 [DEBUG] __main__ — [transport:acc1] upload ok fileId=3014846093 size=67
2026-03-25 19:17:31 [DEBUG] __main__ — [tun] → 1 pkts  raw=66B  packed=67B
2026-03-25 19:17:31 [INFO] __main__ — BATCH TUN→  pkts=1  0КБ  packed=0КБ
2026-03-25 19:17:31 [DEBUG] __main__ — [transport:acc2] jpeg-wrap raw=67 jpeg=713
2026-03-25 19:17:31 [DEBUG] __main__ — [transport:acc2] recv_file fileId=3014931633 size=66
2026-03-25 19:17:31 [DEBUG] __main__ — [tun] ← 1 pkts  raw=66B
2026-03-25 19:17:31 [INFO] __main__ — BATCH TUN←  pkts=1  0КБ
2026-03-25 19:17:31 [DEBUG] __main__ — [transport:acc2] upload ok fileId=3008661909 size=67
2026-03-25 19:17:32 [DEBUG] __main__ — [tun] → 3 pkts  raw=216B  packed=163B
2026-03-25 19:17:32 [INFO] __main__ — BATCH TUN→  pkts=3  0КБ  packed=0КБ
2026-03-25 19:17:32 [DEBUG] __main__ — [transport:acc1] jpeg-wrap raw=163 jpeg=809
2026-03-25 19:17:32 [DEBUG] __main__ — [transport:acc1] upload ok fileId=3008995734 size=163
2026-03-25 19:17:33 [DEBUG] __main__ — [transport:acc2] recv_file fileId=3011930654 size=128
2026-03-25 19:17:33 [DEBUG] __main__ — [tun] ← 2 pkts  raw=128B
2026-03-25 19:17:33 [INFO] __main__ — BATCH TUN←  pkts=2  0КБ
2026-03-25 19:17:34 [DEBUG] __main__ — [tun] → 1 pkts  raw=58B  packed=59B
2026-03-25 19:17:34 [INFO] __main__ — BATCH TUN→  pkts=1  0КБ  packed=0КБ
2026-03-25 19:17:34 [DEBUG] __main__ — [transport:acc2] jpeg-wrap raw=59 jpeg=705
2026-03-25 19:17:34 [DEBUG] __main__ — [transport:acc2] upload ok fileId=3012372123 size=59
2026-03-25 19:17:34 [DEBUG] __main__ — [transport:acc2] recv_file fileId=3003203979 size=279
2026-03-25 19:17:34 [DEBUG] __main__ — [tun] ← 4 pkts  raw=279B
2026-03-25 19:17:34 [INFO] __main__ — BATCH TUN←  pkts=4  0КБ
2026-03-25 19:17:35 [DEBUG] __main__ — [tun] → 4 pkts  raw=1756B  packed=568B
2026-03-25 19:17:35 [INFO] __main__ — BATCH TUN→  pkts=4  1КБ  packed=0КБ
2026-03-25 19:17:35 [DEBUG] __main__ — [transport:acc1] jpeg-wrap raw=568 jpeg=1214
2026-03-25 19:17:36 [DEBUG] __main__ — [transport:acc1] upload ok fileId=3013327174 size=568
2026-03-25 19:17:38 [DEBUG] __main__ — [transport:acc2] recv_file fileId=3006573482 size=1232
2026-03-25 19:17:38 [DEBUG] __main__ — [tun] ← 2 pkts  raw=1232B
2026-03-25 19:17:38 [INFO] __main__ — BATCH TUN←  pkts=2  1КБ
2026-03-25 19:17:39 [DEBUG] __main__ — [tun] → 1 pkts  raw=106B  packed=107B
2026-03-25 19:17:39 [INFO] __main__ — BATCH TUN→  pkts=1  0КБ  packed=0КБ
2026-03-25 19:17:39 [DEBUG] __main__ — [transport:acc2] jpeg-wrap raw=107 jpeg=753
2026-03-25 19:17:39 [DEBUG] __main__ — [transport:acc2] upload ok fileId=3007967219 size=107
2026-03-25 19:17:41 [DEBUG] __main__ — [transport:acc2] recv_file fileId=3008198695 size=550
2026-03-25 19:17:41 [DEBUG] __main__ — [tun] ← 1 pkts  raw=550B
2026-03-25 19:17:41 [INFO] __main__ — BATCH TUN←  pkts=1  0КБ
2026-03-25 19:17:42 [DEBUG] __main__ — [tun] → 1 pkts  raw=74B  packed=75B
2026-03-25 19:17:42 [INFO] __main__ — BATCH TUN→  pkts=1  0КБ  packed=0КБ
2026-03-25 19:17:42 [DEBUG] __main__ — [transport:acc1] jpeg-wrap raw=75 jpeg=721
2026-03-25 19:17:42 [DEBUG] __main__ — [transport:acc1] upload ok fileId=3012742055 size=75
2026-03-25 19:17:44 [DEBUG] __main__ — [transport:acc2] recv_file fileId=3017075293 size=58
2026-03-25 19:17:44 [DEBUG] __main__ — [tun] ← 1 pkts  raw=58B
2026-03-25 19:17:44 [INFO] __main__ — BATCH TUN←  pkts=1  0КБ
2026-03-25 19:17:45 [DEBUG] __main__ — [tun] → 1 pkts  raw=102B  packed=103B
2026-03-25 19:17:45 [INFO] __main__ — BATCH TUN→  pkts=1  0КБ  packed=0КБ
2026-03-25 19:17:46 [DEBUG] __main__ — [transport:acc2] jpeg-wrap raw=103 jpeg=749
2026-03-25 19:17:46 [DEBUG] __main__ — [transport:acc2] upload ok fileId=3010218953 size=103
2026-03-25 19:17:48 [DEBUG] __main__ — [transport:acc2] recv_file fileId=3007105343 size=156
2026-03-25 19:17:48 [DEBUG] __main__ — [tun] ← 2 pkts  raw=156B
2026-03-25 19:17:48 [INFO] __main__ — BATCH TUN←  pkts=2  0КБ
2026-03-25 19:17:49 [DEBUG] __main__ — [tun] → 1 pkts  raw=118B  packed=119B
2026-03-25 19:17:49 [INFO] __main__ — BATCH TUN→  pkts=1  0КБ  packed=0КБ
2026-03-25 19:17:49 [DEBUG] __main__ — [transport:acc1] jpeg-wrap raw=119 jpeg=765
2026-03-25 19:17:49 [DEBUG] __main__ — [transport:acc1] upload ok fileId=3006609535 size=119
2026-03-25 19:17:51 [DEBUG] __main__ — [transport:acc2] recv_file fileId=3019278094 size=102
2026-03-25 19:17:51 [DEBUG] __main__ — [tun] ← 1 pkts  raw=102B
2026-03-25 19:17:51 [INFO] __main__ — BATCH TUN←  pkts=1  0КБ
2026-03-25 19:17:52 [DEBUG] __main__ — [tun] → 1 pkts  raw=198B  packed=199B
2026-03-25 19:17:52 [INFO] __main__ — BATCH TUN→  pkts=1  0КБ  packed=0КБ
2026-03-25 19:17:52 [DEBUG] __main__ — [transport:acc2] jpeg-wrap raw=199 jpeg=845
2026-03-25 19:17:52 [DEBUG] __main__ — [transport:acc2] upload ok fileId=3012743079 size=199
2026-03-25 19:17:54 [DEBUG] __main__ — [transport:acc2] recv_file fileId=3011669657 size=158
2026-03-25 19:17:54 [DEBUG] __main__ — [tun] ← 1 pkts  raw=158B
2026-03-25 19:17:54 [INFO] __main__ — BATCH TUN←  pkts=1  0КБ
2026-03-25 19:17:55 [DEBUG] __main__ — [tun] → 1 pkts  raw=366B  packed=367B
2026-03-25 19:17:55 [INFO] __main__ — BATCH TUN→  pkts=1  0КБ  packed=0КБ
2026-03-25 19:17:56 [DEBUG] __main__ — [transport:acc1] jpeg-wrap raw=367 jpeg=1013
2026-03-25 19:17:56 [DEBUG] __main__ — [transport:acc1] upload ok fileId=3013892921 size=367
2026-03-25 19:17:58 [DEBUG] __main__ — [transport:acc2] recv_file fileId=2997549969 size=136
2026-03-25 19:17:58 [DEBUG] __main__ — [tun] ← 2 pkts  raw=136B
2026-03-25 19:17:58 [INFO] __main__ — BATCH TUN←  pkts=2  0КБ
2026-03-25 19:17:59 [DEBUG] __main__ — [tun] → 3 pkts  raw=434B  packed=397B
2026-03-25 19:17:59 [INFO] __main__ — BATCH TUN→  pkts=3  0КБ  packed=0КБ
2026-03-25 19:17:59 [DEBUG] __main__ — [transport:acc2] jpeg-wrap raw=397 jpeg=1043
2026-03-25 19:17:59 [DEBUG] __main__ — [transport:acc2] upload ok fileId=3013282850 size=397
2026-03-25 19:18:01 [DEBUG] __main__ — [transport:acc2] recv_file fileId=3010158310 size=1020
2026-03-25 19:18:01 [DEBUG] __main__ — [tun] ← 2 pkts  raw=1020B
2026-03-25 19:18:01 [INFO] __main__ — BATCH TUN←  pkts=2  0КБ
2026-03-25 19:18:02 [DEBUG] __main__ — [tun] → 1 pkts  raw=58B  packed=59B
2026-03-25 19:18:02 [INFO] __main__ — BATCH TUN→  pkts=1  0КБ  packed=0КБ
2026-03-25 19:18:02 [DEBUG] __main__ — [transport:acc1] jpeg-wrap raw=59 jpeg=705
2026-03-25 19:18:02 [DEBUG] __main__ — [transport:acc1] upload ok fileId=3000878736 size=59
2026-03-25 19:18:04 [DEBUG] __main__ — [transport:acc2] recv_file fileId=3014850445 size=146
2026-03-25 19:18:04 [DEBUG] __main__ — [tun] ← 1 pkts  raw=146B
2026-03-25 19:18:04 [INFO] __main__ — BATCH TUN←  pkts=1  0КБ
2026-03-25 19:18:05 [DEBUG] __main__ — [tun] → 5 pkts  raw=4354B  packed=4302B
2026-03-25 19:18:05 [INFO] __main__ — BATCH TUN→  pkts=5  4КБ  packed=4КБ
2026-03-25 19:18:06 [DEBUG] __main__ — [transport:acc2] jpeg-wrap raw=4302 jpeg=4948
2026-03-25 19:18:06 [DEBUG] __main__ — [transport:acc2] upload ok fileId=3009140763 size=4302
2026-03-25 19:18:08 [DEBUG] __main__ — [transport:acc2] recv_file fileId=3014850957 size=2980
2026-03-25 19:18:08 [DEBUG] __main__ — [tun] ← 4 pkts  raw=2980B
2026-03-25 19:18:08 [INFO] __main__ — BATCH TUN←  pkts=4  2КБ
2026-03-25 19:18:09 [DEBUG] __main__ — [tun] → 4 pkts  raw=960B  packed=920B
2026-03-25 19:18:09 [INFO] __main__ — BATCH TUN→  pkts=4  0КБ  packed=0КБ
2026-03-25 19:18:09 [DEBUG] __main__ — [transport:acc1] jpeg-wrap raw=920 jpeg=1566
2026-03-25 19:18:09 [DEBUG] __main__ — [transport:acc1] upload ok fileId=3007200717 size=920
2026-03-25 19:18:11 [DEBUG] __main__ — [tun] → 1 pkts  raw=166B  packed=167B
2026-03-25 19:18:11 [INFO] __main__ — BATCH TUN→  pkts=1  0КБ  packed=0КБ
2026-03-25 19:18:11 [DEBUG] __main__ — [transport:acc2] jpeg-wrap raw=167 jpeg=813
2026-03-25 19:18:11 [DEBUG] __main__ — [transport:acc2] upload ok fileId=3008737986 size=167
2026-03-25 19:18:11 [DEBUG] __main__ — [transport:acc2] recv_file fileId=3012374683 size=230
2026-03-25 19:18:11 [DEBUG] __main__ — [tun] ← 3 pkts  raw=230B
2026-03-25 19:18:11 [INFO] __main__ — BATCH TUN←  pkts=3  0КБ
2026-03-25 19:18:11 [INFO] __main__ — [tun] stats: sent=50pkts/13КБ  recv=45pkts/16КБ  uptime=60s
2026-03-25 19:18:12 [DEBUG] __main__ — [tun] → 4 pkts  raw=1388B  packed=1357B
2026-03-25 19:18:12 [INFO] __main__ — BATCH TUN→  pkts=4  1КБ  packed=1КБ
2026-03-25 19:18:12 [DEBUG] __main__ — [transport:acc1] jpeg-wrap raw=1357 jpeg=2003
2026-03-25 19:18:12 [DEBUG] __main__ — [transport:acc1] upload ok fileId=3000584244 size=1357
2026-03-25 19:18:13 [DEBUG] __main__ — [transport:acc2] recv_file fileId=3008538381 size=58
2026-03-25 19:18:13 [DEBUG] __main__ — [tun] ← 1 pkts  raw=58B
2026-03-25 19:18:13 [INFO] __main__ — BATCH TUN←  pkts=1  0КБ
2026-03-25 19:18:15 [DEBUG] __main__ — [transport:acc2] recv_file fileId=3005550483 size=1046
2026-03-25 19:18:15 [DEBUG] __main__ — [tun] ← 3 pkts  raw=1046B
2026-03-25 19:18:15 [INFO] __main__ — BATCH TUN←  pkts=3  1КБ
2026-03-25 19:18:16 [DEBUG] __main__ — [tun] → 4 pkts  raw=2200B  packed=2186B
2026-03-25 19:18:16 [INFO] __main__ — BATCH TUN→  pkts=4  2КБ  packed=2КБ
2026-03-25 19:18:16 [DEBUG] __main__ — [transport:acc2] jpeg-wrap raw=2186 jpeg=2832
2026-03-25 19:18:16 [DEBUG] __main__ — [transport:acc2] upload ok fileId=3010784531 size=2186
2026-03-25 19:18:18 [DEBUG] __main__ — [transport:acc2] recv_file fileId=3005885029 size=3836
2026-03-25 19:18:18 [DEBUG] __main__ — [tun] ← 4 pkts  raw=3836B
2026-03-25 19:18:18 [INFO] __main__ — BATCH TUN←  pkts=4  3КБ
2026-03-25 19:18:19 [DEBUG] __main__ — [tun] → 3 pkts  raw=310B  packed=271B
2026-03-25 19:18:19 [INFO] __main__ — BATCH TUN→  pkts=3  0КБ  packed=0КБ
2026-03-25 19:18:19 [DEBUG] __main__ — [transport:acc1] jpeg-wrap raw=271 jpeg=917
2026-03-25 19:18:19 [DEBUG] __main__ — [transport:acc1] upload ok fileId=3014047989 size=271
2026-03-25 19:18:20 [DEBUG] __main__ — [tun] → 2 pkts  raw=172B  packed=156B
2026-03-25 19:18:20 [INFO] __main__ — BATCH TUN→  pkts=2  0КБ  packed=0КБ
2026-03-25 19:18:20 [DEBUG] __main__ — [transport:acc2] jpeg-wrap raw=156 jpeg=802
2026-03-25 19:18:20 [DEBUG] __main__ — [transport:acc2] upload ok fileId=3006686720 size=156
2026-03-25 19:18:21 [DEBUG] __main__ — [transport:acc2] recv_file fileId=3010487147 size=924
2026-03-25 19:18:21 [DEBUG] __main__ — [tun] ← 2 pkts  raw=924B
2026-03-25 19:18:21 [INFO] __main__ — BATCH TUN←  pkts=2  0КБ
2026-03-25 19:18:22 [ERROR] asyncio — Unclosed connector
connections: ['deque([(<aiohttp.client_proto.ResponseHandler object at 0x74399dc02080>, 74702.791113045)])']
connector: <aiohttp.connector.TCPConnector object at 0x74399e5b0880>
2026-03-25 19:18:22 [ERROR] asyncio — Fatal error on SSL transport
protocol: <asyncio.sslproto.SSLProtocol object at 0x74399dbf5fc0>
transport: <_SelectorSocketTransport closing fd=11>
Traceback (most recent call last):
  File "/usr/lib/python3.10/asyncio/selector_events.py", line 924, in write
    n = self._sock.send(data)
OSError: [Errno 9] Bad file descriptor

During handling of the above exception, another exception occurred:

Traceback (most recent call last):
  File "/usr/lib/python3.10/asyncio/sslproto.py", line 690, in _process_write_backlog
    self._transport.write(chunk)
  File "/usr/lib/python3.10/asyncio/selector_events.py", line 930, in write
    self._fatal_error(exc, 'Fatal write error on socket transport')
  File "/usr/lib/python3.10/asyncio/selector_events.py", line 725, in _fatal_error
    self._force_close(exc)
  File "/usr/lib/python3.10/asyncio/selector_events.py", line 737, in _force_close
    self._loop.call_soon(self._call_connection_lost, exc)
  File "/usr/lib/python3.10/asyncio/base_events.py", line 753, in call_soon
    self._check_closed()
  File "/usr/lib/python3.10/asyncio/base_events.py", line 515, in _check_closed
    raise RuntimeError('Event loop is closed')
RuntimeError: Event loop is closed
2026-03-25 19:18:22 [ERROR] asyncio — Fatal error on SSL transport
protocol: <asyncio.sslproto.SSLProtocol object at 0x74399dbf64a0>
transport: <_SelectorSocketTransport closing fd=12>
Traceback (most recent call last):
  File "/usr/lib/python3.10/asyncio/selector_events.py", line 924, in write
    n = self._sock.send(data)
OSError: [Errno 9] Bad file descriptor

During handling of the above exception, another exception occurred:

Traceback (most recent call last):
  File "/usr/lib/python3.10/asyncio/sslproto.py", line 690, in _process_write_backlog
    self._transport.write(chunk)
  File "/usr/lib/python3.10/asyncio/selector_events.py", line 930, in write
    self._fatal_error(exc, 'Fatal write error on socket transport')
  File "/usr/lib/python3.10/asyncio/selector_events.py", line 725, in _fatal_error
    self._force_close(exc)
  File "/usr/lib/python3.10/asyncio/selector_events.py", line 737, in _force_close
    self._loop.call_soon(self._call_connection_lost, exc)
  File "/usr/lib/python3.10/asyncio/base_events.py", line 753, in call_soon
    self._check_closed()
  File "/usr/lib/python3.10/asyncio/base_events.py", line 515, in _check_closed
    raise RuntimeError('Event loop is closed')
RuntimeError: Event loop is closed
2026-03-25 19:18:22 [ERROR] asyncio — Unclosed connector
connections: ['deque([(<aiohttp.client_proto.ResponseHandler object at 0x74399dc02140>, 74703.717648766)])', 'deque([(<aiohttp.client_proto.ResponseHandler object at 0x74399dc01660>, 74704.792233995)])']
connector: <aiohttp.connector.TCPConnector object at 0x74399e5b3220>
2026-03-25 19:18:22 [ERROR] asyncio — Fatal error on SSL transport
protocol: <asyncio.sslproto.SSLProtocol object at 0x74399dbf5720>
transport: <_SelectorSocketTransport closing fd=10>
Traceback (most recent call last):
  File "/usr/lib/python3.10/asyncio/selector_events.py", line 924, in write
    n = self._sock.send(data)
OSError: [Errno 9] Bad file descriptor

During handling of the above exception, another exception occurred:

Traceback (most recent call last):
  File "/usr/lib/python3.10/asyncio/sslproto.py", line 690, in _process_write_backlog
    self._transport.write(chunk)
  File "/usr/lib/python3.10/asyncio/selector_events.py", line 930, in write
    self._fatal_error(exc, 'Fatal write error on socket transport')
  File "/usr/lib/python3.10/asyncio/selector_events.py", line 725, in _fatal_error
    self._force_close(exc)
  File "/usr/lib/python3.10/asyncio/selector_events.py", line 737, in _force_close
    self._loop.call_soon(self._call_connection_lost, exc)
  File "/usr/lib/python3.10/asyncio/base_events.py", line 753, in call_soon
    self._check_closed()
  File "/usr/lib/python3.10/asyncio/base_events.py", line 515, in _check_closed
    raise RuntimeError('Event loop is closed')
RuntimeError: Event loop is closed
