2026-03-31 16:11:30 [DEBUG] __main__ — [tun] ip link set tun0 up mtu 8000: OK
2026-03-31 16:11:30 [DEBUG] __main__ — [tun] ip addr add 10.0.1.1/30 dev tun0: OK
2026-03-31 16:11:31 [INFO] __main__ — [net] HTTP трафик скрипта привязан к интерфейсу: wlp0s20f3
2026-03-31 16:11:31 [DEBUG] __main__ — [transport:acc6] ws msg op=6 cmd=1
2026-03-31 16:11:31 [INFO] __main__ — [net] HTTP трафик скрипта привязан к интерфейсу: wlp0s20f3
2026-03-31 16:11:31 [DEBUG] __main__ — [transport:acc6] ws msg op=19 cmd=1
2026-03-31 16:11:31 [DEBUG] __main__ — [transport:acc6] ws msg op=292 cmd=0
2026-03-31 16:11:31 [INFO] __main__ — Авторизован [client:acc6], chatId=0
2026-03-31 16:11:31 [DEBUG] __main__ — [transport:acc5] ws msg op=6 cmd=1
2026-03-31 16:11:31 [DEBUG] __main__ — [transport:acc6] ws msg op=48 cmd=1
2026-03-31 16:11:31 [DEBUG] __main__ — [transport:acc5] ws msg op=19 cmd=1
2026-03-31 16:11:31 [DEBUG] __main__ — [transport:acc5] ws msg op=292 cmd=0
2026-03-31 16:11:31 [INFO] __main__ — Авторизован [client:acc5], chatId=0
2026-03-31 16:11:31 [DEBUG] __main__ — [transport:acc5] ws msg op=48 cmd=1
2026-03-31 16:11:32 [INFO] __main__ — [net] HTTP трафик скрипта привязан к интерфейсу: wlp0s20f3
2026-03-31 16:11:32 [INFO] __main__ — [net] HTTP трафик скрипта привязан к интерфейсу: wlp0s20f3
2026-03-31 16:11:32 [INFO] __main__ — [net] HTTP трафик скрипта привязан к интерфейсу: wlp0s20f3
2026-03-31 16:11:32 [INFO] __main__ — [net] HTTP трафик скрипта привязан к интерфейсу: wlp0s20f3
2026-03-31 16:11:32 [DEBUG] __main__ — [transport:acc1] ws msg op=6 cmd=1
2026-03-31 16:11:32 [DEBUG] __main__ — [transport:acc3] ws msg op=6 cmd=1
2026-03-31 16:11:32 [DEBUG] __main__ — [transport:acc4] ws msg op=6 cmd=1
2026-03-31 16:11:32 [DEBUG] __main__ — [transport:acc2] ws msg op=6 cmd=1
2026-03-31 16:11:32 [DEBUG] __main__ — [transport:acc1] ws msg op=19 cmd=1
2026-03-31 16:11:32 [DEBUG] __main__ — [transport:acc1] ws msg op=292 cmd=0
2026-03-31 16:11:32 [INFO] __main__ — Авторизован [client:acc1], chatId=0
2026-03-31 16:11:32 [DEBUG] __main__ — [transport:acc4] ws msg op=19 cmd=1
2026-03-31 16:11:32 [DEBUG] __main__ — [transport:acc4] ws msg op=292 cmd=0
2026-03-31 16:11:32 [INFO] __main__ — Авторизован [client:acc4], chatId=0
2026-03-31 16:11:32 [DEBUG] __main__ — [transport:acc4] ws msg op=48 cmd=1
2026-03-31 16:11:32 [DEBUG] __main__ — [transport:acc1] ws msg op=48 cmd=1
2026-03-31 16:11:32 [DEBUG] __main__ — [transport:acc1] ws msg op=132 cmd=0
2026-03-31 16:11:33 [DEBUG] __main__ — [transport:acc2] ws msg op=19 cmd=1
2026-03-31 16:11:33 [DEBUG] __main__ — [transport:acc2] ws msg op=292 cmd=0
2026-03-31 16:11:33 [INFO] __main__ — Авторизован [client:acc2], chatId=0
2026-03-31 16:11:33 [DEBUG] __main__ — [transport:acc3] ws msg op=19 cmd=1
2026-03-31 16:11:33 [DEBUG] __main__ — [transport:acc3] ws msg op=292 cmd=0
2026-03-31 16:11:33 [INFO] __main__ — Авторизован [client:acc3], chatId=0
2026-03-31 16:11:33 [DEBUG] __main__ — [transport:acc2] ws msg op=48 cmd=1
2026-03-31 16:11:33 [DEBUG] __main__ — [transport:acc3] ws msg op=48 cmd=1
2026-03-31 16:11:34 [ERROR] asyncio — Unclosed client session
client_session: <aiohttp.client.ClientSession object at 0x7980b9339f90>
2026-03-31 16:11:34 [ERROR] asyncio — Unclosed client session
client_session: <aiohttp.client.ClientSession object at 0x7980b93394e0>
2026-03-31 16:11:34 [ERROR] asyncio — Unclosed client session
client_session: <aiohttp.client.ClientSession object at 0x7980b9305960>
2026-03-31 16:11:34 [ERROR] asyncio — Unclosed client session
client_session: <aiohttp.client.ClientSession object at 0x7980b93384f0>
2026-03-31 16:11:34 [ERROR] asyncio — Unclosed client session
client_session: <aiohttp.client.ClientSession object at 0x7980b9306f20>
2026-03-31 16:11:34 [ERROR] asyncio — Unclosed client session
client_session: <aiohttp.client.ClientSession object at 0x7980b9338cd0>
