2026-03-30 19:31:34 [DEBUG] __main__ — [tun] защита DNS 127.0.0.53 через 192.168.5.1 dev wlp0s20f3
2026-03-30 19:31:34 [DEBUG] __main__ — [tun] защита DNS 8.8.8.8 через 192.168.5.1 dev wlp0s20f3
2026-03-30 19:31:34 [DEBUG] __main__ — [tun] защита DNS 1.1.1.1 через 192.168.5.1 dev wlp0s20f3
2026-03-30 19:31:34 [DEBUG] __main__ — [tun] защита CDN подсети 155.212.204.0/24 через 192.168.5.1 dev wlp0s20f3
2026-03-30 19:31:34 [DEBUG] __main__ — [tun] защита CDN подсети 155.212.0.0/16 через 192.168.5.1 dev wlp0s20f3
2026-03-30 19:31:34 [DEBUG] __main__ — [tun] защита WS хоста ws-api.oneme.ru (155.212.204.70) через 192.168.5.1 dev wlp0s20f3
2026-03-30 19:31:34 [DEBUG] __main__ — [tun] защита WS хоста ws-api.oneme.ru (155.212.204.133) через 192.168.5.1 dev wlp0s20f3
2026-03-30 19:31:35 [DEBUG] __main__ — [tun] защита WS хоста fu.oneme.ru (155.212.204.141) через 192.168.5.1 dev wlp0s20f3
2026-03-30 19:31:35 [DEBUG] __main__ — [tun] защита WS хоста fu.oneme.ru (155.212.204.66) через 192.168.5.1 dev wlp0s20f3
2026-03-30 19:31:35 [DEBUG] __main__ — [tun] защита WS хоста telegram.mooner.pro (104.21.73.28) через 192.168.5.1 dev wlp0s20f3
2026-03-30 19:31:35 [DEBUG] __main__ — [tun] защита WS хоста telegram.mooner.pro (172.67.137.250) через 192.168.5.1 dev wlp0s20f3
2026-03-30 19:31:35 [DEBUG] __main__ — [tun] ip link set tun0 up mtu 1400: OK
2026-03-30 19:31:35 [DEBUG] __main__ — [tun] ip addr add 10.0.1.1/30 dev tun0: OK
2026-03-30 19:31:35 [DEBUG] __main__ — [tun] ip route add 127.0.0.53 via 192.168.5.1 dev wlp0s20f3: OK
2026-03-30 19:31:35 [DEBUG] __main__ — [tun] ip route add 8.8.8.8 via 192.168.5.1 dev wlp0s20f3: OK
2026-03-30 19:31:35 [DEBUG] __main__ — [tun] ip route add 1.1.1.1 via 192.168.5.1 dev wlp0s20f3: OK
2026-03-30 19:31:35 [DEBUG] __main__ — [tun] ip route add 155.212.204.0/24 via 192.168.5.1 dev wlp0s20f3: OK
2026-03-30 19:31:35 [DEBUG] __main__ — [tun] ip route add 155.212.0.0/16 via 192.168.5.1 dev wlp0s20f3: OK
2026-03-30 19:31:35 [DEBUG] __main__ — [tun] ip route add 155.212.204.70 via 192.168.5.1 dev wlp0s20f3: OK
2026-03-30 19:31:35 [DEBUG] __main__ — [tun] ip route add 155.212.204.133 via 192.168.5.1 dev wlp0s20f3: OK
2026-03-30 19:31:35 [DEBUG] __main__ — [tun] ip route add 155.212.204.141 via 192.168.5.1 dev wlp0s20f3: OK
2026-03-30 19:31:35 [DEBUG] __main__ — [tun] ip route add 155.212.204.66 via 192.168.5.1 dev wlp0s20f3: OK
2026-03-30 19:31:35 [DEBUG] __main__ — [tun] ip route add 104.21.73.28 via 192.168.5.1 dev wlp0s20f3: OK
2026-03-30 19:31:35 [DEBUG] __main__ — [tun] ip route add 172.67.137.250 via 192.168.5.1 dev wlp0s20f3: OK
2026-03-30 19:31:35 [DEBUG] __main__ — [tun] ip route add 0.0.0.0/1 dev tun0: OK
2026-03-30 19:31:35 [DEBUG] __main__ — [tun] ip route add 128.0.0.0/1 dev tun0: OK
2026-03-30 19:31:35 [INFO] __main__ — [net] HTTP трафик скрипта привязан к интерфейсу: wlp0s20f3
2026-03-30 19:31:35 [INFO] __main__ — [net] HTTP трафик скрипта привязан к интерфейсу: wlp0s20f3
2026-03-30 19:31:35 [DEBUG] __main__ — [transport:acc6] ws msg op=6 cmd=1
2026-03-30 19:31:35 [DEBUG] __main__ — [transport:acc2] ws msg op=6 cmd=1
2026-03-30 19:31:35 [INFO] __main__ — [net] HTTP трафик скрипта привязан к интерфейсу: wlp0s20f3
2026-03-30 19:31:35 [INFO] __main__ — [net] HTTP трафик скрипта привязан к интерфейсу: wlp0s20f3
2026-03-30 19:31:35 [DEBUG] __main__ — [transport:acc5] ws msg op=6 cmd=1
2026-03-30 19:31:35 [DEBUG] __main__ — [transport:acc1] ws msg op=6 cmd=1
2026-03-30 19:31:35 [DEBUG] __main__ — [transport:acc6] ws msg op=19 cmd=1
2026-03-30 19:31:35 [DEBUG] __main__ — [transport:acc6] ws msg op=292 cmd=0
2026-03-30 19:31:35 [INFO] __main__ — Авторизован [client:acc6], chatId=0
2026-03-30 19:31:35 [DEBUG] __main__ — [transport:acc2] ws msg op=19 cmd=1
2026-03-30 19:31:35 [DEBUG] __main__ — [transport:acc2] ws msg op=292 cmd=0
2026-03-30 19:31:35 [INFO] __main__ — Авторизован [client:acc2], chatId=0
2026-03-30 19:31:35 [DEBUG] __main__ — [transport:acc6] ws msg op=48 cmd=1
2026-03-30 19:31:35 [DEBUG] __main__ — [transport:acc5] ws msg op=19 cmd=1
2026-03-30 19:31:35 [DEBUG] __main__ — [transport:acc5] ws msg op=292 cmd=0
2026-03-30 19:31:35 [INFO] __main__ — Авторизован [client:acc5], chatId=0
2026-03-30 19:31:35 [DEBUG] __main__ — [transport:acc5] ws msg op=48 cmd=1
2026-03-30 19:31:35 [DEBUG] __main__ — [transport:acc1] ws msg op=19 cmd=1
2026-03-30 19:31:35 [DEBUG] __main__ — [transport:acc1] ws msg op=292 cmd=0
2026-03-30 19:31:35 [INFO] __main__ — Авторизован [client:acc1], chatId=0
2026-03-30 19:31:35 [DEBUG] __main__ — [transport:acc1] ws msg op=48 cmd=1
2026-03-30 19:31:35 [DEBUG] __main__ — [transport:acc2] ws msg op=48 cmd=1
2026-03-30 19:31:36 [DEBUG] __main__ — [tun] → 4 pkts  raw=870B  packed=871B
2026-03-30 19:31:36 [DEBUG] __main__ — [multi] выбор: acc2 (recv_count=0, last_event=recv) | ready=['acc1', 'acc2', 'acc3', 'acc4', 'acc5', 'acc6'] | p1=['acc1', 'acc2', 'acc3', 'acc4', 'acc5', 'acc6'] | p2=['acc1', 'acc2', 'acc3', 'acc4', 'acc5', 'acc6'] | stats={'acc1': {'recv_count': 0, 'last_event': 'recv', 'wait': '0.000s'}, 'acc2': {'recv_count': 0, 'last_event': 'recv', 'wait': '0.000s'}, 'acc3': {'recv_count': 0, 'last_event': 'recv', 'wait': '0.000s'}, 'acc4': {'recv_count': 0, 'last_event': 'recv', 'wait': '0.000s'}, 'acc5': {'recv_count': 0, 'last_event': 'recv', 'wait': '0.000s'}, 'acc6': {'recv_count': 0, 'last_event': 'recv', 'wait': '0.000s'}}
2026-03-30 19:31:36 [DEBUG] __main__ — [transport:acc2] ws msg op=87 cmd=1
2026-03-30 19:31:36 [DEBUG] __main__ — [transport:acc2] jpeg-wrap raw=871 jpeg=1517
2026-03-30 19:31:36 [INFO] __main__ — [net] HTTP трафик скрипта привязан к интерфейсу: wlp0s20f3
2026-03-30 19:31:36 [DEBUG] __main__ — [transport:acc4] ws msg op=6 cmd=1
2026-03-30 19:31:36 [DEBUG] __main__ — [transport:acc2] upload ok fileId=3062319538 size=871
2026-03-30 19:31:36 [DEBUG] __main__ — [transport:acc4] ws msg op=19 cmd=1
2026-03-30 19:31:36 [DEBUG] __main__ — [transport:acc4] ws msg op=292 cmd=0
2026-03-30 19:31:36 [INFO] __main__ — Авторизован [client:acc4], chatId=0
2026-03-30 19:31:36 [DEBUG] __main__ — [transport:acc4] ws msg op=48 cmd=1
2026-03-30 19:31:36 [INFO] __main__ — [net] HTTP трафик скрипта привязан к интерфейсу: wlp0s20f3
2026-03-30 19:31:36 [DEBUG] __main__ — [transport:acc2] ws msg op=136 cmd=0
2026-03-30 19:31:36 [DEBUG] __main__ — [transport:acc3] ws msg op=6 cmd=1
2026-03-30 19:31:36 [DEBUG] __main__ — [transport:acc2] ws msg op=64 cmd=1
2026-03-30 19:31:36 [DEBUG] __main__ — [transport:acc2] msg op=64 attaches=1
2026-03-30 19:31:36 [DEBUG] __main__ — [transport:acc2] skip own fileId=3062319538
2026-03-30 19:31:37 [DEBUG] __main__ — [transport:acc3] ws msg op=19 cmd=1
2026-03-30 19:31:37 [DEBUG] __main__ — [transport:acc3] ws msg op=292 cmd=0
2026-03-30 19:31:37 [INFO] __main__ — Авторизован [client:acc3], chatId=0
2026-03-30 19:31:37 [DEBUG] __main__ — [transport:acc3] ws msg op=48 cmd=1
2026-03-30 19:31:37 [DEBUG] __main__ — [tun] → 6 pkts  raw=946B  packed=851B
2026-03-30 19:31:37 [DEBUG] __main__ — [multi] выбор: acc4 (recv_count=0, last_event=recv) | ready=['acc1', 'acc3', 'acc4', 'acc5', 'acc6'] | p1=['acc1', 'acc3', 'acc4', 'acc5', 'acc6'] | p2=['acc1', 'acc3', 'acc4', 'acc5', 'acc6'] | stats={'acc1': {'recv_count': 0, 'last_event': 'recv', 'wait': '0.000s'}, 'acc2': {'recv_count': 0, 'last_event': 'send', 'wait': '0.439s'}, 'acc3': {'recv_count': 0, 'last_event': 'recv', 'wait': '0.000s'}, 'acc4': {'recv_count': 0, 'last_event': 'recv', 'wait': '0.000s'}, 'acc5': {'recv_count': 0, 'last_event': 'recv', 'wait': '0.000s'}, 'acc6': {'recv_count': 0, 'last_event': 'recv', 'wait': '0.000s'}}
2026-03-30 19:31:37 [DEBUG] __main__ — [transport:acc4] ws msg op=87 cmd=1
2026-03-30 19:31:37 [DEBUG] __main__ — [transport:acc4] jpeg-wrap raw=851 jpeg=1497
2026-03-30 19:31:37 [DEBUG] __main__ — [transport:acc4] upload ok fileId=3054144890 size=851
2026-03-30 19:31:37 [DEBUG] __main__ — [transport:acc4] ws msg op=136 cmd=0
2026-03-30 19:31:38 [DEBUG] __main__ — [transport:acc4] ws msg op=64 cmd=1
2026-03-30 19:31:38 [DEBUG] __main__ — [transport:acc4] msg op=64 attaches=1
2026-03-30 19:31:38 [DEBUG] __main__ — [transport:acc4] skip own fileId=3054144890
2026-03-30 19:31:38 [DEBUG] __main__ — [tun] → 1 pkts  raw=58B  packed=59B
2026-03-30 19:31:38 [DEBUG] __main__ — [multi] выбор: acc6 (recv_count=0, last_event=recv) | ready=['acc1', 'acc2', 'acc3', 'acc5', 'acc6'] | p1=['acc1', 'acc2', 'acc3', 'acc5', 'acc6'] | p2=['acc1', 'acc3', 'acc5', 'acc6'] | stats={'acc1': {'recv_count': 0, 'last_event': 'recv', 'wait': '0.000s'}, 'acc2': {'recv_count': 0, 'last_event': 'send', 'wait': '0.000s'}, 'acc3': {'recv_count': 0, 'last_event': 'recv', 'wait': '0.000s'}, 'acc4': {'recv_count': 0, 'last_event': 'send', 'wait': '0.493s'}, 'acc5': {'recv_count': 0, 'last_event': 'recv', 'wait': '0.000s'}, 'acc6': {'recv_count': 0, 'last_event': 'recv', 'wait': '0.000s'}}
2026-03-30 19:31:38 [DEBUG] __main__ — [transport:acc6] ws msg op=87 cmd=1
2026-03-30 19:31:38 [DEBUG] __main__ — [transport:acc6] jpeg-wrap raw=59 jpeg=705
2026-03-30 19:31:38 [DEBUG] __main__ — [transport:acc6] upload ok fileId=3050077379 size=59
2026-03-30 19:31:39 [DEBUG] __main__ — [transport:acc6] ws msg op=136 cmd=0
2026-03-30 19:31:39 [DEBUG] __main__ — [transport:acc6] ws msg op=64 cmd=1
2026-03-30 19:31:39 [DEBUG] __main__ — [transport:acc6] msg op=64 attaches=1
2026-03-30 19:31:39 [DEBUG] __main__ — [transport:acc6] skip own fileId=3050077379
2026-03-30 19:31:40 [DEBUG] __main__ — [tun] → 4 pkts  raw=280B  packed=266B
2026-03-30 19:31:40 [DEBUG] __main__ — [multi] выбор: acc3 (recv_count=0, last_event=recv) | ready=['acc1', 'acc2', 'acc3', 'acc4', 'acc5', 'acc6'] | p1=['acc1', 'acc2', 'acc3', 'acc4', 'acc5', 'acc6'] | p2=['acc1', 'acc3', 'acc5'] | stats={'acc1': {'recv_count': 0, 'last_event': 'recv', 'wait': '0.000s'}, 'acc2': {'recv_count': 0, 'last_event': 'send', 'wait': '0.000s'}, 'acc3': {'recv_count': 0, 'last_event': 'recv', 'wait': '0.000s'}, 'acc4': {'recv_count': 0, 'last_event': 'send', 'wait': '0.000s'}, 'acc5': {'recv_count': 0, 'last_event': 'recv', 'wait': '0.000s'}, 'acc6': {'recv_count': 0, 'last_event': 'send', 'wait': '0.000s'}}
2026-03-30 19:31:40 [DEBUG] __main__ — [transport:acc3] ws msg op=87 cmd=1
2026-03-30 19:31:40 [DEBUG] __main__ — [transport:acc3] jpeg-wrap raw=266 jpeg=912
2026-03-30 19:31:40 [DEBUG] __main__ — [transport:acc3] upload ok fileId=3058553135 size=266
2026-03-30 19:31:40 [DEBUG] __main__ — [transport:acc3] ws msg op=136 cmd=0
2026-03-30 19:31:40 [DEBUG] __main__ — [transport:acc3] ws msg op=64 cmd=1
2026-03-30 19:31:40 [DEBUG] __main__ — [transport:acc3] msg op=64 attaches=1
2026-03-30 19:31:40 [DEBUG] __main__ — [transport:acc3] skip own fileId=3058553135
2026-03-30 19:31:41 [DEBUG] __main__ — [tun] → 9 pkts  raw=1144B  packed=969B
2026-03-30 19:31:41 [DEBUG] __main__ — [multi] выбор: acc1 (recv_count=0, last_event=recv) | ready=['acc1', 'acc2', 'acc4', 'acc5', 'acc6'] | p1=['acc1', 'acc2', 'acc4', 'acc5', 'acc6'] | p2=['acc1', 'acc5'] | stats={'acc1': {'recv_count': 0, 'last_event': 'recv', 'wait': '0.000s'}, 'acc2': {'recv_count': 0, 'last_event': 'send', 'wait': '0.000s'}, 'acc3': {'recv_count': 0, 'last_event': 'send', 'wait': '0.541s'}, 'acc4': {'recv_count': 0, 'last_event': 'send', 'wait': '0.000s'}, 'acc5': {'recv_count': 0, 'last_event': 'recv', 'wait': '0.000s'}, 'acc6': {'recv_count': 0, 'last_event': 'send', 'wait': '0.000s'}}
2026-03-30 19:31:41 [DEBUG] __main__ — [transport:acc1] ws msg op=87 cmd=1
2026-03-30 19:31:41 [DEBUG] __main__ — [transport:acc1] jpeg-wrap raw=969 jpeg=1615
2026-03-30 19:31:41 [DEBUG] __main__ — [transport:acc1] upload ok fileId=3057588302 size=969
2026-03-30 19:31:41 [DEBUG] __main__ — [transport:acc1] ws msg op=136 cmd=0
2026-03-30 19:31:41 [DEBUG] __main__ — [transport:acc5] ws msg op=136 cmd=0
2026-03-30 19:31:41 [DEBUG] __main__ — [transport:acc5] ws msg op=128 cmd=0
2026-03-30 19:31:41 [DEBUG] __main__ — [transport:acc5] msg op=128 attaches=1
2026-03-30 19:31:41 [DEBUG] __main__ — [transport:acc5] incoming fileId=3047842064 msgId=116319315675579281
2026-03-30 19:31:41 [DEBUG] __main__ — [transport:acc5] ws msg op=88 cmd=1
2026-03-30 19:31:41 [DEBUG] __main__ — [transport:acc5] recv_file fileId=3047842064 size=120
2026-03-30 19:31:41 [DEBUG] __main__ — [tun] ← 2 pkts  raw=120B
2026-03-30 19:31:42 [DEBUG] __main__ — [transport:acc1] ws msg op=64 cmd=1
2026-03-30 19:31:42 [DEBUG] __main__ — [transport:acc1] msg op=64 attaches=1
2026-03-30 19:31:42 [DEBUG] __main__ — [transport:acc1] skip own fileId=3057588302
2026-03-30 19:31:42 [DEBUG] __main__ — [tun] → 9 pkts  raw=657B  packed=454B
2026-03-30 19:31:42 [DEBUG] __main__ — [multi] выбор: acc3 (recv_count=0, last_event=send) | ready=['acc2', 'acc3', 'acc4', 'acc6'] | p1=['acc2', 'acc3', 'acc4', 'acc6'] | p2=[] | stats={'acc1': {'recv_count': 0, 'last_event': 'send', 'wait': '0.571s'}, 'acc2': {'recv_count': 0, 'last_event': 'send', 'wait': '0.000s'}, 'acc3': {'recv_count': 0, 'last_event': 'send', 'wait': '0.000s'}, 'acc4': {'recv_count': 0, 'last_event': 'send', 'wait': '0.000s'}, 'acc5': {'recv_count': 1, 'last_event': 'recv', 'wait': '0.900s'}, 'acc6': {'recv_count': 0, 'last_event': 'send', 'wait': '0.000s'}}
2026-03-30 19:31:42 [DEBUG] __main__ — [transport:acc3] ws msg op=87 cmd=1
2026-03-30 19:31:42 [DEBUG] __main__ — [transport:acc3] jpeg-wrap raw=454 jpeg=1100
2026-03-30 19:31:42 [DEBUG] __main__ — [transport:acc3] upload ok fileId=3055870534 size=454
2026-03-30 19:31:42 [DEBUG] __main__ — [transport:acc3] ws msg op=136 cmd=0
2026-03-30 19:31:42 [DEBUG] __main__ — [transport:acc3] ws msg op=64 cmd=1
2026-03-30 19:31:42 [DEBUG] __main__ — [transport:acc3] msg op=64 attaches=1
2026-03-30 19:31:42 [DEBUG] __main__ — [transport:acc3] skip own fileId=3055870534
2026-03-30 19:31:43 [DEBUG] __main__ — [transport:acc2] ws msg op=136 cmd=0
2026-03-30 19:31:43 [DEBUG] __main__ — [transport:acc2] ws msg op=128 cmd=0
2026-03-30 19:31:43 [DEBUG] __main__ — [transport:acc2] msg op=128 attaches=1
2026-03-30 19:31:43 [DEBUG] __main__ — [transport:acc2] incoming fileId=3056494122 msgId=116319315785830211
2026-03-30 19:31:43 [DEBUG] __main__ — [transport:acc2] ws msg op=88 cmd=1
2026-03-30 19:31:43 [DEBUG] __main__ — [transport:acc1] ws msg op=132 cmd=0
2026-03-30 19:31:43 [DEBUG] __main__ — [transport:acc2] recv_file fileId=3056494122 size=576
2026-03-30 19:31:43 [DEBUG] __main__ — [tun] ← 10 pkts  raw=576B
2026-03-30 19:31:43 [DEBUG] __main__ — [tun] → 14 pkts  raw=4494B  packed=4081B
2026-03-30 19:31:43 [DEBUG] __main__ — [multi] выбор: acc6 (recv_count=0, last_event=send) | ready=['acc1', 'acc4', 'acc5', 'acc6'] | p1=['acc1', 'acc4', 'acc6'] | p2=[] | stats={'acc1': {'recv_count': 0, 'last_event': 'send', 'wait': '0.000s'}, 'acc2': {'recv_count': 1, 'last_event': 'recv', 'wait': '1.478s'}, 'acc3': {'recv_count': 0, 'last_event': 'send', 'wait': '0.497s'}, 'acc4': {'recv_count': 0, 'last_event': 'send', 'wait': '0.000s'}, 'acc5': {'recv_count': 1, 'last_event': 'recv', 'wait': '0.000s'}, 'acc6': {'recv_count': 0, 'last_event': 'send', 'wait': '0.000s'}}
2026-03-30 19:31:43 [DEBUG] __main__ — [transport:acc6] ws msg op=87 cmd=1
2026-03-30 19:31:43 [DEBUG] __main__ — [transport:acc6] jpeg-wrap raw=4081 jpeg=4727
2026-03-30 19:31:43 [DEBUG] __main__ — [transport:acc6] upload ok fileId=3051822962 size=4081
2026-03-30 19:31:43 [DEBUG] __main__ — [transport:acc6] ws msg op=136 cmd=0
2026-03-30 19:31:43 [DEBUG] __main__ — [transport:acc6] ws msg op=64 cmd=1
2026-03-30 19:31:43 [DEBUG] __main__ — [transport:acc6] msg op=64 attaches=1
2026-03-30 19:31:43 [DEBUG] __main__ — [transport:acc6] skip own fileId=3051822962
2026-03-30 19:31:44 [DEBUG] __main__ — [tun] → 2 pkts  raw=617B  packed=441B
2026-03-30 19:31:44 [DEBUG] __main__ — [multi] выбор: acc1 (recv_count=0, last_event=send) | ready=['acc1', 'acc3', 'acc4', 'acc5'] | p1=['acc1', 'acc3', 'acc4'] | p2=[] | stats={'acc1': {'recv_count': 0, 'last_event': 'send', 'wait': '0.000s'}, 'acc2': {'recv_count': 1, 'last_event': 'recv', 'wait': '0.456s'}, 'acc3': {'recv_count': 0, 'last_event': 'send', 'wait': '0.000s'}, 'acc4': {'recv_count': 0, 'last_event': 'send', 'wait': '0.000s'}, 'acc5': {'recv_count': 1, 'last_event': 'recv', 'wait': '0.000s'}, 'acc6': {'recv_count': 0, 'last_event': 'send', 'wait': '0.517s'}}
2026-03-30 19:31:44 [DEBUG] __main__ — [transport:acc1] ws msg op=87 cmd=1
2026-03-30 19:31:44 [DEBUG] __main__ — [transport:acc1] jpeg-wrap raw=441 jpeg=1087
2026-03-30 19:31:44 [DEBUG] __main__ — [transport:acc1] upload ok fileId=3048956275 size=441
2026-03-30 19:31:44 [DEBUG] __main__ — [transport:acc5] ws msg op=136 cmd=0
2026-03-30 19:31:44 [DEBUG] __main__ — [transport:acc1] ws msg op=136 cmd=0
2026-03-30 19:31:44 [DEBUG] __main__ — [transport:acc5] ws msg op=128 cmd=0
2026-03-30 19:31:44 [DEBUG] __main__ — [transport:acc5] msg op=128 attaches=1
2026-03-30 19:31:44 [DEBUG] __main__ — [transport:acc5] incoming fileId=3057126420 msgId=116319315873573008
2026-03-30 19:31:44 [DEBUG] __main__ — [transport:acc5] ws msg op=88 cmd=1
2026-03-30 19:31:44 [DEBUG] __main__ — [transport:acc1] ws msg op=64 cmd=1
2026-03-30 19:31:44 [DEBUG] __main__ — [transport:acc1] msg op=64 attaches=1
2026-03-30 19:31:44 [DEBUG] __main__ — [transport:acc1] skip own fileId=3048956275
2026-03-30 19:31:44 [DEBUG] __main__ — [transport:acc5] recv_file fileId=3057126420 size=7135
2026-03-30 19:31:44 [DEBUG] __main__ — [tun] ← 17 pkts  raw=7135B
2026-03-30 19:31:45 [DEBUG] __main__ — [tun] → 14 pkts  raw=1344B  packed=975B
2026-03-30 19:31:45 [DEBUG] __main__ — [multi] выбор: acc4 (recv_count=0, last_event=send) | ready=['acc2', 'acc3', 'acc4', 'acc6'] | p1=['acc3', 'acc4', 'acc6'] | p2=[] | stats={'acc1': {'recv_count': 0, 'last_event': 'send', 'wait': '0.271s'}, 'acc2': {'recv_count': 1, 'last_event': 'recv', 'wait': '0.000s'}, 'acc3': {'recv_count': 0, 'last_event': 'send', 'wait': '0.000s'}, 'acc4': {'recv_count': 0, 'last_event': 'send', 'wait': '0.000s'}, 'acc5': {'recv_count': 2, 'last_event': 'recv', 'wait': '0.489s'}, 'acc6': {'recv_count': 0, 'last_event': 'send', 'wait': '0.000s'}}
2026-03-30 19:31:45 [DEBUG] __main__ — [transport:acc4] ws msg op=87 cmd=1
2026-03-30 19:31:45 [DEBUG] __main__ — [transport:acc4] jpeg-wrap raw=975 jpeg=1621
2026-03-30 19:31:45 [DEBUG] __main__ — [transport:acc4] upload ok fileId=3046341744 size=975
2026-03-30 19:31:46 [DEBUG] __main__ — [transport:acc4] ws msg op=136 cmd=0
2026-03-30 19:31:46 [DEBUG] __main__ — [transport:acc4] ws msg op=64 cmd=1
2026-03-30 19:31:46 [DEBUG] __main__ — [transport:acc4] msg op=64 attaches=1
2026-03-30 19:31:46 [DEBUG] __main__ — [transport:acc4] skip own fileId=3046341744
2026-03-30 19:31:46 [DEBUG] __main__ — [transport:acc2] ws msg op=136 cmd=0
2026-03-30 19:31:46 [DEBUG] __main__ — [transport:acc2] ws msg op=128 cmd=0
2026-03-30 19:31:46 [DEBUG] __main__ — [transport:acc2] msg op=128 attaches=1
2026-03-30 19:31:46 [DEBUG] __main__ — [transport:acc2] incoming fileId=3046989292 msgId=116319315971673173
2026-03-30 19:31:46 [DEBUG] __main__ — [transport:acc2] ws msg op=88 cmd=1
2026-03-30 19:31:46 [DEBUG] __main__ — [transport:acc2] recv_file fileId=3046989292 size=3315
2026-03-30 19:31:46 [DEBUG] __main__ — [tun] ← 4 pkts  raw=3315B
2026-03-30 19:31:47 [DEBUG] __main__ — [tun] → 9 pkts  raw=909B  packed=695B
2026-03-30 19:31:47 [DEBUG] __main__ — [multi] выбор: acc6 (recv_count=0, last_event=send) | ready=['acc1', 'acc3', 'acc5', 'acc6'] | p1=['acc1', 'acc3', 'acc6'] | p2=[] | stats={'acc1': {'recv_count': 0, 'last_event': 'send', 'wait': '0.000s'}, 'acc2': {'recv_count': 2, 'last_event': 'recv', 'wait': '0.486s'}, 'acc3': {'recv_count': 0, 'last_event': 'send', 'wait': '0.000s'}, 'acc4': {'recv_count': 0, 'last_event': 'send', 'wait': '0.083s'}, 'acc5': {'recv_count': 2, 'last_event': 'recv', 'wait': '0.000s'}, 'acc6': {'recv_count': 0, 'last_event': 'send', 'wait': '0.000s'}}
2026-03-30 19:31:47 [DEBUG] __main__ — [transport:acc6] ws msg op=87 cmd=1
2026-03-30 19:31:47 [DEBUG] __main__ — [transport:acc6] jpeg-wrap raw=695 jpeg=1341
2026-03-30 19:31:47 [DEBUG] __main__ — [transport:acc6] upload ok fileId=3054574392 size=695
2026-03-30 19:31:47 [DEBUG] __main__ — [transport:acc6] ws msg op=136 cmd=0
2026-03-30 19:31:47 [DEBUG] __main__ — [transport:acc6] ws msg op=64 cmd=1
2026-03-30 19:31:47 [DEBUG] __main__ — [transport:acc6] msg op=64 attaches=1
2026-03-30 19:31:47 [DEBUG] __main__ — [transport:acc6] skip own fileId=3054574392
2026-03-30 19:31:47 [DEBUG] __main__ — [transport:acc5] ws msg op=136 cmd=0
2026-03-30 19:31:47 [DEBUG] __main__ — [transport:acc5] ws msg op=128 cmd=0
2026-03-30 19:31:47 [DEBUG] __main__ — [transport:acc5] msg op=128 attaches=1
2026-03-30 19:31:47 [DEBUG] __main__ — [transport:acc5] incoming fileId=3058354915 msgId=116319316069276834
2026-03-30 19:31:47 [DEBUG] __main__ — [transport:acc5] ws msg op=88 cmd=1
2026-03-30 19:31:47 [DEBUG] __main__ — [transport:acc5] recv_file fileId=3058354915 size=1869
2026-03-30 19:31:47 [DEBUG] __main__ — [tun] ← 8 pkts  raw=1869B
2026-03-30 19:31:48 [DEBUG] __main__ — [tun] → 5 pkts  raw=899B  packed=870B
2026-03-30 19:31:48 [DEBUG] __main__ — [multi] выбор: acc1 (recv_count=0, last_event=send) | ready=['acc1', 'acc2', 'acc3', 'acc4'] | p1=['acc1', 'acc3', 'acc4'] | p2=[] | stats={'acc1': {'recv_count': 0, 'last_event': 'send', 'wait': '0.000s'}, 'acc2': {'recv_count': 2, 'last_event': 'recv', 'wait': '0.000s'}, 'acc3': {'recv_count': 0, 'last_event': 'send', 'wait': '0.000s'}, 'acc4': {'recv_count': 0, 'last_event': 'send', 'wait': '0.000s'}, 'acc5': {'recv_count': 3, 'last_event': 'recv', 'wait': '0.690s'}, 'acc6': {'recv_count': 0, 'last_event': 'send', 'wait': '0.206s'}}
2026-03-30 19:31:48 [DEBUG] __main__ — [transport:acc1] ws msg op=87 cmd=1
2026-03-30 19:31:48 [DEBUG] __main__ — [transport:acc1] jpeg-wrap raw=870 jpeg=1516
2026-03-30 19:31:48 [DEBUG] __main__ — [transport:acc1] upload ok fileId=3053985399 size=870
2026-03-30 19:31:48 [DEBUG] __main__ — [transport:acc1] ws msg op=136 cmd=0
2026-03-30 19:31:48 [DEBUG] __main__ — [transport:acc1] ws msg op=64 cmd=1
2026-03-30 19:31:48 [DEBUG] __main__ — [transport:acc1] msg op=64 attaches=1
2026-03-30 19:31:48 [DEBUG] __main__ — [transport:acc1] skip own fileId=3053985399
2026-03-30 19:31:48 [DEBUG] __main__ — [transport:acc2] ws msg op=136 cmd=0
2026-03-30 19:31:49 [DEBUG] __main__ — [transport:acc2] ws msg op=128 cmd=0
2026-03-30 19:31:49 [DEBUG] __main__ — [transport:acc2] msg op=128 attaches=1
2026-03-30 19:31:49 [DEBUG] __main__ — [transport:acc2] incoming fileId=3061702822 msgId=116319316151711842
2026-03-30 19:31:49 [DEBUG] __main__ — [transport:acc2] ws msg op=88 cmd=1
2026-03-30 19:31:49 [DEBUG] __main__ — [transport:acc2] recv_file fileId=3061702822 size=1274
2026-03-30 19:31:49 [DEBUG] __main__ — [tun] ← 8 pkts  raw=1274B
2026-03-30 19:31:50 [DEBUG] __main__ — [tun] → 10 pkts  raw=992B  packed=756B
2026-03-30 19:31:50 [DEBUG] __main__ — [multi] выбор: acc4 (recv_count=0, last_event=send) | ready=['acc3', 'acc4', 'acc5', 'acc6'] | p1=['acc3', 'acc4', 'acc6'] | p2=[] | stats={'acc1': {'recv_count': 0, 'last_event': 'send', 'wait': '0.135s'}, 'acc2': {'recv_count': 3, 'last_event': 'recv', 'wait': '0.489s'}, 'acc3': {'recv_count': 0, 'last_event': 'send', 'wait': '0.000s'}, 'acc4': {'recv_count': 0, 'last_event': 'send', 'wait': '0.000s'}, 'acc5': {'recv_count': 3, 'last_event': 'recv', 'wait': '0.000s'}, 'acc6': {'recv_count': 0, 'last_event': 'send', 'wait': '0.000s'}}
2026-03-30 19:31:50 [DEBUG] __main__ — [transport:acc4] ws msg op=87 cmd=1
2026-03-30 19:31:50 [DEBUG] __main__ — [transport:acc4] jpeg-wrap raw=756 jpeg=1402
2026-03-30 19:31:50 [DEBUG] __main__ — [transport:acc4] upload ok fileId=3040603908 size=756
2026-03-30 19:31:50 [DEBUG] __main__ — [transport:acc5] ws msg op=136 cmd=0
2026-03-30 19:31:50 [DEBUG] __main__ — [transport:acc5] ws msg op=128 cmd=0
2026-03-30 19:31:50 [DEBUG] __main__ — [transport:acc5] msg op=128 attaches=1
2026-03-30 19:31:50 [DEBUG] __main__ — [transport:acc5] incoming fileId=3054154759 msgId=116319316241488119
2026-03-30 19:31:50 [DEBUG] __main__ — [transport:acc5] ws msg op=88 cmd=1
2026-03-30 19:31:50 [DEBUG] __main__ — [transport:acc5] recv_file fileId=3054154759 size=58
2026-03-30 19:31:50 [DEBUG] __main__ — [tun] ← 1 pkts  raw=58B
2026-03-30 19:31:50 [DEBUG] __main__ — [transport:acc4] ws msg op=136 cmd=0
2026-03-30 19:31:50 [DEBUG] __main__ — [transport:acc4] ws msg op=64 cmd=1
2026-03-30 19:31:50 [DEBUG] __main__ — [transport:acc4] msg op=64 attaches=1
2026-03-30 19:31:50 [DEBUG] __main__ — [transport:acc4] skip own fileId=3040603908
2026-03-30 19:31:51 [DEBUG] __main__ — [tun] → 4 pkts  raw=260B  packed=211B
2026-03-30 19:31:51 [DEBUG] __main__ — [multi] выбор: acc6 (recv_count=0, last_event=send) | ready=['acc1', 'acc2', 'acc3', 'acc6'] | p1=['acc1', 'acc3', 'acc6'] | p2=[] | stats={'acc1': {'recv_count': 0, 'last_event': 'send', 'wait': '0.000s'}, 'acc2': {'recv_count': 3, 'last_event': 'recv', 'wait': '0.000s'}, 'acc3': {'recv_count': 0, 'last_event': 'send', 'wait': '0.000s'}, 'acc4': {'recv_count': 0, 'last_event': 'send', 'wait': '0.472s'}, 'acc5': {'recv_count': 4, 'last_event': 'recv', 'wait': '0.771s'}, 'acc6': {'recv_count': 0, 'last_event': 'send', 'wait': '0.000s'}}
2026-03-30 19:31:51 [DEBUG] __main__ — [transport:acc6] ws msg op=87 cmd=1
2026-03-30 19:31:51 [DEBUG] __main__ — [transport:acc6] jpeg-wrap raw=211 jpeg=857
2026-03-30 19:31:51 [DEBUG] __main__ — [transport:acc6] upload ok fileId=3055388982 size=211
2026-03-30 19:31:51 [DEBUG] __main__ — [transport:acc6] ws msg op=136 cmd=0
2026-03-30 19:31:51 [DEBUG] __main__ — [transport:acc6] ws msg op=64 cmd=1
2026-03-30 19:31:51 [DEBUG] __main__ — [transport:acc6] msg op=64 attaches=1
2026-03-30 19:31:51 [DEBUG] __main__ — [transport:acc6] skip own fileId=3055388982
2026-03-30 19:31:52 [DEBUG] __main__ — [transport:acc2] ws msg op=136 cmd=0
2026-03-30 19:31:52 [DEBUG] __main__ — [transport:acc2] ws msg op=128 cmd=0
2026-03-30 19:31:52 [DEBUG] __main__ — [transport:acc2] msg op=128 attaches=1
2026-03-30 19:31:52 [DEBUG] __main__ — [transport:acc2] incoming fileId=3057845826 msgId=116319316347720837
2026-03-30 19:31:52 [DEBUG] __main__ — [transport:acc2] ws msg op=88 cmd=1
2026-03-30 19:31:52 [DEBUG] __main__ — [transport:acc2] recv_file fileId=3057845826 size=1171
2026-03-30 19:31:52 [DEBUG] __main__ — [tun] ← 11 pkts  raw=1171B
2026-03-30 19:31:52 [DEBUG] __main__ — [tun] → 15 pkts  raw=2438B  packed=2169B
2026-03-30 19:31:52 [DEBUG] __main__ — [multi] выбор: acc1 (recv_count=0, last_event=send) | ready=['acc1', 'acc3', 'acc4', 'acc5'] | p1=['acc1', 'acc3', 'acc4'] | p2=[] | stats={'acc1': {'recv_count': 0, 'last_event': 'send', 'wait': '0.000s'}, 'acc2': {'recv_count': 4, 'last_event': 'recv', 'wait': '1.380s'}, 'acc3': {'recv_count': 0, 'last_event': 'send', 'wait': '0.000s'}, 'acc4': {'recv_count': 0, 'last_event': 'send', 'wait': '0.000s'}, 'acc5': {'recv_count': 4, 'last_event': 'recv', 'wait': '0.000s'}, 'acc6': {'recv_count': 0, 'last_event': 'send', 'wait': '0.550s'}}
2026-03-30 19:31:52 [DEBUG] __main__ — [transport:acc1] ws msg op=87 cmd=1
2026-03-30 19:31:52 [DEBUG] __main__ — [transport:acc1] jpeg-wrap raw=2169 jpeg=2815
2026-03-30 19:31:52 [DEBUG] __main__ — [transport:acc1] upload ok fileId=3053440811 size=2169
2026-03-30 19:31:52 [DEBUG] __main__ — [transport:acc1] ws msg op=136 cmd=0
2026-03-30 19:31:52 [DEBUG] __main__ — [transport:acc1] ws msg op=64 cmd=1
2026-03-30 19:31:52 [DEBUG] __main__ — [transport:acc1] msg op=64 attaches=1
2026-03-30 19:31:52 [DEBUG] __main__ — [transport:acc1] skip own fileId=3053440811
2026-03-30 19:31:53 [DEBUG] __main__ — [tun] → 10 pkts  raw=516B  packed=303B
2026-03-30 19:31:53 [DEBUG] __main__ — [multi] выбор: acc4 (recv_count=0, last_event=send) | ready=['acc3', 'acc4', 'acc5', 'acc6'] | p1=['acc3', 'acc4', 'acc6'] | p2=[] | stats={'acc1': {'recv_count': 0, 'last_event': 'send', 'wait': '0.455s'}, 'acc2': {'recv_count': 4, 'last_event': 'recv', 'wait': '0.297s'}, 'acc3': {'recv_count': 0, 'last_event': 'send', 'wait': '0.000s'}, 'acc4': {'recv_count': 0, 'last_event': 'send', 'wait': '0.000s'}, 'acc5': {'recv_count': 4, 'last_event': 'recv', 'wait': '0.000s'}, 'acc6': {'recv_count': 0, 'last_event': 'send', 'wait': '0.000s'}}
2026-03-30 19:31:53 [DEBUG] __main__ — [transport:acc4] ws msg op=87 cmd=1
2026-03-30 19:31:53 [DEBUG] __main__ — [transport:acc4] jpeg-wrap raw=303 jpeg=949
2026-03-30 19:31:53 [DEBUG] __main__ — [transport:acc4] upload ok fileId=3046960999 size=303
2026-03-30 19:31:53 [DEBUG] __main__ — [transport:acc4] ws msg op=136 cmd=0
2026-03-30 19:31:53 [DEBUG] __main__ — [transport:acc4] ws msg op=64 cmd=1
2026-03-30 19:31:53 [DEBUG] __main__ — [transport:acc4] msg op=64 attaches=1
2026-03-30 19:31:53 [DEBUG] __main__ — [transport:acc4] skip own fileId=3046960999
2026-03-30 19:31:54 [DEBUG] __main__ — [transport:acc5] ws msg op=136 cmd=0
2026-03-30 19:31:54 [DEBUG] __main__ — [transport:acc5] ws msg op=128 cmd=0
2026-03-30 19:31:54 [DEBUG] __main__ — [transport:acc5] msg op=128 attaches=1
2026-03-30 19:31:54 [DEBUG] __main__ — [transport:acc5] incoming fileId=3047876558 msgId=116319316475127062
2026-03-30 19:31:54 [DEBUG] __main__ — [transport:acc5] ws msg op=88 cmd=1
2026-03-30 19:31:54 [DEBUG] __main__ — [transport:acc5] recv_file fileId=3047876558 size=7031
2026-03-30 19:31:54 [DEBUG] __main__ — [tun] ← 24 pkts  raw=7031B
2026-03-30 19:31:54 [DEBUG] __main__ — [tun] → 23 pkts  raw=2029B  packed=1346B
2026-03-30 19:31:54 [DEBUG] __main__ — [multi] выбор: acc6 (recv_count=0, last_event=send) | ready=['acc1', 'acc2', 'acc3', 'acc6'] | p1=['acc1', 'acc3', 'acc6'] | p2=[] | stats={'acc1': {'recv_count': 0, 'last_event': 'send', 'wait': '0.000s'}, 'acc2': {'recv_count': 4, 'last_event': 'recv', 'wait': '0.000s'}, 'acc3': {'recv_count': 0, 'last_event': 'send', 'wait': '0.000s'}, 'acc4': {'recv_count': 0, 'last_event': 'send', 'wait': '0.532s'}, 'acc5': {'recv_count': 5, 'last_event': 'recv', 'wait': '1.194s'}, 'acc6': {'recv_count': 0, 'last_event': 'send', 'wait': '0.000s'}}
2026-03-30 19:31:54 [DEBUG] __main__ — [transport:acc6] ws msg op=87 cmd=1
2026-03-30 19:31:54 [DEBUG] __main__ — [transport:acc6] jpeg-wrap raw=1346 jpeg=1992
2026-03-30 19:31:54 [DEBUG] __main__ — [transport:acc6] upload ok fileId=3060354422 size=1346
2026-03-30 19:31:54 [DEBUG] __main__ — [transport:acc6] ws msg op=136 cmd=0
2026-03-30 19:31:54 [DEBUG] __main__ — [transport:acc6] ws msg op=64 cmd=1
2026-03-30 19:31:54 [DEBUG] __main__ — [transport:acc6] msg op=64 attaches=1
2026-03-30 19:31:54 [DEBUG] __main__ — [transport:acc6] skip own fileId=3060354422
2026-03-30 19:31:55 [DEBUG] __main__ — [transport:acc2] ws msg op=136 cmd=0
2026-03-30 19:31:55 [DEBUG] __main__ — [transport:acc2] ws msg op=128 cmd=0
2026-03-30 19:31:55 [DEBUG] __main__ — [transport:acc2] msg op=128 attaches=1
2026-03-30 19:31:55 [DEBUG] __main__ — [transport:acc2] incoming fileId=3043134772 msgId=116319316546970733
2026-03-30 19:31:55 [DEBUG] __main__ — [transport:acc2] ws msg op=88 cmd=1
2026-03-30 19:31:55 [DEBUG] __main__ — [transport:acc2] recv_file fileId=3043134772 size=5568
2026-03-30 19:31:55 [DEBUG] __main__ — [tun] ← 21 pkts  raw=5568B
2026-03-30 19:31:55 [DEBUG] __main__ — [tun] → 25 pkts  raw=2373B  packed=1605B
2026-03-30 19:31:55 [DEBUG] __main__ — [multi] выбор: acc1 (recv_count=0, last_event=send) | ready=['acc1', 'acc3', 'acc4'] | p1=['acc1', 'acc3', 'acc4'] | p2=[] | stats={'acc1': {'recv_count': 0, 'last_event': 'send', 'wait': '0.000s'}, 'acc2': {'recv_count': 5, 'last_event': 'recv', 'wait': '1.277s'}, 'acc3': {'recv_count': 0, 'last_event': 'send', 'wait': '0.000s'}, 'acc4': {'recv_count': 0, 'last_event': 'send', 'wait': '0.000s'}, 'acc5': {'recv_count': 5, 'last_event': 'recv', 'wait': '0.178s'}, 'acc6': {'recv_count': 0, 'last_event': 'send', 'wait': '0.569s'}}
2026-03-30 19:31:55 [DEBUG] __main__ — [transport:acc1] ws msg op=87 cmd=1
2026-03-30 19:31:55 [DEBUG] __main__ — [transport:acc1] jpeg-wrap raw=1605 jpeg=2251
2026-03-30 19:31:55 [DEBUG] __main__ — [transport:acc1] upload ok fileId=3048957043 size=1605
2026-03-30 19:31:55 [DEBUG] __main__ — [transport:acc1] ws msg op=136 cmd=0
2026-03-30 19:31:55 [DEBUG] __main__ — [transport:acc1] ws msg op=64 cmd=1
2026-03-30 19:31:55 [DEBUG] __main__ — [transport:acc1] msg op=64 attaches=1
2026-03-30 19:31:55 [DEBUG] __main__ — [transport:acc1] skip own fileId=3048957043
2026-03-30 19:31:56 [DEBUG] __main__ — [transport:acc5] ws msg op=136 cmd=0
2026-03-30 19:31:56 [DEBUG] __main__ — [transport:acc5] ws msg op=128 cmd=0
2026-03-30 19:31:56 [DEBUG] __main__ — [transport:acc5] msg op=128 attaches=1
2026-03-30 19:31:56 [DEBUG] __main__ — [transport:acc5] incoming fileId=3054797362 msgId=116319316614077148
2026-03-30 19:31:56 [DEBUG] __main__ — [transport:acc5] ws msg op=88 cmd=1
2026-03-30 19:31:56 [DEBUG] __main__ — [transport:acc5] recv_file fileId=3054797362 size=681
2026-03-30 19:31:56 [DEBUG] __main__ — [tun] ← 4 pkts  raw=681B
2026-03-30 19:31:56 [DEBUG] __main__ — [tun] → 6 pkts  raw=312B  packed=263B
2026-03-30 19:31:56 [DEBUG] __main__ — [multi] выбор: acc4 (recv_count=0, last_event=send) | ready=['acc3', 'acc4', 'acc6'] | p1=['acc3', 'acc4', 'acc6'] | p2=[] | stats={'acc1': {'recv_count': 0, 'last_event': 'send', 'wait': '0.523s'}, 'acc2': {'recv_count': 5, 'last_event': 'recv', 'wait': '0.248s'}, 'acc3': {'recv_count': 0, 'last_event': 'send', 'wait': '0.000s'}, 'acc4': {'recv_count': 0, 'last_event': 'send', 'wait': '0.000s'}, 'acc5': {'recv_count': 6, 'last_event': 'recv', 'wait': '1.301s'}, 'acc6': {'recv_count': 0, 'last_event': 'send', 'wait': '0.000s'}}
2026-03-30 19:31:56 [DEBUG] __main__ — [transport:acc4] ws msg op=87 cmd=1
2026-03-30 19:31:56 [DEBUG] __main__ — [transport:acc4] jpeg-wrap raw=263 jpeg=909
2026-03-30 19:31:56 [DEBUG] __main__ — [transport:acc4] upload ok fileId=3054498420 size=263
2026-03-30 19:31:56 [DEBUG] __main__ — [transport:acc4] ws msg op=136 cmd=0
2026-03-30 19:31:56 [DEBUG] __main__ — [transport:acc4] ws msg op=64 cmd=1
2026-03-30 19:31:56 [DEBUG] __main__ — [transport:acc4] msg op=64 attaches=1
2026-03-30 19:31:56 [DEBUG] __main__ — [transport:acc4] skip own fileId=3054498420
2026-03-30 19:31:57 [DEBUG] __main__ — [transport:acc2] ws msg op=136 cmd=0
2026-03-30 19:31:57 [DEBUG] __main__ — [transport:acc2] ws msg op=128 cmd=0
2026-03-30 19:31:57 [DEBUG] __main__ — [transport:acc2] msg op=128 attaches=1
2026-03-30 19:31:57 [DEBUG] __main__ — [transport:acc2] incoming fileId=3055586105 msgId=116319316682287745
2026-03-30 19:31:57 [DEBUG] __main__ — [transport:acc2] ws msg op=88 cmd=1
2026-03-30 19:31:57 [DEBUG] __main__ — [transport:acc2] recv_file fileId=3055586105 size=4782
2026-03-30 19:31:57 [DEBUG] __main__ — [tun] ← 20 pkts  raw=4782B
2026-03-30 19:31:57 [DEBUG] __main__ — [tun] → 23 pkts  raw=3707B  packed=3185B
2026-03-30 19:31:57 [DEBUG] __main__ — [multi] выбор: acc6 (recv_count=0, last_event=send) | ready=['acc1', 'acc3', 'acc6'] | p1=['acc1', 'acc3', 'acc6'] | p2=[] | stats={'acc1': {'recv_count': 0, 'last_event': 'send', 'wait': '0.000s'}, 'acc2': {'recv_count': 6, 'last_event': 'recv', 'wait': '1.306s'}, 'acc3': {'recv_count': 0, 'last_event': 'send', 'wait': '0.000s'}, 'acc4': {'recv_count': 0, 'last_event': 'send', 'wait': '0.547s'}, 'acc5': {'recv_count': 6, 'last_event': 'recv', 'wait': '0.281s'}, 'acc6': {'recv_count': 0, 'last_event': 'send', 'wait': '0.000s'}}
2026-03-30 19:31:57 [DEBUG] __main__ — [transport:acc6] ws msg op=87 cmd=1
2026-03-30 19:31:57 [DEBUG] __main__ — [transport:acc6] jpeg-wrap raw=3185 jpeg=3831
2026-03-30 19:31:57 [DEBUG] __main__ — [transport:acc6] upload ok fileId=3051824242 size=3185
2026-03-30 19:31:57 [DEBUG] __main__ — [transport:acc6] ws msg op=136 cmd=0
2026-03-30 19:31:57 [DEBUG] __main__ — [transport:acc6] ws msg op=64 cmd=1
2026-03-30 19:31:57 [DEBUG] __main__ — [transport:acc6] msg op=64 attaches=1
2026-03-30 19:31:57 [DEBUG] __main__ — [transport:acc6] skip own fileId=3051824242
2026-03-30 19:31:58 [DEBUG] __main__ — [transport:acc5] ws msg op=136 cmd=0
2026-03-30 19:31:58 [DEBUG] __main__ — [transport:acc5] ws msg op=128 cmd=0
2026-03-30 19:31:58 [DEBUG] __main__ — [transport:acc5] msg op=128 attaches=1
2026-03-30 19:31:58 [DEBUG] __main__ — [transport:acc5] incoming fileId=3056469286 msgId=116319316747696526
2026-03-30 19:31:58 [DEBUG] __main__ — [transport:acc5] ws msg op=88 cmd=1
2026-03-30 19:31:58 [DEBUG] __main__ — [transport:acc5] recv_file fileId=3056469286 size=244
2026-03-30 19:31:58 [DEBUG] __main__ — [tun] ← 4 pkts  raw=244B
2026-03-30 19:31:58 [DEBUG] __main__ — [tun] → 5 pkts  raw=238B  packed=205B
2026-03-30 19:31:58 [DEBUG] __main__ — [multi] выбор: acc1 (recv_count=0, last_event=send) | ready=['acc1', 'acc3', 'acc4'] | p1=['acc1', 'acc3', 'acc4'] | p2=[] | stats={'acc1': {'recv_count': 0, 'last_event': 'send', 'wait': '0.000s'}, 'acc2': {'recv_count': 6, 'last_event': 'recv', 'wait': '0.277s'}, 'acc3': {'recv_count': 0, 'last_event': 'send', 'wait': '0.000s'}, 'acc4': {'recv_count': 0, 'last_event': 'send', 'wait': '0.000s'}, 'acc5': {'recv_count': 7, 'last_event': 'recv', 'wait': '1.273s'}, 'acc6': {'recv_count': 0, 'last_event': 'send', 'wait': '0.538s'}}
2026-03-30 19:31:58 [DEBUG] __main__ — [transport:acc1] ws msg op=87 cmd=1
2026-03-30 19:31:58 [DEBUG] __main__ — [transport:acc1] jpeg-wrap raw=205 jpeg=851
2026-03-30 19:31:58 [DEBUG] __main__ — [transport:acc1] upload ok fileId=3057528437 size=205
2026-03-30 19:31:58 [DEBUG] __main__ — [transport:acc1] ws msg op=136 cmd=0
2026-03-30 19:31:58 [DEBUG] __main__ — [transport:acc1] ws msg op=64 cmd=1
2026-03-30 19:31:58 [DEBUG] __main__ — [transport:acc1] msg op=64 attaches=1
2026-03-30 19:31:58 [DEBUG] __main__ — [transport:acc1] skip own fileId=3057528437
2026-03-30 19:31:59 [DEBUG] __main__ — [transport:acc2] ws msg op=136 cmd=0
2026-03-30 19:31:59 [DEBUG] __main__ — [transport:acc2] ws msg op=128 cmd=0
2026-03-30 19:31:59 [DEBUG] __main__ — [transport:acc2] msg op=128 attaches=1
2026-03-30 19:31:59 [DEBUG] __main__ — [transport:acc2] incoming fileId=3057846594 msgId=116319316814150157
2026-03-30 19:31:59 [DEBUG] __main__ — [transport:acc2] ws msg op=88 cmd=1
2026-03-30 19:31:59 [DEBUG] __main__ — [transport:acc2] recv_file fileId=3057846594 size=8227
2026-03-30 19:31:59 [DEBUG] __main__ — [tun] ← 24 pkts  raw=8227B
2026-03-30 19:32:00 [DEBUG] __main__ — [tun] → 26 pkts  raw=1854B  packed=1240B
2026-03-30 19:32:00 [DEBUG] __main__ — [multi] выбор: acc3 (recv_count=0, last_event=send) | ready=['acc1', 'acc3', 'acc4', 'acc5', 'acc6'] | p1=['acc1', 'acc3', 'acc4', 'acc6'] | p2=[] | stats={'acc1': {'recv_count': 0, 'last_event': 'send', 'wait': '0.000s'}, 'acc2': {'recv_count': 7, 'last_event': 'recv', 'wait': '0.654s'}, 'acc3': {'recv_count': 0, 'last_event': 'send', 'wait': '0.000s'}, 'acc4': {'recv_count': 0, 'last_event': 'send', 'wait': '0.000s'}, 'acc5': {'recv_count': 7, 'last_event': 'recv', 'wait': '0.000s'}, 'acc6': {'recv_count': 0, 'last_event': 'send', 'wait': '0.000s'}}
2026-03-30 19:32:00 [DEBUG] __main__ — [transport:acc3] ws msg op=87 cmd=1
2026-03-30 19:32:00 [DEBUG] __main__ — [transport:acc3] jpeg-wrap raw=1240 jpeg=1886
2026-03-30 19:32:00 [DEBUG] __main__ — [transport:acc3] upload ok fileId=3054126384 size=1240
2026-03-30 19:32:00 [DEBUG] __main__ — [transport:acc3] ws msg op=136 cmd=0
2026-03-30 19:32:00 [DEBUG] __main__ — [transport:acc3] ws msg op=64 cmd=1
2026-03-30 19:32:00 [DEBUG] __main__ — [transport:acc3] msg op=64 attaches=1
2026-03-30 19:32:00 [DEBUG] __main__ — [transport:acc3] skip own fileId=3054126384
2026-03-30 19:32:01 [DEBUG] __main__ — [tun] → 6 pkts  raw=444B  packed=337B
2026-03-30 19:32:01 [DEBUG] __main__ — [multi] выбор: acc6 (recv_count=0, last_event=send) | ready=['acc1', 'acc2', 'acc4', 'acc5', 'acc6'] | p1=['acc1', 'acc4', 'acc6'] | p2=[] | stats={'acc1': {'recv_count': 0, 'last_event': 'send', 'wait': '0.000s'}, 'acc2': {'recv_count': 7, 'last_event': 'recv', 'wait': '0.000s'}, 'acc3': {'recv_count': 0, 'last_event': 'send', 'wait': '0.215s'}, 'acc4': {'recv_count': 0, 'last_event': 'send', 'wait': '0.000s'}, 'acc5': {'recv_count': 7, 'last_event': 'recv', 'wait': '0.000s'}, 'acc6': {'recv_count': 0, 'last_event': 'send', 'wait': '0.000s'}}
2026-03-30 19:32:01 [DEBUG] __main__ — [transport:acc6] ws msg op=87 cmd=1
2026-03-30 19:32:01 [DEBUG] __main__ — [transport:acc6] jpeg-wrap raw=337 jpeg=983
2026-03-30 19:32:01 [DEBUG] __main__ — [transport:acc6] upload ok fileId=3051825266 size=337
2026-03-30 19:32:01 [DEBUG] __main__ — [transport:acc6] ws msg op=136 cmd=0
2026-03-30 19:32:01 [DEBUG] __main__ — [transport:acc6] ws msg op=64 cmd=1
2026-03-30 19:32:01 [DEBUG] __main__ — [transport:acc6] msg op=64 attaches=1
2026-03-30 19:32:01 [DEBUG] __main__ — [transport:acc6] skip own fileId=3051825266
2026-03-30 19:32:01 [DEBUG] __main__ — [transport:acc5] ws msg op=136 cmd=0
2026-03-30 19:32:01 [DEBUG] __main__ — [transport:acc5] ws msg op=128 cmd=0
2026-03-30 19:32:01 [DEBUG] __main__ — [transport:acc5] msg op=128 attaches=1
2026-03-30 19:32:01 [DEBUG] __main__ — [transport:acc5] incoming fileId=3052173974 msgId=116319316989907405
2026-03-30 19:32:01 [DEBUG] __main__ — [transport:acc5] ws msg op=88 cmd=1
2026-03-30 19:32:01 [DEBUG] __main__ — [transport:acc5] recv_file fileId=3052173974 size=1132
2026-03-30 19:32:01 [DEBUG] __main__ — [tun] ← 20 pkts  raw=1132B
2026-03-30 19:32:02 [ERROR] asyncio — Fatal error on SSL transport
protocol: <asyncio.sslproto.SSLProtocol object at 0x75cc8f395240>
transport: <_SelectorSocketTransport closing fd=15>
Traceback (most recent call last):
  File "/usr/lib/python3.10/asyncio/selector_events.py", line 924, in write
    n = self._sock.send(data)
OSError: [Errno 9] Bad file descriptor

During handling of the above exception, another exception occurred:

Traceback (most recent call last):
  File "/usr/lib/python3.10/asyncio/sslproto.py", line 690, in _process_write_backlog
    self._transport.write(chunk)
  File "/usr/lib/python3.10/asyncio/selector_events.py", line 930, in write
    self._fatal_error(exc, 'Fatal write error on socket transport')
  File "/usr/lib/python3.10/asyncio/selector_events.py", line 725, in _fatal_error
    self._force_close(exc)
  File "/usr/lib/python3.10/asyncio/selector_events.py", line 737, in _force_close
    self._loop.call_soon(self._call_connection_lost, exc)
  File "/usr/lib/python3.10/asyncio/base_events.py", line 753, in call_soon
    self._check_closed()
  File "/usr/lib/python3.10/asyncio/base_events.py", line 515, in _check_closed
    raise RuntimeError('Event loop is closed')
RuntimeError: Event loop is closed
2026-03-30 19:32:02 [ERROR] asyncio — Fatal error on SSL transport
protocol: <asyncio.sslproto.SSLProtocol object at 0x75cc8f395540>
transport: <_SelectorSocketTransport closing fd=16>
Traceback (most recent call last):
  File "/usr/lib/python3.10/asyncio/selector_events.py", line 924, in write
    n = self._sock.send(data)
OSError: [Errno 9] Bad file descriptor

During handling of the above exception, another exception occurred:

Traceback (most recent call last):
  File "/usr/lib/python3.10/asyncio/sslproto.py", line 690, in _process_write_backlog
    self._transport.write(chunk)
  File "/usr/lib/python3.10/asyncio/selector_events.py", line 930, in write
    self._fatal_error(exc, 'Fatal write error on socket transport')
  File "/usr/lib/python3.10/asyncio/selector_events.py", line 725, in _fatal_error
    self._force_close(exc)
  File "/usr/lib/python3.10/asyncio/selector_events.py", line 737, in _force_close
    self._loop.call_soon(self._call_connection_lost, exc)
  File "/usr/lib/python3.10/asyncio/base_events.py", line 753, in call_soon
    self._check_closed()
  File "/usr/lib/python3.10/asyncio/base_events.py", line 515, in _check_closed
    raise RuntimeError('Event loop is closed')
RuntimeError: Event loop is closed
2026-03-30 19:32:02 [ERROR] asyncio — Fatal error on SSL transport
protocol: <asyncio.sslproto.SSLProtocol object at 0x75cc8f395840>
transport: <_SelectorSocketTransport closing fd=17>
Traceback (most recent call last):
  File "/usr/lib/python3.10/asyncio/selector_events.py", line 924, in write
    n = self._sock.send(data)
OSError: [Errno 9] Bad file descriptor

During handling of the above exception, another exception occurred:

Traceback (most recent call last):
  File "/usr/lib/python3.10/asyncio/sslproto.py", line 690, in _process_write_backlog
    self._transport.write(chunk)
  File "/usr/lib/python3.10/asyncio/selector_events.py", line 930, in write
    self._fatal_error(exc, 'Fatal write error on socket transport')
  File "/usr/lib/python3.10/asyncio/selector_events.py", line 725, in _fatal_error
    self._force_close(exc)
  File "/usr/lib/python3.10/asyncio/selector_events.py", line 737, in _force_close
    self._loop.call_soon(self._call_connection_lost, exc)
  File "/usr/lib/python3.10/asyncio/base_events.py", line 753, in call_soon
    self._check_closed()
  File "/usr/lib/python3.10/asyncio/base_events.py", line 515, in _check_closed
    raise RuntimeError('Event loop is closed')
RuntimeError: Event loop is closed
2026-03-30 19:32:02 [ERROR] asyncio — Fatal error on SSL transport
protocol: <asyncio.sslproto.SSLProtocol object at 0x75cc8f395b70>
transport: <_SelectorSocketTransport closing fd=18>
Traceback (most recent call last):
  File "/usr/lib/python3.10/asyncio/selector_events.py", line 924, in write
    n = self._sock.send(data)
OSError: [Errno 9] Bad file descriptor

During handling of the above exception, another exception occurred:

Traceback (most recent call last):
  File "/usr/lib/python3.10/asyncio/sslproto.py", line 690, in _process_write_backlog
    self._transport.write(chunk)
  File "/usr/lib/python3.10/asyncio/selector_events.py", line 930, in write
    self._fatal_error(exc, 'Fatal write error on socket transport')
  File "/usr/lib/python3.10/asyncio/selector_events.py", line 725, in _fatal_error
    self._force_close(exc)
  File "/usr/lib/python3.10/asyncio/selector_events.py", line 737, in _force_close
    self._loop.call_soon(self._call_connection_lost, exc)
  File "/usr/lib/python3.10/asyncio/base_events.py", line 753, in call_soon
    self._check_closed()
  File "/usr/lib/python3.10/asyncio/base_events.py", line 515, in _check_closed
    raise RuntimeError('Event loop is closed')
RuntimeError: Event loop is closed
2026-03-30 19:32:02 [ERROR] asyncio — Fatal error on SSL transport
protocol: <asyncio.sslproto.SSLProtocol object at 0x75cc8f394ee0>
transport: <_SelectorSocketTransport closing fd=19>
Traceback (most recent call last):
  File "/usr/lib/python3.10/asyncio/selector_events.py", line 924, in write
    n = self._sock.send(data)
OSError: [Errno 9] Bad file descriptor

During handling of the above exception, another exception occurred:

Traceback (most recent call last):
  File "/usr/lib/python3.10/asyncio/sslproto.py", line 690, in _process_write_backlog
    self._transport.write(chunk)
  File "/usr/lib/python3.10/asyncio/selector_events.py", line 930, in write
    self._fatal_error(exc, 'Fatal write error on socket transport')
  File "/usr/lib/python3.10/asyncio/selector_events.py", line 725, in _fatal_error
    self._force_close(exc)
  File "/usr/lib/python3.10/asyncio/selector_events.py", line 737, in _force_close
    self._loop.call_soon(self._call_connection_lost, exc)
  File "/usr/lib/python3.10/asyncio/base_events.py", line 753, in call_soon
    self._check_closed()
  File "/usr/lib/python3.10/asyncio/base_events.py", line 515, in _check_closed
    raise RuntimeError('Event loop is closed')
RuntimeError: Event loop is closed
2026-03-30 19:32:02 [ERROR] asyncio — Fatal error on SSL transport
protocol: <asyncio.sslproto.SSLProtocol object at 0x75cc8f3958d0>
transport: <_SelectorSocketTransport closing fd=20>
Traceback (most recent call last):
  File "/usr/lib/python3.10/asyncio/selector_events.py", line 924, in write
    n = self._sock.send(data)
OSError: [Errno 9] Bad file descriptor

During handling of the above exception, another exception occurred:

Traceback (most recent call last):
  File "/usr/lib/python3.10/asyncio/sslproto.py", line 690, in _process_write_backlog
    self._transport.write(chunk)
  File "/usr/lib/python3.10/asyncio/selector_events.py", line 930, in write
    self._fatal_error(exc, 'Fatal write error on socket transport')
  File "/usr/lib/python3.10/asyncio/selector_events.py", line 725, in _fatal_error
    self._force_close(exc)
  File "/usr/lib/python3.10/asyncio/selector_events.py", line 737, in _force_close
    self._loop.call_soon(self._call_connection_lost, exc)
  File "/usr/lib/python3.10/asyncio/base_events.py", line 753, in call_soon
    self._check_closed()
  File "/usr/lib/python3.10/asyncio/base_events.py", line 515, in _check_closed
    raise RuntimeError('Event loop is closed')
RuntimeError: Event loop is closed
2026-03-30 19:32:02 [ERROR] asyncio — Unclosed connector
connections: ['deque([(<aiohttp.client_proto.ResponseHandler object at 0x75cc8f323d60>, 90684.526142822)])']
connector: <__main__.BoundTCPConnector object at 0x75cc8f342140>
2026-03-30 19:32:02 [ERROR] asyncio — Unclosed connector
connections: ['deque([(<aiohttp.client_proto.ResponseHandler object at 0x75cc8f38c520>, 90659.615543422)])', 'deque([(<aiohttp.client_proto.ResponseHandler object at 0x75cc8f323880>, 90682.276409081)])']
connector: <__main__.BoundTCPConnector object at 0x75cc8f3402e0>
2026-03-30 19:32:02 [ERROR] asyncio — Unclosed connector
connections: ['deque([(<aiohttp.client_proto.ResponseHandler object at 0x75cc8f38ce20>, 90684.888876456)])']
connector: <__main__.BoundTCPConnector object at 0x75cc8f341930>
2026-03-30 19:32:02 [ERROR] asyncio — Unclosed connector
connections: ['deque([(<aiohttp.client_proto.ResponseHandler object at 0x75cc8f38d480>, 90681.48898984)])']
connector: <__main__.BoundTCPConnector object at 0x75cc8f301900>
2026-03-30 19:32:02 [ERROR] asyncio — Unclosed connector
connections: ['deque([(<aiohttp.client_proto.ResponseHandler object at 0x75cc8f38df60>, 90679.431350047)])']
connector: <__main__.BoundTCPConnector object at 0x75cc8f341120>
2026-03-30 19:32:02 [ERROR] asyncio — Unclosed connector
connections: ['deque([(<aiohttp.client_proto.ResponseHandler object at 0x75cc8f323dc0>, 90683.197285157)])']
connector: <__main__.BoundTCPConnector object at 0x75cc8f340b20>
