2026-03-30 19:35:34 [DEBUG] __main__ — [tun] защита DNS 127.0.0.53 через 192.168.5.1 dev wlp0s20f3
2026-03-30 19:35:34 [DEBUG] __main__ — [tun] защита DNS 8.8.8.8 через 192.168.5.1 dev wlp0s20f3
2026-03-30 19:35:34 [DEBUG] __main__ — [tun] защита DNS 1.1.1.1 через 192.168.5.1 dev wlp0s20f3
2026-03-30 19:35:34 [DEBUG] __main__ — [tun] защита CDN подсети 155.212.204.0/24 через 192.168.5.1 dev wlp0s20f3
2026-03-30 19:35:34 [DEBUG] __main__ — [tun] защита CDN подсети 155.212.0.0/16 через 192.168.5.1 dev wlp0s20f3
2026-03-30 19:35:35 [DEBUG] __main__ — [tun] защита WS хоста ws-api.oneme.ru (155.212.204.70) через 192.168.5.1 dev wlp0s20f3
2026-03-30 19:35:35 [DEBUG] __main__ — [tun] защита WS хоста ws-api.oneme.ru (155.212.204.133) через 192.168.5.1 dev wlp0s20f3
2026-03-30 19:35:35 [DEBUG] __main__ — [tun] защита WS хоста fu.oneme.ru (155.212.204.66) через 192.168.5.1 dev wlp0s20f3
2026-03-30 19:35:35 [DEBUG] __main__ — [tun] защита WS хоста fu.oneme.ru (155.212.204.141) через 192.168.5.1 dev wlp0s20f3
2026-03-30 19:35:35 [DEBUG] __main__ — [tun] защита WS хоста telegram.mooner.pro (104.21.73.28) через 192.168.5.1 dev wlp0s20f3
2026-03-30 19:35:35 [DEBUG] __main__ — [tun] защита WS хоста telegram.mooner.pro (172.67.137.250) через 192.168.5.1 dev wlp0s20f3
2026-03-30 19:35:35 [DEBUG] __main__ — [tun] ip link set tun0 up mtu 1400: OK
2026-03-30 19:35:35 [DEBUG] __main__ — [tun] ip addr add 10.0.1.1/30 dev tun0: OK
2026-03-30 19:35:35 [DEBUG] __main__ — [tun] ip route add 127.0.0.53 via 192.168.5.1 dev wlp0s20f3: OK
2026-03-30 19:35:35 [DEBUG] __main__ — [tun] ip route add 8.8.8.8 via 192.168.5.1 dev wlp0s20f3: OK
2026-03-30 19:35:35 [DEBUG] __main__ — [tun] ip route add 1.1.1.1 via 192.168.5.1 dev wlp0s20f3: OK
2026-03-30 19:35:35 [DEBUG] __main__ — [tun] ip route add 155.212.204.0/24 via 192.168.5.1 dev wlp0s20f3: OK
2026-03-30 19:35:35 [DEBUG] __main__ — [tun] ip route add 155.212.0.0/16 via 192.168.5.1 dev wlp0s20f3: OK
2026-03-30 19:35:35 [DEBUG] __main__ — [tun] ip route add 155.212.204.70 via 192.168.5.1 dev wlp0s20f3: OK
2026-03-30 19:35:35 [DEBUG] __main__ — [tun] ip route add 155.212.204.133 via 192.168.5.1 dev wlp0s20f3: OK
2026-03-30 19:35:35 [DEBUG] __main__ — [tun] ip route add 155.212.204.66 via 192.168.5.1 dev wlp0s20f3: OK
2026-03-30 19:35:35 [DEBUG] __main__ — [tun] ip route add 155.212.204.141 via 192.168.5.1 dev wlp0s20f3: OK
2026-03-30 19:35:35 [DEBUG] __main__ — [tun] ip route add 104.21.73.28 via 192.168.5.1 dev wlp0s20f3: OK
2026-03-30 19:35:35 [DEBUG] __main__ — [tun] ip route add 172.67.137.250 via 192.168.5.1 dev wlp0s20f3: OK
2026-03-30 19:35:35 [DEBUG] __main__ — [tun] ip route add 0.0.0.0/1 dev tun0: OK
2026-03-30 19:35:35 [DEBUG] __main__ — [tun] ip route add 128.0.0.0/1 dev tun0: OK
2026-03-30 19:35:35 [INFO] __main__ — [net] HTTP трафик скрипта привязан к интерфейсу: wlp0s20f3
2026-03-30 19:35:35 [INFO] __main__ — [net] HTTP трафик скрипта привязан к интерфейсу: wlp0s20f3
2026-03-30 19:35:35 [DEBUG] __main__ — [transport:acc3] ws msg op=6 cmd=1
2026-03-30 19:35:35 [DEBUG] __main__ — [transport:acc6] ws msg op=6 cmd=1
2026-03-30 19:35:35 [INFO] __main__ — [net] HTTP трафик скрипта привязан к интерфейсу: wlp0s20f3
2026-03-30 19:35:35 [DEBUG] __main__ — [transport:acc2] ws msg op=6 cmd=1
2026-03-30 19:35:35 [DEBUG] __main__ — [transport:acc6] ws msg op=19 cmd=1
2026-03-30 19:35:35 [DEBUG] __main__ — [transport:acc6] ws msg op=292 cmd=0
2026-03-30 19:35:35 [INFO] __main__ — Авторизован [client:acc6], chatId=0
2026-03-30 19:35:35 [DEBUG] __main__ — [transport:acc6] ws msg op=48 cmd=1
2026-03-30 19:35:35 [DEBUG] __main__ — [transport:acc2] ws msg op=19 cmd=1
2026-03-30 19:35:35 [DEBUG] __main__ — [transport:acc2] ws msg op=292 cmd=0
2026-03-30 19:35:35 [INFO] __main__ — Авторизован [client:acc2], chatId=0
2026-03-30 19:35:36 [DEBUG] __main__ — [transport:acc3] ws msg op=19 cmd=1
2026-03-30 19:35:36 [DEBUG] __main__ — [transport:acc3] ws msg op=292 cmd=0
2026-03-30 19:35:36 [INFO] __main__ — Авторизован [client:acc3], chatId=0
2026-03-30 19:35:36 [DEBUG] __main__ — [transport:acc3] ws msg op=48 cmd=1
2026-03-30 19:35:36 [INFO] __main__ — [net] HTTP трафик скрипта привязан к интерфейсу: wlp0s20f3
2026-03-30 19:35:36 [DEBUG] __main__ — [transport:acc1] ws msg op=6 cmd=1
2026-03-30 19:35:36 [DEBUG] __main__ — [transport:acc1] ws msg op=19 cmd=1
2026-03-30 19:35:36 [DEBUG] __main__ — [transport:acc1] ws msg op=292 cmd=0
2026-03-30 19:35:36 [INFO] __main__ — Авторизован [client:acc1], chatId=0
2026-03-30 19:35:36 [DEBUG] __main__ — [transport:acc1] ws msg op=48 cmd=1
2026-03-30 19:35:36 [DEBUG] __main__ — [transport:acc2] ws msg op=48 cmd=1
2026-03-30 19:35:36 [DEBUG] __main__ — [tun] → 2 pkts  raw=116B  packed=104B
2026-03-30 19:35:36 [DEBUG] __main__ — [multi] выбор: acc2 (recv_count=0, last_event=recv) | ready=['acc1', 'acc2', 'acc3', 'acc4', 'acc5', 'acc6'] | p1=['acc1', 'acc2', 'acc3', 'acc4', 'acc5', 'acc6'] | p2=['acc1', 'acc2', 'acc3', 'acc4', 'acc5', 'acc6'] | stats={'acc1': {'recv_count': 0, 'last_event': 'recv', 'wait': '0.000s'}, 'acc2': {'recv_count': 0, 'last_event': 'recv', 'wait': '0.000s'}, 'acc3': {'recv_count': 0, 'last_event': 'recv', 'wait': '0.000s'}, 'acc4': {'recv_count': 0, 'last_event': 'recv', 'wait': '0.000s'}, 'acc5': {'recv_count': 0, 'last_event': 'recv', 'wait': '0.000s'}, 'acc6': {'recv_count': 0, 'last_event': 'recv', 'wait': '0.000s'}}
2026-03-30 19:35:36 [DEBUG] __main__ — [transport:acc2] ws msg op=87 cmd=1
2026-03-30 19:35:36 [DEBUG] __main__ — [transport:acc2] jpeg-wrap raw=104 jpeg=750
2026-03-30 19:35:36 [INFO] __main__ — [net] HTTP трафик скрипта привязан к интерфейсу: wlp0s20f3
2026-03-30 19:35:36 [DEBUG] __main__ — [transport:acc5] ws msg op=6 cmd=1
2026-03-30 19:35:36 [INFO] __main__ — [net] HTTP трафик скрипта привязан к интерфейсу: wlp0s20f3
2026-03-30 19:35:36 [DEBUG] __main__ — [transport:acc2] upload ok fileId=3058414721 size=104
2026-03-30 19:35:36 [DEBUG] __main__ — [transport:acc4] ws msg op=6 cmd=1
2026-03-30 19:35:36 [DEBUG] __main__ — [transport:acc5] ws msg op=19 cmd=1
2026-03-30 19:35:36 [DEBUG] __main__ — [transport:acc5] ws msg op=292 cmd=0
2026-03-30 19:35:36 [INFO] __main__ — Авторизован [client:acc5], chatId=0
2026-03-30 19:35:36 [DEBUG] __main__ — [transport:acc5] ws msg op=48 cmd=1
2026-03-30 19:35:36 [DEBUG] __main__ — [transport:acc4] ws msg op=19 cmd=1
2026-03-30 19:35:36 [DEBUG] __main__ — [transport:acc4] ws msg op=292 cmd=0
2026-03-30 19:35:36 [INFO] __main__ — Авторизован [client:acc4], chatId=0
2026-03-30 19:35:37 [DEBUG] __main__ — [transport:acc4] ws msg op=48 cmd=1
2026-03-30 19:35:37 [DEBUG] __main__ — [transport:acc2] ws msg op=136 cmd=0
2026-03-30 19:35:37 [DEBUG] __main__ — [transport:acc2] ws msg op=64 cmd=1
2026-03-30 19:35:37 [DEBUG] __main__ — [transport:acc2] msg op=64 attaches=1
2026-03-30 19:35:37 [DEBUG] __main__ — [transport:acc2] skip own fileId=3058414721
2026-03-30 19:35:38 [DEBUG] __main__ — [transport:acc5] ws msg op=136 cmd=0
2026-03-30 19:35:38 [DEBUG] __main__ — [tun] → 2 pkts  raw=120B  packed=121B
2026-03-30 19:35:38 [DEBUG] __main__ — [multi] выбор: acc4 (recv_count=0, last_event=recv) | ready=['acc1', 'acc2', 'acc3', 'acc4', 'acc5', 'acc6'] | p1=['acc1', 'acc2', 'acc3', 'acc4', 'acc5', 'acc6'] | p2=['acc1', 'acc3', 'acc4', 'acc5', 'acc6'] | stats={'acc1': {'recv_count': 0, 'last_event': 'recv', 'wait': '0.000s'}, 'acc2': {'recv_count': 0, 'last_event': 'send', 'wait': '0.000s'}, 'acc3': {'recv_count': 0, 'last_event': 'recv', 'wait': '0.000s'}, 'acc4': {'recv_count': 0, 'last_event': 'recv', 'wait': '0.000s'}, 'acc5': {'recv_count': 0, 'last_event': 'recv', 'wait': '0.000s'}, 'acc6': {'recv_count': 0, 'last_event': 'recv', 'wait': '0.000s'}}
2026-03-30 19:35:38 [DEBUG] __main__ — [transport:acc5] ws msg op=128 cmd=0
2026-03-30 19:35:38 [DEBUG] __main__ — [transport:acc5] msg op=128 attaches=1
2026-03-30 19:35:38 [DEBUG] __main__ — [transport:acc5] incoming fileId=3045212872 msgId=116319331201989020
2026-03-30 19:35:38 [DEBUG] __main__ — [transport:acc4] ws msg op=87 cmd=1
2026-03-30 19:35:38 [DEBUG] __main__ — [transport:acc4] jpeg-wrap raw=121 jpeg=767
2026-03-30 19:35:38 [DEBUG] __main__ — [transport:acc5] ws msg op=88 cmd=1
2026-03-30 19:35:38 [DEBUG] __main__ — [transport:acc5] recv_file fileId=3045212872 size=128
2026-03-30 19:35:38 [DEBUG] __main__ — [tun] ← 2 pkts  raw=128B
2026-03-30 19:35:38 [DEBUG] __main__ — [transport:acc4] upload ok fileId=3050630131 size=121
2026-03-30 19:35:38 [DEBUG] __main__ — [transport:acc4] ws msg op=136 cmd=0
2026-03-30 19:35:38 [DEBUG] __main__ — [transport:acc4] ws msg op=64 cmd=1
2026-03-30 19:35:38 [DEBUG] __main__ — [transport:acc4] msg op=64 attaches=1
2026-03-30 19:35:38 [DEBUG] __main__ — [transport:acc4] skip own fileId=3050630131
2026-03-30 19:35:39 [DEBUG] __main__ — [tun] → 5 pkts  raw=421B  packed=300B
2026-03-30 19:35:39 [DEBUG] __main__ — [multi] выбор: acc1 (recv_count=0, last_event=recv) | ready=['acc1', 'acc2', 'acc3', 'acc6'] | p1=['acc1', 'acc2', 'acc3', 'acc6'] | p2=['acc1', 'acc3', 'acc6'] | stats={'acc1': {'recv_count': 0, 'last_event': 'recv', 'wait': '0.000s'}, 'acc2': {'recv_count': 0, 'last_event': 'send', 'wait': '0.000s'}, 'acc3': {'recv_count': 0, 'last_event': 'recv', 'wait': '0.000s'}, 'acc4': {'recv_count': 0, 'last_event': 'send', 'wait': '0.557s'}, 'acc5': {'recv_count': 1, 'last_event': 'recv', 'wait': '0.541s'}, 'acc6': {'recv_count': 0, 'last_event': 'recv', 'wait': '0.000s'}}
2026-03-30 19:35:39 [DEBUG] __main__ — [transport:acc1] ws msg op=87 cmd=1
2026-03-30 19:35:39 [DEBUG] __main__ — [transport:acc1] jpeg-wrap raw=300 jpeg=946
2026-03-30 19:35:39 [DEBUG] __main__ — [transport:acc1] upload ok fileId=3052230898 size=300
2026-03-30 19:35:39 [DEBUG] __main__ — [transport:acc1] ws msg op=136 cmd=0
2026-03-30 19:35:40 [DEBUG] __main__ — [transport:acc1] ws msg op=64 cmd=1
2026-03-30 19:35:40 [DEBUG] __main__ — [transport:acc1] msg op=64 attaches=1
2026-03-30 19:35:40 [DEBUG] __main__ — [transport:acc1] skip own fileId=3052230898
2026-03-30 19:35:40 [DEBUG] __main__ — [transport:acc5] ws msg op=136 cmd=0
2026-03-30 19:35:40 [DEBUG] __main__ — [transport:acc5] ws msg op=128 cmd=0
2026-03-30 19:35:40 [DEBUG] __main__ — [transport:acc5] msg op=128 attaches=1
2026-03-30 19:35:40 [DEBUG] __main__ — [transport:acc5] incoming fileId=3053962990 msgId=116319331322831437
2026-03-30 19:35:40 [DEBUG] __main__ — [transport:acc5] ws msg op=88 cmd=1
2026-03-30 19:35:40 [DEBUG] __main__ — [transport:acc5] recv_file fileId=3053962990 size=58
2026-03-30 19:35:40 [DEBUG] __main__ — [tun] ← 1 pkts  raw=58B
2026-03-30 19:35:40 [DEBUG] __main__ — [tun] → 25 pkts  raw=1218B  packed=626B
2026-03-30 19:35:40 [DEBUG] __main__ — [multi] выбор: acc6 (recv_count=0, last_event=recv) | ready=['acc2', 'acc3', 'acc4', 'acc6'] | p1=['acc2', 'acc3', 'acc4', 'acc6'] | p2=['acc3', 'acc6'] | stats={'acc1': {'recv_count': 0, 'last_event': 'send', 'wait': '0.546s'}, 'acc2': {'recv_count': 0, 'last_event': 'send', 'wait': '0.000s'}, 'acc3': {'recv_count': 0, 'last_event': 'recv', 'wait': '0.000s'}, 'acc4': {'recv_count': 0, 'last_event': 'send', 'wait': '0.000s'}, 'acc5': {'recv_count': 2, 'last_event': 'recv', 'wait': '1.299s'}, 'acc6': {'recv_count': 0, 'last_event': 'recv', 'wait': '0.000s'}}
2026-03-30 19:35:40 [DEBUG] __main__ — [transport:acc6] ws msg op=87 cmd=1
2026-03-30 19:35:40 [DEBUG] __main__ — [transport:acc6] jpeg-wrap raw=626 jpeg=1272
2026-03-30 19:35:40 [DEBUG] __main__ — [transport:acc6] upload ok fileId=3060794377 size=626
2026-03-30 19:35:40 [DEBUG] __main__ — [transport:acc6] ws msg op=136 cmd=0
2026-03-30 19:35:41 [DEBUG] __main__ — [transport:acc6] ws msg op=64 cmd=1
2026-03-30 19:35:41 [DEBUG] __main__ — [transport:acc6] msg op=64 attaches=1
2026-03-30 19:35:41 [DEBUG] __main__ — [transport:acc6] skip own fileId=3060794377
2026-03-30 19:35:41 [DEBUG] __main__ — [transport:acc2] ws msg op=136 cmd=0
2026-03-30 19:35:41 [DEBUG] __main__ — [transport:acc2] ws msg op=128 cmd=0
2026-03-30 19:35:41 [DEBUG] __main__ — [transport:acc2] msg op=128 attaches=1
2026-03-30 19:35:41 [DEBUG] __main__ — [transport:acc2] incoming fileId=3051039208 msgId=116319331397219210
2026-03-30 19:35:41 [DEBUG] __main__ — [transport:acc2] ws msg op=88 cmd=1
2026-03-30 19:35:41 [DEBUG] __main__ — [transport:acc2] recv_file fileId=3051039208 size=112
2026-03-30 19:35:41 [DEBUG] __main__ — [tun] ← 2 pkts  raw=112B
2026-03-30 19:35:41 [DEBUG] __main__ — [tun] → 18 pkts  raw=924B  packed=486B
2026-03-30 19:35:41 [DEBUG] __main__ — [multi] выбор: acc3 (recv_count=0, last_event=recv) | ready=['acc1', 'acc3', 'acc4'] | p1=['acc1', 'acc3', 'acc4'] | p2=['acc3'] | stats={'acc1': {'recv_count': 0, 'last_event': 'send', 'wait': '0.000s'}, 'acc2': {'recv_count': 1, 'last_event': 'recv', 'wait': '1.300s'}, 'acc3': {'recv_count': 0, 'last_event': 'recv', 'wait': '0.000s'}, 'acc4': {'recv_count': 0, 'last_event': 'send', 'wait': '0.000s'}, 'acc5': {'recv_count': 2, 'last_event': 'recv', 'wait': '0.116s'}, 'acc6': {'recv_count': 0, 'last_event': 'send', 'wait': '0.385s'}}
2026-03-30 19:35:42 [DEBUG] __main__ — [transport:acc3] ws msg op=87 cmd=1
2026-03-30 19:35:42 [DEBUG] __main__ — [transport:acc3] jpeg-wrap raw=486 jpeg=1132
2026-03-30 19:35:42 [DEBUG] __main__ — [transport:acc3] upload ok fileId=3056013991 size=486
2026-03-30 19:35:42 [DEBUG] __main__ — [transport:acc3] ws msg op=136 cmd=0
2026-03-30 19:35:42 [DEBUG] __main__ — [transport:acc3] ws msg op=64 cmd=1
2026-03-30 19:35:42 [DEBUG] __main__ — [transport:acc3] msg op=64 attaches=1
2026-03-30 19:35:42 [DEBUG] __main__ — [transport:acc3] skip own fileId=3056013991
2026-03-30 19:35:42 [DEBUG] __main__ — [transport:acc5] ws msg op=136 cmd=0
2026-03-30 19:35:42 [DEBUG] __main__ — [transport:acc5] ws msg op=128 cmd=0
2026-03-30 19:35:42 [DEBUG] __main__ — [transport:acc5] msg op=128 attaches=1
2026-03-30 19:35:42 [DEBUG] __main__ — [transport:acc5] incoming fileId=3050610906 msgId=116319331456602998
2026-03-30 19:35:42 [DEBUG] __main__ — [transport:acc5] ws msg op=88 cmd=1
2026-03-30 19:35:42 [DEBUG] __main__ — [transport:acc5] recv_file fileId=3050610906 size=872
2026-03-30 19:35:42 [DEBUG] __main__ — [tun] ← 14 pkts  raw=872B
2026-03-30 19:35:43 [DEBUG] __main__ — [tun] → 33 pkts  raw=2811B  packed=1266B
2026-03-30 19:35:43 [DEBUG] __main__ — [multi] выбор: acc4 (recv_count=0, last_event=send) | ready=['acc1', 'acc4', 'acc6'] | p1=['acc1', 'acc4', 'acc6'] | p2=[] | stats={'acc1': {'recv_count': 0, 'last_event': 'send', 'wait': '0.000s'}, 'acc2': {'recv_count': 1, 'last_event': 'recv', 'wait': '0.266s'}, 'acc3': {'recv_count': 0, 'last_event': 'send', 'wait': '0.565s'}, 'acc4': {'recv_count': 0, 'last_event': 'send', 'wait': '0.000s'}, 'acc5': {'recv_count': 3, 'last_event': 'recv', 'wait': '1.150s'}, 'acc6': {'recv_count': 0, 'last_event': 'send', 'wait': '0.000s'}}
2026-03-30 19:35:43 [DEBUG] __main__ — [transport:acc4] ws msg op=87 cmd=1
2026-03-30 19:35:43 [DEBUG] __main__ — [transport:acc4] jpeg-wrap raw=1266 jpeg=1912
2026-03-30 19:35:43 [DEBUG] __main__ — [transport:acc4] upload ok fileId=3050002099 size=1266
2026-03-30 19:35:43 [DEBUG] __main__ — [transport:acc4] ws msg op=136 cmd=0
2026-03-30 19:35:43 [DEBUG] __main__ — [transport:acc1] ws msg op=132 cmd=0
2026-03-30 19:35:43 [DEBUG] __main__ — [transport:acc4] ws msg op=64 cmd=1
2026-03-30 19:35:43 [DEBUG] __main__ — [transport:acc4] msg op=64 attaches=1
2026-03-30 19:35:43 [DEBUG] __main__ — [transport:acc4] skip own fileId=3050002099
2026-03-30 19:35:43 [DEBUG] __main__ — [transport:acc1] ws msg op=136 cmd=0
2026-03-30 19:35:43 [DEBUG] __main__ — [transport:acc1] ws msg op=128 cmd=0
2026-03-30 19:35:43 [DEBUG] __main__ — [transport:acc1] msg op=128 attaches=1
2026-03-30 19:35:43 [DEBUG] __main__ — [transport:acc1] incoming fileId=3045213896 msgId=116319331546782326
2026-03-30 19:35:44 [DEBUG] __main__ — [transport:acc1] ws msg op=88 cmd=1
2026-03-30 19:35:44 [DEBUG] __main__ — [transport:acc1] recv_file fileId=3045213896 size=452
2026-03-30 19:35:44 [DEBUG] __main__ — [tun] ← 8 pkts  raw=452B
2026-03-30 19:35:44 [DEBUG] __main__ — [tun] → 11 pkts  raw=498B  packed=365B
2026-03-30 19:35:44 [DEBUG] __main__ — [multi] выбор: acc3 (recv_count=0, last_event=send) | ready=['acc2', 'acc3', 'acc5', 'acc6'] | p1=['acc3', 'acc6'] | p2=[] | stats={'acc1': {'recv_count': 1, 'last_event': 'recv', 'wait': '1.310s'}, 'acc2': {'recv_count': 1, 'last_event': 'recv', 'wait': '0.000s'}, 'acc3': {'recv_count': 0, 'last_event': 'send', 'wait': '0.000s'}, 'acc4': {'recv_count': 0, 'last_event': 'send', 'wait': '0.354s'}, 'acc5': {'recv_count': 3, 'last_event': 'recv', 'wait': '0.000s'}, 'acc6': {'recv_count': 0, 'last_event': 'send', 'wait': '0.000s'}}
2026-03-30 19:35:44 [DEBUG] __main__ — [transport:acc3] ws msg op=87 cmd=1
2026-03-30 19:35:44 [DEBUG] __main__ — [transport:acc3] jpeg-wrap raw=365 jpeg=1011
2026-03-30 19:35:44 [DEBUG] __main__ — [transport:acc3] upload ok fileId=3054525044 size=365
2026-03-30 19:35:44 [DEBUG] __main__ — [transport:acc3] ws msg op=136 cmd=0
2026-03-30 19:35:44 [DEBUG] __main__ — [transport:acc3] ws msg op=64 cmd=1
2026-03-30 19:35:44 [DEBUG] __main__ — [transport:acc3] msg op=64 attaches=1
2026-03-30 19:35:44 [DEBUG] __main__ — [transport:acc3] skip own fileId=3054525044
2026-03-30 19:35:44 [DEBUG] __main__ — [transport:acc5] ws msg op=136 cmd=0
2026-03-30 19:35:44 [DEBUG] __main__ — [transport:acc5] ws msg op=128 cmd=0
2026-03-30 19:35:44 [DEBUG] __main__ — [transport:acc5] msg op=128 attaches=1
2026-03-30 19:35:44 [DEBUG] __main__ — [transport:acc5] incoming fileId=3042850997 msgId=116319331605226327
2026-03-30 19:35:44 [DEBUG] __main__ — [transport:acc5] ws msg op=88 cmd=1
2026-03-30 19:35:44 [DEBUG] __main__ — [transport:acc5] recv_file fileId=3042850997 size=4232
2026-03-30 19:35:44 [DEBUG] __main__ — [tun] ← 21 pkts  raw=4232B
2026-03-30 19:35:45 [DEBUG] __main__ — [tun] → 17 pkts  raw=1376B  packed=941B
2026-03-30 19:35:45 [DEBUG] __main__ — [multi] выбор: acc6 (recv_count=0, last_event=send) | ready=['acc2', 'acc4', 'acc6'] | p1=['acc4', 'acc6'] | p2=[] | stats={'acc1': {'recv_count': 1, 'last_event': 'recv', 'wait': '0.277s'}, 'acc2': {'recv_count': 1, 'last_event': 'recv', 'wait': '0.000s'}, 'acc3': {'recv_count': 0, 'last_event': 'send', 'wait': '0.586s'}, 'acc4': {'recv_count': 0, 'last_event': 'send', 'wait': '0.000s'}, 'acc5': {'recv_count': 4, 'last_event': 'recv', 'wait': '1.144s'}, 'acc6': {'recv_count': 0, 'last_event': 'send', 'wait': '0.000s'}}
2026-03-30 19:35:45 [DEBUG] __main__ — [transport:acc6] ws msg op=87 cmd=1
2026-03-30 19:35:45 [DEBUG] __main__ — [transport:acc6] jpeg-wrap raw=941 jpeg=1587
2026-03-30 19:35:45 [DEBUG] __main__ — [transport:acc6] upload ok fileId=3047617938 size=941
2026-03-30 19:35:45 [DEBUG] __main__ — [transport:acc6] ws msg op=136 cmd=0
2026-03-30 19:35:45 [DEBUG] __main__ — [transport:acc6] ws msg op=64 cmd=1
2026-03-30 19:35:45 [DEBUG] __main__ — [transport:acc6] msg op=64 attaches=1
2026-03-30 19:35:45 [DEBUG] __main__ — [transport:acc6] skip own fileId=3047617938
2026-03-30 19:35:46 [ERROR] asyncio — Unclosed connector
connections: ['deque([(<aiohttp.client_proto.ResponseHandler object at 0x76217010b520>, 90906.052929927)])']
connector: <__main__.BoundTCPConnector object at 0x7621723150c0>
2026-03-30 19:35:46 [ERROR] asyncio — Fatal error on SSL transport
protocol: <asyncio.sslproto.SSLProtocol object at 0x76217013d7b0>
transport: <_SelectorSocketTransport closing fd=15>
Traceback (most recent call last):
  File "/usr/lib/python3.10/asyncio/selector_events.py", line 924, in write
    n = self._sock.send(data)
OSError: [Errno 9] Bad file descriptor

During handling of the above exception, another exception occurred:

Traceback (most recent call last):
  File "/usr/lib/python3.10/asyncio/sslproto.py", line 690, in _process_write_backlog
    self._transport.write(chunk)
  File "/usr/lib/python3.10/asyncio/selector_events.py", line 930, in write
    self._fatal_error(exc, 'Fatal write error on socket transport')
  File "/usr/lib/python3.10/asyncio/selector_events.py", line 725, in _fatal_error
    self._force_close(exc)
  File "/usr/lib/python3.10/asyncio/selector_events.py", line 737, in _force_close
    self._loop.call_soon(self._call_connection_lost, exc)
  File "/usr/lib/python3.10/asyncio/base_events.py", line 753, in call_soon
    self._check_closed()
  File "/usr/lib/python3.10/asyncio/base_events.py", line 515, in _check_closed
    raise RuntimeError('Event loop is closed')
RuntimeError: Event loop is closed
2026-03-30 19:35:46 [ERROR] asyncio — Fatal error on SSL transport
protocol: <asyncio.sslproto.SSLProtocol object at 0x76217013d2d0>
transport: <_SelectorSocketTransport closing fd=16>
Traceback (most recent call last):
  File "/usr/lib/python3.10/asyncio/selector_events.py", line 924, in write
    n = self._sock.send(data)
OSError: [Errno 9] Bad file descriptor

During handling of the above exception, another exception occurred:

Traceback (most recent call last):
  File "/usr/lib/python3.10/asyncio/sslproto.py", line 690, in _process_write_backlog
    self._transport.write(chunk)
  File "/usr/lib/python3.10/asyncio/selector_events.py", line 930, in write
    self._fatal_error(exc, 'Fatal write error on socket transport')
  File "/usr/lib/python3.10/asyncio/selector_events.py", line 725, in _fatal_error
    self._force_close(exc)
  File "/usr/lib/python3.10/asyncio/selector_events.py", line 737, in _force_close
    self._loop.call_soon(self._call_connection_lost, exc)
  File "/usr/lib/python3.10/asyncio/base_events.py", line 753, in call_soon
    self._check_closed()
  File "/usr/lib/python3.10/asyncio/base_events.py", line 515, in _check_closed
    raise RuntimeError('Event loop is closed')
RuntimeError: Event loop is closed
2026-03-30 19:35:46 [ERROR] asyncio — Fatal error on SSL transport
protocol: <asyncio.sslproto.SSLProtocol object at 0x76217013d600>
transport: <_SelectorSocketTransport closing fd=17>
Traceback (most recent call last):
  File "/usr/lib/python3.10/asyncio/selector_events.py", line 924, in write
    n = self._sock.send(data)
OSError: [Errno 9] Bad file descriptor

During handling of the above exception, another exception occurred:

Traceback (most recent call last):
  File "/usr/lib/python3.10/asyncio/sslproto.py", line 690, in _process_write_backlog
    self._transport.write(chunk)
  File "/usr/lib/python3.10/asyncio/selector_events.py", line 930, in write
    self._fatal_error(exc, 'Fatal write error on socket transport')
  File "/usr/lib/python3.10/asyncio/selector_events.py", line 725, in _fatal_error
    self._force_close(exc)
  File "/usr/lib/python3.10/asyncio/selector_events.py", line 737, in _force_close
    self._loop.call_soon(self._call_connection_lost, exc)
  File "/usr/lib/python3.10/asyncio/base_events.py", line 753, in call_soon
    self._check_closed()
  File "/usr/lib/python3.10/asyncio/base_events.py", line 515, in _check_closed
    raise RuntimeError('Event loop is closed')
RuntimeError: Event loop is closed
2026-03-30 19:35:46 [ERROR] asyncio — Fatal error on SSL transport
protocol: <asyncio.sslproto.SSLProtocol object at 0x76217013dea0>
transport: <_SelectorSocketTransport closing fd=18>
Traceback (most recent call last):
  File "/usr/lib/python3.10/asyncio/selector_events.py", line 924, in write
    n = self._sock.send(data)
OSError: [Errno 9] Bad file descriptor

During handling of the above exception, another exception occurred:

Traceback (most recent call last):
  File "/usr/lib/python3.10/asyncio/sslproto.py", line 690, in _process_write_backlog
    self._transport.write(chunk)
  File "/usr/lib/python3.10/asyncio/selector_events.py", line 930, in write
    self._fatal_error(exc, 'Fatal write error on socket transport')
  File "/usr/lib/python3.10/asyncio/selector_events.py", line 725, in _fatal_error
    self._force_close(exc)
  File "/usr/lib/python3.10/asyncio/selector_events.py", line 737, in _force_close
    self._loop.call_soon(self._call_connection_lost, exc)
  File "/usr/lib/python3.10/asyncio/base_events.py", line 753, in call_soon
    self._check_closed()
  File "/usr/lib/python3.10/asyncio/base_events.py", line 515, in _check_closed
    raise RuntimeError('Event loop is closed')
RuntimeError: Event loop is closed
2026-03-30 19:35:46 [ERROR] asyncio — Fatal error on SSL transport
protocol: <asyncio.sslproto.SSLProtocol object at 0x76217013e0e0>
transport: <_SelectorSocketTransport closing fd=19>
Traceback (most recent call last):
  File "/usr/lib/python3.10/asyncio/selector_events.py", line 924, in write
    n = self._sock.send(data)
OSError: [Errno 9] Bad file descriptor

During handling of the above exception, another exception occurred:

Traceback (most recent call last):
  File "/usr/lib/python3.10/asyncio/sslproto.py", line 690, in _process_write_backlog
    self._transport.write(chunk)
  File "/usr/lib/python3.10/asyncio/selector_events.py", line 930, in write
    self._fatal_error(exc, 'Fatal write error on socket transport')
  File "/usr/lib/python3.10/asyncio/selector_events.py", line 725, in _fatal_error
    self._force_close(exc)
  File "/usr/lib/python3.10/asyncio/selector_events.py", line 737, in _force_close
    self._loop.call_soon(self._call_connection_lost, exc)
  File "/usr/lib/python3.10/asyncio/base_events.py", line 753, in call_soon
    self._check_closed()
  File "/usr/lib/python3.10/asyncio/base_events.py", line 515, in _check_closed
    raise RuntimeError('Event loop is closed')
RuntimeError: Event loop is closed
2026-03-30 19:35:46 [ERROR] asyncio — Fatal error on SSL transport
protocol: <asyncio.sslproto.SSLProtocol object at 0x76217013e4d0>
transport: <_SelectorSocketTransport closing fd=20>
Traceback (most recent call last):
  File "/usr/lib/python3.10/asyncio/selector_events.py", line 924, in write
    n = self._sock.send(data)
OSError: [Errno 9] Bad file descriptor

During handling of the above exception, another exception occurred:

Traceback (most recent call last):
  File "/usr/lib/python3.10/asyncio/sslproto.py", line 690, in _process_write_backlog
    self._transport.write(chunk)
  File "/usr/lib/python3.10/asyncio/selector_events.py", line 930, in write
    self._fatal_error(exc, 'Fatal write error on socket transport')
  File "/usr/lib/python3.10/asyncio/selector_events.py", line 725, in _fatal_error
    self._force_close(exc)
  File "/usr/lib/python3.10/asyncio/selector_events.py", line 737, in _force_close
    self._loop.call_soon(self._call_connection_lost, exc)
  File "/usr/lib/python3.10/asyncio/base_events.py", line 753, in call_soon
    self._check_closed()
  File "/usr/lib/python3.10/asyncio/base_events.py", line 515, in _check_closed
    raise RuntimeError('Event loop is closed')
RuntimeError: Event loop is closed
2026-03-30 19:35:46 [ERROR] asyncio — Fatal error on SSL transport
protocol: <asyncio.sslproto.SSLProtocol object at 0x76217013ea40>
transport: <_SelectorSocketTransport closing fd=21>
Traceback (most recent call last):
  File "/usr/lib/python3.10/asyncio/selector_events.py", line 924, in write
    n = self._sock.send(data)
OSError: [Errno 9] Bad file descriptor

During handling of the above exception, another exception occurred:

Traceback (most recent call last):
  File "/usr/lib/python3.10/asyncio/sslproto.py", line 690, in _process_write_backlog
    self._transport.write(chunk)
  File "/usr/lib/python3.10/asyncio/selector_events.py", line 930, in write
    self._fatal_error(exc, 'Fatal write error on socket transport')
  File "/usr/lib/python3.10/asyncio/selector_events.py", line 725, in _fatal_error
    self._force_close(exc)
  File "/usr/lib/python3.10/asyncio/selector_events.py", line 737, in _force_close
    self._loop.call_soon(self._call_connection_lost, exc)
  File "/usr/lib/python3.10/asyncio/base_events.py", line 753, in call_soon
    self._check_closed()
  File "/usr/lib/python3.10/asyncio/base_events.py", line 515, in _check_closed
    raise RuntimeError('Event loop is closed')
RuntimeError: Event loop is closed
2026-03-30 19:35:46 [ERROR] asyncio — Unclosed connector
connections: ['deque([(<aiohttp.client_proto.ResponseHandler object at 0x76217235d360>, 90907.317284094)])']
connector: <__main__.BoundTCPConnector object at 0x762172314ac0>
2026-03-30 19:35:46 [ERROR] asyncio — Unclosed connector
connections: ['deque([(<aiohttp.client_proto.ResponseHandler object at 0x7621722f7c40>, 90908.34866782)])']
connector: <__main__.BoundTCPConnector object at 0x7621723160e0>
2026-03-30 19:35:46 [ERROR] asyncio — Unclosed connector
connections: ['deque([(<aiohttp.client_proto.ResponseHandler object at 0x76217235c700>, 90899.87971538)])', 'deque([(<aiohttp.client_proto.ResponseHandler object at 0x7621722f7a00>, 90904.749234425)])']
connector: <__main__.BoundTCPConnector object at 0x762172314280>
2026-03-30 19:35:46 [ERROR] asyncio — Unclosed connector
connections: ['deque([(<aiohttp.client_proto.ResponseHandler object at 0x76217010bac0>, 90902.812479322)])', 'deque([(<aiohttp.client_proto.ResponseHandler object at 0x76217235d9c0>, 90907.008510296)])']
connector: <__main__.BoundTCPConnector object at 0x762172cd7d00>
2026-03-30 19:35:46 [ERROR] asyncio — Unclosed connector
connections: ['deque([(<aiohttp.client_proto.ResponseHandler object at 0x76217010bbe0>, 90907.875080734)])']
connector: <__main__.BoundTCPConnector object at 0x7621723158d0>
