2026-03-31 00:59:03 [DEBUG] __main__ — [tun] ip link set tun0 up mtu 1400: OK
2026-03-31 00:59:03 [DEBUG] __main__ — [tun] ip addr add 10.0.1.1/30 dev tun0: OK
2026-03-31 00:59:03 [INFO] __main__ — [net] HTTP трафик скрипта привязан к интерфейсу: wlp0s20f3
2026-03-31 00:59:03 [DEBUG] __main__ — [transport:acc1] ws msg op=6 cmd=1
2026-03-31 00:59:03 [INFO] __main__ — [net] HTTP трафик скрипта привязан к интерфейсу: wlp0s20f3
2026-03-31 00:59:03 [INFO] __main__ — [net] HTTP трафик скрипта привязан к интерфейсу: wlp0s20f3
2026-03-31 00:59:03 [INFO] __main__ — [net] HTTP трафик скрипта привязан к интерфейсу: wlp0s20f3
2026-03-31 00:59:03 [DEBUG] __main__ — [transport:acc4] ws msg op=6 cmd=1
2026-03-31 00:59:03 [DEBUG] __main__ — [transport:acc6] ws msg op=6 cmd=1
2026-03-31 00:59:03 [DEBUG] __main__ — [transport:acc3] ws msg op=6 cmd=1
2026-03-31 00:59:03 [INFO] __main__ — [net] HTTP трафик скрипта привязан к интерфейсу: wlp0s20f3
2026-03-31 00:59:03 [DEBUG] __main__ — [transport:acc5] ws msg op=6 cmd=1
2026-03-31 00:59:03 [DEBUG] __main__ — [transport:acc1] ws msg op=19 cmd=1
2026-03-31 00:59:03 [DEBUG] __main__ — [transport:acc1] ws msg op=292 cmd=0
2026-03-31 00:59:03 [DEBUG] __main__ — [transport:acc5] ws msg op=19 cmd=1
2026-03-31 00:59:03 [DEBUG] __main__ — [transport:acc5] ws msg op=292 cmd=0
2026-03-31 00:59:03 [INFO] __main__ — Авторизован [client:acc1], chatId=0
2026-03-31 00:59:03 [INFO] __main__ — Авторизован [client:acc5], chatId=0
2026-03-31 00:59:03 [DEBUG] __main__ — [transport:acc4] ws msg op=19 cmd=1
2026-03-31 00:59:03 [DEBUG] __main__ — [transport:acc4] ws msg op=292 cmd=0
2026-03-31 00:59:03 [INFO] __main__ — Авторизован [client:acc4], chatId=0
2026-03-31 00:59:03 [DEBUG] __main__ — [transport:acc6] ws msg op=19 cmd=1
2026-03-31 00:59:03 [DEBUG] __main__ — [transport:acc6] ws msg op=292 cmd=0
2026-03-31 00:59:03 [INFO] __main__ — Авторизован [client:acc6], chatId=0
2026-03-31 00:59:03 [DEBUG] __main__ — [transport:acc5] ws msg op=48 cmd=1
2026-03-31 00:59:03 [DEBUG] __main__ — [transport:acc1] ws msg op=48 cmd=1
2026-03-31 00:59:03 [DEBUG] __main__ — [transport:acc4] ws msg op=48 cmd=1
2026-03-31 00:59:03 [DEBUG] __main__ — [transport:acc6] ws msg op=48 cmd=1
2026-03-31 00:59:03 [DEBUG] __main__ — [transport:acc3] ws msg op=19 cmd=1
2026-03-31 00:59:03 [DEBUG] __main__ — [transport:acc3] ws msg op=292 cmd=0
2026-03-31 00:59:03 [INFO] __main__ — Авторизован [client:acc3], chatId=0
2026-03-31 00:59:03 [DEBUG] __main__ — [transport:acc3] ws msg op=48 cmd=1
2026-03-31 00:59:03 [INFO] __main__ — [net] HTTP трафик скрипта привязан к интерфейсу: wlp0s20f3
2026-03-31 00:59:03 [DEBUG] __main__ — [transport:acc2] ws msg op=6 cmd=1
2026-03-31 00:59:03 [DEBUG] __main__ — [transport:acc2] ws msg op=19 cmd=1
2026-03-31 00:59:03 [DEBUG] __main__ — [transport:acc2] ws msg op=292 cmd=0
2026-03-31 00:59:03 [INFO] __main__ — Авторизован [client:acc2], chatId=0
2026-03-31 00:59:03 [DEBUG] __main__ — [transport:acc1] ws msg op=132 cmd=0
2026-03-31 00:59:03 [DEBUG] __main__ — [transport:acc2] ws msg op=48 cmd=1
2026-03-31 00:59:03 [DEBUG] __main__ — [tun] → 1 pkts  raw=54B  packed=49B
2026-03-31 00:59:03 [DEBUG] __main__ — [multi] ранжирование: {'acc1': {'recv_count': 0, 'remaining': 100, 'last_event': 'recv', 'r1': 1, 'r2': 1, 'r3': 1, 'score': '1.00'}, 'acc2': {'recv_count': 0, 'remaining': 100, 'last_event': 'recv', 'r1': 2, 'r2': 2, 'r3': 2, 'score': '2.00'}, 'acc3': {'recv_count': 0, 'remaining': 100, 'last_event': 'recv', 'r1': 3, 'r2': 3, 'r3': 3, 'score': '3.00'}, 'acc4': {'recv_count': 0, 'remaining': 100, 'last_event': 'recv', 'r1': 4, 'r2': 4, 'r3': 4, 'score': '4.00'}, 'acc5': {'recv_count': 0, 'remaining': 100, 'last_event': 'recv', 'r1': 5, 'r2': 5, 'r3': 5, 'score': '5.00'}, 'acc6': {'recv_count': 0, 'remaining': 100, 'last_event': 'recv', 'r1': 6, 'r2': 6, 'r3': 6, 'score': '6.00'}}
2026-03-31 00:59:03 [DEBUG] __main__ — [multi] выбор: acc1 (recv_count=0, remaining=101, last_event=recv) | stats={'acc1': {'recv_count': 0, 'remaining': 100, 'last_event': 'recv', 'busy': True}, 'acc2': {'recv_count': 0, 'remaining': 100, 'last_event': 'recv', 'busy': False}, 'acc3': {'recv_count': 0, 'remaining': 100, 'last_event': 'recv', 'busy': False}, 'acc4': {'recv_count': 0, 'remaining': 100, 'last_event': 'recv', 'busy': False}, 'acc5': {'recv_count': 0, 'remaining': 100, 'last_event': 'recv', 'busy': False}, 'acc6': {'recv_count': 0, 'remaining': 100, 'last_event': 'recv', 'busy': False}}
2026-03-31 00:59:04 [DEBUG] __main__ — [transport:acc1] ws msg op=87 cmd=1
2026-03-31 00:59:04 [DEBUG] __main__ — [transport:acc1] jpeg-wrap raw=49 jpeg=695
2026-03-31 00:59:04 [DEBUG] __main__ — [transport:acc1] upload ok fileId=3050899123 size=49
2026-03-31 00:59:04 [DEBUG] __main__ — [transport:acc1] ws msg op=136 cmd=0
2026-03-31 00:59:04 [DEBUG] __main__ — [transport:acc1] ws msg op=64 cmd=1
2026-03-31 00:59:04 [DEBUG] __main__ — [transport:acc1] msg op=64 attaches=1
2026-03-31 00:59:04 [DEBUG] __main__ — [transport:acc1] skip own fileId=3050899123
2026-03-31 00:59:04 [DEBUG] __main__ — [transport:acc2] ws msg op=136 cmd=0
2026-03-31 00:59:04 [DEBUG] __main__ — [transport:acc2] ws msg op=128 cmd=0
2026-03-31 00:59:04 [DEBUG] __main__ — [transport:acc2] msg op=128 attaches=1
2026-03-31 00:59:04 [DEBUG] __main__ — [transport:acc2] incoming fileId=3061466010 msgId=116320602998651020
2026-03-31 00:59:04 [DEBUG] __main__ — [transport:acc2] ws msg op=88 cmd=1
2026-03-31 00:59:04 [DEBUG] __main__ — [transport:acc2] recv_file fileId=3061466010 size=54
2026-03-31 00:59:04 [DEBUG] __main__ — [tun] ← 1 pkts  raw=54B
2026-03-31 00:59:08 [DEBUG] __main__ — [tun] → 1 pkts  raw=54B  packed=49B
2026-03-31 00:59:08 [DEBUG] __main__ — [multi] ранжирование: {'acc1': {'recv_count': 0, 'remaining': 99, 'last_event': 'send', 'r1': 1, 'r2': 6, 'r3': 6, 'score': '4.33'}, 'acc2': {'recv_count': 1, 'remaining': 100, 'last_event': 'recv', 'r1': 6, 'r2': 1, 'r3': 1, 'score': '2.67'}, 'acc3': {'recv_count': 0, 'remaining': 100, 'last_event': 'recv', 'r1': 2, 'r2': 2, 'r3': 2, 'score': '2.00'}, 'acc4': {'recv_count': 0, 'remaining': 100, 'last_event': 'recv', 'r1': 3, 'r2': 3, 'r3': 3, 'score': '3.00'}, 'acc5': {'recv_count': 0, 'remaining': 100, 'last_event': 'recv', 'r1': 4, 'r2': 4, 'r3': 4, 'score': '4.00'}, 'acc6': {'recv_count': 0, 'remaining': 100, 'last_event': 'recv', 'r1': 5, 'r2': 5, 'r3': 5, 'score': '5.00'}}
2026-03-31 00:59:08 [DEBUG] __main__ — [multi] выбор: acc3 (recv_count=0, remaining=101, last_event=recv) | stats={'acc1': {'recv_count': 0, 'remaining': 99, 'last_event': 'send', 'busy': False}, 'acc2': {'recv_count': 1, 'remaining': 100, 'last_event': 'recv', 'busy': False}, 'acc3': {'recv_count': 0, 'remaining': 100, 'last_event': 'recv', 'busy': True}, 'acc4': {'recv_count': 0, 'remaining': 100, 'last_event': 'recv', 'busy': False}, 'acc5': {'recv_count': 0, 'remaining': 100, 'last_event': 'recv', 'busy': False}, 'acc6': {'recv_count': 0, 'remaining': 100, 'last_event': 'recv', 'busy': False}}
2026-03-31 00:59:08 [DEBUG] __main__ — [transport:acc3] ws msg op=87 cmd=1
2026-03-31 00:59:08 [DEBUG] __main__ — [transport:acc3] jpeg-wrap raw=49 jpeg=695
2026-03-31 00:59:08 [DEBUG] __main__ — [transport:acc3] upload ok fileId=3043166852 size=49
2026-03-31 00:59:08 [DEBUG] __main__ — [transport:acc3] ws msg op=136 cmd=0
2026-03-31 00:59:08 [DEBUG] __main__ — [transport:acc3] ws msg op=64 cmd=1
2026-03-31 00:59:08 [DEBUG] __main__ — [transport:acc3] msg op=64 attaches=1
2026-03-31 00:59:08 [DEBUG] __main__ — [transport:acc3] skip own fileId=3043166852
2026-03-31 00:59:10 [DEBUG] __main__ — [transport:acc4] ws msg op=136 cmd=0
2026-03-31 00:59:10 [DEBUG] __main__ — [transport:acc4] ws msg op=128 cmd=0
2026-03-31 00:59:10 [DEBUG] __main__ — [transport:acc4] msg op=128 attaches=1
2026-03-31 00:59:10 [DEBUG] __main__ — [transport:acc4] incoming fileId=3050899379 msgId=116320603374445806
2026-03-31 00:59:10 [DEBUG] __main__ — [transport:acc4] ws msg op=88 cmd=1
2026-03-31 00:59:10 [DEBUG] __main__ — [transport:acc4] recv_file fileId=3050899379 size=433
2026-03-31 00:59:10 [DEBUG] __main__ — [tun] ← 3 pkts  raw=433B
2026-03-31 00:59:12 [DEBUG] __main__ — [transport:acc5] ws msg op=136 cmd=0
2026-03-31 00:59:12 [DEBUG] __main__ — [transport:acc5] ws msg op=128 cmd=0
2026-03-31 00:59:12 [DEBUG] __main__ — [transport:acc5] msg op=128 attaches=1
2026-03-31 00:59:12 [DEBUG] __main__ — [transport:acc5] incoming fileId=3045837204 msgId=116320603490166701
2026-03-31 00:59:12 [DEBUG] __main__ — [transport:acc5] ws msg op=88 cmd=1
2026-03-31 00:59:12 [DEBUG] __main__ — [transport:acc5] recv_file fileId=3045837204 size=97
2026-03-31 00:59:12 [DEBUG] __main__ — [tun] ← 1 pkts  raw=97B
2026-03-31 00:59:12 [DEBUG] __main__ — [transport:acc1] ws msg op=136 cmd=0
2026-03-31 00:59:12 [DEBUG] __main__ — [transport:acc1] ws msg op=128 cmd=0
2026-03-31 00:59:12 [DEBUG] __main__ — [transport:acc1] msg op=128 attaches=1
2026-03-31 00:59:12 [DEBUG] __main__ — [transport:acc1] incoming fileId=3056313243 msgId=116320603528103735
2026-03-31 00:59:12 [DEBUG] __main__ — [transport:acc1] ws msg op=88 cmd=1
2026-03-31 00:59:12 [DEBUG] __main__ — [transport:acc1] recv_file fileId=3056313243 size=54
2026-03-31 00:59:12 [DEBUG] __main__ — [tun] ← 1 pkts  raw=54B
2026-03-31 00:59:16 [DEBUG] __main__ — [tun] → 1 pkts  raw=54B  packed=49B
2026-03-31 00:59:16 [DEBUG] __main__ — [multi] ранжирование: {'acc1': {'recv_count': 1, 'remaining': 99, 'last_event': 'recv', 'r1': 3, 'r2': 5, 'r3': 1, 'score': '3.00'}, 'acc2': {'recv_count': 1, 'remaining': 100, 'last_event': 'recv', 'r1': 4, 'r2': 1, 'r3': 2, 'score': '2.33'}, 'acc3': {'recv_count': 0, 'remaining': 99, 'last_event': 'send', 'r1': 1, 'r2': 6, 'r3': 6, 'score': '4.33'}, 'acc4': {'recv_count': 1, 'remaining': 100, 'last_event': 'recv', 'r1': 5, 'r2': 2, 'r3': 3, 'score': '3.33'}, 'acc5': {'recv_count': 1, 'remaining': 100, 'last_event': 'recv', 'r1': 6, 'r2': 3, 'r3': 4, 'score': '4.33'}, 'acc6': {'recv_count': 0, 'remaining': 100, 'last_event': 'recv', 'r1': 2, 'r2': 4, 'r3': 5, 'score': '3.67'}}
2026-03-31 00:59:16 [DEBUG] __main__ — [multi] выбор: acc2 (recv_count=1, remaining=101, last_event=recv) | stats={'acc1': {'recv_count': 1, 'remaining': 99, 'last_event': 'recv', 'busy': False}, 'acc2': {'recv_count': 1, 'remaining': 100, 'last_event': 'recv', 'busy': True}, 'acc3': {'recv_count': 0, 'remaining': 99, 'last_event': 'send', 'busy': False}, 'acc4': {'recv_count': 1, 'remaining': 100, 'last_event': 'recv', 'busy': False}, 'acc5': {'recv_count': 1, 'remaining': 100, 'last_event': 'recv', 'busy': False}, 'acc6': {'recv_count': 0, 'remaining': 100, 'last_event': 'recv', 'busy': False}}
2026-03-31 00:59:16 [DEBUG] __main__ — [transport:acc2] ws msg op=87 cmd=1
2026-03-31 00:59:16 [DEBUG] __main__ — [transport:acc2] jpeg-wrap raw=49 jpeg=695
2026-03-31 00:59:16 [DEBUG] __main__ — [transport:acc2] upload ok fileId=3054627200 size=49
2026-03-31 00:59:16 [DEBUG] __main__ — [transport:acc2] ws msg op=136 cmd=0
2026-03-31 00:59:16 [DEBUG] __main__ — [transport:acc2] ws msg op=64 cmd=1
2026-03-31 00:59:16 [DEBUG] __main__ — [transport:acc2] msg op=64 attaches=1
2026-03-31 00:59:16 [DEBUG] __main__ — [transport:acc2] skip own fileId=3054627200
2026-03-31 00:59:20 [DEBUG] __main__ — [transport:acc6] ws msg op=136 cmd=0
2026-03-31 00:59:21 [DEBUG] __main__ — [transport:acc6] ws msg op=128 cmd=0
2026-03-31 00:59:21 [DEBUG] __main__ — [transport:acc6] msg op=128 attaches=1
2026-03-31 00:59:21 [DEBUG] __main__ — [transport:acc6] incoming fileId=3050921409 msgId=116320604063537303
2026-03-31 00:59:21 [DEBUG] __main__ — [transport:acc6] ws msg op=88 cmd=1
2026-03-31 00:59:21 [DEBUG] __main__ — [transport:acc6] recv_file fileId=3050921409 size=97
2026-03-31 00:59:21 [DEBUG] __main__ — [tun] ← 1 pkts  raw=97B
2026-03-31 00:59:29 [DEBUG] __main__ — [transport:acc2] ws msg op=136 cmd=0
2026-03-31 00:59:29 [DEBUG] __main__ — [transport:acc2] ws msg op=128 cmd=0
2026-03-31 00:59:29 [DEBUG] __main__ — [transport:acc2] msg op=128 attaches=1
2026-03-31 00:59:29 [DEBUG] __main__ — [transport:acc2] incoming fileId=3053122198 msgId=116320604614327934
2026-03-31 00:59:29 [DEBUG] __main__ — [transport:acc2] ws msg op=88 cmd=1
2026-03-31 00:59:29 [DEBUG] __main__ — [transport:acc2] recv_file fileId=3053122198 size=54
2026-03-31 00:59:29 [DEBUG] __main__ — [tun] ← 1 pkts  raw=54B
2026-03-31 00:59:29 [DEBUG] __main__ — [tun] → 1 pkts  raw=66B  packed=67B
2026-03-31 00:59:29 [DEBUG] __main__ — [multi] ранжирование: {'acc1': {'recv_count': 1, 'remaining': 99, 'last_event': 'recv', 'r1': 2, 'r2': 4, 'r3': 1, 'score': '2.33'}, 'acc2': {'recv_count': 2, 'remaining': 99, 'last_event': 'recv', 'r1': 6, 'r2': 5, 'r3': 2, 'score': '4.33'}, 'acc3': {'recv_count': 0, 'remaining': 99, 'last_event': 'send', 'r1': 1, 'r2': 6, 'r3': 6, 'score': '4.33'}, 'acc4': {'recv_count': 1, 'remaining': 100, 'last_event': 'recv', 'r1': 3, 'r2': 1, 'r3': 3, 'score': '2.33'}, 'acc5': {'recv_count': 1, 'remaining': 100, 'last_event': 'recv', 'r1': 4, 'r2': 2, 'r3': 4, 'score': '3.33'}, 'acc6': {'recv_count': 1, 'remaining': 100, 'last_event': 'recv', 'r1': 5, 'r2': 3, 'r3': 5, 'score': '4.33'}}
2026-03-31 00:59:29 [DEBUG] __main__ — [multi] выбор: acc1 (recv_count=1, remaining=100, last_event=recv) | stats={'acc1': {'recv_count': 1, 'remaining': 99, 'last_event': 'recv', 'busy': True}, 'acc2': {'recv_count': 2, 'remaining': 99, 'last_event': 'recv', 'busy': False}, 'acc3': {'recv_count': 0, 'remaining': 99, 'last_event': 'send', 'busy': False}, 'acc4': {'recv_count': 1, 'remaining': 100, 'last_event': 'recv', 'busy': False}, 'acc5': {'recv_count': 1, 'remaining': 100, 'last_event': 'recv', 'busy': False}, 'acc6': {'recv_count': 1, 'remaining': 100, 'last_event': 'recv', 'busy': False}}
2026-03-31 00:59:29 [DEBUG] __main__ — [transport:acc1] ws msg op=87 cmd=1
2026-03-31 00:59:29 [DEBUG] __main__ — [transport:acc1] jpeg-wrap raw=67 jpeg=713
2026-03-31 00:59:29 [DEBUG] __main__ — [transport:acc1] upload ok fileId=3048922520 size=67
2026-03-31 00:59:29 [DEBUG] __main__ — [transport:acc1] ws msg op=136 cmd=0
2026-03-31 00:59:29 [DEBUG] __main__ — [transport:acc1] ws msg op=64 cmd=1
2026-03-31 00:59:29 [DEBUG] __main__ — [transport:acc1] msg op=64 attaches=1
2026-03-31 00:59:29 [DEBUG] __main__ — [transport:acc1] skip own fileId=3048922520
2026-03-31 00:59:30 [DEBUG] __main__ — [tun] → 1 pkts  raw=66B  packed=67B
2026-03-31 00:59:30 [DEBUG] __main__ — [multi] ранжирование: {'acc1': {'recv_count': 1, 'remaining': 98, 'last_event': 'send', 'r1': 2, 'r2': 6, 'r3': 5, 'score': '4.33'}, 'acc2': {'recv_count': 2, 'remaining': 99, 'last_event': 'recv', 'r1': 6, 'r2': 4, 'r3': 1, 'score': '3.67'}, 'acc3': {'recv_count': 0, 'remaining': 99, 'last_event': 'send', 'r1': 1, 'r2': 5, 'r3': 6, 'score': '4.00'}, 'acc4': {'recv_count': 1, 'remaining': 100, 'last_event': 'recv', 'r1': 3, 'r2': 1, 'r3': 2, 'score': '2.00'}, 'acc5': {'recv_count': 1, 'remaining': 100, 'last_event': 'recv', 'r1': 4, 'r2': 2, 'r3': 3, 'score': '3.00'}, 'acc6': {'recv_count': 1, 'remaining': 100, 'last_event': 'recv', 'r1': 5, 'r2': 3, 'r3': 4, 'score': '4.00'}}
2026-03-31 00:59:30 [DEBUG] __main__ — [multi] выбор: acc4 (recv_count=1, remaining=101, last_event=recv) | stats={'acc1': {'recv_count': 1, 'remaining': 98, 'last_event': 'send', 'busy': False}, 'acc2': {'recv_count': 2, 'remaining': 99, 'last_event': 'recv', 'busy': False}, 'acc3': {'recv_count': 0, 'remaining': 99, 'last_event': 'send', 'busy': False}, 'acc4': {'recv_count': 1, 'remaining': 100, 'last_event': 'recv', 'busy': True}, 'acc5': {'recv_count': 1, 'remaining': 100, 'last_event': 'recv', 'busy': False}, 'acc6': {'recv_count': 1, 'remaining': 100, 'last_event': 'recv', 'busy': False}}
2026-03-31 00:59:30 [DEBUG] __main__ — [transport:acc4] ws msg op=87 cmd=1
2026-03-31 00:59:30 [DEBUG] __main__ — [transport:acc4] jpeg-wrap raw=67 jpeg=713
2026-03-31 00:59:30 [DEBUG] __main__ — [transport:acc4] ws msg op=136 cmd=0
2026-03-31 00:59:30 [DEBUG] __main__ — [transport:acc4] upload ok fileId=3050921921 size=67
2026-03-31 00:59:30 [DEBUG] __main__ — [transport:acc4] ws msg op=128 cmd=0
2026-03-31 00:59:30 [DEBUG] __main__ — [transport:acc4] msg op=128 attaches=1
2026-03-31 00:59:30 [DEBUG] __main__ — [transport:acc4] incoming fileId=3052342783 msgId=116320604697143875
2026-03-31 00:59:30 [DEBUG] __main__ — [transport:acc4] ws msg op=88 cmd=1
2026-03-31 00:59:30 [DEBUG] __main__ — [transport:acc4] recv_file fileId=3052342783 size=66
2026-03-31 00:59:30 [DEBUG] __main__ — [tun] ← 1 pkts  raw=66B
2026-03-31 00:59:30 [DEBUG] __main__ — [transport:acc4] ws msg op=136 cmd=0
2026-03-31 00:59:30 [DEBUG] __main__ — [transport:acc4] ws msg op=64 cmd=1
2026-03-31 00:59:30 [DEBUG] __main__ — [transport:acc4] msg op=64 attaches=1
2026-03-31 00:59:30 [DEBUG] __main__ — [transport:acc4] skip own fileId=3050921921
2026-03-31 00:59:31 [DEBUG] __main__ — [tun] → 2 pkts  raw=629B  packed=428B
2026-03-31 00:59:31 [DEBUG] __main__ — [multi] ранжирование: {'acc1': {'recv_count': 1, 'remaining': 98, 'last_event': 'send', 'r1': 2, 'r2': 6, 'r3': 5, 'score': '4.33'}, 'acc2': {'recv_count': 2, 'remaining': 99, 'last_event': 'recv', 'r1': 5, 'r2': 3, 'r3': 1, 'score': '3.00'}, 'acc3': {'recv_count': 0, 'remaining': 99, 'last_event': 'send', 'r1': 1, 'r2': 4, 'r3': 6, 'score': '3.67'}, 'acc4': {'recv_count': 2, 'remaining': 99, 'last_event': 'recv', 'r1': 6, 'r2': 5, 'r3': 2, 'score': '4.33'}, 'acc5': {'recv_count': 1, 'remaining': 100, 'last_event': 'recv', 'r1': 3, 'r2': 1, 'r3': 3, 'score': '2.33'}, 'acc6': {'recv_count': 1, 'remaining': 100, 'last_event': 'recv', 'r1': 4, 'r2': 2, 'r3': 4, 'score': '3.33'}}
2026-03-31 00:59:31 [DEBUG] __main__ — [multi] выбор: acc5 (recv_count=1, remaining=101, last_event=recv) | stats={'acc1': {'recv_count': 1, 'remaining': 98, 'last_event': 'send', 'busy': False}, 'acc2': {'recv_count': 2, 'remaining': 99, 'last_event': 'recv', 'busy': False}, 'acc3': {'recv_count': 0, 'remaining': 99, 'last_event': 'send', 'busy': False}, 'acc4': {'recv_count': 2, 'remaining': 99, 'last_event': 'recv', 'busy': False}, 'acc5': {'recv_count': 1, 'remaining': 100, 'last_event': 'recv', 'busy': True}, 'acc6': {'recv_count': 1, 'remaining': 100, 'last_event': 'recv', 'busy': False}}
2026-03-31 00:59:31 [DEBUG] __main__ — [transport:acc5] ws msg op=87 cmd=1
2026-03-31 00:59:31 [DEBUG] __main__ — [transport:acc5] jpeg-wrap raw=428 jpeg=1074
2026-03-31 00:59:31 [DEBUG] __main__ — [transport:acc5] upload ok fileId=3041232192 size=428
2026-03-31 00:59:31 [DEBUG] __main__ — [transport:acc5] ws msg op=136 cmd=0
2026-03-31 00:59:31 [DEBUG] __main__ — [transport:acc5] ws msg op=64 cmd=1
2026-03-31 00:59:31 [DEBUG] __main__ — [transport:acc5] msg op=64 attaches=1
2026-03-31 00:59:31 [DEBUG] __main__ — [transport:acc5] skip own fileId=3041232192
2026-03-31 00:59:31 [DEBUG] __main__ — [transport:acc3] ws msg op=136 cmd=0
2026-03-31 00:59:31 [DEBUG] __main__ — [transport:acc3] ws msg op=128 cmd=0
2026-03-31 00:59:31 [DEBUG] __main__ — [transport:acc3] msg op=128 attaches=1
2026-03-31 00:59:31 [DEBUG] __main__ — [transport:acc3] incoming fileId=3059292899 msgId=116320604770677887
2026-03-31 00:59:31 [DEBUG] __main__ — [transport:acc3] ws msg op=88 cmd=1
2026-03-31 00:59:31 [DEBUG] __main__ — [transport:acc3] recv_file fileId=3059292899 size=120
2026-03-31 00:59:31 [DEBUG] __main__ — [tun] ← 2 pkts  raw=120B
2026-03-31 00:59:32 [DEBUG] __main__ — [tun] → 1 pkts  raw=58B  packed=59B
2026-03-31 00:59:32 [DEBUG] __main__ — [multi] ранжирование: {'acc1': {'recv_count': 1, 'remaining': 98, 'last_event': 'send', 'r1': 1, 'r2': 6, 'r3': 5, 'score': '4.00'}, 'acc2': {'recv_count': 2, 'remaining': 99, 'last_event': 'recv', 'r1': 5, 'r2': 2, 'r3': 1, 'score': '2.67'}, 'acc3': {'recv_count': 1, 'remaining': 99, 'last_event': 'recv', 'r1': 2, 'r2': 3, 'r3': 2, 'score': '2.33'}, 'acc4': {'recv_count': 2, 'remaining': 99, 'last_event': 'recv', 'r1': 6, 'r2': 4, 'r3': 3, 'score': '4.33'}, 'acc5': {'recv_count': 1, 'remaining': 99, 'last_event': 'send', 'r1': 3, 'r2': 5, 'r3': 6, 'score': '4.67'}, 'acc6': {'recv_count': 1, 'remaining': 100, 'last_event': 'recv', 'r1': 4, 'r2': 1, 'r3': 4, 'score': '3.00'}}
2026-03-31 00:59:32 [DEBUG] __main__ — [multi] выбор: acc3 (recv_count=1, remaining=100, last_event=recv) | stats={'acc1': {'recv_count': 1, 'remaining': 98, 'last_event': 'send', 'busy': False}, 'acc2': {'recv_count': 2, 'remaining': 99, 'last_event': 'recv', 'busy': False}, 'acc3': {'recv_count': 1, 'remaining': 99, 'last_event': 'recv', 'busy': True}, 'acc4': {'recv_count': 2, 'remaining': 99, 'last_event': 'recv', 'busy': False}, 'acc5': {'recv_count': 1, 'remaining': 99, 'last_event': 'send', 'busy': False}, 'acc6': {'recv_count': 1, 'remaining': 100, 'last_event': 'recv', 'busy': False}}
2026-03-31 00:59:32 [DEBUG] __main__ — [transport:acc3] ws msg op=87 cmd=1
2026-03-31 00:59:32 [DEBUG] __main__ — [transport:acc3] jpeg-wrap raw=59 jpeg=705
2026-03-31 00:59:32 [DEBUG] __main__ — [transport:acc3] upload ok fileId=3063263410 size=59
2026-03-31 00:59:32 [DEBUG] __main__ — [transport:acc3] ws msg op=136 cmd=0
2026-03-31 00:59:32 [DEBUG] __main__ — [transport:acc3] ws msg op=128 cmd=0
2026-03-31 00:59:32 [DEBUG] __main__ — [transport:acc3] msg op=128 attaches=1
2026-03-31 00:59:32 [DEBUG] __main__ — [transport:acc3] incoming fileId=3056405805 msgId=116320604815045940
2026-03-31 00:59:32 [DEBUG] __main__ — [transport:acc3] ws msg op=88 cmd=1
2026-03-31 00:59:32 [DEBUG] __main__ — [transport:acc3] ws msg op=136 cmd=0
2026-03-31 00:59:32 [DEBUG] __main__ — [transport:acc3] recv_file fileId=3056405805 size=4013
2026-03-31 00:59:32 [DEBUG] __main__ — [tun] ← 5 pkts  raw=4013B
2026-03-31 00:59:32 [DEBUG] __main__ — [transport:acc3] ws msg op=64 cmd=1
2026-03-31 00:59:32 [DEBUG] __main__ — [transport:acc3] msg op=64 attaches=1
2026-03-31 00:59:32 [DEBUG] __main__ — [transport:acc3] skip own fileId=3063263410
2026-03-31 00:59:33 [DEBUG] __main__ — [tun] → 6 pkts  raw=417B  packed=269B
2026-03-31 00:59:33 [DEBUG] __main__ — [multi] ранжирование: {'acc1': {'recv_count': 1, 'remaining': 98, 'last_event': 'send', 'r1': 1, 'r2': 5, 'r3': 5, 'score': '3.67'}, 'acc2': {'recv_count': 2, 'remaining': 99, 'last_event': 'recv', 'r1': 4, 'r2': 2, 'r3': 1, 'score': '2.33'}, 'acc3': {'recv_count': 2, 'remaining': 98, 'last_event': 'recv', 'r1': 5, 'r2': 6, 'r3': 2, 'score': '4.33'}, 'acc4': {'recv_count': 2, 'remaining': 99, 'last_event': 'recv', 'r1': 6, 'r2': 3, 'r3': 3, 'score': '4.00'}, 'acc5': {'recv_count': 1, 'remaining': 99, 'last_event': 'send', 'r1': 2, 'r2': 4, 'r3': 6, 'score': '4.00'}, 'acc6': {'recv_count': 1, 'remaining': 100, 'last_event': 'recv', 'r1': 3, 'r2': 1, 'r3': 4, 'score': '2.67'}}
2026-03-31 00:59:33 [DEBUG] __main__ — [multi] выбор: acc2 (recv_count=2, remaining=100, last_event=recv) | stats={'acc1': {'recv_count': 1, 'remaining': 98, 'last_event': 'send', 'busy': False}, 'acc2': {'recv_count': 2, 'remaining': 99, 'last_event': 'recv', 'busy': True}, 'acc3': {'recv_count': 2, 'remaining': 98, 'last_event': 'recv', 'busy': False}, 'acc4': {'recv_count': 2, 'remaining': 99, 'last_event': 'recv', 'busy': False}, 'acc5': {'recv_count': 1, 'remaining': 99, 'last_event': 'send', 'busy': False}, 'acc6': {'recv_count': 1, 'remaining': 100, 'last_event': 'recv', 'busy': False}}
2026-03-31 00:59:33 [DEBUG] __main__ — [transport:acc2] ws msg op=87 cmd=1
2026-03-31 00:59:33 [DEBUG] __main__ — [transport:acc2] jpeg-wrap raw=269 jpeg=915
2026-03-31 00:59:33 [DEBUG] __main__ — [transport:acc2] upload ok fileId=3050312265 size=269
2026-03-31 00:59:33 [DEBUG] __main__ — [transport:acc2] ws msg op=136 cmd=0
2026-03-31 00:59:33 [DEBUG] __main__ — [transport:acc2] ws msg op=64 cmd=1
2026-03-31 00:59:33 [DEBUG] __main__ — [transport:acc2] msg op=64 attaches=1
2026-03-31 00:59:33 [DEBUG] __main__ — [transport:acc2] skip own fileId=3050312265
2026-03-31 00:59:33 [DEBUG] __main__ — [transport:acc1] ws msg op=1 cmd=1
2026-03-31 00:59:33 [DEBUG] __main__ — [transport:acc4] ws msg op=1 cmd=1
2026-03-31 00:59:33 [DEBUG] __main__ — [transport:acc3] ws msg op=1 cmd=1
2026-03-31 00:59:33 [DEBUG] __main__ — [transport:acc6] ws msg op=1 cmd=1
2026-03-31 00:59:33 [DEBUG] __main__ — [transport:acc5] ws msg op=1 cmd=1
2026-03-31 00:59:33 [DEBUG] __main__ — [transport:acc2] ws msg op=1 cmd=1
2026-03-31 00:59:34 [DEBUG] __main__ — [transport:acc1] ws msg op=136 cmd=0
2026-03-31 00:59:34 [DEBUG] __main__ — [transport:acc1] ws msg op=128 cmd=0
2026-03-31 00:59:34 [DEBUG] __main__ — [transport:acc1] msg op=128 attaches=1
2026-03-31 00:59:34 [DEBUG] __main__ — [transport:acc1] incoming fileId=3052605634 msgId=116320604927785699
2026-03-31 00:59:34 [DEBUG] __main__ — [transport:acc1] ws msg op=88 cmd=1
2026-03-31 00:59:34 [DEBUG] __main__ — [transport:acc1] recv_file fileId=3052605634 size=232
2026-03-31 00:59:34 [DEBUG] __main__ — [tun] ← 2 pkts  raw=232B
2026-03-31 00:59:34 [DEBUG] __main__ — [tun] → 5 pkts  raw=527B  packed=374B
2026-03-31 00:59:34 [DEBUG] __main__ — [multi] ранжирование: {'acc1': {'recv_count': 2, 'remaining': 98, 'last_event': 'recv', 'r1': 3, 'r2': 4, 'r3': 1, 'score': '2.67'}, 'acc2': {'recv_count': 2, 'remaining': 98, 'last_event': 'send', 'r1': 4, 'r2': 5, 'r3': 5, 'score': '4.67'}, 'acc3': {'recv_count': 2, 'remaining': 98, 'last_event': 'recv', 'r1': 5, 'r2': 6, 'r3': 2, 'score': '4.33'}, 'acc4': {'recv_count': 2, 'remaining': 99, 'last_event': 'recv', 'r1': 6, 'r2': 2, 'r3': 3, 'score': '3.67'}, 'acc5': {'recv_count': 1, 'remaining': 99, 'last_event': 'send', 'r1': 1, 'r2': 3, 'r3': 6, 'score': '3.33'}, 'acc6': {'recv_count': 1, 'remaining': 100, 'last_event': 'recv', 'r1': 2, 'r2': 1, 'r3': 4, 'score': '2.33'}}
2026-03-31 00:59:34 [DEBUG] __main__ — [multi] выбор: acc6 (recv_count=1, remaining=101, last_event=recv) | stats={'acc1': {'recv_count': 2, 'remaining': 98, 'last_event': 'recv', 'busy': False}, 'acc2': {'recv_count': 2, 'remaining': 98, 'last_event': 'send', 'busy': False}, 'acc3': {'recv_count': 2, 'remaining': 98, 'last_event': 'recv', 'busy': False}, 'acc4': {'recv_count': 2, 'remaining': 99, 'last_event': 'recv', 'busy': False}, 'acc5': {'recv_count': 1, 'remaining': 99, 'last_event': 'send', 'busy': False}, 'acc6': {'recv_count': 1, 'remaining': 100, 'last_event': 'recv', 'busy': True}}
2026-03-31 00:59:34 [DEBUG] __main__ — [transport:acc6] ws msg op=87 cmd=1
2026-03-31 00:59:34 [DEBUG] __main__ — [transport:acc6] jpeg-wrap raw=374 jpeg=1020
2026-03-31 00:59:34 [DEBUG] __main__ — [transport:acc6] upload ok fileId=3055609082 size=374
2026-03-31 00:59:34 [DEBUG] __main__ — [transport:acc6] ws msg op=136 cmd=0
2026-03-31 00:59:35 [DEBUG] __main__ — [transport:acc6] ws msg op=64 cmd=1
2026-03-31 00:59:35 [DEBUG] __main__ — [transport:acc6] msg op=64 attaches=1
2026-03-31 00:59:35 [DEBUG] __main__ — [transport:acc6] skip own fileId=3055609082
2026-03-31 00:59:36 [DEBUG] __main__ — [transport:acc5] ws msg op=136 cmd=0
2026-03-31 00:59:36 [DEBUG] __main__ — [transport:acc5] ws msg op=128 cmd=0
2026-03-31 00:59:36 [DEBUG] __main__ — [transport:acc5] msg op=128 attaches=1
2026-03-31 00:59:36 [DEBUG] __main__ — [transport:acc5] incoming fileId=3053279478 msgId=116320605064729172
2026-03-31 00:59:36 [DEBUG] __main__ — [transport:acc5] ws msg op=88 cmd=1
2026-03-31 00:59:36 [DEBUG] __main__ — [transport:acc5] recv_file fileId=3053279478 size=14100
2026-03-31 00:59:36 [DEBUG] __main__ — [tun] ← 19 pkts  raw=14100B
2026-03-31 00:59:36 [DEBUG] __main__ — [tun] → 8 pkts  raw=436B  packed=190B
2026-03-31 00:59:36 [DEBUG] __main__ — [multi] ранжирование: {'acc1': {'recv_count': 2, 'remaining': 98, 'last_event': 'recv', 'r1': 2, 'r2': 4, 'r3': 1, 'score': '2.33'}, 'acc2': {'recv_count': 2, 'remaining': 98, 'last_event': 'send', 'r1': 3, 'r2': 5, 'r3': 5, 'score': '4.33'}, 'acc3': {'recv_count': 2, 'remaining': 98, 'last_event': 'recv', 'r1': 4, 'r2': 6, 'r3': 2, 'score': '4.00'}, 'acc4': {'recv_count': 2, 'remaining': 99, 'last_event': 'recv', 'r1': 5, 'r2': 1, 'r3': 3, 'score': '3.00'}, 'acc5': {'recv_count': 2, 'remaining': 99, 'last_event': 'recv', 'r1': 6, 'r2': 2, 'r3': 4, 'score': '4.00'}, 'acc6': {'recv_count': 1, 'remaining': 99, 'last_event': 'send', 'r1': 1, 'r2': 3, 'r3': 6, 'score': '3.33'}}
2026-03-31 00:59:36 [DEBUG] __main__ — [multi] выбор: acc1 (recv_count=2, remaining=99, last_event=recv) | stats={'acc1': {'recv_count': 2, 'remaining': 98, 'last_event': 'recv', 'busy': True}, 'acc2': {'recv_count': 2, 'remaining': 98, 'last_event': 'send', 'busy': False}, 'acc3': {'recv_count': 2, 'remaining': 98, 'last_event': 'recv', 'busy': False}, 'acc4': {'recv_count': 2, 'remaining': 99, 'last_event': 'recv', 'busy': False}, 'acc5': {'recv_count': 2, 'remaining': 99, 'last_event': 'recv', 'busy': False}, 'acc6': {'recv_count': 1, 'remaining': 99, 'last_event': 'send', 'busy': False}}
2026-03-31 00:59:36 [DEBUG] __main__ — [transport:acc1] ws msg op=87 cmd=1
2026-03-31 00:59:36 [DEBUG] __main__ — [transport:acc1] jpeg-wrap raw=190 jpeg=836
2026-03-31 00:59:36 [DEBUG] __main__ — [transport:acc1] upload ok fileId=3050397745 size=190
2026-03-31 00:59:37 [DEBUG] __main__ — [transport:acc1] ws msg op=136 cmd=0
2026-03-31 00:59:37 [DEBUG] __main__ — [transport:acc1] ws msg op=64 cmd=1
2026-03-31 00:59:37 [DEBUG] __main__ — [transport:acc1] msg op=64 attaches=1
2026-03-31 00:59:37 [DEBUG] __main__ — [transport:acc1] skip own fileId=3050397745
2026-03-31 00:59:38 [DEBUG] __main__ — [transport:acc2] ws msg op=136 cmd=0
2026-03-31 00:59:38 [DEBUG] __main__ — [transport:acc2] ws msg op=128 cmd=0
2026-03-31 00:59:38 [DEBUG] __main__ — [transport:acc2] msg op=128 attaches=1
2026-03-31 00:59:38 [DEBUG] __main__ — [transport:acc2] incoming fileId=3050372254 msgId=116320605180330661
2026-03-31 00:59:38 [DEBUG] __main__ — [transport:acc2] ws msg op=88 cmd=1
2026-03-31 00:59:38 [DEBUG] __main__ — [transport:acc2] recv_file fileId=3050372254 size=30584
2026-03-31 00:59:38 [DEBUG] __main__ — [tun] ← 30 pkts  raw=30584B
2026-03-31 00:59:38 [DEBUG] __main__ — [tun] → 19 pkts  raw=1030B  packed=351B
2026-03-31 00:59:38 [DEBUG] __main__ — [multi] ранжирование: {'acc1': {'recv_count': 2, 'remaining': 97, 'last_event': 'send', 'r1': 2, 'r2': 6, 'r3': 5, 'score': '4.33'}, 'acc2': {'recv_count': 3, 'remaining': 98, 'last_event': 'recv', 'r1': 6, 'r2': 4, 'r3': 1, 'score': '3.67'}, 'acc3': {'recv_count': 2, 'remaining': 98, 'last_event': 'recv', 'r1': 3, 'r2': 5, 'r3': 2, 'score': '3.33'}, 'acc4': {'recv_count': 2, 'remaining': 99, 'last_event': 'recv', 'r1': 4, 'r2': 1, 'r3': 3, 'score': '2.67'}, 'acc5': {'recv_count': 2, 'remaining': 99, 'last_event': 'recv', 'r1': 5, 'r2': 2, 'r3': 4, 'score': '3.67'}, 'acc6': {'recv_count': 1, 'remaining': 99, 'last_event': 'send', 'r1': 1, 'r2': 3, 'r3': 6, 'score': '3.33'}}
2026-03-31 00:59:38 [DEBUG] __main__ — [multi] выбор: acc4 (recv_count=2, remaining=100, last_event=recv) | stats={'acc1': {'recv_count': 2, 'remaining': 97, 'last_event': 'send', 'busy': False}, 'acc2': {'recv_count': 3, 'remaining': 98, 'last_event': 'recv', 'busy': False}, 'acc3': {'recv_count': 2, 'remaining': 98, 'last_event': 'recv', 'busy': False}, 'acc4': {'recv_count': 2, 'remaining': 99, 'last_event': 'recv', 'busy': True}, 'acc5': {'recv_count': 2, 'remaining': 99, 'last_event': 'recv', 'busy': False}, 'acc6': {'recv_count': 1, 'remaining': 99, 'last_event': 'send', 'busy': False}}
2026-03-31 00:59:38 [DEBUG] __main__ — [transport:acc4] ws msg op=87 cmd=1
2026-03-31 00:59:38 [DEBUG] __main__ — [transport:acc4] jpeg-wrap raw=351 jpeg=997
2026-03-31 00:59:38 [DEBUG] __main__ — [transport:acc4] upload ok fileId=3052258573 size=351
2026-03-31 00:59:38 [DEBUG] __main__ — [transport:acc4] ws msg op=136 cmd=0
2026-03-31 00:59:38 [DEBUG] __main__ — [transport:acc4] ws msg op=64 cmd=1
2026-03-31 00:59:38 [DEBUG] __main__ — [transport:acc4] msg op=64 attaches=1
2026-03-31 00:59:38 [DEBUG] __main__ — [transport:acc4] skip own fileId=3052258573
2026-03-31 00:59:40 [DEBUG] __main__ — [transport:acc6] ws msg op=136 cmd=0
2026-03-31 00:59:40 [DEBUG] __main__ — [transport:acc6] ws msg op=128 cmd=0
2026-03-31 00:59:40 [DEBUG] __main__ — [transport:acc6] msg op=128 attaches=1
2026-03-31 00:59:40 [DEBUG] __main__ — [transport:acc6] incoming fileId=3059320705 msgId=116320605312475976
2026-03-31 00:59:40 [DEBUG] __main__ — [transport:acc6] ws msg op=88 cmd=1
2026-03-31 00:59:40 [DEBUG] __main__ — [transport:acc6] recv_file fileId=3059320705 size=68148
2026-03-31 00:59:40 [DEBUG] __main__ — [tun] ← 60 pkts  raw=68148B
2026-03-31 00:59:40 [DEBUG] __main__ — [tun] → 44 pkts  raw=2380B  packed=716B
2026-03-31 00:59:40 [DEBUG] __main__ — [multi] ранжирование: {'acc1': {'recv_count': 2, 'remaining': 97, 'last_event': 'send', 'r1': 1, 'r2': 6, 'r3': 5, 'score': '4.00'}, 'acc2': {'recv_count': 3, 'remaining': 98, 'last_event': 'recv', 'r1': 6, 'r2': 3, 'r3': 1, 'score': '3.33'}, 'acc3': {'recv_count': 2, 'remaining': 98, 'last_event': 'recv', 'r1': 2, 'r2': 4, 'r3': 2, 'score': '2.67'}, 'acc4': {'recv_count': 2, 'remaining': 98, 'last_event': 'send', 'r1': 3, 'r2': 5, 'r3': 6, 'score': '4.67'}, 'acc5': {'recv_count': 2, 'remaining': 99, 'last_event': 'recv', 'r1': 4, 'r2': 1, 'r3': 3, 'score': '2.67'}, 'acc6': {'recv_count': 2, 'remaining': 99, 'last_event': 'recv', 'r1': 5, 'r2': 2, 'r3': 4, 'score': '3.67'}}
2026-03-31 00:59:40 [DEBUG] __main__ — [multi] выбор: acc3 (recv_count=2, remaining=99, last_event=recv) | stats={'acc1': {'recv_count': 2, 'remaining': 97, 'last_event': 'send', 'busy': False}, 'acc2': {'recv_count': 3, 'remaining': 98, 'last_event': 'recv', 'busy': False}, 'acc3': {'recv_count': 2, 'remaining': 98, 'last_event': 'recv', 'busy': True}, 'acc4': {'recv_count': 2, 'remaining': 98, 'last_event': 'send', 'busy': False}, 'acc5': {'recv_count': 2, 'remaining': 99, 'last_event': 'recv', 'busy': False}, 'acc6': {'recv_count': 2, 'remaining': 99, 'last_event': 'recv', 'busy': False}}
2026-03-31 00:59:40 [DEBUG] __main__ — [transport:acc3] ws msg op=87 cmd=1
2026-03-31 00:59:40 [DEBUG] __main__ — [transport:acc3] jpeg-wrap raw=716 jpeg=1362
2026-03-31 00:59:40 [DEBUG] __main__ — [transport:acc3] upload ok fileId=3053866749 size=716
2026-03-31 00:59:40 [DEBUG] __main__ — [transport:acc3] ws msg op=136 cmd=0
2026-03-31 00:59:40 [DEBUG] __main__ — [transport:acc3] ws msg op=64 cmd=1
2026-03-31 00:59:40 [DEBUG] __main__ — [transport:acc3] msg op=64 attaches=1
2026-03-31 00:59:40 [DEBUG] __main__ — [transport:acc3] skip own fileId=3053866749
2026-03-31 00:59:41 [DEBUG] __main__ — [transport:acc3] ws msg op=136 cmd=0
2026-03-31 00:59:41 [DEBUG] __main__ — [transport:acc3] ws msg op=128 cmd=0
2026-03-31 00:59:41 [DEBUG] __main__ — [transport:acc3] msg op=128 attaches=1
2026-03-31 00:59:41 [DEBUG] __main__ — [transport:acc3] incoming fileId=3047857511 msgId=116320605432851821
2026-03-31 00:59:41 [DEBUG] __main__ — [transport:acc3] ws msg op=88 cmd=1
2026-03-31 00:59:41 [DEBUG] __main__ — [transport:acc3] recv_file fileId=3047857511 size=41327
2026-03-31 00:59:41 [DEBUG] __main__ — [tun] ← 37 pkts  raw=41327B
2026-03-31 00:59:42 [DEBUG] __main__ — [tun] → 32 pkts  raw=1763B  packed=597B
2026-03-31 00:59:42 [DEBUG] __main__ — [multi] ранжирование: {'acc1': {'recv_count': 2, 'remaining': 97, 'last_event': 'send', 'r1': 1, 'r2': 5, 'r3': 5, 'score': '3.67'}, 'acc2': {'recv_count': 3, 'remaining': 98, 'last_event': 'recv', 'r1': 5, 'r2': 3, 'r3': 1, 'score': '3.00'}, 'acc3': {'recv_count': 3, 'remaining': 97, 'last_event': 'recv', 'r1': 6, 'r2': 6, 'r3': 2, 'score': '4.67'}, 'acc4': {'recv_count': 2, 'remaining': 98, 'last_event': 'send', 'r1': 2, 'r2': 4, 'r3': 6, 'score': '4.00'}, 'acc5': {'recv_count': 2, 'remaining': 99, 'last_event': 'recv', 'r1': 3, 'r2': 1, 'r3': 3, 'score': '2.33'}, 'acc6': {'recv_count': 2, 'remaining': 99, 'last_event': 'recv', 'r1': 4, 'r2': 2, 'r3': 4, 'score': '3.33'}}
2026-03-31 00:59:42 [DEBUG] __main__ — [multi] выбор: acc5 (recv_count=2, remaining=100, last_event=recv) | stats={'acc1': {'recv_count': 2, 'remaining': 97, 'last_event': 'send', 'busy': False}, 'acc2': {'recv_count': 3, 'remaining': 98, 'last_event': 'recv', 'busy': False}, 'acc3': {'recv_count': 3, 'remaining': 97, 'last_event': 'recv', 'busy': False}, 'acc4': {'recv_count': 2, 'remaining': 98, 'last_event': 'send', 'busy': False}, 'acc5': {'recv_count': 2, 'remaining': 99, 'last_event': 'recv', 'busy': True}, 'acc6': {'recv_count': 2, 'remaining': 99, 'last_event': 'recv', 'busy': False}}
2026-03-31 00:59:42 [DEBUG] __main__ — [transport:acc5] ws msg op=87 cmd=1
2026-03-31 00:59:42 [DEBUG] __main__ — [transport:acc5] jpeg-wrap raw=597 jpeg=1243
2026-03-31 00:59:42 [DEBUG] __main__ — [transport:acc5] upload ok fileId=3050871335 size=597
2026-03-31 00:59:42 [DEBUG] __main__ — [transport:acc5] ws msg op=136 cmd=0
2026-03-31 00:59:42 [DEBUG] __main__ — [transport:acc5] ws msg op=64 cmd=1
2026-03-31 00:59:42 [DEBUG] __main__ — [transport:acc5] msg op=64 attaches=1
2026-03-31 00:59:42 [DEBUG] __main__ — [transport:acc5] skip own fileId=3050871335
2026-03-31 00:59:43 [DEBUG] __main__ — [transport:acc4] ws msg op=136 cmd=0
2026-03-31 00:59:43 [DEBUG] __main__ — [transport:acc4] ws msg op=128 cmd=0
2026-03-31 00:59:43 [DEBUG] __main__ — [transport:acc4] msg op=128 attaches=1
2026-03-31 00:59:43 [DEBUG] __main__ — [transport:acc4] incoming fileId=3048430461 msgId=116320605545576933
2026-03-31 00:59:43 [DEBUG] __main__ — [transport:acc4] ws msg op=88 cmd=1
2026-03-31 00:59:43 [DEBUG] __main__ — [transport:acc4] recv_file fileId=3048430461 size=166
2026-03-31 00:59:43 [DEBUG] __main__ — [tun] ← 3 pkts  raw=166B
2026-03-31 00:59:44 [DEBUG] __main__ — [tun] → 1 pkts  raw=58B  packed=59B
2026-03-31 00:59:44 [DEBUG] __main__ — [multi] ранжирование: {'acc1': {'recv_count': 2, 'remaining': 97, 'last_event': 'send', 'r1': 1, 'r2': 5, 'r3': 5, 'score': '3.67'}, 'acc2': {'recv_count': 3, 'remaining': 98, 'last_event': 'recv', 'r1': 4, 'r2': 2, 'r3': 1, 'score': '2.33'}, 'acc3': {'recv_count': 3, 'remaining': 97, 'last_event': 'recv', 'r1': 5, 'r2': 6, 'r3': 2, 'score': '4.33'}, 'acc4': {'recv_count': 3, 'remaining': 98, 'last_event': 'recv', 'r1': 6, 'r2': 3, 'r3': 3, 'score': '4.00'}, 'acc5': {'recv_count': 2, 'remaining': 98, 'last_event': 'send', 'r1': 2, 'r2': 4, 'r3': 6, 'score': '4.00'}, 'acc6': {'recv_count': 2, 'remaining': 99, 'last_event': 'recv', 'r1': 3, 'r2': 1, 'r3': 4, 'score': '2.67'}}
2026-03-31 00:59:44 [DEBUG] __main__ — [multi] выбор: acc2 (recv_count=3, remaining=99, last_event=recv) | stats={'acc1': {'recv_count': 2, 'remaining': 97, 'last_event': 'send', 'busy': False}, 'acc2': {'recv_count': 3, 'remaining': 98, 'last_event': 'recv', 'busy': True}, 'acc3': {'recv_count': 3, 'remaining': 97, 'last_event': 'recv', 'busy': False}, 'acc4': {'recv_count': 3, 'remaining': 98, 'last_event': 'recv', 'busy': False}, 'acc5': {'recv_count': 2, 'remaining': 98, 'last_event': 'send', 'busy': False}, 'acc6': {'recv_count': 2, 'remaining': 99, 'last_event': 'recv', 'busy': False}}
2026-03-31 00:59:44 [DEBUG] __main__ — [transport:acc2] ws msg op=87 cmd=1
2026-03-31 00:59:44 [DEBUG] __main__ — [transport:acc2] jpeg-wrap raw=59 jpeg=705
2026-03-31 00:59:44 [DEBUG] __main__ — [transport:acc2] upload ok fileId=3050430428 size=59
2026-03-31 00:59:44 [DEBUG] __main__ — [transport:acc2] ws msg op=136 cmd=0
2026-03-31 00:59:44 [DEBUG] __main__ — [transport:acc2] ws msg op=64 cmd=1
2026-03-31 00:59:44 [DEBUG] __main__ — [transport:acc2] msg op=64 attaches=1
2026-03-31 00:59:44 [DEBUG] __main__ — [transport:acc2] skip own fileId=3050430428
2026-03-31 00:59:51 [DEBUG] __main__ — [tun] → 1 pkts  raw=66B  packed=67B
2026-03-31 00:59:51 [DEBUG] __main__ — [multi] ранжирование: {'acc1': {'recv_count': 2, 'remaining': 97, 'last_event': 'send', 'r1': 1, 'r2': 4, 'r3': 4, 'score': '3.00'}, 'acc2': {'recv_count': 3, 'remaining': 97, 'last_event': 'send', 'r1': 4, 'r2': 5, 'r3': 5, 'score': '4.67'}, 'acc3': {'recv_count': 3, 'remaining': 97, 'last_event': 'recv', 'r1': 5, 'r2': 6, 'r3': 1, 'score': '4.00'}, 'acc4': {'recv_count': 3, 'remaining': 98, 'last_event': 'recv', 'r1': 6, 'r2': 2, 'r3': 2, 'score': '3.33'}, 'acc5': {'recv_count': 2, 'remaining': 98, 'last_event': 'send', 'r1': 2, 'r2': 3, 'r3': 6, 'score': '3.67'}, 'acc6': {'recv_count': 2, 'remaining': 99, 'last_event': 'recv', 'r1': 3, 'r2': 1, 'r3': 3, 'score': '2.33'}}
2026-03-31 00:59:51 [DEBUG] __main__ — [multi] выбор: acc6 (recv_count=2, remaining=100, last_event=recv) | stats={'acc1': {'recv_count': 2, 'remaining': 97, 'last_event': 'send', 'busy': False}, 'acc2': {'recv_count': 3, 'remaining': 97, 'last_event': 'send', 'busy': False}, 'acc3': {'recv_count': 3, 'remaining': 97, 'last_event': 'recv', 'busy': False}, 'acc4': {'recv_count': 3, 'remaining': 98, 'last_event': 'recv', 'busy': False}, 'acc5': {'recv_count': 2, 'remaining': 98, 'last_event': 'send', 'busy': False}, 'acc6': {'recv_count': 2, 'remaining': 99, 'last_event': 'recv', 'busy': True}}
2026-03-31 00:59:51 [DEBUG] __main__ — [transport:acc6] ws msg op=87 cmd=1
2026-03-31 00:59:51 [DEBUG] __main__ — [transport:acc6] jpeg-wrap raw=67 jpeg=713
2026-03-31 00:59:51 [DEBUG] __main__ — [transport:acc6] upload ok fileId=3056051279 size=67
2026-03-31 00:59:51 [DEBUG] __main__ — [transport:acc6] ws msg op=136 cmd=0
2026-03-31 00:59:51 [DEBUG] __main__ — [transport:acc6] ws msg op=64 cmd=1
2026-03-31 00:59:51 [DEBUG] __main__ — [transport:acc6] msg op=64 attaches=1
2026-03-31 00:59:51 [DEBUG] __main__ — [transport:acc6] skip own fileId=3056051279
2026-03-31 00:59:52 [DEBUG] __main__ — [tun] → 1 pkts  raw=66B  packed=67B
2026-03-31 00:59:52 [DEBUG] __main__ — [multi] ранжирование: {'acc1': {'recv_count': 2, 'remaining': 97, 'last_event': 'send', 'r1': 1, 'r2': 4, 'r3': 3, 'score': '2.67'}, 'acc2': {'recv_count': 3, 'remaining': 97, 'last_event': 'send', 'r1': 4, 'r2': 5, 'r3': 4, 'score': '4.33'}, 'acc3': {'recv_count': 3, 'remaining': 97, 'last_event': 'recv', 'r1': 5, 'r2': 6, 'r3': 1, 'score': '4.00'}, 'acc4': {'recv_count': 3, 'remaining': 98, 'last_event': 'recv', 'r1': 6, 'r2': 1, 'r3': 2, 'score': '3.00'}, 'acc5': {'recv_count': 2, 'remaining': 98, 'last_event': 'send', 'r1': 2, 'r2': 2, 'r3': 5, 'score': '3.00'}, 'acc6': {'recv_count': 2, 'remaining': 98, 'last_event': 'send', 'r1': 3, 'r2': 3, 'r3': 6, 'score': '4.00'}}
2026-03-31 00:59:52 [DEBUG] __main__ — [multi] выбор: acc1 (recv_count=2, remaining=98, last_event=send) | stats={'acc1': {'recv_count': 2, 'remaining': 97, 'last_event': 'send', 'busy': True}, 'acc2': {'recv_count': 3, 'remaining': 97, 'last_event': 'send', 'busy': False}, 'acc3': {'recv_count': 3, 'remaining': 97, 'last_event': 'recv', 'busy': False}, 'acc4': {'recv_count': 3, 'remaining': 98, 'last_event': 'recv', 'busy': False}, 'acc5': {'recv_count': 2, 'remaining': 98, 'last_event': 'send', 'busy': False}, 'acc6': {'recv_count': 2, 'remaining': 98, 'last_event': 'send', 'busy': False}}
2026-03-31 00:59:52 [DEBUG] __main__ — [transport:acc1] ws msg op=87 cmd=1
2026-03-31 00:59:52 [DEBUG] __main__ — [transport:acc1] jpeg-wrap raw=67 jpeg=713
2026-03-31 00:59:52 [DEBUG] __main__ — [transport:acc1] upload ok fileId=3048401471 size=67
2026-03-31 00:59:52 [DEBUG] __main__ — [transport:acc5] ws msg op=136 cmd=0
2026-03-31 00:59:52 [DEBUG] __main__ — [transport:acc5] ws msg op=128 cmd=0
2026-03-31 00:59:52 [DEBUG] __main__ — [transport:acc5] msg op=128 attaches=1
2026-03-31 00:59:52 [DEBUG] __main__ — [transport:acc5] incoming fileId=3051018691 msgId=116320606135742114
2026-03-31 00:59:52 [DEBUG] __main__ — [transport:acc5] ws msg op=88 cmd=1
2026-03-31 00:59:52 [DEBUG] __main__ — [transport:acc5] recv_file fileId=3051018691 size=66
2026-03-31 00:59:52 [DEBUG] __main__ — [tun] ← 1 pkts  raw=66B
2026-03-31 00:59:52 [DEBUG] __main__ — [transport:acc1] ws msg op=136 cmd=0
2026-03-31 00:59:52 [DEBUG] __main__ — [transport:acc1] ws msg op=64 cmd=1
2026-03-31 00:59:52 [DEBUG] __main__ — [transport:acc1] msg op=64 attaches=1
2026-03-31 00:59:52 [DEBUG] __main__ — [transport:acc1] skip own fileId=3048401471
2026-03-31 00:59:53 [DEBUG] __main__ — [tun] → 2 pkts  raw=629B  packed=430B
2026-03-31 00:59:53 [DEBUG] __main__ — [multi] ранжирование: {'acc1': {'recv_count': 2, 'remaining': 96, 'last_event': 'send', 'r1': 1, 'r2': 6, 'r3': 4, 'score': '3.67'}, 'acc2': {'recv_count': 3, 'remaining': 97, 'last_event': 'send', 'r1': 3, 'r2': 4, 'r3': 5, 'score': '4.00'}, 'acc3': {'recv_count': 3, 'remaining': 97, 'last_event': 'recv', 'r1': 4, 'r2': 5, 'r3': 1, 'score': '3.33'}, 'acc4': {'recv_count': 3, 'remaining': 98, 'last_event': 'recv', 'r1': 5, 'r2': 1, 'r3': 2, 'score': '2.67'}, 'acc5': {'recv_count': 3, 'remaining': 98, 'last_event': 'recv', 'r1': 6, 'r2': 2, 'r3': 3, 'score': '3.67'}, 'acc6': {'recv_count': 2, 'remaining': 98, 'last_event': 'send', 'r1': 2, 'r2': 3, 'r3': 6, 'score': '3.67'}}
2026-03-31 00:59:53 [DEBUG] __main__ — [multi] выбор: acc4 (recv_count=3, remaining=99, last_event=recv) | stats={'acc1': {'recv_count': 2, 'remaining': 96, 'last_event': 'send', 'busy': False}, 'acc2': {'recv_count': 3, 'remaining': 97, 'last_event': 'send', 'busy': False}, 'acc3': {'recv_count': 3, 'remaining': 97, 'last_event': 'recv', 'busy': False}, 'acc4': {'recv_count': 3, 'remaining': 98, 'last_event': 'recv', 'busy': True}, 'acc5': {'recv_count': 3, 'remaining': 98, 'last_event': 'recv', 'busy': False}, 'acc6': {'recv_count': 2, 'remaining': 98, 'last_event': 'send', 'busy': False}}
2026-03-31 00:59:53 [DEBUG] __main__ — [transport:acc4] ws msg op=87 cmd=1
2026-03-31 00:59:53 [DEBUG] __main__ — [transport:acc4] jpeg-wrap raw=430 jpeg=1076
2026-03-31 00:59:53 [DEBUG] __main__ — [transport:acc4] upload ok fileId=3050973184 size=430
2026-03-31 00:59:53 [DEBUG] __main__ — [transport:acc4] ws msg op=136 cmd=0
2026-03-31 00:59:53 [DEBUG] __main__ — [transport:acc4] ws msg op=64 cmd=1
2026-03-31 00:59:53 [DEBUG] __main__ — [transport:acc4] msg op=64 attaches=1
2026-03-31 00:59:53 [DEBUG] __main__ — [transport:acc4] skip own fileId=3050973184
2026-03-31 00:59:53 [DEBUG] __main__ — [transport:acc6] ws msg op=136 cmd=0
2026-03-31 00:59:53 [DEBUG] __main__ — [transport:acc6] ws msg op=128 cmd=0
2026-03-31 00:59:53 [DEBUG] __main__ — [transport:acc6] msg op=128 attaches=1
2026-03-31 00:59:53 [DEBUG] __main__ — [transport:acc6] incoming fileId=3044299432 msgId=116320606199027505
2026-03-31 00:59:53 [DEBUG] __main__ — [transport:acc6] ws msg op=88 cmd=1
2026-03-31 00:59:53 [DEBUG] __main__ — [transport:acc6] recv_file fileId=3044299432 size=120
2026-03-31 00:59:53 [DEBUG] __main__ — [tun] ← 2 pkts  raw=120B
2026-03-31 00:59:54 [DEBUG] __main__ — [tun] → 1 pkts  raw=58B  packed=59B
2026-03-31 00:59:54 [DEBUG] __main__ — [multi] ранжирование: {'acc1': {'recv_count': 2, 'remaining': 96, 'last_event': 'send', 'r1': 1, 'r2': 6, 'r3': 4, 'score': '3.67'}, 'acc2': {'recv_count': 3, 'remaining': 97, 'last_event': 'send', 'r1': 2, 'r2': 3, 'r3': 5, 'score': '3.33'}, 'acc3': {'recv_count': 3, 'remaining': 97, 'last_event': 'recv', 'r1': 3, 'r2': 4, 'r3': 1, 'score': '2.67'}, 'acc4': {'recv_count': 3, 'remaining': 97, 'last_event': 'send', 'r1': 4, 'r2': 5, 'r3': 6, 'score': '5.00'}, 'acc5': {'recv_count': 3, 'remaining': 98, 'last_event': 'recv', 'r1': 5, 'r2': 1, 'r3': 2, 'score': '2.67'}, 'acc6': {'recv_count': 3, 'remaining': 98, 'last_event': 'recv', 'r1': 6, 'r2': 2, 'r3': 3, 'score': '3.67'}}
2026-03-31 00:59:54 [DEBUG] __main__ — [multi] выбор: acc3 (recv_count=3, remaining=98, last_event=recv) | stats={'acc1': {'recv_count': 2, 'remaining': 96, 'last_event': 'send', 'busy': False}, 'acc2': {'recv_count': 3, 'remaining': 97, 'last_event': 'send', 'busy': False}, 'acc3': {'recv_count': 3, 'remaining': 97, 'last_event': 'recv', 'busy': True}, 'acc4': {'recv_count': 3, 'remaining': 97, 'last_event': 'send', 'busy': False}, 'acc5': {'recv_count': 3, 'remaining': 98, 'last_event': 'recv', 'busy': False}, 'acc6': {'recv_count': 3, 'remaining': 98, 'last_event': 'recv', 'busy': False}}
2026-03-31 00:59:54 [DEBUG] __main__ — [transport:acc3] ws msg op=87 cmd=1
2026-03-31 00:59:54 [DEBUG] __main__ — [transport:acc3] jpeg-wrap raw=59 jpeg=705
2026-03-31 00:59:54 [DEBUG] __main__ — [transport:acc3] upload ok fileId=3049214415 size=59
2026-03-31 00:59:54 [DEBUG] __main__ — [transport:acc2] ws msg op=136 cmd=0
2026-03-31 00:59:54 [DEBUG] __main__ — [transport:acc3] ws msg op=136 cmd=0
2026-03-31 00:59:54 [DEBUG] __main__ — [transport:acc2] ws msg op=128 cmd=0
2026-03-31 00:59:54 [DEBUG] __main__ — [transport:acc2] msg op=128 attaches=1
2026-03-31 00:59:54 [DEBUG] __main__ — [transport:acc2] incoming fileId=3040261216 msgId=116320606247787717
2026-03-31 00:59:54 [DEBUG] __main__ — [transport:acc3] ws msg op=64 cmd=1
2026-03-31 00:59:54 [DEBUG] __main__ — [transport:acc3] msg op=64 attaches=1
2026-03-31 00:59:54 [DEBUG] __main__ — [transport:acc3] skip own fileId=3049214415
2026-03-31 00:59:54 [DEBUG] __main__ — [transport:acc2] ws msg op=88 cmd=1
2026-03-31 00:59:54 [DEBUG] __main__ — [transport:acc2] recv_file fileId=3040261216 size=3959
2026-03-31 00:59:54 [DEBUG] __main__ — [tun] ← 4 pkts  raw=3959B
2026-03-31 00:59:54 [DEBUG] __main__ — [tun] → 4 pkts  raw=313B  packed=217B
2026-03-31 00:59:54 [DEBUG] __main__ — [multi] ранжирование: {'acc1': {'recv_count': 2, 'remaining': 96, 'last_event': 'send', 'r1': 1, 'r2': 5, 'r3': 4, 'score': '3.33'}, 'acc2': {'recv_count': 4, 'remaining': 97, 'last_event': 'recv', 'r1': 6, 'r2': 3, 'r3': 1, 'score': '3.33'}, 'acc3': {'recv_count': 3, 'remaining': 96, 'last_event': 'send', 'r1': 2, 'r2': 6, 'r3': 5, 'score': '4.33'}, 'acc4': {'recv_count': 3, 'remaining': 97, 'last_event': 'send', 'r1': 3, 'r2': 4, 'r3': 6, 'score': '4.33'}, 'acc5': {'recv_count': 3, 'remaining': 98, 'last_event': 'recv', 'r1': 4, 'r2': 1, 'r3': 2, 'score': '2.33'}, 'acc6': {'recv_count': 3, 'remaining': 98, 'last_event': 'recv', 'r1': 5, 'r2': 2, 'r3': 3, 'score': '3.33'}}
2026-03-31 00:59:54 [DEBUG] __main__ — [multi] выбор: acc5 (recv_count=3, remaining=99, last_event=recv) | stats={'acc1': {'recv_count': 2, 'remaining': 96, 'last_event': 'send', 'busy': False}, 'acc2': {'recv_count': 4, 'remaining': 97, 'last_event': 'recv', 'busy': False}, 'acc3': {'recv_count': 3, 'remaining': 96, 'last_event': 'send', 'busy': False}, 'acc4': {'recv_count': 3, 'remaining': 97, 'last_event': 'send', 'busy': False}, 'acc5': {'recv_count': 3, 'remaining': 98, 'last_event': 'recv', 'busy': True}, 'acc6': {'recv_count': 3, 'remaining': 98, 'last_event': 'recv', 'busy': False}}
2026-03-31 00:59:54 [DEBUG] __main__ — [transport:acc5] ws msg op=87 cmd=1
2026-03-31 00:59:54 [DEBUG] __main__ — [transport:acc5] jpeg-wrap raw=217 jpeg=863
2026-03-31 00:59:54 [DEBUG] __main__ — [transport:acc5] upload ok fileId=3050829496 size=217
2026-03-31 00:59:55 [DEBUG] __main__ — [transport:acc5] ws msg op=136 cmd=0
2026-03-31 00:59:55 [DEBUG] __main__ — [transport:acc5] ws msg op=64 cmd=1
2026-03-31 00:59:55 [DEBUG] __main__ — [transport:acc5] msg op=64 attaches=1
2026-03-31 00:59:55 [DEBUG] __main__ — [transport:acc5] skip own fileId=3050829496
2026-03-31 00:59:56 [DEBUG] __main__ — [transport:acc1] ws msg op=136 cmd=0
2026-03-31 00:59:56 [DEBUG] __main__ — [transport:acc1] ws msg op=128 cmd=0
2026-03-31 00:59:56 [DEBUG] __main__ — [transport:acc1] msg op=128 attaches=1
2026-03-31 00:59:56 [DEBUG] __main__ — [transport:acc1] incoming fileId=3057027618 msgId=116320606360450810
2026-03-31 00:59:56 [DEBUG] __main__ — [transport:acc1] ws msg op=88 cmd=1
2026-03-31 00:59:56 [DEBUG] __main__ — [transport:acc1] recv_file fileId=3057027618 size=232
2026-03-31 00:59:56 [DEBUG] __main__ — [tun] ← 2 pkts  raw=232B
2026-03-31 00:59:56 [DEBUG] __main__ — [tun] → 5 pkts  raw=527B  packed=376B
2026-03-31 00:59:56 [DEBUG] __main__ — [multi] ранжирование: {'acc1': {'recv_count': 3, 'remaining': 96, 'last_event': 'recv', 'r1': 1, 'r2': 5, 'r3': 1, 'score': '2.33'}, 'acc2': {'recv_count': 4, 'remaining': 97, 'last_event': 'recv', 'r1': 6, 'r2': 2, 'r3': 2, 'score': '3.33'}, 'acc3': {'recv_count': 3, 'remaining': 96, 'last_event': 'send', 'r1': 2, 'r2': 6, 'r3': 4, 'score': '4.00'}, 'acc4': {'recv_count': 3, 'remaining': 97, 'last_event': 'send', 'r1': 3, 'r2': 3, 'r3': 5, 'score': '3.67'}, 'acc5': {'recv_count': 3, 'remaining': 97, 'last_event': 'send', 'r1': 4, 'r2': 4, 'r3': 6, 'score': '4.67'}, 'acc6': {'recv_count': 3, 'remaining': 98, 'last_event': 'recv', 'r1': 5, 'r2': 1, 'r3': 3, 'score': '3.00'}}
2026-03-31 00:59:56 [DEBUG] __main__ — [multi] выбор: acc1 (recv_count=3, remaining=97, last_event=recv) | stats={'acc1': {'recv_count': 3, 'remaining': 96, 'last_event': 'recv', 'busy': True}, 'acc2': {'recv_count': 4, 'remaining': 97, 'last_event': 'recv', 'busy': False}, 'acc3': {'recv_count': 3, 'remaining': 96, 'last_event': 'send', 'busy': False}, 'acc4': {'recv_count': 3, 'remaining': 97, 'last_event': 'send', 'busy': False}, 'acc5': {'recv_count': 3, 'remaining': 97, 'last_event': 'send', 'busy': False}, 'acc6': {'recv_count': 3, 'remaining': 98, 'last_event': 'recv', 'busy': False}}
2026-03-31 00:59:56 [DEBUG] __main__ — [transport:acc1] ws msg op=87 cmd=1
2026-03-31 00:59:56 [DEBUG] __main__ — [transport:acc1] jpeg-wrap raw=376 jpeg=1022
2026-03-31 00:59:56 [DEBUG] __main__ — [transport:acc1] upload ok fileId=3049593189 size=376
2026-03-31 00:59:56 [DEBUG] __main__ — [transport:acc1] ws msg op=136 cmd=0
2026-03-31 00:59:56 [DEBUG] __main__ — [transport:acc1] ws msg op=64 cmd=1
2026-03-31 00:59:56 [DEBUG] __main__ — [transport:acc1] msg op=64 attaches=1
2026-03-31 00:59:56 [DEBUG] __main__ — [transport:acc1] skip own fileId=3049593189
2026-03-31 00:59:57 [DEBUG] __main__ — [transport:acc3] ws msg op=136 cmd=0
2026-03-31 00:59:57 [DEBUG] __main__ — [transport:acc3] ws msg op=128 cmd=0
2026-03-31 00:59:57 [DEBUG] __main__ — [transport:acc3] msg op=128 attaches=1
2026-03-31 00:59:57 [DEBUG] __main__ — [transport:acc3] incoming fileId=3052860861 msgId=116320606471280863
2026-03-31 00:59:57 [DEBUG] __main__ — [transport:acc3] ws msg op=88 cmd=1
2026-03-31 00:59:57 [DEBUG] __main__ — [transport:acc3] recv_file fileId=3052860861 size=13972
2026-03-31 00:59:57 [DEBUG] __main__ — [tun] ← 19 pkts  raw=13972B
2026-03-31 00:59:58 [DEBUG] __main__ — [tun] → 7 pkts  raw=382B  packed=176B
2026-03-31 00:59:58 [DEBUG] __main__ — [multi] ранжирование: {'acc1': {'recv_count': 3, 'remaining': 95, 'last_event': 'send', 'r1': 1, 'r2': 6, 'r3': 4, 'score': '3.67'}, 'acc2': {'recv_count': 4, 'remaining': 97, 'last_event': 'recv', 'r1': 5, 'r2': 2, 'r3': 1, 'score': '2.67'}, 'acc3': {'recv_count': 4, 'remaining': 96, 'last_event': 'recv', 'r1': 6, 'r2': 5, 'r3': 2, 'score': '4.33'}, 'acc4': {'recv_count': 3, 'remaining': 97, 'last_event': 'send', 'r1': 2, 'r2': 3, 'r3': 5, 'score': '3.33'}, 'acc5': {'recv_count': 3, 'remaining': 97, 'last_event': 'send', 'r1': 3, 'r2': 4, 'r3': 6, 'score': '4.33'}, 'acc6': {'recv_count': 3, 'remaining': 98, 'last_event': 'recv', 'r1': 4, 'r2': 1, 'r3': 3, 'score': '2.67'}}
2026-03-31 00:59:58 [DEBUG] __main__ — [multi] выбор: acc2 (recv_count=4, remaining=98, last_event=recv) | stats={'acc1': {'recv_count': 3, 'remaining': 95, 'last_event': 'send', 'busy': False}, 'acc2': {'recv_count': 4, 'remaining': 97, 'last_event': 'recv', 'busy': True}, 'acc3': {'recv_count': 4, 'remaining': 96, 'last_event': 'recv', 'busy': False}, 'acc4': {'recv_count': 3, 'remaining': 97, 'last_event': 'send', 'busy': False}, 'acc5': {'recv_count': 3, 'remaining': 97, 'last_event': 'send', 'busy': False}, 'acc6': {'recv_count': 3, 'remaining': 98, 'last_event': 'recv', 'busy': False}}
2026-03-31 00:59:58 [DEBUG] __main__ — [transport:acc2] ws msg op=87 cmd=1
2026-03-31 00:59:58 [DEBUG] __main__ — [transport:acc2] jpeg-wrap raw=176 jpeg=822
2026-03-31 00:59:58 [DEBUG] __main__ — [transport:acc2] upload ok fileId=3053345022 size=176
2026-03-31 00:59:58 [DEBUG] __main__ — [transport:acc2] ws msg op=136 cmd=0
2026-03-31 00:59:58 [DEBUG] __main__ — [transport:acc2] ws msg op=64 cmd=1
2026-03-31 00:59:58 [DEBUG] __main__ — [transport:acc2] msg op=64 attaches=1
2026-03-31 00:59:58 [DEBUG] __main__ — [transport:acc2] skip own fileId=3053345022
2026-03-31 00:59:59 [DEBUG] __main__ — [transport:acc4] ws msg op=136 cmd=0
2026-03-31 00:59:59 [DEBUG] __main__ — [transport:acc4] ws msg op=128 cmd=0
2026-03-31 00:59:59 [DEBUG] __main__ — [transport:acc4] msg op=128 attaches=1
2026-03-31 00:59:59 [DEBUG] __main__ — [transport:acc4] incoming fileId=3053866859 msgId=116320606585905392
2026-03-31 00:59:59 [DEBUG] __main__ — [transport:acc4] ws msg op=88 cmd=1
2026-03-31 00:59:59 [DEBUG] __main__ — [transport:acc4] recv_file fileId=3053866859 size=27708
2026-03-31 00:59:59 [DEBUG] __main__ — [tun] ← 28 pkts  raw=27708B
2026-03-31 01:00:00 [DEBUG] __main__ — [tun] → 14 pkts  raw=760B  packed=292B
2026-03-31 01:00:00 [DEBUG] __main__ — [multi] ранжирование: {'acc1': {'recv_count': 3, 'remaining': 95, 'last_event': 'send', 'r1': 1, 'r2': 6, 'r3': 4, 'score': '3.67'}, 'acc2': {'recv_count': 4, 'remaining': 96, 'last_event': 'send', 'r1': 4, 'r2': 4, 'r3': 5, 'score': '4.33'}, 'acc3': {'recv_count': 4, 'remaining': 96, 'last_event': 'recv', 'r1': 5, 'r2': 5, 'r3': 1, 'score': '3.67'}, 'acc4': {'recv_count': 4, 'remaining': 97, 'last_event': 'recv', 'r1': 6, 'r2': 2, 'r3': 2, 'score': '3.33'}, 'acc5': {'recv_count': 3, 'remaining': 97, 'last_event': 'send', 'r1': 2, 'r2': 3, 'r3': 6, 'score': '3.67'}, 'acc6': {'recv_count': 3, 'remaining': 98, 'last_event': 'recv', 'r1': 3, 'r2': 1, 'r3': 3, 'score': '2.33'}}
2026-03-31 01:00:00 [DEBUG] __main__ — [multi] выбор: acc6 (recv_count=3, remaining=99, last_event=recv) | stats={'acc1': {'recv_count': 3, 'remaining': 95, 'last_event': 'send', 'busy': False}, 'acc2': {'recv_count': 4, 'remaining': 96, 'last_event': 'send', 'busy': False}, 'acc3': {'recv_count': 4, 'remaining': 96, 'last_event': 'recv', 'busy': False}, 'acc4': {'recv_count': 4, 'remaining': 97, 'last_event': 'recv', 'busy': False}, 'acc5': {'recv_count': 3, 'remaining': 97, 'last_event': 'send', 'busy': False}, 'acc6': {'recv_count': 3, 'remaining': 98, 'last_event': 'recv', 'busy': True}}
2026-03-31 01:00:00 [DEBUG] __main__ — [transport:acc6] ws msg op=87 cmd=1
2026-03-31 01:00:00 [DEBUG] __main__ — [transport:acc6] jpeg-wrap raw=292 jpeg=938
2026-03-31 01:00:00 [DEBUG] __main__ — [transport:acc6] upload ok fileId=3051511258 size=292
2026-03-31 01:00:00 [DEBUG] __main__ — [transport:acc1] ws msg op=132 cmd=0
2026-03-31 01:00:00 [DEBUG] __main__ — [transport:acc6] ws msg op=136 cmd=0
2026-03-31 01:00:00 [DEBUG] __main__ — [transport:acc6] ws msg op=64 cmd=1
2026-03-31 01:00:00 [DEBUG] __main__ — [transport:acc6] msg op=64 attaches=1
2026-03-31 01:00:00 [DEBUG] __main__ — [transport:acc6] skip own fileId=3051511258
2026-03-31 01:00:01 [DEBUG] __main__ — [transport:acc5] ws msg op=136 cmd=0
2026-03-31 01:00:01 [DEBUG] __main__ — [transport:acc5] ws msg op=128 cmd=0
2026-03-31 01:00:01 [DEBUG] __main__ — [transport:acc5] msg op=128 attaches=1
2026-03-31 01:00:01 [DEBUG] __main__ — [transport:acc5] incoming fileId=3060607070 msgId=116320606689235064
2026-03-31 01:00:01 [DEBUG] __main__ — [transport:acc5] ws msg op=88 cmd=1
2026-03-31 01:00:01 [DEBUG] __main__ — [transport:acc5] recv_file fileId=3060607070 size=62275
2026-03-31 01:00:01 [DEBUG] __main__ — [tun] ← 58 pkts  raw=62275B
2026-03-31 01:00:01 [DEBUG] __main__ — [tun] → 28 pkts  raw=1516B  packed=508B
2026-03-31 01:00:01 [DEBUG] __main__ — [multi] ранжирование: {'acc1': {'recv_count': 3, 'remaining': 95, 'last_event': 'send', 'r1': 1, 'r2': 6, 'r3': 4, 'score': '3.67'}, 'acc2': {'recv_count': 4, 'remaining': 96, 'last_event': 'send', 'r1': 3, 'r2': 4, 'r3': 5, 'score': '4.00'}, 'acc3': {'recv_count': 4, 'remaining': 96, 'last_event': 'recv', 'r1': 4, 'r2': 5, 'r3': 1, 'score': '3.33'}, 'acc4': {'recv_count': 4, 'remaining': 97, 'last_event': 'recv', 'r1': 5, 'r2': 1, 'r3': 2, 'score': '2.67'}, 'acc5': {'recv_count': 4, 'remaining': 97, 'last_event': 'recv', 'r1': 6, 'r2': 2, 'r3': 3, 'score': '3.67'}, 'acc6': {'recv_count': 3, 'remaining': 97, 'last_event': 'send', 'r1': 2, 'r2': 3, 'r3': 6, 'score': '3.67'}}
2026-03-31 01:00:01 [DEBUG] __main__ — [multi] выбор: acc4 (recv_count=4, remaining=98, last_event=recv) | stats={'acc1': {'recv_count': 3, 'remaining': 95, 'last_event': 'send', 'busy': False}, 'acc2': {'recv_count': 4, 'remaining': 96, 'last_event': 'send', 'busy': False}, 'acc3': {'recv_count': 4, 'remaining': 96, 'last_event': 'recv', 'busy': False}, 'acc4': {'recv_count': 4, 'remaining': 97, 'last_event': 'recv', 'busy': True}, 'acc5': {'recv_count': 4, 'remaining': 97, 'last_event': 'recv', 'busy': False}, 'acc6': {'recv_count': 3, 'remaining': 97, 'last_event': 'send', 'busy': False}}
2026-03-31 01:00:01 [DEBUG] __main__ — [transport:acc4] ws msg op=87 cmd=1
2026-03-31 01:00:01 [DEBUG] __main__ — [transport:acc4] jpeg-wrap raw=508 jpeg=1154
2026-03-31 01:00:01 [DEBUG] __main__ — [transport:acc4] upload ok fileId=3055241503 size=508
2026-03-31 01:00:01 [DEBUG] __main__ — [transport:acc4] ws msg op=136 cmd=0
2026-03-31 01:00:01 [DEBUG] __main__ — [transport:acc4] ws msg op=64 cmd=1
2026-03-31 01:00:01 [DEBUG] __main__ — [transport:acc4] msg op=64 attaches=1
2026-03-31 01:00:01 [DEBUG] __main__ — [transport:acc4] skip own fileId=3055241503
2026-03-31 01:00:02 [DEBUG] __main__ — [transport:acc6] ws msg op=136 cmd=0
2026-03-31 01:00:03 [DEBUG] __main__ — [transport:acc6] ws msg op=128 cmd=0
2026-03-31 01:00:03 [DEBUG] __main__ — [transport:acc6] msg op=128 attaches=1
2026-03-31 01:00:03 [DEBUG] __main__ — [transport:acc6] incoming fileId=3055785369 msgId=116320606812250139
2026-03-31 01:00:03 [DEBUG] __main__ — [transport:acc6] ws msg op=88 cmd=1
2026-03-31 01:00:03 [DEBUG] __main__ — [transport:acc6] recv_file fileId=3055785369 size=50717
2026-03-31 01:00:03 [DEBUG] __main__ — [tun] ← 50 pkts  raw=50717B
2026-03-31 01:00:03 [DEBUG] __main__ — [transport:acc1] ws msg op=1 cmd=1
2026-03-31 01:00:03 [DEBUG] __main__ — [tun] → 27 pkts  raw=1493B  packed=548B
2026-03-31 01:00:03 [DEBUG] __main__ — [multi] ранжирование: {'acc1': {'recv_count': 3, 'remaining': 95, 'last_event': 'send', 'r1': 1, 'r2': 6, 'r3': 4, 'score': '3.67'}, 'acc2': {'recv_count': 4, 'remaining': 96, 'last_event': 'send', 'r1': 2, 'r2': 3, 'r3': 5, 'score': '3.33'}, 'acc3': {'recv_count': 4, 'remaining': 96, 'last_event': 'recv', 'r1': 3, 'r2': 4, 'r3': 1, 'score': '2.67'}, 'acc4': {'recv_count': 4, 'remaining': 96, 'last_event': 'send', 'r1': 4, 'r2': 5, 'r3': 6, 'score': '5.00'}, 'acc5': {'recv_count': 4, 'remaining': 97, 'last_event': 'recv', 'r1': 5, 'r2': 1, 'r3': 2, 'score': '2.67'}, 'acc6': {'recv_count': 4, 'remaining': 97, 'last_event': 'recv', 'r1': 6, 'r2': 2, 'r3': 3, 'score': '3.67'}}
2026-03-31 01:00:03 [DEBUG] __main__ — [multi] выбор: acc3 (recv_count=4, remaining=97, last_event=recv) | stats={'acc1': {'recv_count': 3, 'remaining': 95, 'last_event': 'send', 'busy': False}, 'acc2': {'recv_count': 4, 'remaining': 96, 'last_event': 'send', 'busy': False}, 'acc3': {'recv_count': 4, 'remaining': 96, 'last_event': 'recv', 'busy': True}, 'acc4': {'recv_count': 4, 'remaining': 96, 'last_event': 'send', 'busy': False}, 'acc5': {'recv_count': 4, 'remaining': 97, 'last_event': 'recv', 'busy': False}, 'acc6': {'recv_count': 4, 'remaining': 97, 'last_event': 'recv', 'busy': False}}
2026-03-31 01:00:03 [DEBUG] __main__ — [transport:acc4] ws msg op=1 cmd=1
2026-03-31 01:00:03 [DEBUG] __main__ — [transport:acc1] ws msg op=48 cmd=1
2026-03-31 01:00:03 [DEBUG] __main__ — [transport:acc6] ws msg op=1 cmd=1
2026-03-31 01:00:03 [DEBUG] __main__ — [transport:acc4] ws msg op=48 cmd=1
2026-03-31 01:00:03 [DEBUG] __main__ — [transport:acc3] ws msg op=87 cmd=1
2026-03-31 01:00:03 [DEBUG] __main__ — [transport:acc3] ws msg op=1 cmd=1
2026-03-31 01:00:03 [DEBUG] __main__ — [transport:acc3] jpeg-wrap raw=548 jpeg=1194
2026-03-31 01:00:03 [DEBUG] __main__ — [transport:acc6] ws msg op=48 cmd=1
2026-03-31 01:00:03 [DEBUG] __main__ — [transport:acc5] ws msg op=1 cmd=1
2026-03-31 01:00:03 [DEBUG] __main__ — [transport:acc3] ws msg op=48 cmd=1
2026-03-31 01:00:03 [DEBUG] __main__ — [transport:acc5] ws msg op=48 cmd=1
2026-03-31 01:00:03 [DEBUG] __main__ — [transport:acc3] upload ok fileId=3040261472 size=548
2026-03-31 01:00:03 [DEBUG] __main__ — [transport:acc2] ws msg op=1 cmd=1
2026-03-31 01:00:03 [DEBUG] __main__ — [transport:acc2] ws msg op=48 cmd=1
2026-03-31 01:00:03 [DEBUG] __main__ — [transport:acc1] ws msg op=132 cmd=0
2026-03-31 01:00:03 [DEBUG] __main__ — [transport:acc3] ws msg op=136 cmd=0
2026-03-31 01:00:03 [DEBUG] __main__ — [transport:acc3] ws msg op=64 cmd=1
2026-03-31 01:00:03 [DEBUG] __main__ — [transport:acc3] msg op=64 attaches=1
2026-03-31 01:00:03 [DEBUG] __main__ — [transport:acc3] skip own fileId=3040261472
2026-03-31 01:00:04 [DEBUG] __main__ — [tun] → 1 pkts  raw=54B  packed=49B
2026-03-31 01:00:04 [DEBUG] __main__ — [multi] ранжирование: {'acc1': {'recv_count': 3, 'remaining': 95, 'last_event': 'send', 'r1': 1, 'r2': 5, 'r3': 3, 'score': '3.00'}, 'acc2': {'recv_count': 4, 'remaining': 96, 'last_event': 'send', 'r1': 2, 'r2': 3, 'r3': 4, 'score': '3.00'}, 'acc3': {'recv_count': 4, 'remaining': 95, 'last_event': 'send', 'r1': 3, 'r2': 6, 'r3': 5, 'score': '4.67'}, 'acc4': {'recv_count': 4, 'remaining': 96, 'last_event': 'send', 'r1': 4, 'r2': 4, 'r3': 6, 'score': '4.67'}, 'acc5': {'recv_count': 4, 'remaining': 97, 'last_event': 'recv', 'r1': 5, 'r2': 1, 'r3': 1, 'score': '2.33'}, 'acc6': {'recv_count': 4, 'remaining': 97, 'last_event': 'recv', 'r1': 6, 'r2': 2, 'r3': 2, 'score': '3.33'}}
2026-03-31 01:00:04 [DEBUG] __main__ — [multi] выбор: acc5 (recv_count=4, remaining=98, last_event=recv) | stats={'acc1': {'recv_count': 3, 'remaining': 95, 'last_event': 'send', 'busy': False}, 'acc2': {'recv_count': 4, 'remaining': 96, 'last_event': 'send', 'busy': False}, 'acc3': {'recv_count': 4, 'remaining': 95, 'last_event': 'send', 'busy': False}, 'acc4': {'recv_count': 4, 'remaining': 96, 'last_event': 'send', 'busy': False}, 'acc5': {'recv_count': 4, 'remaining': 97, 'last_event': 'recv', 'busy': True}, 'acc6': {'recv_count': 4, 'remaining': 97, 'last_event': 'recv', 'busy': False}}
2026-03-31 01:00:04 [DEBUG] __main__ — [transport:acc5] ws msg op=87 cmd=1
2026-03-31 01:00:04 [DEBUG] __main__ — [transport:acc5] jpeg-wrap raw=49 jpeg=695
2026-03-31 01:00:04 [DEBUG] __main__ — [transport:acc5] upload ok fileId=3055033219 size=49
2026-03-31 01:00:04 [DEBUG] __main__ — [transport:acc5] ws msg op=136 cmd=0
2026-03-31 01:00:04 [DEBUG] __main__ — [transport:acc5] ws msg op=64 cmd=1
2026-03-31 01:00:04 [DEBUG] __main__ — [transport:acc5] msg op=64 attaches=1
2026-03-31 01:00:04 [DEBUG] __main__ — [transport:acc5] skip own fileId=3055033219
2026-03-31 01:00:04 [DEBUG] __main__ — [transport:acc1] ws msg op=136 cmd=0
2026-03-31 01:00:04 [DEBUG] __main__ — [transport:acc1] ws msg op=128 cmd=0
2026-03-31 01:00:04 [DEBUG] __main__ — [transport:acc1] msg op=128 attaches=1
2026-03-31 01:00:04 [DEBUG] __main__ — [transport:acc1] incoming fileId=3053944710 msgId=116320606937186025
2026-03-31 01:00:05 [DEBUG] __main__ — [transport:acc1] ws msg op=88 cmd=1
2026-03-31 01:00:05 [DEBUG] __main__ — [transport:acc1] recv_file fileId=3053944710 size=476
2026-03-31 01:00:05 [DEBUG] __main__ — [tun] ← 4 pkts  raw=476B
2026-03-31 01:00:05 [DEBUG] __main__ — [tun] → 1 pkts  raw=58B  packed=59B
2026-03-31 01:00:05 [DEBUG] __main__ — [multi] ранжирование: {'acc1': {'recv_count': 4, 'remaining': 95, 'last_event': 'recv', 'r1': 1, 'r2': 5, 'r3': 1, 'score': '2.33'}, 'acc2': {'recv_count': 4, 'remaining': 96, 'last_event': 'send', 'r1': 2, 'r2': 2, 'r3': 3, 'score': '2.33'}, 'acc3': {'recv_count': 4, 'remaining': 95, 'last_event': 'send', 'r1': 3, 'r2': 6, 'r3': 4, 'score': '4.33'}, 'acc4': {'recv_count': 4, 'remaining': 96, 'last_event': 'send', 'r1': 4, 'r2': 3, 'r3': 5, 'score': '4.00'}, 'acc5': {'recv_count': 4, 'remaining': 96, 'last_event': 'send', 'r1': 5, 'r2': 4, 'r3': 6, 'score': '5.00'}, 'acc6': {'recv_count': 4, 'remaining': 97, 'last_event': 'recv', 'r1': 6, 'r2': 1, 'r3': 2, 'score': '3.00'}}
2026-03-31 01:00:05 [DEBUG] __main__ — [multi] выбор: acc1 (recv_count=4, remaining=96, last_event=recv) | stats={'acc1': {'recv_count': 4, 'remaining': 95, 'last_event': 'recv', 'busy': True}, 'acc2': {'recv_count': 4, 'remaining': 96, 'last_event': 'send', 'busy': False}, 'acc3': {'recv_count': 4, 'remaining': 95, 'last_event': 'send', 'busy': False}, 'acc4': {'recv_count': 4, 'remaining': 96, 'last_event': 'send', 'busy': False}, 'acc5': {'recv_count': 4, 'remaining': 96, 'last_event': 'send', 'busy': False}, 'acc6': {'recv_count': 4, 'remaining': 97, 'last_event': 'recv', 'busy': False}}
2026-03-31 01:00:05 [DEBUG] __main__ — [transport:acc1] ws msg op=87 cmd=1
2026-03-31 01:00:05 [DEBUG] __main__ — [transport:acc1] jpeg-wrap raw=59 jpeg=705
2026-03-31 01:00:05 [DEBUG] __main__ — [transport:acc1] upload ok fileId=3054976482 size=59
2026-03-31 01:00:05 [DEBUG] __main__ — [transport:acc1] ws msg op=136 cmd=0
2026-03-31 01:00:05 [DEBUG] __main__ — [transport:acc1] ws msg op=64 cmd=1
2026-03-31 01:00:05 [DEBUG] __main__ — [transport:acc1] msg op=64 attaches=1
2026-03-31 01:00:05 [DEBUG] __main__ — [transport:acc1] skip own fileId=3054976482
2026-03-31 01:00:16 [DEBUG] __main__ — [transport:acc2] ws msg op=136 cmd=0
2026-03-31 01:00:16 [DEBUG] __main__ — [transport:acc2] ws msg op=128 cmd=0
2026-03-31 01:00:16 [DEBUG] __main__ — [transport:acc2] msg op=128 attaches=1
2026-03-31 01:00:16 [DEBUG] __main__ — [transport:acc2] incoming fileId=3051689136 msgId=116320607695941715
2026-03-31 01:00:16 [DEBUG] __main__ — [transport:acc2] ws msg op=88 cmd=1
2026-03-31 01:00:16 [DEBUG] __main__ — [transport:acc2] recv_file fileId=3051689136 size=435
2026-03-31 01:00:16 [DEBUG] __main__ — [tun] ← 1 pkts  raw=435B
2026-03-31 01:00:30 [DEBUG] __main__ — [transport:acc1] ws msg op=132 cmd=0
2026-03-31 01:00:33 [DEBUG] __main__ — [transport:acc1] ws msg op=1 cmd=1
2026-03-31 01:00:33 [DEBUG] __main__ — [transport:acc4] ws msg op=1 cmd=1
2026-03-31 01:00:33 [DEBUG] __main__ — [transport:acc3] ws msg op=1 cmd=1
2026-03-31 01:00:33 [DEBUG] __main__ — [transport:acc6] ws msg op=1 cmd=1
2026-03-31 01:00:33 [DEBUG] __main__ — [transport:acc5] ws msg op=1 cmd=1
2026-03-31 01:00:33 [DEBUG] __main__ — [transport:acc2] ws msg op=1 cmd=1
2026-03-31 01:00:33 [DEBUG] __main__ — [transport:acc1] ws msg op=132 cmd=0
2026-03-31 01:01:00 [DEBUG] __main__ — [transport:acc1] ws msg op=132 cmd=0
2026-03-31 01:01:03 [DEBUG] __main__ — [transport:acc1] ws msg op=1 cmd=1
2026-03-31 01:01:03 [DEBUG] __main__ — [transport:acc4] ws msg op=1 cmd=1
2026-03-31 01:01:03 [DEBUG] __main__ — [transport:acc3] ws msg op=1 cmd=1
2026-03-31 01:01:03 [DEBUG] __main__ — [transport:acc6] ws msg op=1 cmd=1
2026-03-31 01:01:03 [DEBUG] __main__ — [transport:acc1] ws msg op=48 cmd=1
2026-03-31 01:01:03 [DEBUG] __main__ — [transport:acc4] ws msg op=48 cmd=1
2026-03-31 01:01:03 [DEBUG] __main__ — [transport:acc6] ws msg op=48 cmd=1
2026-03-31 01:01:03 [DEBUG] __main__ — [transport:acc3] ws msg op=48 cmd=1
2026-03-31 01:01:03 [DEBUG] __main__ — [transport:acc5] ws msg op=1 cmd=1
2026-03-31 01:01:03 [DEBUG] __main__ — [transport:acc5] ws msg op=48 cmd=1
2026-03-31 01:01:03 [DEBUG] __main__ — [transport:acc1] ws msg op=132 cmd=0
2026-03-31 01:01:03 [DEBUG] __main__ — [transport:acc2] ws msg op=1 cmd=1
2026-03-31 01:01:03 [DEBUG] __main__ — [transport:acc2] ws msg op=48 cmd=1
2026-03-31 01:01:07 [DEBUG] __main__ — [transport:acc3] ws msg op=136 cmd=0
2026-03-31 01:01:07 [DEBUG] __main__ — [transport:acc3] ws msg op=128 cmd=0
2026-03-31 01:01:07 [DEBUG] __main__ — [transport:acc3] msg op=128 attaches=1
2026-03-31 01:01:07 [DEBUG] __main__ — [transport:acc3] incoming fileId=3048924056 msgId=116320611018037635
2026-03-31 01:01:07 [DEBUG] __main__ — [transport:acc3] ws msg op=88 cmd=1
2026-03-31 01:01:07 [DEBUG] __main__ — [transport:acc3] recv_file fileId=3048924056 size=54
2026-03-31 01:01:07 [DEBUG] __main__ — [tun] ← 1 pkts  raw=54B
2026-03-31 01:01:10 [DEBUG] __main__ — [transport:acc4] ws msg op=136 cmd=0
2026-03-31 01:01:10 [DEBUG] __main__ — [transport:acc4] ws msg op=128 cmd=0
2026-03-31 01:01:10 [DEBUG] __main__ — [transport:acc4] msg op=128 attaches=1
2026-03-31 01:01:10 [DEBUG] __main__ — [transport:acc4] incoming fileId=3047251568 msgId=116320611239424173
2026-03-31 01:01:10 [DEBUG] __main__ — [transport:acc4] ws msg op=88 cmd=1
2026-03-31 01:01:10 [DEBUG] __main__ — [transport:acc4] recv_file fileId=3047251568 size=433
2026-03-31 01:01:10 [DEBUG] __main__ — [tun] ← 3 pkts  raw=433B
2026-03-31 01:01:10 [DEBUG] __main__ — [tun] → 1 pkts  raw=54B  packed=49B
2026-03-31 01:01:10 [DEBUG] __main__ — [multi] ранжирование: {'acc1': {'recv_count': 4, 'remaining': 94, 'last_event': 'send', 'r1': 1, 'r2': 6, 'r3': 5, 'score': '4.00'}, 'acc2': {'recv_count': 5, 'remaining': 96, 'last_event': 'recv', 'r1': 4, 'r2': 2, 'r3': 1, 'score': '2.33'}, 'acc3': {'recv_count': 5, 'remaining': 95, 'last_event': 'recv', 'r1': 5, 'r2': 5, 'r3': 2, 'score': '4.00'}, 'acc4': {'recv_count': 5, 'remaining': 96, 'last_event': 'recv', 'r1': 6, 'r2': 3, 'r3': 3, 'score': '4.00'}, 'acc5': {'recv_count': 4, 'remaining': 96, 'last_event': 'send', 'r1': 2, 'r2': 4, 'r3': 6, 'score': '4.00'}, 'acc6': {'recv_count': 4, 'remaining': 97, 'last_event': 'recv', 'r1': 3, 'r2': 1, 'r3': 4, 'score': '2.67'}}
2026-03-31 01:01:10 [DEBUG] __main__ — [multi] выбор: acc2 (recv_count=5, remaining=97, last_event=recv) | stats={'acc1': {'recv_count': 4, 'remaining': 94, 'last_event': 'send', 'busy': False}, 'acc2': {'recv_count': 5, 'remaining': 96, 'last_event': 'recv', 'busy': True}, 'acc3': {'recv_count': 5, 'remaining': 95, 'last_event': 'recv', 'busy': False}, 'acc4': {'recv_count': 5, 'remaining': 96, 'last_event': 'recv', 'busy': False}, 'acc5': {'recv_count': 4, 'remaining': 96, 'last_event': 'send', 'busy': False}, 'acc6': {'recv_count': 4, 'remaining': 97, 'last_event': 'recv', 'busy': False}}
2026-03-31 01:01:11 [DEBUG] __main__ — [transport:acc2] ws msg op=87 cmd=1
2026-03-31 01:01:11 [DEBUG] __main__ — [transport:acc2] jpeg-wrap raw=49 jpeg=695
2026-03-31 01:01:12 [DEBUG] __main__ — [transport:acc2] upload ok fileId=3045321084 size=49
2026-03-31 01:01:12 [DEBUG] __main__ — [transport:acc2] ws msg op=136 cmd=0
2026-03-31 01:01:12 [DEBUG] __main__ — [transport:acc2] ws msg op=64 cmd=1
2026-03-31 01:01:12 [DEBUG] __main__ — [transport:acc2] msg op=64 attaches=1
2026-03-31 01:01:12 [DEBUG] __main__ — [transport:acc2] skip own fileId=3045321084
2026-03-31 01:01:12 [DEBUG] __main__ — [transport:acc5] ws msg op=136 cmd=0
2026-03-31 01:01:12 [DEBUG] __main__ — [transport:acc5] ws msg op=128 cmd=0
2026-03-31 01:01:12 [DEBUG] __main__ — [transport:acc5] msg op=128 attaches=1
2026-03-31 01:01:12 [DEBUG] __main__ — [transport:acc5] incoming fileId=3054745175 msgId=116320611357890843
2026-03-31 01:01:12 [DEBUG] __main__ — [transport:acc5] ws msg op=88 cmd=1
2026-03-31 01:01:12 [DEBUG] __main__ — [transport:acc5] recv_file fileId=3054745175 size=97
2026-03-31 01:01:12 [DEBUG] __main__ — [tun] ← 1 pkts  raw=97B
2026-03-31 01:01:20 [DEBUG] __main__ — [transport:acc6] ws msg op=136 cmd=0
2026-03-31 01:01:21 [DEBUG] __main__ — [transport:acc6] ws msg op=128 cmd=0
2026-03-31 01:01:21 [DEBUG] __main__ — [transport:acc6] msg op=128 attaches=1
2026-03-31 01:01:21 [DEBUG] __main__ — [transport:acc6] incoming fileId=3048431741 msgId=116320611927139313
2026-03-31 01:01:21 [DEBUG] __main__ — [transport:acc6] ws msg op=88 cmd=1
2026-03-31 01:01:21 [DEBUG] __main__ — [transport:acc6] recv_file fileId=3048431741 size=97
2026-03-31 01:01:21 [DEBUG] __main__ — [tun] ← 1 pkts  raw=97B
2026-03-31 01:01:30 [DEBUG] __main__ — [transport:acc1] ws msg op=132 cmd=0
2026-03-31 01:01:33 [DEBUG] __main__ — [transport:acc1] ws msg op=1 cmd=1
2026-03-31 01:01:33 [DEBUG] __main__ — [transport:acc6] ws msg op=1 cmd=1
2026-03-31 01:01:33 [DEBUG] __main__ — [transport:acc4] ws msg op=1 cmd=1
2026-03-31 01:01:33 [DEBUG] __main__ — [transport:acc3] ws msg op=1 cmd=1
2026-03-31 01:01:33 [DEBUG] __main__ — [transport:acc5] ws msg op=1 cmd=1
2026-03-31 01:01:33 [DEBUG] __main__ — [transport:acc2] ws msg op=1 cmd=1
2026-03-31 01:01:33 [DEBUG] __main__ — [transport:acc1] ws msg op=132 cmd=0
2026-03-31 01:01:57 [ERROR] asyncio — Unclosed client session
client_session: <aiohttp.client.ClientSession object at 0x7ae5000d0df0>
2026-03-31 01:01:57 [ERROR] asyncio — Unclosed client session
client_session: <aiohttp.client.ClientSession object at 0x7ae5000d3f70>
2026-03-31 01:01:57 [ERROR] asyncio — Unclosed client session
client_session: <aiohttp.client.ClientSession object at 0x7ae5000d3790>
2026-03-31 01:01:57 [ERROR] asyncio — Unclosed client session
client_session: <aiohttp.client.ClientSession object at 0x7ae5000f9060>
2026-03-31 01:01:57 [ERROR] asyncio — Unclosed client session
client_session: <aiohttp.client.ClientSession object at 0x7ae5000f85b0>
2026-03-31 01:01:57 [ERROR] asyncio — Unclosed client session
client_session: <aiohttp.client.ClientSession object at 0x7ae5000d2da0>
