2026-03-31 23:19:28 [DEBUG] __main__ — [tun] ip link set tun0 up mtu 8000: OK
2026-03-31 23:19:28 [DEBUG] __main__ — [tun] ip addr add 10.0.1.1/30 dev tun0: OK
2026-03-31 23:19:28 [INFO] __main__ — [net] HTTP трафик скрипта привязан к интерфейсу: wlp0s20f3
2026-03-31 23:19:29 [DEBUG] __main__ — [transport:acc1] ws msg op=6 cmd=1
2026-03-31 23:19:29 [INFO] __main__ — [net] HTTP трафик скрипта привязан к интерфейсу: wlp0s20f3
2026-03-31 23:19:29 [DEBUG] __main__ — [transport:acc6] ws msg op=6 cmd=1
2026-03-31 23:19:29 [DEBUG] __main__ — [transport:acc1] ws msg op=19 cmd=1
2026-03-31 23:19:29 [DEBUG] __main__ — [transport:acc1] ws msg op=292 cmd=0
2026-03-31 23:19:29 [INFO] __main__ — Авторизован [client:acc1], chatId=0
2026-03-31 23:19:29 [DEBUG] __main__ — [transport:acc1] ws msg op=48 cmd=1
2026-03-31 23:19:29 [DEBUG] __main__ — [transport:acc6] ws msg op=19 cmd=1
2026-03-31 23:19:29 [DEBUG] __main__ — [transport:acc6] ws msg op=292 cmd=0
2026-03-31 23:19:29 [INFO] __main__ — Авторизован [client:acc6], chatId=0
2026-03-31 23:19:29 [DEBUG] __main__ — [transport:acc6] ws msg op=48 cmd=1
2026-03-31 23:19:29 [INFO] __main__ — [net] HTTP трафик скрипта привязан к интерфейсу: wlp0s20f3
2026-03-31 23:19:29 [INFO] __main__ — [net] HTTP трафик скрипта привязан к интерфейсу: wlp0s20f3
2026-03-31 23:19:29 [DEBUG] __main__ — [transport:acc3] ws msg op=6 cmd=1
2026-03-31 23:19:29 [INFO] __main__ — [net] HTTP трафик скрипта привязан к интерфейсу: wlp0s20f3
2026-03-31 23:19:29 [DEBUG] __main__ — [transport:acc4] ws msg op=6 cmd=1
2026-03-31 23:19:29 [DEBUG] __main__ — [transport:acc5] ws msg op=6 cmd=1
2026-03-31 23:19:29 [DEBUG] __main__ — [transport:acc5] ws msg op=19 cmd=1
2026-03-31 23:19:29 [DEBUG] __main__ — [transport:acc5] ws msg op=292 cmd=0
2026-03-31 23:19:29 [INFO] __main__ — Авторизован [client:acc5], chatId=0
2026-03-31 23:19:29 [DEBUG] __main__ — [transport:acc5] ws msg op=48 cmd=1
2026-03-31 23:19:29 [DEBUG] __main__ — [transport:acc4] ws msg op=19 cmd=1
2026-03-31 23:19:29 [DEBUG] __main__ — [transport:acc4] ws msg op=292 cmd=0
2026-03-31 23:19:29 [INFO] __main__ — Авторизован [client:acc4], chatId=0
2026-03-31 23:19:29 [DEBUG] __main__ — [transport:acc3] ws msg op=19 cmd=1
2026-03-31 23:19:29 [DEBUG] __main__ — [transport:acc3] ws msg op=292 cmd=0
2026-03-31 23:19:29 [DEBUG] __main__ — [transport:acc4] ws msg op=48 cmd=1
2026-03-31 23:19:29 [INFO] __main__ — Авторизован [client:acc3], chatId=0
2026-03-31 23:19:29 [DEBUG] __main__ — [transport:acc3] ws msg op=48 cmd=1
2026-03-31 23:19:29 [DEBUG] __main__ — [tun] → 1 pkts  raw=54B  packed=48B
2026-03-31 23:19:29 [DEBUG] __main__ — [multi] ранжирование: {'acc1': {'recv_count': 0, 'remaining': 100, 'last_event': 'recv', 'r1': 1, 'r2': 1, 'r3': 1, 'score': '1.00'}, 'acc2': {'recv_count': 0, 'remaining': 100, 'last_event': 'recv', 'r1': 1, 'r2': 1, 'r3': 1, 'score': '1.00'}, 'acc3': {'recv_count': 0, 'remaining': 100, 'last_event': 'recv', 'r1': 1, 'r2': 1, 'r3': 1, 'score': '1.00'}, 'acc4': {'recv_count': 0, 'remaining': 100, 'last_event': 'recv', 'r1': 1, 'r2': 1, 'r3': 1, 'score': '1.00'}, 'acc5': {'recv_count': 0, 'remaining': 100, 'last_event': 'recv', 'r1': 1, 'r2': 1, 'r3': 1, 'score': '1.00'}, 'acc6': {'recv_count': 0, 'remaining': 100, 'last_event': 'recv', 'r1': 1, 'r2': 1, 'r3': 1, 'score': '1.00'}}
2026-03-31 23:19:29 [DEBUG] __main__ — [multi] выбор: acc2 (recv_count=0, remaining=100, last_event=recv) | stats={'acc1': {'recv_count': 0, 'remaining': 100, 'last_event': 'recv', 'busy': False}, 'acc2': {'recv_count': 0, 'remaining': 99, 'last_event': 'recv', 'busy': True}, 'acc3': {'recv_count': 0, 'remaining': 100, 'last_event': 'recv', 'busy': False}, 'acc4': {'recv_count': 0, 'remaining': 100, 'last_event': 'recv', 'busy': False}, 'acc5': {'recv_count': 0, 'remaining': 100, 'last_event': 'recv', 'busy': False}, 'acc6': {'recv_count': 0, 'remaining': 100, 'last_event': 'recv', 'busy': False}}
2026-03-31 23:19:33 [DEBUG] __main__ — [tun] → 2 pkts  raw=116B  packed=105B
2026-03-31 23:19:33 [DEBUG] __main__ — [multi] ранжирование: {'acc1': {'recv_count': 0, 'remaining': 100, 'last_event': 'recv', 'r1': 1, 'r2': 1, 'r3': 1, 'score': '1.00'}, 'acc3': {'recv_count': 0, 'remaining': 100, 'last_event': 'recv', 'r1': 1, 'r2': 1, 'r3': 1, 'score': '1.00'}, 'acc4': {'recv_count': 0, 'remaining': 100, 'last_event': 'recv', 'r1': 1, 'r2': 1, 'r3': 1, 'score': '1.00'}, 'acc5': {'recv_count': 0, 'remaining': 100, 'last_event': 'recv', 'r1': 1, 'r2': 1, 'r3': 1, 'score': '1.00'}, 'acc6': {'recv_count': 0, 'remaining': 100, 'last_event': 'recv', 'r1': 1, 'r2': 1, 'r3': 1, 'score': '1.00'}}
2026-03-31 23:19:33 [DEBUG] __main__ — [multi] выбор: acc4 (recv_count=0, remaining=100, last_event=recv) | stats={'acc1': {'recv_count': 0, 'remaining': 100, 'last_event': 'recv', 'busy': False}, 'acc2': {'recv_count': 0, 'remaining': 99, 'last_event': 'recv', 'busy': True}, 'acc3': {'recv_count': 0, 'remaining': 100, 'last_event': 'recv', 'busy': False}, 'acc4': {'recv_count': 0, 'remaining': 99, 'last_event': 'recv', 'busy': True}, 'acc5': {'recv_count': 0, 'remaining': 100, 'last_event': 'recv', 'busy': False}, 'acc6': {'recv_count': 0, 'remaining': 100, 'last_event': 'recv', 'busy': False}}
2026-03-31 23:19:33 [DEBUG] __main__ — [transport:acc4] ws msg op=87 cmd=1
2026-03-31 23:19:33 [DEBUG] __main__ — [transport:acc4] jpeg-wrap raw=105 jpeg=751
2026-03-31 23:19:33 [DEBUG] __main__ — [transport:acc4] upload ok fileId=3070215738 size=105
2026-03-31 23:19:33 [DEBUG] __main__ — [transport:acc4] ws msg op=136 cmd=0
2026-03-31 23:19:33 [DEBUG] __main__ — [transport:acc4] ws msg op=64 cmd=1
2026-03-31 23:19:33 [DEBUG] __main__ — [transport:acc4] msg op=64 attaches=1
2026-03-31 23:19:33 [DEBUG] __main__ — [transport:acc4] skip own fileId=3070215738
2026-03-31 23:19:35 [DEBUG] __main__ — [tun] → 1 pkts  raw=66B  packed=67B
2026-03-31 23:19:35 [DEBUG] __main__ — [multi] ранжирование: {'acc1': {'recv_count': 0, 'remaining': 100, 'last_event': 'recv', 'r1': 1, 'r2': 1, 'r3': 1, 'score': '1.00'}, 'acc3': {'recv_count': 0, 'remaining': 100, 'last_event': 'recv', 'r1': 1, 'r2': 1, 'r3': 1, 'score': '1.00'}, 'acc4': {'recv_count': 0, 'remaining': 99, 'last_event': 'send', 'r1': 1, 'r2': 2, 'r3': 2, 'score': '1.67'}, 'acc5': {'recv_count': 0, 'remaining': 100, 'last_event': 'recv', 'r1': 1, 'r2': 1, 'r3': 1, 'score': '1.00'}, 'acc6': {'recv_count': 0, 'remaining': 100, 'last_event': 'recv', 'r1': 1, 'r2': 1, 'r3': 1, 'score': '1.00'}}
2026-03-31 23:19:35 [DEBUG] __main__ — [multi] выбор: acc6 (recv_count=0, remaining=100, last_event=recv) | stats={'acc1': {'recv_count': 0, 'remaining': 100, 'last_event': 'recv', 'busy': False}, 'acc2': {'recv_count': 0, 'remaining': 99, 'last_event': 'recv', 'busy': True}, 'acc3': {'recv_count': 0, 'remaining': 100, 'last_event': 'recv', 'busy': False}, 'acc4': {'recv_count': 0, 'remaining': 99, 'last_event': 'send', 'busy': False}, 'acc5': {'recv_count': 0, 'remaining': 100, 'last_event': 'recv', 'busy': False}, 'acc6': {'recv_count': 0, 'remaining': 99, 'last_event': 'recv', 'busy': True}}
2026-03-31 23:19:35 [DEBUG] __main__ — [transport:acc6] ws msg op=87 cmd=1
2026-03-31 23:19:35 [DEBUG] __main__ — [transport:acc6] jpeg-wrap raw=67 jpeg=713
2026-03-31 23:19:35 [DEBUG] __main__ — [transport:acc6] upload ok fileId=3054025069 size=67
2026-03-31 23:19:35 [DEBUG] __main__ — [transport:acc6] ws msg op=136 cmd=0
2026-03-31 23:19:35 [DEBUG] __main__ — [transport:acc6] ws msg op=64 cmd=1
2026-03-31 23:19:35 [DEBUG] __main__ — [transport:acc6] msg op=64 attaches=1
2026-03-31 23:19:35 [DEBUG] __main__ — [transport:acc6] skip own fileId=3054025069
2026-03-31 23:19:36 [DEBUG] __main__ — [tun] → 1 pkts  raw=66B  packed=67B
2026-03-31 23:19:36 [DEBUG] __main__ — [multi] ранжирование: {'acc1': {'recv_count': 0, 'remaining': 100, 'last_event': 'recv', 'r1': 1, 'r2': 1, 'r3': 1, 'score': '1.00'}, 'acc3': {'recv_count': 0, 'remaining': 100, 'last_event': 'recv', 'r1': 1, 'r2': 1, 'r3': 1, 'score': '1.00'}, 'acc4': {'recv_count': 0, 'remaining': 99, 'last_event': 'send', 'r1': 1, 'r2': 2, 'r3': 2, 'score': '1.67'}, 'acc5': {'recv_count': 0, 'remaining': 100, 'last_event': 'recv', 'r1': 1, 'r2': 1, 'r3': 1, 'score': '1.00'}, 'acc6': {'recv_count': 0, 'remaining': 99, 'last_event': 'send', 'r1': 1, 'r2': 2, 'r3': 2, 'score': '1.67'}}
2026-03-31 23:19:36 [DEBUG] __main__ — [multi] выбор: acc3 (recv_count=0, remaining=100, last_event=recv) | stats={'acc1': {'recv_count': 0, 'remaining': 100, 'last_event': 'recv', 'busy': False}, 'acc2': {'recv_count': 0, 'remaining': 99, 'last_event': 'recv', 'busy': True}, 'acc3': {'recv_count': 0, 'remaining': 99, 'last_event': 'recv', 'busy': True}, 'acc4': {'recv_count': 0, 'remaining': 99, 'last_event': 'send', 'busy': False}, 'acc5': {'recv_count': 0, 'remaining': 100, 'last_event': 'recv', 'busy': False}, 'acc6': {'recv_count': 0, 'remaining': 99, 'last_event': 'send', 'busy': False}}
2026-03-31 23:19:36 [DEBUG] __main__ — [transport:acc3] ws msg op=87 cmd=1
2026-03-31 23:19:36 [DEBUG] __main__ — [transport:acc3] jpeg-wrap raw=67 jpeg=713
2026-03-31 23:19:37 [DEBUG] __main__ — [tun] → 1 pkts  raw=66B  packed=67B
2026-03-31 23:19:37 [DEBUG] __main__ — [multi] ранжирование: {'acc1': {'recv_count': 0, 'remaining': 100, 'last_event': 'recv', 'r1': 1, 'r2': 1, 'r3': 1, 'score': '1.00'}, 'acc4': {'recv_count': 0, 'remaining': 99, 'last_event': 'send', 'r1': 1, 'r2': 2, 'r3': 2, 'score': '1.67'}, 'acc5': {'recv_count': 0, 'remaining': 100, 'last_event': 'recv', 'r1': 1, 'r2': 1, 'r3': 1, 'score': '1.00'}, 'acc6': {'recv_count': 0, 'remaining': 99, 'last_event': 'send', 'r1': 1, 'r2': 2, 'r3': 2, 'score': '1.67'}}
2026-03-31 23:19:37 [DEBUG] __main__ — [multi] выбор: acc1 (recv_count=0, remaining=100, last_event=recv) | stats={'acc1': {'recv_count': 0, 'remaining': 99, 'last_event': 'recv', 'busy': True}, 'acc2': {'recv_count': 0, 'remaining': 99, 'last_event': 'recv', 'busy': True}, 'acc3': {'recv_count': 0, 'remaining': 99, 'last_event': 'recv', 'busy': True}, 'acc4': {'recv_count': 0, 'remaining': 99, 'last_event': 'send', 'busy': False}, 'acc5': {'recv_count': 0, 'remaining': 100, 'last_event': 'recv', 'busy': False}, 'acc6': {'recv_count': 0, 'remaining': 99, 'last_event': 'send', 'busy': False}}
2026-03-31 23:19:37 [DEBUG] __main__ — [transport:acc1] ws msg op=87 cmd=1
2026-03-31 23:19:37 [DEBUG] __main__ — [transport:acc1] jpeg-wrap raw=67 jpeg=713
2026-03-31 23:19:37 [DEBUG] __main__ — [transport:acc3] upload ok fileId=3067443828 size=67
2026-03-31 23:19:37 [DEBUG] __main__ — [transport:acc1] upload ok fileId=3061416049 size=67
2026-03-31 23:19:37 [DEBUG] __main__ — [transport:acc3] ws msg op=136 cmd=0
2026-03-31 23:19:37 [DEBUG] __main__ — [transport:acc1] ws msg op=136 cmd=0
2026-03-31 23:19:37 [DEBUG] __main__ — [transport:acc1] ws msg op=64 cmd=1
2026-03-31 23:19:37 [DEBUG] __main__ — [transport:acc1] msg op=64 attaches=1
2026-03-31 23:19:37 [DEBUG] __main__ — [transport:acc1] skip own fileId=3061416049
2026-03-31 23:19:37 [DEBUG] __main__ — [transport:acc3] ws msg op=64 cmd=1
2026-03-31 23:19:37 [DEBUG] __main__ — [transport:acc3] msg op=64 attaches=1
2026-03-31 23:19:37 [DEBUG] __main__ — [transport:acc3] skip own fileId=3067443828
2026-03-31 23:19:38 [DEBUG] __main__ — [tun] → 1 pkts  raw=66B  packed=67B
2026-03-31 23:19:38 [DEBUG] __main__ — [multi] ранжирование: {'acc1': {'recv_count': 0, 'remaining': 99, 'last_event': 'send', 'r1': 1, 'r2': 2, 'r3': 2, 'score': '1.67'}, 'acc3': {'recv_count': 0, 'remaining': 99, 'last_event': 'send', 'r1': 1, 'r2': 2, 'r3': 2, 'score': '1.67'}, 'acc4': {'recv_count': 0, 'remaining': 99, 'last_event': 'send', 'r1': 1, 'r2': 2, 'r3': 2, 'score': '1.67'}, 'acc5': {'recv_count': 0, 'remaining': 100, 'last_event': 'recv', 'r1': 1, 'r2': 1, 'r3': 1, 'score': '1.00'}, 'acc6': {'recv_count': 0, 'remaining': 99, 'last_event': 'send', 'r1': 1, 'r2': 2, 'r3': 2, 'score': '1.67'}}
2026-03-31 23:19:38 [DEBUG] __main__ — [multi] выбор: acc5 (recv_count=0, remaining=100, last_event=recv) | stats={'acc1': {'recv_count': 0, 'remaining': 99, 'last_event': 'send', 'busy': False}, 'acc2': {'recv_count': 0, 'remaining': 99, 'last_event': 'recv', 'busy': True}, 'acc3': {'recv_count': 0, 'remaining': 99, 'last_event': 'send', 'busy': False}, 'acc4': {'recv_count': 0, 'remaining': 99, 'last_event': 'send', 'busy': False}, 'acc5': {'recv_count': 0, 'remaining': 99, 'last_event': 'recv', 'busy': True}, 'acc6': {'recv_count': 0, 'remaining': 99, 'last_event': 'send', 'busy': False}}
2026-03-31 23:19:38 [DEBUG] __main__ — [transport:acc5] ws msg op=87 cmd=1
2026-03-31 23:19:38 [DEBUG] __main__ — [transport:acc5] jpeg-wrap raw=67 jpeg=713
2026-03-31 23:19:38 [DEBUG] __main__ — [transport:acc5] upload ok fileId=3065259887 size=67
2026-03-31 23:19:38 [DEBUG] __main__ — [transport:acc5] ws msg op=136 cmd=0
2026-03-31 23:19:38 [DEBUG] __main__ — [transport:acc5] ws msg op=64 cmd=1
2026-03-31 23:19:38 [DEBUG] __main__ — [transport:acc5] msg op=64 attaches=1
2026-03-31 23:19:38 [DEBUG] __main__ — [transport:acc5] skip own fileId=3065259887
2026-03-31 23:19:38 [WARNING] __main__ — [multi] acc2 разрыв: timed out during opening handshake. Reconnect немедленно...
2026-03-31 23:19:38 [INFO] __main__ — [net] HTTP трафик скрипта привязан к интерфейсу: wlp0s20f3
2026-03-31 23:19:38 [DEBUG] __main__ — [transport:acc2] ws msg op=6 cmd=1
2026-03-31 23:19:38 [DEBUG] __main__ — [transport:acc2] ws msg op=19 cmd=1
2026-03-31 23:19:38 [DEBUG] __main__ — [transport:acc2] ws msg op=292 cmd=0
2026-03-31 23:19:38 [INFO] __main__ — Авторизован [client:acc2], chatId=0
2026-03-31 23:19:38 [DEBUG] __main__ — [transport:acc1] ws msg op=132 cmd=0
2026-03-31 23:19:38 [DEBUG] __main__ — [transport:acc2] ws msg op=48 cmd=1
2026-03-31 23:19:38 [DEBUG] __main__ — [transport:acc2] ws msg op=87 cmd=1
2026-03-31 23:19:38 [DEBUG] __main__ — [transport:acc2] jpeg-wrap raw=48 jpeg=694
2026-03-31 23:19:39 [DEBUG] __main__ — [transport:acc2] upload ok fileId=3065399038 size=48
2026-03-31 23:19:39 [DEBUG] __main__ — [transport:acc2] ws msg op=136 cmd=0
2026-03-31 23:19:39 [DEBUG] __main__ — [transport:acc2] ws msg op=64 cmd=1
2026-03-31 23:19:39 [DEBUG] __main__ — [transport:acc2] msg op=64 attaches=1
2026-03-31 23:19:39 [DEBUG] __main__ — [transport:acc2] skip own fileId=3065399038
2026-03-31 23:19:39 [DEBUG] __main__ — [tun] → 1 pkts  raw=66B  packed=67B
2026-03-31 23:19:39 [DEBUG] __main__ — [multi] ранжирование: {'acc1': {'recv_count': 0, 'remaining': 99, 'last_event': 'send', 'r1': 1, 'r2': 1, 'r3': 1, 'score': '1.00'}, 'acc2': {'recv_count': 0, 'remaining': 99, 'last_event': 'send', 'r1': 1, 'r2': 1, 'r3': 1, 'score': '1.00'}, 'acc3': {'recv_count': 0, 'remaining': 99, 'last_event': 'send', 'r1': 1, 'r2': 1, 'r3': 1, 'score': '1.00'}, 'acc4': {'recv_count': 0, 'remaining': 99, 'last_event': 'send', 'r1': 1, 'r2': 1, 'r3': 1, 'score': '1.00'}, 'acc5': {'recv_count': 0, 'remaining': 99, 'last_event': 'send', 'r1': 1, 'r2': 1, 'r3': 1, 'score': '1.00'}, 'acc6': {'recv_count': 0, 'remaining': 99, 'last_event': 'send', 'r1': 1, 'r2': 1, 'r3': 1, 'score': '1.00'}}
2026-03-31 23:19:39 [DEBUG] __main__ — [multi] выбор: acc2 (recv_count=0, remaining=99, last_event=send) | stats={'acc1': {'recv_count': 0, 'remaining': 99, 'last_event': 'send', 'busy': False}, 'acc2': {'recv_count': 0, 'remaining': 98, 'last_event': 'send', 'busy': True}, 'acc3': {'recv_count': 0, 'remaining': 99, 'last_event': 'send', 'busy': False}, 'acc4': {'recv_count': 0, 'remaining': 99, 'last_event': 'send', 'busy': False}, 'acc5': {'recv_count': 0, 'remaining': 99, 'last_event': 'send', 'busy': False}, 'acc6': {'recv_count': 0, 'remaining': 99, 'last_event': 'send', 'busy': False}}
2026-03-31 23:19:39 [DEBUG] __main__ — [transport:acc2] ws msg op=87 cmd=1
2026-03-31 23:19:39 [DEBUG] __main__ — [transport:acc2] jpeg-wrap raw=67 jpeg=713
2026-03-31 23:19:39 [DEBUG] __main__ — [transport:acc2] upload ok fileId=3058922864 size=67
2026-03-31 23:19:39 [DEBUG] __main__ — [transport:acc2] ws msg op=136 cmd=0
2026-03-31 23:19:39 [DEBUG] __main__ — [transport:acc2] ws msg op=64 cmd=1
2026-03-31 23:19:39 [DEBUG] __main__ — [transport:acc2] msg op=64 attaches=1
2026-03-31 23:19:39 [DEBUG] __main__ — [transport:acc2] skip own fileId=3058922864
2026-03-31 23:19:41 [DEBUG] __main__ — [tun] → 2 pkts  raw=116B  packed=106B
2026-03-31 23:19:41 [DEBUG] __main__ — [multi] ранжирование: {'acc1': {'recv_count': 0, 'remaining': 99, 'last_event': 'send', 'r1': 1, 'r2': 1, 'r3': 1, 'score': '1.00'}, 'acc2': {'recv_count': 0, 'remaining': 98, 'last_event': 'send', 'r1': 1, 'r2': 2, 'r3': 1, 'score': '1.33'}, 'acc3': {'recv_count': 0, 'remaining': 99, 'last_event': 'send', 'r1': 1, 'r2': 1, 'r3': 1, 'score': '1.00'}, 'acc4': {'recv_count': 0, 'remaining': 99, 'last_event': 'send', 'r1': 1, 'r2': 1, 'r3': 1, 'score': '1.00'}, 'acc5': {'recv_count': 0, 'remaining': 99, 'last_event': 'send', 'r1': 1, 'r2': 1, 'r3': 1, 'score': '1.00'}, 'acc6': {'recv_count': 0, 'remaining': 99, 'last_event': 'send', 'r1': 1, 'r2': 1, 'r3': 1, 'score': '1.00'}}
2026-03-31 23:19:41 [DEBUG] __main__ — [multi] выбор: acc4 (recv_count=0, remaining=99, last_event=send) | stats={'acc1': {'recv_count': 0, 'remaining': 99, 'last_event': 'send', 'busy': False}, 'acc2': {'recv_count': 0, 'remaining': 98, 'last_event': 'send', 'busy': False}, 'acc3': {'recv_count': 0, 'remaining': 99, 'last_event': 'send', 'busy': False}, 'acc4': {'recv_count': 0, 'remaining': 98, 'last_event': 'send', 'busy': True}, 'acc5': {'recv_count': 0, 'remaining': 99, 'last_event': 'send', 'busy': False}, 'acc6': {'recv_count': 0, 'remaining': 99, 'last_event': 'send', 'busy': False}}
2026-03-31 23:19:41 [DEBUG] __main__ — [transport:acc4] ws msg op=87 cmd=1
2026-03-31 23:19:41 [DEBUG] __main__ — [transport:acc4] jpeg-wrap raw=106 jpeg=752
2026-03-31 23:19:41 [DEBUG] __main__ — [transport:acc4] upload ok fileId=3066876782 size=106
2026-03-31 23:19:41 [DEBUG] __main__ — [transport:acc4] ws msg op=136 cmd=0
2026-03-31 23:19:41 [DEBUG] __main__ — [transport:acc4] ws msg op=64 cmd=1
2026-03-31 23:19:41 [DEBUG] __main__ — [transport:acc4] msg op=64 attaches=1
2026-03-31 23:19:41 [DEBUG] __main__ — [transport:acc4] skip own fileId=3066876782
2026-03-31 23:19:45 [DEBUG] __main__ — [tun] → 1 pkts  raw=66B  packed=67B
2026-03-31 23:19:45 [DEBUG] __main__ — [multi] ранжирование: {'acc1': {'recv_count': 0, 'remaining': 99, 'last_event': 'send', 'r1': 1, 'r2': 1, 'r3': 1, 'score': '1.00'}, 'acc2': {'recv_count': 0, 'remaining': 98, 'last_event': 'send', 'r1': 1, 'r2': 2, 'r3': 1, 'score': '1.33'}, 'acc3': {'recv_count': 0, 'remaining': 99, 'last_event': 'send', 'r1': 1, 'r2': 1, 'r3': 1, 'score': '1.00'}, 'acc4': {'recv_count': 0, 'remaining': 98, 'last_event': 'send', 'r1': 1, 'r2': 2, 'r3': 1, 'score': '1.33'}, 'acc5': {'recv_count': 0, 'remaining': 99, 'last_event': 'send', 'r1': 1, 'r2': 1, 'r3': 1, 'score': '1.00'}, 'acc6': {'recv_count': 0, 'remaining': 99, 'last_event': 'send', 'r1': 1, 'r2': 1, 'r3': 1, 'score': '1.00'}}
2026-03-31 23:19:45 [DEBUG] __main__ — [multi] выбор: acc6 (recv_count=0, remaining=99, last_event=send) | stats={'acc1': {'recv_count': 0, 'remaining': 99, 'last_event': 'send', 'busy': False}, 'acc2': {'recv_count': 0, 'remaining': 98, 'last_event': 'send', 'busy': False}, 'acc3': {'recv_count': 0, 'remaining': 99, 'last_event': 'send', 'busy': False}, 'acc4': {'recv_count': 0, 'remaining': 98, 'last_event': 'send', 'busy': False}, 'acc5': {'recv_count': 0, 'remaining': 99, 'last_event': 'send', 'busy': False}, 'acc6': {'recv_count': 0, 'remaining': 98, 'last_event': 'send', 'busy': True}}
2026-03-31 23:19:45 [DEBUG] __main__ — [transport:acc6] ws msg op=87 cmd=1
2026-03-31 23:19:45 [DEBUG] __main__ — [transport:acc6] jpeg-wrap raw=67 jpeg=713
2026-03-31 23:19:45 [DEBUG] __main__ — [transport:acc6] upload ok fileId=3061996593 size=67
2026-03-31 23:19:45 [DEBUG] __main__ — [transport:acc6] ws msg op=136 cmd=0
2026-03-31 23:19:45 [DEBUG] __main__ — [transport:acc6] ws msg op=64 cmd=1
2026-03-31 23:19:45 [DEBUG] __main__ — [transport:acc6] msg op=64 attaches=1
2026-03-31 23:19:45 [DEBUG] __main__ — [transport:acc6] skip own fileId=3061996593
2026-03-31 23:19:54 [DEBUG] __main__ — [tun] → 1 pkts  raw=66B  packed=67B
2026-03-31 23:19:54 [DEBUG] __main__ — [multi] ранжирование: {'acc1': {'recv_count': 0, 'remaining': 99, 'last_event': 'send', 'r1': 1, 'r2': 1, 'r3': 1, 'score': '1.00'}, 'acc2': {'recv_count': 0, 'remaining': 98, 'last_event': 'send', 'r1': 1, 'r2': 2, 'r3': 1, 'score': '1.33'}, 'acc3': {'recv_count': 0, 'remaining': 99, 'last_event': 'send', 'r1': 1, 'r2': 1, 'r3': 1, 'score': '1.00'}, 'acc4': {'recv_count': 0, 'remaining': 98, 'last_event': 'send', 'r1': 1, 'r2': 2, 'r3': 1, 'score': '1.33'}, 'acc5': {'recv_count': 0, 'remaining': 99, 'last_event': 'send', 'r1': 1, 'r2': 1, 'r3': 1, 'score': '1.00'}, 'acc6': {'recv_count': 0, 'remaining': 98, 'last_event': 'send', 'r1': 1, 'r2': 2, 'r3': 1, 'score': '1.33'}}
2026-03-31 23:19:54 [DEBUG] __main__ — [multi] выбор: acc3 (recv_count=0, remaining=99, last_event=send) | stats={'acc1': {'recv_count': 0, 'remaining': 99, 'last_event': 'send', 'busy': False}, 'acc2': {'recv_count': 0, 'remaining': 98, 'last_event': 'send', 'busy': False}, 'acc3': {'recv_count': 0, 'remaining': 98, 'last_event': 'send', 'busy': True}, 'acc4': {'recv_count': 0, 'remaining': 98, 'last_event': 'send', 'busy': False}, 'acc5': {'recv_count': 0, 'remaining': 99, 'last_event': 'send', 'busy': False}, 'acc6': {'recv_count': 0, 'remaining': 98, 'last_event': 'send', 'busy': False}}
2026-03-31 23:19:54 [DEBUG] __main__ — [transport:acc3] ws msg op=87 cmd=1
2026-03-31 23:19:54 [DEBUG] __main__ — [transport:acc3] jpeg-wrap raw=67 jpeg=713
2026-03-31 23:19:54 [DEBUG] __main__ — [transport:acc3] upload ok fileId=3054025581 size=67
2026-03-31 23:19:54 [DEBUG] __main__ — [transport:acc3] ws msg op=136 cmd=0
2026-03-31 23:19:54 [DEBUG] __main__ — [transport:acc3] ws msg op=64 cmd=1
2026-03-31 23:19:54 [DEBUG] __main__ — [transport:acc3] msg op=64 attaches=1
2026-03-31 23:19:54 [DEBUG] __main__ — [transport:acc3] skip own fileId=3054025581
2026-03-31 23:19:56 [DEBUG] __main__ — [tun] → 1 pkts  raw=54B  packed=48B
2026-03-31 23:19:56 [DEBUG] __main__ — [multi] ранжирование: {'acc1': {'recv_count': 0, 'remaining': 99, 'last_event': 'send', 'r1': 1, 'r2': 1, 'r3': 1, 'score': '1.00'}, 'acc2': {'recv_count': 0, 'remaining': 98, 'last_event': 'send', 'r1': 1, 'r2': 2, 'r3': 1, 'score': '1.33'}, 'acc3': {'recv_count': 0, 'remaining': 98, 'last_event': 'send', 'r1': 1, 'r2': 2, 'r3': 1, 'score': '1.33'}, 'acc4': {'recv_count': 0, 'remaining': 98, 'last_event': 'send', 'r1': 1, 'r2': 2, 'r3': 1, 'score': '1.33'}, 'acc5': {'recv_count': 0, 'remaining': 99, 'last_event': 'send', 'r1': 1, 'r2': 1, 'r3': 1, 'score': '1.00'}, 'acc6': {'recv_count': 0, 'remaining': 98, 'last_event': 'send', 'r1': 1, 'r2': 2, 'r3': 1, 'score': '1.33'}}
2026-03-31 23:19:56 [DEBUG] __main__ — [multi] выбор: acc1 (recv_count=0, remaining=99, last_event=send) | stats={'acc1': {'recv_count': 0, 'remaining': 98, 'last_event': 'send', 'busy': True}, 'acc2': {'recv_count': 0, 'remaining': 98, 'last_event': 'send', 'busy': False}, 'acc3': {'recv_count': 0, 'remaining': 98, 'last_event': 'send', 'busy': False}, 'acc4': {'recv_count': 0, 'remaining': 98, 'last_event': 'send', 'busy': False}, 'acc5': {'recv_count': 0, 'remaining': 99, 'last_event': 'send', 'busy': False}, 'acc6': {'recv_count': 0, 'remaining': 98, 'last_event': 'send', 'busy': False}}
2026-03-31 23:19:56 [DEBUG] __main__ — [transport:acc1] ws msg op=87 cmd=1
2026-03-31 23:19:56 [DEBUG] __main__ — [transport:acc1] jpeg-wrap raw=48 jpeg=694
2026-03-31 23:19:56 [DEBUG] __main__ — [transport:acc1] upload ok fileId=3073015402 size=48
2026-03-31 23:19:56 [DEBUG] __main__ — [transport:acc1] ws msg op=136 cmd=0
2026-03-31 23:19:56 [DEBUG] __main__ — [transport:acc1] ws msg op=64 cmd=1
2026-03-31 23:19:56 [DEBUG] __main__ — [transport:acc1] msg op=64 attaches=1
2026-03-31 23:19:56 [DEBUG] __main__ — [transport:acc1] skip own fileId=3073015402
2026-03-31 23:19:59 [DEBUG] __main__ — [transport:acc1] ws msg op=1 cmd=1
2026-03-31 23:19:59 [DEBUG] __main__ — [transport:acc6] ws msg op=1 cmd=1
2026-03-31 23:19:59 [DEBUG] __main__ — [transport:acc3] ws msg op=1 cmd=1
2026-03-31 23:19:59 [DEBUG] __main__ — [transport:acc4] ws msg op=1 cmd=1
2026-03-31 23:19:59 [DEBUG] __main__ — [transport:acc5] ws msg op=1 cmd=1
2026-03-31 23:20:06 [ERROR] asyncio — Fatal error on SSL transport
protocol: <asyncio.sslproto.SSLProtocol object at 0x7e50d436c400>
transport: <_SelectorSocketTransport closing fd=15>
Traceback (most recent call last):
  File "/usr/lib/python3.10/asyncio/selector_events.py", line 924, in write
    n = self._sock.send(data)
OSError: [Errno 9] Bad file descriptor

During handling of the above exception, another exception occurred:

Traceback (most recent call last):
  File "/usr/lib/python3.10/asyncio/sslproto.py", line 690, in _process_write_backlog
    self._transport.write(chunk)
  File "/usr/lib/python3.10/asyncio/selector_events.py", line 930, in write
    self._fatal_error(exc, 'Fatal write error on socket transport')
  File "/usr/lib/python3.10/asyncio/selector_events.py", line 725, in _fatal_error
    self._force_close(exc)
  File "/usr/lib/python3.10/asyncio/selector_events.py", line 737, in _force_close
    self._loop.call_soon(self._call_connection_lost, exc)
  File "/usr/lib/python3.10/asyncio/base_events.py", line 753, in call_soon
    self._check_closed()
  File "/usr/lib/python3.10/asyncio/base_events.py", line 515, in _check_closed
    raise RuntimeError('Event loop is closed')
RuntimeError: Event loop is closed
2026-03-31 23:20:06 [ERROR] asyncio — Fatal error on SSL transport
protocol: <asyncio.sslproto.SSLProtocol object at 0x7e50d436ccd0>
transport: <_SelectorSocketTransport closing fd=16>
Traceback (most recent call last):
  File "/usr/lib/python3.10/asyncio/selector_events.py", line 924, in write
    n = self._sock.send(data)
OSError: [Errno 9] Bad file descriptor

During handling of the above exception, another exception occurred:

Traceback (most recent call last):
  File "/usr/lib/python3.10/asyncio/sslproto.py", line 690, in _process_write_backlog
    self._transport.write(chunk)
  File "/usr/lib/python3.10/asyncio/selector_events.py", line 930, in write
    self._fatal_error(exc, 'Fatal write error on socket transport')
  File "/usr/lib/python3.10/asyncio/selector_events.py", line 725, in _fatal_error
    self._force_close(exc)
  File "/usr/lib/python3.10/asyncio/selector_events.py", line 737, in _force_close
    self._loop.call_soon(self._call_connection_lost, exc)
  File "/usr/lib/python3.10/asyncio/base_events.py", line 753, in call_soon
    self._check_closed()
  File "/usr/lib/python3.10/asyncio/base_events.py", line 515, in _check_closed
    raise RuntimeError('Event loop is closed')
RuntimeError: Event loop is closed
2026-03-31 23:20:06 [ERROR] asyncio — Fatal error on SSL transport
protocol: <asyncio.sslproto.SSLProtocol object at 0x7e50d436c670>
transport: <_SelectorSocketTransport closing fd=17>
Traceback (most recent call last):
  File "/usr/lib/python3.10/asyncio/selector_events.py", line 924, in write
    n = self._sock.send(data)
OSError: [Errno 9] Bad file descriptor

During handling of the above exception, another exception occurred:

Traceback (most recent call last):
  File "/usr/lib/python3.10/asyncio/sslproto.py", line 690, in _process_write_backlog
    self._transport.write(chunk)
  File "/usr/lib/python3.10/asyncio/selector_events.py", line 930, in write
    self._fatal_error(exc, 'Fatal write error on socket transport')
  File "/usr/lib/python3.10/asyncio/selector_events.py", line 725, in _fatal_error
    self._force_close(exc)
  File "/usr/lib/python3.10/asyncio/selector_events.py", line 737, in _force_close
    self._loop.call_soon(self._call_connection_lost, exc)
  File "/usr/lib/python3.10/asyncio/base_events.py", line 753, in call_soon
    self._check_closed()
  File "/usr/lib/python3.10/asyncio/base_events.py", line 515, in _check_closed
    raise RuntimeError('Event loop is closed')
RuntimeError: Event loop is closed
2026-03-31 23:20:06 [ERROR] asyncio — Fatal error on SSL transport
protocol: <asyncio.sslproto.SSLProtocol object at 0x7e50d436c700>
transport: <_SelectorSocketTransport closing fd=18>
Traceback (most recent call last):
  File "/usr/lib/python3.10/asyncio/selector_events.py", line 924, in write
    n = self._sock.send(data)
OSError: [Errno 9] Bad file descriptor

During handling of the above exception, another exception occurred:

Traceback (most recent call last):
  File "/usr/lib/python3.10/asyncio/sslproto.py", line 690, in _process_write_backlog
    self._transport.write(chunk)
  File "/usr/lib/python3.10/asyncio/selector_events.py", line 930, in write
    self._fatal_error(exc, 'Fatal write error on socket transport')
  File "/usr/lib/python3.10/asyncio/selector_events.py", line 725, in _fatal_error
    self._force_close(exc)
  File "/usr/lib/python3.10/asyncio/selector_events.py", line 737, in _force_close
    self._loop.call_soon(self._call_connection_lost, exc)
  File "/usr/lib/python3.10/asyncio/base_events.py", line 753, in call_soon
    self._check_closed()
  File "/usr/lib/python3.10/asyncio/base_events.py", line 515, in _check_closed
    raise RuntimeError('Event loop is closed')
RuntimeError: Event loop is closed
2026-03-31 23:20:06 [ERROR] asyncio — Unclosed connector
connections: ['deque([(<aiohttp.client_proto.ResponseHandler object at 0x7e50d751cd00>, 190169.978380968)])']
connector: <__main__.BoundTCPConnector object at 0x7e50d7537a60>
2026-03-31 23:20:06 [ERROR] asyncio — Fatal error on SSL transport
protocol: <asyncio.sslproto.SSLProtocol object at 0x7e50d436d300>
transport: <_SelectorSocketTransport closing fd=19>
Traceback (most recent call last):
  File "/usr/lib/python3.10/asyncio/selector_events.py", line 924, in write
    n = self._sock.send(data)
OSError: [Errno 9] Bad file descriptor

During handling of the above exception, another exception occurred:

Traceback (most recent call last):
  File "/usr/lib/python3.10/asyncio/sslproto.py", line 690, in _process_write_backlog
    self._transport.write(chunk)
  File "/usr/lib/python3.10/asyncio/selector_events.py", line 930, in write
    self._fatal_error(exc, 'Fatal write error on socket transport')
  File "/usr/lib/python3.10/asyncio/selector_events.py", line 725, in _fatal_error
    self._force_close(exc)
  File "/usr/lib/python3.10/asyncio/selector_events.py", line 737, in _force_close
    self._loop.call_soon(self._call_connection_lost, exc)
  File "/usr/lib/python3.10/asyncio/base_events.py", line 753, in call_soon
    self._check_closed()
  File "/usr/lib/python3.10/asyncio/base_events.py", line 515, in _check_closed
    raise RuntimeError('Event loop is closed')
RuntimeError: Event loop is closed
2026-03-31 23:20:06 [ERROR] asyncio — Unclosed connector
connections: ['deque([(<aiohttp.client_proto.ResponseHandler object at 0x7e50d751ffa0>, 190187.124622035)])']
connector: <__main__.BoundTCPConnector object at 0x7e50d7500d00>
2026-03-31 23:20:06 [ERROR] asyncio — Unclosed connector
connections: ['deque([(<aiohttp.client_proto.ResponseHandler object at 0x7e50d757d780>, 190176.070403149)])']
connector: <__main__.BoundTCPConnector object at 0x7e50d7535630>
2026-03-31 23:20:06 [ERROR] asyncio — Unclosed connector
connections: ['deque([(<aiohttp.client_proto.ResponseHandler object at 0x7e50d751fe20>, 190184.839281492)])']
connector: <__main__.BoundTCPConnector object at 0x7e50d7503b20>
2026-03-31 23:20:06 [ERROR] asyncio — Unclosed connector
connections: ['deque([(<aiohttp.client_proto.ResponseHandler object at 0x7e50d757cdc0>, 190171.762512861)])']
connector: <__main__.BoundTCPConnector object at 0x7e50d7f9e0e0>
2026-03-31 23:20:06 [ERROR] asyncio — Unclosed connector
connections: ['deque([(<aiohttp.client_proto.ResponseHandler object at 0x7e50d757e860>, 190168.966531573)])']
connector: <__main__.BoundTCPConnector object at 0x7e50d7534c10>
