2026-03-30 18:39:46 [DEBUG] __main__ — [tun] защита DNS 127.0.0.53 через 10.0.85.2 dev outline-tun0
2026-03-30 18:39:46 [DEBUG] __main__ — [tun] защита DNS 8.8.8.8 через 10.0.85.2 dev outline-tun0
2026-03-30 18:39:46 [DEBUG] __main__ — [tun] защита DNS 1.1.1.1 через 10.0.85.2 dev outline-tun0
2026-03-30 18:39:46 [DEBUG] __main__ — [tun] защита WS хоста ws-api.oneme.ru (155.212.204.133) через 10.0.85.2 dev outline-tun0
2026-03-30 18:39:46 [DEBUG] __main__ — [tun] защита WS хоста ws-api.oneme.ru (155.212.204.70) через 10.0.85.2 dev outline-tun0
2026-03-30 18:39:46 [DEBUG] __main__ — [tun] защита WS хоста fu.oneme.ru (155.212.204.141) через 10.0.85.2 dev outline-tun0
2026-03-30 18:39:46 [DEBUG] __main__ — [tun] защита WS хоста fu.oneme.ru (155.212.204.66) через 10.0.85.2 dev outline-tun0
2026-03-30 18:39:47 [DEBUG] __main__ — [tun] защита WS хоста telegram.mooner.pro (172.67.137.250) через 10.0.85.2 dev outline-tun0
2026-03-30 18:39:47 [DEBUG] __main__ — [tun] защита WS хоста telegram.mooner.pro (104.21.73.28) через 10.0.85.2 dev outline-tun0
2026-03-30 18:39:47 [DEBUG] __main__ — [tun] ip link set tun0 up mtu 1400: OK
2026-03-30 18:39:47 [DEBUG] __main__ — [tun] ip addr add 10.0.1.1/30 dev tun0: OK
2026-03-30 18:39:47 [DEBUG] __main__ — [tun] ip route add 127.0.0.53 via 10.0.85.2 dev outline-tun0: OK
2026-03-30 18:39:47 [DEBUG] __main__ — [tun] ip route add 8.8.8.8 via 10.0.85.2 dev outline-tun0: OK
2026-03-30 18:39:47 [DEBUG] __main__ — [tun] ip route add 1.1.1.1 via 10.0.85.2 dev outline-tun0: OK
2026-03-30 18:39:47 [DEBUG] __main__ — [tun] ip route add 155.212.204.133 via 10.0.85.2 dev outline-tun0: OK
2026-03-30 18:39:47 [DEBUG] __main__ — [tun] ip route add 155.212.204.70 via 10.0.85.2 dev outline-tun0: OK
2026-03-30 18:39:47 [DEBUG] __main__ — [tun] ip route add 155.212.204.141 via 10.0.85.2 dev outline-tun0: OK
2026-03-30 18:39:47 [DEBUG] __main__ — [tun] ip route add 155.212.204.66 via 10.0.85.2 dev outline-tun0: OK
2026-03-30 18:39:47 [DEBUG] __main__ — [tun] ip route add 172.67.137.250 via 10.0.85.2 dev outline-tun0: OK
2026-03-30 18:39:47 [DEBUG] __main__ — [tun] ip route add 104.21.73.28 via 10.0.85.2 dev outline-tun0: OK
2026-03-30 18:39:47 [DEBUG] __main__ — [tun] ip route add 0.0.0.0/1 dev tun0: OK
2026-03-30 18:39:47 [DEBUG] __main__ — [tun] ip route add 128.0.0.0/1 dev tun0: OK
2026-03-30 18:39:47 [DEBUG] __main__ — [tun] → 4 pkts  raw=172B  packed=115B
2026-03-30 18:39:47 [DEBUG] __main__ — [multi] выбор: acc2 (recv_count=0, last_event=recv) | ready=['acc1', 'acc2', 'acc3', 'acc4', 'acc5', 'acc6'] | p1=['acc1', 'acc2', 'acc3', 'acc4', 'acc5', 'acc6'] | p2=['acc1', 'acc2', 'acc3', 'acc4', 'acc5', 'acc6'] | stats={'acc1': {'recv_count': 0, 'last_event': 'recv', 'wait': '0.000s'}, 'acc2': {'recv_count': 0, 'last_event': 'recv', 'wait': '0.000s'}, 'acc3': {'recv_count': 0, 'last_event': 'recv', 'wait': '0.000s'}, 'acc4': {'recv_count': 0, 'last_event': 'recv', 'wait': '0.000s'}, 'acc5': {'recv_count': 0, 'last_event': 'recv', 'wait': '0.000s'}, 'acc6': {'recv_count': 0, 'last_event': 'recv', 'wait': '0.000s'}}
2026-03-30 18:39:47 [DEBUG] __main__ — [tun] → 2 pkts  raw=88B  packed=57B
2026-03-30 18:39:47 [DEBUG] __main__ — [multi] выбор: acc3 (recv_count=0, last_event=recv) | ready=['acc1', 'acc2', 'acc3', 'acc4', 'acc5', 'acc6'] | p1=['acc1', 'acc2', 'acc3', 'acc4', 'acc5', 'acc6'] | p2=['acc1', 'acc2', 'acc3', 'acc4', 'acc5', 'acc6'] | stats={'acc1': {'recv_count': 0, 'last_event': 'recv', 'wait': '0.000s'}, 'acc2': {'recv_count': 0, 'last_event': 'recv', 'wait': '0.000s'}, 'acc3': {'recv_count': 0, 'last_event': 'recv', 'wait': '0.000s'}, 'acc4': {'recv_count': 0, 'last_event': 'recv', 'wait': '0.000s'}, 'acc5': {'recv_count': 0, 'last_event': 'recv', 'wait': '0.000s'}, 'acc6': {'recv_count': 0, 'last_event': 'recv', 'wait': '0.000s'}}
2026-03-30 18:39:47 [INFO] __main__ — Авторизован [client:acc4], chatId=0
2026-03-30 18:39:47 [INFO] __main__ — Авторизован [client:acc1], chatId=0
2026-03-30 18:39:47 [INFO] __main__ — Авторизован [client:acc6], chatId=0
2026-03-30 18:39:47 [INFO] __main__ — Авторизован [client:acc5], chatId=0
2026-03-30 18:39:47 [INFO] __main__ — Авторизован [client:acc2], chatId=0
2026-03-30 18:39:47 [INFO] __main__ — Авторизован [client:acc3], chatId=0
2026-03-30 18:39:47 [DEBUG] __main__ — [transport:acc2] jpeg-wrap raw=115 jpeg=761
2026-03-30 18:39:48 [DEBUG] __main__ — [transport:acc3] jpeg-wrap raw=57 jpeg=703
2026-03-30 18:39:48 [DEBUG] __main__ — [tun] → 4 pkts  raw=172B  packed=114B
2026-03-30 18:39:48 [DEBUG] __main__ — [multi] выбор: acc4 (recv_count=0, last_event=recv) | ready=['acc1', 'acc2', 'acc3', 'acc4', 'acc5', 'acc6'] | p1=['acc1', 'acc2', 'acc3', 'acc4', 'acc5', 'acc6'] | p2=['acc1', 'acc2', 'acc3', 'acc4', 'acc5', 'acc6'] | stats={'acc1': {'recv_count': 0, 'last_event': 'recv', 'wait': '0.000s'}, 'acc2': {'recv_count': 0, 'last_event': 'recv', 'wait': '0.000s'}, 'acc3': {'recv_count': 0, 'last_event': 'recv', 'wait': '0.000s'}, 'acc4': {'recv_count': 0, 'last_event': 'recv', 'wait': '0.000s'}, 'acc5': {'recv_count': 0, 'last_event': 'recv', 'wait': '0.000s'}, 'acc6': {'recv_count': 0, 'last_event': 'recv', 'wait': '0.000s'}}
2026-03-30 18:39:48 [DEBUG] __main__ — [transport:acc4] jpeg-wrap raw=114 jpeg=760
2026-03-30 18:39:48 [DEBUG] __main__ — [transport:acc2] upload ok fileId=3048623987 size=115
2026-03-30 18:39:48 [DEBUG] __main__ — [transport:acc3] upload ok fileId=3046603778 size=57
2026-03-30 18:39:48 [DEBUG] __main__ — [transport:acc4] upload ok fileId=3052448778 size=114
2026-03-30 18:39:48 [DEBUG] __main__ — [tun] → 2 pkts  raw=88B  packed=57B
2026-03-30 18:39:48 [DEBUG] __main__ — [multi] выбор: acc5 (recv_count=0, last_event=recv) | ready=['acc1', 'acc5', 'acc6'] | p1=['acc1', 'acc5', 'acc6'] | p2=['acc1', 'acc5', 'acc6'] | stats={'acc1': {'recv_count': 0, 'last_event': 'recv', 'wait': '0.000s'}, 'acc2': {'recv_count': 0, 'last_event': 'send', 'wait': '1.127s'}, 'acc3': {'recv_count': 0, 'last_event': 'send', 'wait': '1.331s'}, 'acc4': {'recv_count': 0, 'last_event': 'send', 'wait': '1.474s'}, 'acc5': {'recv_count': 0, 'last_event': 'recv', 'wait': '0.000s'}, 'acc6': {'recv_count': 0, 'last_event': 'recv', 'wait': '0.000s'}}
2026-03-30 18:39:48 [DEBUG] __main__ — [transport:acc5] jpeg-wrap raw=57 jpeg=703
2026-03-30 18:39:49 [DEBUG] __main__ — [transport:acc5] upload ok fileId=3055584764 size=57
2026-03-30 18:39:50 [DEBUG] __main__ — [tun] → 1 pkts  raw=66B  packed=67B
2026-03-30 18:39:50 [DEBUG] __main__ — [multi] выбор: acc1 (recv_count=0, last_event=recv) | ready=['acc1', 'acc2', 'acc3', 'acc4', 'acc6'] | p1=['acc1', 'acc2', 'acc3', 'acc4', 'acc6'] | p2=['acc1', 'acc6'] | stats={'acc1': {'recv_count': 0, 'last_event': 'recv', 'wait': '0.000s'}, 'acc2': {'recv_count': 0, 'last_event': 'send', 'wait': '0.000s'}, 'acc3': {'recv_count': 0, 'last_event': 'send', 'wait': '0.000s'}, 'acc4': {'recv_count': 0, 'last_event': 'send', 'wait': '0.000s'}, 'acc5': {'recv_count': 0, 'last_event': 'send', 'wait': '0.379s'}, 'acc6': {'recv_count': 0, 'last_event': 'recv', 'wait': '0.000s'}}
2026-03-30 18:39:50 [DEBUG] __main__ — [transport:acc1] jpeg-wrap raw=67 jpeg=713
2026-03-30 18:39:50 [DEBUG] __main__ — [tun] → 2 pkts  raw=88B  packed=85B
2026-03-30 18:39:50 [DEBUG] __main__ — [multi] выбор: acc6 (recv_count=0, last_event=recv) | ready=['acc1', 'acc2', 'acc3', 'acc4', 'acc6'] | p1=['acc1', 'acc2', 'acc3', 'acc4', 'acc6'] | p2=['acc1', 'acc6'] | stats={'acc1': {'recv_count': 0, 'last_event': 'recv', 'wait': '0.000s'}, 'acc2': {'recv_count': 0, 'last_event': 'send', 'wait': '0.000s'}, 'acc3': {'recv_count': 0, 'last_event': 'send', 'wait': '0.000s'}, 'acc4': {'recv_count': 0, 'last_event': 'send', 'wait': '0.000s'}, 'acc5': {'recv_count': 0, 'last_event': 'send', 'wait': '0.157s'}, 'acc6': {'recv_count': 0, 'last_event': 'recv', 'wait': '0.000s'}}
2026-03-30 18:39:50 [DEBUG] __main__ — [transport:acc6] jpeg-wrap raw=85 jpeg=731
2026-03-30 18:39:50 [DEBUG] __main__ — [tun] → 2 pkts  raw=88B  packed=85B
2026-03-30 18:39:50 [DEBUG] __main__ — [multi] выбор: acc1 (recv_count=0, last_event=recv) | ready=['acc1', 'acc2', 'acc3', 'acc4', 'acc5', 'acc6'] | p1=['acc1', 'acc2', 'acc3', 'acc4', 'acc5', 'acc6'] | p2=['acc1', 'acc6'] | stats={'acc1': {'recv_count': 0, 'last_event': 'recv', 'wait': '0.000s'}, 'acc2': {'recv_count': 0, 'last_event': 'send', 'wait': '0.000s'}, 'acc3': {'recv_count': 0, 'last_event': 'send', 'wait': '0.000s'}, 'acc4': {'recv_count': 0, 'last_event': 'send', 'wait': '0.000s'}, 'acc5': {'recv_count': 0, 'last_event': 'send', 'wait': '0.000s'}, 'acc6': {'recv_count': 0, 'last_event': 'recv', 'wait': '0.000s'}}
2026-03-30 18:39:50 [DEBUG] __main__ — [transport:acc1] upload ok fileId=3048311909 size=67
2026-03-30 18:39:51 [DEBUG] __main__ — [transport:acc6] upload ok fileId=3054235448 size=85
2026-03-30 18:39:51 [DEBUG] __main__ — [tun] → 2 pkts  raw=128B  packed=99B
2026-03-30 18:39:51 [DEBUG] __main__ — [multi] выбор: acc3 (recv_count=0, last_event=send) | ready=['acc2', 'acc3', 'acc4', 'acc5'] | p1=['acc2', 'acc3', 'acc4', 'acc5'] | p2=[] | stats={'acc1': {'recv_count': 0, 'last_event': 'send', 'wait': '1.314s'}, 'acc2': {'recv_count': 0, 'last_event': 'send', 'wait': '0.000s'}, 'acc3': {'recv_count': 0, 'last_event': 'send', 'wait': '0.000s'}, 'acc4': {'recv_count': 0, 'last_event': 'send', 'wait': '0.000s'}, 'acc5': {'recv_count': 0, 'last_event': 'send', 'wait': '0.000s'}, 'acc6': {'recv_count': 0, 'last_event': 'send', 'wait': '1.495s'}}
2026-03-30 18:39:51 [DEBUG] __main__ — [transport:acc3] jpeg-wrap raw=99 jpeg=745
2026-03-30 18:39:51 [DEBUG] __main__ — [transport:acc1] jpeg-wrap raw=85 jpeg=731
2026-03-30 18:39:51 [DEBUG] __main__ — [tun] → 10 pkts  raw=3852B  packed=3755B
2026-03-30 18:39:51 [DEBUG] __main__ — [multi] выбор: acc4 (recv_count=0, last_event=send) | ready=['acc2', 'acc3', 'acc4', 'acc5'] | p1=['acc2', 'acc3', 'acc4', 'acc5'] | p2=[] | stats={'acc1': {'recv_count': 0, 'last_event': 'send', 'wait': '1.155s'}, 'acc2': {'recv_count': 0, 'last_event': 'send', 'wait': '0.000s'}, 'acc3': {'recv_count': 0, 'last_event': 'send', 'wait': '0.000s'}, 'acc4': {'recv_count': 0, 'last_event': 'send', 'wait': '0.000s'}, 'acc5': {'recv_count': 0, 'last_event': 'send', 'wait': '0.000s'}, 'acc6': {'recv_count': 0, 'last_event': 'send', 'wait': '1.336s'}}
2026-03-30 18:39:51 [DEBUG] __main__ — [transport:acc3] upload ok fileId=3049042739 size=99
2026-03-30 18:39:51 [DEBUG] __main__ — [transport:acc4] jpeg-wrap raw=3755 jpeg=4401
2026-03-30 18:39:51 [DEBUG] __main__ — [transport:acc1] upload ok fileId=3057197882 size=85
2026-03-30 18:39:51 [DEBUG] __main__ — [tun] → 3 pkts  raw=2626B  packed=2627B
2026-03-30 18:39:51 [DEBUG] __main__ — [multi] выбор: acc2 (recv_count=0, last_event=send) | ready=['acc2', 'acc4', 'acc5'] | p1=['acc2', 'acc4', 'acc5'] | p2=[] | stats={'acc1': {'recv_count': 0, 'last_event': 'send', 'wait': '1.494s'}, 'acc2': {'recv_count': 0, 'last_event': 'send', 'wait': '0.000s'}, 'acc3': {'recv_count': 0, 'last_event': 'send', 'wait': '1.440s'}, 'acc4': {'recv_count': 0, 'last_event': 'send', 'wait': '0.000s'}, 'acc5': {'recv_count': 0, 'last_event': 'send', 'wait': '0.000s'}, 'acc6': {'recv_count': 0, 'last_event': 'send', 'wait': '1.219s'}}
2026-03-30 18:39:51 [DEBUG] __main__ — [transport:acc4] upload ok fileId=3053789381 size=3755
2026-03-30 18:39:51 [DEBUG] __main__ — [transport:acc2] jpeg-wrap raw=2627 jpeg=3273
2026-03-30 18:39:51 [DEBUG] __main__ — [transport:acc2] upload ok fileId=3047128127 size=2627
2026-03-30 18:39:51 [DEBUG] __main__ — [tun] → 3 pkts  raw=1368B  packed=1369B
2026-03-30 18:39:51 [DEBUG] __main__ — [multi] выбор: acc5 (recv_count=0, last_event=send) | ready=['acc5'] | p1=['acc5'] | p2=[] | stats={'acc1': {'recv_count': 0, 'last_event': 'send', 'wait': '1.166s'}, 'acc2': {'recv_count': 0, 'last_event': 'send', 'wait': '1.398s'}, 'acc3': {'recv_count': 0, 'last_event': 'send', 'wait': '1.111s'}, 'acc4': {'recv_count': 0, 'last_event': 'send', 'wait': '1.256s'}, 'acc5': {'recv_count': 0, 'last_event': 'send', 'wait': '0.000s'}, 'acc6': {'recv_count': 0, 'last_event': 'send', 'wait': '0.890s'}}
2026-03-30 18:39:51 [DEBUG] __main__ — [transport:acc5] jpeg-wrap raw=1369 jpeg=2015
2026-03-30 18:39:51 [DEBUG] __main__ — [transport:acc5] upload ok fileId=3051102343 size=1369
2026-03-30 18:39:52 [DEBUG] __main__ — [tun] → 4 pkts  raw=212B  packed=163B
2026-03-30 18:39:52 [DEBUG] __main__ — [multi] все аккаунты заняты, ждём 0.450s
2026-03-30 18:39:52 [DEBUG] __main__ — [multi] выбор: acc6 (recv_count=0, last_event=send) | ready=['acc6'] | p1=['acc6'] | p2=[] | stats={'acc1': {'recv_count': 0, 'last_event': 'send', 'wait': '0.275s'}, 'acc2': {'recv_count': 0, 'last_event': 'send', 'wait': '0.507s'}, 'acc3': {'recv_count': 0, 'last_event': 'send', 'wait': '0.221s'}, 'acc4': {'recv_count': 0, 'last_event': 'send', 'wait': '0.366s'}, 'acc5': {'recv_count': 0, 'last_event': 'send', 'wait': '0.878s'}, 'acc6': {'recv_count': 0, 'last_event': 'send', 'wait': '0.000s'}}
2026-03-30 18:39:52 [DEBUG] __main__ — [tun] → 2 pkts  raw=1346B  packed=1347B
2026-03-30 18:39:52 [DEBUG] __main__ — [multi] выбор: acc6 (recv_count=0, last_event=send) | ready=['acc6'] | p1=['acc6'] | p2=[] | stats={'acc1': {'recv_count': 0, 'last_event': 'send', 'wait': '0.194s'}, 'acc2': {'recv_count': 0, 'last_event': 'send', 'wait': '0.427s'}, 'acc3': {'recv_count': 0, 'last_event': 'send', 'wait': '0.140s'}, 'acc4': {'recv_count': 0, 'last_event': 'send', 'wait': '0.285s'}, 'acc5': {'recv_count': 0, 'last_event': 'send', 'wait': '0.797s'}, 'acc6': {'recv_count': 0, 'last_event': 'send', 'wait': '0.000s'}}
2026-03-30 18:39:52 [DEBUG] __main__ — [transport:acc6] jpeg-wrap raw=163 jpeg=809
2026-03-30 18:39:52 [DEBUG] __main__ — [transport:acc6] upload ok fileId=3051026445 size=163
2026-03-30 18:39:53 [DEBUG] __main__ — [transport:acc6] jpeg-wrap raw=1347 jpeg=1993
2026-03-30 18:39:53 [DEBUG] __main__ — [tun] → 2 pkts  raw=128B  packed=96B
2026-03-30 18:39:53 [DEBUG] __main__ — [multi] выбор: acc2 (recv_count=0, last_event=send) | ready=['acc1', 'acc2', 'acc3', 'acc4'] | p1=['acc1', 'acc2', 'acc3', 'acc4'] | p2=[] | stats={'acc1': {'recv_count': 0, 'last_event': 'send', 'wait': '0.000s'}, 'acc2': {'recv_count': 0, 'last_event': 'send', 'wait': '0.000s'}, 'acc3': {'recv_count': 0, 'last_event': 'send', 'wait': '0.000s'}, 'acc4': {'recv_count': 0, 'last_event': 'send', 'wait': '0.000s'}, 'acc5': {'recv_count': 0, 'last_event': 'send', 'wait': '0.304s'}, 'acc6': {'recv_count': 0, 'last_event': 'send', 'wait': '1.141s'}}
2026-03-30 18:39:53 [DEBUG] __main__ — [transport:acc6] upload ok fileId=3045280651 size=1347
2026-03-30 18:39:53 [DEBUG] __main__ — [transport:acc2] jpeg-wrap raw=96 jpeg=742
2026-03-30 18:39:53 [DEBUG] __main__ — [tun] → 1 pkts  raw=1284B  packed=1285B
2026-03-30 18:39:53 [DEBUG] __main__ — [multi] выбор: acc3 (recv_count=0, last_event=send) | ready=['acc1', 'acc2', 'acc3', 'acc4'] | p1=['acc1', 'acc2', 'acc3', 'acc4'] | p2=[] | stats={'acc1': {'recv_count': 0, 'last_event': 'send', 'wait': '0.000s'}, 'acc2': {'recv_count': 0, 'last_event': 'send', 'wait': '0.000s'}, 'acc3': {'recv_count': 0, 'last_event': 'send', 'wait': '0.000s'}, 'acc4': {'recv_count': 0, 'last_event': 'send', 'wait': '0.000s'}, 'acc5': {'recv_count': 0, 'last_event': 'send', 'wait': '0.189s'}, 'acc6': {'recv_count': 0, 'last_event': 'send', 'wait': '1.439s'}}
2026-03-30 18:39:53 [DEBUG] __main__ — [transport:acc2] upload ok fileId=3039984448 size=96
2026-03-30 18:39:53 [DEBUG] __main__ — [transport:acc3] jpeg-wrap raw=1285 jpeg=1931
2026-03-30 18:39:53 [DEBUG] __main__ — [tun] → 1 pkts  raw=66B  packed=67B
2026-03-30 18:39:53 [DEBUG] __main__ — [multi] выбор: acc1 (recv_count=0, last_event=send) | ready=['acc1', 'acc3', 'acc4'] | p1=['acc1', 'acc3', 'acc4'] | p2=[] | stats={'acc1': {'recv_count': 0, 'last_event': 'send', 'wait': '0.000s'}, 'acc2': {'recv_count': 0, 'last_event': 'send', 'wait': '1.457s'}, 'acc3': {'recv_count': 0, 'last_event': 'send', 'wait': '0.000s'}, 'acc4': {'recv_count': 0, 'last_event': 'send', 'wait': '0.000s'}, 'acc5': {'recv_count': 0, 'last_event': 'send', 'wait': '0.051s'}, 'acc6': {'recv_count': 0, 'last_event': 'send', 'wait': '1.301s'}}
2026-03-30 18:39:53 [DEBUG] __main__ — [transport:acc3] upload ok fileId=3042461884 size=1285
2026-03-30 18:39:53 [DEBUG] __main__ — [transport:acc1] jpeg-wrap raw=67 jpeg=713
2026-03-30 18:39:53 [DEBUG] __main__ — [transport:acc1] upload ok fileId=3056846672 size=67
2026-03-30 18:39:53 [DEBUG] __main__ — [tun] → 2 pkts  raw=88B  packed=85B
2026-03-30 18:39:53 [DEBUG] __main__ — [multi] выбор: acc5 (recv_count=0, last_event=send) | ready=['acc4', 'acc5'] | p1=['acc4', 'acc5'] | p2=[] | stats={'acc1': {'recv_count': 0, 'last_event': 'send', 'wait': '1.232s'}, 'acc2': {'recv_count': 0, 'last_event': 'send', 'wait': '0.949s'}, 'acc3': {'recv_count': 0, 'last_event': 'send', 'wait': '1.080s'}, 'acc4': {'recv_count': 0, 'last_event': 'send', 'wait': '0.000s'}, 'acc5': {'recv_count': 0, 'last_event': 'send', 'wait': '0.000s'}, 'acc6': {'recv_count': 0, 'last_event': 'send', 'wait': '0.792s'}}
2026-03-30 18:39:53 [DEBUG] __main__ — [transport:acc5] jpeg-wrap raw=85 jpeg=731
2026-03-30 18:39:54 [DEBUG] __main__ — [transport:acc5] upload ok fileId=3050513469 size=85
2026-03-30 18:39:54 [DEBUG] __main__ — [tun] → 2 pkts  raw=128B  packed=96B
2026-03-30 18:39:54 [DEBUG] __main__ — [multi] выбор: acc4 (recv_count=0, last_event=send) | ready=['acc4'] | p1=['acc4'] | p2=[] | stats={'acc1': {'recv_count': 0, 'last_event': 'send', 'wait': '0.969s'}, 'acc2': {'recv_count': 0, 'last_event': 'send', 'wait': '0.687s'}, 'acc3': {'recv_count': 0, 'last_event': 'send', 'wait': '0.818s'}, 'acc4': {'recv_count': 0, 'last_event': 'send', 'wait': '0.000s'}, 'acc5': {'recv_count': 0, 'last_event': 'send', 'wait': '1.479s'}, 'acc6': {'recv_count': 0, 'last_event': 'send', 'wait': '0.530s'}}
2026-03-30 18:39:54 [DEBUG] __main__ — [transport:acc4] jpeg-wrap raw=96 jpeg=742
2026-03-30 18:39:54 [DEBUG] __main__ — [transport:acc4] upload ok fileId=3054691390 size=96
2026-03-30 18:39:54 [DEBUG] __main__ — [tun] → 5 pkts  raw=2750B  packed=2719B
2026-03-30 18:39:54 [DEBUG] __main__ — [multi] все аккаунты заняты, ждём 0.309s
2026-03-30 18:39:54 [DEBUG] __main__ — [multi] выбор: acc6 (recv_count=0, last_event=send) | ready=['acc6'] | p1=['acc6'] | p2=[] | stats={'acc1': {'recv_count': 0, 'last_event': 'send', 'wait': '0.439s'}, 'acc2': {'recv_count': 0, 'last_event': 'send', 'wait': '0.156s'}, 'acc3': {'recv_count': 0, 'last_event': 'send', 'wait': '0.287s'}, 'acc4': {'recv_count': 0, 'last_event': 'send', 'wait': '1.177s'}, 'acc5': {'recv_count': 0, 'last_event': 'send', 'wait': '0.948s'}, 'acc6': {'recv_count': 0, 'last_event': 'send', 'wait': '0.000s'}}
2026-03-30 18:39:54 [DEBUG] __main__ — [tun] → 4 pkts  raw=2688B  packed=2689B
2026-03-30 18:39:54 [DEBUG] __main__ — [multi] выбор: acc6 (recv_count=0, last_event=send) | ready=['acc6'] | p1=['acc6'] | p2=[] | stats={'acc1': {'recv_count': 0, 'last_event': 'send', 'wait': '0.357s'}, 'acc2': {'recv_count': 0, 'last_event': 'send', 'wait': '0.075s'}, 'acc3': {'recv_count': 0, 'last_event': 'send', 'wait': '0.206s'}, 'acc4': {'recv_count': 0, 'last_event': 'send', 'wait': '1.095s'}, 'acc5': {'recv_count': 0, 'last_event': 'send', 'wait': '0.867s'}, 'acc6': {'recv_count': 0, 'last_event': 'send', 'wait': '0.000s'}}
2026-03-30 18:39:54 [DEBUG] __main__ — [transport:acc6] jpeg-wrap raw=2719 jpeg=3365
2026-03-30 18:39:54 [DEBUG] __main__ — [transport:acc6] upload ok fileId=3057016412 size=2719
2026-03-30 18:39:55 [DEBUG] __main__ — [tun] → 3 pkts  raw=1408B  packed=1409B
2026-03-30 18:39:55 [DEBUG] __main__ — [multi] выбор: acc2 (recv_count=0, last_event=send) | ready=['acc1', 'acc2', 'acc3'] | p1=['acc1', 'acc2', 'acc3'] | p2=[] | stats={'acc1': {'recv_count': 0, 'last_event': 'send', 'wait': '0.000s'}, 'acc2': {'recv_count': 0, 'last_event': 'send', 'wait': '0.000s'}, 'acc3': {'recv_count': 0, 'last_event': 'send', 'wait': '0.000s'}, 'acc4': {'recv_count': 0, 'last_event': 'send', 'wait': '0.686s'}, 'acc5': {'recv_count': 0, 'last_event': 'send', 'wait': '0.458s'}, 'acc6': {'recv_count': 0, 'last_event': 'send', 'wait': '1.241s'}}
2026-03-30 18:39:55 [DEBUG] __main__ — [tun] → 5 pkts  raw=4017B  packed=3993B
2026-03-30 18:39:55 [DEBUG] __main__ — [multi] выбор: acc3 (recv_count=0, last_event=send) | ready=['acc1', 'acc2', 'acc3'] | p1=['acc1', 'acc2', 'acc3'] | p2=[] | stats={'acc1': {'recv_count': 0, 'last_event': 'send', 'wait': '0.000s'}, 'acc2': {'recv_count': 0, 'last_event': 'send', 'wait': '0.000s'}, 'acc3': {'recv_count': 0, 'last_event': 'send', 'wait': '0.000s'}, 'acc4': {'recv_count': 0, 'last_event': 'send', 'wait': '0.600s'}, 'acc5': {'recv_count': 0, 'last_event': 'send', 'wait': '0.372s'}, 'acc6': {'recv_count': 0, 'last_event': 'send', 'wait': '1.155s'}}
2026-03-30 18:39:55 [DEBUG] __main__ — [transport:acc2] jpeg-wrap raw=1409 jpeg=2055
2026-03-30 18:39:55 [DEBUG] __main__ — [transport:acc6] jpeg-wrap raw=2689 jpeg=3335
2026-03-30 18:39:55 [DEBUG] __main__ — [transport:acc3] jpeg-wrap raw=3993 jpeg=4639
2026-03-30 18:39:55 [DEBUG] __main__ — [transport:acc6] upload ok fileId=3059897659 size=2689
2026-03-30 18:39:55 [DEBUG] __main__ — [transport:acc2] upload ok fileId=3050513725 size=1409
2026-03-30 18:39:55 [DEBUG] __main__ — [tun] → 3 pkts  raw=190B  packed=142B
2026-03-30 18:39:55 [DEBUG] __main__ — [multi] выбор: acc3 (recv_count=0, last_event=send) | ready=['acc1', 'acc3'] | p1=['acc1', 'acc3'] | p2=[] | stats={'acc1': {'recv_count': 0, 'last_event': 'send', 'wait': '0.000s'}, 'acc2': {'recv_count': 0, 'last_event': 'send', 'wait': '1.494s'}, 'acc3': {'recv_count': 0, 'last_event': 'send', 'wait': '0.000s'}, 'acc4': {'recv_count': 0, 'last_event': 'send', 'wait': '0.430s'}, 'acc5': {'recv_count': 0, 'last_event': 'send', 'wait': '0.202s'}, 'acc6': {'recv_count': 0, 'last_event': 'send', 'wait': '1.487s'}}
2026-03-30 18:39:55 [DEBUG] __main__ — [transport:acc3] upload ok fileId=3041888668 size=3993
2026-03-30 18:39:55 [DEBUG] __main__ — [tun] → 3 pkts  raw=2626B  packed=2627B
2026-03-30 18:39:55 [DEBUG] __main__ — [multi] выбор: acc1 (recv_count=0, last_event=send) | ready=['acc1'] | p1=['acc1'] | p2=[] | stats={'acc1': {'recv_count': 0, 'last_event': 'send', 'wait': '0.000s'}, 'acc2': {'recv_count': 0, 'last_event': 'send', 'wait': '1.408s'}, 'acc3': {'recv_count': 0, 'last_event': 'send', 'wait': '1.454s'}, 'acc4': {'recv_count': 0, 'last_event': 'send', 'wait': '0.344s'}, 'acc5': {'recv_count': 0, 'last_event': 'send', 'wait': '0.115s'}, 'acc6': {'recv_count': 0, 'last_event': 'send', 'wait': '1.400s'}}
2026-03-30 18:39:55 [DEBUG] __main__ — [transport:acc1] jpeg-wrap raw=2627 jpeg=3273
2026-03-30 18:39:55 [DEBUG] __main__ — [tun] → 2 pkts  raw=128B  packed=106B
2026-03-30 18:39:55 [DEBUG] __main__ — [multi] выбор: acc5 (recv_count=0, last_event=send) | ready=['acc1', 'acc5'] | p1=['acc1', 'acc5'] | p2=[] | stats={'acc1': {'recv_count': 0, 'last_event': 'send', 'wait': '0.000s'}, 'acc2': {'recv_count': 0, 'last_event': 'send', 'wait': '1.236s'}, 'acc3': {'recv_count': 0, 'last_event': 'send', 'wait': '1.282s'}, 'acc4': {'recv_count': 0, 'last_event': 'send', 'wait': '0.172s'}, 'acc5': {'recv_count': 0, 'last_event': 'send', 'wait': '0.000s'}, 'acc6': {'recv_count': 0, 'last_event': 'send', 'wait': '1.228s'}}
2026-03-30 18:39:55 [DEBUG] __main__ — [transport:acc3] jpeg-wrap raw=142 jpeg=788
2026-03-30 18:39:55 [DEBUG] __main__ — [transport:acc1] upload ok fileId=3051376546 size=2627
2026-03-30 18:39:55 [DEBUG] __main__ — [transport:acc5] jpeg-wrap raw=106 jpeg=752
2026-03-30 18:39:55 [DEBUG] __main__ — [transport:acc3] upload ok fileId=3040868855 size=142
2026-03-30 18:39:55 [DEBUG] __main__ — [transport:acc5] upload ok fileId=3047129663 size=106
2026-03-30 18:39:56 [DEBUG] __main__ — [tun] → 3 pkts  raw=1408B  packed=1409B
2026-03-30 18:39:56 [DEBUG] __main__ — [multi] выбор: acc4 (recv_count=0, last_event=send) | ready=['acc4'] | p1=['acc4'] | p2=[] | stats={'acc1': {'recv_count': 0, 'last_event': 'send', 'wait': '1.094s'}, 'acc2': {'recv_count': 0, 'last_event': 'send', 'wait': '0.759s'}, 'acc3': {'recv_count': 0, 'last_event': 'send', 'wait': '1.206s'}, 'acc4': {'recv_count': 0, 'last_event': 'send', 'wait': '0.000s'}, 'acc5': {'recv_count': 0, 'last_event': 'send', 'wait': '1.250s'}, 'acc6': {'recv_count': 0, 'last_event': 'send', 'wait': '0.752s'}}
2026-03-30 18:39:56 [DEBUG] __main__ — [tun] → 2 pkts  raw=1346B  packed=1347B
2026-03-30 18:39:56 [DEBUG] __main__ — [multi] выбор: acc4 (recv_count=0, last_event=send) | ready=['acc4'] | p1=['acc4'] | p2=[] | stats={'acc1': {'recv_count': 0, 'last_event': 'send', 'wait': '1.008s'}, 'acc2': {'recv_count': 0, 'last_event': 'send', 'wait': '0.673s'}, 'acc3': {'recv_count': 0, 'last_event': 'send', 'wait': '1.120s'}, 'acc4': {'recv_count': 0, 'last_event': 'send', 'wait': '0.000s'}, 'acc5': {'recv_count': 0, 'last_event': 'send', 'wait': '1.164s'}, 'acc6': {'recv_count': 0, 'last_event': 'send', 'wait': '0.665s'}}
2026-03-30 18:39:56 [DEBUG] __main__ — [transport:acc4] jpeg-wrap raw=1409 jpeg=2055
2026-03-30 18:39:56 [DEBUG] __main__ — [transport:acc4] upload ok fileId=3054033688 size=1409
2026-03-30 18:39:56 [DEBUG] __main__ — [tun] → 3 pkts  raw=190B  packed=141B
2026-03-30 18:39:56 [DEBUG] __main__ — [multi] все аккаунты заняты, ждём 0.466s
2026-03-30 18:39:56 [DEBUG] __main__ — [transport:acc4] jpeg-wrap raw=1347 jpeg=1993
2026-03-30 18:39:56 [DEBUG] __main__ — [multi] выбор: acc6 (recv_count=0, last_event=send) | ready=['acc6'] | p1=['acc6'] | p2=[] | stats={'acc1': {'recv_count': 0, 'last_event': 'send', 'wait': '0.342s'}, 'acc2': {'recv_count': 0, 'last_event': 'send', 'wait': '0.007s'}, 'acc3': {'recv_count': 0, 'last_event': 'send', 'wait': '0.454s'}, 'acc4': {'recv_count': 0, 'last_event': 'send', 'wait': '0.972s'}, 'acc5': {'recv_count': 0, 'last_event': 'send', 'wait': '0.498s'}, 'acc6': {'recv_count': 0, 'last_event': 'send', 'wait': '0.000s'}}
2026-03-30 18:39:56 [DEBUG] __main__ — [tun] → 2 pkts  raw=128B  packed=106B
2026-03-30 18:39:56 [DEBUG] __main__ — [multi] выбор: acc6 (recv_count=0, last_event=send) | ready=['acc2', 'acc6'] | p1=['acc2', 'acc6'] | p2=[] | stats={'acc1': {'recv_count': 0, 'last_event': 'send', 'wait': '0.261s'}, 'acc2': {'recv_count': 0, 'last_event': 'send', 'wait': '0.000s'}, 'acc3': {'recv_count': 0, 'last_event': 'send', 'wait': '0.373s'}, 'acc4': {'recv_count': 0, 'last_event': 'send', 'wait': '0.891s'}, 'acc5': {'recv_count': 0, 'last_event': 'send', 'wait': '0.417s'}, 'acc6': {'recv_count': 0, 'last_event': 'send', 'wait': '0.000s'}}
2026-03-30 18:39:57 [DEBUG] __main__ — [transport:acc4] upload ok fileId=3047130431 size=1347
2026-03-30 18:39:57 [DEBUG] __main__ — [transport:acc6] jpeg-wrap raw=141 jpeg=787
2026-03-30 18:39:57 [DEBUG] __main__ — [transport:acc6] upload ok fileId=3056040730 size=141
2026-03-30 18:39:57 [DEBUG] __main__ — [tun] → 4 pkts  raw=172B  packed=114B
2026-03-30 18:39:57 [DEBUG] __main__ — [multi] выбор: acc2 (recv_count=0, last_event=send) | ready=['acc2'] | p1=['acc2'] | p2=[] | stats={'acc1': {'recv_count': 0, 'last_event': 'send', 'wait': '0.029s'}, 'acc2': {'recv_count': 0, 'last_event': 'send', 'wait': '0.000s'}, 'acc3': {'recv_count': 0, 'last_event': 'send', 'wait': '0.141s'}, 'acc4': {'recv_count': 0, 'last_event': 'send', 'wait': '1.292s'}, 'acc5': {'recv_count': 0, 'last_event': 'send', 'wait': '0.185s'}, 'acc6': {'recv_count': 0, 'last_event': 'send', 'wait': '1.413s'}}
2026-03-30 18:39:57 [DEBUG] __main__ — [transport:acc2] jpeg-wrap raw=114 jpeg=760
2026-03-30 18:39:57 [DEBUG] __main__ — [tun] → 4 pkts  raw=1430B  packed=1431B
2026-03-30 18:39:57 [DEBUG] __main__ — [multi] выбор: acc2 (recv_count=0, last_event=send) | ready=['acc1', 'acc2'] | p1=['acc1', 'acc2'] | p2=[] | stats={'acc1': {'recv_count': 0, 'last_event': 'send', 'wait': '0.000s'}, 'acc2': {'recv_count': 0, 'last_event': 'send', 'wait': '0.000s'}, 'acc3': {'recv_count': 0, 'last_event': 'send', 'wait': '0.023s'}, 'acc4': {'recv_count': 0, 'last_event': 'send', 'wait': '1.174s'}, 'acc5': {'recv_count': 0, 'last_event': 'send', 'wait': '0.067s'}, 'acc6': {'recv_count': 0, 'last_event': 'send', 'wait': '1.295s'}}
2026-03-30 18:39:57 [DEBUG] __main__ — [transport:acc6] jpeg-wrap raw=106 jpeg=752
2026-03-30 18:39:57 [DEBUG] __main__ — [transport:acc2] upload ok fileId=3055547206 size=114
2026-03-30 18:39:57 [DEBUG] __main__ — [tun] → 4 pkts  raw=252B  packed=175B
2026-03-30 18:39:57 [DEBUG] __main__ — [multi] выбор: acc5 (recv_count=0, last_event=send) | ready=['acc1', 'acc3', 'acc5'] | p1=['acc1', 'acc3', 'acc5'] | p2=[] | stats={'acc1': {'recv_count': 0, 'last_event': 'send', 'wait': '0.000s'}, 'acc2': {'recv_count': 0, 'last_event': 'send', 'wait': '1.471s'}, 'acc3': {'recv_count': 0, 'last_event': 'send', 'wait': '0.000s'}, 'acc4': {'recv_count': 0, 'last_event': 'send', 'wait': '1.045s'}, 'acc5': {'recv_count': 0, 'last_event': 'send', 'wait': '0.000s'}, 'acc6': {'recv_count': 0, 'last_event': 'send', 'wait': '1.166s'}}
2026-03-30 18:39:57 [DEBUG] __main__ — [transport:acc6] upload ok fileId=3055640207 size=106
2026-03-30 18:39:57 [DEBUG] __main__ — [transport:acc5] jpeg-wrap raw=175 jpeg=821
2026-03-30 18:39:57 [DEBUG] __main__ — [transport:acc2] jpeg-wrap raw=1431 jpeg=2077
2026-03-30 18:39:57 [DEBUG] __main__ — [tun] → 4 pkts  raw=212B  packed=153B
2026-03-30 18:39:57 [DEBUG] __main__ — [multi] выбор: acc1 (recv_count=0, last_event=send) | ready=['acc1', 'acc3', 'acc5'] | p1=['acc1', 'acc3', 'acc5'] | p2=[] | stats={'acc1': {'recv_count': 0, 'last_event': 'send', 'wait': '0.000s'}, 'acc2': {'recv_count': 0, 'last_event': 'send', 'wait': '1.213s'}, 'acc3': {'recv_count': 0, 'last_event': 'send', 'wait': '0.000s'}, 'acc4': {'recv_count': 0, 'last_event': 'send', 'wait': '0.787s'}, 'acc5': {'recv_count': 0, 'last_event': 'send', 'wait': '0.000s'}, 'acc6': {'recv_count': 0, 'last_event': 'send', 'wait': '1.316s'}}
2026-03-30 18:39:57 [DEBUG] __main__ — [transport:acc5] upload ok fileId=3039985984 size=175
2026-03-30 18:39:57 [DEBUG] __main__ — [transport:acc2] upload ok fileId=3053809786 size=1431
2026-03-30 18:39:57 [DEBUG] __main__ — [transport:acc1] jpeg-wrap raw=153 jpeg=799
2026-03-30 18:39:57 [DEBUG] __main__ — [transport:acc1] upload ok fileId=3054835535 size=153
2026-03-30 18:39:58 [DEBUG] __main__ — [tun] → 3 pkts  raw=1408B  packed=1409B
2026-03-30 18:39:58 [DEBUG] __main__ — [multi] выбор: acc3 (recv_count=0, last_event=send) | ready=['acc3'] | p1=['acc3'] | p2=[] | stats={'acc1': {'recv_count': 0, 'last_event': 'send', 'wait': '1.234s'}, 'acc2': {'recv_count': 0, 'last_event': 'send', 'wait': '1.052s'}, 'acc3': {'recv_count': 0, 'last_event': 'send', 'wait': '0.000s'}, 'acc4': {'recv_count': 0, 'last_event': 'send', 'wait': '0.280s'}, 'acc5': {'recv_count': 0, 'last_event': 'send', 'wait': '0.998s'}, 'acc6': {'recv_count': 0, 'last_event': 'send', 'wait': '0.809s'}}
2026-03-30 18:39:58 [DEBUG] __main__ — [transport:acc3] jpeg-wrap raw=1409 jpeg=2055
2026-03-30 18:39:58 [DEBUG] __main__ — [tun] → 2 pkts  raw=1346B  packed=1347B
2026-03-30 18:39:58 [DEBUG] __main__ — [multi] выбор: acc3 (recv_count=0, last_event=send) | ready=['acc3'] | p1=['acc3'] | p2=[] | stats={'acc1': {'recv_count': 0, 'last_event': 'send', 'wait': '1.108s'}, 'acc2': {'recv_count': 0, 'last_event': 'send', 'wait': '0.926s'}, 'acc3': {'recv_count': 0, 'last_event': 'send', 'wait': '0.000s'}, 'acc4': {'recv_count': 0, 'last_event': 'send', 'wait': '0.154s'}, 'acc5': {'recv_count': 0, 'last_event': 'send', 'wait': '0.872s'}, 'acc6': {'recv_count': 0, 'last_event': 'send', 'wait': '0.683s'}}
2026-03-30 18:39:58 [DEBUG] __main__ — [transport:acc3] upload ok fileId=3057494082 size=1409
2026-03-30 18:39:58 [DEBUG] __main__ — [tun] → 3 pkts  raw=190B  packed=141B
2026-03-30 18:39:58 [DEBUG] __main__ — [multi] все аккаунты заняты, ждём 0.015s
2026-03-30 18:39:58 [DEBUG] __main__ — [multi] выбор: acc4 (recv_count=0, last_event=send) | ready=['acc4'] | p1=['acc4'] | p2=[] | stats={'acc1': {'recv_count': 0, 'last_event': 'send', 'wait': '0.953s'}, 'acc2': {'recv_count': 0, 'last_event': 'send', 'wait': '0.771s'}, 'acc3': {'recv_count': 0, 'last_event': 'send', 'wait': '1.466s'}, 'acc4': {'recv_count': 0, 'last_event': 'send', 'wait': '0.000s'}, 'acc5': {'recv_count': 0, 'last_event': 'send', 'wait': '0.716s'}, 'acc6': {'recv_count': 0, 'last_event': 'send', 'wait': '0.528s'}}
2026-03-30 18:39:58 [DEBUG] __main__ — [transport:acc4] jpeg-wrap raw=141 jpeg=787
2026-03-30 18:39:58 [DEBUG] __main__ — [transport:acc4] upload ok fileId=3053442135 size=141
2026-03-30 18:39:58 [DEBUG] __main__ — [tun] → 2 pkts  raw=128B  packed=110B
2026-03-30 18:39:58 [DEBUG] __main__ — [multi] все аккаунты заняты, ждём 0.290s
2026-03-30 18:39:58 [DEBUG] __main__ — [transport:acc3] jpeg-wrap raw=1347 jpeg=1993
2026-03-30 18:39:58 [DEBUG] __main__ — [transport:acc3] upload ok fileId=3054624225 size=1347
2026-03-30 18:39:59 [DEBUG] __main__ — [multi] выбор: acc6 (recv_count=0, last_event=send) | ready=['acc6'] | p1=['acc6'] | p2=[] | stats={'acc1': {'recv_count': 0, 'last_event': 'send', 'wait': '0.424s'}, 'acc2': {'recv_count': 0, 'last_event': 'send', 'wait': '0.242s'}, 'acc3': {'recv_count': 0, 'last_event': 'send', 'wait': '1.375s'}, 'acc4': {'recv_count': 0, 'last_event': 'send', 'wait': '1.194s'}, 'acc5': {'recv_count': 0, 'last_event': 'send', 'wait': '0.188s'}, 'acc6': {'recv_count': 0, 'last_event': 'send', 'wait': '0.000s'}}
2026-03-30 18:39:59 [DEBUG] __main__ — [transport:acc6] jpeg-wrap raw=110 jpeg=756
2026-03-30 18:39:59 [DEBUG] __main__ — [tun] → 1 pkts  raw=1284B  packed=1285B
2026-03-30 18:39:59 [DEBUG] __main__ — [multi] выбор: acc6 (recv_count=0, last_event=send) | ready=['acc5', 'acc6'] | p1=['acc5', 'acc6'] | p2=[] | stats={'acc1': {'recv_count': 0, 'last_event': 'send', 'wait': '0.211s'}, 'acc2': {'recv_count': 0, 'last_event': 'send', 'wait': '0.029s'}, 'acc3': {'recv_count': 0, 'last_event': 'send', 'wait': '1.162s'}, 'acc4': {'recv_count': 0, 'last_event': 'send', 'wait': '0.980s'}, 'acc5': {'recv_count': 0, 'last_event': 'send', 'wait': '0.000s'}, 'acc6': {'recv_count': 0, 'last_event': 'send', 'wait': '0.000s'}}
2026-03-30 18:39:59 [DEBUG] __main__ — [transport:acc6] upload ok fileId=3051788911 size=110
2026-03-30 18:39:59 [DEBUG] __main__ — [tun] → 1 pkts  raw=66B  packed=67B
2026-03-30 18:39:59 [DEBUG] __main__ — [multi] выбор: acc2 (recv_count=0, last_event=send) | ready=['acc2', 'acc5'] | p1=['acc2', 'acc5'] | p2=[] | stats={'acc1': {'recv_count': 0, 'last_event': 'send', 'wait': '0.073s'}, 'acc2': {'recv_count': 0, 'last_event': 'send', 'wait': '0.000s'}, 'acc3': {'recv_count': 0, 'last_event': 'send', 'wait': '1.024s'}, 'acc4': {'recv_count': 0, 'last_event': 'send', 'wait': '0.843s'}, 'acc5': {'recv_count': 0, 'last_event': 'send', 'wait': '0.000s'}, 'acc6': {'recv_count': 0, 'last_event': 'send', 'wait': '1.377s'}}
2026-03-30 18:39:59 [DEBUG] __main__ — [transport:acc2] jpeg-wrap raw=67 jpeg=713
2026-03-30 18:39:59 [DEBUG] __main__ — [tun] → 3 pkts  raw=190B  packed=141B
2026-03-30 18:39:59 [DEBUG] __main__ — [multi] выбор: acc2 (recv_count=0, last_event=send) | ready=['acc1', 'acc2', 'acc5'] | p1=['acc1', 'acc2', 'acc5'] | p2=[] | stats={'acc1': {'recv_count': 0, 'last_event': 'send', 'wait': '0.000s'}, 'acc2': {'recv_count': 0, 'last_event': 'send', 'wait': '0.000s'}, 'acc3': {'recv_count': 0, 'last_event': 'send', 'wait': '0.898s'}, 'acc4': {'recv_count': 0, 'last_event': 'send', 'wait': '0.717s'}, 'acc5': {'recv_count': 0, 'last_event': 'send', 'wait': '0.000s'}, 'acc6': {'recv_count': 0, 'last_event': 'send', 'wait': '1.250s'}}
2026-03-30 18:39:59 [DEBUG] __main__ — [transport:acc6] jpeg-wrap raw=1285 jpeg=1931
2026-03-30 18:39:59 [DEBUG] __main__ — [transport:acc2] upload ok fileId=3049347012 size=67
2026-03-30 18:39:59 [DEBUG] __main__ — [transport:acc6] upload ok fileId=3059482647 size=1285
2026-03-30 18:39:59 [DEBUG] __main__ — [tun] → 2 pkts  raw=128B  packed=106B
2026-03-30 18:39:59 [DEBUG] __main__ — [multi] выбор: acc1 (recv_count=0, last_event=send) | ready=['acc1', 'acc5'] | p1=['acc1', 'acc5'] | p2=[] | stats={'acc1': {'recv_count': 0, 'last_event': 'send', 'wait': '0.000s'}, 'acc2': {'recv_count': 0, 'last_event': 'send', 'wait': '1.344s'}, 'acc3': {'recv_count': 0, 'last_event': 'send', 'wait': '0.646s'}, 'acc4': {'recv_count': 0, 'last_event': 'send', 'wait': '0.465s'}, 'acc5': {'recv_count': 0, 'last_event': 'send', 'wait': '0.000s'}, 'acc6': {'recv_count': 0, 'last_event': 'send', 'wait': '1.458s'}}
2026-03-30 18:39:59 [DEBUG] __main__ — [transport:acc1] jpeg-wrap raw=106 jpeg=752
2026-03-30 18:40:00 [DEBUG] __main__ — [transport:acc1] upload ok fileId=3052972890 size=106
2026-03-30 18:40:00 [DEBUG] __main__ — [transport:acc2] jpeg-wrap raw=141 jpeg=787
2026-03-30 18:40:00 [DEBUG] __main__ — [transport:acc2] upload ok fileId=3058282070 size=141
2026-03-30 18:40:00 [DEBUG] __main__ — [tun] → 1 pkts  raw=66B  packed=67B
2026-03-30 18:40:00 [DEBUG] __main__ — [multi] выбор: acc5 (recv_count=0, last_event=send) | ready=['acc4', 'acc5'] | p1=['acc4', 'acc5'] | p2=[] | stats={'acc1': {'recv_count': 0, 'last_event': 'send', 'wait': '1.127s'}, 'acc2': {'recv_count': 0, 'last_event': 'send', 'wait': '1.456s'}, 'acc3': {'recv_count': 0, 'last_event': 'send', 'wait': '0.006s'}, 'acc4': {'recv_count': 0, 'last_event': 'send', 'wait': '0.000s'}, 'acc5': {'recv_count': 0, 'last_event': 'send', 'wait': '0.000s'}, 'acc6': {'recv_count': 0, 'last_event': 'send', 'wait': '0.818s'}}
2026-03-30 18:40:00 [DEBUG] __main__ — [transport:acc5] jpeg-wrap raw=67 jpeg=713
2026-03-30 18:40:00 [DEBUG] __main__ — [tun] → 1 pkts  raw=66B  packed=67B
2026-03-30 18:40:00 [DEBUG] __main__ — [multi] выбор: acc5 (recv_count=0, last_event=send) | ready=['acc3', 'acc4', 'acc5'] | p1=['acc3', 'acc4', 'acc5'] | p2=[] | stats={'acc1': {'recv_count': 0, 'last_event': 'send', 'wait': '0.937s'}, 'acc2': {'recv_count': 0, 'last_event': 'send', 'wait': '1.266s'}, 'acc3': {'recv_count': 0, 'last_event': 'send', 'wait': '0.000s'}, 'acc4': {'recv_count': 0, 'last_event': 'send', 'wait': '0.000s'}, 'acc5': {'recv_count': 0, 'last_event': 'send', 'wait': '0.000s'}, 'acc6': {'recv_count': 0, 'last_event': 'send', 'wait': '0.628s'}}
2026-03-30 18:40:00 [DEBUG] __main__ — [transport:acc5] upload ok fileId=3049715137 size=67
2026-03-30 18:40:01 [DEBUG] __main__ — [transport:acc5] jpeg-wrap raw=67 jpeg=713
2026-03-30 18:40:01 [DEBUG] __main__ — [transport:acc5] upload ok fileId=3041303405 size=67
2026-03-30 18:40:01 [DEBUG] __main__ — [tun] → 3 pkts  raw=190B  packed=133B
2026-03-30 18:40:01 [DEBUG] __main__ — [multi] выбор: acc6 (recv_count=0, last_event=send) | ready=['acc1', 'acc3', 'acc4', 'acc6'] | p1=['acc1', 'acc3', 'acc4', 'acc6'] | p2=[] | stats={'acc1': {'recv_count': 0, 'last_event': 'send', 'wait': '0.000s'}, 'acc2': {'recv_count': 0, 'last_event': 'send', 'wait': '0.320s'}, 'acc3': {'recv_count': 0, 'last_event': 'send', 'wait': '0.000s'}, 'acc4': {'recv_count': 0, 'last_event': 'send', 'wait': '0.000s'}, 'acc5': {'recv_count': 0, 'last_event': 'send', 'wait': '1.317s'}, 'acc6': {'recv_count': 0, 'last_event': 'send', 'wait': '0.000s'}}
2026-03-30 18:40:01 [DEBUG] __main__ — [tun] → 1 pkts  raw=66B  packed=67B
2026-03-30 18:40:01 [DEBUG] __main__ — [multi] выбор: acc1 (recv_count=0, last_event=send) | ready=['acc1', 'acc3', 'acc4', 'acc6'] | p1=['acc1', 'acc3', 'acc4', 'acc6'] | p2=[] | stats={'acc1': {'recv_count': 0, 'last_event': 'send', 'wait': '0.000s'}, 'acc2': {'recv_count': 0, 'last_event': 'send', 'wait': '0.235s'}, 'acc3': {'recv_count': 0, 'last_event': 'send', 'wait': '0.000s'}, 'acc4': {'recv_count': 0, 'last_event': 'send', 'wait': '0.000s'}, 'acc5': {'recv_count': 0, 'last_event': 'send', 'wait': '1.232s'}, 'acc6': {'recv_count': 0, 'last_event': 'send', 'wait': '0.000s'}}
2026-03-30 18:40:01 [DEBUG] __main__ — [transport:acc6] jpeg-wrap raw=133 jpeg=779
2026-03-30 18:40:01 [DEBUG] __main__ — [transport:acc1] jpeg-wrap raw=67 jpeg=713
2026-03-30 18:40:01 [DEBUG] __main__ — [transport:acc6] upload ok fileId=3054692926 size=133
2026-03-30 18:40:01 [DEBUG] __main__ — [tun] → 2 pkts  raw=128B  packed=106B
2026-03-30 18:40:01 [DEBUG] __main__ — [multi] выбор: acc3 (recv_count=0, last_event=send) | ready=['acc1', 'acc3', 'acc4'] | p1=['acc1', 'acc3', 'acc4'] | p2=[] | stats={'acc1': {'recv_count': 0, 'last_event': 'send', 'wait': '0.000s'}, 'acc2': {'recv_count': 0, 'last_event': 'send', 'wait': '0.046s'}, 'acc3': {'recv_count': 0, 'last_event': 'send', 'wait': '0.000s'}, 'acc4': {'recv_count': 0, 'last_event': 'send', 'wait': '0.000s'}, 'acc5': {'recv_count': 0, 'last_event': 'send', 'wait': '1.043s'}, 'acc6': {'recv_count': 0, 'last_event': 'send', 'wait': '1.451s'}}
2026-03-30 18:40:01 [DEBUG] __main__ — [transport:acc1] upload ok fileId=3051915413 size=67
2026-03-30 18:40:01 [DEBUG] __main__ — [transport:acc3] jpeg-wrap raw=106 jpeg=752
2026-03-30 18:40:02 [DEBUG] __main__ — [transport:acc3] upload ok fileId=3051490376 size=106
2026-03-30 18:40:02 [DEBUG] __main__ — [tun] → 1 pkts  raw=66B  packed=67B
2026-03-30 18:40:02 [DEBUG] __main__ — [multi] выбор: acc2 (recv_count=0, last_event=send) | ready=['acc2', 'acc4'] | p1=['acc2', 'acc4'] | p2=[] | stats={'acc1': {'recv_count': 0, 'last_event': 'send', 'wait': '0.920s'}, 'acc2': {'recv_count': 0, 'last_event': 'send', 'wait': '0.000s'}, 'acc3': {'recv_count': 0, 'last_event': 'send', 'wait': '1.082s'}, 'acc4': {'recv_count': 0, 'last_event': 'send', 'wait': '0.000s'}, 'acc5': {'recv_count': 0, 'last_event': 'send', 'wait': '0.403s'}, 'acc6': {'recv_count': 0, 'last_event': 'send', 'wait': '0.811s'}}
2026-03-30 18:40:02 [DEBUG] __main__ — [transport:acc2] jpeg-wrap raw=67 jpeg=713
2026-03-30 18:40:02 [DEBUG] __main__ — [tun] → 3 pkts  raw=190B  packed=134B
2026-03-30 18:40:02 [DEBUG] __main__ — [multi] выбор: acc4 (recv_count=0, last_event=send) | ready=['acc2', 'acc4'] | p1=['acc2', 'acc4'] | p2=[] | stats={'acc1': {'recv_count': 0, 'last_event': 'send', 'wait': '0.794s'}, 'acc2': {'recv_count': 0, 'last_event': 'send', 'wait': '0.000s'}, 'acc3': {'recv_count': 0, 'last_event': 'send', 'wait': '0.956s'}, 'acc4': {'recv_count': 0, 'last_event': 'send', 'wait': '0.000s'}, 'acc5': {'recv_count': 0, 'last_event': 'send', 'wait': '0.277s'}, 'acc6': {'recv_count': 0, 'last_event': 'send', 'wait': '0.685s'}}
2026-03-30 18:40:02 [DEBUG] __main__ — [transport:acc4] jpeg-wrap raw=134 jpeg=780
2026-03-30 18:40:02 [DEBUG] __main__ — [transport:acc2] upload ok fileId=3051503808 size=67
2026-03-30 18:40:02 [DEBUG] __main__ — [transport:acc4] upload ok fileId=3057199162 size=134
2026-03-30 18:40:03 [DEBUG] __main__ — [tun] → 2 pkts  raw=128B  packed=96B
2026-03-30 18:40:03 [DEBUG] __main__ — [multi] выбор: acc5 (recv_count=0, last_event=send) | ready=['acc1', 'acc3', 'acc5', 'acc6'] | p1=['acc1', 'acc3', 'acc5', 'acc6'] | p2=[] | stats={'acc1': {'recv_count': 0, 'last_event': 'send', 'wait': '0.000s'}, 'acc2': {'recv_count': 0, 'last_event': 'send', 'wait': '0.619s'}, 'acc3': {'recv_count': 0, 'last_event': 'send', 'wait': '0.000s'}, 'acc4': {'recv_count': 0, 'last_event': 'send', 'wait': '0.678s'}, 'acc5': {'recv_count': 0, 'last_event': 'send', 'wait': '0.000s'}, 'acc6': {'recv_count': 0, 'last_event': 'send', 'wait': '0.000s'}}
2026-03-30 18:40:03 [DEBUG] __main__ — [transport:acc5] jpeg-wrap raw=96 jpeg=742
2026-03-30 18:40:03 [DEBUG] __main__ — [transport:acc5] upload ok fileId=3039986240 size=96
2026-03-30 18:40:04 [DEBUG] __main__ — [tun] → 4 pkts  raw=212B  packed=161B
2026-03-30 18:40:04 [DEBUG] __main__ — [multi] выбор: acc4 (recv_count=0, last_event=send) | ready=['acc1', 'acc2', 'acc3', 'acc4', 'acc6'] | p1=['acc1', 'acc2', 'acc3', 'acc4', 'acc6'] | p2=[] | stats={'acc1': {'recv_count': 0, 'last_event': 'send', 'wait': '0.000s'}, 'acc2': {'recv_count': 0, 'last_event': 'send', 'wait': '0.000s'}, 'acc3': {'recv_count': 0, 'last_event': 'send', 'wait': '0.000s'}, 'acc4': {'recv_count': 0, 'last_event': 'send', 'wait': '0.000s'}, 'acc5': {'recv_count': 0, 'last_event': 'send', 'wait': '0.771s'}, 'acc6': {'recv_count': 0, 'last_event': 'send', 'wait': '0.000s'}}
2026-03-30 18:40:04 [DEBUG] __main__ — [transport:acc4] jpeg-wrap raw=161 jpeg=807
2026-03-30 18:40:04 [DEBUG] __main__ — [transport:acc4] upload ok fileId=3054348538 size=161
2026-03-30 18:40:05 [DEBUG] __main__ — [tun] → 4 pkts  raw=252B  packed=168B
2026-03-30 18:40:05 [DEBUG] __main__ — [multi] выбор: acc6 (recv_count=0, last_event=send) | ready=['acc1', 'acc2', 'acc3', 'acc5', 'acc6'] | p1=['acc1', 'acc2', 'acc3', 'acc5', 'acc6'] | p2=[] | stats={'acc1': {'recv_count': 0, 'last_event': 'send', 'wait': '0.000s'}, 'acc2': {'recv_count': 0, 'last_event': 'send', 'wait': '0.000s'}, 'acc3': {'recv_count': 0, 'last_event': 'send', 'wait': '0.000s'}, 'acc4': {'recv_count': 0, 'last_event': 'send', 'wait': '0.683s'}, 'acc5': {'recv_count': 0, 'last_event': 'send', 'wait': '0.000s'}, 'acc6': {'recv_count': 0, 'last_event': 'send', 'wait': '0.000s'}}
2026-03-30 18:40:05 [DEBUG] __main__ — [transport:acc6] jpeg-wrap raw=168 jpeg=814
2026-03-30 18:40:05 [DEBUG] __main__ — [transport:acc6] upload ok fileId=3054812689 size=168
2026-03-30 18:40:05 [DEBUG] __main__ — [tun] → 2 pkts  raw=128B  packed=106B
2026-03-30 18:40:05 [DEBUG] __main__ — [multi] выбор: acc2 (recv_count=0, last_event=send) | ready=['acc1', 'acc2', 'acc3', 'acc5'] | p1=['acc1', 'acc2', 'acc3', 'acc5'] | p2=[] | stats={'acc1': {'recv_count': 0, 'last_event': 'send', 'wait': '0.000s'}, 'acc2': {'recv_count': 0, 'last_event': 'send', 'wait': '0.000s'}, 'acc3': {'recv_count': 0, 'last_event': 'send', 'wait': '0.000s'}, 'acc4': {'recv_count': 0, 'last_event': 'send', 'wait': '0.431s'}, 'acc5': {'recv_count': 0, 'last_event': 'send', 'wait': '0.000s'}, 'acc6': {'recv_count': 0, 'last_event': 'send', 'wait': '1.482s'}}
2026-03-30 18:40:05 [DEBUG] __main__ — [transport:acc2] jpeg-wrap raw=106 jpeg=752
2026-03-30 18:40:06 [DEBUG] __main__ — [transport:acc2] upload ok fileId=3054819833 size=106
2026-03-30 18:40:06 [ERROR] asyncio — Unclosed connector
connections: ['deque([(<aiohttp.client_proto.ResponseHandler object at 0x72c0e7ed8760>, 87564.838897564)])']
connector: <aiohttp.connector.TCPConnector object at 0x72c0e7e707c0>
2026-03-30 18:40:06 [ERROR] asyncio — Unclosed connector
connections: ['deque([(<aiohttp.client_proto.ResponseHandler object at 0x72c0e88439a0>, 87567.735380796)])']
connector: <aiohttp.connector.TCPConnector object at 0x72c0e7e71ea0>
2026-03-30 18:40:06 [ERROR] asyncio — Unclosed connector
connections: ['deque([(<aiohttp.client_proto.ResponseHandler object at 0x72c0e8843ac0>, 87569.058791925)])']
connector: <aiohttp.connector.TCPConnector object at 0x72c0e7e71060>
2026-03-30 18:40:06 [ERROR] asyncio — Unclosed connector
connections: ['deque([(<aiohttp.client_proto.ResponseHandler object at 0x72c0e7ed9540>, 87566.798762823)])']
connector: <aiohttp.connector.TCPConnector object at 0x72c0e7e726b0>
2026-03-30 18:40:06 [ERROR] asyncio — Unclosed connector
connections: ['deque([(<aiohttp.client_proto.ResponseHandler object at 0x72c0e7ed8880>, 87568.786715276)])']
connector: <aiohttp.connector.TCPConnector object at 0x72c0e7e72ec0>
2026-03-30 18:40:06 [ERROR] asyncio — Unclosed connector
connections: ['deque([(<aiohttp.client_proto.ResponseHandler object at 0x72c0e7edaa40>, 87565.000927782)])']
connector: <aiohttp.connector.TCPConnector object at 0x72c0e7e718a0>
