2026-03-29 23:32:01 [DEBUG] __main__ — [tun] ip link set tun0 up mtu 1400: OK
2026-03-29 23:32:01 [DEBUG] __main__ — [tun] ip addr add 10.0.1.1/30 dev tun0: OK
2026-03-29 23:32:02 [INFO] __main__ — Авторизован [client:acc6], chatId=0
2026-03-29 23:32:02 [INFO] __main__ — Авторизован [client:acc4], chatId=0
2026-03-29 23:32:02 [INFO] __main__ — Авторизован [client:acc5], chatId=0
2026-03-29 23:32:02 [INFO] __main__ — Авторизован [client:acc2], chatId=0
2026-03-29 23:32:02 [INFO] __main__ — Авторизован [client:acc3], chatId=0
2026-03-29 23:32:02 [INFO] __main__ — Авторизован [client:acc1], chatId=0
2026-03-29 23:32:02 [DEBUG] __main__ — [transport:acc1] recv_file fileId=3034854027 size=54
2026-03-29 23:32:02 [DEBUG] __main__ — [tun] ← 1 pkts  raw=54B
2026-03-29 23:32:11 [DEBUG] __main__ — [transport:acc1] recv_file fileId=3050358414 size=54
2026-03-29 23:32:11 [DEBUG] __main__ — [tun] ← 1 pkts  raw=54B
2026-03-29 23:32:17 [DEBUG] __main__ — [tun] → 1 pkts  raw=66B  packed=67B
2026-03-29 23:32:17 [ERROR] asyncio — Task exception was never retrieved
future: <Task finished name='Task-41' coro=<TunManager._flush_after() done, defined at /var/www/html2/xyemax.test/tun_proxied_clock/client/client.py:683> exception=NameError("name 'idx' is not defined")>
Traceback (most recent call last):
  File "/var/www/html2/xyemax.test/tun_proxied_clock/client/client.py", line 686, in _flush_after
    await self._flush_now()
  File "/var/www/html2/xyemax.test/tun_proxied_clock/client/client.py", line 699, in _flush_now
    await self.transport.send_file(packed)
  File "/var/www/html2/xyemax.test/tun_proxied_clock/client/client.py", line 573, in send_file
    await self._transports[idx].send_file(file_body)
NameError: name 'idx' is not defined
2026-03-29 23:32:17 [DEBUG] __main__ — [transport:acc1] jpeg-wrap raw=67 jpeg=713
2026-03-29 23:32:18 [DEBUG] __main__ — [transport:acc1] upload ok fileId=3043854386 size=67
2026-03-29 23:32:18 [DEBUG] __main__ — [tun] → 1 pkts  raw=66B  packed=67B
2026-03-29 23:32:18 [ERROR] asyncio — Task exception was never retrieved
future: <Task finished name='Task-42' coro=<TunManager._flush_after() done, defined at /var/www/html2/xyemax.test/tun_proxied_clock/client/client.py:683> exception=NameError("name 'idx' is not defined")>
Traceback (most recent call last):
  File "/var/www/html2/xyemax.test/tun_proxied_clock/client/client.py", line 686, in _flush_after
    await self._flush_now()
  File "/var/www/html2/xyemax.test/tun_proxied_clock/client/client.py", line 699, in _flush_now
    await self.transport.send_file(packed)
  File "/var/www/html2/xyemax.test/tun_proxied_clock/client/client.py", line 573, in send_file
    await self._transports[idx].send_file(file_body)
NameError: name 'idx' is not defined
2026-03-29 23:32:18 [DEBUG] __main__ — [transport:acc2] jpeg-wrap raw=67 jpeg=713
2026-03-29 23:32:19 [DEBUG] __main__ — [transport:acc2] upload ok fileId=3046302798 size=67
2026-03-29 23:32:19 [DEBUG] __main__ — [tun] → 1 pkts  raw=66B  packed=67B
2026-03-29 23:32:19 [ERROR] asyncio — Task exception was never retrieved
future: <Task finished name='Task-46' coro=<TunManager._flush_after() done, defined at /var/www/html2/xyemax.test/tun_proxied_clock/client/client.py:683> exception=NameError("name 'idx' is not defined")>
Traceback (most recent call last):
  File "/var/www/html2/xyemax.test/tun_proxied_clock/client/client.py", line 686, in _flush_after
    await self._flush_now()
  File "/var/www/html2/xyemax.test/tun_proxied_clock/client/client.py", line 699, in _flush_now
    await self.transport.send_file(packed)
  File "/var/www/html2/xyemax.test/tun_proxied_clock/client/client.py", line 573, in send_file
    await self._transports[idx].send_file(file_body)
NameError: name 'idx' is not defined
2026-03-29 23:32:19 [DEBUG] __main__ — [transport:acc1] jpeg-wrap raw=67 jpeg=713
2026-03-29 23:32:19 [DEBUG] __main__ — [transport:acc1] upload ok fileId=3042794327 size=67
2026-03-29 23:32:20 [DEBUG] __main__ — [transport:acc1] recv_file fileId=3049086582 size=128
2026-03-29 23:32:20 [DEBUG] __main__ — [tun] ← 2 pkts  raw=128B
2026-03-29 23:32:20 [DEBUG] __main__ — [tun] → 4 pkts  raw=745B  packed=475B
2026-03-29 23:32:20 [DEBUG] __main__ — [transport:acc2] jpeg-wrap raw=475 jpeg=1121
2026-03-29 23:32:20 [DEBUG] __main__ — [transport:acc2] upload ok fileId=3048403550 size=475
2026-03-29 23:32:22 [DEBUG] __main__ — [transport:acc2] recv_file fileId=3041221480 size=112
2026-03-29 23:32:22 [DEBUG] __main__ — [tun] ← 2 pkts  raw=112B
2026-03-29 23:32:22 [DEBUG] __main__ — [transport:acc1] recv_file fileId=3031830204 size=4068
2026-03-29 23:32:22 [DEBUG] __main__ — [tun] ← 6 pkts  raw=4068B
2026-03-29 23:32:22 [ERROR] asyncio — Task exception was never retrieved
future: <Task finished name='Task-50' coro=<TunManager._flush_after() done, defined at /var/www/html2/xyemax.test/tun_proxied_clock/client/client.py:683> exception=NameError("name 'idx' is not defined")>
Traceback (most recent call last):
  File "/var/www/html2/xyemax.test/tun_proxied_clock/client/client.py", line 686, in _flush_after
    await self._flush_now()
  File "/var/www/html2/xyemax.test/tun_proxied_clock/client/client.py", line 699, in _flush_now
    await self.transport.send_file(packed)
  File "/var/www/html2/xyemax.test/tun_proxied_clock/client/client.py", line 573, in send_file
    await self._transports[idx].send_file(file_body)
NameError: name 'idx' is not defined
2026-03-29 23:32:23 [DEBUG] __main__ — [tun] → 5 pkts  raw=367B  packed=236B
2026-03-29 23:32:24 [DEBUG] __main__ — [transport:acc1] jpeg-wrap raw=236 jpeg=882
2026-03-29 23:32:24 [DEBUG] __main__ — [transport:acc1] upload ok fileId=3042883632 size=236
2026-03-29 23:32:26 [DEBUG] __main__ — [transport:acc1] recv_file fileId=3042057942 size=232
2026-03-29 23:32:26 [DEBUG] __main__ — [tun] ← 2 pkts  raw=232B
2026-03-29 23:32:26 [ERROR] asyncio — Task exception was never retrieved
future: <Task finished name='Task-61' coro=<TunManager._flush_after() done, defined at /var/www/html2/xyemax.test/tun_proxied_clock/client/client.py:683> exception=NameError("name 'idx' is not defined")>
Traceback (most recent call last):
  File "/var/www/html2/xyemax.test/tun_proxied_clock/client/client.py", line 686, in _flush_after
    await self._flush_now()
  File "/var/www/html2/xyemax.test/tun_proxied_clock/client/client.py", line 699, in _flush_now
    await self.transport.send_file(packed)
  File "/var/www/html2/xyemax.test/tun_proxied_clock/client/client.py", line 573, in send_file
    await self._transports[idx].send_file(file_body)
NameError: name 'idx' is not defined
2026-03-29 23:32:27 [DEBUG] __main__ — [tun] → 5 pkts  raw=527B  packed=379B
2026-03-29 23:32:27 [DEBUG] __main__ — [transport:acc1] jpeg-wrap raw=379 jpeg=1025
2026-03-29 23:32:27 [DEBUG] __main__ — [transport:acc1] upload ok fileId=3035189104 size=379
2026-03-29 23:32:29 [DEBUG] __main__ — [transport:acc1] recv_file fileId=3033052040 size=14204
2026-03-29 23:32:29 [DEBUG] __main__ — [tun] ← 21 pkts  raw=14204B
2026-03-29 23:32:29 [ERROR] asyncio — Task exception was never retrieved
future: <Task finished name='Task-65' coro=<TunManager._flush_after() done, defined at /var/www/html2/xyemax.test/tun_proxied_clock/client/client.py:683> exception=NameError("name 'idx' is not defined")>
Traceback (most recent call last):
  File "/var/www/html2/xyemax.test/tun_proxied_clock/client/client.py", line 686, in _flush_after
    await self._flush_now()
  File "/var/www/html2/xyemax.test/tun_proxied_clock/client/client.py", line 699, in _flush_now
    await self.transport.send_file(packed)
  File "/var/www/html2/xyemax.test/tun_proxied_clock/client/client.py", line 573, in send_file
    await self._transports[idx].send_file(file_body)
NameError: name 'idx' is not defined
2026-03-29 23:32:30 [DEBUG] __main__ — [tun] → 8 pkts  raw=436B  packed=198B
2026-03-29 23:32:30 [DEBUG] __main__ — [transport:acc1] jpeg-wrap raw=198 jpeg=844
2026-03-29 23:32:30 [DEBUG] __main__ — [transport:acc1] upload ok fileId=3036646034 size=198
2026-03-29 23:32:32 [DEBUG] __main__ — [transport:acc1] recv_file fileId=3038500060 size=30584
2026-03-29 23:32:32 [DEBUG] __main__ — [tun] ← 30 pkts  raw=30584B
2026-03-29 23:32:32 [ERROR] asyncio — Task exception was never retrieved
future: <Task finished name='Task-69' coro=<TunManager._flush_after() done, defined at /var/www/html2/xyemax.test/tun_proxied_clock/client/client.py:683> exception=NameError("name 'idx' is not defined")>
Traceback (most recent call last):
  File "/var/www/html2/xyemax.test/tun_proxied_clock/client/client.py", line 686, in _flush_after
    await self._flush_now()
  File "/var/www/html2/xyemax.test/tun_proxied_clock/client/client.py", line 699, in _flush_now
    await self.transport.send_file(packed)
  File "/var/www/html2/xyemax.test/tun_proxied_clock/client/client.py", line 573, in send_file
    await self._transports[idx].send_file(file_body)
NameError: name 'idx' is not defined
2026-03-29 23:32:33 [DEBUG] __main__ — [tun] → 25 pkts  raw=1354B  packed=421B
2026-03-29 23:32:33 [DEBUG] __main__ — [transport:acc1] jpeg-wrap raw=421 jpeg=1067
2026-03-29 23:32:33 [DEBUG] __main__ — [transport:acc1] upload ok fileId=3033804704 size=421
2026-03-29 23:32:35 [DEBUG] __main__ — [transport:acc1] recv_file fileId=3042072037 size=66956
2026-03-29 23:32:35 [DEBUG] __main__ — [tun] ← 60 pkts  raw=66956B
2026-03-29 23:32:35 [ERROR] asyncio — Task exception was never retrieved
future: <Task finished name='Task-73' coro=<TunManager._flush_after() done, defined at /var/www/html2/xyemax.test/tun_proxied_clock/client/client.py:683> exception=NameError("name 'idx' is not defined")>
Traceback (most recent call last):
  File "/var/www/html2/xyemax.test/tun_proxied_clock/client/client.py", line 686, in _flush_after
    await self._flush_now()
  File "/var/www/html2/xyemax.test/tun_proxied_clock/client/client.py", line 699, in _flush_now
    await self.transport.send_file(packed)
  File "/var/www/html2/xyemax.test/tun_proxied_clock/client/client.py", line 573, in send_file
    await self._transports[idx].send_file(file_body)
NameError: name 'idx' is not defined
2026-03-29 23:32:36 [DEBUG] __main__ — [tun] → 44 pkts  raw=2380B  packed=716B
2026-03-29 23:32:37 [DEBUG] __main__ — [transport:acc1] jpeg-wrap raw=716 jpeg=1362
2026-03-29 23:32:37 [DEBUG] __main__ — [transport:acc1] upload ok fileId=3044072161 size=716
2026-03-29 23:32:39 [DEBUG] __main__ — [transport:acc1] recv_file fileId=3046282577 size=41257
2026-03-29 23:32:39 [DEBUG] __main__ — [tun] ← 39 pkts  raw=41257B
2026-03-29 23:32:39 [ERROR] asyncio — Task exception was never retrieved
future: <Task finished name='Task-77' coro=<TunManager._flush_after() done, defined at /var/www/html2/xyemax.test/tun_proxied_clock/client/client.py:683> exception=NameError("name 'idx' is not defined")>
Traceback (most recent call last):
  File "/var/www/html2/xyemax.test/tun_proxied_clock/client/client.py", line 686, in _flush_after
    await self._flush_now()
  File "/var/www/html2/xyemax.test/tun_proxied_clock/client/client.py", line 699, in _flush_now
    await self.transport.send_file(packed)
  File "/var/www/html2/xyemax.test/tun_proxied_clock/client/client.py", line 573, in send_file
    await self._transports[idx].send_file(file_body)
NameError: name 'idx' is not defined
2026-03-29 23:32:40 [DEBUG] __main__ — [tun] → 40 pkts  raw=2195B  packed=714B
2026-03-29 23:32:40 [DEBUG] __main__ — [transport:acc1] jpeg-wrap raw=714 jpeg=1360
2026-03-29 23:32:40 [DEBUG] __main__ — [transport:acc1] upload ok fileId=3046498549 size=714
2026-03-29 23:32:42 [DEBUG] __main__ — [transport:acc1] recv_file fileId=3033379708 size=166
2026-03-29 23:32:42 [DEBUG] __main__ — [tun] ← 3 pkts  raw=166B
2026-03-29 23:32:42 [ERROR] asyncio — Task exception was never retrieved
future: <Task finished name='Task-81' coro=<TunManager._flush_after() done, defined at /var/www/html2/xyemax.test/tun_proxied_clock/client/client.py:683> exception=NameError("name 'idx' is not defined")>
Traceback (most recent call last):
  File "/var/www/html2/xyemax.test/tun_proxied_clock/client/client.py", line 686, in _flush_after
    await self._flush_now()
  File "/var/www/html2/xyemax.test/tun_proxied_clock/client/client.py", line 699, in _flush_now
    await self.transport.send_file(packed)
  File "/var/www/html2/xyemax.test/tun_proxied_clock/client/client.py", line 573, in send_file
    await self._transports[idx].send_file(file_body)
NameError: name 'idx' is not defined
2026-03-29 23:32:43 [DEBUG] __main__ — [tun] → 1 pkts  raw=58B  packed=59B
2026-03-29 23:32:43 [DEBUG] __main__ — [transport:acc1] jpeg-wrap raw=59 jpeg=705
2026-03-29 23:32:43 [DEBUG] __main__ — [transport:acc1] upload ok fileId=3045665288 size=59
2026-03-29 23:32:45 [ERROR] asyncio — Unclosed client session
client_session: <aiohttp.client.ClientSession object at 0x77913c2abd00>
2026-03-29 23:32:45 [ERROR] asyncio — Unclosed client session
client_session: <aiohttp.client.ClientSession object at 0x77913c2f01c0>
2026-03-29 23:32:45 [ERROR] asyncio — Unclosed client session
client_session: <aiohttp.client.ClientSession object at 0x77913c2f0490>
2026-03-29 23:32:45 [ERROR] asyncio — Unclosed connector
connections: ['deque([(<aiohttp.client_proto.ResponseHandler object at 0x77913c0d7e20>, 18703.878466771)])', 'deque([(<aiohttp.client_proto.ResponseHandler object at 0x77913c0d7520>, 18705.386361322)])']
connector: <aiohttp.connector.TCPConnector object at 0x77913c2a8c70>
2026-03-29 23:32:45 [ERROR] asyncio — Unclosed client session
client_session: <aiohttp.client.ClientSession object at 0x77913c2f0a30>
2026-03-29 23:32:45 [ERROR] asyncio — Unclosed connector
connections: ['deque([(<aiohttp.client_proto.ResponseHandler object at 0x77913c320ca0>, 18725.56968392)])', 'deque([(<aiohttp.client_proto.ResponseHandler object at 0x77913c0d7e80>, 18726.822918342)])']
connector: <aiohttp.connector.TCPConnector object at 0x77913c2a83d0>
2026-03-29 23:32:45 [ERROR] asyncio — Task exception was never retrieved
future: <Task finished name='Task-85' coro=<TunManager._flush_after() done, defined at /var/www/html2/xyemax.test/tun_proxied_clock/client/client.py:683> exception=NameError("name 'idx' is not defined")>
Traceback (most recent call last):
  File "/var/www/html2/xyemax.test/tun_proxied_clock/client/client.py", line 686, in _flush_after
    await self._flush_now()
  File "/var/www/html2/xyemax.test/tun_proxied_clock/client/client.py", line 699, in _flush_now
    await self.transport.send_file(packed)
  File "/var/www/html2/xyemax.test/tun_proxied_clock/client/client.py", line 573, in send_file
    await self._transports[idx].send_file(file_body)
NameError: name 'idx' is not defined
