2026-03-30 18:12:33 [DEBUG] __main__ — [tun] ip link set tun0 up mtu 1400: OK
2026-03-30 18:12:33 [DEBUG] __main__ — [tun] ip addr add 10.0.1.1/30 dev tun0: OK
2026-03-30 18:12:34 [INFO] __main__ — Авторизован [client:acc1], chatId=0
2026-03-30 18:12:34 [INFO] __main__ — Авторизован [client:acc6], chatId=0
2026-03-30 18:12:34 [INFO] __main__ — Авторизован [client:acc4], chatId=0
2026-03-30 18:12:34 [INFO] __main__ — Авторизован [client:acc3], chatId=0
2026-03-30 18:12:34 [INFO] __main__ — Авторизован [client:acc5], chatId=0
2026-03-30 18:12:34 [INFO] __main__ — Авторизован [client:acc2], chatId=0
2026-03-30 18:13:09 [ERROR] asyncio — Unclosed client session
client_session: <aiohttp.client.ClientSession object at 0x7111298b8ee0>
2026-03-30 18:13:09 [ERROR] asyncio — Unclosed client session
client_session: <aiohttp.client.ClientSession object at 0x7111298b81c0>
2026-03-30 18:13:09 [ERROR] asyncio — Unclosed client session
client_session: <aiohttp.client.ClientSession object at 0x7111298b95a0>
2026-03-30 18:13:09 [ERROR] asyncio — Unclosed client session
client_session: <aiohttp.client.ClientSession object at 0x7111298b9a50>
2026-03-30 18:13:09 [ERROR] asyncio — Unclosed client session
client_session: <aiohttp.client.ClientSession object at 0x7111298b9ed0>
2026-03-30 18:13:09 [ERROR] asyncio — Unclosed client session
client_session: <aiohttp.client.ClientSession object at 0x7111298ba1a0>
