2026-03-30 22:08:49 [DEBUG] __main__ — [tun] защита DNS 127.0.0.53 через 192.168.5.1 dev wlp0s20f3
2026-03-30 22:08:49 [DEBUG] __main__ — [tun] защита DNS 8.8.8.8 через 192.168.5.1 dev wlp0s20f3
2026-03-30 22:08:49 [DEBUG] __main__ — [tun] защита DNS 1.1.1.1 через 192.168.5.1 dev wlp0s20f3
2026-03-30 22:08:49 [DEBUG] __main__ — [tun] защита CDN подсети 155.212.204.0/24 через 192.168.5.1 dev wlp0s20f3
2026-03-30 22:08:49 [DEBUG] __main__ — [tun] защита CDN подсети 155.212.0.0/16 через 192.168.5.1 dev wlp0s20f3
2026-03-30 22:08:49 [DEBUG] __main__ — [tun] защита WS хоста ws-api.oneme.ru (155.212.204.70) через 192.168.5.1 dev wlp0s20f3
2026-03-30 22:08:49 [DEBUG] __main__ — [tun] защита WS хоста ws-api.oneme.ru (155.212.204.133) через 192.168.5.1 dev wlp0s20f3
2026-03-30 22:08:49 [DEBUG] __main__ — [tun] защита WS хоста fu.oneme.ru (155.212.204.141) через 192.168.5.1 dev wlp0s20f3
2026-03-30 22:08:49 [DEBUG] __main__ — [tun] защита WS хоста fu.oneme.ru (155.212.204.66) через 192.168.5.1 dev wlp0s20f3
2026-03-30 22:08:49 [DEBUG] __main__ — [tun] защита WS хоста telegram.mooner.pro (104.21.73.28) через 192.168.5.1 dev wlp0s20f3
2026-03-30 22:08:49 [DEBUG] __main__ — [tun] защита WS хоста telegram.mooner.pro (172.67.137.250) через 192.168.5.1 dev wlp0s20f3
2026-03-30 22:08:49 [DEBUG] __main__ — [tun] ip link set tun0 up mtu 1400: OK
2026-03-30 22:08:49 [DEBUG] __main__ — [tun] ip addr add 10.0.1.1/30 dev tun0: OK
2026-03-30 22:08:49 [DEBUG] __main__ — [tun] ip route add 127.0.0.53 via 192.168.5.1 dev wlp0s20f3: OK
2026-03-30 22:08:49 [DEBUG] __main__ — [tun] ip route add 8.8.8.8 via 192.168.5.1 dev wlp0s20f3: OK
2026-03-30 22:08:49 [DEBUG] __main__ — [tun] ip route add 1.1.1.1 via 192.168.5.1 dev wlp0s20f3: OK
2026-03-30 22:08:49 [DEBUG] __main__ — [tun] ip route add 155.212.204.0/24 via 192.168.5.1 dev wlp0s20f3: OK
2026-03-30 22:08:49 [DEBUG] __main__ — [tun] ip route add 155.212.0.0/16 via 192.168.5.1 dev wlp0s20f3: OK
2026-03-30 22:08:49 [DEBUG] __main__ — [tun] ip route add 155.212.204.70 via 192.168.5.1 dev wlp0s20f3: OK
2026-03-30 22:08:49 [DEBUG] __main__ — [tun] ip route add 155.212.204.133 via 192.168.5.1 dev wlp0s20f3: OK
2026-03-30 22:08:49 [DEBUG] __main__ — [tun] ip route add 155.212.204.141 via 192.168.5.1 dev wlp0s20f3: OK
2026-03-30 22:08:49 [DEBUG] __main__ — [tun] ip route add 155.212.204.66 via 192.168.5.1 dev wlp0s20f3: OK
2026-03-30 22:08:49 [DEBUG] __main__ — [tun] ip route add 104.21.73.28 via 192.168.5.1 dev wlp0s20f3: OK
2026-03-30 22:08:49 [DEBUG] __main__ — [tun] ip route add 172.67.137.250 via 192.168.5.1 dev wlp0s20f3: OK
2026-03-30 22:08:49 [DEBUG] __main__ — [tun] ip route add 0.0.0.0/1 dev tun0: OK
2026-03-30 22:08:49 [DEBUG] __main__ — [tun] ip route add 128.0.0.0/1 dev tun0: OK
2026-03-30 22:08:49 [DEBUG] __main__ — [tun] → 1 pkts  raw=54B  packed=48B
2026-03-30 22:08:49 [DEBUG] __main__ — [multi] выбор: acc2 (recv_count=0, last_event=recv) | ready=['acc1', 'acc2', 'acc3', 'acc4', 'acc5', 'acc6'] | p1=['acc1', 'acc2', 'acc3', 'acc4', 'acc5', 'acc6'] | p2=['acc1', 'acc2', 'acc3', 'acc4', 'acc5', 'acc6'] | stats={'acc1': {'recv_count': 0, 'last_event': 'recv', 'wait': '0.000s', 'busy': False}, 'acc2': {'recv_count': 0, 'last_event': 'recv', 'wait': '0.000s', 'busy': True}, 'acc3': {'recv_count': 0, 'last_event': 'recv', 'wait': '0.000s', 'busy': False}, 'acc4': {'recv_count': 0, 'last_event': 'recv', 'wait': '0.000s', 'busy': False}, 'acc5': {'recv_count': 0, 'last_event': 'recv', 'wait': '0.000s', 'busy': False}, 'acc6': {'recv_count': 0, 'last_event': 'recv', 'wait': '0.000s', 'busy': False}}
2026-03-30 22:08:49 [INFO] __main__ — [net] HTTP трафик скрипта привязан к интерфейсу: wlp0s20f3
2026-03-30 22:08:49 [INFO] __main__ — [net] HTTP трафик скрипта привязан к интерфейсу: wlp0s20f3
2026-03-30 22:08:49 [DEBUG] __main__ — [transport:acc2] ws msg op=6 cmd=1
2026-03-30 22:08:49 [DEBUG] __main__ — [transport:acc3] ws msg op=6 cmd=1
2026-03-30 22:08:49 [DEBUG] __main__ — [tun] → 1 pkts  raw=46B  packed=47B
2026-03-30 22:08:49 [DEBUG] __main__ — [multi] выбор: acc3 (recv_count=0, last_event=recv) | ready=['acc1', 'acc2', 'acc3', 'acc4', 'acc5', 'acc6'] | p1=['acc1', 'acc2', 'acc3', 'acc4', 'acc5', 'acc6'] | p2=['acc1', 'acc2', 'acc3', 'acc4', 'acc5', 'acc6'] | stats={'acc1': {'recv_count': 0, 'last_event': 'recv', 'wait': '0.000s', 'busy': False}, 'acc2': {'recv_count': 0, 'last_event': 'recv', 'wait': '0.000s', 'busy': False}, 'acc3': {'recv_count': 0, 'last_event': 'recv', 'wait': '0.000s', 'busy': True}, 'acc4': {'recv_count': 0, 'last_event': 'recv', 'wait': '0.000s', 'busy': False}, 'acc5': {'recv_count': 0, 'last_event': 'recv', 'wait': '0.000s', 'busy': False}, 'acc6': {'recv_count': 0, 'last_event': 'recv', 'wait': '0.000s', 'busy': False}}
2026-03-30 22:08:49 [DEBUG] __main__ — [transport:acc2] ws msg op=19 cmd=1
2026-03-30 22:08:49 [DEBUG] __main__ — [transport:acc2] ws msg op=292 cmd=0
2026-03-30 22:08:49 [INFO] __main__ — Авторизован [client:acc2], chatId=0
2026-03-30 22:08:49 [DEBUG] __main__ — [transport:acc2] ws msg op=48 cmd=1
2026-03-30 22:08:49 [DEBUG] __main__ — [transport:acc2] ws msg op=87 cmd=1
2026-03-30 22:08:49 [DEBUG] __main__ — [transport:acc2] jpeg-wrap raw=48 jpeg=694
2026-03-30 22:08:49 [DEBUG] __main__ — [transport:acc3] ws msg op=19 cmd=1
2026-03-30 22:08:49 [DEBUG] __main__ — [transport:acc3] ws msg op=292 cmd=0
2026-03-30 22:08:49 [INFO] __main__ — Авторизован [client:acc3], chatId=0
2026-03-30 22:08:49 [DEBUG] __main__ — [transport:acc3] ws msg op=48 cmd=1
2026-03-30 22:08:49 [DEBUG] __main__ — [transport:acc3] ws msg op=87 cmd=1
2026-03-30 22:08:49 [DEBUG] __main__ — [transport:acc3] jpeg-wrap raw=47 jpeg=693
2026-03-30 22:08:49 [INFO] __main__ — [net] HTTP трафик скрипта привязан к интерфейсу: wlp0s20f3
2026-03-30 22:08:49 [INFO] __main__ — [net] HTTP трафик скрипта привязан к интерфейсу: wlp0s20f3
2026-03-30 22:08:49 [INFO] __main__ — [net] HTTP трафик скрипта привязан к интерфейсу: wlp0s20f3
2026-03-30 22:08:49 [DEBUG] __main__ — [transport:acc5] ws msg op=6 cmd=1
2026-03-30 22:08:49 [DEBUG] __main__ — [transport:acc2] upload ok fileId=3041896951 size=48
2026-03-30 22:08:49 [INFO] __main__ — [net] HTTP трафик скрипта привязан к интерфейсу: wlp0s20f3
2026-03-30 22:08:49 [DEBUG] __main__ — [transport:acc6] ws msg op=6 cmd=1
2026-03-30 22:08:49 [DEBUG] __main__ — [transport:acc1] ws msg op=6 cmd=1
2026-03-30 22:08:49 [DEBUG] __main__ — [transport:acc4] ws msg op=6 cmd=1
2026-03-30 22:08:49 [DEBUG] __main__ — [transport:acc3] upload ok fileId=3050123315 size=47
2026-03-30 22:08:49 [DEBUG] __main__ — [transport:acc4] ws msg op=19 cmd=1
2026-03-30 22:08:49 [DEBUG] __main__ — [transport:acc4] ws msg op=292 cmd=0
2026-03-30 22:08:49 [DEBUG] __main__ — [transport:acc5] ws msg op=19 cmd=1
2026-03-30 22:08:49 [DEBUG] __main__ — [transport:acc5] ws msg op=292 cmd=0
2026-03-30 22:08:49 [INFO] __main__ — Авторизован [client:acc4], chatId=0
2026-03-30 22:08:49 [INFO] __main__ — Авторизован [client:acc5], chatId=0
2026-03-30 22:08:49 [DEBUG] __main__ — [transport:acc1] ws msg op=19 cmd=1
2026-03-30 22:08:49 [DEBUG] __main__ — [transport:acc1] ws msg op=292 cmd=0
2026-03-30 22:08:49 [INFO] __main__ — Авторизован [client:acc1], chatId=0
2026-03-30 22:08:49 [DEBUG] __main__ — [transport:acc4] ws msg op=48 cmd=1
2026-03-30 22:08:49 [DEBUG] __main__ — [transport:acc5] ws msg op=48 cmd=1
2026-03-30 22:08:49 [DEBUG] __main__ — [transport:acc6] ws msg op=19 cmd=1
2026-03-30 22:08:49 [DEBUG] __main__ — [transport:acc6] ws msg op=292 cmd=0
2026-03-30 22:08:49 [INFO] __main__ — Авторизован [client:acc6], chatId=0
2026-03-30 22:08:49 [DEBUG] __main__ — [transport:acc1] ws msg op=48 cmd=1
2026-03-30 22:08:49 [DEBUG] __main__ — [transport:acc6] ws msg op=48 cmd=1
2026-03-30 22:08:49 [DEBUG] __main__ — [transport:acc2] ws msg op=136 cmd=0
2026-03-30 22:08:49 [DEBUG] __main__ — [transport:acc3] ws msg op=136 cmd=0
2026-03-30 22:08:49 [DEBUG] __main__ — [transport:acc2] ws msg op=64 cmd=1
2026-03-30 22:08:49 [DEBUG] __main__ — [transport:acc2] msg op=64 attaches=1
2026-03-30 22:08:49 [DEBUG] __main__ — [transport:acc2] skip own fileId=3041896951
2026-03-30 22:08:49 [DEBUG] __main__ — [transport:acc3] ws msg op=64 cmd=1
2026-03-30 22:08:49 [DEBUG] __main__ — [transport:acc3] msg op=64 attaches=1
2026-03-30 22:08:49 [DEBUG] __main__ — [transport:acc3] skip own fileId=3050123315
2026-03-30 22:08:49 [DEBUG] __main__ — [tun] → 1 pkts  raw=66B  packed=67B
2026-03-30 22:08:49 [DEBUG] __main__ — [multi] выбор: acc6 (recv_count=0, last_event=recv) | ready=['acc1', 'acc4', 'acc5', 'acc6'] | p1=['acc1', 'acc4', 'acc5', 'acc6'] | p2=['acc1', 'acc4', 'acc5', 'acc6'] | stats={'acc1': {'recv_count': 0, 'last_event': 'recv', 'wait': '0.000s', 'busy': False}, 'acc2': {'recv_count': 0, 'last_event': 'send', 'wait': '2.580s', 'busy': False}, 'acc3': {'recv_count': 0, 'last_event': 'send', 'wait': '2.607s', 'busy': False}, 'acc4': {'recv_count': 0, 'last_event': 'recv', 'wait': '0.000s', 'busy': False}, 'acc5': {'recv_count': 0, 'last_event': 'recv', 'wait': '0.000s', 'busy': False}, 'acc6': {'recv_count': 0, 'last_event': 'recv', 'wait': '0.000s', 'busy': True}}
2026-03-30 22:08:49 [DEBUG] __main__ — [transport:acc6] ws msg op=87 cmd=1
2026-03-30 22:08:49 [DEBUG] __main__ — [transport:acc6] jpeg-wrap raw=67 jpeg=713
2026-03-30 22:08:50 [DEBUG] __main__ — [transport:acc6] upload ok fileId=3053632765 size=67
2026-03-30 22:08:50 [DEBUG] __main__ — [transport:acc6] ws msg op=136 cmd=0
2026-03-30 22:08:50 [DEBUG] __main__ — [transport:acc6] ws msg op=64 cmd=1
2026-03-30 22:08:50 [DEBUG] __main__ — [transport:acc6] msg op=64 attaches=1
2026-03-30 22:08:50 [DEBUG] __main__ — [transport:acc6] skip own fileId=3053632765
2026-03-30 22:08:50 [DEBUG] __main__ — [tun] → 1 pkts  raw=46B  packed=47B
2026-03-30 22:08:50 [DEBUG] __main__ — [multi] выбор: acc4 (recv_count=0, last_event=recv) | ready=['acc1', 'acc4', 'acc5'] | p1=['acc1', 'acc4', 'acc5'] | p2=['acc1', 'acc4', 'acc5'] | stats={'acc1': {'recv_count': 0, 'last_event': 'recv', 'wait': '0.000s', 'busy': False}, 'acc2': {'recv_count': 0, 'last_event': 'send', 'wait': '2.133s', 'busy': False}, 'acc3': {'recv_count': 0, 'last_event': 'send', 'wait': '2.160s', 'busy': False}, 'acc4': {'recv_count': 0, 'last_event': 'recv', 'wait': '0.000s', 'busy': True}, 'acc5': {'recv_count': 0, 'last_event': 'recv', 'wait': '0.000s', 'busy': False}, 'acc6': {'recv_count': 0, 'last_event': 'send', 'wait': '2.640s', 'busy': False}}
2026-03-30 22:08:50 [DEBUG] __main__ — [transport:acc4] ws msg op=87 cmd=1
2026-03-30 22:08:50 [DEBUG] __main__ — [transport:acc4] jpeg-wrap raw=47 jpeg=693
2026-03-30 22:08:50 [DEBUG] __main__ — [transport:acc4] upload ok fileId=3052625597 size=47
2026-03-30 22:08:50 [DEBUG] __main__ — [transport:acc4] ws msg op=136 cmd=0
2026-03-30 22:08:50 [DEBUG] __main__ — [transport:acc4] ws msg op=64 cmd=1
2026-03-30 22:08:50 [DEBUG] __main__ — [transport:acc4] msg op=64 attaches=1
2026-03-30 22:08:50 [DEBUG] __main__ — [transport:acc4] skip own fileId=3052625597
2026-03-30 22:08:50 [DEBUG] __main__ — [tun] → 1 pkts  raw=58B  packed=59B
2026-03-30 22:08:50 [DEBUG] __main__ — [multi] выбор: acc1 (recv_count=0, last_event=recv) | ready=['acc1', 'acc5'] | p1=['acc1', 'acc5'] | p2=['acc1', 'acc5'] | stats={'acc1': {'recv_count': 0, 'last_event': 'recv', 'wait': '0.000s', 'busy': True}, 'acc2': {'recv_count': 0, 'last_event': 'send', 'wait': '1.838s', 'busy': False}, 'acc3': {'recv_count': 0, 'last_event': 'send', 'wait': '1.866s', 'busy': False}, 'acc4': {'recv_count': 0, 'last_event': 'send', 'wait': '2.818s', 'busy': False}, 'acc5': {'recv_count': 0, 'last_event': 'recv', 'wait': '0.000s', 'busy': False}, 'acc6': {'recv_count': 0, 'last_event': 'send', 'wait': '2.346s', 'busy': False}}
2026-03-30 22:08:50 [DEBUG] __main__ — [transport:acc1] ws msg op=87 cmd=1
2026-03-30 22:08:50 [DEBUG] __main__ — [transport:acc1] jpeg-wrap raw=59 jpeg=705
2026-03-30 22:08:50 [DEBUG] __main__ — [transport:acc1] upload ok fileId=3054757090 size=59
2026-03-30 22:08:50 [DEBUG] __main__ — [transport:acc1] ws msg op=136 cmd=0
2026-03-30 22:08:50 [DEBUG] __main__ — [transport:acc1] ws msg op=64 cmd=1
2026-03-30 22:08:50 [DEBUG] __main__ — [transport:acc1] msg op=64 attaches=1
2026-03-30 22:08:50 [DEBUG] __main__ — [transport:acc1] skip own fileId=3054757090
2026-03-30 22:08:50 [DEBUG] __main__ — [tun] → 1 pkts  raw=66B  packed=67B
2026-03-30 22:08:50 [DEBUG] __main__ — [multi] выбор: acc5 (recv_count=0, last_event=recv) | ready=['acc5'] | p1=['acc5'] | p2=['acc5'] | stats={'acc1': {'recv_count': 0, 'last_event': 'send', 'wait': '2.791s', 'busy': False}, 'acc2': {'recv_count': 0, 'last_event': 'send', 'wait': '1.554s', 'busy': False}, 'acc3': {'recv_count': 0, 'last_event': 'send', 'wait': '1.582s', 'busy': False}, 'acc4': {'recv_count': 0, 'last_event': 'send', 'wait': '2.534s', 'busy': False}, 'acc5': {'recv_count': 0, 'last_event': 'recv', 'wait': '0.000s', 'busy': True}, 'acc6': {'recv_count': 0, 'last_event': 'send', 'wait': '2.062s', 'busy': False}}
2026-03-30 22:08:50 [DEBUG] __main__ — [transport:acc5] ws msg op=87 cmd=1
2026-03-30 22:08:50 [DEBUG] __main__ — [transport:acc5] jpeg-wrap raw=67 jpeg=713
2026-03-30 22:08:51 [DEBUG] __main__ — [transport:acc5] upload ok fileId=3052102143 size=67
2026-03-30 22:08:51 [DEBUG] __main__ — [tun] → 1 pkts  raw=77B  packed=78B
2026-03-30 22:08:51 [DEBUG] __main__ — [multi] все аккаунты заняты, ждём 1.426s
2026-03-30 22:08:51 [DEBUG] __main__ — [transport:acc5] ws msg op=136 cmd=0
2026-03-30 22:08:51 [DEBUG] __main__ — [transport:acc5] ws msg op=64 cmd=1
2026-03-30 22:08:51 [DEBUG] __main__ — [transport:acc5] msg op=64 attaches=1
2026-03-30 22:08:51 [DEBUG] __main__ — [transport:acc5] skip own fileId=3052102143
2026-03-30 22:08:52 [DEBUG] __main__ — [multi] выбор: acc2 (recv_count=0, last_event=send) | ready=['acc2'] | p1=['acc2'] | p2=[] | stats={'acc1': {'recv_count': 0, 'last_event': 'send', 'wait': '1.237s', 'busy': False}, 'acc2': {'recv_count': 0, 'last_event': 'send', 'wait': '0.000s', 'busy': True}, 'acc3': {'recv_count': 0, 'last_event': 'send', 'wait': '0.027s', 'busy': False}, 'acc4': {'recv_count': 0, 'last_event': 'send', 'wait': '0.980s', 'busy': False}, 'acc5': {'recv_count': 0, 'last_event': 'send', 'wait': '1.527s', 'busy': False}, 'acc6': {'recv_count': 0, 'last_event': 'send', 'wait': '0.507s', 'busy': False}}
2026-03-30 22:08:52 [DEBUG] __main__ — [tun] → 5 pkts  raw=782B  packed=555B
2026-03-30 22:08:52 [DEBUG] __main__ — [multi] выбор: acc2 (recv_count=0, last_event=send) | ready=['acc2'] | p1=['acc2'] | p2=[] | stats={'acc1': {'recv_count': 0, 'last_event': 'send', 'wait': '1.236s', 'busy': False}, 'acc2': {'recv_count': 0, 'last_event': 'send', 'wait': '0.000s', 'busy': True}, 'acc3': {'recv_count': 0, 'last_event': 'send', 'wait': '0.027s', 'busy': False}, 'acc4': {'recv_count': 0, 'last_event': 'send', 'wait': '0.979s', 'busy': False}, 'acc5': {'recv_count': 0, 'last_event': 'send', 'wait': '1.526s', 'busy': False}, 'acc6': {'recv_count': 0, 'last_event': 'send', 'wait': '0.507s', 'busy': False}}
2026-03-30 22:08:52 [DEBUG] __main__ — [transport:acc2] ws msg op=87 cmd=1
2026-03-30 22:08:52 [DEBUG] __main__ — [transport:acc2] jpeg-wrap raw=78 jpeg=724
2026-03-30 22:08:52 [DEBUG] __main__ — [tun] → 1 pkts  raw=66B  packed=67B
2026-03-30 22:08:52 [DEBUG] __main__ — [multi] выбор: acc3 (recv_count=0, last_event=send) | ready=['acc2', 'acc3'] | p1=['acc2', 'acc3'] | p2=[] | stats={'acc1': {'recv_count': 0, 'last_event': 'send', 'wait': '1.180s', 'busy': False}, 'acc2': {'recv_count': 0, 'last_event': 'send', 'wait': '0.000s', 'busy': False}, 'acc3': {'recv_count': 0, 'last_event': 'send', 'wait': '0.000s', 'busy': True}, 'acc4': {'recv_count': 0, 'last_event': 'send', 'wait': '0.923s', 'busy': False}, 'acc5': {'recv_count': 0, 'last_event': 'send', 'wait': '1.470s', 'busy': False}, 'acc6': {'recv_count': 0, 'last_event': 'send', 'wait': '0.451s', 'busy': False}}
2026-03-30 22:08:52 [DEBUG] __main__ — [transport:acc2] upload ok fileId=3055092248 size=78
2026-03-30 22:08:52 [DEBUG] __main__ — [transport:acc3] ws msg op=87 cmd=1
2026-03-30 22:08:52 [DEBUG] __main__ — [transport:acc3] jpeg-wrap raw=67 jpeg=713
2026-03-30 22:08:52 [DEBUG] __main__ — [transport:acc3] upload ok fileId=3056365386 size=67
2026-03-30 22:08:52 [DEBUG] __main__ — [transport:acc2] ws msg op=136 cmd=0
2026-03-30 22:08:52 [DEBUG] __main__ — [transport:acc3] ws msg op=136 cmd=0
2026-03-30 22:08:52 [DEBUG] __main__ — [tun] → 2 pkts  raw=254B  packed=142B
2026-03-30 22:08:52 [DEBUG] __main__ — [multi] все аккаунты заняты, ждём 0.271s
2026-03-30 22:08:52 [DEBUG] __main__ — [transport:acc2] ws msg op=64 cmd=1
2026-03-30 22:08:52 [DEBUG] __main__ — [transport:acc2] msg op=64 attaches=1
2026-03-30 22:08:52 [DEBUG] __main__ — [transport:acc2] skip own fileId=3055092248
2026-03-30 22:08:52 [DEBUG] __main__ — [transport:acc2] ws msg op=87 cmd=1
2026-03-30 22:08:52 [DEBUG] __main__ — [transport:acc2] jpeg-wrap raw=555 jpeg=1201
2026-03-30 22:08:52 [DEBUG] __main__ — [transport:acc3] ws msg op=64 cmd=1
2026-03-30 22:08:52 [DEBUG] __main__ — [transport:acc3] msg op=64 attaches=1
2026-03-30 22:08:52 [DEBUG] __main__ — [transport:acc3] skip own fileId=3056365386
2026-03-30 22:08:52 [DEBUG] __main__ — [transport:acc2] upload ok fileId=3057340936 size=555
2026-03-30 22:08:53 [DEBUG] __main__ — [multi] выбор: acc6 (recv_count=0, last_event=send) | ready=['acc6'] | p1=['acc6'] | p2=[] | stats={'acc1': {'recv_count': 0, 'last_event': 'send', 'wait': '0.728s', 'busy': False}, 'acc2': {'recv_count': 0, 'last_event': 'send', 'wait': '2.786s', 'busy': False}, 'acc3': {'recv_count': 0, 'last_event': 'send', 'wait': '2.602s', 'busy': False}, 'acc4': {'recv_count': 0, 'last_event': 'send', 'wait': '0.472s', 'busy': False}, 'acc5': {'recv_count': 0, 'last_event': 'send', 'wait': '1.018s', 'busy': False}, 'acc6': {'recv_count': 0, 'last_event': 'send', 'wait': '0.000s', 'busy': True}}
2026-03-30 22:08:53 [DEBUG] __main__ — [tun] → 2 pkts  raw=108B  packed=109B
2026-03-30 22:08:53 [DEBUG] __main__ — [multi] выбор: acc6 (recv_count=0, last_event=send) | ready=['acc6'] | p1=['acc6'] | p2=[] | stats={'acc1': {'recv_count': 0, 'last_event': 'send', 'wait': '0.728s', 'busy': False}, 'acc2': {'recv_count': 0, 'last_event': 'send', 'wait': '2.786s', 'busy': False}, 'acc3': {'recv_count': 0, 'last_event': 'send', 'wait': '2.602s', 'busy': False}, 'acc4': {'recv_count': 0, 'last_event': 'send', 'wait': '0.471s', 'busy': False}, 'acc5': {'recv_count': 0, 'last_event': 'send', 'wait': '1.018s', 'busy': False}, 'acc6': {'recv_count': 0, 'last_event': 'send', 'wait': '0.000s', 'busy': True}}
2026-03-30 22:08:53 [DEBUG] __main__ — [transport:acc2] ws msg op=136 cmd=0
2026-03-30 22:08:53 [DEBUG] __main__ — [transport:acc6] ws msg op=87 cmd=1
2026-03-30 22:08:53 [DEBUG] __main__ — [transport:acc6] jpeg-wrap raw=142 jpeg=788
2026-03-30 22:08:53 [DEBUG] __main__ — [transport:acc6] upload ok fileId=3058360082 size=142
2026-03-30 22:08:53 [DEBUG] __main__ — [transport:acc2] ws msg op=64 cmd=1
2026-03-30 22:08:53 [DEBUG] __main__ — [transport:acc2] msg op=64 attaches=1
2026-03-30 22:08:53 [DEBUG] __main__ — [transport:acc2] skip own fileId=3057340936
2026-03-30 22:08:53 [DEBUG] __main__ — [transport:acc6] ws msg op=136 cmd=0
2026-03-30 22:08:53 [DEBUG] __main__ — [transport:acc6] ws msg op=64 cmd=1
2026-03-30 22:08:53 [DEBUG] __main__ — [transport:acc6] msg op=64 attaches=1
2026-03-30 22:08:53 [DEBUG] __main__ — [transport:acc6] skip own fileId=3058360082
2026-03-30 22:08:53 [DEBUG] __main__ — [transport:acc6] ws msg op=87 cmd=1
2026-03-30 22:08:53 [DEBUG] __main__ — [transport:acc6] jpeg-wrap raw=109 jpeg=755
2026-03-30 22:08:53 [DEBUG] __main__ — [transport:acc6] upload ok fileId=3052566485 size=109
2026-03-30 22:08:53 [DEBUG] __main__ — [transport:acc6] ws msg op=136 cmd=0
2026-03-30 22:08:53 [DEBUG] __main__ — [transport:acc6] ws msg op=64 cmd=1
2026-03-30 22:08:53 [DEBUG] __main__ — [transport:acc6] msg op=64 attaches=1
2026-03-30 22:08:53 [DEBUG] __main__ — [transport:acc6] skip own fileId=3052566485
2026-03-30 22:08:53 [DEBUG] __main__ — [tun] → 1 pkts  raw=46B  packed=47B
2026-03-30 22:08:53 [DEBUG] __main__ — [multi] все аккаунты заняты, ждём 0.039s
2026-03-30 22:08:53 [DEBUG] __main__ — [multi] выбор: acc4 (recv_count=0, last_event=send) | ready=['acc4'] | p1=['acc4'] | p2=[] | stats={'acc1': {'recv_count': 0, 'last_event': 'send', 'wait': '0.256s', 'busy': False}, 'acc2': {'recv_count': 0, 'last_event': 'send', 'wait': '2.314s', 'busy': False}, 'acc3': {'recv_count': 0, 'last_event': 'send', 'wait': '2.130s', 'busy': False}, 'acc4': {'recv_count': 0, 'last_event': 'send', 'wait': '0.000s', 'busy': True}, 'acc5': {'recv_count': 0, 'last_event': 'send', 'wait': '0.546s', 'busy': False}, 'acc6': {'recv_count': 0, 'last_event': 'send', 'wait': '2.766s', 'busy': False}}
2026-03-30 22:08:53 [DEBUG] __main__ — [transport:acc4] ws msg op=87 cmd=1
2026-03-30 22:08:53 [DEBUG] __main__ — [transport:acc4] jpeg-wrap raw=47 jpeg=693
2026-03-30 22:08:53 [DEBUG] __main__ — [transport:acc4] upload ok fileId=3053685477 size=47
2026-03-30 22:08:53 [DEBUG] __main__ — [tun] → 1 pkts  raw=66B  packed=67B
2026-03-30 22:08:53 [DEBUG] __main__ — [multi] все аккаунты заняты, ждём 0.168s
2026-03-30 22:08:53 [DEBUG] __main__ — [multi] выбор: acc1 (recv_count=0, last_event=send) | ready=['acc1'] | p1=['acc1'] | p2=[] | stats={'acc1': {'recv_count': 0, 'last_event': 'send', 'wait': '0.000s', 'busy': True}, 'acc2': {'recv_count': 0, 'last_event': 'send', 'wait': '2.057s', 'busy': False}, 'acc3': {'recv_count': 0, 'last_event': 'send', 'wait': '1.874s', 'busy': False}, 'acc4': {'recv_count': 0, 'last_event': 'send', 'wait': '2.787s', 'busy': False}, 'acc5': {'recv_count': 0, 'last_event': 'send', 'wait': '0.290s', 'busy': False}, 'acc6': {'recv_count': 0, 'last_event': 'send', 'wait': '2.510s', 'busy': False}}
2026-03-30 22:08:53 [DEBUG] __main__ — [tun] → 1 pkts  raw=54B  packed=48B
2026-03-30 22:08:53 [DEBUG] __main__ — [multi] выбор: acc1 (recv_count=0, last_event=send) | ready=['acc1'] | p1=['acc1'] | p2=[] | stats={'acc1': {'recv_count': 0, 'last_event': 'send', 'wait': '0.000s', 'busy': True}, 'acc2': {'recv_count': 0, 'last_event': 'send', 'wait': '2.057s', 'busy': False}, 'acc3': {'recv_count': 0, 'last_event': 'send', 'wait': '1.873s', 'busy': False}, 'acc4': {'recv_count': 0, 'last_event': 'send', 'wait': '2.786s', 'busy': False}, 'acc5': {'recv_count': 0, 'last_event': 'send', 'wait': '0.289s', 'busy': False}, 'acc6': {'recv_count': 0, 'last_event': 'send', 'wait': '2.509s', 'busy': False}}
2026-03-30 22:08:53 [DEBUG] __main__ — [transport:acc1] ws msg op=87 cmd=1
2026-03-30 22:08:53 [DEBUG] __main__ — [transport:acc1] jpeg-wrap raw=67 jpeg=713
2026-03-30 22:08:53 [DEBUG] __main__ — [transport:acc1] upload ok fileId=3058751209 size=67
2026-03-30 22:08:53 [DEBUG] __main__ — [transport:acc4] ws msg op=136 cmd=0
2026-03-30 22:08:53 [DEBUG] __main__ — [transport:acc4] ws msg op=64 cmd=1
2026-03-30 22:08:53 [DEBUG] __main__ — [transport:acc4] msg op=64 attaches=1
2026-03-30 22:08:53 [DEBUG] __main__ — [transport:acc4] skip own fileId=3053685477
2026-03-30 22:08:53 [DEBUG] __main__ — [transport:acc1] ws msg op=136 cmd=0
2026-03-30 22:08:53 [DEBUG] __main__ — [transport:acc1] ws msg op=64 cmd=1
2026-03-30 22:08:53 [DEBUG] __main__ — [transport:acc1] msg op=64 attaches=1
2026-03-30 22:08:53 [DEBUG] __main__ — [transport:acc1] skip own fileId=3058751209
2026-03-30 22:08:53 [DEBUG] __main__ — [transport:acc1] ws msg op=87 cmd=1
2026-03-30 22:08:53 [DEBUG] __main__ — [transport:acc1] jpeg-wrap raw=48 jpeg=694
2026-03-30 22:08:54 [DEBUG] __main__ — [tun] → 1 pkts  raw=66B  packed=67B
2026-03-30 22:08:54 [DEBUG] __main__ — [multi] все аккаунты заняты, ждём 0.013s
2026-03-30 22:08:54 [DEBUG] __main__ — [multi] выбор: acc5 (recv_count=0, last_event=send) | ready=['acc5'] | p1=['acc5'] | p2=[] | stats={'acc1': {'recv_count': 0, 'last_event': 'send', 'wait': '2.770s', 'busy': False}, 'acc2': {'recv_count': 0, 'last_event': 'send', 'wait': '1.767s', 'busy': False}, 'acc3': {'recv_count': 0, 'last_event': 'send', 'wait': '1.584s', 'busy': False}, 'acc4': {'recv_count': 0, 'last_event': 'send', 'wait': '2.497s', 'busy': False}, 'acc5': {'recv_count': 0, 'last_event': 'send', 'wait': '0.000s', 'busy': True}, 'acc6': {'recv_count': 0, 'last_event': 'send', 'wait': '2.220s', 'busy': False}}
2026-03-30 22:08:54 [DEBUG] __main__ — [transport:acc1] upload ok fileId=3053595353 size=48
2026-03-30 22:08:54 [DEBUG] __main__ — [transport:acc5] ws msg op=87 cmd=1
2026-03-30 22:08:54 [DEBUG] __main__ — [transport:acc5] jpeg-wrap raw=67 jpeg=713
2026-03-30 22:08:54 [DEBUG] __main__ — [transport:acc1] ws msg op=136 cmd=0
2026-03-30 22:08:54 [DEBUG] __main__ — [transport:acc5] upload ok fileId=3061455625 size=67
2026-03-30 22:08:54 [DEBUG] __main__ — [transport:acc1] ws msg op=64 cmd=1
2026-03-30 22:08:54 [DEBUG] __main__ — [transport:acc1] msg op=64 attaches=1
2026-03-30 22:08:54 [DEBUG] __main__ — [transport:acc1] skip own fileId=3053595353
2026-03-30 22:08:54 [DEBUG] __main__ — [transport:acc5] ws msg op=136 cmd=0
2026-03-30 22:08:54 [DEBUG] __main__ — [transport:acc5] ws msg op=64 cmd=1
2026-03-30 22:08:54 [DEBUG] __main__ — [transport:acc5] msg op=64 attaches=1
2026-03-30 22:08:54 [DEBUG] __main__ — [transport:acc5] skip own fileId=3061455625
2026-03-30 22:08:54 [DEBUG] __main__ — [tun] → 1 pkts  raw=58B  packed=59B
2026-03-30 22:08:54 [DEBUG] __main__ — [multi] все аккаунты заняты, ждём 1.375s
2026-03-30 22:08:55 [DEBUG] __main__ — [multi] выбор: acc3 (recv_count=0, last_event=send) | ready=['acc3'] | p1=['acc3'] | p2=[] | stats={'acc1': {'recv_count': 0, 'last_event': 'send', 'wait': '1.416s', 'busy': False}, 'acc2': {'recv_count': 0, 'last_event': 'send', 'wait': '0.181s', 'busy': False}, 'acc3': {'recv_count': 0, 'last_event': 'send', 'wait': '0.000s', 'busy': True}, 'acc4': {'recv_count': 0, 'last_event': 'send', 'wait': '0.911s', 'busy': False}, 'acc5': {'recv_count': 0, 'last_event': 'send', 'wait': '1.469s', 'busy': False}, 'acc6': {'recv_count': 0, 'last_event': 'send', 'wait': '0.634s', 'busy': False}}
2026-03-30 22:08:55 [DEBUG] __main__ — [tun] → 7 pkts  raw=350B  packed=272B
2026-03-30 22:08:55 [DEBUG] __main__ — [multi] выбор: acc3 (recv_count=0, last_event=send) | ready=['acc3'] | p1=['acc3'] | p2=[] | stats={'acc1': {'recv_count': 0, 'last_event': 'send', 'wait': '1.415s', 'busy': False}, 'acc2': {'recv_count': 0, 'last_event': 'send', 'wait': '0.181s', 'busy': False}, 'acc3': {'recv_count': 0, 'last_event': 'send', 'wait': '0.000s', 'busy': True}, 'acc4': {'recv_count': 0, 'last_event': 'send', 'wait': '0.911s', 'busy': False}, 'acc5': {'recv_count': 0, 'last_event': 'send', 'wait': '1.469s', 'busy': False}, 'acc6': {'recv_count': 0, 'last_event': 'send', 'wait': '0.634s', 'busy': False}}
2026-03-30 22:08:55 [DEBUG] __main__ — [tun] → 1 pkts  raw=66B  packed=67B
2026-03-30 22:08:55 [DEBUG] __main__ — [multi] выбор: acc3 (recv_count=0, last_event=send) | ready=['acc3'] | p1=['acc3'] | p2=[] | stats={'acc1': {'recv_count': 0, 'last_event': 'send', 'wait': '1.414s', 'busy': False}, 'acc2': {'recv_count': 0, 'last_event': 'send', 'wait': '0.180s', 'busy': False}, 'acc3': {'recv_count': 0, 'last_event': 'send', 'wait': '0.000s', 'busy': True}, 'acc4': {'recv_count': 0, 'last_event': 'send', 'wait': '0.910s', 'busy': False}, 'acc5': {'recv_count': 0, 'last_event': 'send', 'wait': '1.468s', 'busy': False}, 'acc6': {'recv_count': 0, 'last_event': 'send', 'wait': '0.633s', 'busy': False}}
2026-03-30 22:08:55 [DEBUG] __main__ — [transport:acc3] ws msg op=87 cmd=1
2026-03-30 22:08:55 [DEBUG] __main__ — [transport:acc3] jpeg-wrap raw=59 jpeg=705
2026-03-30 22:08:55 [DEBUG] __main__ — [transport:acc3] upload ok fileId=3040991808 size=59
2026-03-30 22:08:55 [DEBUG] __main__ — [tun] → 1 pkts  raw=421B  packed=422B
2026-03-30 22:08:55 [DEBUG] __main__ — [multi] все аккаунты заняты, ждём 0.115s
2026-03-30 22:08:55 [DEBUG] __main__ — [multi] выбор: acc2 (recv_count=0, last_event=send) | ready=['acc2'] | p1=['acc2'] | p2=[] | stats={'acc1': {'recv_count': 0, 'last_event': 'send', 'wait': '1.233s', 'busy': False}, 'acc2': {'recv_count': 0, 'last_event': 'send', 'wait': '0.000s', 'busy': True}, 'acc3': {'recv_count': 0, 'last_event': 'send', 'wait': '2.878s', 'busy': False}, 'acc4': {'recv_count': 0, 'last_event': 'send', 'wait': '0.728s', 'busy': False}, 'acc5': {'recv_count': 0, 'last_event': 'send', 'wait': '1.287s', 'busy': False}, 'acc6': {'recv_count': 0, 'last_event': 'send', 'wait': '0.451s', 'busy': False}}
2026-03-30 22:08:55 [DEBUG] __main__ — [tun] → 1 pkts  raw=612B  packed=613B
2026-03-30 22:08:55 [DEBUG] __main__ — [multi] выбор: acc2 (recv_count=0, last_event=send) | ready=['acc2'] | p1=['acc2'] | p2=[] | stats={'acc1': {'recv_count': 0, 'last_event': 'send', 'wait': '1.233s', 'busy': False}, 'acc2': {'recv_count': 0, 'last_event': 'send', 'wait': '0.000s', 'busy': True}, 'acc3': {'recv_count': 0, 'last_event': 'send', 'wait': '2.878s', 'busy': False}, 'acc4': {'recv_count': 0, 'last_event': 'send', 'wait': '0.728s', 'busy': False}, 'acc5': {'recv_count': 0, 'last_event': 'send', 'wait': '1.287s', 'busy': False}, 'acc6': {'recv_count': 0, 'last_event': 'send', 'wait': '0.451s', 'busy': False}}
2026-03-30 22:08:55 [DEBUG] __main__ — [transport:acc3] ws msg op=136 cmd=0
2026-03-30 22:08:55 [DEBUG] __main__ — [transport:acc2] ws msg op=87 cmd=1
2026-03-30 22:08:55 [DEBUG] __main__ — [transport:acc2] jpeg-wrap raw=422 jpeg=1068
2026-03-30 22:08:55 [DEBUG] __main__ — [transport:acc2] upload ok fileId=3052895218 size=422
2026-03-30 22:08:55 [DEBUG] __main__ — [transport:acc3] ws msg op=64 cmd=1
2026-03-30 22:08:55 [DEBUG] __main__ — [transport:acc3] msg op=64 attaches=1
2026-03-30 22:08:55 [DEBUG] __main__ — [transport:acc3] skip own fileId=3040991808
2026-03-30 22:08:55 [DEBUG] __main__ — [transport:acc3] ws msg op=87 cmd=1
2026-03-30 22:08:55 [DEBUG] __main__ — [transport:acc3] jpeg-wrap raw=272 jpeg=918
2026-03-30 22:08:55 [DEBUG] __main__ — [transport:acc3] upload ok fileId=3047295332 size=272
2026-03-30 22:08:56 [DEBUG] __main__ — [transport:acc2] ws msg op=136 cmd=0
2026-03-30 22:08:56 [DEBUG] __main__ — [transport:acc2] ws msg op=64 cmd=1
2026-03-30 22:08:56 [DEBUG] __main__ — [transport:acc2] msg op=64 attaches=1
2026-03-30 22:08:56 [DEBUG] __main__ — [transport:acc2] skip own fileId=3052895218
2026-03-30 22:08:56 [DEBUG] __main__ — [transport:acc2] ws msg op=87 cmd=1
2026-03-30 22:08:56 [DEBUG] __main__ — [transport:acc2] jpeg-wrap raw=613 jpeg=1259
2026-03-30 22:08:56 [DEBUG] __main__ — [tun] → 1 pkts  raw=66B  packed=67B
2026-03-30 22:08:56 [DEBUG] __main__ — [multi] все аккаунты заняты, ждём 0.152s
2026-03-30 22:08:56 [DEBUG] __main__ — [transport:acc3] ws msg op=136 cmd=0
2026-03-30 22:08:56 [DEBUG] __main__ — [transport:acc2] upload ok fileId=3057202672 size=613
2026-03-30 22:08:56 [DEBUG] __main__ — [transport:acc3] ws msg op=64 cmd=1
2026-03-30 22:08:56 [DEBUG] __main__ — [transport:acc3] msg op=64 attaches=1
2026-03-30 22:08:56 [DEBUG] __main__ — [transport:acc3] skip own fileId=3047295332
2026-03-30 22:08:56 [DEBUG] __main__ — [transport:acc3] ws msg op=87 cmd=1
2026-03-30 22:08:56 [DEBUG] __main__ — [transport:acc3] jpeg-wrap raw=67 jpeg=713
2026-03-30 22:08:56 [DEBUG] __main__ — [transport:acc3] upload ok fileId=3057921361 size=67
2026-03-30 22:08:56 [DEBUG] __main__ — [multi] выбор: acc6 (recv_count=0, last_event=send) | ready=['acc6'] | p1=['acc6'] | p2=[] | stats={'acc1': {'recv_count': 0, 'last_event': 'send', 'wait': '0.781s', 'busy': False}, 'acc2': {'recv_count': 0, 'last_event': 'send', 'wait': '2.855s', 'busy': False}, 'acc3': {'recv_count': 0, 'last_event': 'send', 'wait': '2.944s', 'busy': False}, 'acc4': {'recv_count': 0, 'last_event': 'send', 'wait': '0.277s', 'busy': False}, 'acc5': {'recv_count': 0, 'last_event': 'send', 'wait': '0.835s', 'busy': False}, 'acc6': {'recv_count': 0, 'last_event': 'send', 'wait': '0.000s', 'busy': True}}
2026-03-30 22:08:56 [DEBUG] __main__ — [tun] → 2 pkts  raw=411B  packed=412B
2026-03-30 22:08:56 [DEBUG] __main__ — [multi] выбор: acc6 (recv_count=0, last_event=send) | ready=['acc6'] | p1=['acc6'] | p2=[] | stats={'acc1': {'recv_count': 0, 'last_event': 'send', 'wait': '0.781s', 'busy': False}, 'acc2': {'recv_count': 0, 'last_event': 'send', 'wait': '2.855s', 'busy': False}, 'acc3': {'recv_count': 0, 'last_event': 'send', 'wait': '2.944s', 'busy': False}, 'acc4': {'recv_count': 0, 'last_event': 'send', 'wait': '0.277s', 'busy': False}, 'acc5': {'recv_count': 0, 'last_event': 'send', 'wait': '0.835s', 'busy': False}, 'acc6': {'recv_count': 0, 'last_event': 'send', 'wait': '0.000s', 'busy': True}}
2026-03-30 22:08:56 [DEBUG] __main__ — [transport:acc6] ws msg op=87 cmd=1
2026-03-30 22:08:56 [DEBUG] __main__ — [transport:acc2] ws msg op=136 cmd=0
2026-03-30 22:08:56 [DEBUG] __main__ — [transport:acc6] jpeg-wrap raw=67 jpeg=713
2026-03-30 22:08:56 [DEBUG] __main__ — [transport:acc3] ws msg op=136 cmd=0
2026-03-30 22:08:56 [DEBUG] __main__ — [transport:acc6] upload ok fileId=3041622196 size=67
2026-03-30 22:08:56 [DEBUG] __main__ — [transport:acc2] ws msg op=64 cmd=1
2026-03-30 22:08:56 [DEBUG] __main__ — [transport:acc2] msg op=64 attaches=1
2026-03-30 22:08:56 [DEBUG] __main__ — [transport:acc2] skip own fileId=3057202672
2026-03-30 22:08:56 [DEBUG] __main__ — [transport:acc3] ws msg op=64 cmd=1
2026-03-30 22:08:56 [DEBUG] __main__ — [transport:acc3] msg op=64 attaches=1
2026-03-30 22:08:56 [DEBUG] __main__ — [transport:acc3] skip own fileId=3057921361
2026-03-30 22:08:56 [DEBUG] __main__ — [transport:acc6] ws msg op=136 cmd=0
2026-03-30 22:08:56 [DEBUG] __main__ — [transport:acc6] ws msg op=64 cmd=1
2026-03-30 22:08:56 [DEBUG] __main__ — [transport:acc6] msg op=64 attaches=1
2026-03-30 22:08:56 [DEBUG] __main__ — [transport:acc6] skip own fileId=3041622196
2026-03-30 22:08:56 [DEBUG] __main__ — [transport:acc6] ws msg op=87 cmd=1
2026-03-30 22:08:56 [DEBUG] __main__ — [transport:acc6] jpeg-wrap raw=412 jpeg=1058
2026-03-30 22:08:56 [DEBUG] __main__ — [transport:acc6] upload ok fileId=3058264437 size=412
2026-03-30 22:08:56 [DEBUG] __main__ — [tun] → 1 pkts  raw=46B  packed=47B
2026-03-30 22:08:56 [DEBUG] __main__ — [multi] все аккаунты заняты, ждём 0.012s
2026-03-30 22:08:56 [DEBUG] __main__ — [multi] выбор: acc4 (recv_count=0, last_event=send) | ready=['acc4'] | p1=['acc4'] | p2=[] | stats={'acc1': {'recv_count': 0, 'last_event': 'send', 'wait': '0.504s', 'busy': False}, 'acc2': {'recv_count': 0, 'last_event': 'send', 'wait': '2.577s', 'busy': False}, 'acc3': {'recv_count': 0, 'last_event': 'send', 'wait': '2.666s', 'busy': False}, 'acc4': {'recv_count': 0, 'last_event': 'send', 'wait': '0.000s', 'busy': True}, 'acc5': {'recv_count': 0, 'last_event': 'send', 'wait': '0.558s', 'busy': False}, 'acc6': {'recv_count': 0, 'last_event': 'send', 'wait': '2.949s', 'busy': False}}
2026-03-30 22:08:56 [DEBUG] __main__ — [transport:acc4] ws msg op=87 cmd=1
2026-03-30 22:08:56 [DEBUG] __main__ — [transport:acc4] jpeg-wrap raw=47 jpeg=693
2026-03-30 22:08:56 [DEBUG] __main__ — [transport:acc6] ws msg op=136 cmd=0
2026-03-30 22:08:56 [DEBUG] __main__ — [transport:acc4] upload ok fileId=3054152649 size=47
2026-03-30 22:08:56 [DEBUG] __main__ — [transport:acc6] ws msg op=64 cmd=1
2026-03-30 22:08:56 [DEBUG] __main__ — [transport:acc6] msg op=64 attaches=1
2026-03-30 22:08:56 [DEBUG] __main__ — [transport:acc6] skip own fileId=3058264437
2026-03-30 22:08:56 [DEBUG] __main__ — [tun] → 1 pkts  raw=66B  packed=67B
2026-03-30 22:08:56 [DEBUG] __main__ — [multi] все аккаунты заняты, ждём 0.388s
2026-03-30 22:08:56 [DEBUG] __main__ — [transport:acc4] ws msg op=136 cmd=0
2026-03-30 22:08:56 [DEBUG] __main__ — [transport:acc4] ws msg op=64 cmd=1
2026-03-30 22:08:56 [DEBUG] __main__ — [transport:acc4] msg op=64 attaches=1
2026-03-30 22:08:56 [DEBUG] __main__ — [transport:acc4] skip own fileId=3054152649
2026-03-30 22:08:57 [DEBUG] __main__ — [multi] выбор: acc1 (recv_count=0, last_event=send) | ready=['acc1'] | p1=['acc1'] | p2=[] | stats={'acc1': {'recv_count': 0, 'last_event': 'send', 'wait': '0.000s', 'busy': True}, 'acc2': {'recv_count': 0, 'last_event': 'send', 'wait': '2.072s', 'busy': False}, 'acc3': {'recv_count': 0, 'last_event': 'send', 'wait': '2.161s', 'busy': False}, 'acc4': {'recv_count': 0, 'last_event': 'send', 'wait': '2.546s', 'busy': False}, 'acc5': {'recv_count': 0, 'last_event': 'send', 'wait': '0.052s', 'busy': False}, 'acc6': {'recv_count': 0, 'last_event': 'send', 'wait': '2.444s', 'busy': False}}
2026-03-30 22:08:57 [DEBUG] __main__ — [transport:acc1] ws msg op=87 cmd=1
2026-03-30 22:08:57 [DEBUG] __main__ — [transport:acc1] jpeg-wrap raw=67 jpeg=713
2026-03-30 22:08:57 [DEBUG] __main__ — [transport:acc1] upload ok fileId=3039897543 size=67
2026-03-30 22:08:57 [DEBUG] __main__ — [tun] → 1 pkts  raw=66B  packed=67B
2026-03-30 22:08:57 [DEBUG] __main__ — [multi] выбор: acc5 (recv_count=0, last_event=send) | ready=['acc5'] | p1=['acc5'] | p2=[] | stats={'acc1': {'recv_count': 0, 'last_event': 'send', 'wait': '2.989s', 'busy': False}, 'acc2': {'recv_count': 0, 'last_event': 'send', 'wait': '2.008s', 'busy': False}, 'acc3': {'recv_count': 0, 'last_event': 'send', 'wait': '2.097s', 'busy': False}, 'acc4': {'recv_count': 0, 'last_event': 'send', 'wait': '2.481s', 'busy': False}, 'acc5': {'recv_count': 0, 'last_event': 'send', 'wait': '0.000s', 'busy': True}, 'acc6': {'recv_count': 0, 'last_event': 'send', 'wait': '2.379s', 'busy': False}}
2026-03-30 22:08:57 [DEBUG] __main__ — [transport:acc5] ws msg op=87 cmd=1
2026-03-30 22:08:57 [DEBUG] __main__ — [transport:acc5] jpeg-wrap raw=67 jpeg=713
2026-03-30 22:08:57 [DEBUG] __main__ — [transport:acc5] upload ok fileId=3036365059 size=67
2026-03-30 22:08:57 [DEBUG] __main__ — [tun] → 1 pkts  raw=66B  packed=67B
2026-03-30 22:08:57 [DEBUG] __main__ — [multi] все аккаунты заняты, ждём 1.944s
2026-03-30 22:08:57 [DEBUG] __main__ — [transport:acc1] ws msg op=136 cmd=0
2026-03-30 22:08:57 [DEBUG] __main__ — [transport:acc5] ws msg op=136 cmd=0
2026-03-30 22:08:57 [DEBUG] __main__ — [transport:acc1] ws msg op=64 cmd=1
2026-03-30 22:08:57 [DEBUG] __main__ — [transport:acc1] msg op=64 attaches=1
2026-03-30 22:08:57 [DEBUG] __main__ — [transport:acc1] skip own fileId=3039897543
2026-03-30 22:08:57 [DEBUG] __main__ — [transport:acc5] ws msg op=64 cmd=1
2026-03-30 22:08:57 [DEBUG] __main__ — [transport:acc5] msg op=64 attaches=1
2026-03-30 22:08:57 [DEBUG] __main__ — [transport:acc5] skip own fileId=3036365059
2026-03-30 22:08:59 [DEBUG] __main__ — [multi] выбор: acc2 (recv_count=0, last_event=send) | ready=['acc2'] | p1=['acc2'] | p2=[] | stats={'acc1': {'recv_count': 0, 'last_event': 'send', 'wait': '0.981s', 'busy': False}, 'acc2': {'recv_count': 0, 'last_event': 'send', 'wait': '0.000s', 'busy': True}, 'acc3': {'recv_count': 0, 'last_event': 'send', 'wait': '0.089s', 'busy': False}, 'acc4': {'recv_count': 0, 'last_event': 'send', 'wait': '0.474s', 'busy': False}, 'acc5': {'recv_count': 0, 'last_event': 'send', 'wait': '1.042s', 'busy': False}, 'acc6': {'recv_count': 0, 'last_event': 'send', 'wait': '0.372s', 'busy': False}}
2026-03-30 22:08:59 [DEBUG] __main__ — [tun] → 12 pkts  raw=864B  packed=495B
2026-03-30 22:08:59 [DEBUG] __main__ — [multi] выбор: acc2 (recv_count=0, last_event=send) | ready=['acc2'] | p1=['acc2'] | p2=[] | stats={'acc1': {'recv_count': 0, 'last_event': 'send', 'wait': '0.981s', 'busy': False}, 'acc2': {'recv_count': 0, 'last_event': 'send', 'wait': '0.000s', 'busy': True}, 'acc3': {'recv_count': 0, 'last_event': 'send', 'wait': '0.089s', 'busy': False}, 'acc4': {'recv_count': 0, 'last_event': 'send', 'wait': '0.473s', 'busy': False}, 'acc5': {'recv_count': 0, 'last_event': 'send', 'wait': '1.042s', 'busy': False}, 'acc6': {'recv_count': 0, 'last_event': 'send', 'wait': '0.371s', 'busy': False}}
2026-03-30 22:08:59 [DEBUG] __main__ — [tun] → 1 pkts  raw=66B  packed=67B
2026-03-30 22:08:59 [DEBUG] __main__ — [multi] выбор: acc3 (recv_count=0, last_event=send) | ready=['acc2', 'acc3'] | p1=['acc2', 'acc3'] | p2=[] | stats={'acc1': {'recv_count': 0, 'last_event': 'send', 'wait': '0.886s', 'busy': False}, 'acc2': {'recv_count': 0, 'last_event': 'send', 'wait': '0.000s', 'busy': False}, 'acc3': {'recv_count': 0, 'last_event': 'send', 'wait': '0.000s', 'busy': True}, 'acc4': {'recv_count': 0, 'last_event': 'send', 'wait': '0.378s', 'busy': False}, 'acc5': {'recv_count': 0, 'last_event': 'send', 'wait': '0.947s', 'busy': False}, 'acc6': {'recv_count': 0, 'last_event': 'send', 'wait': '0.276s', 'busy': False}}
2026-03-30 22:08:59 [DEBUG] __main__ — [tun] → 1 pkts  raw=66B  packed=67B
2026-03-30 22:08:59 [DEBUG] __main__ — [multi] выбор: acc2 (recv_count=0, last_event=send) | ready=['acc2', 'acc3'] | p1=['acc2', 'acc3'] | p2=[] | stats={'acc1': {'recv_count': 0, 'last_event': 'send', 'wait': '0.885s', 'busy': False}, 'acc2': {'recv_count': 0, 'last_event': 'send', 'wait': '0.000s', 'busy': True}, 'acc3': {'recv_count': 0, 'last_event': 'send', 'wait': '0.000s', 'busy': False}, 'acc4': {'recv_count': 0, 'last_event': 'send', 'wait': '0.377s', 'busy': False}, 'acc5': {'recv_count': 0, 'last_event': 'send', 'wait': '0.946s', 'busy': False}, 'acc6': {'recv_count': 0, 'last_event': 'send', 'wait': '0.275s', 'busy': False}}
2026-03-30 22:08:59 [DEBUG] __main__ — [tun] → 1 pkts  raw=66B  packed=67B
2026-03-30 22:08:59 [DEBUG] __main__ — [multi] выбор: acc3 (recv_count=0, last_event=send) | ready=['acc2', 'acc3'] | p1=['acc2', 'acc3'] | p2=[] | stats={'acc1': {'recv_count': 0, 'last_event': 'send', 'wait': '0.884s', 'busy': False}, 'acc2': {'recv_count': 0, 'last_event': 'send', 'wait': '0.000s', 'busy': False}, 'acc3': {'recv_count': 0, 'last_event': 'send', 'wait': '0.000s', 'busy': True}, 'acc4': {'recv_count': 0, 'last_event': 'send', 'wait': '0.377s', 'busy': False}, 'acc5': {'recv_count': 0, 'last_event': 'send', 'wait': '0.945s', 'busy': False}, 'acc6': {'recv_count': 0, 'last_event': 'send', 'wait': '0.275s', 'busy': False}}
2026-03-30 22:08:59 [DEBUG] __main__ — [transport:acc3] ws msg op=87 cmd=1
2026-03-30 22:08:59 [DEBUG] __main__ — [transport:acc3] jpeg-wrap raw=67 jpeg=713
2026-03-30 22:08:59 [DEBUG] __main__ — [transport:acc3] upload ok fileId=3060935483 size=67
2026-03-30 22:08:59 [DEBUG] __main__ — [tun] → 1 pkts  raw=77B  packed=78B
2026-03-30 22:08:59 [DEBUG] __main__ — [multi] выбор: acc2 (recv_count=0, last_event=send) | ready=['acc2'] | p1=['acc2'] | p2=[] | stats={'acc1': {'recv_count': 0, 'last_event': 'send', 'wait': '0.820s', 'busy': False}, 'acc2': {'recv_count': 0, 'last_event': 'send', 'wait': '0.000s', 'busy': True}, 'acc3': {'recv_count': 0, 'last_event': 'send', 'wait': '2.996s', 'busy': False}, 'acc4': {'recv_count': 0, 'last_event': 'send', 'wait': '0.312s', 'busy': False}, 'acc5': {'recv_count': 0, 'last_event': 'send', 'wait': '0.881s', 'busy': False}, 'acc6': {'recv_count': 0, 'last_event': 'send', 'wait': '0.210s', 'busy': False}}
2026-03-30 22:08:59 [DEBUG] __main__ — [transport:acc2] ws msg op=87 cmd=1
2026-03-30 22:08:59 [DEBUG] __main__ — [transport:acc2] jpeg-wrap raw=67 jpeg=713
2026-03-30 22:08:59 [DEBUG] __main__ — [transport:acc3] ws msg op=136 cmd=0
2026-03-30 22:08:59 [DEBUG] __main__ — [transport:acc2] upload ok fileId=3051351003 size=67
2026-03-30 22:08:59 [DEBUG] __main__ — [transport:acc3] ws msg op=64 cmd=1
2026-03-30 22:08:59 [DEBUG] __main__ — [transport:acc3] msg op=64 attaches=1
2026-03-30 22:08:59 [DEBUG] __main__ — [transport:acc3] skip own fileId=3060935483
2026-03-30 22:08:59 [DEBUG] __main__ — [transport:acc3] ws msg op=87 cmd=1
2026-03-30 22:08:59 [DEBUG] __main__ — [transport:acc3] jpeg-wrap raw=67 jpeg=713
2026-03-30 22:08:59 [DEBUG] __main__ — [transport:acc3] upload ok fileId=3051405341 size=67
2026-03-30 22:08:59 [DEBUG] __main__ — [transport:acc2] ws msg op=136 cmd=0
2026-03-30 22:08:59 [DEBUG] __main__ — [transport:acc2] ws msg op=64 cmd=1
2026-03-30 22:08:59 [DEBUG] __main__ — [transport:acc2] msg op=64 attaches=1
2026-03-30 22:08:59 [DEBUG] __main__ — [transport:acc2] skip own fileId=3051351003
2026-03-30 22:08:59 [DEBUG] __main__ — [transport:acc2] ws msg op=87 cmd=1
2026-03-30 22:08:59 [DEBUG] __main__ — [transport:acc2] jpeg-wrap raw=495 jpeg=1141
2026-03-30 22:08:59 [DEBUG] __main__ — [transport:acc3] ws msg op=136 cmd=0
2026-03-30 22:08:59 [DEBUG] __main__ — [transport:acc2] upload ok fileId=3048806547 size=495
2026-03-30 22:08:59 [DEBUG] __main__ — [transport:acc3] ws msg op=64 cmd=1
2026-03-30 22:08:59 [DEBUG] __main__ — [transport:acc3] msg op=64 attaches=1
2026-03-30 22:08:59 [DEBUG] __main__ — [transport:acc3] skip own fileId=3051405341
2026-03-30 22:08:59 [DEBUG] __main__ — [transport:acc2] ws msg op=136 cmd=0
2026-03-30 22:08:59 [DEBUG] __main__ — [tun] → 1 pkts  raw=66B  packed=67B
2026-03-30 22:08:59 [DEBUG] __main__ — [multi] выбор: acc6 (recv_count=0, last_event=send) | ready=['acc4', 'acc6'] | p1=['acc4', 'acc6'] | p2=[] | stats={'acc1': {'recv_count': 0, 'last_event': 'send', 'wait': '0.366s', 'busy': False}, 'acc2': {'recv_count': 0, 'last_event': 'send', 'wait': '2.887s', 'busy': False}, 'acc3': {'recv_count': 0, 'last_event': 'send', 'wait': '2.758s', 'busy': False}, 'acc4': {'recv_count': 0, 'last_event': 'send', 'wait': '0.000s', 'busy': False}, 'acc5': {'recv_count': 0, 'last_event': 'send', 'wait': '0.427s', 'busy': False}, 'acc6': {'recv_count': 0, 'last_event': 'send', 'wait': '0.000s', 'busy': True}}
2026-03-30 22:08:59 [DEBUG] __main__ — [transport:acc6] ws msg op=87 cmd=1
2026-03-30 22:08:59 [DEBUG] __main__ — [transport:acc6] jpeg-wrap raw=67 jpeg=713
2026-03-30 22:08:59 [DEBUG] __main__ — [transport:acc6] upload ok fileId=3058543682 size=67
2026-03-30 22:08:59 [DEBUG] __main__ — [transport:acc2] ws msg op=64 cmd=1
2026-03-30 22:08:59 [DEBUG] __main__ — [transport:acc2] msg op=64 attaches=1
2026-03-30 22:08:59 [DEBUG] __main__ — [transport:acc2] skip own fileId=3048806547
2026-03-30 22:08:59 [DEBUG] __main__ — [transport:acc2] ws msg op=87 cmd=1
2026-03-30 22:08:59 [DEBUG] __main__ — [transport:acc2] jpeg-wrap raw=67 jpeg=713
2026-03-30 22:08:59 [DEBUG] __main__ — [tun] → 1 pkts  raw=77B  packed=78B
2026-03-30 22:08:59 [DEBUG] __main__ — [multi] выбор: acc4 (recv_count=0, last_event=send) | ready=['acc4'] | p1=['acc4'] | p2=[] | stats={'acc1': {'recv_count': 0, 'last_event': 'send', 'wait': '0.302s', 'busy': False}, 'acc2': {'recv_count': 0, 'last_event': 'send', 'wait': '2.822s', 'busy': False}, 'acc3': {'recv_count': 0, 'last_event': 'send', 'wait': '2.694s', 'busy': False}, 'acc4': {'recv_count': 0, 'last_event': 'send', 'wait': '0.000s', 'busy': True}, 'acc5': {'recv_count': 0, 'last_event': 'send', 'wait': '0.363s', 'busy': False}, 'acc6': {'recv_count': 0, 'last_event': 'send', 'wait': '2.973s', 'busy': False}}
2026-03-30 22:08:59 [DEBUG] __main__ — [transport:acc2] upload ok fileId=3053895267 size=67
2026-03-30 22:08:59 [DEBUG] __main__ — [transport:acc4] ws msg op=87 cmd=1
2026-03-30 22:08:59 [DEBUG] __main__ — [transport:acc4] jpeg-wrap raw=78 jpeg=724
2026-03-30 22:08:59 [DEBUG] __main__ — [transport:acc4] upload ok fileId=3061972610 size=78
2026-03-30 22:08:59 [DEBUG] __main__ — [transport:acc6] ws msg op=136 cmd=0
2026-03-30 22:08:59 [DEBUG] __main__ — [transport:acc6] ws msg op=64 cmd=1
2026-03-30 22:08:59 [DEBUG] __main__ — [transport:acc6] msg op=64 attaches=1
2026-03-30 22:08:59 [DEBUG] __main__ — [transport:acc6] skip own fileId=3058543682
2026-03-30 22:08:59 [DEBUG] __main__ — [transport:acc2] ws msg op=136 cmd=0
2026-03-30 22:08:59 [DEBUG] __main__ — [transport:acc2] ws msg op=64 cmd=1
2026-03-30 22:08:59 [DEBUG] __main__ — [transport:acc2] msg op=64 attaches=1
2026-03-30 22:08:59 [DEBUG] __main__ — [transport:acc2] skip own fileId=3053895267
2026-03-30 22:08:59 [DEBUG] __main__ — [transport:acc2] ws msg op=87 cmd=1
2026-03-30 22:08:59 [DEBUG] __main__ — [transport:acc2] jpeg-wrap raw=78 jpeg=724
2026-03-30 22:09:00 [DEBUG] __main__ — [transport:acc2] upload ok fileId=3051039525 size=78
2026-03-30 22:09:00 [DEBUG] __main__ — [tun] → 1 pkts  raw=66B  packed=67B
2026-03-30 22:09:00 [DEBUG] __main__ — [multi] все аккаунты заняты, ждём 0.048s
2026-03-30 22:09:00 [DEBUG] __main__ — [multi] выбор: acc1 (recv_count=0, last_event=send) | ready=['acc1'] | p1=['acc1'] | p2=[] | stats={'acc1': {'recv_count': 0, 'last_event': 'send', 'wait': '0.000s', 'busy': True}, 'acc2': {'recv_count': 0, 'last_event': 'send', 'wait': '2.919s', 'busy': False}, 'acc3': {'recv_count': 0, 'last_event': 'send', 'wait': '2.392s', 'busy': False}, 'acc4': {'recv_count': 0, 'last_event': 'send', 'wait': '2.744s', 'busy': False}, 'acc5': {'recv_count': 0, 'last_event': 'send', 'wait': '0.060s', 'busy': False}, 'acc6': {'recv_count': 0, 'last_event': 'send', 'wait': '2.670s', 'busy': False}}
2026-03-30 22:09:00 [DEBUG] __main__ — [transport:acc1] ws msg op=87 cmd=1
2026-03-30 22:09:00 [DEBUG] __main__ — [transport:acc1] jpeg-wrap raw=67 jpeg=713
2026-03-30 22:09:00 [DEBUG] __main__ — [transport:acc2] ws msg op=136 cmd=0
2026-03-30 22:09:00 [DEBUG] __main__ — [tun] → 1 pkts  raw=58B  packed=59B
2026-03-30 22:09:00 [DEBUG] __main__ — [multi] выбор: acc1 (recv_count=0, last_event=send) | ready=['acc1'] | p1=['acc1'] | p2=[] | stats={'acc1': {'recv_count': 0, 'last_event': 'send', 'wait': '0.000s', 'busy': True}, 'acc2': {'recv_count': 0, 'last_event': 'send', 'wait': '2.883s', 'busy': False}, 'acc3': {'recv_count': 0, 'last_event': 'send', 'wait': '2.356s', 'busy': False}, 'acc4': {'recv_count': 0, 'last_event': 'send', 'wait': '2.709s', 'busy': False}, 'acc5': {'recv_count': 0, 'last_event': 'send', 'wait': '0.025s', 'busy': False}, 'acc6': {'recv_count': 0, 'last_event': 'send', 'wait': '2.635s', 'busy': False}}
2026-03-30 22:09:00 [DEBUG] __main__ — [transport:acc1] upload ok fileId=3051463856 size=67
2026-03-30 22:09:00 [DEBUG] __main__ — [tun] → 1 pkts  raw=58B  packed=59B
2026-03-30 22:09:00 [DEBUG] __main__ — [multi] выбор: acc5 (recv_count=0, last_event=send) | ready=['acc5'] | p1=['acc5'] | p2=[] | stats={'acc1': {'recv_count': 0, 'last_event': 'send', 'wait': '2.989s', 'busy': False}, 'acc2': {'recv_count': 0, 'last_event': 'send', 'wait': '2.850s', 'busy': False}, 'acc3': {'recv_count': 0, 'last_event': 'send', 'wait': '2.323s', 'busy': False}, 'acc4': {'recv_count': 0, 'last_event': 'send', 'wait': '2.676s', 'busy': False}, 'acc5': {'recv_count': 0, 'last_event': 'send', 'wait': '0.000s', 'busy': True}, 'acc6': {'recv_count': 0, 'last_event': 'send', 'wait': '2.602s', 'busy': False}}
2026-03-30 22:09:00 [DEBUG] __main__ — [transport:acc2] ws msg op=64 cmd=1
2026-03-30 22:09:00 [DEBUG] __main__ — [transport:acc2] msg op=64 attaches=1
2026-03-30 22:09:00 [DEBUG] __main__ — [transport:acc2] skip own fileId=3051039525
2026-03-30 22:09:00 [DEBUG] __main__ — [transport:acc4] ws msg op=136 cmd=0
2026-03-30 22:09:00 [DEBUG] __main__ — [transport:acc5] ws msg op=87 cmd=1
2026-03-30 22:09:00 [DEBUG] __main__ — [transport:acc5] jpeg-wrap raw=59 jpeg=705
2026-03-30 22:09:00 [DEBUG] __main__ — [transport:acc5] upload ok fileId=3058392053 size=59
2026-03-30 22:09:00 [DEBUG] __main__ — [transport:acc4] ws msg op=64 cmd=1
2026-03-30 22:09:00 [DEBUG] __main__ — [transport:acc4] msg op=64 attaches=1
2026-03-30 22:09:00 [DEBUG] __main__ — [transport:acc4] skip own fileId=3061972610
2026-03-30 22:09:00 [DEBUG] __main__ — [tun] → 1 pkts  raw=66B  packed=67B
2026-03-30 22:09:00 [DEBUG] __main__ — [multi] все аккаунты заняты, ждём 2.249s
2026-03-30 22:09:00 [DEBUG] __main__ — [transport:acc1] ws msg op=136 cmd=0
2026-03-30 22:09:00 [DEBUG] __main__ — [transport:acc1] ws msg op=64 cmd=1
2026-03-30 22:09:00 [DEBUG] __main__ — [transport:acc1] msg op=64 attaches=1
2026-03-30 22:09:00 [DEBUG] __main__ — [transport:acc1] skip own fileId=3051463856
2026-03-30 22:09:00 [DEBUG] __main__ — [transport:acc1] ws msg op=87 cmd=1
2026-03-30 22:09:00 [DEBUG] __main__ — [transport:acc1] jpeg-wrap raw=59 jpeg=705
2026-03-30 22:09:00 [DEBUG] __main__ — [transport:acc5] ws msg op=136 cmd=0
2026-03-30 22:09:00 [DEBUG] __main__ — [transport:acc1] upload ok fileId=3059432589 size=59
2026-03-30 22:09:00 [DEBUG] __main__ — [transport:acc5] ws msg op=64 cmd=1
2026-03-30 22:09:00 [DEBUG] __main__ — [transport:acc5] msg op=64 attaches=1
2026-03-30 22:09:00 [DEBUG] __main__ — [transport:acc5] skip own fileId=3058392053
2026-03-30 22:09:00 [DEBUG] __main__ — [transport:acc1] ws msg op=136 cmd=0
2026-03-30 22:09:00 [DEBUG] __main__ — [transport:acc1] ws msg op=64 cmd=1
2026-03-30 22:09:00 [DEBUG] __main__ — [transport:acc1] msg op=64 attaches=1
2026-03-30 22:09:00 [DEBUG] __main__ — [transport:acc1] skip own fileId=3059432589
2026-03-30 22:09:02 [DEBUG] __main__ — [multi] выбор: acc3 (recv_count=0, last_event=send) | ready=['acc3'] | p1=['acc3'] | p2=[] | stats={'acc1': {'recv_count': 0, 'last_event': 'send', 'wait': '0.866s', 'busy': False}, 'acc2': {'recv_count': 0, 'last_event': 'send', 'wait': '0.527s', 'busy': False}, 'acc3': {'recv_count': 0, 'last_event': 'send', 'wait': '0.000s', 'busy': True}, 'acc4': {'recv_count': 0, 'last_event': 'send', 'wait': '0.352s', 'busy': False}, 'acc5': {'recv_count': 0, 'last_event': 'send', 'wait': '0.740s', 'busy': False}, 'acc6': {'recv_count': 0, 'last_event': 'send', 'wait': '0.278s', 'busy': False}}
2026-03-30 22:09:02 [DEBUG] __main__ — [tun] → 37 pkts  raw=2533B  packed=1426B
2026-03-30 22:09:02 [DEBUG] __main__ — [multi] выбор: acc3 (recv_count=0, last_event=send) | ready=['acc3'] | p1=['acc3'] | p2=[] | stats={'acc1': {'recv_count': 0, 'last_event': 'send', 'wait': '0.866s', 'busy': False}, 'acc2': {'recv_count': 0, 'last_event': 'send', 'wait': '0.526s', 'busy': False}, 'acc3': {'recv_count': 0, 'last_event': 'send', 'wait': '0.000s', 'busy': True}, 'acc4': {'recv_count': 0, 'last_event': 'send', 'wait': '0.352s', 'busy': False}, 'acc5': {'recv_count': 0, 'last_event': 'send', 'wait': '0.740s', 'busy': False}, 'acc6': {'recv_count': 0, 'last_event': 'send', 'wait': '0.278s', 'busy': False}}
2026-03-30 22:09:02 [DEBUG] __main__ — [tun] → 1 pkts  raw=66B  packed=67B
2026-03-30 22:09:02 [DEBUG] __main__ — [multi] выбор: acc3 (recv_count=0, last_event=send) | ready=['acc3'] | p1=['acc3'] | p2=[] | stats={'acc1': {'recv_count': 0, 'last_event': 'send', 'wait': '0.815s', 'busy': False}, 'acc2': {'recv_count': 0, 'last_event': 'send', 'wait': '0.475s', 'busy': False}, 'acc3': {'recv_count': 0, 'last_event': 'send', 'wait': '0.000s', 'busy': True}, 'acc4': {'recv_count': 0, 'last_event': 'send', 'wait': '0.301s', 'busy': False}, 'acc5': {'recv_count': 0, 'last_event': 'send', 'wait': '0.689s', 'busy': False}, 'acc6': {'recv_count': 0, 'last_event': 'send', 'wait': '0.227s', 'busy': False}}
2026-03-30 22:09:02 [DEBUG] __main__ — [tun] → 1 pkts  raw=66B  packed=67B
2026-03-30 22:09:02 [DEBUG] __main__ — [multi] выбор: acc3 (recv_count=0, last_event=send) | ready=['acc3'] | p1=['acc3'] | p2=[] | stats={'acc1': {'recv_count': 0, 'last_event': 'send', 'wait': '0.815s', 'busy': False}, 'acc2': {'recv_count': 0, 'last_event': 'send', 'wait': '0.475s', 'busy': False}, 'acc3': {'recv_count': 0, 'last_event': 'send', 'wait': '0.000s', 'busy': True}, 'acc4': {'recv_count': 0, 'last_event': 'send', 'wait': '0.301s', 'busy': False}, 'acc5': {'recv_count': 0, 'last_event': 'send', 'wait': '0.689s', 'busy': False}, 'acc6': {'recv_count': 0, 'last_event': 'send', 'wait': '0.227s', 'busy': False}}
2026-03-30 22:09:02 [DEBUG] __main__ — [transport:acc3] ws msg op=87 cmd=1
2026-03-30 22:09:02 [DEBUG] __main__ — [transport:acc3] jpeg-wrap raw=67 jpeg=713
2026-03-30 22:09:02 [DEBUG] __main__ — [tun] → 1 pkts  raw=66B  packed=67B
2026-03-30 22:09:02 [DEBUG] __main__ — [multi] выбор: acc3 (recv_count=0, last_event=send) | ready=['acc3'] | p1=['acc3'] | p2=[] | stats={'acc1': {'recv_count': 0, 'last_event': 'send', 'wait': '0.804s', 'busy': False}, 'acc2': {'recv_count': 0, 'last_event': 'send', 'wait': '0.464s', 'busy': False}, 'acc3': {'recv_count': 0, 'last_event': 'send', 'wait': '0.000s', 'busy': True}, 'acc4': {'recv_count': 0, 'last_event': 'send', 'wait': '0.290s', 'busy': False}, 'acc5': {'recv_count': 0, 'last_event': 'send', 'wait': '0.678s', 'busy': False}, 'acc6': {'recv_count': 0, 'last_event': 'send', 'wait': '0.216s', 'busy': False}}
2026-03-30 22:09:02 [DEBUG] __main__ — [tun] → 1 pkts  raw=66B  packed=67B
2026-03-30 22:09:02 [DEBUG] __main__ — [multi] выбор: acc3 (recv_count=0, last_event=send) | ready=['acc3'] | p1=['acc3'] | p2=[] | stats={'acc1': {'recv_count': 0, 'last_event': 'send', 'wait': '0.793s', 'busy': False}, 'acc2': {'recv_count': 0, 'last_event': 'send', 'wait': '0.453s', 'busy': False}, 'acc3': {'recv_count': 0, 'last_event': 'send', 'wait': '0.000s', 'busy': True}, 'acc4': {'recv_count': 0, 'last_event': 'send', 'wait': '0.279s', 'busy': False}, 'acc5': {'recv_count': 0, 'last_event': 'send', 'wait': '0.667s', 'busy': False}, 'acc6': {'recv_count': 0, 'last_event': 'send', 'wait': '0.205s', 'busy': False}}
2026-03-30 22:09:02 [DEBUG] __main__ — [transport:acc3] upload ok fileId=3054461451 size=67
2026-03-30 22:09:02 [DEBUG] __main__ — [tun] → 1 pkts  raw=286B  packed=287B
2026-03-30 22:09:02 [DEBUG] __main__ — [multi] все аккаунты заняты, ждём 0.132s
2026-03-30 22:09:02 [DEBUG] __main__ — [transport:acc3] ws msg op=136 cmd=0
2026-03-30 22:09:02 [DEBUG] __main__ — [transport:acc3] ws msg op=64 cmd=1
2026-03-30 22:09:02 [DEBUG] __main__ — [transport:acc3] msg op=64 attaches=1
2026-03-30 22:09:02 [DEBUG] __main__ — [transport:acc3] skip own fileId=3054461451
2026-03-30 22:09:02 [DEBUG] __main__ — [transport:acc3] ws msg op=87 cmd=1
2026-03-30 22:09:02 [DEBUG] __main__ — [transport:acc3] jpeg-wrap raw=1426 jpeg=2072
2026-03-30 22:09:02 [DEBUG] __main__ — [multi] выбор: acc6 (recv_count=0, last_event=send) | ready=['acc6'] | p1=['acc6'] | p2=[] | stats={'acc1': {'recv_count': 0, 'last_event': 'send', 'wait': '0.587s', 'busy': False}, 'acc2': {'recv_count': 0, 'last_event': 'send', 'wait': '0.248s', 'busy': False}, 'acc3': {'recv_count': 0, 'last_event': 'send', 'wait': '2.812s', 'busy': False}, 'acc4': {'recv_count': 0, 'last_event': 'send', 'wait': '0.074s', 'busy': False}, 'acc5': {'recv_count': 0, 'last_event': 'send', 'wait': '0.461s', 'busy': False}, 'acc6': {'recv_count': 0, 'last_event': 'send', 'wait': '0.000s', 'busy': True}}
2026-03-30 22:09:02 [DEBUG] __main__ — [transport:acc6] ws msg op=87 cmd=1
2026-03-30 22:09:02 [DEBUG] __main__ — [transport:acc6] jpeg-wrap raw=287 jpeg=933
2026-03-30 22:09:02 [DEBUG] __main__ — [tun] → 1 pkts  raw=58B  packed=59B
2026-03-30 22:09:02 [DEBUG] __main__ — [multi] выбор: acc6 (recv_count=0, last_event=send) | ready=['acc6'] | p1=['acc6'] | p2=[] | stats={'acc1': {'recv_count': 0, 'last_event': 'send', 'wait': '0.560s', 'busy': False}, 'acc2': {'recv_count': 0, 'last_event': 'send', 'wait': '0.220s', 'busy': False}, 'acc3': {'recv_count': 0, 'last_event': 'send', 'wait': '2.785s', 'busy': False}, 'acc4': {'recv_count': 0, 'last_event': 'send', 'wait': '0.046s', 'busy': False}, 'acc5': {'recv_count': 0, 'last_event': 'send', 'wait': '0.434s', 'busy': False}, 'acc6': {'recv_count': 0, 'last_event': 'send', 'wait': '0.000s', 'busy': True}}
2026-03-30 22:09:02 [DEBUG] __main__ — [transport:acc3] upload ok fileId=3041266180 size=1426
2026-03-30 22:09:02 [DEBUG] __main__ — [transport:acc6] upload ok fileId=3055031327 size=287
2026-03-30 22:09:02 [DEBUG] __main__ — [tun] → 1 pkts  raw=54B  packed=48B
2026-03-30 22:09:02 [DEBUG] __main__ — [multi] выбор: acc4 (recv_count=0, last_event=send) | ready=['acc4'] | p1=['acc4'] | p2=[] | stats={'acc1': {'recv_count': 0, 'last_event': 'send', 'wait': '0.496s', 'busy': False}, 'acc2': {'recv_count': 0, 'last_event': 'send', 'wait': '0.156s', 'busy': False}, 'acc3': {'recv_count': 0, 'last_event': 'send', 'wait': '2.942s', 'busy': False}, 'acc4': {'recv_count': 0, 'last_event': 'send', 'wait': '0.000s', 'busy': True}, 'acc5': {'recv_count': 0, 'last_event': 'send', 'wait': '0.370s', 'busy': False}, 'acc6': {'recv_count': 0, 'last_event': 'send', 'wait': '2.967s', 'busy': False}}
2026-03-30 22:09:02 [DEBUG] __main__ — [transport:acc4] ws msg op=87 cmd=1
2026-03-30 22:09:02 [DEBUG] __main__ — [transport:acc4] jpeg-wrap raw=48 jpeg=694
2026-03-30 22:09:02 [DEBUG] __main__ — [transport:acc4] upload ok fileId=3051609979 size=48
2026-03-30 22:09:02 [DEBUG] __main__ — [transport:acc4] ws msg op=136 cmd=0
2026-03-30 22:09:02 [DEBUG] __main__ — [transport:acc6] ws msg op=136 cmd=0
2026-03-30 22:09:02 [DEBUG] __main__ — [transport:acc3] ws msg op=136 cmd=0
2026-03-30 22:09:02 [DEBUG] __main__ — [transport:acc4] ws msg op=64 cmd=1
2026-03-30 22:09:02 [DEBUG] __main__ — [transport:acc4] msg op=64 attaches=1
2026-03-30 22:09:02 [DEBUG] __main__ — [transport:acc4] skip own fileId=3051609979
2026-03-30 22:09:02 [DEBUG] __main__ — [transport:acc6] ws msg op=64 cmd=1
2026-03-30 22:09:02 [DEBUG] __main__ — [transport:acc6] msg op=64 attaches=1
2026-03-30 22:09:02 [DEBUG] __main__ — [transport:acc6] skip own fileId=3055031327
2026-03-30 22:09:03 [DEBUG] __main__ — [transport:acc3] ws msg op=64 cmd=1
2026-03-30 22:09:03 [DEBUG] __main__ — [transport:acc3] msg op=64 attaches=1
2026-03-30 22:09:03 [DEBUG] __main__ — [transport:acc3] skip own fileId=3041266180
2026-03-30 22:09:03 [DEBUG] __main__ — [transport:acc6] ws msg op=87 cmd=1
2026-03-30 22:09:03 [DEBUG] __main__ — [transport:acc6] jpeg-wrap raw=59 jpeg=705
2026-03-30 22:09:03 [DEBUG] __main__ — [transport:acc3] ws msg op=87 cmd=1
2026-03-30 22:09:03 [DEBUG] __main__ — [transport:acc3] jpeg-wrap raw=67 jpeg=713
2026-03-30 22:09:03 [DEBUG] __main__ — [tun] → 1 pkts  raw=286B  packed=287B
2026-03-30 22:09:03 [DEBUG] __main__ — [multi] выбор: acc2 (recv_count=0, last_event=send) | ready=['acc2'] | p1=['acc2'] | p2=[] | stats={'acc1': {'recv_count': 0, 'last_event': 'send', 'wait': '0.328s', 'busy': False}, 'acc2': {'recv_count': 0, 'last_event': 'send', 'wait': '0.000s', 'busy': True}, 'acc3': {'recv_count': 0, 'last_event': 'send', 'wait': '2.774s', 'busy': False}, 'acc4': {'recv_count': 0, 'last_event': 'send', 'wait': '2.876s', 'busy': False}, 'acc5': {'recv_count': 0, 'last_event': 'send', 'wait': '0.202s', 'busy': False}, 'acc6': {'recv_count': 0, 'last_event': 'send', 'wait': '2.799s', 'busy': False}}
2026-03-30 22:09:03 [DEBUG] __main__ — [transport:acc2] ws msg op=87 cmd=1
2026-03-30 22:09:03 [DEBUG] __main__ — [transport:acc2] jpeg-wrap raw=287 jpeg=933
2026-03-30 22:09:03 [DEBUG] __main__ — [transport:acc6] upload ok fileId=3056637180 size=59
2026-03-30 22:09:03 [DEBUG] __main__ — [transport:acc3] upload ok fileId=3055859985 size=67
2026-03-30 22:09:03 [DEBUG] __main__ — [transport:acc2] upload ok fileId=3056811810 size=287
2026-03-30 22:09:03 [DEBUG] __main__ — [tun] → 1 pkts  raw=66B  packed=67B
2026-03-30 22:09:03 [DEBUG] __main__ — [multi] все аккаунты заняты, ждём 0.107s
2026-03-30 22:09:03 [DEBUG] __main__ — [transport:acc6] ws msg op=136 cmd=0
2026-03-30 22:09:03 [DEBUG] __main__ — [transport:acc3] ws msg op=136 cmd=0
2026-03-30 22:09:03 [DEBUG] __main__ — [transport:acc2] ws msg op=136 cmd=0
2026-03-30 22:09:03 [DEBUG] __main__ — [multi] выбор: acc5 (recv_count=0, last_event=send) | ready=['acc5'] | p1=['acc5'] | p2=[] | stats={'acc1': {'recv_count': 0, 'last_event': 'send', 'wait': '0.126s', 'busy': False}, 'acc2': {'recv_count': 0, 'last_event': 'send', 'wait': '2.868s', 'busy': False}, 'acc3': {'recv_count': 0, 'last_event': 'send', 'wait': '2.839s', 'busy': False}, 'acc4': {'recv_count': 0, 'last_event': 'send', 'wait': '2.674s', 'busy': False}, 'acc5': {'recv_count': 0, 'last_event': 'send', 'wait': '0.000s', 'busy': True}, 'acc6': {'recv_count': 0, 'last_event': 'send', 'wait': '2.818s', 'busy': False}}
2026-03-30 22:09:03 [DEBUG] __main__ — [tun] → 1 pkts  raw=66B  packed=67B
2026-03-30 22:09:03 [DEBUG] __main__ — [multi] выбор: acc5 (recv_count=0, last_event=send) | ready=['acc5'] | p1=['acc5'] | p2=[] | stats={'acc1': {'recv_count': 0, 'last_event': 'send', 'wait': '0.126s', 'busy': False}, 'acc2': {'recv_count': 0, 'last_event': 'send', 'wait': '2.868s', 'busy': False}, 'acc3': {'recv_count': 0, 'last_event': 'send', 'wait': '2.839s', 'busy': False}, 'acc4': {'recv_count': 0, 'last_event': 'send', 'wait': '2.674s', 'busy': False}, 'acc5': {'recv_count': 0, 'last_event': 'send', 'wait': '0.000s', 'busy': True}, 'acc6': {'recv_count': 0, 'last_event': 'send', 'wait': '2.818s', 'busy': False}}
2026-03-30 22:09:03 [DEBUG] __main__ — [transport:acc5] ws msg op=87 cmd=1
2026-03-30 22:09:03 [DEBUG] __main__ — [transport:acc5] jpeg-wrap raw=67 jpeg=713
2026-03-30 22:09:03 [DEBUG] __main__ — [transport:acc6] ws msg op=64 cmd=1
2026-03-30 22:09:03 [DEBUG] __main__ — [transport:acc6] msg op=64 attaches=1
2026-03-30 22:09:03 [DEBUG] __main__ — [transport:acc6] skip own fileId=3056637180
2026-03-30 22:09:03 [DEBUG] __main__ — [transport:acc3] ws msg op=64 cmd=1
2026-03-30 22:09:03 [DEBUG] __main__ — [transport:acc3] msg op=64 attaches=1
2026-03-30 22:09:03 [DEBUG] __main__ — [transport:acc3] skip own fileId=3055859985
2026-03-30 22:09:03 [DEBUG] __main__ — [transport:acc3] ws msg op=87 cmd=1
2026-03-30 22:09:03 [DEBUG] __main__ — [transport:acc3] jpeg-wrap raw=67 jpeg=713
2026-03-30 22:09:03 [DEBUG] __main__ — [transport:acc2] ws msg op=64 cmd=1
2026-03-30 22:09:03 [DEBUG] __main__ — [transport:acc2] msg op=64 attaches=1
2026-03-30 22:09:03 [DEBUG] __main__ — [transport:acc2] skip own fileId=3056811810
2026-03-30 22:09:03 [DEBUG] __main__ — [transport:acc5] upload ok fileId=3055367917 size=67
2026-03-30 22:09:03 [DEBUG] __main__ — [transport:acc3] upload ok fileId=3055866873 size=67
2026-03-30 22:09:03 [DEBUG] __main__ — [tun] → 1 pkts  raw=66B  packed=67B
2026-03-30 22:09:03 [DEBUG] __main__ — [multi] все аккаунты заняты, ждём 0.043s
2026-03-30 22:09:03 [DEBUG] __main__ — [multi] выбор: acc1 (recv_count=0, last_event=send) | ready=['acc1'] | p1=['acc1'] | p2=[] | stats={'acc1': {'recv_count': 0, 'last_event': 'send', 'wait': '0.000s', 'busy': True}, 'acc2': {'recv_count': 0, 'last_event': 'send', 'wait': '2.742s', 'busy': False}, 'acc3': {'recv_count': 0, 'last_event': 'send', 'wait': '2.938s', 'busy': False}, 'acc4': {'recv_count': 0, 'last_event': 'send', 'wait': '2.547s', 'busy': False}, 'acc5': {'recv_count': 0, 'last_event': 'send', 'wait': '2.917s', 'busy': False}, 'acc6': {'recv_count': 0, 'last_event': 'send', 'wait': '2.691s', 'busy': False}}
2026-03-30 22:09:03 [DEBUG] __main__ — [tun] → 3 pkts  raw=190B  packed=140B
2026-03-30 22:09:03 [DEBUG] __main__ — [multi] выбор: acc1 (recv_count=0, last_event=send) | ready=['acc1'] | p1=['acc1'] | p2=[] | stats={'acc1': {'recv_count': 0, 'last_event': 'send', 'wait': '0.000s', 'busy': True}, 'acc2': {'recv_count': 0, 'last_event': 'send', 'wait': '2.741s', 'busy': False}, 'acc3': {'recv_count': 0, 'last_event': 'send', 'wait': '2.938s', 'busy': False}, 'acc4': {'recv_count': 0, 'last_event': 'send', 'wait': '2.547s', 'busy': False}, 'acc5': {'recv_count': 0, 'last_event': 'send', 'wait': '2.917s', 'busy': False}, 'acc6': {'recv_count': 0, 'last_event': 'send', 'wait': '2.691s', 'busy': False}}
2026-03-30 22:09:03 [DEBUG] __main__ — [tun] → 1 pkts  raw=58B  packed=59B
2026-03-30 22:09:03 [DEBUG] __main__ — [multi] выбор: acc1 (recv_count=0, last_event=send) | ready=['acc1'] | p1=['acc1'] | p2=[] | stats={'acc1': {'recv_count': 0, 'last_event': 'send', 'wait': '0.000s', 'busy': True}, 'acc2': {'recv_count': 0, 'last_event': 'send', 'wait': '2.733s', 'busy': False}, 'acc3': {'recv_count': 0, 'last_event': 'send', 'wait': '2.929s', 'busy': False}, 'acc4': {'recv_count': 0, 'last_event': 'send', 'wait': '2.538s', 'busy': False}, 'acc5': {'recv_count': 0, 'last_event': 'send', 'wait': '2.908s', 'busy': False}, 'acc6': {'recv_count': 0, 'last_event': 'send', 'wait': '2.682s', 'busy': False}}
2026-03-30 22:09:03 [DEBUG] __main__ — [transport:acc5] ws msg op=136 cmd=0
2026-03-30 22:09:03 [DEBUG] __main__ — [transport:acc1] ws msg op=87 cmd=1
2026-03-30 22:09:03 [DEBUG] __main__ — [transport:acc1] jpeg-wrap raw=67 jpeg=713
2026-03-30 22:09:03 [DEBUG] __main__ — [transport:acc3] ws msg op=136 cmd=0
2026-03-30 22:09:03 [DEBUG] __main__ — [transport:acc5] ws msg op=64 cmd=1
2026-03-30 22:09:03 [DEBUG] __main__ — [transport:acc5] msg op=64 attaches=1
2026-03-30 22:09:03 [DEBUG] __main__ — [transport:acc5] skip own fileId=3055367917
2026-03-30 22:09:03 [DEBUG] __main__ — [transport:acc5] ws msg op=87 cmd=1
2026-03-30 22:09:03 [DEBUG] __main__ — [transport:acc1] upload ok fileId=3054695022 size=67
2026-03-30 22:09:03 [DEBUG] __main__ — [transport:acc5] jpeg-wrap raw=67 jpeg=713
2026-03-30 22:09:03 [DEBUG] __main__ — [tun] → 1 pkts  raw=58B  packed=59B
2026-03-30 22:09:03 [DEBUG] __main__ — [multi] все аккаунты заняты, ждём 2.432s
2026-03-30 22:09:03 [DEBUG] __main__ — [transport:acc3] ws msg op=64 cmd=1
2026-03-30 22:09:03 [DEBUG] __main__ — [transport:acc3] msg op=64 attaches=1
2026-03-30 22:09:03 [DEBUG] __main__ — [transport:acc3] skip own fileId=3055866873
2026-03-30 22:09:03 [DEBUG] __main__ — [transport:acc5] upload ok fileId=3056124362 size=67
2026-03-30 22:09:03 [DEBUG] __main__ — [transport:acc3] ws msg op=87 cmd=1
2026-03-30 22:09:03 [DEBUG] __main__ — [transport:acc3] jpeg-wrap raw=67 jpeg=713
2026-03-30 22:09:03 [DEBUG] __main__ — [transport:acc3] upload ok fileId=3042520555 size=67
2026-03-30 22:09:03 [DEBUG] __main__ — [transport:acc1] ws msg op=136 cmd=0
2026-03-30 22:09:03 [DEBUG] __main__ — [transport:acc5] ws msg op=136 cmd=0
2026-03-30 22:09:03 [DEBUG] __main__ — [transport:acc5] ws msg op=64 cmd=1
2026-03-30 22:09:03 [DEBUG] __main__ — [transport:acc5] msg op=64 attaches=1
2026-03-30 22:09:03 [DEBUG] __main__ — [transport:acc5] skip own fileId=3056124362
2026-03-30 22:09:03 [DEBUG] __main__ — [transport:acc1] ws msg op=64 cmd=1
2026-03-30 22:09:03 [DEBUG] __main__ — [transport:acc1] msg op=64 attaches=1
2026-03-30 22:09:03 [DEBUG] __main__ — [transport:acc1] skip own fileId=3054695022
2026-03-30 22:09:03 [DEBUG] __main__ — [transport:acc1] ws msg op=87 cmd=1
2026-03-30 22:09:03 [DEBUG] __main__ — [transport:acc1] jpeg-wrap raw=140 jpeg=786
2026-03-30 22:09:03 [DEBUG] __main__ — [transport:acc3] ws msg op=136 cmd=0
2026-03-30 22:09:03 [DEBUG] __main__ — [transport:acc1] upload ok fileId=3056092571 size=140
2026-03-30 22:09:03 [DEBUG] __main__ — [transport:acc3] ws msg op=64 cmd=1
2026-03-30 22:09:03 [DEBUG] __main__ — [transport:acc3] msg op=64 attaches=1
2026-03-30 22:09:03 [DEBUG] __main__ — [transport:acc3] skip own fileId=3042520555
2026-03-30 22:09:03 [DEBUG] __main__ — [transport:acc3] ws msg op=87 cmd=1
2026-03-30 22:09:03 [DEBUG] __main__ — [transport:acc3] jpeg-wrap raw=67 jpeg=713
2026-03-30 22:09:03 [DEBUG] __main__ — [transport:acc3] upload ok fileId=3053378790 size=67
2026-03-30 22:09:03 [DEBUG] __main__ — [transport:acc1] ws msg op=136 cmd=0
2026-03-30 22:09:03 [DEBUG] __main__ — [transport:acc1] ws msg op=64 cmd=1
2026-03-30 22:09:03 [DEBUG] __main__ — [transport:acc1] msg op=64 attaches=1
2026-03-30 22:09:03 [DEBUG] __main__ — [transport:acc1] skip own fileId=3056092571
2026-03-30 22:09:03 [DEBUG] __main__ — [transport:acc1] ws msg op=87 cmd=1
2026-03-30 22:09:03 [DEBUG] __main__ — [transport:acc1] jpeg-wrap raw=59 jpeg=705
2026-03-30 22:09:03 [DEBUG] __main__ — [transport:acc3] ws msg op=136 cmd=0
2026-03-30 22:09:03 [DEBUG] __main__ — [transport:acc1] upload ok fileId=3047027056 size=59
2026-03-30 22:09:03 [DEBUG] __main__ — [transport:acc3] ws msg op=64 cmd=1
2026-03-30 22:09:03 [DEBUG] __main__ — [transport:acc3] msg op=64 attaches=1
2026-03-30 22:09:03 [DEBUG] __main__ — [transport:acc3] skip own fileId=3053378790
2026-03-30 22:09:04 [DEBUG] __main__ — [transport:acc1] ws msg op=136 cmd=0
2026-03-30 22:09:04 [DEBUG] __main__ — [transport:acc1] ws msg op=64 cmd=1
2026-03-30 22:09:04 [DEBUG] __main__ — [transport:acc1] msg op=64 attaches=1
2026-03-30 22:09:04 [DEBUG] __main__ — [transport:acc1] skip own fileId=3047027056
2026-03-30 22:09:05 [ERROR] asyncio — Fatal error on SSL transport
protocol: <asyncio.sslproto.SSLProtocol object at 0x70efb998d930>
transport: <_SelectorSocketTransport closing fd=16>
Traceback (most recent call last):
  File "/usr/lib/python3.10/asyncio/selector_events.py", line 924, in write
    n = self._sock.send(data)
OSError: [Errno 9] Bad file descriptor

During handling of the above exception, another exception occurred:

Traceback (most recent call last):
  File "/usr/lib/python3.10/asyncio/sslproto.py", line 690, in _process_write_backlog
    self._transport.write(chunk)
  File "/usr/lib/python3.10/asyncio/selector_events.py", line 930, in write
    self._fatal_error(exc, 'Fatal write error on socket transport')
  File "/usr/lib/python3.10/asyncio/selector_events.py", line 725, in _fatal_error
    self._force_close(exc)
  File "/usr/lib/python3.10/asyncio/selector_events.py", line 737, in _force_close
    self._loop.call_soon(self._call_connection_lost, exc)
  File "/usr/lib/python3.10/asyncio/base_events.py", line 753, in call_soon
    self._check_closed()
  File "/usr/lib/python3.10/asyncio/base_events.py", line 515, in _check_closed
    raise RuntimeError('Event loop is closed')
RuntimeError: Event loop is closed
2026-03-30 22:09:05 [ERROR] asyncio — Fatal error on SSL transport
protocol: <asyncio.sslproto.SSLProtocol object at 0x70efb998dc60>
transport: <_SelectorSocketTransport closing fd=17>
Traceback (most recent call last):
  File "/usr/lib/python3.10/asyncio/selector_events.py", line 924, in write
    n = self._sock.send(data)
OSError: [Errno 9] Bad file descriptor

During handling of the above exception, another exception occurred:

Traceback (most recent call last):
  File "/usr/lib/python3.10/asyncio/sslproto.py", line 690, in _process_write_backlog
    self._transport.write(chunk)
  File "/usr/lib/python3.10/asyncio/selector_events.py", line 930, in write
    self._fatal_error(exc, 'Fatal write error on socket transport')
  File "/usr/lib/python3.10/asyncio/selector_events.py", line 725, in _fatal_error
    self._force_close(exc)
  File "/usr/lib/python3.10/asyncio/selector_events.py", line 737, in _force_close
    self._loop.call_soon(self._call_connection_lost, exc)
  File "/usr/lib/python3.10/asyncio/base_events.py", line 753, in call_soon
    self._check_closed()
  File "/usr/lib/python3.10/asyncio/base_events.py", line 515, in _check_closed
    raise RuntimeError('Event loop is closed')
RuntimeError: Event loop is closed
2026-03-30 22:09:05 [ERROR] asyncio — Fatal error on SSL transport
protocol: <asyncio.sslproto.SSLProtocol object at 0x70efb998df60>
transport: <_SelectorSocketTransport closing fd=18>
Traceback (most recent call last):
  File "/usr/lib/python3.10/asyncio/selector_events.py", line 924, in write
    n = self._sock.send(data)
OSError: [Errno 9] Bad file descriptor

During handling of the above exception, another exception occurred:

Traceback (most recent call last):
  File "/usr/lib/python3.10/asyncio/sslproto.py", line 690, in _process_write_backlog
    self._transport.write(chunk)
  File "/usr/lib/python3.10/asyncio/selector_events.py", line 930, in write
    self._fatal_error(exc, 'Fatal write error on socket transport')
  File "/usr/lib/python3.10/asyncio/selector_events.py", line 725, in _fatal_error
    self._force_close(exc)
  File "/usr/lib/python3.10/asyncio/selector_events.py", line 737, in _force_close
    self._loop.call_soon(self._call_connection_lost, exc)
  File "/usr/lib/python3.10/asyncio/base_events.py", line 753, in call_soon
    self._check_closed()
  File "/usr/lib/python3.10/asyncio/base_events.py", line 515, in _check_closed
    raise RuntimeError('Event loop is closed')
RuntimeError: Event loop is closed
2026-03-30 22:09:05 [ERROR] asyncio — Fatal error on SSL transport
protocol: <asyncio.sslproto.SSLProtocol object at 0x70efb998e230>
transport: <_SelectorSocketTransport closing fd=19>
Traceback (most recent call last):
  File "/usr/lib/python3.10/asyncio/selector_events.py", line 924, in write
    n = self._sock.send(data)
OSError: [Errno 9] Bad file descriptor

During handling of the above exception, another exception occurred:

Traceback (most recent call last):
  File "/usr/lib/python3.10/asyncio/sslproto.py", line 690, in _process_write_backlog
    self._transport.write(chunk)
  File "/usr/lib/python3.10/asyncio/selector_events.py", line 930, in write
    self._fatal_error(exc, 'Fatal write error on socket transport')
  File "/usr/lib/python3.10/asyncio/selector_events.py", line 725, in _fatal_error
    self._force_close(exc)
  File "/usr/lib/python3.10/asyncio/selector_events.py", line 737, in _force_close
    self._loop.call_soon(self._call_connection_lost, exc)
  File "/usr/lib/python3.10/asyncio/base_events.py", line 753, in call_soon
    self._check_closed()
  File "/usr/lib/python3.10/asyncio/base_events.py", line 515, in _check_closed
    raise RuntimeError('Event loop is closed')
RuntimeError: Event loop is closed
2026-03-30 22:09:05 [ERROR] asyncio — Unclosed connector
connections: ['deque([(<aiohttp.client_proto.ResponseHandler object at 0x70efb991ea40>, 100106.051128113)])']
connector: <__main__.BoundTCPConnector object at 0x70efb993c580>
2026-03-30 22:09:05 [ERROR] asyncio — Unclosed connector
connections: ['deque([(<aiohttp.client_proto.ResponseHandler object at 0x70efaa7682e0>, 100106.740955605)])']
connector: <__main__.BoundTCPConnector object at 0x70efb993cdc0>
2026-03-30 22:09:05 [ERROR] asyncio — Fatal error on SSL transport
protocol: <asyncio.sslproto.SSLProtocol object at 0x70efb998c3d0>
transport: <_SelectorSocketTransport closing fd=14>
Traceback (most recent call last):
  File "/usr/lib/python3.10/asyncio/selector_events.py", line 924, in write
    n = self._sock.send(data)
OSError: [Errno 9] Bad file descriptor

During handling of the above exception, another exception occurred:

Traceback (most recent call last):
  File "/usr/lib/python3.10/asyncio/sslproto.py", line 690, in _process_write_backlog
    self._transport.write(chunk)
  File "/usr/lib/python3.10/asyncio/selector_events.py", line 930, in write
    self._fatal_error(exc, 'Fatal write error on socket transport')
  File "/usr/lib/python3.10/asyncio/selector_events.py", line 725, in _fatal_error
    self._force_close(exc)
  File "/usr/lib/python3.10/asyncio/selector_events.py", line 737, in _force_close
    self._loop.call_soon(self._call_connection_lost, exc)
  File "/usr/lib/python3.10/asyncio/base_events.py", line 753, in call_soon
    self._check_closed()
  File "/usr/lib/python3.10/asyncio/base_events.py", line 515, in _check_closed
    raise RuntimeError('Event loop is closed')
RuntimeError: Event loop is closed
2026-03-30 22:09:05 [ERROR] asyncio — Unclosed connector
connections: ['deque([(<aiohttp.client_proto.ResponseHandler object at 0x70efaa769600>, 100106.450579961)])']
connector: <__main__.BoundTCPConnector object at 0x70efb993dbd0>
2026-03-30 22:09:05 [ERROR] asyncio — Unclosed connector
connections: ['deque([(<aiohttp.client_proto.ResponseHandler object at 0x70efaa76a380>, 100106.000692447)])']
connector: <__main__.BoundTCPConnector object at 0x70efb993e3e0>
2026-03-30 22:09:05 [ERROR] asyncio — Unclosed connector
connections: ['deque([(<aiohttp.client_proto.ResponseHandler object at 0x70efaa769c60>, 100106.907515119)])']
connector: <__main__.BoundTCPConnector object at 0x70efb9903b80>
2026-03-30 22:09:05 [ERROR] asyncio — Unclosed connector
connections: ['deque([(<aiohttp.client_proto.ResponseHandler object at 0x70efaa768e80>, 100105.85673758)])']
connector: <__main__.BoundTCPConnector object at 0x70efb993d3c0>
