2026-03-31 02:19:06 [DEBUG] __main__ — [tun] ip link set tun0 up mtu 1400: OK
2026-03-31 02:19:06 [DEBUG] __main__ — [tun] ip addr add 10.0.1.1/30 dev tun0: OK
2026-03-31 02:19:06 [INFO] __main__ — [net] HTTP трафик скрипта привязан к интерфейсу: wlp0s20f3
2026-03-31 02:19:06 [INFO] __main__ — [net] HTTP трафик скрипта привязан к интерфейсу: wlp0s20f3
2026-03-31 02:19:06 [INFO] __main__ — [net] HTTP трафик скрипта привязан к интерфейсу: wlp0s20f3
2026-03-31 02:19:06 [INFO] __main__ — [net] HTTP трафик скрипта привязан к интерфейсу: wlp0s20f3
2026-03-31 02:19:06 [INFO] __main__ — [net] HTTP трафик скрипта привязан к интерфейсу: wlp0s20f3
2026-03-31 02:19:06 [INFO] __main__ — [net] HTTP трафик скрипта привязан к интерфейсу: wlp0s20f3
2026-03-31 02:19:06 [DEBUG] __main__ — [transport:acc2] ws msg op=6 cmd=1
2026-03-31 02:19:06 [DEBUG] __main__ — [transport:acc1] ws msg op=6 cmd=1
2026-03-31 02:19:06 [DEBUG] __main__ — [transport:acc4] ws msg op=6 cmd=1
2026-03-31 02:19:06 [DEBUG] __main__ — [transport:acc6] ws msg op=6 cmd=1
2026-03-31 02:19:06 [DEBUG] __main__ — [transport:acc5] ws msg op=6 cmd=1
2026-03-31 02:19:06 [DEBUG] __main__ — [transport:acc3] ws msg op=6 cmd=1
2026-03-31 02:19:06 [DEBUG] __main__ — [transport:acc1] ws msg op=19 cmd=1
2026-03-31 02:19:06 [DEBUG] __main__ — [transport:acc1] ws msg op=292 cmd=0
2026-03-31 02:19:06 [INFO] __main__ — Авторизован [client:acc1], chatId=0
2026-03-31 02:19:06 [DEBUG] __main__ — [transport:acc6] ws msg op=19 cmd=1
2026-03-31 02:19:06 [DEBUG] __main__ — [transport:acc6] ws msg op=292 cmd=0
2026-03-31 02:19:06 [INFO] __main__ — Авторизован [client:acc6], chatId=0
2026-03-31 02:19:06 [DEBUG] __main__ — [transport:acc5] ws msg op=19 cmd=1
2026-03-31 02:19:06 [DEBUG] __main__ — [transport:acc5] ws msg op=292 cmd=0
2026-03-31 02:19:06 [INFO] __main__ — Авторизован [client:acc5], chatId=0
2026-03-31 02:19:06 [DEBUG] __main__ — [transport:acc4] ws msg op=19 cmd=1
2026-03-31 02:19:06 [DEBUG] __main__ — [transport:acc4] ws msg op=292 cmd=0
2026-03-31 02:19:06 [INFO] __main__ — Авторизован [client:acc4], chatId=0
2026-03-31 02:19:06 [DEBUG] __main__ — [transport:acc1] ws msg op=48 cmd=1
2026-03-31 02:19:06 [DEBUG] __main__ — [transport:acc6] ws msg op=48 cmd=1
2026-03-31 02:19:06 [DEBUG] __main__ — [transport:acc2] ws msg op=19 cmd=1
2026-03-31 02:19:06 [DEBUG] __main__ — [transport:acc2] ws msg op=292 cmd=0
2026-03-31 02:19:06 [DEBUG] __main__ — [transport:acc5] ws msg op=48 cmd=1
2026-03-31 02:19:06 [INFO] __main__ — Авторизован [client:acc2], chatId=0
2026-03-31 02:19:06 [DEBUG] __main__ — [transport:acc4] ws msg op=48 cmd=1
2026-03-31 02:19:06 [DEBUG] __main__ — [transport:acc1] ws msg op=132 cmd=0
2026-03-31 02:19:06 [DEBUG] __main__ — [transport:acc2] ws msg op=48 cmd=1
2026-03-31 02:19:06 [DEBUG] __main__ — [transport:acc3] ws msg op=19 cmd=1
2026-03-31 02:19:06 [DEBUG] __main__ — [transport:acc3] ws msg op=292 cmd=0
2026-03-31 02:19:06 [INFO] __main__ — Авторизован [client:acc3], chatId=0
2026-03-31 02:19:06 [DEBUG] __main__ — [transport:acc3] ws msg op=48 cmd=1
2026-03-31 02:19:07 [DEBUG] __main__ — [tun] → 1 pkts  raw=54B  packed=48B
2026-03-31 02:19:07 [DEBUG] __main__ — [multi] ранжирование: {'acc1': {'recv_count': 0, 'remaining': 100, 'last_event': 'recv', 'r1': 1, 'r2': 1, 'r3': 1, 'score': '1.00'}, 'acc2': {'recv_count': 0, 'remaining': 100, 'last_event': 'recv', 'r1': 1, 'r2': 1, 'r3': 1, 'score': '1.00'}, 'acc3': {'recv_count': 0, 'remaining': 100, 'last_event': 'recv', 'r1': 1, 'r2': 1, 'r3': 1, 'score': '1.00'}, 'acc4': {'recv_count': 0, 'remaining': 100, 'last_event': 'recv', 'r1': 1, 'r2': 1, 'r3': 1, 'score': '1.00'}, 'acc5': {'recv_count': 0, 'remaining': 100, 'last_event': 'recv', 'r1': 1, 'r2': 1, 'r3': 1, 'score': '1.00'}, 'acc6': {'recv_count': 0, 'remaining': 100, 'last_event': 'recv', 'r1': 1, 'r2': 1, 'r3': 1, 'score': '1.00'}}
2026-03-31 02:19:07 [DEBUG] __main__ — [multi] выбор: acc2 (recv_count=0, remaining=100, last_event=recv) | stats={'acc1': {'recv_count': 0, 'remaining': 100, 'last_event': 'recv', 'busy': False}, 'acc2': {'recv_count': 0, 'remaining': 99, 'last_event': 'recv', 'busy': True}, 'acc3': {'recv_count': 0, 'remaining': 100, 'last_event': 'recv', 'busy': False}, 'acc4': {'recv_count': 0, 'remaining': 100, 'last_event': 'recv', 'busy': False}, 'acc5': {'recv_count': 0, 'remaining': 100, 'last_event': 'recv', 'busy': False}, 'acc6': {'recv_count': 0, 'remaining': 100, 'last_event': 'recv', 'busy': False}}
2026-03-31 02:19:07 [DEBUG] __main__ — [transport:acc2] ws msg op=87 cmd=1
2026-03-31 02:19:07 [DEBUG] __main__ — [transport:acc2] jpeg-wrap raw=48 jpeg=694
2026-03-31 02:19:07 [DEBUG] __main__ — [transport:acc2] upload ok fileId=3056493101 size=48
2026-03-31 02:19:07 [DEBUG] __main__ — [transport:acc2] ws msg op=136 cmd=0
2026-03-31 02:19:07 [DEBUG] __main__ — [transport:acc2] ws msg op=64 cmd=1
2026-03-31 02:19:07 [DEBUG] __main__ — [transport:acc2] msg op=64 attaches=1
2026-03-31 02:19:07 [DEBUG] __main__ — [transport:acc2] skip own fileId=3056493101
2026-03-31 02:19:11 [DEBUG] __main__ — [tun] → 1 pkts  raw=54B  packed=48B
2026-03-31 02:19:11 [DEBUG] __main__ — [multi] ранжирование: {'acc1': {'recv_count': 0, 'remaining': 100, 'last_event': 'recv', 'r1': 1, 'r2': 1, 'r3': 1, 'score': '1.00'}, 'acc2': {'recv_count': 0, 'remaining': 99, 'last_event': 'send', 'r1': 1, 'r2': 2, 'r3': 2, 'score': '1.67'}, 'acc3': {'recv_count': 0, 'remaining': 100, 'last_event': 'recv', 'r1': 1, 'r2': 1, 'r3': 1, 'score': '1.00'}, 'acc4': {'recv_count': 0, 'remaining': 100, 'last_event': 'recv', 'r1': 1, 'r2': 1, 'r3': 1, 'score': '1.00'}, 'acc5': {'recv_count': 0, 'remaining': 100, 'last_event': 'recv', 'r1': 1, 'r2': 1, 'r3': 1, 'score': '1.00'}, 'acc6': {'recv_count': 0, 'remaining': 100, 'last_event': 'recv', 'r1': 1, 'r2': 1, 'r3': 1, 'score': '1.00'}}
2026-03-31 02:19:11 [DEBUG] __main__ — [multi] выбор: acc4 (recv_count=0, remaining=100, last_event=recv) | stats={'acc1': {'recv_count': 0, 'remaining': 100, 'last_event': 'recv', 'busy': False}, 'acc2': {'recv_count': 0, 'remaining': 99, 'last_event': 'send', 'busy': False}, 'acc3': {'recv_count': 0, 'remaining': 100, 'last_event': 'recv', 'busy': False}, 'acc4': {'recv_count': 0, 'remaining': 99, 'last_event': 'recv', 'busy': True}, 'acc5': {'recv_count': 0, 'remaining': 100, 'last_event': 'recv', 'busy': False}, 'acc6': {'recv_count': 0, 'remaining': 100, 'last_event': 'recv', 'busy': False}}
2026-03-31 02:19:11 [DEBUG] __main__ — [transport:acc4] ws msg op=87 cmd=1
2026-03-31 02:19:11 [DEBUG] __main__ — [transport:acc4] jpeg-wrap raw=48 jpeg=694
2026-03-31 02:19:12 [DEBUG] __main__ — [transport:acc4] upload ok fileId=3051795005 size=48
2026-03-31 02:19:12 [DEBUG] __main__ — [transport:acc4] ws msg op=136 cmd=0
2026-03-31 02:19:12 [DEBUG] __main__ — [transport:acc4] ws msg op=64 cmd=1
2026-03-31 02:19:12 [DEBUG] __main__ — [transport:acc4] msg op=64 attaches=1
2026-03-31 02:19:12 [DEBUG] __main__ — [transport:acc4] skip own fileId=3051795005
2026-03-31 02:19:16 [DEBUG] __main__ — [transport:acc3] ws msg op=136 cmd=0
2026-03-31 02:19:16 [DEBUG] __main__ — [transport:acc3] ws msg op=128 cmd=0
2026-03-31 02:19:16 [DEBUG] __main__ — [transport:acc3] msg op=128 attaches=1
2026-03-31 02:19:16 [DEBUG] __main__ — [transport:acc3] incoming fileId=3056132943 msgId=116320918326109135
2026-03-31 02:19:16 [DEBUG] __main__ — [transport:acc3] ws msg op=88 cmd=1
2026-03-31 02:19:16 [DEBUG] __main__ — [transport:acc3] recv_file fileId=3056132943 size=692
2026-03-31 02:19:16 [DEBUG] __main__ — [tun] ← 1 pkts  raw=692B
2026-03-31 02:19:18 [DEBUG] __main__ — [tun] → 1 pkts  raw=54B  packed=48B
2026-03-31 02:19:18 [DEBUG] __main__ — [multi] ранжирование: {'acc1': {'recv_count': 0, 'remaining': 100, 'last_event': 'recv', 'r1': 1, 'r2': 1, 'r3': 1, 'score': '1.00'}, 'acc2': {'recv_count': 0, 'remaining': 99, 'last_event': 'send', 'r1': 1, 'r2': 2, 'r3': 2, 'score': '1.67'}, 'acc3': {'recv_count': 1, 'remaining': 100, 'last_event': 'recv', 'r1': 2, 'r2': 1, 'r3': 1, 'score': '1.33'}, 'acc4': {'recv_count': 0, 'remaining': 99, 'last_event': 'send', 'r1': 1, 'r2': 2, 'r3': 2, 'score': '1.67'}, 'acc5': {'recv_count': 0, 'remaining': 100, 'last_event': 'recv', 'r1': 1, 'r2': 1, 'r3': 1, 'score': '1.00'}, 'acc6': {'recv_count': 0, 'remaining': 100, 'last_event': 'recv', 'r1': 1, 'r2': 1, 'r3': 1, 'score': '1.00'}}
2026-03-31 02:19:18 [DEBUG] __main__ — [multi] выбор: acc1 (recv_count=0, remaining=100, last_event=recv) | stats={'acc1': {'recv_count': 0, 'remaining': 99, 'last_event': 'recv', 'busy': True}, 'acc2': {'recv_count': 0, 'remaining': 99, 'last_event': 'send', 'busy': False}, 'acc3': {'recv_count': 1, 'remaining': 100, 'last_event': 'recv', 'busy': False}, 'acc4': {'recv_count': 0, 'remaining': 99, 'last_event': 'send', 'busy': False}, 'acc5': {'recv_count': 0, 'remaining': 100, 'last_event': 'recv', 'busy': False}, 'acc6': {'recv_count': 0, 'remaining': 100, 'last_event': 'recv', 'busy': False}}
2026-03-31 02:19:18 [DEBUG] __main__ — [transport:acc1] ws msg op=87 cmd=1
2026-03-31 02:19:18 [DEBUG] __main__ — [transport:acc1] jpeg-wrap raw=48 jpeg=694
2026-03-31 02:19:18 [DEBUG] __main__ — [transport:acc1] upload ok fileId=3061313654 size=48
2026-03-31 02:19:18 [DEBUG] __main__ — [transport:acc1] ws msg op=136 cmd=0
2026-03-31 02:19:18 [DEBUG] __main__ — [transport:acc1] ws msg op=64 cmd=1
2026-03-31 02:19:18 [DEBUG] __main__ — [transport:acc1] msg op=64 attaches=1
2026-03-31 02:19:18 [DEBUG] __main__ — [transport:acc1] skip own fileId=3061313654
2026-03-31 02:19:19 [DEBUG] __main__ — [transport:acc1] ws msg op=136 cmd=0
2026-03-31 02:19:19 [DEBUG] __main__ — [transport:acc1] ws msg op=128 cmd=0
2026-03-31 02:19:19 [DEBUG] __main__ — [transport:acc1] msg op=128 attaches=1
2026-03-31 02:19:19 [DEBUG] __main__ — [transport:acc1] incoming fileId=3043267996 msgId=116320918511505747
2026-03-31 02:19:19 [DEBUG] __main__ — [transport:acc1] ws msg op=88 cmd=1
2026-03-31 02:19:19 [DEBUG] __main__ — [transport:acc1] recv_file fileId=3043267996 size=54
2026-03-31 02:19:19 [DEBUG] __main__ — [tun] ← 1 pkts  raw=54B
2026-03-31 02:19:34 [DEBUG] __main__ — [tun] → 1 pkts  raw=54B  packed=48B
2026-03-31 02:19:34 [DEBUG] __main__ — [multi] ранжирование: {'acc1': {'recv_count': 1, 'remaining': 99, 'last_event': 'recv', 'r1': 2, 'r2': 2, 'r3': 1, 'score': '1.67'}, 'acc2': {'recv_count': 0, 'remaining': 99, 'last_event': 'send', 'r1': 1, 'r2': 2, 'r3': 2, 'score': '1.67'}, 'acc3': {'recv_count': 1, 'remaining': 100, 'last_event': 'recv', 'r1': 2, 'r2': 1, 'r3': 1, 'score': '1.33'}, 'acc4': {'recv_count': 0, 'remaining': 99, 'last_event': 'send', 'r1': 1, 'r2': 2, 'r3': 2, 'score': '1.67'}, 'acc5': {'recv_count': 0, 'remaining': 100, 'last_event': 'recv', 'r1': 1, 'r2': 1, 'r3': 1, 'score': '1.00'}, 'acc6': {'recv_count': 0, 'remaining': 100, 'last_event': 'recv', 'r1': 1, 'r2': 1, 'r3': 1, 'score': '1.00'}}
2026-03-31 02:19:34 [DEBUG] __main__ — [multi] выбор: acc6 (recv_count=0, remaining=100, last_event=recv) | stats={'acc1': {'recv_count': 1, 'remaining': 99, 'last_event': 'recv', 'busy': False}, 'acc2': {'recv_count': 0, 'remaining': 99, 'last_event': 'send', 'busy': False}, 'acc3': {'recv_count': 1, 'remaining': 100, 'last_event': 'recv', 'busy': False}, 'acc4': {'recv_count': 0, 'remaining': 99, 'last_event': 'send', 'busy': False}, 'acc5': {'recv_count': 0, 'remaining': 100, 'last_event': 'recv', 'busy': False}, 'acc6': {'recv_count': 0, 'remaining': 99, 'last_event': 'recv', 'busy': True}}
2026-03-31 02:19:34 [DEBUG] __main__ — [transport:acc6] ws msg op=87 cmd=1
2026-03-31 02:19:34 [DEBUG] __main__ — [transport:acc6] jpeg-wrap raw=48 jpeg=694
2026-03-31 02:19:34 [DEBUG] __main__ — [transport:acc6] upload ok fileId=3044473721 size=48
2026-03-31 02:19:34 [DEBUG] __main__ — [transport:acc6] ws msg op=136 cmd=0
2026-03-31 02:19:34 [DEBUG] __main__ — [transport:acc6] ws msg op=64 cmd=1
2026-03-31 02:19:34 [DEBUG] __main__ — [transport:acc6] msg op=64 attaches=1
2026-03-31 02:19:34 [DEBUG] __main__ — [transport:acc6] skip own fileId=3044473721
2026-03-31 02:19:36 [DEBUG] __main__ — [transport:acc4] ws msg op=1 cmd=1
2026-03-31 02:19:36 [DEBUG] __main__ — [transport:acc2] ws msg op=1 cmd=1
2026-03-31 02:19:36 [DEBUG] __main__ — [transport:acc3] ws msg op=1 cmd=1
2026-03-31 02:19:36 [DEBUG] __main__ — [transport:acc5] ws msg op=1 cmd=1
2026-03-31 02:19:36 [DEBUG] __main__ — [transport:acc1] ws msg op=1 cmd=1
2026-03-31 02:19:36 [DEBUG] __main__ — [transport:acc6] ws msg op=1 cmd=1
2026-03-31 02:19:46 [DEBUG] __main__ — [tun] → 1 pkts  raw=66B  packed=67B
2026-03-31 02:19:46 [DEBUG] __main__ — [multi] ранжирование: {'acc1': {'recv_count': 1, 'remaining': 99, 'last_event': 'recv', 'r1': 2, 'r2': 2, 'r3': 1, 'score': '1.67'}, 'acc2': {'recv_count': 0, 'remaining': 99, 'last_event': 'send', 'r1': 1, 'r2': 2, 'r3': 2, 'score': '1.67'}, 'acc3': {'recv_count': 1, 'remaining': 100, 'last_event': 'recv', 'r1': 2, 'r2': 1, 'r3': 1, 'score': '1.33'}, 'acc4': {'recv_count': 0, 'remaining': 99, 'last_event': 'send', 'r1': 1, 'r2': 2, 'r3': 2, 'score': '1.67'}, 'acc5': {'recv_count': 0, 'remaining': 100, 'last_event': 'recv', 'r1': 1, 'r2': 1, 'r3': 1, 'score': '1.00'}, 'acc6': {'recv_count': 0, 'remaining': 99, 'last_event': 'send', 'r1': 1, 'r2': 2, 'r3': 2, 'score': '1.67'}}
2026-03-31 02:19:46 [DEBUG] __main__ — [multi] выбор: acc5 (recv_count=0, remaining=100, last_event=recv) | stats={'acc1': {'recv_count': 1, 'remaining': 99, 'last_event': 'recv', 'busy': False}, 'acc2': {'recv_count': 0, 'remaining': 99, 'last_event': 'send', 'busy': False}, 'acc3': {'recv_count': 1, 'remaining': 100, 'last_event': 'recv', 'busy': False}, 'acc4': {'recv_count': 0, 'remaining': 99, 'last_event': 'send', 'busy': False}, 'acc5': {'recv_count': 0, 'remaining': 99, 'last_event': 'recv', 'busy': True}, 'acc6': {'recv_count': 0, 'remaining': 99, 'last_event': 'send', 'busy': False}}
2026-03-31 02:19:46 [DEBUG] __main__ — [transport:acc5] ws msg op=87 cmd=1
2026-03-31 02:19:46 [DEBUG] __main__ — [transport:acc5] jpeg-wrap raw=67 jpeg=713
2026-03-31 02:19:47 [DEBUG] __main__ — [transport:acc5] upload ok fileId=3040287633 size=67
2026-03-31 02:19:47 [DEBUG] __main__ — [transport:acc5] ws msg op=136 cmd=0
2026-03-31 02:19:47 [DEBUG] __main__ — [transport:acc5] ws msg op=64 cmd=1
2026-03-31 02:19:47 [DEBUG] __main__ — [transport:acc5] msg op=64 attaches=1
2026-03-31 02:19:47 [DEBUG] __main__ — [transport:acc5] skip own fileId=3040287633
2026-03-31 02:19:47 [DEBUG] __main__ — [tun] → 1 pkts  raw=66B  packed=67B
2026-03-31 02:19:47 [DEBUG] __main__ — [multi] ранжирование: {'acc1': {'recv_count': 1, 'remaining': 99, 'last_event': 'recv', 'r1': 2, 'r2': 2, 'r3': 1, 'score': '1.67'}, 'acc2': {'recv_count': 0, 'remaining': 99, 'last_event': 'send', 'r1': 1, 'r2': 2, 'r3': 2, 'score': '1.67'}, 'acc3': {'recv_count': 1, 'remaining': 100, 'last_event': 'recv', 'r1': 2, 'r2': 1, 'r3': 1, 'score': '1.33'}, 'acc4': {'recv_count': 0, 'remaining': 99, 'last_event': 'send', 'r1': 1, 'r2': 2, 'r3': 2, 'score': '1.67'}, 'acc5': {'recv_count': 0, 'remaining': 99, 'last_event': 'send', 'r1': 1, 'r2': 2, 'r3': 2, 'score': '1.67'}, 'acc6': {'recv_count': 0, 'remaining': 99, 'last_event': 'send', 'r1': 1, 'r2': 2, 'r3': 2, 'score': '1.67'}}
2026-03-31 02:19:47 [DEBUG] __main__ — [multi] выбор: acc3 (recv_count=1, remaining=100, last_event=recv) | stats={'acc1': {'recv_count': 1, 'remaining': 99, 'last_event': 'recv', 'busy': False}, 'acc2': {'recv_count': 0, 'remaining': 99, 'last_event': 'send', 'busy': False}, 'acc3': {'recv_count': 1, 'remaining': 99, 'last_event': 'recv', 'busy': True}, 'acc4': {'recv_count': 0, 'remaining': 99, 'last_event': 'send', 'busy': False}, 'acc5': {'recv_count': 0, 'remaining': 99, 'last_event': 'send', 'busy': False}, 'acc6': {'recv_count': 0, 'remaining': 99, 'last_event': 'send', 'busy': False}}
2026-03-31 02:19:47 [DEBUG] __main__ — [transport:acc3] ws msg op=87 cmd=1
2026-03-31 02:19:47 [DEBUG] __main__ — [transport:acc3] jpeg-wrap raw=67 jpeg=713
2026-03-31 02:19:48 [DEBUG] __main__ — [transport:acc3] upload ok fileId=3048511869 size=67
2026-03-31 02:19:48 [DEBUG] __main__ — [transport:acc3] ws msg op=136 cmd=0
2026-03-31 02:19:48 [DEBUG] __main__ — [transport:acc3] ws msg op=64 cmd=1
2026-03-31 02:19:48 [DEBUG] __main__ — [transport:acc3] msg op=64 attaches=1
2026-03-31 02:19:48 [DEBUG] __main__ — [transport:acc3] skip own fileId=3048511869
2026-03-31 02:19:48 [DEBUG] __main__ — [transport:acc5] ws msg op=136 cmd=0
2026-03-31 02:19:48 [DEBUG] __main__ — [transport:acc5] ws msg op=128 cmd=0
2026-03-31 02:19:48 [DEBUG] __main__ — [transport:acc5] msg op=128 attaches=1
2026-03-31 02:19:48 [DEBUG] __main__ — [transport:acc5] incoming fileId=3051495564 msgId=116320920428087498
2026-03-31 02:19:48 [DEBUG] __main__ — [transport:acc5] ws msg op=88 cmd=1
2026-03-31 02:19:48 [DEBUG] __main__ — [transport:acc5] recv_file fileId=3051495564 size=66
2026-03-31 02:19:48 [DEBUG] __main__ — [tun] ← 1 pkts  raw=66B
2026-03-31 02:19:48 [DEBUG] __main__ — [tun] → 2 pkts  raw=629B  packed=431B
2026-03-31 02:19:48 [DEBUG] __main__ — [multi] ранжирование: {'acc1': {'recv_count': 1, 'remaining': 99, 'last_event': 'recv', 'r1': 2, 'r2': 1, 'r3': 1, 'score': '1.33'}, 'acc2': {'recv_count': 0, 'remaining': 99, 'last_event': 'send', 'r1': 1, 'r2': 1, 'r3': 2, 'score': '1.33'}, 'acc3': {'recv_count': 1, 'remaining': 99, 'last_event': 'send', 'r1': 2, 'r2': 1, 'r3': 2, 'score': '1.67'}, 'acc4': {'recv_count': 0, 'remaining': 99, 'last_event': 'send', 'r1': 1, 'r2': 1, 'r3': 2, 'score': '1.33'}, 'acc5': {'recv_count': 1, 'remaining': 99, 'last_event': 'recv', 'r1': 2, 'r2': 1, 'r3': 1, 'score': '1.33'}, 'acc6': {'recv_count': 0, 'remaining': 99, 'last_event': 'send', 'r1': 1, 'r2': 1, 'r3': 2, 'score': '1.33'}}
2026-03-31 02:19:48 [DEBUG] __main__ — [multi] выбор: acc2 (recv_count=0, remaining=99, last_event=send) | stats={'acc1': {'recv_count': 1, 'remaining': 99, 'last_event': 'recv', 'busy': False}, 'acc2': {'recv_count': 0, 'remaining': 98, 'last_event': 'send', 'busy': True}, 'acc3': {'recv_count': 1, 'remaining': 99, 'last_event': 'send', 'busy': False}, 'acc4': {'recv_count': 0, 'remaining': 99, 'last_event': 'send', 'busy': False}, 'acc5': {'recv_count': 1, 'remaining': 99, 'last_event': 'recv', 'busy': False}, 'acc6': {'recv_count': 0, 'remaining': 99, 'last_event': 'send', 'busy': False}}
2026-03-31 02:19:48 [DEBUG] __main__ — [transport:acc2] ws msg op=87 cmd=1
2026-03-31 02:19:48 [DEBUG] __main__ — [transport:acc2] jpeg-wrap raw=431 jpeg=1077
2026-03-31 02:19:49 [DEBUG] __main__ — [transport:acc2] upload ok fileId=3041474145 size=431
2026-03-31 02:19:49 [DEBUG] __main__ — [transport:acc2] ws msg op=136 cmd=0
2026-03-31 02:19:49 [DEBUG] __main__ — [transport:acc2] ws msg op=64 cmd=1
2026-03-31 02:19:49 [DEBUG] __main__ — [transport:acc2] msg op=64 attaches=1
2026-03-31 02:19:49 [DEBUG] __main__ — [transport:acc2] skip own fileId=3041474145
2026-03-31 02:19:49 [DEBUG] __main__ — [transport:acc2] ws msg op=136 cmd=0
2026-03-31 02:19:49 [DEBUG] __main__ — [transport:acc2] ws msg op=128 cmd=0
2026-03-31 02:19:49 [DEBUG] __main__ — [transport:acc2] msg op=128 attaches=1
2026-03-31 02:19:49 [DEBUG] __main__ — [transport:acc2] incoming fileId=3042628717 msgId=116320920491673519
2026-03-31 02:19:49 [DEBUG] __main__ — [transport:acc2] ws msg op=88 cmd=1
2026-03-31 02:19:49 [DEBUG] __main__ — [transport:acc2] recv_file fileId=3042628717 size=120
2026-03-31 02:19:49 [DEBUG] __main__ — [tun] ← 2 pkts  raw=120B
2026-03-31 02:19:49 [DEBUG] __main__ — [transport:acc1] ws msg op=132 cmd=0
2026-03-31 02:19:49 [DEBUG] __main__ — [tun] → 1 pkts  raw=58B  packed=59B
2026-03-31 02:19:49 [DEBUG] __main__ — [multi] ранжирование: {'acc1': {'recv_count': 1, 'remaining': 99, 'last_event': 'recv', 'r1': 2, 'r2': 1, 'r3': 1, 'score': '1.33'}, 'acc2': {'recv_count': 1, 'remaining': 98, 'last_event': 'recv', 'r1': 2, 'r2': 2, 'r3': 1, 'score': '1.67'}, 'acc3': {'recv_count': 1, 'remaining': 99, 'last_event': 'send', 'r1': 2, 'r2': 1, 'r3': 2, 'score': '1.67'}, 'acc4': {'recv_count': 0, 'remaining': 99, 'last_event': 'send', 'r1': 1, 'r2': 1, 'r3': 2, 'score': '1.33'}, 'acc5': {'recv_count': 1, 'remaining': 99, 'last_event': 'recv', 'r1': 2, 'r2': 1, 'r3': 1, 'score': '1.33'}, 'acc6': {'recv_count': 0, 'remaining': 99, 'last_event': 'send', 'r1': 1, 'r2': 1, 'r3': 2, 'score': '1.33'}}
2026-03-31 02:19:49 [DEBUG] __main__ — [multi] выбор: acc5 (recv_count=1, remaining=99, last_event=recv) | stats={'acc1': {'recv_count': 1, 'remaining': 99, 'last_event': 'recv', 'busy': False}, 'acc2': {'recv_count': 1, 'remaining': 98, 'last_event': 'recv', 'busy': False}, 'acc3': {'recv_count': 1, 'remaining': 99, 'last_event': 'send', 'busy': False}, 'acc4': {'recv_count': 0, 'remaining': 99, 'last_event': 'send', 'busy': False}, 'acc5': {'recv_count': 1, 'remaining': 98, 'last_event': 'recv', 'busy': True}, 'acc6': {'recv_count': 0, 'remaining': 99, 'last_event': 'send', 'busy': False}}
2026-03-31 02:19:49 [DEBUG] __main__ — [transport:acc5] ws msg op=87 cmd=1
2026-03-31 02:19:49 [DEBUG] __main__ — [transport:acc5] jpeg-wrap raw=59 jpeg=705
2026-03-31 02:19:49 [DEBUG] __main__ — [transport:acc5] upload ok fileId=3057439014 size=59
2026-03-31 02:19:50 [DEBUG] __main__ — [transport:acc5] ws msg op=136 cmd=0
2026-03-31 02:19:50 [DEBUG] __main__ — [transport:acc5] ws msg op=64 cmd=1
2026-03-31 02:19:50 [DEBUG] __main__ — [transport:acc5] msg op=64 attaches=1
2026-03-31 02:19:50 [DEBUG] __main__ — [transport:acc5] skip own fileId=3057439014
2026-03-31 02:19:50 [DEBUG] __main__ — [transport:acc4] ws msg op=136 cmd=0
2026-03-31 02:19:50 [DEBUG] __main__ — [transport:acc4] ws msg op=128 cmd=0
2026-03-31 02:19:50 [DEBUG] __main__ — [transport:acc4] msg op=128 attaches=1
2026-03-31 02:19:50 [DEBUG] __main__ — [transport:acc4] incoming fileId=3059636566 msgId=116320920569858777
2026-03-31 02:19:50 [DEBUG] __main__ — [transport:acc4] ws msg op=88 cmd=1
2026-03-31 02:19:50 [DEBUG] __main__ — [transport:acc4] recv_file fileId=3059636566 size=3960
2026-03-31 02:19:50 [DEBUG] __main__ — [tun] ← 4 pkts  raw=3960B
2026-03-31 02:19:51 [DEBUG] __main__ — [tun] → 4 pkts  raw=313B  packed=218B
2026-03-31 02:19:51 [DEBUG] __main__ — [multi] ранжирование: {'acc1': {'recv_count': 1, 'remaining': 99, 'last_event': 'recv', 'r1': 2, 'r2': 1, 'r3': 1, 'score': '1.33'}, 'acc2': {'recv_count': 1, 'remaining': 98, 'last_event': 'recv', 'r1': 2, 'r2': 2, 'r3': 1, 'score': '1.67'}, 'acc3': {'recv_count': 1, 'remaining': 99, 'last_event': 'send', 'r1': 2, 'r2': 1, 'r3': 2, 'score': '1.67'}, 'acc4': {'recv_count': 1, 'remaining': 99, 'last_event': 'recv', 'r1': 2, 'r2': 1, 'r3': 1, 'score': '1.33'}, 'acc5': {'recv_count': 1, 'remaining': 98, 'last_event': 'send', 'r1': 2, 'r2': 2, 'r3': 2, 'score': '2.00'}, 'acc6': {'recv_count': 0, 'remaining': 99, 'last_event': 'send', 'r1': 1, 'r2': 1, 'r3': 2, 'score': '1.33'}}
2026-03-31 02:19:51 [DEBUG] __main__ — [multi] выбор: acc1 (recv_count=1, remaining=99, last_event=recv) | stats={'acc1': {'recv_count': 1, 'remaining': 98, 'last_event': 'recv', 'busy': True}, 'acc2': {'recv_count': 1, 'remaining': 98, 'last_event': 'recv', 'busy': False}, 'acc3': {'recv_count': 1, 'remaining': 99, 'last_event': 'send', 'busy': False}, 'acc4': {'recv_count': 1, 'remaining': 99, 'last_event': 'recv', 'busy': False}, 'acc5': {'recv_count': 1, 'remaining': 98, 'last_event': 'send', 'busy': False}, 'acc6': {'recv_count': 0, 'remaining': 99, 'last_event': 'send', 'busy': False}}
2026-03-31 02:19:51 [DEBUG] __main__ — [transport:acc1] ws msg op=87 cmd=1
2026-03-31 02:19:51 [DEBUG] __main__ — [transport:acc1] jpeg-wrap raw=218 jpeg=864
2026-03-31 02:19:51 [DEBUG] __main__ — [transport:acc1] upload ok fileId=3056064215 size=218
2026-03-31 02:19:51 [DEBUG] __main__ — [transport:acc1] ws msg op=136 cmd=0
2026-03-31 02:19:51 [DEBUG] __main__ — [transport:acc1] ws msg op=64 cmd=1
2026-03-31 02:19:51 [DEBUG] __main__ — [transport:acc1] msg op=64 attaches=1
2026-03-31 02:19:51 [DEBUG] __main__ — [transport:acc1] skip own fileId=3056064215
2026-03-31 02:19:52 [DEBUG] __main__ — [transport:acc6] ws msg op=136 cmd=0
2026-03-31 02:19:52 [DEBUG] __main__ — [transport:acc6] ws msg op=128 cmd=0
2026-03-31 02:19:52 [DEBUG] __main__ — [transport:acc6] msg op=128 attaches=1
2026-03-31 02:19:52 [DEBUG] __main__ — [transport:acc6] incoming fileId=3054937582 msgId=116320920702512882
2026-03-31 02:19:52 [DEBUG] __main__ — [transport:acc6] ws msg op=88 cmd=1
2026-03-31 02:19:52 [DEBUG] __main__ — [transport:acc6] recv_file fileId=3054937582 size=232
2026-03-31 02:19:52 [DEBUG] __main__ — [tun] ← 2 pkts  raw=232B
2026-03-31 02:19:53 [DEBUG] __main__ — [tun] → 5 pkts  raw=527B  packed=377B
2026-03-31 02:19:53 [DEBUG] __main__ — [multi] ранжирование: {'acc1': {'recv_count': 1, 'remaining': 98, 'last_event': 'send', 'r1': 1, 'r2': 2, 'r3': 2, 'score': '1.67'}, 'acc2': {'recv_count': 1, 'remaining': 98, 'last_event': 'recv', 'r1': 1, 'r2': 2, 'r3': 1, 'score': '1.33'}, 'acc3': {'recv_count': 1, 'remaining': 99, 'last_event': 'send', 'r1': 1, 'r2': 1, 'r3': 2, 'score': '1.33'}, 'acc4': {'recv_count': 1, 'remaining': 99, 'last_event': 'recv', 'r1': 1, 'r2': 1, 'r3': 1, 'score': '1.00'}, 'acc5': {'recv_count': 1, 'remaining': 98, 'last_event': 'send', 'r1': 1, 'r2': 2, 'r3': 2, 'score': '1.67'}, 'acc6': {'recv_count': 1, 'remaining': 99, 'last_event': 'recv', 'r1': 1, 'r2': 1, 'r3': 1, 'score': '1.00'}}
2026-03-31 02:19:53 [DEBUG] __main__ — [multi] выбор: acc6 (recv_count=1, remaining=99, last_event=recv) | stats={'acc1': {'recv_count': 1, 'remaining': 98, 'last_event': 'send', 'busy': False}, 'acc2': {'recv_count': 1, 'remaining': 98, 'last_event': 'recv', 'busy': False}, 'acc3': {'recv_count': 1, 'remaining': 99, 'last_event': 'send', 'busy': False}, 'acc4': {'recv_count': 1, 'remaining': 99, 'last_event': 'recv', 'busy': False}, 'acc5': {'recv_count': 1, 'remaining': 98, 'last_event': 'send', 'busy': False}, 'acc6': {'recv_count': 1, 'remaining': 98, 'last_event': 'recv', 'busy': True}}
2026-03-31 02:19:53 [DEBUG] __main__ — [transport:acc6] ws msg op=87 cmd=1
2026-03-31 02:19:53 [DEBUG] __main__ — [transport:acc6] jpeg-wrap raw=377 jpeg=1023
2026-03-31 02:19:53 [DEBUG] __main__ — [transport:acc6] upload ok fileId=3048217568 size=377
2026-03-31 02:19:53 [DEBUG] __main__ — [transport:acc6] ws msg op=136 cmd=0
2026-03-31 02:19:53 [DEBUG] __main__ — [transport:acc6] ws msg op=64 cmd=1
2026-03-31 02:19:53 [DEBUG] __main__ — [transport:acc6] msg op=64 attaches=1
2026-03-31 02:19:53 [DEBUG] __main__ — [transport:acc6] skip own fileId=3048217568
2026-03-31 02:19:53 [DEBUG] __main__ — [transport:acc3] ws msg op=136 cmd=0
2026-03-31 02:19:53 [DEBUG] __main__ — [transport:acc3] ws msg op=128 cmd=0
2026-03-31 02:19:53 [DEBUG] __main__ — [transport:acc3] msg op=128 attaches=1
2026-03-31 02:19:53 [DEBUG] __main__ — [transport:acc3] incoming fileId=3055869849 msgId=116320920793258998
2026-03-31 02:19:54 [DEBUG] __main__ — [transport:acc3] ws msg op=88 cmd=1
2026-03-31 02:19:54 [DEBUG] __main__ — [transport:acc3] recv_file fileId=3055869849 size=54
2026-03-31 02:19:54 [DEBUG] __main__ — [tun] ← 1 pkts  raw=54B
2026-03-31 02:19:54 [DEBUG] __main__ — [transport:acc5] ws msg op=136 cmd=0
2026-03-31 02:19:54 [DEBUG] __main__ — [transport:acc5] ws msg op=128 cmd=0
2026-03-31 02:19:54 [DEBUG] __main__ — [transport:acc5] msg op=128 attaches=1
2026-03-31 02:19:54 [DEBUG] __main__ — [transport:acc5] incoming fileId=3058618702 msgId=116320920837246884
2026-03-31 02:19:54 [DEBUG] __main__ — [transport:acc5] ws msg op=88 cmd=1
2026-03-31 02:19:54 [DEBUG] __main__ — [transport:acc5] recv_file fileId=3058618702 size=12652
2026-03-31 02:19:54 [DEBUG] __main__ — [tun] ← 19 pkts  raw=12652B
2026-03-31 02:19:55 [DEBUG] __main__ — [tun] → 7 pkts  raw=382B  packed=178B
2026-03-31 02:19:55 [DEBUG] __main__ — [multi] ранжирование: {'acc1': {'recv_count': 1, 'remaining': 98, 'last_event': 'send', 'r1': 1, 'r2': 2, 'r3': 2, 'score': '1.67'}, 'acc2': {'recv_count': 1, 'remaining': 98, 'last_event': 'recv', 'r1': 1, 'r2': 2, 'r3': 1, 'score': '1.33'}, 'acc3': {'recv_count': 2, 'remaining': 99, 'last_event': 'recv', 'r1': 2, 'r2': 1, 'r3': 1, 'score': '1.33'}, 'acc4': {'recv_count': 1, 'remaining': 99, 'last_event': 'recv', 'r1': 1, 'r2': 1, 'r3': 1, 'score': '1.00'}, 'acc5': {'recv_count': 2, 'remaining': 98, 'last_event': 'recv', 'r1': 2, 'r2': 2, 'r3': 1, 'score': '1.67'}, 'acc6': {'recv_count': 1, 'remaining': 98, 'last_event': 'send', 'r1': 1, 'r2': 2, 'r3': 2, 'score': '1.67'}}
2026-03-31 02:19:55 [DEBUG] __main__ — [multi] выбор: acc4 (recv_count=1, remaining=99, last_event=recv) | stats={'acc1': {'recv_count': 1, 'remaining': 98, 'last_event': 'send', 'busy': False}, 'acc2': {'recv_count': 1, 'remaining': 98, 'last_event': 'recv', 'busy': False}, 'acc3': {'recv_count': 2, 'remaining': 99, 'last_event': 'recv', 'busy': False}, 'acc4': {'recv_count': 1, 'remaining': 98, 'last_event': 'recv', 'busy': True}, 'acc5': {'recv_count': 2, 'remaining': 98, 'last_event': 'recv', 'busy': False}, 'acc6': {'recv_count': 1, 'remaining': 98, 'last_event': 'send', 'busy': False}}
2026-03-31 02:19:55 [DEBUG] __main__ — [transport:acc4] ws msg op=87 cmd=1
2026-03-31 02:19:55 [DEBUG] __main__ — [transport:acc4] jpeg-wrap raw=178 jpeg=824
2026-03-31 02:19:55 [DEBUG] __main__ — [transport:acc4] upload ok fileId=3044384936 size=178
2026-03-31 02:19:55 [DEBUG] __main__ — [transport:acc4] ws msg op=136 cmd=0
2026-03-31 02:19:55 [DEBUG] __main__ — [transport:acc4] ws msg op=64 cmd=1
2026-03-31 02:19:55 [DEBUG] __main__ — [transport:acc4] msg op=64 attaches=1
2026-03-31 02:19:55 [DEBUG] __main__ — [transport:acc4] skip own fileId=3044384936
2026-03-31 02:19:56 [DEBUG] __main__ — [transport:acc1] ws msg op=136 cmd=0
2026-03-31 02:19:56 [DEBUG] __main__ — [transport:acc1] ws msg op=128 cmd=0
2026-03-31 02:19:56 [DEBUG] __main__ — [transport:acc1] msg op=128 attaches=1
2026-03-31 02:19:56 [DEBUG] __main__ — [transport:acc1] incoming fileId=3050225360 msgId=116320920989354044
2026-03-31 02:19:56 [DEBUG] __main__ — [transport:acc1] ws msg op=88 cmd=1
2026-03-31 02:19:57 [DEBUG] __main__ — [transport:acc1] recv_file fileId=3050225360 size=28772
2026-03-31 02:19:57 [DEBUG] __main__ — [tun] ← 28 pkts  raw=28772B
2026-03-31 02:19:57 [DEBUG] __main__ — [tun] → 12 pkts  raw=652B  packed=248B
2026-03-31 02:19:57 [DEBUG] __main__ — [multi] ранжирование: {'acc1': {'recv_count': 2, 'remaining': 98, 'last_event': 'recv', 'r1': 2, 'r2': 2, 'r3': 1, 'score': '1.67'}, 'acc2': {'recv_count': 1, 'remaining': 98, 'last_event': 'recv', 'r1': 1, 'r2': 2, 'r3': 1, 'score': '1.33'}, 'acc3': {'recv_count': 2, 'remaining': 99, 'last_event': 'recv', 'r1': 2, 'r2': 1, 'r3': 1, 'score': '1.33'}, 'acc4': {'recv_count': 1, 'remaining': 98, 'last_event': 'send', 'r1': 1, 'r2': 2, 'r3': 2, 'score': '1.67'}, 'acc5': {'recv_count': 2, 'remaining': 98, 'last_event': 'recv', 'r1': 2, 'r2': 2, 'r3': 1, 'score': '1.67'}, 'acc6': {'recv_count': 1, 'remaining': 98, 'last_event': 'send', 'r1': 1, 'r2': 2, 'r3': 2, 'score': '1.67'}}
2026-03-31 02:19:57 [DEBUG] __main__ — [multi] выбор: acc3 (recv_count=2, remaining=99, last_event=recv) | stats={'acc1': {'recv_count': 2, 'remaining': 98, 'last_event': 'recv', 'busy': False}, 'acc2': {'recv_count': 1, 'remaining': 98, 'last_event': 'recv', 'busy': False}, 'acc3': {'recv_count': 2, 'remaining': 98, 'last_event': 'recv', 'busy': True}, 'acc4': {'recv_count': 1, 'remaining': 98, 'last_event': 'send', 'busy': False}, 'acc5': {'recv_count': 2, 'remaining': 98, 'last_event': 'recv', 'busy': False}, 'acc6': {'recv_count': 1, 'remaining': 98, 'last_event': 'send', 'busy': False}}
2026-03-31 02:19:57 [DEBUG] __main__ — [transport:acc3] ws msg op=87 cmd=1
2026-03-31 02:19:57 [DEBUG] __main__ — [transport:acc3] jpeg-wrap raw=248 jpeg=894
2026-03-31 02:19:57 [DEBUG] __main__ — [transport:acc3] upload ok fileId=3055063778 size=248
2026-03-31 02:19:57 [DEBUG] __main__ — [transport:acc3] ws msg op=136 cmd=0
2026-03-31 02:19:57 [DEBUG] __main__ — [transport:acc3] ws msg op=64 cmd=1
2026-03-31 02:19:57 [DEBUG] __main__ — [transport:acc3] msg op=64 attaches=1
2026-03-31 02:19:57 [DEBUG] __main__ — [transport:acc3] skip own fileId=3055063778
2026-03-31 02:19:58 [DEBUG] __main__ — [transport:acc3] ws msg op=136 cmd=0
2026-03-31 02:19:58 [DEBUG] __main__ — [transport:acc3] ws msg op=128 cmd=0
2026-03-31 02:19:58 [DEBUG] __main__ — [transport:acc3] msg op=128 attaches=1
2026-03-31 02:19:58 [DEBUG] __main__ — [transport:acc3] incoming fileId=3053195375 msgId=116320921109946330
2026-03-31 02:19:58 [DEBUG] __main__ — [transport:acc3] ws msg op=88 cmd=1
2026-03-31 02:19:58 [DEBUG] __main__ — [transport:acc3] recv_file fileId=3053195375 size=62396
2026-03-31 02:19:58 [DEBUG] __main__ — [tun] ← 56 pkts  raw=62396B
2026-03-31 02:19:59 [DEBUG] __main__ — [tun] → 28 pkts  raw=1516B  packed=499B
2026-03-31 02:19:59 [DEBUG] __main__ — [multi] ранжирование: {'acc1': {'recv_count': 2, 'remaining': 98, 'last_event': 'recv', 'r1': 2, 'r2': 1, 'r3': 1, 'score': '1.33'}, 'acc2': {'recv_count': 1, 'remaining': 98, 'last_event': 'recv', 'r1': 1, 'r2': 1, 'r3': 1, 'score': '1.00'}, 'acc3': {'recv_count': 3, 'remaining': 98, 'last_event': 'recv', 'r1': 3, 'r2': 1, 'r3': 1, 'score': '1.67'}, 'acc4': {'recv_count': 1, 'remaining': 98, 'last_event': 'send', 'r1': 1, 'r2': 1, 'r3': 2, 'score': '1.33'}, 'acc5': {'recv_count': 2, 'remaining': 98, 'last_event': 'recv', 'r1': 2, 'r2': 1, 'r3': 1, 'score': '1.33'}, 'acc6': {'recv_count': 1, 'remaining': 98, 'last_event': 'send', 'r1': 1, 'r2': 1, 'r3': 2, 'score': '1.33'}}
2026-03-31 02:19:59 [DEBUG] __main__ — [multi] выбор: acc2 (recv_count=1, remaining=98, last_event=recv) | stats={'acc1': {'recv_count': 2, 'remaining': 98, 'last_event': 'recv', 'busy': False}, 'acc2': {'recv_count': 1, 'remaining': 97, 'last_event': 'recv', 'busy': True}, 'acc3': {'recv_count': 3, 'remaining': 98, 'last_event': 'recv', 'busy': False}, 'acc4': {'recv_count': 1, 'remaining': 98, 'last_event': 'send', 'busy': False}, 'acc5': {'recv_count': 2, 'remaining': 98, 'last_event': 'recv', 'busy': False}, 'acc6': {'recv_count': 1, 'remaining': 98, 'last_event': 'send', 'busy': False}}
2026-03-31 02:19:59 [DEBUG] __main__ — [transport:acc2] ws msg op=87 cmd=1
2026-03-31 02:19:59 [DEBUG] __main__ — [transport:acc2] jpeg-wrap raw=499 jpeg=1145
2026-03-31 02:19:59 [DEBUG] __main__ — [transport:acc2] upload ok fileId=3056954364 size=499
2026-03-31 02:19:59 [DEBUG] __main__ — [transport:acc2] ws msg op=136 cmd=0
2026-03-31 02:19:59 [DEBUG] __main__ — [transport:acc2] ws msg op=64 cmd=1
2026-03-31 02:19:59 [DEBUG] __main__ — [transport:acc2] msg op=64 attaches=1
2026-03-31 02:19:59 [DEBUG] __main__ — [transport:acc2] skip own fileId=3056954364
2026-03-31 02:20:00 [DEBUG] __main__ — [transport:acc4] ws msg op=136 cmd=0
2026-03-31 02:20:00 [DEBUG] __main__ — [transport:acc4] ws msg op=128 cmd=0
2026-03-31 02:20:00 [DEBUG] __main__ — [transport:acc4] msg op=128 attaches=1
2026-03-31 02:20:00 [DEBUG] __main__ — [transport:acc4] incoming fileId=3054219619 msgId=116320921227831903
2026-03-31 02:20:00 [DEBUG] __main__ — [transport:acc4] ws msg op=88 cmd=1
2026-03-31 02:20:00 [DEBUG] __main__ — [transport:acc4] recv_file fileId=3054219619 size=50102
2026-03-31 02:20:00 [DEBUG] __main__ — [tun] ← 46 pkts  raw=50102B
2026-03-31 02:20:01 [DEBUG] __main__ — [tun] → 26 pkts  raw=1447B  packed=564B
2026-03-31 02:20:01 [DEBUG] __main__ — [multi] ранжирование: {'acc1': {'recv_count': 2, 'remaining': 98, 'last_event': 'recv', 'r1': 2, 'r2': 1, 'r3': 1, 'score': '1.33'}, 'acc2': {'recv_count': 1, 'remaining': 97, 'last_event': 'send', 'r1': 1, 'r2': 2, 'r3': 2, 'score': '1.67'}, 'acc3': {'recv_count': 3, 'remaining': 98, 'last_event': 'recv', 'r1': 3, 'r2': 1, 'r3': 1, 'score': '1.67'}, 'acc4': {'recv_count': 2, 'remaining': 98, 'last_event': 'recv', 'r1': 2, 'r2': 1, 'r3': 1, 'score': '1.33'}, 'acc5': {'recv_count': 2, 'remaining': 98, 'last_event': 'recv', 'r1': 2, 'r2': 1, 'r3': 1, 'score': '1.33'}, 'acc6': {'recv_count': 1, 'remaining': 98, 'last_event': 'send', 'r1': 1, 'r2': 1, 'r3': 2, 'score': '1.33'}}
2026-03-31 02:20:01 [DEBUG] __main__ — [multi] выбор: acc4 (recv_count=2, remaining=98, last_event=recv) | stats={'acc1': {'recv_count': 2, 'remaining': 98, 'last_event': 'recv', 'busy': False}, 'acc2': {'recv_count': 1, 'remaining': 97, 'last_event': 'send', 'busy': False}, 'acc3': {'recv_count': 3, 'remaining': 98, 'last_event': 'recv', 'busy': False}, 'acc4': {'recv_count': 2, 'remaining': 97, 'last_event': 'recv', 'busy': True}, 'acc5': {'recv_count': 2, 'remaining': 98, 'last_event': 'recv', 'busy': False}, 'acc6': {'recv_count': 1, 'remaining': 98, 'last_event': 'send', 'busy': False}}
2026-03-31 02:20:01 [DEBUG] __main__ — [transport:acc4] ws msg op=87 cmd=1
2026-03-31 02:20:01 [DEBUG] __main__ — [transport:acc4] jpeg-wrap raw=564 jpeg=1210
2026-03-31 02:20:01 [DEBUG] __main__ — [transport:acc4] upload ok fileId=3052338701 size=564
2026-03-31 02:20:01 [DEBUG] __main__ — [transport:acc4] ws msg op=136 cmd=0
2026-03-31 02:20:01 [DEBUG] __main__ — [transport:acc4] ws msg op=64 cmd=1
2026-03-31 02:20:01 [DEBUG] __main__ — [transport:acc4] msg op=64 attaches=1
2026-03-31 02:20:01 [DEBUG] __main__ — [transport:acc4] skip own fileId=3052338701
2026-03-31 02:20:02 [DEBUG] __main__ — [tun] → 1 pkts  raw=66B  packed=67B
2026-03-31 02:20:02 [DEBUG] __main__ — [multi] ранжирование: {'acc1': {'recv_count': 2, 'remaining': 98, 'last_event': 'recv', 'r1': 2, 'r2': 1, 'r3': 1, 'score': '1.33'}, 'acc2': {'recv_count': 1, 'remaining': 97, 'last_event': 'send', 'r1': 1, 'r2': 2, 'r3': 2, 'score': '1.67'}, 'acc3': {'recv_count': 3, 'remaining': 98, 'last_event': 'recv', 'r1': 3, 'r2': 1, 'r3': 1, 'score': '1.67'}, 'acc4': {'recv_count': 2, 'remaining': 97, 'last_event': 'send', 'r1': 2, 'r2': 2, 'r3': 2, 'score': '2.00'}, 'acc5': {'recv_count': 2, 'remaining': 98, 'last_event': 'recv', 'r1': 2, 'r2': 1, 'r3': 1, 'score': '1.33'}, 'acc6': {'recv_count': 1, 'remaining': 98, 'last_event': 'send', 'r1': 1, 'r2': 1, 'r3': 2, 'score': '1.33'}}
2026-03-31 02:20:02 [DEBUG] __main__ — [multi] выбор: acc6 (recv_count=1, remaining=98, last_event=send) | stats={'acc1': {'recv_count': 2, 'remaining': 98, 'last_event': 'recv', 'busy': False}, 'acc2': {'recv_count': 1, 'remaining': 97, 'last_event': 'send', 'busy': False}, 'acc3': {'recv_count': 3, 'remaining': 98, 'last_event': 'recv', 'busy': False}, 'acc4': {'recv_count': 2, 'remaining': 97, 'last_event': 'send', 'busy': False}, 'acc5': {'recv_count': 2, 'remaining': 98, 'last_event': 'recv', 'busy': False}, 'acc6': {'recv_count': 1, 'remaining': 97, 'last_event': 'send', 'busy': True}}
2026-03-31 02:20:02 [DEBUG] __main__ — [transport:acc6] ws msg op=87 cmd=1
2026-03-31 02:20:02 [DEBUG] __main__ — [transport:acc6] jpeg-wrap raw=67 jpeg=713
2026-03-31 02:20:02 [DEBUG] __main__ — [transport:acc6] upload ok fileId=3053501751 size=67
2026-03-31 02:20:02 [DEBUG] __main__ — [transport:acc6] ws msg op=136 cmd=0
2026-03-31 02:20:02 [DEBUG] __main__ — [transport:acc6] ws msg op=128 cmd=0
2026-03-31 02:20:02 [DEBUG] __main__ — [transport:acc6] msg op=128 attaches=1
2026-03-31 02:20:02 [DEBUG] __main__ — [transport:acc6] incoming fileId=3045914516 msgId=116320921343312640
2026-03-31 02:20:02 [DEBUG] __main__ — [transport:acc6] ws msg op=136 cmd=0
2026-03-31 02:20:02 [DEBUG] __main__ — [transport:acc6] ws msg op=88 cmd=1
2026-03-31 02:20:02 [DEBUG] __main__ — [transport:acc6] recv_file fileId=3045914516 size=228
2026-03-31 02:20:02 [DEBUG] __main__ — [tun] ← 4 pkts  raw=228B
2026-03-31 02:20:02 [DEBUG] __main__ — [transport:acc6] ws msg op=64 cmd=1
2026-03-31 02:20:02 [DEBUG] __main__ — [transport:acc6] msg op=64 attaches=1
2026-03-31 02:20:02 [DEBUG] __main__ — [transport:acc6] skip own fileId=3053501751
2026-03-31 02:20:02 [DEBUG] __main__ — [tun] → 3 pkts  raw=683B  packed=467B
2026-03-31 02:20:02 [DEBUG] __main__ — [multi] ранжирование: {'acc1': {'recv_count': 2, 'remaining': 98, 'last_event': 'recv', 'r1': 2, 'r2': 1, 'r3': 1, 'score': '1.33'}, 'acc2': {'recv_count': 1, 'remaining': 97, 'last_event': 'send', 'r1': 1, 'r2': 2, 'r3': 2, 'score': '1.67'}, 'acc3': {'recv_count': 3, 'remaining': 98, 'last_event': 'recv', 'r1': 3, 'r2': 1, 'r3': 1, 'score': '1.67'}, 'acc4': {'recv_count': 2, 'remaining': 97, 'last_event': 'send', 'r1': 2, 'r2': 2, 'r3': 2, 'score': '2.00'}, 'acc5': {'recv_count': 2, 'remaining': 98, 'last_event': 'recv', 'r1': 2, 'r2': 1, 'r3': 1, 'score': '1.33'}, 'acc6': {'recv_count': 2, 'remaining': 97, 'last_event': 'recv', 'r1': 2, 'r2': 2, 'r3': 1, 'score': '1.67'}}
2026-03-31 02:20:02 [DEBUG] __main__ — [multi] выбор: acc5 (recv_count=2, remaining=98, last_event=recv) | stats={'acc1': {'recv_count': 2, 'remaining': 98, 'last_event': 'recv', 'busy': False}, 'acc2': {'recv_count': 1, 'remaining': 97, 'last_event': 'send', 'busy': False}, 'acc3': {'recv_count': 3, 'remaining': 98, 'last_event': 'recv', 'busy': False}, 'acc4': {'recv_count': 2, 'remaining': 97, 'last_event': 'send', 'busy': False}, 'acc5': {'recv_count': 2, 'remaining': 97, 'last_event': 'recv', 'busy': True}, 'acc6': {'recv_count': 2, 'remaining': 97, 'last_event': 'recv', 'busy': False}}
2026-03-31 02:20:02 [DEBUG] __main__ — [transport:acc5] ws msg op=87 cmd=1
2026-03-31 02:20:02 [DEBUG] __main__ — [transport:acc5] jpeg-wrap raw=467 jpeg=1113
2026-03-31 02:20:02 [DEBUG] __main__ — [transport:acc5] upload ok fileId=3052883157 size=467
2026-03-31 02:20:03 [DEBUG] __main__ — [transport:acc5] ws msg op=136 cmd=0
2026-03-31 02:20:03 [DEBUG] __main__ — [transport:acc5] ws msg op=64 cmd=1
2026-03-31 02:20:03 [DEBUG] __main__ — [transport:acc5] msg op=64 attaches=1
2026-03-31 02:20:03 [DEBUG] __main__ — [transport:acc5] skip own fileId=3052883157
2026-03-31 02:20:03 [DEBUG] __main__ — [transport:acc2] ws msg op=136 cmd=0
2026-03-31 02:20:03 [DEBUG] __main__ — [transport:acc2] ws msg op=128 cmd=0
2026-03-31 02:20:03 [DEBUG] __main__ — [transport:acc2] msg op=128 attaches=1
2026-03-31 02:20:03 [DEBUG] __main__ — [transport:acc2] incoming fileId=3049884287 msgId=116320921423404666
2026-03-31 02:20:03 [DEBUG] __main__ — [transport:acc2] ws msg op=88 cmd=1
2026-03-31 02:20:03 [DEBUG] __main__ — [transport:acc2] recv_file fileId=3049884287 size=120
2026-03-31 02:20:03 [DEBUG] __main__ — [tun] ← 2 pkts  raw=120B
2026-03-31 02:20:03 [DEBUG] __main__ — [transport:acc1] ws msg op=136 cmd=0
2026-03-31 02:20:04 [DEBUG] __main__ — [transport:acc1] ws msg op=128 cmd=0
2026-03-31 02:20:04 [DEBUG] __main__ — [transport:acc1] msg op=128 attaches=1
2026-03-31 02:20:04 [DEBUG] __main__ — [transport:acc1] incoming fileId=3051833653 msgId=116320921454778561
2026-03-31 02:20:04 [DEBUG] __main__ — [transport:acc1] ws msg op=88 cmd=1
2026-03-31 02:20:04 [DEBUG] __main__ — [transport:acc1] recv_file fileId=3051833653 size=3961
2026-03-31 02:20:04 [DEBUG] __main__ — [tun] ← 4 pkts  raw=3961B
2026-03-31 02:20:04 [DEBUG] __main__ — [tun] → 5 pkts  raw=367B  packed=242B
2026-03-31 02:20:04 [DEBUG] __main__ — [multi] ранжирование: {'acc1': {'recv_count': 3, 'remaining': 98, 'last_event': 'recv', 'r1': 2, 'r2': 1, 'r3': 1, 'score': '1.33'}, 'acc2': {'recv_count': 2, 'remaining': 97, 'last_event': 'recv', 'r1': 1, 'r2': 2, 'r3': 1, 'score': '1.33'}, 'acc3': {'recv_count': 3, 'remaining': 98, 'last_event': 'recv', 'r1': 2, 'r2': 1, 'r3': 1, 'score': '1.33'}, 'acc4': {'recv_count': 2, 'remaining': 97, 'last_event': 'send', 'r1': 1, 'r2': 2, 'r3': 2, 'score': '1.67'}, 'acc5': {'recv_count': 2, 'remaining': 97, 'last_event': 'send', 'r1': 1, 'r2': 2, 'r3': 2, 'score': '1.67'}, 'acc6': {'recv_count': 2, 'remaining': 97, 'last_event': 'recv', 'r1': 1, 'r2': 2, 'r3': 1, 'score': '1.33'}}
2026-03-31 02:20:04 [DEBUG] __main__ — [multi] выбор: acc3 (recv_count=3, remaining=98, last_event=recv) | stats={'acc1': {'recv_count': 3, 'remaining': 98, 'last_event': 'recv', 'busy': False}, 'acc2': {'recv_count': 2, 'remaining': 97, 'last_event': 'recv', 'busy': False}, 'acc3': {'recv_count': 3, 'remaining': 97, 'last_event': 'recv', 'busy': True}, 'acc4': {'recv_count': 2, 'remaining': 97, 'last_event': 'send', 'busy': False}, 'acc5': {'recv_count': 2, 'remaining': 97, 'last_event': 'send', 'busy': False}, 'acc6': {'recv_count': 2, 'remaining': 97, 'last_event': 'recv', 'busy': False}}
2026-03-31 02:20:04 [DEBUG] __main__ — [transport:acc3] ws msg op=87 cmd=1
2026-03-31 02:20:04 [DEBUG] __main__ — [transport:acc3] jpeg-wrap raw=242 jpeg=888
2026-03-31 02:20:04 [DEBUG] __main__ — [transport:acc3] upload ok fileId=3049895071 size=242
2026-03-31 02:20:04 [DEBUG] __main__ — [transport:acc3] ws msg op=136 cmd=0
2026-03-31 02:20:04 [DEBUG] __main__ — [transport:acc3] ws msg op=64 cmd=1
2026-03-31 02:20:04 [DEBUG] __main__ — [transport:acc3] msg op=64 attaches=1
2026-03-31 02:20:04 [DEBUG] __main__ — [transport:acc3] skip own fileId=3049895071
2026-03-31 02:20:05 [DEBUG] __main__ — [transport:acc5] ws msg op=136 cmd=0
2026-03-31 02:20:05 [DEBUG] __main__ — [transport:acc5] ws msg op=128 cmd=0
2026-03-31 02:20:05 [DEBUG] __main__ — [transport:acc5] msg op=128 attaches=1
2026-03-31 02:20:05 [DEBUG] __main__ — [transport:acc5] incoming fileId=3055357702 msgId=116320921533695115
2026-03-31 02:20:05 [DEBUG] __main__ — [transport:acc5] ws msg op=88 cmd=1
2026-03-31 02:20:05 [DEBUG] __main__ — [transport:acc5] recv_file fileId=3055357702 size=286
2026-03-31 02:20:05 [DEBUG] __main__ — [tun] ← 3 pkts  raw=286B
2026-03-31 02:20:05 [DEBUG] __main__ — [tun] → 5 pkts  raw=527B  packed=382B
2026-03-31 02:20:05 [DEBUG] __main__ — [multi] ранжирование: {'acc1': {'recv_count': 3, 'remaining': 98, 'last_event': 'recv', 'r1': 2, 'r2': 1, 'r3': 1, 'score': '1.33'}, 'acc2': {'recv_count': 2, 'remaining': 97, 'last_event': 'recv', 'r1': 1, 'r2': 2, 'r3': 1, 'score': '1.33'}, 'acc3': {'recv_count': 3, 'remaining': 97, 'last_event': 'send', 'r1': 2, 'r2': 2, 'r3': 2, 'score': '2.00'}, 'acc4': {'recv_count': 2, 'remaining': 97, 'last_event': 'send', 'r1': 1, 'r2': 2, 'r3': 2, 'score': '1.67'}, 'acc5': {'recv_count': 3, 'remaining': 97, 'last_event': 'recv', 'r1': 2, 'r2': 2, 'r3': 1, 'score': '1.67'}, 'acc6': {'recv_count': 2, 'remaining': 97, 'last_event': 'recv', 'r1': 1, 'r2': 2, 'r3': 1, 'score': '1.33'}}
2026-03-31 02:20:05 [DEBUG] __main__ — [multi] выбор: acc1 (recv_count=3, remaining=98, last_event=recv) | stats={'acc1': {'recv_count': 3, 'remaining': 97, 'last_event': 'recv', 'busy': True}, 'acc2': {'recv_count': 2, 'remaining': 97, 'last_event': 'recv', 'busy': False}, 'acc3': {'recv_count': 3, 'remaining': 97, 'last_event': 'send', 'busy': False}, 'acc4': {'recv_count': 2, 'remaining': 97, 'last_event': 'send', 'busy': False}, 'acc5': {'recv_count': 3, 'remaining': 97, 'last_event': 'recv', 'busy': False}, 'acc6': {'recv_count': 2, 'remaining': 97, 'last_event': 'recv', 'busy': False}}
2026-03-31 02:20:05 [DEBUG] __main__ — [transport:acc1] ws msg op=87 cmd=1
2026-03-31 02:20:05 [DEBUG] __main__ — [transport:acc1] jpeg-wrap raw=382 jpeg=1028
2026-03-31 02:20:05 [DEBUG] __main__ — [transport:acc1] upload ok fileId=3057446188 size=382
2026-03-31 02:20:05 [DEBUG] __main__ — [transport:acc1] ws msg op=136 cmd=0
2026-03-31 02:20:06 [DEBUG] __main__ — [transport:acc1] ws msg op=64 cmd=1
2026-03-31 02:20:06 [DEBUG] __main__ — [transport:acc1] msg op=64 attaches=1
2026-03-31 02:20:06 [DEBUG] __main__ — [transport:acc1] skip own fileId=3057446188
2026-03-31 02:20:06 [DEBUG] __main__ — [transport:acc2] ws msg op=1 cmd=1
2026-03-31 02:20:06 [DEBUG] __main__ — [transport:acc4] ws msg op=1 cmd=1
2026-03-31 02:20:06 [DEBUG] __main__ — [transport:acc3] ws msg op=1 cmd=1
2026-03-31 02:20:06 [DEBUG] __main__ — [transport:acc1] ws msg op=1 cmd=1
2026-03-31 02:20:06 [DEBUG] __main__ — [transport:acc6] ws msg op=1 cmd=1
2026-03-31 02:20:06 [DEBUG] __main__ — [transport:acc4] ws msg op=48 cmd=1
2026-03-31 02:20:06 [DEBUG] __main__ — [transport:acc2] ws msg op=48 cmd=1
2026-03-31 02:20:06 [DEBUG] __main__ — [transport:acc5] ws msg op=1 cmd=1
2026-03-31 02:20:06 [DEBUG] __main__ — [transport:acc5] ws msg op=48 cmd=1
2026-03-31 02:20:06 [DEBUG] __main__ — [transport:acc1] ws msg op=132 cmd=0
2026-03-31 02:20:06 [DEBUG] __main__ — [transport:acc1] ws msg op=48 cmd=1
2026-03-31 02:20:06 [DEBUG] __main__ — [transport:acc3] ws msg op=48 cmd=1
2026-03-31 02:20:06 [DEBUG] __main__ — [transport:acc6] ws msg op=48 cmd=1
2026-03-31 02:20:06 [DEBUG] __main__ — [tun] → 1 pkts  raw=54B  packed=48B
2026-03-31 02:20:06 [DEBUG] __main__ — [multi] ранжирование: {'acc1': {'recv_count': 3, 'remaining': 97, 'last_event': 'send', 'r1': 2, 'r2': 1, 'r3': 2, 'score': '1.67'}, 'acc2': {'recv_count': 2, 'remaining': 97, 'last_event': 'recv', 'r1': 1, 'r2': 1, 'r3': 1, 'score': '1.00'}, 'acc3': {'recv_count': 3, 'remaining': 97, 'last_event': 'send', 'r1': 2, 'r2': 1, 'r3': 2, 'score': '1.67'}, 'acc4': {'recv_count': 2, 'remaining': 97, 'last_event': 'send', 'r1': 1, 'r2': 1, 'r3': 2, 'score': '1.33'}, 'acc5': {'recv_count': 3, 'remaining': 97, 'last_event': 'recv', 'r1': 2, 'r2': 1, 'r3': 1, 'score': '1.33'}, 'acc6': {'recv_count': 2, 'remaining': 97, 'last_event': 'recv', 'r1': 1, 'r2': 1, 'r3': 1, 'score': '1.00'}}
2026-03-31 02:20:06 [DEBUG] __main__ — [multi] выбор: acc6 (recv_count=2, remaining=97, last_event=recv) | stats={'acc1': {'recv_count': 3, 'remaining': 97, 'last_event': 'send', 'busy': False}, 'acc2': {'recv_count': 2, 'remaining': 97, 'last_event': 'recv', 'busy': False}, 'acc3': {'recv_count': 3, 'remaining': 97, 'last_event': 'send', 'busy': False}, 'acc4': {'recv_count': 2, 'remaining': 97, 'last_event': 'send', 'busy': False}, 'acc5': {'recv_count': 3, 'remaining': 97, 'last_event': 'recv', 'busy': False}, 'acc6': {'recv_count': 2, 'remaining': 96, 'last_event': 'recv', 'busy': True}}
2026-03-31 02:20:06 [DEBUG] __main__ — [transport:acc6] ws msg op=87 cmd=1
2026-03-31 02:20:06 [DEBUG] __main__ — [transport:acc6] jpeg-wrap raw=48 jpeg=694
2026-03-31 02:20:06 [DEBUG] __main__ — [transport:acc3] ws msg op=136 cmd=0
2026-03-31 02:20:06 [DEBUG] __main__ — [transport:acc6] upload ok fileId=3051329662 size=48
2026-03-31 02:20:07 [DEBUG] __main__ — [transport:acc6] ws msg op=136 cmd=0
2026-03-31 02:20:07 [DEBUG] __main__ — [transport:acc3] ws msg op=128 cmd=0
2026-03-31 02:20:07 [DEBUG] __main__ — [transport:acc3] msg op=128 attaches=1
2026-03-31 02:20:07 [DEBUG] __main__ — [transport:acc3] incoming fileId=3051211695 msgId=116320921649614133
2026-03-31 02:20:07 [DEBUG] __main__ — [transport:acc3] ws msg op=88 cmd=1
2026-03-31 02:20:07 [DEBUG] __main__ — [transport:acc6] ws msg op=64 cmd=1
2026-03-31 02:20:07 [DEBUG] __main__ — [transport:acc6] msg op=64 attaches=1
2026-03-31 02:20:07 [DEBUG] __main__ — [transport:acc6] skip own fileId=3051329662
2026-03-31 02:20:07 [DEBUG] __main__ — [transport:acc3] recv_file fileId=3051211695 size=12524
2026-03-31 02:20:07 [DEBUG] __main__ — [tun] ← 19 pkts  raw=12524B
2026-03-31 02:20:07 [DEBUG] __main__ — [tun] → 8 pkts  raw=436B  packed=189B
2026-03-31 02:20:07 [DEBUG] __main__ — [multi] ранжирование: {'acc1': {'recv_count': 3, 'remaining': 97, 'last_event': 'send', 'r1': 2, 'r2': 1, 'r3': 2, 'score': '1.67'}, 'acc2': {'recv_count': 2, 'remaining': 97, 'last_event': 'recv', 'r1': 1, 'r2': 1, 'r3': 1, 'score': '1.00'}, 'acc3': {'recv_count': 4, 'remaining': 97, 'last_event': 'recv', 'r1': 3, 'r2': 1, 'r3': 1, 'score': '1.67'}, 'acc4': {'recv_count': 2, 'remaining': 97, 'last_event': 'send', 'r1': 1, 'r2': 1, 'r3': 2, 'score': '1.33'}, 'acc5': {'recv_count': 3, 'remaining': 97, 'last_event': 'recv', 'r1': 2, 'r2': 1, 'r3': 1, 'score': '1.33'}, 'acc6': {'recv_count': 2, 'remaining': 96, 'last_event': 'send', 'r1': 1, 'r2': 2, 'r3': 2, 'score': '1.67'}}
2026-03-31 02:20:07 [DEBUG] __main__ — [multi] выбор: acc2 (recv_count=2, remaining=97, last_event=recv) | stats={'acc1': {'recv_count': 3, 'remaining': 97, 'last_event': 'send', 'busy': False}, 'acc2': {'recv_count': 2, 'remaining': 96, 'last_event': 'recv', 'busy': True}, 'acc3': {'recv_count': 4, 'remaining': 97, 'last_event': 'recv', 'busy': False}, 'acc4': {'recv_count': 2, 'remaining': 97, 'last_event': 'send', 'busy': False}, 'acc5': {'recv_count': 3, 'remaining': 97, 'last_event': 'recv', 'busy': False}, 'acc6': {'recv_count': 2, 'remaining': 96, 'last_event': 'send', 'busy': False}}
2026-03-31 02:20:07 [DEBUG] __main__ — [transport:acc2] ws msg op=87 cmd=1
2026-03-31 02:20:07 [DEBUG] __main__ — [transport:acc2] jpeg-wrap raw=189 jpeg=835
2026-03-31 02:20:07 [DEBUG] __main__ — [transport:acc2] upload ok fileId=3057200673 size=189
2026-03-31 02:20:07 [DEBUG] __main__ — [transport:acc2] ws msg op=136 cmd=0
2026-03-31 02:20:07 [DEBUG] __main__ — [transport:acc2] ws msg op=64 cmd=1
2026-03-31 02:20:07 [DEBUG] __main__ — [transport:acc2] msg op=64 attaches=1
2026-03-31 02:20:07 [DEBUG] __main__ — [transport:acc2] skip own fileId=3057200673
2026-03-31 02:20:08 [DEBUG] __main__ — [transport:acc1] ws msg op=136 cmd=0
2026-03-31 02:20:08 [DEBUG] __main__ — [transport:acc1] ws msg op=128 cmd=0
2026-03-31 02:20:08 [DEBUG] __main__ — [transport:acc1] msg op=128 attaches=1
2026-03-31 02:20:08 [DEBUG] __main__ — [transport:acc1] incoming fileId=3055142778 msgId=116320921764041840
2026-03-31 02:20:08 [DEBUG] __main__ — [transport:acc1] ws msg op=88 cmd=1
2026-03-31 02:20:08 [DEBUG] __main__ — [transport:acc1] recv_file fileId=3055142778 size=26368
2026-03-31 02:20:08 [DEBUG] __main__ — [tun] ← 30 pkts  raw=26368B
2026-03-31 02:20:09 [DEBUG] __main__ — [tun] → 21 pkts  raw=1138B  packed=357B
2026-03-31 02:20:09 [DEBUG] __main__ — [multi] ранжирование: {'acc1': {'recv_count': 4, 'remaining': 97, 'last_event': 'recv', 'r1': 3, 'r2': 1, 'r3': 1, 'score': '1.67'}, 'acc2': {'recv_count': 2, 'remaining': 96, 'last_event': 'send', 'r1': 1, 'r2': 2, 'r3': 2, 'score': '1.67'}, 'acc3': {'recv_count': 4, 'remaining': 97, 'last_event': 'recv', 'r1': 3, 'r2': 1, 'r3': 1, 'score': '1.67'}, 'acc4': {'recv_count': 2, 'remaining': 97, 'last_event': 'send', 'r1': 1, 'r2': 1, 'r3': 2, 'score': '1.33'}, 'acc5': {'recv_count': 3, 'remaining': 97, 'last_event': 'recv', 'r1': 2, 'r2': 1, 'r3': 1, 'score': '1.33'}, 'acc6': {'recv_count': 2, 'remaining': 96, 'last_event': 'send', 'r1': 1, 'r2': 2, 'r3': 2, 'score': '1.67'}}
2026-03-31 02:20:09 [DEBUG] __main__ — [multi] выбор: acc5 (recv_count=3, remaining=97, last_event=recv) | stats={'acc1': {'recv_count': 4, 'remaining': 97, 'last_event': 'recv', 'busy': False}, 'acc2': {'recv_count': 2, 'remaining': 96, 'last_event': 'send', 'busy': False}, 'acc3': {'recv_count': 4, 'remaining': 97, 'last_event': 'recv', 'busy': False}, 'acc4': {'recv_count': 2, 'remaining': 97, 'last_event': 'send', 'busy': False}, 'acc5': {'recv_count': 3, 'remaining': 96, 'last_event': 'recv', 'busy': True}, 'acc6': {'recv_count': 2, 'remaining': 96, 'last_event': 'send', 'busy': False}}
2026-03-31 02:20:09 [DEBUG] __main__ — [transport:acc5] ws msg op=87 cmd=1
2026-03-31 02:20:09 [DEBUG] __main__ — [transport:acc5] jpeg-wrap raw=357 jpeg=1003
2026-03-31 02:20:09 [DEBUG] __main__ — [transport:acc5] upload ok fileId=3053953533 size=357
2026-03-31 02:20:09 [DEBUG] __main__ — [transport:acc5] ws msg op=136 cmd=0
2026-03-31 02:20:09 [DEBUG] __main__ — [transport:acc5] ws msg op=64 cmd=1
2026-03-31 02:20:09 [DEBUG] __main__ — [transport:acc5] msg op=64 attaches=1
2026-03-31 02:20:09 [DEBUG] __main__ — [transport:acc5] skip own fileId=3053953533
2026-03-31 02:20:10 [DEBUG] __main__ — [transport:acc4] ws msg op=136 cmd=0
2026-03-31 02:20:10 [DEBUG] __main__ — [transport:acc4] ws msg op=128 cmd=0
2026-03-31 02:20:10 [DEBUG] __main__ — [transport:acc4] msg op=128 attaches=1
2026-03-31 02:20:10 [DEBUG] __main__ — [transport:acc4] incoming fileId=3042629229 msgId=116320921885233352
2026-03-31 02:20:10 [DEBUG] __main__ — [transport:acc4] ws msg op=88 cmd=1
2026-03-31 02:20:10 [DEBUG] __main__ — [transport:acc4] recv_file fileId=3042629229 size=59460
2026-03-31 02:20:10 [DEBUG] __main__ — [tun] ← 60 pkts  raw=59460B
2026-03-31 02:20:11 [DEBUG] __main__ — [tun] → 60 pkts  raw=3244B  packed=934B
2026-03-31 02:20:11 [DEBUG] __main__ — [multi] ранжирование: {'acc1': {'recv_count': 4, 'remaining': 97, 'last_event': 'recv', 'r1': 3, 'r2': 1, 'r3': 1, 'score': '1.67'}, 'acc2': {'recv_count': 2, 'remaining': 96, 'last_event': 'send', 'r1': 1, 'r2': 2, 'r3': 2, 'score': '1.67'}, 'acc3': {'recv_count': 4, 'remaining': 97, 'last_event': 'recv', 'r1': 3, 'r2': 1, 'r3': 1, 'score': '1.67'}, 'acc4': {'recv_count': 3, 'remaining': 97, 'last_event': 'recv', 'r1': 2, 'r2': 1, 'r3': 1, 'score': '1.33'}, 'acc5': {'recv_count': 3, 'remaining': 96, 'last_event': 'send', 'r1': 2, 'r2': 2, 'r3': 2, 'score': '2.00'}, 'acc6': {'recv_count': 2, 'remaining': 96, 'last_event': 'send', 'r1': 1, 'r2': 2, 'r3': 2, 'score': '1.67'}}
2026-03-31 02:20:11 [DEBUG] __main__ — [multi] выбор: acc4 (recv_count=3, remaining=97, last_event=recv) | stats={'acc1': {'recv_count': 4, 'remaining': 97, 'last_event': 'recv', 'busy': False}, 'acc2': {'recv_count': 2, 'remaining': 96, 'last_event': 'send', 'busy': False}, 'acc3': {'recv_count': 4, 'remaining': 97, 'last_event': 'recv', 'busy': False}, 'acc4': {'recv_count': 3, 'remaining': 96, 'last_event': 'recv', 'busy': True}, 'acc5': {'recv_count': 3, 'remaining': 96, 'last_event': 'send', 'busy': False}, 'acc6': {'recv_count': 2, 'remaining': 96, 'last_event': 'send', 'busy': False}}
2026-03-31 02:20:11 [DEBUG] __main__ — [transport:acc4] ws msg op=87 cmd=1
2026-03-31 02:20:11 [DEBUG] __main__ — [transport:acc4] jpeg-wrap raw=934 jpeg=1580
2026-03-31 02:20:11 [DEBUG] __main__ — [transport:acc4] upload ok fileId=3056494893 size=934
2026-03-31 02:20:11 [DEBUG] __main__ — [transport:acc4] ws msg op=136 cmd=0
2026-03-31 02:20:11 [DEBUG] __main__ — [transport:acc4] ws msg op=64 cmd=1
2026-03-31 02:20:11 [DEBUG] __main__ — [transport:acc4] msg op=64 attaches=1
2026-03-31 02:20:11 [DEBUG] __main__ — [transport:acc4] skip own fileId=3056494893
2026-03-31 02:20:12 [DEBUG] __main__ — [transport:acc5] ws msg op=136 cmd=0
2026-03-31 02:20:12 [DEBUG] __main__ — [transport:acc5] ws msg op=128 cmd=0
2026-03-31 02:20:12 [DEBUG] __main__ — [transport:acc5] msg op=128 attaches=1
2026-03-31 02:20:12 [DEBUG] __main__ — [transport:acc5] incoming fileId=3050034596 msgId=116320922004309121
2026-03-31 02:20:12 [DEBUG] __main__ — [transport:acc5] ws msg op=88 cmd=1
2026-03-31 02:20:12 [DEBUG] __main__ — [transport:acc5] recv_file fileId=3050034596 size=56110
2026-03-31 02:20:12 [DEBUG] __main__ — [tun] ← 50 pkts  raw=56110B
2026-03-31 02:20:12 [DEBUG] __main__ — [tun] → 53 pkts  raw=2905B  packed=912B
2026-03-31 02:20:12 [DEBUG] __main__ — [multi] ранжирование: {'acc1': {'recv_count': 4, 'remaining': 97, 'last_event': 'recv', 'r1': 3, 'r2': 1, 'r3': 1, 'score': '1.67'}, 'acc2': {'recv_count': 2, 'remaining': 96, 'last_event': 'send', 'r1': 1, 'r2': 2, 'r3': 2, 'score': '1.67'}, 'acc3': {'recv_count': 4, 'remaining': 97, 'last_event': 'recv', 'r1': 3, 'r2': 1, 'r3': 1, 'score': '1.67'}, 'acc4': {'recv_count': 3, 'remaining': 96, 'last_event': 'send', 'r1': 2, 'r2': 2, 'r3': 2, 'score': '2.00'}, 'acc5': {'recv_count': 4, 'remaining': 96, 'last_event': 'recv', 'r1': 3, 'r2': 2, 'r3': 1, 'score': '2.00'}, 'acc6': {'recv_count': 2, 'remaining': 96, 'last_event': 'send', 'r1': 1, 'r2': 2, 'r3': 2, 'score': '1.67'}}
2026-03-31 02:20:12 [DEBUG] __main__ — [multi] выбор: acc2 (recv_count=2, remaining=96, last_event=send) | stats={'acc1': {'recv_count': 4, 'remaining': 97, 'last_event': 'recv', 'busy': False}, 'acc2': {'recv_count': 2, 'remaining': 95, 'last_event': 'send', 'busy': True}, 'acc3': {'recv_count': 4, 'remaining': 97, 'last_event': 'recv', 'busy': False}, 'acc4': {'recv_count': 3, 'remaining': 96, 'last_event': 'send', 'busy': False}, 'acc5': {'recv_count': 4, 'remaining': 96, 'last_event': 'recv', 'busy': False}, 'acc6': {'recv_count': 2, 'remaining': 96, 'last_event': 'send', 'busy': False}}
2026-03-31 02:20:13 [DEBUG] __main__ — [transport:acc2] ws msg op=87 cmd=1
2026-03-31 02:20:13 [DEBUG] __main__ — [transport:acc2] jpeg-wrap raw=912 jpeg=1558
2026-03-31 02:20:13 [DEBUG] __main__ — [transport:acc2] upload ok fileId=3061249339 size=912
2026-03-31 02:20:13 [DEBUG] __main__ — [transport:acc2] ws msg op=136 cmd=0
2026-03-31 02:20:13 [DEBUG] __main__ — [transport:acc2] ws msg op=64 cmd=1
2026-03-31 02:20:13 [DEBUG] __main__ — [transport:acc2] msg op=64 attaches=1
2026-03-31 02:20:13 [DEBUG] __main__ — [transport:acc2] skip own fileId=3061249339
2026-03-31 02:20:14 [DEBUG] __main__ — [tun] → 1 pkts  raw=66B  packed=67B
2026-03-31 02:20:14 [DEBUG] __main__ — [multi] ранжирование: {'acc1': {'recv_count': 4, 'remaining': 97, 'last_event': 'recv', 'r1': 3, 'r2': 1, 'r3': 1, 'score': '1.67'}, 'acc2': {'recv_count': 2, 'remaining': 95, 'last_event': 'send', 'r1': 1, 'r2': 3, 'r3': 2, 'score': '2.00'}, 'acc3': {'recv_count': 4, 'remaining': 97, 'last_event': 'recv', 'r1': 3, 'r2': 1, 'r3': 1, 'score': '1.67'}, 'acc4': {'recv_count': 3, 'remaining': 96, 'last_event': 'send', 'r1': 2, 'r2': 2, 'r3': 2, 'score': '2.00'}, 'acc5': {'recv_count': 4, 'remaining': 96, 'last_event': 'recv', 'r1': 3, 'r2': 2, 'r3': 1, 'score': '2.00'}, 'acc6': {'recv_count': 2, 'remaining': 96, 'last_event': 'send', 'r1': 1, 'r2': 2, 'r3': 2, 'score': '1.67'}}
2026-03-31 02:20:14 [DEBUG] __main__ — [multi] выбор: acc6 (recv_count=2, remaining=96, last_event=send) | stats={'acc1': {'recv_count': 4, 'remaining': 97, 'last_event': 'recv', 'busy': False}, 'acc2': {'recv_count': 2, 'remaining': 95, 'last_event': 'send', 'busy': False}, 'acc3': {'recv_count': 4, 'remaining': 97, 'last_event': 'recv', 'busy': False}, 'acc4': {'recv_count': 3, 'remaining': 96, 'last_event': 'send', 'busy': False}, 'acc5': {'recv_count': 4, 'remaining': 96, 'last_event': 'recv', 'busy': False}, 'acc6': {'recv_count': 2, 'remaining': 95, 'last_event': 'send', 'busy': True}}
2026-03-31 02:20:14 [DEBUG] __main__ — [transport:acc6] ws msg op=136 cmd=0
2026-03-31 02:20:14 [DEBUG] __main__ — [transport:acc6] ws msg op=87 cmd=1
2026-03-31 02:20:14 [DEBUG] __main__ — [transport:acc6] jpeg-wrap raw=67 jpeg=713
2026-03-31 02:20:14 [DEBUG] __main__ — [transport:acc6] upload ok fileId=3051927931 size=67
2026-03-31 02:20:14 [DEBUG] __main__ — [transport:acc6] ws msg op=128 cmd=0
2026-03-31 02:20:14 [DEBUG] __main__ — [transport:acc6] msg op=128 attaches=1
2026-03-31 02:20:14 [DEBUG] __main__ — [transport:acc6] incoming fileId=3060320945 msgId=116320922116835873
2026-03-31 02:20:14 [DEBUG] __main__ — [transport:acc6] ws msg op=88 cmd=1
2026-03-31 02:20:14 [DEBUG] __main__ — [transport:acc6] recv_file fileId=3060320945 size=228
2026-03-31 02:20:14 [DEBUG] __main__ — [tun] ← 4 pkts  raw=228B
2026-03-31 02:20:14 [DEBUG] __main__ — [transport:acc6] ws msg op=136 cmd=0
2026-03-31 02:20:14 [DEBUG] __main__ — [transport:acc6] ws msg op=64 cmd=1
2026-03-31 02:20:14 [DEBUG] __main__ — [transport:acc6] msg op=64 attaches=1
2026-03-31 02:20:14 [DEBUG] __main__ — [transport:acc6] skip own fileId=3051927931
2026-03-31 02:20:14 [DEBUG] __main__ — [tun] → 3 pkts  raw=683B  packed=467B
2026-03-31 02:20:14 [DEBUG] __main__ — [multi] ранжирование: {'acc1': {'recv_count': 4, 'remaining': 97, 'last_event': 'recv', 'r1': 3, 'r2': 1, 'r3': 1, 'score': '1.67'}, 'acc2': {'recv_count': 2, 'remaining': 95, 'last_event': 'send', 'r1': 1, 'r2': 3, 'r3': 2, 'score': '2.00'}, 'acc3': {'recv_count': 4, 'remaining': 97, 'last_event': 'recv', 'r1': 3, 'r2': 1, 'r3': 1, 'score': '1.67'}, 'acc4': {'recv_count': 3, 'remaining': 96, 'last_event': 'send', 'r1': 2, 'r2': 2, 'r3': 2, 'score': '2.00'}, 'acc5': {'recv_count': 4, 'remaining': 96, 'last_event': 'recv', 'r1': 3, 'r2': 2, 'r3': 1, 'score': '2.00'}, 'acc6': {'recv_count': 3, 'remaining': 95, 'last_event': 'recv', 'r1': 2, 'r2': 3, 'r3': 1, 'score': '2.00'}}
2026-03-31 02:20:14 [DEBUG] __main__ — [multi] выбор: acc3 (recv_count=4, remaining=97, last_event=recv) | stats={'acc1': {'recv_count': 4, 'remaining': 97, 'last_event': 'recv', 'busy': False}, 'acc2': {'recv_count': 2, 'remaining': 95, 'last_event': 'send', 'busy': False}, 'acc3': {'recv_count': 4, 'remaining': 96, 'last_event': 'recv', 'busy': True}, 'acc4': {'recv_count': 3, 'remaining': 96, 'last_event': 'send', 'busy': False}, 'acc5': {'recv_count': 4, 'remaining': 96, 'last_event': 'recv', 'busy': False}, 'acc6': {'recv_count': 3, 'remaining': 95, 'last_event': 'recv', 'busy': False}}
2026-03-31 02:20:14 [DEBUG] __main__ — [transport:acc3] ws msg op=87 cmd=1
2026-03-31 02:20:14 [DEBUG] __main__ — [transport:acc3] jpeg-wrap raw=467 jpeg=1113
2026-03-31 02:20:14 [DEBUG] __main__ — [transport:acc3] upload ok fileId=3042193655 size=467
2026-03-31 02:20:14 [DEBUG] __main__ — [transport:acc3] ws msg op=136 cmd=0
2026-03-31 02:20:14 [DEBUG] __main__ — [transport:acc3] ws msg op=64 cmd=1
2026-03-31 02:20:14 [DEBUG] __main__ — [transport:acc3] msg op=64 attaches=1
2026-03-31 02:20:14 [DEBUG] __main__ — [transport:acc3] skip own fileId=3042193655
2026-03-31 02:20:15 [DEBUG] __main__ — [transport:acc2] ws msg op=136 cmd=0
2026-03-31 02:20:15 [DEBUG] __main__ — [transport:acc2] ws msg op=128 cmd=0
2026-03-31 02:20:15 [DEBUG] __main__ — [transport:acc2] msg op=128 attaches=1
2026-03-31 02:20:15 [DEBUG] __main__ — [transport:acc2] incoming fileId=3046516887 msgId=116320922182057798
2026-03-31 02:20:15 [DEBUG] __main__ — [transport:acc2] ws msg op=88 cmd=1
2026-03-31 02:20:15 [DEBUG] __main__ — [transport:acc2] recv_file fileId=3046516887 size=120
2026-03-31 02:20:15 [DEBUG] __main__ — [tun] ← 2 pkts  raw=120B
2026-03-31 02:20:15 [DEBUG] __main__ — [tun] → 1 pkts  raw=58B  packed=59B
2026-03-31 02:20:15 [DEBUG] __main__ — [multi] ранжирование: {'acc1': {'recv_count': 4, 'remaining': 97, 'last_event': 'recv', 'r1': 2, 'r2': 1, 'r3': 1, 'score': '1.33'}, 'acc2': {'recv_count': 3, 'remaining': 95, 'last_event': 'recv', 'r1': 1, 'r2': 3, 'r3': 1, 'score': '1.67'}, 'acc3': {'recv_count': 4, 'remaining': 96, 'last_event': 'send', 'r1': 2, 'r2': 2, 'r3': 2, 'score': '2.00'}, 'acc4': {'recv_count': 3, 'remaining': 96, 'last_event': 'send', 'r1': 1, 'r2': 2, 'r3': 2, 'score': '1.67'}, 'acc5': {'recv_count': 4, 'remaining': 96, 'last_event': 'recv', 'r1': 2, 'r2': 2, 'r3': 1, 'score': '1.67'}, 'acc6': {'recv_count': 3, 'remaining': 95, 'last_event': 'recv', 'r1': 1, 'r2': 3, 'r3': 1, 'score': '1.67'}}
2026-03-31 02:20:15 [DEBUG] __main__ — [multi] выбор: acc1 (recv_count=4, remaining=97, last_event=recv) | stats={'acc1': {'recv_count': 4, 'remaining': 96, 'last_event': 'recv', 'busy': True}, 'acc2': {'recv_count': 3, 'remaining': 95, 'last_event': 'recv', 'busy': False}, 'acc3': {'recv_count': 4, 'remaining': 96, 'last_event': 'send', 'busy': False}, 'acc4': {'recv_count': 3, 'remaining': 96, 'last_event': 'send', 'busy': False}, 'acc5': {'recv_count': 4, 'remaining': 96, 'last_event': 'recv', 'busy': False}, 'acc6': {'recv_count': 3, 'remaining': 95, 'last_event': 'recv', 'busy': False}}
2026-03-31 02:20:15 [DEBUG] __main__ — [transport:acc1] ws msg op=87 cmd=1
2026-03-31 02:20:15 [DEBUG] __main__ — [transport:acc1] jpeg-wrap raw=59 jpeg=705
2026-03-31 02:20:15 [DEBUG] __main__ — [transport:acc1] upload ok fileId=3056064727 size=59
2026-03-31 02:20:15 [DEBUG] __main__ — [transport:acc4] ws msg op=136 cmd=0
2026-03-31 02:20:15 [DEBUG] __main__ — [transport:acc1] ws msg op=136 cmd=0
2026-03-31 02:20:15 [DEBUG] __main__ — [transport:acc4] ws msg op=128 cmd=0
2026-03-31 02:20:15 [DEBUG] __main__ — [transport:acc4] msg op=128 attaches=1
2026-03-31 02:20:15 [DEBUG] __main__ — [transport:acc4] incoming fileId=3052855410 msgId=116320922229559216
2026-03-31 02:20:15 [DEBUG] __main__ — [transport:acc4] ws msg op=88 cmd=1
2026-03-31 02:20:15 [DEBUG] __main__ — [transport:acc4] recv_file fileId=3052855410 size=3960
2026-03-31 02:20:15 [DEBUG] __main__ — [tun] ← 4 pkts  raw=3960B
2026-03-31 02:20:15 [DEBUG] __main__ — [transport:acc1] ws msg op=64 cmd=1
2026-03-31 02:20:15 [DEBUG] __main__ — [transport:acc1] msg op=64 attaches=1
2026-03-31 02:20:15 [DEBUG] __main__ — [transport:acc1] skip own fileId=3056064727
2026-03-31 02:20:16 [DEBUG] __main__ — [tun] → 4 pkts  raw=313B  packed=218B
2026-03-31 02:20:16 [DEBUG] __main__ — [multi] ранжирование: {'acc1': {'recv_count': 4, 'remaining': 96, 'last_event': 'send', 'r1': 2, 'r2': 1, 'r3': 2, 'score': '1.67'}, 'acc2': {'recv_count': 3, 'remaining': 95, 'last_event': 'recv', 'r1': 1, 'r2': 2, 'r3': 1, 'score': '1.33'}, 'acc3': {'recv_count': 4, 'remaining': 96, 'last_event': 'send', 'r1': 2, 'r2': 1, 'r3': 2, 'score': '1.67'}, 'acc4': {'recv_count': 4, 'remaining': 96, 'last_event': 'recv', 'r1': 2, 'r2': 1, 'r3': 1, 'score': '1.33'}, 'acc5': {'recv_count': 4, 'remaining': 96, 'last_event': 'recv', 'r1': 2, 'r2': 1, 'r3': 1, 'score': '1.33'}, 'acc6': {'recv_count': 3, 'remaining': 95, 'last_event': 'recv', 'r1': 1, 'r2': 2, 'r3': 1, 'score': '1.33'}}
2026-03-31 02:20:16 [DEBUG] __main__ — [multi] выбор: acc4 (recv_count=4, remaining=96, last_event=recv) | stats={'acc1': {'recv_count': 4, 'remaining': 96, 'last_event': 'send', 'busy': False}, 'acc2': {'recv_count': 3, 'remaining': 95, 'last_event': 'recv', 'busy': False}, 'acc3': {'recv_count': 4, 'remaining': 96, 'last_event': 'send', 'busy': False}, 'acc4': {'recv_count': 4, 'remaining': 95, 'last_event': 'recv', 'busy': True}, 'acc5': {'recv_count': 4, 'remaining': 96, 'last_event': 'recv', 'busy': False}, 'acc6': {'recv_count': 3, 'remaining': 95, 'last_event': 'recv', 'busy': False}}
2026-03-31 02:20:16 [DEBUG] __main__ — [transport:acc4] ws msg op=87 cmd=1
2026-03-31 02:20:16 [DEBUG] __main__ — [transport:acc4] jpeg-wrap raw=218 jpeg=864
2026-03-31 02:20:16 [DEBUG] __main__ — [transport:acc4] upload ok fileId=3060321201 size=218
2026-03-31 02:20:16 [DEBUG] __main__ — [transport:acc4] ws msg op=136 cmd=0
2026-03-31 02:20:16 [DEBUG] __main__ — [transport:acc4] ws msg op=64 cmd=1
2026-03-31 02:20:16 [DEBUG] __main__ — [transport:acc4] msg op=64 attaches=1
2026-03-31 02:20:16 [DEBUG] __main__ — [transport:acc4] skip own fileId=3060321201
2026-03-31 02:20:16 [ERROR] asyncio — Fatal error on SSL transport
protocol: <asyncio.sslproto.SSLProtocol object at 0x75daea580b50>
transport: <_SelectorSocketTransport closing fd=24>
Traceback (most recent call last):
  File "/usr/lib/python3.10/asyncio/selector_events.py", line 924, in write
    n = self._sock.send(data)
OSError: [Errno 9] Bad file descriptor

During handling of the above exception, another exception occurred:

Traceback (most recent call last):
  File "/usr/lib/python3.10/asyncio/sslproto.py", line 690, in _process_write_backlog
    self._transport.write(chunk)
  File "/usr/lib/python3.10/asyncio/selector_events.py", line 930, in write
    self._fatal_error(exc, 'Fatal write error on socket transport')
  File "/usr/lib/python3.10/asyncio/selector_events.py", line 725, in _fatal_error
    self._force_close(exc)
  File "/usr/lib/python3.10/asyncio/selector_events.py", line 737, in _force_close
    self._loop.call_soon(self._call_connection_lost, exc)
  File "/usr/lib/python3.10/asyncio/base_events.py", line 753, in call_soon
    self._check_closed()
  File "/usr/lib/python3.10/asyncio/base_events.py", line 515, in _check_closed
    raise RuntimeError('Event loop is closed')
RuntimeError: Event loop is closed
2026-03-31 02:20:16 [ERROR] asyncio — Fatal error on SSL transport
protocol: <asyncio.sslproto.SSLProtocol object at 0x75daea5834c0>
transport: <_SelectorSocketTransport closing fd=25>
Traceback (most recent call last):
  File "/usr/lib/python3.10/asyncio/selector_events.py", line 924, in write
    n = self._sock.send(data)
OSError: [Errno 9] Bad file descriptor

During handling of the above exception, another exception occurred:

Traceback (most recent call last):
  File "/usr/lib/python3.10/asyncio/sslproto.py", line 690, in _process_write_backlog
    self._transport.write(chunk)
  File "/usr/lib/python3.10/asyncio/selector_events.py", line 930, in write
    self._fatal_error(exc, 'Fatal write error on socket transport')
  File "/usr/lib/python3.10/asyncio/selector_events.py", line 725, in _fatal_error
    self._force_close(exc)
  File "/usr/lib/python3.10/asyncio/selector_events.py", line 737, in _force_close
    self._loop.call_soon(self._call_connection_lost, exc)
  File "/usr/lib/python3.10/asyncio/base_events.py", line 753, in call_soon
    self._check_closed()
  File "/usr/lib/python3.10/asyncio/base_events.py", line 515, in _check_closed
    raise RuntimeError('Event loop is closed')
RuntimeError: Event loop is closed
2026-03-31 02:20:16 [ERROR] asyncio — Fatal error on SSL transport
protocol: <asyncio.sslproto.SSLProtocol object at 0x75daea5810f0>
transport: <_SelectorSocketTransport closing fd=18>
Traceback (most recent call last):
  File "/usr/lib/python3.10/asyncio/selector_events.py", line 924, in write
    n = self._sock.send(data)
OSError: [Errno 9] Bad file descriptor

During handling of the above exception, another exception occurred:

Traceback (most recent call last):
  File "/usr/lib/python3.10/asyncio/sslproto.py", line 690, in _process_write_backlog
    self._transport.write(chunk)
  File "/usr/lib/python3.10/asyncio/selector_events.py", line 930, in write
    self._fatal_error(exc, 'Fatal write error on socket transport')
  File "/usr/lib/python3.10/asyncio/selector_events.py", line 725, in _fatal_error
    self._force_close(exc)
  File "/usr/lib/python3.10/asyncio/selector_events.py", line 737, in _force_close
    self._loop.call_soon(self._call_connection_lost, exc)
  File "/usr/lib/python3.10/asyncio/base_events.py", line 753, in call_soon
    self._check_closed()
  File "/usr/lib/python3.10/asyncio/base_events.py", line 515, in _check_closed
    raise RuntimeError('Event loop is closed')
RuntimeError: Event loop is closed
2026-03-31 02:20:16 [ERROR] asyncio — Unclosed connector
connections: ['deque([(<aiohttp.client_proto.ResponseHandler object at 0x75daea558a00>, 115178.890392615)])', 'deque([(<aiohttp.client_proto.ResponseHandler object at 0x75daea559960>, 115179.449807157)])']
connector: <__main__.BoundTCPConnector object at 0x75daea520430>
2026-03-31 02:20:16 [ERROR] asyncio — Unclosed connector
connections: ['deque([(<aiohttp.client_proto.ResponseHandler object at 0x75daea55a560>, 115175.998814666)])', 'deque([(<aiohttp.client_proto.ResponseHandler object at 0x75daea559ba0>, 115178.15488241)])']
connector: <__main__.BoundTCPConnector object at 0x75daeaef67d0>
2026-03-31 02:20:16 [ERROR] asyncio — Unclosed connector
connections: ['deque([(<aiohttp.client_proto.ResponseHandler object at 0x75daea55a140>, 115171.793795921)])', 'deque([(<aiohttp.client_proto.ResponseHandler object at 0x75daea55bfa0>, 115178.730526009)])']
connector: <__main__.BoundTCPConnector object at 0x75daeaef4220>
2026-03-31 02:20:16 [ERROR] asyncio — Unclosed connector
connections: ['deque([(<aiohttp.client_proto.ResponseHandler object at 0x75daea5590c0>, 115177.087409784)])', 'deque([(<aiohttp.client_proto.ResponseHandler object at 0x75daea55ad40>, 115177.164016838)])']
connector: <__main__.BoundTCPConnector object at 0x75daea5214e0>
2026-03-31 02:20:16 [ERROR] asyncio — Unclosed connector
connections: ['deque([(<aiohttp.client_proto.ResponseHandler object at 0x75daea55b100>, 115170.033319075)])', 'deque([(<aiohttp.client_proto.ResponseHandler object at 0x75daea559cc0>, 115177.722627509)])']
connector: <__main__.BoundTCPConnector object at 0x75daeaef7c10>
2026-03-31 02:20:16 [ERROR] asyncio — Unclosed connector
connections: ['deque([(<aiohttp.client_proto.ResponseHandler object at 0x75daea559780>, 115172.36061817)])', 'deque([(<aiohttp.client_proto.ResponseHandler object at 0x75daea55b160>, 115175.446823906)])']
connector: <__main__.BoundTCPConnector object at 0x75daea520a30>
