2026-03-31 16:11:38 [DEBUG] __main__ — [tun] ip link set tun0 up mtu 8000: OK
2026-03-31 16:11:38 [DEBUG] __main__ — [tun] ip addr add 10.0.1.1/30 dev tun0: OK
2026-03-31 16:11:39 [INFO] __main__ — [net] HTTP трафик скрипта привязан к интерфейсу: wlp0s20f3
2026-03-31 16:11:39 [DEBUG] __main__ — [transport:acc1] ws msg op=6 cmd=1
2026-03-31 16:11:39 [DEBUG] __main__ — [transport:acc1] ws msg op=19 cmd=1
2026-03-31 16:11:39 [DEBUG] __main__ — [transport:acc1] ws msg op=292 cmd=0
2026-03-31 16:11:39 [INFO] __main__ — Авторизован [client:acc1], chatId=0
2026-03-31 16:11:39 [DEBUG] __main__ — [transport:acc1] ws msg op=48 cmd=1
2026-03-31 16:11:39 [INFO] __main__ — [net] HTTP трафик скрипта привязан к интерфейсу: wlp0s20f3
2026-03-31 16:11:39 [INFO] __main__ — [net] HTTP трафик скрипта привязан к интерфейсу: wlp0s20f3
2026-03-31 16:11:39 [INFO] __main__ — [net] HTTP трафик скрипта привязан к интерфейсу: wlp0s20f3
2026-03-31 16:11:39 [INFO] __main__ — [net] HTTP трафик скрипта привязан к интерфейсу: wlp0s20f3
2026-03-31 16:11:39 [DEBUG] __main__ — [transport:acc5] ws msg op=6 cmd=1
2026-03-31 16:11:39 [DEBUG] __main__ — [transport:acc2] ws msg op=6 cmd=1
2026-03-31 16:11:39 [DEBUG] __main__ — [transport:acc3] ws msg op=6 cmd=1
2026-03-31 16:11:39 [DEBUG] __main__ — [transport:acc4] ws msg op=6 cmd=1
2026-03-31 16:11:39 [DEBUG] __main__ — [transport:acc5] ws msg op=19 cmd=1
2026-03-31 16:11:39 [DEBUG] __main__ — [transport:acc5] ws msg op=292 cmd=0
2026-03-31 16:11:39 [INFO] __main__ — Авторизован [client:acc5], chatId=0
2026-03-31 16:11:39 [DEBUG] __main__ — [transport:acc5] ws msg op=48 cmd=1
2026-03-31 16:11:39 [DEBUG] __main__ — [transport:acc4] ws msg op=19 cmd=1
2026-03-31 16:11:39 [DEBUG] __main__ — [transport:acc4] ws msg op=292 cmd=0
2026-03-31 16:11:39 [INFO] __main__ — Авторизован [client:acc4], chatId=0
2026-03-31 16:11:39 [DEBUG] __main__ — [transport:acc2] ws msg op=19 cmd=1
2026-03-31 16:11:39 [DEBUG] __main__ — [transport:acc2] ws msg op=292 cmd=0
2026-03-31 16:11:39 [INFO] __main__ — Авторизован [client:acc2], chatId=0
2026-03-31 16:11:39 [DEBUG] __main__ — [transport:acc1] ws msg op=132 cmd=0
2026-03-31 16:11:39 [DEBUG] __main__ — [transport:acc2] ws msg op=48 cmd=1
2026-03-31 16:11:39 [DEBUG] __main__ — [transport:acc3] ws msg op=19 cmd=1
2026-03-31 16:11:39 [DEBUG] __main__ — [transport:acc3] ws msg op=292 cmd=0
2026-03-31 16:11:39 [INFO] __main__ — Авторизован [client:acc3], chatId=0
2026-03-31 16:11:39 [DEBUG] __main__ — [transport:acc3] ws msg op=48 cmd=1
2026-03-31 16:11:39 [DEBUG] __main__ — [transport:acc4] ws msg op=48 cmd=1
2026-03-31 16:11:39 [INFO] __main__ — [net] HTTP трафик скрипта привязан к интерфейсу: wlp0s20f3
2026-03-31 16:11:39 [DEBUG] __main__ — [transport:acc6] ws msg op=6 cmd=1
2026-03-31 16:11:39 [DEBUG] __main__ — [transport:acc6] ws msg op=19 cmd=1
2026-03-31 16:11:39 [DEBUG] __main__ — [transport:acc6] ws msg op=292 cmd=0
2026-03-31 16:11:39 [INFO] __main__ — Авторизован [client:acc6], chatId=0
2026-03-31 16:11:39 [DEBUG] __main__ — [transport:acc6] ws msg op=48 cmd=1
2026-03-31 16:11:39 [DEBUG] __main__ — [tun] → 1 pkts  raw=54B  packed=55B
2026-03-31 16:11:39 [DEBUG] __main__ — [multi] ранжирование: {'acc1': {'recv_count': 0, 'remaining': 100, 'last_event': 'recv', 'r1': 1, 'r2': 1, 'r3': 1, 'score': '1.00'}, 'acc2': {'recv_count': 0, 'remaining': 100, 'last_event': 'recv', 'r1': 1, 'r2': 1, 'r3': 1, 'score': '1.00'}, 'acc3': {'recv_count': 0, 'remaining': 100, 'last_event': 'recv', 'r1': 1, 'r2': 1, 'r3': 1, 'score': '1.00'}, 'acc4': {'recv_count': 0, 'remaining': 100, 'last_event': 'recv', 'r1': 1, 'r2': 1, 'r3': 1, 'score': '1.00'}, 'acc5': {'recv_count': 0, 'remaining': 100, 'last_event': 'recv', 'r1': 1, 'r2': 1, 'r3': 1, 'score': '1.00'}, 'acc6': {'recv_count': 0, 'remaining': 100, 'last_event': 'recv', 'r1': 1, 'r2': 1, 'r3': 1, 'score': '1.00'}}
2026-03-31 16:11:39 [DEBUG] __main__ — [multi] выбор: acc2 (recv_count=0, remaining=100, last_event=recv) | stats={'acc1': {'recv_count': 0, 'remaining': 100, 'last_event': 'recv', 'busy': False}, 'acc2': {'recv_count': 0, 'remaining': 99, 'last_event': 'recv', 'busy': True}, 'acc3': {'recv_count': 0, 'remaining': 100, 'last_event': 'recv', 'busy': False}, 'acc4': {'recv_count': 0, 'remaining': 100, 'last_event': 'recv', 'busy': False}, 'acc5': {'recv_count': 0, 'remaining': 100, 'last_event': 'recv', 'busy': False}, 'acc6': {'recv_count': 0, 'remaining': 100, 'last_event': 'recv', 'busy': False}}
2026-03-31 16:11:39 [DEBUG] __main__ — [transport:acc2] ws msg op=87 cmd=1
2026-03-31 16:11:39 [DEBUG] __main__ — [transport:acc2] jpeg-wrap raw=55 jpeg=701
2026-03-31 16:11:40 [DEBUG] __main__ — [transport:acc2] upload ok fileId=3061032985 size=55
2026-03-31 16:11:40 [DEBUG] __main__ — [transport:acc2] ws msg op=136 cmd=0
2026-03-31 16:11:40 [DEBUG] __main__ — [transport:acc2] ws msg op=64 cmd=1
2026-03-31 16:11:40 [DEBUG] __main__ — [transport:acc2] msg op=64 attaches=1
2026-03-31 16:11:40 [DEBUG] __main__ — [transport:acc2] skip own fileId=3061032985
2026-03-31 16:11:43 [DEBUG] __main__ — [transport:acc1] ws msg op=132 cmd=0
2026-03-31 16:11:43 [DEBUG] __main__ — [tun] → 1 pkts  raw=54B  packed=55B
2026-03-31 16:11:43 [DEBUG] __main__ — [multi] ранжирование: {'acc1': {'recv_count': 0, 'remaining': 100, 'last_event': 'recv', 'r1': 1, 'r2': 1, 'r3': 1, 'score': '1.00'}, 'acc2': {'recv_count': 0, 'remaining': 99, 'last_event': 'send', 'r1': 1, 'r2': 2, 'r3': 2, 'score': '1.67'}, 'acc3': {'recv_count': 0, 'remaining': 100, 'last_event': 'recv', 'r1': 1, 'r2': 1, 'r3': 1, 'score': '1.00'}, 'acc4': {'recv_count': 0, 'remaining': 100, 'last_event': 'recv', 'r1': 1, 'r2': 1, 'r3': 1, 'score': '1.00'}, 'acc5': {'recv_count': 0, 'remaining': 100, 'last_event': 'recv', 'r1': 1, 'r2': 1, 'r3': 1, 'score': '1.00'}, 'acc6': {'recv_count': 0, 'remaining': 100, 'last_event': 'recv', 'r1': 1, 'r2': 1, 'r3': 1, 'score': '1.00'}}
2026-03-31 16:11:43 [DEBUG] __main__ — [multi] выбор: acc4 (recv_count=0, remaining=100, last_event=recv) | stats={'acc1': {'recv_count': 0, 'remaining': 100, 'last_event': 'recv', 'busy': False}, 'acc2': {'recv_count': 0, 'remaining': 99, 'last_event': 'send', 'busy': False}, 'acc3': {'recv_count': 0, 'remaining': 100, 'last_event': 'recv', 'busy': False}, 'acc4': {'recv_count': 0, 'remaining': 99, 'last_event': 'recv', 'busy': True}, 'acc5': {'recv_count': 0, 'remaining': 100, 'last_event': 'recv', 'busy': False}, 'acc6': {'recv_count': 0, 'remaining': 100, 'last_event': 'recv', 'busy': False}}
2026-03-31 16:11:43 [DEBUG] __main__ — [transport:acc4] ws msg op=87 cmd=1
2026-03-31 16:11:43 [DEBUG] __main__ — [transport:acc4] jpeg-wrap raw=55 jpeg=701
2026-03-31 16:11:43 [DEBUG] __main__ — [transport:acc4] upload ok fileId=3067717724 size=55
2026-03-31 16:11:43 [DEBUG] __main__ — [transport:acc4] ws msg op=136 cmd=0
2026-03-31 16:11:44 [DEBUG] __main__ — [transport:acc4] ws msg op=64 cmd=1
2026-03-31 16:11:44 [DEBUG] __main__ — [transport:acc4] msg op=64 attaches=1
2026-03-31 16:11:44 [DEBUG] __main__ — [transport:acc4] skip own fileId=3067717724
2026-03-31 16:11:51 [DEBUG] __main__ — [tun] → 1 pkts  raw=54B  packed=55B
2026-03-31 16:11:51 [DEBUG] __main__ — [multi] ранжирование: {'acc1': {'recv_count': 0, 'remaining': 100, 'last_event': 'recv', 'r1': 1, 'r2': 1, 'r3': 1, 'score': '1.00'}, 'acc2': {'recv_count': 0, 'remaining': 99, 'last_event': 'send', 'r1': 1, 'r2': 2, 'r3': 2, 'score': '1.67'}, 'acc3': {'recv_count': 0, 'remaining': 100, 'last_event': 'recv', 'r1': 1, 'r2': 1, 'r3': 1, 'score': '1.00'}, 'acc4': {'recv_count': 0, 'remaining': 99, 'last_event': 'send', 'r1': 1, 'r2': 2, 'r3': 2, 'score': '1.67'}, 'acc5': {'recv_count': 0, 'remaining': 100, 'last_event': 'recv', 'r1': 1, 'r2': 1, 'r3': 1, 'score': '1.00'}, 'acc6': {'recv_count': 0, 'remaining': 100, 'last_event': 'recv', 'r1': 1, 'r2': 1, 'r3': 1, 'score': '1.00'}}
2026-03-31 16:11:51 [DEBUG] __main__ — [multi] выбор: acc6 (recv_count=0, remaining=100, last_event=recv) | stats={'acc1': {'recv_count': 0, 'remaining': 100, 'last_event': 'recv', 'busy': False}, 'acc2': {'recv_count': 0, 'remaining': 99, 'last_event': 'send', 'busy': False}, 'acc3': {'recv_count': 0, 'remaining': 100, 'last_event': 'recv', 'busy': False}, 'acc4': {'recv_count': 0, 'remaining': 99, 'last_event': 'send', 'busy': False}, 'acc5': {'recv_count': 0, 'remaining': 100, 'last_event': 'recv', 'busy': False}, 'acc6': {'recv_count': 0, 'remaining': 99, 'last_event': 'recv', 'busy': True}}
2026-03-31 16:11:51 [DEBUG] __main__ — [transport:acc6] ws msg op=87 cmd=1
2026-03-31 16:11:51 [DEBUG] __main__ — [transport:acc6] jpeg-wrap raw=55 jpeg=701
2026-03-31 16:11:51 [DEBUG] __main__ — [transport:acc6] upload ok fileId=3064217687 size=55
2026-03-31 16:11:51 [DEBUG] __main__ — [transport:acc6] ws msg op=136 cmd=0
2026-03-31 16:11:51 [DEBUG] __main__ — [transport:acc6] ws msg op=64 cmd=1
2026-03-31 16:11:51 [DEBUG] __main__ — [transport:acc6] msg op=64 attaches=1
2026-03-31 16:11:51 [DEBUG] __main__ — [transport:acc6] skip own fileId=3064217687
2026-03-31 16:12:07 [DEBUG] __main__ — [tun] → 1 pkts  raw=54B  packed=55B
2026-03-31 16:12:07 [DEBUG] __main__ — [multi] ранжирование: {'acc1': {'recv_count': 0, 'remaining': 100, 'last_event': 'recv', 'r1': 1, 'r2': 1, 'r3': 1, 'score': '1.00'}, 'acc2': {'recv_count': 0, 'remaining': 99, 'last_event': 'send', 'r1': 1, 'r2': 2, 'r3': 2, 'score': '1.67'}, 'acc3': {'recv_count': 0, 'remaining': 100, 'last_event': 'recv', 'r1': 1, 'r2': 1, 'r3': 1, 'score': '1.00'}, 'acc4': {'recv_count': 0, 'remaining': 99, 'last_event': 'send', 'r1': 1, 'r2': 2, 'r3': 2, 'score': '1.67'}, 'acc5': {'recv_count': 0, 'remaining': 100, 'last_event': 'recv', 'r1': 1, 'r2': 1, 'r3': 1, 'score': '1.00'}, 'acc6': {'recv_count': 0, 'remaining': 99, 'last_event': 'send', 'r1': 1, 'r2': 2, 'r3': 2, 'score': '1.67'}}
2026-03-31 16:12:07 [DEBUG] __main__ — [multi] выбор: acc3 (recv_count=0, remaining=100, last_event=recv) | stats={'acc1': {'recv_count': 0, 'remaining': 100, 'last_event': 'recv', 'busy': False}, 'acc2': {'recv_count': 0, 'remaining': 99, 'last_event': 'send', 'busy': False}, 'acc3': {'recv_count': 0, 'remaining': 99, 'last_event': 'recv', 'busy': True}, 'acc4': {'recv_count': 0, 'remaining': 99, 'last_event': 'send', 'busy': False}, 'acc5': {'recv_count': 0, 'remaining': 100, 'last_event': 'recv', 'busy': False}, 'acc6': {'recv_count': 0, 'remaining': 99, 'last_event': 'send', 'busy': False}}
2026-03-31 16:12:07 [DEBUG] __main__ — [transport:acc3] ws msg op=87 cmd=1
2026-03-31 16:12:07 [DEBUG] __main__ — [transport:acc3] jpeg-wrap raw=55 jpeg=701
2026-03-31 16:12:07 [DEBUG] __main__ — [transport:acc3] upload ok fileId=3060032600 size=55
2026-03-31 16:12:07 [DEBUG] __main__ — [transport:acc3] ws msg op=136 cmd=0
2026-03-31 16:12:07 [DEBUG] __main__ — [transport:acc3] ws msg op=64 cmd=1
2026-03-31 16:12:07 [DEBUG] __main__ — [transport:acc3] msg op=64 attaches=1
2026-03-31 16:12:07 [DEBUG] __main__ — [transport:acc3] skip own fileId=3060032600
2026-03-31 16:12:09 [DEBUG] __main__ — [transport:acc1] ws msg op=1 cmd=1
2026-03-31 16:12:09 [DEBUG] __main__ — [transport:acc5] ws msg op=1 cmd=1
2026-03-31 16:12:09 [DEBUG] __main__ — [transport:acc2] ws msg op=1 cmd=1
2026-03-31 16:12:09 [DEBUG] __main__ — [transport:acc3] ws msg op=1 cmd=1
2026-03-31 16:12:09 [DEBUG] __main__ — [transport:acc4] ws msg op=1 cmd=1
2026-03-31 16:12:09 [DEBUG] __main__ — [transport:acc6] ws msg op=1 cmd=1
2026-03-31 16:12:12 [DEBUG] __main__ — [tun] → 1 pkts  raw=66B  packed=67B
2026-03-31 16:12:12 [DEBUG] __main__ — [multi] ранжирование: {'acc1': {'recv_count': 0, 'remaining': 100, 'last_event': 'recv', 'r1': 1, 'r2': 1, 'r3': 1, 'score': '1.00'}, 'acc2': {'recv_count': 0, 'remaining': 99, 'last_event': 'send', 'r1': 1, 'r2': 2, 'r3': 2, 'score': '1.67'}, 'acc3': {'recv_count': 0, 'remaining': 99, 'last_event': 'send', 'r1': 1, 'r2': 2, 'r3': 2, 'score': '1.67'}, 'acc4': {'recv_count': 0, 'remaining': 99, 'last_event': 'send', 'r1': 1, 'r2': 2, 'r3': 2, 'score': '1.67'}, 'acc5': {'recv_count': 0, 'remaining': 100, 'last_event': 'recv', 'r1': 1, 'r2': 1, 'r3': 1, 'score': '1.00'}, 'acc6': {'recv_count': 0, 'remaining': 99, 'last_event': 'send', 'r1': 1, 'r2': 2, 'r3': 2, 'score': '1.67'}}
2026-03-31 16:12:12 [DEBUG] __main__ — [multi] выбор: acc1 (recv_count=0, remaining=100, last_event=recv) | stats={'acc1': {'recv_count': 0, 'remaining': 99, 'last_event': 'recv', 'busy': True}, 'acc2': {'recv_count': 0, 'remaining': 99, 'last_event': 'send', 'busy': False}, 'acc3': {'recv_count': 0, 'remaining': 99, 'last_event': 'send', 'busy': False}, 'acc4': {'recv_count': 0, 'remaining': 99, 'last_event': 'send', 'busy': False}, 'acc5': {'recv_count': 0, 'remaining': 100, 'last_event': 'recv', 'busy': False}, 'acc6': {'recv_count': 0, 'remaining': 99, 'last_event': 'send', 'busy': False}}
2026-03-31 16:12:12 [DEBUG] __main__ — [transport:acc1] ws msg op=87 cmd=1
2026-03-31 16:12:12 [DEBUG] __main__ — [transport:acc1] jpeg-wrap raw=67 jpeg=713
2026-03-31 16:12:12 [DEBUG] __main__ — [transport:acc1] upload ok fileId=3066717990 size=67
2026-03-31 16:12:12 [DEBUG] __main__ — [transport:acc1] ws msg op=136 cmd=0
2026-03-31 16:12:12 [DEBUG] __main__ — [transport:acc1] ws msg op=64 cmd=1
2026-03-31 16:12:12 [DEBUG] __main__ — [transport:acc1] msg op=64 attaches=1
2026-03-31 16:12:12 [DEBUG] __main__ — [transport:acc1] skip own fileId=3066717990
2026-03-31 16:12:13 [DEBUG] __main__ — [transport:acc1] ws msg op=132 cmd=0
2026-03-31 16:12:13 [DEBUG] __main__ — [tun] → 1 pkts  raw=66B  packed=67B
2026-03-31 16:12:13 [DEBUG] __main__ — [multi] ранжирование: {'acc1': {'recv_count': 0, 'remaining': 99, 'last_event': 'send', 'r1': 1, 'r2': 2, 'r3': 2, 'score': '1.67'}, 'acc2': {'recv_count': 0, 'remaining': 99, 'last_event': 'send', 'r1': 1, 'r2': 2, 'r3': 2, 'score': '1.67'}, 'acc3': {'recv_count': 0, 'remaining': 99, 'last_event': 'send', 'r1': 1, 'r2': 2, 'r3': 2, 'score': '1.67'}, 'acc4': {'recv_count': 0, 'remaining': 99, 'last_event': 'send', 'r1': 1, 'r2': 2, 'r3': 2, 'score': '1.67'}, 'acc5': {'recv_count': 0, 'remaining': 100, 'last_event': 'recv', 'r1': 1, 'r2': 1, 'r3': 1, 'score': '1.00'}, 'acc6': {'recv_count': 0, 'remaining': 99, 'last_event': 'send', 'r1': 1, 'r2': 2, 'r3': 2, 'score': '1.67'}}
2026-03-31 16:12:13 [DEBUG] __main__ — [multi] выбор: acc5 (recv_count=0, remaining=100, last_event=recv) | stats={'acc1': {'recv_count': 0, 'remaining': 99, 'last_event': 'send', 'busy': False}, 'acc2': {'recv_count': 0, 'remaining': 99, 'last_event': 'send', 'busy': False}, 'acc3': {'recv_count': 0, 'remaining': 99, 'last_event': 'send', 'busy': False}, 'acc4': {'recv_count': 0, 'remaining': 99, 'last_event': 'send', 'busy': False}, 'acc5': {'recv_count': 0, 'remaining': 99, 'last_event': 'recv', 'busy': True}, 'acc6': {'recv_count': 0, 'remaining': 99, 'last_event': 'send', 'busy': False}}
2026-03-31 16:12:13 [DEBUG] __main__ — [transport:acc5] ws msg op=87 cmd=1
2026-03-31 16:12:13 [DEBUG] __main__ — [transport:acc5] jpeg-wrap raw=67 jpeg=713
2026-03-31 16:12:13 [DEBUG] __main__ — [transport:acc5] upload ok fileId=3064696344 size=67
2026-03-31 16:12:13 [DEBUG] __main__ — [transport:acc5] ws msg op=136 cmd=0
2026-03-31 16:12:13 [DEBUG] __main__ — [transport:acc5] ws msg op=64 cmd=1
2026-03-31 16:12:13 [DEBUG] __main__ — [transport:acc5] msg op=64 attaches=1
2026-03-31 16:12:13 [DEBUG] __main__ — [transport:acc5] skip own fileId=3064696344
2026-03-31 16:12:14 [DEBUG] __main__ — [transport:acc4] ws msg op=136 cmd=0
2026-03-31 16:12:14 [DEBUG] __main__ — [transport:acc4] ws msg op=128 cmd=0
2026-03-31 16:12:14 [DEBUG] __main__ — [transport:acc4] msg op=128 attaches=1
2026-03-31 16:12:14 [DEBUG] __main__ — [transport:acc4] incoming fileId=3062555191 msgId=116324193675071144
2026-03-31 16:12:14 [DEBUG] __main__ — [transport:acc4] ws msg op=88 cmd=1
2026-03-31 16:12:14 [DEBUG] __main__ — [tun] → 1 pkts  raw=66B  packed=67B
2026-03-31 16:12:14 [DEBUG] __main__ — [multi] ранжирование: {'acc1': {'recv_count': 0, 'remaining': 99, 'last_event': 'send', 'r1': 1, 'r2': 1, 'r3': 1, 'score': '1.00'}, 'acc2': {'recv_count': 0, 'remaining': 99, 'last_event': 'send', 'r1': 1, 'r2': 1, 'r3': 1, 'score': '1.00'}, 'acc3': {'recv_count': 0, 'remaining': 99, 'last_event': 'send', 'r1': 1, 'r2': 1, 'r3': 1, 'score': '1.00'}, 'acc4': {'recv_count': 0, 'remaining': 99, 'last_event': 'send', 'r1': 1, 'r2': 1, 'r3': 1, 'score': '1.00'}, 'acc5': {'recv_count': 0, 'remaining': 99, 'last_event': 'send', 'r1': 1, 'r2': 1, 'r3': 1, 'score': '1.00'}, 'acc6': {'recv_count': 0, 'remaining': 99, 'last_event': 'send', 'r1': 1, 'r2': 1, 'r3': 1, 'score': '1.00'}}
2026-03-31 16:12:14 [DEBUG] __main__ — [multi] выбор: acc2 (recv_count=0, remaining=99, last_event=send) | stats={'acc1': {'recv_count': 0, 'remaining': 99, 'last_event': 'send', 'busy': False}, 'acc2': {'recv_count': 0, 'remaining': 98, 'last_event': 'send', 'busy': True}, 'acc3': {'recv_count': 0, 'remaining': 99, 'last_event': 'send', 'busy': False}, 'acc4': {'recv_count': 0, 'remaining': 99, 'last_event': 'send', 'busy': False}, 'acc5': {'recv_count': 0, 'remaining': 99, 'last_event': 'send', 'busy': False}, 'acc6': {'recv_count': 0, 'remaining': 99, 'last_event': 'send', 'busy': False}}
2026-03-31 16:12:14 [DEBUG] __main__ — [transport:acc2] ws msg op=87 cmd=1
2026-03-31 16:12:14 [DEBUG] __main__ — [transport:acc2] jpeg-wrap raw=67 jpeg=713
2026-03-31 16:12:14 [DEBUG] __main__ — [transport:acc4] recv_file fileId=3062555191 size=182
2026-03-31 16:12:14 [DEBUG] __main__ — [tun] ← 3 pkts  raw=182B
2026-03-31 16:12:14 [DEBUG] __main__ — [transport:acc2] upload ok fileId=3053190684 size=67
2026-03-31 16:12:14 [DEBUG] __main__ — [transport:acc2] ws msg op=136 cmd=0
2026-03-31 16:12:14 [DEBUG] __main__ — [transport:acc2] ws msg op=64 cmd=1
2026-03-31 16:12:14 [DEBUG] __main__ — [transport:acc2] msg op=64 attaches=1
2026-03-31 16:12:14 [DEBUG] __main__ — [transport:acc2] skip own fileId=3053190684
2026-03-31 16:12:15 [DEBUG] __main__ — [tun] → 4 pkts  raw=745B  packed=474B
2026-03-31 16:12:15 [DEBUG] __main__ — [multi] ранжирование: {'acc1': {'recv_count': 0, 'remaining': 99, 'last_event': 'send', 'r1': 1, 'r2': 1, 'r3': 2, 'score': '1.33'}, 'acc2': {'recv_count': 0, 'remaining': 98, 'last_event': 'send', 'r1': 1, 'r2': 2, 'r3': 2, 'score': '1.67'}, 'acc3': {'recv_count': 0, 'remaining': 99, 'last_event': 'send', 'r1': 1, 'r2': 1, 'r3': 2, 'score': '1.33'}, 'acc4': {'recv_count': 1, 'remaining': 99, 'last_event': 'recv', 'r1': 2, 'r2': 1, 'r3': 1, 'score': '1.33'}, 'acc5': {'recv_count': 0, 'remaining': 99, 'last_event': 'send', 'r1': 1, 'r2': 1, 'r3': 2, 'score': '1.33'}, 'acc6': {'recv_count': 0, 'remaining': 99, 'last_event': 'send', 'r1': 1, 'r2': 1, 'r3': 2, 'score': '1.33'}}
2026-03-31 16:12:15 [DEBUG] __main__ — [multi] выбор: acc4 (recv_count=1, remaining=99, last_event=recv) | stats={'acc1': {'recv_count': 0, 'remaining': 99, 'last_event': 'send', 'busy': False}, 'acc2': {'recv_count': 0, 'remaining': 98, 'last_event': 'send', 'busy': False}, 'acc3': {'recv_count': 0, 'remaining': 99, 'last_event': 'send', 'busy': False}, 'acc4': {'recv_count': 1, 'remaining': 98, 'last_event': 'recv', 'busy': True}, 'acc5': {'recv_count': 0, 'remaining': 99, 'last_event': 'send', 'busy': False}, 'acc6': {'recv_count': 0, 'remaining': 99, 'last_event': 'send', 'busy': False}}
2026-03-31 16:12:15 [DEBUG] __main__ — [transport:acc4] ws msg op=87 cmd=1
2026-03-31 16:12:15 [DEBUG] __main__ — [transport:acc4] jpeg-wrap raw=474 jpeg=1120
2026-03-31 16:12:15 [DEBUG] __main__ — [transport:acc4] upload ok fileId=3066828566 size=474
2026-03-31 16:12:15 [DEBUG] __main__ — [transport:acc4] ws msg op=136 cmd=0
2026-03-31 16:12:15 [DEBUG] __main__ — [transport:acc4] ws msg op=64 cmd=1
2026-03-31 16:12:15 [DEBUG] __main__ — [transport:acc4] msg op=64 attaches=1
2026-03-31 16:12:15 [DEBUG] __main__ — [transport:acc4] skip own fileId=3066828566
2026-03-31 16:12:16 [DEBUG] __main__ — [transport:acc5] ws msg op=136 cmd=0
2026-03-31 16:12:16 [DEBUG] __main__ — [transport:acc5] ws msg op=128 cmd=0
2026-03-31 16:12:16 [DEBUG] __main__ — [transport:acc5] msg op=128 attaches=1
2026-03-31 16:12:16 [DEBUG] __main__ — [transport:acc5] incoming fileId=3057996048 msgId=116324193804760540
2026-03-31 16:12:16 [DEBUG] __main__ — [transport:acc5] ws msg op=88 cmd=1
2026-03-31 16:12:16 [DEBUG] __main__ — [transport:acc5] recv_file fileId=3057996048 size=120
2026-03-31 16:12:16 [DEBUG] __main__ — [tun] ← 2 pkts  raw=120B
2026-03-31 16:12:17 [DEBUG] __main__ — [transport:acc4] ws msg op=136 cmd=0
2026-03-31 16:12:17 [DEBUG] __main__ — [tun] → 1 pkts  raw=58B  packed=59B
2026-03-31 16:12:17 [DEBUG] __main__ — [multi] ранжирование: {'acc1': {'recv_count': 0, 'remaining': 99, 'last_event': 'send', 'r1': 1, 'r2': 1, 'r3': 2, 'score': '1.33'}, 'acc2': {'recv_count': 0, 'remaining': 98, 'last_event': 'send', 'r1': 1, 'r2': 2, 'r3': 2, 'score': '1.67'}, 'acc3': {'recv_count': 0, 'remaining': 99, 'last_event': 'send', 'r1': 1, 'r2': 1, 'r3': 2, 'score': '1.33'}, 'acc4': {'recv_count': 1, 'remaining': 98, 'last_event': 'send', 'r1': 2, 'r2': 2, 'r3': 2, 'score': '2.00'}, 'acc5': {'recv_count': 1, 'remaining': 99, 'last_event': 'recv', 'r1': 2, 'r2': 1, 'r3': 1, 'score': '1.33'}, 'acc6': {'recv_count': 0, 'remaining': 99, 'last_event': 'send', 'r1': 1, 'r2': 1, 'r3': 2, 'score': '1.33'}}
2026-03-31 16:12:17 [DEBUG] __main__ — [multi] выбор: acc6 (recv_count=0, remaining=99, last_event=send) | stats={'acc1': {'recv_count': 0, 'remaining': 99, 'last_event': 'send', 'busy': False}, 'acc2': {'recv_count': 0, 'remaining': 98, 'last_event': 'send', 'busy': False}, 'acc3': {'recv_count': 0, 'remaining': 99, 'last_event': 'send', 'busy': False}, 'acc4': {'recv_count': 1, 'remaining': 98, 'last_event': 'send', 'busy': False}, 'acc5': {'recv_count': 1, 'remaining': 99, 'last_event': 'recv', 'busy': False}, 'acc6': {'recv_count': 0, 'remaining': 98, 'last_event': 'send', 'busy': True}}
2026-03-31 16:12:17 [DEBUG] __main__ — [transport:acc6] ws msg op=87 cmd=1
2026-03-31 16:12:17 [DEBUG] __main__ — [transport:acc6] jpeg-wrap raw=59 jpeg=705
2026-03-31 16:12:17 [DEBUG] __main__ — [transport:acc4] ws msg op=128 cmd=0
2026-03-31 16:12:17 [DEBUG] __main__ — [transport:acc4] msg op=128 attaches=1
2026-03-31 16:12:17 [DEBUG] __main__ — [transport:acc4] incoming fileId=3065615781 msgId=116324193876932697
2026-03-31 16:12:17 [DEBUG] __main__ — [transport:acc4] ws msg op=88 cmd=1
2026-03-31 16:12:17 [DEBUG] __main__ — [transport:acc4] recv_file fileId=3065615781 size=3047
2026-03-31 16:12:17 [DEBUG] __main__ — [tun] ← 4 pkts  raw=3047B
2026-03-31 16:12:17 [DEBUG] __main__ — [transport:acc6] ws msg op=136 cmd=0
2026-03-31 16:12:17 [DEBUG] __main__ — [transport:acc6] upload ok fileId=3063472856 size=59
2026-03-31 16:12:17 [DEBUG] __main__ — [transport:acc6] ws msg op=64 cmd=1
2026-03-31 16:12:17 [DEBUG] __main__ — [transport:acc6] msg op=64 attaches=1
2026-03-31 16:12:17 [DEBUG] __main__ — [transport:acc6] skip own fileId=3063472856
2026-03-31 16:12:18 [DEBUG] __main__ — [tun] → 7 pkts  raw=653B  packed=461B
2026-03-31 16:12:18 [DEBUG] __main__ — [multi] ранжирование: {'acc1': {'recv_count': 0, 'remaining': 99, 'last_event': 'send', 'r1': 1, 'r2': 1, 'r3': 2, 'score': '1.33'}, 'acc2': {'recv_count': 0, 'remaining': 98, 'last_event': 'send', 'r1': 1, 'r2': 2, 'r3': 2, 'score': '1.67'}, 'acc3': {'recv_count': 0, 'remaining': 99, 'last_event': 'send', 'r1': 1, 'r2': 1, 'r3': 2, 'score': '1.33'}, 'acc4': {'recv_count': 2, 'remaining': 98, 'last_event': 'recv', 'r1': 3, 'r2': 2, 'r3': 1, 'score': '2.00'}, 'acc5': {'recv_count': 1, 'remaining': 99, 'last_event': 'recv', 'r1': 2, 'r2': 1, 'r3': 1, 'score': '1.33'}, 'acc6': {'recv_count': 0, 'remaining': 98, 'last_event': 'send', 'r1': 1, 'r2': 2, 'r3': 2, 'score': '1.67'}}
2026-03-31 16:12:18 [DEBUG] __main__ — [multi] выбор: acc3 (recv_count=0, remaining=99, last_event=send) | stats={'acc1': {'recv_count': 0, 'remaining': 99, 'last_event': 'send', 'busy': False}, 'acc2': {'recv_count': 0, 'remaining': 98, 'last_event': 'send', 'busy': False}, 'acc3': {'recv_count': 0, 'remaining': 98, 'last_event': 'send', 'busy': True}, 'acc4': {'recv_count': 2, 'remaining': 98, 'last_event': 'recv', 'busy': False}, 'acc5': {'recv_count': 1, 'remaining': 99, 'last_event': 'recv', 'busy': False}, 'acc6': {'recv_count': 0, 'remaining': 98, 'last_event': 'send', 'busy': False}}
2026-03-31 16:12:18 [DEBUG] __main__ — [transport:acc3] ws msg op=87 cmd=1
2026-03-31 16:12:18 [DEBUG] __main__ — [transport:acc3] jpeg-wrap raw=461 jpeg=1107
2026-03-31 16:12:18 [DEBUG] __main__ — [transport:acc3] upload ok fileId=3065417740 size=461
2026-03-31 16:12:18 [DEBUG] __main__ — [transport:acc3] ws msg op=136 cmd=0
2026-03-31 16:12:18 [DEBUG] __main__ — [transport:acc3] ws msg op=64 cmd=1
2026-03-31 16:12:18 [DEBUG] __main__ — [transport:acc3] msg op=64 attaches=1
2026-03-31 16:12:18 [DEBUG] __main__ — [transport:acc3] skip own fileId=3065417740
2026-03-31 16:12:19 [DEBUG] __main__ — [transport:acc5] ws msg op=136 cmd=0
2026-03-31 16:12:19 [DEBUG] __main__ — [transport:acc5] ws msg op=128 cmd=0
2026-03-31 16:12:19 [DEBUG] __main__ — [transport:acc5] msg op=128 attaches=1
2026-03-31 16:12:19 [DEBUG] __main__ — [transport:acc5] incoming fileId=3051501421 msgId=116324194055646002
2026-03-31 16:12:20 [DEBUG] __main__ — [transport:acc5] ws msg op=88 cmd=1
2026-03-31 16:12:20 [DEBUG] __main__ — [transport:acc5] recv_file fileId=3051501421 size=1268
2026-03-31 16:12:20 [DEBUG] __main__ — [tun] ← 9 pkts  raw=1268B
2026-03-31 16:12:21 [DEBUG] __main__ — [tun] → 4 pkts  raw=275B  packed=206B
2026-03-31 16:12:21 [DEBUG] __main__ — [multi] ранжирование: {'acc1': {'recv_count': 0, 'remaining': 99, 'last_event': 'send', 'r1': 1, 'r2': 1, 'r3': 2, 'score': '1.33'}, 'acc2': {'recv_count': 0, 'remaining': 98, 'last_event': 'send', 'r1': 1, 'r2': 2, 'r3': 2, 'score': '1.67'}, 'acc3': {'recv_count': 0, 'remaining': 98, 'last_event': 'send', 'r1': 1, 'r2': 2, 'r3': 2, 'score': '1.67'}, 'acc4': {'recv_count': 2, 'remaining': 98, 'last_event': 'recv', 'r1': 2, 'r2': 2, 'r3': 1, 'score': '1.67'}, 'acc5': {'recv_count': 2, 'remaining': 99, 'last_event': 'recv', 'r1': 2, 'r2': 1, 'r3': 1, 'score': '1.33'}, 'acc6': {'recv_count': 0, 'remaining': 98, 'last_event': 'send', 'r1': 1, 'r2': 2, 'r3': 2, 'score': '1.67'}}
2026-03-31 16:12:21 [DEBUG] __main__ — [multi] выбор: acc1 (recv_count=0, remaining=99, last_event=send) | stats={'acc1': {'recv_count': 0, 'remaining': 98, 'last_event': 'send', 'busy': True}, 'acc2': {'recv_count': 0, 'remaining': 98, 'last_event': 'send', 'busy': False}, 'acc3': {'recv_count': 0, 'remaining': 98, 'last_event': 'send', 'busy': False}, 'acc4': {'recv_count': 2, 'remaining': 98, 'last_event': 'recv', 'busy': False}, 'acc5': {'recv_count': 2, 'remaining': 99, 'last_event': 'recv', 'busy': False}, 'acc6': {'recv_count': 0, 'remaining': 98, 'last_event': 'send', 'busy': False}}
2026-03-31 16:12:21 [DEBUG] __main__ — [transport:acc1] ws msg op=87 cmd=1
2026-03-31 16:12:21 [DEBUG] __main__ — [transport:acc1] jpeg-wrap raw=206 jpeg=852
2026-03-31 16:12:21 [DEBUG] __main__ — [transport:acc1] upload ok fileId=3060396739 size=206
2026-03-31 16:12:21 [DEBUG] __main__ — [transport:acc1] ws msg op=136 cmd=0
2026-03-31 16:12:21 [DEBUG] __main__ — [transport:acc1] ws msg op=64 cmd=1
2026-03-31 16:12:21 [DEBUG] __main__ — [transport:acc1] msg op=64 attaches=1
2026-03-31 16:12:21 [DEBUG] __main__ — [transport:acc1] skip own fileId=3060396739
2026-03-31 16:12:22 [DEBUG] __main__ — [transport:acc4] ws msg op=136 cmd=0
2026-03-31 16:12:23 [DEBUG] __main__ — [transport:acc4] ws msg op=128 cmd=0
2026-03-31 16:12:23 [DEBUG] __main__ — [transport:acc4] msg op=128 attaches=1
2026-03-31 16:12:23 [DEBUG] __main__ — [transport:acc4] incoming fileId=3065365054 msgId=116324194255516437
2026-03-31 16:12:23 [DEBUG] __main__ — [transport:acc4] ws msg op=88 cmd=1
2026-03-31 16:12:23 [DEBUG] __main__ — [transport:acc4] recv_file fileId=3065365054 size=220
2026-03-31 16:12:23 [DEBUG] __main__ — [tun] ← 4 pkts  raw=220B
2026-03-31 16:12:24 [DEBUG] __main__ — [tun] → 1 pkts  raw=58B  packed=59B
2026-03-31 16:12:24 [DEBUG] __main__ — [multi] ранжирование: {'acc1': {'recv_count': 0, 'remaining': 98, 'last_event': 'send', 'r1': 1, 'r2': 2, 'r3': 2, 'score': '1.67'}, 'acc2': {'recv_count': 0, 'remaining': 98, 'last_event': 'send', 'r1': 1, 'r2': 2, 'r3': 2, 'score': '1.67'}, 'acc3': {'recv_count': 0, 'remaining': 98, 'last_event': 'send', 'r1': 1, 'r2': 2, 'r3': 2, 'score': '1.67'}, 'acc4': {'recv_count': 3, 'remaining': 98, 'last_event': 'recv', 'r1': 3, 'r2': 2, 'r3': 1, 'score': '2.00'}, 'acc5': {'recv_count': 2, 'remaining': 99, 'last_event': 'recv', 'r1': 2, 'r2': 1, 'r3': 1, 'score': '1.33'}, 'acc6': {'recv_count': 0, 'remaining': 98, 'last_event': 'send', 'r1': 1, 'r2': 2, 'r3': 2, 'score': '1.67'}}
2026-03-31 16:12:24 [DEBUG] __main__ — [multi] выбор: acc5 (recv_count=2, remaining=99, last_event=recv) | stats={'acc1': {'recv_count': 0, 'remaining': 98, 'last_event': 'send', 'busy': False}, 'acc2': {'recv_count': 0, 'remaining': 98, 'last_event': 'send', 'busy': False}, 'acc3': {'recv_count': 0, 'remaining': 98, 'last_event': 'send', 'busy': False}, 'acc4': {'recv_count': 3, 'remaining': 98, 'last_event': 'recv', 'busy': False}, 'acc5': {'recv_count': 2, 'remaining': 98, 'last_event': 'recv', 'busy': True}, 'acc6': {'recv_count': 0, 'remaining': 98, 'last_event': 'send', 'busy': False}}
2026-03-31 16:12:24 [DEBUG] __main__ — [transport:acc5] ws msg op=87 cmd=1
2026-03-31 16:12:24 [DEBUG] __main__ — [transport:acc5] jpeg-wrap raw=59 jpeg=705
2026-03-31 16:12:24 [DEBUG] __main__ — [transport:acc5] upload ok fileId=3052563612 size=59
2026-03-31 16:12:24 [DEBUG] __main__ — [transport:acc5] ws msg op=136 cmd=0
2026-03-31 16:12:24 [DEBUG] __main__ — [transport:acc5] ws msg op=64 cmd=1
2026-03-31 16:12:24 [DEBUG] __main__ — [transport:acc5] msg op=64 attaches=1
2026-03-31 16:12:24 [DEBUG] __main__ — [transport:acc5] skip own fileId=3052563612
2026-03-31 16:12:38 [DEBUG] __main__ — [tun] → 1 pkts  raw=54B  packed=55B
2026-03-31 16:12:38 [DEBUG] __main__ — [multi] ранжирование: {'acc1': {'recv_count': 0, 'remaining': 98, 'last_event': 'send', 'r1': 1, 'r2': 1, 'r3': 2, 'score': '1.33'}, 'acc2': {'recv_count': 0, 'remaining': 98, 'last_event': 'send', 'r1': 1, 'r2': 1, 'r3': 2, 'score': '1.33'}, 'acc3': {'recv_count': 0, 'remaining': 98, 'last_event': 'send', 'r1': 1, 'r2': 1, 'r3': 2, 'score': '1.33'}, 'acc4': {'recv_count': 3, 'remaining': 98, 'last_event': 'recv', 'r1': 3, 'r2': 1, 'r3': 1, 'score': '1.67'}, 'acc5': {'recv_count': 2, 'remaining': 98, 'last_event': 'send', 'r1': 2, 'r2': 1, 'r3': 2, 'score': '1.67'}, 'acc6': {'recv_count': 0, 'remaining': 98, 'last_event': 'send', 'r1': 1, 'r2': 1, 'r3': 2, 'score': '1.33'}}
2026-03-31 16:12:38 [DEBUG] __main__ — [multi] выбор: acc2 (recv_count=0, remaining=98, last_event=send) | stats={'acc1': {'recv_count': 0, 'remaining': 98, 'last_event': 'send', 'busy': False}, 'acc2': {'recv_count': 0, 'remaining': 97, 'last_event': 'send', 'busy': True}, 'acc3': {'recv_count': 0, 'remaining': 98, 'last_event': 'send', 'busy': False}, 'acc4': {'recv_count': 3, 'remaining': 98, 'last_event': 'recv', 'busy': False}, 'acc5': {'recv_count': 2, 'remaining': 98, 'last_event': 'send', 'busy': False}, 'acc6': {'recv_count': 0, 'remaining': 98, 'last_event': 'send', 'busy': False}}
2026-03-31 16:12:38 [DEBUG] __main__ — [transport:acc2] ws msg op=87 cmd=1
2026-03-31 16:12:38 [DEBUG] __main__ — [transport:acc2] jpeg-wrap raw=55 jpeg=701
2026-03-31 16:12:38 [DEBUG] __main__ — [transport:acc2] upload ok fileId=3055418197 size=55
2026-03-31 16:12:38 [DEBUG] __main__ — [transport:acc2] ws msg op=136 cmd=0
2026-03-31 16:12:38 [DEBUG] __main__ — [transport:acc2] ws msg op=64 cmd=1
2026-03-31 16:12:38 [DEBUG] __main__ — [transport:acc2] msg op=64 attaches=1
2026-03-31 16:12:38 [DEBUG] __main__ — [transport:acc2] skip own fileId=3055418197
2026-03-31 16:12:39 [DEBUG] __main__ — [transport:acc1] ws msg op=1 cmd=1
2026-03-31 16:12:39 [DEBUG] __main__ — [transport:acc1] ws msg op=48 cmd=1
2026-03-31 16:12:39 [DEBUG] __main__ — [transport:acc1] ws msg op=132 cmd=0
2026-03-31 16:12:39 [DEBUG] __main__ — [transport:acc2] ws msg op=1 cmd=1
2026-03-31 16:12:39 [DEBUG] __main__ — [transport:acc5] ws msg op=1 cmd=1
2026-03-31 16:12:39 [DEBUG] __main__ — [transport:acc5] ws msg op=48 cmd=1
2026-03-31 16:12:39 [DEBUG] __main__ — [transport:acc2] ws msg op=48 cmd=1
2026-03-31 16:12:39 [DEBUG] __main__ — [transport:acc3] ws msg op=1 cmd=1
2026-03-31 16:12:39 [DEBUG] __main__ — [transport:acc4] ws msg op=1 cmd=1
2026-03-31 16:12:39 [DEBUG] __main__ — [transport:acc3] ws msg op=48 cmd=1
2026-03-31 16:12:39 [DEBUG] __main__ — [transport:acc4] ws msg op=48 cmd=1
2026-03-31 16:12:39 [DEBUG] __main__ — [transport:acc6] ws msg op=1 cmd=1
2026-03-31 16:12:39 [DEBUG] __main__ — [transport:acc6] ws msg op=48 cmd=1
2026-03-31 16:12:43 [DEBUG] __main__ — [transport:acc1] ws msg op=132 cmd=0
2026-03-31 16:13:09 [DEBUG] __main__ — [transport:acc1] ws msg op=1 cmd=1
2026-03-31 16:13:09 [DEBUG] __main__ — [transport:acc5] ws msg op=1 cmd=1
2026-03-31 16:13:09 [DEBUG] __main__ — [transport:acc2] ws msg op=1 cmd=1
2026-03-31 16:13:09 [DEBUG] __main__ — [transport:acc1] ws msg op=132 cmd=0
2026-03-31 16:13:09 [DEBUG] __main__ — [transport:acc4] ws msg op=1 cmd=1
2026-03-31 16:13:09 [DEBUG] __main__ — [transport:acc3] ws msg op=1 cmd=1
2026-03-31 16:13:09 [DEBUG] __main__ — [transport:acc6] ws msg op=1 cmd=1
2026-03-31 16:13:13 [DEBUG] __main__ — [transport:acc1] ws msg op=132 cmd=0
2026-03-31 16:13:39 [DEBUG] __main__ — [transport:acc1] ws msg op=1 cmd=1
2026-03-31 16:13:39 [DEBUG] __main__ — [transport:acc1] ws msg op=48 cmd=1
2026-03-31 16:13:39 [DEBUG] __main__ — [transport:acc5] ws msg op=1 cmd=1
2026-03-31 16:13:39 [DEBUG] __main__ — [transport:acc2] ws msg op=1 cmd=1
2026-03-31 16:13:39 [DEBUG] __main__ — [transport:acc5] ws msg op=48 cmd=1
2026-03-31 16:13:39 [DEBUG] __main__ — [transport:acc2] ws msg op=48 cmd=1
2026-03-31 16:13:39 [DEBUG] __main__ — [transport:acc1] ws msg op=132 cmd=0
2026-03-31 16:13:39 [DEBUG] __main__ — [transport:acc4] ws msg op=1 cmd=1
2026-03-31 16:13:39 [DEBUG] __main__ — [transport:acc3] ws msg op=1 cmd=1
2026-03-31 16:13:39 [DEBUG] __main__ — [transport:acc4] ws msg op=48 cmd=1
2026-03-31 16:13:39 [DEBUG] __main__ — [transport:acc3] ws msg op=48 cmd=1
2026-03-31 16:13:39 [DEBUG] __main__ — [transport:acc6] ws msg op=1 cmd=1
2026-03-31 16:13:39 [DEBUG] __main__ — [transport:acc6] ws msg op=48 cmd=1
2026-03-31 16:13:41 [DEBUG] __main__ — [tun] → 1 pkts  raw=54B  packed=55B
2026-03-31 16:13:41 [DEBUG] __main__ — [multi] ранжирование: {'acc1': {'recv_count': 0, 'remaining': 98, 'last_event': 'send', 'r1': 1, 'r2': 1, 'r3': 2, 'score': '1.33'}, 'acc2': {'recv_count': 0, 'remaining': 97, 'last_event': 'send', 'r1': 1, 'r2': 2, 'r3': 2, 'score': '1.67'}, 'acc3': {'recv_count': 0, 'remaining': 98, 'last_event': 'send', 'r1': 1, 'r2': 1, 'r3': 2, 'score': '1.33'}, 'acc4': {'recv_count': 3, 'remaining': 98, 'last_event': 'recv', 'r1': 3, 'r2': 1, 'r3': 1, 'score': '1.67'}, 'acc5': {'recv_count': 2, 'remaining': 98, 'last_event': 'send', 'r1': 2, 'r2': 1, 'r3': 2, 'score': '1.67'}, 'acc6': {'recv_count': 0, 'remaining': 98, 'last_event': 'send', 'r1': 1, 'r2': 1, 'r3': 2, 'score': '1.33'}}
2026-03-31 16:13:41 [DEBUG] __main__ — [multi] выбор: acc6 (recv_count=0, remaining=98, last_event=send) | stats={'acc1': {'recv_count': 0, 'remaining': 98, 'last_event': 'send', 'busy': False}, 'acc2': {'recv_count': 0, 'remaining': 97, 'last_event': 'send', 'busy': False}, 'acc3': {'recv_count': 0, 'remaining': 98, 'last_event': 'send', 'busy': False}, 'acc4': {'recv_count': 3, 'remaining': 98, 'last_event': 'recv', 'busy': False}, 'acc5': {'recv_count': 2, 'remaining': 98, 'last_event': 'send', 'busy': False}, 'acc6': {'recv_count': 0, 'remaining': 97, 'last_event': 'send', 'busy': True}}
2026-03-31 16:13:41 [DEBUG] __main__ — [transport:acc6] ws msg op=87 cmd=1
2026-03-31 16:13:41 [DEBUG] __main__ — [transport:acc6] jpeg-wrap raw=55 jpeg=701
2026-03-31 16:13:41 [DEBUG] __main__ — [transport:acc6] upload ok fileId=3055314516 size=55
2026-03-31 16:13:41 [DEBUG] __main__ — [transport:acc6] ws msg op=136 cmd=0
2026-03-31 16:13:42 [DEBUG] __main__ — [transport:acc6] ws msg op=64 cmd=1
2026-03-31 16:13:42 [DEBUG] __main__ — [transport:acc6] msg op=64 attaches=1
2026-03-31 16:13:42 [DEBUG] __main__ — [transport:acc6] skip own fileId=3055314516
2026-03-31 16:13:43 [DEBUG] __main__ — [transport:acc1] ws msg op=132 cmd=0
2026-03-31 16:14:09 [DEBUG] __main__ — [transport:acc1] ws msg op=1 cmd=1
2026-03-31 16:14:09 [DEBUG] __main__ — [transport:acc5] ws msg op=1 cmd=1
2026-03-31 16:14:09 [DEBUG] __main__ — [transport:acc2] ws msg op=1 cmd=1
2026-03-31 16:14:09 [DEBUG] __main__ — [transport:acc1] ws msg op=132 cmd=0
2026-03-31 16:14:09 [DEBUG] __main__ — [transport:acc3] ws msg op=1 cmd=1
2026-03-31 16:14:09 [DEBUG] __main__ — [transport:acc4] ws msg op=1 cmd=1
2026-03-31 16:14:09 [DEBUG] __main__ — [transport:acc6] ws msg op=1 cmd=1
2026-03-31 16:14:13 [DEBUG] __main__ — [transport:acc1] ws msg op=132 cmd=0
2026-03-31 16:14:39 [DEBUG] __main__ — [transport:acc1] ws msg op=1 cmd=1
2026-03-31 16:14:39 [DEBUG] __main__ — [transport:acc1] ws msg op=48 cmd=1
2026-03-31 16:14:39 [DEBUG] __main__ — [transport:acc1] ws msg op=132 cmd=0
2026-03-31 16:14:39 [DEBUG] __main__ — [transport:acc5] ws msg op=1 cmd=1
2026-03-31 16:14:39 [DEBUG] __main__ — [transport:acc2] ws msg op=1 cmd=1
2026-03-31 16:14:39 [DEBUG] __main__ — [transport:acc2] ws msg op=48 cmd=1
2026-03-31 16:14:39 [DEBUG] __main__ — [transport:acc5] ws msg op=48 cmd=1
2026-03-31 16:14:39 [DEBUG] __main__ — [transport:acc4] ws msg op=1 cmd=1
2026-03-31 16:14:39 [DEBUG] __main__ — [transport:acc3] ws msg op=1 cmd=1
2026-03-31 16:14:39 [DEBUG] __main__ — [transport:acc3] ws msg op=48 cmd=1
2026-03-31 16:14:39 [DEBUG] __main__ — [transport:acc4] ws msg op=48 cmd=1
2026-03-31 16:14:39 [DEBUG] __main__ — [transport:acc6] ws msg op=1 cmd=1
2026-03-31 16:14:39 [DEBUG] __main__ — [transport:acc6] ws msg op=48 cmd=1
2026-03-31 16:14:43 [DEBUG] __main__ — [transport:acc1] ws msg op=132 cmd=0
2026-03-31 16:15:09 [DEBUG] __main__ — [transport:acc1] ws msg op=1 cmd=1
2026-03-31 16:15:09 [DEBUG] __main__ — [transport:acc5] ws msg op=1 cmd=1
2026-03-31 16:15:09 [DEBUG] __main__ — [transport:acc3] ws msg op=1 cmd=1
2026-03-31 16:15:09 [DEBUG] __main__ — [transport:acc4] ws msg op=1 cmd=1
2026-03-31 16:15:09 [DEBUG] __main__ — [transport:acc1] ws msg op=132 cmd=0
2026-03-31 16:15:09 [DEBUG] __main__ — [transport:acc2] ws msg op=1 cmd=1
2026-03-31 16:15:09 [DEBUG] __main__ — [transport:acc6] ws msg op=1 cmd=1
2026-03-31 16:15:13 [DEBUG] __main__ — [transport:acc1] ws msg op=132 cmd=0
2026-03-31 16:15:36 [DEBUG] __main__ — [tun] → 1 pkts  raw=54B  packed=55B
2026-03-31 16:15:36 [DEBUG] __main__ — [multi] ранжирование: {'acc1': {'recv_count': 0, 'remaining': 98, 'last_event': 'send', 'r1': 1, 'r2': 1, 'r3': 2, 'score': '1.33'}, 'acc2': {'recv_count': 0, 'remaining': 97, 'last_event': 'send', 'r1': 1, 'r2': 2, 'r3': 2, 'score': '1.67'}, 'acc3': {'recv_count': 0, 'remaining': 98, 'last_event': 'send', 'r1': 1, 'r2': 1, 'r3': 2, 'score': '1.33'}, 'acc4': {'recv_count': 3, 'remaining': 98, 'last_event': 'recv', 'r1': 3, 'r2': 1, 'r3': 1, 'score': '1.67'}, 'acc5': {'recv_count': 2, 'remaining': 98, 'last_event': 'send', 'r1': 2, 'r2': 1, 'r3': 2, 'score': '1.67'}, 'acc6': {'recv_count': 0, 'remaining': 97, 'last_event': 'send', 'r1': 1, 'r2': 2, 'r3': 2, 'score': '1.67'}}
2026-03-31 16:15:36 [DEBUG] __main__ — [multi] выбор: acc3 (recv_count=0, remaining=98, last_event=send) | stats={'acc1': {'recv_count': 0, 'remaining': 98, 'last_event': 'send', 'busy': False}, 'acc2': {'recv_count': 0, 'remaining': 97, 'last_event': 'send', 'busy': False}, 'acc3': {'recv_count': 0, 'remaining': 97, 'last_event': 'send', 'busy': True}, 'acc4': {'recv_count': 3, 'remaining': 98, 'last_event': 'recv', 'busy': False}, 'acc5': {'recv_count': 2, 'remaining': 98, 'last_event': 'send', 'busy': False}, 'acc6': {'recv_count': 0, 'remaining': 97, 'last_event': 'send', 'busy': False}}
2026-03-31 16:15:36 [DEBUG] __main__ — [transport:acc3] ws msg op=87 cmd=1
2026-03-31 16:15:36 [DEBUG] __main__ — [transport:acc3] jpeg-wrap raw=55 jpeg=701
2026-03-31 16:15:36 [DEBUG] __main__ — [transport:acc3] upload ok fileId=3051541869 size=55
2026-03-31 16:15:36 [DEBUG] __main__ — [transport:acc3] ws msg op=136 cmd=0
2026-03-31 16:15:36 [DEBUG] __main__ — [transport:acc3] ws msg op=64 cmd=1
2026-03-31 16:15:36 [DEBUG] __main__ — [transport:acc3] msg op=64 attaches=1
2026-03-31 16:15:36 [DEBUG] __main__ — [transport:acc3] skip own fileId=3051541869
2026-03-31 16:15:39 [DEBUG] __main__ — [transport:acc1] ws msg op=1 cmd=1
2026-03-31 16:15:39 [DEBUG] __main__ — [transport:acc1] ws msg op=48 cmd=1
2026-03-31 16:15:39 [DEBUG] __main__ — [transport:acc5] ws msg op=1 cmd=1
2026-03-31 16:15:39 [DEBUG] __main__ — [transport:acc2] ws msg op=1 cmd=1
2026-03-31 16:15:39 [DEBUG] __main__ — [transport:acc2] ws msg op=48 cmd=1
2026-03-31 16:15:39 [DEBUG] __main__ — [transport:acc1] ws msg op=132 cmd=0
2026-03-31 16:15:39 [DEBUG] __main__ — [transport:acc5] ws msg op=48 cmd=1
2026-03-31 16:15:39 [DEBUG] __main__ — [transport:acc4] ws msg op=1 cmd=1
2026-03-31 16:15:39 [DEBUG] __main__ — [transport:acc3] ws msg op=1 cmd=1
2026-03-31 16:15:39 [DEBUG] __main__ — [transport:acc3] ws msg op=48 cmd=1
2026-03-31 16:15:39 [DEBUG] __main__ — [transport:acc4] ws msg op=48 cmd=1
2026-03-31 16:15:39 [DEBUG] __main__ — [transport:acc6] ws msg op=1 cmd=1
2026-03-31 16:15:39 [DEBUG] __main__ — [transport:acc6] ws msg op=48 cmd=1
2026-03-31 16:15:43 [DEBUG] __main__ — [transport:acc1] ws msg op=132 cmd=0
2026-03-31 16:15:55 [ERROR] asyncio — Fatal error on SSL transport
protocol: <asyncio.sslproto.SSLProtocol object at 0x7043f8970f40>
transport: <_SelectorSocketTransport closing fd=14>
Traceback (most recent call last):
  File "/usr/lib/python3.10/asyncio/selector_events.py", line 924, in write
    n = self._sock.send(data)
OSError: [Errno 9] Bad file descriptor

During handling of the above exception, another exception occurred:

Traceback (most recent call last):
  File "/usr/lib/python3.10/asyncio/sslproto.py", line 690, in _process_write_backlog
    self._transport.write(chunk)
  File "/usr/lib/python3.10/asyncio/selector_events.py", line 930, in write
    self._fatal_error(exc, 'Fatal write error on socket transport')
  File "/usr/lib/python3.10/asyncio/selector_events.py", line 725, in _fatal_error
    self._force_close(exc)
  File "/usr/lib/python3.10/asyncio/selector_events.py", line 737, in _force_close
    self._loop.call_soon(self._call_connection_lost, exc)
  File "/usr/lib/python3.10/asyncio/base_events.py", line 753, in call_soon
    self._check_closed()
  File "/usr/lib/python3.10/asyncio/base_events.py", line 515, in _check_closed
    raise RuntimeError('Event loop is closed')
RuntimeError: Event loop is closed
2026-03-31 16:15:55 [ERROR] asyncio — Unclosed client session
client_session: <aiohttp.client.ClientSession object at 0x7043f88dc6a0>
2026-03-31 16:15:55 [ERROR] asyncio — Unclosed client session
client_session: <aiohttp.client.ClientSession object at 0x7043f89115a0>
2026-03-31 16:15:55 [ERROR] asyncio — Unclosed client session
client_session: <aiohttp.client.ClientSession object at 0x7043f88df130>
2026-03-31 16:15:55 [ERROR] asyncio — Unclosed connector
connections: ['deque([(<aiohttp.client_proto.ResponseHandler object at 0x7043f88fbb20>, 164726.963525835)])']
connector: <__main__.BoundTCPConnector object at 0x7043f8910520>
2026-03-31 16:15:55 [ERROR] asyncio — Unclosed client session
client_session: <aiohttp.client.ClientSession object at 0x7043f8910d90>
2026-03-31 16:15:55 [ERROR] asyncio — Unclosed client session
client_session: <aiohttp.client.ClientSession object at 0x7043f8911db0>
