2026-03-30 00:26:52 [DEBUG] __main__ — [tun] ip link set tun0 up mtu 1400: OK
2026-03-30 00:26:52 [DEBUG] __main__ — [tun] ip addr add 10.0.1.1/30 dev tun0: OK
2026-03-30 00:26:52 [INFO] __main__ — Авторизован [client:acc5], chatId=0
2026-03-30 00:26:52 [INFO] __main__ — Авторизован [client:acc6], chatId=0
2026-03-30 00:26:53 [INFO] __main__ — Авторизован [client:acc4], chatId=0
2026-03-30 00:26:53 [INFO] __main__ — Авторизован [client:acc2], chatId=0
2026-03-30 00:26:53 [INFO] __main__ — Авторизован [client:acc1], chatId=0
2026-03-30 00:26:53 [INFO] __main__ — Авторизован [client:acc3], chatId=0
2026-03-30 00:26:55 [DEBUG] __main__ — [transport:acc1] recv_file fileId=3032292233 size=54
2026-03-30 00:26:55 [DEBUG] __main__ — [tun] ← 1 pkts  raw=54B
2026-03-30 00:26:56 [DEBUG] __main__ — [tun] → 1 pkts  raw=66B  packed=67B
2026-03-30 00:26:56 [DEBUG] __main__ — [transport:acc2] jpeg-wrap raw=67 jpeg=713
2026-03-30 00:26:57 [DEBUG] __main__ — [transport:acc2] upload ok fileId=3051072946 size=67
2026-03-30 00:26:57 [DEBUG] __main__ — [tun] → 1 pkts  raw=66B  packed=67B
2026-03-30 00:26:57 [DEBUG] __main__ — [transport:acc1] jpeg-wrap raw=67 jpeg=713
2026-03-30 00:26:58 [DEBUG] __main__ — [transport:acc1] upload ok fileId=3039235521 size=67
2026-03-30 00:26:58 [DEBUG] __main__ — [tun] → 1 pkts  raw=66B  packed=67B
2026-03-30 00:26:58 [DEBUG] __main__ — [transport:acc2] jpeg-wrap raw=67 jpeg=713
2026-03-30 00:26:59 [DEBUG] __main__ — [transport:acc2] upload ok fileId=3038774442 size=67
2026-03-30 00:26:59 [DEBUG] __main__ — [transport:acc3] recv_file fileId=3037490895 size=182
2026-03-30 00:26:59 [DEBUG] __main__ — [tun] ← 3 pkts  raw=182B
2026-03-30 00:26:59 [DEBUG] __main__ — [tun] → 1 pkts  raw=66B  packed=67B
2026-03-30 00:26:59 [DEBUG] __main__ — [tun] → 3 pkts  raw=683B  packed=443B
2026-03-30 00:26:59 [DEBUG] __main__ — [transport:acc1] jpeg-wrap raw=67 jpeg=713
2026-03-30 00:27:00 [DEBUG] __main__ — [transport:acc1] upload ok fileId=3039235777 size=67
2026-03-30 00:27:00 [DEBUG] __main__ — [transport:acc1] jpeg-wrap raw=443 jpeg=1089
2026-03-30 00:27:00 [DEBUG] __main__ — [transport:acc1] upload ok fileId=3043173971 size=443
2026-03-30 00:27:01 [DEBUG] __main__ — [transport:acc1] recv_file fileId=3034716311 size=58
2026-03-30 00:27:01 [DEBUG] __main__ — [tun] ← 1 pkts  raw=58B
2026-03-30 00:27:02 [DEBUG] __main__ — [transport:acc2] recv_file fileId=3041792486 size=4076
2026-03-30 00:27:02 [DEBUG] __main__ — [tun] ← 6 pkts  raw=4076B
2026-03-30 00:27:02 [DEBUG] __main__ — [tun] → 5 pkts  raw=367B  packed=241B
2026-03-30 00:27:02 [DEBUG] __main__ — [transport:acc1] jpeg-wrap raw=241 jpeg=887
2026-03-30 00:27:02 [DEBUG] __main__ — [transport:acc1] upload ok fileId=3047556182 size=241
2026-03-30 00:27:03 [DEBUG] __main__ — [transport:acc1] recv_file fileId=3031650180 size=382
2026-03-30 00:27:03 [DEBUG] __main__ — [tun] ← 2 pkts  raw=382B
2026-03-30 00:27:04 [DEBUG] __main__ — [transport:acc2] recv_file fileId=3038604971 size=232
2026-03-30 00:27:04 [DEBUG] __main__ — [tun] ← 2 pkts  raw=232B
2026-03-30 00:27:04 [DEBUG] __main__ — [tun] → 5 pkts  raw=527B  packed=376B
2026-03-30 00:27:05 [DEBUG] __main__ — [transport:acc1] jpeg-wrap raw=376 jpeg=1022
2026-03-30 00:27:05 [DEBUG] __main__ — [transport:acc1] upload ok fileId=3038605227 size=376
2026-03-30 00:27:07 [DEBUG] __main__ — [transport:acc2] recv_file fileId=3047144681 size=13972
2026-03-30 00:27:07 [DEBUG] __main__ — [tun] ← 19 pkts  raw=13972B
2026-03-30 00:27:07 [DEBUG] __main__ — [tun] → 7 pkts  raw=382B  packed=176B
2026-03-30 00:27:07 [DEBUG] __main__ — [transport:acc1] jpeg-wrap raw=176 jpeg=822
2026-03-30 00:27:07 [DEBUG] __main__ — [transport:acc1] upload ok fileId=3042828782 size=176
2026-03-30 00:27:09 [DEBUG] __main__ — [transport:acc2] recv_file fileId=3050049154 size=27580
2026-03-30 00:27:09 [DEBUG] __main__ — [tun] ← 28 pkts  raw=27580B
2026-03-30 00:27:10 [DEBUG] __main__ — [tun] → 14 pkts  raw=760B  packed=304B
2026-03-30 00:27:10 [DEBUG] __main__ — [transport:acc1] jpeg-wrap raw=304 jpeg=950
2026-03-30 00:27:10 [DEBUG] __main__ — [transport:acc1] upload ok fileId=3040713122 size=304
2026-03-30 00:27:12 [DEBUG] __main__ — [transport:acc2] recv_file fileId=3031437968 size=62140
2026-03-30 00:27:12 [DEBUG] __main__ — [tun] ← 56 pkts  raw=62140B
2026-03-30 00:27:12 [DEBUG] __main__ — [tun] → 28 pkts  raw=1516B  packed=517B
2026-03-30 00:27:12 [DEBUG] __main__ — [transport:acc1] jpeg-wrap raw=517 jpeg=1163
2026-03-30 00:27:12 [DEBUG] __main__ — [transport:acc1] upload ok fileId=3043828280 size=517
2026-03-30 00:27:14 [DEBUG] __main__ — [transport:acc2] recv_file fileId=3050049410 size=48545
2026-03-30 00:27:14 [DEBUG] __main__ — [tun] ← 42 pkts  raw=48545B
2026-03-30 00:27:15 [DEBUG] __main__ — [tun] → 23 pkts  raw=1277B  packed=463B
2026-03-30 00:27:15 [DEBUG] __main__ — [transport:acc1] jpeg-wrap raw=463 jpeg=1109
2026-03-30 00:27:15 [DEBUG] __main__ — [transport:acc1] upload ok fileId=3038922484 size=463
2026-03-30 00:27:17 [DEBUG] __main__ — [transport:acc2] recv_file fileId=3042998638 size=1540
2026-03-30 00:27:17 [DEBUG] __main__ — [tun] ← 4 pkts  raw=1540B
2026-03-30 00:27:17 [DEBUG] __main__ — [tun] → 1 pkts  raw=58B  packed=59B
2026-03-30 00:27:17 [DEBUG] __main__ — [transport:acc1] jpeg-wrap raw=59 jpeg=705
2026-03-30 00:27:17 [DEBUG] __main__ — [transport:acc1] upload ok fileId=3044033103 size=59
2026-03-30 00:27:19 [DEBUG] __main__ — [tun] → 1 pkts  raw=66B  packed=67B
2026-03-30 00:27:19 [DEBUG] __main__ — [transport:acc1] jpeg-wrap raw=67 jpeg=713
2026-03-30 00:27:19 [DEBUG] __main__ — [transport:acc1] upload ok fileId=3041063613 size=67
2026-03-30 00:27:19 [DEBUG] __main__ — [transport:acc2] recv_file fileId=3039637900 size=54
2026-03-30 00:27:19 [DEBUG] __main__ — [tun] ← 1 pkts  raw=54B
2026-03-30 00:27:20 [DEBUG] __main__ — [tun] → 1 pkts  raw=66B  packed=67B
2026-03-30 00:27:20 [DEBUG] __main__ — [transport:acc3] jpeg-wrap raw=67 jpeg=713
2026-03-30 00:27:20 [DEBUG] __main__ — [transport:acc3] upload ok fileId=3044404170 size=67
2026-03-30 00:27:21 [DEBUG] __main__ — [tun] → 1 pkts  raw=66B  packed=67B
2026-03-30 00:27:21 [DEBUG] __main__ — [transport:acc1] jpeg-wrap raw=67 jpeg=713
2026-03-30 00:27:21 [DEBUG] __main__ — [transport:acc3] recv_file fileId=3051073202 size=66
2026-03-30 00:27:21 [DEBUG] __main__ — [tun] ← 1 pkts  raw=66B
2026-03-30 00:27:21 [DEBUG] __main__ — [tun] → 2 pkts  raw=629B  packed=428B
2026-03-30 00:27:21 [DEBUG] __main__ — [transport:acc1] upload ok fileId=3043308229 size=67
2026-03-30 00:27:21 [DEBUG] __main__ — [transport:acc1] jpeg-wrap raw=428 jpeg=1074
2026-03-30 00:27:22 [DEBUG] __main__ — [transport:acc1] upload ok fileId=3043729837 size=428
2026-03-30 00:27:22 [DEBUG] __main__ — [transport:acc1] recv_file fileId=3031689372 size=120
2026-03-30 00:27:22 [DEBUG] __main__ — [tun] ← 2 pkts  raw=120B
2026-03-30 00:27:22 [DEBUG] __main__ — [tun] → 1 pkts  raw=58B  packed=59B
2026-03-30 00:27:22 [DEBUG] __main__ — [transport:acc2] jpeg-wrap raw=59 jpeg=705
2026-03-30 00:27:22 [DEBUG] __main__ — [transport:acc2] upload ok fileId=3040853874 size=59
2026-03-30 00:27:23 [DEBUG] __main__ — [transport:acc2] recv_file fileId=3040771912 size=4068
2026-03-30 00:27:23 [DEBUG] __main__ — [tun] ← 6 pkts  raw=4068B
2026-03-30 00:27:23 [DEBUG] __main__ — [tun] → 5 pkts  raw=367B  packed=231B
2026-03-30 00:27:23 [DEBUG] __main__ — [transport:acc3] jpeg-wrap raw=231 jpeg=877
2026-03-30 00:27:23 [DEBUG] __main__ — [transport:acc3] upload ok fileId=3039775707 size=231
2026-03-30 00:27:25 [DEBUG] __main__ — [transport:acc1] recv_file fileId=3041883914 size=286
2026-03-30 00:27:25 [DEBUG] __main__ — [tun] ← 3 pkts  raw=286B
2026-03-30 00:27:26 [DEBUG] __main__ — [tun] → 5 pkts  raw=527B  packed=378B
2026-03-30 00:27:26 [DEBUG] __main__ — [transport:acc2] jpeg-wrap raw=378 jpeg=1024
2026-03-30 00:27:26 [DEBUG] __main__ — [transport:acc2] upload ok fileId=3037491663 size=378
2026-03-30 00:27:28 [DEBUG] __main__ — [transport:acc1] recv_file fileId=3039330085 size=12632
2026-03-30 00:27:28 [DEBUG] __main__ — [tun] ← 21 pkts  raw=12632B
2026-03-30 00:27:28 [DEBUG] __main__ — [tun] → 8 pkts  raw=436B  packed=189B
2026-03-30 00:27:28 [DEBUG] __main__ — [transport:acc2] jpeg-wrap raw=189 jpeg=835
2026-03-30 00:27:28 [DEBUG] __main__ — [transport:acc2] upload ok fileId=3037672038 size=189
2026-03-30 00:27:31 [DEBUG] __main__ — [transport:acc1] recv_file fileId=3042040281 size=29116
2026-03-30 00:27:31 [DEBUG] __main__ — [tun] ← 32 pkts  raw=29116B
2026-03-30 00:27:31 [DEBUG] __main__ — [tun] → 16 pkts  raw=868B  packed=326B
2026-03-30 00:27:31 [DEBUG] __main__ — [transport:acc2] jpeg-wrap raw=326 jpeg=972
2026-03-30 00:27:31 [DEBUG] __main__ — [transport:acc2] upload ok fileId=3042974946 size=326
2026-03-30 00:27:33 [DEBUG] __main__ — [transport:acc1] recv_file fileId=3042933808 size=62956
2026-03-30 00:27:33 [DEBUG] __main__ — [tun] ← 64 pkts  raw=62956B
2026-03-30 00:27:33 [DEBUG] __main__ — [tun] → 32 pkts  raw=1732B  packed=530B
2026-03-30 00:27:33 [DEBUG] __main__ — [transport:acc2] jpeg-wrap raw=530 jpeg=1176
2026-03-30 00:27:33 [DEBUG] __main__ — [transport:acc2] upload ok fileId=3050383782 size=530
2026-03-30 00:27:36 [DEBUG] __main__ — [transport:acc1] recv_file fileId=3042106109 size=48290
2026-03-30 00:27:36 [DEBUG] __main__ — [tun] ← 42 pkts  raw=48290B
2026-03-30 00:27:36 [DEBUG] __main__ — [tun] → 23 pkts  raw=1277B  packed=467B
2026-03-30 00:27:36 [DEBUG] __main__ — [transport:acc2] jpeg-wrap raw=467 jpeg=1113
2026-03-30 00:27:36 [DEBUG] __main__ — [transport:acc2] upload ok fileId=3040854130 size=467
2026-03-30 00:27:38 [DEBUG] __main__ — [transport:acc1] recv_file fileId=3042453961 size=166
2026-03-30 00:27:38 [DEBUG] __main__ — [tun] ← 3 pkts  raw=166B
2026-03-30 00:27:38 [DEBUG] __main__ — [tun] → 1 pkts  raw=58B  packed=59B
2026-03-30 00:27:38 [DEBUG] __main__ — [transport:acc2] jpeg-wrap raw=59 jpeg=705
2026-03-30 00:27:38 [DEBUG] __main__ — [transport:acc2] upload ok fileId=3045076322 size=59
2026-03-30 00:27:49 [DEBUG] __main__ — [transport:acc1] recv_file fileId=3028829024 size=1064
2026-03-30 00:27:49 [DEBUG] __main__ — [tun] ← 1 pkts  raw=1064B
2026-03-30 00:27:51 [DEBUG] __main__ — [transport:acc1] recv_file fileId=3031438992 size=54
2026-03-30 00:27:51 [DEBUG] __main__ — [tun] ← 1 pkts  raw=54B
2026-03-30 00:27:52 [INFO] __main__ — [tun] stats: sent=186pkts/11КБ  recv=341pkts/310КБ  uptime=60s
2026-03-30 00:27:56 [DEBUG] __main__ — [transport:acc1] recv_file fileId=3043323655 size=1422
2026-03-30 00:27:56 [DEBUG] __main__ — [tun] ← 2 pkts  raw=1422B
2026-03-30 00:27:58 [DEBUG] __main__ — [transport:acc1] recv_file fileId=3043200536 size=2469
2026-03-30 00:27:58 [DEBUG] __main__ — [tun] ← 3 pkts  raw=2469B
2026-03-30 00:28:24 [DEBUG] __main__ — [transport:acc1] recv_file fileId=3039176487 size=1378
2026-03-30 00:28:24 [DEBUG] __main__ — [tun] ← 1 pkts  raw=1378B
2026-03-30 00:28:24 [DEBUG] __main__ — [tun] → 1 pkts  raw=66B  packed=67B
2026-03-30 00:28:24 [DEBUG] __main__ — [transport:acc2] jpeg-wrap raw=67 jpeg=713
2026-03-30 00:28:25 [DEBUG] __main__ — [transport:acc2] upload ok fileId=3043174227 size=67
2026-03-30 00:28:25 [DEBUG] __main__ — [tun] → 1 pkts  raw=66B  packed=67B
2026-03-30 00:28:25 [DEBUG] __main__ — [transport:acc3] jpeg-wrap raw=67 jpeg=713
2026-03-30 00:28:26 [DEBUG] __main__ — [transport:acc3] upload ok fileId=3042026886 size=67
2026-03-30 00:28:26 [DEBUG] __main__ — [tun] → 1 pkts  raw=66B  packed=67B
2026-03-30 00:28:26 [DEBUG] __main__ — [transport:acc1] jpeg-wrap raw=67 jpeg=713
2026-03-30 00:28:27 [DEBUG] __main__ — [transport:acc1] upload ok fileId=3042027142 size=67
2026-03-30 00:28:27 [DEBUG] __main__ — [transport:acc1] recv_file fileId=3046543349 size=182
2026-03-30 00:28:27 [DEBUG] __main__ — [tun] ← 3 pkts  raw=182B
2026-03-30 00:28:27 [DEBUG] __main__ — [tun] → 2 pkts  raw=112B  packed=81B
2026-03-30 00:28:27 [DEBUG] __main__ — [tun] → 1 pkts  raw=575B  packed=403B
2026-03-30 00:28:27 [DEBUG] __main__ — [transport:acc2] jpeg-wrap raw=81 jpeg=727
2026-03-30 00:28:27 [DEBUG] __main__ — [transport:acc2] upload ok fileId=3031200425 size=81
2026-03-30 00:28:28 [DEBUG] __main__ — [transport:acc2] jpeg-wrap raw=403 jpeg=1049
2026-03-30 00:28:28 [DEBUG] __main__ — [transport:acc2] upload ok fileId=3037673062 size=403
2026-03-30 00:28:29 [DEBUG] __main__ — [transport:acc3] recv_file fileId=3046327633 size=58
2026-03-30 00:28:29 [DEBUG] __main__ — [tun] ← 1 pkts  raw=58B
2026-03-30 00:28:30 [DEBUG] __main__ — [transport:acc1] recv_file fileId=3041286642 size=3961
2026-03-30 00:28:30 [DEBUG] __main__ — [tun] ← 4 pkts  raw=3961B
2026-03-30 00:28:30 [DEBUG] __main__ — [tun] → 4 pkts  raw=313B  packed=220B
2026-03-30 00:28:30 [DEBUG] __main__ — [transport:acc2] jpeg-wrap raw=220 jpeg=866
2026-03-30 00:28:31 [DEBUG] __main__ — [transport:acc2] upload ok fileId=3037492943 size=220
2026-03-30 00:28:32 [DEBUG] __main__ — [transport:acc1] recv_file fileId=3043567866 size=286
2026-03-30 00:28:32 [DEBUG] __main__ — [tun] ← 3 pkts  raw=286B
2026-03-30 00:28:33 [DEBUG] __main__ — [tun] → 5 pkts  raw=527B  packed=380B
2026-03-30 00:28:33 [DEBUG] __main__ — [transport:acc2] jpeg-wrap raw=380 jpeg=1026
2026-03-30 00:28:33 [DEBUG] __main__ — [transport:acc2] upload ok fileId=3028995259 size=380
2026-03-30 00:28:35 [DEBUG] __main__ — [transport:acc1] recv_file fileId=3039176743 size=12706
2026-03-30 00:28:35 [DEBUG] __main__ — [tun] ← 20 pkts  raw=12706B
2026-03-30 00:28:35 [DEBUG] __main__ — [tun] → 8 pkts  raw=436B  packed=190B
2026-03-30 00:28:35 [DEBUG] __main__ — [transport:acc2] jpeg-wrap raw=190 jpeg=836
2026-03-30 00:28:35 [DEBUG] __main__ — [transport:acc2] upload ok fileId=3038530206 size=190
2026-03-30 00:28:38 [DEBUG] __main__ — [transport:acc1] recv_file fileId=3044746797 size=29136
2026-03-30 00:28:38 [DEBUG] __main__ — [tun] ← 30 pkts  raw=29136B
2026-03-30 00:28:38 [DEBUG] __main__ — [tun] → 23 pkts  raw=1246B  packed=389B
2026-03-30 00:28:38 [DEBUG] __main__ — [transport:acc2] jpeg-wrap raw=389 jpeg=1035
2026-03-30 00:28:38 [DEBUG] __main__ — [transport:acc2] upload ok fileId=3037311635 size=389
2026-03-30 00:28:40 [DEBUG] __main__ — [transport:acc1] recv_file fileId=3044747053 size=61036
2026-03-30 00:28:40 [DEBUG] __main__ — [tun] ← 60 pkts  raw=61036B
2026-03-30 00:28:40 [DEBUG] __main__ — [tun] → 50 pkts  raw=2704B  packed=777B
2026-03-30 00:28:40 [DEBUG] __main__ — [transport:acc2] jpeg-wrap raw=777 jpeg=1423
2026-03-30 00:28:41 [DEBUG] __main__ — [transport:acc2] upload ok fileId=3041984234 size=777
2026-03-30 00:28:43 [DEBUG] __main__ — [transport:acc1] recv_file fileId=3046383634 size=50006
2026-03-30 00:28:43 [DEBUG] __main__ — [tun] ← 47 pkts  raw=50006B
2026-03-30 00:28:43 [DEBUG] __main__ — [tun] → 48 pkts  raw=2627B  packed=815B
2026-03-30 00:28:43 [DEBUG] __main__ — [transport:acc2] jpeg-wrap raw=815 jpeg=1461
2026-03-30 00:28:43 [DEBUG] __main__ — [transport:acc2] upload ok fileId=3045570305 size=815
2026-03-30 00:28:45 [DEBUG] __main__ — [transport:acc1] recv_file fileId=3044806986 size=166
2026-03-30 00:28:45 [DEBUG] __main__ — [tun] ← 3 pkts  raw=166B
2026-03-30 00:28:45 [DEBUG] __main__ — [tun] → 1 pkts  raw=58B  packed=59B
2026-03-30 00:28:45 [DEBUG] __main__ — [transport:acc2] jpeg-wrap raw=59 jpeg=705
2026-03-30 00:28:45 [DEBUG] __main__ — [transport:acc2] upload ok fileId=3043773713 size=59
2026-03-30 00:28:51 [DEBUG] __main__ — [transport:acc1] recv_file fileId=3041054400 size=4126
2026-03-30 00:28:51 [DEBUG] __main__ — [tun] ← 3 pkts  raw=4126B
2026-03-30 00:28:52 [INFO] __main__ — [tun] stats: sent=331pkts/20КБ  recv=521pkts/473КБ  uptime=120s
2026-03-30 00:28:53 [DEBUG] __main__ — [transport:acc1] recv_file fileId=3032294025 size=54
2026-03-30 00:28:53 [DEBUG] __main__ — [tun] ← 1 pkts  raw=54B
2026-03-30 00:29:03 [DEBUG] __main__ — [transport:acc1] recv_file fileId=3043296579 size=332
2026-03-30 00:29:03 [DEBUG] __main__ — [tun] ← 1 pkts  raw=332B
2026-03-30 00:29:17 [DEBUG] __main__ — [transport:acc1] recv_file fileId=3047280611 size=1378
2026-03-30 00:29:17 [DEBUG] __main__ — [tun] ← 1 pkts  raw=1378B
2026-03-30 00:29:23 [DEBUG] __main__ — [tun] → 3 pkts  raw=725B  packed=411B
2026-03-30 00:29:23 [DEBUG] __main__ — [transport:acc1] jpeg-wrap raw=411 jpeg=1057
2026-03-30 00:29:24 [DEBUG] __main__ — [transport:acc1] upload ok fileId=3050407054 size=411
2026-03-30 00:29:24 [DEBUG] __main__ — [tun] → 1 pkts  raw=46B  packed=47B
2026-03-30 00:29:24 [DEBUG] __main__ — [transport:acc2] jpeg-wrap raw=47 jpeg=693
2026-03-30 00:29:25 [DEBUG] __main__ — [transport:acc2] upload ok fileId=3041203567 size=47
2026-03-30 00:29:28 [DEBUG] __main__ — [tun] → 3 pkts  raw=725B  packed=411B
2026-03-30 00:29:28 [DEBUG] __main__ — [transport:acc1] jpeg-wrap raw=411 jpeg=1057
2026-03-30 00:29:28 [DEBUG] __main__ — [transport:acc1] upload ok fileId=3037263256 size=411
2026-03-30 00:29:28 [DEBUG] __main__ — [tun] → 4 pkts  raw=767B  packed=416B
2026-03-30 00:29:28 [DEBUG] __main__ — [transport:acc2] jpeg-wrap raw=416 jpeg=1062
2026-03-30 00:29:29 [DEBUG] __main__ — [transport:acc2] upload ok fileId=3039062963 size=416
2026-03-30 00:29:29 [DEBUG] __main__ — [tun] → 1 pkts  raw=46B  packed=47B
2026-03-30 00:29:29 [DEBUG] __main__ — [transport:acc3] jpeg-wrap raw=47 jpeg=693
2026-03-30 00:29:31 [DEBUG] __main__ — [transport:acc3] upload ok fileId=3035811014 size=47
2026-03-30 00:29:44 [ERROR] asyncio — Unclosed client session
client_session: <aiohttp.client.ClientSession object at 0x769fa1cdbf40>
2026-03-30 00:29:44 [ERROR] asyncio — Unclosed client session
client_session: <aiohttp.client.ClientSession object at 0x769fa1d204c0>
2026-03-30 00:29:44 [ERROR] asyncio — Unclosed connector
connections: ['deque([(<aiohttp.client_proto.ResponseHandler object at 0x769fa1d4e7a0>, 22132.05961111)])']
connector: <aiohttp.connector.TCPConnector object at 0x769fa1cd8ca0>
2026-03-30 00:29:44 [ERROR] asyncio — Unclosed client session
client_session: <aiohttp.client.ClientSession object at 0x769fa1d20790>
2026-03-30 00:29:44 [ERROR] asyncio — Unclosed connector
connections: ['deque([(<aiohttp.client_proto.ResponseHandler object at 0x769fa1d4d960>, 22120.471433255)])', 'deque([(<aiohttp.client_proto.ResponseHandler object at 0x769fa1d4ebc0>, 22131.250970484)])']
connector: <aiohttp.connector.TCPConnector object at 0x769fa1cd8400>
2026-03-30 00:29:44 [ERROR] asyncio — Unclosed connector
connections: ['deque([(<aiohttp.client_proto.ResponseHandler object at 0x769fa1d4dae0>, 22134.061726451)])']
connector: <aiohttp.connector.TCPConnector object at 0x769fa1cd9690>
