2026-03-29 23:44:42 [DEBUG] __main__ — [tun] ip link set tun0 up mtu 1400: OK
2026-03-29 23:44:42 [DEBUG] __main__ — [tun] ip addr add 10.0.1.1/30 dev tun0: OK
2026-03-29 23:44:42 [INFO] __main__ — Авторизован [client:acc4], chatId=0
2026-03-29 23:44:43 [INFO] __main__ — Авторизован [client:acc2], chatId=0
2026-03-29 23:44:43 [INFO] __main__ — Авторизован [client:acc1], chatId=0
2026-03-29 23:44:43 [INFO] __main__ — Авторизован [client:acc6], chatId=0
2026-03-29 23:44:43 [INFO] __main__ — Авторизован [client:acc5], chatId=0
2026-03-29 23:44:43 [INFO] __main__ — Авторизован [client:acc3], chatId=0
2026-03-29 23:44:48 [DEBUG] __main__ — [tun] → 1 pkts  raw=66B  packed=67B
2026-03-29 23:44:48 [DEBUG] __main__ — [transport:acc1] jpeg-wrap raw=67 jpeg=713
2026-03-29 23:44:48 [DEBUG] __main__ — [transport:acc1] upload ok fileId=3031247005 size=67
2026-03-29 23:44:49 [DEBUG] __main__ — [tun] → 1 pkts  raw=66B  packed=67B
2026-03-29 23:44:49 [DEBUG] __main__ — [transport:acc2] jpeg-wrap raw=67 jpeg=713
2026-03-29 23:44:49 [DEBUG] __main__ — [transport:acc2] upload ok fileId=3038962360 size=67
2026-03-29 23:44:50 [DEBUG] __main__ — [transport:acc1] recv_file fileId=3041287158 size=54
2026-03-29 23:44:50 [DEBUG] __main__ — [tun] ← 1 pkts  raw=54B
2026-03-29 23:44:50 [DEBUG] __main__ — [tun] → 1 pkts  raw=66B  packed=67B
2026-03-29 23:44:50 [DEBUG] __main__ — [transport:acc1] jpeg-wrap raw=67 jpeg=713
2026-03-29 23:44:50 [DEBUG] __main__ — [transport:acc1] upload ok fileId=3028412103 size=67
2026-03-29 23:44:51 [DEBUG] __main__ — [tun] → 1 pkts  raw=66B  packed=67B
2026-03-29 23:44:51 [DEBUG] __main__ — [transport:acc2] jpeg-wrap raw=67 jpeg=713
2026-03-29 23:44:51 [DEBUG] __main__ — [transport:acc2] upload ok fileId=3039147439 size=67
2026-03-29 23:44:52 [DEBUG] __main__ — [tun] → 1 pkts  raw=66B  packed=67B
2026-03-29 23:44:52 [DEBUG] __main__ — [transport:acc1] jpeg-wrap raw=67 jpeg=713
2026-03-29 23:44:52 [DEBUG] __main__ — [transport:acc1] upload ok fileId=3041017792 size=67
2026-03-29 23:44:53 [DEBUG] __main__ — [tun] → 1 pkts  raw=66B  packed=67B
2026-03-29 23:44:53 [DEBUG] __main__ — [transport:acc2] jpeg-wrap raw=67 jpeg=713
2026-03-29 23:44:53 [DEBUG] __main__ — [transport:acc2] upload ok fileId=3038836150 size=67
2026-03-29 23:44:55 [DEBUG] __main__ — [tun] → 1 pkts  raw=66B  packed=67B
2026-03-29 23:44:55 [DEBUG] __main__ — [transport:acc1] jpeg-wrap raw=67 jpeg=713
2026-03-29 23:44:55 [DEBUG] __main__ — [transport:acc1] upload ok fileId=3041027261 size=67
2026-03-29 23:44:59 [DEBUG] __main__ — [tun] → 1 pkts  raw=66B  packed=67B
2026-03-29 23:44:59 [DEBUG] __main__ — [transport:acc1] jpeg-wrap raw=67 jpeg=713
2026-03-29 23:44:59 [DEBUG] __main__ — [transport:acc1] upload ok fileId=3038053247 size=67
2026-03-29 23:45:06 [DEBUG] __main__ — [transport:acc1] recv_file fileId=3046511605 size=54
2026-03-29 23:45:06 [DEBUG] __main__ — [tun] ← 1 pkts  raw=54B
2026-03-29 23:45:07 [DEBUG] __main__ — [tun] → 1 pkts  raw=66B  packed=67B
2026-03-29 23:45:07 [DEBUG] __main__ — [transport:acc1] jpeg-wrap raw=67 jpeg=713
2026-03-29 23:45:07 [DEBUG] __main__ — [transport:acc1] upload ok fileId=3024728067 size=67
2026-03-29 23:45:23 [DEBUG] __main__ — [tun] → 1 pkts  raw=66B  packed=67B
2026-03-29 23:45:24 [DEBUG] __main__ — [transport:acc1] jpeg-wrap raw=67 jpeg=713
2026-03-29 23:45:24 [DEBUG] __main__ — [transport:acc1] upload ok fileId=3047663355 size=67
2026-03-29 23:45:40 [DEBUG] __main__ — [tun] → 1 pkts  raw=66B  packed=67B
2026-03-29 23:45:40 [DEBUG] __main__ — [transport:acc1] jpeg-wrap raw=67 jpeg=713
2026-03-29 23:45:40 [DEBUG] __main__ — [transport:acc1] upload ok fileId=3042279384 size=67
2026-03-29 23:45:41 [DEBUG] __main__ — [tun] → 1 pkts  raw=66B  packed=67B
2026-03-29 23:45:41 [DEBUG] __main__ — [transport:acc2] jpeg-wrap raw=67 jpeg=713
2026-03-29 23:45:42 [DEBUG] __main__ — [transport:acc2] upload ok fileId=3046754233 size=67
2026-03-29 23:45:42 [INFO] __main__ — [tun] stats: sent=12pkts/0КБ  recv=2pkts/0КБ  uptime=60s
2026-03-29 23:45:42 [DEBUG] __main__ — [tun] → 1 pkts  raw=66B  packed=67B
2026-03-29 23:45:42 [DEBUG] __main__ — [transport:acc1] jpeg-wrap raw=67 jpeg=713
2026-03-29 23:45:43 [DEBUG] __main__ — [transport:acc1] upload ok fileId=3041253362 size=67
2026-03-29 23:45:43 [DEBUG] __main__ — [tun] → 1 pkts  raw=66B  packed=67B
2026-03-29 23:45:43 [DEBUG] __main__ — [transport:acc3] jpeg-wrap raw=67 jpeg=713
2026-03-29 23:45:44 [DEBUG] __main__ — [transport:acc1] recv_file fileId=3046226916 size=66
2026-03-29 23:45:44 [DEBUG] __main__ — [tun] ← 1 pkts  raw=66B
2026-03-29 23:45:44 [DEBUG] __main__ — [tun] → 2 pkts  raw=629B  packed=427B
2026-03-29 23:45:44 [DEBUG] __main__ — [transport:acc3] upload ok fileId=3034398408 size=67
2026-03-29 23:45:44 [DEBUG] __main__ — [transport:acc2] jpeg-wrap raw=427 jpeg=1073
2026-03-29 23:45:44 [DEBUG] __main__ — [transport:acc2] recv_file fileId=3046512373 size=54
2026-03-29 23:45:44 [DEBUG] __main__ — [tun] ← 1 pkts  raw=54B
2026-03-29 23:45:44 [DEBUG] __main__ — [transport:acc2] upload ok fileId=3041359089 size=427
2026-03-29 23:45:44 [DEBUG] __main__ — [transport:acc3] recv_file fileId=3031659164 size=58
2026-03-29 23:45:44 [DEBUG] __main__ — [tun] ← 1 pkts  raw=58B
2026-03-29 23:45:45 [DEBUG] __main__ — [transport:acc4] recv_file fileId=3037121230 size=66
2026-03-29 23:45:45 [DEBUG] __main__ — [tun] ← 1 pkts  raw=66B
2026-03-29 23:45:45 [DEBUG] __main__ — [tun] → 1 pkts  raw=58B  packed=59B
2026-03-29 23:45:45 [DEBUG] __main__ — [transport:acc1] jpeg-wrap raw=59 jpeg=705
2026-03-29 23:45:45 [DEBUG] __main__ — [transport:acc1] upload ok fileId=3052082958 size=59
2026-03-29 23:45:45 [DEBUG] __main__ — [transport:acc1] recv_file fileId=3045424112 size=3905
2026-03-29 23:45:45 [DEBUG] __main__ — [tun] ← 3 pkts  raw=3905B
2026-03-29 23:45:45 [DEBUG] __main__ — [tun] → 4 pkts  raw=313B  packed=217B
2026-03-29 23:45:45 [DEBUG] __main__ — [transport:acc4] jpeg-wrap raw=217 jpeg=863
2026-03-29 23:45:46 [DEBUG] __main__ — [transport:acc4] upload ok fileId=3039733921 size=217
2026-03-29 23:45:47 [DEBUG] __main__ — [transport:acc1] recv_file fileId=3043692973 size=286
2026-03-29 23:45:47 [DEBUG] __main__ — [tun] ← 3 pkts  raw=286B
2026-03-29 23:45:47 [DEBUG] __main__ — [tun] → 5 pkts  raw=527B  packed=377B
2026-03-29 23:45:47 [DEBUG] __main__ — [transport:acc1] jpeg-wrap raw=377 jpeg=1023
2026-03-29 23:45:47 [DEBUG] __main__ — [transport:acc1] upload ok fileId=3050372750 size=377
2026-03-29 23:45:48 [DEBUG] __main__ — [transport:acc2] recv_file fileId=3041165718 size=14026
2026-03-29 23:45:48 [DEBUG] __main__ — [tun] ← 20 pkts  raw=14026B
2026-03-29 23:45:48 [DEBUG] __main__ — [tun] → 8 pkts  raw=436B  packed=198B
2026-03-29 23:45:48 [DEBUG] __main__ — [transport:acc2] jpeg-wrap raw=198 jpeg=844
2026-03-29 23:45:49 [DEBUG] __main__ — [transport:acc2] upload ok fileId=3036594813 size=198
2026-03-29 23:45:50 [DEBUG] __main__ — [transport:acc1] recv_file fileId=3043808493 size=27816
2026-03-29 23:45:50 [DEBUG] __main__ — [tun] ← 30 pkts  raw=27816B
2026-03-29 23:45:50 [DEBUG] __main__ — [tun] → 19 pkts  raw=1030B  packed=342B
2026-03-29 23:45:50 [DEBUG] __main__ — [transport:acc1] jpeg-wrap raw=342 jpeg=988
2026-03-29 23:45:50 [DEBUG] __main__ — [transport:acc1] upload ok fileId=3048697367 size=342
2026-03-29 23:45:52 [DEBUG] __main__ — [transport:acc2] recv_file fileId=3039495965 size=65508
2026-03-29 23:45:52 [DEBUG] __main__ — [tun] ← 60 pkts  raw=65508B
2026-03-29 23:45:52 [DEBUG] __main__ — [tun] → 59 pkts  raw=3190B  packed=912B
2026-03-29 23:45:52 [DEBUG] __main__ — [transport:acc2] jpeg-wrap raw=912 jpeg=1558
2026-03-29 23:45:52 [DEBUG] __main__ — [transport:acc2] upload ok fileId=3038053759 size=912
2026-03-29 23:45:53 [DEBUG] __main__ — [transport:acc1] recv_file fileId=3030483020 size=45817
2026-03-29 23:45:53 [DEBUG] __main__ — [tun] ← 43 pkts  raw=45817B
2026-03-29 23:45:53 [DEBUG] __main__ — [tun] → 45 pkts  raw=2465B  packed=766B
2026-03-29 23:45:53 [DEBUG] __main__ — [transport:acc1] jpeg-wrap raw=766 jpeg=1412
2026-03-29 23:45:54 [DEBUG] __main__ — [transport:acc1] upload ok fileId=3040482252 size=766
2026-03-29 23:45:54 [DEBUG] __main__ — [transport:acc5] recv_file fileId=3047522134 size=112
2026-03-29 23:45:54 [DEBUG] __main__ — [tun] ← 2 pkts  raw=112B
2026-03-29 23:45:54 [DEBUG] __main__ — [tun] → 1 pkts  raw=58B  packed=59B
2026-03-29 23:45:54 [DEBUG] __main__ — [transport:acc2] jpeg-wrap raw=59 jpeg=705
2026-03-29 23:45:54 [DEBUG] __main__ — [transport:acc2] upload ok fileId=3030225911 size=59
2026-03-29 23:45:55 [DEBUG] __main__ — [transport:acc2] recv_file fileId=3035412324 size=166
2026-03-29 23:45:55 [DEBUG] __main__ — [tun] ← 3 pkts  raw=166B
2026-03-29 23:45:55 [DEBUG] __main__ — [tun] → 1 pkts  raw=58B  packed=59B
2026-03-29 23:45:55 [DEBUG] __main__ — [transport:acc3] jpeg-wrap raw=59 jpeg=705
2026-03-29 23:45:55 [DEBUG] __main__ — [transport:acc3] upload ok fileId=3043032900 size=59
2026-03-29 23:46:42 [INFO] __main__ — [tun] stats: sent=159pkts/9КБ  recv=170pkts/154КБ  uptime=120s
2026-03-29 23:46:58 [DEBUG] __main__ — [transport:acc1] recv_file fileId=3036210668 size=54
2026-03-29 23:46:58 [DEBUG] __main__ — [tun] ← 1 pkts  raw=54B
2026-03-29 23:47:42 [INFO] __main__ — [tun] stats: sent=159pkts/9КБ  recv=171pkts/154КБ  uptime=180s
2026-03-29 23:48:42 [INFO] __main__ — [tun] stats: sent=159pkts/9КБ  recv=171pkts/154КБ  uptime=240s
2026-03-29 23:49:21 [DEBUG] __main__ — [transport:acc1] recv_file fileId=3041364209 size=54
2026-03-29 23:49:21 [DEBUG] __main__ — [tun] ← 1 pkts  raw=54B
2026-03-29 23:49:42 [INFO] __main__ — [tun] stats: sent=159pkts/9КБ  recv=172pkts/154КБ  uptime=300s
2026-03-29 23:50:42 [INFO] __main__ — [tun] stats: sent=159pkts/9КБ  recv=172pkts/154КБ  uptime=360s
2026-03-29 23:51:42 [INFO] __main__ — [tun] stats: sent=159pkts/9КБ  recv=172pkts/154КБ  uptime=420s
2026-03-29 23:52:42 [INFO] __main__ — [tun] stats: sent=159pkts/9КБ  recv=172pkts/154КБ  uptime=480s
2026-03-29 23:53:42 [INFO] __main__ — [tun] stats: sent=159pkts/9КБ  recv=172pkts/154КБ  uptime=540s
2026-03-29 23:54:12 [DEBUG] __main__ — [transport:acc1] recv_file fileId=3046518517 size=54
2026-03-29 23:54:12 [DEBUG] __main__ — [tun] ← 1 pkts  raw=54B
2026-03-29 23:54:42 [INFO] __main__ — [tun] stats: sent=159pkts/9КБ  recv=173pkts/154КБ  uptime=600s
2026-03-29 23:55:11 [DEBUG] __main__ — [tun] → 3 pkts  raw=725B  packed=413B
2026-03-29 23:55:11 [DEBUG] __main__ — [tun] → 1 pkts  raw=46B  packed=47B
2026-03-29 23:55:11 [DEBUG] __main__ — [transport:acc1] jpeg-wrap raw=413 jpeg=1059
2026-03-29 23:55:11 [DEBUG] __main__ — [transport:acc1] upload ok fileId=3042098405 size=413
2026-03-29 23:55:12 [DEBUG] __main__ — [transport:acc1] jpeg-wrap raw=47 jpeg=693
2026-03-29 23:55:12 [DEBUG] __main__ — [transport:acc1] upload ok fileId=3042011865 size=47
2026-03-29 23:55:15 [DEBUG] __main__ — [tun] → 3 pkts  raw=725B  packed=414B
2026-03-29 23:55:15 [DEBUG] __main__ — [transport:acc1] jpeg-wrap raw=414 jpeg=1060
2026-03-29 23:55:15 [DEBUG] __main__ — [tun] → 1 pkts  raw=46B  packed=47B
2026-03-29 23:55:15 [DEBUG] __main__ — [transport:acc1] upload ok fileId=3032019496 size=414
2026-03-29 23:55:16 [DEBUG] __main__ — [transport:acc1] jpeg-wrap raw=47 jpeg=693
2026-03-29 23:55:16 [DEBUG] __main__ — [transport:acc1] upload ok fileId=3041370609 size=47
2026-03-29 23:55:16 [DEBUG] __main__ — [tun] → 3 pkts  raw=725B  packed=414B
2026-03-29 23:55:16 [DEBUG] __main__ — [transport:acc2] jpeg-wrap raw=414 jpeg=1060
2026-03-29 23:55:16 [DEBUG] __main__ — [tun] → 1 pkts  raw=46B  packed=47B
2026-03-29 23:55:17 [DEBUG] __main__ — [transport:acc2] upload ok fileId=3046475247 size=414
2026-03-29 23:55:17 [DEBUG] __main__ — [transport:acc2] jpeg-wrap raw=47 jpeg=693
2026-03-29 23:55:17 [DEBUG] __main__ — [transport:acc2] upload ok fileId=3042053987 size=47
2026-03-29 23:55:42 [INFO] __main__ — [tun] stats: sent=171pkts/11КБ  recv=173pkts/154КБ  uptime=660s
2026-03-29 23:56:42 [INFO] __main__ — [tun] stats: sent=171pkts/11КБ  recv=173pkts/154КБ  uptime=720s
2026-03-29 23:57:25 [ERROR] asyncio — Unclosed client session
client_session: <aiohttp.client.ClientSession object at 0x756f24d13d90>
2026-03-29 23:57:25 [ERROR] asyncio — Unclosed client session
client_session: <aiohttp.client.ClientSession object at 0x756f24d54160>
2026-03-29 23:57:25 [ERROR] asyncio — Unclosed client session
client_session: <aiohttp.client.ClientSession object at 0x756f24d54430>
2026-03-29 23:57:25 [ERROR] asyncio — Unclosed client session
client_session: <aiohttp.client.ClientSession object at 0x756f24d54a90>
2026-03-29 23:57:25 [ERROR] asyncio — Unclosed client session
client_session: <aiohttp.client.ClientSession object at 0x756f24d54d60>
2026-03-29 23:57:25 [ERROR] asyncio — Unclosed client session
client_session: <aiohttp.client.ClientSession object at 0x756f24d55030>
