2026-03-30 00:25:23 [DEBUG] __main__ — [tun] ip link set tun0 up mtu 1400: OK
2026-03-30 00:25:23 [DEBUG] __main__ — [tun] ip addr add 10.0.1.1/30 dev tun0: OK
2026-03-30 00:25:24 [INFO] __main__ — Авторизован [client:acc4], chatId=0
2026-03-30 00:25:24 [INFO] __main__ — Авторизован [client:acc1], chatId=0
2026-03-30 00:25:24 [INFO] __main__ — Авторизован [client:acc5], chatId=0
2026-03-30 00:25:24 [INFO] __main__ — Авторизован [client:acc6], chatId=0
2026-03-30 00:25:24 [INFO] __main__ — Авторизован [client:acc2], chatId=0
2026-03-30 00:25:24 [INFO] __main__ — Авторизован [client:acc3], chatId=0
2026-03-30 00:25:25 [DEBUG] __main__ — [transport:acc1] recv_file fileId=3042452169 size=54
2026-03-30 00:25:25 [DEBUG] __main__ — [tun] ← 1 pkts  raw=54B
2026-03-30 00:25:32 [DEBUG] __main__ — [transport:acc1] recv_file fileId=3035173258 size=54
2026-03-30 00:25:32 [DEBUG] __main__ — [tun] ← 1 pkts  raw=54B
2026-03-30 00:25:36 [DEBUG] __main__ — [transport:acc1] recv_file fileId=3046258148 size=131
2026-03-30 00:25:36 [DEBUG] __main__ — [tun] ← 1 pkts  raw=131B
2026-03-30 00:25:39 [DEBUG] __main__ — [tun] → 1 pkts  raw=66B  packed=67B
2026-03-30 00:25:39 [DEBUG] __main__ — [transport:acc1] jpeg-wrap raw=67 jpeg=713
2026-03-30 00:25:40 [DEBUG] __main__ — [transport:acc1] upload ok fileId=3042083427 size=67
2026-03-30 00:25:40 [DEBUG] __main__ — [tun] → 1 pkts  raw=66B  packed=67B
2026-03-30 00:25:40 [DEBUG] __main__ — [transport:acc2] jpeg-wrap raw=67 jpeg=713
2026-03-30 00:25:41 [DEBUG] __main__ — [transport:acc2] upload ok fileId=3035173514 size=67
2026-03-30 00:25:41 [DEBUG] __main__ — [tun] → 1 pkts  raw=66B  packed=67B
2026-03-30 00:25:41 [DEBUG] __main__ — [transport:acc3] jpeg-wrap raw=67 jpeg=713
2026-03-30 00:25:42 [DEBUG] __main__ — [transport:acc3] upload ok fileId=3031649668 size=67
2026-03-30 00:25:42 [DEBUG] __main__ — [tun] → 1 pkts  raw=66B  packed=67B
2026-03-30 00:25:42 [DEBUG] __main__ — [transport:acc1] jpeg-wrap raw=67 jpeg=713
2026-03-30 00:25:43 [DEBUG] __main__ — [transport:acc1] upload ok fileId=3043189635 size=67
2026-03-30 00:25:43 [DEBUG] __main__ — [tun] → 1 pkts  raw=66B  packed=67B
2026-03-30 00:25:43 [DEBUG] __main__ — [transport:acc2] jpeg-wrap raw=67 jpeg=713
2026-03-30 00:25:44 [DEBUG] __main__ — [transport:acc2] upload ok fileId=3042025350 size=67
2026-03-30 00:25:44 [DEBUG] __main__ — [tun] → 1 pkts  raw=66B  packed=67B
2026-03-30 00:25:44 [DEBUG] __main__ — [transport:acc1] jpeg-wrap raw=67 jpeg=713
2026-03-30 00:25:45 [DEBUG] __main__ — [transport:acc1] upload ok fileId=3050047106 size=67
2026-03-30 00:25:46 [DEBUG] __main__ — [transport:acc3] recv_file fileId=3034899339 size=54
2026-03-30 00:25:46 [DEBUG] __main__ — [tun] ← 1 pkts  raw=54B
2026-03-30 00:25:46 [DEBUG] __main__ — [tun] → 1 pkts  raw=66B  packed=67B
2026-03-30 00:25:46 [DEBUG] __main__ — [transport:acc1] jpeg-wrap raw=67 jpeg=713
2026-03-30 00:25:47 [DEBUG] __main__ — [transport:acc1] upload ok fileId=3031649924 size=67
2026-03-30 00:25:49 [DEBUG] __main__ — [transport:acc2] recv_file fileId=3033856160 size=1064
2026-03-30 00:25:49 [DEBUG] __main__ — [tun] ← 1 pkts  raw=1064B
2026-03-30 00:25:50 [DEBUG] __main__ — [tun] → 1 pkts  raw=66B  packed=67B
2026-03-30 00:25:50 [DEBUG] __main__ — [transport:acc1] jpeg-wrap raw=67 jpeg=713
2026-03-30 00:25:51 [DEBUG] __main__ — [transport:acc1] upload ok fileId=3039506497 size=67
2026-03-30 00:25:56 [DEBUG] __main__ — [transport:acc1] recv_file fileId=3043293507 size=1422
2026-03-30 00:25:56 [DEBUG] __main__ — [tun] ← 2 pkts  raw=1422B
2026-03-30 00:25:58 [DEBUG] __main__ — [transport:acc1] recv_file fileId=3042316122 size=2469
2026-03-30 00:25:58 [DEBUG] __main__ — [tun] ← 3 pkts  raw=2469B
2026-03-30 00:25:58 [DEBUG] __main__ — [tun] → 1 pkts  raw=66B  packed=67B
2026-03-30 00:25:59 [DEBUG] __main__ — [transport:acc2] jpeg-wrap raw=67 jpeg=713
2026-03-30 00:25:59 [DEBUG] __main__ — [transport:acc2] upload ok fileId=3024758531 size=67
2026-03-30 00:26:15 [DEBUG] __main__ — [tun] → 1 pkts  raw=66B  packed=67B
2026-03-30 00:26:15 [DEBUG] __main__ — [transport:acc1] recv_file fileId=3039637132 size=54
2026-03-30 00:26:15 [DEBUG] __main__ — [tun] ← 1 pkts  raw=54B
2026-03-30 00:26:15 [DEBUG] __main__ — [transport:acc1] jpeg-wrap raw=67 jpeg=713
2026-03-30 00:26:15 [DEBUG] __main__ — [transport:acc1] upload ok fileId=3040384511 size=67
2026-03-30 00:26:23 [INFO] __main__ — [tun] stats: sent=10pkts/0КБ  recv=11pkts/5КБ  uptime=60s
2026-03-30 00:26:24 [DEBUG] __main__ — [transport:acc1] recv_file fileId=3028828256 size=1378
2026-03-30 00:26:24 [DEBUG] __main__ — [tun] ← 1 pkts  raw=1378B
2026-03-30 00:26:46 [ERROR] asyncio — Fatal error on SSL transport
protocol: <asyncio.sslproto.SSLProtocol object at 0x7b48e108a8c0>
transport: <_SelectorSocketTransport closing fd=15>
Traceback (most recent call last):
  File "/usr/lib/python3.10/asyncio/selector_events.py", line 924, in write
    n = self._sock.send(data)
OSError: [Errno 9] Bad file descriptor

During handling of the above exception, another exception occurred:

Traceback (most recent call last):
  File "/usr/lib/python3.10/asyncio/sslproto.py", line 690, in _process_write_backlog
    self._transport.write(chunk)
  File "/usr/lib/python3.10/asyncio/selector_events.py", line 930, in write
    self._fatal_error(exc, 'Fatal write error on socket transport')
  File "/usr/lib/python3.10/asyncio/selector_events.py", line 725, in _fatal_error
    self._force_close(exc)
  File "/usr/lib/python3.10/asyncio/selector_events.py", line 737, in _force_close
    self._loop.call_soon(self._call_connection_lost, exc)
  File "/usr/lib/python3.10/asyncio/base_events.py", line 753, in call_soon
    self._check_closed()
  File "/usr/lib/python3.10/asyncio/base_events.py", line 515, in _check_closed
    raise RuntimeError('Event loop is closed')
RuntimeError: Event loop is closed
2026-03-30 00:26:46 [ERROR] asyncio — Unclosed client session
client_session: <aiohttp.client.ClientSession object at 0x7b48e1043ca0>
2026-03-30 00:26:46 [ERROR] asyncio — Unclosed connector
connections: ['deque([(<aiohttp.client_proto.ResponseHandler object at 0x7b48e10b8220>, 21938.60494585)])', 'deque([(<aiohttp.client_proto.ResponseHandler object at 0x7b48e10b82e0>, 21947.011263538)])']
connector: <aiohttp.connector.TCPConnector object at 0x7b48e1040370>
2026-03-30 00:26:46 [ERROR] asyncio — Unclosed client session
client_session: <aiohttp.client.ClientSession object at 0x7b48e1088430>
2026-03-30 00:26:46 [ERROR] asyncio — Unclosed client session
client_session: <aiohttp.client.ClientSession object at 0x7b48e1088700>
2026-03-30 00:26:46 [ERROR] asyncio — Unclosed client session
client_session: <aiohttp.client.ClientSession object at 0x7b48e10889d0>
2026-03-30 00:26:46 [ERROR] asyncio — Unclosed client session
client_session: <aiohttp.client.ClientSession object at 0x7b48e10891e0>
