2026-03-29 23:38:47 [DEBUG] __main__ — [tun] ip link set tun0 up mtu 1400: OK
2026-03-29 23:38:47 [DEBUG] __main__ — [tun] ip addr add 10.0.1.1/30 dev tun0: OK
2026-03-29 23:38:47 [INFO] __main__ — Авторизован [client:acc6], chatId=0
2026-03-29 23:38:47 [INFO] __main__ — Авторизован [client:acc4], chatId=0
2026-03-29 23:38:47 [INFO] __main__ — Авторизован [client:acc1], chatId=0
2026-03-29 23:38:47 [INFO] __main__ — Авторизован [client:acc2], chatId=0
2026-03-29 23:38:48 [INFO] __main__ — Авторизован [client:acc3], chatId=0
2026-03-29 23:38:48 [INFO] __main__ — Авторизован [client:acc5], chatId=0
2026-03-29 23:38:49 [DEBUG] __main__ — [tun] → 1 pkts  raw=66B  packed=67B
2026-03-29 23:38:49 [DEBUG] __main__ — [transport:acc1] jpeg-wrap raw=67 jpeg=713
2026-03-29 23:38:50 [DEBUG] __main__ — [transport:acc1] upload ok fileId=3041022397 size=67
2026-03-29 23:38:50 [DEBUG] __main__ — [transport:acc1] recv_file fileId=3042782702 size=104
2026-03-29 23:38:50 [DEBUG] __main__ — [tun] ← 2 pkts  raw=104B
2026-03-29 23:38:50 [DEBUG] __main__ — [tun] → 1 pkts  raw=66B  packed=67B
2026-03-29 23:38:50 [DEBUG] __main__ — [transport:acc2] jpeg-wrap raw=67 jpeg=713
2026-03-29 23:38:51 [DEBUG] __main__ — [transport:acc2] upload ok fileId=3039199681 size=67
2026-03-29 23:38:51 [DEBUG] __main__ — [tun] → 1 pkts  raw=66B  packed=67B
2026-03-29 23:38:51 [DEBUG] __main__ — [transport:acc1] jpeg-wrap raw=67 jpeg=713
2026-03-29 23:38:51 [DEBUG] __main__ — [transport:acc1] upload ok fileId=3043272645 size=67
2026-03-29 23:38:52 [DEBUG] __main__ — [transport:acc2] recv_file fileId=3038408523 size=66
2026-03-29 23:38:52 [DEBUG] __main__ — [tun] ← 1 pkts  raw=66B
2026-03-29 23:38:52 [DEBUG] __main__ — [tun] → 2 pkts  raw=629B  packed=428B
2026-03-29 23:38:52 [DEBUG] __main__ — [transport:acc3] jpeg-wrap raw=428 jpeg=1074
2026-03-29 23:38:52 [DEBUG] __main__ — [transport:acc1] recv_file fileId=3043860786 size=120
2026-03-29 23:38:52 [DEBUG] __main__ — [tun] ← 2 pkts  raw=120B
2026-03-29 23:38:52 [DEBUG] __main__ — [tun] → 1 pkts  raw=58B  packed=59B
2026-03-29 23:38:52 [DEBUG] __main__ — [transport:acc3] upload ok fileId=3047102441 size=428
2026-03-29 23:38:53 [DEBUG] __main__ — [transport:acc3] jpeg-wrap raw=59 jpeg=705
2026-03-29 23:38:53 [DEBUG] __main__ — [transport:acc3] upload ok fileId=3041010880 size=59
2026-03-29 23:38:53 [DEBUG] __main__ — [transport:acc3] recv_file fileId=3031837628 size=58
2026-03-29 23:38:53 [DEBUG] __main__ — [tun] ← 1 pkts  raw=58B
2026-03-29 23:38:54 [DEBUG] __main__ — [transport:acc2] recv_file fileId=3043148419 size=58
2026-03-29 23:38:54 [DEBUG] __main__ — [tun] ← 1 pkts  raw=58B
2026-03-29 23:38:54 [DEBUG] __main__ — [transport:acc1] recv_file fileId=3042066941 size=3906
2026-03-29 23:38:54 [DEBUG] __main__ — [tun] ← 3 pkts  raw=3906B
2026-03-29 23:38:54 [DEBUG] __main__ — [tun] → 4 pkts  raw=313B  packed=220B
2026-03-29 23:38:54 [DEBUG] __main__ — [transport:acc1] jpeg-wrap raw=220 jpeg=866
2026-03-29 23:38:54 [DEBUG] __main__ — [transport:acc1] upload ok fileId=3046220772 size=220
2026-03-29 23:38:55 [DEBUG] __main__ — [transport:acc2] recv_file fileId=3043159832 size=232
2026-03-29 23:38:55 [DEBUG] __main__ — [tun] ← 2 pkts  raw=232B
2026-03-29 23:38:55 [DEBUG] __main__ — [tun] → 5 pkts  raw=527B  packed=382B
2026-03-29 23:38:55 [DEBUG] __main__ — [transport:acc2] jpeg-wrap raw=382 jpeg=1028
2026-03-29 23:38:56 [DEBUG] __main__ — [transport:acc2] upload ok fileId=3044257529 size=382
2026-03-29 23:38:57 [DEBUG] __main__ — [transport:acc1] recv_file fileId=3048892475 size=13972
2026-03-29 23:38:57 [DEBUG] __main__ — [tun] ← 19 pkts  raw=13972B
2026-03-29 23:38:57 [DEBUG] __main__ — [tun] → 7 pkts  raw=382B  packed=175B
2026-03-29 23:38:57 [DEBUG] __main__ — [transport:acc1] jpeg-wrap raw=175 jpeg=821
2026-03-29 23:38:57 [DEBUG] __main__ — [transport:acc2] recv_file fileId=3044257785 size=54
2026-03-29 23:38:57 [DEBUG] __main__ — [tun] ← 1 pkts  raw=54B
2026-03-29 23:38:57 [DEBUG] __main__ — [transport:acc1] upload ok fileId=3039815705 size=175
2026-03-29 23:38:58 [DEBUG] __main__ — [transport:acc3] recv_file fileId=3045024733 size=27708
2026-03-29 23:38:58 [DEBUG] __main__ — [tun] ← 28 pkts  raw=27708B
2026-03-29 23:38:58 [DEBUG] __main__ — [tun] → 14 pkts  raw=760B  packed=282B
2026-03-29 23:38:59 [DEBUG] __main__ — [transport:acc2] jpeg-wrap raw=282 jpeg=928
2026-03-29 23:38:59 [DEBUG] __main__ — [transport:acc2] upload ok fileId=3039761981 size=282
2026-03-29 23:39:00 [DEBUG] __main__ — [transport:acc1] recv_file fileId=3045131810 size=62396
2026-03-29 23:39:00 [DEBUG] __main__ — [tun] ← 56 pkts  raw=62396B
2026-03-29 23:39:00 [DEBUG] __main__ — [tun] → 28 pkts  raw=1516B  packed=515B
2026-03-29 23:39:00 [DEBUG] __main__ — [transport:acc1] jpeg-wrap raw=515 jpeg=1161
2026-03-29 23:39:01 [DEBUG] __main__ — [transport:acc1] upload ok fileId=3028563089 size=515
2026-03-29 23:39:02 [DEBUG] __main__ — [transport:acc1] recv_file fileId=3043802349 size=48389
2026-03-29 23:39:02 [DEBUG] __main__ — [tun] ← 37 pkts  raw=48389B
2026-03-29 23:39:02 [DEBUG] __main__ — [tun] → 20 pkts  raw=1115B  packed=430B
2026-03-29 23:39:02 [DEBUG] __main__ — [transport:acc2] jpeg-wrap raw=430 jpeg=1076
2026-03-29 23:39:02 [DEBUG] __main__ — [transport:acc2] upload ok fileId=3035902210 size=430
2026-03-29 23:39:03 [DEBUG] __main__ — [transport:acc2] recv_file fileId=3045024989 size=166
2026-03-29 23:39:03 [DEBUG] __main__ — [tun] ← 3 pkts  raw=166B
2026-03-29 23:39:03 [DEBUG] __main__ — [tun] → 1 pkts  raw=58B  packed=59B
2026-03-29 23:39:04 [DEBUG] __main__ — [transport:acc1] jpeg-wrap raw=59 jpeg=705
2026-03-29 23:39:04 [DEBUG] __main__ — [transport:acc1] upload ok fileId=3042944482 size=59
2026-03-29 23:39:12 [DEBUG] __main__ — [transport:acc1] recv_file fileId=3041353969 size=54
2026-03-29 23:39:12 [DEBUG] __main__ — [tun] ← 1 pkts  raw=54B
2026-03-29 23:39:26 [DEBUG] __main__ — [tun] → 1 pkts  raw=66B  packed=67B
2026-03-29 23:39:26 [DEBUG] __main__ — [transport:acc1] jpeg-wrap raw=67 jpeg=713
2026-03-29 23:39:26 [DEBUG] __main__ — [transport:acc1] upload ok fileId=3039465793 size=67
2026-03-29 23:39:27 [DEBUG] __main__ — [tun] → 1 pkts  raw=66B  packed=67B
2026-03-29 23:39:27 [DEBUG] __main__ — [transport:acc2] jpeg-wrap raw=67 jpeg=713
2026-03-29 23:39:27 [DEBUG] __main__ — [transport:acc2] upload ok fileId=3029690432 size=67
2026-03-29 23:39:28 [DEBUG] __main__ — [tun] → 1 pkts  raw=66B  packed=67B
2026-03-29 23:39:28 [DEBUG] __main__ — [transport:acc1] jpeg-wrap raw=67 jpeg=713
2026-03-29 23:39:28 [DEBUG] __main__ — [transport:acc1] upload ok fileId=3046132816 size=67
2026-03-29 23:39:29 [DEBUG] __main__ — [tun] → 1 pkts  raw=66B  packed=67B
2026-03-29 23:39:29 [DEBUG] __main__ — [transport:acc2] jpeg-wrap raw=67 jpeg=713
2026-03-29 23:39:29 [DEBUG] __main__ — [transport:acc2] upload ok fileId=3042954812 size=67
2026-03-29 23:39:30 [DEBUG] __main__ — [tun] → 1 pkts  raw=66B  packed=67B
2026-03-29 23:39:30 [DEBUG] __main__ — [transport:acc1] jpeg-wrap raw=67 jpeg=713
2026-03-29 23:39:30 [DEBUG] __main__ — [transport:acc1] upload ok fileId=3038392137 size=67
2026-03-29 23:39:31 [DEBUG] __main__ — [tun] → 1 pkts  raw=66B  packed=67B
2026-03-29 23:39:31 [DEBUG] __main__ — [transport:acc2] jpeg-wrap raw=67 jpeg=713
2026-03-29 23:39:31 [DEBUG] __main__ — [transport:acc2] upload ok fileId=3048892987 size=67
2026-03-29 23:39:33 [DEBUG] __main__ — [tun] → 1 pkts  raw=66B  packed=67B
2026-03-29 23:39:33 [DEBUG] __main__ — [transport:acc1] jpeg-wrap raw=67 jpeg=713
2026-03-29 23:39:33 [DEBUG] __main__ — [transport:acc1] upload ok fileId=3040727624 size=67
2026-03-29 23:39:37 [DEBUG] __main__ — [tun] → 1 pkts  raw=66B  packed=67B
2026-03-29 23:39:37 [DEBUG] __main__ — [transport:acc1] jpeg-wrap raw=67 jpeg=713
2026-03-29 23:39:37 [DEBUG] __main__ — [transport:acc1] upload ok fileId=3043478278 size=67
2026-03-29 23:39:41 [DEBUG] __main__ — [tun] → 1 pkts  raw=66B  packed=67B
2026-03-29 23:39:41 [DEBUG] __main__ — [transport:acc1] jpeg-wrap raw=67 jpeg=713
2026-03-29 23:39:41 [DEBUG] __main__ — [transport:acc1] upload ok fileId=3045132578 size=67
2026-03-29 23:39:42 [DEBUG] __main__ — [tun] → 1 pkts  raw=66B  packed=67B
2026-03-29 23:39:42 [DEBUG] __main__ — [transport:acc2] jpeg-wrap raw=67 jpeg=713
2026-03-29 23:39:42 [DEBUG] __main__ — [transport:acc2] upload ok fileId=3046394682 size=67
2026-03-29 23:39:43 [DEBUG] __main__ — [tun] → 1 pkts  raw=66B  packed=67B
2026-03-29 23:39:43 [DEBUG] __main__ — [transport:acc1] jpeg-wrap raw=67 jpeg=713
2026-03-29 23:39:43 [DEBUG] __main__ — [transport:acc1] upload ok fileId=3044459077 size=67
2026-03-29 23:39:43 [DEBUG] __main__ — [transport:acc1] recv_file fileId=3046506485 size=54
2026-03-29 23:39:43 [DEBUG] __main__ — [tun] ← 1 pkts  raw=54B
2026-03-29 23:39:44 [DEBUG] __main__ — [tun] → 1 pkts  raw=66B  packed=67B
2026-03-29 23:39:44 [DEBUG] __main__ — [transport:acc2] jpeg-wrap raw=67 jpeg=713
2026-03-29 23:39:44 [DEBUG] __main__ — [transport:acc2] upload ok fileId=3046436418 size=67
2026-03-29 23:39:45 [DEBUG] __main__ — [tun] → 1 pkts  raw=66B  packed=67B
2026-03-29 23:39:45 [DEBUG] __main__ — [transport:acc1] jpeg-wrap raw=67 jpeg=713
2026-03-29 23:39:45 [DEBUG] __main__ — [transport:acc1] upload ok fileId=3040728136 size=67
2026-03-29 23:39:46 [DEBUG] __main__ — [tun] → 1 pkts  raw=66B  packed=67B
2026-03-29 23:39:46 [DEBUG] __main__ — [transport:acc2] jpeg-wrap raw=67 jpeg=713
2026-03-29 23:39:46 [DEBUG] __main__ — [transport:acc2] upload ok fileId=3029690944 size=67
2026-03-29 23:39:47 [INFO] __main__ — [tun] stats: sent=99pkts/6КБ  recv=158pkts/153КБ  uptime=60s
2026-03-29 23:39:48 [DEBUG] __main__ — [tun] → 1 pkts  raw=66B  packed=67B
2026-03-29 23:39:48 [DEBUG] __main__ — [transport:acc1] jpeg-wrap raw=67 jpeg=713
2026-03-29 23:39:48 [DEBUG] __main__ — [transport:acc1] upload ok fileId=3047919175 size=67
2026-03-29 23:39:52 [DEBUG] __main__ — [tun] → 1 pkts  raw=66B  packed=67B
2026-03-29 23:39:52 [DEBUG] __main__ — [transport:acc1] jpeg-wrap raw=67 jpeg=713
2026-03-29 23:39:52 [DEBUG] __main__ — [transport:acc1] upload ok fileId=3024722947 size=67
2026-03-29 23:40:00 [DEBUG] __main__ — [tun] → 1 pkts  raw=66B  packed=67B
2026-03-29 23:40:00 [DEBUG] __main__ — [transport:acc1] jpeg-wrap raw=67 jpeg=713
2026-03-29 23:40:01 [DEBUG] __main__ — [transport:acc1] upload ok fileId=3049803529 size=67
2026-03-29 23:40:17 [DEBUG] __main__ — [tun] → 1 pkts  raw=66B  packed=67B
2026-03-29 23:40:17 [DEBUG] __main__ — [transport:acc1] jpeg-wrap raw=67 jpeg=713
2026-03-29 23:40:17 [DEBUG] __main__ — [transport:acc1] upload ok fileId=3049803785 size=67
2026-03-29 23:40:47 [INFO] __main__ — [tun] stats: sent=103pkts/6КБ  recv=158pkts/153КБ  uptime=120s
2026-03-29 23:40:49 [DEBUG] __main__ — [transport:acc1] recv_file fileId=3046461935 size=54
2026-03-29 23:40:49 [DEBUG] __main__ — [tun] ← 1 pkts  raw=54B
2026-03-29 23:40:49 [DEBUG] __main__ — [tun] → 1 pkts  raw=66B  packed=67B
2026-03-29 23:40:49 [DEBUG] __main__ — [transport:acc1] jpeg-wrap raw=67 jpeg=713
2026-03-29 23:40:50 [DEBUG] __main__ — [transport:acc1] upload ok fileId=3045674760 size=67
2026-03-29 23:41:47 [INFO] __main__ — [tun] stats: sent=104pkts/6КБ  recv=159pkts/153КБ  uptime=180s
2026-03-29 23:42:12 [DEBUG] __main__ — [tun] → 1 pkts  raw=66B  packed=67B
2026-03-29 23:42:12 [DEBUG] __main__ — [transport:acc1] jpeg-wrap raw=67 jpeg=713
2026-03-29 23:42:13 [DEBUG] __main__ — [transport:acc1] upload ok fileId=3044771374 size=67
2026-03-29 23:42:13 [DEBUG] __main__ — [tun] → 1 pkts  raw=66B  packed=67B
2026-03-29 23:42:13 [DEBUG] __main__ — [transport:acc2] jpeg-wrap raw=67 jpeg=713
2026-03-29 23:42:14 [DEBUG] __main__ — [transport:acc2] upload ok fileId=3042957628 size=67
2026-03-29 23:42:14 [DEBUG] __main__ — [tun] → 1 pkts  raw=66B  packed=67B
2026-03-29 23:42:14 [DEBUG] __main__ — [transport:acc1] jpeg-wrap raw=67 jpeg=713
2026-03-29 23:42:15 [DEBUG] __main__ — [transport:acc1] upload ok fileId=3042284378 size=67
2026-03-29 23:42:15 [DEBUG] __main__ — [tun] → 1 pkts  raw=66B  packed=67B
2026-03-29 23:42:15 [DEBUG] __main__ — [transport:acc3] jpeg-wrap raw=67 jpeg=713
2026-03-29 23:42:16 [DEBUG] __main__ — [tun] → 1 pkts  raw=66B  packed=67B
2026-03-29 23:42:16 [DEBUG] __main__ — [transport:acc1] jpeg-wrap raw=67 jpeg=713
2026-03-29 23:42:17 [DEBUG] __main__ — [transport:acc1] upload ok fileId=3047922503 size=67
2026-03-29 23:42:17 [DEBUG] __main__ — [transport:acc3] upload ok fileId=3046137168 size=67
2026-03-29 23:42:17 [DEBUG] __main__ — [tun] → 1 pkts  raw=66B  packed=67B
2026-03-29 23:42:17 [DEBUG] __main__ — [transport:acc2] jpeg-wrap raw=67 jpeg=713
2026-03-29 23:42:18 [DEBUG] __main__ — [transport:acc2] upload ok fileId=3044949062 size=67
2026-03-29 23:42:19 [DEBUG] __main__ — [tun] → 1 pkts  raw=66B  packed=67B
2026-03-29 23:42:20 [DEBUG] __main__ — [transport:acc1] jpeg-wrap raw=67 jpeg=713
2026-03-29 23:42:20 [DEBUG] __main__ — [transport:acc1] upload ok fileId=3046308942 size=67
2026-03-29 23:42:23 [DEBUG] __main__ — [tun] → 1 pkts  raw=66B  packed=67B
2026-03-29 23:42:24 [DEBUG] __main__ — [transport:acc1] jpeg-wrap raw=67 jpeg=713
2026-03-29 23:42:24 [DEBUG] __main__ — [transport:acc1] upload ok fileId=3044263204 size=67
2026-03-29 23:42:32 [DEBUG] __main__ — [tun] → 1 pkts  raw=66B  packed=67B
2026-03-29 23:42:32 [DEBUG] __main__ — [transport:acc1] jpeg-wrap raw=67 jpeg=713
2026-03-29 23:42:32 [DEBUG] __main__ — [transport:acc1] upload ok fileId=3043992076 size=67
2026-03-29 23:42:47 [INFO] __main__ — [tun] stats: sent=113pkts/7КБ  recv=159pkts/153КБ  uptime=240s
2026-03-29 23:42:48 [DEBUG] __main__ — [transport:acc1] recv_file fileId=3030223351 size=54
2026-03-29 23:42:48 [DEBUG] __main__ — [tun] ← 1 pkts  raw=54B
2026-03-29 23:43:47 [INFO] __main__ — [tun] stats: sent=113pkts/7КБ  recv=160pkts/153КБ  uptime=300s
