2026-03-25 19:42:56 [DEBUG] __main__ — [tun] ip link set tun0 up mtu 1400: OK
2026-03-25 19:42:56 [DEBUG] __main__ — [tun] ip addr add 10.0.1.1/30 dev tun0: OK
2026-03-25 19:42:56 [INFO] __main__ — Авторизован [client:acc3], chatId=0
2026-03-25 19:42:57 [DEBUG] __main__ — [transport:acc3] recv_file fileId=3013306511 size=54
2026-03-25 19:42:57 [DEBUG] __main__ — [tun] ← 1 pkts  raw=54B
2026-03-25 19:42:57 [INFO] __main__ — BATCH TUN←  pkts=1  0КБ
2026-03-25 19:42:57 [INFO] __main__ — Авторизован [client:acc2], chatId=0
2026-03-25 19:42:57 [INFO] __main__ — Авторизован [client:acc1], chatId=0
2026-03-25 19:42:57 [DEBUG] __main__ — [tun] → 1 pkts  raw=54B  packed=48B
2026-03-25 19:42:57 [INFO] __main__ — BATCH TUN→  pkts=1  0КБ  packed=0КБ
2026-03-25 19:42:57 [DEBUG] __main__ — [transport:acc2] jpeg-wrap raw=48 jpeg=694
2026-03-25 19:42:57 [DEBUG] __main__ — [transport:acc2] upload ok fileId=3012045221 size=48
2026-03-25 19:43:02 [DEBUG] __main__ — [tun] → 1 pkts  raw=54B  packed=48B
2026-03-25 19:43:02 [INFO] __main__ — BATCH TUN→  pkts=1  0КБ  packed=0КБ
2026-03-25 19:43:02 [DEBUG] __main__ — [transport:acc3] jpeg-wrap raw=48 jpeg=694
2026-03-25 19:43:02 [DEBUG] __main__ — [transport:acc3] upload ok fileId=3007248303 size=48
2026-03-25 19:43:03 [DEBUG] __main__ — [tun] → 1 pkts  raw=1406B  packed=1407B
2026-03-25 19:43:03 [INFO] __main__ — BATCH TUN→  pkts=1  1КБ  packed=1КБ
2026-03-25 19:43:03 [DEBUG] __main__ — [transport:acc1] jpeg-wrap raw=1407 jpeg=2053
2026-03-25 19:43:03 [DEBUG] __main__ — [transport:acc1] upload ok fileId=3007625398 size=1407
2026-03-25 19:43:05 [DEBUG] __main__ — [transport:acc3] recv_file fileId=3015189086 size=70
2026-03-25 19:43:05 [DEBUG] __main__ — [tun] ← 1 pkts  raw=70B
2026-03-25 19:43:05 [INFO] __main__ — BATCH TUN←  pkts=1  0КБ
2026-03-25 19:43:06 [DEBUG] __main__ — [tun] → 3 pkts  raw=2898B  packed=2895B
2026-03-25 19:43:06 [INFO] __main__ — BATCH TUN→  pkts=3  2КБ  packed=2КБ
2026-03-25 19:43:06 [DEBUG] __main__ — [transport:acc2] jpeg-wrap raw=2895 jpeg=3541
2026-03-25 19:43:06 [DEBUG] __main__ — [transport:acc2] upload ok fileId=2997215687 size=2895
2026-03-25 19:43:10 [DEBUG] __main__ — [tun] → 1 pkts  raw=54B  packed=48B
2026-03-25 19:43:10 [INFO] __main__ — BATCH TUN→  pkts=1  0КБ  packed=0КБ
2026-03-25 19:43:10 [DEBUG] __main__ — [transport:acc3] jpeg-wrap raw=48 jpeg=694
2026-03-25 19:43:10 [DEBUG] __main__ — [transport:acc3] upload ok fileId=3006694826 size=48
2026-03-25 19:43:14 [DEBUG] __main__ — [tun] → 1 pkts  raw=1406B  packed=1407B
2026-03-25 19:43:14 [INFO] __main__ — BATCH TUN→  pkts=1  1КБ  packed=1КБ
2026-03-25 19:43:15 [DEBUG] __main__ — [transport:acc1] jpeg-wrap raw=1407 jpeg=2053
2026-03-25 19:43:15 [DEBUG] __main__ — [transport:acc3] recv_file fileId=3017022350 size=54
2026-03-25 19:43:15 [DEBUG] __main__ — [tun] ← 1 pkts  raw=54B
2026-03-25 19:43:15 [INFO] __main__ — BATCH TUN←  pkts=1  0КБ
2026-03-25 19:43:15 [DEBUG] __main__ — [transport:acc1] upload ok fileId=3017076402 size=1407
2026-03-25 19:43:16 [DEBUG] __main__ — [transport:acc3] recv_file fileId=3002277253 size=70
2026-03-25 19:43:16 [DEBUG] __main__ — [tun] ← 1 pkts  raw=70B
2026-03-25 19:43:16 [INFO] __main__ — BATCH TUN←  pkts=1  0КБ
2026-03-25 19:43:17 [DEBUG] __main__ — [tun] → 2 pkts  raw=156B  packed=157B
2026-03-25 19:43:17 [INFO] __main__ — BATCH TUN→  pkts=2  0КБ  packed=0КБ
2026-03-25 19:43:17 [DEBUG] __main__ — [transport:acc2] jpeg-wrap raw=157 jpeg=803
2026-03-25 19:43:17 [DEBUG] __main__ — [transport:acc2] upload ok fileId=3010898451 size=157
2026-03-25 19:43:19 [DEBUG] __main__ — [tun] → 1 pkts  raw=66B  packed=67B
2026-03-25 19:43:19 [INFO] __main__ — BATCH TUN→  pkts=1  0КБ  packed=0КБ
2026-03-25 19:43:19 [DEBUG] __main__ — [transport:acc3] jpeg-wrap raw=67 jpeg=713
2026-03-25 19:43:19 [DEBUG] __main__ — [transport:acc3] upload ok fileId=3015630186 size=67
2026-03-25 19:43:20 [DEBUG] __main__ — [tun] → 1 pkts  raw=66B  packed=67B
2026-03-25 19:43:20 [INFO] __main__ — BATCH TUN→  pkts=1  0КБ  packed=0КБ
2026-03-25 19:43:20 [DEBUG] __main__ — [transport:acc1] jpeg-wrap raw=67 jpeg=713
2026-03-25 19:43:20 [DEBUG] __main__ — [transport:acc1] upload ok fileId=3012788841 size=67
2026-03-25 19:43:21 [DEBUG] __main__ — [transport:acc3] recv_file fileId=3013981734 size=66
2026-03-25 19:43:21 [DEBUG] __main__ — [tun] ← 1 pkts  raw=66B
2026-03-25 19:43:21 [INFO] __main__ — BATCH TUN←  pkts=1  0КБ
2026-03-25 19:43:21 [DEBUG] __main__ — [tun] → 3 pkts  raw=691B  packed=460B
2026-03-25 19:43:21 [INFO] __main__ — BATCH TUN→  pkts=3  0КБ  packed=0КБ
2026-03-25 19:43:21 [DEBUG] __main__ — [transport:acc2] jpeg-wrap raw=460 jpeg=1106
2026-03-25 19:43:21 [DEBUG] __main__ — [transport:acc2] upload ok fileId=3005202289 size=460
2026-03-25 19:43:23 [DEBUG] __main__ — [transport:acc3] recv_file fileId=3001672096 size=128
2026-03-25 19:43:23 [DEBUG] __main__ — [tun] ← 2 pkts  raw=128B
2026-03-25 19:43:23 [INFO] __main__ — BATCH TUN←  pkts=2  0КБ
2026-03-25 19:43:24 [DEBUG] __main__ — [tun] → 1 pkts  raw=58B  packed=59B
2026-03-25 19:43:24 [INFO] __main__ — BATCH TUN→  pkts=1  0КБ  packed=0КБ
2026-03-25 19:43:24 [DEBUG] __main__ — [transport:acc3] jpeg-wrap raw=59 jpeg=705
2026-03-25 19:43:24 [DEBUG] __main__ — [transport:acc3] upload ok fileId=3008679977 size=59
2026-03-25 19:43:24 [DEBUG] __main__ — [transport:acc3] recv_file fileId=3013922349 size=66
2026-03-25 19:43:24 [DEBUG] __main__ — [tun] ← 1 pkts  raw=66B
2026-03-25 19:43:24 [INFO] __main__ — BATCH TUN←  pkts=1  0КБ
2026-03-25 19:43:25 [DEBUG] __main__ — [tun] → 1 pkts  raw=58B  packed=59B
2026-03-25 19:43:25 [INFO] __main__ — BATCH TUN→  pkts=1  0КБ  packed=0КБ
2026-03-25 19:43:26 [DEBUG] __main__ — [transport:acc1] jpeg-wrap raw=59 jpeg=705
2026-03-25 19:43:26 [DEBUG] __main__ — [transport:acc1] upload ok fileId=3008722082 size=59
2026-03-25 19:43:28 [DEBUG] __main__ — [tun] → 2 pkts  raw=625B  packed=436B
2026-03-25 19:43:28 [INFO] __main__ — BATCH TUN→  pkts=2  0КБ  packed=0КБ
2026-03-25 19:43:28 [DEBUG] __main__ — [transport:acc2] jpeg-wrap raw=436 jpeg=1082
2026-03-25 19:43:28 [DEBUG] __main__ — [transport:acc2] upload ok fileId=3007249839 size=436
2026-03-25 19:43:32 [DEBUG] __main__ — [tun] → 1 pkts  raw=94B  packed=95B
2026-03-25 19:43:32 [INFO] __main__ — BATCH TUN→  pkts=1  0КБ  packed=0КБ
2026-03-25 19:43:32 [DEBUG] __main__ — [transport:acc3] jpeg-wrap raw=95 jpeg=741
2026-03-25 19:43:33 [DEBUG] __main__ — [transport:acc3] upload ok fileId=3017077170 size=95
2026-03-25 19:43:34 [DEBUG] __main__ — [transport:acc3] recv_file fileId=2998519905 size=70
2026-03-25 19:43:34 [DEBUG] __main__ — [tun] ← 1 pkts  raw=70B
2026-03-25 19:43:34 [INFO] __main__ — BATCH TUN←  pkts=1  0КБ
2026-03-25 19:43:35 [DEBUG] __main__ — [tun] → 2 pkts  raw=2808B  packed=2809B
2026-03-25 19:43:35 [INFO] __main__ — BATCH TUN→  pkts=2  2КБ  packed=2КБ
2026-03-25 19:43:35 [DEBUG] __main__ — [transport:acc1] jpeg-wrap raw=2809 jpeg=3455
2026-03-25 19:43:35 [DEBUG] __main__ — [transport:acc1] upload ok fileId=3007954139 size=2809
2026-03-25 19:43:37 [DEBUG] __main__ — [transport:acc3] recv_file fileId=3003078229 size=454
2026-03-25 19:43:37 [DEBUG] __main__ — [tun] ← 3 pkts  raw=454B
2026-03-25 19:43:37 [INFO] __main__ — BATCH TUN←  pkts=3  0КБ
2026-03-25 19:43:37 [DEBUG] __main__ — [tun] → 4 pkts  raw=1925B  packed=1736B
2026-03-25 19:43:37 [INFO] __main__ — BATCH TUN→  pkts=4  1КБ  packed=1КБ
2026-03-25 19:43:37 [DEBUG] __main__ — [transport:acc2] jpeg-wrap raw=1736 jpeg=2382
2026-03-25 19:43:37 [DEBUG] __main__ — [transport:acc2] upload ok fileId=3000012969 size=1736
2026-03-25 19:43:45 [DEBUG] __main__ — [tun] → 1 pkts  raw=166B  packed=167B
2026-03-25 19:43:45 [INFO] __main__ — BATCH TUN→  pkts=1  0КБ  packed=0КБ
2026-03-25 19:43:45 [DEBUG] __main__ — [transport:acc3] jpeg-wrap raw=167 jpeg=813
2026-03-25 19:43:45 [DEBUG] __main__ — [transport:acc3] upload ok fileId=3006641587 size=167
2026-03-25 19:43:46 [DEBUG] __main__ — [transport:acc3] recv_file fileId=3005671571 size=350
2026-03-25 19:43:46 [DEBUG] __main__ — [tun] ← 1 pkts  raw=350B
2026-03-25 19:43:46 [INFO] __main__ — BATCH TUN←  pkts=1  0КБ
2026-03-25 19:43:47 [DEBUG] __main__ — [tun] → 1 pkts  raw=166B  packed=167B
2026-03-25 19:43:47 [INFO] __main__ — BATCH TUN→  pkts=1  0КБ  packed=0КБ
2026-03-25 19:43:47 [DEBUG] __main__ — [transport:acc1] jpeg-wrap raw=167 jpeg=813
2026-03-25 19:43:47 [DEBUG] __main__ — [transport:acc1] upload ok fileId=3011865095 size=167
2026-03-25 19:43:47 [DEBUG] __main__ — [transport:acc3] recv_file fileId=3009466865 size=70
2026-03-25 19:43:47 [DEBUG] __main__ — [tun] ← 1 pkts  raw=70B
2026-03-25 19:43:47 [INFO] __main__ — BATCH TUN←  pkts=1  0КБ
2026-03-25 19:43:48 [DEBUG] __main__ — [tun] → 1 pkts  raw=1138B  packed=1139B
2026-03-25 19:43:48 [INFO] __main__ — BATCH TUN→  pkts=1  1КБ  packed=1КБ
2026-03-25 19:43:49 [DEBUG] __main__ — [transport:acc2] jpeg-wrap raw=1139 jpeg=1785
2026-03-25 19:43:49 [DEBUG] __main__ — [transport:acc2] upload ok fileId=3006724223 size=1139
2026-03-25 19:43:49 [DEBUG] __main__ — [transport:acc3] recv_file fileId=3013793653 size=70
2026-03-25 19:43:49 [DEBUG] __main__ — [tun] ← 1 pkts  raw=70B
2026-03-25 19:43:49 [INFO] __main__ — BATCH TUN←  pkts=1  0КБ
2026-03-25 19:43:51 [DEBUG] __main__ — [tun] → 1 pkts  raw=58B  packed=59B
2026-03-25 19:43:51 [INFO] __main__ — BATCH TUN→  pkts=1  0КБ  packed=0КБ
2026-03-25 19:43:51 [DEBUG] __main__ — [transport:acc3] jpeg-wrap raw=59 jpeg=705
2026-03-25 19:43:51 [DEBUG] __main__ — [transport:acc3] upload ok fileId=3000704564 size=59
2026-03-25 19:43:52 [DEBUG] __main__ — [transport:acc3] recv_file fileId=3013269505 size=222
2026-03-25 19:43:52 [DEBUG] __main__ — [tun] ← 3 pkts  raw=222B
2026-03-25 19:43:52 [INFO] __main__ — BATCH TUN←  pkts=3  0КБ
2026-03-25 19:43:53 [DEBUG] __main__ — [tun] → 2 pkts  raw=665B  packed=484B
2026-03-25 19:43:53 [INFO] __main__ — BATCH TUN→  pkts=2  0КБ  packed=0КБ
2026-03-25 19:43:53 [DEBUG] __main__ — [transport:acc1] jpeg-wrap raw=484 jpeg=1130
2026-03-25 19:43:53 [DEBUG] __main__ — [transport:acc1] upload ok fileId=3009114006 size=484
2026-03-25 19:43:55 [DEBUG] __main__ — [transport:acc3] recv_file fileId=3013317104 size=3618
2026-03-25 19:43:55 [DEBUG] __main__ — [tun] ← 6 pkts  raw=3618B
2026-03-25 19:43:55 [INFO] __main__ — BATCH TUN←  pkts=6  3КБ
2026-03-25 19:43:56 [DEBUG] __main__ — [tun] → 3 pkts  raw=1234B  packed=1235B
2026-03-25 19:43:56 [INFO] __main__ — BATCH TUN→  pkts=3  1КБ  packed=1КБ
2026-03-25 19:43:56 [DEBUG] __main__ — [transport:acc2] jpeg-wrap raw=1235 jpeg=1881
2026-03-25 19:43:56 [DEBUG] __main__ — [transport:acc2] upload ok fileId=3009450075 size=1235
2026-03-25 19:43:56 [INFO] __main__ — [tun] stats: sent=35pkts/15КБ  recv=24pkts/5КБ  uptime=60s
2026-03-25 19:43:59 [DEBUG] __main__ — [tun] → 1 pkts  raw=262B  packed=263B
2026-03-25 19:43:59 [INFO] __main__ — BATCH TUN→  pkts=1  0КБ  packed=0КБ
2026-03-25 19:43:59 [DEBUG] __main__ — [transport:acc3] jpeg-wrap raw=263 jpeg=909
2026-03-25 19:43:59 [DEBUG] __main__ — [transport:acc3] upload ok fileId=3003313290 size=263
2026-03-25 19:44:00 [DEBUG] __main__ — [transport:acc3] recv_file fileId=3009781482 size=70
2026-03-25 19:44:00 [DEBUG] __main__ — [tun] ← 1 pkts  raw=70B
2026-03-25 19:44:00 [INFO] __main__ — BATCH TUN←  pkts=1  0КБ
2026-03-25 19:44:01 [DEBUG] __main__ — [tun] → 1 pkts  raw=1138B  packed=1139B
2026-03-25 19:44:01 [INFO] __main__ — BATCH TUN→  pkts=1  1КБ  packed=1КБ
2026-03-25 19:44:01 [DEBUG] __main__ — [transport:acc1] jpeg-wrap raw=1139 jpeg=1785
2026-03-25 19:44:02 [DEBUG] __main__ — [transport:acc1] upload ok fileId=3011209252 size=1139
2026-03-25 19:44:03 [DEBUG] __main__ — [transport:acc3] recv_file fileId=3007339962 size=166
2026-03-25 19:44:03 [DEBUG] __main__ — [tun] ← 3 pkts  raw=166B
2026-03-25 19:44:03 [INFO] __main__ — BATCH TUN←  pkts=3  0КБ
2026-03-25 19:44:04 [DEBUG] __main__ — [tun] → 1 pkts  raw=58B  packed=59B
2026-03-25 19:44:04 [INFO] __main__ — BATCH TUN→  pkts=1  0КБ  packed=0КБ
2026-03-25 19:44:04 [DEBUG] __main__ — [transport:acc2] jpeg-wrap raw=59 jpeg=705
2026-03-25 19:44:04 [DEBUG] __main__ — [transport:acc2] upload ok fileId=3015765795 size=59
2026-03-25 19:44:06 [DEBUG] __main__ — [tun] → 1 pkts  raw=54B  packed=48B
2026-03-25 19:44:06 [INFO] __main__ — BATCH TUN→  pkts=1  0КБ  packed=0КБ
2026-03-25 19:44:06 [DEBUG] __main__ — [transport:acc3] jpeg-wrap raw=48 jpeg=694
2026-03-25 19:44:06 [DEBUG] __main__ — [transport:acc3] upload ok fileId=3007252143 size=48
2026-03-25 19:44:08 [DEBUG] __main__ — [tun] → 1 pkts  raw=66B  packed=67B
2026-03-25 19:44:08 [INFO] __main__ — BATCH TUN→  pkts=1  0КБ  packed=0КБ
2026-03-25 19:44:08 [DEBUG] __main__ — [transport:acc1] jpeg-wrap raw=67 jpeg=713
2026-03-25 19:44:09 [DEBUG] __main__ — [transport:acc1] upload ok fileId=3009726041 size=67
2026-03-25 19:44:09 [DEBUG] __main__ — [tun] → 1 pkts  raw=66B  packed=67B
2026-03-25 19:44:09 [INFO] __main__ — BATCH TUN→  pkts=1  0КБ  packed=0КБ
2026-03-25 19:44:09 [DEBUG] __main__ — [transport:acc2] jpeg-wrap raw=67 jpeg=713
2026-03-25 19:44:10 [DEBUG] __main__ — [transport:acc2] upload ok fileId=3010601323 size=67
2026-03-25 19:44:10 [DEBUG] __main__ — [transport:acc3] recv_file fileId=3009983997 size=66
2026-03-25 19:44:10 [DEBUG] __main__ — [tun] ← 1 pkts  raw=66B
2026-03-25 19:44:10 [INFO] __main__ — BATCH TUN←  pkts=1  0КБ
2026-03-25 19:44:10 [DEBUG] __main__ — [tun] → 3 pkts  raw=691B  packed=463B
2026-03-25 19:44:10 [INFO] __main__ — BATCH TUN→  pkts=3  0КБ  packed=0КБ
2026-03-25 19:44:11 [DEBUG] __main__ — [transport:acc3] jpeg-wrap raw=463 jpeg=1109
2026-03-25 19:44:11 [DEBUG] __main__ — [transport:acc3] upload ok fileId=3010601835 size=463
2026-03-25 19:44:12 [DEBUG] __main__ — [transport:acc3] recv_file fileId=3011212672 size=66
2026-03-25 19:44:12 [DEBUG] __main__ — [tun] ← 1 pkts  raw=66B
2026-03-25 19:44:12 [INFO] __main__ — BATCH TUN←  pkts=1  0КБ
2026-03-25 19:44:13 [DEBUG] __main__ — [tun] → 1 pkts  raw=58B  packed=59B
2026-03-25 19:44:13 [INFO] __main__ — BATCH TUN→  pkts=1  0КБ  packed=0КБ
2026-03-25 19:44:13 [DEBUG] __main__ — [transport:acc1] jpeg-wrap raw=59 jpeg=705
2026-03-25 19:44:13 [DEBUG] __main__ — [transport:acc1] upload ok fileId=3011182842 size=59
2026-03-25 19:44:14 [DEBUG] __main__ — [transport:acc3] recv_file fileId=3004718328 size=3470
2026-03-25 19:44:14 [DEBUG] __main__ — [tun] ← 6 pkts  raw=3470B
2026-03-25 19:44:14 [INFO] __main__ — BATCH TUN←  pkts=6  3КБ
2026-03-25 19:44:15 [DEBUG] __main__ — [tun] → 10 pkts  raw=810B  packed=540B
2026-03-25 19:44:15 [INFO] __main__ — BATCH TUN→  pkts=10  0КБ  packed=0КБ
2026-03-25 19:44:15 [DEBUG] __main__ — [transport:acc2] jpeg-wrap raw=540 jpeg=1186
2026-03-25 19:44:15 [DEBUG] __main__ — [transport:acc2] upload ok fileId=3013872732 size=540
2026-03-25 19:44:17 [DEBUG] __main__ — [transport:acc3] recv_file fileId=3007633334 size=496
2026-03-25 19:44:17 [DEBUG] __main__ — [tun] ← 1 pkts  raw=496B
2026-03-25 19:44:17 [INFO] __main__ — BATCH TUN←  pkts=1  0КБ
2026-03-25 19:44:18 [DEBUG] __main__ — [tun] → 1 pkts  raw=70B  packed=71B
2026-03-25 19:44:18 [INFO] __main__ — BATCH TUN→  pkts=1  0КБ  packed=0КБ
2026-03-25 19:44:18 [DEBUG] __main__ — [transport:acc3] jpeg-wrap raw=71 jpeg=717
2026-03-25 19:44:18 [DEBUG] __main__ — [transport:acc3] upload ok fileId=3012541752 size=71
2026-03-25 19:44:18 [DEBUG] __main__ — [transport:acc3] recv_file fileId=3012344618 size=1406
2026-03-25 19:44:18 [DEBUG] __main__ — [tun] ← 1 pkts  raw=1406B
2026-03-25 19:44:18 [INFO] __main__ — BATCH TUN←  pkts=1  1КБ
2026-03-25 19:44:21 [DEBUG] __main__ — [tun] → 1 pkts  raw=114B  packed=115B
2026-03-25 19:44:21 [INFO] __main__ — BATCH TUN→  pkts=1  0КБ  packed=0КБ
2026-03-25 19:44:21 [DEBUG] __main__ — [transport:acc1] jpeg-wrap raw=115 jpeg=761
2026-03-25 19:44:21 [DEBUG] __main__ — [transport:acc1] upload ok fileId=3002975404 size=115
2026-03-25 19:44:22 [DEBUG] __main__ — [transport:acc3] recv_file fileId=3015148886 size=70
2026-03-25 19:44:22 [DEBUG] __main__ — [tun] ← 1 pkts  raw=70B
2026-03-25 19:44:22 [INFO] __main__ — BATCH TUN←  pkts=1  0КБ
2026-03-25 19:44:26 [DEBUG] __main__ — [tun] → 1 pkts  raw=58B  packed=59B
2026-03-25 19:44:26 [INFO] __main__ — BATCH TUN→  pkts=1  0КБ  packed=0КБ
2026-03-25 19:44:26 [DEBUG] __main__ — [transport:acc2] jpeg-wrap raw=59 jpeg=705
2026-03-25 19:44:26 [DEBUG] __main__ — [transport:acc2] upload ok fileId=3011867655 size=59
2026-03-25 19:44:28 [DEBUG] __main__ — [transport:acc3] recv_file fileId=3014977933 size=58
2026-03-25 19:44:28 [DEBUG] __main__ — [tun] ← 1 pkts  raw=58B
2026-03-25 19:44:28 [INFO] __main__ — BATCH TUN←  pkts=1  0КБ
2026-03-25 19:44:29 [DEBUG] __main__ — [tun] → 2 pkts  raw=322B  packed=323B
2026-03-25 19:44:29 [INFO] __main__ — BATCH TUN→  pkts=2  0КБ  packed=0КБ
2026-03-25 19:44:29 [DEBUG] __main__ — [transport:acc3] jpeg-wrap raw=323 jpeg=969
2026-03-25 19:44:29 [DEBUG] __main__ — [transport:acc3] upload ok fileId=3014768399 size=323
2026-03-25 19:44:31 [DEBUG] __main__ — [transport:acc3] recv_file fileId=3014978189 size=1018
2026-03-25 19:44:31 [DEBUG] __main__ — [tun] ← 5 pkts  raw=1018B
2026-03-25 19:44:31 [INFO] __main__ — BATCH TUN←  pkts=5  0КБ
2026-03-25 19:44:32 [DEBUG] __main__ — [tun] → 1 pkts  raw=46B  packed=47B
2026-03-25 19:44:32 [INFO] __main__ — BATCH TUN→  pkts=1  0КБ  packed=0КБ
2026-03-25 19:44:32 [DEBUG] __main__ — [transport:acc1] jpeg-wrap raw=47 jpeg=693
2026-03-25 19:44:32 [DEBUG] __main__ — [transport:acc1] upload ok fileId=3012863740 size=47
2026-03-25 19:44:32 [ERROR] asyncio — Fatal error on SSL transport
protocol: <asyncio.sslproto.SSLProtocol object at 0x7d89cf11ef50>
transport: <_SelectorSocketTransport closing fd=12>
Traceback (most recent call last):
  File "/usr/lib/python3.10/asyncio/selector_events.py", line 924, in write
    n = self._sock.send(data)
OSError: [Errno 9] Bad file descriptor

During handling of the above exception, another exception occurred:

Traceback (most recent call last):
  File "/usr/lib/python3.10/asyncio/sslproto.py", line 690, in _process_write_backlog
    self._transport.write(chunk)
  File "/usr/lib/python3.10/asyncio/selector_events.py", line 930, in write
    self._fatal_error(exc, 'Fatal write error on socket transport')
  File "/usr/lib/python3.10/asyncio/selector_events.py", line 725, in _fatal_error
    self._force_close(exc)
  File "/usr/lib/python3.10/asyncio/selector_events.py", line 737, in _force_close
    self._loop.call_soon(self._call_connection_lost, exc)
  File "/usr/lib/python3.10/asyncio/base_events.py", line 753, in call_soon
    self._check_closed()
  File "/usr/lib/python3.10/asyncio/base_events.py", line 515, in _check_closed
    raise RuntimeError('Event loop is closed')
RuntimeError: Event loop is closed
2026-03-25 19:44:32 [ERROR] asyncio — Fatal error on SSL transport
protocol: <asyncio.sslproto.SSLProtocol object at 0x7d89cf11f4c0>
transport: <_SelectorSocketTransport closing fd=13>
Traceback (most recent call last):
  File "/usr/lib/python3.10/asyncio/selector_events.py", line 924, in write
    n = self._sock.send(data)
OSError: [Errno 9] Bad file descriptor

During handling of the above exception, another exception occurred:

Traceback (most recent call last):
  File "/usr/lib/python3.10/asyncio/sslproto.py", line 690, in _process_write_backlog
    self._transport.write(chunk)
  File "/usr/lib/python3.10/asyncio/selector_events.py", line 930, in write
    self._fatal_error(exc, 'Fatal write error on socket transport')
  File "/usr/lib/python3.10/asyncio/selector_events.py", line 725, in _fatal_error
    self._force_close(exc)
  File "/usr/lib/python3.10/asyncio/selector_events.py", line 737, in _force_close
    self._loop.call_soon(self._call_connection_lost, exc)
  File "/usr/lib/python3.10/asyncio/base_events.py", line 753, in call_soon
    self._check_closed()
  File "/usr/lib/python3.10/asyncio/base_events.py", line 515, in _check_closed
    raise RuntimeError('Event loop is closed')
RuntimeError: Event loop is closed
2026-03-25 19:44:32 [ERROR] asyncio — Fatal error on SSL transport
protocol: <asyncio.sslproto.SSLProtocol object at 0x7d89cf11f8b0>
transport: <_SelectorSocketTransport closing fd=14>
Traceback (most recent call last):
  File "/usr/lib/python3.10/asyncio/selector_events.py", line 924, in write
    n = self._sock.send(data)
OSError: [Errno 9] Bad file descriptor

During handling of the above exception, another exception occurred:

Traceback (most recent call last):
  File "/usr/lib/python3.10/asyncio/sslproto.py", line 690, in _process_write_backlog
    self._transport.write(chunk)
  File "/usr/lib/python3.10/asyncio/selector_events.py", line 930, in write
    self._fatal_error(exc, 'Fatal write error on socket transport')
  File "/usr/lib/python3.10/asyncio/selector_events.py", line 725, in _fatal_error
    self._force_close(exc)
  File "/usr/lib/python3.10/asyncio/selector_events.py", line 737, in _force_close
    self._loop.call_soon(self._call_connection_lost, exc)
  File "/usr/lib/python3.10/asyncio/base_events.py", line 753, in call_soon
    self._check_closed()
  File "/usr/lib/python3.10/asyncio/base_events.py", line 515, in _check_closed
    raise RuntimeError('Event loop is closed')
RuntimeError: Event loop is closed
2026-03-25 19:44:32 [ERROR] asyncio — Unclosed connector
connections: ['deque([(<aiohttp.client_proto.ResponseHandler object at 0x7d89cf136aa0>, 76272.336302888)])', 'deque([(<aiohttp.client_proto.ResponseHandler object at 0x7d89cf1362c0>, 76274.077569397)])']
connector: <aiohttp.connector.TCPConnector object at 0x7d89cfe29f90>
2026-03-25 19:44:32 [ERROR] asyncio — Unclosed connector
connections: ['deque([(<aiohttp.client_proto.ResponseHandler object at 0x7d89cf136f80>, 76269.810323093)])']
connector: <aiohttp.connector.TCPConnector object at 0x7d89cfd0bd30>
2026-03-25 19:44:32 [ERROR] asyncio — Unclosed connector
connections: ['deque([(<aiohttp.client_proto.ResponseHandler object at 0x7d89cf1379a0>, 76275.139017277)])']
connector: <aiohttp.connector.TCPConnector object at 0x7d89cfd0b8b0>
