2026-03-25 19:53:21 [DEBUG] __main__ — [tun] ip link set tun0 up mtu 1400: OK
2026-03-25 19:53:21 [DEBUG] __main__ — [tun] ip addr add 10.0.1.1/30 dev tun0: OK
2026-03-25 19:53:22 [INFO] __main__ — Авторизован [client:acc2], chatId=0
2026-03-25 19:53:22 [INFO] __main__ — Авторизован [client:acc1], chatId=0
2026-03-25 19:53:22 [INFO] __main__ — Авторизован [client:acc3], chatId=0
2026-03-25 19:53:27 [DEBUG] __main__ — [transport:acc3] recv_file fileId=3015016845 size=54
2026-03-25 19:53:27 [DEBUG] __main__ — [tun] ← 1 pkts  raw=54B
2026-03-25 19:53:27 [INFO] __main__ — BATCH TUN←  pkts=1  0КБ
2026-03-25 19:53:28 [DEBUG] __main__ — [tun] → 1 pkts  raw=66B  packed=67B
2026-03-25 19:53:28 [INFO] __main__ — BATCH TUN→  pkts=1  0КБ  packed=0КБ
2026-03-25 19:53:28 [DEBUG] __main__ — [transport:acc2] jpeg-wrap raw=67 jpeg=713
2026-03-25 19:53:28 [DEBUG] __main__ — [transport:acc2] upload ok fileId=3008771839 size=67
2026-03-25 19:53:29 [DEBUG] __main__ — [tun] → 1 pkts  raw=66B  packed=67B
2026-03-25 19:53:29 [INFO] __main__ — BATCH TUN→  pkts=1  0КБ  packed=0КБ
2026-03-25 19:53:29 [DEBUG] __main__ — [transport:acc3] jpeg-wrap raw=67 jpeg=713
2026-03-25 19:53:29 [DEBUG] __main__ — [transport:acc3] upload ok fileId=3008655432 size=67
2026-03-25 19:53:30 [DEBUG] __main__ — [tun] → 1 pkts  raw=66B  packed=67B
2026-03-25 19:53:30 [INFO] __main__ — BATCH TUN→  pkts=1  0КБ  packed=0КБ
2026-03-25 19:53:30 [DEBUG] __main__ — [transport:acc1] jpeg-wrap raw=67 jpeg=713
2026-03-25 19:53:30 [DEBUG] __main__ — [transport:acc1] upload ok fileId=3012107038 size=67
2026-03-25 19:53:31 [DEBUG] __main__ — [tun] → 1 pkts  raw=66B  packed=67B
2026-03-25 19:53:31 [INFO] __main__ — BATCH TUN→  pkts=1  0КБ  packed=0КБ
2026-03-25 19:53:31 [DEBUG] __main__ — [transport:acc1] recv_file fileId=2997407163 size=128
2026-03-25 19:53:31 [DEBUG] __main__ — [tun] ← 2 pkts  raw=128B
2026-03-25 19:53:31 [INFO] __main__ — BATCH TUN←  pkts=2  0КБ
2026-03-25 19:53:31 [DEBUG] __main__ — [transport:acc2] jpeg-wrap raw=67 jpeg=713
2026-03-25 19:53:31 [DEBUG] __main__ — [transport:acc2] upload ok fileId=3014808079 size=67
2026-03-25 19:53:32 [DEBUG] __main__ — [tun] → 4 pkts  raw=745B  packed=471B
2026-03-25 19:53:32 [INFO] __main__ — BATCH TUN→  pkts=4  0КБ  packed=0КБ
2026-03-25 19:53:32 [DEBUG] __main__ — [transport:acc3] jpeg-wrap raw=471 jpeg=1117
2026-03-25 19:53:32 [DEBUG] __main__ — [transport:acc3] upload ok fileId=3014869039 size=471
2026-03-25 19:53:32 [ERROR] __main__ — [transport:acc2] download error: Cannot connect to host fd.oneme.ru:443 ssl:default [No address associated with hostname]
2026-03-25 19:53:34 [DEBUG] __main__ — [transport:acc3] recv_file fileId=2998554464 size=3416
2026-03-25 19:53:34 [DEBUG] __main__ — [tun] ← 5 pkts  raw=3416B
2026-03-25 19:53:34 [INFO] __main__ — BATCH TUN←  pkts=5  3КБ
2026-03-25 19:53:35 [DEBUG] __main__ — [tun] → 9 pkts  raw=756B  packed=497B
2026-03-25 19:53:35 [INFO] __main__ — BATCH TUN→  pkts=9  0КБ  packed=0КБ
2026-03-25 19:53:35 [DEBUG] __main__ — [transport:acc1] jpeg-wrap raw=497 jpeg=1143
2026-03-25 19:53:35 [DEBUG] __main__ — [transport:acc1] upload ok fileId=3009706994 size=497
2026-03-25 19:53:37 [DEBUG] __main__ — [transport:acc1] recv_file fileId=3016001339 size=964
2026-03-25 19:53:37 [DEBUG] __main__ — [tun] ← 4 pkts  raw=964B
2026-03-25 19:53:37 [INFO] __main__ — BATCH TUN←  pkts=4  0КБ
2026-03-25 19:53:38 [DEBUG] __main__ — [tun] → 4 pkts  raw=275B  packed=190B
2026-03-25 19:53:38 [INFO] __main__ — BATCH TUN→  pkts=4  0КБ  packed=0КБ
2026-03-25 19:53:38 [DEBUG] __main__ — [transport:acc2] jpeg-wrap raw=190 jpeg=836
2026-03-25 19:53:38 [DEBUG] __main__ — [transport:acc2] upload ok fileId=3003119957 size=190
2026-03-25 19:53:41 [DEBUG] __main__ — [transport:acc2] recv_file fileId=3014587668 size=166
2026-03-25 19:53:41 [DEBUG] __main__ — [tun] ← 3 pkts  raw=166B
2026-03-25 19:53:41 [INFO] __main__ — BATCH TUN←  pkts=3  0КБ
2026-03-25 19:53:42 [DEBUG] __main__ — [tun] → 1 pkts  raw=58B  packed=59B
2026-03-25 19:53:42 [INFO] __main__ — BATCH TUN→  pkts=1  0КБ  packed=0КБ
2026-03-25 19:53:42 [DEBUG] __main__ — [transport:acc3] jpeg-wrap raw=59 jpeg=705
2026-03-25 19:53:42 [DEBUG] __main__ — [transport:acc3] upload ok fileId=3001711264 size=59
2026-03-25 19:53:42 [DEBUG] __main__ — [transport:acc3] recv_file fileId=2997700753 size=54
2026-03-25 19:53:42 [DEBUG] __main__ — [tun] ← 1 pkts  raw=54B
2026-03-25 19:53:42 [INFO] __main__ — BATCH TUN←  pkts=1  0КБ
2026-03-25 19:53:43 [DEBUG] __main__ — [tun] → 1 pkts  raw=66B  packed=67B
2026-03-25 19:53:43 [INFO] __main__ — BATCH TUN→  pkts=1  0КБ  packed=0КБ
2026-03-25 19:53:44 [DEBUG] __main__ — [transport:acc1] jpeg-wrap raw=67 jpeg=713
2026-03-25 19:53:44 [DEBUG] __main__ — [transport:acc1] upload ok fileId=3005710995 size=67
2026-03-25 19:53:44 [DEBUG] __main__ — [tun] → 1 pkts  raw=66B  packed=67B
2026-03-25 19:53:44 [INFO] __main__ — BATCH TUN→  pkts=1  0КБ  packed=0КБ
2026-03-25 19:53:45 [DEBUG] __main__ — [transport:acc2] jpeg-wrap raw=67 jpeg=713
2026-03-25 19:53:45 [DEBUG] __main__ — [transport:acc2] upload ok fileId=3008396423 size=67
2026-03-25 19:53:45 [DEBUG] __main__ — [tun] → 1 pkts  raw=66B  packed=67B
2026-03-25 19:53:45 [INFO] __main__ — BATCH TUN→  pkts=1  0КБ  packed=0КБ
2026-03-25 19:53:46 [DEBUG] __main__ — [transport:acc3] jpeg-wrap raw=67 jpeg=713
2026-03-25 19:53:46 [DEBUG] __main__ — [transport:acc3] upload ok fileId=3012092069 size=67
2026-03-25 19:53:46 [DEBUG] __main__ — [transport:acc1] recv_file fileId=3007060541 size=128
2026-03-25 19:53:46 [DEBUG] __main__ — [tun] ← 2 pkts  raw=128B
2026-03-25 19:53:46 [INFO] __main__ — BATCH TUN←  pkts=2  0КБ
2026-03-25 19:53:46 [DEBUG] __main__ — [tun] → 4 pkts  raw=745B  packed=477B
2026-03-25 19:53:46 [INFO] __main__ — BATCH TUN→  pkts=4  0КБ  packed=0КБ
2026-03-25 19:53:47 [DEBUG] __main__ — [transport:acc1] jpeg-wrap raw=477 jpeg=1123
2026-03-25 19:53:47 [DEBUG] __main__ — [transport:acc1] upload ok fileId=3016913318 size=477
2026-03-25 19:53:48 [DEBUG] __main__ — [transport:acc2] recv_file fileId=3003553699 size=128
2026-03-25 19:53:48 [DEBUG] __main__ — [tun] ← 2 pkts  raw=128B
2026-03-25 19:53:48 [INFO] __main__ — BATCH TUN←  pkts=2  0КБ
2026-03-25 19:53:49 [DEBUG] __main__ — [tun] → 1 pkts  raw=58B  packed=59B
2026-03-25 19:53:49 [INFO] __main__ — BATCH TUN→  pkts=1  0КБ  packed=0КБ
2026-03-25 19:53:49 [DEBUG] __main__ — [transport:acc3] recv_file fileId=3009298971 size=1522
2026-03-25 19:53:49 [DEBUG] __main__ — [tun] ← 3 pkts  raw=1522B
2026-03-25 19:53:49 [INFO] __main__ — BATCH TUN←  pkts=3  1КБ
2026-03-25 19:53:49 [DEBUG] __main__ — [transport:acc2] jpeg-wrap raw=59 jpeg=705
2026-03-25 19:53:49 [DEBUG] __main__ — [transport:acc2] upload ok fileId=3000636700 size=59
2026-03-25 19:53:50 [DEBUG] __main__ — [tun] → 2 pkts  raw=112B  packed=90B
2026-03-25 19:53:50 [INFO] __main__ — BATCH TUN→  pkts=2  0КБ  packed=0КБ
2026-03-25 19:53:50 [DEBUG] __main__ — [transport:acc3] jpeg-wrap raw=90 jpeg=736
2026-03-25 19:53:50 [DEBUG] __main__ — [transport:acc3] upload ok fileId=3012468322 size=90
2026-03-25 19:53:52 [DEBUG] __main__ — [transport:acc1] recv_file fileId=3005054688 size=2503
2026-03-25 19:53:52 [DEBUG] __main__ — [tun] ← 2 pkts  raw=2503B
2026-03-25 19:53:52 [INFO] __main__ — BATCH TUN←  pkts=2  2КБ
2026-03-25 19:53:53 [DEBUG] __main__ — [tun] → 3 pkts  raw=259B  packed=202B
2026-03-25 19:53:53 [INFO] __main__ — BATCH TUN→  pkts=3  0КБ  packed=0КБ
2026-03-25 19:53:53 [DEBUG] __main__ — [transport:acc1] jpeg-wrap raw=202 jpeg=848
2026-03-25 19:53:53 [DEBUG] __main__ — [transport:acc1] upload ok fileId=3009768793 size=202
2026-03-25 19:53:55 [DEBUG] __main__ — [transport:acc2] recv_file fileId=3010350403 size=232
2026-03-25 19:53:55 [DEBUG] __main__ — [tun] ← 2 pkts  raw=232B
2026-03-25 19:53:55 [INFO] __main__ — BATCH TUN←  pkts=2  0КБ
2026-03-25 19:53:56 [DEBUG] __main__ — [tun] → 5 pkts  raw=527B  packed=381B
2026-03-25 19:53:56 [INFO] __main__ — BATCH TUN→  pkts=5  0КБ  packed=0КБ
2026-03-25 19:53:57 [DEBUG] __main__ — [transport:acc2] jpeg-wrap raw=381 jpeg=1027
2026-03-25 19:53:57 [DEBUG] __main__ — [transport:acc2] upload ok fileId=3008230028 size=381
2026-03-25 19:53:59 [DEBUG] __main__ — [transport:acc3] recv_file fileId=3014034732 size=5145
2026-03-25 19:53:59 [DEBUG] __main__ — [tun] ← 5 pkts  raw=5145B
2026-03-25 19:53:59 [INFO] __main__ — BATCH TUN←  pkts=5  5КБ
2026-03-25 19:54:00 [DEBUG] __main__ — [tun] → 2 pkts  raw=112B  packed=85B
2026-03-25 19:54:00 [INFO] __main__ — BATCH TUN→  pkts=2  0КБ  packed=0КБ
2026-03-25 19:54:00 [DEBUG] __main__ — [transport:acc3] jpeg-wrap raw=85 jpeg=731
2026-03-25 19:54:00 [DEBUG] __main__ — [transport:acc3] upload ok fileId=3006262736 size=85
2026-03-25 19:54:03 [DEBUG] __main__ — [transport:acc1] recv_file fileId=3008230796 size=11220
2026-03-25 19:54:03 [DEBUG] __main__ — [tun] ← 8 pkts  raw=11220B
2026-03-25 19:54:03 [INFO] __main__ — BATCH TUN←  pkts=8  10КБ
2026-03-25 19:54:04 [DEBUG] __main__ — [tun] → 4 pkts  raw=220B  packed=117B
2026-03-25 19:54:04 [INFO] __main__ — BATCH TUN→  pkts=4  0КБ  packed=0КБ
2026-03-25 19:54:04 [DEBUG] __main__ — [transport:acc1] jpeg-wrap raw=117 jpeg=763
2026-03-25 19:54:04 [DEBUG] __main__ — [transport:acc1] upload ok fileId=3010526744 size=117
2026-03-25 19:54:06 [DEBUG] __main__ — [transport:acc2] recv_file fileId=3009795582 size=22436
2026-03-25 19:54:06 [DEBUG] __main__ — [tun] ← 16 pkts  raw=22436B
2026-03-25 19:54:06 [INFO] __main__ — BATCH TUN←  pkts=16  21КБ
2026-03-25 19:54:07 [DEBUG] __main__ — [tun] → 8 pkts  raw=436B  packed=178B
2026-03-25 19:54:07 [INFO] __main__ — BATCH TUN→  pkts=8  0КБ  packed=0КБ
2026-03-25 19:54:07 [DEBUG] __main__ — [transport:acc2] jpeg-wrap raw=178 jpeg=824
2026-03-25 19:54:07 [DEBUG] __main__ — [transport:acc2] upload ok fileId=3012530075 size=178
2026-03-25 19:54:10 [DEBUG] __main__ — [transport:acc3] recv_file fileId=3015679338 size=44868
2026-03-25 19:54:10 [DEBUG] __main__ — [tun] ← 32 pkts  raw=44868B
2026-03-25 19:54:10 [INFO] __main__ — BATCH TUN←  pkts=32  43КБ
2026-03-25 19:54:11 [DEBUG] __main__ — [tun] → 16 pkts  raw=868B  packed=328B
2026-03-25 19:54:11 [INFO] __main__ — BATCH TUN→  pkts=16  0КБ  packed=0КБ
2026-03-25 19:54:11 [DEBUG] __main__ — [transport:acc3] jpeg-wrap raw=328 jpeg=974
2026-03-25 19:54:11 [DEBUG] __main__ — [transport:acc3] upload ok fileId=3001833653 size=328
2026-03-25 19:54:13 [DEBUG] __main__ — [transport:acc1] recv_file fileId=3016510850 size=63335
2026-03-25 19:54:13 [DEBUG] __main__ — [tun] ← 46 pkts  raw=63335B
2026-03-25 19:54:13 [INFO] __main__ — BATCH TUN←  pkts=46  61КБ
2026-03-25 19:54:14 [DEBUG] __main__ — [transport:acc2] recv_file fileId=3008231308 size=54
2026-03-25 19:54:14 [DEBUG] __main__ — [tun] ← 1 pkts  raw=54B
2026-03-25 19:54:14 [INFO] __main__ — BATCH TUN←  pkts=1  0КБ
2026-03-25 19:54:14 [DEBUG] __main__ — [tun] → 25 pkts  raw=1385B  packed=518B
2026-03-25 19:54:14 [INFO] __main__ — BATCH TUN→  pkts=25  1КБ  packed=0КБ
2026-03-25 19:54:15 [DEBUG] __main__ — [transport:acc1] jpeg-wrap raw=518 jpeg=1164
2026-03-25 19:54:15 [DEBUG] __main__ — [transport:acc1] upload ok fileId=3006342559 size=518
2026-03-25 19:54:17 [DEBUG] __main__ — [transport:acc3] recv_file fileId=3008112560 size=58
2026-03-25 19:54:17 [DEBUG] __main__ — [tun] ← 1 pkts  raw=58B
2026-03-25 19:54:17 [INFO] __main__ — BATCH TUN←  pkts=1  0КБ
2026-03-25 19:54:18 [DEBUG] __main__ — [tun] → 1 pkts  raw=58B  packed=59B
2026-03-25 19:54:18 [INFO] __main__ — BATCH TUN→  pkts=1  0КБ  packed=0КБ
2026-03-25 19:54:18 [DEBUG] __main__ — [transport:acc2] jpeg-wrap raw=59 jpeg=705
2026-03-25 19:54:18 [DEBUG] __main__ — [transport:acc2] upload ok fileId=3010252298 size=59
2026-03-25 19:54:21 [INFO] __main__ — [tun] stats: sent=96pkts/6КБ  recv=136pkts/152КБ  uptime=60s
2026-03-25 19:54:23 [DEBUG] __main__ — [tun] → 1 pkts  raw=66B  packed=67B
2026-03-25 19:54:23 [INFO] __main__ — BATCH TUN→  pkts=1  0КБ  packed=0КБ
2026-03-25 19:54:23 [DEBUG] __main__ — [transport:acc3] jpeg-wrap raw=67 jpeg=713
2026-03-25 19:54:23 [DEBUG] __main__ — [transport:acc3] upload ok fileId=3014409455 size=67
2026-03-25 19:54:24 [DEBUG] __main__ — [tun] → 1 pkts  raw=66B  packed=67B
2026-03-25 19:54:24 [INFO] __main__ — BATCH TUN→  pkts=1  0КБ  packed=0КБ
2026-03-25 19:54:24 [DEBUG] __main__ — [transport:acc1] jpeg-wrap raw=67 jpeg=713
2026-03-25 19:54:24 [DEBUG] __main__ — [transport:acc1] upload ok fileId=3015060707 size=67
2026-03-25 19:54:25 [DEBUG] __main__ — [tun] → 1 pkts  raw=66B  packed=67B
2026-03-25 19:54:25 [INFO] __main__ — BATCH TUN→  pkts=1  0КБ  packed=0КБ
2026-03-25 19:54:25 [DEBUG] __main__ — [transport:acc2] jpeg-wrap raw=67 jpeg=713
2026-03-25 19:54:25 [DEBUG] __main__ — [transport:acc2] upload ok fileId=3012835537 size=67
2026-03-25 19:54:25 [DEBUG] __main__ — [transport:acc1] recv_file fileId=3007032760 size=128
2026-03-25 19:54:25 [DEBUG] __main__ — [tun] ← 2 pkts  raw=128B
2026-03-25 19:54:25 [INFO] __main__ — BATCH TUN←  pkts=2  0КБ
2026-03-25 19:54:26 [DEBUG] __main__ — [tun] → 4 pkts  raw=270B  packed=171B
2026-03-25 19:54:26 [INFO] __main__ — BATCH TUN→  pkts=4  0КБ  packed=0КБ
2026-03-25 19:54:26 [DEBUG] __main__ — [transport:acc3] jpeg-wrap raw=171 jpeg=817
2026-03-25 19:54:26 [DEBUG] __main__ — [transport:acc3] upload ok fileId=2998861791 size=171
2026-03-25 19:54:27 [DEBUG] __main__ — [transport:acc2] recv_file fileId=3009301275 size=66
2026-03-25 19:54:27 [DEBUG] __main__ — [tun] ← 1 pkts  raw=66B
2026-03-25 19:54:27 [INFO] __main__ — BATCH TUN←  pkts=1  0КБ
2026-03-25 19:54:28 [DEBUG] __main__ — [tun] → 1 pkts  raw=58B  packed=59B
2026-03-25 19:54:28 [INFO] __main__ — BATCH TUN→  pkts=1  0КБ  packed=0КБ
2026-03-25 19:54:28 [DEBUG] __main__ — [transport:acc3] recv_file fileId=3019440654 size=217
2026-03-25 19:54:28 [DEBUG] __main__ — [tun] ← 3 pkts  raw=217B
2026-03-25 19:54:28 [INFO] __main__ — BATCH TUN←  pkts=3  0КБ
2026-03-25 19:54:28 [DEBUG] __main__ — [transport:acc1] jpeg-wrap raw=59 jpeg=705
2026-03-25 19:54:28 [DEBUG] __main__ — [transport:acc1] upload ok fileId=3008232332 size=59
2026-03-25 19:54:29 [DEBUG] __main__ — [tun] → 4 pkts  raw=1756B  packed=569B
2026-03-25 19:54:29 [INFO] __main__ — BATCH TUN→  pkts=4  1КБ  packed=0КБ
2026-03-25 19:54:29 [DEBUG] __main__ — [transport:acc2] jpeg-wrap raw=569 jpeg=1215
2026-03-25 19:54:29 [DEBUG] __main__ — [transport:acc2] upload ok fileId=3006777190 size=569
2026-03-25 19:54:31 [DEBUG] __main__ — [transport:acc1] recv_file fileId=3009985984 size=1232
2026-03-25 19:54:31 [DEBUG] __main__ — [tun] ← 2 pkts  raw=1232B
2026-03-25 19:54:31 [INFO] __main__ — BATCH TUN←  pkts=2  1КБ
2026-03-25 19:54:32 [DEBUG] __main__ — [tun] → 1 pkts  raw=106B  packed=107B
2026-03-25 19:54:32 [INFO] __main__ — BATCH TUN→  pkts=1  0КБ  packed=0КБ
2026-03-25 19:54:32 [DEBUG] __main__ — [transport:acc3] jpeg-wrap raw=107 jpeg=753
2026-03-25 19:54:32 [DEBUG] __main__ — [transport:acc3] upload ok fileId=3009509361 size=107
2026-03-25 19:54:34 [DEBUG] __main__ — [transport:acc2] recv_file fileId=3001714080 size=550
2026-03-25 19:54:34 [DEBUG] __main__ — [tun] ← 1 pkts  raw=550B
2026-03-25 19:54:34 [INFO] __main__ — BATCH TUN←  pkts=1  0КБ
2026-03-25 19:54:36 [DEBUG] __main__ — [tun] → 1 pkts  raw=74B  packed=75B
2026-03-25 19:54:36 [INFO] __main__ — BATCH TUN→  pkts=1  0КБ  packed=0КБ
2026-03-25 19:54:36 [DEBUG] __main__ — [transport:acc1] jpeg-wrap raw=75 jpeg=721
2026-03-25 19:54:36 [DEBUG] __main__ — [transport:acc1] upload ok fileId=3010279967 size=75
2026-03-25 19:54:38 [DEBUG] __main__ — [transport:acc3] recv_file fileId=3006265808 size=58
2026-03-25 19:54:38 [DEBUG] __main__ — [tun] ← 1 pkts  raw=58B
2026-03-25 19:54:38 [INFO] __main__ — BATCH TUN←  pkts=1  0КБ
2026-03-25 19:54:39 [DEBUG] __main__ — [tun] → 1 pkts  raw=102B  packed=103B
2026-03-25 19:54:39 [INFO] __main__ — BATCH TUN→  pkts=1  0КБ  packed=0КБ
2026-03-25 19:54:39 [DEBUG] __main__ — [transport:acc2] jpeg-wrap raw=103 jpeg=749
2026-03-25 19:54:39 [DEBUG] __main__ — [transport:acc2] upload ok fileId=3013323326 size=103
2026-03-25 19:54:41 [DEBUG] __main__ — [transport:acc1] recv_file fileId=2998336979 size=156
2026-03-25 19:54:41 [DEBUG] __main__ — [tun] ← 2 pkts  raw=156B
2026-03-25 19:54:41 [INFO] __main__ — BATCH TUN←  pkts=2  0КБ
2026-03-25 19:54:42 [DEBUG] __main__ — [tun] → 1 pkts  raw=118B  packed=119B
2026-03-25 19:54:42 [INFO] __main__ — BATCH TUN→  pkts=1  0КБ  packed=0КБ
2026-03-25 19:54:42 [DEBUG] __main__ — [transport:acc3] jpeg-wrap raw=119 jpeg=765
2026-03-25 19:54:42 [DEBUG] __main__ — [transport:acc3] upload ok fileId=3006496095 size=119
2026-03-25 19:54:45 [DEBUG] __main__ — [transport:acc2] recv_file fileId=3006300356 size=102
2026-03-25 19:54:45 [DEBUG] __main__ — [tun] ← 1 pkts  raw=102B
2026-03-25 19:54:45 [INFO] __main__ — BATCH TUN←  pkts=1  0КБ
2026-03-25 19:54:46 [DEBUG] __main__ — [tun] → 1 pkts  raw=198B  packed=199B
2026-03-25 19:54:46 [INFO] __main__ — BATCH TUN→  pkts=1  0КБ  packed=0КБ
2026-03-25 19:54:46 [DEBUG] __main__ — [transport:acc1] jpeg-wrap raw=199 jpeg=845
2026-03-25 19:54:46 [DEBUG] __main__ — [transport:acc1] upload ok fileId=3010354243 size=199
2026-03-25 19:54:48 [DEBUG] __main__ — [transport:acc3] recv_file fileId=3004729836 size=158
2026-03-25 19:54:48 [DEBUG] __main__ — [tun] ← 1 pkts  raw=158B
2026-03-25 19:54:48 [INFO] __main__ — BATCH TUN←  pkts=1  0КБ
2026-03-25 19:54:49 [DEBUG] __main__ — [tun] → 1 pkts  raw=366B  packed=367B
2026-03-25 19:54:49 [INFO] __main__ — BATCH TUN→  pkts=1  0КБ  packed=0КБ
2026-03-25 19:54:49 [DEBUG] __main__ — [transport:acc2] jpeg-wrap raw=367 jpeg=1013
2026-03-25 19:54:49 [DEBUG] __main__ — [transport:acc2] upload ok fileId=3015908470 size=367
2026-03-25 19:54:51 [DEBUG] __main__ — [transport:acc1] recv_file fileId=3014183086 size=86
2026-03-25 19:54:51 [DEBUG] __main__ — [tun] ← 1 pkts  raw=86B
2026-03-25 19:54:51 [INFO] __main__ — BATCH TUN←  pkts=1  0КБ
2026-03-25 19:54:52 [DEBUG] __main__ — [tun] → 3 pkts  raw=434B  packed=397B
2026-03-25 19:54:52 [INFO] __main__ — BATCH TUN→  pkts=3  0КБ  packed=0КБ
2026-03-25 19:54:52 [DEBUG] __main__ — [transport:acc3] jpeg-wrap raw=397 jpeg=1043
2026-03-25 19:54:52 [DEBUG] __main__ — [transport:acc3] upload ok fileId=3007344665 size=397
2026-03-25 19:54:55 [DEBUG] __main__ — [transport:acc2] recv_file fileId=3006927704 size=1020
2026-03-25 19:54:55 [DEBUG] __main__ — [tun] ← 2 pkts  raw=1020B
2026-03-25 19:54:55 [INFO] __main__ — BATCH TUN←  pkts=2  0КБ
2026-03-25 19:54:56 [DEBUG] __main__ — [tun] → 1 pkts  raw=58B  packed=59B
2026-03-25 19:54:56 [INFO] __main__ — BATCH TUN→  pkts=1  0КБ  packed=0КБ
2026-03-25 19:54:56 [DEBUG] __main__ — [transport:acc1] jpeg-wrap raw=59 jpeg=705
2026-03-25 19:54:56 [DEBUG] __main__ — [transport:acc1] upload ok fileId=3008235148 size=59
2026-03-25 19:54:59 [DEBUG] __main__ — [transport:acc3] recv_file fileId=3010836823 size=146
2026-03-25 19:54:59 [DEBUG] __main__ — [tun] ← 1 pkts  raw=146B
2026-03-25 19:54:59 [INFO] __main__ — BATCH TUN←  pkts=1  0КБ
2026-03-25 19:55:00 [DEBUG] __main__ — [tun] → 5 pkts  raw=3818B  packed=3766B
2026-03-25 19:55:00 [INFO] __main__ — BATCH TUN→  pkts=5  3КБ  packed=3КБ
2026-03-25 19:55:00 [DEBUG] __main__ — [transport:acc2] jpeg-wrap raw=3766 jpeg=4412
2026-03-25 19:55:00 [DEBUG] __main__ — [transport:acc2] upload ok fileId=3014062393 size=3766
2026-03-25 19:55:02 [DEBUG] __main__ — [tun] → 1 pkts  raw=166B  packed=167B
2026-03-25 19:55:02 [INFO] __main__ — BATCH TUN→  pkts=1  0КБ  packed=0КБ
2026-03-25 19:55:02 [DEBUG] __main__ — [transport:acc3] jpeg-wrap raw=167 jpeg=813
2026-03-25 19:55:02 [DEBUG] __main__ — [transport:acc3] upload ok fileId=3006302660 size=167
2026-03-25 19:55:02 [DEBUG] __main__ — [transport:acc1] recv_file fileId=3005283687 size=6578
2026-03-25 19:55:02 [DEBUG] __main__ — [tun] ← 7 pkts  raw=6578B
2026-03-25 19:55:02 [INFO] __main__ — BATCH TUN←  pkts=7  6КБ
2026-03-25 19:55:03 [DEBUG] __main__ — [tun] → 5 pkts  raw=1014B  packed=937B
2026-03-25 19:55:03 [INFO] __main__ — BATCH TUN→  pkts=5  0КБ  packed=0КБ
2026-03-25 19:55:03 [DEBUG] __main__ — [transport:acc1] jpeg-wrap raw=937 jpeg=1583
2026-03-25 19:55:03 [DEBUG] __main__ — [transport:acc1] upload ok fileId=3013823258 size=937
2026-03-25 19:55:04 [DEBUG] __main__ — [transport:acc2] recv_file fileId=3012911938 size=58
2026-03-25 19:55:04 [DEBUG] __main__ — [tun] ← 1 pkts  raw=58B
2026-03-25 19:55:04 [INFO] __main__ — BATCH TUN←  pkts=1  0КБ
2026-03-25 19:55:05 [DEBUG] __main__ — [transport:acc3] recv_file fileId=3013914460 size=1108
2026-03-25 19:55:05 [DEBUG] __main__ — [tun] ← 4 pkts  raw=1108B
2026-03-25 19:55:05 [INFO] __main__ — BATCH TUN←  pkts=4  1КБ
2026-03-25 19:55:06 [DEBUG] __main__ — [tun] → 6 pkts  raw=3220B  packed=3146B
2026-03-25 19:55:06 [INFO] __main__ — BATCH TUN→  pkts=6  3КБ  packed=3КБ
2026-03-25 19:55:06 [DEBUG] __main__ — [transport:acc2] jpeg-wrap raw=3146 jpeg=3792
2026-03-25 19:55:06 [DEBUG] __main__ — [transport:acc2] upload ok fileId=3006741162 size=3146
2026-03-25 19:55:08 [DEBUG] __main__ — [transport:acc1] recv_file fileId=3009976880 size=5232
2026-03-25 19:55:08 [DEBUG] __main__ — [tun] ← 6 pkts  raw=5232B
2026-03-25 19:55:08 [INFO] __main__ — BATCH TUN←  pkts=6  5КБ
2026-03-25 19:55:09 [DEBUG] __main__ — [tun] → 4 pkts  raw=432B  packed=363B
2026-03-25 19:55:09 [INFO] __main__ — BATCH TUN→  pkts=4  0КБ  packed=0КБ
2026-03-25 19:55:10 [DEBUG] __main__ — [transport:acc3] jpeg-wrap raw=363 jpeg=1009
2026-03-25 19:55:10 [DEBUG] __main__ — [transport:acc3] upload ok fileId=3000104301 size=363
2026-03-25 19:55:10 [DEBUG] __main__ — [tun] → 1 pkts  raw=150B  packed=151B
2026-03-25 19:55:10 [INFO] __main__ — BATCH TUN→  pkts=1  0КБ  packed=0КБ
2026-03-25 19:55:11 [DEBUG] __main__ — [transport:acc1] jpeg-wrap raw=151 jpeg=797
2026-03-25 19:55:11 [DEBUG] __main__ — [transport:acc1] upload ok fileId=3009707112 size=151
2026-03-25 19:55:12 [DEBUG] __main__ — [transport:acc2] recv_file fileId=3010485771 size=772
2026-03-25 19:55:12 [DEBUG] __main__ — [tun] ← 2 pkts  raw=772B
2026-03-25 19:55:12 [INFO] __main__ — BATCH TUN←  pkts=2  0КБ
2026-03-25 19:55:13 [DEBUG] __main__ — [tun] → 4 pkts  raw=804B  packed=762B
2026-03-25 19:55:13 [INFO] __main__ — BATCH TUN→  pkts=4  0КБ  packed=0КБ
2026-03-25 19:55:13 [DEBUG] __main__ — [transport:acc2] jpeg-wrap raw=762 jpeg=1408
2026-03-25 19:55:13 [DEBUG] __main__ — [transport:acc2] upload ok fileId=3015025037 size=762
2026-03-25 19:55:13 [DEBUG] __main__ — [transport:acc3] recv_file fileId=3013326654 size=58
2026-03-25 19:55:13 [DEBUG] __main__ — [tun] ← 1 pkts  raw=58B
2026-03-25 19:55:13 [INFO] __main__ — BATCH TUN←  pkts=1  0КБ
2026-03-25 19:55:15 [DEBUG] __main__ — [transport:acc1] recv_file fileId=3009521365 size=264
2026-03-25 19:55:15 [DEBUG] __main__ — [tun] ← 4 pkts  raw=264B
2026-03-25 19:55:15 [INFO] __main__ — BATCH TUN←  pkts=4  0КБ
2026-03-25 19:55:16 [DEBUG] __main__ — [tun] → 2 pkts  raw=2124B  packed=2125B
2026-03-25 19:55:16 [INFO] __main__ — BATCH TUN→  pkts=2  2КБ  packed=2КБ
2026-03-25 19:55:16 [DEBUG] __main__ — [transport:acc3] jpeg-wrap raw=2125 jpeg=2771
2026-03-25 19:55:16 [DEBUG] __main__ — [transport:acc3] upload ok fileId=3009063991 size=2125
2026-03-25 19:55:18 [DEBUG] __main__ — [transport:acc2] recv_file fileId=3010115557 size=2672
2026-03-25 19:55:18 [DEBUG] __main__ — [tun] ← 2 pkts  raw=2672B
2026-03-25 19:55:18 [INFO] __main__ — BATCH TUN←  pkts=2  2КБ
2026-03-25 19:55:19 [DEBUG] __main__ — [tun] → 3 pkts  raw=318B  packed=267B
2026-03-25 19:55:19 [INFO] __main__ — BATCH TUN→  pkts=3  0КБ  packed=0КБ
2026-03-25 19:55:19 [DEBUG] __main__ — [transport:acc1] jpeg-wrap raw=267 jpeg=913
2026-03-25 19:55:19 [DEBUG] __main__ — [transport:acc1] upload ok fileId=3003126613 size=267
2026-03-25 19:55:21 [DEBUG] __main__ — [transport:acc3] recv_file fileId=3003370123 size=394
2026-03-25 19:55:21 [DEBUG] __main__ — [tun] ← 3 pkts  raw=394B
2026-03-25 19:55:21 [INFO] __main__ — BATCH TUN←  pkts=3  0КБ
2026-03-25 19:55:21 [INFO] __main__ — [tun] stats: sent=149pkts/22КБ  recv=184pkts/173КБ  uptime=120s
2026-03-25 19:55:22 [DEBUG] __main__ — [tun] → 6 pkts  raw=1384B  packed=1289B
2026-03-25 19:55:22 [INFO] __main__ — BATCH TUN→  pkts=6  1КБ  packed=1КБ
2026-03-25 19:55:22 [DEBUG] __main__ — [transport:acc2] jpeg-wrap raw=1289 jpeg=1935
2026-03-25 19:55:22 [DEBUG] __main__ — [transport:acc2] upload ok fileId=3013824282 size=1289
2026-03-25 19:55:23 [DEBUG] __main__ — [tun] → 1 pkts  raw=150B  packed=151B
2026-03-25 19:55:23 [INFO] __main__ — BATCH TUN→  pkts=1  0КБ  packed=0КБ
2026-03-25 19:55:23 [DEBUG] __main__ — [transport:acc3] jpeg-wrap raw=151 jpeg=797
2026-03-25 19:55:23 [DEBUG] __main__ — [transport:acc3] upload ok fileId=3006930008 size=151
2026-03-25 19:55:24 [DEBUG] __main__ — [transport:acc1] recv_file fileId=3006139086 size=320
2026-03-25 19:55:24 [DEBUG] __main__ — [tun] ← 4 pkts  raw=320B
2026-03-25 19:55:24 [INFO] __main__ — BATCH TUN←  pkts=4  0КБ
2026-03-25 19:55:25 [DEBUG] __main__ — [tun] → 1 pkts  raw=126B  packed=127B
2026-03-25 19:55:25 [INFO] __main__ — BATCH TUN→  pkts=1  0КБ  packed=0КБ
2026-03-25 19:55:25 [DEBUG] __main__ — [transport:acc2] recv_file fileId=3012360754 size=58
2026-03-25 19:55:25 [DEBUG] __main__ — [tun] ← 1 pkts  raw=58B
2026-03-25 19:55:25 [INFO] __main__ — BATCH TUN←  pkts=1  0КБ
2026-03-25 19:55:25 [DEBUG] __main__ — [transport:acc1] jpeg-wrap raw=127 jpeg=773
2026-03-25 19:55:25 [DEBUG] __main__ — [transport:acc1] upload ok fileId=3009475939 size=127
2026-03-25 19:55:28 [DEBUG] __main__ — [transport:acc3] recv_file fileId=3007466913 size=630
2026-03-25 19:55:28 [DEBUG] __main__ — [tun] ← 1 pkts  raw=630B
2026-03-25 19:55:28 [INFO] __main__ — BATCH TUN←  pkts=1  0КБ
2026-03-25 19:55:29 [DEBUG] __main__ — [tun] → 10 pkts  raw=8000B  packed=7800B
2026-03-25 19:55:29 [INFO] __main__ — BATCH TUN→  pkts=10  7КБ  packed=7КБ
2026-03-25 19:55:29 [DEBUG] __main__ — [transport:acc2] jpeg-wrap raw=7800 jpeg=8446
2026-03-25 19:55:29 [DEBUG] __main__ — [transport:acc2] upload ok fileId=3011254052 size=7800
2026-03-25 19:55:31 [DEBUG] __main__ — [transport:acc1] recv_file fileId=3008666440 size=13018
2026-03-25 19:55:31 [DEBUG] __main__ — [tun] ← 15 pkts  raw=13018B
2026-03-25 19:55:31 [INFO] __main__ — BATCH TUN←  pkts=15  12КБ
2026-03-25 19:55:32 [DEBUG] __main__ — [tun] → 7 pkts  raw=598B  packed=407B
2026-03-25 19:55:32 [INFO] __main__ — BATCH TUN→  pkts=7  0КБ  packed=0КБ
2026-03-25 19:55:32 [DEBUG] __main__ — [transport:acc3] jpeg-wrap raw=407 jpeg=1053
2026-03-25 19:55:32 [DEBUG] __main__ — [transport:acc3] upload ok fileId=3014046905 size=407
2026-03-25 19:55:34 [DEBUG] __main__ — [transport:acc2] recv_file fileId=3011730444 size=4434
2026-03-25 19:55:34 [DEBUG] __main__ — [tun] ← 5 pkts  raw=4434B
2026-03-25 19:55:34 [INFO] __main__ — BATCH TUN←  pkts=5  4КБ
2026-03-25 19:55:35 [DEBUG] __main__ — [tun] → 7 pkts  raw=1730B  packed=1612B
2026-03-25 19:55:35 [INFO] __main__ — BATCH TUN→  pkts=7  1КБ  packed=1КБ
2026-03-25 19:55:35 [DEBUG] __main__ — [transport:acc1] jpeg-wrap raw=1612 jpeg=2258
2026-03-25 19:55:35 [DEBUG] __main__ — [transport:acc1] upload ok fileId=2998561632 size=1612
2026-03-25 19:55:37 [DEBUG] __main__ — [transport:acc3] recv_file fileId=3009708648 size=31172
2026-03-25 19:55:37 [DEBUG] __main__ — [tun] ← 26 pkts  raw=31172B
2026-03-25 19:55:37 [INFO] __main__ — BATCH TUN←  pkts=26  30КБ
2026-03-25 19:55:38 [DEBUG] __main__ — [tun] → 18 pkts  raw=1560B  packed=1017B
2026-03-25 19:55:38 [INFO] __main__ — BATCH TUN→  pkts=18  1КБ  packed=0КБ
2026-03-25 19:55:38 [DEBUG] __main__ — [transport:acc2] jpeg-wrap raw=1017 jpeg=1663
2026-03-25 19:55:39 [DEBUG] __main__ — [transport:acc2] upload ok fileId=3010574609 size=1017
2026-03-25 19:55:40 [DEBUG] __main__ — [transport:acc1] recv_file fileId=3007069501 size=7720
2026-03-25 19:55:40 [DEBUG] __main__ — [tun] ← 10 pkts  raw=7720B
2026-03-25 19:55:40 [INFO] __main__ — BATCH TUN←  pkts=10  7КБ
2026-03-25 19:55:41 [DEBUG] __main__ — [tun] → 12 pkts  raw=1680B  packed=1389B
2026-03-25 19:55:41 [INFO] __main__ — BATCH TUN→  pkts=12  1КБ  packed=1КБ
2026-03-25 19:55:42 [DEBUG] __main__ — [transport:acc3] jpeg-wrap raw=1389 jpeg=2035
2026-03-25 19:55:42 [DEBUG] __main__ — [transport:acc3] upload ok fileId=3011623853 size=1389
2026-03-25 19:55:44 [DEBUG] __main__ — [transport:acc2] recv_file fileId=3014415855 size=1792
2026-03-25 19:55:44 [DEBUG] __main__ — [tun] ← 4 pkts  raw=1792B
2026-03-25 19:55:44 [INFO] __main__ — BATCH TUN←  pkts=4  1КБ
2026-03-25 19:55:45 [DEBUG] __main__ — [tun] → 19 pkts  raw=17574B  packed=17112B
2026-03-25 19:55:45 [INFO] __main__ — BATCH TUN→  pkts=19  17КБ  packed=16КБ
2026-03-25 19:55:45 [DEBUG] __main__ — [transport:acc1] jpeg-wrap raw=17112 jpeg=17758
2026-03-25 19:55:45 [DEBUG] __main__ — [transport:acc1] upload ok fileId=3009778265 size=17112
2026-03-25 19:55:48 [DEBUG] __main__ — [transport:acc3] recv_file fileId=3012119070 size=42624
2026-03-25 19:55:48 [DEBUG] __main__ — [tun] ← 40 pkts  raw=42624B
2026-03-25 19:55:48 [INFO] __main__ — BATCH TUN←  pkts=40  41КБ
2026-03-25 19:55:48 [DEBUG] __main__ — [tun] → 39 pkts  raw=11034B  packed=9935B
2026-03-25 19:55:48 [INFO] __main__ — BATCH TUN→  pkts=39  10КБ  packed=9КБ
2026-03-25 19:55:48 [DEBUG] __main__ — [transport:acc2] jpeg-wrap raw=9935 jpeg=10581
2026-03-25 19:55:49 [DEBUG] __main__ — [transport:acc2] upload ok fileId=3013502022 size=9935
2026-03-25 19:55:51 [DEBUG] __main__ — [transport:acc1] recv_file fileId=3010393033 size=56296
2026-03-25 19:55:51 [DEBUG] __main__ — [tun] ← 66 pkts  raw=56296B
2026-03-25 19:55:51 [INFO] __main__ — BATCH TUN←  pkts=66  54КБ
2026-03-25 19:55:52 [DEBUG] __main__ — [tun] → 33 pkts  raw=3562B  packed=2554B
2026-03-25 19:55:52 [INFO] __main__ — BATCH TUN→  pkts=33  3КБ  packed=2КБ
2026-03-25 19:55:52 [DEBUG] __main__ — [transport:acc3] jpeg-wrap raw=2554 jpeg=3200
2026-03-25 19:55:52 [DEBUG] __main__ — [transport:acc3] upload ok fileId=3011844761 size=2554
2026-03-25 19:55:54 [DEBUG] __main__ — [transport:acc2] recv_file fileId=2998562912 size=83876
2026-03-25 19:55:54 [DEBUG] __main__ — [tun] ← 64 pkts  raw=83876B
2026-03-25 19:55:54 [INFO] __main__ — BATCH TUN←  pkts=64  81КБ
2026-03-25 19:55:55 [DEBUG] __main__ — [tun] → 38 pkts  raw=3068B  packed=1803B
2026-03-25 19:55:55 [INFO] __main__ — BATCH TUN→  pkts=38  2КБ  packed=1КБ
2026-03-25 19:55:55 [DEBUG] __main__ — [transport:acc1] jpeg-wrap raw=1803 jpeg=2449
2026-03-25 19:55:55 [DEBUG] __main__ — [transport:acc1] upload ok fileId=2998573921 size=1803
2026-03-25 19:55:58 [DEBUG] __main__ — [transport:acc3] recv_file fileId=3016419226 size=95254
2026-03-25 19:55:58 [DEBUG] __main__ — [tun] ← 71 pkts  raw=95254B
2026-03-25 19:55:58 [INFO] __main__ — BATCH TUN←  pkts=71  93КБ
2026-03-25 19:55:59 [DEBUG] __main__ — [tun] → 68 pkts  raw=7356B  packed=5073B
2026-03-25 19:55:59 [INFO] __main__ — BATCH TUN→  pkts=68  7КБ  packed=4КБ
2026-03-25 19:55:59 [DEBUG] __main__ — [transport:acc2] jpeg-wrap raw=5073 jpeg=5719
2026-03-25 19:55:59 [DEBUG] __main__ — [transport:acc2] upload ok fileId=3006637861 size=5073
2026-03-25 19:56:01 [DEBUG] __main__ — [transport:acc1] recv_file fileId=3013503814 size=4090
2026-03-25 19:56:01 [DEBUG] __main__ — [tun] ← 9 pkts  raw=4090B
2026-03-25 19:56:01 [INFO] __main__ — BATCH TUN←  pkts=9  3КБ
2026-03-25 19:56:02 [DEBUG] __main__ — [tun] → 42 pkts  raw=31336B  packed=30229B
2026-03-25 19:56:02 [INFO] __main__ — BATCH TUN→  pkts=42  30КБ  packed=29КБ
2026-03-25 19:56:02 [DEBUG] __main__ — [transport:acc3] jpeg-wrap raw=30229 jpeg=30875
2026-03-25 19:56:02 [DEBUG] __main__ — [transport:acc3] upload ok fileId=3010348504 size=30229
2026-03-25 19:56:05 [DEBUG] __main__ — [transport:acc2] recv_file fileId=3002687432 size=81722
2026-03-25 19:56:05 [DEBUG] __main__ — [tun] ← 61 pkts  raw=81722B
2026-03-25 19:56:05 [INFO] __main__ — BATCH TUN←  pkts=61  79КБ
2026-03-25 19:56:06 [DEBUG] __main__ — [tun] → 78 pkts  raw=27308B  packed=25037B
2026-03-25 19:56:06 [INFO] __main__ — BATCH TUN→  pkts=78  26КБ  packed=24КБ
2026-03-25 19:56:06 [DEBUG] __main__ — [transport:acc1] jpeg-wrap raw=25037 jpeg=25683
2026-03-25 19:56:06 [DEBUG] __main__ — [transport:acc1] upload ok fileId=3009524693 size=25037
2026-03-25 19:56:08 [DEBUG] __main__ — [transport:acc3] recv_file fileId=3011676279 size=76304
2026-03-25 19:56:08 [DEBUG] __main__ — [tun] ← 80 pkts  raw=76304B
2026-03-25 19:56:08 [INFO] __main__ — BATCH TUN←  pkts=80  74КБ
2026-03-25 19:56:09 [DEBUG] __main__ — [tun] → 86 pkts  raw=41296B  packed=38806B
2026-03-25 19:56:09 [INFO] __main__ — BATCH TUN→  pkts=86  40КБ  packed=37КБ
2026-03-25 19:56:10 [DEBUG] __main__ — [transport:acc2] jpeg-wrap raw=38806 jpeg=39452
2026-03-25 19:56:10 [DEBUG] __main__ — [transport:acc2] upload ok fileId=3008370727 size=38806
2026-03-25 19:56:12 [DEBUG] __main__ — [transport:acc1] recv_file fileId=3009525205 size=138356
2026-03-25 19:56:12 [DEBUG] __main__ — [tun] ← 128 pkts  raw=138356B
2026-03-25 19:56:12 [INFO] __main__ — BATCH TUN←  pkts=128  135КБ
2026-03-25 19:56:13 [DEBUG] __main__ — [tun] → 99 pkts  raw=55550B  packed=52616B
2026-03-25 19:56:13 [INFO] __main__ — BATCH TUN→  pkts=99  54КБ  packed=51КБ
2026-03-25 19:56:13 [DEBUG] __main__ — [transport:acc3] jpeg-wrap raw=52616 jpeg=53262
2026-03-25 19:56:13 [DEBUG] __main__ — [transport:acc3] upload ok fileId=3015379963 size=52616
2026-03-25 19:56:16 [DEBUG] __main__ — [transport:acc2] recv_file fileId=3005762353 size=5840
2026-03-25 19:56:16 [DEBUG] __main__ — [tun] ← 6 pkts  raw=5840B
2026-03-25 19:56:16 [INFO] __main__ — BATCH TUN←  pkts=6  5КБ
2026-03-25 19:56:17 [DEBUG] __main__ — [tun] → 21 pkts  raw=12746B  packed=12217B
2026-03-25 19:56:17 [INFO] __main__ — BATCH TUN→  pkts=21  12КБ  packed=11КБ
2026-03-25 19:56:17 [DEBUG] __main__ — [transport:acc1] jpeg-wrap raw=12217 jpeg=12863
2026-03-25 19:56:17 [DEBUG] __main__ — [transport:acc1] upload ok fileId=3011625645 size=12217
2026-03-25 19:56:19 [DEBUG] __main__ — [transport:acc3] recv_file fileId=3013330750 size=11508
2026-03-25 19:56:19 [DEBUG] __main__ — [tun] ← 16 pkts  raw=11508B
2026-03-25 19:56:19 [INFO] __main__ — BATCH TUN←  pkts=16  11КБ
2026-03-25 19:56:20 [DEBUG] __main__ — [tun] → 8 pkts  raw=3056B  packed=2918B
2026-03-25 19:56:20 [INFO] __main__ — BATCH TUN→  pkts=8  2КБ  packed=2КБ
2026-03-25 19:56:20 [DEBUG] __main__ — [transport:acc2] jpeg-wrap raw=2918 jpeg=3564
2026-03-25 19:56:20 [DEBUG] __main__ — [transport:acc2] upload ok fileId=3013322497 size=2918
2026-03-25 19:56:21 [INFO] __main__ — [tun] stats: sent=742pkts/246КБ  recv=791pkts/812КБ  uptime=180s
2026-03-25 19:56:22 [DEBUG] __main__ — [transport:acc1] recv_file fileId=3005257841 size=5350
2026-03-25 19:56:22 [DEBUG] __main__ — [tun] ← 7 pkts  raw=5350B
2026-03-25 19:56:22 [INFO] __main__ — BATCH TUN←  pkts=7  5КБ
2026-03-25 19:56:23 [DEBUG] __main__ — [tun] → 9 pkts  raw=6190B  packed=6028B
2026-03-25 19:56:23 [INFO] __main__ — BATCH TUN→  pkts=9  6КБ  packed=5КБ
2026-03-25 19:56:23 [DEBUG] __main__ — [transport:acc3] jpeg-wrap raw=6028 jpeg=6674
2026-03-25 19:56:23 [DEBUG] __main__ — [transport:acc3] upload ok fileId=3010119909 size=6028
2026-03-25 19:56:25 [DEBUG] __main__ — [transport:acc2] recv_file fileId=3012846185 size=13284
2026-03-25 19:56:25 [DEBUG] __main__ — [tun] ← 18 pkts  raw=13284B
2026-03-25 19:56:25 [INFO] __main__ — BATCH TUN←  pkts=18  12КБ
2026-03-25 19:56:26 [DEBUG] __main__ — [tun] → 13 pkts  raw=3594B  packed=3267B
2026-03-25 19:56:26 [INFO] __main__ — BATCH TUN→  pkts=13  3КБ  packed=3КБ
2026-03-25 19:56:26 [DEBUG] __main__ — [transport:acc1] jpeg-wrap raw=3267 jpeg=3913
2026-03-25 19:56:27 [DEBUG] __main__ — [transport:acc1] upload ok fileId=3008713229 size=3267
2026-03-25 19:56:29 [DEBUG] __main__ — [transport:acc3] recv_file fileId=3011447930 size=3642
2026-03-25 19:56:29 [DEBUG] __main__ — [tun] ← 11 pkts  raw=3642B
2026-03-25 19:56:29 [INFO] __main__ — BATCH TUN←  pkts=11  3КБ
2026-03-25 19:56:30 [DEBUG] __main__ — [tun] → 11 pkts  raw=7614B  packed=7401B
2026-03-25 19:56:30 [INFO] __main__ — BATCH TUN→  pkts=11  7КБ  packed=7КБ
2026-03-25 19:56:30 [DEBUG] __main__ — [transport:acc2] jpeg-wrap raw=7401 jpeg=8047
2026-03-25 19:56:30 [DEBUG] __main__ — [transport:acc2] upload ok fileId=3011686858 size=7401
2026-03-25 19:56:32 [DEBUG] __main__ — [transport:acc1] recv_file fileId=3012541851 size=124874
2026-03-25 19:56:32 [DEBUG] __main__ — [tun] ← 99 pkts  raw=124874B
2026-03-25 19:56:32 [INFO] __main__ — BATCH TUN←  pkts=99  121КБ
2026-03-25 19:56:33 [DEBUG] __main__ — [tun] → 55 pkts  raw=7254B  packed=5417B
2026-03-25 19:56:33 [INFO] __main__ — BATCH TUN→  pkts=55  7КБ  packed=5КБ
2026-03-25 19:56:33 [DEBUG] __main__ — [transport:acc3] jpeg-wrap raw=5417 jpeg=6063
2026-03-25 19:56:34 [DEBUG] __main__ — [transport:acc3] upload ok fileId=3006858240 size=5417
2026-03-25 19:56:36 [DEBUG] __main__ — [transport:acc2] recv_file fileId=3001051784 size=9488
2026-03-25 19:56:36 [DEBUG] __main__ — [tun] ← 18 pkts  raw=9488B
2026-03-25 19:56:36 [INFO] __main__ — BATCH TUN←  pkts=18  9КБ
2026-03-25 19:56:37 [DEBUG] __main__ — [tun] → 9 pkts  raw=3646B  packed=3485B
2026-03-25 19:56:37 [INFO] __main__ — BATCH TUN→  pkts=9  3КБ  packed=3КБ
2026-03-25 19:56:37 [DEBUG] __main__ — [transport:acc1] jpeg-wrap raw=3485 jpeg=4131
2026-03-25 19:56:37 [DEBUG] __main__ — [transport:acc1] upload ok fileId=3014036518 size=3485
2026-03-25 19:56:38 [DEBUG] __main__ — [tun] → 4 pkts  raw=3472B  packed=3467B
2026-03-25 19:56:38 [INFO] __main__ — BATCH TUN→  pkts=4  3КБ  packed=3КБ
2026-03-25 19:56:38 [DEBUG] __main__ — [transport:acc2] jpeg-wrap raw=3467 jpeg=4113
2026-03-25 19:56:38 [DEBUG] __main__ — [transport:acc2] upload ok fileId=3014353184 size=3467
2026-03-25 19:56:39 [DEBUG] __main__ — [transport:acc3] recv_file fileId=3012887005 size=3088
2026-03-25 19:56:39 [DEBUG] __main__ — [tun] ← 8 pkts  raw=3088B
2026-03-25 19:56:39 [INFO] __main__ — BATCH TUN←  pkts=8  3КБ
2026-03-25 19:56:40 [DEBUG] __main__ — [tun] → 9 pkts  raw=5322B  packed=5157B
2026-03-25 19:56:40 [INFO] __main__ — BATCH TUN→  pkts=9  5КБ  packed=5КБ
2026-03-25 19:56:40 [DEBUG] __main__ — [transport:acc3] jpeg-wrap raw=5157 jpeg=5803
2026-03-25 19:56:40 [DEBUG] __main__ — [transport:acc3] upload ok fileId=3004692114 size=5157
2026-03-25 19:56:40 [DEBUG] __main__ — [transport:acc1] recv_file fileId=3008126128 size=1622
2026-03-25 19:56:40 [DEBUG] __main__ — [tun] ← 5 pkts  raw=1622B
2026-03-25 19:56:40 [INFO] __main__ — BATCH TUN←  pkts=5  1КБ
2026-03-25 19:56:41 [DEBUG] __main__ — [tun] → 4 pkts  raw=2896B  packed=2886B
2026-03-25 19:56:41 [INFO] __main__ — BATCH TUN→  pkts=4  2КБ  packed=2КБ
2026-03-25 19:56:42 [DEBUG] __main__ — [transport:acc1] jpeg-wrap raw=2886 jpeg=3532
2026-03-25 19:56:42 [DEBUG] __main__ — [transport:acc1] upload ok fileId=3014823183 size=2886
2026-03-25 19:56:43 [DEBUG] __main__ — [transport:acc2] recv_file fileId=3007369421 size=7404
2026-03-25 19:56:43 [DEBUG] __main__ — [tun] ← 10 pkts  raw=7404B
2026-03-25 19:56:43 [INFO] __main__ — BATCH TUN←  pkts=10  7КБ
2026-03-25 19:56:44 [DEBUG] __main__ — [tun] → 13 pkts  raw=4038B  packed=3732B
2026-03-25 19:56:44 [INFO] __main__ — BATCH TUN→  pkts=13  3КБ  packed=3КБ
2026-03-25 19:56:44 [DEBUG] __main__ — [transport:acc3] recv_file fileId=3003923796 size=2916
2026-03-25 19:56:44 [DEBUG] __main__ — [tun] ← 4 pkts  raw=2916B
2026-03-25 19:56:44 [INFO] __main__ — BATCH TUN←  pkts=4  2КБ
2026-03-25 19:56:44 [DEBUG] __main__ — [transport:acc2] jpeg-wrap raw=3732 jpeg=4378
2026-03-25 19:56:44 [DEBUG] __main__ — [transport:acc2] upload ok fileId=3013852021 size=3732
2026-03-25 19:56:45 [DEBUG] __main__ — [tun] → 5 pkts  raw=1242B  packed=1189B
2026-03-25 19:56:45 [INFO] __main__ — BATCH TUN→  pkts=5  1КБ  packed=1КБ
2026-03-25 19:56:45 [DEBUG] __main__ — [transport:acc3] jpeg-wrap raw=1189 jpeg=1835
2026-03-25 19:56:45 [DEBUG] __main__ — [transport:acc3] upload ok fileId=3011266688 size=1189
2026-03-25 19:56:46 [DEBUG] __main__ — [transport:acc1] recv_file fileId=3014420719 size=2914
2026-03-25 19:56:46 [DEBUG] __main__ — [tun] ← 7 pkts  raw=2914B
2026-03-25 19:56:46 [INFO] __main__ — BATCH TUN←  pkts=7  2КБ
2026-03-25 19:56:47 [DEBUG] __main__ — [tun] → 10 pkts  raw=5448B  packed=5273B
2026-03-25 19:56:47 [INFO] __main__ — BATCH TUN→  pkts=10  5КБ  packed=5КБ
2026-03-25 19:56:47 [DEBUG] __main__ — [transport:acc1] jpeg-wrap raw=5273 jpeg=5919
2026-03-25 19:56:47 [DEBUG] __main__ — [transport:acc1] upload ok fileId=3012480737 size=5273
2026-03-25 19:56:47 [DEBUG] __main__ — [transport:acc2] recv_file fileId=3007880267 size=7122
2026-03-25 19:56:47 [DEBUG] __main__ — [tun] ← 7 pkts  raw=7122B
2026-03-25 19:56:47 [INFO] __main__ — BATCH TUN←  pkts=7  6КБ
2026-03-25 19:56:48 [DEBUG] __main__ — [tun] → 9 pkts  raw=3054B  packed=2884B
2026-03-25 19:56:48 [INFO] __main__ — BATCH TUN→  pkts=9  2КБ  packed=2КБ
2026-03-25 19:56:48 [DEBUG] __main__ — [transport:acc2] jpeg-wrap raw=2884 jpeg=3530
2026-03-25 19:56:48 [DEBUG] __main__ — [transport:acc2] upload ok fileId=3002009720 size=2884
2026-03-25 19:56:49 [DEBUG] __main__ — [transport:acc3] recv_file fileId=3013370864 size=3856
2026-03-25 19:56:49 [DEBUG] __main__ — [tun] ← 8 pkts  raw=3856B
2026-03-25 19:56:49 [INFO] __main__ — BATCH TUN←  pkts=8  3КБ
2026-03-25 19:56:50 [DEBUG] __main__ — [tun] → 5 pkts  raw=1106B  packed=1047B
2026-03-25 19:56:50 [INFO] __main__ — BATCH TUN→  pkts=5  1КБ  packed=1КБ
2026-03-25 19:56:50 [DEBUG] __main__ — [transport:acc3] jpeg-wrap raw=1047 jpeg=1693
2026-03-25 19:56:50 [DEBUG] __main__ — [transport:acc3] upload ok fileId=3008715277 size=1047
2026-03-25 19:56:50 [DEBUG] __main__ — [transport:acc1] recv_file fileId=3007369933 size=5720
2026-03-25 19:56:50 [DEBUG] __main__ — [tun] ← 6 pkts  raw=5720B
2026-03-25 19:56:50 [INFO] __main__ — BATCH TUN←  pkts=6  5КБ
2026-03-25 19:56:51 [DEBUG] __main__ — [tun] → 10 pkts  raw=7728B  packed=7511B
2026-03-25 19:56:51 [INFO] __main__ — BATCH TUN→  pkts=10  7КБ  packed=7КБ
2026-03-25 19:56:51 [DEBUG] __main__ — [transport:acc1] jpeg-wrap raw=7511 jpeg=8157
2026-03-25 19:56:52 [DEBUG] __main__ — [transport:acc1] upload ok fileId=3012978510 size=7511
2026-03-25 19:56:52 [DEBUG] __main__ — [transport:acc2] recv_file fileId=3005838153 size=794
2026-03-25 19:56:52 [DEBUG] __main__ — [tun] ← 3 pkts  raw=794B
2026-03-25 19:56:52 [INFO] __main__ — BATCH TUN←  pkts=3  0КБ
2026-03-25 19:56:53 [DEBUG] __main__ — [tun] → 7 pkts  raw=5890B  packed=5790B
2026-03-25 19:56:53 [INFO] __main__ — BATCH TUN→  pkts=7  5КБ  packed=5КБ
2026-03-25 19:56:53 [DEBUG] __main__ — [transport:acc2] jpeg-wrap raw=5790 jpeg=6436
2026-03-25 19:56:53 [DEBUG] __main__ — [transport:acc2] upload ok fileId=3016070423 size=5790
2026-03-25 19:56:54 [DEBUG] __main__ — [transport:acc3] recv_file fileId=3010362202 size=18446
2026-03-25 19:56:54 [DEBUG] __main__ — [tun] ← 17 pkts  raw=18446B
2026-03-25 19:56:54 [INFO] __main__ — BATCH TUN←  pkts=17  18КБ
2026-03-25 19:56:55 [DEBUG] __main__ — [tun] → 18 pkts  raw=3008B  packed=2498B
2026-03-25 19:56:55 [INFO] __main__ — BATCH TUN→  pkts=18  2КБ  packed=2КБ
2026-03-25 19:56:55 [DEBUG] __main__ — [transport:acc3] jpeg-wrap raw=2498 jpeg=3144
2026-03-25 19:56:55 [DEBUG] __main__ — [transport:acc3] upload ok fileId=3014068025 size=2498
2026-03-25 19:56:55 [DEBUG] __main__ — [transport:acc1] recv_file fileId=3002756208 size=12616
2026-03-25 19:56:55 [DEBUG] __main__ — [tun] ← 12 pkts  raw=12616B
2026-03-25 19:56:55 [INFO] __main__ — BATCH TUN←  pkts=12  12КБ
2026-03-25 19:56:56 [DEBUG] __main__ — [tun] → 12 pkts  raw=2940B  packed=2659B
2026-03-25 19:56:56 [INFO] __main__ — BATCH TUN→  pkts=12  2КБ  packed=2КБ
2026-03-25 19:56:56 [DEBUG] __main__ — [transport:acc1] jpeg-wrap raw=2659 jpeg=3305
2026-03-25 19:56:56 [DEBUG] __main__ — [transport:acc1] upload ok fileId=3005765425 size=2659
2026-03-25 19:56:57 [DEBUG] __main__ — [transport:acc2] recv_file fileId=3008673352 size=140852
2026-03-25 19:56:57 [DEBUG] __main__ — [tun] ← 112 pkts  raw=140852B
2026-03-25 19:56:57 [INFO] __main__ — BATCH TUN←  pkts=112  137КБ
2026-03-25 19:56:58 [DEBUG] __main__ — [tun] → 53 pkts  raw=3006B  packed=1050B
2026-03-25 19:56:58 [INFO] __main__ — BATCH TUN→  pkts=53  2КБ  packed=1КБ
2026-03-25 19:56:59 [DEBUG] __main__ — [transport:acc3] recv_file fileId=3011519107 size=38224
2026-03-25 19:56:59 [DEBUG] __main__ — [tun] ← 32 pkts  raw=38224B
2026-03-25 19:56:59 [INFO] __main__ — BATCH TUN←  pkts=32  37КБ
2026-03-25 19:56:59 [DEBUG] __main__ — [transport:acc2] jpeg-wrap raw=1050 jpeg=1696
2026-03-25 19:56:59 [DEBUG] __main__ — [transport:acc2] upload ok fileId=3015917942 size=1050
2026-03-25 19:57:00 [DEBUG] __main__ — [tun] → 15 pkts  raw=814B  packed=301B
2026-03-25 19:57:00 [INFO] __main__ — BATCH TUN→  pkts=15  0КБ  packed=0КБ
2026-03-25 19:57:00 [DEBUG] __main__ — [transport:acc3] jpeg-wrap raw=301 jpeg=947
2026-03-25 19:57:00 [DEBUG] __main__ — [transport:acc3] upload ok fileId=3010398921 size=301
2026-03-25 19:57:01 [DEBUG] __main__ — [transport:acc1] recv_file fileId=3016070935 size=269242
2026-03-25 19:57:01 [DEBUG] __main__ — [tun] ← 193 pkts  raw=269242B
2026-03-25 19:57:01 [INFO] __main__ — BATCH TUN←  pkts=193  262КБ
2026-03-25 19:57:02 [DEBUG] __main__ — [tun] → 103 pkts  raw=6046B  packed=2167B
2026-03-25 19:57:02 [INFO] __main__ — BATCH TUN→  pkts=103  5КБ  packed=2КБ
2026-03-25 19:57:02 [DEBUG] __main__ — [transport:acc1] jpeg-wrap raw=2167 jpeg=2813
2026-03-25 19:57:02 [DEBUG] __main__ — [transport:acc1] upload ok fileId=3006148558 size=2167
2026-03-25 19:57:05 [DEBUG] __main__ — [transport:acc2] recv_file fileId=3001369468 size=403888
2026-03-25 19:57:05 [DEBUG] __main__ — [tun] ← 290 pkts  raw=403888B
2026-03-25 19:57:05 [INFO] __main__ — BATCH TUN←  pkts=290  394КБ
2026-03-25 19:57:06 [DEBUG] __main__ — [tun] → 151 pkts  raw=8674B  packed=2824B
2026-03-25 19:57:06 [INFO] __main__ — BATCH TUN→  pkts=151  8КБ  packed=2КБ
2026-03-25 19:57:06 [DEBUG] __main__ — [transport:acc2] jpeg-wrap raw=2824 jpeg=3470
2026-03-25 19:57:07 [DEBUG] __main__ — [transport:acc2] upload ok fileId=3005766449 size=2824
2026-03-25 19:57:10 [DEBUG] __main__ — [transport:acc3] recv_file fileId=3012545179 size=605722
2026-03-25 19:57:10 [DEBUG] __main__ — [tun] ← 433 pkts  raw=605722B
2026-03-25 19:57:10 [INFO] __main__ — BATCH TUN←  pkts=433  591КБ
2026-03-25 19:57:10 [DEBUG] __main__ — [tun] → 230 pkts  raw=13636B  packed=4944B
2026-03-25 19:57:10 [INFO] __main__ — BATCH TUN→  pkts=230  13КБ  packed=4КБ
2026-03-25 19:57:11 [DEBUG] __main__ — [transport:acc3] jpeg-wrap raw=4944 jpeg=5590
2026-03-25 19:57:11 [DEBUG] __main__ — [transport:acc3] upload ok fileId=3008901490 size=4944
2026-03-25 19:57:13 [DEBUG] __main__ — [transport:acc1] recv_file fileId=3001725856 size=908662
2026-03-25 19:57:13 [DEBUG] __main__ — [tun] ← 651 pkts  raw=908662B
2026-03-25 19:57:13 [INFO] __main__ — BATCH TUN←  pkts=651  887КБ
2026-03-25 19:57:14 [DEBUG] __main__ — [tun] → 349 pkts  raw=19178B  packed=5547B
2026-03-25 19:57:14 [INFO] __main__ — BATCH TUN→  pkts=349  18КБ  packed=5КБ
2026-03-25 19:57:14 [DEBUG] __main__ — [transport:acc1] jpeg-wrap raw=5547 jpeg=6193
2026-03-25 19:57:15 [DEBUG] __main__ — [transport:acc1] upload ok fileId=3012589624 size=5547
2026-03-25 19:57:18 [DEBUG] __main__ — [transport:acc2] recv_file fileId=2999669684 size=1229558
2026-03-25 19:57:18 [DEBUG] __main__ — [tun] ← 877 pkts  raw=1229558B
2026-03-25 19:57:18 [INFO] __main__ — BATCH TUN←  pkts=877  1200КБ
2026-03-25 19:57:19 [DEBUG] __main__ — [tun] → 428 pkts  raw=25692B  packed=8997B
2026-03-25 19:57:19 [INFO] __main__ — BATCH TUN→  pkts=428  25КБ  packed=8КБ
2026-03-25 19:57:19 [DEBUG] __main__ — [transport:acc2] jpeg-wrap raw=8997 jpeg=9643
2026-03-25 19:57:19 [DEBUG] __main__ — [transport:acc2] upload ok fileId=3012460013 size=8997
2026-03-25 19:57:21 [INFO] __main__ — [tun] stats: sent=2274pkts/394КБ  recv=3619pkts/4542КБ  uptime=240s
2026-03-25 19:57:24 [DEBUG] __main__ — [transport:acc1] recv_file fileId=2997716369 size=54
2026-03-25 19:57:24 [DEBUG] __main__ — [tun] ← 1 pkts  raw=54B
2026-03-25 19:57:24 [INFO] __main__ — BATCH TUN←  pkts=1  0КБ
2026-03-25 19:57:24 [DEBUG] __main__ — [transport:acc3] recv_file fileId=3003135573 size=1430098
2026-03-25 19:57:24 [DEBUG] __main__ — [tun] ← 1021 pkts  raw=1430098B
2026-03-25 19:57:24 [INFO] __main__ — BATCH TUN←  pkts=1021  1396КБ
2026-03-25 19:57:25 [DEBUG] __main__ — [tun] → 116 pkts  raw=9516B  packed=1977B
2026-03-25 19:57:25 [INFO] __main__ — BATCH TUN→  pkts=116  9КБ  packed=1КБ
2026-03-25 19:57:25 [DEBUG] __main__ — [transport:acc3] jpeg-wrap raw=1977 jpeg=2623
2026-03-25 19:57:25 [DEBUG] __main__ — [transport:acc3] upload ok fileId=3010011102 size=1977
2026-03-25 19:57:28 [DEBUG] __main__ — [tun] → 1 pkts  raw=186B  packed=187B
2026-03-25 19:57:28 [INFO] __main__ — BATCH TUN→  pkts=1  0КБ  packed=0КБ
2026-03-25 19:57:28 [DEBUG] __main__ — [transport:acc1] jpeg-wrap raw=187 jpeg=833
2026-03-25 19:57:28 [DEBUG] __main__ — [transport:acc1] upload ok fileId=3002693064 size=187
2026-03-25 19:57:28 [DEBUG] __main__ — [transport:acc2] recv_file fileId=3019454478 size=901302
2026-03-25 19:57:28 [DEBUG] __main__ — [tun] ← 643 pkts  raw=901302B
2026-03-25 19:57:28 [INFO] __main__ — BATCH TUN←  pkts=643  880КБ
2026-03-25 19:57:29 [DEBUG] __main__ — [tun] → 73 pkts  raw=5990B  packed=1329B
2026-03-25 19:57:29 [INFO] __main__ — BATCH TUN→  pkts=73  5КБ  packed=1КБ
2026-03-25 19:57:30 [DEBUG] __main__ — [transport:acc2] jpeg-wrap raw=1329 jpeg=1975
2026-03-25 19:57:30 [DEBUG] __main__ — [transport:acc2] upload ok fileId=3015204950 size=1329
2026-03-25 19:57:30 [DEBUG] __main__ — [transport:acc3] recv_file fileId=3000533800 size=58
2026-03-25 19:57:30 [DEBUG] __main__ — [tun] ← 1 pkts  raw=58B
2026-03-25 19:57:30 [INFO] __main__ — BATCH TUN←  pkts=1  0КБ
2026-03-25 19:57:32 [DEBUG] __main__ — [transport:acc1] recv_file fileId=3011850905 size=343494
2026-03-25 19:57:32 [DEBUG] __main__ — [tun] ← 245 pkts  raw=343494B
2026-03-25 19:57:32 [INFO] __main__ — BATCH TUN←  pkts=245  335КБ
2026-03-25 19:57:33 [DEBUG] __main__ — [tun] → 29 pkts  raw=2382B  packed=580B
2026-03-25 19:57:33 [INFO] __main__ — BATCH TUN→  pkts=29  2КБ  packed=0КБ
2026-03-25 19:57:33 [DEBUG] __main__ — [transport:acc3] jpeg-wrap raw=580 jpeg=1226
2026-03-25 19:57:33 [DEBUG] __main__ — [transport:acc3] upload ok fileId=3009785945 size=580
2026-03-25 19:57:36 [DEBUG] __main__ — [transport:acc2] recv_file fileId=2998557444 size=158430
2026-03-25 19:57:36 [DEBUG] __main__ — [tun] ← 113 pkts  raw=158430B
2026-03-25 19:57:36 [INFO] __main__ — BATCH TUN←  pkts=113  154КБ
2026-03-25 19:57:37 [DEBUG] __main__ — [tun] → 94 pkts  raw=10580B  packed=6466B
2026-03-25 19:57:37 [INFO] __main__ — BATCH TUN→  pkts=94  10КБ  packed=6КБ
2026-03-25 19:57:37 [DEBUG] __main__ — [transport:acc1] jpeg-wrap raw=6466 jpeg=7112
2026-03-25 19:57:37 [DEBUG] __main__ — [transport:acc1] upload ok fileId=3008848533 size=6466
2026-03-25 19:57:38 [DEBUG] __main__ — [tun] → 6 pkts  raw=1336B  packed=1231B
2026-03-25 19:57:38 [INFO] __main__ — BATCH TUN→  pkts=6  1КБ  packed=1КБ
2026-03-25 19:57:38 [DEBUG] __main__ — [transport:acc2] jpeg-wrap raw=1231 jpeg=1877
2026-03-25 19:57:38 [DEBUG] __main__ — [transport:acc2] upload ok fileId=3007014059 size=1231
2026-03-25 19:57:41 [DEBUG] __main__ — [transport:acc3] recv_file fileId=3009786713 size=760482
2026-03-25 19:57:41 [DEBUG] __main__ — [tun] ← 553 pkts  raw=760482B
2026-03-25 19:57:41 [INFO] __main__ — BATCH TUN←  pkts=553  742КБ
2026-03-25 19:57:42 [DEBUG] __main__ — [tun] → 264 pkts  raw=14908B  packed=4270B
2026-03-25 19:57:42 [INFO] __main__ — BATCH TUN→  pkts=264  14КБ  packed=4КБ
2026-03-25 19:57:42 [DEBUG] __main__ — [transport:acc3] jpeg-wrap raw=4270 jpeg=4916
2026-03-25 19:57:42 [DEBUG] __main__ — [transport:acc3] upload ok fileId=3004519952 size=4270
2026-03-25 19:57:44 [DEBUG] __main__ — [transport:acc1] recv_file fileId=3006067557 size=989870
2026-03-25 19:57:44 [DEBUG] __main__ — [tun] ← 707 pkts  raw=989870B
2026-03-25 19:57:44 [INFO] __main__ — BATCH TUN←  pkts=707  966КБ
2026-03-25 19:57:45 [DEBUG] __main__ — [tun] → 133 pkts  raw=10982B  packed=2258B
2026-03-25 19:57:45 [INFO] __main__ — BATCH TUN→  pkts=133  10КБ  packed=2КБ
2026-03-25 19:57:46 [DEBUG] __main__ — [transport:acc1] jpeg-wrap raw=2258 jpeg=2904
2026-03-25 19:57:46 [DEBUG] __main__ — [transport:acc1] upload ok fileId=3007062849 size=2258
2026-03-25 19:57:47 [DEBUG] __main__ — [tun] → 6 pkts  raw=896B  packed=615B
2026-03-25 19:57:47 [INFO] __main__ — BATCH TUN→  pkts=6  0КБ  packed=0КБ
2026-03-25 19:57:47 [DEBUG] __main__ — [transport:acc2] jpeg-wrap raw=615 jpeg=1261
2026-03-25 19:57:47 [DEBUG] __main__ — [transport:acc2] upload ok fileId=3016931750 size=615
2026-03-25 19:57:49 [DEBUG] __main__ — [transport:acc2] recv_file fileId=3009058237 size=803158
2026-03-25 19:57:49 [DEBUG] __main__ — [tun] ← 573 pkts  raw=803158B
2026-03-25 19:57:49 [INFO] __main__ — BATCH TUN←  pkts=573  784КБ
2026-03-25 19:57:49 [DEBUG] __main__ — [transport:acc3] recv_file fileId=3010403785 size=166
2026-03-25 19:57:49 [DEBUG] __main__ — [tun] ← 3 pkts  raw=166B
2026-03-25 19:57:49 [INFO] __main__ — BATCH TUN←  pkts=3  0КБ
2026-03-25 19:57:50 [DEBUG] __main__ — [tun] → 461 pkts  raw=36634B  packed=7736B
2026-03-25 19:57:50 [INFO] __main__ — BATCH TUN→  pkts=461  35КБ  packed=7КБ
2026-03-25 19:57:50 [DEBUG] __main__ — [transport:acc3] jpeg-wrap raw=7736 jpeg=8382
2026-03-25 19:57:50 [DEBUG] __main__ — [transport:acc3] upload ok fileId=3012983374 size=7736
2026-03-25 19:57:53 [DEBUG] __main__ — [transport:acc1] recv_file fileId=3014427119 size=855224
2026-03-25 19:57:53 [DEBUG] __main__ — [tun] ← 610 pkts  raw=855224B
2026-03-25 19:57:53 [INFO] __main__ — BATCH TUN←  pkts=610  835КБ
2026-03-25 19:57:54 [DEBUG] __main__ — [tun] → 114 pkts  raw=9480B  packed=2046B
2026-03-25 19:57:54 [INFO] __main__ — BATCH TUN→  pkts=114  9КБ  packed=1КБ
2026-03-25 19:57:54 [DEBUG] __main__ — [transport:acc1] jpeg-wrap raw=2046 jpeg=2692
2026-03-25 19:57:54 [DEBUG] __main__ — [transport:acc1] upload ok fileId=3011523715 size=2046
2026-03-25 19:57:57 [DEBUG] __main__ — [transport:acc2] recv_file fileId=3010366554 size=794938
2026-03-25 19:57:57 [DEBUG] __main__ — [tun] ← 567 pkts  raw=794938B
2026-03-25 19:57:57 [INFO] __main__ — BATCH TUN←  pkts=567  776КБ
2026-03-25 19:57:58 [DEBUG] __main__ — [tun] → 357 pkts  raw=26922B  packed=10016B
2026-03-25 19:57:58 [INFO] __main__ — BATCH TUN→  pkts=357  26КБ  packed=9КБ
2026-03-25 19:57:58 [DEBUG] __main__ — [transport:acc2] jpeg-wrap raw=10016 jpeg=10662
2026-03-25 19:57:58 [DEBUG] __main__ — [transport:acc2] upload ok fileId=3010357976 size=10016
2026-03-25 19:58:02 [DEBUG] __main__ — [transport:acc3] recv_file fileId=3014043942 size=866494
2026-03-25 19:58:02 [DEBUG] __main__ — [tun] ← 619 pkts  raw=866494B
2026-03-25 19:58:02 [INFO] __main__ — BATCH TUN←  pkts=619  846КБ
2026-03-25 19:58:03 [DEBUG] __main__ — [tun] → 316 pkts  raw=17512B  packed=5170B
2026-03-25 19:58:03 [INFO] __main__ — BATCH TUN→  pkts=316  17КБ  packed=5КБ
2026-03-25 19:58:03 [DEBUG] __main__ — [transport:acc3] jpeg-wrap raw=5170 jpeg=5816
2026-03-25 19:58:03 [DEBUG] __main__ — [transport:acc3] upload ok fileId=3012166103 size=5170
2026-03-25 19:58:06 [DEBUG] __main__ — [transport:acc1] recv_file fileId=3006518942 size=929530
2026-03-25 19:58:06 [DEBUG] __main__ — [tun] ← 663 pkts  raw=929530B
2026-03-25 19:58:06 [INFO] __main__ — BATCH TUN←  pkts=663  907КБ
2026-03-25 19:58:07 [DEBUG] __main__ — [tun] → 665 pkts  raw=28018B  packed=619B
2026-03-25 19:58:07 [INFO] __main__ — BATCH TUN→  pkts=665  27КБ  packed=0КБ
2026-03-25 19:58:07 [DEBUG] __main__ — [transport:acc1] jpeg-wrap raw=619 jpeg=1265
2026-03-25 19:58:07 [DEBUG] __main__ — [transport:acc1] upload ok fileId=3002696392 size=619
2026-03-25 19:58:09 [DEBUG] __main__ — [transport:acc2] recv_file fileId=3013485637 size=58
2026-03-25 19:58:09 [DEBUG] __main__ — [tun] ← 1 pkts  raw=58B
2026-03-25 19:58:09 [INFO] __main__ — BATCH TUN←  pkts=1  0КБ
2026-03-25 19:58:10 [DEBUG] __main__ — [tun] → 1 pkts  raw=46B  packed=47B
2026-03-25 19:58:10 [INFO] __main__ — BATCH TUN→  pkts=1  0КБ  packed=0КБ
2026-03-25 19:58:10 [DEBUG] __main__ — [transport:acc2] jpeg-wrap raw=47 jpeg=693
2026-03-25 19:58:11 [DEBUG] __main__ — [transport:acc2] upload ok fileId=3013859189 size=47
2026-03-25 19:58:21 [INFO] __main__ — [tun] stats: sent=4910pkts/565КБ  recv=9939pkts/13169КБ  uptime=300s
2026-03-25 19:58:23 [ERROR] asyncio — Fatal error on SSL transport
protocol: <asyncio.sslproto.SSLProtocol object at 0x7779e831b7f0>
transport: <_SelectorSocketTransport closing fd=16>
Traceback (most recent call last):
  File "/usr/lib/python3.10/asyncio/selector_events.py", line 924, in write
    n = self._sock.send(data)
OSError: [Errno 9] Bad file descriptor

During handling of the above exception, another exception occurred:

Traceback (most recent call last):
  File "/usr/lib/python3.10/asyncio/sslproto.py", line 690, in _process_write_backlog
    self._transport.write(chunk)
  File "/usr/lib/python3.10/asyncio/selector_events.py", line 930, in write
    self._fatal_error(exc, 'Fatal write error on socket transport')
  File "/usr/lib/python3.10/asyncio/selector_events.py", line 725, in _fatal_error
    self._force_close(exc)
  File "/usr/lib/python3.10/asyncio/selector_events.py", line 737, in _force_close
    self._loop.call_soon(self._call_connection_lost, exc)
  File "/usr/lib/python3.10/asyncio/base_events.py", line 753, in call_soon
    self._check_closed()
  File "/usr/lib/python3.10/asyncio/base_events.py", line 515, in _check_closed
    raise RuntimeError('Event loop is closed')
RuntimeError: Event loop is closed
2026-03-25 19:58:23 [ERROR] asyncio — Unclosed connector
connections: ['deque([(<aiohttp.client_proto.ResponseHandler object at 0x7779e832fd00>, 77092.598947512)])', 'deque([(<aiohttp.client_proto.ResponseHandler object at 0x7779e832e3e0>, 77093.978976206)])']
connector: <aiohttp.connector.TCPConnector object at 0x7779e9053be0>
2026-03-25 19:58:23 [ERROR] asyncio — Unclosed connector
connections: ['deque([(<aiohttp.client_proto.ResponseHandler object at 0x7779e832e8c0>, 77089.491764201)])', 'deque([(<aiohttp.client_proto.ResponseHandler object at 0x7779e832eb60>, 77090.614655658)])']
connector: <aiohttp.connector.TCPConnector object at 0x7779e8f578b0>
2026-03-25 19:58:23 [ERROR] asyncio — Unclosed connector
connections: ['deque([(<aiohttp.client_proto.ResponseHandler object at 0x7779e832f640>, 77085.497257028)])', 'deque([(<aiohttp.client_proto.ResponseHandler object at 0x7779e832e2c0>, 77086.776136365)])']
connector: <aiohttp.connector.TCPConnector object at 0x7779e83188e0>
