2026-03-25 19:46:48 [DEBUG] __main__ — [tun] ip link set tun0 up mtu 1400: OK
2026-03-25 19:46:48 [DEBUG] __main__ — [tun] ip addr add 10.0.1.1/30 dev tun0: OK
2026-03-25 19:46:49 [INFO] __main__ — Авторизован [client:acc1], chatId=0
2026-03-25 19:46:49 [INFO] __main__ — Авторизован [client:acc2], chatId=0
2026-03-25 19:46:49 [INFO] __main__ — Авторизован [client:acc3], chatId=0
2026-03-25 19:46:57 [DEBUG] __main__ — [transport:acc3] recv_file fileId=2997667985 size=54
2026-03-25 19:46:57 [DEBUG] __main__ — [tun] ← 1 pkts  raw=54B
2026-03-25 19:46:57 [INFO] __main__ — BATCH TUN←  pkts=1  0КБ
2026-03-25 19:47:16 [DEBUG] __main__ — [tun] → 1 pkts  raw=66B  packed=67B
2026-03-25 19:47:16 [INFO] __main__ — BATCH TUN→  pkts=1  0КБ  packed=0КБ
2026-03-25 19:47:16 [DEBUG] __main__ — [transport:acc2] jpeg-wrap raw=67 jpeg=713
2026-03-25 19:47:16 [DEBUG] __main__ — [transport:acc2] upload ok fileId=3013938221 size=67
2026-03-25 19:47:17 [DEBUG] __main__ — [tun] → 1 pkts  raw=66B  packed=67B
2026-03-25 19:47:17 [INFO] __main__ — BATCH TUN→  pkts=1  0КБ  packed=0КБ
2026-03-25 19:47:17 [DEBUG] __main__ — [transport:acc3] jpeg-wrap raw=67 jpeg=713
2026-03-25 19:47:17 [DEBUG] __main__ — [transport:acc3] upload ok fileId=3014532176 size=67
2026-03-25 19:47:18 [DEBUG] __main__ — [tun] → 1 pkts  raw=66B  packed=67B
2026-03-25 19:47:18 [INFO] __main__ — BATCH TUN→  pkts=1  0КБ  packed=0КБ
2026-03-25 19:47:18 [DEBUG] __main__ — [transport:acc1] jpeg-wrap raw=67 jpeg=713
2026-03-25 19:47:18 [DEBUG] __main__ — [transport:acc1] upload ok fileId=3012935502 size=67
2026-03-25 19:47:19 [DEBUG] __main__ — [tun] → 1 pkts  raw=66B  packed=67B
2026-03-25 19:47:19 [INFO] __main__ — BATCH TUN→  pkts=1  0КБ  packed=0КБ
2026-03-25 19:47:19 [DEBUG] __main__ — [transport:acc2] jpeg-wrap raw=67 jpeg=713
2026-03-25 19:47:19 [DEBUG] __main__ — [transport:acc2] upload ok fileId=3007226701 size=67
2026-03-25 19:47:19 [DEBUG] __main__ — [transport:acc3] recv_file fileId=3013075018 size=66
2026-03-25 19:47:19 [DEBUG] __main__ — [tun] ← 1 pkts  raw=66B
2026-03-25 19:47:19 [INFO] __main__ — BATCH TUN←  pkts=1  0КБ
2026-03-25 19:47:20 [DEBUG] __main__ — [tun] → 3 pkts  raw=216B  packed=165B
2026-03-25 19:47:20 [INFO] __main__ — BATCH TUN→  pkts=3  0КБ  packed=0КБ
2026-03-25 19:47:20 [DEBUG] __main__ — [transport:acc3] jpeg-wrap raw=165 jpeg=811
2026-03-25 19:47:20 [DEBUG] __main__ — [transport:acc3] upload ok fileId=2999529804 size=165
2026-03-25 19:47:21 [DEBUG] __main__ — [transport:acc3] recv_file fileId=3011563205 size=128
2026-03-25 19:47:21 [DEBUG] __main__ — [tun] ← 2 pkts  raw=128B
2026-03-25 19:47:21 [INFO] __main__ — BATCH TUN←  pkts=2  0КБ
2026-03-25 19:47:22 [DEBUG] __main__ — [tun] → 1 pkts  raw=58B  packed=59B
2026-03-25 19:47:22 [INFO] __main__ — BATCH TUN→  pkts=1  0КБ  packed=0КБ
2026-03-25 19:47:22 [DEBUG] __main__ — [transport:acc1] jpeg-wrap raw=59 jpeg=705
2026-03-25 19:47:22 [DEBUG] __main__ — [transport:acc1] upload ok fileId=3015160662 size=59
2026-03-25 19:47:23 [DEBUG] __main__ — [transport:acc3] recv_file fileId=3013290046 size=217
2026-03-25 19:47:23 [DEBUG] __main__ — [tun] ← 3 pkts  raw=217B
2026-03-25 19:47:23 [INFO] __main__ — BATCH TUN←  pkts=3  0КБ
2026-03-25 19:47:24 [DEBUG] __main__ — [tun] → 4 pkts  raw=1756B  packed=562B
2026-03-25 19:47:24 [INFO] __main__ — BATCH TUN→  pkts=4  1КБ  packed=0КБ
2026-03-25 19:47:24 [DEBUG] __main__ — [transport:acc2] jpeg-wrap raw=562 jpeg=1208
2026-03-25 19:47:24 [DEBUG] __main__ — [transport:acc2] upload ok fileId=3014380527 size=562
2026-03-25 19:47:26 [DEBUG] __main__ — [tun] → 1 pkts  raw=58B  packed=59B
2026-03-25 19:47:26 [INFO] __main__ — BATCH TUN→  pkts=1  0КБ  packed=0КБ
2026-03-25 19:47:26 [DEBUG] __main__ — [transport:acc3] jpeg-wrap raw=59 jpeg=705
2026-03-25 19:47:26 [DEBUG] __main__ — [transport:acc3] upload ok fileId=3010833487 size=59
2026-03-25 19:47:28 [DEBUG] __main__ — [transport:acc3] recv_file fileId=3015875446 size=1190
2026-03-25 19:47:28 [DEBUG] __main__ — [tun] ← 1 pkts  raw=1190B
2026-03-25 19:47:28 [INFO] __main__ — BATCH TUN←  pkts=1  1КБ
2026-03-25 19:47:29 [DEBUG] __main__ — [tun] → 2 pkts  raw=1448B  packed=488B
2026-03-25 19:47:29 [INFO] __main__ — BATCH TUN→  pkts=2  1КБ  packed=0КБ
2026-03-25 19:47:29 [DEBUG] __main__ — [transport:acc1] jpeg-wrap raw=488 jpeg=1134
2026-03-25 19:47:29 [DEBUG] __main__ — [transport:acc1] upload ok fileId=3012441954 size=488
2026-03-25 19:47:31 [DEBUG] __main__ — [transport:acc3] recv_file fileId=3010309592 size=70
2026-03-25 19:47:31 [DEBUG] __main__ — [tun] ← 1 pkts  raw=70B
2026-03-25 19:47:31 [INFO] __main__ — BATCH TUN←  pkts=1  0КБ
2026-03-25 19:47:32 [DEBUG] __main__ — [tun] → 3 pkts  raw=170B  packed=125B
2026-03-25 19:47:32 [INFO] __main__ — BATCH TUN→  pkts=3  0КБ  packed=0КБ
2026-03-25 19:47:32 [DEBUG] __main__ — [transport:acc2] jpeg-wrap raw=125 jpeg=771
2026-03-25 19:47:32 [DEBUG] __main__ — [transport:acc2] upload ok fileId=3014860777 size=125
2026-03-25 19:47:34 [DEBUG] __main__ — [tun] → 1 pkts  raw=66B  packed=67B
2026-03-25 19:47:34 [INFO] __main__ — BATCH TUN→  pkts=1  0КБ  packed=0КБ
2026-03-25 19:47:34 [DEBUG] __main__ — [transport:acc3] jpeg-wrap raw=67 jpeg=713
2026-03-25 19:47:34 [DEBUG] __main__ — [transport:acc3] upload ok fileId=3007329741 size=67
2026-03-25 19:47:34 [DEBUG] __main__ — [transport:acc3] recv_file fileId=3017038734 size=1240
2026-03-25 19:47:34 [DEBUG] __main__ — [tun] ← 2 pkts  raw=1240B
2026-03-25 19:47:34 [INFO] __main__ — BATCH TUN←  pkts=2  1КБ
2026-03-25 19:47:35 [DEBUG] __main__ — [tun] → 2 pkts  raw=108B  packed=104B
2026-03-25 19:47:35 [INFO] __main__ — BATCH TUN→  pkts=2  0КБ  packed=0КБ
2026-03-25 19:47:35 [DEBUG] __main__ — [transport:acc1] jpeg-wrap raw=104 jpeg=750
2026-03-25 19:47:35 [DEBUG] __main__ — [transport:acc1] upload ok fileId=3007329997 size=104
2026-03-25 19:47:36 [DEBUG] __main__ — [tun] → 1 pkts  raw=66B  packed=67B
2026-03-25 19:47:36 [INFO] __main__ — BATCH TUN→  pkts=1  0КБ  packed=0КБ
2026-03-25 19:47:36 [DEBUG] __main__ — [transport:acc2] jpeg-wrap raw=67 jpeg=713
2026-03-25 19:47:36 [DEBUG] __main__ — [transport:acc3] recv_file fileId=3011842310 size=66
2026-03-25 19:47:36 [DEBUG] __main__ — [tun] ← 1 pkts  raw=66B
2026-03-25 19:47:36 [INFO] __main__ — BATCH TUN←  pkts=1  0КБ
2026-03-25 19:47:36 [DEBUG] __main__ — [transport:acc2] upload ok fileId=3009232332 size=67
2026-03-25 19:47:37 [DEBUG] __main__ — [tun] → 3 pkts  raw=691B  packed=462B
2026-03-25 19:47:37 [INFO] __main__ — BATCH TUN→  pkts=3  0КБ  packed=0КБ
2026-03-25 19:47:37 [DEBUG] __main__ — [transport:acc3] jpeg-wrap raw=462 jpeg=1108
2026-03-25 19:47:37 [DEBUG] __main__ — [transport:acc3] upload ok fileId=3007330253 size=462
2026-03-25 19:47:37 [DEBUG] __main__ — [transport:acc3] recv_file fileId=3006020965 size=128
2026-03-25 19:47:37 [DEBUG] __main__ — [tun] ← 2 pkts  raw=128B
2026-03-25 19:47:37 [INFO] __main__ — BATCH TUN←  pkts=2  0КБ
2026-03-25 19:47:38 [DEBUG] __main__ — [tun] → 1 pkts  raw=58B  packed=59B
2026-03-25 19:47:38 [INFO] __main__ — BATCH TUN→  pkts=1  0КБ  packed=0КБ
2026-03-25 19:47:39 [DEBUG] __main__ — [transport:acc1] jpeg-wrap raw=59 jpeg=705
2026-03-25 19:47:39 [DEBUG] __main__ — [transport:acc1] upload ok fileId=3010776510 size=59
2026-03-25 19:47:39 [DEBUG] __main__ — [transport:acc3] recv_file fileId=3012845533 size=3478
2026-03-25 19:47:39 [DEBUG] __main__ — [tun] ← 6 pkts  raw=3478B
2026-03-25 19:47:39 [INFO] __main__ — BATCH TUN←  pkts=6  3КБ
2026-03-25 19:47:40 [DEBUG] __main__ — [tun] → 6 pkts  raw=454B  packed=303B
2026-03-25 19:47:40 [INFO] __main__ — BATCH TUN→  pkts=6  0КБ  packed=0КБ
2026-03-25 19:47:40 [DEBUG] __main__ — [transport:acc2] jpeg-wrap raw=303 jpeg=949
2026-03-25 19:47:40 [DEBUG] __main__ — [transport:acc2] upload ok fileId=3009944880 size=303
2026-03-25 19:47:45 [DEBUG] __main__ — [transport:acc3] recv_file fileId=3014011321 size=496
2026-03-25 19:47:45 [DEBUG] __main__ — [tun] ← 1 pkts  raw=496B
2026-03-25 19:47:45 [INFO] __main__ — BATCH TUN←  pkts=1  0КБ
2026-03-25 19:47:46 [DEBUG] __main__ — [tun] → 2 pkts  raw=264B  packed=246B
2026-03-25 19:47:46 [INFO] __main__ — BATCH TUN→  pkts=2  0КБ  packed=0КБ
2026-03-25 19:47:47 [DEBUG] __main__ — [transport:acc3] jpeg-wrap raw=246 jpeg=892
2026-03-25 19:47:47 [DEBUG] __main__ — [transport:acc3] upload ok fileId=3013467462 size=246
2026-03-25 19:47:48 [INFO] __main__ — [tun] stats: sent=34pkts/5КБ  recv=21pkts/6КБ  uptime=60s
2026-03-25 19:47:49 [DEBUG] __main__ — [transport:acc3] recv_file fileId=3008204684 size=70
2026-03-25 19:47:49 [DEBUG] __main__ — [tun] ← 1 pkts  raw=70B
2026-03-25 19:47:49 [INFO] __main__ — BATCH TUN←  pkts=1  0КБ
2026-03-25 19:47:50 [DEBUG] __main__ — [tun] → 1 pkts  raw=184B  packed=185B
2026-03-25 19:47:50 [INFO] __main__ — BATCH TUN→  pkts=1  0КБ  packed=0КБ
2026-03-25 19:47:50 [DEBUG] __main__ — [transport:acc1] jpeg-wrap raw=185 jpeg=831
2026-03-25 19:47:50 [DEBUG] __main__ — [transport:acc1] upload ok fileId=2998224119 size=185
2026-03-25 19:47:52 [DEBUG] __main__ — [transport:acc3] recv_file fileId=3014272314 size=1018
2026-03-25 19:47:52 [DEBUG] __main__ — [tun] ← 5 pkts  raw=1018B
2026-03-25 19:47:52 [INFO] __main__ — BATCH TUN←  pkts=5  0КБ
2026-03-25 19:47:53 [DEBUG] __main__ — [tun] → 6 pkts  raw=383B  packed=226B
2026-03-25 19:47:53 [INFO] __main__ — BATCH TUN→  pkts=6  0КБ  packed=0КБ
2026-03-25 19:47:53 [DEBUG] __main__ — [transport:acc2] jpeg-wrap raw=226 jpeg=872
2026-03-25 19:47:54 [DEBUG] __main__ — [transport:acc2] upload ok fileId=3009946160 size=226
2026-03-25 19:47:56 [DEBUG] __main__ — [tun] → 1 pkts  raw=66B  packed=67B
2026-03-25 19:47:56 [INFO] __main__ — BATCH TUN→  pkts=1  0КБ  packed=0КБ
2026-03-25 19:47:57 [DEBUG] __main__ — [transport:acc3] jpeg-wrap raw=67 jpeg=713
2026-03-25 19:47:57 [DEBUG] __main__ — [transport:acc3] upload ok fileId=3009743961 size=67
2026-03-25 19:47:58 [DEBUG] __main__ — [tun] → 1 pkts  raw=66B  packed=67B
2026-03-25 19:47:58 [INFO] __main__ — BATCH TUN→  pkts=1  0КБ  packed=0КБ
2026-03-25 19:47:58 [DEBUG] __main__ — [transport:acc1] jpeg-wrap raw=67 jpeg=713
2026-03-25 19:47:58 [DEBUG] __main__ — [transport:acc1] upload ok fileId=3012938830 size=67
2026-03-25 19:47:59 [DEBUG] __main__ — [tun] → 1 pkts  raw=66B  packed=67B
2026-03-25 19:47:59 [INFO] __main__ — BATCH TUN→  pkts=1  0КБ  packed=0КБ
2026-03-25 19:47:59 [DEBUG] __main__ — [transport:acc2] jpeg-wrap raw=67 jpeg=713
2026-03-25 19:47:59 [DEBUG] __main__ — [transport:acc3] recv_file fileId=3007355066 size=228
2026-03-25 19:47:59 [DEBUG] __main__ — [tun] ← 3 pkts  raw=228B
2026-03-25 19:47:59 [INFO] __main__ — BATCH TUN←  pkts=3  0КБ
2026-03-25 19:47:59 [DEBUG] __main__ — [transport:acc2] upload ok fileId=3010836815 size=67
2026-03-25 19:48:00 [DEBUG] __main__ — [tun] → 6 pkts  raw=865B  packed=552B
2026-03-25 19:48:00 [INFO] __main__ — BATCH TUN→  pkts=6  0КБ  packed=0КБ
2026-03-25 19:48:00 [DEBUG] __main__ — [transport:acc3] jpeg-wrap raw=552 jpeg=1198
2026-03-25 19:48:00 [DEBUG] __main__ — [transport:acc3] upload ok fileId=3007229773 size=552
2026-03-25 19:48:01 [DEBUG] __main__ — [transport:acc3] recv_file fileId=3009744473 size=66
2026-03-25 19:48:01 [DEBUG] __main__ — [tun] ← 1 pkts  raw=66B
2026-03-25 19:48:01 [INFO] __main__ — BATCH TUN←  pkts=1  0КБ
2026-03-25 19:48:02 [DEBUG] __main__ — [tun] → 1 pkts  raw=58B  packed=59B
2026-03-25 19:48:02 [INFO] __main__ — BATCH TUN→  pkts=1  0КБ  packed=0КБ
2026-03-25 19:48:02 [DEBUG] __main__ — [transport:acc1] jpeg-wrap raw=59 jpeg=705
2026-03-25 19:48:02 [DEBUG] __main__ — [transport:acc1] upload ok fileId=3010779070 size=59
2026-03-25 19:48:02 [DEBUG] __main__ — [transport:acc3] recv_file fileId=3012806609 size=3482
2026-03-25 19:48:02 [DEBUG] __main__ — [tun] ← 6 pkts  raw=3482B
2026-03-25 19:48:02 [INFO] __main__ — BATCH TUN←  pkts=6  3КБ
2026-03-25 19:48:03 [DEBUG] __main__ — [tun] → 10 pkts  raw=865B  packed=595B
2026-03-25 19:48:03 [INFO] __main__ — BATCH TUN→  pkts=10  0КБ  packed=0КБ
2026-03-25 19:48:03 [DEBUG] __main__ — [transport:acc2] jpeg-wrap raw=595 jpeg=1241
2026-03-25 19:48:04 [DEBUG] __main__ — [transport:acc2] upload ok fileId=3011583798 size=595
2026-03-25 19:48:08 [DEBUG] __main__ — [transport:acc3] recv_file fileId=2999629492 size=496
2026-03-25 19:48:08 [DEBUG] __main__ — [tun] ← 1 pkts  raw=496B
2026-03-25 19:48:08 [INFO] __main__ — BATCH TUN←  pkts=1  0КБ
2026-03-25 19:48:09 [DEBUG] __main__ — [tun] → 1 pkts  raw=70B  packed=71B
2026-03-25 19:48:09 [INFO] __main__ — BATCH TUN→  pkts=1  0КБ  packed=0КБ
2026-03-25 19:48:09 [DEBUG] __main__ — [transport:acc3] jpeg-wrap raw=71 jpeg=717
2026-03-25 19:48:09 [DEBUG] __main__ — [transport:acc3] upload ok fileId=3006821632 size=71
2026-03-25 19:48:10 [DEBUG] __main__ — [tun] → 1 pkts  raw=114B  packed=115B
2026-03-25 19:48:10 [INFO] __main__ — BATCH TUN→  pkts=1  0КБ  packed=0КБ
2026-03-25 19:48:10 [DEBUG] __main__ — [transport:acc1] jpeg-wrap raw=115 jpeg=761
2026-03-25 19:48:10 [DEBUG] __main__ — [transport:acc1] upload ok fileId=3011644106 size=115
2026-03-25 19:48:12 [DEBUG] __main__ — [transport:acc3] recv_file fileId=3015763783 size=70
2026-03-25 19:48:12 [DEBUG] __main__ — [tun] ← 1 pkts  raw=70B
2026-03-25 19:48:12 [INFO] __main__ — BATCH TUN←  pkts=1  0КБ
2026-03-25 19:48:12 [DEBUG] __main__ — [tun] → 2 pkts  raw=377B  packed=375B
2026-03-25 19:48:12 [INFO] __main__ — BATCH TUN→  pkts=2  0КБ  packed=0КБ
2026-03-25 19:48:13 [DEBUG] __main__ — [transport:acc2] jpeg-wrap raw=375 jpeg=1021
2026-03-25 19:48:13 [DEBUG] __main__ — [transport:acc2] upload ok fileId=3007332301 size=375
2026-03-25 19:48:23 [DEBUG] __main__ — [tun] → 1 pkts  raw=268B  packed=269B
2026-03-25 19:48:23 [INFO] __main__ — BATCH TUN→  pkts=1  0КБ  packed=0КБ
2026-03-25 19:48:23 [DEBUG] __main__ — [transport:acc3] jpeg-wrap raw=269 jpeg=915
2026-03-25 19:48:23 [DEBUG] __main__ — [transport:acc3] upload ok fileId=3011645642 size=269
2026-03-25 19:48:26 [DEBUG] __main__ — [transport:acc3] recv_file fileId=3001330044 size=1018
2026-03-25 19:48:26 [DEBUG] __main__ — [tun] ← 5 pkts  raw=1018B
2026-03-25 19:48:26 [INFO] __main__ — BATCH TUN←  pkts=5  0КБ
2026-03-25 19:48:27 [DEBUG] __main__ — [tun] → 6 pkts  raw=383B  packed=216B
2026-03-25 19:48:27 [INFO] __main__ — BATCH TUN→  pkts=6  0КБ  packed=0КБ
2026-03-25 19:48:27 [DEBUG] __main__ — [transport:acc1] jpeg-wrap raw=216 jpeg=862
2026-03-25 19:48:27 [DEBUG] __main__ — [transport:acc1] upload ok fileId=3006771651 size=216
2026-03-25 19:48:29 [DEBUG] __main__ — [transport:acc3] recv_file fileId=3009133046 size=166
2026-03-25 19:48:29 [DEBUG] __main__ — [tun] ← 3 pkts  raw=166B
2026-03-25 19:48:29 [INFO] __main__ — BATCH TUN←  pkts=3  0КБ
2026-03-25 19:48:30 [DEBUG] __main__ — [tun] → 2 pkts  raw=167B  packed=163B
2026-03-25 19:48:30 [INFO] __main__ — BATCH TUN→  pkts=2  0КБ  packed=0КБ
2026-03-25 19:48:30 [DEBUG] __main__ — [transport:acc2] jpeg-wrap raw=163 jpeg=809
2026-03-25 19:48:31 [DEBUG] __main__ — [transport:acc2] upload ok fileId=3013797914 size=163
2026-03-25 19:48:36 [DEBUG] __main__ — [transport:acc3] recv_file fileId=2997386683 size=58
2026-03-25 19:48:36 [DEBUG] __main__ — [tun] ← 1 pkts  raw=58B
2026-03-25 19:48:36 [INFO] __main__ — BATCH TUN←  pkts=1  0КБ
2026-03-25 19:48:37 [DEBUG] __main__ — [tun] → 1 pkts  raw=58B  packed=59B
2026-03-25 19:48:37 [INFO] __main__ — BATCH TUN→  pkts=1  0КБ  packed=0КБ
2026-03-25 19:48:38 [DEBUG] __main__ — [transport:acc3] jpeg-wrap raw=59 jpeg=705
2026-03-25 19:48:38 [DEBUG] __main__ — [transport:acc3] upload ok fileId=3003894356 size=59
2026-03-25 19:48:43 [DEBUG] __main__ — [transport:acc3] recv_file fileId=3013331087 size=54
2026-03-25 19:48:43 [DEBUG] __main__ — [tun] ← 1 pkts  raw=54B
2026-03-25 19:48:43 [INFO] __main__ — BATCH TUN←  pkts=1  0КБ
2026-03-25 19:48:44 [ERROR] asyncio — Unclosed connector
connections: ['deque([(<aiohttp.client_proto.ResponseHandler object at 0x713c6c02e3e0>, 76510.828874631)])']
connector: <aiohttp.connector.TCPConnector object at 0x713c6c9d7850>
2026-03-25 19:48:44 [ERROR] asyncio — Unclosed connector
connections: ['deque([(<aiohttp.client_proto.ResponseHandler object at 0x713c6c02e7a0>, 76521.11874527)])', 'deque([(<aiohttp.client_proto.ResponseHandler object at 0x713c6c02f760>, 76526.932906434)])']
connector: <aiohttp.connector.TCPConnector object at 0x713c6c018880>
2026-03-25 19:48:44 [ERROR] asyncio — Unclosed connector
connections: ['deque([(<aiohttp.client_proto.ResponseHandler object at 0x713c6c02eaa0>, 76514.084359734)])']
connector: <aiohttp.connector.TCPConnector object at 0x713c6c9d7bb0>
