2026-03-25 19:38:33 [DEBUG] __main__ — [tun] ip link set tun0 up mtu 1400: OK
2026-03-25 19:38:33 [DEBUG] __main__ — [tun] ip addr add 10.0.1.1/30 dev tun0: OK
2026-03-25 19:38:33 [INFO] __main__ — Авторизован [client:acc2], chatId=0
2026-03-25 19:38:33 [INFO] __main__ — Авторизован [client:acc3], chatId=0
2026-03-25 19:38:34 [DEBUG] __main__ — [tun] → 1 pkts  raw=54B  packed=48B
2026-03-25 19:38:34 [INFO] __main__ — BATCH TUN→  pkts=1  0КБ  packed=0КБ
2026-03-25 19:38:34 [DEBUG] __main__ — [transport:acc2] jpeg-wrap raw=48 jpeg=694
2026-03-25 19:38:34 [DEBUG] __main__ — [transport:acc2] upload ok fileId=3006708070 size=48
2026-03-25 19:38:34 [INFO] __main__ — Авторизован [client:acc1], chatId=0
2026-03-25 19:38:39 [DEBUG] __main__ — [tun] → 1 pkts  raw=54B  packed=48B
2026-03-25 19:38:39 [INFO] __main__ — BATCH TUN→  pkts=1  0КБ  packed=0КБ
2026-03-25 19:38:39 [DEBUG] __main__ — [transport:acc3] jpeg-wrap raw=48 jpeg=694
2026-03-25 19:38:39 [DEBUG] __main__ — [transport:acc3] upload ok fileId=3006933419 size=48
2026-03-25 19:38:40 [DEBUG] __main__ — [transport:acc3] recv_file fileId=3000973968 size=54
2026-03-25 19:38:40 [DEBUG] __main__ — [tun] ← 1 pkts  raw=54B
2026-03-25 19:38:40 [INFO] __main__ — BATCH TUN←  pkts=1  0КБ
2026-03-25 19:38:47 [DEBUG] __main__ — [tun] → 1 pkts  raw=54B  packed=48B
2026-03-25 19:38:47 [INFO] __main__ — BATCH TUN→  pkts=1  0КБ  packed=0КБ
2026-03-25 19:38:47 [DEBUG] __main__ — [transport:acc1] jpeg-wrap raw=48 jpeg=694
2026-03-25 19:38:47 [DEBUG] __main__ — [transport:acc1] upload ok fileId=3008046000 size=48
2026-03-25 19:38:54 [DEBUG] __main__ — [transport:acc3] recv_file fileId=3013288847 size=54
2026-03-25 19:38:54 [DEBUG] __main__ — [tun] ← 1 pkts  raw=54B
2026-03-25 19:38:54 [INFO] __main__ — BATCH TUN←  pkts=1  0КБ
2026-03-25 19:38:57 [DEBUG] __main__ — [tun] → 1 pkts  raw=66B  packed=67B
2026-03-25 19:38:57 [INFO] __main__ — BATCH TUN→  pkts=1  0КБ  packed=0КБ
2026-03-25 19:38:57 [DEBUG] __main__ — [transport:acc2] jpeg-wrap raw=67 jpeg=713
2026-03-25 19:38:57 [DEBUG] __main__ — [transport:acc2] upload ok fileId=3014235706 size=67
2026-03-25 19:38:58 [DEBUG] __main__ — [tun] → 1 pkts  raw=66B  packed=67B
2026-03-25 19:38:58 [INFO] __main__ — BATCH TUN→  pkts=1  0КБ  packed=0КБ
2026-03-25 19:38:58 [DEBUG] __main__ — [transport:acc3] jpeg-wrap raw=67 jpeg=713
2026-03-25 19:38:58 [DEBUG] __main__ — [transport:acc3] upload ok fileId=3012320042 size=67
2026-03-25 19:38:59 [DEBUG] __main__ — [tun] → 1 pkts  raw=66B  packed=67B
2026-03-25 19:38:59 [INFO] __main__ — BATCH TUN→  pkts=1  0КБ  packed=0КБ
2026-03-25 19:38:59 [DEBUG] __main__ — [transport:acc1] jpeg-wrap raw=67 jpeg=713
2026-03-25 19:38:59 [DEBUG] __main__ — [transport:acc1] upload ok fileId=3008986679 size=67
2026-03-25 19:38:59 [DEBUG] __main__ — [transport:acc3] recv_file fileId=3006192336 size=66
2026-03-25 19:38:59 [DEBUG] __main__ — [tun] ← 1 pkts  raw=66B
2026-03-25 19:38:59 [INFO] __main__ — BATCH TUN←  pkts=1  0КБ
2026-03-25 19:39:00 [DEBUG] __main__ — [tun] → 3 pkts  raw=216B  packed=166B
2026-03-25 19:39:00 [INFO] __main__ — BATCH TUN→  pkts=3  0КБ  packed=0КБ
2026-03-25 19:39:00 [DEBUG] __main__ — [transport:acc2] jpeg-wrap raw=166 jpeg=812
2026-03-25 19:39:00 [DEBUG] __main__ — [transport:acc2] upload ok fileId=3013227566 size=166
2026-03-25 19:39:01 [DEBUG] __main__ — [transport:acc3] recv_file fileId=3008599112 size=128
2026-03-25 19:39:01 [DEBUG] __main__ — [tun] ← 2 pkts  raw=128B
2026-03-25 19:39:01 [INFO] __main__ — BATCH TUN←  pkts=2  0КБ
2026-03-25 19:39:02 [DEBUG] __main__ — [tun] → 1 pkts  raw=58B  packed=59B
2026-03-25 19:39:02 [INFO] __main__ — BATCH TUN→  pkts=1  0КБ  packed=0КБ
2026-03-25 19:39:02 [DEBUG] __main__ — [transport:acc3] jpeg-wrap raw=59 jpeg=705
2026-03-25 19:39:02 [DEBUG] __main__ — [transport:acc3] upload ok fileId=3015611242 size=59
2026-03-25 19:39:03 [DEBUG] __main__ — [transport:acc3] recv_file fileId=3001653152 size=66
2026-03-25 19:39:03 [DEBUG] __main__ — [tun] ← 1 pkts  raw=66B
2026-03-25 19:39:03 [INFO] __main__ — BATCH TUN←  pkts=1  0КБ
2026-03-25 19:39:04 [DEBUG] __main__ — [tun] → 2 pkts  raw=108B  packed=101B
2026-03-25 19:39:04 [INFO] __main__ — BATCH TUN→  pkts=2  0КБ  packed=0КБ
2026-03-25 19:39:04 [DEBUG] __main__ — [transport:acc1] jpeg-wrap raw=101 jpeg=747
2026-03-25 19:39:04 [DEBUG] __main__ — [transport:acc1] upload ok fileId=3011844871 size=101
2026-03-25 19:39:04 [DEBUG] __main__ — [transport:acc3] recv_file fileId=3007274009 size=101
2026-03-25 19:39:04 [DEBUG] __main__ — [tun] ← 1 pkts  raw=101B
2026-03-25 19:39:04 [INFO] __main__ — BATCH TUN←  pkts=1  0КБ
2026-03-25 19:39:05 [DEBUG] __main__ — [tun] → 1 pkts  raw=58B  packed=59B
2026-03-25 19:39:05 [INFO] __main__ — BATCH TUN→  pkts=1  0КБ  packed=0КБ
2026-03-25 19:39:05 [DEBUG] __main__ — [transport:acc2] jpeg-wrap raw=59 jpeg=705
2026-03-25 19:39:05 [DEBUG] __main__ — [transport:acc2] upload ok fileId=3003303307 size=59
2026-03-25 19:39:07 [DEBUG] __main__ — [tun] → 1 pkts  raw=1406B  packed=459B
2026-03-25 19:39:07 [INFO] __main__ — BATCH TUN→  pkts=1  1КБ  packed=0КБ
2026-03-25 19:39:07 [DEBUG] __main__ — [transport:acc3] jpeg-wrap raw=459 jpeg=1105
2026-03-25 19:39:07 [DEBUG] __main__ — [transport:acc3] upload ok fileId=3002241704 size=459
2026-03-25 19:39:08 [DEBUG] __main__ — [transport:acc3] recv_file fileId=3009760746 size=70
2026-03-25 19:39:08 [DEBUG] __main__ — [tun] ← 1 pkts  raw=70B
2026-03-25 19:39:08 [INFO] __main__ — BATCH TUN←  pkts=1  0КБ
2026-03-25 19:39:09 [DEBUG] __main__ — [tun] → 1 pkts  raw=100B  packed=101B
2026-03-25 19:39:09 [INFO] __main__ — BATCH TUN→  pkts=1  0КБ  packed=0КБ
2026-03-25 19:39:09 [DEBUG] __main__ — [transport:acc1] jpeg-wrap raw=101 jpeg=747
2026-03-25 19:39:09 [DEBUG] __main__ — [transport:acc1] upload ok fileId=3012788754 size=101
2026-03-25 19:39:11 [DEBUG] __main__ — [transport:acc3] recv_file fileId=3004711549 size=1232
2026-03-25 19:39:11 [DEBUG] __main__ — [tun] ← 2 pkts  raw=1232B
2026-03-25 19:39:11 [INFO] __main__ — BATCH TUN←  pkts=2  1КБ
2026-03-25 19:39:12 [DEBUG] __main__ — [tun] → 2 pkts  raw=300B  packed=175B
2026-03-25 19:39:12 [INFO] __main__ — BATCH TUN→  pkts=2  0КБ  packed=0КБ
2026-03-25 19:39:12 [DEBUG] __main__ — [transport:acc2] jpeg-wrap raw=175 jpeg=821
2026-03-25 19:39:12 [DEBUG] __main__ — [transport:acc2] upload ok fileId=2998190583 size=175
2026-03-25 19:39:18 [DEBUG] __main__ — [tun] → 1 pkts  raw=106B  packed=107B
2026-03-25 19:39:18 [INFO] __main__ — BATCH TUN→  pkts=1  0КБ  packed=0КБ
2026-03-25 19:39:18 [DEBUG] __main__ — [transport:acc3] jpeg-wrap raw=107 jpeg=753
2026-03-25 19:39:18 [DEBUG] __main__ — [transport:acc3] upload ok fileId=3006677930 size=107
2026-03-25 19:39:20 [DEBUG] __main__ — [transport:acc3] recv_file fileId=3014825449 size=70
2026-03-25 19:39:20 [DEBUG] __main__ — [tun] ← 1 pkts  raw=70B
2026-03-25 19:39:20 [INFO] __main__ — BATCH TUN←  pkts=1  0КБ
2026-03-25 19:39:21 [DEBUG] __main__ — [tun] → 1 pkts  raw=246B  packed=146B
2026-03-25 19:39:21 [INFO] __main__ — BATCH TUN→  pkts=1  0КБ  packed=0КБ
2026-03-25 19:39:21 [DEBUG] __main__ — [transport:acc1] jpeg-wrap raw=146 jpeg=792
2026-03-25 19:39:21 [DEBUG] __main__ — [transport:acc1] upload ok fileId=3007871611 size=146
2026-03-25 19:39:22 [DEBUG] __main__ — [transport:acc3] recv_file fileId=3009092086 size=604
2026-03-25 19:39:22 [DEBUG] __main__ — [tun] ← 2 pkts  raw=604B
2026-03-25 19:39:22 [INFO] __main__ — BATCH TUN←  pkts=2  0КБ
2026-03-25 19:39:23 [DEBUG] __main__ — [tun] → 2 pkts  raw=128B  packed=96B
2026-03-25 19:39:23 [INFO] __main__ — BATCH TUN→  pkts=2  0КБ  packed=0КБ
2026-03-25 19:39:23 [DEBUG] __main__ — [transport:acc2] jpeg-wrap raw=96 jpeg=742
2026-03-25 19:39:24 [DEBUG] __main__ — [transport:acc2] upload ok fileId=3012321322 size=96
2026-03-25 19:39:25 [DEBUG] __main__ — [transport:acc3] recv_file fileId=3017008270 size=54
2026-03-25 19:39:25 [DEBUG] __main__ — [tun] ← 1 pkts  raw=54B
2026-03-25 19:39:25 [INFO] __main__ — BATCH TUN←  pkts=1  0КБ
2026-03-25 19:39:30 [DEBUG] __main__ — [tun] → 1 pkts  raw=102B  packed=103B
2026-03-25 19:39:30 [INFO] __main__ — BATCH TUN→  pkts=1  0КБ  packed=0КБ
2026-03-25 19:39:30 [DEBUG] __main__ — [transport:acc3] jpeg-wrap raw=103 jpeg=749
2026-03-25 19:39:30 [DEBUG] __main__ — [transport:acc3] upload ok fileId=3016844454 size=103
2026-03-25 19:39:32 [DEBUG] __main__ — [transport:acc3] recv_file fileId=3013439046 size=70
2026-03-25 19:39:32 [DEBUG] __main__ — [tun] ← 1 pkts  raw=70B
2026-03-25 19:39:32 [INFO] __main__ — BATCH TUN←  pkts=1  0КБ
2026-03-25 19:39:33 [DEBUG] __main__ — [tun] → 1 pkts  raw=74B  packed=75B
2026-03-25 19:39:33 [INFO] __main__ — BATCH TUN→  pkts=1  0КБ  packed=0КБ
2026-03-25 19:39:33 [DEBUG] __main__ — [transport:acc1] jpeg-wrap raw=75 jpeg=721
2026-03-25 19:39:33 [DEBUG] __main__ — [transport:acc1] upload ok fileId=3010318537 size=75
2026-03-25 19:39:33 [INFO] __main__ — [tun] stats: sent=23pkts/3КБ  recv=15pkts/2КБ  uptime=60s
2026-03-25 19:39:35 [DEBUG] __main__ — [transport:acc3] recv_file fileId=3005766985 size=156
2026-03-25 19:39:35 [DEBUG] __main__ — [tun] ← 2 pkts  raw=156B
2026-03-25 19:39:35 [INFO] __main__ — BATCH TUN←  pkts=2  0КБ
2026-03-25 19:39:36 [DEBUG] __main__ — [tun] → 2 pkts  raw=168B  packed=164B
2026-03-25 19:39:36 [INFO] __main__ — BATCH TUN→  pkts=2  0КБ  packed=0КБ
2026-03-25 19:39:36 [DEBUG] __main__ — [transport:acc2] jpeg-wrap raw=164 jpeg=810
2026-03-25 19:39:36 [DEBUG] __main__ — [transport:acc2] upload ok fileId=3007396513 size=164
2026-03-25 19:39:42 [DEBUG] __main__ — [tun] → 1 pkts  raw=118B  packed=119B
2026-03-25 19:39:42 [INFO] __main__ — BATCH TUN→  pkts=1  0КБ  packed=0КБ
2026-03-25 19:39:42 [DEBUG] __main__ — [transport:acc3] jpeg-wrap raw=119 jpeg=765
2026-03-25 19:39:42 [DEBUG] __main__ — [transport:acc3] upload ok fileId=3006680234 size=119
2026-03-25 19:39:43 [DEBUG] __main__ — [transport:acc3] recv_file fileId=3008077043 size=102
2026-03-25 19:39:43 [DEBUG] __main__ — [tun] ← 1 pkts  raw=102B
2026-03-25 19:39:43 [INFO] __main__ — BATCH TUN←  pkts=1  0КБ
2026-03-25 19:39:44 [DEBUG] __main__ — [tun] → 1 pkts  raw=198B  packed=199B
2026-03-25 19:39:44 [INFO] __main__ — BATCH TUN→  pkts=1  0КБ  packed=0КБ
2026-03-25 19:39:44 [DEBUG] __main__ — [transport:acc1] jpeg-wrap raw=199 jpeg=845
2026-03-25 19:39:44 [DEBUG] __main__ — [transport:acc1] upload ok fileId=3007705395 size=199
2026-03-25 19:39:46 [DEBUG] __main__ — [transport:acc3] recv_file fileId=3009907504 size=158
2026-03-25 19:39:46 [DEBUG] __main__ — [tun] ← 1 pkts  raw=158B
2026-03-25 19:39:46 [INFO] __main__ — BATCH TUN←  pkts=1  0КБ
2026-03-25 19:39:47 [DEBUG] __main__ — [tun] → 1 pkts  raw=366B  packed=367B
2026-03-25 19:39:47 [INFO] __main__ — BATCH TUN→  pkts=1  0КБ  packed=0КБ
2026-03-25 19:39:47 [DEBUG] __main__ — [transport:acc2] jpeg-wrap raw=367 jpeg=1013
2026-03-25 19:39:53 [DEBUG] __main__ — [tun] → 1 pkts  raw=366B  packed=367B
2026-03-25 19:39:53 [INFO] __main__ — BATCH TUN→  pkts=1  0КБ  packed=0КБ
2026-03-25 19:39:53 [DEBUG] __main__ — [transport:acc3] jpeg-wrap raw=367 jpeg=1013
2026-03-25 19:39:53 [DEBUG] __main__ — [transport:acc3] upload ok fileId=2999993257 size=367
2026-03-25 19:39:55 [DEBUG] __main__ — [transport:acc3] recv_file fileId=3014502480 size=86
2026-03-25 19:39:55 [DEBUG] __main__ — [tun] ← 1 pkts  raw=86B
2026-03-25 19:39:55 [INFO] __main__ — BATCH TUN←  pkts=1  0КБ
2026-03-25 19:39:56 [DEBUG] __main__ — [tun] → 1 pkts  raw=118B  packed=119B
2026-03-25 19:39:56 [INFO] __main__ — BATCH TUN→  pkts=1  0КБ  packed=0КБ
2026-03-25 19:39:56 [DEBUG] __main__ — [transport:acc1] jpeg-wrap raw=119 jpeg=765
2026-03-25 19:39:56 [DEBUG] __main__ — [transport:acc1] upload ok fileId=3007610038 size=119
2026-03-25 19:39:57 [DEBUG] __main__ — [tun] → 1 pkts  raw=150B  packed=151B
2026-03-25 19:39:57 [INFO] __main__ — BATCH TUN→  pkts=1  0КБ  packed=0КБ
2026-03-25 19:39:57 [DEBUG] __main__ — [transport:acc3] recv_file fileId=2999162176 size=966
2026-03-25 19:39:57 [DEBUG] __main__ — [tun] ← 1 pkts  raw=966B
2026-03-25 19:39:57 [INFO] __main__ — BATCH TUN←  pkts=1  0КБ
2026-03-25 19:39:58 [DEBUG] __main__ — [tun] → 1 pkts  raw=174B  packed=175B
2026-03-25 19:39:58 [INFO] __main__ — BATCH TUN→  pkts=1  0КБ  packed=0КБ
2026-03-25 19:39:58 [DEBUG] __main__ — [transport:acc3] jpeg-wrap raw=175 jpeg=821
2026-03-25 19:39:58 [DEBUG] __main__ — [transport:acc3] upload ok fileId=3008709538 size=175
2026-03-25 19:40:00 [DEBUG] __main__ — [transport:acc3] recv_file fileId=3010264294 size=70
2026-03-25 19:40:00 [DEBUG] __main__ — [tun] ← 1 pkts  raw=70B
2026-03-25 19:40:00 [INFO] __main__ — BATCH TUN←  pkts=1  0КБ
2026-03-25 19:40:01 [DEBUG] __main__ — [tun] → 1 pkts  raw=150B  packed=151B
2026-03-25 19:40:01 [INFO] __main__ — BATCH TUN→  pkts=1  0КБ  packed=0КБ
2026-03-25 19:40:01 [DEBUG] __main__ — [transport:acc1] jpeg-wrap raw=151 jpeg=797
2026-03-25 19:40:01 [DEBUG] __main__ — [transport:acc1] upload ok fileId=3013047370 size=151
2026-03-25 19:40:03 [DEBUG] __main__ — [transport:acc3] recv_file fileId=3014997219 size=156
2026-03-25 19:40:03 [DEBUG] __main__ — [tun] ← 2 pkts  raw=156B
2026-03-25 19:40:03 [INFO] __main__ — BATCH TUN←  pkts=2  0КБ
2026-03-25 19:40:04 [DEBUG] __main__ — [tun] → 2 pkts  raw=2140B  packed=2141B
2026-03-25 19:40:04 [INFO] __main__ — BATCH TUN→  pkts=2  2КБ  packed=2КБ
2026-03-25 19:40:09 [DEBUG] __main__ — [tun] → 1 pkts  raw=738B  packed=739B
2026-03-25 19:40:09 [INFO] __main__ — BATCH TUN→  pkts=1  0КБ  packed=0КБ
2026-03-25 19:40:09 [DEBUG] __main__ — [transport:acc3] jpeg-wrap raw=739 jpeg=1385
2026-03-25 19:40:09 [DEBUG] __main__ — [transport:acc3] upload ok fileId=3002955692 size=739
2026-03-25 19:40:10 [DEBUG] __main__ — [transport:acc3] recv_file fileId=3011194148 size=114
2026-03-25 19:40:10 [DEBUG] __main__ — [tun] ← 1 pkts  raw=114B
2026-03-25 19:40:10 [INFO] __main__ — BATCH TUN←  pkts=1  0КБ
2026-03-25 19:40:11 [DEBUG] __main__ — [tun] → 2 pkts  raw=1460B  packed=1461B
2026-03-25 19:40:11 [INFO] __main__ — BATCH TUN→  pkts=2  1КБ  packed=1КБ
2026-03-25 19:40:11 [DEBUG] __main__ — [transport:acc1] jpeg-wrap raw=1461 jpeg=2107
2026-03-25 19:40:11 [DEBUG] __main__ — [transport:acc1] upload ok fileId=3013415237 size=1461
2026-03-25 19:40:13 [DEBUG] __main__ — [transport:acc3] recv_file fileId=3007296205 size=1578
2026-03-25 19:40:13 [DEBUG] __main__ — [tun] ← 3 pkts  raw=1578B
2026-03-25 19:40:13 [INFO] __main__ — BATCH TUN←  pkts=3  1КБ
2026-03-25 19:40:14 [DEBUG] __main__ — [tun] → 4 pkts  raw=2272B  packed=2246B
2026-03-25 19:40:14 [INFO] __main__ — BATCH TUN→  pkts=4  2КБ  packed=2КБ
2026-03-25 19:40:18 [DEBUG] __main__ — [tun] → 1 pkts  raw=806B  packed=807B
2026-03-25 19:40:18 [INFO] __main__ — BATCH TUN→  pkts=1  0КБ  packed=0КБ
2026-03-25 19:40:18 [DEBUG] __main__ — [transport:acc3] jpeg-wrap raw=807 jpeg=1453
2026-03-25 19:40:18 [DEBUG] __main__ — [transport:acc3] upload ok fileId=3008339943 size=807
2026-03-25 19:40:20 [DEBUG] __main__ — [transport:acc3] recv_file fileId=3009435739 size=142
2026-03-25 19:40:20 [DEBUG] __main__ — [tun] ← 1 pkts  raw=142B
2026-03-25 19:40:20 [INFO] __main__ — BATCH TUN←  pkts=1  0КБ
2026-03-25 19:40:21 [DEBUG] __main__ — [tun] → 2 pkts  raw=1460B  packed=1461B
2026-03-25 19:40:21 [INFO] __main__ — BATCH TUN→  pkts=2  1КБ  packed=1КБ
2026-03-25 19:40:21 [DEBUG] __main__ — [transport:acc1] jpeg-wrap raw=1461 jpeg=2107
2026-03-25 19:40:21 [DEBUG] __main__ — [transport:acc1] upload ok fileId=3007296973 size=1461
2026-03-25 19:40:23 [DEBUG] __main__ — [transport:acc3] recv_file fileId=2998495584 size=70
2026-03-25 19:40:23 [DEBUG] __main__ — [tun] ← 1 pkts  raw=70B
2026-03-25 19:40:23 [INFO] __main__ — BATCH TUN←  pkts=1  0КБ
2026-03-25 19:40:24 [DEBUG] __main__ — [tun] → 2 pkts  raw=1376B  packed=1377B
2026-03-25 19:40:24 [INFO] __main__ — BATCH TUN→  pkts=2  1КБ  packed=1КБ
2026-03-25 19:40:28 [DEBUG] __main__ — [tun] → 1 pkts  raw=762B  packed=763B
2026-03-25 19:40:28 [INFO] __main__ — BATCH TUN→  pkts=1  0КБ  packed=0КБ
2026-03-25 19:40:28 [DEBUG] __main__ — [transport:acc3] jpeg-wrap raw=763 jpeg=1409
2026-03-25 19:40:28 [DEBUG] __main__ — [transport:acc3] recv_file fileId=3004621458 size=54
2026-03-25 19:40:28 [DEBUG] __main__ — [tun] ← 1 pkts  raw=54B
2026-03-25 19:40:28 [INFO] __main__ — BATCH TUN←  pkts=1  0КБ
2026-03-25 19:40:28 [DEBUG] __main__ — [transport:acc3] upload ok fileId=3005190513 size=763
2026-03-25 19:40:29 [DEBUG] __main__ — [transport:acc3] recv_file fileId=3019381774 size=58
2026-03-25 19:40:29 [DEBUG] __main__ — [tun] ← 1 pkts  raw=58B
2026-03-25 19:40:29 [INFO] __main__ — BATCH TUN←  pkts=1  0КБ
2026-03-25 19:40:30 [DEBUG] __main__ — [tun] → 1 pkts  raw=618B  packed=619B
2026-03-25 19:40:30 [INFO] __main__ — BATCH TUN→  pkts=1  0КБ  packed=0КБ
2026-03-25 19:40:30 [DEBUG] __main__ — [transport:acc1] jpeg-wrap raw=619 jpeg=1265
2026-03-25 19:40:30 [DEBUG] __main__ — [transport:acc1] upload ok fileId=3011379578 size=619
2026-03-25 19:40:32 [DEBUG] __main__ — [transport:acc3] recv_file fileId=3006867288 size=316
2026-03-25 19:40:32 [DEBUG] __main__ — [tun] ← 2 pkts  raw=316B
2026-03-25 19:40:32 [INFO] __main__ — BATCH TUN←  pkts=2  0КБ
2026-03-25 19:40:33 [INFO] __main__ — [tun] stats: sent=49pkts/16КБ  recv=34pkts/6КБ  uptime=120s
2026-03-25 19:40:33 [DEBUG] __main__ — [tun] → 3 pkts  raw=2250B  packed=2251B
2026-03-25 19:40:33 [INFO] __main__ — BATCH TUN→  pkts=3  2КБ  packed=2КБ
2026-03-25 19:40:37 [DEBUG] __main__ — [tun] → 1 pkts  raw=1406B  packed=1407B
2026-03-25 19:40:37 [INFO] __main__ — BATCH TUN→  pkts=1  1КБ  packed=1КБ
2026-03-25 19:40:37 [DEBUG] __main__ — [transport:acc3] jpeg-wrap raw=1407 jpeg=2053
2026-03-25 19:40:37 [DEBUG] __main__ — [transport:acc3] upload ok fileId=3009767402 size=1407
2026-03-25 19:40:39 [DEBUG] __main__ — [transport:acc3] recv_file fileId=3000458792 size=114
2026-03-25 19:40:39 [DEBUG] __main__ — [tun] ← 1 pkts  raw=114B
2026-03-25 19:40:39 [INFO] __main__ — BATCH TUN←  pkts=1  0КБ
2026-03-25 19:40:40 [DEBUG] __main__ — [tun] → 2 pkts  raw=1460B  packed=1461B
2026-03-25 19:40:40 [INFO] __main__ — BATCH TUN→  pkts=2  1КБ  packed=1КБ
2026-03-25 19:40:40 [DEBUG] __main__ — [transport:acc1] jpeg-wrap raw=1461 jpeg=2107
2026-03-25 19:40:40 [DEBUG] __main__ — [transport:acc1] upload ok fileId=3003296906 size=1461
2026-03-25 19:40:41 [DEBUG] __main__ — [tun] → 1 pkts  raw=54B  packed=48B
2026-03-25 19:40:41 [INFO] __main__ — BATCH TUN→  pkts=1  0КБ  packed=0КБ
2026-03-25 19:40:41 [DEBUG] __main__ — [transport:acc3] recv_file fileId=3007215167 size=70
2026-03-25 19:40:41 [DEBUG] __main__ — [tun] ← 1 pkts  raw=70B
2026-03-25 19:40:41 [INFO] __main__ — BATCH TUN←  pkts=1  0КБ
2026-03-25 19:40:42 [DEBUG] __main__ — [tun] → 2 pkts  raw=2196B  packed=2197B
2026-03-25 19:40:42 [INFO] __main__ — BATCH TUN→  pkts=2  2КБ  packed=2КБ
2026-03-25 19:40:42 [DEBUG] __main__ — [transport:acc3] jpeg-wrap raw=2197 jpeg=2843
2026-03-25 19:40:43 [DEBUG] __main__ — [transport:acc3] upload ok fileId=3007552193 size=2197
2026-03-25 19:40:44 [DEBUG] __main__ — [transport:acc3] recv_file fileId=3007879803 size=3148
2026-03-25 19:40:44 [DEBUG] __main__ — [tun] ← 4 pkts  raw=3148B
2026-03-25 19:40:44 [INFO] __main__ — BATCH TUN←  pkts=4  3КБ
2026-03-25 19:40:45 [DEBUG] __main__ — [tun] → 4 pkts  raw=3344B  packed=3336B
2026-03-25 19:40:45 [INFO] __main__ — BATCH TUN→  pkts=4  3КБ  packed=3КБ
2026-03-25 19:40:45 [DEBUG] __main__ — [transport:acc1] jpeg-wrap raw=3336 jpeg=3982
2026-03-25 19:40:45 [DEBUG] __main__ — [transport:acc1] upload ok fileId=3016848294 size=3336
2026-03-25 19:40:47 [DEBUG] __main__ — [transport:acc3] recv_file fileId=3012796178 size=230
2026-03-25 19:40:47 [DEBUG] __main__ — [tun] ← 1 pkts  raw=230B
2026-03-25 19:40:47 [INFO] __main__ — BATCH TUN←  pkts=1  0КБ
2026-03-25 19:40:48 [DEBUG] __main__ — [tun] → 4 pkts  raw=1480B  packed=1455B
2026-03-25 19:40:48 [INFO] __main__ — BATCH TUN→  pkts=4  1КБ  packed=1КБ
2026-03-25 19:40:52 [DEBUG] __main__ — [tun] → 1 pkts  raw=158B  packed=159B
2026-03-25 19:40:52 [INFO] __main__ — BATCH TUN→  pkts=1  0КБ  packed=0КБ
2026-03-25 19:40:52 [DEBUG] __main__ — [transport:acc3] jpeg-wrap raw=159 jpeg=805
2026-03-25 19:40:52 [DEBUG] __main__ — [transport:acc3] upload ok fileId=3015617642 size=159
2026-03-25 19:40:53 [DEBUG] __main__ — [transport:acc3] recv_file fileId=3008304167 size=70
2026-03-25 19:40:53 [DEBUG] __main__ — [tun] ← 1 pkts  raw=70B
2026-03-25 19:40:53 [INFO] __main__ — BATCH TUN←  pkts=1  0КБ
2026-03-25 19:40:54 [DEBUG] __main__ — [tun] → 1 pkts  raw=1318B  packed=1319B
2026-03-25 19:40:54 [INFO] __main__ — BATCH TUN→  pkts=1  1КБ  packed=1КБ
2026-03-25 19:40:54 [DEBUG] __main__ — [transport:acc1] jpeg-wrap raw=1319 jpeg=1965
2026-03-25 19:40:54 [DEBUG] __main__ — [transport:acc1] upload ok fileId=2999503436 size=1319
2026-03-25 19:40:56 [DEBUG] __main__ — [transport:acc3] recv_file fileId=3008829890 size=228
2026-03-25 19:40:56 [DEBUG] __main__ — [tun] ← 2 pkts  raw=228B
2026-03-25 19:40:56 [INFO] __main__ — BATCH TUN←  pkts=2  0КБ
2026-03-25 19:40:57 [DEBUG] __main__ — [tun] → 2 pkts  raw=1568B  packed=1569B
2026-03-25 19:40:57 [INFO] __main__ — BATCH TUN→  pkts=2  1КБ  packed=1КБ
2026-03-25 19:41:00 [DEBUG] __main__ — [tun] → 1 pkts  raw=538B  packed=539B
2026-03-25 19:41:00 [INFO] __main__ — BATCH TUN→  pkts=1  0КБ  packed=0КБ
2026-03-25 19:41:00 [DEBUG] __main__ — [transport:acc3] jpeg-wrap raw=539 jpeg=1185
2026-03-25 19:41:00 [DEBUG] __main__ — [transport:acc3] upload ok fileId=3013304560 size=539
2026-03-25 19:41:02 [DEBUG] __main__ — [transport:acc3] recv_file fileId=3007215935 size=646
2026-03-25 19:41:02 [DEBUG] __main__ — [tun] ← 1 pkts  raw=646B
2026-03-25 19:41:02 [INFO] __main__ — BATCH TUN←  pkts=1  0КБ
2026-03-25 19:41:03 [DEBUG] __main__ — [tun] → 2 pkts  raw=220B  packed=212B
2026-03-25 19:41:03 [INFO] __main__ — BATCH TUN→  pkts=2  0КБ  packed=0КБ
2026-03-25 19:41:03 [DEBUG] __main__ — [transport:acc1] jpeg-wrap raw=212 jpeg=858
2026-03-25 19:41:03 [DEBUG] __main__ — [transport:acc1] upload ok fileId=3003501987 size=212
2026-03-25 19:41:05 [DEBUG] __main__ — [transport:acc3] recv_file fileId=3006994241 size=180
2026-03-25 19:41:05 [DEBUG] __main__ — [tun] ← 2 pkts  raw=180B
2026-03-25 19:41:05 [INFO] __main__ — BATCH TUN←  pkts=2  0КБ
2026-03-25 19:41:06 [DEBUG] __main__ — [tun] → 3 pkts  raw=2862B  packed=2863B
2026-03-25 19:41:06 [INFO] __main__ — BATCH TUN→  pkts=3  2КБ  packed=2КБ
2026-03-25 19:41:09 [DEBUG] __main__ — [tun] → 1 pkts  raw=1406B  packed=1407B
2026-03-25 19:41:09 [INFO] __main__ — BATCH TUN→  pkts=1  1КБ  packed=1КБ
2026-03-25 19:41:09 [DEBUG] __main__ — [transport:acc3] jpeg-wrap raw=1407 jpeg=2053
2026-03-25 19:41:09 [DEBUG] __main__ — [transport:acc3] upload ok fileId=3013418821 size=1407
2026-03-25 19:41:11 [DEBUG] __main__ — [transport:acc3] recv_file fileId=3015137110 size=3720
2026-03-25 19:41:11 [DEBUG] __main__ — [tun] ← 4 pkts  raw=3720B
2026-03-25 19:41:11 [INFO] __main__ — BATCH TUN←  pkts=4  3КБ
2026-03-25 19:41:12 [DEBUG] __main__ — [tun] → 5 pkts  raw=2530B  packed=2473B
2026-03-25 19:41:12 [INFO] __main__ — BATCH TUN→  pkts=5  2КБ  packed=2КБ
2026-03-25 19:41:12 [DEBUG] __main__ — [transport:acc1] jpeg-wrap raw=2473 jpeg=3119
2026-03-25 19:41:12 [DEBUG] __main__ — [transport:acc1] upload ok fileId=3014963085 size=2473
2026-03-25 19:41:14 [DEBUG] __main__ — [transport:acc3] recv_file fileId=3000462120 size=5756
2026-03-25 19:41:14 [DEBUG] __main__ — [tun] ← 6 pkts  raw=5756B
2026-03-25 19:41:14 [INFO] __main__ — BATCH TUN←  pkts=6  5КБ
2026-03-25 19:41:15 [DEBUG] __main__ — [tun] → 6 pkts  raw=1148B  packed=1040B
2026-03-25 19:41:15 [INFO] __main__ — BATCH TUN→  pkts=6  1КБ  packed=1КБ
2026-03-25 19:41:18 [DEBUG] __main__ — [tun] → 2 pkts  raw=276B  packed=265B
2026-03-25 19:41:18 [INFO] __main__ — BATCH TUN→  pkts=2  0КБ  packed=0КБ
2026-03-25 19:41:18 [DEBUG] __main__ — [transport:acc3] jpeg-wrap raw=265 jpeg=911
2026-03-25 19:41:18 [DEBUG] __main__ — [transport:acc3] upload ok fileId=3010464238 size=265
2026-03-25 19:41:20 [DEBUG] __main__ — [transport:acc3] recv_file fileId=3006944171 size=936
2026-03-25 19:41:20 [DEBUG] __main__ — [tun] ← 2 pkts  raw=936B
2026-03-25 19:41:20 [INFO] __main__ — BATCH TUN←  pkts=2  0КБ
2026-03-25 19:41:21 [DEBUG] __main__ — [tun] → 2 pkts  raw=1052B  packed=1053B
2026-03-25 19:41:21 [INFO] __main__ — BATCH TUN→  pkts=2  1КБ  packed=1КБ
2026-03-25 19:41:21 [DEBUG] __main__ — [transport:acc1] jpeg-wrap raw=1053 jpeg=1699
2026-03-25 19:41:21 [DEBUG] __main__ — [transport:acc1] upload ok fileId=3013307120 size=1053
2026-03-25 19:41:23 [DEBUG] __main__ — [transport:acc3] recv_file fileId=3006439519 size=290
2026-03-25 19:41:23 [DEBUG] __main__ — [tun] ← 3 pkts  raw=290B
2026-03-25 19:41:23 [INFO] __main__ — BATCH TUN←  pkts=3  0КБ
2026-03-25 19:41:24 [DEBUG] __main__ — [tun] → 3 pkts  raw=2662B  packed=2663B
2026-03-25 19:41:24 [INFO] __main__ — BATCH TUN→  pkts=3  2КБ  packed=2КБ
2026-03-25 19:41:27 [DEBUG] __main__ — [tun] → 1 pkts  raw=466B  packed=467B
2026-03-25 19:41:27 [INFO] __main__ — BATCH TUN→  pkts=1  0КБ  packed=0КБ
2026-03-25 19:41:27 [DEBUG] __main__ — [transport:acc3] jpeg-wrap raw=467 jpeg=1113
2026-03-25 19:41:27 [DEBUG] __main__ — [transport:acc3] upload ok fileId=3007919848 size=467
2026-03-25 19:41:29 [DEBUG] __main__ — [transport:acc3] recv_file fileId=3005194609 size=210
2026-03-25 19:41:29 [DEBUG] __main__ — [tun] ← 1 pkts  raw=210B
2026-03-25 19:41:29 [INFO] __main__ — BATCH TUN←  pkts=1  0КБ
2026-03-25 19:41:30 [DEBUG] __main__ — [tun] → 2 pkts  raw=1260B  packed=1261B
2026-03-25 19:41:30 [INFO] __main__ — BATCH TUN→  pkts=2  1КБ  packed=1КБ
2026-03-25 19:41:30 [DEBUG] __main__ — [transport:acc1] jpeg-wrap raw=1261 jpeg=1907
2026-03-25 19:41:30 [DEBUG] __main__ — [transport:acc1] upload ok fileId=3010283736 size=1261
2026-03-25 19:41:31 [DEBUG] __main__ — [transport:acc3] recv_file fileId=3009205196 size=224
2026-03-25 19:41:31 [DEBUG] __main__ — [tun] ← 2 pkts  raw=224B
2026-03-25 19:41:31 [INFO] __main__ — BATCH TUN←  pkts=2  0КБ
2026-03-25 19:41:32 [DEBUG] __main__ — [tun] → 3 pkts  raw=2862B  packed=2863B
2026-03-25 19:41:32 [INFO] __main__ — BATCH TUN→  pkts=3  2КБ  packed=2КБ
2026-03-25 19:41:33 [INFO] __main__ — [tun] stats: sent=101pkts/48КБ  recv=65pkts/21КБ  uptime=180s
2026-03-25 19:41:35 [DEBUG] __main__ — [tun] → 1 pkts  raw=1406B  packed=1407B
2026-03-25 19:41:35 [INFO] __main__ — BATCH TUN→  pkts=1  1КБ  packed=1КБ
2026-03-25 19:41:36 [DEBUG] __main__ — [transport:acc3] jpeg-wrap raw=1407 jpeg=2053
2026-03-25 19:41:36 [DEBUG] __main__ — [transport:acc3] upload ok fileId=3007920360 size=1407
2026-03-25 19:41:37 [DEBUG] __main__ — [transport:acc3] recv_file fileId=3013783925 size=5826
2026-03-25 19:41:37 [DEBUG] __main__ — [tun] ← 5 pkts  raw=5826B
2026-03-25 19:41:37 [INFO] __main__ — BATCH TUN←  pkts=5  5КБ
2026-03-25 19:41:38 [DEBUG] __main__ — [tun] → 4 pkts  raw=2916B  packed=2896B
2026-03-25 19:41:38 [INFO] __main__ — BATCH TUN→  pkts=4  2КБ  packed=2КБ
2026-03-25 19:41:38 [DEBUG] __main__ — [transport:acc1] jpeg-wrap raw=2896 jpeg=3542
2026-03-25 19:41:38 [DEBUG] __main__ — [transport:acc1] upload ok fileId=3003314571 size=2896
2026-03-25 19:41:41 [DEBUG] __main__ — [transport:acc3] recv_file fileId=3007786366 size=714
2026-03-25 19:41:41 [DEBUG] __main__ — [tun] ← 1 pkts  raw=714B
2026-03-25 19:41:41 [INFO] __main__ — BATCH TUN←  pkts=1  0КБ
2026-03-25 19:41:41 [DEBUG] __main__ — [tun] → 3 pkts  raw=4210B  packed=4211B
2026-03-25 19:41:41 [INFO] __main__ — BATCH TUN→  pkts=3  4КБ  packed=4КБ
2026-03-25 19:41:46 [DEBUG] __main__ — [tun] → 1 pkts  raw=1406B  packed=1407B
2026-03-25 19:41:46 [INFO] __main__ — BATCH TUN→  pkts=1  1КБ  packed=1КБ
2026-03-25 19:41:46 [DEBUG] __main__ — [transport:acc3] jpeg-wrap raw=1407 jpeg=2053
2026-03-25 19:41:46 [DEBUG] __main__ — [transport:acc3] upload ok fileId=3008347367 size=1407
2026-03-25 19:41:47 [DEBUG] __main__ — [transport:acc3] recv_file fileId=3013768986 size=250
2026-03-25 19:41:47 [DEBUG] __main__ — [tun] ← 1 pkts  raw=250B
2026-03-25 19:41:47 [INFO] __main__ — BATCH TUN←  pkts=1  0КБ
2026-03-25 19:41:48 [DEBUG] __main__ — [tun] → 2 pkts  raw=1460B  packed=1461B
2026-03-25 19:41:48 [INFO] __main__ — BATCH TUN→  pkts=2  1КБ  packed=1КБ
2026-03-25 19:41:49 [DEBUG] __main__ — [transport:acc1] jpeg-wrap raw=1461 jpeg=2107
2026-03-25 19:41:49 [DEBUG] __main__ — [transport:acc1] upload ok fileId=3007884923 size=1461
2026-03-25 19:41:50 [DEBUG] __main__ — [transport:acc3] recv_file fileId=3014510672 size=70
2026-03-25 19:41:50 [DEBUG] __main__ — [tun] ← 1 pkts  raw=70B
2026-03-25 19:41:50 [INFO] __main__ — BATCH TUN←  pkts=1  0КБ
2026-03-25 19:41:51 [DEBUG] __main__ — [tun] → 2 pkts  raw=2808B  packed=2809B
2026-03-25 19:41:51 [INFO] __main__ — BATCH TUN→  pkts=2  2КБ  packed=2КБ
2026-03-25 19:41:53 [DEBUG] __main__ — [transport:acc3] recv_file fileId=3014127278 size=130
2026-03-25 19:41:53 [DEBUG] __main__ — [tun] ← 1 pkts  raw=130B
2026-03-25 19:41:53 [INFO] __main__ — BATCH TUN←  pkts=1  0КБ
2026-03-25 19:41:54 [DEBUG] __main__ — [tun] → 1 pkts  raw=58B  packed=59B
2026-03-25 19:41:54 [INFO] __main__ — BATCH TUN→  pkts=1  0КБ  packed=0КБ
2026-03-25 19:41:54 [DEBUG] __main__ — [transport:acc3] jpeg-wrap raw=59 jpeg=705
2026-03-25 19:41:54 [DEBUG] __main__ — [transport:acc3] upload ok fileId=3015317499 size=59
2026-03-25 19:41:55 [DEBUG] __main__ — [tun] → 1 pkts  raw=1406B  packed=1407B
2026-03-25 19:41:55 [INFO] __main__ — BATCH TUN→  pkts=1  1КБ  packed=1КБ
2026-03-25 19:41:55 [DEBUG] __main__ — [transport:acc1] jpeg-wrap raw=1407 jpeg=2053
2026-03-25 19:41:55 [DEBUG] __main__ — [transport:acc1] upload ok fileId=3011564461 size=1407
2026-03-25 19:41:55 [DEBUG] __main__ — [transport:acc3] recv_file fileId=3006453406 size=106
2026-03-25 19:41:55 [DEBUG] __main__ — [tun] ← 1 pkts  raw=106B
2026-03-25 19:41:55 [INFO] __main__ — BATCH TUN←  pkts=1  0КБ
2026-03-25 19:41:56 [ERROR] __main__ — [transport:acc2] send_worker error: Server disconnected
Traceback (most recent call last):
  File "/var/www/html2/xyemax.test/tuni/client/client.py", line 330, in _send_worker
    await self._upload_and_publish(file_body)
  File "/var/www/html2/xyemax.test/tuni/client/client.py", line 368, in _upload_and_publish
    async with http.post(up_url, data=form) as resp:
  File "/usr/local/lib/python3.10/dist-packages/aiohttp/client.py", line 1510, in __aenter__
    self._resp: _RetType = await self._coro
  File "/usr/local/lib/python3.10/dist-packages/aiohttp/client.py", line 779, in _request
    resp = await handler(req)
  File "/usr/local/lib/python3.10/dist-packages/aiohttp/client.py", line 757, in _connect_and_send_request
    await resp.start(conn)
  File "/usr/local/lib/python3.10/dist-packages/aiohttp/client_reqrep.py", line 539, in start
    message, payload = await protocol.read()  # type: ignore[union-attr]
  File "/usr/local/lib/python3.10/dist-packages/aiohttp/streams.py", line 703, in read
    await self._waiter
aiohttp.client_exceptions.ServerDisconnectedError: Server disconnected
2026-03-25 19:41:56 [DEBUG] __main__ — [transport:acc2] jpeg-wrap raw=151 jpeg=797
2026-03-25 19:41:56 [DEBUG] __main__ — [transport:acc2] upload ok fileId=3008382682 size=151
2026-03-25 19:41:56 [DEBUG] __main__ — [tun] → 1 pkts  raw=58B  packed=59B
2026-03-25 19:41:56 [INFO] __main__ — BATCH TUN→  pkts=1  0КБ  packed=0КБ
2026-03-25 19:41:57 [DEBUG] __main__ — [transport:acc3] recv_file fileId=3018038793 size=58
2026-03-25 19:41:57 [DEBUG] __main__ — [tun] ← 1 pkts  raw=58B
2026-03-25 19:41:57 [INFO] __main__ — BATCH TUN←  pkts=1  0КБ
2026-03-25 19:41:57 [DEBUG] __main__ — [transport:acc2] jpeg-wrap raw=2141 jpeg=2787
2026-03-25 19:41:57 [DEBUG] __main__ — [transport:acc2] upload ok fileId=3000586268 size=2141
2026-03-25 19:41:58 [DEBUG] __main__ — [tun] → 2 pkts  raw=2808B  packed=2809B
2026-03-25 19:41:58 [INFO] __main__ — BATCH TUN→  pkts=2  2КБ  packed=2КБ
2026-03-25 19:41:58 [DEBUG] __main__ — [transport:acc3] jpeg-wrap raw=2809 jpeg=3455
2026-03-25 19:41:58 [DEBUG] __main__ — [transport:acc3] upload ok fileId=3016008727 size=2809
2026-03-25 19:41:59 [DEBUG] __main__ — [transport:acc2] jpeg-wrap raw=2246 jpeg=2892
2026-03-25 19:41:59 [DEBUG] __main__ — [transport:acc2] upload ok fileId=3011712580 size=2246
2026-03-25 19:42:00 [DEBUG] __main__ — [transport:acc3] recv_file fileId=3011778201 size=148
2026-03-25 19:42:00 [DEBUG] __main__ — [tun] ← 2 pkts  raw=148B
2026-03-25 19:42:00 [INFO] __main__ — BATCH TUN←  pkts=2  0КБ
2026-03-25 19:42:00 [DEBUG] __main__ — [transport:acc2] jpeg-wrap raw=1377 jpeg=2023
2026-03-25 19:42:01 [DEBUG] __main__ — [transport:acc2] upload ok fileId=3006442335 size=1377
2026-03-25 19:42:01 [DEBUG] __main__ — [tun] → 3 pkts  raw=1998B  packed=1999B
2026-03-25 19:42:01 [INFO] __main__ — BATCH TUN→  pkts=3  1КБ  packed=1КБ
2026-03-25 19:42:01 [DEBUG] __main__ — [transport:acc1] jpeg-wrap raw=1999 jpeg=2645
2026-03-25 19:42:01 [DEBUG] __main__ — [transport:acc1] upload ok fileId=3012420065 size=1999
2026-03-25 19:42:02 [DEBUG] __main__ — [transport:acc2] jpeg-wrap raw=2251 jpeg=2897
2026-03-25 19:42:02 [DEBUG] __main__ — [transport:acc2] upload ok fileId=3006453662 size=2251
2026-03-25 19:42:03 [DEBUG] __main__ — [transport:acc3] recv_file fileId=3005198449 size=102
2026-03-25 19:42:03 [DEBUG] __main__ — [tun] ← 1 pkts  raw=102B
2026-03-25 19:42:03 [INFO] __main__ — BATCH TUN←  pkts=1  0КБ
2026-03-25 19:42:04 [DEBUG] __main__ — [tun] → 3 pkts  raw=1994B  packed=1995B
2026-03-25 19:42:04 [INFO] __main__ — BATCH TUN→  pkts=3  1КБ  packed=1КБ
2026-03-25 19:42:04 [DEBUG] __main__ — [transport:acc2] jpeg-wrap raw=48 jpeg=694
2026-03-25 19:42:04 [DEBUG] __main__ — [transport:acc2] upload ok fileId=3014402020 size=48
2026-03-25 19:42:05 [DEBUG] __main__ — [transport:acc2] jpeg-wrap raw=1455 jpeg=2101
2026-03-25 19:42:05 [DEBUG] __main__ — [transport:acc2] upload ok fileId=2998495492 size=1455
2026-03-25 19:42:07 [DEBUG] __main__ — [transport:acc2] jpeg-wrap raw=1569 jpeg=2215
2026-03-25 19:42:07 [DEBUG] __main__ — [transport:acc2] upload ok fileId=3012531000 size=1569
2026-03-25 19:42:07 [DEBUG] __main__ — [tun] → 1 pkts  raw=538B  packed=539B
2026-03-25 19:42:07 [INFO] __main__ — BATCH TUN→  pkts=1  0КБ  packed=0КБ
2026-03-25 19:42:07 [DEBUG] __main__ — [transport:acc3] jpeg-wrap raw=539 jpeg=1185
2026-03-25 19:42:07 [DEBUG] __main__ — [transport:acc3] upload ok fileId=3014820911 size=539
2026-03-25 19:42:08 [DEBUG] __main__ — [transport:acc2] jpeg-wrap raw=2863 jpeg=3509
2026-03-25 19:42:08 [DEBUG] __main__ — [transport:acc2] upload ok fileId=3008991087 size=2863
2026-03-25 19:42:09 [DEBUG] __main__ — [transport:acc3] recv_file fileId=3005668504 size=470
2026-03-25 19:42:09 [DEBUG] __main__ — [tun] ← 1 pkts  raw=470B
2026-03-25 19:42:09 [INFO] __main__ — BATCH TUN←  pkts=1  0КБ
2026-03-25 19:42:10 [DEBUG] __main__ — [transport:acc2] jpeg-wrap raw=1040 jpeg=1686
2026-03-25 19:42:10 [DEBUG] __main__ — [transport:acc2] upload ok fileId=3008177804 size=1040
2026-03-25 19:42:10 [DEBUG] __main__ — [tun] → 2 pkts  raw=1460B  packed=1461B
2026-03-25 19:42:10 [INFO] __main__ — BATCH TUN→  pkts=2  1КБ  packed=1КБ
2026-03-25 19:42:10 [DEBUG] __main__ — [transport:acc1] jpeg-wrap raw=1461 jpeg=2107
2026-03-25 19:42:10 [DEBUG] __main__ — [transport:acc1] upload ok fileId=3009975037 size=1461
2026-03-25 19:42:12 [DEBUG] __main__ — [transport:acc2] jpeg-wrap raw=2663 jpeg=3309
2026-03-25 19:42:12 [DEBUG] __main__ — [transport:acc2] upload ok fileId=3006634675 size=2663
2026-03-25 19:42:12 [DEBUG] __main__ — [transport:acc3] recv_file fileId=3013304975 size=3720
2026-03-25 19:42:12 [DEBUG] __main__ — [tun] ← 4 pkts  raw=3720B
2026-03-25 19:42:12 [INFO] __main__ — BATCH TUN←  pkts=4  3КБ
2026-03-25 19:42:13 [DEBUG] __main__ — [tun] → 5 pkts  raw=2970B  packed=2905B
2026-03-25 19:42:13 [INFO] __main__ — BATCH TUN→  pkts=5  2КБ  packed=2КБ
2026-03-25 19:42:13 [DEBUG] __main__ — [transport:acc2] jpeg-wrap raw=2863 jpeg=3509
2026-03-25 19:42:13 [DEBUG] __main__ — [transport:acc2] upload ok fileId=3014838505 size=2863
2026-03-25 19:42:15 [DEBUG] __main__ — [transport:acc2] jpeg-wrap raw=4211 jpeg=4857
2026-03-25 19:42:15 [DEBUG] __main__ — [transport:acc2] upload ok fileId=3004448528 size=4211
2026-03-25 19:42:16 [DEBUG] __main__ — [transport:acc2] jpeg-wrap raw=2809 jpeg=3455
2026-03-25 19:42:16 [DEBUG] __main__ — [transport:acc2] upload ok fileId=3014250554 size=2809
2026-03-25 19:42:16 [DEBUG] __main__ — [tun] → 1 pkts  raw=1406B  packed=1407B
2026-03-25 19:42:16 [INFO] __main__ — BATCH TUN→  pkts=1  1КБ  packed=1КБ
2026-03-25 19:42:16 [DEBUG] __main__ — [transport:acc3] jpeg-wrap raw=1407 jpeg=2053
2026-03-25 19:42:16 [DEBUG] __main__ — [transport:acc3] upload ok fileId=3009773034 size=1407
2026-03-25 19:42:18 [DEBUG] __main__ — [transport:acc2] jpeg-wrap raw=59 jpeg=705
2026-03-25 19:42:18 [DEBUG] __main__ — [transport:acc2] upload ok fileId=3012783721 size=59
2026-03-25 19:42:18 [DEBUG] __main__ — [transport:acc3] recv_file fileId=3007288601 size=286
2026-03-25 19:42:18 [DEBUG] __main__ — [tun] ← 1 pkts  raw=286B
2026-03-25 19:42:18 [INFO] __main__ — BATCH TUN←  pkts=1  0КБ
2026-03-25 19:42:19 [DEBUG] __main__ — [tun] → 2 pkts  raw=1460B  packed=1461B
2026-03-25 19:42:19 [INFO] __main__ — BATCH TUN→  pkts=2  1КБ  packed=1КБ
2026-03-25 19:42:19 [DEBUG] __main__ — [transport:acc1] jpeg-wrap raw=1461 jpeg=2107
2026-03-25 19:42:19 [DEBUG] __main__ — [transport:acc1] upload ok fileId=3001823097 size=1461
2026-03-25 19:42:19 [DEBUG] __main__ — [transport:acc2] jpeg-wrap raw=1995 jpeg=2641
2026-03-25 19:42:20 [DEBUG] __main__ — [transport:acc2] upload ok fileId=3003318667 size=1995
2026-03-25 19:42:21 [DEBUG] __main__ — [transport:acc2] jpeg-wrap raw=2905 jpeg=3551
2026-03-25 19:42:21 [DEBUG] __main__ — [transport:acc2] upload ok fileId=3007561153 size=2905
2026-03-25 19:42:23 [DEBUG] __main__ — [tun] → 1 pkts  raw=1406B  packed=1407B
2026-03-25 19:42:23 [INFO] __main__ — BATCH TUN→  pkts=1  1КБ  packed=1КБ
2026-03-25 19:42:23 [DEBUG] __main__ — [transport:acc2] jpeg-wrap raw=1407 jpeg=2053
2026-03-25 19:42:23 [DEBUG] __main__ — [transport:acc2] upload ok fileId=3012307506 size=1407
2026-03-25 19:42:30 [DEBUG] __main__ — [tun] → 1 pkts  raw=1406B  packed=1407B
2026-03-25 19:42:30 [INFO] __main__ — BATCH TUN→  pkts=1  1КБ  packed=1КБ
2026-03-25 19:42:30 [DEBUG] __main__ — [transport:acc3] jpeg-wrap raw=1407 jpeg=2053
2026-03-25 19:42:30 [DEBUG] __main__ — [transport:acc3] upload ok fileId=3008061104 size=1407
2026-03-25 19:42:33 [INFO] __main__ — [tun] stats: sent=138pkts/80КБ  recv=85pkts/33КБ  uptime=240s
2026-03-25 19:42:44 [DEBUG] __main__ — [transport:acc3] recv_file fileId=3010474008 size=54
2026-03-25 19:42:44 [DEBUG] __main__ — [tun] ← 1 pkts  raw=54B
2026-03-25 19:42:44 [INFO] __main__ — BATCH TUN←  pkts=1  0КБ
2026-03-25 19:42:44 [DEBUG] __main__ — [tun] → 2 pkts  raw=1456B  packed=1457B
2026-03-25 19:42:44 [INFO] __main__ — BATCH TUN→  pkts=2  1КБ  packed=1КБ
2026-03-25 19:42:44 [DEBUG] __main__ — [transport:acc1] jpeg-wrap raw=1457 jpeg=2103
2026-03-25 19:42:44 [DEBUG] __main__ — [transport:acc1] upload ok fileId=3006692522 size=1457
2026-03-25 19:42:46 [DEBUG] __main__ — [transport:acc3] recv_file fileId=3006744771 size=78
2026-03-25 19:42:46 [DEBUG] __main__ — [tun] ← 1 pkts  raw=78B
2026-03-25 19:42:46 [INFO] __main__ — BATCH TUN←  pkts=1  0КБ
2026-03-25 19:42:47 [DEBUG] __main__ — [tun] → 2 pkts  raw=2808B  packed=2809B
2026-03-25 19:42:47 [INFO] __main__ — BATCH TUN→  pkts=2  2КБ  packed=2КБ
2026-03-25 19:42:47 [DEBUG] __main__ — [transport:acc2] jpeg-wrap raw=2809 jpeg=3455
2026-03-25 19:42:47 [DEBUG] __main__ — [transport:acc2] upload ok fileId=3006578725 size=2809
2026-03-25 19:42:48 [DEBUG] __main__ — [transport:acc3] recv_file fileId=3003307658 size=54
2026-03-25 19:42:48 [DEBUG] __main__ — [tun] ← 1 pkts  raw=54B
2026-03-25 19:42:48 [INFO] __main__ — BATCH TUN←  pkts=1  0КБ
2026-03-25 19:42:50 [DEBUG] __main__ — [tun] → 1 pkts  raw=1406B  packed=1407B
2026-03-25 19:42:50 [INFO] __main__ — BATCH TUN→  pkts=1  1КБ  packed=1КБ
2026-03-25 19:42:50 [DEBUG] __main__ — [transport:acc3] jpeg-wrap raw=1407 jpeg=2053
2026-03-25 19:42:50 [DEBUG] __main__ — [transport:acc3] upload ok fileId=3010593643 size=1407
2026-03-25 19:42:52 [DEBUG] __main__ — [transport:acc3] recv_file fileId=2998508128 size=58
2026-03-25 19:42:52 [DEBUG] __main__ — [tun] ← 1 pkts  raw=58B
2026-03-25 19:42:52 [INFO] __main__ — BATCH TUN←  pkts=1  0КБ
2026-03-25 19:42:53 [DEBUG] __main__ — [tun] → 2 pkts  raw=2808B  packed=2809B
2026-03-25 19:42:53 [INFO] __main__ — BATCH TUN→  pkts=2  2КБ  packed=2КБ
2026-03-25 19:42:53 [DEBUG] __main__ — [transport:acc1] jpeg-wrap raw=2809 jpeg=3455
2026-03-25 19:42:53 [DEBUG] __main__ — [transport:acc1] upload ok fileId=3000144285 size=2809
2026-03-25 19:42:54 [ERROR] asyncio — Fatal error on SSL transport
protocol: <asyncio.sslproto.SSLProtocol object at 0x7f102e3df1c0>
transport: <_SelectorSocketTransport closing fd=11>
Traceback (most recent call last):
  File "/usr/lib/python3.10/asyncio/selector_events.py", line 924, in write
    n = self._sock.send(data)
OSError: [Errno 9] Bad file descriptor

During handling of the above exception, another exception occurred:

Traceback (most recent call last):
  File "/usr/lib/python3.10/asyncio/sslproto.py", line 690, in _process_write_backlog
    self._transport.write(chunk)
  File "/usr/lib/python3.10/asyncio/selector_events.py", line 930, in write
    self._fatal_error(exc, 'Fatal write error on socket transport')
  File "/usr/lib/python3.10/asyncio/selector_events.py", line 725, in _fatal_error
    self._force_close(exc)
  File "/usr/lib/python3.10/asyncio/selector_events.py", line 737, in _force_close
    self._loop.call_soon(self._call_connection_lost, exc)
  File "/usr/lib/python3.10/asyncio/base_events.py", line 753, in call_soon
    self._check_closed()
  File "/usr/lib/python3.10/asyncio/base_events.py", line 515, in _check_closed
    raise RuntimeError('Event loop is closed')
RuntimeError: Event loop is closed
2026-03-25 19:42:54 [ERROR] asyncio — Unclosed connector
connections: ['deque([(<aiohttp.client_proto.ResponseHandler object at 0x7f102da3ae60>, 76173.64271806)])', 'deque([(<aiohttp.client_proto.ResponseHandler object at 0x7f102da3ac80>, 76175.413457308)])']
connector: <aiohttp.connector.TCPConnector object at 0x7f102e76d8d0>
2026-03-25 19:42:54 [ERROR] asyncio — Unclosed connector
connections: ['deque([(<aiohttp.client_proto.ResponseHandler object at 0x7f102da3a1a0>, 76170.248099451)])']
connector: <aiohttp.connector.TCPConnector object at 0x7f102e3dfd60>
2026-03-25 19:42:54 [ERROR] asyncio — Unclosed connector
connections: ['deque([(<aiohttp.client_proto.ResponseHandler object at 0x7f102da3bc40>, 76176.491815302)])']
connector: <aiohttp.connector.TCPConnector object at 0x7f102e3df8e0>
