2026-03-24 12:12:27 [INFO] __main__ — MAX Proxy SERVER запущен  viewer_id=240876353  api=https://telegram.mooner.pro/api/max/status  poll=30s  transports=2
2026-03-24 12:12:27 [INFO] __main__ — Восстановлено 1 сессий из sessions.json
2026-03-24 12:12:27 [INFO] __main__ — [proxy:self-chat] WS подключение (chat_id=0)
2026-03-24 12:12:27 [INFO] __main__ — [poll] активных ссылок: 1
2026-03-24 12:12:28 [INFO] __main__ — Авторизован [server:acc2], chatId=0
2026-03-24 12:12:28 [INFO] __main__ — Авторизован [server:acc1], chatId=0
2026-03-24 12:12:51 [DEBUG] __main__ — [transport] msg-event op=128 cmd=0 chat=0 sender=240876353 attaches=1
2026-03-24 12:12:51 [DEBUG] __main__ — [transport] attach full={'_type': 'FILE', 'name': 'OUT_data.bin', 'size': 77, 'fileId': 2986734005, 'token': 'f9LHodD0cOJjT6iFLTDYksZUKqve7dQVPQYxE9_VfjyxvGXFQLZlkVRLtHsVxN8M6A5-bBLcGM93cIVDrtQG'}
2026-03-24 12:12:51 [DEBUG] __main__ — [transport] op88 fileId=2986734005 url=https://fd.oneme.ru/getfile?sig=cLiHdBoMnePp8_AvxLElNfYAcTr_7rnZHCd-QMkKO4x6ABDwtRYu77d7bsqc3wcsjdM-x5xwQVRdV3771Ep4hQ&expires=1774437171237&clientType=6&id=2986734005&userId=240876353
2026-03-24 12:12:51 [DEBUG] __main__ — [transport:acc1] recv_file  fileId=2986734005  frames=1
2026-03-24 12:12:51 [DEBUG] __main__ — [transport:acc1] frame  action=connect  id=02716aa3  size=0
2026-03-24 12:12:51 [INFO] __main__ — [02716aa3] CONNECT → 188.40.167.82:443
2026-03-24 12:12:51 [INFO] __main__ — [02716aa3] TCP connected → 188.40.167.82:443  (1 мс)
2026-03-24 12:12:51 [DEBUG] __main__ — [transport:acc1] batch flush  frames=1  total=53B
2026-03-24 12:12:52 [DEBUG] __main__ — [transport:acc1] upload ok  fileId=2995315051  size=53
2026-03-24 12:12:53 [DEBUG] __main__ — [transport:server] keepalive sent
2026-03-24 12:12:53 [DEBUG] __main__ — [transport:server] keepalive sent
2026-03-24 12:12:55 [DEBUG] __main__ — [transport] msg-event op=64 cmd=1 chat=0 sender=240876353 attaches=1
2026-03-24 12:12:55 [DEBUG] __main__ — [transport] attach full={'_type': 'FILE', 'name': 'data.bin', 'size': 53, 'fileId': 2995315051, 'token': 'f9LHodD0cOIVbuW0EU-60z-I0fxZHnnr03Aw4cks21nn1wi_dhHdhWnjZCS7CXajVXiEMd0GqT4CJNicG0Cv'}
2026-03-24 12:12:55 [DEBUG] __main__ — [transport:acc1] пропускаем свой исходящий файл fileId=2995315051
2026-03-24 12:12:58 [INFO] __main__ — [poll] активных ссылок: 1
2026-03-24 12:12:59 [DEBUG] __main__ — [transport] msg-event op=128 cmd=0 chat=0 sender=240876353 attaches=1
2026-03-24 12:12:59 [DEBUG] __main__ — [transport] attach full={'_type': 'FILE', 'name': 'OUT_data.bin', 'size': 565, 'fileId': 2983137633, 'token': 'f9LHodD0cOJsEd2ttAgpD-u_90z5-lWyXbEw2JOZWv7GrtZqXpNh_neLFS0QCESVY05CbuoK7X2KSG0GcgQe'}
2026-03-24 12:12:59 [DEBUG] __main__ — [transport] op88 fileId=2983137633 url=https://fd.oneme.ru/getfile?sig=OfDc1-A_kLQr6zXJfWfX1ZXBGZTMEA7tyOCr9m7HmPWExa314gD7mVbQj6xs6OBWCmd_pVtFvtRhGi2gslc5hw&expires=1774437179293&clientType=6&id=2983137633&userId=240876353
2026-03-24 12:12:59 [DEBUG] __main__ — [transport:acc1] recv_file  fileId=2983137633  frames=1
2026-03-24 12:12:59 [DEBUG] __main__ — [transport:acc1] frame  action=data  id=02716aa3  size=692
2026-03-24 12:12:59 [DEBUG] __main__ — [02716aa3] <- data #1  517B  seq=0  (rx=517B)
2026-03-24 12:12:59 [DEBUG] __main__ — [02716aa3] wrote 517B to remote
2026-03-24 12:12:59 [DEBUG] __main__ — [02716aa3] -> #1  3134B  seq=0  (tx=3134B)
2026-03-24 12:12:59 [DEBUG] __main__ — [transport:acc1] batch flush  frames=1  total=3197B
2026-03-24 12:12:59 [DEBUG] __main__ — [transport:acc1] upload ok  fileId=2984588980  size=3197
2026-03-24 12:13:02 [DEBUG] __main__ — [transport] msg-event op=64 cmd=1 chat=0 sender=240876353 attaches=1
2026-03-24 12:13:02 [DEBUG] __main__ — [transport] attach full={'_type': 'FILE', 'name': 'data.bin', 'size': 3197, 'fileId': 2984588980, 'token': 'f9LHodD0cOK4Zk18N-D3G7QiMvU8qj39d0Ivp9ZBOTNMtYfLtBlAW869ScDrb6W_xeFykHx2su6skxShHMME'}
2026-03-24 12:13:02 [DEBUG] __main__ — [transport:acc1] пропускаем свой исходящий файл fileId=2984588980
2026-03-24 12:13:05 [DEBUG] __main__ — [transport] msg-event op=128 cmd=0 chat=0 sender=240002558 attaches=1
2026-03-24 12:13:05 [DEBUG] __main__ — [transport] attach full={'_type': 'FILE', 'name': 'OUT_data.bin', 'size': 314, 'fileId': 2996952626, 'token': 'f9LHodD0cOLaYuh2k4Xg81rAoLFmX9g4TcGOE5KtNOUCORCIt5GfaaBVEScXS27guoVlWysSsEoXzrTR0WO3'}
2026-03-24 12:13:05 [DEBUG] __main__ — [transport] op88 fileId=2996952626 url=https://fd.oneme.ru/getfile?sig=I_ZkOc7zxRb0d1ZXEAvxCNyL0v_qmsr2kCdLHYVPUfaxJOrEqCSRWYMbe3a3iCaMe54jvNmrBP3zzIFIcaasBA&expires=1774437185725&clientType=6&id=2996952626&userId=240002558
2026-03-24 12:13:06 [DEBUG] __main__ — [transport:acc2] recv_file  fileId=2996952626  frames=1
2026-03-24 12:13:06 [DEBUG] __main__ — [transport:acc2] frame  action=data  id=02716aa3  size=356
2026-03-24 12:13:06 [DEBUG] __main__ — [02716aa3] <- data #2  266B  seq=1  (rx=783B)
2026-03-24 12:13:06 [DEBUG] __main__ — [02716aa3] wrote 266B to remote
2026-03-24 12:13:06 [DEBUG] __main__ — [02716aa3] -> #2  744B  seq=1  (tx=3878B)
2026-03-24 12:13:06 [DEBUG] __main__ — [transport:acc2] batch flush  frames=1  total=807B
2026-03-24 12:13:06 [DEBUG] __main__ — [transport:acc2] upload ok  fileId=2998223801  size=807
2026-03-24 12:13:08 [DEBUG] __main__ — [transport] msg-event op=64 cmd=1 chat=0 sender=240002558 attaches=1
2026-03-24 12:13:08 [DEBUG] __main__ — [transport] attach full={'_type': 'FILE', 'name': 'data.bin', 'size': 807, 'fileId': 2998223801, 'token': 'f9LHodD0cOKmjuMyzLib5FN1AG7J9aahP3GC26hkCi6L_9MLVD98jh6oqRX19yOY-VJvXl01lf1v4Wn31JYP'}
2026-03-24 12:13:08 [DEBUG] __main__ — [transport:acc2] пропускаем свой исходящий файл fileId=2998223801
2026-03-24 12:13:10 [DEBUG] __main__ — [transport] msg-event op=128 cmd=0 chat=0 sender=240876353 attaches=1
2026-03-24 12:13:10 [DEBUG] __main__ — [transport] attach full={'_type': 'FILE', 'name': 'OUT_data.bin', 'size': 153, 'fileId': 2984841641, 'token': 'f9LHodD0cOJ5G9xSYoKHsvuxhtJi2Ix-0PKqYFdVdftqFD7IHFrRZuahFfOprx-1WW-FOvDQCINH_PHaVYs-'}
2026-03-24 12:13:10 [DEBUG] __main__ — [transport] op88 fileId=2984841641 url=https://fd.oneme.ru/getfile?sig=RDOL2ljlWQVn9IoF3Wct9k2zUCNTDRrdGkRpy-qWmMJzWIOBu06yxS4UPWuOVzhoxd6WjDJzPKVpowHeSBthqw&expires=1774437190889&clientType=6&id=2984841641&userId=240876353
2026-03-24 12:13:11 [DEBUG] __main__ — [transport:acc1] recv_file  fileId=2984841641  frames=2
2026-03-24 12:13:11 [DEBUG] __main__ — [transport:acc1] frame  action=data  id=02716aa3  size=76
2026-03-24 12:13:11 [DEBUG] __main__ — [transport:acc1] frame  action=close  id=02716aa3  size=0
2026-03-24 12:13:11 [DEBUG] __main__ — [02716aa3] <- data #3  55B  seq=2  (rx=838B)
2026-03-24 12:13:11 [DEBUG] __main__ — [02716aa3] wrote 55B to remote
2026-03-24 12:13:11 [INFO] __main__ — [02716aa3] close requested last_seq=2
2026-03-24 12:13:11 [INFO] __main__ — [02716aa3] finalize close (all data received, last_seq=2)
2026-03-24 12:13:11 [DEBUG] __main__ — [02716aa3] socket closed
2026-03-24 12:13:11 [DEBUG] __main__ — [02716aa3] remote EOF
2026-03-24 12:13:11 [INFO] __main__ — [02716aa3] pipe done | rx=0B/0f (0.0 КБ/с)  tx=0B/0f (0.0 КБ/с)  0.0s
2026-03-24 12:13:16 [DEBUG] __main__ — [transport] msg-event op=128 cmd=0 chat=0 sender=240002558 attaches=1
2026-03-24 12:13:16 [DEBUG] __main__ — [transport] attach full={'_type': 'FILE', 'name': 'OUT_data.bin', 'size': 77, 'fileId': 2999847739, 'token': 'f9LHodD0cOI1hfzrebYdWzfd2TX2mhfx90zYCouDoGqjmvd5wlnzrVDbuE23AgZgbtEtVbVU92eSxEJheo4m'}
2026-03-24 12:13:16 [DEBUG] __main__ — [transport] op88 fileId=2999847739 url=https://fd.oneme.ru/getfile?sig=9scq6JCeuwpNrzcVcK3FR16ZqcGOCo2_HfUMbQIxrhE3fWQyb92rwBEzLB9Xw4SrO6nNlTZfzhoI1Dr4Npb9HA&expires=1774437196278&clientType=6&id=2999847739&userId=240002558
2026-03-24 12:13:16 [DEBUG] __main__ — [transport:acc2] recv_file  fileId=2999847739  frames=1
2026-03-24 12:13:16 [DEBUG] __main__ — [transport:acc2] frame  action=connect  id=4231d6d3  size=0
2026-03-24 12:13:16 [INFO] __main__ — [4231d6d3] CONNECT → 188.40.167.82:443
2026-03-24 12:13:16 [INFO] __main__ — [4231d6d3] TCP connected → 188.40.167.82:443  (0 мс)
2026-03-24 12:13:16 [DEBUG] __main__ — [transport:acc2] batch flush  frames=1  total=53B
2026-03-24 12:13:16 [DEBUG] __main__ — [transport:acc2] upload ok  fileId=2990461648  size=53
2026-03-24 12:13:18 [DEBUG] __main__ — [transport] msg-event op=64 cmd=1 chat=0 sender=240002558 attaches=1
2026-03-24 12:13:18 [DEBUG] __main__ — [transport] attach full={'_type': 'FILE', 'name': 'data.bin', 'size': 53, 'fileId': 2990461648, 'token': 'f9LHodD0cOKcmI0uHobB4wiitMnZE0CKxEqNDKrgF_StYX10fzPOCHZf_Jv2zkyFPHVs-Zqde3NZdZWITIan'}
2026-03-24 12:13:18 [DEBUG] __main__ — [transport:acc2] пропускаем свой исходящий файл fileId=2990461648
2026-03-24 12:13:18 [DEBUG] __main__ — [transport:server] keepalive sent
2026-03-24 12:13:18 [DEBUG] __main__ — [transport:server] keepalive sent
2026-03-24 12:13:21 [DEBUG] __main__ — [transport] msg-event op=128 cmd=0 chat=0 sender=240876353 attaches=1
2026-03-24 12:13:21 [DEBUG] __main__ — [transport] attach full={'_type': 'FILE', 'name': 'OUT_data.bin', 'size': 565, 'fileId': 2999413329, 'token': 'f9LHodD0cOKZ_kk3n-08rvlFbNvcP9W0iv69FNqf4DznFLXjNdCczL-zE3buZFybhDNgLE9__Tza2DqTZAdf'}
2026-03-24 12:13:21 [DEBUG] __main__ — [transport] op88 fileId=2999413329 url=https://fd.oneme.ru/getfile?sig=E-YYU2SQeL2wTADyBohYbxYWOqz7rjmFZg0s6Fz3PeCyP9Og73zfH31n2zr4yJ7J8AtUwG-m1ofx7s-uYQ8L5w&expires=1774437201834&clientType=6&id=2999413329&userId=240876353
2026-03-24 12:13:22 [DEBUG] __main__ — [transport:acc1] recv_file  fileId=2999413329  frames=1
2026-03-24 12:13:22 [DEBUG] __main__ — [transport:acc1] frame  action=data  id=4231d6d3  size=692
2026-03-24 12:13:22 [DEBUG] __main__ — [4231d6d3] <- data #1  517B  seq=0  (rx=517B)
2026-03-24 12:13:22 [DEBUG] __main__ — [4231d6d3] wrote 517B to remote
2026-03-24 12:13:22 [DEBUG] __main__ — [4231d6d3] -> #1  3134B  seq=0  (tx=3134B)
2026-03-24 12:13:22 [DEBUG] __main__ — [transport:acc1] batch flush  frames=1  total=3197B
2026-03-24 12:13:22 [DEBUG] __main__ — [transport:acc1] upload ok  fileId=2994335198  size=3197
2026-03-24 12:13:24 [DEBUG] __main__ — [transport] msg-event op=64 cmd=1 chat=0 sender=240876353 attaches=1
2026-03-24 12:13:24 [DEBUG] __main__ — [transport] attach full={'_type': 'FILE', 'name': 'data.bin', 'size': 3197, 'fileId': 2994335198, 'token': 'f9LHodD0cOKbREaG6D7V2vN9AlpaMolzMGyhVbknNkG9eYOakuVzzM-TqpERIkMO-8dBRvuNXWdoN0HVVznw'}
2026-03-24 12:13:24 [DEBUG] __main__ — [transport:acc1] пропускаем свой исходящий файл fileId=2994335198
2026-03-24 12:13:27 [DEBUG] __main__ — [transport] msg-event op=128 cmd=0 chat=0 sender=240002558 attaches=1
2026-03-24 12:13:27 [DEBUG] __main__ — [transport] attach full={'_type': 'FILE', 'name': 'OUT_data.bin', 'size': 314, 'fileId': 2995907501, 'token': 'f9LHodD0cOKe1UDSPgY9FwA_seaSnasWJqzLY13cfpw5a09alxYhwS1m1yHcFeCpzL73qCvFFjPCJfdhO_hU'}
2026-03-24 12:13:27 [DEBUG] __main__ — [transport] op88 fileId=2995907501 url=https://fd.oneme.ru/getfile?sig=n1UTu8tPNd-XBAHFtGXs9zZtEx35GtahTSe5kn8getQCRRveVNmI1sZvSUfoPvg5nZJMPoq68X9NlzfE0Y6kUg&expires=1774437207430&clientType=6&id=2995907501&userId=240002558
2026-03-24 12:13:27 [DEBUG] __main__ — [transport:acc2] recv_file  fileId=2995907501  frames=1
2026-03-24 12:13:27 [DEBUG] __main__ — [transport:acc2] frame  action=data  id=4231d6d3  size=356
2026-03-24 12:13:27 [DEBUG] __main__ — [4231d6d3] <- data #2  266B  seq=1  (rx=783B)
2026-03-24 12:13:27 [DEBUG] __main__ — [4231d6d3] wrote 266B to remote
2026-03-24 12:13:27 [DEBUG] __main__ — [4231d6d3] -> #2  744B  seq=1  (tx=3878B)
2026-03-24 12:13:27 [DEBUG] __main__ — [transport:acc2] batch flush  frames=1  total=807B
2026-03-24 12:13:27 [DEBUG] __main__ — [transport:acc2] upload ok  fileId=2992340091  size=807
2026-03-24 12:13:28 [DEBUG] __main__ — [transport] msg-event op=64 cmd=1 chat=0 sender=240002558 attaches=1
2026-03-24 12:13:28 [DEBUG] __main__ — [transport] attach full={'_type': 'FILE', 'name': 'data.bin', 'size': 807, 'fileId': 2992340091, 'token': 'f9LHodD0cOKfZGhcDKyFQn-tHMGIedWCzj34y9xUZ1oNY16Q5ecxW0ysKo_MphOXg7ifvzoBIp9NwNOp4uDV'}
2026-03-24 12:13:28 [DEBUG] __main__ — [transport:acc2] пропускаем свой исходящий файл fileId=2992340091
2026-03-24 12:13:28 [INFO] __main__ — [poll] активных ссылок: 1
2026-03-24 12:13:29 [DEBUG] __main__ — [transport] msg-event op=128 cmd=0 chat=0 sender=240002558 attaches=1
2026-03-24 12:13:29 [DEBUG] __main__ — [transport] attach full={'_type': 'FILE', 'name': 'OUT_data.bin', 'size': 54, 'fileId': 2993587555, 'token': 'f9LHodD0cOIlEc8ES3wJ_SN_lKIWnirIWVPTxvCDaWRA_bG2-bRkMkvUETwHWwHj_QTby1ty7htQ-cmIvbY3'}
2026-03-24 12:13:29 [DEBUG] __main__ — [transport] op88 fileId=2993587555 url=https://fd.oneme.ru/getfile?sig=gem5QwSX1pDWI-SX7zbvebxbVbsQX8cnuCzPNBh2-qrHgEUnFVUBXoE0ECKG4KUvs-DiMY1ucUs7M_KgnM_6MA&expires=1774437209602&clientType=6&id=2993587555&userId=240002558
2026-03-24 12:13:29 [DEBUG] __main__ — [transport:acc2] recv_file  fileId=2993587555  frames=1
2026-03-24 12:13:29 [DEBUG] __main__ — [transport:acc2] frame  action=close  id=4231d6d3  size=0
2026-03-24 12:13:29 [INFO] __main__ — [4231d6d3] close requested last_seq=2
2026-03-24 12:13:30 [DEBUG] __main__ — [transport] msg-event op=128 cmd=0 chat=0 sender=240876353 attaches=1
2026-03-24 12:13:30 [DEBUG] __main__ — [transport] attach full={'_type': 'FILE', 'name': 'OUT_data.bin', 'size': 103, 'fileId': 2999773302, 'token': 'f9LHodD0cOIRTrYhd8Dk9swNh0RRFc1VR7_Xs_0GqvOsK_xaX7LHzeP3jHm30vVwjYDLOlLi8MsEE5hZNX5W'}
2026-03-24 12:13:30 [DEBUG] __main__ — [transport] op88 fileId=2999773302 url=https://fd.oneme.ru/getfile?sig=yUqNMQHu8bh_AgU5sYHlnbrc0wMoBCyIDwBuHvwiKvTg0xYmnOVuHhJreQJzfSrRknNvCmEk8SQcFKOIKw2eqA&expires=1774437210855&clientType=6&id=2999773302&userId=240876353
2026-03-24 12:13:30 [DEBUG] __main__ — [transport:acc1] recv_file  fileId=2999773302  frames=1
2026-03-24 12:13:30 [DEBUG] __main__ — [transport:acc1] frame  action=data  id=4231d6d3  size=76
2026-03-24 12:13:30 [DEBUG] __main__ — [4231d6d3] <- data #3  55B  seq=2  (rx=838B)
2026-03-24 12:13:30 [DEBUG] __main__ — [4231d6d3] wrote 55B to remote
2026-03-24 12:13:30 [INFO] __main__ — [4231d6d3] finalize close (all data received, last_seq=2)
2026-03-24 12:13:30 [DEBUG] __main__ — [4231d6d3] socket closed
2026-03-24 12:13:30 [DEBUG] __main__ — [4231d6d3] remote EOF
2026-03-24 12:13:30 [INFO] __main__ — [4231d6d3] pipe done | rx=0B/0f (0.0 КБ/с)  tx=0B/0f (0.0 КБ/с)  0.0s
2026-03-24 12:13:33 [DEBUG] __main__ — [transport] msg-event op=128 cmd=0 chat=0 sender=240876353 attaches=1
2026-03-24 12:13:33 [DEBUG] __main__ — [transport] attach full={'_type': 'FILE', 'name': 'OUT_data.bin', 'size': 77, 'fileId': 2993223586, 'token': 'f9LHodD0cOKFup5bffptVKlf96qvEm_TVWX3ZQq9YGJSluJxKCcxPt58Vz47GvGcvjfN_uHyDD3rNRZOZ2NB'}
2026-03-24 12:13:33 [DEBUG] __main__ — [transport] op88 fileId=2993223586 url=https://fd.oneme.ru/getfile?sig=4gFdAGFruW2-TPOmxeSE32EvZUcIx0A07t0huoogg4Rbdwjqzc2nuvAUJMQIhEDz75XMx4Ldw8c4N0KXDM5tqQ&expires=1774437213925&clientType=6&id=2993223586&userId=240876353
2026-03-24 12:13:34 [DEBUG] __main__ — [transport:acc1] recv_file  fileId=2993223586  frames=1
2026-03-24 12:13:34 [DEBUG] __main__ — [transport:acc1] frame  action=connect  id=1af51f97  size=0
2026-03-24 12:13:34 [INFO] __main__ — [1af51f97] CONNECT → 188.40.167.82:443
2026-03-24 12:13:34 [INFO] __main__ — [1af51f97] TCP connected → 188.40.167.82:443  (1 мс)
2026-03-24 12:13:34 [DEBUG] __main__ — [transport:acc1] batch flush  frames=1  total=53B
2026-03-24 12:13:34 [DEBUG] __main__ — [transport:acc1] upload ok  fileId=2987485396  size=53
2026-03-24 12:13:35 [DEBUG] __main__ — [transport] msg-event op=64 cmd=1 chat=0 sender=240876353 attaches=1
2026-03-24 12:13:35 [DEBUG] __main__ — [transport] attach full={'_type': 'FILE', 'name': 'data.bin', 'size': 53, 'fileId': 2987485396, 'token': 'f9LHodD0cOKnf6Klu50GI1UKm3-BpXnGdfwn-n4GZoJzStwMbdUQdt5VgGNPYVVtEEr_N3njZYnNBBMTsyk6'}
2026-03-24 12:13:35 [DEBUG] __main__ — [transport:acc1] пропускаем свой исходящий файл fileId=2987485396
2026-03-24 12:13:36 [DEBUG] __main__ — [transport] msg-event op=128 cmd=0 chat=0 sender=240876353 attaches=1
2026-03-24 12:13:36 [DEBUG] __main__ — [transport] attach full={'_type': 'FILE', 'name': 'OUT_data.bin', 'size': 565, 'fileId': 2985297716, 'token': 'f9LHodD0cOI5Ht1eDi2whXXn8PimiVfWANfq4ucwCpFJdyg0QzYLL1IEvOMYkHuw7RJUawkcg7YbQ5o_ZGPw'}
2026-03-24 12:13:36 [DEBUG] __main__ — [transport] op88 fileId=2985297716 url=https://fd.oneme.ru/getfile?sig=-qEIxrjZJ1BouvUiY6ajj9K8JP0NrUDh4q13w10ecvMIbAeklQ7_r9YSxj68bQ58JPshhhWbF3I8XBLbkOOzRQ&expires=1774437216269&clientType=6&id=2985297716&userId=240876353
2026-03-24 12:13:36 [DEBUG] __main__ — [transport:acc1] recv_file  fileId=2985297716  frames=1
2026-03-24 12:13:36 [DEBUG] __main__ — [transport:acc1] frame  action=data  id=1af51f97  size=692
2026-03-24 12:13:36 [DEBUG] __main__ — [1af51f97] <- data #1  517B  seq=0  (rx=517B)
2026-03-24 12:13:36 [DEBUG] __main__ — [1af51f97] wrote 517B to remote
2026-03-24 12:13:36 [DEBUG] __main__ — [1af51f97] -> #1  3134B  seq=0  (tx=3134B)
2026-03-24 12:13:36 [DEBUG] __main__ — [transport:acc1] batch flush  frames=1  total=3197B
2026-03-24 12:13:36 [DEBUG] __main__ — [transport:acc1] upload ok  fileId=2996959026  size=3197
2026-03-24 12:13:39 [DEBUG] __main__ — [transport] msg-event op=64 cmd=1 chat=0 sender=240876353 attaches=1
2026-03-24 12:13:39 [DEBUG] __main__ — [transport] attach full={'_type': 'FILE', 'name': 'data.bin', 'size': 3197, 'fileId': 2996959026, 'token': 'f9LHodD0cOKS4pHvsoY05iB_P-ITGzTkh5ToGY6uh6Tn6mceD9tj_UPuOSOmqI6RhNUyNGcV8BwqVZ7Yzfj6'}
2026-03-24 12:13:39 [DEBUG] __main__ — [transport:acc1] пропускаем свой исходящий файл fileId=2996959026
2026-03-24 12:13:40 [DEBUG] __main__ — [transport] msg-event op=128 cmd=0 chat=0 sender=240002558 attaches=1
2026-03-24 12:13:40 [DEBUG] __main__ — [transport] attach full={'_type': 'FILE', 'name': 'OUT_data.bin', 'size': 314, 'fileId': 2987226488, 'token': 'f9LHodD0cOKlCrMeT-XbUdfaU3Llq2qM6P7VmWwAZj3aXGCBlRbaa9L-zsdI7EQGpYcQl4WoPzx7MkiZlC3h'}
2026-03-24 12:13:40 [DEBUG] __main__ — [transport] op88 fileId=2987226488 url=https://fd.oneme.ru/getfile?sig=pXlX13yPM9E2Ea9RYq1I917MSjnnUgY1-xC5L8Vgao5cheG5H--QFI0vZCQvc_lrozJIYNGqkBXmJwOUOdmdrA&expires=1774437220150&clientType=6&id=2987226488&userId=240002558
2026-03-24 12:13:40 [DEBUG] __main__ — [transport:acc2] recv_file  fileId=2987226488  frames=1
2026-03-24 12:13:40 [DEBUG] __main__ — [transport:acc2] frame  action=data  id=1af51f97  size=356
2026-03-24 12:13:40 [DEBUG] __main__ — [1af51f97] <- data #2  266B  seq=1  (rx=783B)
2026-03-24 12:13:40 [DEBUG] __main__ — [1af51f97] wrote 266B to remote
2026-03-24 12:13:40 [DEBUG] __main__ — [1af51f97] -> #2  744B  seq=1  (tx=3878B)
2026-03-24 12:13:40 [DEBUG] __main__ — [transport:acc2] batch flush  frames=1  total=807B
2026-03-24 12:13:40 [DEBUG] __main__ — [transport:acc2] upload ok  fileId=2996883795  size=807
2026-03-24 12:13:41 [DEBUG] __main__ — [transport] msg-event op=64 cmd=1 chat=0 sender=240002558 attaches=1
2026-03-24 12:13:41 [DEBUG] __main__ — [transport] attach full={'_type': 'FILE', 'name': 'data.bin', 'size': 807, 'fileId': 2996883795, 'token': 'f9LHodD0cOJZeh-pUzRbLVrSlclVkrmWlnxemA03RkuOhP1OoYTtTJDT6nBIQ-Ep1o7xbU6zwAQBf82FKQjC'}
2026-03-24 12:13:41 [DEBUG] __main__ — [transport:acc2] пропускаем свой исходящий файл fileId=2996883795
2026-03-24 12:13:43 [DEBUG] __main__ — [transport:server] keepalive sent
2026-03-24 12:13:43 [DEBUG] __main__ — [transport:server] keepalive sent
2026-03-24 12:13:43 [DEBUG] __main__ — [transport] msg-event op=128 cmd=0 chat=0 sender=240876353 attaches=1
2026-03-24 12:13:43 [DEBUG] __main__ — [transport] attach full={'_type': 'FILE', 'name': 'OUT_data.bin', 'size': 153, 'fileId': 2994718475, 'token': 'f9LHodD0cOJqB9HXkXhJABouJEDclwQKqeqJQfg3kBF3jxVbqsmNmvpTrwjSRQ1QnJDDlctgPRxfoEIRxGA1'}
2026-03-24 12:13:43 [DEBUG] __main__ — [transport] op88 fileId=2994718475 url=https://fd.oneme.ru/getfile?sig=KFNpRDT1IADJKmSiyXFUymiyQGFSe-pRrK28y_pv9ItnbUYXn7LaqjKdaEPNfJZA0doMCbaJl2VdIFOof1vf5A&expires=1774437223539&clientType=6&id=2994718475&userId=240876353
2026-03-24 12:13:43 [DEBUG] __main__ — [transport:acc1] recv_file  fileId=2994718475  frames=2
2026-03-24 12:13:43 [DEBUG] __main__ — [transport:acc1] frame  action=data  id=1af51f97  size=76
2026-03-24 12:13:43 [DEBUG] __main__ — [transport:acc1] frame  action=close  id=1af51f97  size=0
2026-03-24 12:13:43 [DEBUG] __main__ — [1af51f97] <- data #3  55B  seq=2  (rx=838B)
2026-03-24 12:13:43 [DEBUG] __main__ — [1af51f97] wrote 55B to remote
2026-03-24 12:13:43 [INFO] __main__ — [1af51f97] close requested last_seq=2
2026-03-24 12:13:43 [INFO] __main__ — [1af51f97] finalize close (all data received, last_seq=2)
2026-03-24 12:13:43 [DEBUG] __main__ — [1af51f97] socket closed
2026-03-24 12:13:43 [DEBUG] __main__ — [1af51f97] remote EOF
2026-03-24 12:13:43 [INFO] __main__ — [1af51f97] pipe done | rx=0B/0f (0.0 КБ/с)  tx=0B/0f (0.0 КБ/с)  0.0s
2026-03-24 12:13:46 [DEBUG] __main__ — [transport] msg-event op=128 cmd=0 chat=0 sender=240002558 attaches=1
2026-03-24 12:13:46 [DEBUG] __main__ — [transport] attach full={'_type': 'FILE', 'name': 'OUT_data.bin', 'size': 75, 'fileId': 2991757573, 'token': 'f9LHodD0cOJcPgLpBasvz8fCtfgtwfl63_SGShDUEYypDfGUrN7KmESuEI0EmvR0_N2pf7kXZjGm1bGV4WEg'}
2026-03-24 12:13:46 [DEBUG] __main__ — [transport] op88 fileId=2991757573 url=https://fd.oneme.ru/getfile?sig=NF3B0QYu5JO1N6inmZedr4d-iZJI2pHSV74zHqPdgarnuRLvL9AxLxVkEO7Uiq4ggxbhBQFtriQM91eEjt7eyw&expires=1774437226493&clientType=6&id=2991757573&userId=240002558
2026-03-24 12:13:46 [DEBUG] __main__ — [transport:acc2] recv_file  fileId=2991757573  frames=1
2026-03-24 12:13:46 [DEBUG] __main__ — [transport:acc2] frame  action=connect  id=6f07ee40  size=0
2026-03-24 12:13:46 [INFO] __main__ — [6f07ee40] CONNECT → 81.19.72.34:443
2026-03-24 12:13:46 [INFO] __main__ — [6f07ee40] TCP connected → 81.19.72.34:443  (0 мс)
2026-03-24 12:13:46 [DEBUG] __main__ — [transport:acc2] batch flush  frames=1  total=53B
2026-03-24 12:13:46 [DEBUG] __main__ — [transport:acc2] upload ok  fileId=2990469840  size=53
2026-03-24 12:13:47 [DEBUG] __main__ — [transport] msg-event op=64 cmd=1 chat=0 sender=240002558 attaches=1
2026-03-24 12:13:47 [DEBUG] __main__ — [transport] attach full={'_type': 'FILE', 'name': 'data.bin', 'size': 53, 'fileId': 2990469840, 'token': 'f9LHodD0cOIKz1iFLZIX10KQBTAu0ld7pc2_V0Rmepj_PrJHwCEdQDqynzKjuUwu3WiuzvDzYkKGur9JWgnT'}
2026-03-24 12:13:47 [DEBUG] __main__ — [transport:acc2] пропускаем свой исходящий файл fileId=2990469840
2026-03-24 12:13:50 [DEBUG] __main__ — [transport] msg-event op=128 cmd=0 chat=0 sender=240876353 attaches=1
2026-03-24 12:13:50 [DEBUG] __main__ — [transport] attach full={'_type': 'FILE', 'name': 'OUT_data.bin', 'size': 565, 'fileId': 2991479373, 'token': 'f9LHodD0cOIIeJ4FCvAsMMy-mGY969hdGKVAt1sudqxLAjbGsDxqU9rCOunVpJrr9-PnZ_E42lHtpL_O5Gx8'}
2026-03-24 12:13:51 [DEBUG] __main__ — [transport] op88 fileId=2991479373 url=https://fd.oneme.ru/getfile?sig=9iMzBQFAmlWp9QlxhEfEi67ZLceUMH-xY65NffI0eeM9HHkBf1IxA5Kmt557TqZWXNmEKQF_AdJhwEa7ueIkOQ&expires=1774437231014&clientType=6&id=2991479373&userId=240876353
2026-03-24 12:13:51 [DEBUG] __main__ — [transport:acc1] recv_file  fileId=2991479373  frames=1
2026-03-24 12:13:51 [DEBUG] __main__ — [transport:acc1] frame  action=data  id=6f07ee40  size=692
2026-03-24 12:13:51 [DEBUG] __main__ — [6f07ee40] <- data #1  517B  seq=0  (rx=517B)
2026-03-24 12:13:51 [DEBUG] __main__ — [6f07ee40] wrote 517B to remote
2026-03-24 12:13:51 [DEBUG] __main__ — [6f07ee40] -> #1  3739B  seq=0  (tx=3739B)
2026-03-24 12:13:51 [DEBUG] __main__ — [transport:acc1] batch flush  frames=1  total=3802B
2026-03-24 12:13:51 [DEBUG] __main__ — [transport:acc1] upload ok  fileId=2996976865  size=3802
2026-03-24 12:13:53 [DEBUG] __main__ — [transport] msg-event op=64 cmd=1 chat=0 sender=240876353 attaches=1
2026-03-24 12:13:53 [DEBUG] __main__ — [transport] attach full={'_type': 'FILE', 'name': 'data.bin', 'size': 3802, 'fileId': 2996976865, 'token': 'f9LHodD0cOJn7NmXWcFofhozckIJ43Pdc_sSWEfaenwF5OMzrhep5sonrI2T8-XZx-RoedU5WYuQ-lTb7E-S'}
2026-03-24 12:13:53 [DEBUG] __main__ — [transport:acc1] пропускаем свой исходящий файл fileId=2996976865
2026-03-24 12:13:55 [DEBUG] __main__ — [transport] msg-event op=128 cmd=0 chat=0 sender=240002558 attaches=1
2026-03-24 12:13:55 [DEBUG] __main__ — [transport] attach full={'_type': 'FILE', 'name': 'OUT_data.bin', 'size': 141, 'fileId': 2981870791, 'token': 'f9LHodD0cOL8XcGYJovqHv5AEwnl4rxK6CFS8qUkdXGpZGJkbf04wdsMoPwLr0jYwE2RMZt6ixmmCQ4Xijmm'}
2026-03-24 12:13:56 [DEBUG] __main__ — [transport] op88 fileId=2981870791 url=https://fd.oneme.ru/getfile?sig=JA89gmBtsbIRYRosTIrnCyyKMRa67OPc2VzKwZaR9NC3ZN6SsYz3p4zr2id-wU5dVEKBJ4RUY0u79q75sLKDMw&expires=1774437236008&clientType=6&id=2981870791&userId=240002558
2026-03-24 12:13:56 [DEBUG] __main__ — [transport:acc2] recv_file  fileId=2981870791  frames=1
2026-03-24 12:13:56 [DEBUG] __main__ — [transport:acc2] frame  action=data  id=6f07ee40  size=124
2026-03-24 12:13:56 [DEBUG] __main__ — [6f07ee40] <- data #2  93B  seq=1  (rx=610B)
2026-03-24 12:13:56 [DEBUG] __main__ — [6f07ee40] wrote 93B to remote
2026-03-24 12:13:56 [DEBUG] __main__ — [6f07ee40] -> #2  120B  seq=1  (tx=3859B)
2026-03-24 12:13:56 [DEBUG] __main__ — [transport:acc2] batch flush  frames=1  total=183B
2026-03-24 12:13:56 [DEBUG] __main__ — [transport:acc2] upload ok  fileId=2990058343  size=183
2026-03-24 12:13:57 [DEBUG] __main__ — [transport] msg-event op=64 cmd=1 chat=0 sender=240002558 attaches=1
2026-03-24 12:13:57 [DEBUG] __main__ — [transport] attach full={'_type': 'FILE', 'name': 'data.bin', 'size': 183, 'fileId': 2990058343, 'token': 'f9LHodD0cOLVYEp7v4JSWQ_7Wq7U01ssWUDh4OrKofIQW1X46CylQj_EuFx6El4Mct-wykykXTU2oX1sbH6I'}
2026-03-24 12:13:57 [DEBUG] __main__ — [transport:acc2] пропускаем свой исходящий файл fileId=2990058343
2026-03-24 12:13:58 [INFO] __main__ — [poll] активных ссылок: 1
2026-03-24 12:14:00 [DEBUG] __main__ — [transport] msg-event op=128 cmd=0 chat=0 sender=240876353 attaches=1
2026-03-24 12:14:00 [DEBUG] __main__ — [transport] attach full={'_type': 'FILE', 'name': 'OUT_data.bin', 'size': 301, 'fileId': 2988923732, 'token': 'f9LHodD0cOIy_950OkoggsAsLhXy4b5ublydMJD9wrV0EGrRVx7VPOUYD15nUnkDbQ-LZHiq-VG3ytbIUqZO'}
2026-03-24 12:14:00 [DEBUG] __main__ — [transport] op88 fileId=2988923732 url=https://fd.oneme.ru/getfile?sig=aicE9DZ-SP17pHRpWg5lUYpwwSvBUlwuBT6B-YgbAKx7aWH1bKA1MWrMVw8HIT3PILnNPH_1z4rg-0Uk2rRNlw&expires=1774437240868&clientType=6&id=2988923732&userId=240876353
2026-03-24 12:14:01 [DEBUG] __main__ — [transport:acc1] recv_file  fileId=2988923732  frames=1
2026-03-24 12:14:01 [DEBUG] __main__ — [transport:acc1] frame  action=data  id=6f07ee40  size=340
2026-03-24 12:14:01 [DEBUG] __main__ — [6f07ee40] <- data #3  253B  seq=2  (rx=863B)
2026-03-24 12:14:01 [DEBUG] __main__ — [6f07ee40] wrote 253B to remote
2026-03-24 12:14:01 [DEBUG] __main__ — [6f07ee40] -> #3  10963B  seq=2  (tx=14822B)
2026-03-24 12:14:01 [DEBUG] __main__ — [transport:acc1] batch flush  frames=1  total=11026B
2026-03-24 12:14:01 [DEBUG] __main__ — [6f07ee40] -> #4  27524B  seq=3  (tx=42346B)
2026-03-24 12:14:01 [DEBUG] __main__ — [transport:acc2] batch flush  frames=1  total=27587B
2026-03-24 12:14:01 [DEBUG] __main__ — [6f07ee40] -> #5  1436B  seq=4  (tx=43782B)
2026-03-24 12:14:01 [DEBUG] __main__ — [transport:acc1] batch flush  frames=1  total=1499B
2026-03-24 12:14:01 [DEBUG] __main__ — [6f07ee40] -> #6  37648B  seq=5  (tx=81430B)
2026-03-24 12:14:01 [DEBUG] __main__ — [transport:acc2] batch flush  frames=1  total=37711B
2026-03-24 12:14:01 [DEBUG] __main__ — [6f07ee40] -> #7  65536B  seq=6  (tx=146966B)
2026-03-24 12:14:01 [DEBUG] __main__ — [transport:acc1] batch flush  frames=1  total=65599B
2026-03-24 12:14:01 [DEBUG] __main__ — [6f07ee40] -> #8  516B  seq=7  (tx=147482B)
2026-03-24 12:14:01 [DEBUG] __main__ — [transport:acc2] batch flush  frames=1  total=579B
2026-03-24 12:14:01 [DEBUG] __main__ — [transport:acc1] upload ok  fileId=2998067804  size=11026
2026-03-24 12:14:01 [DEBUG] __main__ — [transport:acc2] upload ok  fileId=2982458257  size=27587
2026-03-24 12:14:02 [DEBUG] __main__ — [transport] msg-event op=64 cmd=1 chat=0 sender=240002558 attaches=1
2026-03-24 12:14:02 [DEBUG] __main__ — [transport] attach full={'_type': 'FILE', 'name': 'data.bin', 'size': 27587, 'fileId': 2982458257, 'token': 'f9LHodD0cOK8I2IszxZAIKca41OJQVyLvGTtQ-3K8__ET90IBspFNpEcDFOa4qtCN8oU0IkPNEGT0nBWtVYG'}
2026-03-24 12:14:02 [DEBUG] __main__ — [transport:acc2] пропускаем свой исходящий файл fileId=2982458257
2026-03-24 12:14:02 [DEBUG] __main__ — [transport:acc2] upload ok  fileId=2989583814  size=37711
2026-03-24 12:14:04 [DEBUG] __main__ — [transport] msg-event op=64 cmd=1 chat=0 sender=240876353 attaches=1
2026-03-24 12:14:04 [DEBUG] __main__ — [transport] attach full={'_type': 'FILE', 'name': 'data.bin', 'size': 11026, 'fileId': 2998067804, 'token': 'f9LHodD0cOLrkOBQRWl7WQ1nL2hVhvXkYeOoWfC_2CQpK8Pi5SHGRTcUIsqQD6bfkQMqKbzE0RL2Jyk_gQC7'}
2026-03-24 12:14:04 [DEBUG] __main__ — [transport:acc1] пропускаем свой исходящий файл fileId=2998067804
2026-03-24 12:14:04 [DEBUG] __main__ — [transport:acc1] upload ok  fileId=2996761154  size=1499
2026-03-24 12:14:05 [DEBUG] __main__ — [transport] msg-event op=64 cmd=1 chat=0 sender=240002558 attaches=1
2026-03-24 12:14:05 [DEBUG] __main__ — [transport] attach full={'_type': 'FILE', 'name': 'data.bin', 'size': 37711, 'fileId': 2989583814, 'token': 'f9LHodD0cOLLSg6QccSUVvtnffScN6kK-ZTTM1Z2tKSgiiEeQTt9f83Gy__J2lvf9K5Pkl62z4VrOKXH0L24'}
2026-03-24 12:14:05 [DEBUG] __main__ — [transport:acc2] пропускаем свой исходящий файл fileId=2989583814
2026-03-24 12:14:05 [DEBUG] __main__ — [transport:acc2] upload ok  fileId=2994618584  size=579
2026-03-24 12:14:06 [DEBUG] __main__ — [transport] msg-event op=64 cmd=1 chat=0 sender=240876353 attaches=1
2026-03-24 12:14:06 [DEBUG] __main__ — [transport] attach full={'_type': 'FILE', 'name': 'data.bin', 'size': 1499, 'fileId': 2996761154, 'token': 'f9LHodD0cOJCP-P-h_TsEyK7GrBDnnMWIocFis_iwR67ce-VC6YoFAd9CbH69fRGgnPrJ0ll6e3jbmDmXkeD'}
2026-03-24 12:14:06 [DEBUG] __main__ — [transport:acc1] пропускаем свой исходящий файл fileId=2996761154
2026-03-24 12:14:06 [DEBUG] __main__ — [transport:acc1] upload ok  fileId=2994413566  size=65599
2026-03-24 12:14:07 [DEBUG] __main__ — [transport] msg-event op=64 cmd=1 chat=0 sender=240002558 attaches=1
2026-03-24 12:14:07 [DEBUG] __main__ — [transport] attach full={'_type': 'FILE', 'name': 'data.bin', 'size': 579, 'fileId': 2994618584, 'token': 'f9LHodD0cOIsW97kITqtBc-9jxa_sllZeEFjtAwiFvC3OQ96yD9TKhJyOEsVvR8XrI_nEVOKqgypAWC33IHU'}
2026-03-24 12:14:07 [DEBUG] __main__ — [transport:acc2] пропускаем свой исходящий файл fileId=2994618584
2026-03-24 12:14:08 [DEBUG] __main__ — [transport] msg-event op=64 cmd=1 chat=0 sender=240876353 attaches=1
2026-03-24 12:14:08 [DEBUG] __main__ — [transport] attach full={'_type': 'FILE', 'name': 'data.bin', 'size': 65599, 'fileId': 2994413566, 'token': 'f9LHodD0cOIsxaZBWda2aNZcjpR9Gkpz7VYc5082zeuvYiEnG8S4n0fC-o3bYmYcThL49H6MqY1Wfr9VG9_U'}
2026-03-24 12:14:08 [DEBUG] __main__ — [transport:acc1] пропускаем свой исходящий файл fileId=2994413566
2026-03-24 12:14:08 [DEBUG] __main__ — [transport:server] keepalive sent
2026-03-24 12:14:08 [DEBUG] __main__ — [transport:server] keepalive sent
2026-03-24 12:14:10 [DEBUG] __main__ — [transport] msg-event op=128 cmd=0 chat=0 sender=240002558 attaches=1
2026-03-24 12:14:10 [DEBUG] __main__ — [transport] attach full={'_type': 'FILE', 'name': 'OUT_data.bin', 'size': 129, 'fileId': 2990313368, 'token': 'f9LHodD0cOJTslwT9PRNVyV1rBlShi7dR7oCV0E_mZoeMGCR_qCYWfJjV62-v4-adePx9B8hR4RV9XjTAKL4'}
2026-03-24 12:14:10 [DEBUG] __main__ — [transport] op88 fileId=2990313368 url=https://fd.oneme.ru/getfile?sig=beJn4RbwkTNF24C_0bCJdn8_gyjro4C0kwKqzNwtBeJAv1YO-tKUpoxCKrHRQLN3niwrgCMK-X6KC8L1ljJa7A&expires=1774437250415&clientType=6&id=2990313368&userId=240002558
2026-03-24 12:14:10 [DEBUG] __main__ — [transport:acc2] recv_file  fileId=2990313368  frames=2
2026-03-24 12:14:10 [DEBUG] __main__ — [transport:acc2] frame  action=data  id=6f07ee40  size=44
2026-03-24 12:14:10 [DEBUG] __main__ — [transport:acc2] frame  action=close  id=6f07ee40  size=0
2026-03-24 12:14:10 [DEBUG] __main__ — [6f07ee40] <- data #4  31B  seq=3  (rx=894B)
2026-03-24 12:14:10 [DEBUG] __main__ — [6f07ee40] wrote 31B to remote
2026-03-24 12:14:10 [INFO] __main__ — [6f07ee40] close requested last_seq=3
2026-03-24 12:14:10 [INFO] __main__ — [6f07ee40] finalize close (all data received, last_seq=3)
2026-03-24 12:14:10 [DEBUG] __main__ — [6f07ee40] socket closed
2026-03-24 12:14:10 [DEBUG] __main__ — [6f07ee40] remote EOF
2026-03-24 12:14:10 [INFO] __main__ — [6f07ee40] pipe done | rx=0B/0f (0.0 КБ/с)  tx=0B/0f (0.0 КБ/с)  0.0s
2026-03-24 12:14:13 [DEBUG] __main__ — [transport] msg-event op=128 cmd=0 chat=0 sender=240876353 attaches=1
2026-03-24 12:14:13 [DEBUG] __main__ — [transport] attach full={'_type': 'FILE', 'name': 'OUT_data.bin', 'size': 75, 'fileId': 2996997585, 'token': 'f9LHodD0cOLJRi7ejsjPzu6uhpZ8GAi3TjC7YQ0LnwPRCYo2eiggVk-9H8T9U0T2l4QSj6okY8mnGOoytYvL'}
2026-03-24 12:14:13 [DEBUG] __main__ — [transport] op88 fileId=2996997585 url=https://fd.oneme.ru/getfile?sig=SS0PzHAWLAIYH8b9V15Kvl4D-AcwAGKyFrQeKOjKGjb-mFARUqNAp-Iadi2ojDapaht0-I_lsP0UXH7Sh2dUNA&expires=1774437253447&clientType=6&id=2996997585&userId=240876353
2026-03-24 12:14:13 [DEBUG] __main__ — [transport:acc1] recv_file  fileId=2996997585  frames=1
2026-03-24 12:14:13 [DEBUG] __main__ — [transport:acc1] frame  action=connect  id=ee9169a0  size=0
2026-03-24 12:14:13 [INFO] __main__ — [ee9169a0] CONNECT → 81.19.72.32:443
2026-03-24 12:14:13 [INFO] __main__ — [ee9169a0] TCP connected → 81.19.72.32:443  (1 мс)
2026-03-24 12:14:13 [DEBUG] __main__ — [transport:acc1] batch flush  frames=1  total=53B
2026-03-24 12:14:13 [DEBUG] __main__ — [transport:acc1] upload ok  fileId=2998954543  size=53
2026-03-24 12:14:16 [DEBUG] __main__ — [transport] msg-event op=64 cmd=1 chat=0 sender=240876353 attaches=1
2026-03-24 12:14:16 [DEBUG] __main__ — [transport] attach full={'_type': 'FILE', 'name': 'data.bin', 'size': 53, 'fileId': 2998954543, 'token': 'f9LHodD0cOKsqNhrkz8w7S7fR2j35ZclOhgBnW5Ti9tYFUC8b74-qYtEhfflDJQt9q85PM68iMY_zhhqaj_d'}
2026-03-24 12:14:16 [DEBUG] __main__ — [transport:acc1] пропускаем свой исходящий файл fileId=2998954543
2026-03-24 12:14:21 [DEBUG] __main__ — [transport] msg-event op=128 cmd=0 chat=0 sender=240876353 attaches=1
2026-03-24 12:14:21 [DEBUG] __main__ — [transport] attach full={'_type': 'FILE', 'name': 'OUT_data.bin', 'size': 565, 'fileId': 2997186763, 'token': 'f9LHodD0cOLqgb9D7FgzdDDhDkUqUiLyq7KrkiVhptiQ11jTgtRImlhTidYyAju0IUhmyi3ZiIan1H1SGAA0'}
2026-03-24 12:14:21 [DEBUG] __main__ — [transport] op88 fileId=2997186763 url=https://fd.oneme.ru/getfile?sig=Un-tsESyO9Wi9ltUMT1AXI6hxlkTgVMWf31JHP8WzdKiz3HQ8qGuhcUfoFrFZMKtDVqoz4DleQjQrlY1e55zzw&expires=1774437261526&clientType=6&id=2997186763&userId=240876353
2026-03-24 12:14:21 [DEBUG] __main__ — [transport:acc1] recv_file  fileId=2997186763  frames=1
2026-03-24 12:14:21 [DEBUG] __main__ — [transport:acc1] frame  action=data  id=ee9169a0  size=692
2026-03-24 12:14:21 [DEBUG] __main__ — [ee9169a0] <- data #1  517B  seq=0  (rx=517B)
2026-03-24 12:14:21 [DEBUG] __main__ — [ee9169a0] wrote 517B to remote
2026-03-24 12:14:21 [DEBUG] __main__ — [ee9169a0] -> #1  3740B  seq=0  (tx=3740B)
2026-03-24 12:14:21 [DEBUG] __main__ — [transport:acc1] batch flush  frames=1  total=3803B
2026-03-24 12:14:21 [DEBUG] __main__ — [transport:acc1] upload ok  fileId=2997430009  size=3803
2026-03-24 12:14:24 [DEBUG] __main__ — [transport] msg-event op=64 cmd=1 chat=0 sender=240876353 attaches=1
2026-03-24 12:14:24 [DEBUG] __main__ — [transport] attach full={'_type': 'FILE', 'name': 'data.bin', 'size': 3803, 'fileId': 2997430009, 'token': 'f9LHodD0cOKKs-iBI2vzDlhfJFhCThzesOhmEgY5N5tlEgC0rEJOpqP7NWNAW_m2sEWvBt0UrBTlNCBwdv40'}
2026-03-24 12:14:24 [DEBUG] __main__ — [transport:acc1] пропускаем свой исходящий файл fileId=2997430009
2026-03-24 12:14:27 [DEBUG] __main__ — [transport] msg-event op=128 cmd=0 chat=0 sender=240002558 attaches=1
2026-03-24 12:14:27 [DEBUG] __main__ — [transport] attach full={'_type': 'FILE', 'name': 'OUT_data.bin', 'size': 141, 'fileId': 2996297332, 'token': 'f9LHodD0cOLnSI3nNZUmYMLy07jL4RwAYPGknJxK3cUKYXeGn-u13kzygDVwj0QPkKz9L_W8WJQ-boDHCN2h'}
2026-03-24 12:14:27 [DEBUG] __main__ — [transport] op88 fileId=2996297332 url=https://fd.oneme.ru/getfile?sig=n_XbnjikRTnF8ijapLT2PjUTEAJtwSlji2y0MBMJnE11T2eUv3GONoEfG3ejBQ2U9U_vck1b1m7IWVMbUy-0cg&expires=1774437267437&clientType=6&id=2996297332&userId=240002558
2026-03-24 12:14:27 [DEBUG] __main__ — [transport:acc2] recv_file  fileId=2996297332  frames=1
2026-03-24 12:14:27 [DEBUG] __main__ — [transport:acc2] frame  action=data  id=ee9169a0  size=124
2026-03-24 12:14:27 [DEBUG] __main__ — [ee9169a0] <- data #2  93B  seq=1  (rx=610B)
2026-03-24 12:14:27 [DEBUG] __main__ — [ee9169a0] wrote 93B to remote
2026-03-24 12:14:27 [DEBUG] __main__ — [ee9169a0] -> #2  120B  seq=1  (tx=3860B)
2026-03-24 12:14:27 [DEBUG] __main__ — [transport:acc2] batch flush  frames=1  total=183B
2026-03-24 12:14:27 [DEBUG] __main__ — [transport:acc2] upload ok  fileId=2999039252  size=183
2026-03-24 12:14:29 [INFO] __main__ — [poll] активных ссылок: 1
2026-03-24 12:14:30 [DEBUG] __main__ — [transport] msg-event op=64 cmd=1 chat=0 sender=240002558 attaches=1
2026-03-24 12:14:30 [DEBUG] __main__ — [transport] attach full={'_type': 'FILE', 'name': 'data.bin', 'size': 183, 'fileId': 2999039252, 'token': 'f9LHodD0cOLaHQVTPJrGVXaDOQbMV7o_OhI1_PWiOZHng-9MCJxo7p7s1NgomH7JnejuKlY7yfd7OTDD2Xb7'}
2026-03-24 12:14:30 [DEBUG] __main__ — [transport:acc2] пропускаем свой исходящий файл fileId=2999039252
2026-03-24 12:14:31 [DEBUG] __main__ — [transport] msg-event op=128 cmd=0 chat=0 sender=240876353 attaches=1
2026-03-24 12:14:31 [DEBUG] __main__ — [transport] attach full={'_type': 'FILE', 'name': 'OUT_data.bin', 'size': 301, 'fileId': 2977179139, 'token': 'f9LHodD0cOLu6V68kNtfCI9BnLyGvw8vK2rKdq-XFsKSWPhZSmnHTVORh73hUVgObKX_Ii2Wl0vJgWXBV8v5'}
2026-03-24 12:14:31 [DEBUG] __main__ — [transport] op88 fileId=2977179139 url=https://fd.oneme.ru/getfile?sig=msbqzpEivD1po_7NczG2xK-uAQD9ZbU8QFsF-aT6IrmkWGjydde-leCmYm4-s_zpeU1sF6YBqs3Ct2qmO_bykw&expires=1774437271836&clientType=6&id=2977179139&userId=240876353
2026-03-24 12:14:31 [DEBUG] __main__ — [transport:acc1] recv_file  fileId=2977179139  frames=1
2026-03-24 12:14:31 [DEBUG] __main__ — [transport:acc1] frame  action=data  id=ee9169a0  size=340
2026-03-24 12:14:31 [DEBUG] __main__ — [ee9169a0] <- data #3  253B  seq=2  (rx=863B)
2026-03-24 12:14:31 [DEBUG] __main__ — [ee9169a0] wrote 253B to remote
2026-03-24 12:14:32 [DEBUG] __main__ — [ee9169a0] -> #3  13859B  seq=2  (tx=17719B)
2026-03-24 12:14:32 [DEBUG] __main__ — [transport:acc1] batch flush  frames=1  total=13922B
2026-03-24 12:14:32 [DEBUG] __main__ — [ee9169a0] -> #4  20272B  seq=3  (tx=37991B)
2026-03-24 12:14:32 [DEBUG] __main__ — [transport:acc2] batch flush  frames=1  total=20335B
2026-03-24 12:14:32 [DEBUG] __main__ — [ee9169a0] -> #5  8688B  seq=4  (tx=46679B)
2026-03-24 12:14:32 [DEBUG] __main__ — [transport:acc1] batch flush  frames=1  total=8751B
2026-03-24 12:14:32 [DEBUG] __main__ — [ee9169a0] -> #6  11584B  seq=5  (tx=58263B)
2026-03-24 12:14:32 [DEBUG] __main__ — [transport:acc2] batch flush  frames=1  total=11647B
2026-03-24 12:14:32 [DEBUG] __main__ — [ee9169a0] -> #7  46336B  seq=6  (tx=104599B)
2026-03-24 12:14:32 [DEBUG] __main__ — [transport:acc1] batch flush  frames=1  total=46399B
2026-03-24 12:14:32 [DEBUG] __main__ — [ee9169a0] -> #8  26064B  seq=7  (tx=130663B)
2026-03-24 12:14:32 [DEBUG] __main__ — [transport:acc2] batch flush  frames=1  total=26127B
2026-03-24 12:14:32 [DEBUG] __main__ — [ee9169a0] -> #9  16820B  seq=8  (tx=147483B)
2026-03-24 12:14:32 [DEBUG] __main__ — [transport:acc1] batch flush  frames=1  total=16883B
2026-03-24 12:14:32 [DEBUG] __main__ — [transport:acc1] upload ok  fileId=2997743918  size=13922
2026-03-24 12:14:32 [DEBUG] __main__ — [transport:acc2] upload ok  fileId=2998192722  size=20335
2026-03-24 12:14:33 [DEBUG] __main__ — [transport:server] keepalive sent
2026-03-24 12:14:33 [DEBUG] __main__ — [transport:server] keepalive sent
2026-03-24 12:14:34 [DEBUG] __main__ — [transport] msg-event op=64 cmd=1 chat=0 sender=240876353 attaches=1
2026-03-24 12:14:34 [DEBUG] __main__ — [transport] attach full={'_type': 'FILE', 'name': 'data.bin', 'size': 13922, 'fileId': 2997743918, 'token': 'f9LHodD0cOLbfo1G64XHwHf3IWaFdyP1_USJhCFfVMJFzh5J02srGidiVy0UgkXglIBpNk3WHQ9oH8CjA3_x'}
2026-03-24 12:14:34 [DEBUG] __main__ — [transport:acc1] пропускаем свой исходящий файл fileId=2997743918
2026-03-24 12:14:35 [DEBUG] __main__ — [transport:acc1] upload ok  fileId=2998072126  size=8751
2026-03-24 12:14:35 [DEBUG] __main__ — [transport] msg-event op=64 cmd=1 chat=0 sender=240002558 attaches=1
2026-03-24 12:14:35 [DEBUG] __main__ — [transport] attach full={'_type': 'FILE', 'name': 'data.bin', 'size': 20335, 'fileId': 2998192722, 'token': 'f9LHodD0cOJB92yfYIbU4PJPUGmAMGO-BiJLmRdQKAwbaeTUCjjnZYtkpXpEDJpS7xStOYbDpmHsenXyXo3_'}
2026-03-24 12:14:35 [DEBUG] __main__ — [transport:acc2] пропускаем свой исходящий файл fileId=2998192722
2026-03-24 12:14:36 [DEBUG] __main__ — [transport:acc2] upload ok  fileId=2994819603  size=11647
2026-03-24 12:14:37 [DEBUG] __main__ — [transport] msg-event op=64 cmd=1 chat=0 sender=240876353 attaches=1
2026-03-24 12:14:37 [DEBUG] __main__ — [transport] attach full={'_type': 'FILE', 'name': 'data.bin', 'size': 8751, 'fileId': 2998072126, 'token': 'f9LHodD0cOLko7KbDYaACH0U1BpVp5FlKWEQHqisi6vugeHuJWrAe4qsZRSh0DXJXSi0UPY7mLTzKK85Pfd4'}
2026-03-24 12:14:37 [DEBUG] __main__ — [transport:acc1] пропускаем свой исходящий файл fileId=2998072126
2026-03-24 12:14:38 [DEBUG] __main__ — [transport:acc1] upload ok  fileId=2992876250  size=46399
2026-03-24 12:14:38 [DEBUG] __main__ — [transport] msg-event op=64 cmd=1 chat=0 sender=240002558 attaches=1
2026-03-24 12:14:38 [DEBUG] __main__ — [transport] attach full={'_type': 'FILE', 'name': 'data.bin', 'size': 11647, 'fileId': 2994819603, 'token': 'f9LHodD0cOLkkIk1vlIQDdc-Fs43BSd0c9KU3rjJ5M9thBPkQgNcGBPg-zf0CSOtgrf95cKo7NRSBPle8Qef'}
2026-03-24 12:14:38 [DEBUG] __main__ — [transport:acc2] пропускаем свой исходящий файл fileId=2994819603
2026-03-24 12:14:38 [DEBUG] __main__ — [transport:acc2] upload ok  fileId=2995756672  size=26127
2026-03-24 12:14:40 [DEBUG] __main__ — [transport] msg-event op=64 cmd=1 chat=0 sender=240876353 attaches=1
2026-03-24 12:14:40 [DEBUG] __main__ — [transport] attach full={'_type': 'FILE', 'name': 'data.bin', 'size': 46399, 'fileId': 2992876250, 'token': 'f9LHodD0cOLfaVNrT2dH862uefulxiAsZ7WiZ3sL0ddp0Kc1g5Vhy9ggVSzkW4uaocZo2JffHtT3bgi3TvLa'}
2026-03-24 12:14:40 [DEBUG] __main__ — [transport:acc1] пропускаем свой исходящий файл fileId=2992876250
2026-03-24 12:14:41 [DEBUG] __main__ — [transport:acc1] upload ok  fileId=2994360317  size=16883
2026-03-24 12:14:42 [DEBUG] __main__ — [transport] msg-event op=64 cmd=1 chat=0 sender=240002558 attaches=1
2026-03-24 12:14:42 [DEBUG] __main__ — [transport] attach full={'_type': 'FILE', 'name': 'data.bin', 'size': 26127, 'fileId': 2995756672, 'token': 'f9LHodD0cOKSV-qho5SAdfw0J6sriORjxlK-w4dOdladaBFw4GlNUkj0-5uHj49J_E9OvDPdTl22z5Y4xzN9'}
2026-03-24 12:14:42 [DEBUG] __main__ — [transport:acc2] пропускаем свой исходящий файл fileId=2995756672
2026-03-24 12:14:42 [DEBUG] __main__ — [transport] msg-event op=64 cmd=1 chat=0 sender=240876353 attaches=1
2026-03-24 12:14:42 [DEBUG] __main__ — [transport] attach full={'_type': 'FILE', 'name': 'data.bin', 'size': 16883, 'fileId': 2994360317, 'token': 'f9LHodD0cOIxAEBsLGZea4CzotmiosynP0d7hYtPW8COvt7uk3vW3UH1HJi3qN2E5g8VHMLb8hBsKa1pHu1d'}
2026-03-24 12:14:42 [DEBUG] __main__ — [transport:acc1] пропускаем свой исходящий файл fileId=2994360317
2026-03-24 12:14:46 [DEBUG] __main__ — [transport] msg-event op=128 cmd=0 chat=0 sender=240002558 attaches=1
2026-03-24 12:14:46 [DEBUG] __main__ — [transport] attach full={'_type': 'FILE', 'name': 'OUT_data.bin', 'size': 79, 'fileId': 2999503466, 'token': 'f9LHodD0cOJploAS6gFYUKzVxcLmmOrb6UnPXPkjOg_vDTAw-UwEX9DxWzsK2NPaSkc0xK7CMdkHc4sJ32Wg'}
2026-03-24 12:14:46 [DEBUG] __main__ — [transport] op88 fileId=2999503466 url=https://fd.oneme.ru/getfile?sig=fE758NzIkkkNxMqAJ1vdyP2SV_4-NT6h_BCUY85ktO1W812bYFe0gyki4NaF53h8Zx3LubEQoHaT41jwzwJCqA&expires=1774437286388&clientType=6&id=2999503466&userId=240002558
2026-03-24 12:14:46 [DEBUG] __main__ — [transport:acc2] recv_file  fileId=2999503466  frames=1
2026-03-24 12:14:46 [DEBUG] __main__ — [transport:acc2] frame  action=data  id=ee9169a0  size=44
2026-03-24 12:14:46 [DEBUG] __main__ — [ee9169a0] <- data #4  31B  seq=3  (rx=894B)
2026-03-24 12:14:46 [DEBUG] __main__ — [ee9169a0] wrote 31B to remote
2026-03-24 12:14:46 [DEBUG] __main__ — [ee9169a0] remote EOF
2026-03-24 12:14:46 [INFO] __main__ — [ee9169a0] pipe done | rx=894B/4f (0.0 КБ/с)  tx=147483B/9f (4.3 КБ/с)  33.2s
2026-03-24 12:14:46 [DEBUG] __main__ — [ee9169a0] socket closed
2026-03-24 12:14:46 [DEBUG] __main__ — [transport:acc1] batch flush  frames=1  total=57B
2026-03-24 12:14:47 [DEBUG] __main__ — [transport:acc1] upload ok  fileId=2994361341  size=57
2026-03-24 12:14:48 [DEBUG] __main__ — [transport] msg-event op=128 cmd=0 chat=0 sender=240876353 attaches=1
2026-03-24 12:14:48 [DEBUG] __main__ — [transport] attach full={'_type': 'FILE', 'name': 'OUT_data.bin', 'size': 54, 'fileId': 2986592121, 'token': 'f9LHodD0cOKgIWguBGR339PSKlODR90hUqsIj3j1aEHlIOT2HVIfXxH8K0SpZ-6XIMpWQe99V51oBuo4dsVT'}
2026-03-24 12:14:48 [DEBUG] __main__ — [transport] op88 fileId=2986592121 url=https://fd.oneme.ru/getfile?sig=Td3eMEUe-6dvyJoNC-m0HIwUjsb5UYUE-xJSfAvW7LJS8eLlSnPVR105CpfWLzcsP-6-rtC3wzhkBEmBT_HL3g&expires=1774437288243&clientType=6&id=2986592121&userId=240876353
2026-03-24 12:14:48 [DEBUG] __main__ — [transport:acc1] recv_file  fileId=2986592121  frames=1
2026-03-24 12:14:48 [DEBUG] __main__ — [transport:acc1] frame  action=close  id=ee9169a0  size=0
2026-03-24 12:14:48 [INFO] __main__ — [ee9169a0] close requested last_seq=3
2026-03-24 12:14:50 [DEBUG] __main__ — [transport] msg-event op=64 cmd=1 chat=0 sender=240876353 attaches=1
2026-03-24 12:14:50 [DEBUG] __main__ — [transport] attach full={'_type': 'FILE', 'name': 'data.bin', 'size': 57, 'fileId': 2994361341, 'token': 'f9LHodD0cOIEdOrZh0ZOeZ1lKA5N4zmd_gjaE7Rh80031MBF9AN3j4q5N9MX907ikofjts28uMr0uFqVKC-m'}
2026-03-24 12:14:50 [DEBUG] __main__ — [transport:acc1] пропускаем свой исходящий файл fileId=2994361341
2026-03-24 12:14:50 [DEBUG] __main__ — [transport] msg-event op=128 cmd=0 chat=0 sender=240002558 attaches=1
2026-03-24 12:14:50 [DEBUG] __main__ — [transport] attach full={'_type': 'FILE', 'name': 'OUT_data.bin', 'size': 75, 'fileId': 2986983557, 'token': 'f9LHodD0cOILlxFvmIgMJ33V9zS91Sky9mZPxrDoYfSfWOWDj4jOsdYL3LKpDFt-KAH5u3hDUCkDGTYBf_YA'}
2026-03-24 12:14:51 [DEBUG] __main__ — [transport] op88 fileId=2986983557 url=https://fd.oneme.ru/getfile?sig=EC1uRFJwCWRDfKZx2Jthe50Nj0HDkixTE-ycBcA01NSnwUy0rLOykfhTsHjaKOuk7uQvU0Kyeki5W1u-gok8cg&expires=1774437290575&clientType=6&id=2986983557&userId=240002558
2026-03-24 12:14:52 [DEBUG] __main__ — [transport:acc2] recv_file  fileId=2986983557  frames=1
2026-03-24 12:14:52 [DEBUG] __main__ — [transport:acc2] frame  action=connect  id=e7a9711c  size=0
2026-03-24 12:14:52 [INFO] __main__ — [e7a9711c] CONNECT → 81.19.72.33:443
2026-03-24 12:14:52 [INFO] __main__ — [e7a9711c] TCP connected → 81.19.72.33:443  (0 мс)
2026-03-24 12:14:52 [DEBUG] __main__ — [transport:acc2] batch flush  frames=1  total=53B
2026-03-24 12:14:55 [DEBUG] __main__ — [transport:acc2] upload ok  fileId=2993486582  size=53
2026-03-24 12:14:57 [DEBUG] __main__ — [transport] msg-event op=64 cmd=1 chat=0 sender=240002558 attaches=1
2026-03-24 12:14:57 [DEBUG] __main__ — [transport] attach full={'_type': 'FILE', 'name': 'data.bin', 'size': 53, 'fileId': 2993486582, 'token': 'f9LHodD0cOIO4wC7kaUDEX6jGMOP1l6DaZV-hZihSBimf-rENtOpwhIP5Ybp-ZRkeNTT62DUKrnfZ1oq6W1f'}
2026-03-24 12:14:57 [DEBUG] __main__ — [transport:acc2] пропускаем свой исходящий файл fileId=2993486582
2026-03-24 12:14:58 [DEBUG] __main__ — [transport:server] keepalive sent
2026-03-24 12:14:58 [DEBUG] __main__ — [transport:server] keepalive sent
2026-03-24 12:15:03 [INFO] __main__ — [poll] активных ссылок: 1
2026-03-24 12:15:13 [DEBUG] __main__ — [transport] msg-event op=128 cmd=0 chat=0 sender=240876353 attaches=1
2026-03-24 12:15:13 [DEBUG] __main__ — [transport] attach full={'_type': 'FILE', 'name': 'OUT_data.bin', 'size': 75, 'fileId': 2985097256, 'token': 'f9LHodD0cOJMaDNqnPtyWAwqcooiBhW_bjGNyAAsvaJodTXoxjKK16gK5_wIcUVszfJezxsu1w959hjQquYI'}
2026-03-24 12:15:13 [DEBUG] __main__ — [transport] op88 fileId=2985097256 url=https://fd.oneme.ru/getfile?sig=PhntEz57U0rvoSVzb8wN9tueX2QYrKkwqdiGxIln_LnjDNgoUjE_1bXv3nz800smGzygFGa7SGNFh3ymnw68mQ&expires=1774437313292&clientType=6&id=2985097256&userId=240876353
2026-03-24 12:15:13 [DEBUG] __main__ — [transport:acc1] recv_file  fileId=2985097256  frames=1
2026-03-24 12:15:13 [DEBUG] __main__ — [transport:acc1] frame  action=connect  id=7b4732b5  size=0
2026-03-24 12:15:13 [INFO] __main__ — [7b4732b5] CONNECT → 81.19.72.34:443
2026-03-24 12:15:13 [INFO] __main__ — [7b4732b5] TCP connected → 81.19.72.34:443  (0 мс)
2026-03-24 12:15:13 [DEBUG] __main__ — [transport:acc1] batch flush  frames=1  total=53B
2026-03-24 12:15:14 [DEBUG] __main__ — [transport:acc1] upload ok  fileId=2997854704  size=53
2026-03-24 12:15:16 [DEBUG] __main__ — [transport] msg-event op=64 cmd=1 chat=0 sender=240876353 attaches=1
2026-03-24 12:15:16 [DEBUG] __main__ — [transport] attach full={'_type': 'FILE', 'name': 'data.bin', 'size': 53, 'fileId': 2997854704, 'token': 'f9LHodD0cOLYplJ4vwEwCCeKwnLJqOH1ePjJB8tPMLWMFF7na6MZr_EHr0NrOnnP9at9pXMv5P9cH4PTCRmw'}
2026-03-24 12:15:16 [DEBUG] __main__ — [transport:acc1] пропускаем свой исходящий файл fileId=2997854704
2026-03-24 12:15:22 [DEBUG] __main__ — [transport] msg-event op=128 cmd=0 chat=0 sender=240876353 attaches=1
2026-03-24 12:15:22 [DEBUG] __main__ — [transport] attach full={'_type': 'FILE', 'name': 'OUT_data.bin', 'size': 565, 'fileId': 2997878306, 'token': 'f9LHodD0cOJW06lwN4ur2Zs7dUFT--L51CAAUkQG2Vk5H_SEFjg3WCjccJqB_LdddviWdTEzS5cYnyfLsyUq'}
2026-03-24 12:15:22 [DEBUG] __main__ — [transport] op88 fileId=2997878306 url=https://fd.oneme.ru/getfile?sig=XZiNt9FKHM2w8q1vh2Huw65mviNclns9uF2YR6mHWcIox9PmTZSmWwJ-kRGsz5bIoiD2n9MMiB_SL1mnUWdkbA&expires=1774437322139&clientType=6&id=2997878306&userId=240876353
2026-03-24 12:15:22 [DEBUG] __main__ — [transport:acc1] recv_file  fileId=2997878306  frames=1
2026-03-24 12:15:22 [DEBUG] __main__ — [transport:acc1] frame  action=data  id=7b4732b5  size=692
2026-03-24 12:15:22 [DEBUG] __main__ — [7b4732b5] <- data #1  517B  seq=0  (rx=517B)
2026-03-24 12:15:22 [DEBUG] __main__ — [7b4732b5] wrote 517B to remote
2026-03-24 12:15:23 [DEBUG] __main__ — [transport:server] keepalive sent
2026-03-24 12:15:23 [DEBUG] __main__ — [7b4732b5] -> #1  3739B  seq=0  (tx=3739B)
2026-03-24 12:15:23 [DEBUG] __main__ — [transport:acc1] batch flush  frames=1  total=3802B
2026-03-24 12:15:23 [DEBUG] __main__ — [transport:server] keepalive sent
2026-03-24 12:15:24 [DEBUG] __main__ — [transport:acc1] upload ok  fileId=2989553009  size=3802
2026-03-24 12:15:26 [DEBUG] __main__ — [transport] msg-event op=64 cmd=1 chat=0 sender=240876353 attaches=1
2026-03-24 12:15:26 [DEBUG] __main__ — [transport] attach full={'_type': 'FILE', 'name': 'data.bin', 'size': 3802, 'fileId': 2989553009, 'token': 'f9LHodD0cOKN34QY-HZkrB-oOBqhzXYoDOTsy1G5QgHoMJcwoDtGF4Ltz4SUZGeyoeOWI3H1WBsdZqyNrKas'}
2026-03-24 12:15:26 [DEBUG] __main__ — [transport:acc1] пропускаем свой исходящий файл fileId=2989553009
2026-03-24 12:15:34 [INFO] __main__ — [poll] активных ссылок: 1
2026-03-24 12:15:37 [DEBUG] __main__ — [transport] msg-event op=128 cmd=0 chat=0 sender=240002558 attaches=1
2026-03-24 12:15:37 [DEBUG] __main__ — [transport] attach full={'_type': 'FILE', 'name': 'OUT_data.bin', 'size': 141, 'fileId': 2994182898, 'token': 'f9LHodD0cOJ9JgyzIeLBMe0fx0QUwH9sbawmiwgKR8Gx9EJptLEE2LuECteqMypGoS0ct3g8no09LoYSHTQV'}
2026-03-24 12:15:37 [DEBUG] __main__ — [transport] op88 fileId=2994182898 url=https://fd.oneme.ru/getfile?sig=JuhxvTUbzKHmetB1_tDaXaSONXjZi95Qn5migQEA7gGmIkw8AI44O7FE_uE9VHgbcO6X5VVwA6u-dWUdKQCgtg&expires=1774437337616&clientType=6&id=2994182898&userId=240002558
2026-03-24 12:15:48 [DEBUG] __main__ — [transport:server] keepalive sent
2026-03-24 12:15:48 [DEBUG] __main__ — [transport:server] keepalive sent
2026-03-24 12:15:52 [ERROR] __main__ — [transport:acc2] download error: 
2026-03-24 12:15:54 [DEBUG] __main__ — [e7a9711c] remote EOF
2026-03-24 12:15:54 [INFO] __main__ — [e7a9711c] pipe done | rx=0B/0f (0.0 КБ/с)  tx=0B/0f (0.0 КБ/с)  62.1s
2026-03-24 12:15:54 [DEBUG] __main__ — [e7a9711c] socket closed
2026-03-24 12:15:54 [DEBUG] __main__ — [transport:acc2] batch flush  frames=1  total=57B
2026-03-24 12:15:55 [DEBUG] __main__ — [transport:acc2] upload ok  fileId=2991334751  size=57
2026-03-24 12:15:57 [DEBUG] __main__ — [transport] msg-event op=64 cmd=1 chat=0 sender=240002558 attaches=1
2026-03-24 12:15:57 [DEBUG] __main__ — [transport] attach full={'_type': 'FILE', 'name': 'data.bin', 'size': 57, 'fileId': 2991334751, 'token': 'f9LHodD0cOL2aIQWKvGvh0yRvIxyORjrJwp1-cIBlDKPEgWMvxKr-p_MHFNqIad_hpVYN1T9f_9ZBF7z7PDB'}
2026-03-24 12:15:57 [DEBUG] __main__ — [transport:acc2] пропускаем свой исходящий файл fileId=2991334751
2026-03-24 12:16:05 [INFO] __main__ — [poll] активных ссылок: 1
2026-03-24 12:16:07 [INFO] __main__ — [proxy:self-chat] остановлен
2026-03-24 12:16:07 [INFO] __main__ — [7b4732b5] pipe done | rx=517B/1f (0.0 КБ/с)  tx=3739B/1f (0.1 КБ/с)  53.3s
2026-03-24 12:16:07 [DEBUG] __main__ — [7b4732b5] socket closed
2026-03-24 12:16:07 [DEBUG] __main__ — [transport:acc1] batch flush  frames=1  total=57B
2026-03-24 12:16:07 [ERROR] asyncio — Fatal error on SSL transport
protocol: <asyncio.sslproto.SSLProtocol object at 0x740862fa2dd0>
transport: <_SelectorSocketTransport closing fd=10>
Traceback (most recent call last):
  File "/usr/lib/python3.10/asyncio/selector_events.py", line 924, in write
    n = self._sock.send(data)
OSError: [Errno 9] Bad file descriptor

During handling of the above exception, another exception occurred:

Traceback (most recent call last):
  File "/usr/lib/python3.10/asyncio/sslproto.py", line 690, in _process_write_backlog
    self._transport.write(chunk)
  File "/usr/lib/python3.10/asyncio/selector_events.py", line 930, in write
    self._fatal_error(exc, 'Fatal write error on socket transport')
  File "/usr/lib/python3.10/asyncio/selector_events.py", line 725, in _fatal_error
    self._force_close(exc)
  File "/usr/lib/python3.10/asyncio/selector_events.py", line 737, in _force_close
    self._loop.call_soon(self._call_connection_lost, exc)
  File "/usr/lib/python3.10/asyncio/base_events.py", line 753, in call_soon
    self._check_closed()
  File "/usr/lib/python3.10/asyncio/base_events.py", line 515, in _check_closed
    raise RuntimeError('Event loop is closed')
RuntimeError: Event loop is closed
2026-03-24 12:16:07 [ERROR] asyncio — Unclosed connector
connections: ['[(<aiohttp.client_proto.ResponseHandler object at 0x740863b7f340>, 129958.338968715)]']
connector: <aiohttp.connector.TCPConnector object at 0x740863ba6740>
2026-03-24 12:16:07 [ERROR] asyncio — Unclosed client session
client_session: <aiohttp.client.ClientSession object at 0x740863ba6c80>
