2026-03-24 19:59:02 [INFO] __main__ — Восстановлено 1 сессий
2026-03-24 19:59:02 [INFO] __main__ — [proxy:self-chat] WS подключение (acc1, chat_id=0)
2026-03-24 19:59:02 [INFO] __main__ — [proxy:self-chat] WS подключение (acc2, chat_id=0)
2026-03-24 19:59:03 [INFO] __main__ — [poll] активных ссылок: 1
2026-03-24 19:59:04 [INFO] __main__ — Авторизован [server:acc2], chatId=0
2026-03-24 19:59:05 [INFO] __main__ — Авторизован [server:acc1], chatId=0
2026-03-24 19:59:23 [DEBUG] __main__ — [transport:acc2] recv_file fileId=2998851929 size=5463
2026-03-24 19:59:23 [INFO] __main__ — BATCH recv  id=f980aa8e0cc6  reqs=2
2026-03-24 19:59:23 [INFO] __main__ — BATCH done  id=f980aa8e0cc6  reqs=2  payload=0КБ  file=0КБ  0.0s  38.2 КБ/с
2026-03-24 19:59:24 [DEBUG] __main__ — [transport:acc2] published response fileId=2994044017 size=260
2026-03-24 19:59:26 [INFO] __main__ — [proxy:self-chat] acc1 остановлен
2026-03-24 19:59:26 [INFO] __main__ — [proxy:self-chat] acc2 остановлен
2026-03-24 19:59:26 [ERROR] asyncio — Unclosed connector
connections: ['[(<aiohttp.client_proto.ResponseHandler object at 0x73af5bc79fc0>, 157766.325341971)]', '[(<aiohttp.client_proto.ResponseHandler object at 0x73af5abaffa0>, 157766.874638729)]']
connector: <aiohttp.connector.TCPConnector object at 0x73af5bc57790>
2026-03-24 19:59:26 [ERROR] asyncio — Fatal error on SSL transport
protocol: <asyncio.sslproto.SSLProtocol object at 0x73af5c5b5270>
transport: <_SelectorSocketTransport closing fd=7>
Traceback (most recent call last):
  File "/usr/lib/python3.10/asyncio/selector_events.py", line 924, in write
    n = self._sock.send(data)
OSError: [Errno 9] Bad file descriptor

During handling of the above exception, another exception occurred:

Traceback (most recent call last):
  File "/usr/lib/python3.10/asyncio/sslproto.py", line 690, in _process_write_backlog
    self._transport.write(chunk)
  File "/usr/lib/python3.10/asyncio/selector_events.py", line 930, in write
    self._fatal_error(exc, 'Fatal write error on socket transport')
  File "/usr/lib/python3.10/asyncio/selector_events.py", line 725, in _fatal_error
    self._force_close(exc)
  File "/usr/lib/python3.10/asyncio/selector_events.py", line 737, in _force_close
    self._loop.call_soon(self._call_connection_lost, exc)
  File "/usr/lib/python3.10/asyncio/base_events.py", line 753, in call_soon
    self._check_closed()
  File "/usr/lib/python3.10/asyncio/base_events.py", line 515, in _check_closed
    raise RuntimeError('Event loop is closed')
RuntimeError: Event loop is closed
2026-03-24 19:59:26 [ERROR] asyncio — Unclosed client session
client_session: <aiohttp.client.ClientSession object at 0x73af5bc55e10>
2026-03-24 19:59:26 [ERROR] asyncio — Fatal error on SSL transport
protocol: <asyncio.sslproto.SSLProtocol object at 0x73af5c5b5690>
transport: <_SelectorSocketTransport closing fd=10>
Traceback (most recent call last):
  File "/usr/lib/python3.10/asyncio/selector_events.py", line 924, in write
    n = self._sock.send(data)
OSError: [Errno 9] Bad file descriptor

During handling of the above exception, another exception occurred:

Traceback (most recent call last):
  File "/usr/lib/python3.10/asyncio/sslproto.py", line 690, in _process_write_backlog
    self._transport.write(chunk)
  File "/usr/lib/python3.10/asyncio/selector_events.py", line 930, in write
    self._fatal_error(exc, 'Fatal write error on socket transport')
  File "/usr/lib/python3.10/asyncio/selector_events.py", line 725, in _fatal_error
    self._force_close(exc)
  File "/usr/lib/python3.10/asyncio/selector_events.py", line 737, in _force_close
    self._loop.call_soon(self._call_connection_lost, exc)
  File "/usr/lib/python3.10/asyncio/base_events.py", line 753, in call_soon
    self._check_closed()
  File "/usr/lib/python3.10/asyncio/base_events.py", line 515, in _check_closed
    raise RuntimeError('Event loop is closed')
RuntimeError: Event loop is closed
