2026-03-25 19:06:54 [DEBUG] __main__ — [tun] ip link set tun0 up mtu 1400: OK
2026-03-25 19:06:54 [DEBUG] __main__ — [tun] ip addr add 10.0.1.1/30 dev tun0: OK
2026-03-25 19:06:55 [INFO] __main__ — Авторизован [client:acc1], chatId=0
2026-03-25 19:06:55 [INFO] __main__ — Авторизован [client:acc2], chatId=0
2026-03-25 19:07:09 [DEBUG] __main__ — [transport:acc2] recv_file fileId=3004458642 size=54
2026-03-25 19:07:09 [DEBUG] __main__ — [tun] ← 1 pkts  raw=54B
2026-03-25 19:07:09 [INFO] __main__ — BATCH TUN←  pkts=1  0КБ
2026-03-25 19:07:12 [DEBUG] __main__ — [tun] → 1 pkts  raw=66B  packed=67B
2026-03-25 19:07:12 [INFO] __main__ — BATCH TUN→  pkts=1  0КБ  packed=0КБ
2026-03-25 19:07:13 [DEBUG] __main__ — [transport:acc2] jpeg-wrap raw=67 jpeg=713
2026-03-25 19:07:13 [DEBUG] __main__ — [tun] → 1 pkts  raw=66B  packed=67B
2026-03-25 19:07:13 [INFO] __main__ — BATCH TUN→  pkts=1  0КБ  packed=0КБ
2026-03-25 19:07:13 [DEBUG] __main__ — [transport:acc2] upload ok fileId=3010728211 size=67
2026-03-25 19:07:13 [DEBUG] __main__ — [transport:acc1] jpeg-wrap raw=67 jpeg=713
2026-03-25 19:07:14 [DEBUG] __main__ — [transport:acc1] upload ok fileId=3012938175 size=67
2026-03-25 19:07:14 [DEBUG] __main__ — [tun] → 1 pkts  raw=66B  packed=67B
2026-03-25 19:07:14 [INFO] __main__ — BATCH TUN→  pkts=1  0КБ  packed=0КБ
2026-03-25 19:07:15 [DEBUG] __main__ — [transport:acc2] jpeg-wrap raw=67 jpeg=713
2026-03-25 19:07:15 [DEBUG] __main__ — [transport:acc2] upload ok fileId=3013820345 size=67
2026-03-25 19:07:15 [DEBUG] __main__ — [tun] → 1 pkts  raw=66B  packed=67B
2026-03-25 19:07:15 [INFO] __main__ — BATCH TUN→  pkts=1  0КБ  packed=0КБ
2026-03-25 19:07:15 [DEBUG] __main__ — [transport:acc2] recv_file fileId=3008212698 size=66
2026-03-25 19:07:15 [DEBUG] __main__ — [tun] ← 1 pkts  raw=66B
2026-03-25 19:07:15 [INFO] __main__ — BATCH TUN←  pkts=1  0КБ
2026-03-25 19:07:16 [DEBUG] __main__ — [tun] → 3 pkts  raw=216B  packed=163B
2026-03-25 19:07:16 [INFO] __main__ — BATCH TUN→  pkts=3  0КБ  packed=0КБ
2026-03-25 19:07:17 [DEBUG] __main__ — [transport:acc2] jpeg-wrap raw=163 jpeg=809
2026-03-25 19:07:17 [DEBUG] __main__ — [transport:acc2] upload ok fileId=3007160506 size=163
2026-03-25 19:07:17 [DEBUG] __main__ — [transport:acc2] recv_file fileId=3013459282 size=128
2026-03-25 19:07:17 [DEBUG] __main__ — [tun] ← 2 pkts  raw=128B
2026-03-25 19:07:17 [INFO] __main__ — BATCH TUN←  pkts=2  0КБ
2026-03-25 19:07:18 [DEBUG] __main__ — [tun] → 1 pkts  raw=58B  packed=59B
2026-03-25 19:07:18 [INFO] __main__ — BATCH TUN→  pkts=1  0КБ  packed=0КБ
2026-03-25 19:07:19 [DEBUG] __main__ — [transport:acc2] recv_file fileId=3002893141 size=217
2026-03-25 19:07:19 [DEBUG] __main__ — [tun] ← 3 pkts  raw=217B
2026-03-25 19:07:19 [INFO] __main__ — BATCH TUN←  pkts=3  0КБ
2026-03-25 19:07:20 [DEBUG] __main__ — [tun] → 4 pkts  raw=1756B  packed=564B
2026-03-25 19:07:20 [INFO] __main__ — BATCH TUN→  pkts=4  1КБ  packed=0КБ
2026-03-25 19:07:20 [DEBUG] __main__ — [transport:acc2] jpeg-wrap raw=564 jpeg=1210
2026-03-25 19:07:20 [DEBUG] __main__ — [transport:acc2] upload ok fileId=3009803225 size=564
2026-03-25 19:07:22 [DEBUG] __main__ — [transport:acc2] recv_file fileId=3014120992 size=1232
2026-03-25 19:07:22 [DEBUG] __main__ — [tun] ← 2 pkts  raw=1232B
2026-03-25 19:07:22 [INFO] __main__ — BATCH TUN←  pkts=2  1КБ
2026-03-25 19:07:23 [DEBUG] __main__ — [tun] → 1 pkts  raw=106B  packed=107B
2026-03-25 19:07:23 [INFO] __main__ — BATCH TUN→  pkts=1  0КБ  packed=0КБ
2026-03-25 19:07:25 [WARNING] __main__ — [transport:acc1] op87 timeout attempt=1/3
2026-03-25 19:07:30 [DEBUG] __main__ — [transport:acc2] recv_file fileId=3000825232 size=1178
2026-03-25 19:07:30 [DEBUG] __main__ — [tun] ← 1 pkts  raw=1178B
2026-03-25 19:07:30 [INFO] __main__ — BATCH TUN←  pkts=1  1КБ
2026-03-25 19:07:31 [DEBUG] __main__ — [tun] → 1 pkts  raw=70B  packed=71B
2026-03-25 19:07:31 [INFO] __main__ — BATCH TUN→  pkts=1  0КБ  packed=0КБ
2026-03-25 19:07:31 [DEBUG] __main__ — [transport:acc2] jpeg-wrap raw=71 jpeg=717
2026-03-25 19:07:31 [DEBUG] __main__ — [transport:acc2] upload ok fileId=3011518988 size=71
2026-03-25 19:07:32 [DEBUG] __main__ — [tun] → 1 pkts  raw=106B  packed=107B
2026-03-25 19:07:32 [INFO] __main__ — BATCH TUN→  pkts=1  0КБ  packed=0КБ
2026-03-25 19:07:37 [WARNING] __main__ — [transport:acc1] op87 timeout attempt=2/3
2026-03-25 19:07:44 [DEBUG] __main__ — [tun] → 1 pkts  raw=106B  packed=107B
2026-03-25 19:07:44 [INFO] __main__ — BATCH TUN→  pkts=1  0КБ  packed=0КБ
2026-03-25 19:07:44 [DEBUG] __main__ — [transport:acc2] jpeg-wrap raw=107 jpeg=753
2026-03-25 19:07:44 [DEBUG] __main__ — [transport:acc2] upload ok fileId=3013157872 size=107
2026-03-25 19:07:46 [DEBUG] __main__ — [transport:acc2] recv_file fileId=3017021789 size=550
2026-03-25 19:07:46 [DEBUG] __main__ — [tun] ← 1 pkts  raw=550B
2026-03-25 19:07:46 [INFO] __main__ — BATCH TUN←  pkts=1  0КБ
2026-03-25 19:07:47 [DEBUG] __main__ — [tun] → 2 pkts  raw=128B  packed=96B
2026-03-25 19:07:47 [INFO] __main__ — BATCH TUN→  pkts=2  0КБ  packed=0КБ
2026-03-25 19:07:51 [WARNING] __main__ — [transport:acc1] op87 timeout attempt=3/3
2026-03-25 19:07:51 [ERROR] __main__ — [transport:acc1] upload slot timeout, dropping
2026-03-25 19:07:51 [ERROR] __main__ — [transport:acc1] send_worker error: sent 1011 (internal error) keepalive ping timeout; no close frame received
Traceback (most recent call last):
  File "/var/www/html2/xyemax.test/tun-images/client/client-i.py", line 330, in _send_worker
    await self._upload_and_publish(file_body)
  File "/var/www/html2/xyemax.test/tun-images/client/client-i.py", line 345, in _upload_and_publish
    await self._send_raw(87, {"count": 1})
  File "/var/www/html2/xyemax.test/tun-images/client/client-i.py", line 307, in _send_raw
    await self.ws.send(json.dumps(frame, ensure_ascii=False, separators=(",", ":")))
  File "/usr/local/lib/python3.10/dist-packages/websockets/asyncio/connection.py", line 478, in send
    async with self.send_context():
  File "/usr/lib/python3.10/contextlib.py", line 199, in __aenter__
    return await anext(self.gen)
  File "/usr/local/lib/python3.10/dist-packages/websockets/asyncio/connection.py", line 965, in send_context
    raise self.protocol.close_exc from original_exc
websockets.exceptions.ConnectionClosedError: sent 1011 (internal error) keepalive ping timeout; no close frame received
2026-03-25 19:07:51 [ERROR] __main__ — [transport:acc1] send_worker error: sent 1011 (internal error) keepalive ping timeout; no close frame received
Traceback (most recent call last):
  File "/var/www/html2/xyemax.test/tun-images/client/client-i.py", line 330, in _send_worker
    await self._upload_and_publish(file_body)
  File "/var/www/html2/xyemax.test/tun-images/client/client-i.py", line 345, in _upload_and_publish
    await self._send_raw(87, {"count": 1})
  File "/var/www/html2/xyemax.test/tun-images/client/client-i.py", line 307, in _send_raw
    await self.ws.send(json.dumps(frame, ensure_ascii=False, separators=(",", ":")))
  File "/usr/local/lib/python3.10/dist-packages/websockets/asyncio/connection.py", line 478, in send
    async with self.send_context():
  File "/usr/lib/python3.10/contextlib.py", line 199, in __aenter__
    return await anext(self.gen)
  File "/usr/local/lib/python3.10/dist-packages/websockets/asyncio/connection.py", line 965, in send_context
    raise self.protocol.close_exc from original_exc
websockets.exceptions.ConnectionClosedError: sent 1011 (internal error) keepalive ping timeout; no close frame received
2026-03-25 19:07:51 [ERROR] __main__ — [transport:acc1] send_worker error: sent 1011 (internal error) keepalive ping timeout; no close frame received
Traceback (most recent call last):
  File "/var/www/html2/xyemax.test/tun-images/client/client-i.py", line 330, in _send_worker
    await self._upload_and_publish(file_body)
  File "/var/www/html2/xyemax.test/tun-images/client/client-i.py", line 345, in _upload_and_publish
    await self._send_raw(87, {"count": 1})
  File "/var/www/html2/xyemax.test/tun-images/client/client-i.py", line 307, in _send_raw
    await self.ws.send(json.dumps(frame, ensure_ascii=False, separators=(",", ":")))
  File "/usr/local/lib/python3.10/dist-packages/websockets/asyncio/connection.py", line 478, in send
    async with self.send_context():
  File "/usr/lib/python3.10/contextlib.py", line 199, in __aenter__
    return await anext(self.gen)
  File "/usr/local/lib/python3.10/dist-packages/websockets/asyncio/connection.py", line 965, in send_context
    raise self.protocol.close_exc from original_exc
websockets.exceptions.ConnectionClosedError: sent 1011 (internal error) keepalive ping timeout; no close frame received
2026-03-25 19:07:51 [ERROR] __main__ — [transport:acc1] send_worker error: sent 1011 (internal error) keepalive ping timeout; no close frame received
Traceback (most recent call last):
  File "/var/www/html2/xyemax.test/tun-images/client/client-i.py", line 330, in _send_worker
    await self._upload_and_publish(file_body)
  File "/var/www/html2/xyemax.test/tun-images/client/client-i.py", line 345, in _upload_and_publish
    await self._send_raw(87, {"count": 1})
  File "/var/www/html2/xyemax.test/tun-images/client/client-i.py", line 307, in _send_raw
    await self.ws.send(json.dumps(frame, ensure_ascii=False, separators=(",", ":")))
  File "/usr/local/lib/python3.10/dist-packages/websockets/asyncio/connection.py", line 478, in send
    async with self.send_context():
  File "/usr/lib/python3.10/contextlib.py", line 199, in __aenter__
    return await anext(self.gen)
  File "/usr/local/lib/python3.10/dist-packages/websockets/asyncio/connection.py", line 965, in send_context
    raise self.protocol.close_exc from original_exc
websockets.exceptions.ConnectionClosedError: sent 1011 (internal error) keepalive ping timeout; no close frame received
2026-03-25 19:07:51 [ERROR] __main__ — [multi] acc1 разрыв: sent 1011 (internal error) keepalive ping timeout; no close frame received. Reconnect in 5s...
2026-03-25 19:07:51 [WARNING] __main__ — [multi] acc1 отвалился, живых: 1/2
2026-03-25 19:07:54 [DEBUG] __main__ — [transport:acc2] recv_file fileId=3004462226 size=550
2026-03-25 19:07:54 [DEBUG] __main__ — [tun] ← 1 pkts  raw=550B
2026-03-25 19:07:54 [INFO] __main__ — BATCH TUN←  pkts=1  0КБ
2026-03-25 19:07:54 [INFO] __main__ — [tun] stats: sent=18pkts/2КБ  recv=12pkts/3КБ  uptime=60s
2026-03-25 19:07:55 [DEBUG] __main__ — [tun] → 1 pkts  raw=70B  packed=71B
2026-03-25 19:07:55 [INFO] __main__ — BATCH TUN→  pkts=1  0КБ  packed=0КБ
2026-03-25 19:07:55 [DEBUG] __main__ — [transport:acc2] jpeg-wrap raw=71 jpeg=717
2026-03-25 19:07:55 [DEBUG] __main__ — [transport:acc2] upload ok fileId=3014653487 size=71
2026-03-25 19:07:56 [DEBUG] __main__ — [tun] → 1 pkts  raw=102B  packed=103B
2026-03-25 19:07:56 [INFO] __main__ — BATCH TUN→  pkts=1  0КБ  packed=0КБ
2026-03-25 19:07:57 [DEBUG] __main__ — [transport:acc2] jpeg-wrap raw=103 jpeg=749
2026-03-25 19:07:57 [DEBUG] __main__ — [transport:acc2] upload ok fileId=3017879049 size=103
2026-03-25 19:07:57 [INFO] __main__ — Авторизован [client:acc1], chatId=0
2026-03-25 19:07:59 [DEBUG] __main__ — [transport:acc2] recv_file fileId=3013269061 size=70
2026-03-25 19:07:59 [DEBUG] __main__ — [tun] ← 1 pkts  raw=70B
2026-03-25 19:07:59 [INFO] __main__ — BATCH TUN←  pkts=1  0КБ
2026-03-25 19:08:00 [DEBUG] __main__ — [tun] → 1 pkts  raw=74B  packed=75B
2026-03-25 19:08:00 [INFO] __main__ — BATCH TUN→  pkts=1  0КБ  packed=0КБ
2026-03-25 19:08:00 [DEBUG] __main__ — [transport:acc2] jpeg-wrap raw=75 jpeg=721
2026-03-25 19:08:00 [DEBUG] __main__ — [transport:acc2] upload ok fileId=3014245092 size=75
2026-03-25 19:08:02 [DEBUG] __main__ — [transport:acc2] recv_file fileId=3015849239 size=156
2026-03-25 19:08:02 [DEBUG] __main__ — [tun] ← 2 pkts  raw=156B
2026-03-25 19:08:02 [INFO] __main__ — BATCH TUN←  pkts=2  0КБ
2026-03-25 19:08:03 [DEBUG] __main__ — [tun] → 3 pkts  raw=226B  packed=172B
2026-03-25 19:08:03 [INFO] __main__ — BATCH TUN→  pkts=3  0КБ  packed=0КБ
2026-03-25 19:08:03 [DEBUG] __main__ — [transport:acc1] jpeg-wrap raw=172 jpeg=818
2026-03-25 19:08:04 [DEBUG] __main__ — [transport:acc1] upload ok fileId=3007163578 size=172
2026-03-25 19:08:06 [DEBUG] __main__ — [transport:acc2] recv_file fileId=3003157131 size=156
2026-03-25 19:08:06 [DEBUG] __main__ — [tun] ← 2 pkts  raw=156B
2026-03-25 19:08:06 [INFO] __main__ — BATCH TUN←  pkts=2  0КБ
2026-03-25 19:08:07 [DEBUG] __main__ — [tun] → 2 pkts  raw=88B  packed=55B
2026-03-25 19:08:07 [INFO] __main__ — BATCH TUN→  pkts=2  0КБ  packed=0КБ
2026-03-25 19:08:07 [DEBUG] __main__ — [transport:acc2] jpeg-wrap raw=55 jpeg=701
2026-03-25 19:08:07 [DEBUG] __main__ — [transport:acc2] upload ok fileId=3013073198 size=55
2026-03-25 19:08:08 [ERROR] asyncio — Fatal error on SSL transport
protocol: <asyncio.sslproto.SSLProtocol object at 0x7563fef1a0b0>
transport: <_SelectorSocketTransport closing fd=11>
Traceback (most recent call last):
  File "/usr/lib/python3.10/asyncio/selector_events.py", line 924, in write
    n = self._sock.send(data)
OSError: [Errno 9] Bad file descriptor

During handling of the above exception, another exception occurred:

Traceback (most recent call last):
  File "/usr/lib/python3.10/asyncio/sslproto.py", line 690, in _process_write_backlog
    self._transport.write(chunk)
  File "/usr/lib/python3.10/asyncio/selector_events.py", line 930, in write
    self._fatal_error(exc, 'Fatal write error on socket transport')
  File "/usr/lib/python3.10/asyncio/selector_events.py", line 725, in _fatal_error
    self._force_close(exc)
  File "/usr/lib/python3.10/asyncio/selector_events.py", line 737, in _force_close
    self._loop.call_soon(self._call_connection_lost, exc)
  File "/usr/lib/python3.10/asyncio/base_events.py", line 753, in call_soon
    self._check_closed()
  File "/usr/lib/python3.10/asyncio/base_events.py", line 515, in _check_closed
    raise RuntimeError('Event loop is closed')
RuntimeError: Event loop is closed
2026-03-25 19:08:08 [ERROR] asyncio — Unclosed connector
connections: ['deque([(<aiohttp.client_proto.ResponseHandler object at 0x7563fef25cc0>, 74087.258474171)])']
connector: <aiohttp.connector.TCPConnector object at 0x7563fef189a0>
2026-03-25 19:08:08 [ERROR] asyncio — Fatal error on SSL transport
protocol: <asyncio.sslproto.SSLProtocol object at 0x7563fef1af20>
transport: <_SelectorSocketTransport closing fd=12>
Traceback (most recent call last):
  File "/usr/lib/python3.10/asyncio/selector_events.py", line 924, in write
    n = self._sock.send(data)
OSError: [Errno 9] Bad file descriptor

During handling of the above exception, another exception occurred:

Traceback (most recent call last):
  File "/usr/lib/python3.10/asyncio/sslproto.py", line 690, in _process_write_backlog
    self._transport.write(chunk)
  File "/usr/lib/python3.10/asyncio/selector_events.py", line 930, in write
    self._fatal_error(exc, 'Fatal write error on socket transport')
  File "/usr/lib/python3.10/asyncio/selector_events.py", line 725, in _fatal_error
    self._force_close(exc)
  File "/usr/lib/python3.10/asyncio/selector_events.py", line 737, in _force_close
    self._loop.call_soon(self._call_connection_lost, exc)
  File "/usr/lib/python3.10/asyncio/base_events.py", line 753, in call_soon
    self._check_closed()
  File "/usr/lib/python3.10/asyncio/base_events.py", line 515, in _check_closed
    raise RuntimeError('Event loop is closed')
RuntimeError: Event loop is closed
2026-03-25 19:08:08 [ERROR] asyncio — Unclosed connector
connections: ['deque([(<aiohttp.client_proto.ResponseHandler object at 0x7563fef266e0>, 74089.375894749)])', 'deque([(<aiohttp.client_proto.ResponseHandler object at 0x7563fef26320>, 74090.630274104)])']
connector: <aiohttp.connector.TCPConnector object at 0x7563ffb73190>
2026-03-25 19:08:08 [ERROR] asyncio — Fatal error on SSL transport
protocol: <asyncio.sslproto.SSLProtocol object at 0x7563fef19810>
transport: <_SelectorSocketTransport closing fd=10>
Traceback (most recent call last):
  File "/usr/lib/python3.10/asyncio/selector_events.py", line 924, in write
    n = self._sock.send(data)
OSError: [Errno 9] Bad file descriptor

During handling of the above exception, another exception occurred:

Traceback (most recent call last):
  File "/usr/lib/python3.10/asyncio/sslproto.py", line 690, in _process_write_backlog
    self._transport.write(chunk)
  File "/usr/lib/python3.10/asyncio/selector_events.py", line 930, in write
    self._fatal_error(exc, 'Fatal write error on socket transport')
  File "/usr/lib/python3.10/asyncio/selector_events.py", line 725, in _fatal_error
    self._force_close(exc)
  File "/usr/lib/python3.10/asyncio/selector_events.py", line 737, in _force_close
    self._loop.call_soon(self._call_connection_lost, exc)
  File "/usr/lib/python3.10/asyncio/base_events.py", line 753, in call_soon
    self._check_closed()
  File "/usr/lib/python3.10/asyncio/base_events.py", line 515, in _check_closed
    raise RuntimeError('Event loop is closed')
RuntimeError: Event loop is closed
