2026-03-24 11:12:45 [INFO] __main__ — SOCKS5 запущен  127.0.0.1:1080  transports=2
2026-03-24 11:12:46 [INFO] __main__ — Авторизован [acc1], chatId=0 (self-chat)
2026-03-24 11:12:46 [INFO] __main__ — Авторизован [acc2], chatId=0 (self-chat)
2026-03-24 11:12:49 [INFO] __main__ — SOCKS5 → 81.19.72.34:443
2026-03-24 11:12:49 [DEBUG] __main__ — [transport:acc1] ctrl-send  len=85  action=connect  ms=0
2026-03-24 11:12:49 [DEBUG] __main__ — [transport:acc1] text-recv  action=ok  id=81f0fa34
2026-03-24 11:12:49 [DEBUG] __main__ — [81f0fa34] <- ok
2026-03-24 11:12:50 [INFO] __main__ — tunnel 81.19.72.34:443 [81f0fa34]  открыт за ~257 мс
2026-03-24 11:12:50 [DEBUG] __main__ — [81f0fa34] -> #1  517B  seq=0
2026-03-24 11:12:50 [DEBUG] __main__ — [transport:acc1] text-send  len=757  action=data  ms=1
2026-03-24 11:12:51 [DEBUG] __main__ — [transport:acc1] file-recv  fileId=2995584018  action=data
2026-03-24 11:12:51 [DEBUG] __main__ — [81f0fa34] <- data #1  3739B  seq=0
2026-03-24 11:12:51 [DEBUG] __main__ — [81f0fa34] -> #2  93B  seq=1
2026-03-24 11:12:51 [DEBUG] __main__ — [transport:acc2] text-send  len=189  action=data  ms=0
2026-03-24 11:12:52 [DEBUG] __main__ — [transport:acc2] text-recv  action=data  id=81f0fa34
2026-03-24 11:12:52 [DEBUG] __main__ — [81f0fa34] <- data #2  120B  seq=1
2026-03-24 11:12:52 [DEBUG] __main__ — [81f0fa34] -> #3  151B  seq=2
2026-03-24 11:12:52 [DEBUG] __main__ — [transport:acc1] text-send  len=269  action=data  ms=2
2026-03-24 11:12:52 [DEBUG] __main__ — [81f0fa34] -> #4  102B  seq=3
2026-03-24 11:12:52 [DEBUG] __main__ — [transport:acc2] text-send  len=201  action=data  ms=1
2026-03-24 11:12:52 [DEBUG] __main__ — [transport:acc1] text-recv  action=data  id=81f0fa34
2026-03-24 11:12:52 [DEBUG] __main__ — [81f0fa34] <- data #3  38B  seq=2
2026-03-24 11:12:54 [DEBUG] __main__ — [transport:acc1] file-recv  fileId=2995036589  action=data
2026-03-24 11:12:54 [DEBUG] __main__ — [81f0fa34] <- data #4  28960B  seq=4
2026-03-24 11:12:54 [DEBUG] __main__ — [transport:acc2] file-recv  fileId=2998863734  action=data
2026-03-24 11:12:54 [DEBUG] __main__ — [81f0fa34] <- data #5  36200B  seq=3
2026-03-24 11:12:55 [DEBUG] __main__ — [transport:acc1] file-recv  fileId=2999108679  action=data
2026-03-24 11:12:55 [DEBUG] __main__ — [81f0fa34] <- data #6  38712B  seq=6
2026-03-24 11:12:55 [DEBUG] __main__ — [transport:acc2] file-recv  fileId=2997060422  action=data
2026-03-24 11:12:55 [DEBUG] __main__ — [81f0fa34] <- data #7  40068B  seq=5
2026-03-24 11:12:55 [DEBUG] __main__ — [81f0fa34] -> #5  31B  seq=4
2026-03-24 11:12:55 [DEBUG] __main__ — [transport:acc1] text-send  len=109  action=data  ms=3
2026-03-24 11:12:55 [DEBUG] __main__ — [81f0fa34] local EOF
2026-03-24 11:12:55 [DEBUG] __main__ — [transport:acc1] ctrl-send  len=64  action=close  ms=4
2026-03-24 11:12:56 [INFO] __main__ — DONE 81.19.72.34:443 [81f0fa34] | ↑894B/5f (0.1 КБ/с)  ↓147837B/7f (22.5 КБ/с)  6.4s
2026-03-24 11:13:01 [INFO] __main__ — SOCKS5 → 81.19.72.33:443
2026-03-24 11:13:01 [DEBUG] __main__ — [transport:acc2] ctrl-send  len=85  action=connect  ms=2
2026-03-24 11:13:02 [DEBUG] __main__ — [transport:acc2] text-recv  action=ok  id=54d71099
2026-03-24 11:13:02 [DEBUG] __main__ — [54d71099] <- ok
2026-03-24 11:13:02 [INFO] __main__ — tunnel 81.19.72.33:443 [54d71099]  открыт за ~274 мс
2026-03-24 11:13:02 [DEBUG] __main__ — [54d71099] -> #1  517B  seq=0
2026-03-24 11:13:02 [DEBUG] __main__ — [transport:acc1] text-send  len=757  action=data  ms=5
2026-03-24 11:13:03 [DEBUG] __main__ — [transport:acc1] file-recv  fileId=2988744646  action=data
2026-03-24 11:13:03 [DEBUG] __main__ — [54d71099] <- data #1  3740B  seq=0
2026-03-24 11:13:03 [DEBUG] __main__ — [54d71099] -> #2  93B  seq=1
2026-03-24 11:13:03 [DEBUG] __main__ — [transport:acc2] text-send  len=189  action=data  ms=3
2026-03-24 11:13:03 [DEBUG] __main__ — [transport:acc2] text-recv  action=data  id=54d71099
2026-03-24 11:13:03 [DEBUG] __main__ — [54d71099] <- data #2  120B  seq=1
2026-03-24 11:13:03 [DEBUG] __main__ — [54d71099] -> #3  109B  seq=2
2026-03-24 11:13:03 [DEBUG] __main__ — [transport:acc1] text-send  len=213  action=data  ms=6
2026-03-24 11:13:03 [DEBUG] __main__ — [54d71099] -> #4  144B  seq=3
2026-03-24 11:13:03 [DEBUG] __main__ — [transport:acc2] text-send  len=257  action=data  ms=4
2026-03-24 11:13:04 [DEBUG] __main__ — [transport:acc1] text-recv  action=data  id=54d71099
2026-03-24 11:13:04 [DEBUG] __main__ — [54d71099] <- data #3  38B  seq=2
2026-03-24 11:13:04 [DEBUG] __main__ — [transport:acc2] text-recv  action=data  id=54d71099
2026-03-24 11:13:04 [DEBUG] __main__ — [54d71099] <- data #4  325B  seq=9
2026-03-24 11:13:05 [DEBUG] __main__ — [transport:acc1] text-recv  action=data  id=54d71099
2026-03-24 11:13:05 [DEBUG] __main__ — [54d71099] <- data #5  476B  seq=6
2026-03-24 11:13:05 [DEBUG] __main__ — [transport:acc2] file-recv  fileId=2998571626  action=data
2026-03-24 11:13:05 [DEBUG] __main__ — [54d71099] <- data #6  10136B  seq=3
2026-03-24 11:13:05 [DEBUG] __main__ — [transport:acc1] file-recv  fileId=2991732876  action=data
2026-03-24 11:13:05 [DEBUG] __main__ — [54d71099] <- data #7  31868B  seq=4
2026-03-24 11:13:06 [DEBUG] __main__ — [transport:acc2] file-recv  fileId=2991989289  action=data
2026-03-24 11:13:06 [DEBUG] __main__ — [54d71099] <- data #8  38608B  seq=5
2026-03-24 11:13:06 [DEBUG] __main__ — [transport:acc1] file-recv  fileId=2996925071  action=data
2026-03-24 11:13:06 [DEBUG] __main__ — [54d71099] <- data #9  32120B  seq=8
2026-03-24 11:13:07 [DEBUG] __main__ — [transport:acc2] file-recv  fileId=2993212138  action=data
2026-03-24 11:13:07 [DEBUG] __main__ — [54d71099] <- data #10  30408B  seq=7
2026-03-24 11:13:07 [DEBUG] __main__ — [54d71099] -> #5  31B  seq=4
2026-03-24 11:13:07 [DEBUG] __main__ — [transport:acc1] text-send  len=109  action=data  ms=7
2026-03-24 11:13:07 [DEBUG] __main__ — [54d71099] local EOF
2026-03-24 11:13:07 [DEBUG] __main__ — [transport:acc2] ctrl-send  len=64  action=close  ms=5
2026-03-24 11:13:08 [INFO] __main__ — DONE 81.19.72.33:443 [54d71099] | ↑894B/5f (0.1 КБ/с)  ↓147839B/10f (24.2 КБ/с)  6.0s
2026-03-24 11:13:11 [DEBUG] __main__ — [transport:acc2] keepalive sent
2026-03-24 11:13:11 [DEBUG] __main__ — [transport:acc1] keepalive sent
2026-03-24 11:13:29 [INFO] __main__ — SOCKS5 → www.google.com:443
2026-03-24 11:13:29 [DEBUG] __main__ — [transport:acc1] ctrl-send  len=88  action=connect  ms=8
2026-03-24 11:13:29 [INFO] __main__ — SOCKS5 → www.google.com:443
2026-03-24 11:13:29 [DEBUG] __main__ — [transport:acc2] ctrl-send  len=88  action=connect  ms=6
2026-03-24 11:13:30 [DEBUG] __main__ — [transport:acc1] text-recv  action=ok  id=7d01a8df
2026-03-24 11:13:30 [DEBUG] __main__ — [7d01a8df] <- ok
2026-03-24 11:13:30 [INFO] __main__ — tunnel www.google.com:443 [7d01a8df]  открыт за ~646 мс
2026-03-24 11:13:30 [DEBUG] __main__ — [7d01a8df] -> #1  1756B  seq=0
2026-03-24 11:13:30 [DEBUG] __main__ — [transport:acc1] file-send  size=1811  action=data
2026-03-24 11:13:30 [INFO] __main__ — SOCKS5 → www.google.com:443
2026-03-24 11:13:30 [DEBUG] __main__ — [transport:acc1] ctrl-send  len=88  action=connect  ms=9
2026-03-24 11:13:30 [DEBUG] __main__ — [transport:acc1] upload ok  fileId=2990461567  size=1811
2026-03-24 11:13:31 [INFO] __main__ — SOCKS5 → www.google.com:443
2026-03-24 11:13:31 [DEBUG] __main__ — [transport:acc2] ctrl-send  len=88  action=connect  ms=7
2026-03-24 11:13:31 [INFO] __main__ — SOCKS5 → www.google.com:443
2026-03-24 11:13:31 [DEBUG] __main__ — [transport:acc1] ctrl-send  len=89  action=connect  ms=10
2026-03-24 11:13:31 [DEBUG] __main__ — [transport:acc1] text-recv  action=ok  id=048adf6f
2026-03-24 11:13:31 [DEBUG] __main__ — [048adf6f] <- ok
2026-03-24 11:13:31 [INFO] __main__ — tunnel www.google.com:443 [048adf6f]  открыт за ~1032 мс
2026-03-24 11:13:31 [DEBUG] __main__ — [048adf6f] -> #1  1788B  seq=0
2026-03-24 11:13:31 [DEBUG] __main__ — [transport:acc1] file-send  size=1843  action=data
2026-03-24 11:13:31 [DEBUG] __main__ — [transport:acc1] пропускаем свой исходящий файл fileId=2990461567
2026-03-24 11:13:31 [INFO] __main__ — SOCKS5 → whatismyipaddress.com:443
2026-03-24 11:13:31 [DEBUG] __main__ — [transport:acc2] ctrl-send  len=95  action=connect  ms=8
2026-03-24 11:13:31 [DEBUG] __main__ — tunnel www.google.com:443 [70f83f0b]  no ok in 2s, retrying connect
2026-03-24 11:13:31 [DEBUG] __main__ — [transport:acc1] upload ok  fileId=2988489464  size=1843
2026-03-24 11:13:32 [DEBUG] __main__ — [transport:acc2] ctrl-send  len=88  action=connect  ms=9
2026-03-24 11:13:32 [DEBUG] __main__ — [transport:acc1] text-recv  action=ok  id=791b38ec
2026-03-24 11:13:32 [DEBUG] __main__ — [791b38ec] <- ok
2026-03-24 11:13:32 [INFO] __main__ — tunnel www.google.com:443 [791b38ec]  открыт за ~1185 мс
2026-03-24 11:13:32 [DEBUG] __main__ — [791b38ec] -> #1  1724B  seq=0
2026-03-24 11:13:32 [DEBUG] __main__ — [transport:acc1] file-send  size=1779  action=data
2026-03-24 11:13:32 [DEBUG] __main__ — [transport:acc1] пропускаем свой исходящий файл fileId=2988489464
2026-03-24 11:13:32 [DEBUG] __main__ — [transport:acc1] upload ok  fileId=2989447320  size=1779
2026-03-24 11:13:33 [DEBUG] __main__ — tunnel www.google.com:443 [8f073256]  no ok in 2s, retrying connect
2026-03-24 11:13:33 [DEBUG] __main__ — [transport:acc2] ctrl-send  len=89  action=connect  ms=10
2026-03-24 11:13:33 [DEBUG] __main__ — [transport:acc1] file-recv  fileId=2993289970  action=data
2026-03-24 11:13:33 [DEBUG] __main__ — [7d01a8df] <- data #1  4075B  seq=0
2026-03-24 11:13:33 [DEBUG] __main__ — [7d01a8df] -> #2  74B  seq=1
2026-03-24 11:13:33 [DEBUG] __main__ — [transport:acc2] text-send  len=166  action=data  ms=11
2026-03-24 11:13:33 [DEBUG] __main__ — [transport:acc1] пропускаем свой исходящий файл fileId=2989447320
2026-03-24 11:13:33 [INFO] __main__ — SOCKS5 → eppo-proxy.phantom.app:443
2026-03-24 11:13:33 [DEBUG] __main__ — [transport:acc1] ctrl-send  len=97  action=connect  ms=11
2026-03-24 11:13:33 [DEBUG] __main__ — tunnel whatismyipaddress.com:443 [9c0fd94a]  no ok in 2s, retrying connect
2026-03-24 11:13:33 [INFO] __main__ — SOCKS5 → blowfish-blocklist-proxy.phantom.app:443
2026-03-24 11:13:33 [DEBUG] __main__ — [transport:acc1] file-recv  fileId=2988923697  action=data
2026-03-24 11:13:33 [DEBUG] __main__ — [048adf6f] <- data #1  4076B  seq=0
2026-03-24 11:13:33 [DEBUG] __main__ — [048adf6f] -> #2  74B  seq=1
2026-03-24 11:13:33 [DEBUG] __main__ — [transport:acc2] text-send  len=166  action=data  ms=12
2026-03-24 11:13:33 [DEBUG] __main__ — [transport:acc1] text-recv  action=ok  id=78923192
2026-03-24 11:13:33 [DEBUG] __main__ — [78923192] <- ok
2026-03-24 11:13:33 [INFO] __main__ — tunnel eppo-proxy.phantom.app:443 [78923192]  открыт за ~317 мс
2026-03-24 11:13:34 [DEBUG] __main__ — [78923192] -> #1  1828B  seq=0
2026-03-24 11:13:34 [DEBUG] __main__ — [transport:acc1] file-send  size=1883  action=data
2026-03-24 11:13:34 [DEBUG] __main__ — [transport:acc2] ctrl-send  len=96  action=connect  ms=13
2026-03-24 11:13:34 [DEBUG] __main__ — [transport:acc1] upload ok  fileId=2993487357  size=1883
2026-03-24 11:13:34 [DEBUG] __main__ — [transport:acc1] file-recv  fileId=2985451920  action=data
2026-03-24 11:13:34 [DEBUG] __main__ — [791b38ec] <- data #1  4074B  seq=0
2026-03-24 11:13:34 [DEBUG] __main__ — [791b38ec] -> #2  74B  seq=1
2026-03-24 11:13:34 [DEBUG] __main__ — [transport:acc2] text-send  len=166  action=data  ms=14
2026-03-24 11:13:34 [INFO] __main__ — SOCKS5 → anonymous.ads.brave.com:443
2026-03-24 11:13:34 [DEBUG] __main__ — [transport:acc1] ctrl-send  len=98  action=connect  ms=12
2026-03-24 11:13:34 [DEBUG] __main__ — [transport:acc1] пропускаем свой исходящий файл fileId=2993487357
2026-03-24 11:13:34 [DEBUG] __main__ — tunnel www.google.com:443 [70f83f0b]  no ok in 3s, retrying connect
2026-03-24 11:13:35 [DEBUG] __main__ — [transport:acc2] ctrl-send  len=111  action=connect  ms=15
2026-03-24 11:13:35 [DEBUG] __main__ — [transport:acc1] text-recv  action=ok  id=21dba4fd
2026-03-24 11:13:35 [DEBUG] __main__ — [21dba4fd] <- ok
2026-03-24 11:13:35 [INFO] __main__ — tunnel anonymous.ads.brave.com:443 [21dba4fd]  открыт за ~597 мс
2026-03-24 11:13:35 [DEBUG] __main__ — [21dba4fd] -> #1  1733B  seq=0
2026-03-24 11:13:35 [DEBUG] __main__ — [transport:acc1] file-send  size=1788  action=data
2026-03-24 11:13:35 [DEBUG] __main__ — [transport:acc1] upload ok  fileId=2996431672  size=1788
2026-03-24 11:13:35 [DEBUG] __main__ — tunnel blowfish-blocklist-proxy.phantom.app:443 [eb02b524]  no ok in 2s, retrying connect
2026-03-24 11:13:35 [DEBUG] __main__ — [transport:acc1] пропускаем свой исходящий файл fileId=2996431672
2026-03-24 11:13:35 [DEBUG] __main__ — [transport:acc1] file-recv  fileId=2996157649  action=data
2026-03-24 11:13:35 [DEBUG] __main__ — [78923192] <- data #1  3468B  seq=0
2026-03-24 11:13:35 [DEBUG] __main__ — [78923192] -> #2  64B  seq=1
2026-03-24 11:13:35 [DEBUG] __main__ — [transport:acc2] text-send  len=154  action=data  ms=16
2026-03-24 11:13:35 [DEBUG] __main__ — [78923192] -> #3  696B  seq=2
2026-03-24 11:13:35 [DEBUG] __main__ — [transport:acc1] text-send  len=994  action=data  ms=13
2026-03-24 11:13:36 [DEBUG] __main__ — tunnel www.google.com:443 [8f073256]  no ok in 3s, retrying connect
2026-03-24 11:13:36 [DEBUG] __main__ — [transport:acc2] ctrl-send  len=89  action=connect  ms=17
2026-03-24 11:13:36 [DEBUG] __main__ — [transport:acc2] keepalive sent
2026-03-24 11:13:36 [DEBUG] __main__ — [transport:acc1] keepalive sent
2026-03-24 11:13:36 [DEBUG] __main__ — tunnel whatismyipaddress.com:443 [9c0fd94a]  no ok in 3s, retrying connect
2026-03-24 11:13:37 [DEBUG] __main__ — [transport:acc2] ctrl-send  len=111  action=connect  ms=18
2026-03-24 11:13:37 [DEBUG] __main__ — [transport:acc1] file-recv  fileId=2993715992  action=data
2026-03-24 11:13:37 [DEBUG] __main__ — [21dba4fd] <- data #1  7354B  seq=0
2026-03-24 11:13:37 [DEBUG] __main__ — [21dba4fd] -> #2  64B  seq=1
2026-03-24 11:13:37 [DEBUG] __main__ — [transport:acc2] text-send  len=154  action=data  ms=19
2026-03-24 11:13:37 [DEBUG] __main__ — [21dba4fd] -> #3  657B  seq=2
2026-03-24 11:13:37 [DEBUG] __main__ — [transport:acc1] text-send  len=942  action=data  ms=14
2026-03-24 11:13:38 [DEBUG] __main__ — [transport:acc2] ctrl-send  len=89  action=connect  ms=20
2026-03-24 11:13:38 [DEBUG] __main__ — [78923192] -> #4  35B  seq=3
2026-03-24 11:13:38 [DEBUG] __main__ — [transport:acc2] text-send  len=114  action=data  ms=21
2026-03-24 11:13:38 [DEBUG] __main__ — tunnel blowfish-blocklist-proxy.phantom.app:443 [eb02b524]  no ok in 3s, retrying connect
2026-03-24 11:13:38 [DEBUG] __main__ — tunnel www.google.com:443 [70f83f0b]  no ok in 4s, retrying connect
2026-03-24 11:13:39 [DEBUG] __main__ — [transport:acc2] ctrl-send  len=96  action=connect  ms=22
2026-03-24 11:13:40 [DEBUG] __main__ — tunnel www.google.com:443 [8f073256]  no ok in 4s, retrying connect
2026-03-24 11:13:40 [DEBUG] __main__ — [transport:acc2] ctrl-send  len=111  action=connect  ms=23
2026-03-24 11:13:40 [DEBUG] __main__ — [transport:acc1] text-recv  action=closed  id=7d01a8df
2026-03-24 11:13:40 [DEBUG] __main__ — [7d01a8df] <- closed by server
2026-03-24 11:13:40 [DEBUG] __main__ — tunnel whatismyipaddress.com:443 [9c0fd94a]  no ok in 4s, retrying connect
2026-03-24 11:13:41 [DEBUG] __main__ — [transport:acc2] ctrl-send  len=89  action=connect  ms=24
2026-03-24 11:13:41 [DEBUG] __main__ — [transport:acc1] text-recv  action=closed  id=048adf6f
2026-03-24 11:13:41 [DEBUG] __main__ — [048adf6f] <- closed by server
2026-03-24 11:13:42 [DEBUG] __main__ — [transport:acc2] ctrl-send  len=89  action=connect  ms=25
2026-03-24 11:13:42 [DEBUG] __main__ — [transport:acc1] text-recv  action=closed  id=791b38ec
2026-03-24 11:13:42 [DEBUG] __main__ — [791b38ec] <- closed by server
2026-03-24 11:13:42 [DEBUG] __main__ — tunnel blowfish-blocklist-proxy.phantom.app:443 [eb02b524]  no ok in 4s, retrying connect
2026-03-24 11:13:43 [DEBUG] __main__ — [transport:acc2] ctrl-send  len=96  action=connect  ms=26
2026-03-24 11:13:43 [INFO] __main__ — tunnel www.google.com:443 [70f83f0b]  TIMEOUT
2026-03-24 11:13:43 [INFO] __main__ — SOCKS5 → www.google.com:443
2026-03-24 11:13:44 [DEBUG] __main__ — [transport:acc2] ctrl-send  len=111  action=connect  ms=27
2026-03-24 11:13:45 [INFO] __main__ — tunnel www.google.com:443 [8f073256]  TIMEOUT
2026-03-24 11:13:45 [INFO] __main__ — SOCKS5 → www.google.com:443
2026-03-24 11:13:45 [DEBUG] __main__ — [transport:acc1] ctrl-send  len=89  action=connect  ms=15
2026-03-24 11:13:45 [DEBUG] __main__ — [transport:acc2] ctrl-send  len=89  action=connect  ms=28
2026-03-24 11:13:45 [DEBUG] __main__ — [transport:acc1] text-recv  action=ok  id=fce02dc6
2026-03-24 11:13:45 [DEBUG] __main__ — [fce02dc6] <- ok
2026-03-24 11:13:45 [INFO] __main__ — tunnel www.google.com:443 [fce02dc6]  открыт за ~331 мс
2026-03-24 11:13:45 [DEBUG] __main__ — [fce02dc6] -> #1  1820B  seq=0
2026-03-24 11:13:45 [DEBUG] __main__ — [transport:acc1] file-send  size=1875  action=data
2026-03-24 11:13:45 [INFO] __main__ — tunnel whatismyipaddress.com:443 [9c0fd94a]  TIMEOUT
2026-03-24 11:13:45 [INFO] __main__ — SOCKS5 → whatismyipaddress.com:443
2026-03-24 11:13:45 [DEBUG] __main__ — tunnel www.google.com:443 [15d152ec]  no ok in 2s, retrying connect
2026-03-24 11:13:45 [DEBUG] __main__ — [transport:acc1] upload ok  fileId=2985322388  size=1875
2026-03-24 11:13:46 [DEBUG] __main__ — [transport:acc2] ctrl-send  len=96  action=connect  ms=29
2026-03-24 11:13:46 [DEBUG] __main__ — [transport:acc1] пропускаем свой исходящий файл fileId=2985322388
2026-03-24 11:13:47 [DEBUG] __main__ — [transport:acc2] ctrl-send  len=89  action=connect  ms=30
2026-03-24 11:13:47 [DEBUG] __main__ — [transport:acc1] file-recv  fileId=2993924286  action=data
2026-03-24 11:13:47 [DEBUG] __main__ — [fce02dc6] <- data #1  4075B  seq=0
2026-03-24 11:13:47 [DEBUG] __main__ — [fce02dc6] -> #2  74B  seq=1
2026-03-24 11:13:47 [DEBUG] __main__ — [transport:acc2] text-send  len=166  action=data  ms=31
2026-03-24 11:13:47 [DEBUG] __main__ — tunnel whatismyipaddress.com:443 [7a4f11df]  no ok in 2s, retrying connect
2026-03-24 11:13:47 [INFO] __main__ — tunnel blowfish-blocklist-proxy.phantom.app:443 [eb02b524]  TIMEOUT
2026-03-24 11:13:47 [INFO] __main__ — SOCKS5 → blowfish-blocklist-proxy.phantom.app:443
2026-03-24 11:13:47 [DEBUG] __main__ — [transport:acc1] ctrl-send  len=111  action=connect  ms=16
2026-03-24 11:13:48 [DEBUG] __main__ — [transport:acc2] ctrl-send  len=96  action=connect  ms=32
2026-03-24 11:13:48 [DEBUG] __main__ — [transport:acc1] text-recv  action=ok  id=7d4950ca
2026-03-24 11:13:48 [DEBUG] __main__ — [7d4950ca] <- ok
2026-03-24 11:13:48 [INFO] __main__ — tunnel blowfish-blocklist-proxy.phantom.app:443 [7d4950ca]  открыт за ~335 мс
2026-03-24 11:13:48 [DEBUG] __main__ — [7d4950ca] -> #1  1746B  seq=0
2026-03-24 11:13:48 [DEBUG] __main__ — [transport:acc1] file-send  size=1801  action=data
2026-03-24 11:13:48 [DEBUG] __main__ — [transport:acc1] upload ok  fileId=2997508122  size=1801
2026-03-24 11:13:48 [DEBUG] __main__ — tunnel www.google.com:443 [15d152ec]  no ok in 3s, retrying connect
2026-03-24 11:13:48 [DEBUG] __main__ — [transport:acc1] пропускаем свой исходящий файл fileId=2997508122
2026-03-24 11:13:49 [DEBUG] __main__ — [transport:acc2] ctrl-send  len=89  action=connect  ms=33
2026-03-24 11:13:49 [DEBUG] __main__ — [transport:acc1] text-recv  action=closed  id=78923192
2026-03-24 11:13:49 [DEBUG] __main__ — [78923192] <- closed by server
2026-03-24 11:13:50 [DEBUG] __main__ — [transport:acc1] file-recv  fileId=2995229059  action=data
2026-03-24 11:13:50 [DEBUG] __main__ — [7d4950ca] <- data #1  3501B  seq=0
2026-03-24 11:13:50 [DEBUG] __main__ — [7d4950ca] -> #2  64B  seq=1
2026-03-24 11:13:50 [DEBUG] __main__ — [transport:acc2] text-send  len=154  action=data  ms=34
2026-03-24 11:13:50 [DEBUG] __main__ — [7d4950ca] -> #3  982B  seq=2
2026-03-24 11:13:50 [DEBUG] __main__ — [transport:acc1] file-send  size=1037  action=data
2026-03-24 11:13:50 [DEBUG] __main__ — tunnel whatismyipaddress.com:443 [7a4f11df]  no ok in 3s, retrying connect
2026-03-24 11:13:50 [DEBUG] __main__ — [transport:acc2] ctrl-send  len=96  action=connect  ms=35
2026-03-24 11:13:50 [DEBUG] __main__ — [transport:acc1] upload ok  fileId=2984235560  size=1037
2026-03-24 11:13:51 [DEBUG] __main__ — [transport:acc1] пропускаем свой исходящий файл fileId=2984235560
2026-03-24 11:13:52 [DEBUG] __main__ — tunnel www.google.com:443 [15d152ec]  no ok in 4s, retrying connect
2026-03-24 11:13:52 [DEBUG] __main__ — [transport:acc2] ctrl-send  len=89  action=connect  ms=36
2026-03-24 11:13:54 [DEBUG] __main__ — tunnel whatismyipaddress.com:443 [7a4f11df]  no ok in 4s, retrying connect
2026-03-24 11:13:54 [DEBUG] __main__ — [transport:acc2] ctrl-send  len=96  action=connect  ms=37
2026-03-24 11:13:55 [DEBUG] __main__ — [transport:acc1] text-recv  action=closed  id=fce02dc6
2026-03-24 11:13:55 [DEBUG] __main__ — [fce02dc6] <- closed by server
2026-03-24 11:13:57 [INFO] __main__ — tunnel www.google.com:443 [15d152ec]  TIMEOUT
2026-03-24 11:13:59 [INFO] __main__ — tunnel whatismyipaddress.com:443 [7a4f11df]  TIMEOUT
2026-03-24 11:13:59 [INFO] __main__ — SOCKS5 → api.suiet.app:443
2026-03-24 11:13:59 [DEBUG] __main__ — [transport:acc2] ctrl-send  len=88  action=connect  ms=38
2026-03-24 11:14:01 [DEBUG] __main__ — [transport:acc2] keepalive sent
2026-03-24 11:14:01 [DEBUG] __main__ — [transport:acc1] keepalive sent
2026-03-24 11:14:01 [DEBUG] __main__ — tunnel api.suiet.app:443 [d444642d]  no ok in 2s, retrying connect
2026-03-24 11:14:01 [DEBUG] __main__ — [transport:acc2] ctrl-send  len=88  action=connect  ms=39
2026-03-24 11:14:03 [DEBUG] __main__ — [transport:acc1] text-recv  action=closed  id=7d4950ca
2026-03-24 11:14:03 [DEBUG] __main__ — [7d4950ca] <- closed by server
2026-03-24 11:14:04 [DEBUG] __main__ — tunnel api.suiet.app:443 [d444642d]  no ok in 3s, retrying connect
2026-03-24 11:14:04 [DEBUG] __main__ — [transport:acc2] ctrl-send  len=88  action=connect  ms=40
2026-03-24 11:14:06 [INFO] __main__ — SOCKS5 → 188.40.167.82:443
2026-03-24 11:14:06 [DEBUG] __main__ — [transport:acc1] ctrl-send  len=88  action=connect  ms=17
2026-03-24 11:14:06 [DEBUG] __main__ — [transport:acc1] text-recv  action=ok  id=afc216ab
2026-03-24 11:14:06 [DEBUG] __main__ — [afc216ab] <- ok
2026-03-24 11:14:06 [INFO] __main__ — tunnel 188.40.167.82:443 [afc216ab]  открыт за ~264 мс
2026-03-24 11:14:06 [DEBUG] __main__ — [afc216ab] -> #1  517B  seq=0
2026-03-24 11:14:06 [DEBUG] __main__ — [transport:acc1] text-send  len=758  action=data  ms=18
2026-03-24 11:14:07 [DEBUG] __main__ — [transport:acc1] file-recv  fileId=2997321810  action=data
2026-03-24 11:14:07 [DEBUG] __main__ — [afc216ab] <- data #1  3134B  seq=0
2026-03-24 11:14:07 [DEBUG] __main__ — [afc216ab] -> #2  80B  seq=1
2026-03-24 11:14:07 [DEBUG] __main__ — [transport:acc2] text-send  len=174  action=data  ms=41
2026-03-24 11:14:07 [DEBUG] __main__ — [afc216ab] -> #3  95B  seq=2
2026-03-24 11:14:07 [DEBUG] __main__ — [transport:acc1] text-send  len=194  action=data  ms=19
2026-03-24 11:14:07 [DEBUG] __main__ — [afc216ab] -> #4  91B  seq=3
2026-03-24 11:14:07 [DEBUG] __main__ — [transport:acc2] text-send  len=190  action=data  ms=42
2026-03-24 11:14:08 [DEBUG] __main__ — tunnel api.suiet.app:443 [d444642d]  no ok in 4s, retrying connect
2026-03-24 11:14:08 [DEBUG] __main__ — [transport:acc2] ctrl-send  len=88  action=connect  ms=43
2026-03-24 11:14:13 [INFO] __main__ — tunnel api.suiet.app:443 [d444642d]  TIMEOUT
2026-03-24 11:14:13 [INFO] __main__ — SOCKS5 → api.suiet.app:443
2026-03-24 11:14:13 [DEBUG] __main__ — [transport:acc2] ctrl-send  len=88  action=connect  ms=44
2026-03-24 11:14:15 [DEBUG] __main__ — tunnel api.suiet.app:443 [46b03aa4]  no ok in 2s, retrying connect
2026-03-24 11:14:15 [DEBUG] __main__ — [transport:acc2] ctrl-send  len=88  action=connect  ms=45
2026-03-24 11:14:18 [DEBUG] __main__ — tunnel api.suiet.app:443 [46b03aa4]  no ok in 3s, retrying connect
2026-03-24 11:14:18 [DEBUG] __main__ — [transport:acc2] ctrl-send  len=88  action=connect  ms=46
2026-03-24 11:14:24 [ERROR] asyncio — Unclosed client session
client_session: <aiohttp.client.ClientSession object at 0x7e74f82428c0>
2026-03-24 11:14:24 [ERROR] asyncio — Unclosed connector
connections: ['[(<aiohttp.client_proto.ResponseHandler object at 0x7e74f838cfa0>, 126250.663995686)]']
connector: <aiohttp.connector.TCPConnector object at 0x7e74f83bc790>
