2026-03-24 11:26:07 [INFO] __main__ — SOCKS5 запущен  127.0.0.1:1080  transports=2
2026-03-24 11:26:08 [INFO] __main__ — Авторизован [acc1], chatId=0 (self-chat)
2026-03-24 11:26:08 [INFO] __main__ — Авторизован [acc2], chatId=0 (self-chat)
2026-03-24 11:26:11 [INFO] __main__ — SOCKS5 → 81.19.72.34:443
2026-03-24 11:26:11 [DEBUG] __main__ — [transport:acc1] ctrl-send  len=85  action=connect  ms=0
2026-03-24 11:26:11 [DEBUG] __main__ — [transport:acc1] text-recv  action=ok  id=db1dc30b
2026-03-24 11:26:11 [DEBUG] __main__ — [db1dc30b] <- ok
2026-03-24 11:26:11 [INFO] __main__ — tunnel 81.19.72.34:443 [db1dc30b]  открыт за ~282 мс
2026-03-24 11:26:11 [DEBUG] __main__ — [db1dc30b] -> #1  517B  seq=0
2026-03-24 11:26:11 [DEBUG] __main__ — [transport:acc1] text-send  len=757  action=data  ms=1
2026-03-24 11:26:14 [DEBUG] __main__ — [transport:acc1] file-recv  fileId=2985208684  action=data
2026-03-24 11:26:14 [DEBUG] __main__ — [db1dc30b] <- data #1  3739B  seq=0
2026-03-24 11:26:14 [DEBUG] __main__ — [db1dc30b] -> #2  93B  seq=1
2026-03-24 11:26:14 [DEBUG] __main__ — [transport:acc2] text-send  len=189  action=data  ms=0
2026-03-24 11:26:14 [DEBUG] __main__ — [transport:acc2] text-recv  action=data  id=db1dc30b
2026-03-24 11:26:14 [DEBUG] __main__ — [db1dc30b] <- data #2  120B  seq=1
2026-03-24 11:26:14 [DEBUG] __main__ — [db1dc30b] -> #3  53B  seq=2
2026-03-24 11:26:14 [DEBUG] __main__ — [transport:acc1] text-send  len=137  action=data  ms=2
2026-03-24 11:26:14 [DEBUG] __main__ — [db1dc30b] -> #4  200B  seq=3
2026-03-24 11:26:14 [DEBUG] __main__ — [transport:acc2] text-send  len=333  action=data  ms=1
2026-03-24 11:26:16 [DEBUG] __main__ — [transport:acc1] file-recv  fileId=2994513262  action=data
2026-03-24 11:26:16 [DEBUG] __main__ — [db1dc30b] <- data #3  2274B  seq=2
2026-03-24 11:26:17 [DEBUG] __main__ — [transport:acc1] file-recv  fileId=2987110794  action=data
2026-03-24 11:26:17 [DEBUG] __main__ — [db1dc30b] <- data #4  40544B  seq=4
2026-03-24 11:26:17 [DEBUG] __main__ — [transport:acc2] file-recv  fileId=2984201117  action=data
2026-03-24 11:26:17 [DEBUG] __main__ — [db1dc30b] <- data #5  40544B  seq=3
2026-03-24 11:26:17 [DEBUG] __main__ — [transport:acc2] file-recv  fileId=2993538152  action=data
2026-03-24 11:26:17 [DEBUG] __main__ — [db1dc30b] <- data #6  60713B  seq=5
2026-03-24 11:26:17 [DEBUG] __main__ — [db1dc30b] -> #5  31B  seq=4
2026-03-24 11:26:17 [DEBUG] __main__ — [transport:acc1] text-send  len=109  action=data  ms=3
2026-03-24 11:26:17 [DEBUG] __main__ — [db1dc30b] local EOF
2026-03-24 11:26:17 [DEBUG] __main__ — [transport:acc1] ctrl-send  len=64  action=close  ms=4
2026-03-24 11:26:18 [INFO] __main__ — DONE 81.19.72.34:443 [db1dc30b] | ↑894B/5f (0.1 КБ/с)  ↓147934B/6f (19.6 КБ/с)  7.4s
2026-03-24 11:26:20 [INFO] __main__ — SOCKS5 → 81.19.72.34:443
2026-03-24 11:26:20 [DEBUG] __main__ — [transport:acc2] ctrl-send  len=85  action=connect  ms=2
2026-03-24 11:26:21 [DEBUG] __main__ — [transport:acc2] text-recv  action=ok  id=e724110f
2026-03-24 11:26:21 [DEBUG] __main__ — [e724110f] <- ok
2026-03-24 11:26:21 [INFO] __main__ — tunnel 81.19.72.34:443 [e724110f]  открыт за ~789 мс
2026-03-24 11:26:21 [DEBUG] __main__ — [e724110f] -> #1  517B  seq=0
2026-03-24 11:26:21 [DEBUG] __main__ — [transport:acc1] text-send  len=757  action=data  ms=5
2026-03-24 11:26:22 [DEBUG] __main__ — [transport:acc1] file-recv  fileId=2992215770  action=data
2026-03-24 11:26:22 [DEBUG] __main__ — [e724110f] <- data #1  3741B  seq=0
2026-03-24 11:26:22 [DEBUG] __main__ — [e724110f] -> #2  93B  seq=1
2026-03-24 11:26:22 [DEBUG] __main__ — [transport:acc2] text-send  len=189  action=data  ms=3
2026-03-24 11:26:23 [DEBUG] __main__ — [transport:acc2] text-recv  action=data  id=e724110f
2026-03-24 11:26:23 [DEBUG] __main__ — [e724110f] <- data #2  120B  seq=1
2026-03-24 11:26:23 [DEBUG] __main__ — [e724110f] -> #3  253B  seq=2
2026-03-24 11:26:23 [DEBUG] __main__ — [transport:acc1] text-send  len=405  action=data  ms=6
2026-03-24 11:26:24 [DEBUG] __main__ — [transport:acc1] file-recv  fileId=2992203239  action=data
2026-03-24 11:26:24 [DEBUG] __main__ — [e724110f] <- data #3  13857B  seq=2
2026-03-24 11:26:24 [DEBUG] __main__ — [transport:acc2] file-recv  fileId=2998355988  action=data
2026-03-24 11:26:24 [DEBUG] __main__ — [e724110f] <- data #4  45068B  seq=3
2026-03-24 11:26:25 [DEBUG] __main__ — [transport:acc1] file-recv  fileId=2991940403  action=data
2026-03-24 11:26:25 [DEBUG] __main__ — [e724110f] <- data #5  41812B  seq=4
2026-03-24 11:26:25 [DEBUG] __main__ — [transport:acc2] file-recv  fileId=2986571436  action=data
2026-03-24 11:26:25 [DEBUG] __main__ — [e724110f] <- data #6  42076B  seq=5
2026-03-24 11:26:25 [DEBUG] __main__ — [transport:acc1] file-recv  fileId=2983681100  action=data
2026-03-24 11:26:25 [DEBUG] __main__ — [e724110f] <- data #7  1261B  seq=6
2026-03-24 11:26:25 [DEBUG] __main__ — [e724110f] -> #4  31B  seq=3
2026-03-24 11:26:25 [DEBUG] __main__ — [transport:acc2] text-send  len=109  action=data  ms=4
2026-03-24 11:26:25 [DEBUG] __main__ — [e724110f] local EOF
2026-03-24 11:26:25 [DEBUG] __main__ — [transport:acc2] ctrl-send  len=64  action=close  ms=5
2026-03-24 11:26:26 [INFO] __main__ — DONE 81.19.72.34:443 [e724110f] | ↑894B/4f (0.2 КБ/с)  ↓147935B/7f (26.8 КБ/с)  5.4s
2026-03-24 11:26:31 [INFO] __main__ — SOCKS5 → 81.19.72.34:443
2026-03-24 11:26:31 [DEBUG] __main__ — [transport:acc1] ctrl-send  len=85  action=connect  ms=7
2026-03-24 11:26:31 [DEBUG] __main__ — [transport:acc1] text-recv  action=ok  id=953792f4
2026-03-24 11:26:31 [DEBUG] __main__ — [953792f4] <- ok
2026-03-24 11:26:31 [INFO] __main__ — tunnel 81.19.72.34:443 [953792f4]  открыт за ~295 мс
2026-03-24 11:26:31 [DEBUG] __main__ — [953792f4] -> #1  517B  seq=0
2026-03-24 11:26:31 [DEBUG] __main__ — [transport:acc1] text-send  len=757  action=data  ms=8
2026-03-24 11:26:32 [DEBUG] __main__ — [transport:acc1] file-recv  fileId=2995642996  action=data
2026-03-24 11:26:32 [DEBUG] __main__ — [953792f4] <- data #1  3739B  seq=0
2026-03-24 11:26:32 [DEBUG] __main__ — [953792f4] -> #2  93B  seq=1
2026-03-24 11:26:32 [DEBUG] __main__ — [transport:acc2] text-send  len=189  action=data  ms=6
2026-03-24 11:26:33 [DEBUG] __main__ — [transport:acc2] text-recv  action=data  id=953792f4
2026-03-24 11:26:33 [DEBUG] __main__ — [953792f4] <- data #2  120B  seq=1
2026-03-24 11:26:33 [DEBUG] __main__ — [953792f4] -> #3  215B  seq=2
2026-03-24 11:26:33 [DEBUG] __main__ — [transport:acc1] text-send  len=353  action=data  ms=9
2026-03-24 11:26:33 [DEBUG] __main__ — [953792f4] -> #4  38B  seq=3
2026-03-24 11:26:33 [DEBUG] __main__ — [transport:acc2] text-send  len=117  action=data  ms=7
2026-03-24 11:26:33 [DEBUG] __main__ — [transport:acc2] keepalive sent
2026-03-24 11:26:33 [DEBUG] __main__ — [transport:acc1] keepalive sent
2026-03-24 11:26:33 [DEBUG] __main__ — [transport:acc1] text-recv  action=data  id=953792f4
2026-03-24 11:26:33 [DEBUG] __main__ — [953792f4] <- data #3  38B  seq=2
2026-03-24 11:26:34 [DEBUG] __main__ — [transport:acc2] text-recv  action=data  id=953792f4
2026-03-24 11:26:34 [DEBUG] __main__ — [953792f4] <- data #4  362B  seq=7
2026-03-24 11:26:35 [DEBUG] __main__ — [transport:acc2] file-recv  fileId=2997707802  action=data
2026-03-24 11:26:35 [DEBUG] __main__ — [953792f4] <- data #5  24616B  seq=3
2026-03-24 11:26:35 [DEBUG] __main__ — [transport:acc1] file-recv  fileId=2994547287  action=data
2026-03-24 11:26:35 [DEBUG] __main__ — [953792f4] <- data #6  40724B  seq=4
2026-03-24 11:26:36 [DEBUG] __main__ — [transport:acc1] file-recv  fileId=2981866999  action=data
2026-03-24 11:26:36 [DEBUG] __main__ — [953792f4] <- data #7  37864B  seq=6
2026-03-24 11:26:36 [DEBUG] __main__ — [transport:acc2] file-recv  fileId=2990602740  action=data
2026-03-24 11:26:36 [DEBUG] __main__ — [953792f4] <- data #8  40400B  seq=5
2026-03-24 11:26:36 [DEBUG] __main__ — [953792f4] -> #5  31B  seq=4
2026-03-24 11:26:36 [DEBUG] __main__ — [transport:acc1] text-send  len=110  action=data  ms=10
2026-03-24 11:26:36 [DEBUG] __main__ — [953792f4] local EOF
2026-03-24 11:26:36 [DEBUG] __main__ — [transport:acc1] ctrl-send  len=65  action=close  ms=11
2026-03-24 11:26:37 [INFO] __main__ — DONE 81.19.72.34:443 [953792f4] | ↑894B/5f (0.1 КБ/с)  ↓147863B/8f (24.7 КБ/с)  5.8s
2026-03-24 11:26:58 [DEBUG] __main__ — [transport:acc2] keepalive sent
2026-03-24 11:26:58 [DEBUG] __main__ — [transport:acc1] keepalive sent
2026-03-24 11:27:23 [DEBUG] __main__ — [transport:acc2] keepalive sent
2026-03-24 11:27:23 [DEBUG] __main__ — [transport:acc1] keepalive sent
2026-03-24 11:27:48 [DEBUG] __main__ — [transport:acc2] keepalive sent
2026-03-24 11:27:48 [DEBUG] __main__ — [transport:acc1] keepalive sent
2026-03-24 11:28:13 [DEBUG] __main__ — [transport:acc2] keepalive sent
2026-03-24 11:28:13 [DEBUG] __main__ — [transport:acc1] keepalive sent
2026-03-24 11:28:15 [INFO] __main__ — SOCKS5 → 81.19.72.33:443
2026-03-24 11:28:15 [DEBUG] __main__ — [transport:acc2] ctrl-send  len=85  action=connect  ms=8
2026-03-24 11:28:15 [DEBUG] __main__ — [transport:acc2] text-recv  action=ok  id=0396d877
2026-03-24 11:28:15 [DEBUG] __main__ — [0396d877] <- ok
2026-03-24 11:28:15 [INFO] __main__ — tunnel 81.19.72.33:443 [0396d877]  открыт за ~260 мс
2026-03-24 11:28:15 [DEBUG] __main__ — [0396d877] -> #1  517B  seq=0
2026-03-24 11:28:15 [DEBUG] __main__ — [transport:acc1] text-send  len=758  action=data  ms=12
2026-03-24 11:28:18 [DEBUG] __main__ — [transport:acc1] file-recv  fileId=2993656278  action=data
2026-03-24 11:28:18 [DEBUG] __main__ — [0396d877] <- data #1  3741B  seq=0
2026-03-24 11:28:18 [DEBUG] __main__ — [0396d877] -> #2  93B  seq=1
2026-03-24 11:28:18 [DEBUG] __main__ — [transport:acc2] text-send  len=189  action=data  ms=9
2026-03-24 11:28:18 [DEBUG] __main__ — [transport:acc2] text-recv  action=data  id=0396d877
2026-03-24 11:28:18 [DEBUG] __main__ — [0396d877] <- data #2  120B  seq=1
2026-03-24 11:28:18 [DEBUG] __main__ — [0396d877] -> #3  109B  seq=2
2026-03-24 11:28:18 [DEBUG] __main__ — [transport:acc1] text-send  len=214  action=data  ms=13
2026-03-24 11:28:18 [DEBUG] __main__ — [0396d877] -> #4  106B  seq=3
2026-03-24 11:28:18 [DEBUG] __main__ — [transport:acc2] text-send  len=210  action=data  ms=10
2026-03-24 11:28:18 [DEBUG] __main__ — [0396d877] -> #5  38B  seq=4
2026-03-24 11:28:18 [DEBUG] __main__ — [transport:acc1] text-send  len=118  action=data  ms=14
2026-03-24 11:28:19 [DEBUG] __main__ — [transport:acc1] text-recv  action=data  id=0396d877
2026-03-24 11:28:19 [DEBUG] __main__ — [0396d877] <- data #3  38B  seq=2
2026-03-24 11:28:20 [DEBUG] __main__ — [transport:acc1] file-recv  fileId=2996136270  action=data
2026-03-24 11:28:20 [DEBUG] __main__ — [0396d877] <- data #4  47940B  seq=4
2026-03-24 11:28:21 [DEBUG] __main__ — [transport:acc2] file-recv  fileId=3002988046  action=data
2026-03-24 11:28:21 [DEBUG] __main__ — [0396d877] <- data #5  30444B  seq=3
2026-03-24 11:28:21 [DEBUG] __main__ — [transport:acc1] file-recv  fileId=2993411797  action=data
2026-03-24 11:28:21 [DEBUG] __main__ — [0396d877] <- data #6  22267B  seq=6
2026-03-24 11:28:21 [DEBUG] __main__ — [transport:acc2] file-recv  fileId=2991734448  action=data
2026-03-24 11:28:21 [DEBUG] __main__ — [0396d877] <- data #7  43344B  seq=5
2026-03-24 11:28:21 [DEBUG] __main__ — [0396d877] -> #6  31B  seq=5
2026-03-24 11:28:21 [DEBUG] __main__ — [transport:acc2] text-send  len=110  action=data  ms=11
2026-03-24 11:28:21 [DEBUG] __main__ — [0396d877] local EOF
2026-03-24 11:28:21 [DEBUG] __main__ — [transport:acc2] ctrl-send  len=65  action=close  ms=12
2026-03-24 11:28:22 [INFO] __main__ — DONE 81.19.72.33:443 [0396d877] | ↑894B/6f (0.1 КБ/с)  ↓147894B/7f (22.0 КБ/с)  6.6s
2026-03-24 11:28:27 [INFO] __main__ — SOCKS5 → 81.19.72.34:443
2026-03-24 11:28:27 [DEBUG] __main__ — [transport:acc1] ctrl-send  len=86  action=connect  ms=15
2026-03-24 11:28:27 [DEBUG] __main__ — [transport:acc1] text-recv  action=ok  id=743e0c00
2026-03-24 11:28:27 [DEBUG] __main__ — [743e0c00] <- ok
2026-03-24 11:28:27 [INFO] __main__ — tunnel 81.19.72.34:443 [743e0c00]  открыт за ~267 мс
2026-03-24 11:28:27 [DEBUG] __main__ — [743e0c00] -> #1  517B  seq=0
2026-03-24 11:28:27 [DEBUG] __main__ — [transport:acc1] text-send  len=758  action=data  ms=16
2026-03-24 11:28:29 [DEBUG] __main__ — [transport:acc1] file-recv  fileId=2997876006  action=data
2026-03-24 11:28:29 [DEBUG] __main__ — [743e0c00] <- data #1  3741B  seq=0
2026-03-24 11:28:29 [DEBUG] __main__ — [743e0c00] -> #2  93B  seq=1
2026-03-24 11:28:29 [DEBUG] __main__ — [transport:acc2] text-send  len=190  action=data  ms=13
2026-03-24 11:28:29 [DEBUG] __main__ — [transport:acc2] text-recv  action=data  id=743e0c00
2026-03-24 11:28:29 [DEBUG] __main__ — [743e0c00] <- data #2  120B  seq=1
2026-03-24 11:28:29 [DEBUG] __main__ — [743e0c00] -> #3  253B  seq=2
2026-03-24 11:28:29 [DEBUG] __main__ — [transport:acc1] text-send  len=406  action=data  ms=17
2026-03-24 11:28:30 [DEBUG] __main__ — [transport:acc1] text-recv  action=data  id=743e0c00
2026-03-24 11:28:30 [DEBUG] __main__ — [743e0c00] <- data #3  512B  seq=4
2026-03-24 11:28:30 [DEBUG] __main__ — [transport:acc1] file-recv  fileId=2991737008  action=data
2026-03-24 11:28:30 [DEBUG] __main__ — [743e0c00] <- data #4  3723B  seq=2
2026-03-24 11:28:30 [DEBUG] __main__ — [transport:acc2] file-recv  fileId=2990840239  action=data
2026-03-24 11:28:30 [DEBUG] __main__ — [743e0c00] <- data #5  35688B  seq=3
2026-03-24 11:28:31 [DEBUG] __main__ — [transport:acc2] file-recv  fileId=2999195963  action=data
2026-03-24 11:28:31 [DEBUG] __main__ — [743e0c00] <- data #6  42028B  seq=5
2026-03-24 11:28:31 [DEBUG] __main__ — [transport:acc1] file-recv  fileId=2994624548  action=data
2026-03-24 11:28:31 [DEBUG] __main__ — [743e0c00] <- data #7  62082B  seq=6
2026-03-24 11:28:31 [DEBUG] __main__ — [743e0c00] -> #4  31B  seq=3
2026-03-24 11:28:31 [DEBUG] __main__ — [transport:acc2] text-send  len=110  action=data  ms=14
2026-03-24 11:28:31 [DEBUG] __main__ — [743e0c00] local EOF
2026-03-24 11:28:31 [DEBUG] __main__ — [transport:acc1] ctrl-send  len=65  action=close  ms=18
2026-03-24 11:28:32 [INFO] __main__ — DONE 81.19.72.34:443 [743e0c00] | ↑894B/4f (0.2 КБ/с)  ↓147894B/7f (29.2 КБ/с)  4.9s
2026-03-24 11:28:34 [INFO] __main__ — SOCKS5 → 81.19.72.33:443
2026-03-24 11:28:34 [DEBUG] __main__ — [transport:acc2] ctrl-send  len=86  action=connect  ms=15
2026-03-24 11:28:34 [DEBUG] __main__ — [transport:acc2] text-recv  action=ok  id=6fab3219
2026-03-24 11:28:34 [DEBUG] __main__ — [6fab3219] <- ok
2026-03-24 11:28:34 [INFO] __main__ — tunnel 81.19.72.33:443 [6fab3219]  открыт за ~257 мс
2026-03-24 11:28:34 [DEBUG] __main__ — [6fab3219] -> #1  517B  seq=0
2026-03-24 11:28:34 [DEBUG] __main__ — [transport:acc1] text-send  len=758  action=data  ms=19
2026-03-24 11:28:36 [DEBUG] __main__ — [transport:acc1] file-recv  fileId=3002989582  action=data
2026-03-24 11:28:36 [DEBUG] __main__ — [6fab3219] <- data #1  3739B  seq=0
2026-03-24 11:28:36 [DEBUG] __main__ — [6fab3219] -> #2  93B  seq=1
2026-03-24 11:28:36 [DEBUG] __main__ — [transport:acc2] text-send  len=190  action=data  ms=16
2026-03-24 11:28:36 [DEBUG] __main__ — [transport:acc2] text-recv  action=data  id=6fab3219
2026-03-24 11:28:36 [DEBUG] __main__ — [6fab3219] <- data #2  120B  seq=1
2026-03-24 11:28:36 [DEBUG] __main__ — [6fab3219] -> #3  253B  seq=2
2026-03-24 11:28:36 [DEBUG] __main__ — [transport:acc1] text-send  len=406  action=data  ms=20
2026-03-24 11:28:37 [DEBUG] __main__ — [transport:acc2] file-recv  fileId=2985358496  action=data
2026-03-24 11:28:37 [DEBUG] __main__ — [6fab3219] <- data #3  40544B  seq=3
2026-03-24 11:28:37 [DEBUG] __main__ — [transport:acc1] file-recv  fileId=2997926017  action=data
2026-03-24 11:28:37 [DEBUG] __main__ — [6fab3219] <- data #4  37026B  seq=2
2026-03-24 11:28:38 [DEBUG] __main__ — [transport:acc2] keepalive sent
2026-03-24 11:28:38 [DEBUG] __main__ — [transport:acc1] keepalive sent
2026-03-24 11:28:38 [DEBUG] __main__ — [transport:acc1] file-recv  fileId=2998413904  action=data
2026-03-24 11:28:38 [DEBUG] __main__ — [6fab3219] <- data #5  40544B  seq=4
2026-03-24 11:28:38 [DEBUG] __main__ — [transport:acc2] file-recv  fileId=2988299348  action=data
2026-03-24 11:28:38 [DEBUG] __main__ — [6fab3219] <- data #6  25918B  seq=5
2026-03-24 11:28:38 [DEBUG] __main__ — [6fab3219] -> #4  31B  seq=3
2026-03-24 11:28:38 [DEBUG] __main__ — [transport:acc2] text-send  len=110  action=data  ms=17
2026-03-24 11:28:38 [DEBUG] __main__ — [6fab3219] local EOF
2026-03-24 11:28:38 [DEBUG] __main__ — [transport:acc2] ctrl-send  len=65  action=close  ms=18
2026-03-24 11:28:39 [INFO] __main__ — DONE 81.19.72.33:443 [6fab3219] | ↑894B/4f (0.2 КБ/с)  ↓147891B/6f (30.1 КБ/с)  4.8s
2026-03-24 11:29:03 [DEBUG] __main__ — [transport:acc2] keepalive sent
2026-03-24 11:29:03 [DEBUG] __main__ — [transport:acc1] keepalive sent
2026-03-24 11:29:28 [DEBUG] __main__ — [transport:acc2] keepalive sent
2026-03-24 11:29:28 [DEBUG] __main__ — [transport:acc1] keepalive sent
2026-03-24 11:29:29 [INFO] __main__ — SOCKS5 → whatismyipaddress.com:443
2026-03-24 11:29:29 [DEBUG] __main__ — [transport:acc1] ctrl-send  len=96  action=connect  ms=21
2026-03-24 11:29:29 [INFO] __main__ — SOCKS5 → blowfish-blocklist-proxy.phantom.app:443
2026-03-24 11:29:29 [DEBUG] __main__ — [transport:acc2] ctrl-send  len=111  action=connect  ms=19
2026-03-24 11:29:31 [DEBUG] __main__ — tunnel whatismyipaddress.com:443 [cea6f0eb]  no ok in 2s, retrying connect
2026-03-24 11:29:31 [DEBUG] __main__ — [transport:acc1] ctrl-send  len=96  action=connect  ms=22
2026-03-24 11:29:31 [DEBUG] __main__ — tunnel blowfish-blocklist-proxy.phantom.app:443 [6c2b3ca1]  no ok in 2s, retrying connect
2026-03-24 11:29:31 [DEBUG] __main__ — [transport:acc2] ctrl-send  len=111  action=connect  ms=20
2026-03-24 11:29:34 [DEBUG] __main__ — tunnel whatismyipaddress.com:443 [cea6f0eb]  no ok in 3s, retrying connect
2026-03-24 11:29:34 [DEBUG] __main__ — [transport:acc1] ctrl-send  len=96  action=connect  ms=23
2026-03-24 11:29:34 [DEBUG] __main__ — tunnel blowfish-blocklist-proxy.phantom.app:443 [6c2b3ca1]  no ok in 3s, retrying connect
2026-03-24 11:29:34 [DEBUG] __main__ — [transport:acc2] ctrl-send  len=111  action=connect  ms=21
2026-03-24 11:29:38 [DEBUG] __main__ — tunnel whatismyipaddress.com:443 [cea6f0eb]  no ok in 4s, retrying connect
2026-03-24 11:29:38 [DEBUG] __main__ — [transport:acc1] ctrl-send  len=96  action=connect  ms=24
2026-03-24 11:29:38 [DEBUG] __main__ — tunnel blowfish-blocklist-proxy.phantom.app:443 [6c2b3ca1]  no ok in 4s, retrying connect
2026-03-24 11:29:38 [DEBUG] __main__ — [transport:acc2] ctrl-send  len=111  action=connect  ms=22
2026-03-24 11:29:43 [INFO] __main__ — tunnel whatismyipaddress.com:443 [cea6f0eb]  TIMEOUT
2026-03-24 11:29:43 [INFO] __main__ — SOCKS5 → whatismyipaddress.com:443
2026-03-24 11:29:43 [DEBUG] __main__ — [transport:acc1] ctrl-send  len=96  action=connect  ms=25
2026-03-24 11:29:43 [INFO] __main__ — tunnel blowfish-blocklist-proxy.phantom.app:443 [6c2b3ca1]  TIMEOUT
2026-03-24 11:29:43 [INFO] __main__ — SOCKS5 → blowfish-blocklist-proxy.phantom.app:443
2026-03-24 11:29:43 [DEBUG] __main__ — [transport:acc2] ctrl-send  len=111  action=connect  ms=23
2026-03-24 11:29:45 [DEBUG] __main__ — tunnel whatismyipaddress.com:443 [efeecae5]  no ok in 2s, retrying connect
2026-03-24 11:29:45 [DEBUG] __main__ — [transport:acc1] ctrl-send  len=96  action=connect  ms=26
2026-03-24 11:29:45 [DEBUG] __main__ — tunnel blowfish-blocklist-proxy.phantom.app:443 [ab1d25e0]  no ok in 2s, retrying connect
2026-03-24 11:29:45 [DEBUG] __main__ — [transport:acc2] ctrl-send  len=111  action=connect  ms=24
2026-03-24 11:29:48 [DEBUG] __main__ — tunnel whatismyipaddress.com:443 [efeecae5]  no ok in 3s, retrying connect
2026-03-24 11:29:48 [DEBUG] __main__ — [transport:acc1] ctrl-send  len=96  action=connect  ms=27
2026-03-24 11:29:48 [DEBUG] __main__ — tunnel blowfish-blocklist-proxy.phantom.app:443 [ab1d25e0]  no ok in 3s, retrying connect
2026-03-24 11:29:48 [DEBUG] __main__ — [transport:acc2] ctrl-send  len=111  action=connect  ms=25
2026-03-24 11:29:52 [DEBUG] __main__ — tunnel whatismyipaddress.com:443 [efeecae5]  no ok in 4s, retrying connect
2026-03-24 11:29:52 [DEBUG] __main__ — [transport:acc1] ctrl-send  len=96  action=connect  ms=28
2026-03-24 11:29:52 [DEBUG] __main__ — tunnel blowfish-blocklist-proxy.phantom.app:443 [ab1d25e0]  no ok in 4s, retrying connect
2026-03-24 11:29:52 [DEBUG] __main__ — [transport:acc2] ctrl-send  len=111  action=connect  ms=26
2026-03-24 11:29:53 [DEBUG] __main__ — [transport:acc2] keepalive sent
2026-03-24 11:29:53 [DEBUG] __main__ — [transport:acc1] keepalive sent
2026-03-24 11:29:56 [INFO] __main__ — SOCKS5 → whatismyipaddress.com:443
2026-03-24 11:29:56 [INFO] __main__ — SOCKS5 → blowfish-blocklist-proxy.phantom.app:443
2026-03-24 11:29:56 [DEBUG] __main__ — [transport:acc1] ctrl-send  len=96  action=connect  ms=29
2026-03-24 11:29:56 [DEBUG] __main__ — [transport:acc2] ctrl-send  len=111  action=connect  ms=27
2026-03-24 11:29:57 [INFO] __main__ — tunnel whatismyipaddress.com:443 [efeecae5]  TIMEOUT
2026-03-24 11:29:57 [INFO] __main__ — tunnel blowfish-blocklist-proxy.phantom.app:443 [ab1d25e0]  TIMEOUT
2026-03-24 11:29:58 [DEBUG] __main__ — tunnel whatismyipaddress.com:443 [3b620bac]  no ok in 2s, retrying connect
2026-03-24 11:29:58 [DEBUG] __main__ — tunnel blowfish-blocklist-proxy.phantom.app:443 [b35ef823]  no ok in 2s, retrying connect
2026-03-24 11:29:58 [DEBUG] __main__ — [transport:acc1] ctrl-send  len=96  action=connect  ms=30
2026-03-24 11:29:58 [DEBUG] __main__ — [transport:acc2] ctrl-send  len=111  action=connect  ms=28
2026-03-24 11:29:59 [INFO] __main__ — SOCKS5 → detectportal.brave-http-only.com:80
2026-03-24 11:29:59 [DEBUG] __main__ — [transport:acc1] ctrl-send  len=106  action=connect  ms=31
2026-03-24 11:30:01 [DEBUG] __main__ — tunnel detectportal.brave-http-only.com:80 [50837ac7]  no ok in 2s, retrying connect
2026-03-24 11:30:01 [DEBUG] __main__ — [transport:acc1] ctrl-send  len=106  action=connect  ms=32
2026-03-24 11:30:01 [DEBUG] __main__ — tunnel whatismyipaddress.com:443 [3b620bac]  no ok in 3s, retrying connect
2026-03-24 11:30:01 [DEBUG] __main__ — tunnel blowfish-blocklist-proxy.phantom.app:443 [b35ef823]  no ok in 3s, retrying connect
2026-03-24 11:30:01 [DEBUG] __main__ — [transport:acc1] ctrl-send  len=96  action=connect  ms=33
2026-03-24 11:30:01 [DEBUG] __main__ — [transport:acc2] ctrl-send  len=111  action=connect  ms=29
2026-03-24 11:30:04 [INFO] __main__ — SOCKS5 → 188.40.167.82:443
2026-03-24 11:30:04 [DEBUG] __main__ — [transport:acc2] ctrl-send  len=88  action=connect  ms=30
2026-03-24 11:30:04 [DEBUG] __main__ — tunnel detectportal.brave-http-only.com:80 [50837ac7]  no ok in 3s, retrying connect
2026-03-24 11:30:04 [DEBUG] __main__ — [transport:acc1] ctrl-send  len=106  action=connect  ms=34
2026-03-24 11:30:05 [DEBUG] __main__ — tunnel whatismyipaddress.com:443 [3b620bac]  no ok in 4s, retrying connect
2026-03-24 11:30:05 [DEBUG] __main__ — tunnel blowfish-blocklist-proxy.phantom.app:443 [b35ef823]  no ok in 4s, retrying connect
2026-03-24 11:30:05 [DEBUG] __main__ — [transport:acc1] ctrl-send  len=96  action=connect  ms=35
2026-03-24 11:30:05 [DEBUG] __main__ — [transport:acc2] ctrl-send  len=111  action=connect  ms=31
2026-03-24 11:30:06 [DEBUG] __main__ — tunnel 188.40.167.82:443 [f7ec82da]  no ok in 2s, retrying connect
2026-03-24 11:30:06 [DEBUG] __main__ — [transport:acc2] ctrl-send  len=88  action=connect  ms=32
2026-03-24 11:30:08 [DEBUG] __main__ — tunnel detectportal.brave-http-only.com:80 [50837ac7]  no ok in 4s, retrying connect
2026-03-24 11:30:08 [DEBUG] __main__ — [transport:acc1] ctrl-send  len=106  action=connect  ms=36
2026-03-24 11:30:09 [DEBUG] __main__ — tunnel 188.40.167.82:443 [f7ec82da]  no ok in 3s, retrying connect
2026-03-24 11:30:09 [DEBUG] __main__ — [transport:acc2] ctrl-send  len=88  action=connect  ms=33
2026-03-24 11:30:10 [INFO] __main__ — tunnel whatismyipaddress.com:443 [3b620bac]  TIMEOUT
2026-03-24 11:30:10 [INFO] __main__ — tunnel blowfish-blocklist-proxy.phantom.app:443 [b35ef823]  TIMEOUT
2026-03-24 11:30:10 [INFO] __main__ — SOCKS5 → whatismyipaddress.com:443
2026-03-24 11:30:10 [DEBUG] __main__ — [transport:acc1] ctrl-send  len=96  action=connect  ms=37
2026-03-24 11:30:10 [INFO] __main__ — SOCKS5 → blowfish-blocklist-proxy.phantom.app:443
2026-03-24 11:30:10 [DEBUG] __main__ — [transport:acc2] ctrl-send  len=111  action=connect  ms=34
2026-03-24 11:30:12 [DEBUG] __main__ — tunnel whatismyipaddress.com:443 [966fe03d]  no ok in 2s, retrying connect
2026-03-24 11:30:12 [DEBUG] __main__ — tunnel blowfish-blocklist-proxy.phantom.app:443 [c58104f6]  no ok in 2s, retrying connect
2026-03-24 11:30:12 [DEBUG] __main__ — [transport:acc1] ctrl-send  len=96  action=connect  ms=38
2026-03-24 11:30:12 [DEBUG] __main__ — [transport:acc2] ctrl-send  len=111  action=connect  ms=35
2026-03-24 11:30:13 [DEBUG] __main__ — tunnel 188.40.167.82:443 [f7ec82da]  no ok in 4s, retrying connect
2026-03-24 11:30:13 [DEBUG] __main__ — [transport:acc2] ctrl-send  len=88  action=connect  ms=36
2026-03-24 11:30:13 [INFO] __main__ — tunnel detectportal.brave-http-only.com:80 [50837ac7]  TIMEOUT
2026-03-24 11:30:15 [DEBUG] __main__ — tunnel whatismyipaddress.com:443 [966fe03d]  no ok in 3s, retrying connect
2026-03-24 11:30:15 [DEBUG] __main__ — tunnel blowfish-blocklist-proxy.phantom.app:443 [c58104f6]  no ok in 3s, retrying connect
2026-03-24 11:30:15 [DEBUG] __main__ — [transport:acc1] ctrl-send  len=96  action=connect  ms=39
2026-03-24 11:30:16 [DEBUG] __main__ — [transport:acc2] ctrl-send  len=111  action=connect  ms=37
2026-03-24 11:30:18 [DEBUG] __main__ — [transport:acc2] keepalive sent
2026-03-24 11:30:18 [DEBUG] __main__ — [transport:acc1] keepalive sent
2026-03-24 11:30:18 [INFO] __main__ — tunnel 188.40.167.82:443 [f7ec82da]  TIMEOUT
2026-03-24 11:30:20 [DEBUG] __main__ — tunnel whatismyipaddress.com:443 [966fe03d]  no ok in 4s, retrying connect
2026-03-24 11:30:20 [DEBUG] __main__ — tunnel blowfish-blocklist-proxy.phantom.app:443 [c58104f6]  no ok in 4s, retrying connect
2026-03-24 11:30:20 [DEBUG] __main__ — [transport:acc1] ctrl-send  len=96  action=connect  ms=40
2026-03-24 11:30:20 [DEBUG] __main__ — [transport:acc2] ctrl-send  len=111  action=connect  ms=38
2026-03-24 11:30:25 [INFO] __main__ — tunnel whatismyipaddress.com:443 [966fe03d]  TIMEOUT
2026-03-24 11:30:25 [INFO] __main__ — tunnel blowfish-blocklist-proxy.phantom.app:443 [c58104f6]  TIMEOUT
2026-03-24 11:30:28 [INFO] __main__ — SOCKS5 → 188.40.167.82:443
2026-03-24 11:30:28 [DEBUG] __main__ — [transport:acc1] ctrl-send  len=88  action=connect  ms=41
2026-03-24 11:30:30 [DEBUG] __main__ — tunnel 188.40.167.82:443 [10692538]  no ok in 2s, retrying connect
2026-03-24 11:30:30 [DEBUG] __main__ — [transport:acc1] ctrl-send  len=88  action=connect  ms=42
2026-03-24 11:30:33 [DEBUG] __main__ — tunnel 188.40.167.82:443 [10692538]  no ok in 3s, retrying connect
2026-03-24 11:30:33 [DEBUG] __main__ — [transport:acc1] ctrl-send  len=88  action=connect  ms=43
2026-03-24 11:30:37 [DEBUG] __main__ — tunnel 188.40.167.82:443 [10692538]  no ok in 4s, retrying connect
