2026-03-24 05:26:32 [INFO] __main__ — SOCKS5 запущен  127.0.0.1:1080  transports=2
2026-03-24 05:26:33 [INFO] __main__ — Авторизован [acc1], chatId=0 (self-chat)
2026-03-24 05:26:33 [INFO] __main__ — Авторизован [acc2], chatId=0 (self-chat)
2026-03-24 05:26:38 [INFO] __main__ — SOCKS5 → 188.40.167.82:443
2026-03-24 05:26:38 [DEBUG] __main__ — [transport:acc1] ctrl-send  len=87  action=connect  ms=0
2026-03-24 05:26:38 [DEBUG] __main__ — [transport:acc1] text-recv  action=ok  id=20964b58
2026-03-24 05:26:38 [DEBUG] __main__ — [20964b58] <- ok
2026-03-24 05:26:38 [INFO] __main__ — tunnel 188.40.167.82:443 [20964b58]  открыт за ~274 мс
2026-03-24 05:26:38 [DEBUG] __main__ — [20964b58] -> #1  517B  seq=0
2026-03-24 05:26:38 [DEBUG] __main__ — [transport:acc1] text-send  len=757  action=data  ms=1
2026-03-24 05:26:38 [DEBUG] __main__ — [transport:acc2] text-recv  action=data  id=20964b58
2026-03-24 05:26:38 [DEBUG] __main__ — [20964b58] <- data #1  434B  seq=1
2026-03-24 05:26:38 [DEBUG] __main__ — [transport:acc1] text-recv  action=data  id=20964b58
2026-03-24 05:26:38 [DEBUG] __main__ — [20964b58] <- data #2  2700B  seq=0
2026-03-24 05:26:38 [DEBUG] __main__ — [20964b58] -> #2  266B  seq=1
2026-03-24 05:26:38 [DEBUG] __main__ — [transport:acc2] text-send  len=421  action=data  ms=0
2026-03-24 05:26:39 [DEBUG] __main__ — [transport:acc1] text-recv  action=data  id=20964b58
2026-03-24 05:26:39 [DEBUG] __main__ — [20964b58] <- data #3  744B  seq=2
2026-03-24 05:26:39 [DEBUG] __main__ — [20964b58] -> #3  55B  seq=2
2026-03-24 05:26:39 [DEBUG] __main__ — [transport:acc1] text-send  len=141  action=data  ms=2
2026-03-24 05:26:39 [DEBUG] __main__ — [20964b58] local EOF
2026-03-24 05:26:39 [DEBUG] __main__ — [transport:acc1] ctrl-send  len=64  action=close  ms=3
2026-03-24 05:26:40 [INFO] __main__ — DONE 188.40.167.82:443 [20964b58] | ↑838B/3f (0.5 КБ/с)  ↓3878B/3f (2.2 КБ/с)  1.7s
2026-03-24 05:26:41 [INFO] __main__ — SOCKS5 → 81.19.72.33:443
2026-03-24 05:26:41 [DEBUG] __main__ — [transport:acc2] ctrl-send  len=85  action=connect  ms=1
2026-03-24 05:26:41 [DEBUG] __main__ — [transport:acc2] text-recv  action=ok  id=929eead7
2026-03-24 05:26:41 [DEBUG] __main__ — [929eead7] <- ok
2026-03-24 05:26:41 [INFO] __main__ — tunnel 81.19.72.33:443 [929eead7]  открыт за ~253 мс
2026-03-24 05:26:41 [DEBUG] __main__ — [929eead7] -> #1  517B  seq=0
2026-03-24 05:26:41 [DEBUG] __main__ — [transport:acc1] text-send  len=757  action=data  ms=4
2026-03-24 05:26:42 [DEBUG] __main__ — [transport:acc2] text-recv  action=data  id=929eead7
2026-03-24 05:26:42 [DEBUG] __main__ — [929eead7] <- data #1  1041B  seq=1
2026-03-24 05:26:42 [DEBUG] __main__ — [transport:acc1] text-recv  action=data  id=929eead7
2026-03-24 05:26:42 [DEBUG] __main__ — [929eead7] <- data #2  2700B  seq=0
2026-03-24 05:26:42 [DEBUG] __main__ — [929eead7] -> #2  93B  seq=1
2026-03-24 05:26:42 [DEBUG] __main__ — [transport:acc2] text-send  len=189  action=data  ms=2
2026-03-24 05:26:42 [DEBUG] __main__ — [transport:acc1] text-recv  action=data  id=929eead7
2026-03-24 05:26:42 [DEBUG] __main__ — [929eead7] <- data #3  120B  seq=2
2026-03-24 05:26:42 [DEBUG] __main__ — [929eead7] -> #3  253B  seq=2
2026-03-24 05:26:42 [DEBUG] __main__ — [transport:acc1] text-send  len=405  action=data  ms=5
2026-03-24 05:26:43 [DEBUG] __main__ — [transport:acc2] text-recv  action=data  id=929eead7
2026-03-24 05:26:43 [DEBUG] __main__ — [929eead7] <- data #4  2700B  seq=3
2026-03-24 05:26:43 [DEBUG] __main__ — [transport:acc1] text-recv  action=data  id=929eead7
2026-03-24 05:26:43 [DEBUG] __main__ — [929eead7] <- data #5  2700B  seq=4
2026-03-24 05:26:43 [DEBUG] __main__ — [transport:acc2] text-recv  action=data  id=929eead7
2026-03-24 05:26:43 [DEBUG] __main__ — [929eead7] <- data #6  2700B  seq=5
2026-03-24 05:26:43 [DEBUG] __main__ — [transport:acc1] text-recv  action=data  id=929eead7
2026-03-24 05:26:43 [DEBUG] __main__ — [929eead7] <- data #7  1415B  seq=6
2026-03-24 05:26:43 [DEBUG] __main__ — [transport:acc2] text-recv  action=data  id=929eead7
2026-03-24 05:26:43 [DEBUG] __main__ — [929eead7] <- data #8  2700B  seq=7
2026-03-24 05:26:43 [DEBUG] __main__ — [transport:acc2] text-recv  action=data  id=929eead7
2026-03-24 05:26:43 [DEBUG] __main__ — [929eead7] <- data #9  2700B  seq=9
2026-03-24 05:26:43 [DEBUG] __main__ — [transport:acc1] text-recv  action=data  id=929eead7
2026-03-24 05:26:43 [DEBUG] __main__ — [929eead7] <- data #10  2700B  seq=8
2026-03-24 05:26:43 [DEBUG] __main__ — [transport:acc2] text-recv  action=data  id=929eead7
2026-03-24 05:26:43 [DEBUG] __main__ — [929eead7] <- data #11  2700B  seq=11
2026-03-24 05:26:43 [DEBUG] __main__ — [transport:acc1] text-recv  action=data  id=929eead7
2026-03-24 05:26:43 [DEBUG] __main__ — [929eead7] <- data #12  2700B  seq=10
2026-03-24 05:26:43 [DEBUG] __main__ — [transport:acc2] text-recv  action=data  id=929eead7
2026-03-24 05:26:43 [DEBUG] __main__ — [929eead7] <- data #13  2700B  seq=13
2026-03-24 05:26:43 [DEBUG] __main__ — [transport:acc2] text-recv  action=data  id=929eead7
2026-03-24 05:26:43 [DEBUG] __main__ — [transport:acc2] text-recv  action=data  id=929eead7
2026-03-24 05:26:43 [DEBUG] __main__ — [transport:acc2] text-recv  action=data  id=929eead7
2026-03-24 05:26:43 [DEBUG] __main__ — [transport:acc1] text-recv  action=data  id=929eead7
2026-03-24 05:26:43 [DEBUG] __main__ — [transport:acc1] text-recv  action=data  id=929eead7
2026-03-24 05:26:43 [DEBUG] __main__ — [transport:acc1] text-recv  action=data  id=929eead7
2026-03-24 05:26:43 [DEBUG] __main__ — [transport:acc1] text-recv  action=data  id=929eead7
2026-03-24 05:26:43 [DEBUG] __main__ — [929eead7] <- data #14  2700B  seq=15
2026-03-24 05:26:43 [DEBUG] __main__ — [929eead7] <- data #15  2700B  seq=17
2026-03-24 05:26:43 [DEBUG] __main__ — [929eead7] <- data #16  2700B  seq=19
2026-03-24 05:26:43 [DEBUG] __main__ — [929eead7] <- data #17  2700B  seq=12
2026-03-24 05:26:43 [DEBUG] __main__ — [929eead7] <- data #18  2700B  seq=14
2026-03-24 05:26:43 [DEBUG] __main__ — [929eead7] <- data #19  2700B  seq=16
2026-03-24 05:26:43 [DEBUG] __main__ — [929eead7] <- data #20  708B  seq=18
2026-03-24 05:26:43 [DEBUG] __main__ — [transport:acc2] text-recv  action=data  id=929eead7
2026-03-24 05:26:43 [DEBUG] __main__ — [transport:acc1] text-recv  action=data  id=929eead7
2026-03-24 05:26:43 [DEBUG] __main__ — [929eead7] <- data #21  2700B  seq=21
2026-03-24 05:26:43 [DEBUG] __main__ — [929eead7] <- data #22  2700B  seq=20
2026-03-24 05:26:43 [DEBUG] __main__ — [transport:acc2] text-recv  action=data  id=929eead7
2026-03-24 05:26:43 [DEBUG] __main__ — [929eead7] <- data #23  2700B  seq=23
2026-03-24 05:26:43 [DEBUG] __main__ — [transport:acc2] text-recv  action=data  id=929eead7
2026-03-24 05:26:43 [DEBUG] __main__ — [929eead7] <- data #24  2700B  seq=25
2026-03-24 05:26:43 [DEBUG] __main__ — [transport:acc2] text-recv  action=data  id=929eead7
2026-03-24 05:26:43 [DEBUG] __main__ — [929eead7] <- data #25  2700B  seq=27
2026-03-24 05:26:43 [DEBUG] __main__ — [transport:acc1] text-recv  action=data  id=929eead7
2026-03-24 05:26:43 [DEBUG] __main__ — [929eead7] <- data #26  2700B  seq=22
2026-03-24 05:26:43 [DEBUG] __main__ — [transport:acc1] text-recv  action=data  id=929eead7
2026-03-24 05:26:43 [DEBUG] __main__ — [929eead7] <- data #27  2700B  seq=24
2026-03-24 05:26:43 [DEBUG] __main__ — [transport:acc2] text-recv  action=data  id=929eead7
2026-03-24 05:26:43 [DEBUG] __main__ — [929eead7] <- data #28  2700B  seq=29
2026-03-24 05:26:43 [DEBUG] __main__ — [transport:acc1] text-recv  action=data  id=929eead7
2026-03-24 05:26:43 [DEBUG] __main__ — [929eead7] <- data #29  2700B  seq=26
2026-03-24 05:26:43 [DEBUG] __main__ — [transport:acc2] text-recv  action=data  id=929eead7
2026-03-24 05:26:43 [DEBUG] __main__ — [929eead7] <- data #30  2700B  seq=31
2026-03-24 05:26:43 [DEBUG] __main__ — [transport:acc1] text-recv  action=data  id=929eead7
2026-03-24 05:26:43 [DEBUG] __main__ — [929eead7] <- data #31  2700B  seq=28
2026-03-24 05:26:43 [DEBUG] __main__ — [transport:acc2] text-recv  action=data  id=929eead7
2026-03-24 05:26:43 [DEBUG] __main__ — [929eead7] <- data #32  2700B  seq=33
2026-03-24 05:26:43 [DEBUG] __main__ — [transport:acc1] text-recv  action=data  id=929eead7
2026-03-24 05:26:43 [DEBUG] __main__ — [929eead7] <- data #33  2700B  seq=30
2026-03-24 05:26:43 [DEBUG] __main__ — [transport:acc1] text-recv  action=data  id=929eead7
2026-03-24 05:26:43 [DEBUG] __main__ — [929eead7] <- data #34  2700B  seq=32
2026-03-24 05:26:43 [DEBUG] __main__ — [transport:acc1] text-recv  action=data  id=929eead7
2026-03-24 05:26:43 [DEBUG] __main__ — [929eead7] <- data #35  2700B  seq=34
2026-03-24 05:26:43 [DEBUG] __main__ — [transport:acc2] text-recv  action=data  id=929eead7
2026-03-24 05:26:43 [DEBUG] __main__ — [929eead7] <- data #36  2700B  seq=35
2026-03-24 05:26:43 [DEBUG] __main__ — [transport:acc1] text-recv  action=data  id=929eead7
2026-03-24 05:26:43 [DEBUG] __main__ — [929eead7] <- data #37  2700B  seq=36
2026-03-24 05:26:43 [DEBUG] __main__ — [transport:acc2] text-recv  action=data  id=929eead7
2026-03-24 05:26:43 [DEBUG] __main__ — [929eead7] <- data #38  2700B  seq=37
2026-03-24 05:26:43 [DEBUG] __main__ — [transport:acc1] text-recv  action=data  id=929eead7
2026-03-24 05:26:43 [DEBUG] __main__ — [929eead7] <- data #39  2700B  seq=38
2026-03-24 05:26:44 [DEBUG] __main__ — [transport:acc2] text-recv  action=data  id=929eead7
2026-03-24 05:26:44 [DEBUG] __main__ — [929eead7] <- data #40  2700B  seq=39
2026-03-24 05:26:44 [DEBUG] __main__ — [transport:acc1] text-recv  action=data  id=929eead7
2026-03-24 05:26:44 [DEBUG] __main__ — [929eead7] <- data #41  2700B  seq=40
2026-03-24 05:26:44 [DEBUG] __main__ — [transport:acc2] text-recv  action=data  id=929eead7
2026-03-24 05:26:44 [DEBUG] __main__ — [929eead7] <- data #42  2700B  seq=41
2026-03-24 05:26:44 [DEBUG] __main__ — [transport:acc1] text-recv  action=data  id=929eead7
2026-03-24 05:26:44 [DEBUG] __main__ — [929eead7] <- data #43  2700B  seq=42
2026-03-24 05:26:44 [DEBUG] __main__ — [transport:acc2] text-recv  action=data  id=929eead7
2026-03-24 05:26:44 [DEBUG] __main__ — [transport:acc1] text-recv  action=data  id=929eead7
2026-03-24 05:26:44 [DEBUG] __main__ — [929eead7] <- data #44  2700B  seq=43
2026-03-24 05:26:44 [DEBUG] __main__ — [929eead7] <- data #45  2700B  seq=44
2026-03-24 05:26:44 [DEBUG] __main__ — [transport:acc2] text-recv  action=data  id=929eead7
2026-03-24 05:26:44 [DEBUG] __main__ — [929eead7] <- data #46  2700B  seq=45
2026-03-24 05:26:44 [DEBUG] __main__ — [transport:acc1] text-recv  action=data  id=929eead7
2026-03-24 05:26:44 [DEBUG] __main__ — [929eead7] <- data #47  2700B  seq=46
2026-03-24 05:26:44 [DEBUG] __main__ — [transport:acc1] text-recv  action=data  id=929eead7
2026-03-24 05:26:44 [DEBUG] __main__ — [transport:acc2] text-recv  action=data  id=929eead7
2026-03-24 05:26:44 [DEBUG] __main__ — [929eead7] <- data #48  2700B  seq=48
2026-03-24 05:26:44 [DEBUG] __main__ — [929eead7] <- data #49  2700B  seq=47
2026-03-24 05:26:44 [DEBUG] __main__ — [transport:acc2] text-recv  action=data  id=929eead7
2026-03-24 05:26:44 [DEBUG] __main__ — [929eead7] <- data #50  2700B  seq=49
2026-03-24 05:26:44 [DEBUG] __main__ — [transport:acc1] text-recv  action=data  id=929eead7
2026-03-24 05:26:44 [DEBUG] __main__ — [929eead7] <- data #51  2700B  seq=50
2026-03-24 05:26:44 [DEBUG] __main__ — [transport:acc2] text-recv  action=data  id=929eead7
2026-03-24 05:26:44 [DEBUG] __main__ — [929eead7] <- data #52  2700B  seq=51
2026-03-24 05:26:44 [DEBUG] __main__ — [transport:acc1] text-recv  action=data  id=929eead7
2026-03-24 05:26:44 [DEBUG] __main__ — [929eead7] <- data #53  2700B  seq=52
2026-03-24 05:26:44 [DEBUG] __main__ — [transport:acc2] text-recv  action=data  id=929eead7
2026-03-24 05:26:44 [DEBUG] __main__ — [929eead7] <- data #54  2700B  seq=53
2026-03-24 05:26:44 [DEBUG] __main__ — [transport:acc1] text-recv  action=data  id=929eead7
2026-03-24 05:26:44 [DEBUG] __main__ — [929eead7] <- data #55  2700B  seq=54
2026-03-24 05:26:44 [DEBUG] __main__ — [transport:acc2] text-recv  action=data  id=929eead7
2026-03-24 05:26:44 [DEBUG] __main__ — [929eead7] <- data #56  2700B  seq=55
2026-03-24 05:26:44 [DEBUG] __main__ — [transport:acc1] text-recv  action=data  id=929eead7
2026-03-24 05:26:44 [DEBUG] __main__ — [929eead7] <- data #57  2700B  seq=56
2026-03-24 05:26:44 [DEBUG] __main__ — [transport:acc2] text-recv  action=data  id=929eead7
2026-03-24 05:26:44 [DEBUG] __main__ — [929eead7] <- data #58  1168B  seq=57
2026-03-24 05:26:44 [DEBUG] __main__ — [929eead7] -> #4  31B  seq=3
2026-03-24 05:26:44 [DEBUG] __main__ — [transport:acc2] text-send  len=109  action=data  ms=3
2026-03-24 05:26:44 [DEBUG] __main__ — [929eead7] local EOF
2026-03-24 05:26:44 [DEBUG] __main__ — [transport:acc2] ctrl-send  len=64  action=close  ms=4
2026-03-24 05:26:45 [DEBUG] __main__ — [transport:acc2] text-recv  action=closed  id=929eead7
2026-03-24 05:26:45 [DEBUG] __main__ — [929eead7] <- closed by server
2026-03-24 05:26:45 [INFO] __main__ — DONE 81.19.72.33:443 [929eead7] | ↑894B/4f (0.3 КБ/с)  ↓147552B/58f (42.8 КБ/с)  3.4s
2026-03-24 05:26:52 [INFO] __main__ — SOCKS5 → yandex.ru:443
2026-03-24 05:26:52 [DEBUG] __main__ — [transport:acc1] ctrl-send  len=83  action=connect  ms=6
2026-03-24 05:26:52 [DEBUG] __main__ — [transport:acc1] text-recv  action=ok  id=24bbd7e0
2026-03-24 05:26:52 [DEBUG] __main__ — [24bbd7e0] <- ok
2026-03-24 05:26:52 [INFO] __main__ — tunnel yandex.ru:443 [24bbd7e0]  открыт за ~419 мс
2026-03-24 05:26:52 [DEBUG] __main__ — [24bbd7e0] -> #1  2022B  seq=0
2026-03-24 05:26:52 [DEBUG] __main__ — [transport:acc1] text-send  len=2761  action=data  ms=7
2026-03-24 05:26:53 [DEBUG] __main__ — [transport:acc1] text-recv  action=data  id=24bbd7e0
2026-03-24 05:26:53 [DEBUG] __main__ — [24bbd7e0] <- data #1  212B  seq=0
2026-03-24 05:26:53 [DEBUG] __main__ — [24bbd7e0] -> #2  2267B  seq=1
2026-03-24 05:26:53 [DEBUG] __main__ — [transport:acc2] text-send  len=3089  action=data  ms=5
2026-03-24 05:26:53 [DEBUG] __main__ — [transport:acc2] got nack ms=4..4
2026-03-24 05:26:53 [DEBUG] __main__ — [transport:acc2] retransmit ms=4
2026-03-24 05:26:53 [DEBUG] __main__ — [transport:acc2] text-recv  action=data  id=24bbd7e0
2026-03-24 05:26:53 [DEBUG] __main__ — [24bbd7e0] <- data #2  533B  seq=1
2026-03-24 05:26:53 [DEBUG] __main__ — [24bbd7e0] -> #3  31B  seq=2
2026-03-24 05:26:53 [DEBUG] __main__ — [transport:acc1] text-send  len=109  action=data  ms=8
2026-03-24 05:26:54 [DEBUG] __main__ — [transport:acc2] text-recv  action=data  id=24bbd7e0
2026-03-24 05:26:54 [DEBUG] __main__ — [24bbd7e0] <- data #3  2700B  seq=3
2026-03-24 05:26:54 [DEBUG] __main__ — [transport:acc1] text-recv  action=data  id=24bbd7e0
2026-03-24 05:26:54 [DEBUG] __main__ — [24bbd7e0] <- data #4  2700B  seq=2
2026-03-24 05:26:54 [DEBUG] __main__ — [transport:acc2] text-recv  action=data  id=24bbd7e0
2026-03-24 05:26:54 [DEBUG] __main__ — [24bbd7e0] <- data #5  2700B  seq=5
2026-03-24 05:26:54 [DEBUG] __main__ — [transport:acc1] text-recv  action=data  id=24bbd7e0
2026-03-24 05:26:54 [DEBUG] __main__ — [24bbd7e0] <- data #6  2700B  seq=4
2026-03-24 05:26:54 [DEBUG] __main__ — [transport:acc2] text-recv  action=data  id=24bbd7e0
2026-03-24 05:26:54 [DEBUG] __main__ — [24bbd7e0] <- data #7  2416B  seq=7
2026-03-24 05:26:54 [DEBUG] __main__ — [transport:acc1] text-recv  action=data  id=24bbd7e0
2026-03-24 05:26:54 [DEBUG] __main__ — [24bbd7e0] <- data #8  1280B  seq=6
2026-03-24 05:26:54 [DEBUG] __main__ — [transport:acc2] text-recv  action=data  id=24bbd7e0
2026-03-24 05:26:54 [DEBUG] __main__ — [24bbd7e0] <- data #9  2700B  seq=9
2026-03-24 05:26:54 [DEBUG] __main__ — [transport:acc1] text-recv  action=data  id=24bbd7e0
2026-03-24 05:26:54 [DEBUG] __main__ — [24bbd7e0] <- data #10  2700B  seq=8
2026-03-24 05:26:54 [DEBUG] __main__ — [transport:acc2] text-recv  action=data  id=24bbd7e0
2026-03-24 05:26:54 [DEBUG] __main__ — [24bbd7e0] <- data #11  2700B  seq=11
2026-03-24 05:26:54 [DEBUG] __main__ — [transport:acc2] text-recv  action=data  id=24bbd7e0
2026-03-24 05:26:54 [DEBUG] __main__ — [24bbd7e0] <- data #12  2700B  seq=13
2026-03-24 05:26:54 [DEBUG] __main__ — [transport:acc1] text-recv  action=data  id=24bbd7e0
2026-03-24 05:26:54 [DEBUG] __main__ — [24bbd7e0] <- data #13  2700B  seq=10
2026-03-24 05:26:54 [DEBUG] __main__ — [transport:acc2] text-recv  action=data  id=24bbd7e0
2026-03-24 05:26:54 [DEBUG] __main__ — [24bbd7e0] <- data #14  2700B  seq=15
2026-03-24 05:26:54 [DEBUG] __main__ — [transport:acc1] text-recv  action=data  id=24bbd7e0
2026-03-24 05:26:54 [DEBUG] __main__ — [24bbd7e0] <- data #15  2700B  seq=12
2026-03-24 05:26:54 [DEBUG] __main__ — [transport:acc2] text-recv  action=data  id=24bbd7e0
2026-03-24 05:26:54 [DEBUG] __main__ — [24bbd7e0] <- data #16  2700B  seq=17
2026-03-24 05:26:54 [DEBUG] __main__ — [transport:acc1] text-recv  action=data  id=24bbd7e0
2026-03-24 05:26:54 [DEBUG] __main__ — [24bbd7e0] <- data #17  2700B  seq=14
2026-03-24 05:26:54 [DEBUG] __main__ — [transport:acc2] text-recv  action=data  id=24bbd7e0
2026-03-24 05:26:54 [DEBUG] __main__ — [24bbd7e0] <- data #18  2700B  seq=19
2026-03-24 05:26:54 [DEBUG] __main__ — [transport:acc1] text-recv  action=data  id=24bbd7e0
2026-03-24 05:26:54 [DEBUG] __main__ — [24bbd7e0] <- data #19  2700B  seq=16
2026-03-24 05:26:54 [DEBUG] __main__ — [transport:acc2] text-recv  action=data  id=24bbd7e0
2026-03-24 05:26:54 [DEBUG] __main__ — [24bbd7e0] <- data #20  2700B  seq=21
2026-03-24 05:26:54 [DEBUG] __main__ — [transport:acc2] text-recv  action=data  id=24bbd7e0
2026-03-24 05:26:54 [DEBUG] __main__ — [24bbd7e0] <- data #21  2700B  seq=23
2026-03-24 05:26:54 [DEBUG] __main__ — [transport:acc1] text-recv  action=data  id=24bbd7e0
2026-03-24 05:26:54 [DEBUG] __main__ — [24bbd7e0] <- data #22  1036B  seq=18
2026-03-24 05:26:54 [DEBUG] __main__ — [transport:acc1] text-recv  action=data  id=24bbd7e0
2026-03-24 05:26:54 [DEBUG] __main__ — [24bbd7e0] <- data #23  2700B  seq=20
2026-03-24 05:26:54 [DEBUG] __main__ — [transport:acc2] text-recv  action=data  id=24bbd7e0
2026-03-24 05:26:54 [DEBUG] __main__ — [24bbd7e0] <- data #24  2700B  seq=25
2026-03-24 05:26:54 [DEBUG] __main__ — [transport:acc1] text-recv  action=data  id=24bbd7e0
2026-03-24 05:26:54 [DEBUG] __main__ — [24bbd7e0] <- data #25  2700B  seq=22
2026-03-24 05:26:54 [DEBUG] __main__ — [transport:acc2] text-recv  action=data  id=24bbd7e0
2026-03-24 05:26:54 [DEBUG] __main__ — [24bbd7e0] <- data #26  2700B  seq=27
2026-03-24 05:26:54 [DEBUG] __main__ — [transport:acc2] text-recv  action=data  id=24bbd7e0
2026-03-24 05:26:54 [DEBUG] __main__ — [24bbd7e0] <- data #27  2700B  seq=29
2026-03-24 05:26:54 [DEBUG] __main__ — [transport:acc1] text-recv  action=data  id=24bbd7e0
2026-03-24 05:26:54 [DEBUG] __main__ — [24bbd7e0] <- data #28  2700B  seq=24
2026-03-24 05:26:54 [DEBUG] __main__ — [transport:acc2] text-recv  action=data  id=24bbd7e0
2026-03-24 05:26:54 [DEBUG] __main__ — [24bbd7e0] <- data #29  2700B  seq=31
2026-03-24 05:26:54 [DEBUG] __main__ — [transport:acc1] text-recv  action=data  id=24bbd7e0
2026-03-24 05:26:54 [DEBUG] __main__ — [24bbd7e0] <- data #30  1384B  seq=26
2026-03-24 05:26:54 [DEBUG] __main__ — [transport:acc1] text-recv  action=data  id=24bbd7e0
2026-03-24 05:26:54 [DEBUG] __main__ — [24bbd7e0] <- data #31  2700B  seq=28
2026-03-24 05:26:54 [DEBUG] __main__ — [transport:acc2] text-recv  action=data  id=24bbd7e0
2026-03-24 05:26:54 [DEBUG] __main__ — [24bbd7e0] <- data #32  2700B  seq=33
2026-03-24 05:26:54 [DEBUG] __main__ — [transport:acc1] text-recv  action=data  id=24bbd7e0
2026-03-24 05:26:54 [DEBUG] __main__ — [24bbd7e0] <- data #33  2700B  seq=30
2026-03-24 05:26:54 [DEBUG] __main__ — [transport:acc2] text-recv  action=data  id=24bbd7e0
2026-03-24 05:26:54 [DEBUG] __main__ — [24bbd7e0] <- data #34  2700B  seq=35
2026-03-24 05:26:54 [DEBUG] __main__ — [transport:acc1] text-recv  action=data  id=24bbd7e0
2026-03-24 05:26:54 [DEBUG] __main__ — [24bbd7e0] <- data #35  2700B  seq=32
2026-03-24 05:26:54 [DEBUG] __main__ — [transport:acc2] text-recv  action=data  id=24bbd7e0
2026-03-24 05:26:54 [DEBUG] __main__ — [24bbd7e0] <- data #36  2700B  seq=37
2026-03-24 05:26:54 [DEBUG] __main__ — [transport:acc1] text-recv  action=data  id=24bbd7e0
2026-03-24 05:26:54 [DEBUG] __main__ — [24bbd7e0] <- data #37  2700B  seq=34
2026-03-24 05:26:54 [DEBUG] __main__ — [transport:acc1] text-recv  action=data  id=24bbd7e0
2026-03-24 05:26:54 [DEBUG] __main__ — [24bbd7e0] <- data #38  2700B  seq=36
2026-03-24 05:26:55 [DEBUG] __main__ — [transport:acc1] text-recv  action=data  id=24bbd7e0
2026-03-24 05:26:55 [DEBUG] __main__ — [transport:acc2] text-recv  action=data  id=24bbd7e0
2026-03-24 05:26:55 [DEBUG] __main__ — [transport:acc2] text-recv  action=data  id=24bbd7e0
2026-03-24 05:26:55 [DEBUG] __main__ — [24bbd7e0] <- data #39  1708B  seq=38
2026-03-24 05:26:55 [DEBUG] __main__ — [24bbd7e0] <- data #40  2700B  seq=39
2026-03-24 05:26:55 [DEBUG] __main__ — [24bbd7e0] <- data #41  2700B  seq=41
2026-03-24 05:26:55 [DEBUG] __main__ — [transport:acc1] text-recv  action=data  id=24bbd7e0
2026-03-24 05:26:55 [DEBUG] __main__ — [24bbd7e0] <- data #42  2700B  seq=40
2026-03-24 05:26:55 [DEBUG] __main__ — [transport:acc2] text-recv  action=data  id=24bbd7e0
2026-03-24 05:26:55 [DEBUG] __main__ — [24bbd7e0] <- data #43  2700B  seq=43
2026-03-24 05:26:55 [DEBUG] __main__ — [transport:acc1] text-recv  action=data  id=24bbd7e0
2026-03-24 05:26:55 [DEBUG] __main__ — [24bbd7e0] <- data #44  2700B  seq=42
2026-03-24 05:26:55 [DEBUG] __main__ — [transport:acc1] text-recv  action=data  id=24bbd7e0
2026-03-24 05:26:55 [DEBUG] __main__ — [24bbd7e0] <- data #45  2700B  seq=44
2026-03-24 05:26:55 [DEBUG] __main__ — [transport:acc2] text-recv  action=data  id=24bbd7e0
2026-03-24 05:26:55 [DEBUG] __main__ — [24bbd7e0] <- data #46  2700B  seq=45
2026-03-24 05:26:55 [DEBUG] __main__ — [transport:acc2] text-recv  action=data  id=24bbd7e0
2026-03-24 05:26:55 [DEBUG] __main__ — [24bbd7e0] <- data #47  2700B  seq=47
2026-03-24 05:26:55 [DEBUG] __main__ — [transport:acc1] text-recv  action=data  id=24bbd7e0
2026-03-24 05:26:55 [DEBUG] __main__ — [24bbd7e0] <- data #48  2700B  seq=46
2026-03-24 05:26:55 [DEBUG] __main__ — [transport:acc2] text-recv  action=data  id=24bbd7e0
2026-03-24 05:26:55 [DEBUG] __main__ — [24bbd7e0] <- data #49  2700B  seq=49
2026-03-24 05:26:55 [DEBUG] __main__ — [transport:acc1] text-recv  action=data  id=24bbd7e0
2026-03-24 05:26:55 [DEBUG] __main__ — [24bbd7e0] <- data #50  2700B  seq=48
2026-03-24 05:26:55 [DEBUG] __main__ — [transport:acc1] text-recv  action=data  id=24bbd7e0
2026-03-24 05:26:55 [DEBUG] __main__ — [24bbd7e0] <- data #51  878B  seq=50
2026-03-24 05:26:55 [DEBUG] __main__ — [24bbd7e0] -> #4  969B  seq=3
2026-03-24 05:26:55 [DEBUG] __main__ — [transport:acc2] text-send  len=1357  action=data  ms=6
2026-03-24 05:26:56 [DEBUG] __main__ — [transport:acc2] text-recv  action=data  id=24bbd7e0
2026-03-24 05:26:56 [DEBUG] __main__ — [24bbd7e0] <- data #52  316B  seq=51
2026-03-24 05:26:56 [DEBUG] __main__ — [24bbd7e0] -> #5  152B  seq=4
2026-03-24 05:26:56 [DEBUG] __main__ — [transport:acc1] text-send  len=269  action=data  ms=9
2026-03-24 05:26:56 [INFO] __main__ — SOCKS5 → ipv6-internet.yandex.net:443
2026-03-24 05:26:56 [DEBUG] __main__ — [transport:acc2] ctrl-send  len=98  action=connect  ms=7
2026-03-24 05:26:57 [INFO] __main__ — SOCKS5 → api.github.com:443
2026-03-24 05:26:57 [DEBUG] __main__ — [transport:acc1] ctrl-send  len=89  action=connect  ms=10
2026-03-24 05:26:57 [DEBUG] __main__ — [transport:acc2] text-recv  action=err  id=9d1fef7b
2026-03-24 05:26:57 [INFO] __main__ — [9d1fef7b] <- ошибка сервера: [Errno 99] Cannot assign requested address
2026-03-24 05:26:57 [INFO] __main__ — tunnel ipv6-internet.yandex.net:443 [9d1fef7b]  TIMEOUT
2026-03-24 05:26:57 [DEBUG] __main__ — [transport:acc1] text-recv  action=data  id=24bbd7e0
2026-03-24 05:26:57 [DEBUG] __main__ — [24bbd7e0] <- data #53  182B  seq=52
2026-03-24 05:26:57 [INFO] __main__ — SOCKS5 → ipv6-internet.yandex.net:443
2026-03-24 05:26:57 [DEBUG] __main__ — [transport:acc2] ctrl-send  len=98  action=connect  ms=8
2026-03-24 05:26:57 [INFO] __main__ — SOCKS5 → eppo-proxy.phantom.app:443
2026-03-24 05:26:57 [DEBUG] __main__ — [transport:acc1] ctrl-send  len=97  action=connect  ms=11
2026-03-24 05:26:57 [DEBUG] __main__ — [transport:acc1] text-recv  action=ok  id=ada19435
2026-03-24 05:26:57 [DEBUG] __main__ — [ada19435] <- ok
2026-03-24 05:26:57 [INFO] __main__ — tunnel api.github.com:443 [ada19435]  открыт за ~437 мс
2026-03-24 05:26:57 [DEBUG] __main__ — [ada19435] -> #1  1867B  seq=0
2026-03-24 05:26:57 [DEBUG] __main__ — [transport:acc1] text-send  len=2558  action=data  ms=12
2026-03-24 05:26:57 [DEBUG] __main__ — [transport:acc2] text-recv  action=err  id=5d1c03d7
2026-03-24 05:26:57 [INFO] __main__ — [5d1c03d7] <- ошибка сервера: [Errno 99] Cannot assign requested address
2026-03-24 05:26:57 [INFO] __main__ — tunnel ipv6-internet.yandex.net:443 [5d1c03d7]  TIMEOUT
2026-03-24 05:26:57 [DEBUG] __main__ — [24bbd7e0] -> #6  2700B  seq=5
2026-03-24 05:26:57 [DEBUG] __main__ — [transport:acc2] text-send  len=3665  action=data  ms=9
2026-03-24 05:26:57 [DEBUG] __main__ — [24bbd7e0] -> #7  2700B  seq=6
2026-03-24 05:26:57 [DEBUG] __main__ — [transport:acc1] text-send  len=3666  action=data  ms=13
2026-03-24 05:26:57 [DEBUG] __main__ — [24bbd7e0] -> #8  226B  seq=7
2026-03-24 05:26:57 [DEBUG] __main__ — [transport:acc2] text-send  len=370  action=data  ms=10
2026-03-24 05:26:57 [DEBUG] __main__ — [transport:acc1] text-recv  action=ok  id=fe244129
2026-03-24 05:26:57 [DEBUG] __main__ — [fe244129] <- ok
2026-03-24 05:26:57 [INFO] __main__ — tunnel eppo-proxy.phantom.app:443 [fe244129]  открыт за ~388 мс
2026-03-24 05:26:57 [DEBUG] __main__ — [fe244129] -> #1  1828B  seq=0
2026-03-24 05:26:57 [DEBUG] __main__ — [transport:acc1] text-send  len=2506  action=data  ms=14
2026-03-24 05:26:57 [DEBUG] __main__ — [transport:acc2] text-recv  action=data  id=ada19435
2026-03-24 05:26:57 [DEBUG] __main__ — [ada19435] <- data #1  394B  seq=1
2026-03-24 05:26:57 [DEBUG] __main__ — [transport:acc1] text-recv  action=data  id=ada19435
2026-03-24 05:26:57 [DEBUG] __main__ — [ada19435] <- data #2  2700B  seq=0
2026-03-24 05:26:57 [DEBUG] __main__ — [ada19435] -> #2  520B  seq=1
2026-03-24 05:26:57 [DEBUG] __main__ — [transport:acc2] text-send  len=762  action=data  ms=11
2026-03-24 05:26:57 [DEBUG] __main__ — [24bbd7e0] -> #9  2700B  seq=8
2026-03-24 05:26:57 [DEBUG] __main__ — [transport:acc1] text-send  len=3666  action=data  ms=15
2026-03-24 05:26:57 [DEBUG] __main__ — [24bbd7e0] -> #10  2700B  seq=9
2026-03-24 05:26:57 [DEBUG] __main__ — [transport:acc2] text-send  len=3666  action=data  ms=12
2026-03-24 05:26:57 [DEBUG] __main__ — [24bbd7e0] -> #11  508B  seq=10
2026-03-24 05:26:57 [DEBUG] __main__ — [transport:acc1] text-send  len=747  action=data  ms=16
2026-03-24 05:26:57 [DEBUG] __main__ — [24bbd7e0] -> #12  1790B  seq=11
2026-03-24 05:26:57 [DEBUG] __main__ — [transport:acc2] text-send  len=2455  action=data  ms=13
2026-03-24 05:26:58 [DEBUG] __main__ — [transport:acc1] text-recv  action=data  id=ada19435
2026-03-24 05:26:58 [DEBUG] __main__ — [ada19435] <- data #3  222B  seq=2
2026-03-24 05:26:58 [DEBUG] __main__ — [ada19435] -> #3  31B  seq=2
2026-03-24 05:26:58 [DEBUG] __main__ — [transport:acc1] text-send  len=110  action=data  ms=17
2026-03-24 05:26:58 [DEBUG] __main__ — [transport:acc2] text-recv  action=data  id=fe244129
2026-03-24 05:26:58 [DEBUG] __main__ — [fe244129] <- data #1  768B  seq=1
2026-03-24 05:26:58 [DEBUG] __main__ — [transport:acc2] text-recv  action=data  id=24bbd7e0
2026-03-24 05:26:58 [DEBUG] __main__ — [24bbd7e0] <- data #54  2700B  seq=53
2026-03-24 05:26:58 [DEBUG] __main__ — [transport:acc1] text-recv  action=data  id=fe244129
2026-03-24 05:26:58 [DEBUG] __main__ — [fe244129] <- data #2  2700B  seq=0
2026-03-24 05:26:58 [DEBUG] __main__ — [fe244129] -> #2  758B  seq=1
2026-03-24 05:26:58 [DEBUG] __main__ — [transport:acc2] text-send  len=1078  action=data  ms=14
2026-03-24 05:26:58 [INFO] __main__ — SOCKS5 → data.phantom.app:443
2026-03-24 05:26:58 [DEBUG] __main__ — [transport:acc2] ctrl-send  len=91  action=connect  ms=15
2026-03-24 05:26:58 [DEBUG] __main__ — [transport:acc1] text-recv  action=data  id=24bbd7e0
2026-03-24 05:26:58 [DEBUG] __main__ — [24bbd7e0] <- data #55  2700B  seq=54
2026-03-24 05:26:58 [DEBUG] __main__ — [transport:acc2] text-recv  action=data  id=24bbd7e0
2026-03-24 05:26:58 [DEBUG] __main__ — [24bbd7e0] <- data #56  2700B  seq=55
2026-03-24 05:26:58 [DEBUG] __main__ — [transport:acc2] text-recv  action=data  id=24bbd7e0
2026-03-24 05:26:58 [DEBUG] __main__ — [24bbd7e0] <- data #57  829B  seq=57
2026-03-24 05:26:58 [DEBUG] __main__ — [transport:acc1] text-recv  action=data  id=24bbd7e0
2026-03-24 05:26:58 [DEBUG] __main__ — [24bbd7e0] <- data #58  2700B  seq=56
2026-03-24 05:26:58 [DEBUG] __main__ — [24bbd7e0] -> #13  35B  seq=12
2026-03-24 05:26:58 [DEBUG] __main__ — [transport:acc1] text-send  len=115  action=data  ms=18
2026-03-24 05:26:58 [INFO] __main__ — SOCKS5 → blowfish-blocklist-proxy.phantom.app:443
2026-03-24 05:26:58 [DEBUG] __main__ — [transport:acc1] ctrl-send  len=111  action=connect  ms=19
2026-03-24 05:26:58 [DEBUG] __main__ — [transport:acc1] text-recv  action=data  id=24bbd7e0
2026-03-24 05:26:58 [DEBUG] __main__ — [24bbd7e0] <- data #59  35B  seq=58
2026-03-24 05:26:58 [DEBUG] __main__ — [transport:acc2] text-recv  action=data  id=ada19435
2026-03-24 05:26:58 [DEBUG] __main__ — [ada19435] <- data #4  1054B  seq=3
2026-03-24 05:26:58 [DEBUG] __main__ — [transport:acc2] text-recv  action=data  id=24bbd7e0
2026-03-24 05:26:58 [DEBUG] __main__ — [24bbd7e0] <- data #60  402B  seq=59
2026-03-24 05:26:58 [INFO] __main__ — SOCKS5 → storage.mds.yandex.net:443
2026-03-24 05:26:58 [DEBUG] __main__ — [transport:acc2] ctrl-send  len=97  action=connect  ms=16
2026-03-24 05:26:58 [DEBUG] __main__ — [transport:acc1] text-recv  action=data  id=24bbd7e0
2026-03-24 05:26:58 [DEBUG] __main__ — [24bbd7e0] <- data #61  35B  seq=60
2026-03-24 05:26:58 [DEBUG] __main__ — [24bbd7e0] -> #14  730B  seq=13
2026-03-24 05:26:58 [DEBUG] __main__ — [transport:acc2] text-send  len=1043  action=data  ms=17
2026-03-24 05:26:58 [DEBUG] __main__ — [transport:acc2] keepalive sent
2026-03-24 05:26:58 [DEBUG] __main__ — [transport:acc1] keepalive sent
2026-03-24 05:26:58 [DEBUG] __main__ — [fe244129] -> #3  35B  seq=2
2026-03-24 05:26:58 [DEBUG] __main__ — [transport:acc1] text-send  len=114  action=data  ms=20
2026-03-24 05:26:58 [DEBUG] __main__ — [transport:acc1] text-recv  action=data  id=fe244129
2026-03-24 05:26:58 [DEBUG] __main__ — [fe244129] <- data #3  521B  seq=2
2026-03-24 05:26:58 [DEBUG] __main__ — [fe244129] -> #4  31B  seq=3
2026-03-24 05:26:58 [DEBUG] __main__ — [transport:acc2] text-send  len=110  action=data  ms=18
2026-03-24 05:26:58 [DEBUG] __main__ — [transport:acc2] text-recv  action=data  id=fe244129
2026-03-24 05:26:58 [DEBUG] __main__ — [fe244129] <- data #4  2700B  seq=3
2026-03-24 05:26:58 [DEBUG] __main__ — [transport:acc2] text-recv  action=ok  id=dadf7f7d
2026-03-24 05:26:58 [DEBUG] __main__ — [dadf7f7d] <- ok
2026-03-24 05:26:58 [INFO] __main__ — tunnel data.phantom.app:443 [dadf7f7d]  открыт за ~377 мс
2026-03-24 05:26:58 [DEBUG] __main__ — [dadf7f7d] -> #1  1790B  seq=0
2026-03-24 05:26:58 [DEBUG] __main__ — [transport:acc1] text-send  len=2454  action=data  ms=21
2026-03-24 05:26:58 [DEBUG] __main__ — [transport:acc1] text-recv  action=data  id=fe244129
2026-03-24 05:26:58 [DEBUG] __main__ — [fe244129] <- data #5  1732B  seq=4
2026-03-24 05:26:58 [DEBUG] __main__ — [transport:acc2] text-recv  action=data  id=24bbd7e0
2026-03-24 05:26:58 [DEBUG] __main__ — [24bbd7e0] <- data #62  326B  seq=61
2026-03-24 05:26:58 [DEBUG] __main__ — [transport:acc1] text-recv  action=data  id=fe244129
2026-03-24 05:26:58 [DEBUG] __main__ — [fe244129] <- data #6  2700B  seq=6
2026-03-24 05:26:58 [DEBUG] __main__ — [transport:acc2] text-recv  action=data  id=fe244129
2026-03-24 05:26:58 [DEBUG] __main__ — [fe244129] <- data #7  2700B  seq=5
2026-03-24 05:26:58 [DEBUG] __main__ — [transport:acc1] text-recv  action=data  id=fe244129
2026-03-24 05:26:58 [DEBUG] __main__ — [fe244129] <- data #8  2700B  seq=8
2026-03-24 05:26:58 [DEBUG] __main__ — [transport:acc2] text-recv  action=data  id=fe244129
2026-03-24 05:26:58 [DEBUG] __main__ — [fe244129] <- data #9  2700B  seq=7
2026-03-24 05:26:58 [DEBUG] __main__ — [transport:acc1] text-recv  action=data  id=fe244129
2026-03-24 05:26:58 [DEBUG] __main__ — [fe244129] <- data #10  1844B  seq=10
2026-03-24 05:26:58 [DEBUG] __main__ — [transport:acc2] text-recv  action=data  id=fe244129
2026-03-24 05:26:58 [DEBUG] __main__ — [fe244129] <- data #11  2700B  seq=9
2026-03-24 05:26:58 [INFO] __main__ — SOCKS5 → blowfish-blocklist-proxy.phantom.app:443
2026-03-24 05:26:58 [DEBUG] __main__ — [transport:acc1] ctrl-send  len=111  action=connect  ms=22
2026-03-24 05:26:58 [DEBUG] __main__ — [transport:acc2] text-recv  action=data  id=fe244129
2026-03-24 05:26:58 [DEBUG] __main__ — [fe244129] <- data #12  2700B  seq=11
2026-03-24 05:26:58 [DEBUG] __main__ — [transport:acc1] text-recv  action=data  id=fe244129
2026-03-24 05:26:58 [DEBUG] __main__ — [fe244129] <- data #13  2700B  seq=12
2026-03-24 05:26:58 [DEBUG] __main__ — [transport:acc1] text-recv  action=data  id=fe244129
2026-03-24 05:26:58 [DEBUG] __main__ — [fe244129] <- data #14  2700B  seq=14
2026-03-24 05:26:58 [DEBUG] __main__ — [transport:acc2] text-recv  action=data  id=fe244129
2026-03-24 05:26:58 [DEBUG] __main__ — [fe244129] <- data #15  2700B  seq=13
2026-03-24 05:26:59 [DEBUG] __main__ — [transport:acc2] text-recv  action=data  id=fe244129
2026-03-24 05:26:59 [DEBUG] __main__ — [fe244129] <- data #16  2700B  seq=15
2026-03-24 05:26:59 [DEBUG] __main__ — [transport:acc1] text-recv  action=data  id=fe244129
2026-03-24 05:26:59 [DEBUG] __main__ — [fe244129] <- data #17  2700B  seq=16
2026-03-24 05:26:59 [DEBUG] __main__ — [transport:acc2] text-recv  action=data  id=fe244129
2026-03-24 05:26:59 [DEBUG] __main__ — [fe244129] <- data #18  183B  seq=17
2026-03-24 05:26:59 [DEBUG] __main__ — [transport:acc1] text-recv  action=ok  id=c54a7e9b
2026-03-24 05:26:59 [DEBUG] __main__ — [c54a7e9b] <- ok
2026-03-24 05:26:59 [INFO] __main__ — tunnel blowfish-blocklist-proxy.phantom.app:443 [c54a7e9b]  открыт за ~597 мс
2026-03-24 05:26:59 [DEBUG] __main__ — [c54a7e9b] -> #1  1778B  seq=0
2026-03-24 05:26:59 [DEBUG] __main__ — [transport:acc1] text-send  len=2438  action=data  ms=23
2026-03-24 05:26:59 [DEBUG] __main__ — [transport:acc2] text-recv  action=data  id=fe244129
2026-03-24 05:26:59 [DEBUG] __main__ — [fe244129] <- data #19  2700B  seq=19
2026-03-24 05:26:59 [DEBUG] __main__ — [transport:acc2] text-recv  action=data  id=fe244129
2026-03-24 05:26:59 [DEBUG] __main__ — [fe244129] <- data #20  2700B  seq=21
2026-03-24 05:26:59 [DEBUG] __main__ — [transport:acc1] text-recv  action=data  id=fe244129
2026-03-24 05:26:59 [DEBUG] __main__ — [fe244129] <- data #21  2700B  seq=18
2026-03-24 05:26:59 [DEBUG] __main__ — [transport:acc1] text-recv  action=data  id=fe244129
2026-03-24 05:26:59 [DEBUG] __main__ — [fe244129] <- data #22  2700B  seq=20
2026-03-24 05:26:59 [DEBUG] __main__ — [transport:acc2] text-recv  action=data  id=fe244129
2026-03-24 05:26:59 [DEBUG] __main__ — [fe244129] <- data #23  2560B  seq=23
2026-03-24 05:26:59 [DEBUG] __main__ — [transport:acc1] text-recv  action=data  id=fe244129
2026-03-24 05:26:59 [DEBUG] __main__ — [fe244129] <- data #24  2700B  seq=22
2026-03-24 05:26:59 [DEBUG] __main__ — [transport:acc2] text-recv  action=data  id=fe244129
2026-03-24 05:26:59 [DEBUG] __main__ — [fe244129] <- data #25  2700B  seq=25
2026-03-24 05:26:59 [DEBUG] __main__ — [transport:acc1] text-recv  action=data  id=fe244129
2026-03-24 05:26:59 [DEBUG] __main__ — [fe244129] <- data #26  2700B  seq=24
2026-03-24 05:26:59 [DEBUG] __main__ — [transport:acc1] text-recv  action=data  id=fe244129
2026-03-24 05:26:59 [DEBUG] __main__ — [fe244129] <- data #27  1333B  seq=26
2026-03-24 05:26:59 [DEBUG] __main__ — [transport:acc2] text-recv  action=data  id=fe244129
2026-03-24 05:26:59 [DEBUG] __main__ — [fe244129] <- data #28  2700B  seq=27
2026-03-24 05:26:59 [DEBUG] __main__ — [transport:acc1] text-recv  action=data  id=24bbd7e0
2026-03-24 05:26:59 [DEBUG] __main__ — [24bbd7e0] <- data #63  377B  seq=62
2026-03-24 05:26:59 [DEBUG] __main__ — [transport:acc1] gap ms=84..84, sending nack
2026-03-24 05:26:59 [DEBUG] __main__ — [transport:acc2] text-recv  action=data  id=fe244129
2026-03-24 05:26:59 [DEBUG] __main__ — [fe244129] <- data #29  2700B  seq=29
2026-03-24 05:26:59 [DEBUG] __main__ — [transport:acc1] text-recv  action=data  id=fe244129
2026-03-24 05:26:59 [DEBUG] __main__ — [transport:acc1] text-recv  action=ok  id=f8d82840
2026-03-24 05:26:59 [DEBUG] __main__ — [fe244129] <- data #30  2700B  seq=28
2026-03-24 05:26:59 [DEBUG] __main__ — [f8d82840] <- ok
2026-03-24 05:26:59 [INFO] __main__ — tunnel blowfish-blocklist-proxy.phantom.app:443 [f8d82840]  открыт за ~530 мс
2026-03-24 05:26:59 [DEBUG] __main__ — [transport:acc1] text-recv  action=data  id=fe244129
2026-03-24 05:26:59 [DEBUG] __main__ — [fe244129] <- data #31  2700B  seq=30
2026-03-24 05:26:59 [DEBUG] __main__ — [f8d82840] -> #1  1746B  seq=0
2026-03-24 05:26:59 [DEBUG] __main__ — [transport:acc1] text-send  len=2394  action=data  ms=24
2026-03-24 05:26:59 [DEBUG] __main__ — [transport:acc2] text-recv  action=data  id=fe244129
2026-03-24 05:26:59 [DEBUG] __main__ — [fe244129] <- data #32  2700B  seq=31
2026-03-24 05:26:59 [DEBUG] __main__ — [transport:acc1] text-recv  action=data  id=fe244129
2026-03-24 05:26:59 [DEBUG] __main__ — [fe244129] <- data #33  1660B  seq=32
2026-03-24 05:26:59 [DEBUG] __main__ — [24bbd7e0] -> #15  1838B  seq=14
2026-03-24 05:26:59 [DEBUG] __main__ — [transport:acc1] text-send  len=2519  action=data  ms=25
2026-03-24 05:26:59 [DEBUG] __main__ — [transport:acc2] text-recv  action=data  id=fe244129
2026-03-24 05:26:59 [DEBUG] __main__ — [fe244129] <- data #34  2700B  seq=33
2026-03-24 05:26:59 [DEBUG] __main__ — [transport:acc1] text-recv  action=data  id=fe244129
2026-03-24 05:26:59 [DEBUG] __main__ — [fe244129] <- data #35  2700B  seq=34
2026-03-24 05:26:59 [DEBUG] __main__ — [transport:acc2] text-recv  action=data  id=fe244129
2026-03-24 05:26:59 [DEBUG] __main__ — [fe244129] <- data #36  1840B  seq=35
2026-03-24 05:26:59 [DEBUG] __main__ — [transport:acc1] text-recv  action=data  id=fe244129
2026-03-24 05:26:59 [DEBUG] __main__ — [fe244129] <- data #37  2700B  seq=36
2026-03-24 05:26:59 [DEBUG] __main__ — [transport:acc2] text-recv  action=data  id=fe244129
2026-03-24 05:26:59 [DEBUG] __main__ — [fe244129] <- data #38  2700B  seq=37
2026-03-24 05:26:59 [DEBUG] __main__ — [transport:acc1] text-recv  action=data  id=fe244129
2026-03-24 05:26:59 [DEBUG] __main__ — [fe244129] <- data #39  2700B  seq=38
2026-03-24 05:26:59 [INFO] __main__ — SOCKS5 → yandex.ru:443
2026-03-24 05:26:59 [DEBUG] __main__ — [transport:acc2] ctrl-send  len=84  action=connect  ms=19
2026-03-24 05:26:59 [DEBUG] __main__ — [transport:acc1] text-recv  action=data  id=fe244129
2026-03-24 05:26:59 [DEBUG] __main__ — [fe244129] <- data #40  2700B  seq=40
2026-03-24 05:26:59 [DEBUG] __main__ — [transport:acc2] text-recv  action=data  id=fe244129
2026-03-24 05:26:59 [DEBUG] __main__ — [transport:acc2] gap ms=88..88, sending nack
2026-03-24 05:26:59 [DEBUG] __main__ — [fe244129] <- data #41  2700B  seq=39
2026-03-24 05:27:00 [DEBUG] __main__ — [transport:acc2] text-recv  action=data  id=fe244129
2026-03-24 05:27:00 [DEBUG] __main__ — [transport:acc2] text-recv  action=ok  id=6103c5e7
2026-03-24 05:27:00 [DEBUG] __main__ — [fe244129] <- data #42  2700B  seq=41
2026-03-24 05:27:00 [DEBUG] __main__ — [6103c5e7] <- ok
2026-03-24 05:27:00 [INFO] __main__ — tunnel storage.mds.yandex.net:443 [6103c5e7]  открыт за ~1517 мс
2026-03-24 05:27:00 [DEBUG] __main__ — [6103c5e7] -> #1  1828B  seq=0
2026-03-24 05:27:00 [DEBUG] __main__ — [transport:acc1] text-send  len=2506  action=data  ms=26
2026-03-24 05:27:00 [DEBUG] __main__ — [transport:acc1] text-recv  action=data  id=fe244129
2026-03-24 05:27:00 [DEBUG] __main__ — [fe244129] <- data #43  2700B  seq=42
2026-03-24 05:27:00 [DEBUG] __main__ — [transport:acc2] text-recv  action=data  id=fe244129
2026-03-24 05:27:00 [DEBUG] __main__ — [fe244129] <- data #44  2700B  seq=43
2026-03-24 05:27:00 [DEBUG] __main__ — [transport:acc1] text-recv  action=data  id=fe244129
2026-03-24 05:27:00 [DEBUG] __main__ — [fe244129] <- data #45  128B  seq=44
2026-03-24 05:27:00 [DEBUG] __main__ — [transport:acc2] text-recv  action=data  id=fe244129
2026-03-24 05:27:00 [DEBUG] __main__ — [transport:acc2] text-recv  action=ok  id=b837fecf
2026-03-24 05:27:00 [DEBUG] __main__ — [fe244129] <- data #46  2700B  seq=45
2026-03-24 05:27:00 [DEBUG] __main__ — [b837fecf] <- ok
2026-03-24 05:27:00 [INFO] __main__ — tunnel yandex.ru:443 [b837fecf]  открыт за ~373 мс
2026-03-24 05:27:00 [DEBUG] __main__ — [b837fecf] -> #1  1751B  seq=0
2026-03-24 05:27:00 [DEBUG] __main__ — [transport:acc1] text-send  len=2402  action=data  ms=27
2026-03-24 05:27:00 [DEBUG] __main__ — [transport:acc1] text-recv  action=data  id=fe244129
2026-03-24 05:27:00 [DEBUG] __main__ — [fe244129] <- data #47  2700B  seq=46
2026-03-24 05:27:00 [DEBUG] __main__ — [transport:acc2] text-recv  action=data  id=fe244129
2026-03-24 05:27:00 [DEBUG] __main__ — [fe244129] <- data #48  2700B  seq=47
2026-03-24 05:27:00 [DEBUG] __main__ — [transport:acc1] text-recv  action=data  id=fe244129
2026-03-24 05:27:00 [DEBUG] __main__ — [fe244129] <- data #49  2700B  seq=48
2026-03-24 05:27:00 [DEBUG] __main__ — [transport:acc2] text-recv  action=data  id=fe244129
2026-03-24 05:27:00 [DEBUG] __main__ — [fe244129] <- data #50  2700B  seq=49
2026-03-24 05:27:00 [DEBUG] __main__ — [transport:acc1] text-recv  action=data  id=fe244129
2026-03-24 05:27:00 [DEBUG] __main__ — [fe244129] <- data #51  2700B  seq=50
2026-03-24 05:27:00 [DEBUG] __main__ — [transport:acc2] text-recv  action=data  id=fe244129
2026-03-24 05:27:00 [DEBUG] __main__ — [fe244129] <- data #52  183B  seq=51
2026-03-24 05:27:00 [DEBUG] __main__ — [transport:acc1] text-recv  action=data  id=dadf7f7d
2026-03-24 05:27:00 [DEBUG] __main__ — [dadf7f7d] <- data #1  2700B  seq=0
2026-03-24 05:27:00 [DEBUG] __main__ — [transport:acc2] text-recv  action=data  id=dadf7f7d
2026-03-24 05:27:00 [DEBUG] __main__ — [dadf7f7d] <- data #2  761B  seq=1
2026-03-24 05:27:00 [DEBUG] __main__ — [dadf7f7d] -> #2  2700B  seq=1
2026-03-24 05:27:00 [DEBUG] __main__ — [transport:acc2] text-send  len=3666  action=data  ms=20
2026-03-24 05:27:00 [DEBUG] __main__ — [dadf7f7d] -> #3  339B  seq=2
2026-03-24 05:27:00 [DEBUG] __main__ — [transport:acc1] text-send  len=518  action=data  ms=28
2026-03-24 05:27:00 [DEBUG] __main__ — [24bbd7e0] -> #16  1463B  seq=15
2026-03-24 05:27:00 [DEBUG] __main__ — [transport:acc2] text-send  len=2019  action=data  ms=21
2026-03-24 05:27:00 [DEBUG] __main__ — [transport:acc1] text-recv  action=data  id=fe244129
2026-03-24 05:27:00 [DEBUG] __main__ — [fe244129] <- data #53  2700B  seq=52
2026-03-24 05:27:00 [DEBUG] __main__ — [transport:acc1] text-recv  action=data  id=fe244129
2026-03-24 05:27:00 [DEBUG] __main__ — [fe244129] <- data #54  2700B  seq=54
2026-03-24 05:27:00 [DEBUG] __main__ — [transport:acc2] text-recv  action=data  id=fe244129
2026-03-24 05:27:00 [DEBUG] __main__ — [fe244129] <- data #55  2700B  seq=53
2026-03-24 05:27:00 [DEBUG] __main__ — [transport:acc2] text-recv  action=data  id=fe244129
2026-03-24 05:27:00 [DEBUG] __main__ — [fe244129] <- data #56  2700B  seq=55
2026-03-24 05:27:00 [DEBUG] __main__ — [transport:acc1] text-recv  action=data  id=fe244129
2026-03-24 05:27:00 [DEBUG] __main__ — [fe244129] <- data #57  2700B  seq=56
2026-03-24 05:27:00 [DEBUG] __main__ — [transport:acc2] text-recv  action=data  id=fe244129
2026-03-24 05:27:00 [DEBUG] __main__ — [fe244129] <- data #58  2700B  seq=57
2026-03-24 05:27:00 [DEBUG] __main__ — [transport:acc1] text-recv  action=data  id=fe244129
2026-03-24 05:27:00 [DEBUG] __main__ — [fe244129] <- data #59  183B  seq=58
2026-03-24 05:27:01 [DEBUG] __main__ — [transport:acc2] text-recv  action=data  id=fe244129
2026-03-24 05:27:01 [DEBUG] __main__ — [fe244129] <- data #60  2700B  seq=59
2026-03-24 05:27:01 [DEBUG] __main__ — [transport:acc1] text-recv  action=data  id=fe244129
2026-03-24 05:27:01 [DEBUG] __main__ — [fe244129] <- data #61  2700B  seq=60
2026-03-24 05:27:01 [DEBUG] __main__ — [transport:acc2] text-recv  action=data  id=fe244129
2026-03-24 05:27:01 [DEBUG] __main__ — [fe244129] <- data #62  2700B  seq=61
2026-03-24 05:27:01 [DEBUG] __main__ — [transport:acc1] text-recv  action=data  id=fe244129
2026-03-24 05:27:01 [DEBUG] __main__ — [fe244129] <- data #63  2700B  seq=62
2026-03-24 05:27:01 [DEBUG] __main__ — [transport:acc2] text-recv  action=data  id=fe244129
2026-03-24 05:27:01 [DEBUG] __main__ — [fe244129] <- data #64  2700B  seq=63
2026-03-24 05:27:01 [DEBUG] __main__ — [transport:acc1] text-recv  action=data  id=fe244129
2026-03-24 05:27:01 [DEBUG] __main__ — [fe244129] <- data #65  2700B  seq=64
2026-03-24 05:27:01 [DEBUG] __main__ — [transport:acc2] text-recv  action=data  id=fe244129
2026-03-24 05:27:01 [DEBUG] __main__ — [fe244129] <- data #66  183B  seq=65
2026-03-24 05:27:01 [DEBUG] __main__ — [transport:acc1] text-recv  action=data  id=fe244129
2026-03-24 05:27:01 [DEBUG] __main__ — [fe244129] <- data #67  2700B  seq=66
2026-03-24 05:27:01 [DEBUG] __main__ — [transport:acc2] text-recv  action=data  id=fe244129
2026-03-24 05:27:01 [DEBUG] __main__ — [fe244129] <- data #68  2700B  seq=67
2026-03-24 05:27:01 [DEBUG] __main__ — [transport:acc1] text-recv  action=data  id=fe244129
2026-03-24 05:27:01 [DEBUG] __main__ — [fe244129] <- data #69  2700B  seq=68
2026-03-24 05:27:01 [DEBUG] __main__ — [transport:acc2] text-recv  action=data  id=fe244129
2026-03-24 05:27:01 [DEBUG] __main__ — [fe244129] <- data #70  2700B  seq=69
2026-03-24 05:27:01 [DEBUG] __main__ — [transport:acc1] text-recv  action=data  id=fe244129
2026-03-24 05:27:01 [DEBUG] __main__ — [fe244129] <- data #71  2700B  seq=70
2026-03-24 05:27:01 [DEBUG] __main__ — [transport:acc2] text-recv  action=data  id=fe244129
2026-03-24 05:27:01 [DEBUG] __main__ — [fe244129] <- data #72  2700B  seq=71
2026-03-24 05:27:01 [DEBUG] __main__ — [transport:acc1] text-recv  action=data  id=fe244129
2026-03-24 05:27:01 [DEBUG] __main__ — [fe244129] <- data #73  183B  seq=72
2026-03-24 05:27:01 [DEBUG] __main__ — [transport:acc2] text-recv  action=data  id=fe244129
2026-03-24 05:27:01 [DEBUG] __main__ — [fe244129] <- data #74  2700B  seq=73
2026-03-24 05:27:01 [DEBUG] __main__ — [transport:acc1] text-recv  action=data  id=fe244129
2026-03-24 05:27:01 [DEBUG] __main__ — [fe244129] <- data #75  2700B  seq=74
2026-03-24 05:27:01 [DEBUG] __main__ — [transport:acc2] text-recv  action=data  id=fe244129
2026-03-24 05:27:01 [DEBUG] __main__ — [fe244129] <- data #76  2700B  seq=75
2026-03-24 05:27:01 [DEBUG] __main__ — [transport:acc1] text-recv  action=data  id=fe244129
2026-03-24 05:27:01 [DEBUG] __main__ — [fe244129] <- data #77  2700B  seq=76
2026-03-24 05:27:01 [DEBUG] __main__ — [24bbd7e0] -> #17  730B  seq=16
2026-03-24 05:27:01 [DEBUG] __main__ — [transport:acc1] text-send  len=1043  action=data  ms=29
2026-03-24 05:27:01 [DEBUG] __main__ — [transport:acc2] text-recv  action=data  id=fe244129
2026-03-24 05:27:01 [DEBUG] __main__ — [fe244129] <- data #78  2700B  seq=77
2026-03-24 05:27:01 [DEBUG] __main__ — [transport:acc1] text-recv  action=data  id=fe244129
2026-03-24 05:27:01 [DEBUG] __main__ — [fe244129] <- data #79  2700B  seq=78
2026-03-24 05:27:02 [DEBUG] __main__ — [transport:acc2] text-recv  action=data  id=fe244129
2026-03-24 05:27:02 [DEBUG] __main__ — [fe244129] <- data #80  183B  seq=79
2026-03-24 05:27:02 [DEBUG] __main__ — [transport:acc1] text-recv  action=data  id=fe244129
2026-03-24 05:27:02 [DEBUG] __main__ — [fe244129] <- data #81  2700B  seq=80
2026-03-24 05:27:02 [DEBUG] __main__ — [transport:acc2] text-recv  action=data  id=fe244129
2026-03-24 05:27:02 [DEBUG] __main__ — [fe244129] <- data #82  2700B  seq=81
2026-03-24 05:27:02 [DEBUG] __main__ — [transport:acc1] text-recv  action=data  id=fe244129
2026-03-24 05:27:02 [DEBUG] __main__ — [fe244129] <- data #83  2700B  seq=82
2026-03-24 05:27:02 [DEBUG] __main__ — [transport:acc2] text-recv  action=data  id=fe244129
2026-03-24 05:27:02 [DEBUG] __main__ — [fe244129] <- data #84  2700B  seq=83
2026-03-24 05:27:02 [DEBUG] __main__ — [transport:acc1] text-recv  action=data  id=fe244129
2026-03-24 05:27:02 [DEBUG] __main__ — [fe244129] <- data #85  2700B  seq=84
2026-03-24 05:27:02 [DEBUG] __main__ — [transport:acc2] text-recv  action=data  id=fe244129
2026-03-24 05:27:02 [DEBUG] __main__ — [fe244129] <- data #86  2700B  seq=85
2026-03-24 05:27:02 [DEBUG] __main__ — [transport:acc1] text-recv  action=data  id=fe244129
2026-03-24 05:27:02 [DEBUG] __main__ — [fe244129] <- data #87  183B  seq=86
2026-03-24 05:27:02 [DEBUG] __main__ — [transport:acc2] text-recv  action=data  id=fe244129
2026-03-24 05:27:02 [DEBUG] __main__ — [fe244129] <- data #88  2700B  seq=87
2026-03-24 05:27:02 [DEBUG] __main__ — [transport:acc1] text-recv  action=data  id=fe244129
2026-03-24 05:27:02 [DEBUG] __main__ — [fe244129] <- data #89  2700B  seq=88
2026-03-24 05:27:02 [DEBUG] __main__ — [transport:acc2] text-recv  action=data  id=fe244129
2026-03-24 05:27:02 [DEBUG] __main__ — [fe244129] <- data #90  2700B  seq=89
2026-03-24 05:27:02 [DEBUG] __main__ — [transport:acc1] text-recv  action=data  id=fe244129
2026-03-24 05:27:02 [DEBUG] __main__ — [fe244129] <- data #91  2700B  seq=90
2026-03-24 05:27:02 [DEBUG] __main__ — [transport:acc2] text-recv  action=data  id=fe244129
2026-03-24 05:27:02 [DEBUG] __main__ — [fe244129] <- data #92  2700B  seq=91
2026-03-24 05:27:02 [DEBUG] __main__ — [transport:acc1] text-recv  action=data  id=fe244129
2026-03-24 05:27:02 [DEBUG] __main__ — [fe244129] <- data #93  2700B  seq=92
2026-03-24 05:27:02 [DEBUG] __main__ — [transport:acc2] text-recv  action=data  id=fe244129
2026-03-24 05:27:02 [DEBUG] __main__ — [fe244129] <- data #94  183B  seq=93
2026-03-24 05:27:02 [DEBUG] __main__ — [transport:acc1] text-recv  action=data  id=fe244129
2026-03-24 05:27:02 [DEBUG] __main__ — [fe244129] <- data #95  2700B  seq=94
2026-03-24 05:27:02 [DEBUG] __main__ — [transport:acc2] text-recv  action=data  id=fe244129
2026-03-24 05:27:02 [DEBUG] __main__ — [fe244129] <- data #96  2700B  seq=95
2026-03-24 05:27:02 [DEBUG] __main__ — [transport:acc1] text-recv  action=data  id=fe244129
2026-03-24 05:27:02 [DEBUG] __main__ — [fe244129] <- data #97  2700B  seq=96
2026-03-24 05:27:02 [DEBUG] __main__ — [transport:acc1] text-recv  action=data  id=fe244129
2026-03-24 05:27:02 [DEBUG] __main__ — [transport:acc2] text-recv  action=data  id=fe244129
2026-03-24 05:27:02 [DEBUG] __main__ — [fe244129] <- data #98  2700B  seq=98
2026-03-24 05:27:02 [DEBUG] __main__ — [fe244129] <- data #99  2700B  seq=97
2026-03-24 05:27:03 [DEBUG] __main__ — [transport:acc2] text-recv  action=data  id=fe244129
2026-03-24 05:27:03 [DEBUG] __main__ — [fe244129] <- data #100  2700B  seq=99
2026-03-24 05:27:03 [DEBUG] __main__ — [transport:acc1] text-recv  action=data  id=fe244129
2026-03-24 05:27:03 [DEBUG] __main__ — [fe244129] <- data #101  2700B  seq=100
2026-03-24 05:27:03 [DEBUG] __main__ — [transport:acc2] text-recv  action=data  id=fe244129
2026-03-24 05:27:03 [DEBUG] __main__ — [fe244129] <- data #102  2700B  seq=101
2026-03-24 05:27:03 [DEBUG] __main__ — [transport:acc1] text-recv  action=data  id=fe244129
2026-03-24 05:27:03 [DEBUG] __main__ — [fe244129] <- data #103  2700B  seq=102
2026-03-24 05:27:03 [DEBUG] __main__ — [transport:acc2] text-recv  action=data  id=fe244129
2026-03-24 05:27:03 [DEBUG] __main__ — [fe244129] <- data #104  2700B  seq=103
2026-03-24 05:27:03 [DEBUG] __main__ — [transport:acc1] text-recv  action=data  id=fe244129
2026-03-24 05:27:03 [DEBUG] __main__ — [fe244129] <- data #105  2700B  seq=104
2026-03-24 05:27:03 [DEBUG] __main__ — [transport:acc2] text-recv  action=data  id=fe244129
2026-03-24 05:27:03 [DEBUG] __main__ — [fe244129] <- data #106  2700B  seq=105
2026-03-24 05:27:03 [DEBUG] __main__ — [transport:acc1] text-recv  action=data  id=fe244129
2026-03-24 05:27:03 [DEBUG] __main__ — [fe244129] <- data #107  366B  seq=106
2026-03-24 05:27:03 [DEBUG] __main__ — [transport:acc2] text-recv  action=data  id=c54a7e9b
2026-03-24 05:27:03 [DEBUG] __main__ — [c54a7e9b] <- data #1  802B  seq=1
2026-03-24 05:27:03 [DEBUG] __main__ — [transport:acc1] text-recv  action=data  id=c54a7e9b
2026-03-24 05:27:03 [DEBUG] __main__ — [c54a7e9b] <- data #2  2700B  seq=0
2026-03-24 05:27:03 [DEBUG] __main__ — [f8d82840] local EOF
2026-03-24 05:27:03 [DEBUG] __main__ — [transport:acc1] ctrl-send  len=65  action=close  ms=30
2026-03-24 05:27:03 [DEBUG] __main__ — [c54a7e9b] -> #2  1255B  seq=1
2026-03-24 05:27:03 [DEBUG] __main__ — [transport:acc2] text-send  len=1742  action=data  ms=22
2026-03-24 05:27:03 [DEBUG] __main__ — [transport:acc2] text-recv  action=data  id=fe244129
2026-03-24 05:27:03 [DEBUG] __main__ — [fe244129] <- data #108  2700B  seq=107
2026-03-24 05:27:03 [DEBUG] __main__ — [transport:acc1] text-recv  action=data  id=fe244129
2026-03-24 05:27:03 [DEBUG] __main__ — [fe244129] <- data #109  2700B  seq=108
2026-03-24 05:27:03 [DEBUG] __main__ — [transport:acc2] text-recv  action=data  id=fe244129
2026-03-24 05:27:03 [DEBUG] __main__ — [fe244129] <- data #110  2700B  seq=109
2026-03-24 05:27:03 [DEBUG] __main__ — [transport:acc1] text-recv  action=data  id=fe244129
2026-03-24 05:27:03 [DEBUG] __main__ — [fe244129] <- data #111  2700B  seq=110
2026-03-24 05:27:03 [DEBUG] __main__ — [transport:acc2] text-recv  action=data  id=fe244129
2026-03-24 05:27:03 [DEBUG] __main__ — [fe244129] <- data #112  2700B  seq=111
2026-03-24 05:27:03 [DEBUG] __main__ — [transport:acc1] text-recv  action=data  id=fe244129
2026-03-24 05:27:03 [DEBUG] __main__ — [fe244129] <- data #113  2700B  seq=112
2026-03-24 05:27:03 [DEBUG] __main__ — [fe244129] -> #5  35B  seq=4
2026-03-24 05:27:03 [DEBUG] __main__ — [transport:acc1] text-send  len=114  action=data  ms=31
2026-03-24 05:27:03 [DEBUG] __main__ — [transport:acc2] text-recv  action=data  id=fe244129
2026-03-24 05:27:03 [DEBUG] __main__ — [fe244129] <- data #114  183B  seq=113
2026-03-24 05:27:03 [DEBUG] __main__ — [transport:acc1] text-recv  action=data  id=fe244129
2026-03-24 05:27:03 [DEBUG] __main__ — [fe244129] <- data #115  2700B  seq=114
2026-03-24 05:27:03 [DEBUG] __main__ — [transport:acc2] text-recv  action=data  id=fe244129
2026-03-24 05:27:03 [DEBUG] __main__ — [fe244129] <- data #116  2700B  seq=115
2026-03-24 05:27:03 [DEBUG] __main__ — [transport:acc1] text-recv  action=data  id=fe244129
2026-03-24 05:27:03 [DEBUG] __main__ — [fe244129] <- data #117  2700B  seq=116
2026-03-24 05:27:04 [DEBUG] __main__ — [transport:acc2] text-recv  action=data  id=fe244129
2026-03-24 05:27:04 [DEBUG] __main__ — [fe244129] <- data #118  2700B  seq=117
2026-03-24 05:27:04 [DEBUG] __main__ — [transport:acc1] text-recv  action=data  id=fe244129
2026-03-24 05:27:04 [DEBUG] __main__ — [fe244129] <- data #119  2700B  seq=118
2026-03-24 05:27:04 [DEBUG] __main__ — [transport:acc2] text-recv  action=data  id=fe244129
2026-03-24 05:27:04 [DEBUG] __main__ — [fe244129] <- data #120  2700B  seq=119
2026-03-24 05:27:04 [DEBUG] __main__ — [transport:acc1] text-recv  action=data  id=fe244129
2026-03-24 05:27:04 [DEBUG] __main__ — [fe244129] <- data #121  183B  seq=120
2026-03-24 05:27:04 [DEBUG] __main__ — [transport:acc2] text-recv  action=data  id=fe244129
2026-03-24 05:27:04 [DEBUG] __main__ — [fe244129] <- data #122  2700B  seq=121
2026-03-24 05:27:04 [DEBUG] __main__ — [transport:acc1] text-recv  action=data  id=fe244129
2026-03-24 05:27:04 [DEBUG] __main__ — [fe244129] <- data #123  2700B  seq=122
2026-03-24 05:27:04 [DEBUG] __main__ — [transport:acc2] text-recv  action=data  id=fe244129
2026-03-24 05:27:04 [DEBUG] __main__ — [fe244129] <- data #124  2700B  seq=123
2026-03-24 05:27:04 [DEBUG] __main__ — [transport:acc1] text-recv  action=data  id=fe244129
2026-03-24 05:27:04 [DEBUG] __main__ — [fe244129] <- data #125  2700B  seq=124
2026-03-24 05:27:04 [INFO] __main__ — DONE blowfish-blocklist-proxy.phantom.app:443 [f8d82840] | ↑1746B/1f (0.3 КБ/с)  ↓0B/0f (0.0 КБ/с)  5.0s
2026-03-24 05:27:04 [DEBUG] __main__ — [transport:acc2] text-recv  action=data  id=fe244129
2026-03-24 05:27:04 [DEBUG] __main__ — [fe244129] <- data #126  2700B  seq=125
2026-03-24 05:27:04 [DEBUG] __main__ — [transport:acc1] text-recv  action=data  id=fe244129
2026-03-24 05:27:04 [DEBUG] __main__ — [fe244129] <- data #127  2700B  seq=126
2026-03-24 05:27:04 [DEBUG] __main__ — [transport:acc2] text-recv  action=data  id=fe244129
2026-03-24 05:27:04 [DEBUG] __main__ — [fe244129] <- data #128  2700B  seq=127
2026-03-24 05:27:04 [DEBUG] __main__ — [transport:acc1] text-recv  action=data  id=fe244129
2026-03-24 05:27:04 [DEBUG] __main__ — [fe244129] <- data #129  2700B  seq=128
2026-03-24 05:27:04 [DEBUG] __main__ — [transport:acc2] text-recv  action=data  id=fe244129
2026-03-24 05:27:04 [DEBUG] __main__ — [fe244129] <- data #130  2700B  seq=129
2026-03-24 05:27:04 [DEBUG] __main__ — [transport:acc1] text-recv  action=data  id=fe244129
2026-03-24 05:27:04 [DEBUG] __main__ — [fe244129] <- data #131  2700B  seq=130
2026-03-24 05:27:04 [DEBUG] __main__ — [transport:acc2] text-recv  action=data  id=fe244129
2026-03-24 05:27:04 [DEBUG] __main__ — [fe244129] <- data #132  2700B  seq=131
2026-03-24 05:27:04 [DEBUG] __main__ — [transport:acc2] text-recv  action=data  id=fe244129
2026-03-24 05:27:04 [DEBUG] __main__ — [fe244129] <- data #133  366B  seq=133
2026-03-24 05:27:04 [DEBUG] __main__ — [transport:acc2] text-recv  action=data  id=fe244129
2026-03-24 05:27:04 [DEBUG] __main__ — [fe244129] <- data #134  2700B  seq=135
2026-03-24 05:27:05 [DEBUG] __main__ — [transport:acc2] text-recv  action=data  id=fe244129
2026-03-24 05:27:05 [DEBUG] __main__ — [fe244129] <- data #135  2700B  seq=137
2026-03-24 05:27:05 [DEBUG] __main__ — [transport:acc2] text-recv  action=data  id=fe244129
2026-03-24 05:27:05 [DEBUG] __main__ — [fe244129] <- data #136  2700B  seq=139
2026-03-24 05:27:05 [DEBUG] __main__ — [transport:acc2] text-recv  action=data  id=fe244129
2026-03-24 05:27:05 [DEBUG] __main__ — [fe244129] <- data #137  2700B  seq=141
2026-03-24 05:27:10 [DEBUG] __main__ — [24bbd7e0] -> #18  142B  seq=17
2026-03-24 05:27:10 [DEBUG] __main__ — [transport:acc2] text-send  len=259  action=data  ms=23
2026-03-24 05:27:10 [DEBUG] __main__ — [c54a7e9b] -> #3  265B  seq=2
2026-03-24 05:27:10 [DEBUG] __main__ — [transport:acc1] text-send  len=422  action=data  ms=32
2026-03-24 05:27:18 [DEBUG] __main__ — [dadf7f7d] -> #4  2362B  seq=3
2026-03-24 05:27:18 [DEBUG] __main__ — [transport:acc2] text-send  len=3218  action=data  ms=24
2026-03-24 05:27:18 [DEBUG] __main__ — [24bbd7e0] -> #19  656B  seq=18
2026-03-24 05:27:18 [DEBUG] __main__ — [transport:acc1] text-send  len=943  action=data  ms=33
2026-03-24 05:27:18 [DEBUG] __main__ — [transport:acc2] got nack ms=23..23
2026-03-24 05:27:18 [DEBUG] __main__ — [transport:acc2] retransmit ms=23
2026-03-24 05:27:18 [DEBUG] __main__ — [transport:acc1] got nack ms=32..32
2026-03-24 05:27:18 [DEBUG] __main__ — [transport:acc1] retransmit ms=32
2026-03-24 05:27:19 [DEBUG] __main__ — [transport:acc1] gap ms=139..188, sending nack
2026-03-24 05:27:19 [DEBUG] __main__ — [transport:acc2] gap ms=143..187, sending nack
2026-03-24 05:27:20 [INFO] __main__ — SOCKS5 → yandex.ru:443
2026-03-24 05:27:20 [DEBUG] __main__ — [24bbd7e0] -> #20  51B  seq=19
2026-03-24 05:27:20 [DEBUG] __main__ — [transport:acc1] ctrl-send  len=84  action=connect  ms=34
2026-03-24 05:27:20 [DEBUG] __main__ — [transport:acc2] text-send  len=135  action=data  ms=25
2026-03-24 05:27:20 [DEBUG] __main__ — [24bbd7e0] local EOF
2026-03-24 05:27:20 [DEBUG] __main__ — [transport:acc1] ctrl-send  len=66  action=close  ms=35
2026-03-24 05:27:20 [INFO] __main__ — SOCKS5 → yandex.ru:443
2026-03-24 05:27:20 [DEBUG] __main__ — [transport:acc2] ctrl-send  len=84  action=connect  ms=26
2026-03-24 05:27:20 [INFO] __main__ — SOCKS5 → yandex.ru:443
2026-03-24 05:27:20 [DEBUG] __main__ — [transport:acc1] ctrl-send  len=84  action=connect  ms=36
2026-03-24 05:27:20 [INFO] __main__ — SOCKS5 → yandex.ru:443
2026-03-24 05:27:20 [DEBUG] __main__ — [transport:acc2] ctrl-send  len=84  action=connect  ms=27
2026-03-24 05:27:20 [INFO] __main__ — SOCKS5 → yandex.ru:443
2026-03-24 05:27:20 [INFO] __main__ — SOCKS5 → yandex.ru:443
2026-03-24 05:27:20 [DEBUG] __main__ — [transport:acc1] ctrl-send  len=84  action=connect  ms=37
2026-03-24 05:27:20 [DEBUG] __main__ — [transport:acc2] ctrl-send  len=84  action=connect  ms=28
2026-03-24 05:27:21 [INFO] __main__ — DONE yandex.ru:443 [24bbd7e0] | ↑24410B/20f (0.8 КБ/с)  ↓138849B/63f (4.8 КБ/с)  28.4s
2026-03-24 05:27:22 [DEBUG] __main__ — tunnel yandex.ru:443 [2f77e735]  no ok in 2s, retrying connect
2026-03-24 05:27:22 [DEBUG] __main__ — [transport:acc1] ctrl-send  len=84  action=connect  ms=38
2026-03-24 05:27:22 [DEBUG] __main__ — [transport:acc1] got nack ms=34..37
2026-03-24 05:27:22 [DEBUG] __main__ — [transport:acc1] retransmit ms=34
2026-03-24 05:27:22 [DEBUG] __main__ — [transport:acc1] retransmit ms=35
2026-03-24 05:27:22 [DEBUG] __main__ — [transport:acc1] retransmit ms=36
2026-03-24 05:27:22 [DEBUG] __main__ — [transport:acc1] retransmit ms=37
2026-03-24 05:27:22 [DEBUG] __main__ — tunnel yandex.ru:443 [ba34ed74]  no ok in 2s, retrying connect
2026-03-24 05:27:22 [DEBUG] __main__ — [transport:acc2] ctrl-send  len=84  action=connect  ms=29
2026-03-24 05:27:22 [DEBUG] __main__ — tunnel yandex.ru:443 [9ce4245e]  no ok in 2s, retrying connect
2026-03-24 05:27:22 [DEBUG] __main__ — [transport:acc1] ctrl-send  len=84  action=connect  ms=39
2026-03-24 05:27:22 [DEBUG] __main__ — tunnel yandex.ru:443 [a9151a9d]  no ok in 2s, retrying connect
2026-03-24 05:27:22 [DEBUG] __main__ — [transport:acc2] ctrl-send  len=84  action=connect  ms=30
2026-03-24 05:27:22 [DEBUG] __main__ — tunnel yandex.ru:443 [46b0f927]  no ok in 2s, retrying connect
2026-03-24 05:27:22 [DEBUG] __main__ — tunnel yandex.ru:443 [12ef34fb]  no ok in 2s, retrying connect
2026-03-24 05:27:22 [DEBUG] __main__ — [transport:acc1] ctrl-send  len=84  action=connect  ms=40
2026-03-24 05:27:22 [DEBUG] __main__ — [transport:acc2] ctrl-send  len=84  action=connect  ms=31
2026-03-24 05:27:23 [DEBUG] __main__ — [transport:acc2] keepalive sent
2026-03-24 05:27:23 [DEBUG] __main__ — [transport:acc1] keepalive sent
2026-03-24 05:27:25 [DEBUG] __main__ — tunnel yandex.ru:443 [2f77e735]  no ok in 3s, retrying connect
2026-03-24 05:27:25 [DEBUG] __main__ — [transport:acc1] ctrl-send  len=84  action=connect  ms=41
2026-03-24 05:27:25 [DEBUG] __main__ — tunnel yandex.ru:443 [ba34ed74]  no ok in 3s, retrying connect
2026-03-24 05:27:25 [DEBUG] __main__ — tunnel yandex.ru:443 [9ce4245e]  no ok in 3s, retrying connect
2026-03-24 05:27:25 [DEBUG] __main__ — [transport:acc2] ctrl-send  len=84  action=connect  ms=32
2026-03-24 05:27:25 [DEBUG] __main__ — [transport:acc1] ctrl-send  len=84  action=connect  ms=42
2026-03-24 05:27:25 [DEBUG] __main__ — tunnel yandex.ru:443 [a9151a9d]  no ok in 3s, retrying connect
2026-03-24 05:27:25 [DEBUG] __main__ — [transport:acc2] ctrl-send  len=84  action=connect  ms=33
2026-03-24 05:27:25 [DEBUG] __main__ — tunnel yandex.ru:443 [46b0f927]  no ok in 3s, retrying connect
2026-03-24 05:27:25 [DEBUG] __main__ — tunnel yandex.ru:443 [12ef34fb]  no ok in 3s, retrying connect
2026-03-24 05:27:25 [DEBUG] __main__ — [transport:acc1] ctrl-send  len=84  action=connect  ms=43
2026-03-24 05:27:25 [DEBUG] __main__ — [transport:acc2] ctrl-send  len=84  action=connect  ms=34
2026-03-24 05:27:28 [DEBUG] __main__ — [dadf7f7d] -> #5  51B  seq=4
2026-03-24 05:27:28 [DEBUG] __main__ — [transport:acc1] text-send  len=134  action=data  ms=44
2026-03-24 05:27:28 [INFO] __main__ — SOCKS5 → data.phantom.app:443
2026-03-24 05:27:28 [DEBUG] __main__ — [dadf7f7d] local EOF
2026-03-24 05:27:28 [DEBUG] __main__ — [transport:acc1] ctrl-send  len=91  action=connect  ms=45
2026-03-24 05:27:28 [DEBUG] __main__ — [transport:acc2] ctrl-send  len=65  action=close  ms=35
2026-03-24 05:27:28 [DEBUG] __main__ — [transport:acc1] gap ms=139..215, sending nack
2026-03-24 05:27:28 [DEBUG] __main__ — [6103c5e7] local EOF
2026-03-24 05:27:28 [DEBUG] __main__ — [transport:acc2] ctrl-send  len=65  action=close  ms=36
2026-03-24 05:27:28 [INFO] __main__ — DONE data.phantom.app:443 [dadf7f7d] | ↑7242B/5f (0.2 КБ/с)  ↓3461B/2f (0.1 КБ/с)  29.9s
2026-03-24 05:27:28 [INFO] __main__ — SOCKS5 → data.phantom.app:443
2026-03-24 05:27:28 [DEBUG] __main__ — [transport:acc2] ctrl-send  len=91  action=connect  ms=37
2026-03-24 05:27:29 [INFO] __main__ — DONE storage.mds.yandex.net:443 [6103c5e7] | ↑1828B/1f (0.1 КБ/с)  ↓0B/0f (0.0 КБ/с)  29.0s
2026-03-24 05:27:29 [DEBUG] __main__ — tunnel yandex.ru:443 [2f77e735]  no ok in 4s, retrying connect
2026-03-24 05:27:29 [DEBUG] __main__ — [transport:acc1] ctrl-send  len=84  action=connect  ms=46
2026-03-24 05:27:29 [DEBUG] __main__ — [b837fecf] local EOF
2026-03-24 05:27:29 [DEBUG] __main__ — [transport:acc2] ctrl-send  len=65  action=close  ms=38
2026-03-24 05:27:29 [DEBUG] __main__ — tunnel yandex.ru:443 [ba34ed74]  no ok in 4s, retrying connect
2026-03-24 05:27:29 [DEBUG] __main__ — tunnel yandex.ru:443 [9ce4245e]  no ok in 4s, retrying connect
2026-03-24 05:27:29 [DEBUG] __main__ — tunnel yandex.ru:443 [a9151a9d]  no ok in 4s, retrying connect
2026-03-24 05:27:29 [DEBUG] __main__ — [transport:acc2] ctrl-send  len=84  action=connect  ms=39
2026-03-24 05:27:29 [DEBUG] __main__ — [transport:acc2] ctrl-send  len=84  action=connect  ms=40
2026-03-24 05:27:29 [DEBUG] __main__ — [transport:acc1] ctrl-send  len=84  action=connect  ms=47
2026-03-24 05:27:29 [DEBUG] __main__ — tunnel yandex.ru:443 [46b0f927]  no ok in 4s, retrying connect
2026-03-24 05:27:29 [DEBUG] __main__ — tunnel yandex.ru:443 [12ef34fb]  no ok in 4s, retrying connect
2026-03-24 05:27:29 [DEBUG] __main__ — [transport:acc1] ctrl-send  len=84  action=connect  ms=48
2026-03-24 05:27:29 [DEBUG] __main__ — [transport:acc2] ctrl-send  len=84  action=connect  ms=41
2026-03-24 05:27:30 [INFO] __main__ — DONE yandex.ru:443 [b837fecf] | ↑1751B/1f (0.1 КБ/с)  ↓0B/0f (0.0 КБ/с)  30.0s
2026-03-24 05:27:30 [DEBUG] __main__ — tunnel data.phantom.app:443 [88858456]  no ok in 2s, retrying connect
2026-03-24 05:27:30 [DEBUG] __main__ — [transport:acc1] ctrl-send  len=91  action=connect  ms=49
2026-03-24 05:27:30 [DEBUG] __main__ — tunnel data.phantom.app:443 [a00e664c]  no ok in 2s, retrying connect
2026-03-24 05:27:30 [DEBUG] __main__ — [transport:acc2] ctrl-send  len=91  action=connect  ms=42
2026-03-24 05:27:33 [DEBUG] __main__ — tunnel data.phantom.app:443 [88858456]  no ok in 3s, retrying connect
2026-03-24 05:27:33 [DEBUG] __main__ — [transport:acc1] ctrl-send  len=91  action=connect  ms=50
2026-03-24 05:27:33 [DEBUG] __main__ — [transport:acc1] got nack ms=34..49
2026-03-24 05:27:33 [DEBUG] __main__ — [transport:acc1] retransmit ms=34
2026-03-24 05:27:33 [DEBUG] __main__ — [transport:acc1] retransmit ms=35
2026-03-24 05:27:33 [DEBUG] __main__ — [transport:acc1] retransmit ms=36
2026-03-24 05:27:33 [DEBUG] __main__ — [transport:acc1] retransmit ms=37
2026-03-24 05:27:33 [DEBUG] __main__ — [transport:acc1] retransmit ms=38
2026-03-24 05:27:33 [DEBUG] __main__ — [transport:acc1] retransmit capped at 5/nack
2026-03-24 05:27:33 [DEBUG] __main__ — tunnel data.phantom.app:443 [a00e664c]  no ok in 3s, retrying connect
2026-03-24 05:27:33 [DEBUG] __main__ — [transport:acc2] ctrl-send  len=91  action=connect  ms=43
2026-03-24 05:27:33 [DEBUG] __main__ — [transport:acc2] got nack ms=25..42
2026-03-24 05:27:33 [DEBUG] __main__ — [transport:acc2] retransmit ms=25
2026-03-24 05:27:33 [DEBUG] __main__ — [transport:acc2] retransmit ms=26
2026-03-24 05:27:33 [DEBUG] __main__ — [transport:acc2] retransmit ms=27
2026-03-24 05:27:33 [DEBUG] __main__ — [transport:acc2] retransmit ms=28
2026-03-24 05:27:33 [DEBUG] __main__ — [transport:acc2] retransmit ms=29
2026-03-24 05:27:33 [DEBUG] __main__ — [transport:acc2] retransmit capped at 5/nack
2026-03-24 05:27:34 [INFO] __main__ — tunnel yandex.ru:443 [2f77e735]  TIMEOUT
2026-03-24 05:27:34 [INFO] __main__ — SOCKS5 → yandex.ru:443
2026-03-24 05:27:34 [DEBUG] __main__ — [transport:acc1] ctrl-send  len=84  action=connect  ms=51
2026-03-24 05:27:34 [INFO] __main__ — SOCKS5 → 188.40.167.82:443
2026-03-24 05:27:34 [DEBUG] __main__ — [transport:acc2] ctrl-send  len=88  action=connect  ms=44
2026-03-24 05:27:34 [WARNING] __main__ — [fe244129] reorder stall: seq=132 missing for 30s, buf=5 frames — closing
2026-03-24 05:27:34 [INFO] __main__ — tunnel yandex.ru:443 [ba34ed74]  TIMEOUT
2026-03-24 05:27:34 [INFO] __main__ — tunnel yandex.ru:443 [9ce4245e]  TIMEOUT
2026-03-24 05:27:34 [INFO] __main__ — tunnel yandex.ru:443 [a9151a9d]  TIMEOUT
2026-03-24 05:27:34 [INFO] __main__ — SOCKS5 → yandex.ru:443
2026-03-24 05:27:34 [INFO] __main__ — tunnel yandex.ru:443 [46b0f927]  TIMEOUT
2026-03-24 05:27:34 [INFO] __main__ — tunnel yandex.ru:443 [12ef34fb]  TIMEOUT
2026-03-24 05:27:34 [DEBUG] __main__ — [transport:acc1] ctrl-send  len=84  action=connect  ms=52
2026-03-24 05:27:34 [INFO] __main__ — SOCKS5 → yandex.ru:443
2026-03-24 05:27:34 [INFO] __main__ — SOCKS5 → yandex.ru:443
2026-03-24 05:27:34 [DEBUG] __main__ — [transport:acc2] ctrl-send  len=84  action=connect  ms=45
2026-03-24 05:27:34 [DEBUG] __main__ — [transport:acc1] ctrl-send  len=84  action=connect  ms=53
2026-03-24 05:27:34 [INFO] __main__ — SOCKS5 → yandex.ru:443
2026-03-24 05:27:34 [INFO] __main__ — SOCKS5 → yandex.ru:443
2026-03-24 05:27:34 [DEBUG] __main__ — [transport:acc2] ctrl-send  len=84  action=connect  ms=46
2026-03-24 05:27:34 [DEBUG] __main__ — [transport:acc1] ctrl-send  len=84  action=connect  ms=54
2026-03-24 05:27:36 [DEBUG] __main__ — tunnel yandex.ru:443 [340426ac]  no ok in 2s, retrying connect
2026-03-24 05:27:36 [DEBUG] __main__ — [transport:acc1] ctrl-send  len=84  action=connect  ms=55
2026-03-24 05:27:36 [DEBUG] __main__ — tunnel 188.40.167.82:443 [09c4e3d8]  no ok in 2s, retrying connect
2026-03-24 05:27:36 [DEBUG] __main__ — [transport:acc2] ctrl-send  len=88  action=connect  ms=47
2026-03-24 05:27:36 [DEBUG] __main__ — tunnel yandex.ru:443 [ec4fa43c]  no ok in 2s, retrying connect
2026-03-24 05:27:36 [DEBUG] __main__ — tunnel yandex.ru:443 [eee94b5c]  no ok in 2s, retrying connect
2026-03-24 05:27:36 [DEBUG] __main__ — tunnel yandex.ru:443 [70a92068]  no ok in 2s, retrying connect
2026-03-24 05:27:36 [DEBUG] __main__ — [transport:acc1] ctrl-send  len=84  action=connect  ms=56
2026-03-24 05:27:36 [DEBUG] __main__ — [transport:acc1] ctrl-send  len=84  action=connect  ms=57
2026-03-24 05:27:36 [DEBUG] __main__ — [transport:acc2] ctrl-send  len=84  action=connect  ms=48
2026-03-24 05:27:36 [DEBUG] __main__ — tunnel yandex.ru:443 [0229d225]  no ok in 2s, retrying connect
2026-03-24 05:27:36 [DEBUG] __main__ — tunnel yandex.ru:443 [0becbdfc]  no ok in 2s, retrying connect
2026-03-24 05:27:36 [DEBUG] __main__ — [transport:acc2] ctrl-send  len=84  action=connect  ms=49
2026-03-24 05:27:36 [DEBUG] __main__ — [transport:acc1] ctrl-send  len=84  action=connect  ms=58
2026-03-24 05:27:37 [DEBUG] __main__ — tunnel data.phantom.app:443 [88858456]  no ok in 4s, retrying connect
2026-03-24 05:27:37 [DEBUG] __main__ — [transport:acc1] ctrl-send  len=91  action=connect  ms=59
2026-03-24 05:27:37 [DEBUG] __main__ — tunnel data.phantom.app:443 [a00e664c]  no ok in 4s, retrying connect
2026-03-24 05:27:37 [DEBUG] __main__ — [transport:acc2] ctrl-send  len=91  action=connect  ms=50
2026-03-24 05:27:39 [DEBUG] __main__ — tunnel yandex.ru:443 [340426ac]  no ok in 3s, retrying connect
2026-03-24 05:27:39 [DEBUG] __main__ — [transport:acc1] ctrl-send  len=84  action=connect  ms=60
2026-03-24 05:27:39 [DEBUG] __main__ — tunnel 188.40.167.82:443 [09c4e3d8]  no ok in 3s, retrying connect
2026-03-24 05:27:39 [DEBUG] __main__ — [transport:acc2] ctrl-send  len=88  action=connect  ms=51
2026-03-24 05:27:39 [DEBUG] __main__ — tunnel yandex.ru:443 [ec4fa43c]  no ok in 3s, retrying connect
2026-03-24 05:27:39 [DEBUG] __main__ — tunnel yandex.ru:443 [eee94b5c]  no ok in 3s, retrying connect
2026-03-24 05:27:39 [DEBUG] __main__ — [transport:acc1] ctrl-send  len=84  action=connect  ms=61
2026-03-24 05:27:39 [DEBUG] __main__ — [transport:acc2] ctrl-send  len=84  action=connect  ms=52
2026-03-24 05:27:39 [DEBUG] __main__ — tunnel yandex.ru:443 [70a92068]  no ok in 3s, retrying connect
2026-03-24 05:27:39 [DEBUG] __main__ — [transport:acc1] ctrl-send  len=84  action=connect  ms=62
2026-03-24 05:27:39 [DEBUG] __main__ — tunnel yandex.ru:443 [0229d225]  no ok in 3s, retrying connect
2026-03-24 05:27:39 [DEBUG] __main__ — tunnel yandex.ru:443 [0becbdfc]  no ok in 3s, retrying connect
2026-03-24 05:27:39 [DEBUG] __main__ — [transport:acc2] ctrl-send  len=84  action=connect  ms=53
2026-03-24 05:27:39 [DEBUG] __main__ — [transport:acc1] ctrl-send  len=84  action=connect  ms=63
2026-03-24 05:27:40 [INFO] __main__ — SOCKS5 → detectportal.brave-http-only.com:80
2026-03-24 05:27:40 [DEBUG] __main__ — [transport:acc2] ctrl-send  len=106  action=connect  ms=54
2026-03-24 05:27:42 [INFO] __main__ — tunnel data.phantom.app:443 [88858456]  TIMEOUT
2026-03-24 05:27:42 [INFO] __main__ — SOCKS5 → data.phantom.app:443
2026-03-24 05:27:42 [DEBUG] __main__ — [transport:acc1] ctrl-send  len=91  action=connect  ms=64
2026-03-24 05:27:42 [DEBUG] __main__ — tunnel detectportal.brave-http-only.com:80 [445b7e68]  no ok in 2s, retrying connect
2026-03-24 05:27:42 [DEBUG] __main__ — [transport:acc2] ctrl-send  len=106  action=connect  ms=55
2026-03-24 05:27:42 [INFO] __main__ — tunnel data.phantom.app:443 [a00e664c]  TIMEOUT
2026-03-24 05:27:42 [INFO] __main__ — SOCKS5 → data.phantom.app:443
2026-03-24 05:27:42 [DEBUG] __main__ — [transport:acc2] ctrl-send  len=91  action=connect  ms=56
2026-03-24 05:27:43 [DEBUG] __main__ — tunnel yandex.ru:443 [340426ac]  no ok in 4s, retrying connect
2026-03-24 05:27:43 [DEBUG] __main__ — [transport:acc1] ctrl-send  len=84  action=connect  ms=65
2026-03-24 05:27:43 [DEBUG] __main__ — tunnel 188.40.167.82:443 [09c4e3d8]  no ok in 4s, retrying connect
2026-03-24 05:27:43 [DEBUG] __main__ — [transport:acc2] ctrl-send  len=88  action=connect  ms=57
2026-03-24 05:27:43 [DEBUG] __main__ — tunnel yandex.ru:443 [ec4fa43c]  no ok in 4s, retrying connect
2026-03-24 05:27:43 [DEBUG] __main__ — tunnel yandex.ru:443 [eee94b5c]  no ok in 4s, retrying connect
2026-03-24 05:27:43 [DEBUG] __main__ — tunnel yandex.ru:443 [70a92068]  no ok in 4s, retrying connect
2026-03-24 05:27:43 [DEBUG] __main__ — [transport:acc1] ctrl-send  len=84  action=connect  ms=66
2026-03-24 05:27:43 [DEBUG] __main__ — [transport:acc1] ctrl-send  len=84  action=connect  ms=67
2026-03-24 05:27:43 [DEBUG] __main__ — [transport:acc2] ctrl-send  len=84  action=connect  ms=58
2026-03-24 05:27:43 [DEBUG] __main__ — tunnel yandex.ru:443 [0229d225]  no ok in 4s, retrying connect
2026-03-24 05:27:43 [DEBUG] __main__ — tunnel yandex.ru:443 [0becbdfc]  no ok in 4s, retrying connect
2026-03-24 05:27:43 [DEBUG] __main__ — [transport:acc2] ctrl-send  len=84  action=connect  ms=59
2026-03-24 05:27:43 [DEBUG] __main__ — [transport:acc1] ctrl-send  len=84  action=connect  ms=68
2026-03-24 05:27:44 [DEBUG] __main__ — tunnel data.phantom.app:443 [6cd90d10]  no ok in 2s, retrying connect
2026-03-24 05:27:44 [DEBUG] __main__ — [transport:acc1] ctrl-send  len=91  action=connect  ms=69
2026-03-24 05:27:44 [DEBUG] __main__ — tunnel data.phantom.app:443 [70a9be19]  no ok in 2s, retrying connect
2026-03-24 05:27:44 [DEBUG] __main__ — [transport:acc2] ctrl-send  len=91  action=connect  ms=60
2026-03-24 05:27:45 [DEBUG] __main__ — tunnel detectportal.brave-http-only.com:80 [445b7e68]  no ok in 3s, retrying connect
2026-03-24 05:27:45 [DEBUG] __main__ — [transport:acc2] ctrl-send  len=106  action=connect  ms=61
2026-03-24 05:27:47 [DEBUG] __main__ — tunnel data.phantom.app:443 [6cd90d10]  no ok in 3s, retrying connect
2026-03-24 05:27:47 [DEBUG] __main__ — [transport:acc1] ctrl-send  len=91  action=connect  ms=70
2026-03-24 05:27:47 [DEBUG] __main__ — [transport:acc1] got nack ms=35..69
2026-03-24 05:27:47 [DEBUG] __main__ — [transport:acc1] retransmit ms=35
2026-03-24 05:27:47 [DEBUG] __main__ — [transport:acc1] retransmit ms=36
2026-03-24 05:27:47 [DEBUG] __main__ — [transport:acc1] retransmit ms=37
2026-03-24 05:27:47 [DEBUG] __main__ — [transport:acc1] retransmit ms=38
2026-03-24 05:27:47 [DEBUG] __main__ — [transport:acc1] retransmit ms=39
2026-03-24 05:27:47 [DEBUG] __main__ — [transport:acc1] retransmit capped at 5/nack
2026-03-24 05:27:47 [DEBUG] __main__ — tunnel data.phantom.app:443 [70a9be19]  no ok in 3s, retrying connect
2026-03-24 05:27:47 [DEBUG] __main__ — [transport:acc2] ctrl-send  len=91  action=connect  ms=62
2026-03-24 05:27:47 [DEBUG] __main__ — [transport:acc2] got nack ms=25..61
2026-03-24 05:27:47 [DEBUG] __main__ — [transport:acc2] retransmit ms=25
2026-03-24 05:27:47 [DEBUG] __main__ — [transport:acc2] retransmit ms=26
2026-03-24 05:27:47 [DEBUG] __main__ — [transport:acc2] retransmit ms=27
2026-03-24 05:27:47 [DEBUG] __main__ — [transport:acc2] retransmit ms=28
2026-03-24 05:27:47 [DEBUG] __main__ — [transport:acc2] retransmit ms=29
2026-03-24 05:27:47 [DEBUG] __main__ — [transport:acc2] retransmit capped at 5/nack
2026-03-24 05:27:48 [DEBUG] __main__ — [c54a7e9b] -> #4  105B  seq=3
2026-03-24 05:27:48 [DEBUG] __main__ — [transport:acc2] text-send  len=206  action=data  ms=63
2026-03-24 05:27:48 [INFO] __main__ — tunnel yandex.ru:443 [340426ac]  TIMEOUT
2026-03-24 05:27:48 [INFO] __main__ — SOCKS5 → yandex.ru:443
2026-03-24 05:27:48 [DEBUG] __main__ — [transport:acc1] ctrl-send  len=84  action=connect  ms=71
2026-03-24 05:27:48 [DEBUG] __main__ — [transport:acc2] keepalive sent
2026-03-24 05:27:48 [DEBUG] __main__ — [transport:acc1] keepalive sent
2026-03-24 05:27:48 [INFO] __main__ — tunnel 188.40.167.82:443 [09c4e3d8]  TIMEOUT
2026-03-24 05:27:48 [INFO] __main__ — tunnel yandex.ru:443 [ec4fa43c]  TIMEOUT
2026-03-24 05:27:48 [INFO] __main__ — tunnel yandex.ru:443 [eee94b5c]  TIMEOUT
2026-03-24 05:27:48 [INFO] __main__ — tunnel yandex.ru:443 [70a92068]  TIMEOUT
2026-03-24 05:27:48 [INFO] __main__ — tunnel yandex.ru:443 [0229d225]  TIMEOUT
2026-03-24 05:27:48 [INFO] __main__ — tunnel yandex.ru:443 [0becbdfc]  TIMEOUT
2026-03-24 05:27:49 [DEBUG] __main__ — tunnel detectportal.brave-http-only.com:80 [445b7e68]  no ok in 4s, retrying connect
2026-03-24 05:27:49 [DEBUG] __main__ — [transport:acc2] ctrl-send  len=106  action=connect  ms=64
2026-03-24 05:27:49 [INFO] __main__ — SOCKS5 → yandex.ru:443
2026-03-24 05:27:49 [DEBUG] __main__ — [transport:acc2] ctrl-send  len=84  action=connect  ms=65
2026-03-24 05:27:50 [DEBUG] __main__ — tunnel yandex.ru:443 [a205ca5e]  no ok in 2s, retrying connect
2026-03-24 05:27:50 [DEBUG] __main__ — [transport:acc1] ctrl-send  len=84  action=connect  ms=72
2026-03-24 05:27:51 [DEBUG] __main__ — tunnel data.phantom.app:443 [6cd90d10]  no ok in 4s, retrying connect
2026-03-24 05:27:51 [DEBUG] __main__ — [transport:acc1] ctrl-send  len=91  action=connect  ms=73
2026-03-24 05:27:51 [DEBUG] __main__ — tunnel yandex.ru:443 [3b224aed]  no ok in 2s, retrying connect
2026-03-24 05:27:51 [DEBUG] __main__ — [transport:acc2] ctrl-send  len=84  action=connect  ms=66
2026-03-24 05:27:51 [DEBUG] __main__ — tunnel data.phantom.app:443 [70a9be19]  no ok in 4s, retrying connect
2026-03-24 05:27:51 [DEBUG] __main__ — [transport:acc2] ctrl-send  len=91  action=connect  ms=67
2026-03-24 05:27:51 [DEBUG] __main__ — [fe244129] -> #6  176B  seq=5
2026-03-24 05:27:51 [DEBUG] __main__ — [transport:acc2] text-send  len=302  action=data  ms=68
2026-03-24 05:27:51 [DEBUG] __main__ — [c54a7e9b] -> #5  304B  seq=4
2026-03-24 05:27:51 [DEBUG] __main__ — [transport:acc1] text-send  len=474  action=data  ms=74
2026-03-24 05:27:52 [ERROR] asyncio — Unclosed client session
client_session: <aiohttp.client.ClientSession object at 0x7c2bda76c1f0>
2026-03-24 05:27:52 [ERROR] asyncio — Unclosed client session
client_session: <aiohttp.client.ClientSession object at 0x7c2bda721db0>
