2026-03-24 12:01:03 [INFO] __main__ — SOCKS5 запущен  127.0.0.1:1080  transports=2
2026-03-24 12:01:04 [INFO] __main__ — Авторизован [acc2#ws2], chatId=0 (self-chat)
2026-03-24 12:01:04 [INFO] __main__ — [acc2#ws2] подключён
2026-03-24 12:01:04 [INFO] __main__ — Авторизован [acc1#ws0], chatId=0 (self-chat)
2026-03-24 12:01:04 [INFO] __main__ — [acc1#ws0] подключён
2026-03-24 12:01:04 [INFO] __main__ — Авторизован [acc1#ws2], chatId=0 (self-chat)
2026-03-24 12:01:04 [INFO] __main__ — [acc1#ws2] подключён
2026-03-24 12:01:04 [INFO] __main__ — Авторизован [acc1#ws1], chatId=0 (self-chat)
2026-03-24 12:01:04 [INFO] __main__ — [acc1#ws1] подключён
2026-03-24 12:01:04 [INFO] __main__ — Авторизован [acc2#ws0], chatId=0 (self-chat)
2026-03-24 12:01:04 [INFO] __main__ — [acc2#ws0] подключён
2026-03-24 12:01:04 [INFO] __main__ — Авторизован [acc2#ws1], chatId=0 (self-chat)
2026-03-24 12:01:04 [INFO] __main__ — [acc2#ws1] подключён
2026-03-24 12:01:08 [INFO] __main__ — SOCKS5 → 188.40.167.82:443
2026-03-24 12:01:08 [DEBUG] __main__ — [transport:acc1] file-send  size=84  action=connect  seq=?  prio=0
2026-03-24 12:01:08 [DEBUG] __main__ — [acc1#ws0] upload ok  fileId=2986099844  size=84
2026-03-24 12:01:09 [DEBUG] __main__ — [acc1#ws0] пропускаем свой исходящий файл fileId=2986099844
2026-03-24 12:01:10 [DEBUG] __main__ — [acc1#ws2] file-recv  fileId=2986099844  action=connect
2026-03-24 12:01:10 [DEBUG] __main__ — tunnel 188.40.167.82:443 [404faf33]  no ok in 2s, retrying connect
2026-03-24 12:01:10 [DEBUG] __main__ — [transport:acc1] file-send  size=84  action=connect  seq=?  prio=0
2026-03-24 12:01:10 [DEBUG] __main__ — [acc1#ws1] upload ok  fileId=2991291725  size=84
2026-03-24 12:01:10 [DEBUG] __main__ — [acc1#ws0] пропускаем свой исходящий файл fileId=2991291725
2026-03-24 12:01:11 [DEBUG] __main__ — [acc1#ws2] file-recv  fileId=2991291725  action=connect
2026-03-24 12:01:13 [DEBUG] __main__ — tunnel 188.40.167.82:443 [404faf33]  no ok in 3s, retrying connect
2026-03-24 12:01:13 [DEBUG] __main__ — [transport:acc1] file-send  size=84  action=connect  seq=?  prio=0
2026-03-24 12:01:13 [DEBUG] __main__ — [acc1#ws2] upload ok  fileId=2993015565  size=84
2026-03-24 12:01:14 [DEBUG] __main__ — [acc1#ws2] пропускаем свой исходящий файл fileId=2993015565
2026-03-24 12:01:14 [DEBUG] __main__ — [acc1#ws0] file-recv  fileId=2993015565  action=connect
2026-03-24 12:01:17 [DEBUG] __main__ — tunnel 188.40.167.82:443 [404faf33]  no ok in 4s, retrying connect
2026-03-24 12:01:17 [DEBUG] __main__ — [transport:acc1] file-send  size=84  action=connect  seq=?  prio=0
2026-03-24 12:01:17 [DEBUG] __main__ — [acc1#ws0] upload ok  fileId=2991269304  size=84
2026-03-24 12:01:18 [DEBUG] __main__ — [acc1#ws0] пропускаем свой исходящий файл fileId=2991269304
2026-03-24 12:01:18 [DEBUG] __main__ — [acc1#ws2] file-recv  fileId=2991269304  action=connect
2026-03-24 12:01:22 [INFO] __main__ — tunnel 188.40.167.82:443 [404faf33]  TIMEOUT
2026-03-24 12:01:26 [ERROR] asyncio — Unclosed client session
client_session: <aiohttp.client.ClientSession object at 0x71df841964a0>
2026-03-24 12:01:26 [ERROR] asyncio — Unclosed client session
client_session: <aiohttp.client.ClientSession object at 0x71df84197010>
2026-03-24 12:01:26 [ERROR] asyncio — Unclosed connector
connections: ['[(<aiohttp.client_proto.ResponseHandler object at 0x71df83da2da0>, 129080.645058427)]', '[(<aiohttp.client_proto.ResponseHandler object at 0x71df83da33a0>, 129081.29376871)]']
connector: <aiohttp.connector.TCPConnector object at 0x71df84196ce0>
