2026-03-24 05:16:04 [INFO] __main__ — SOCKS5 запущен  127.0.0.1:1080  transports=2
2026-03-24 05:16:05 [INFO] __main__ — Авторизован [acc1], chatId=0 (self-chat)
2026-03-24 05:16:05 [INFO] __main__ — Авторизован [acc2], chatId=0 (self-chat)
2026-03-24 05:16:09 [INFO] __main__ — SOCKS5 → 188.40.167.82:443
2026-03-24 05:16:09 [DEBUG] __main__ — [transport:acc1] ctrl-send  len=87  action=connect  ms=0
2026-03-24 05:16:09 [DEBUG] __main__ — [transport:acc1] text-recv  action=ok  id=0e545def
2026-03-24 05:16:09 [DEBUG] __main__ — [0e545def] <- ok
2026-03-24 05:16:09 [INFO] __main__ — tunnel 188.40.167.82:443 [0e545def]  открыт за ~270 мс
2026-03-24 05:16:09 [DEBUG] __main__ — [0e545def] -> #1  517B  seq=0
2026-03-24 05:16:09 [DEBUG] __main__ — [transport:acc1] text-send  len=757  action=data  ms=1
2026-03-24 05:16:10 [DEBUG] __main__ — [transport:acc2] text-recv  action=data  id=0e545def
2026-03-24 05:16:10 [DEBUG] __main__ — [0e545def] <- data #1  434B  seq=1
2026-03-24 05:16:10 [DEBUG] __main__ — [transport:acc1] text-recv  action=data  id=0e545def
2026-03-24 05:16:10 [DEBUG] __main__ — [0e545def] <- data #2  2700B  seq=0
2026-03-24 05:16:10 [DEBUG] __main__ — [0e545def] -> #2  266B  seq=1
2026-03-24 05:16:10 [DEBUG] __main__ — [transport:acc2] text-send  len=421  action=data  ms=0
2026-03-24 05:16:10 [DEBUG] __main__ — [transport:acc1] text-recv  action=data  id=0e545def
2026-03-24 05:16:10 [DEBUG] __main__ — [0e545def] <- data #3  744B  seq=2
2026-03-24 05:16:10 [DEBUG] __main__ — [0e545def] -> #3  55B  seq=2
2026-03-24 05:16:10 [DEBUG] __main__ — [transport:acc1] text-send  len=141  action=data  ms=2
2026-03-24 05:16:10 [DEBUG] __main__ — [0e545def] local EOF
2026-03-24 05:16:10 [DEBUG] __main__ — [transport:acc1] ctrl-send  len=64  action=close  ms=3
2026-03-24 05:16:11 [INFO] __main__ — DONE 188.40.167.82:443 [0e545def] | ↑838B/3f (0.5 КБ/с)  ↓3878B/3f (2.3 КБ/с)  1.7s
2026-03-24 05:16:12 [INFO] __main__ — SOCKS5 → 188.40.167.82:443
2026-03-24 05:16:12 [DEBUG] __main__ — [transport:acc2] ctrl-send  len=87  action=connect  ms=1
2026-03-24 05:16:13 [DEBUG] __main__ — [transport:acc2] text-recv  action=ok  id=3ec167df
2026-03-24 05:16:13 [DEBUG] __main__ — [3ec167df] <- ok
2026-03-24 05:16:13 [INFO] __main__ — tunnel 188.40.167.82:443 [3ec167df]  открыт за ~360 мс
2026-03-24 05:16:13 [DEBUG] __main__ — [3ec167df] -> #1  517B  seq=0
2026-03-24 05:16:13 [DEBUG] __main__ — [transport:acc1] text-send  len=757  action=data  ms=4
2026-03-24 05:16:13 [DEBUG] __main__ — [transport:acc2] text-recv  action=data  id=3ec167df
2026-03-24 05:16:13 [DEBUG] __main__ — [3ec167df] <- data #1  434B  seq=1
2026-03-24 05:16:13 [DEBUG] __main__ — [transport:acc1] text-recv  action=data  id=3ec167df
2026-03-24 05:16:13 [DEBUG] __main__ — [3ec167df] <- data #2  2700B  seq=0
2026-03-24 05:16:13 [DEBUG] __main__ — [3ec167df] -> #2  266B  seq=1
2026-03-24 05:16:13 [DEBUG] __main__ — [transport:acc2] text-send  len=421  action=data  ms=2
2026-03-24 05:16:13 [DEBUG] __main__ — [transport:acc1] text-recv  action=data  id=3ec167df
2026-03-24 05:16:13 [DEBUG] __main__ — [3ec167df] <- data #3  744B  seq=2
2026-03-24 05:16:13 [DEBUG] __main__ — [3ec167df] -> #3  55B  seq=2
2026-03-24 05:16:13 [DEBUG] __main__ — [transport:acc1] text-send  len=141  action=data  ms=5
2026-03-24 05:16:13 [DEBUG] __main__ — [3ec167df] local EOF
2026-03-24 05:16:13 [DEBUG] __main__ — [transport:acc2] ctrl-send  len=64  action=close  ms=3
2026-03-24 05:16:14 [INFO] __main__ — DONE 188.40.167.82:443 [3ec167df] | ↑838B/3f (0.5 КБ/с)  ↓3878B/3f (2.2 КБ/с)  1.8s
2026-03-24 05:16:15 [INFO] __main__ — SOCKS5 → 81.19.72.32:443
2026-03-24 05:16:15 [DEBUG] __main__ — [transport:acc1] ctrl-send  len=85  action=connect  ms=6
2026-03-24 05:16:16 [DEBUG] __main__ — [transport:acc1] text-recv  action=ok  id=38501ff2
2026-03-24 05:16:16 [DEBUG] __main__ — [38501ff2] <- ok
2026-03-24 05:16:16 [INFO] __main__ — tunnel 81.19.72.32:443 [38501ff2]  открыт за ~272 мс
2026-03-24 05:16:16 [DEBUG] __main__ — [38501ff2] -> #1  517B  seq=0
2026-03-24 05:16:16 [DEBUG] __main__ — [transport:acc1] text-send  len=757  action=data  ms=7
2026-03-24 05:16:16 [DEBUG] __main__ — [transport:acc2] text-recv  action=data  id=38501ff2
2026-03-24 05:16:16 [DEBUG] __main__ — [transport:acc1] text-recv  action=data  id=38501ff2
2026-03-24 05:16:16 [DEBUG] __main__ — [38501ff2] <- data #1  1040B  seq=1
2026-03-24 05:16:16 [DEBUG] __main__ — [38501ff2] <- data #2  2700B  seq=0
2026-03-24 05:16:16 [DEBUG] __main__ — [38501ff2] -> #2  93B  seq=1
2026-03-24 05:16:16 [DEBUG] __main__ — [transport:acc2] text-send  len=189  action=data  ms=4
2026-03-24 05:16:16 [DEBUG] __main__ — [transport:acc1] text-recv  action=data  id=38501ff2
2026-03-24 05:16:16 [DEBUG] __main__ — [38501ff2] <- data #3  120B  seq=2
2026-03-24 05:16:17 [DEBUG] __main__ — [38501ff2] -> #3  253B  seq=2
2026-03-24 05:16:17 [DEBUG] __main__ — [transport:acc1] text-send  len=405  action=data  ms=8
2026-03-24 05:16:17 [DEBUG] __main__ — [transport:acc2] text-recv  action=data  id=38501ff2
2026-03-24 05:16:17 [DEBUG] __main__ — [38501ff2] <- data #4  827B  seq=3
2026-03-24 05:16:17 [DEBUG] __main__ — [transport:acc2] text-recv  action=data  id=38501ff2
2026-03-24 05:16:17 [DEBUG] __main__ — [38501ff2] <- data #5  2700B  seq=5
2026-03-24 05:16:17 [DEBUG] __main__ — [transport:acc1] text-recv  action=data  id=38501ff2
2026-03-24 05:16:17 [DEBUG] __main__ — [transport:acc1] text-recv  action=data  id=38501ff2
2026-03-24 05:16:17 [DEBUG] __main__ — [38501ff2] <- data #6  2700B  seq=4
2026-03-24 05:16:17 [DEBUG] __main__ — [38501ff2] <- data #7  2700B  seq=6
2026-03-24 05:16:17 [DEBUG] __main__ — [transport:acc2] text-recv  action=data  id=38501ff2
2026-03-24 05:16:17 [DEBUG] __main__ — [38501ff2] <- data #8  2700B  seq=7
2026-03-24 05:16:17 [DEBUG] __main__ — [transport:acc2] text-recv  action=data  id=38501ff2
2026-03-24 05:16:17 [DEBUG] __main__ — [38501ff2] <- data #9  2700B  seq=9
2026-03-24 05:16:17 [DEBUG] __main__ — [transport:acc1] text-recv  action=data  id=38501ff2
2026-03-24 05:16:17 [DEBUG] __main__ — [38501ff2] <- data #10  2700B  seq=8
2026-03-24 05:16:17 [DEBUG] __main__ — [transport:acc2] text-recv  action=data  id=38501ff2
2026-03-24 05:16:17 [DEBUG] __main__ — [38501ff2] <- data #11  2700B  seq=11
2026-03-24 05:16:17 [DEBUG] __main__ — [transport:acc1] text-recv  action=data  id=38501ff2
2026-03-24 05:16:17 [DEBUG] __main__ — [38501ff2] <- data #12  2700B  seq=10
2026-03-24 05:16:17 [DEBUG] __main__ — [transport:acc1] text-recv  action=data  id=38501ff2
2026-03-24 05:16:17 [DEBUG] __main__ — [transport:acc2] text-recv  action=data  id=38501ff2
2026-03-24 05:16:17 [DEBUG] __main__ — [38501ff2] <- data #13  2700B  seq=12
2026-03-24 05:16:17 [DEBUG] __main__ — [38501ff2] <- data #14  2700B  seq=13
2026-03-24 05:16:17 [DEBUG] __main__ — [transport:acc2] text-recv  action=data  id=38501ff2
2026-03-24 05:16:17 [DEBUG] __main__ — [38501ff2] <- data #15  2700B  seq=15
2026-03-24 05:16:17 [DEBUG] __main__ — [transport:acc1] text-recv  action=data  id=38501ff2
2026-03-24 05:16:17 [DEBUG] __main__ — [38501ff2] <- data #16  2700B  seq=14
2026-03-24 05:16:17 [DEBUG] __main__ — [transport:acc2] text-recv  action=data  id=38501ff2
2026-03-24 05:16:17 [DEBUG] __main__ — [38501ff2] <- data #17  2700B  seq=17
2026-03-24 05:16:17 [DEBUG] __main__ — [transport:acc1] text-recv  action=data  id=38501ff2
2026-03-24 05:16:17 [DEBUG] __main__ — [38501ff2] <- data #18  2700B  seq=16
2026-03-24 05:16:17 [DEBUG] __main__ — [transport:acc2] text-recv  action=data  id=38501ff2
2026-03-24 05:16:17 [DEBUG] __main__ — [38501ff2] <- data #19  2700B  seq=19
2026-03-24 05:16:17 [DEBUG] __main__ — [transport:acc1] text-recv  action=data  id=38501ff2
2026-03-24 05:16:17 [DEBUG] __main__ — [38501ff2] <- data #20  2700B  seq=18
2026-03-24 05:16:17 [DEBUG] __main__ — [transport:acc2] text-recv  action=data  id=38501ff2
2026-03-24 05:16:17 [DEBUG] __main__ — [38501ff2] <- data #21  2700B  seq=21
2026-03-24 05:16:17 [DEBUG] __main__ — [transport:acc2] text-recv  action=data  id=38501ff2
2026-03-24 05:16:17 [DEBUG] __main__ — [38501ff2] <- data #22  2700B  seq=23
2026-03-24 05:16:17 [DEBUG] __main__ — [transport:acc1] text-recv  action=data  id=38501ff2
2026-03-24 05:16:17 [DEBUG] __main__ — [38501ff2] <- data #23  2700B  seq=20
2026-03-24 05:16:17 [DEBUG] __main__ — [transport:acc1] text-recv  action=data  id=38501ff2
2026-03-24 05:16:17 [DEBUG] __main__ — [38501ff2] <- data #24  2700B  seq=22
2026-03-24 05:16:17 [DEBUG] __main__ — [transport:acc2] text-recv  action=data  id=38501ff2
2026-03-24 05:16:17 [DEBUG] __main__ — [38501ff2] <- data #25  2700B  seq=25
2026-03-24 05:16:17 [DEBUG] __main__ — [transport:acc1] text-recv  action=data  id=38501ff2
2026-03-24 05:16:17 [DEBUG] __main__ — [38501ff2] <- data #26  2700B  seq=24
2026-03-24 05:16:17 [DEBUG] __main__ — [transport:acc2] text-recv  action=data  id=38501ff2
2026-03-24 05:16:17 [DEBUG] __main__ — [38501ff2] <- data #27  2700B  seq=27
2026-03-24 05:16:17 [DEBUG] __main__ — [transport:acc1] text-recv  action=data  id=38501ff2
2026-03-24 05:16:17 [DEBUG] __main__ — [38501ff2] <- data #28  2700B  seq=26
2026-03-24 05:16:17 [DEBUG] __main__ — [transport:acc2] text-recv  action=data  id=38501ff2
2026-03-24 05:16:17 [DEBUG] __main__ — [38501ff2] <- data #29  2700B  seq=29
2026-03-24 05:16:17 [DEBUG] __main__ — [transport:acc2] text-recv  action=data  id=38501ff2
2026-03-24 05:16:17 [DEBUG] __main__ — [38501ff2] <- data #30  2700B  seq=31
2026-03-24 05:16:17 [DEBUG] __main__ — [transport:acc1] text-recv  action=data  id=38501ff2
2026-03-24 05:16:17 [DEBUG] __main__ — [38501ff2] <- data #31  2700B  seq=28
2026-03-24 05:16:17 [DEBUG] __main__ — [transport:acc1] text-recv  action=data  id=38501ff2
2026-03-24 05:16:17 [DEBUG] __main__ — [38501ff2] <- data #32  2700B  seq=30
2026-03-24 05:16:17 [DEBUG] __main__ — [transport:acc2] text-recv  action=data  id=38501ff2
2026-03-24 05:16:17 [DEBUG] __main__ — [38501ff2] <- data #33  2700B  seq=33
2026-03-24 05:16:17 [DEBUG] __main__ — [transport:acc1] text-recv  action=data  id=38501ff2
2026-03-24 05:16:17 [DEBUG] __main__ — [38501ff2] <- data #34  2700B  seq=32
2026-03-24 05:16:18 [DEBUG] __main__ — [transport:acc2] text-recv  action=data  id=38501ff2
2026-03-24 05:16:18 [DEBUG] __main__ — [38501ff2] <- data #35  2700B  seq=35
2026-03-24 05:16:18 [DEBUG] __main__ — [transport:acc1] text-recv  action=data  id=38501ff2
2026-03-24 05:16:18 [DEBUG] __main__ — [38501ff2] <- data #36  2700B  seq=34
2026-03-24 05:16:18 [DEBUG] __main__ — [transport:acc2] text-recv  action=data  id=38501ff2
2026-03-24 05:16:18 [DEBUG] __main__ — [38501ff2] <- data #37  2700B  seq=37
2026-03-24 05:16:18 [DEBUG] __main__ — [transport:acc1] text-recv  action=data  id=38501ff2
2026-03-24 05:16:18 [DEBUG] __main__ — [38501ff2] <- data #38  2700B  seq=36
2026-03-24 05:16:18 [DEBUG] __main__ — [transport:acc1] text-recv  action=data  id=38501ff2
2026-03-24 05:16:18 [DEBUG] __main__ — [38501ff2] <- data #39  2700B  seq=38
2026-03-24 05:16:18 [DEBUG] __main__ — [transport:acc2] text-recv  action=data  id=38501ff2
2026-03-24 05:16:18 [DEBUG] __main__ — [38501ff2] <- data #40  2700B  seq=39
2026-03-24 05:16:18 [DEBUG] __main__ — [transport:acc2] text-recv  action=data  id=38501ff2
2026-03-24 05:16:18 [DEBUG] __main__ — [38501ff2] <- data #41  2700B  seq=41
2026-03-24 05:16:18 [DEBUG] __main__ — [transport:acc1] text-recv  action=data  id=38501ff2
2026-03-24 05:16:18 [DEBUG] __main__ — [38501ff2] <- data #42  2700B  seq=40
2026-03-24 05:16:18 [DEBUG] __main__ — [transport:acc2] text-recv  action=data  id=38501ff2
2026-03-24 05:16:18 [DEBUG] __main__ — [38501ff2] <- data #43  2700B  seq=43
2026-03-24 05:16:18 [DEBUG] __main__ — [transport:acc2] text-recv  action=data  id=38501ff2
2026-03-24 05:16:18 [DEBUG] __main__ — [38501ff2] <- data #44  2700B  seq=45
2026-03-24 05:16:18 [DEBUG] __main__ — [transport:acc1] text-recv  action=data  id=38501ff2
2026-03-24 05:16:18 [DEBUG] __main__ — [38501ff2] <- data #45  2700B  seq=42
2026-03-24 05:16:18 [DEBUG] __main__ — [transport:acc2] text-recv  action=data  id=38501ff2
2026-03-24 05:16:18 [DEBUG] __main__ — [38501ff2] <- data #46  2700B  seq=47
2026-03-24 05:16:18 [DEBUG] __main__ — [transport:acc1] text-recv  action=data  id=38501ff2
2026-03-24 05:16:18 [DEBUG] __main__ — [38501ff2] <- data #47  2700B  seq=44
2026-03-24 05:16:18 [DEBUG] __main__ — [transport:acc1] text-recv  action=data  id=38501ff2
2026-03-24 05:16:18 [DEBUG] __main__ — [38501ff2] <- data #48  2700B  seq=46
2026-03-24 05:16:18 [DEBUG] __main__ — [transport:acc2] text-recv  action=data  id=38501ff2
2026-03-24 05:16:18 [DEBUG] __main__ — [38501ff2] <- data #49  2700B  seq=49
2026-03-24 05:16:18 [DEBUG] __main__ — [transport:acc1] text-recv  action=data  id=38501ff2
2026-03-24 05:16:18 [DEBUG] __main__ — [38501ff2] <- data #50  2700B  seq=48
2026-03-24 05:16:18 [DEBUG] __main__ — [transport:acc2] text-recv  action=data  id=38501ff2
2026-03-24 05:16:18 [DEBUG] __main__ — [38501ff2] <- data #51  2700B  seq=51
2026-03-24 05:16:18 [DEBUG] __main__ — [transport:acc1] text-recv  action=data  id=38501ff2
2026-03-24 05:16:18 [DEBUG] __main__ — [38501ff2] <- data #52  2700B  seq=50
2026-03-24 05:16:18 [DEBUG] __main__ — [transport:acc2] text-recv  action=data  id=38501ff2
2026-03-24 05:16:18 [DEBUG] __main__ — [38501ff2] <- data #53  2700B  seq=53
2026-03-24 05:16:18 [DEBUG] __main__ — [transport:acc1] text-recv  action=data  id=38501ff2
2026-03-24 05:16:18 [DEBUG] __main__ — [transport:acc2] text-recv  action=data  id=38501ff2
2026-03-24 05:16:18 [DEBUG] __main__ — [38501ff2] <- data #54  2700B  seq=52
2026-03-24 05:16:18 [DEBUG] __main__ — [38501ff2] <- data #55  2700B  seq=55
2026-03-24 05:16:18 [DEBUG] __main__ — [transport:acc1] text-recv  action=data  id=38501ff2
2026-03-24 05:16:18 [DEBUG] __main__ — [38501ff2] <- data #56  2700B  seq=54
2026-03-24 05:16:18 [DEBUG] __main__ — [transport:acc1] text-recv  action=data  id=38501ff2
2026-03-24 05:16:18 [DEBUG] __main__ — [38501ff2] <- data #57  2615B  seq=56
2026-03-24 05:16:18 [DEBUG] __main__ — [38501ff2] -> #4  31B  seq=3
2026-03-24 05:16:18 [DEBUG] __main__ — [transport:acc2] text-send  len=109  action=data  ms=5
2026-03-24 05:16:18 [DEBUG] __main__ — [38501ff2] local EOF
2026-03-24 05:16:18 [DEBUG] __main__ — [transport:acc1] ctrl-send  len=64  action=close  ms=9
2026-03-24 05:16:19 [INFO] __main__ — DONE 81.19.72.32:443 [38501ff2] | ↑894B/4f (0.3 КБ/с)  ↓147702B/57f (43.9 КБ/с)  3.3s
2026-03-24 05:16:26 [INFO] __main__ — SOCKS5 → yandex.ru:443
2026-03-24 05:16:26 [DEBUG] __main__ — [transport:acc2] ctrl-send  len=83  action=connect  ms=6
2026-03-24 05:16:26 [DEBUG] __main__ — [transport:acc2] text-recv  action=ok  id=734a1a79
2026-03-24 05:16:26 [DEBUG] __main__ — [734a1a79] <- ok
2026-03-24 05:16:26 [INFO] __main__ — tunnel yandex.ru:443 [734a1a79]  открыт за ~394 мс
2026-03-24 05:16:26 [DEBUG] __main__ — [734a1a79] -> #1  1815B  seq=0
2026-03-24 05:16:26 [DEBUG] __main__ — [transport:acc1] text-send  len=2486  action=data  ms=10
2026-03-24 05:16:26 [DEBUG] __main__ — [transport:acc1] text-recv  action=data  id=734a1a79
2026-03-24 05:16:26 [DEBUG] __main__ — [734a1a79] <- data #1  2700B  seq=0
2026-03-24 05:16:26 [DEBUG] __main__ — [transport:acc2] text-recv  action=data  id=734a1a79
2026-03-24 05:16:26 [DEBUG] __main__ — [734a1a79] <- data #2  1295B  seq=1
2026-03-24 05:16:26 [DEBUG] __main__ — [734a1a79] -> #2  2242B  seq=1
2026-03-24 05:16:26 [DEBUG] __main__ — [transport:acc2] text-send  len=3057  action=data  ms=7
2026-03-24 05:16:27 [DEBUG] __main__ — [transport:acc1] text-recv  action=data  id=734a1a79
2026-03-24 05:16:27 [DEBUG] __main__ — [734a1a79] <- data #3  533B  seq=2
2026-03-24 05:16:27 [DEBUG] __main__ — [734a1a79] -> #3  31B  seq=2
2026-03-24 05:16:27 [DEBUG] __main__ — [transport:acc1] text-send  len=110  action=data  ms=11
2026-03-24 05:16:27 [DEBUG] __main__ — [transport:acc2] text-recv  action=data  id=734a1a79
2026-03-24 05:16:27 [DEBUG] __main__ — [734a1a79] <- data #4  2700B  seq=3
2026-03-24 05:16:27 [DEBUG] __main__ — [transport:acc1] text-recv  action=data  id=734a1a79
2026-03-24 05:16:27 [DEBUG] __main__ — [734a1a79] <- data #5  2700B  seq=4
2026-03-24 05:16:27 [DEBUG] __main__ — [transport:acc2] text-recv  action=data  id=734a1a79
2026-03-24 05:16:27 [DEBUG] __main__ — [734a1a79] <- data #6  2700B  seq=5
2026-03-24 05:16:27 [DEBUG] __main__ — [transport:acc1] text-recv  action=data  id=734a1a79
2026-03-24 05:16:27 [DEBUG] __main__ — [734a1a79] <- data #7  2700B  seq=6
2026-03-24 05:16:27 [DEBUG] __main__ — [transport:acc2] text-recv  action=data  id=734a1a79
2026-03-24 05:16:27 [DEBUG] __main__ — [734a1a79] <- data #8  1280B  seq=7
2026-03-24 05:16:27 [DEBUG] __main__ — [transport:acc1] text-recv  action=data  id=734a1a79
2026-03-24 05:16:27 [DEBUG] __main__ — [734a1a79] <- data #9  2700B  seq=8
2026-03-24 05:16:27 [DEBUG] __main__ — [transport:acc2] text-recv  action=data  id=734a1a79
2026-03-24 05:16:27 [DEBUG] __main__ — [734a1a79] <- data #10  2700B  seq=9
2026-03-24 05:16:27 [DEBUG] __main__ — [transport:acc1] text-recv  action=data  id=734a1a79
2026-03-24 05:16:27 [DEBUG] __main__ — [734a1a79] <- data #11  2700B  seq=10
2026-03-24 05:16:27 [DEBUG] __main__ — [transport:acc2] text-recv  action=data  id=734a1a79
2026-03-24 05:16:27 [DEBUG] __main__ — [734a1a79] <- data #12  2700B  seq=11
2026-03-24 05:16:27 [DEBUG] __main__ — [transport:acc1] text-recv  action=data  id=734a1a79
2026-03-24 05:16:27 [DEBUG] __main__ — [734a1a79] <- data #13  2700B  seq=12
2026-03-24 05:16:27 [DEBUG] __main__ — [transport:acc2] text-recv  action=data  id=734a1a79
2026-03-24 05:16:27 [DEBUG] __main__ — [734a1a79] <- data #14  2700B  seq=13
2026-03-24 05:16:27 [DEBUG] __main__ — [transport:acc1] text-recv  action=data  id=734a1a79
2026-03-24 05:16:27 [DEBUG] __main__ — [734a1a79] <- data #15  2700B  seq=14
2026-03-24 05:16:27 [DEBUG] __main__ — [transport:acc2] text-recv  action=data  id=734a1a79
2026-03-24 05:16:27 [DEBUG] __main__ — [734a1a79] <- data #16  2700B  seq=15
2026-03-24 05:16:27 [DEBUG] __main__ — [transport:acc1] text-recv  action=data  id=734a1a79
2026-03-24 05:16:27 [DEBUG] __main__ — [734a1a79] <- data #17  2700B  seq=16
2026-03-24 05:16:27 [DEBUG] __main__ — [transport:acc2] text-recv  action=data  id=734a1a79
2026-03-24 05:16:27 [DEBUG] __main__ — [734a1a79] <- data #18  2700B  seq=17
2026-03-24 05:16:27 [DEBUG] __main__ — [transport:acc1] text-recv  action=data  id=734a1a79
2026-03-24 05:16:27 [DEBUG] __main__ — [734a1a79] <- data #19  2700B  seq=18
2026-03-24 05:16:27 [DEBUG] __main__ — [transport:acc2] text-recv  action=data  id=734a1a79
2026-03-24 05:16:27 [DEBUG] __main__ — [734a1a79] <- data #20  2700B  seq=19
2026-03-24 05:16:27 [DEBUG] __main__ — [transport:acc1] text-recv  action=data  id=734a1a79
2026-03-24 05:16:27 [DEBUG] __main__ — [734a1a79] <- data #21  2700B  seq=20
2026-03-24 05:16:27 [DEBUG] __main__ — [transport:acc1] text-recv  action=data  id=734a1a79
2026-03-24 05:16:27 [DEBUG] __main__ — [transport:acc2] text-recv  action=data  id=734a1a79
2026-03-24 05:16:27 [DEBUG] __main__ — [734a1a79] <- data #22  2700B  seq=22
2026-03-24 05:16:27 [DEBUG] __main__ — [734a1a79] <- data #23  2700B  seq=21
2026-03-24 05:16:27 [DEBUG] __main__ — [transport:acc2] text-recv  action=data  id=734a1a79
2026-03-24 05:16:27 [DEBUG] __main__ — [734a1a79] <- data #24  2700B  seq=23
2026-03-24 05:16:27 [DEBUG] __main__ — [transport:acc1] text-recv  action=data  id=734a1a79
2026-03-24 05:16:27 [DEBUG] __main__ — [734a1a79] <- data #25  2700B  seq=24
2026-03-24 05:16:27 [DEBUG] __main__ — [transport:acc2] text-recv  action=data  id=734a1a79
2026-03-24 05:16:27 [DEBUG] __main__ — [734a1a79] <- data #26  2700B  seq=25
2026-03-24 05:16:27 [DEBUG] __main__ — [transport:acc1] text-recv  action=data  id=734a1a79
2026-03-24 05:16:27 [DEBUG] __main__ — [734a1a79] <- data #27  2700B  seq=26
2026-03-24 05:16:27 [DEBUG] __main__ — [transport:acc2] text-recv  action=data  id=734a1a79
2026-03-24 05:16:27 [DEBUG] __main__ — [734a1a79] <- data #28  2700B  seq=27
2026-03-24 05:16:27 [DEBUG] __main__ — [transport:acc1] text-recv  action=data  id=734a1a79
2026-03-24 05:16:27 [DEBUG] __main__ — [734a1a79] <- data #29  2700B  seq=28
2026-03-24 05:16:27 [DEBUG] __main__ — [transport:acc2] text-recv  action=data  id=734a1a79
2026-03-24 05:16:27 [DEBUG] __main__ — [734a1a79] <- data #30  2700B  seq=29
2026-03-24 05:16:27 [DEBUG] __main__ — [transport:acc1] text-recv  action=data  id=734a1a79
2026-03-24 05:16:27 [DEBUG] __main__ — [734a1a79] <- data #31  2700B  seq=30
2026-03-24 05:16:28 [DEBUG] __main__ — [transport:acc2] text-recv  action=data  id=734a1a79
2026-03-24 05:16:28 [DEBUG] __main__ — [734a1a79] <- data #32  2700B  seq=31
2026-03-24 05:16:28 [DEBUG] __main__ — [transport:acc1] text-recv  action=data  id=734a1a79
2026-03-24 05:16:28 [DEBUG] __main__ — [734a1a79] <- data #33  2700B  seq=32
2026-03-24 05:16:28 [DEBUG] __main__ — [transport:acc2] text-recv  action=data  id=734a1a79
2026-03-24 05:16:28 [DEBUG] __main__ — [734a1a79] <- data #34  2700B  seq=33
2026-03-24 05:16:28 [DEBUG] __main__ — [transport:acc1] text-recv  action=data  id=734a1a79
2026-03-24 05:16:28 [DEBUG] __main__ — [734a1a79] <- data #35  2700B  seq=34
2026-03-24 05:16:28 [DEBUG] __main__ — [transport:acc2] text-recv  action=data  id=734a1a79
2026-03-24 05:16:28 [DEBUG] __main__ — [734a1a79] <- data #36  2700B  seq=35
2026-03-24 05:16:28 [DEBUG] __main__ — [transport:acc1] text-recv  action=data  id=734a1a79
2026-03-24 05:16:28 [DEBUG] __main__ — [734a1a79] <- data #37  2700B  seq=36
2026-03-24 05:16:28 [DEBUG] __main__ — [transport:acc2] text-recv  action=data  id=734a1a79
2026-03-24 05:16:28 [DEBUG] __main__ — [734a1a79] <- data #38  2700B  seq=37
2026-03-24 05:16:28 [DEBUG] __main__ — [transport:acc1] text-recv  action=data  id=734a1a79
2026-03-24 05:16:28 [DEBUG] __main__ — [734a1a79] <- data #39  2700B  seq=38
2026-03-24 05:16:28 [DEBUG] __main__ — [transport:acc2] text-recv  action=data  id=734a1a79
2026-03-24 05:16:28 [DEBUG] __main__ — [734a1a79] <- data #40  2700B  seq=39
2026-03-24 05:16:28 [DEBUG] __main__ — [transport:acc1] text-recv  action=data  id=734a1a79
2026-03-24 05:16:28 [DEBUG] __main__ — [734a1a79] <- data #41  2700B  seq=40
2026-03-24 05:16:28 [DEBUG] __main__ — [transport:acc2] text-recv  action=data  id=734a1a79
2026-03-24 05:16:28 [DEBUG] __main__ — [734a1a79] <- data #42  2700B  seq=41
2026-03-24 05:16:28 [DEBUG] __main__ — [transport:acc1] text-recv  action=data  id=734a1a79
2026-03-24 05:16:28 [DEBUG] __main__ — [734a1a79] <- data #43  2700B  seq=42
2026-03-24 05:16:28 [DEBUG] __main__ — [transport:acc2] text-recv  action=data  id=734a1a79
2026-03-24 05:16:28 [DEBUG] __main__ — [734a1a79] <- data #44  2700B  seq=43
2026-03-24 05:16:28 [DEBUG] __main__ — [transport:acc1] text-recv  action=data  id=734a1a79
2026-03-24 05:16:28 [DEBUG] __main__ — [734a1a79] <- data #45  2700B  seq=44
2026-03-24 05:16:28 [DEBUG] __main__ — [transport:acc1] text-recv  action=data  id=734a1a79
2026-03-24 05:16:28 [DEBUG] __main__ — [transport:acc2] text-recv  action=data  id=734a1a79
2026-03-24 05:16:28 [DEBUG] __main__ — [734a1a79] <- data #46  2700B  seq=46
2026-03-24 05:16:28 [DEBUG] __main__ — [734a1a79] <- data #47  2700B  seq=45
2026-03-24 05:16:28 [DEBUG] __main__ — [transport:acc1] text-recv  action=data  id=734a1a79
2026-03-24 05:16:28 [DEBUG] __main__ — [734a1a79] <- data #48  2700B  seq=48
2026-03-24 05:16:28 [DEBUG] __main__ — [transport:acc2] text-recv  action=data  id=734a1a79
2026-03-24 05:16:28 [DEBUG] __main__ — [transport:acc2] text-recv  action=data  id=734a1a79
2026-03-24 05:16:28 [DEBUG] __main__ — [734a1a79] <- data #49  2700B  seq=47
2026-03-24 05:16:28 [DEBUG] __main__ — [734a1a79] <- data #50  1896B  seq=49
2026-03-24 05:16:29 [DEBUG] __main__ — [transport:acc1] keepalive sent
2026-03-24 05:16:29 [DEBUG] __main__ — [transport:acc2] keepalive sent
2026-03-24 05:16:29 [INFO] __main__ — SOCKS5 → avatars.mds.yandex.net:443
2026-03-24 05:16:29 [INFO] __main__ — SOCKS5 → yastatic.net:443
2026-03-24 05:16:29 [DEBUG] __main__ — [transport:acc1] ctrl-send  len=97  action=connect  ms=12
2026-03-24 05:16:29 [DEBUG] __main__ — [transport:acc2] ctrl-send  len=86  action=connect  ms=8
2026-03-24 05:16:30 [INFO] __main__ — SOCKS5 → yastatic.net:443
2026-03-24 05:16:30 [DEBUG] __main__ — [transport:acc1] ctrl-send  len=87  action=connect  ms=13
2026-03-24 05:16:30 [INFO] __main__ — SOCKS5 → an.yandex.ru:443
2026-03-24 05:16:30 [DEBUG] __main__ — [transport:acc2] ctrl-send  len=86  action=connect  ms=9
2026-03-24 05:16:30 [DEBUG] __main__ — [734a1a79] -> #4  1008B  seq=3
2026-03-24 05:16:30 [DEBUG] __main__ — [transport:acc2] text-send  len=1410  action=data  ms=10
2026-03-24 05:16:30 [INFO] __main__ — SOCKS5 → yastatic.net:443
2026-03-24 05:16:30 [DEBUG] __main__ — [transport:acc1] ctrl-send  len=87  action=connect  ms=14
2026-03-24 05:16:30 [INFO] __main__ — SOCKS5 → polkadot.js.org:443
2026-03-24 05:16:30 [DEBUG] __main__ — [transport:acc2] ctrl-send  len=90  action=connect  ms=11
2026-03-24 05:16:30 [DEBUG] __main__ — [transport:acc2] text-recv  action=ok  id=e1dc5637
2026-03-24 05:16:30 [DEBUG] __main__ — [e1dc5637] <- ok
2026-03-24 05:16:30 [INFO] __main__ — tunnel yastatic.net:443 [e1dc5637]  открыт за ~366 мс
2026-03-24 05:16:30 [DEBUG] __main__ — [e1dc5637] -> #1  2057B  seq=0
2026-03-24 05:16:30 [DEBUG] __main__ — [transport:acc1] text-send  len=2810  action=data  ms=15
2026-03-24 05:16:30 [DEBUG] __main__ — [transport:acc1] text-recv  action=ok  id=05178bc5
2026-03-24 05:16:30 [DEBUG] __main__ — [05178bc5] <- ok
2026-03-24 05:16:30 [INFO] __main__ — tunnel avatars.mds.yandex.net:443 [05178bc5]  открыт за ~392 мс
2026-03-24 05:16:30 [DEBUG] __main__ — [05178bc5] -> #1  1796B  seq=0
2026-03-24 05:16:30 [DEBUG] __main__ — [transport:acc1] text-send  len=2462  action=data  ms=16
2026-03-24 05:16:30 [DEBUG] __main__ — [transport:acc1] text-recv  action=ok  id=527158cb
2026-03-24 05:16:30 [DEBUG] __main__ — [527158cb] <- ok
2026-03-24 05:16:30 [INFO] __main__ — tunnel yastatic.net:443 [527158cb]  открыт за ~367 мс
2026-03-24 05:16:30 [INFO] __main__ — SOCKS5 → yastatic.net:443
2026-03-24 05:16:30 [DEBUG] __main__ — [transport:acc1] ctrl-send  len=87  action=connect  ms=17
2026-03-24 05:16:30 [DEBUG] __main__ — [527158cb] -> #1  2057B  seq=0
2026-03-24 05:16:30 [DEBUG] __main__ — [transport:acc1] text-send  len=2810  action=data  ms=18
2026-03-24 05:16:30 [INFO] __main__ — SOCKS5 → yastatic.net:443
2026-03-24 05:16:30 [DEBUG] __main__ — [transport:acc2] ctrl-send  len=87  action=connect  ms=12
2026-03-24 05:16:30 [INFO] __main__ — SOCKS5 → yastatic.net:443
2026-03-24 05:16:30 [DEBUG] __main__ — [transport:acc1] ctrl-send  len=87  action=connect  ms=19
2026-03-24 05:16:30 [DEBUG] __main__ — [transport:acc2] text-recv  action=ok  id=a74cff28
2026-03-24 05:16:30 [DEBUG] __main__ — [a74cff28] <- ok
2026-03-24 05:16:30 [INFO] __main__ — tunnel an.yandex.ru:443 [a74cff28]  открыт за ~394 мс
2026-03-24 05:16:30 [DEBUG] __main__ — [a74cff28] -> #1  1754B  seq=0
2026-03-24 05:16:30 [DEBUG] __main__ — [transport:acc1] text-send  len=2406  action=data  ms=20
2026-03-24 05:16:30 [DEBUG] __main__ — [transport:acc1] text-recv  action=data  id=734a1a79
2026-03-24 05:16:30 [DEBUG] __main__ — [734a1a79] <- data #51  325B  seq=50
2026-03-24 05:16:30 [DEBUG] __main__ — [transport:acc1] text-recv  action=ok  id=707c9419
2026-03-24 05:16:30 [DEBUG] __main__ — [707c9419] <- ok
2026-03-24 05:16:30 [INFO] __main__ — tunnel yastatic.net:443 [707c9419]  открыт за ~413 мс
2026-03-24 05:16:30 [DEBUG] __main__ — [707c9419] -> #1  2025B  seq=0
2026-03-24 05:16:30 [DEBUG] __main__ — [transport:acc1] text-send  len=2766  action=data  ms=21
2026-03-24 05:16:30 [DEBUG] __main__ — [transport:acc1] text-recv  action=data  id=e1dc5637
2026-03-24 05:16:30 [DEBUG] __main__ — [e1dc5637] <- data #1  254B  seq=0
2026-03-24 05:16:30 [DEBUG] __main__ — [707c9419] local EOF
2026-03-24 05:16:30 [DEBUG] __main__ — [transport:acc1] ctrl-send  len=65  action=close  ms=22
2026-03-24 05:16:30 [DEBUG] __main__ — [e1dc5637] -> #2  1216B  seq=1
2026-03-24 05:16:30 [DEBUG] __main__ — [transport:acc2] text-send  len=1690  action=data  ms=13
2026-03-24 05:16:30 [DEBUG] __main__ — [transport:acc2] got nack ms=11..11
2026-03-24 05:16:30 [DEBUG] __main__ — [transport:acc2] retransmit ms=11
2026-03-24 05:16:30 [DEBUG] __main__ — [transport:acc1] text-recv  action=data  id=05178bc5
2026-03-24 05:16:30 [DEBUG] __main__ — [05178bc5] <- data #1  2700B  seq=0
2026-03-24 05:16:30 [DEBUG] __main__ — [transport:acc2] text-recv  action=data  id=05178bc5
2026-03-24 05:16:30 [DEBUG] __main__ — [05178bc5] <- data #2  1862B  seq=1
2026-03-24 05:16:30 [DEBUG] __main__ — [05178bc5] -> #2  679B  seq=1
2026-03-24 05:16:30 [DEBUG] __main__ — [transport:acc2] text-send  len=974  action=data  ms=14
2026-03-24 05:16:30 [DEBUG] __main__ — [transport:acc1] text-recv  action=ok  id=169532a9
2026-03-24 05:16:30 [DEBUG] __main__ — [169532a9] <- ok
2026-03-24 05:16:30 [INFO] __main__ — tunnel yastatic.net:443 [169532a9]  открыт за ~400 мс
2026-03-24 05:16:30 [DEBUG] __main__ — [169532a9] -> #1  1786B  seq=0
2026-03-24 05:16:30 [DEBUG] __main__ — [transport:acc1] text-send  len=2450  action=data  ms=23
2026-03-24 05:16:30 [DEBUG] __main__ — [169532a9] local EOF
2026-03-24 05:16:30 [DEBUG] __main__ — [transport:acc1] ctrl-send  len=65  action=close  ms=24
2026-03-24 05:16:30 [DEBUG] __main__ — [transport:acc1] text-recv  action=data  id=527158cb
2026-03-24 05:16:30 [DEBUG] __main__ — [527158cb] <- data #1  254B  seq=0
2026-03-24 05:16:30 [DEBUG] __main__ — [527158cb] -> #2  616B  seq=1
2026-03-24 05:16:30 [DEBUG] __main__ — [transport:acc2] text-send  len=890  action=data  ms=15
2026-03-24 05:16:31 [DEBUG] __main__ — [transport:acc1] text-recv  action=ok  id=fddaea22
2026-03-24 05:16:31 [DEBUG] __main__ — [fddaea22] <- ok
2026-03-24 05:16:31 [INFO] __main__ — tunnel yastatic.net:443 [fddaea22]  открыт за ~490 мс
2026-03-24 05:16:31 [DEBUG] __main__ — [fddaea22] -> #1  1818B  seq=0
2026-03-24 05:16:31 [DEBUG] __main__ — [transport:acc1] text-send  len=2490  action=data  ms=25
2026-03-24 05:16:31 [DEBUG] __main__ — [fddaea22] local EOF
2026-03-24 05:16:31 [DEBUG] __main__ — [transport:acc1] ctrl-send  len=65  action=close  ms=26
2026-03-24 05:16:31 [DEBUG] __main__ — [transport:acc2] text-recv  action=data  id=a74cff28
2026-03-24 05:16:31 [DEBUG] __main__ — [a74cff28] <- data #1  883B  seq=1
2026-03-24 05:16:31 [DEBUG] __main__ — [transport:acc1] text-recv  action=data  id=a74cff28
2026-03-24 05:16:31 [DEBUG] __main__ — [a74cff28] <- data #2  2700B  seq=0
2026-03-24 05:16:31 [DEBUG] __main__ — [a74cff28] -> #2  1892B  seq=1
2026-03-24 05:16:31 [DEBUG] __main__ — [transport:acc2] text-send  len=2590  action=data  ms=16
2026-03-24 05:16:31 [DEBUG] __main__ — [transport:acc1] text-recv  action=data  id=707c9419
2026-03-24 05:16:31 [DEBUG] __main__ — [707c9419] <- data #1  254B  seq=0
2026-03-24 05:16:31 [INFO] __main__ — DONE yastatic.net:443 [707c9419] | ↑2025B/1f (4.6 КБ/с)  ↓254B/1f (0.6 КБ/с)  0.4s
2026-03-24 05:16:31 [INFO] __main__ — SOCKS5 → sanity-proxy-v2.phantom.app:443
2026-03-24 05:16:31 [DEBUG] __main__ — [transport:acc2] ctrl-send  len=102  action=connect  ms=17
2026-03-24 05:16:31 [DEBUG] __main__ — [transport:acc2] got nack ms=11..16
2026-03-24 05:16:31 [DEBUG] __main__ — [transport:acc2] retransmit ms=11
2026-03-24 05:16:31 [DEBUG] __main__ — [transport:acc2] retransmit ms=12
2026-03-24 05:16:31 [DEBUG] __main__ — [transport:acc2] retransmit ms=13
2026-03-24 05:16:31 [DEBUG] __main__ — [transport:acc2] retransmit ms=14
2026-03-24 05:16:31 [DEBUG] __main__ — [transport:acc2] retransmit ms=15
2026-03-24 05:16:31 [DEBUG] __main__ — [transport:acc2] retransmit capped at 5/nack
2026-03-24 05:16:31 [INFO] __main__ — SOCKS5 → eppo-proxy.phantom.app:443
2026-03-24 05:16:31 [DEBUG] __main__ — [transport:acc1] ctrl-send  len=97  action=connect  ms=27
2026-03-24 05:16:31 [INFO] __main__ — DONE yastatic.net:443 [169532a9] | ↑1786B/1f (1.7 КБ/с)  ↓0B/0f (0.0 КБ/с)  1.0s
2026-03-24 05:16:32 [INFO] __main__ — DONE yastatic.net:443 [fddaea22] | ↑1818B/1f (1.8 КБ/с)  ↓0B/0f (0.0 КБ/с)  1.0s
2026-03-24 05:16:32 [DEBUG] __main__ — [transport:acc1] text-recv  action=ok  id=47b9a9f9
2026-03-24 05:16:32 [DEBUG] __main__ — [47b9a9f9] <- ok
2026-03-24 05:16:32 [INFO] __main__ — tunnel eppo-proxy.phantom.app:443 [47b9a9f9]  открыт за ~355 мс
2026-03-24 05:16:32 [DEBUG] __main__ — [47b9a9f9] -> #1  1732B  seq=0
2026-03-24 05:16:32 [DEBUG] __main__ — [transport:acc1] text-send  len=2378  action=data  ms=28
2026-03-24 05:16:32 [DEBUG] __main__ — [transport:acc2] text-recv  action=data  id=47b9a9f9
2026-03-24 05:16:32 [DEBUG] __main__ — [47b9a9f9] <- data #1  768B  seq=1
2026-03-24 05:16:32 [DEBUG] __main__ — [transport:acc1] text-recv  action=data  id=47b9a9f9
2026-03-24 05:16:32 [DEBUG] __main__ — [47b9a9f9] <- data #2  2700B  seq=0
2026-03-24 05:16:32 [DEBUG] __main__ — [47b9a9f9] -> #2  759B  seq=1
2026-03-24 05:16:32 [DEBUG] __main__ — [transport:acc2] text-send  len=1078  action=data  ms=18
2026-03-24 05:16:32 [INFO] __main__ — SOCKS5 → data.phantom.app:443
2026-03-24 05:16:32 [DEBUG] __main__ — [transport:acc2] ctrl-send  len=91  action=connect  ms=19
2026-03-24 05:16:32 [INFO] __main__ — SOCKS5 → blowfish-blocklist-proxy.phantom.app:443
2026-03-24 05:16:32 [DEBUG] __main__ — [transport:acc1] ctrl-send  len=111  action=connect  ms=29
2026-03-24 05:16:32 [DEBUG] __main__ — [transport:acc2] got nack ms=11..17
2026-03-24 05:16:32 [DEBUG] __main__ — [transport:acc2] retransmit ms=11
2026-03-24 05:16:32 [DEBUG] __main__ — [transport:acc2] retransmit ms=12
2026-03-24 05:16:32 [DEBUG] __main__ — [transport:acc2] retransmit ms=13
2026-03-24 05:16:32 [DEBUG] __main__ — [transport:acc2] retransmit ms=14
2026-03-24 05:16:32 [DEBUG] __main__ — [transport:acc2] retransmit ms=15
2026-03-24 05:16:32 [DEBUG] __main__ — [transport:acc2] retransmit capped at 5/nack
2026-03-24 05:16:33 [DEBUG] __main__ — [transport:acc1] text-recv  action=ok  id=a5b7ad7f
2026-03-24 05:16:33 [DEBUG] __main__ — [a5b7ad7f] <- ok
2026-03-24 05:16:33 [INFO] __main__ — tunnel blowfish-blocklist-proxy.phantom.app:443 [a5b7ad7f]  открыт за ~386 мс
2026-03-24 05:16:33 [DEBUG] __main__ — [a5b7ad7f] -> #1  1842B  seq=0
2026-03-24 05:16:33 [DEBUG] __main__ — [transport:acc1] text-send  len=2522  action=data  ms=30
2026-03-24 05:16:33 [DEBUG] __main__ — [transport:acc2] text-recv  action=data  id=a5b7ad7f
2026-03-24 05:16:33 [DEBUG] __main__ — [a5b7ad7f] <- data #1  801B  seq=1
2026-03-24 05:16:33 [DEBUG] __main__ — [transport:acc1] text-recv  action=data  id=a5b7ad7f
2026-03-24 05:16:33 [DEBUG] __main__ — [a5b7ad7f] <- data #2  2700B  seq=0
2026-03-24 05:16:33 [DEBUG] __main__ — [a5b7ad7f] -> #2  1045B  seq=1
2026-03-24 05:16:33 [DEBUG] __main__ — [transport:acc2] text-send  len=1462  action=data  ms=20
2026-03-24 05:16:33 [DEBUG] __main__ — [transport:acc2] got nack ms=11..19
2026-03-24 05:16:33 [DEBUG] __main__ — [transport:acc2] retransmit ms=11
2026-03-24 05:16:33 [DEBUG] __main__ — [transport:acc2] retransmit ms=12
2026-03-24 05:16:33 [DEBUG] __main__ — [transport:acc2] retransmit ms=13
2026-03-24 05:16:33 [DEBUG] __main__ — [transport:acc2] retransmit ms=14
2026-03-24 05:16:33 [DEBUG] __main__ — [transport:acc2] retransmit ms=15
2026-03-24 05:16:33 [DEBUG] __main__ — [transport:acc2] retransmit capped at 5/nack
2026-03-24 05:16:36 [DEBUG] __main__ — [47b9a9f9] -> #3  35B  seq=2
2026-03-24 05:16:36 [DEBUG] __main__ — [transport:acc1] text-send  len=114  action=data  ms=31
2026-03-24 05:16:45 [INFO] __main__ — tunnel polkadot.js.org:443 [796c5852]  TIMEOUT
2026-03-24 05:16:45 [INFO] __main__ — SOCKS5 → polkadot.js.org:443
2026-03-24 05:16:45 [DEBUG] __main__ — [transport:acc2] ctrl-send  len=90  action=connect  ms=21
2026-03-24 05:16:45 [INFO] __main__ — tunnel yastatic.net:443 [e178d46e]  TIMEOUT
2026-03-24 05:16:46 [INFO] __main__ — tunnel sanity-proxy-v2.phantom.app:443 [b7861b78]  TIMEOUT
2026-03-24 05:16:46 [INFO] __main__ — SOCKS5 → sanity-proxy-v2.phantom.app:443
2026-03-24 05:16:46 [DEBUG] __main__ — [transport:acc1] ctrl-send  len=102  action=connect  ms=32
2026-03-24 05:16:46 [DEBUG] __main__ — [transport:acc1] text-recv  action=ok  id=1377375c
2026-03-24 05:16:46 [DEBUG] __main__ — [1377375c] <- ok
2026-03-24 05:16:46 [INFO] __main__ — tunnel sanity-proxy-v2.phantom.app:443 [1377375c]  открыт за ~396 мс
2026-03-24 05:16:46 [DEBUG] __main__ — [1377375c] -> #1  1737B  seq=0
2026-03-24 05:16:46 [DEBUG] __main__ — [transport:acc1] text-send  len=2382  action=data  ms=33
2026-03-24 05:16:47 [DEBUG] __main__ — [transport:acc2] text-recv  action=data  id=1377375c
2026-03-24 05:16:47 [DEBUG] __main__ — [1377375c] <- data #1  796B  seq=1
2026-03-24 05:16:47 [DEBUG] __main__ — [transport:acc1] text-recv  action=data  id=1377375c
2026-03-24 05:16:47 [DEBUG] __main__ — [1377375c] <- data #2  2700B  seq=0
2026-03-24 05:16:47 [DEBUG] __main__ — [1377375c] -> #2  919B  seq=1
2026-03-24 05:16:47 [DEBUG] __main__ — [transport:acc2] text-send  len=1294  action=data  ms=22
2026-03-24 05:16:47 [DEBUG] __main__ — [transport:acc1] text-recv  action=closed  id=47b9a9f9
2026-03-24 05:16:47 [DEBUG] __main__ — [47b9a9f9] <- closed by server
2026-03-24 05:16:47 [DEBUG] __main__ — [transport:acc2] got nack ms=11..21
2026-03-24 05:16:47 [DEBUG] __main__ — [transport:acc2] retransmit ms=11
2026-03-24 05:16:47 [DEBUG] __main__ — [transport:acc2] retransmit ms=12
2026-03-24 05:16:47 [DEBUG] __main__ — [transport:acc2] retransmit ms=13
2026-03-24 05:16:47 [DEBUG] __main__ — [transport:acc2] retransmit ms=14
2026-03-24 05:16:47 [DEBUG] __main__ — [transport:acc2] retransmit ms=15
2026-03-24 05:16:47 [DEBUG] __main__ — [transport:acc2] retransmit capped at 5/nack
2026-03-24 05:16:47 [INFO] __main__ — tunnel data.phantom.app:443 [a96884e5]  TIMEOUT
2026-03-24 05:16:47 [INFO] __main__ — SOCKS5 → data.phantom.app:443
2026-03-24 05:16:47 [DEBUG] __main__ — [transport:acc2] ctrl-send  len=91  action=connect  ms=23
2026-03-24 05:16:48 [DEBUG] __main__ — [transport:acc1] text-recv  action=closed  id=a5b7ad7f
2026-03-24 05:16:48 [DEBUG] __main__ — [a5b7ad7f] <- closed by server
2026-03-24 05:16:52 [DEBUG] __main__ — [47b9a9f9] -> #4  170B  seq=3
2026-03-24 05:16:52 [DEBUG] __main__ — [transport:acc2] text-send  len=294  action=data  ms=24
2026-03-24 05:16:52 [DEBUG] __main__ — [transport:acc2] got nack ms=11..23
2026-03-24 05:16:52 [DEBUG] __main__ — [transport:acc2] retransmit ms=11
2026-03-24 05:16:52 [DEBUG] __main__ — [transport:acc2] retransmit ms=12
2026-03-24 05:16:52 [DEBUG] __main__ — [transport:acc2] retransmit ms=13
2026-03-24 05:16:52 [DEBUG] __main__ — [transport:acc2] retransmit ms=14
2026-03-24 05:16:52 [DEBUG] __main__ — [transport:acc2] retransmit ms=15
2026-03-24 05:16:52 [DEBUG] __main__ — [transport:acc2] retransmit capped at 5/nack
2026-03-24 05:16:53 [INFO] __main__ — SOCKS5 → data.phantom.app:443
2026-03-24 05:16:53 [DEBUG] __main__ — [transport:acc1] ctrl-send  len=91  action=connect  ms=34
2026-03-24 05:16:53 [DEBUG] __main__ — [transport:acc1] text-recv  action=ok  id=e16d4956
2026-03-24 05:16:53 [DEBUG] __main__ — [e16d4956] <- ok
2026-03-24 05:16:53 [INFO] __main__ — tunnel data.phantom.app:443 [e16d4956]  открыт за ~426 мс
2026-03-24 05:16:53 [DEBUG] __main__ — [e16d4956] -> #1  1822B  seq=0
2026-03-24 05:16:53 [DEBUG] __main__ — [transport:acc1] text-send  len=2498  action=data  ms=35
2026-03-24 05:16:53 [DEBUG] __main__ — [transport:acc2] text-recv  action=data  id=e16d4956
2026-03-24 05:16:53 [DEBUG] __main__ — [e16d4956] <- data #1  761B  seq=1
2026-03-24 05:16:53 [DEBUG] __main__ — [transport:acc1] text-recv  action=data  id=e16d4956
2026-03-24 05:16:53 [DEBUG] __main__ — [e16d4956] <- data #2  2700B  seq=0
2026-03-24 05:16:53 [DEBUG] __main__ — [e16d4956] -> #2  2700B  seq=1
2026-03-24 05:16:53 [DEBUG] __main__ — [transport:acc2] text-send  len=3666  action=data  ms=25
2026-03-24 05:16:53 [DEBUG] __main__ — [e16d4956] -> #3  2663B  seq=2
2026-03-24 05:16:53 [DEBUG] __main__ — [transport:acc1] text-send  len=3618  action=data  ms=36
2026-03-24 05:16:54 [DEBUG] __main__ — [transport:acc2] got nack ms=11..24
2026-03-24 05:16:54 [DEBUG] __main__ — [transport:acc2] retransmit ms=11
2026-03-24 05:16:54 [DEBUG] __main__ — [transport:acc2] retransmit ms=12
2026-03-24 05:16:54 [DEBUG] __main__ — [transport:acc2] retransmit ms=13
2026-03-24 05:16:54 [DEBUG] __main__ — [transport:acc2] retransmit ms=14
2026-03-24 05:16:54 [DEBUG] __main__ — [transport:acc2] retransmit ms=15
2026-03-24 05:16:54 [DEBUG] __main__ — [transport:acc2] retransmit capped at 5/nack
2026-03-24 05:16:54 [DEBUG] __main__ — [transport:acc1] keepalive sent
2026-03-24 05:16:54 [DEBUG] __main__ — [transport:acc2] keepalive sent
2026-03-24 05:16:56 [INFO] __main__ — SOCKS5 → api.github.com:443
2026-03-24 05:16:56 [DEBUG] __main__ — [transport:acc2] ctrl-send  len=89  action=connect  ms=26
2026-03-24 05:16:57 [DEBUG] __main__ — [47b9a9f9] -> #5  35B  seq=4
2026-03-24 05:16:57 [DEBUG] __main__ — [transport:acc1] text-send  len=114  action=data  ms=37
2026-03-24 05:16:57 [DEBUG] __main__ — [transport:acc2] got nack ms=11..25
2026-03-24 05:16:57 [DEBUG] __main__ — [transport:acc2] retransmit ms=11
2026-03-24 05:16:57 [DEBUG] __main__ — [transport:acc2] retransmit ms=12
2026-03-24 05:16:57 [DEBUG] __main__ — [transport:acc2] retransmit ms=13
2026-03-24 05:16:57 [DEBUG] __main__ — [transport:acc2] retransmit ms=14
2026-03-24 05:16:57 [DEBUG] __main__ — [transport:acc2] retransmit ms=15
2026-03-24 05:16:57 [DEBUG] __main__ — [transport:acc2] retransmit capped at 5/nack
2026-03-24 05:17:00 [INFO] __main__ — tunnel polkadot.js.org:443 [1baebe1c]  TIMEOUT
2026-03-24 05:17:02 [DEBUG] __main__ — [47b9a9f9] -> #6  51B  seq=5
2026-03-24 05:17:02 [DEBUG] __main__ — [transport:acc2] text-send  len=134  action=data  ms=27
2026-03-24 05:17:02 [DEBUG] __main__ — [47b9a9f9] local EOF
2026-03-24 05:17:02 [DEBUG] __main__ — [transport:acc1] ctrl-send  len=65  action=close  ms=38
2026-03-24 05:17:02 [INFO] __main__ — DONE eppo-proxy.phantom.app:443 [47b9a9f9] | ↑2782B/6f (0.1 КБ/с)  ↓3468B/2f (0.1 КБ/с)  29.7s
2026-03-24 05:17:02 [DEBUG] __main__ — [transport:acc1] text-recv  action=closed  id=1377375c
2026-03-24 05:17:02 [DEBUG] __main__ — [1377375c] <- closed by server
2026-03-24 05:17:02 [DEBUG] __main__ — [transport:acc2] got nack ms=11..26
2026-03-24 05:17:02 [DEBUG] __main__ — [transport:acc2] retransmit ms=11
2026-03-24 05:17:02 [DEBUG] __main__ — [transport:acc2] retransmit ms=12
2026-03-24 05:17:02 [DEBUG] __main__ — [transport:acc2] retransmit ms=13
2026-03-24 05:17:02 [DEBUG] __main__ — [transport:acc2] retransmit ms=14
2026-03-24 05:17:02 [DEBUG] __main__ — [transport:acc2] retransmit ms=15
2026-03-24 05:17:02 [DEBUG] __main__ — [transport:acc2] retransmit capped at 5/nack
2026-03-24 05:17:02 [INFO] __main__ — tunnel data.phantom.app:443 [baa0d387]  TIMEOUT
2026-03-24 05:17:03 [INFO] __main__ — SOCKS5 → 188.40.167.82:443
2026-03-24 05:17:03 [DEBUG] __main__ — [transport:acc1] ctrl-send  len=88  action=connect  ms=39
2026-03-24 05:17:03 [DEBUG] __main__ — [transport:acc1] text-recv  action=ok  id=f2a28da7
2026-03-24 05:17:03 [DEBUG] __main__ — [f2a28da7] <- ok
2026-03-24 05:17:03 [INFO] __main__ — tunnel 188.40.167.82:443 [f2a28da7]  открыт за ~265 мс
2026-03-24 05:17:03 [DEBUG] __main__ — [f2a28da7] -> #1  517B  seq=0
2026-03-24 05:17:03 [DEBUG] __main__ — [transport:acc1] text-send  len=758  action=data  ms=40
2026-03-24 05:17:03 [DEBUG] __main__ — [transport:acc2] text-recv  action=data  id=f2a28da7
2026-03-24 05:17:03 [DEBUG] __main__ — [f2a28da7] <- data #1  434B  seq=1
2026-03-24 05:17:03 [DEBUG] __main__ — [transport:acc1] text-recv  action=data  id=f2a28da7
2026-03-24 05:17:03 [DEBUG] __main__ — [f2a28da7] <- data #2  2700B  seq=0
2026-03-24 05:17:03 [DEBUG] __main__ — [f2a28da7] -> #2  266B  seq=1
2026-03-24 05:17:03 [DEBUG] __main__ — [transport:acc2] text-send  len=422  action=data  ms=28
2026-03-24 05:17:04 [DEBUG] __main__ — [transport:acc2] got nack ms=11..27
2026-03-24 05:17:04 [DEBUG] __main__ — [transport:acc2] retransmit ms=11
2026-03-24 05:17:04 [DEBUG] __main__ — [transport:acc2] retransmit ms=12
2026-03-24 05:17:04 [DEBUG] __main__ — [transport:acc2] retransmit ms=13
2026-03-24 05:17:04 [DEBUG] __main__ — [transport:acc2] retransmit ms=14
2026-03-24 05:17:04 [DEBUG] __main__ — [transport:acc2] retransmit ms=15
2026-03-24 05:17:04 [DEBUG] __main__ — [transport:acc2] retransmit capped at 5/nack
2026-03-24 05:17:08 [DEBUG] __main__ — [transport:acc1] text-recv  action=closed  id=e16d4956
2026-03-24 05:17:08 [DEBUG] __main__ — [e16d4956] <- closed by server
2026-03-24 05:17:11 [INFO] __main__ — tunnel api.github.com:443 [aecb4ab0]  TIMEOUT
2026-03-24 05:17:11 [INFO] __main__ — SOCKS5 → api.github.com:443
2026-03-24 05:17:11 [DEBUG] __main__ — [transport:acc2] ctrl-send  len=89  action=connect  ms=29
2026-03-24 05:17:12 [DEBUG] __main__ — [transport:acc2] got nack ms=11..28
2026-03-24 05:17:12 [DEBUG] __main__ — [transport:acc2] retransmit ms=11
2026-03-24 05:17:12 [DEBUG] __main__ — [transport:acc2] retransmit ms=12
2026-03-24 05:17:12 [DEBUG] __main__ — [transport:acc2] retransmit ms=13
2026-03-24 05:17:12 [DEBUG] __main__ — [transport:acc2] retransmit ms=14
2026-03-24 05:17:12 [DEBUG] __main__ — [transport:acc2] retransmit ms=15
2026-03-24 05:17:12 [DEBUG] __main__ — [transport:acc2] retransmit capped at 5/nack
2026-03-24 05:17:16 [INFO] __main__ — SOCKS5 → api.github.com:443
2026-03-24 05:17:16 [DEBUG] __main__ — [transport:acc1] ctrl-send  len=89  action=connect  ms=41
2026-03-24 05:17:17 [DEBUG] __main__ — [transport:acc1] text-recv  action=ok  id=9ebb7679
2026-03-24 05:17:17 [DEBUG] __main__ — [9ebb7679] <- ok
2026-03-24 05:17:17 [INFO] __main__ — tunnel api.github.com:443 [9ebb7679]  открыт за ~369 мс
2026-03-24 05:17:17 [DEBUG] __main__ — [9ebb7679] -> #1  1788B  seq=0
2026-03-24 05:17:17 [DEBUG] __main__ — [transport:acc1] text-send  len=2450  action=data  ms=42
2026-03-24 05:17:17 [DEBUG] __main__ — [transport:acc2] text-recv  action=data  id=9ebb7679
2026-03-24 05:17:17 [DEBUG] __main__ — [9ebb7679] <- data #1  395B  seq=1
2026-03-24 05:17:17 [DEBUG] __main__ — [transport:acc1] text-recv  action=data  id=9ebb7679
2026-03-24 05:17:17 [DEBUG] __main__ — [9ebb7679] <- data #2  2700B  seq=0
2026-03-24 05:17:17 [DEBUG] __main__ — [9ebb7679] -> #2  2361B  seq=1
2026-03-24 05:17:17 [DEBUG] __main__ — [transport:acc2] text-send  len=3214  action=data  ms=30
2026-03-24 05:17:17 [DEBUG] __main__ — [transport:acc2] got nack ms=11..29
2026-03-24 05:17:17 [DEBUG] __main__ — [transport:acc2] retransmit ms=11
2026-03-24 05:17:17 [DEBUG] __main__ — [transport:acc2] retransmit ms=12
2026-03-24 05:17:17 [DEBUG] __main__ — [transport:acc2] retransmit ms=13
2026-03-24 05:17:17 [DEBUG] __main__ — [transport:acc2] retransmit ms=14
2026-03-24 05:17:17 [DEBUG] __main__ — [transport:acc2] retransmit ms=15
2026-03-24 05:17:17 [DEBUG] __main__ — [transport:acc2] retransmit capped at 5/nack
2026-03-24 05:17:19 [DEBUG] __main__ — [transport:acc1] keepalive sent
2026-03-24 05:17:19 [DEBUG] __main__ — [transport:acc2] keepalive sent
2026-03-24 05:17:20 [DEBUG] __main__ — [f2a28da7] local EOF
2026-03-24 05:17:20 [DEBUG] __main__ — [transport:acc1] ctrl-send  len=65  action=close  ms=43
2026-03-24 05:17:20 [INFO] __main__ — DONE 188.40.167.82:443 [f2a28da7] | ↑783B/2f (0.0 КБ/с)  ↓3134B/2f (0.2 КБ/с)  17.4s
2026-03-24 05:17:22 [DEBUG] __main__ — [1377375c] -> #3  35B  seq=2
2026-03-24 05:17:22 [DEBUG] __main__ — [e16d4956] -> #4  70B  seq=3
2026-03-24 05:17:22 [DEBUG] __main__ — [a5b7ad7f] -> #3  35B  seq=2
2026-03-24 05:17:22 [DEBUG] __main__ — [transport:acc1] text-send  len=114  action=data  ms=44
2026-03-24 05:17:22 [DEBUG] __main__ — [transport:acc1] text-send  len=114  action=data  ms=45
2026-03-24 05:17:22 [DEBUG] __main__ — [transport:acc2] text-send  len=162  action=data  ms=31
2026-03-24 05:17:23 [ERROR] asyncio — Unclosed client session
client_session: <aiohttp.client.ClientSession object at 0x79dcb8b38ca0>
2026-03-24 05:17:23 [ERROR] asyncio — Unclosed client session
client_session: <aiohttp.client.ClientSession object at 0x79dcb8b3b190>
