2026-03-24 05:01:44 [INFO] __main__ — SOCKS5 запущен  127.0.0.1:1080  transports=2
2026-03-24 05:01:45 [INFO] __main__ — Авторизован [acc2], chatId=0 (self-chat)
2026-03-24 05:01:45 [INFO] __main__ — Авторизован [acc1], chatId=0 (self-chat)
2026-03-24 05:01:51 [INFO] __main__ — SOCKS5 → 81.19.72.32:443
2026-03-24 05:01:51 [DEBUG] __main__ — [transport:acc1] text-send  len=85  action=connect  ms=0
2026-03-24 05:01:51 [DEBUG] __main__ — [transport:acc1] text-recv  action=ok  id=6425addf
2026-03-24 05:01:51 [DEBUG] __main__ — [6425addf] <- ok
2026-03-24 05:01:51 [INFO] __main__ — tunnel 81.19.72.32:443 [6425addf]  открыт за ~237 мс
2026-03-24 05:01:51 [DEBUG] __main__ — [6425addf] -> #1  517B  seq=0
2026-03-24 05:01:51 [DEBUG] __main__ — [transport:acc1] text-send  len=757  action=data  ms=1
2026-03-24 05:01:52 [DEBUG] __main__ — [transport:acc1] text-recv  action=data  id=6425addf
2026-03-24 05:01:52 [DEBUG] __main__ — [6425addf] <- data #1  2700B  seq=0
2026-03-24 05:01:52 [DEBUG] __main__ — [transport:acc2] text-recv  action=data  id=6425addf
2026-03-24 05:01:52 [DEBUG] __main__ — [6425addf] <- data #2  1040B  seq=1
2026-03-24 05:01:52 [DEBUG] __main__ — [6425addf] -> #2  93B  seq=1
2026-03-24 05:01:52 [DEBUG] __main__ — [transport:acc2] text-send  len=189  action=data  ms=0
2026-03-24 05:01:52 [DEBUG] __main__ — [transport:acc1] text-recv  action=data  id=6425addf
2026-03-24 05:01:52 [DEBUG] __main__ — [6425addf] <- data #3  120B  seq=2
2026-03-24 05:01:52 [DEBUG] __main__ — [6425addf] -> #3  253B  seq=2
2026-03-24 05:01:52 [DEBUG] __main__ — [transport:acc1] text-send  len=405  action=data  ms=2
2026-03-24 05:01:52 [DEBUG] __main__ — [transport:acc1] text-recv  action=data  id=6425addf
2026-03-24 05:01:52 [DEBUG] __main__ — [6425addf] <- data #4  2700B  seq=4
2026-03-24 05:01:52 [DEBUG] __main__ — [transport:acc2] text-recv  action=data  id=6425addf
2026-03-24 05:01:52 [DEBUG] __main__ — [6425addf] <- data #5  2700B  seq=3
2026-03-24 05:01:52 [DEBUG] __main__ — [transport:acc1] text-recv  action=data  id=6425addf
2026-03-24 05:01:52 [DEBUG] __main__ — [6425addf] <- data #6  1415B  seq=6
2026-03-24 05:01:52 [DEBUG] __main__ — [transport:acc2] text-recv  action=data  id=6425addf
2026-03-24 05:01:52 [DEBUG] __main__ — [6425addf] <- data #7  2700B  seq=5
2026-03-24 05:01:52 [DEBUG] __main__ — [transport:acc1] text-recv  action=data  id=6425addf
2026-03-24 05:01:52 [DEBUG] __main__ — [6425addf] <- data #8  1644B  seq=8
2026-03-24 05:01:52 [DEBUG] __main__ — [transport:acc2] text-recv  action=data  id=6425addf
2026-03-24 05:01:52 [DEBUG] __main__ — [6425addf] <- data #9  2700B  seq=7
2026-03-24 05:01:52 [DEBUG] __main__ — [transport:acc1] text-recv  action=data  id=6425addf
2026-03-24 05:01:52 [DEBUG] __main__ — [6425addf] <- data #10  2700B  seq=10
2026-03-24 05:01:53 [DEBUG] __main__ — [transport:acc2] text-recv  action=data  id=6425addf
2026-03-24 05:01:53 [DEBUG] __main__ — [6425addf] <- data #11  2700B  seq=9
2026-03-24 05:01:53 [DEBUG] __main__ — [transport:acc1] text-recv  action=data  id=6425addf
2026-03-24 05:01:53 [DEBUG] __main__ — [6425addf] <- data #12  2700B  seq=12
2026-03-24 05:01:53 [DEBUG] __main__ — [transport:acc1] text-recv  action=data  id=6425addf
2026-03-24 05:01:53 [DEBUG] __main__ — [6425addf] <- data #13  2700B  seq=14
2026-03-24 05:01:53 [DEBUG] __main__ — [transport:acc2] text-recv  action=data  id=6425addf
2026-03-24 05:01:53 [DEBUG] __main__ — [6425addf] <- data #14  2700B  seq=11
2026-03-24 05:01:53 [DEBUG] __main__ — [transport:acc1] text-recv  action=data  id=6425addf
2026-03-24 05:01:53 [DEBUG] __main__ — [6425addf] <- data #15  2700B  seq=16
2026-03-24 05:01:53 [DEBUG] __main__ — [transport:acc2] text-recv  action=data  id=6425addf
2026-03-24 05:01:53 [DEBUG] __main__ — [6425addf] <- data #16  2700B  seq=13
2026-03-24 05:01:53 [DEBUG] __main__ — [transport:acc1] text-recv  action=data  id=6425addf
2026-03-24 05:01:53 [DEBUG] __main__ — [6425addf] <- data #17  2700B  seq=18
2026-03-24 05:01:53 [DEBUG] __main__ — [transport:acc2] text-recv  action=data  id=6425addf
2026-03-24 05:01:53 [DEBUG] __main__ — [6425addf] <- data #18  2700B  seq=15
2026-03-24 05:01:53 [DEBUG] __main__ — [transport:acc2] text-recv  action=data  id=6425addf
2026-03-24 05:01:53 [DEBUG] __main__ — [6425addf] <- data #19  2700B  seq=17
2026-03-24 05:01:53 [DEBUG] __main__ — [transport:acc1] text-recv  action=data  id=6425addf
2026-03-24 05:01:53 [DEBUG] __main__ — [6425addf] <- data #20  2700B  seq=20
2026-03-24 05:01:53 [DEBUG] __main__ — [transport:acc1] text-recv  action=data  id=6425addf
2026-03-24 05:01:53 [DEBUG] __main__ — [6425addf] <- data #21  2700B  seq=22
2026-03-24 05:01:53 [DEBUG] __main__ — [transport:acc1] text-recv  action=data  id=6425addf
2026-03-24 05:01:53 [DEBUG] __main__ — [6425addf] <- data #22  2700B  seq=24
2026-03-24 05:01:53 [DEBUG] __main__ — [transport:acc1] text-recv  action=data  id=6425addf
2026-03-24 05:01:53 [DEBUG] __main__ — [6425addf] <- data #23  2700B  seq=26
2026-03-24 05:01:53 [DEBUG] __main__ — [transport:acc2] text-recv  action=data  id=6425addf
2026-03-24 05:01:53 [DEBUG] __main__ — [6425addf] <- data #24  2700B  seq=19
2026-03-24 05:01:53 [DEBUG] __main__ — [transport:acc2] text-recv  action=data  id=6425addf
2026-03-24 05:01:53 [DEBUG] __main__ — [6425addf] <- data #25  2700B  seq=21
2026-03-24 05:01:53 [DEBUG] __main__ — [transport:acc1] text-recv  action=data  id=6425addf
2026-03-24 05:01:53 [DEBUG] __main__ — [6425addf] <- data #26  2700B  seq=28
2026-03-24 05:01:53 [DEBUG] __main__ — [transport:acc2] text-recv  action=data  id=6425addf
2026-03-24 05:01:53 [DEBUG] __main__ — [6425addf] <- data #27  2700B  seq=23
2026-03-24 05:01:53 [DEBUG] __main__ — [transport:acc1] text-recv  action=data  id=6425addf
2026-03-24 05:01:53 [DEBUG] __main__ — [6425addf] <- data #28  2700B  seq=30
2026-03-24 05:01:53 [DEBUG] __main__ — [transport:acc2] text-recv  action=data  id=6425addf
2026-03-24 05:01:53 [DEBUG] __main__ — [6425addf] <- data #29  2700B  seq=25
2026-03-24 05:01:53 [DEBUG] __main__ — [transport:acc1] text-recv  action=data  id=6425addf
2026-03-24 05:01:53 [DEBUG] __main__ — [6425addf] <- data #30  2700B  seq=32
2026-03-24 05:01:53 [DEBUG] __main__ — [transport:acc2] text-recv  action=data  id=6425addf
2026-03-24 05:01:53 [DEBUG] __main__ — [6425addf] <- data #31  2700B  seq=27
2026-03-24 05:01:53 [DEBUG] __main__ — [transport:acc1] text-recv  action=data  id=6425addf
2026-03-24 05:01:53 [DEBUG] __main__ — [6425addf] <- data #32  2700B  seq=34
2026-03-24 05:01:53 [DEBUG] __main__ — [transport:acc1] text-recv  action=data  id=6425addf
2026-03-24 05:01:53 [DEBUG] __main__ — [6425addf] <- data #33  2700B  seq=36
2026-03-24 05:01:53 [DEBUG] __main__ — [transport:acc1] text-recv  action=data  id=6425addf
2026-03-24 05:01:53 [DEBUG] __main__ — [transport:acc2] text-recv  action=data  id=6425addf
2026-03-24 05:01:53 [DEBUG] __main__ — [6425addf] <- data #34  2700B  seq=38
2026-03-24 05:01:53 [DEBUG] __main__ — [6425addf] <- data #35  2700B  seq=29
2026-03-24 05:01:53 [DEBUG] __main__ — [transport:acc2] text-recv  action=data  id=6425addf
2026-03-24 05:01:53 [DEBUG] __main__ — [6425addf] <- data #36  2700B  seq=31
2026-03-24 05:01:53 [DEBUG] __main__ — [transport:acc1] text-recv  action=data  id=6425addf
2026-03-24 05:01:53 [DEBUG] __main__ — [6425addf] <- data #37  2700B  seq=40
2026-03-24 05:01:53 [DEBUG] __main__ — [transport:acc2] text-recv  action=data  id=6425addf
2026-03-24 05:01:53 [DEBUG] __main__ — [6425addf] <- data #38  2700B  seq=33
2026-03-24 05:01:53 [DEBUG] __main__ — [transport:acc1] text-recv  action=data  id=6425addf
2026-03-24 05:01:53 [DEBUG] __main__ — [6425addf] <- data #39  2700B  seq=42
2026-03-24 05:01:53 [DEBUG] __main__ — [transport:acc1] text-recv  action=data  id=6425addf
2026-03-24 05:01:53 [DEBUG] __main__ — [6425addf] <- data #40  2700B  seq=44
2026-03-24 05:01:53 [DEBUG] __main__ — [transport:acc2] text-recv  action=data  id=6425addf
2026-03-24 05:01:53 [DEBUG] __main__ — [6425addf] <- data #41  2700B  seq=35
2026-03-24 05:01:53 [DEBUG] __main__ — [transport:acc1] text-recv  action=data  id=6425addf
2026-03-24 05:01:53 [DEBUG] __main__ — [6425addf] <- data #42  2700B  seq=46
2026-03-24 05:01:53 [DEBUG] __main__ — [transport:acc2] text-recv  action=data  id=6425addf
2026-03-24 05:01:53 [DEBUG] __main__ — [6425addf] <- data #43  2700B  seq=37
2026-03-24 05:01:53 [DEBUG] __main__ — [transport:acc1] text-recv  action=data  id=6425addf
2026-03-24 05:01:53 [DEBUG] __main__ — [6425addf] <- data #44  2700B  seq=48
2026-03-24 05:01:53 [DEBUG] __main__ — [transport:acc2] text-recv  action=data  id=6425addf
2026-03-24 05:01:53 [DEBUG] __main__ — [6425addf] <- data #45  2700B  seq=39
2026-03-24 05:01:53 [DEBUG] __main__ — [transport:acc2] text-recv  action=data  id=6425addf
2026-03-24 05:01:53 [DEBUG] __main__ — [6425addf] <- data #46  2700B  seq=41
2026-03-24 05:01:53 [DEBUG] __main__ — [transport:acc1] text-recv  action=data  id=6425addf
2026-03-24 05:01:53 [DEBUG] __main__ — [6425addf] <- data #47  2700B  seq=50
2026-03-24 05:01:53 [DEBUG] __main__ — [transport:acc2] text-recv  action=data  id=6425addf
2026-03-24 05:01:53 [DEBUG] __main__ — [6425addf] <- data #48  2700B  seq=43
2026-03-24 05:01:53 [DEBUG] __main__ — [transport:acc1] text-recv  action=data  id=6425addf
2026-03-24 05:01:53 [DEBUG] __main__ — [6425addf] <- data #49  2700B  seq=52
2026-03-24 05:01:53 [DEBUG] __main__ — [transport:acc2] text-recv  action=data  id=6425addf
2026-03-24 05:01:53 [DEBUG] __main__ — [6425addf] <- data #50  2700B  seq=45
2026-03-24 05:01:53 [DEBUG] __main__ — [transport:acc1] text-recv  action=data  id=6425addf
2026-03-24 05:01:53 [DEBUG] __main__ — [6425addf] <- data #51  2700B  seq=54
2026-03-24 05:01:53 [DEBUG] __main__ — [transport:acc2] text-recv  action=data  id=6425addf
2026-03-24 05:01:53 [DEBUG] __main__ — [6425addf] <- data #52  2700B  seq=47
2026-03-24 05:01:53 [DEBUG] __main__ — [transport:acc1] text-recv  action=data  id=6425addf
2026-03-24 05:01:53 [DEBUG] __main__ — [6425addf] <- data #53  2700B  seq=56
2026-03-24 05:01:53 [DEBUG] __main__ — [transport:acc2] text-recv  action=data  id=6425addf
2026-03-24 05:01:53 [DEBUG] __main__ — [6425addf] <- data #54  2700B  seq=49
2026-03-24 05:01:54 [DEBUG] __main__ — [transport:acc2] text-recv  action=data  id=6425addf
2026-03-24 05:01:54 [DEBUG] __main__ — [6425addf] <- data #55  2700B  seq=51
2026-03-24 05:01:54 [DEBUG] __main__ — [transport:acc2] text-recv  action=data  id=6425addf
2026-03-24 05:01:54 [DEBUG] __main__ — [6425addf] <- data #56  2700B  seq=53
2026-03-24 05:01:54 [DEBUG] __main__ — [transport:acc2] text-recv  action=data  id=6425addf
2026-03-24 05:01:54 [DEBUG] __main__ — [transport:acc2] text-recv  action=data  id=6425addf
2026-03-24 05:01:54 [DEBUG] __main__ — [6425addf] <- data #57  2700B  seq=55
2026-03-24 05:01:54 [DEBUG] __main__ — [6425addf] <- data #58  659B  seq=57
2026-03-24 05:01:54 [DEBUG] __main__ — [6425addf] -> #4  31B  seq=3
2026-03-24 05:01:54 [DEBUG] __main__ — [transport:acc2] text-send  len=109  action=data  ms=1
2026-03-24 05:01:54 [DEBUG] __main__ — [6425addf] local EOF
2026-03-24 05:01:54 [DEBUG] __main__ — [transport:acc1] text-send  len=64  action=close  ms=3
2026-03-24 05:01:55 [INFO] __main__ — DONE 81.19.72.32:443 [6425addf] | ↑894B/4f (0.3 КБ/с)  ↓147978B/58f (43.6 КБ/с)  3.3s
2026-03-24 05:01:57 [INFO] __main__ — SOCKS5 → 188.40.167.82:443
2026-03-24 05:01:57 [DEBUG] __main__ — [transport:acc2] text-send  len=87  action=connect  ms=2
2026-03-24 05:01:57 [DEBUG] __main__ — [transport:acc2] text-recv  action=ok  id=5e5d2f88
2026-03-24 05:01:57 [DEBUG] __main__ — [5e5d2f88] <- ok
2026-03-24 05:01:57 [INFO] __main__ — tunnel 188.40.167.82:443 [5e5d2f88]  открыт за ~280 мс
2026-03-24 05:01:57 [DEBUG] __main__ — [5e5d2f88] -> #1  517B  seq=0
2026-03-24 05:01:57 [DEBUG] __main__ — [transport:acc1] text-send  len=757  action=data  ms=4
2026-03-24 05:01:57 [DEBUG] __main__ — [transport:acc1] text-recv  action=data  id=5e5d2f88
2026-03-24 05:01:57 [DEBUG] __main__ — [5e5d2f88] <- data #1  2700B  seq=0
2026-03-24 05:01:57 [DEBUG] __main__ — [transport:acc2] text-recv  action=data  id=5e5d2f88
2026-03-24 05:01:57 [DEBUG] __main__ — [5e5d2f88] <- data #2  434B  seq=1
2026-03-24 05:01:57 [DEBUG] __main__ — [5e5d2f88] -> #2  266B  seq=1
2026-03-24 05:01:57 [DEBUG] __main__ — [transport:acc2] text-send  len=421  action=data  ms=3
2026-03-24 05:01:58 [DEBUG] __main__ — [transport:acc1] text-recv  action=data  id=5e5d2f88
2026-03-24 05:01:58 [DEBUG] __main__ — [5e5d2f88] <- data #3  744B  seq=2
2026-03-24 05:01:58 [DEBUG] __main__ — [5e5d2f88] -> #3  55B  seq=2
2026-03-24 05:01:58 [DEBUG] __main__ — [transport:acc1] text-send  len=141  action=data  ms=5
2026-03-24 05:01:58 [DEBUG] __main__ — [5e5d2f88] local EOF
2026-03-24 05:01:58 [DEBUG] __main__ — [transport:acc2] text-send  len=64  action=close  ms=4
2026-03-24 05:01:59 [INFO] __main__ — DONE 188.40.167.82:443 [5e5d2f88] | ↑838B/3f (0.5 КБ/с)  ↓3878B/3f (2.3 КБ/с)  1.7s
2026-03-24 05:02:09 [DEBUG] __main__ — [transport:acc2] keepalive sent
2026-03-24 05:02:09 [DEBUG] __main__ — [transport:acc1] keepalive sent
2026-03-24 05:02:22 [INFO] __main__ — SOCKS5 → www.google.com:443
2026-03-24 05:02:22 [DEBUG] __main__ — [transport:acc1] text-send  len=88  action=connect  ms=6
2026-03-24 05:02:22 [INFO] __main__ — SOCKS5 → www.google.com:443
2026-03-24 05:02:22 [DEBUG] __main__ — [transport:acc2] text-send  len=88  action=connect  ms=5
2026-03-24 05:02:22 [DEBUG] __main__ — [transport:acc1] text-recv  action=ok  id=a49b3760
2026-03-24 05:02:22 [DEBUG] __main__ — [a49b3760] <- ok
2026-03-24 05:02:22 [INFO] __main__ — tunnel www.google.com:443 [a49b3760]  открыт за ~352 мс
2026-03-24 05:02:22 [DEBUG] __main__ — [a49b3760] -> #1  1756B  seq=0
2026-03-24 05:02:22 [DEBUG] __main__ — [transport:acc1] text-send  len=2409  action=data  ms=7
2026-03-24 05:02:22 [INFO] __main__ — SOCKS5 → www.google.com:443
2026-03-24 05:02:22 [DEBUG] __main__ — [transport:acc1] text-send  len=88  action=connect  ms=8
2026-03-24 05:02:22 [DEBUG] __main__ — [transport:acc2] text-recv  action=ok  id=7edfbfa5
2026-03-24 05:02:22 [DEBUG] __main__ — [7edfbfa5] <- ok
2026-03-24 05:02:22 [INFO] __main__ — tunnel www.google.com:443 [7edfbfa5]  открыт за ~344 мс
2026-03-24 05:02:22 [DEBUG] __main__ — [7edfbfa5] -> #1  1724B  seq=0
2026-03-24 05:02:22 [DEBUG] __main__ — [transport:acc1] text-send  len=2365  action=data  ms=9
2026-03-24 05:02:23 [INFO] __main__ — SOCKS5 → www.speedtest.net:443
2026-03-24 05:02:23 [DEBUG] __main__ — [transport:acc2] text-send  len=91  action=connect  ms=6
2026-03-24 05:02:23 [DEBUG] __main__ — [transport:acc1] text-recv  action=data  id=a49b3760
2026-03-24 05:02:23 [DEBUG] __main__ — [a49b3760] <- data #1  2700B  seq=0
2026-03-24 05:02:23 [DEBUG] __main__ — [transport:acc2] text-recv  action=data  id=a49b3760
2026-03-24 05:02:23 [DEBUG] __main__ — [a49b3760] <- data #2  1374B  seq=1
2026-03-24 05:02:23 [DEBUG] __main__ — [a49b3760] -> #2  74B  seq=1
2026-03-24 05:02:23 [DEBUG] __main__ — [transport:acc2] text-send  len=165  action=data  ms=7
2026-03-24 05:02:23 [DEBUG] __main__ — [transport:acc1] text-recv  action=ok  id=153e69f6
2026-03-24 05:02:23 [DEBUG] __main__ — [153e69f6] <- ok
2026-03-24 05:02:23 [INFO] __main__ — tunnel www.google.com:443 [153e69f6]  открыт за ~365 мс
2026-03-24 05:02:23 [DEBUG] __main__ — [153e69f6] -> #1  1788B  seq=0
2026-03-24 05:02:23 [DEBUG] __main__ — [transport:acc1] text-send  len=2450  action=data  ms=10
2026-03-24 05:02:23 [DEBUG] __main__ — [transport:acc2] text-recv  action=data  id=7edfbfa5
2026-03-24 05:02:23 [DEBUG] __main__ — [7edfbfa5] <- data #1  1375B  seq=1
2026-03-24 05:02:23 [DEBUG] __main__ — [transport:acc1] text-recv  action=data  id=7edfbfa5
2026-03-24 05:02:23 [DEBUG] __main__ — [7edfbfa5] <- data #2  2700B  seq=0
2026-03-24 05:02:23 [DEBUG] __main__ — [7edfbfa5] -> #2  74B  seq=1
2026-03-24 05:02:23 [DEBUG] __main__ — [transport:acc2] text-send  len=165  action=data  ms=8
2026-03-24 05:02:23 [DEBUG] __main__ — [transport:acc2] text-recv  action=ok  id=ef446a4e
2026-03-24 05:02:23 [DEBUG] __main__ — [ef446a4e] <- ok
2026-03-24 05:02:23 [INFO] __main__ — tunnel www.speedtest.net:443 [ef446a4e]  открыт за ~367 мс
2026-03-24 05:02:23 [DEBUG] __main__ — [ef446a4e] -> #1  2062B  seq=0
2026-03-24 05:02:23 [DEBUG] __main__ — [transport:acc1] text-send  len=2818  action=data  ms=11
2026-03-24 05:02:23 [DEBUG] __main__ — [transport:acc1] text-recv  action=data  id=153e69f6
2026-03-24 05:02:23 [DEBUG] __main__ — [153e69f6] <- data #1  2700B  seq=0
2026-03-24 05:02:23 [DEBUG] __main__ — [transport:acc2] text-recv  action=data  id=153e69f6
2026-03-24 05:02:23 [DEBUG] __main__ — [153e69f6] <- data #2  1375B  seq=1
2026-03-24 05:02:23 [DEBUG] __main__ — [153e69f6] -> #2  74B  seq=1
2026-03-24 05:02:23 [DEBUG] __main__ — [transport:acc2] text-send  len=165  action=data  ms=9
2026-03-24 05:02:23 [DEBUG] __main__ — [transport:acc1] text-recv  action=data  id=ef446a4e
2026-03-24 05:02:23 [DEBUG] __main__ — [ef446a4e] <- data #1  1375B  seq=0
2026-03-24 05:02:23 [DEBUG] __main__ — [ef446a4e] -> #2  1411B  seq=1
2026-03-24 05:02:23 [DEBUG] __main__ — [transport:acc2] text-send  len=1950  action=data  ms=10
2026-03-24 05:02:24 [DEBUG] __main__ — [transport:acc2] text-recv  action=data  id=ef446a4e
2026-03-24 05:02:24 [DEBUG] __main__ — [ef446a4e] <- data #2  521B  seq=1
2026-03-24 05:02:24 [DEBUG] __main__ — [ef446a4e] -> #3  31B  seq=2
2026-03-24 05:02:24 [DEBUG] __main__ — [transport:acc1] text-send  len=110  action=data  ms=12
2026-03-24 05:02:24 [INFO] __main__ — SOCKS5 → eppo-proxy.phantom.app:443
2026-03-24 05:02:24 [DEBUG] __main__ — [transport:acc1] text-send  len=97  action=connect  ms=13
2026-03-24 05:02:24 [INFO] __main__ — SOCKS5 → blowfish-blocklist-proxy.phantom.app:443
2026-03-24 05:02:24 [DEBUG] __main__ — [transport:acc2] text-send  len=111  action=connect  ms=11
2026-03-24 05:02:24 [DEBUG] __main__ — [transport:acc1] text-recv  action=data  id=ef446a4e
2026-03-24 05:02:24 [DEBUG] __main__ — [ef446a4e] <- data #3  2700B  seq=2
2026-03-24 05:02:24 [DEBUG] __main__ — [transport:acc2] text-recv  action=data  id=ef446a4e
2026-03-24 05:02:24 [DEBUG] __main__ — [ef446a4e] <- data #4  2000B  seq=3
2026-03-24 05:02:24 [DEBUG] __main__ — [transport:acc1] text-recv  action=data  id=ef446a4e
2026-03-24 05:02:24 [DEBUG] __main__ — [ef446a4e] <- data #5  2700B  seq=4
2026-03-24 05:02:24 [DEBUG] __main__ — [transport:acc2] text-recv  action=data  id=ef446a4e
2026-03-24 05:02:24 [DEBUG] __main__ — [ef446a4e] <- data #6  2700B  seq=5
2026-03-24 05:02:24 [INFO] __main__ — SOCKS5 → cdn.ziffstatic.com:443
2026-03-24 05:02:24 [DEBUG] __main__ — [transport:acc1] text-send  len=93  action=connect  ms=14
2026-03-24 05:02:24 [DEBUG] __main__ — [transport:acc2] text-recv  action=data  id=ef446a4e
2026-03-24 05:02:24 [DEBUG] __main__ — [ef446a4e] <- data #7  2700B  seq=7
2026-03-24 05:02:24 [DEBUG] __main__ — [transport:acc1] text-recv  action=data  id=ef446a4e
2026-03-24 05:02:24 [DEBUG] __main__ — [ef446a4e] <- data #8  2700B  seq=6
2026-03-24 05:02:24 [DEBUG] __main__ — [transport:acc2] text-recv  action=data  id=ef446a4e
2026-03-24 05:02:24 [DEBUG] __main__ — [ef446a4e] <- data #9  2700B  seq=9
2026-03-24 05:02:24 [DEBUG] __main__ — [transport:acc1] text-recv  action=data  id=ef446a4e
2026-03-24 05:02:24 [DEBUG] __main__ — [ef446a4e] <- data #10  2700B  seq=8
2026-03-24 05:02:24 [DEBUG] __main__ — [transport:acc2] text-recv  action=data  id=ef446a4e
2026-03-24 05:02:24 [DEBUG] __main__ — [ef446a4e] <- data #11  2700B  seq=11
2026-03-24 05:02:24 [DEBUG] __main__ — [transport:acc1] text-recv  action=data  id=ef446a4e
2026-03-24 05:02:24 [DEBUG] __main__ — [transport:acc1] text-recv  action=data  id=ef446a4e
2026-03-24 05:02:24 [DEBUG] __main__ — [ef446a4e] <- data #12  2700B  seq=10
2026-03-24 05:02:24 [DEBUG] __main__ — [ef446a4e] <- data #13  2700B  seq=12
2026-03-24 05:02:24 [DEBUG] __main__ — [transport:acc1] text-recv  action=data  id=ef446a4e
2026-03-24 05:02:24 [DEBUG] __main__ — [ef446a4e] <- data #14  2700B  seq=14
2026-03-24 05:02:25 [DEBUG] __main__ — [transport:acc2] text-recv  action=data  id=ef446a4e
2026-03-24 05:02:25 [DEBUG] __main__ — [ef446a4e] <- data #15  2700B  seq=13
2026-03-24 05:02:25 [DEBUG] __main__ — [transport:acc2] text-recv  action=data  id=ef446a4e
2026-03-24 05:02:25 [DEBUG] __main__ — [ef446a4e] <- data #16  2700B  seq=15
2026-03-24 05:02:25 [DEBUG] __main__ — [transport:acc1] text-recv  action=data  id=ef446a4e
2026-03-24 05:02:25 [DEBUG] __main__ — [ef446a4e] <- data #17  2700B  seq=16
2026-03-24 05:02:25 [DEBUG] __main__ — [transport:acc2] text-recv  action=data  id=ef446a4e
2026-03-24 05:02:25 [DEBUG] __main__ — [ef446a4e] <- data #18  2700B  seq=17
2026-03-24 05:02:25 [DEBUG] __main__ — [transport:acc1] text-recv  action=data  id=ef446a4e
2026-03-24 05:02:25 [DEBUG] __main__ — [ef446a4e] <- data #19  1223B  seq=18
2026-03-24 05:02:25 [DEBUG] __main__ — [transport:acc1] text-recv  action=data  id=ef446a4e
2026-03-24 05:02:25 [DEBUG] __main__ — [ef446a4e] <- data #20  901B  seq=20
2026-03-24 05:02:25 [DEBUG] __main__ — [transport:acc2] text-recv  action=data  id=ef446a4e
2026-03-24 05:02:25 [DEBUG] __main__ — [ef446a4e] <- data #21  2700B  seq=19
2026-03-24 05:02:25 [DEBUG] __main__ — [transport:acc2] text-recv  action=ok  id=8f21b0ef
2026-03-24 05:02:25 [DEBUG] __main__ — [8f21b0ef] <- ok
2026-03-24 05:02:25 [INFO] __main__ — tunnel blowfish-blocklist-proxy.phantom.app:443 [8f21b0ef]  открыт за ~420 мс
2026-03-24 05:02:25 [DEBUG] __main__ — [transport:acc1] text-recv  action=ok  id=7317f68c
2026-03-24 05:02:25 [DEBUG] __main__ — [7317f68c] <- ok
2026-03-24 05:02:25 [INFO] __main__ — tunnel eppo-proxy.phantom.app:443 [7317f68c]  открыт за ~511 мс
2026-03-24 05:02:25 [DEBUG] __main__ — [8f21b0ef] -> #1  1778B  seq=0
2026-03-24 05:02:25 [DEBUG] __main__ — [7317f68c] -> #1  2035B  seq=0
2026-03-24 05:02:25 [DEBUG] __main__ — [transport:acc1] text-send  len=2438  action=data  ms=15
2026-03-24 05:02:25 [DEBUG] __main__ — [transport:acc1] text-send  len=2782  action=data  ms=16
2026-03-24 05:02:25 [DEBUG] __main__ — [transport:acc1] text-recv  action=ok  id=d6cb4834
2026-03-24 05:02:25 [DEBUG] __main__ — [d6cb4834] <- ok
2026-03-24 05:02:25 [INFO] __main__ — tunnel cdn.ziffstatic.com:443 [d6cb4834]  открыт за ~346 мс
2026-03-24 05:02:25 [DEBUG] __main__ — [d6cb4834] -> #1  2143B  seq=0
2026-03-24 05:02:25 [DEBUG] __main__ — [transport:acc1] text-send  len=2926  action=data  ms=17
2026-03-24 05:02:25 [DEBUG] __main__ — [transport:acc2] text-recv  action=data  id=8f21b0ef
2026-03-24 05:02:25 [DEBUG] __main__ — [8f21b0ef] <- data #1  800B  seq=1
2026-03-24 05:02:25 [DEBUG] __main__ — [transport:acc1] text-recv  action=data  id=8f21b0ef
2026-03-24 05:02:25 [DEBUG] __main__ — [8f21b0ef] <- data #2  2700B  seq=0
2026-03-24 05:02:25 [DEBUG] __main__ — [8f21b0ef] -> #2  1044B  seq=1
2026-03-24 05:02:25 [DEBUG] __main__ — [transport:acc2] text-send  len=1458  action=data  ms=12
2026-03-24 05:02:25 [DEBUG] __main__ — [transport:acc1] got nack ms=16..16
2026-03-24 05:02:25 [DEBUG] __main__ — [transport:acc1] retransmit ms=16
2026-03-24 05:02:25 [DEBUG] __main__ — [ef446a4e] -> #4  477B  seq=3
2026-03-24 05:02:25 [DEBUG] __main__ — [transport:acc2] text-send  len=702  action=data  ms=13
2026-03-24 05:02:25 [DEBUG] __main__ — [ef446a4e] -> #5  255B  seq=4
2026-03-24 05:02:25 [DEBUG] __main__ — [transport:acc1] text-send  len=406  action=data  ms=18
2026-03-24 05:02:25 [INFO] __main__ — SOCKS5 → accounts.google.com:443
2026-03-24 05:02:25 [DEBUG] __main__ — [transport:acc2] text-send  len=94  action=connect  ms=14
2026-03-24 05:02:25 [INFO] __main__ — SOCKS5 → polkadot.js.org:443
2026-03-24 05:02:25 [DEBUG] __main__ — [transport:acc1] text-send  len=90  action=connect  ms=19
2026-03-24 05:02:25 [DEBUG] __main__ — [transport:acc1] text-recv  action=data  id=8f21b0ef
2026-03-24 05:02:25 [DEBUG] __main__ — [8f21b0ef] <- data #3  521B  seq=2
2026-03-24 05:02:25 [DEBUG] __main__ — [8f21b0ef] -> #3  31B  seq=2
2026-03-24 05:02:25 [DEBUG] __main__ — [transport:acc1] text-send  len=110  action=data  ms=20
2026-03-24 05:02:25 [DEBUG] __main__ — [transport:acc2] text-recv  action=data  id=8f21b0ef
2026-03-24 05:02:25 [DEBUG] __main__ — [8f21b0ef] <- data #4  326B  seq=3
2026-03-24 05:02:25 [DEBUG] __main__ — [transport:acc2] text-recv  action=data  id=ef446a4e
2026-03-24 05:02:25 [DEBUG] __main__ — [ef446a4e] <- data #22  321B  seq=21
2026-03-24 05:02:25 [DEBUG] __main__ — [ef446a4e] -> #6  70B  seq=5
2026-03-24 05:02:25 [DEBUG] __main__ — [transport:acc2] text-send  len=162  action=data  ms=15
2026-03-24 05:02:25 [DEBUG] __main__ — [transport:acc1] text-recv  action=data  id=7317f68c
2026-03-24 05:02:25 [DEBUG] __main__ — [transport:acc1] text-recv  action=data  id=d6cb4834
2026-03-24 05:02:25 [DEBUG] __main__ — [7317f68c] <- data #1  1375B  seq=0
2026-03-24 05:02:25 [DEBUG] __main__ — [d6cb4834] <- data #1  264B  seq=0
2026-03-24 05:02:25 [DEBUG] __main__ — [7317f68c] -> #2  735B  seq=1
2026-03-24 05:02:25 [DEBUG] __main__ — [transport:acc2] text-send  len=1046  action=data  ms=16
2026-03-24 05:02:25 [DEBUG] __main__ — [d6cb4834] -> #2  576B  seq=1
2026-03-24 05:02:25 [DEBUG] __main__ — [transport:acc2] text-send  len=834  action=data  ms=17
2026-03-24 05:02:25 [DEBUG] __main__ — [transport:acc2] text-recv  action=ok  id=1ab22fe6
2026-03-24 05:02:25 [DEBUG] __main__ — [1ab22fe6] <- ok
2026-03-24 05:02:25 [INFO] __main__ — tunnel accounts.google.com:443 [1ab22fe6]  открыт за ~351 мс
2026-03-24 05:02:25 [DEBUG] __main__ — [1ab22fe6] -> #1  2188B  seq=0
2026-03-24 05:02:25 [DEBUG] __main__ — [transport:acc1] text-send  len=2986  action=data  ms=21
2026-03-24 05:02:25 [DEBUG] __main__ — [transport:acc1] text-recv  action=data  id=ef446a4e
2026-03-24 05:02:25 [DEBUG] __main__ — [ef446a4e] <- data #23  114B  seq=22
2026-03-24 05:02:25 [DEBUG] __main__ — [ef446a4e] -> #7  35B  seq=6
2026-03-24 05:02:25 [DEBUG] __main__ — [transport:acc1] text-send  len=114  action=data  ms=22
2026-03-24 05:02:25 [DEBUG] __main__ — [transport:acc2] text-recv  action=data  id=ef446a4e
2026-03-24 05:02:25 [DEBUG] __main__ — [ef446a4e] <- data #24  108B  seq=23
2026-03-24 05:02:25 [DEBUG] __main__ — [ef446a4e] -> #8  35B  seq=7
2026-03-24 05:02:25 [DEBUG] __main__ — [transport:acc2] text-send  len=114  action=data  ms=18
2026-03-24 05:02:26 [DEBUG] __main__ — [transport:acc2] text-recv  action=data  id=7317f68c
2026-03-24 05:02:26 [DEBUG] __main__ — [7317f68c] <- data #2  521B  seq=1
2026-03-24 05:02:26 [DEBUG] __main__ — [7317f68c] -> #3  31B  seq=2
2026-03-24 05:02:26 [DEBUG] __main__ — [transport:acc1] text-send  len=110  action=data  ms=23
2026-03-24 05:02:26 [DEBUG] __main__ — [transport:acc1] text-recv  action=data  id=7317f68c
2026-03-24 05:02:26 [DEBUG] __main__ — [7317f68c] <- data #3  2700B  seq=2
2026-03-24 05:02:26 [DEBUG] __main__ — [transport:acc2] text-recv  action=data  id=7317f68c
2026-03-24 05:02:26 [DEBUG] __main__ — [7317f68c] <- data #4  1731B  seq=3
2026-03-24 05:02:26 [DEBUG] __main__ — [transport:acc2] text-recv  action=data  id=d6cb4834
2026-03-24 05:02:26 [DEBUG] __main__ — [d6cb4834] <- data #2  585B  seq=1
2026-03-24 05:02:26 [DEBUG] __main__ — [d6cb4834] -> #3  31B  seq=2
2026-03-24 05:02:26 [DEBUG] __main__ — [transport:acc1] text-send  len=110  action=data  ms=24
2026-03-24 05:02:26 [DEBUG] __main__ — [transport:acc1] text-recv  action=data  id=7317f68c
2026-03-24 05:02:26 [DEBUG] __main__ — [7317f68c] <- data #5  2700B  seq=4
2026-03-24 05:02:26 [DEBUG] __main__ — [transport:acc2] text-recv  action=data  id=7317f68c
2026-03-24 05:02:26 [DEBUG] __main__ — [7317f68c] <- data #6  2700B  seq=5
2026-03-24 05:02:26 [DEBUG] __main__ — [transport:acc1] text-recv  action=data  id=7317f68c
2026-03-24 05:02:26 [DEBUG] __main__ — [7317f68c] <- data #7  2700B  seq=6
2026-03-24 05:02:26 [DEBUG] __main__ — [transport:acc1] text-recv  action=data  id=7317f68c
2026-03-24 05:02:26 [DEBUG] __main__ — [7317f68c] <- data #8  2700B  seq=8
2026-03-24 05:02:26 [DEBUG] __main__ — [transport:acc2] text-recv  action=data  id=7317f68c
2026-03-24 05:02:26 [DEBUG] __main__ — [7317f68c] <- data #9  2700B  seq=7
2026-03-24 05:02:26 [DEBUG] __main__ — [transport:acc1] text-recv  action=data  id=7317f68c
2026-03-24 05:02:26 [DEBUG] __main__ — [7317f68c] <- data #10  2700B  seq=10
2026-03-24 05:02:26 [DEBUG] __main__ — [transport:acc2] text-recv  action=data  id=7317f68c
2026-03-24 05:02:26 [DEBUG] __main__ — [7317f68c] <- data #11  2700B  seq=9
2026-03-24 05:02:26 [DEBUG] __main__ — [transport:acc1] text-recv  action=data  id=7317f68c
2026-03-24 05:02:26 [DEBUG] __main__ — [7317f68c] <- data #12  2700B  seq=12
2026-03-24 05:02:26 [DEBUG] __main__ — [transport:acc2] text-recv  action=data  id=7317f68c
2026-03-24 05:02:26 [DEBUG] __main__ — [7317f68c] <- data #13  2700B  seq=11
2026-03-24 05:02:26 [DEBUG] __main__ — [transport:acc1] text-recv  action=data  id=7317f68c
2026-03-24 05:02:26 [DEBUG] __main__ — [7317f68c] <- data #14  2700B  seq=14
2026-03-24 05:02:26 [DEBUG] __main__ — [transport:acc1] text-recv  action=data  id=7317f68c
2026-03-24 05:02:26 [DEBUG] __main__ — [7317f68c] <- data #15  366B  seq=16
2026-03-24 05:02:26 [DEBUG] __main__ — [transport:acc2] text-recv  action=data  id=7317f68c
2026-03-24 05:02:26 [DEBUG] __main__ — [7317f68c] <- data #16  2700B  seq=13
2026-03-24 05:02:26 [DEBUG] __main__ — [transport:acc1] text-recv  action=data  id=7317f68c
2026-03-24 05:02:26 [DEBUG] __main__ — [7317f68c] <- data #17  2700B  seq=18
2026-03-24 05:02:26 [DEBUG] __main__ — [transport:acc2] text-recv  action=data  id=7317f68c
2026-03-24 05:02:26 [DEBUG] __main__ — [7317f68c] <- data #18  2700B  seq=15
2026-03-24 05:02:27 [DEBUG] __main__ — [d6cb4834] -> #4  122B  seq=3
2026-03-24 05:02:27 [DEBUG] __main__ — [transport:acc2] text-send  len=230  action=data  ms=19
2026-03-24 05:02:27 [DEBUG] __main__ — [ef446a4e] -> #9  364B  seq=8
2026-03-24 05:02:27 [DEBUG] __main__ — [transport:acc1] text-send  len=554  action=data  ms=25
2026-03-24 05:02:27 [INFO] __main__ — SOCKS5 → firebaseremoteconfig.googleapis.com:443
2026-03-24 05:02:27 [DEBUG] __main__ — [transport:acc2] text-send  len=110  action=connect  ms=20
2026-03-24 05:02:34 [DEBUG] __main__ — [transport:acc2] keepalive sent
2026-03-24 05:02:34 [DEBUG] __main__ — [transport:acc1] keepalive sent
2026-03-24 05:02:40 [INFO] __main__ — tunnel polkadot.js.org:443 [bafb1bee]  TIMEOUT
2026-03-24 05:02:40 [INFO] __main__ — SOCKS5 → polkadot.js.org:443
2026-03-24 05:02:40 [DEBUG] __main__ — [transport:acc1] text-send  len=90  action=connect  ms=26
2026-03-24 05:02:42 [INFO] __main__ — tunnel firebaseremoteconfig.googleapis.com:443 [f6178f26]  TIMEOUT
2026-03-24 05:02:42 [INFO] __main__ — SOCKS5 → firebaseremoteconfig.googleapis.com:443
2026-03-24 05:02:42 [DEBUG] __main__ — [transport:acc2] text-send  len=110  action=connect  ms=21
2026-03-24 05:02:42 [DEBUG] __main__ — [transport:acc2] got nack ms=0..20
2026-03-24 05:02:42 [DEBUG] __main__ — [transport:acc2] retransmit ms=0
2026-03-24 05:02:42 [DEBUG] __main__ — [transport:acc2] retransmit ms=1
2026-03-24 05:02:42 [DEBUG] __main__ — [transport:acc2] retransmit ms=2
2026-03-24 05:02:42 [DEBUG] __main__ — [transport:acc2] retransmit ms=3
2026-03-24 05:02:42 [DEBUG] __main__ — [transport:acc2] retransmit ms=4
2026-03-24 05:02:42 [DEBUG] __main__ — [transport:acc2] retransmit ms=5
2026-03-24 05:02:42 [DEBUG] __main__ — [transport:acc2] retransmit ms=6
2026-03-24 05:02:42 [DEBUG] __main__ — [transport:acc2] retransmit ms=7
2026-03-24 05:02:42 [DEBUG] __main__ — [transport:acc2] retransmit ms=8
2026-03-24 05:02:42 [DEBUG] __main__ — [transport:acc2] retransmit ms=9
2026-03-24 05:02:42 [DEBUG] __main__ — [transport:acc2] retransmit ms=10
2026-03-24 05:02:42 [DEBUG] __main__ — [transport:acc2] retransmit ms=11
2026-03-24 05:02:42 [DEBUG] __main__ — [transport:acc2] retransmit ms=12
2026-03-24 05:02:42 [DEBUG] __main__ — [transport:acc2] retransmit ms=13
2026-03-24 05:02:42 [DEBUG] __main__ — [transport:acc2] retransmit ms=14
2026-03-24 05:02:42 [DEBUG] __main__ — [transport:acc2] retransmit ms=15
2026-03-24 05:02:42 [DEBUG] __main__ — [transport:acc2] retransmit ms=16
2026-03-24 05:02:42 [DEBUG] __main__ — [transport:acc2] retransmit ms=17
2026-03-24 05:02:42 [DEBUG] __main__ — [transport:acc2] retransmit ms=18
2026-03-24 05:02:42 [DEBUG] __main__ — [transport:acc2] retransmit ms=19
2026-03-24 05:02:42 [DEBUG] __main__ — [transport:acc2] retransmit ms=20
2026-03-24 05:02:51 [DEBUG] __main__ — [ef446a4e] -> #10  136B  seq=9
2026-03-24 05:02:51 [DEBUG] __main__ — [transport:acc2] text-send  len=250  action=data  ms=22
2026-03-24 05:02:51 [DEBUG] __main__ — [transport:acc2] got nack ms=1..21
2026-03-24 05:02:51 [DEBUG] __main__ — [transport:acc2] retransmit ms=1
2026-03-24 05:02:51 [DEBUG] __main__ — [transport:acc2] retransmit ms=2
2026-03-24 05:02:51 [DEBUG] __main__ — [transport:acc2] retransmit ms=3
2026-03-24 05:02:51 [DEBUG] __main__ — [transport:acc2] retransmit ms=4
2026-03-24 05:02:51 [DEBUG] __main__ — [transport:acc2] retransmit ms=5
2026-03-24 05:02:51 [DEBUG] __main__ — [transport:acc2] retransmit ms=6
2026-03-24 05:02:51 [DEBUG] __main__ — [transport:acc2] retransmit ms=7
2026-03-24 05:02:51 [DEBUG] __main__ — [transport:acc2] retransmit ms=8
2026-03-24 05:02:51 [DEBUG] __main__ — [transport:acc2] retransmit ms=9
2026-03-24 05:02:51 [DEBUG] __main__ — [transport:acc2] retransmit ms=10
2026-03-24 05:02:51 [DEBUG] __main__ — [transport:acc2] retransmit ms=11
2026-03-24 05:02:51 [DEBUG] __main__ — [transport:acc2] retransmit ms=12
2026-03-24 05:02:51 [DEBUG] __main__ — [transport:acc2] retransmit ms=13
2026-03-24 05:02:51 [DEBUG] __main__ — [transport:acc2] retransmit ms=14
2026-03-24 05:02:51 [DEBUG] __main__ — [transport:acc2] retransmit ms=15
2026-03-24 05:02:51 [DEBUG] __main__ — [transport:acc2] retransmit ms=16
2026-03-24 05:02:51 [DEBUG] __main__ — [transport:acc2] retransmit ms=17
2026-03-24 05:02:51 [DEBUG] __main__ — [transport:acc2] retransmit ms=18
2026-03-24 05:02:51 [DEBUG] __main__ — [transport:acc2] retransmit ms=19
2026-03-24 05:02:51 [DEBUG] __main__ — [transport:acc2] retransmit ms=20
2026-03-24 05:02:51 [DEBUG] __main__ — [transport:acc2] retransmit ms=21
2026-03-24 05:02:51 [DEBUG] __main__ — [transport:acc2] dup ms=0, skip
2026-03-24 05:02:55 [DEBUG] __main__ — [1ab22fe6] local EOF
2026-03-24 05:02:55 [DEBUG] __main__ — [transport:acc2] text-send  len=65  action=close  ms=23
2026-03-24 05:02:55 [INFO] __main__ — tunnel polkadot.js.org:443 [13431dd7]  TIMEOUT
2026-03-24 05:02:55 [DEBUG] __main__ — [7edfbfa5] local EOF
2026-03-24 05:02:55 [DEBUG] __main__ — [transport:acc2] text-send  len=65  action=close  ms=24
2026-03-24 05:02:55 [DEBUG] __main__ — [153e69f6] local EOF
2026-03-24 05:02:55 [DEBUG] __main__ — [transport:acc1] text-send  len=65  action=close  ms=27
2026-03-24 05:02:55 [DEBUG] __main__ — [a49b3760] -> #3  2700B  seq=2
2026-03-24 05:02:55 [DEBUG] __main__ — [transport:acc1] text-send  len=3666  action=data  ms=28
2026-03-24 05:02:55 [DEBUG] __main__ — [a49b3760] -> #4  1951B  seq=3
2026-03-24 05:02:55 [DEBUG] __main__ — [transport:acc2] text-send  len=2670  action=data  ms=25
2026-03-24 05:02:55 [INFO] __main__ — DONE accounts.google.com:443 [1ab22fe6] | ↑2188B/1f (0.1 КБ/с)  ↓0B/0f (0.0 КБ/с)  30.0s
2026-03-24 05:02:55 [DEBUG] __main__ — [transport:acc2] got nack ms=4..22
2026-03-24 05:02:55 [DEBUG] __main__ — [transport:acc2] retransmit ms=4
2026-03-24 05:02:55 [DEBUG] __main__ — [transport:acc2] retransmit ms=5
2026-03-24 05:02:55 [DEBUG] __main__ — [transport:acc2] retransmit ms=6
2026-03-24 05:02:55 [DEBUG] __main__ — [transport:acc2] retransmit ms=7
2026-03-24 05:02:55 [DEBUG] __main__ — [transport:acc2] retransmit ms=8
2026-03-24 05:02:55 [DEBUG] __main__ — [transport:acc2] retransmit ms=9
2026-03-24 05:02:55 [DEBUG] __main__ — [transport:acc2] retransmit ms=10
2026-03-24 05:02:55 [DEBUG] __main__ — [transport:acc2] retransmit ms=11
2026-03-24 05:02:55 [DEBUG] __main__ — [transport:acc2] retransmit ms=12
2026-03-24 05:02:55 [DEBUG] __main__ — [transport:acc2] retransmit ms=13
2026-03-24 05:02:55 [DEBUG] __main__ — [transport:acc2] retransmit ms=14
2026-03-24 05:02:55 [DEBUG] __main__ — [transport:acc2] retransmit ms=15
2026-03-24 05:02:55 [DEBUG] __main__ — [transport:acc2] retransmit ms=16
2026-03-24 05:02:55 [DEBUG] __main__ — [transport:acc2] retransmit ms=17
2026-03-24 05:02:55 [DEBUG] __main__ — [transport:acc2] retransmit ms=18
2026-03-24 05:02:55 [DEBUG] __main__ — [transport:acc2] retransmit ms=19
2026-03-24 05:02:55 [DEBUG] __main__ — [transport:acc2] retransmit ms=20
2026-03-24 05:02:55 [DEBUG] __main__ — [transport:acc2] retransmit ms=21
2026-03-24 05:02:55 [DEBUG] __main__ — [transport:acc2] retransmit ms=22
2026-03-24 05:02:56 [DEBUG] __main__ — [a49b3760] -> #5  2700B  seq=4
2026-03-24 05:02:56 [DEBUG] __main__ — [transport:acc1] text-send  len=3666  action=data  ms=29
2026-03-24 05:02:56 [DEBUG] __main__ — [a49b3760] -> #6  1895B  seq=5
2026-03-24 05:02:56 [DEBUG] __main__ — [transport:acc2] text-send  len=2594  action=data  ms=26
2026-03-24 05:02:56 [DEBUG] __main__ — [transport:acc1] got nack ms=0..26
2026-03-24 05:02:56 [DEBUG] __main__ — [transport:acc1] retransmit ms=0
2026-03-24 05:02:56 [DEBUG] __main__ — [transport:acc1] retransmit ms=1
2026-03-24 05:02:56 [DEBUG] __main__ — [transport:acc1] retransmit ms=2
2026-03-24 05:02:56 [DEBUG] __main__ — [transport:acc1] retransmit ms=3
2026-03-24 05:02:56 [DEBUG] __main__ — [transport:acc1] retransmit ms=4
2026-03-24 05:02:56 [DEBUG] __main__ — [transport:acc1] retransmit ms=5
2026-03-24 05:02:56 [DEBUG] __main__ — [transport:acc1] retransmit ms=6
2026-03-24 05:02:56 [DEBUG] __main__ — [transport:acc1] retransmit ms=7
2026-03-24 05:02:56 [DEBUG] __main__ — [transport:acc1] retransmit ms=8
2026-03-24 05:02:56 [DEBUG] __main__ — [transport:acc1] retransmit ms=9
2026-03-24 05:02:56 [DEBUG] __main__ — [transport:acc1] retransmit ms=10
2026-03-24 05:02:56 [DEBUG] __main__ — [transport:acc1] retransmit ms=11
2026-03-24 05:02:56 [DEBUG] __main__ — [transport:acc1] retransmit ms=12
2026-03-24 05:02:56 [DEBUG] __main__ — [transport:acc1] retransmit ms=13
2026-03-24 05:02:56 [DEBUG] __main__ — [transport:acc1] retransmit ms=14
2026-03-24 05:02:56 [DEBUG] __main__ — [transport:acc1] retransmit ms=15
2026-03-24 05:02:56 [DEBUG] __main__ — [transport:acc1] retransmit ms=16
2026-03-24 05:02:56 [DEBUG] __main__ — [transport:acc1] retransmit ms=17
2026-03-24 05:02:56 [DEBUG] __main__ — [transport:acc1] retransmit ms=18
2026-03-24 05:02:56 [DEBUG] __main__ — [transport:acc1] retransmit ms=19
2026-03-24 05:02:56 [DEBUG] __main__ — [transport:acc1] retransmit ms=20
2026-03-24 05:02:56 [DEBUG] __main__ — [transport:acc1] retransmit ms=21
2026-03-24 05:02:56 [DEBUG] __main__ — [transport:acc1] retransmit ms=22
2026-03-24 05:02:56 [DEBUG] __main__ — [transport:acc1] retransmit ms=23
2026-03-24 05:02:56 [DEBUG] __main__ — [transport:acc1] retransmit ms=24
2026-03-24 05:02:56 [DEBUG] __main__ — [transport:acc1] retransmit ms=25
2026-03-24 05:02:56 [DEBUG] __main__ — [transport:acc1] retransmit ms=26
2026-03-24 05:02:56 [DEBUG] __main__ — [a49b3760] -> #7  2700B  seq=6
2026-03-24 05:02:56 [DEBUG] __main__ — [transport:acc1] text-send  len=3666  action=data  ms=30
2026-03-24 05:02:56 [DEBUG] __main__ — [a49b3760] -> #8  1896B  seq=7
2026-03-24 05:02:56 [DEBUG] __main__ — [transport:acc2] text-send  len=2594  action=data  ms=27
2026-03-24 05:02:56 [DEBUG] __main__ — [transport:acc1] dup ms=0, skip
2026-03-24 05:02:56 [INFO] __main__ — DONE www.google.com:443 [7edfbfa5] | ↑1798B/2f (0.1 КБ/с)  ↓4075B/2f (0.1 КБ/с)  33.5s
2026-03-24 05:02:56 [DEBUG] __main__ — [transport:acc2] dup ms=1, skip
2026-03-24 05:02:56 [DEBUG] __main__ — [transport:acc1] dup ms=1, skip
2026-03-24 05:02:56 [WARNING] __main__ — [7317f68c] reorder stall: seq=17 missing for 30s, buf=1 frames — closing
2026-03-24 05:02:56 [INFO] __main__ — DONE www.google.com:443 [153e69f6] | ↑1862B/2f (0.1 КБ/с)  ↓4075B/2f (0.1 КБ/с)  33.5s
2026-03-24 05:02:56 [DEBUG] __main__ — [a49b3760] -> #9  35B  seq=8
2026-03-24 05:02:56 [DEBUG] __main__ — [transport:acc1] text-send  len=114  action=data  ms=31
2026-03-24 05:02:56 [INFO] __main__ — SOCKS5 → whatismyipaddress.com:443
2026-03-24 05:02:56 [DEBUG] __main__ — [transport:acc1] text-send  len=96  action=connect  ms=32
2026-03-24 05:02:56 [INFO] __main__ — SOCKS5 → api.github.com:443
2026-03-24 05:02:56 [DEBUG] __main__ — [transport:acc2] text-send  len=89  action=connect  ms=28
2026-03-24 05:02:57 [DEBUG] __main__ — [transport:acc2] got nack ms=5..27
2026-03-24 05:02:57 [DEBUG] __main__ — [transport:acc2] retransmit ms=5
2026-03-24 05:02:57 [DEBUG] __main__ — [transport:acc2] retransmit ms=6
2026-03-24 05:02:57 [DEBUG] __main__ — [transport:acc2] retransmit ms=7
2026-03-24 05:02:57 [DEBUG] __main__ — [transport:acc2] retransmit ms=8
2026-03-24 05:02:57 [DEBUG] __main__ — [transport:acc2] retransmit ms=9
2026-03-24 05:02:57 [DEBUG] __main__ — [transport:acc2] retransmit ms=10
2026-03-24 05:02:57 [DEBUG] __main__ — [transport:acc2] retransmit ms=11
2026-03-24 05:02:57 [DEBUG] __main__ — [transport:acc2] retransmit ms=12
2026-03-24 05:02:57 [DEBUG] __main__ — [transport:acc2] retransmit ms=13
2026-03-24 05:02:57 [DEBUG] __main__ — [transport:acc2] retransmit ms=14
2026-03-24 05:02:57 [DEBUG] __main__ — [transport:acc2] retransmit ms=15
2026-03-24 05:02:57 [DEBUG] __main__ — [transport:acc2] retransmit ms=16
2026-03-24 05:02:57 [DEBUG] __main__ — [transport:acc2] retransmit ms=17
2026-03-24 05:02:57 [DEBUG] __main__ — [transport:acc2] retransmit ms=18
2026-03-24 05:02:57 [DEBUG] __main__ — [transport:acc2] retransmit ms=19
2026-03-24 05:02:57 [DEBUG] __main__ — [transport:acc2] retransmit ms=20
2026-03-24 05:02:57 [DEBUG] __main__ — [transport:acc2] retransmit ms=21
2026-03-24 05:02:57 [DEBUG] __main__ — [transport:acc2] retransmit ms=22
2026-03-24 05:02:57 [DEBUG] __main__ — [transport:acc2] retransmit ms=23
2026-03-24 05:02:57 [DEBUG] __main__ — [transport:acc2] retransmit ms=24
2026-03-24 05:02:57 [DEBUG] __main__ — [transport:acc2] retransmit ms=25
2026-03-24 05:02:57 [DEBUG] __main__ — [transport:acc2] retransmit ms=26
2026-03-24 05:02:57 [DEBUG] __main__ — [transport:acc2] retransmit ms=27
2026-03-24 05:02:57 [DEBUG] __main__ — [transport:acc2] dup ms=2, skip
2026-03-24 05:02:57 [INFO] __main__ — tunnel firebaseremoteconfig.googleapis.com:443 [0a7a1439]  TIMEOUT
2026-03-24 05:02:59 [DEBUG] __main__ — [transport:acc1] got nack ms=2..29
2026-03-24 05:02:59 [DEBUG] __main__ — [transport:acc1] retransmit ms=2
2026-03-24 05:02:59 [DEBUG] __main__ — [transport:acc1] retransmit ms=3
2026-03-24 05:02:59 [DEBUG] __main__ — [transport:acc1] retransmit ms=4
2026-03-24 05:02:59 [DEBUG] __main__ — [transport:acc1] retransmit ms=5
2026-03-24 05:02:59 [DEBUG] __main__ — [transport:acc1] retransmit ms=6
2026-03-24 05:02:59 [DEBUG] __main__ — [transport:acc1] retransmit ms=7
2026-03-24 05:02:59 [DEBUG] __main__ — [transport:acc1] retransmit ms=8
2026-03-24 05:02:59 [DEBUG] __main__ — [transport:acc1] retransmit ms=9
2026-03-24 05:02:59 [DEBUG] __main__ — [transport:acc1] retransmit ms=10
2026-03-24 05:02:59 [DEBUG] __main__ — [transport:acc1] retransmit ms=11
2026-03-24 05:02:59 [DEBUG] __main__ — [transport:acc1] retransmit ms=12
2026-03-24 05:02:59 [DEBUG] __main__ — [transport:acc1] retransmit ms=13
2026-03-24 05:02:59 [DEBUG] __main__ — [transport:acc1] retransmit ms=14
2026-03-24 05:02:59 [DEBUG] __main__ — [transport:acc1] retransmit ms=15
2026-03-24 05:02:59 [DEBUG] __main__ — [transport:acc1] retransmit ms=16
2026-03-24 05:02:59 [DEBUG] __main__ — [transport:acc1] retransmit ms=17
2026-03-24 05:02:59 [DEBUG] __main__ — [transport:acc1] retransmit ms=18
2026-03-24 05:02:59 [DEBUG] __main__ — [transport:acc1] retransmit ms=19
2026-03-24 05:02:59 [DEBUG] __main__ — [transport:acc1] retransmit ms=20
2026-03-24 05:02:59 [DEBUG] __main__ — [transport:acc1] retransmit ms=21
2026-03-24 05:02:59 [DEBUG] __main__ — [transport:acc1] retransmit ms=22
2026-03-24 05:02:59 [DEBUG] __main__ — [transport:acc1] retransmit ms=23
2026-03-24 05:02:59 [DEBUG] __main__ — [transport:acc1] retransmit ms=24
2026-03-24 05:02:59 [DEBUG] __main__ — [transport:acc1] retransmit ms=25
2026-03-24 05:02:59 [DEBUG] __main__ — [transport:acc1] retransmit ms=26
2026-03-24 05:02:59 [DEBUG] __main__ — [transport:acc1] retransmit ms=27
2026-03-24 05:02:59 [DEBUG] __main__ — [transport:acc1] retransmit ms=28
2026-03-24 05:02:59 [DEBUG] __main__ — [transport:acc1] retransmit ms=29
2026-03-24 05:02:59 [DEBUG] __main__ — [transport:acc2] keepalive sent
2026-03-24 05:02:59 [DEBUG] __main__ — [transport:acc1] keepalive sent
2026-03-24 05:03:01 [INFO] __main__ — SOCKS5 → www.speedtest.net:443
2026-03-24 05:03:01 [DEBUG] __main__ — [ef446a4e] -> #11  51B  seq=10
2026-03-24 05:03:01 [DEBUG] __main__ — [transport:acc1] text-send  len=92  action=connect  ms=33
2026-03-24 05:03:01 [DEBUG] __main__ — [transport:acc1] text-send  len=135  action=data  ms=34
2026-03-24 05:03:01 [DEBUG] __main__ — [ef446a4e] local EOF
2026-03-24 05:03:01 [DEBUG] __main__ — [transport:acc2] text-send  len=66  action=close  ms=29
2026-03-24 05:03:01 [DEBUG] __main__ — [transport:acc2] got nack ms=6..28
2026-03-24 05:03:01 [DEBUG] __main__ — [transport:acc2] retransmit ms=6
2026-03-24 05:03:01 [DEBUG] __main__ — [transport:acc2] retransmit ms=7
2026-03-24 05:03:01 [DEBUG] __main__ — [transport:acc2] retransmit ms=8
2026-03-24 05:03:01 [DEBUG] __main__ — [transport:acc2] retransmit ms=9
2026-03-24 05:03:01 [DEBUG] __main__ — [transport:acc2] retransmit ms=10
2026-03-24 05:03:01 [DEBUG] __main__ — [transport:acc2] retransmit ms=11
2026-03-24 05:03:01 [DEBUG] __main__ — [transport:acc2] retransmit ms=12
2026-03-24 05:03:01 [DEBUG] __main__ — [transport:acc2] retransmit ms=13
2026-03-24 05:03:01 [DEBUG] __main__ — [transport:acc2] retransmit ms=14
2026-03-24 05:03:01 [DEBUG] __main__ — [transport:acc2] retransmit ms=15
2026-03-24 05:03:01 [DEBUG] __main__ — [transport:acc2] retransmit ms=16
2026-03-24 05:03:01 [DEBUG] __main__ — [transport:acc2] retransmit ms=17
2026-03-24 05:03:01 [DEBUG] __main__ — [transport:acc2] retransmit ms=18
2026-03-24 05:03:01 [DEBUG] __main__ — [transport:acc2] retransmit ms=19
2026-03-24 05:03:01 [DEBUG] __main__ — [transport:acc2] retransmit ms=20
2026-03-24 05:03:01 [DEBUG] __main__ — [transport:acc2] retransmit ms=21
2026-03-24 05:03:01 [DEBUG] __main__ — [transport:acc2] retransmit ms=22
2026-03-24 05:03:01 [DEBUG] __main__ — [transport:acc2] retransmit ms=23
2026-03-24 05:03:01 [DEBUG] __main__ — [transport:acc2] retransmit ms=24
2026-03-24 05:03:01 [DEBUG] __main__ — [transport:acc2] retransmit ms=25
2026-03-24 05:03:01 [DEBUG] __main__ — [transport:acc2] retransmit ms=26
2026-03-24 05:03:01 [DEBUG] __main__ — [transport:acc2] retransmit ms=27
2026-03-24 05:03:01 [DEBUG] __main__ — [transport:acc2] retransmit ms=28
2026-03-24 05:03:01 [DEBUG] __main__ — [transport:acc1] got nack ms=3..32
2026-03-24 05:03:01 [DEBUG] __main__ — [transport:acc1] retransmit ms=3
2026-03-24 05:03:01 [DEBUG] __main__ — [transport:acc1] retransmit ms=4
2026-03-24 05:03:01 [DEBUG] __main__ — [transport:acc1] retransmit ms=5
2026-03-24 05:03:01 [DEBUG] __main__ — [transport:acc1] retransmit ms=6
2026-03-24 05:03:01 [DEBUG] __main__ — [transport:acc1] retransmit ms=7
2026-03-24 05:03:01 [DEBUG] __main__ — [transport:acc1] retransmit ms=8
2026-03-24 05:03:01 [DEBUG] __main__ — [transport:acc1] retransmit ms=9
2026-03-24 05:03:01 [DEBUG] __main__ — [transport:acc1] retransmit ms=10
2026-03-24 05:03:01 [DEBUG] __main__ — [transport:acc1] retransmit ms=11
2026-03-24 05:03:01 [DEBUG] __main__ — [transport:acc1] retransmit ms=12
2026-03-24 05:03:01 [DEBUG] __main__ — [transport:acc1] retransmit ms=13
2026-03-24 05:03:01 [DEBUG] __main__ — [transport:acc1] retransmit ms=14
2026-03-24 05:03:01 [DEBUG] __main__ — [transport:acc1] retransmit ms=15
2026-03-24 05:03:01 [DEBUG] __main__ — [transport:acc1] retransmit ms=16
2026-03-24 05:03:01 [DEBUG] __main__ — [transport:acc1] retransmit ms=17
2026-03-24 05:03:01 [DEBUG] __main__ — [transport:acc1] retransmit ms=18
2026-03-24 05:03:01 [DEBUG] __main__ — [transport:acc1] retransmit ms=19
2026-03-24 05:03:01 [DEBUG] __main__ — [transport:acc1] retransmit ms=20
2026-03-24 05:03:01 [DEBUG] __main__ — [transport:acc1] retransmit ms=21
2026-03-24 05:03:01 [DEBUG] __main__ — [transport:acc1] retransmit ms=22
2026-03-24 05:03:01 [DEBUG] __main__ — [transport:acc1] retransmit ms=23
2026-03-24 05:03:01 [DEBUG] __main__ — [transport:acc1] retransmit ms=24
2026-03-24 05:03:01 [DEBUG] __main__ — [transport:acc1] retransmit ms=25
2026-03-24 05:03:01 [DEBUG] __main__ — [transport:acc1] retransmit ms=26
2026-03-24 05:03:01 [DEBUG] __main__ — [transport:acc1] retransmit ms=27
2026-03-24 05:03:01 [DEBUG] __main__ — [transport:acc1] retransmit ms=28
2026-03-24 05:03:01 [DEBUG] __main__ — [transport:acc1] retransmit ms=29
2026-03-24 05:03:01 [DEBUG] __main__ — [transport:acc1] retransmit ms=30
2026-03-24 05:03:01 [DEBUG] __main__ — [transport:acc1] retransmit ms=31
2026-03-24 05:03:01 [DEBUG] __main__ — [transport:acc1] retransmit ms=32
2026-03-24 05:03:01 [INFO] __main__ — SOCKS5 → www.speedtest.net:443
2026-03-24 05:03:01 [INFO] __main__ — SOCKS5 → www.speedtest.net:443
2026-03-24 05:03:01 [DEBUG] __main__ — [transport:acc2] text-send  len=92  action=connect  ms=30
2026-03-24 05:03:01 [DEBUG] __main__ — [transport:acc1] text-send  len=92  action=connect  ms=35
2026-03-24 05:03:01 [DEBUG] __main__ — [transport:acc2] dup ms=3, skip
2026-03-24 05:03:01 [INFO] __main__ — DONE www.speedtest.net:443 [ef446a4e] | ↑4927B/11f (0.1 КБ/с)  ↓49763B/24f (1.3 КБ/с)  38.5s
2026-03-24 05:03:02 [DEBUG] __main__ — [transport:acc1] got nack ms=4..34
2026-03-24 05:03:02 [DEBUG] __main__ — [transport:acc1] retransmit ms=4
2026-03-24 05:03:02 [DEBUG] __main__ — [transport:acc1] retransmit ms=5
2026-03-24 05:03:02 [DEBUG] __main__ — [transport:acc1] retransmit ms=6
2026-03-24 05:03:02 [DEBUG] __main__ — [transport:acc1] retransmit ms=7
2026-03-24 05:03:02 [DEBUG] __main__ — [transport:acc1] retransmit ms=8
2026-03-24 05:03:02 [DEBUG] __main__ — [transport:acc1] retransmit ms=9
2026-03-24 05:03:02 [DEBUG] __main__ — [transport:acc1] retransmit ms=10
2026-03-24 05:03:02 [DEBUG] __main__ — [transport:acc1] retransmit ms=11
2026-03-24 05:03:02 [DEBUG] __main__ — [transport:acc1] retransmit ms=12
2026-03-24 05:03:02 [DEBUG] __main__ — [transport:acc1] retransmit ms=13
2026-03-24 05:03:02 [DEBUG] __main__ — [transport:acc1] retransmit ms=14
2026-03-24 05:03:02 [DEBUG] __main__ — [transport:acc1] retransmit ms=15
2026-03-24 05:03:02 [DEBUG] __main__ — [transport:acc1] retransmit ms=16
2026-03-24 05:03:02 [DEBUG] __main__ — [transport:acc1] retransmit ms=17
2026-03-24 05:03:02 [DEBUG] __main__ — [transport:acc1] retransmit ms=18
2026-03-24 05:03:02 [DEBUG] __main__ — [transport:acc1] retransmit ms=19
2026-03-24 05:03:02 [DEBUG] __main__ — [transport:acc1] retransmit ms=20
2026-03-24 05:03:02 [DEBUG] __main__ — [transport:acc1] retransmit ms=21
2026-03-24 05:03:02 [DEBUG] __main__ — [transport:acc1] retransmit ms=22
2026-03-24 05:03:02 [DEBUG] __main__ — [transport:acc1] retransmit ms=23
2026-03-24 05:03:02 [DEBUG] __main__ — [transport:acc1] retransmit ms=24
2026-03-24 05:03:02 [DEBUG] __main__ — [transport:acc1] retransmit ms=25
2026-03-24 05:03:02 [DEBUG] __main__ — [transport:acc1] retransmit ms=26
2026-03-24 05:03:02 [DEBUG] __main__ — [transport:acc1] retransmit ms=27
2026-03-24 05:03:02 [DEBUG] __main__ — [transport:acc1] retransmit ms=28
2026-03-24 05:03:02 [DEBUG] __main__ — [transport:acc1] retransmit ms=29
2026-03-24 05:03:02 [DEBUG] __main__ — [transport:acc1] retransmit ms=30
2026-03-24 05:03:02 [DEBUG] __main__ — [transport:acc1] retransmit ms=31
2026-03-24 05:03:02 [DEBUG] __main__ — [transport:acc1] retransmit ms=32
2026-03-24 05:03:02 [DEBUG] __main__ — [transport:acc1] retransmit ms=33
2026-03-24 05:03:02 [DEBUG] __main__ — [transport:acc1] retransmit ms=34
2026-03-24 05:03:02 [DEBUG] __main__ — [transport:acc1] dup ms=2, skip
2026-03-24 05:03:02 [DEBUG] __main__ — [transport:acc1] dup ms=3, skip
2026-03-24 05:03:08 [DEBUG] __main__ — [transport:acc2] dup ms=4, skip
2026-03-24 05:03:11 [INFO] __main__ — tunnel whatismyipaddress.com:443 [7ae31353]  TIMEOUT
2026-03-24 05:03:11 [INFO] __main__ — SOCKS5 → whatismyipaddress.com:443
2026-03-24 05:03:11 [DEBUG] __main__ — [transport:acc2] text-send  len=96  action=connect  ms=31
2026-03-24 05:03:11 [DEBUG] __main__ — [transport:acc2] got nack ms=10..30
2026-03-24 05:03:11 [DEBUG] __main__ — [transport:acc2] retransmit ms=10
2026-03-24 05:03:11 [DEBUG] __main__ — [transport:acc2] retransmit ms=11
2026-03-24 05:03:11 [DEBUG] __main__ — [transport:acc2] retransmit ms=12
2026-03-24 05:03:11 [DEBUG] __main__ — [transport:acc2] retransmit ms=13
2026-03-24 05:03:11 [DEBUG] __main__ — [transport:acc2] retransmit ms=14
2026-03-24 05:03:11 [DEBUG] __main__ — [transport:acc2] retransmit ms=15
2026-03-24 05:03:11 [DEBUG] __main__ — [transport:acc2] retransmit ms=16
2026-03-24 05:03:11 [DEBUG] __main__ — [transport:acc2] retransmit ms=17
2026-03-24 05:03:11 [DEBUG] __main__ — [transport:acc2] retransmit ms=18
2026-03-24 05:03:11 [DEBUG] __main__ — [transport:acc2] retransmit ms=19
2026-03-24 05:03:11 [DEBUG] __main__ — [transport:acc2] retransmit ms=20
2026-03-24 05:03:11 [DEBUG] __main__ — [transport:acc2] retransmit ms=21
2026-03-24 05:03:11 [DEBUG] __main__ — [transport:acc2] retransmit ms=22
2026-03-24 05:03:11 [DEBUG] __main__ — [transport:acc2] retransmit ms=23
2026-03-24 05:03:11 [DEBUG] __main__ — [transport:acc2] retransmit ms=24
2026-03-24 05:03:11 [DEBUG] __main__ — [transport:acc2] retransmit ms=25
2026-03-24 05:03:11 [DEBUG] __main__ — [transport:acc2] retransmit ms=26
2026-03-24 05:03:11 [DEBUG] __main__ — [transport:acc2] retransmit ms=27
2026-03-24 05:03:11 [DEBUG] __main__ — [transport:acc2] retransmit ms=28
2026-03-24 05:03:11 [DEBUG] __main__ — [transport:acc2] retransmit ms=29
2026-03-24 05:03:11 [DEBUG] __main__ — [transport:acc2] retransmit ms=30
2026-03-24 05:03:11 [INFO] __main__ — tunnel api.github.com:443 [97389e70]  TIMEOUT
2026-03-24 05:03:11 [INFO] __main__ — SOCKS5 → api.github.com:443
2026-03-24 05:03:11 [DEBUG] __main__ — [transport:acc1] text-send  len=89  action=connect  ms=36
2026-03-24 05:03:12 [DEBUG] __main__ — [transport:acc1] got nack ms=9..35
2026-03-24 05:03:12 [DEBUG] __main__ — [transport:acc1] retransmit ms=9
2026-03-24 05:03:12 [DEBUG] __main__ — [transport:acc1] retransmit ms=10
2026-03-24 05:03:12 [DEBUG] __main__ — [transport:acc1] retransmit ms=11
2026-03-24 05:03:12 [DEBUG] __main__ — [transport:acc1] retransmit ms=12
2026-03-24 05:03:12 [DEBUG] __main__ — [transport:acc1] retransmit ms=13
2026-03-24 05:03:12 [DEBUG] __main__ — [transport:acc1] retransmit ms=14
2026-03-24 05:03:12 [DEBUG] __main__ — [transport:acc1] retransmit ms=15
2026-03-24 05:03:12 [DEBUG] __main__ — [transport:acc1] retransmit ms=16
2026-03-24 05:03:12 [DEBUG] __main__ — [transport:acc1] retransmit ms=17
2026-03-24 05:03:12 [DEBUG] __main__ — [transport:acc1] retransmit ms=18
2026-03-24 05:03:12 [DEBUG] __main__ — [transport:acc1] retransmit ms=19
2026-03-24 05:03:12 [DEBUG] __main__ — [transport:acc1] retransmit ms=20
2026-03-24 05:03:12 [DEBUG] __main__ — [transport:acc1] retransmit ms=21
2026-03-24 05:03:12 [DEBUG] __main__ — [transport:acc1] retransmit ms=22
2026-03-24 05:03:12 [DEBUG] __main__ — [transport:acc1] retransmit ms=23
2026-03-24 05:03:12 [DEBUG] __main__ — [transport:acc1] retransmit ms=24
2026-03-24 05:03:12 [DEBUG] __main__ — [transport:acc1] retransmit ms=25
2026-03-24 05:03:12 [DEBUG] __main__ — [transport:acc1] retransmit ms=26
2026-03-24 05:03:12 [DEBUG] __main__ — [transport:acc1] retransmit ms=27
2026-03-24 05:03:12 [DEBUG] __main__ — [transport:acc1] retransmit ms=28
2026-03-24 05:03:12 [DEBUG] __main__ — [transport:acc1] retransmit ms=29
2026-03-24 05:03:12 [DEBUG] __main__ — [transport:acc1] retransmit ms=30
2026-03-24 05:03:12 [DEBUG] __main__ — [transport:acc1] retransmit ms=31
2026-03-24 05:03:12 [DEBUG] __main__ — [transport:acc1] retransmit ms=32
2026-03-24 05:03:12 [DEBUG] __main__ — [transport:acc1] retransmit ms=33
2026-03-24 05:03:12 [DEBUG] __main__ — [transport:acc1] retransmit ms=34
2026-03-24 05:03:12 [DEBUG] __main__ — [transport:acc1] retransmit ms=35
2026-03-24 05:03:12 [DEBUG] __main__ — [transport:acc2] dup ms=5, skip
2026-03-24 05:03:12 [DEBUG] __main__ — [transport:acc2] dup ms=6, skip
2026-03-24 05:03:12 [DEBUG] __main__ — [transport:acc1] dup ms=4, skip
2026-03-24 05:03:16 [INFO] __main__ — tunnel www.speedtest.net:443 [bd9e1f1b]  TIMEOUT
2026-03-24 05:03:16 [INFO] __main__ — SOCKS5 → www.speedtest.net:443
2026-03-24 05:03:16 [DEBUG] __main__ — [transport:acc2] text-send  len=92  action=connect  ms=32
2026-03-24 05:03:16 [DEBUG] __main__ — [transport:acc2] got nack ms=13..31
2026-03-24 05:03:16 [DEBUG] __main__ — [transport:acc2] retransmit ms=13
2026-03-24 05:03:16 [DEBUG] __main__ — [transport:acc2] retransmit ms=14
2026-03-24 05:03:16 [DEBUG] __main__ — [transport:acc2] retransmit ms=15
2026-03-24 05:03:16 [DEBUG] __main__ — [transport:acc2] retransmit ms=16
2026-03-24 05:03:16 [DEBUG] __main__ — [transport:acc2] retransmit ms=17
2026-03-24 05:03:16 [DEBUG] __main__ — [transport:acc2] retransmit ms=18
2026-03-24 05:03:16 [DEBUG] __main__ — [transport:acc2] retransmit ms=19
2026-03-24 05:03:16 [DEBUG] __main__ — [transport:acc2] retransmit ms=20
2026-03-24 05:03:16 [DEBUG] __main__ — [transport:acc2] retransmit ms=21
2026-03-24 05:03:16 [DEBUG] __main__ — [transport:acc2] retransmit ms=22
2026-03-24 05:03:16 [DEBUG] __main__ — [transport:acc2] retransmit ms=23
2026-03-24 05:03:16 [DEBUG] __main__ — [transport:acc2] retransmit ms=24
2026-03-24 05:03:16 [DEBUG] __main__ — [transport:acc2] retransmit ms=25
2026-03-24 05:03:16 [DEBUG] __main__ — [transport:acc2] retransmit ms=26
2026-03-24 05:03:16 [DEBUG] __main__ — [transport:acc2] retransmit ms=27
2026-03-24 05:03:16 [DEBUG] __main__ — [transport:acc2] retransmit ms=28
2026-03-24 05:03:16 [DEBUG] __main__ — [transport:acc2] retransmit ms=29
2026-03-24 05:03:16 [DEBUG] __main__ — [transport:acc2] retransmit ms=30
2026-03-24 05:03:16 [DEBUG] __main__ — [transport:acc2] retransmit ms=31
2026-03-24 05:03:16 [INFO] __main__ — tunnel www.speedtest.net:443 [121f8c5d]  TIMEOUT
2026-03-24 05:03:16 [INFO] __main__ — tunnel www.speedtest.net:443 [4c86f338]  TIMEOUT
2026-03-24 05:03:16 [INFO] __main__ — SOCKS5 → www.speedtest.net:443
2026-03-24 05:03:16 [DEBUG] __main__ — [transport:acc1] text-send  len=92  action=connect  ms=37
2026-03-24 05:03:16 [INFO] __main__ — SOCKS5 → www.speedtest.net:443
2026-03-24 05:03:16 [DEBUG] __main__ — [transport:acc2] text-send  len=92  action=connect  ms=33
2026-03-24 05:03:16 [DEBUG] __main__ — [transport:acc2] dup ms=7, skip
2026-03-24 05:03:16 [DEBUG] __main__ — [transport:acc1] got nack ms=11..36
2026-03-24 05:03:16 [DEBUG] __main__ — [transport:acc1] retransmit ms=11
2026-03-24 05:03:16 [DEBUG] __main__ — [transport:acc1] retransmit ms=12
2026-03-24 05:03:16 [DEBUG] __main__ — [transport:acc1] retransmit ms=13
2026-03-24 05:03:16 [DEBUG] __main__ — [transport:acc1] retransmit ms=14
2026-03-24 05:03:16 [DEBUG] __main__ — [transport:acc1] retransmit ms=15
2026-03-24 05:03:16 [DEBUG] __main__ — [transport:acc1] retransmit ms=16
2026-03-24 05:03:16 [DEBUG] __main__ — [transport:acc1] retransmit ms=17
2026-03-24 05:03:16 [DEBUG] __main__ — [transport:acc1] retransmit ms=18
2026-03-24 05:03:16 [DEBUG] __main__ — [transport:acc1] retransmit ms=19
2026-03-24 05:03:16 [DEBUG] __main__ — [transport:acc1] retransmit ms=20
2026-03-24 05:03:16 [DEBUG] __main__ — [transport:acc1] retransmit ms=21
2026-03-24 05:03:16 [DEBUG] __main__ — [transport:acc1] retransmit ms=22
2026-03-24 05:03:16 [DEBUG] __main__ — [transport:acc1] retransmit ms=23
2026-03-24 05:03:16 [DEBUG] __main__ — [transport:acc1] retransmit ms=24
2026-03-24 05:03:16 [DEBUG] __main__ — [transport:acc1] retransmit ms=25
2026-03-24 05:03:16 [DEBUG] __main__ — [transport:acc1] retransmit ms=26
2026-03-24 05:03:16 [DEBUG] __main__ — [transport:acc1] retransmit ms=27
2026-03-24 05:03:16 [DEBUG] __main__ — [transport:acc1] retransmit ms=28
2026-03-24 05:03:16 [DEBUG] __main__ — [transport:acc1] retransmit ms=29
2026-03-24 05:03:16 [DEBUG] __main__ — [transport:acc1] retransmit ms=30
2026-03-24 05:03:16 [DEBUG] __main__ — [transport:acc1] retransmit ms=31
2026-03-24 05:03:16 [DEBUG] __main__ — [transport:acc1] retransmit ms=32
2026-03-24 05:03:16 [DEBUG] __main__ — [transport:acc1] retransmit ms=33
2026-03-24 05:03:16 [DEBUG] __main__ — [transport:acc1] retransmit ms=34
2026-03-24 05:03:16 [DEBUG] __main__ — [transport:acc1] retransmit ms=35
2026-03-24 05:03:16 [DEBUG] __main__ — [transport:acc1] retransmit ms=36
2026-03-24 05:03:16 [DEBUG] __main__ — [transport:acc2] dup ms=8, skip
2026-03-24 05:03:16 [INFO] __main__ — SOCKS5 → api.github.com:443
2026-03-24 05:03:16 [DEBUG] __main__ — [transport:acc1] text-send  len=89  action=connect  ms=38
2026-03-24 05:03:24 [DEBUG] __main__ — [transport:acc2] keepalive sent
2026-03-24 05:03:24 [DEBUG] __main__ — [transport:acc1] keepalive sent
2026-03-24 05:03:26 [INFO] __main__ — SOCKS5 → 188.40.167.82:443
2026-03-24 05:03:26 [DEBUG] __main__ — [transport:acc2] text-send  len=88  action=connect  ms=34
2026-03-24 05:03:26 [DEBUG] __main__ — [transport:acc2] got nack ms=15..33
2026-03-24 05:03:26 [DEBUG] __main__ — [transport:acc2] retransmit ms=15
2026-03-24 05:03:26 [DEBUG] __main__ — [transport:acc2] retransmit ms=16
2026-03-24 05:03:26 [DEBUG] __main__ — [transport:acc2] retransmit ms=17
2026-03-24 05:03:26 [DEBUG] __main__ — [transport:acc2] retransmit ms=18
2026-03-24 05:03:26 [DEBUG] __main__ — [transport:acc2] retransmit ms=19
2026-03-24 05:03:26 [DEBUG] __main__ — [transport:acc2] retransmit ms=20
2026-03-24 05:03:26 [DEBUG] __main__ — [transport:acc2] retransmit ms=21
2026-03-24 05:03:26 [DEBUG] __main__ — [transport:acc2] retransmit ms=22
2026-03-24 05:03:26 [DEBUG] __main__ — [transport:acc2] retransmit ms=23
2026-03-24 05:03:26 [DEBUG] __main__ — [transport:acc2] retransmit ms=24
2026-03-24 05:03:26 [DEBUG] __main__ — [transport:acc2] retransmit ms=25
2026-03-24 05:03:26 [DEBUG] __main__ — [transport:acc2] retransmit ms=26
2026-03-24 05:03:26 [DEBUG] __main__ — [transport:acc2] retransmit ms=27
2026-03-24 05:03:26 [DEBUG] __main__ — [transport:acc2] retransmit ms=28
2026-03-24 05:03:26 [DEBUG] __main__ — [transport:acc2] retransmit ms=29
2026-03-24 05:03:26 [DEBUG] __main__ — [transport:acc2] retransmit ms=30
2026-03-24 05:03:26 [DEBUG] __main__ — [transport:acc2] retransmit ms=31
2026-03-24 05:03:26 [DEBUG] __main__ — [transport:acc2] retransmit ms=32
2026-03-24 05:03:26 [DEBUG] __main__ — [transport:acc2] retransmit ms=33
2026-03-24 05:03:26 [INFO] __main__ — SOCKS5 → detectportal.brave-http-only.com:80
2026-03-24 05:03:26 [DEBUG] __main__ — [transport:acc1] text-send  len=106  action=connect  ms=39
2026-03-24 05:03:26 [INFO] __main__ — tunnel whatismyipaddress.com:443 [2605081a]  TIMEOUT
2026-03-24 05:03:26 [DEBUG] __main__ — [7317f68c] -> #4  35B  seq=3
2026-03-24 05:03:26 [DEBUG] __main__ — [transport:acc2] text-send  len=114  action=data  ms=35
2026-03-24 05:03:26 [DEBUG] __main__ — [transport:acc2] dup ms=9, skip
2026-03-24 05:03:26 [INFO] __main__ — SOCKS5 → api.suiet.app:443
2026-03-24 05:03:26 [DEBUG] __main__ — [transport:acc2] text-send  len=88  action=connect  ms=36
2026-03-24 05:03:26 [DEBUG] __main__ — [transport:acc1] got nack ms=13..38
2026-03-24 05:03:26 [DEBUG] __main__ — [transport:acc1] retransmit ms=13
2026-03-24 05:03:26 [DEBUG] __main__ — [transport:acc1] retransmit ms=14
2026-03-24 05:03:26 [DEBUG] __main__ — [transport:acc1] retransmit ms=15
2026-03-24 05:03:26 [DEBUG] __main__ — [transport:acc1] retransmit ms=16
2026-03-24 05:03:26 [DEBUG] __main__ — [transport:acc1] retransmit ms=17
2026-03-24 05:03:26 [DEBUG] __main__ — [transport:acc1] retransmit ms=18
2026-03-24 05:03:26 [DEBUG] __main__ — [transport:acc1] retransmit ms=19
2026-03-24 05:03:26 [DEBUG] __main__ — [transport:acc1] retransmit ms=20
2026-03-24 05:03:26 [DEBUG] __main__ — [transport:acc1] retransmit ms=21
2026-03-24 05:03:26 [DEBUG] __main__ — [transport:acc1] retransmit ms=22
2026-03-24 05:03:26 [DEBUG] __main__ — [transport:acc1] retransmit ms=23
2026-03-24 05:03:26 [DEBUG] __main__ — [transport:acc1] retransmit ms=24
2026-03-24 05:03:26 [DEBUG] __main__ — [transport:acc1] retransmit ms=25
2026-03-24 05:03:26 [DEBUG] __main__ — [transport:acc1] retransmit ms=26
2026-03-24 05:03:26 [DEBUG] __main__ — [transport:acc1] retransmit ms=27
2026-03-24 05:03:26 [DEBUG] __main__ — [transport:acc1] retransmit ms=28
2026-03-24 05:03:26 [DEBUG] __main__ — [transport:acc1] retransmit ms=29
2026-03-24 05:03:26 [DEBUG] __main__ — [transport:acc1] retransmit ms=30
2026-03-24 05:03:26 [DEBUG] __main__ — [transport:acc1] retransmit ms=31
2026-03-24 05:03:26 [DEBUG] __main__ — [transport:acc1] retransmit ms=32
2026-03-24 05:03:26 [DEBUG] __main__ — [transport:acc1] retransmit ms=33
2026-03-24 05:03:26 [DEBUG] __main__ — [transport:acc1] retransmit ms=34
2026-03-24 05:03:26 [DEBUG] __main__ — [transport:acc1] retransmit ms=35
2026-03-24 05:03:26 [DEBUG] __main__ — [transport:acc1] retransmit ms=36
2026-03-24 05:03:26 [DEBUG] __main__ — [transport:acc1] retransmit ms=37
2026-03-24 05:03:26 [DEBUG] __main__ — [transport:acc1] retransmit ms=38
2026-03-24 05:03:26 [INFO] __main__ — tunnel api.github.com:443 [77b0dca6]  TIMEOUT
2026-03-24 05:03:27 [DEBUG] __main__ — [transport:acc1] dup ms=7, skip
2026-03-24 05:03:27 [DEBUG] __main__ — [transport:acc1] dup ms=8, skip
2026-03-24 05:03:27 [DEBUG] __main__ — [transport:acc2] dup ms=10, skip
2026-03-24 05:03:27 [INFO] __main__ — SOCKS5 → whatismyipaddress.com:443
2026-03-24 05:03:27 [DEBUG] __main__ — [transport:acc1] text-send  len=96  action=connect  ms=40
2026-03-24 05:03:29 [DEBUG] __main__ — [d6cb4834] -> #5  35B  seq=4
2026-03-24 05:03:29 [DEBUG] __main__ — [transport:acc1] text-send  len=114  action=data  ms=41
2026-03-24 05:03:29 [DEBUG] __main__ — [7317f68c] -> #5  170B  seq=4
2026-03-24 05:03:29 [DEBUG] __main__ — [transport:acc1] text-send  len=294  action=data  ms=42
2026-03-24 05:03:29 [DEBUG] __main__ — [8f21b0ef] -> #4  302B  seq=3
2026-03-24 05:03:29 [DEBUG] __main__ — [transport:acc2] text-send  len=470  action=data  ms=37
2026-03-24 05:03:29 [DEBUG] __main__ — [transport:acc2] got nack ms=17..36
2026-03-24 05:03:29 [DEBUG] __main__ — [transport:acc2] retransmit ms=17
2026-03-24 05:03:29 [DEBUG] __main__ — [transport:acc2] retransmit ms=18
2026-03-24 05:03:29 [DEBUG] __main__ — [transport:acc2] retransmit ms=19
2026-03-24 05:03:29 [DEBUG] __main__ — [transport:acc2] retransmit ms=20
2026-03-24 05:03:29 [DEBUG] __main__ — [transport:acc2] retransmit ms=21
2026-03-24 05:03:29 [DEBUG] __main__ — [transport:acc2] retransmit ms=22
2026-03-24 05:03:29 [DEBUG] __main__ — [transport:acc2] retransmit ms=23
2026-03-24 05:03:29 [DEBUG] __main__ — [transport:acc2] retransmit ms=24
2026-03-24 05:03:29 [DEBUG] __main__ — [transport:acc2] retransmit ms=25
2026-03-24 05:03:29 [DEBUG] __main__ — [transport:acc2] retransmit ms=26
2026-03-24 05:03:29 [DEBUG] __main__ — [transport:acc2] retransmit ms=27
2026-03-24 05:03:29 [DEBUG] __main__ — [transport:acc2] retransmit ms=28
2026-03-24 05:03:29 [DEBUG] __main__ — [transport:acc2] retransmit ms=29
2026-03-24 05:03:29 [DEBUG] __main__ — [transport:acc2] retransmit ms=30
2026-03-24 05:03:29 [DEBUG] __main__ — [transport:acc2] retransmit ms=31
2026-03-24 05:03:29 [DEBUG] __main__ — [transport:acc2] retransmit ms=32
2026-03-24 05:03:29 [DEBUG] __main__ — [transport:acc2] retransmit ms=33
2026-03-24 05:03:29 [DEBUG] __main__ — [transport:acc2] retransmit ms=34
2026-03-24 05:03:29 [DEBUG] __main__ — [transport:acc2] retransmit ms=35
2026-03-24 05:03:29 [DEBUG] __main__ — [transport:acc2] retransmit ms=36
2026-03-24 05:03:31 [INFO] __main__ — tunnel www.speedtest.net:443 [814f076e]  TIMEOUT
2026-03-24 05:03:31 [INFO] __main__ — tunnel www.speedtest.net:443 [fc8c683b]  TIMEOUT
2026-03-24 05:03:31 [INFO] __main__ — tunnel www.speedtest.net:443 [3ceb92af]  TIMEOUT
2026-03-24 05:03:31 [INFO] __main__ — tunnel api.github.com:443 [123c51a0]  TIMEOUT
2026-03-24 05:03:31 [INFO] __main__ — SOCKS5 → api.github.com:443
2026-03-24 05:03:31 [DEBUG] __main__ — [transport:acc2] text-send  len=89  action=connect  ms=38
2026-03-24 05:03:34 [DEBUG] __main__ — [7317f68c] -> #6  35B  seq=5
2026-03-24 05:03:34 [DEBUG] __main__ — [transport:acc2] text-send  len=114  action=data  ms=39
2026-03-24 05:03:34 [DEBUG] __main__ — [transport:acc2] got nack ms=38..38
2026-03-24 05:03:34 [DEBUG] __main__ — [transport:acc2] retransmit ms=38
2026-03-24 05:03:35 [DEBUG] __main__ — [transport:acc2] dup ms=20, skip
2026-03-24 05:03:36 [INFO] __main__ — SOCKS5 → go-updater.brave.com:443
2026-03-24 05:03:36 [DEBUG] __main__ — [transport:acc1] text-send  len=95  action=connect  ms=43
2026-03-24 05:03:36 [DEBUG] __main__ — [transport:acc1] got nack ms=15..42
2026-03-24 05:03:36 [DEBUG] __main__ — [transport:acc1] retransmit ms=15
2026-03-24 05:03:36 [DEBUG] __main__ — [transport:acc1] retransmit ms=16
2026-03-24 05:03:36 [DEBUG] __main__ — [transport:acc1] retransmit ms=17
2026-03-24 05:03:36 [DEBUG] __main__ — [transport:acc1] retransmit ms=18
2026-03-24 05:03:36 [DEBUG] __main__ — [transport:acc1] retransmit ms=19
2026-03-24 05:03:36 [DEBUG] __main__ — [transport:acc1] retransmit ms=20
2026-03-24 05:03:36 [DEBUG] __main__ — [transport:acc1] retransmit ms=21
2026-03-24 05:03:36 [DEBUG] __main__ — [transport:acc1] retransmit ms=22
2026-03-24 05:03:36 [DEBUG] __main__ — [transport:acc1] retransmit ms=23
2026-03-24 05:03:36 [DEBUG] __main__ — [transport:acc1] retransmit ms=24
2026-03-24 05:03:36 [DEBUG] __main__ — [transport:acc1] retransmit ms=25
2026-03-24 05:03:36 [DEBUG] __main__ — [transport:acc1] retransmit ms=26
2026-03-24 05:03:36 [DEBUG] __main__ — [transport:acc1] retransmit ms=27
2026-03-24 05:03:36 [DEBUG] __main__ — [transport:acc1] retransmit ms=28
2026-03-24 05:03:36 [DEBUG] __main__ — [transport:acc1] retransmit ms=29
2026-03-24 05:03:36 [DEBUG] __main__ — [transport:acc1] retransmit ms=30
2026-03-24 05:03:36 [DEBUG] __main__ — [transport:acc1] retransmit ms=31
2026-03-24 05:03:36 [DEBUG] __main__ — [transport:acc1] retransmit ms=32
2026-03-24 05:03:36 [DEBUG] __main__ — [transport:acc1] retransmit ms=33
2026-03-24 05:03:36 [DEBUG] __main__ — [transport:acc1] retransmit ms=34
2026-03-24 05:03:36 [DEBUG] __main__ — [transport:acc1] retransmit ms=35
2026-03-24 05:03:36 [DEBUG] __main__ — [transport:acc1] retransmit ms=36
2026-03-24 05:03:36 [DEBUG] __main__ — [transport:acc1] retransmit ms=37
2026-03-24 05:03:36 [DEBUG] __main__ — [transport:acc1] retransmit ms=38
2026-03-24 05:03:36 [DEBUG] __main__ — [transport:acc1] retransmit ms=39
2026-03-24 05:03:36 [DEBUG] __main__ — [transport:acc1] retransmit ms=40
2026-03-24 05:03:36 [DEBUG] __main__ — [transport:acc1] retransmit ms=41
2026-03-24 05:03:36 [DEBUG] __main__ — [transport:acc1] retransmit ms=42
2026-03-24 05:03:39 [DEBUG] __main__ — [7317f68c] -> #7  51B  seq=6
2026-03-24 05:03:39 [DEBUG] __main__ — [transport:acc1] text-send  len=134  action=data  ms=44
2026-03-24 05:03:39 [DEBUG] __main__ — [7317f68c] local EOF
2026-03-24 05:03:39 [DEBUG] __main__ — [transport:acc1] text-send  len=65  action=close  ms=45
2026-03-24 05:03:39 [INFO] __main__ — DONE eppo-proxy.phantom.app:443 [7317f68c] | ↑3092B/7f (0.0 КБ/с)  ↓41793B/18f (0.5 КБ/с)  74.5s
2026-03-24 05:03:39 [DEBUG] __main__ — [8f21b0ef] -> #5  51B  seq=4
2026-03-24 05:03:39 [INFO] __main__ — SOCKS5 → blowfish-blocklist-proxy.phantom.app:443
2026-03-24 05:03:39 [DEBUG] __main__ — [transport:acc1] text-send  len=134  action=data  ms=46
2026-03-24 05:03:39 [DEBUG] __main__ — [transport:acc2] text-send  len=111  action=connect  ms=40
2026-03-24 05:03:39 [DEBUG] __main__ — [8f21b0ef] local EOF
2026-03-24 05:03:39 [DEBUG] __main__ — [transport:acc2] text-send  len=65  action=close  ms=41
2026-03-24 05:03:39 [INFO] __main__ — DONE blowfish-blocklist-proxy.phantom.app:443 [8f21b0ef] | ↑3206B/5f (0.0 КБ/с)  ↓4347B/4f (0.1 КБ/с)  74.7s
2026-03-24 05:03:40 [DEBUG] __main__ — [transport:acc2] dup ms=21, skip
2026-03-24 05:03:40 [DEBUG] __main__ — [transport:acc2] dup ms=22, skip
2026-03-24 05:03:41 [INFO] __main__ — tunnel 188.40.167.82:443 [6715f14d]  TIMEOUT
2026-03-24 05:03:41 [DEBUG] __main__ — [transport:acc2] dup ms=24, skip
2026-03-24 05:03:41 [INFO] __main__ — tunnel detectportal.brave-http-only.com:80 [2b7d5f79]  TIMEOUT
2026-03-24 05:03:41 [INFO] __main__ — tunnel api.suiet.app:443 [ab7badf2]  TIMEOUT
2026-03-24 05:03:41 [INFO] __main__ — SOCKS5 → api.suiet.app:443
2026-03-24 05:03:41 [DEBUG] __main__ — [transport:acc1] text-send  len=88  action=connect  ms=47
2026-03-24 05:03:42 [INFO] __main__ — tunnel whatismyipaddress.com:443 [914ce6e9]  TIMEOUT
2026-03-24 05:03:42 [INFO] __main__ — SOCKS5 → whatismyipaddress.com:443
2026-03-24 05:03:42 [DEBUG] __main__ — [transport:acc2] text-send  len=96  action=connect  ms=42
2026-03-24 05:03:43 [DEBUG] __main__ — [transport:acc2] dup ms=25, skip
2026-03-24 05:03:45 [DEBUG] __main__ — [transport:acc2] dup ms=26, skip
2026-03-24 05:03:45 [DEBUG] __main__ — [transport:acc2] dup ms=27, skip
2026-03-24 05:03:46 [DEBUG] __main__ — [transport:acc2] dup ms=30, skip
2026-03-24 05:03:46 [INFO] __main__ — tunnel api.github.com:443 [3d1990fa]  TIMEOUT
2026-03-24 05:03:49 [DEBUG] __main__ — [transport:acc2] keepalive sent
2026-03-24 05:03:49 [DEBUG] __main__ — [transport:acc1] keepalive sent
2026-03-24 05:03:50 [ERROR] asyncio — Unclosed client session
client_session: <aiohttp.client.ClientSession object at 0x7b8662e50c10>
2026-03-24 05:03:50 [ERROR] asyncio — Unclosed client session
client_session: <aiohttp.client.ClientSession object at 0x7b8662e167a0>
