2026-03-24 12:27:24 [INFO] __main__ — SOCKS5 запущен  127.0.0.1:1080  chat_id=0  transports=2
2026-03-24 12:27:25 [INFO] __main__ — Авторизован [acc2], chatId=0 (self-chat)
2026-03-24 12:27:25 [INFO] __main__ — Авторизован [acc1], chatId=0 (self-chat)
2026-03-24 12:27:27 [INFO] __main__ — SOCKS5 → 188.40.167.82:443
2026-03-24 12:27:27 [DEBUG] __main__ — [transport:acc1] batch flush  frames=1  total=77B
2026-03-24 12:27:28 [DEBUG] __main__ — [transport:acc1] upload ok  fileId=2998970134  size=77
2026-03-24 12:27:47 [INFO] __main__ — tunnel 188.40.167.82:443 [d031c1db]  TIMEOUT
2026-03-24 12:27:48 [WARNING] __main__ — [transport:acc1] op136 timeout fileId=2998970134, sending op64 anyway
2026-03-24 12:27:48 [INFO] __main__ — SOCKS5 → 188.40.167.82:443
2026-03-24 12:27:48 [DEBUG] __main__ — [transport:acc2] batch flush  frames=1  total=77B
2026-03-24 12:27:49 [DEBUG] __main__ — [transport:acc2] upload ok  fileId=2990515864  size=77
2026-03-24 12:27:50 [DEBUG] __main__ — [transport] keepalive sent
2026-03-24 12:27:50 [DEBUG] __main__ — [transport] keepalive sent
2026-03-24 12:27:56 [ERROR] asyncio — Unclosed connector
connections: ['[(<aiohttp.client_proto.ResponseHandler object at 0x71a88cf28ee0>, 130672.367498596)]']
connector: <aiohttp.connector.TCPConnector object at 0x71a88cb589a0>
2026-03-24 12:27:56 [ERROR] asyncio — Unclosed connector
connections: ['[(<aiohttp.client_proto.ResponseHandler object at 0x71a88cb90ee0>, 130651.398134805)]']
connector: <aiohttp.connector.TCPConnector object at 0x71a88cb16830>
2026-03-24 12:27:56 [ERROR] asyncio — Fatal error on SSL transport
protocol: <asyncio.sslproto.SSLProtocol object at 0x71a88cb5a9e0>
transport: <_SelectorSocketTransport closing fd=11>
Traceback (most recent call last):
  File "/usr/lib/python3.10/asyncio/selector_events.py", line 924, in write
    n = self._sock.send(data)
OSError: [Errno 9] Bad file descriptor

During handling of the above exception, another exception occurred:

Traceback (most recent call last):
  File "/usr/lib/python3.10/asyncio/sslproto.py", line 690, in _process_write_backlog
    self._transport.write(chunk)
  File "/usr/lib/python3.10/asyncio/selector_events.py", line 930, in write
    self._fatal_error(exc, 'Fatal write error on socket transport')
  File "/usr/lib/python3.10/asyncio/selector_events.py", line 725, in _fatal_error
    self._force_close(exc)
  File "/usr/lib/python3.10/asyncio/selector_events.py", line 737, in _force_close
    self._loop.call_soon(self._call_connection_lost, exc)
  File "/usr/lib/python3.10/asyncio/base_events.py", line 753, in call_soon
    self._check_closed()
  File "/usr/lib/python3.10/asyncio/base_events.py", line 515, in _check_closed
    raise RuntimeError('Event loop is closed')
RuntimeError: Event loop is closed
