2026-03-24 00:44:23 [INFO] __main__ — SOCKS5 запущен  127.0.0.1:1080  chat_id=0  transports=2
2026-03-24 00:44:24 [INFO] __main__ — Авторизован [acc1], chatId=0 (self-chat)
2026-03-24 00:44:24 [INFO] __main__ — Авторизован [acc2], chatId=0 (self-chat)
2026-03-24 00:44:26 [INFO] __main__ — SOCKS5 → 188.40.167.82:443
2026-03-24 00:44:26 [DEBUG] __main__ — [transport:acc1] batch flush  frames=1  total=77B
2026-03-24 00:44:27 [DEBUG] __main__ — [transport:acc1] upload ok  fileId=2988987246  size=77
2026-03-24 00:44:27 [DEBUG] __main__ — [transport] msg-event op=64 cmd=1 chat=0 attaches=1
2026-03-24 00:44:27 [DEBUG] __main__ — [transport] attach full={'_type': 'FILE', 'name': 'OUT_data.bin', 'size': 77, 'fileId': 2988987246, 'token': 'f9LHodD0cOJ8mDb38qzwkdT87RkJU6nBZqwK5caavhFsglTozUQXULD7W9PeEX0DbgYYrN75kh37iSCuJ-W8'}
2026-03-24 00:44:27 [DEBUG] __main__ — [transport:acc1] пропускаем свой исходящий файл fileId=2988987246
2026-03-24 00:44:29 [DEBUG] __main__ — [transport] msg-event op=128 cmd=0 chat=0 attaches=1
2026-03-24 00:44:29 [DEBUG] __main__ — [transport] attach full={'_type': 'FILE', 'name': 'data.bin', 'size': 53, 'fileId': 2992334138, 'token': 'f9LHodD0cOKf-pzYxEzkuOiwsrFMt_KAR7_2PZ2HiCGYSNbW0CCDJdkuLEXKw53Xz9IIpTCRC4_sHoTsVvCa'}
2026-03-24 00:44:29 [DEBUG] __main__ — [transport] op88 fileId=2992334138 url=https://fd.oneme.ru/getfile?sig=ZJElXh3Tk4fzPzZgFfSilkKzXTbjZYdLiayj52Ns_ppdNSF2npgvjUNqNfjLlTgUzsnyhw-Vt9H0KZVfmABSQQ&expires=1774395869500&clientType=6&id=2992334138&userId=240876353
2026-03-24 00:44:29 [DEBUG] __main__ — [transport:acc1] recv_file  fileId=2992334138  frames=1
2026-03-24 00:44:29 [DEBUG] __main__ — [ececf870] <- ok
2026-03-24 00:44:29 [INFO] __main__ — tunnel 188.40.167.82:443 [ececf870]  открыт за ~3036 мс
2026-03-24 00:44:29 [DEBUG] __main__ — [ececf870] -> #1  517B  seq=0
2026-03-24 00:44:29 [DEBUG] __main__ — [transport:acc1] batch flush  frames=1  total=565B
2026-03-24 00:44:30 [DEBUG] __main__ — [transport:acc1] upload ok  fileId=2992334394  size=565
2026-03-24 00:44:30 [DEBUG] __main__ — [transport] msg-event op=64 cmd=1 chat=0 attaches=1
2026-03-24 00:44:30 [DEBUG] __main__ — [transport] attach full={'_type': 'FILE', 'name': 'OUT_data.bin', 'size': 565, 'fileId': 2992334394, 'token': 'f9LHodD0cOLskP7PcKddBBUoRBPSo4ojva3bDMUFisVN_pjEC-BMK22CdGxZE47_FjC-bq1eFAHJrvQDaRLs'}
2026-03-24 00:44:30 [DEBUG] __main__ — [transport:acc1] пропускаем свой исходящий файл fileId=2992334394
2026-03-24 00:44:31 [DEBUG] __main__ — [transport] msg-event op=128 cmd=0 chat=0 attaches=1
2026-03-24 00:44:31 [DEBUG] __main__ — [transport] attach full={'_type': 'FILE', 'name': 'data.bin', 'size': 3197, 'fileId': 2987167933, 'token': 'f9LHodD0cOJ72Bt_XbfNESJroD9-m7pDduPiMQ3kXW2BB5LB_k13sXD4_tHGBxrTXrUZOoi5gwsC4LqkzGHU'}
2026-03-24 00:44:31 [DEBUG] __main__ — [transport] op88 fileId=2987167933 url=https://fd.oneme.ru/getfile?sig=rv-HT73UDjXXn6ld33LRBvXzZwdwV4Hf4N4yNjGqOPxUkupmKNHplq3lKweCrSXzsjnoqTbHe8QLC9eojPinQQ&expires=1774395871576&clientType=6&id=2987167933&userId=240876353
2026-03-24 00:44:31 [DEBUG] __main__ — [transport:acc1] recv_file  fileId=2987167933  frames=1
2026-03-24 00:44:31 [DEBUG] __main__ — [ececf870] <- data #1  3134B  seq=0  (rx=3134B)
2026-03-24 00:44:31 [DEBUG] __main__ — [ececf870] -> #2  266B  seq=1
2026-03-24 00:44:31 [DEBUG] __main__ — [transport:acc2] batch flush  frames=1  total=314B
2026-03-24 00:44:32 [DEBUG] __main__ — [transport:acc2] upload ok  fileId=2993795655  size=314
2026-03-24 00:44:32 [DEBUG] __main__ — [transport] msg-event op=64 cmd=1 chat=0 attaches=1
2026-03-24 00:44:32 [DEBUG] __main__ — [transport] attach full={'_type': 'FILE', 'name': 'OUT_data.bin', 'size': 314, 'fileId': 2993795655, 'token': 'f9LHodD0cOJKj5T08L-h4u7pj4yjRIbn16i7k8TaB460KrozWxWAI8wL1RAPN6dVZRb34cwh9aqxe9wxqoKe'}
2026-03-24 00:44:32 [DEBUG] __main__ — [transport:acc2] пропускаем свой исходящий файл fileId=2993795655
2026-03-24 00:44:34 [DEBUG] __main__ — [transport] msg-event op=128 cmd=0 chat=0 attaches=1
2026-03-24 00:44:34 [DEBUG] __main__ — [transport] attach full={'_type': 'FILE', 'name': 'data.bin', 'size': 807, 'fileId': 2987915477, 'token': 'f9LHodD0cOK4pkhi0lR270XGm_D3iLD_mD0z7ZacCXcbmd6w-OQSOyQpcChFnIN59fP5B-WNUhWW6dt0hlTZ'}
2026-03-24 00:44:34 [DEBUG] __main__ — [transport] op88 fileId=2987915477 url=https://fd.oneme.ru/getfile?sig=Sj-rn81azNr0UEEoUHRFDwAgIkvJSKw36LH1ov1M5mI4cxbnsn2xEtscJjB9pwWUD3LMDIFJQn_TK68kcAO1Pg&expires=1774395874489&clientType=6&id=2987915477&userId=240002558
2026-03-24 00:44:35 [DEBUG] __main__ — [transport:acc2] recv_file  fileId=2987915477  frames=1
2026-03-24 00:44:35 [DEBUG] __main__ — [ececf870] <- data #2  744B  seq=1  (rx=3878B)
2026-03-24 00:44:35 [DEBUG] __main__ — [ececf870] -> #3  55B  seq=2
2026-03-24 00:44:35 [DEBUG] __main__ — [ececf870] local EOF
2026-03-24 00:44:35 [DEBUG] __main__ — [transport:acc1] batch flush  frames=2  total=153B
2026-03-24 00:44:35 [DEBUG] __main__ — [transport:acc1] upload ok  fileId=2984986653  size=153
2026-03-24 00:44:35 [DEBUG] __main__ — [transport] msg-event op=64 cmd=1 chat=0 attaches=1
2026-03-24 00:44:35 [DEBUG] __main__ — [transport] attach full={'_type': 'FILE', 'name': 'OUT_data.bin', 'size': 153, 'fileId': 2984986653, 'token': 'f9LHodD0cOLQNVnOSNoktTx-Otaa3zcnIGONqOfZ87tjQFZGv-HwYwjysH1CXw1nB8wDBIZULzuI4KPSok5K'}
2026-03-24 00:44:35 [DEBUG] __main__ — [transport:acc1] пропускаем свой исходящий файл fileId=2984986653
2026-03-24 00:44:36 [INFO] __main__ — DONE 188.40.167.82:443 [ececf870] | ↑838B/3f (0.1 КБ/с)  ↓3878B/2f (0.6 КБ/с)  6.1s
2026-03-24 00:44:40 [INFO] __main__ — SOCKS5 → 81.19.72.34:443
2026-03-24 00:44:40 [DEBUG] __main__ — [transport:acc2] batch flush  frames=1  total=75B
2026-03-24 00:44:40 [DEBUG] __main__ — [transport:acc2] upload ok  fileId=2984544975  size=75
2026-03-24 00:44:41 [DEBUG] __main__ — [transport] msg-event op=64 cmd=1 chat=0 attaches=1
2026-03-24 00:44:41 [DEBUG] __main__ — [transport] attach full={'_type': 'FILE', 'name': 'OUT_data.bin', 'size': 75, 'fileId': 2984544975, 'token': 'f9LHodD0cOIOXPmCftX-VylBbPMUrnPfGH-LB5JniGqs3iZfzSxN_l1Zl5x0k6JTkNzNO_II42ASKzUEGCzi'}
2026-03-24 00:44:41 [DEBUG] __main__ — [transport:acc2] пропускаем свой исходящий файл fileId=2984544975
2026-03-24 00:44:42 [DEBUG] __main__ — [transport] msg-event op=128 cmd=0 chat=0 attaches=1
2026-03-24 00:44:42 [DEBUG] __main__ — [transport] attach full={'_type': 'FILE', 'name': 'data.bin', 'size': 53, 'fileId': 2987919171, 'token': 'f9LHodD0cOJkUNjiYf8FbvaZDyaLB_dXbT7lQH6a8MC4mZOgyoF0R4ZLDlpWP6jCgC-LrtW3MmsXl62MUKWP'}
2026-03-24 00:44:42 [DEBUG] __main__ — [transport] op88 fileId=2987919171 url=https://fd.oneme.ru/getfile?sig=xni5y6YGcr1-l5tHrCL_CigXnCTewykH5XfiZPsj7vsqi8TkMluRGOHs_qKi3jqmqRl_tj0DKoqPLf2iMCuzgA&expires=1774395882230&clientType=6&id=2987919171&userId=240002558
2026-03-24 00:44:42 [DEBUG] __main__ — [transport:acc2] recv_file  fileId=2987919171  frames=1
2026-03-24 00:44:42 [DEBUG] __main__ — [8a902b7b] <- ok
2026-03-24 00:44:42 [INFO] __main__ — tunnel 81.19.72.34:443 [8a902b7b]  открыт за ~2116 мс
2026-03-24 00:44:42 [DEBUG] __main__ — [8a902b7b] -> #1  517B  seq=0
2026-03-24 00:44:42 [DEBUG] __main__ — [transport:acc1] batch flush  frames=1  total=565B
2026-03-24 00:44:42 [DEBUG] __main__ — [transport:acc1] upload ok  fileId=2992239605  size=565
2026-03-24 00:44:43 [DEBUG] __main__ — [transport] msg-event op=64 cmd=1 chat=0 attaches=1
2026-03-24 00:44:43 [DEBUG] __main__ — [transport] attach full={'_type': 'FILE', 'name': 'OUT_data.bin', 'size': 565, 'fileId': 2992239605, 'token': 'f9LHodD0cOKVsv2KOUFOKjeeuVF-KR8ev8ZyCdz2o9Uef10mvr5uJ1WU7fmdW-Nwgs0DMDx_Zf4u0xQfQJxy'}
2026-03-24 00:44:43 [DEBUG] __main__ — [transport:acc1] пропускаем свой исходящий файл fileId=2992239605
2026-03-24 00:44:44 [DEBUG] __main__ — [transport] msg-event op=128 cmd=0 chat=0 attaches=1
2026-03-24 00:44:44 [DEBUG] __main__ — [transport] attach full={'_type': 'FILE', 'name': 'data.bin', 'size': 3802, 'fileId': 2991563566, 'token': 'f9LHodD0cOIUqzS8LWu1U9C8vrOsuautkJ9NpK3yaEXj6qumk60zy0PQRXTjrl6F7YEbk1BwWrILK_KSFDaz'}
2026-03-24 00:44:44 [DEBUG] __main__ — [transport] op88 fileId=2991563566 url=https://fd.oneme.ru/getfile?sig=qWkV4NpK2FpnkR21K84_5N44O_pa7jbG9kHub9Fdf-st-EBXHVK79BbOOvC-1T89-BY0xWx-sYnOvFEq0TenRQ&expires=1774395884814&clientType=6&id=2991563566&userId=240876353
2026-03-24 00:44:44 [DEBUG] __main__ — [transport:acc1] recv_file  fileId=2991563566  frames=1
2026-03-24 00:44:44 [DEBUG] __main__ — [8a902b7b] <- data #1  3739B  seq=0  (rx=3739B)
2026-03-24 00:44:45 [DEBUG] __main__ — [8a902b7b] -> #2  93B  seq=1
2026-03-24 00:44:45 [DEBUG] __main__ — [transport:acc2] batch flush  frames=1  total=141B
2026-03-24 00:44:45 [DEBUG] __main__ — [transport:acc2] upload ok  fileId=2982509584  size=141
2026-03-24 00:44:45 [DEBUG] __main__ — [transport] msg-event op=64 cmd=1 chat=0 attaches=1
2026-03-24 00:44:45 [DEBUG] __main__ — [transport] attach full={'_type': 'FILE', 'name': 'OUT_data.bin', 'size': 141, 'fileId': 2982509584, 'token': 'f9LHodD0cOIsOVYYUwmgFKp24OzmzEMN4pq2RnCqZCy7d1YiXyTccEGOg-8T3FMeLepzK3KIQ7DisMiQTRH2'}
2026-03-24 00:44:45 [DEBUG] __main__ — [transport:acc2] пропускаем свой исходящий файл fileId=2982509584
2026-03-24 00:44:46 [DEBUG] __main__ — [transport] msg-event op=128 cmd=0 chat=0 attaches=1
2026-03-24 00:44:46 [DEBUG] __main__ — [transport] attach full={'_type': 'FILE', 'name': 'data.bin', 'size': 183, 'fileId': 2991661296, 'token': 'f9LHodD0cOK8DUR-d1h3_twY6hQ5NcMoVzpsI7unrjkCBXGpRGUzWVE3mtNE61ibtB_8TGVMJw9ClR_8_iro'}
2026-03-24 00:44:47 [DEBUG] __main__ — [transport] op88 fileId=2991661296 url=https://fd.oneme.ru/getfile?sig=6FPjMw0wE1RiQqpHKTaxKjQA2dhp47cGbOSnTJ0xkjcK83B3cimHuSJxGb9Y8HwPw9gf71_R1dsUDPnwGyBFZA&expires=1774395886952&clientType=6&id=2991661296&userId=240002558
2026-03-24 00:44:47 [DEBUG] __main__ — [transport:acc2] recv_file  fileId=2991661296  frames=1
2026-03-24 00:44:47 [DEBUG] __main__ — [8a902b7b] <- data #2  120B  seq=1  (rx=3859B)
2026-03-24 00:44:47 [DEBUG] __main__ — [8a902b7b] -> #3  253B  seq=2
2026-03-24 00:44:47 [DEBUG] __main__ — [transport:acc1] batch flush  frames=1  total=301B
2026-03-24 00:44:47 [DEBUG] __main__ — [transport:acc1] upload ok  fileId=2979916908  size=301
2026-03-24 00:44:47 [DEBUG] __main__ — [transport] msg-event op=64 cmd=1 chat=0 attaches=1
2026-03-24 00:44:47 [DEBUG] __main__ — [transport] attach full={'_type': 'FILE', 'name': 'OUT_data.bin', 'size': 301, 'fileId': 2979916908, 'token': 'f9LHodD0cOKDutpetA4DcokS-eDGpNTjnnyCSFtvzOGOIf9jqsv5ug72rsWw7icKbfKjldfVtLSvsiN_oUl0'}
2026-03-24 00:44:47 [DEBUG] __main__ — [transport:acc1] пропускаем свой исходящий файл fileId=2979916908
2026-03-24 00:44:48 [DEBUG] __main__ — [transport] msg-event op=128 cmd=0 chat=0 attaches=1
2026-03-24 00:44:48 [DEBUG] __main__ — [transport] attach full={'_type': 'FILE', 'name': 'data.bin', 'size': 13922, 'fileId': 2994529166, 'token': 'f9LHodD0cOLh53ouU4tKLO3OAMQiM5K8IbZIybzgqciG2RXAABqTjjR0BxwCA59B-oTfFiWzuwlf0GahCeAY'}
2026-03-24 00:44:49 [DEBUG] __main__ — [transport] op88 fileId=2994529166 url=https://fd.oneme.ru/getfile?sig=wxYVGnzQHMuRjv1NgoE0qnYHvjaaD-waXmEcOn4l3BZFYN5BrZas7CqZLjU-hds4BprByRryaICmnyKVsktouQ&expires=1774395889011&clientType=6&id=2994529166&userId=240876353
2026-03-24 00:44:49 [DEBUG] __main__ — [transport] msg-event op=128 cmd=0 chat=0 attaches=1
2026-03-24 00:44:49 [DEBUG] __main__ — [transport] attach full={'_type': 'FILE', 'name': 'data.bin', 'size': 23231, 'fileId': 2990940875, 'token': 'f9LHodD0cOL9xOwTymUlHowICb82Q2GFijelzgjLT6_-p6LhbVNV6idjOwyveu6tWcX6NqFG9CFYpE_kl0XZ'}
2026-03-24 00:44:49 [DEBUG] __main__ — [transport] keepalive sent
2026-03-24 00:44:49 [DEBUG] __main__ — [transport] keepalive sent
2026-03-24 00:44:49 [DEBUG] __main__ — [transport] op88 fileId=2990940875 url=https://fd.oneme.ru/getfile?sig=3kgVYkc7DdhteXhR8W2RWd9__Vt_nvoXwaxzBDwKg2PZ29kCuYijTVDIWZjZ63iMlwg63DNdVC4Mlush3dc85g&expires=1774395889347&clientType=6&id=2990940875&userId=240002558
2026-03-24 00:44:49 [DEBUG] __main__ — [transport:acc1] recv_file  fileId=2994529166  frames=1
2026-03-24 00:44:49 [DEBUG] __main__ — [8a902b7b] <- data #3  13859B  seq=2  (rx=17718B)
2026-03-24 00:44:49 [DEBUG] __main__ — [transport:acc2] recv_file  fileId=2990940875  frames=1
2026-03-24 00:44:49 [DEBUG] __main__ — [8a902b7b] <- data #4  23168B  seq=3  (rx=40886B)
2026-03-24 00:44:49 [DEBUG] __main__ — [transport] msg-event op=128 cmd=0 chat=0 attaches=1
2026-03-24 00:44:49 [DEBUG] __main__ — [transport] attach full={'_type': 'FILE', 'name': 'data.bin', 'size': 37711, 'fileId': 2988530955, 'token': 'f9LHodD0cOIiKFe-HSp0cBpEjBCyfVz1TUEADJ8M6CmVjk8Yu22xdU4B0BmsyGSnPfgmVbsF_PPyT4CgE8CS'}
2026-03-24 00:44:50 [DEBUG] __main__ — [transport] op88 fileId=2988530955 url=https://fd.oneme.ru/getfile?sig=Ey7xJw5DkX9r_HcRCuxciL96PkZOCWERz3n7Ze-DbHOU0PP3Z058gmreeZAZd6ozj0F-M2G8Gl_d1LYaVFNTUA&expires=1774395889947&clientType=6&id=2988530955&userId=240876353
2026-03-24 00:44:50 [DEBUG] __main__ — [transport] msg-event op=128 cmd=0 chat=0 attaches=1
2026-03-24 00:44:50 [DEBUG] __main__ — [transport] attach full={'_type': 'FILE', 'name': 'data.bin', 'size': 65599, 'fileId': 2993796167, 'token': 'f9LHodD0cOL476Ea22rtlnGa4tghK0WYAHd6Q4B5_9rXPntmNes0R_3LrQS8A4w3Z2GwU68RI9bzkBXPXAFn'}
2026-03-24 00:44:50 [DEBUG] __main__ — [transport] op88 fileId=2993796167 url=https://fd.oneme.ru/getfile?sig=E9VrWQ74gUxVNy_lji4zak6t444Y5On5TDiRZI9M-YlznGM7tnr-bgDGMH9JnLBCvzZnagmFjEC4kkf0cueW6A&expires=1774395890081&clientType=6&id=2993796167&userId=240002558
2026-03-24 00:44:50 [DEBUG] __main__ — [transport:acc1] recv_file  fileId=2988530955  frames=1
2026-03-24 00:44:50 [DEBUG] __main__ — [8a902b7b] <- data #5  37648B  seq=4  (rx=78534B)
2026-03-24 00:44:50 [DEBUG] __main__ — [transport:acc2] recv_file  fileId=2993796167  frames=1
2026-03-24 00:44:50 [DEBUG] __main__ — [8a902b7b] <- data #6  65536B  seq=5  (rx=144070B)
2026-03-24 00:44:50 [DEBUG] __main__ — [transport] msg-event op=128 cmd=0 chat=0 attaches=1
2026-03-24 00:44:50 [DEBUG] __main__ — [transport] attach full={'_type': 'FILE', 'name': 'data.bin', 'size': 4254, 'fileId': 2989636781, 'token': 'f9LHodD0cOIntkWqrnwDAnaKLbCmgqnjpWt-Oj1T5VbfglGgiYqyq6Hjfaq8ixRuUbo5nTQ-XR9diLIdjufO'}
2026-03-24 00:44:50 [DEBUG] __main__ — [transport] op88 fileId=2989636781 url=https://fd.oneme.ru/getfile?sig=N6MkPwrkQSNxBa18p_k7l_3WGlBnJLjx2eOnKzEkjO0ji3sHt6iumGa1XOveRvuOsEvSbeG3EefsLnjihxnEgA&expires=1774395890878&clientType=6&id=2989636781&userId=240876353
2026-03-24 00:44:51 [DEBUG] __main__ — [transport:acc1] recv_file  fileId=2989636781  frames=1
2026-03-24 00:44:51 [DEBUG] __main__ — [8a902b7b] <- data #7  4191B  seq=6  (rx=148261B)
2026-03-24 00:44:51 [DEBUG] __main__ — [8a902b7b] -> #4  31B  seq=3
2026-03-24 00:44:51 [DEBUG] __main__ — [8a902b7b] local EOF
2026-03-24 00:44:51 [DEBUG] __main__ — [transport:acc2] batch flush  frames=2  total=129B
2026-03-24 00:44:51 [DEBUG] __main__ — [transport:acc2] upload ok  fileId=2978761897  size=129
2026-03-24 00:44:51 [DEBUG] __main__ — [transport] msg-event op=64 cmd=1 chat=0 attaches=1
2026-03-24 00:44:51 [DEBUG] __main__ — [transport] attach full={'_type': 'FILE', 'name': 'OUT_data.bin', 'size': 129, 'fileId': 2978761897, 'token': 'f9LHodD0cOLWopjEOu1XCP-Nw1CLXbF69heo-5PiTuEgQh6gRBapfUfzPQeHQDgoUrK3LV1HziFbwpIfzKt6'}
2026-03-24 00:44:51 [DEBUG] __main__ — [transport:acc2] пропускаем свой исходящий файл fileId=2978761897
2026-03-24 00:44:52 [INFO] __main__ — DONE 81.19.72.34:443 [8a902b7b] | ↑894B/4f (0.1 КБ/с)  ↓148261B/7f (15.5 КБ/с)  9.3s
2026-03-24 00:45:14 [DEBUG] __main__ — [transport] keepalive sent
2026-03-24 00:45:14 [DEBUG] __main__ — [transport] keepalive sent
2026-03-24 00:45:39 [DEBUG] __main__ — [transport] keepalive sent
2026-03-24 00:45:39 [DEBUG] __main__ — [transport] keepalive sent
2026-03-24 00:45:49 [DEBUG] __main__ — [transport] msg-event op=128 cmd=0 chat=0 attaches=1
2026-03-24 00:45:49 [DEBUG] __main__ — [transport] attach full={'_type': 'FILE', 'name': 'data.bin', 'size': 179, 'fileId': 2991266872, 'token': 'f9LHodD0cOJW44At5Q1CC8nMNc5mgSYGVZYk24w7gBy43F4ZfS_HlIP5Rc6Wc8Ou50RraIdFoGQAOBzQuQOq'}
2026-03-24 00:45:49 [DEBUG] __main__ — [transport] op88 fileId=2991266872 url=https://fd.oneme.ru/getfile?sig=l_Ie4vIE7Anvv9RUge07Mogyig1gH_DJE6Sot9m5HnGzwjXoLKZ1UNY1oz8CQbssDjz4CXXyH9Vpp088ld-YgA&expires=1774395949726&clientType=6&id=2991266872&userId=240876353
2026-03-24 00:45:50 [DEBUG] __main__ — [transport:acc1] recv_file  fileId=2991266872  frames=2
2026-03-24 00:45:50 [DEBUG] __main__ — [ececf870] <- data #1  63B  seq=2  (rx=63B)
2026-03-24 00:45:50 [DEBUG] __main__ — [ececf870] <- closed by server
2026-03-24 00:46:04 [DEBUG] __main__ — [transport] keepalive sent
2026-03-24 00:46:04 [DEBUG] __main__ — [transport] keepalive sent
2026-03-24 00:46:29 [DEBUG] __main__ — [transport] keepalive sent
2026-03-24 00:46:29 [DEBUG] __main__ — [transport] keepalive sent
2026-03-24 00:46:54 [DEBUG] __main__ — [transport] keepalive sent
2026-03-24 00:46:54 [DEBUG] __main__ — [transport] keepalive sent
2026-03-24 00:47:19 [DEBUG] __main__ — [transport] keepalive sent
2026-03-24 00:47:19 [DEBUG] __main__ — [transport] keepalive sent
2026-03-24 00:47:44 [DEBUG] __main__ — [transport] keepalive sent
2026-03-24 00:47:44 [DEBUG] __main__ — [transport] keepalive sent
2026-03-24 00:48:09 [DEBUG] __main__ — [transport] keepalive sent
2026-03-24 00:48:09 [DEBUG] __main__ — [transport] keepalive sent
2026-03-24 00:48:34 [DEBUG] __main__ — [transport] keepalive sent
2026-03-24 00:48:34 [DEBUG] __main__ — [transport] keepalive sent
2026-03-24 00:48:59 [DEBUG] __main__ — [transport] keepalive sent
2026-03-24 00:48:59 [DEBUG] __main__ — [transport] keepalive sent
2026-03-24 00:49:24 [DEBUG] __main__ — [transport] keepalive sent
2026-03-24 00:49:24 [DEBUG] __main__ — [transport] keepalive sent
2026-03-24 00:49:49 [DEBUG] __main__ — [transport] keepalive sent
2026-03-24 00:49:49 [DEBUG] __main__ — [transport] keepalive sent
2026-03-24 00:50:14 [DEBUG] __main__ — [transport] keepalive sent
2026-03-24 00:50:14 [DEBUG] __main__ — [transport] keepalive sent
2026-03-24 00:50:39 [DEBUG] __main__ — [transport] keepalive sent
2026-03-24 00:50:39 [DEBUG] __main__ — [transport] keepalive sent
2026-03-24 00:51:04 [DEBUG] __main__ — [transport] keepalive sent
2026-03-24 00:51:04 [DEBUG] __main__ — [transport] keepalive sent
2026-03-24 00:51:29 [DEBUG] __main__ — [transport] keepalive sent
2026-03-24 00:51:29 [DEBUG] __main__ — [transport] keepalive sent
2026-03-24 00:51:54 [DEBUG] __main__ — [transport] keepalive sent
2026-03-24 00:51:54 [DEBUG] __main__ — [transport] keepalive sent
2026-03-24 00:52:19 [DEBUG] __main__ — [transport] keepalive sent
2026-03-24 00:52:19 [DEBUG] __main__ — [transport] keepalive sent
2026-03-24 00:52:44 [DEBUG] __main__ — [transport] keepalive sent
2026-03-24 00:52:44 [DEBUG] __main__ — [transport] keepalive sent
2026-03-24 00:53:09 [DEBUG] __main__ — [transport] keepalive sent
2026-03-24 00:53:09 [DEBUG] __main__ — [transport] keepalive sent
2026-03-24 00:53:34 [DEBUG] __main__ — [transport] keepalive sent
2026-03-24 00:53:34 [DEBUG] __main__ — [transport] keepalive sent
2026-03-24 00:53:59 [DEBUG] __main__ — [transport] keepalive sent
2026-03-24 00:53:59 [DEBUG] __main__ — [transport] keepalive sent
2026-03-24 00:54:24 [DEBUG] __main__ — [transport] keepalive sent
2026-03-24 00:54:24 [DEBUG] __main__ — [transport] keepalive sent
2026-03-24 00:54:49 [DEBUG] __main__ — [transport] keepalive sent
2026-03-24 00:54:49 [DEBUG] __main__ — [transport] keepalive sent
2026-03-24 00:55:14 [DEBUG] __main__ — [transport] keepalive sent
2026-03-24 00:55:14 [DEBUG] __main__ — [transport] keepalive sent
2026-03-24 00:55:32 [ERROR] asyncio — Unclosed client session
client_session: <aiohttp.client.ClientSession object at 0x758e90b12860>
2026-03-24 00:55:32 [ERROR] asyncio — Unclosed client session
client_session: <aiohttp.client.ClientSession object at 0x758e90b549d0>
