2026-03-24 12:27:57 [INFO] __main__ — SOCKS5 запущен  127.0.0.1:1080  chat_id=0  transports=2
2026-03-24 12:27:58 [INFO] __main__ — SOCKS5 → 188.40.167.82:443
2026-03-24 12:27:58 [DEBUG] __main__ — [transport:acc1] batch flush  frames=1  total=77B
2026-03-24 12:27:58 [INFO] __main__ — Авторизован [acc1], chatId=0 (self-chat)
2026-03-24 12:27:58 [INFO] __main__ — Авторизован [acc2], chatId=0 (self-chat)
2026-03-24 12:27:58 [DEBUG] __main__ — [transport:acc1] upload ok  fileId=3000430871  size=77
2026-03-24 12:28:18 [INFO] __main__ — tunnel 188.40.167.82:443 [33f1e7ef]  TIMEOUT
2026-03-24 12:28:18 [WARNING] __main__ — [transport:acc1] op136 timeout fileId=3000430871, sending op64 anyway
2026-03-24 12:28:23 [ERROR] asyncio — Unclosed client session
client_session: <aiohttp.client.ClientSession object at 0x7eddcbe50c40>
2026-03-24 12:28:23 [ERROR] asyncio — Fatal error on SSL transport
protocol: <asyncio.sslproto.SSLProtocol object at 0x7eddcbe52a70>
transport: <_SelectorSocketTransport closing fd=11>
Traceback (most recent call last):
  File "/usr/lib/python3.10/asyncio/selector_events.py", line 924, in write
    n = self._sock.send(data)
OSError: [Errno 9] Bad file descriptor

During handling of the above exception, another exception occurred:

Traceback (most recent call last):
  File "/usr/lib/python3.10/asyncio/sslproto.py", line 690, in _process_write_backlog
    self._transport.write(chunk)
  File "/usr/lib/python3.10/asyncio/selector_events.py", line 930, in write
    self._fatal_error(exc, 'Fatal write error on socket transport')
  File "/usr/lib/python3.10/asyncio/selector_events.py", line 725, in _fatal_error
    self._force_close(exc)
  File "/usr/lib/python3.10/asyncio/selector_events.py", line 737, in _force_close
    self._loop.call_soon(self._call_connection_lost, exc)
  File "/usr/lib/python3.10/asyncio/base_events.py", line 753, in call_soon
    self._check_closed()
  File "/usr/lib/python3.10/asyncio/base_events.py", line 515, in _check_closed
    raise RuntimeError('Event loop is closed')
RuntimeError: Event loop is closed
2026-03-24 12:28:23 [ERROR] asyncio — Unclosed connector
connections: ['[(<aiohttp.client_proto.ResponseHandler object at 0x7eddcbf88e80>, 130681.747428324)]']
connector: <aiohttp.connector.TCPConnector object at 0x7eddcbf62530>
