2026-03-24 12:01:00 [INFO] __main__ — MAX Proxy SERVER запущен  viewer_id=240876353  transports=2
2026-03-24 12:01:00 [INFO] __main__ — Восстановлено 1 сессий из sessions.json
2026-03-24 12:01:00 [INFO] __main__ — [proxy:self-chat] WS подключение (chat_id=0, transports=2)
2026-03-24 12:01:01 [INFO] __main__ — [poll] активных ссылок: 1
2026-03-24 12:01:01 [INFO] __main__ — Авторизован [acc1#ws1], chatId=0 (self-chat)
2026-03-24 12:01:01 [INFO] __main__ — [acc1#ws1] подключён
2026-03-24 12:01:01 [INFO] __main__ — Авторизован [acc1#ws2], chatId=0 (self-chat)
2026-03-24 12:01:01 [INFO] __main__ — [acc1#ws2] подключён
2026-03-24 12:01:01 [INFO] __main__ — Авторизован [acc2#ws2], chatId=0 (self-chat)
2026-03-24 12:01:01 [INFO] __main__ — [acc2#ws2] подключён
2026-03-24 12:01:01 [INFO] __main__ — Авторизован [acc2#ws0], chatId=0 (self-chat)
2026-03-24 12:01:01 [INFO] __main__ — [acc2#ws0] подключён
2026-03-24 12:01:01 [INFO] __main__ — Авторизован [acc1#ws0], chatId=0 (self-chat)
2026-03-24 12:01:01 [INFO] __main__ — [acc1#ws0] подключён
2026-03-24 12:01:01 [INFO] __main__ — Авторизован [acc2#ws1], chatId=0 (self-chat)
2026-03-24 12:01:01 [INFO] __main__ — [acc2#ws1] подключён
2026-03-24 12:01:25 [INFO] __main__ — [proxy:self-chat] остановлен
2026-03-24 12:01:25 [ERROR] asyncio — Unclosed client session
client_session: <aiohttp.client.ClientSession object at 0x7af555c0fa90>
2026-03-24 12:01:25 [ERROR] asyncio — Unclosed client session
client_session: <aiohttp.client.ClientSession object at 0x7af555c0fd30>
