2026-03-24 11:26:03 [INFO] __main__ — MAX Proxy SERVER запущен  viewer_id=240876353  transports=2
2026-03-24 11:26:03 [INFO] __main__ — Восстановлено 1 сессий из sessions.json
2026-03-24 11:26:03 [INFO] __main__ — [proxy:self-chat] WS подключение (chat_id=0, transports=2)
2026-03-24 11:26:04 [INFO] __main__ — [poll] активных ссылок: 1
2026-03-24 11:26:04 [INFO] __main__ — Авторизован [server:acc2], chatId=0
2026-03-24 11:26:05 [INFO] __main__ — Авторизован [server:acc1], chatId=0
2026-03-24 11:26:11 [DEBUG] __main__ — [transport:acc1] text-recv  action=connect  id=db1dc30b
2026-03-24 11:26:11 [INFO] __main__ — [db1dc30b] CONNECT → 81.19.72.34:443
2026-03-24 11:26:11 [INFO] __main__ — [db1dc30b] TCP connected → 81.19.72.34:443  (1 мс)
2026-03-24 11:26:11 [DEBUG] __main__ — [transport:acc1] ctrl-send  len=48  action=ok  ms=0
2026-03-24 11:26:11 [DEBUG] __main__ — [transport:acc1] text-recv  action=data  id=db1dc30b
2026-03-24 11:26:11 [DEBUG] __main__ — [db1dc30b] <- data #1  517B  seq=0
2026-03-24 11:26:11 [DEBUG] __main__ — [db1dc30b] -> #1  3739B  seq=0
2026-03-24 11:26:11 [DEBUG] __main__ — [transport:acc1] file-send  size=3794  action=data  seq=0  prio=0
2026-03-24 11:26:12 [DEBUG] __main__ — [transport:acc1] upload ok  fileId=2985208684  size=3794
2026-03-24 11:26:13 [DEBUG] __main__ — [transport:acc1] пропускаем свой исходящий файл fileId=2985208684
2026-03-24 11:26:14 [DEBUG] __main__ — [transport:acc2] text-recv  action=data  id=db1dc30b
2026-03-24 11:26:14 [DEBUG] __main__ — [db1dc30b] <- data #2  93B  seq=1
2026-03-24 11:26:14 [DEBUG] __main__ — [db1dc30b] -> #2  120B  seq=1
2026-03-24 11:26:14 [DEBUG] __main__ — [transport:acc2] text-send  len=225  action=data  ms=0
2026-03-24 11:26:14 [DEBUG] __main__ — [transport:acc1] text-recv  action=data  id=db1dc30b
2026-03-24 11:26:14 [DEBUG] __main__ — [db1dc30b] <- data #3  53B  seq=2
2026-03-24 11:26:15 [DEBUG] __main__ — [transport:acc2] text-recv  action=data  id=db1dc30b
2026-03-24 11:26:15 [DEBUG] __main__ — [db1dc30b] <- data #4  200B  seq=3
2026-03-24 11:26:15 [DEBUG] __main__ — [db1dc30b] -> #3  2274B  seq=2
2026-03-24 11:26:15 [DEBUG] __main__ — [transport:acc1] file-send  size=2329  action=data  seq=2  prio=1
2026-03-24 11:26:15 [DEBUG] __main__ — [db1dc30b] -> #4  40544B  seq=3
2026-03-24 11:26:15 [DEBUG] __main__ — [transport:acc2] file-send  size=40599  action=data  seq=3  prio=1
2026-03-24 11:26:15 [DEBUG] __main__ — [db1dc30b] -> #5  40544B  seq=4
2026-03-24 11:26:15 [DEBUG] __main__ — [db1dc30b] -> #6  60713B  seq=5
2026-03-24 11:26:15 [DEBUG] __main__ — [transport:acc1] upload ok  fileId=2994513262  size=2329
2026-03-24 11:26:16 [DEBUG] __main__ — [transport:acc1] file-send  size=40599  action=data  seq=4  prio=1
2026-03-24 11:26:16 [DEBUG] __main__ — [transport:acc1] пропускаем свой исходящий файл fileId=2994513262
2026-03-24 11:26:16 [DEBUG] __main__ — [transport:acc2] upload ok  fileId=2984201117  size=40599
2026-03-24 11:26:16 [DEBUG] __main__ — [transport:acc1] upload ok  fileId=2987110794  size=40599
2026-03-24 11:26:16 [DEBUG] __main__ — [transport:acc2] file-send  size=60768  action=data  seq=5  prio=2
2026-03-24 11:26:16 [DEBUG] __main__ — [transport:acc2] пропускаем свой исходящий файл fileId=2984201117
2026-03-24 11:26:17 [DEBUG] __main__ — [transport:acc1] пропускаем свой исходящий файл fileId=2987110794
2026-03-24 11:26:17 [DEBUG] __main__ — [transport:acc2] upload ok  fileId=2993538152  size=60768
2026-03-24 11:26:17 [DEBUG] __main__ — [transport:acc2] пропускаем свой исходящий файл fileId=2993538152
2026-03-24 11:26:18 [DEBUG] __main__ — [transport:acc1] text-recv  action=data  id=db1dc30b
2026-03-24 11:26:18 [DEBUG] __main__ — [db1dc30b] <- data #5  31B  seq=4
2026-03-24 11:26:18 [DEBUG] __main__ — [transport:acc1] text-recv  action=close  id=db1dc30b
2026-03-24 11:26:18 [INFO] __main__ — [db1dc30b] close requested last_seq=4
2026-03-24 11:26:18 [DEBUG] __main__ — [db1dc30b] socket closed
2026-03-24 11:26:18 [DEBUG] __main__ — [db1dc30b] remote EOF
2026-03-24 11:26:18 [INFO] __main__ — [db1dc30b] pipe done | rx=0B/0f (0.0 КБ/с)  tx=0B/0f (0.0 КБ/с)  0.0s
2026-03-24 11:26:20 [DEBUG] __main__ — [transport:acc2] text-recv  action=connect  id=e724110f
2026-03-24 11:26:20 [INFO] __main__ — [e724110f] CONNECT → 81.19.72.34:443
2026-03-24 11:26:20 [INFO] __main__ — [e724110f] TCP connected → 81.19.72.34:443  (1 мс)
2026-03-24 11:26:20 [DEBUG] __main__ — [transport:acc2] ctrl-send  len=48  action=ok  ms=1
2026-03-24 11:26:21 [DEBUG] __main__ — [transport:acc1] text-recv  action=data  id=e724110f
2026-03-24 11:26:21 [DEBUG] __main__ — [e724110f] <- data #1  517B  seq=0
2026-03-24 11:26:21 [DEBUG] __main__ — [e724110f] -> #1  3741B  seq=0
2026-03-24 11:26:21 [DEBUG] __main__ — [transport:acc1] file-send  size=3796  action=data  seq=0  prio=0
2026-03-24 11:26:22 [DEBUG] __main__ — [transport:acc1] upload ok  fileId=2992215770  size=3796
2026-03-24 11:26:22 [DEBUG] __main__ — [transport:acc1] пропускаем свой исходящий файл fileId=2992215770
2026-03-24 11:26:23 [DEBUG] __main__ — [transport:acc2] text-recv  action=data  id=e724110f
2026-03-24 11:26:23 [DEBUG] __main__ — [e724110f] <- data #2  93B  seq=1
2026-03-24 11:26:23 [DEBUG] __main__ — [e724110f] -> #2  120B  seq=1
2026-03-24 11:26:23 [DEBUG] __main__ — [transport:acc2] text-send  len=225  action=data  ms=2
2026-03-24 11:26:23 [DEBUG] __main__ — [transport:acc1] text-recv  action=data  id=e724110f
2026-03-24 11:26:23 [DEBUG] __main__ — [e724110f] <- data #3  253B  seq=2
2026-03-24 11:26:23 [DEBUG] __main__ — [e724110f] -> #3  13857B  seq=2
2026-03-24 11:26:23 [DEBUG] __main__ — [transport:acc1] file-send  size=13912  action=data  seq=2  prio=1
2026-03-24 11:26:23 [DEBUG] __main__ — [e724110f] -> #4  45068B  seq=3
2026-03-24 11:26:23 [DEBUG] __main__ — [transport:acc2] file-send  size=45123  action=data  seq=3  prio=1
2026-03-24 11:26:23 [DEBUG] __main__ — [e724110f] -> #5  41812B  seq=4
2026-03-24 11:26:23 [DEBUG] __main__ — [e724110f] -> #6  42076B  seq=5
2026-03-24 11:26:23 [DEBUG] __main__ — [e724110f] -> #7  1261B  seq=6
2026-03-24 11:26:23 [DEBUG] __main__ — [transport:acc1] upload ok  fileId=2992203239  size=13912
2026-03-24 11:26:23 [DEBUG] __main__ — [transport:acc2] upload ok  fileId=2998355988  size=45123
2026-03-24 11:26:24 [DEBUG] __main__ — [transport:acc1] file-send  size=41867  action=data  seq=4  prio=1
2026-03-24 11:26:24 [DEBUG] __main__ — [transport:acc2] file-send  size=42131  action=data  seq=5  prio=2
2026-03-24 11:26:24 [DEBUG] __main__ — [transport:acc1] пропускаем свой исходящий файл fileId=2992203239
2026-03-24 11:26:24 [DEBUG] __main__ — [transport:acc2] пропускаем свой исходящий файл fileId=2998355988
2026-03-24 11:26:24 [DEBUG] __main__ — [transport:acc1] upload ok  fileId=2991940403  size=41867
2026-03-24 11:26:24 [DEBUG] __main__ — [transport:acc2] upload ok  fileId=2986571436  size=42131
2026-03-24 11:26:24 [DEBUG] __main__ — [transport:acc1] file-send  size=1316  action=data  seq=6  prio=2
2026-03-24 11:26:25 [DEBUG] __main__ — [transport:acc1] пропускаем свой исходящий файл fileId=2991940403
2026-03-24 11:26:25 [DEBUG] __main__ — [transport:acc2] пропускаем свой исходящий файл fileId=2986571436
2026-03-24 11:26:25 [DEBUG] __main__ — [transport:acc1] upload ok  fileId=2983681100  size=1316
2026-03-24 11:26:25 [DEBUG] __main__ — [transport:acc1] пропускаем свой исходящий файл fileId=2983681100
2026-03-24 11:26:25 [DEBUG] __main__ — [transport:acc2] text-recv  action=data  id=e724110f
2026-03-24 11:26:25 [DEBUG] __main__ — [e724110f] <- data #4  31B  seq=3
2026-03-24 11:26:26 [DEBUG] __main__ — [transport:acc2] text-recv  action=close  id=e724110f
2026-03-24 11:26:26 [INFO] __main__ — [e724110f] close requested last_seq=3
2026-03-24 11:26:26 [DEBUG] __main__ — [e724110f] socket closed
2026-03-24 11:26:26 [DEBUG] __main__ — [e724110f] remote EOF
2026-03-24 11:26:26 [INFO] __main__ — [e724110f] pipe done | rx=0B/0f (0.0 КБ/с)  tx=0B/0f (0.0 КБ/с)  0.0s
2026-03-24 11:26:29 [DEBUG] __main__ — [transport:server] keepalive sent
2026-03-24 11:26:30 [DEBUG] __main__ — [transport:server] keepalive sent
2026-03-24 11:26:31 [DEBUG] __main__ — [transport:acc1] text-recv  action=connect  id=953792f4
2026-03-24 11:26:31 [INFO] __main__ — [953792f4] CONNECT → 81.19.72.34:443
2026-03-24 11:26:31 [INFO] __main__ — [953792f4] TCP connected → 81.19.72.34:443  (1 мс)
2026-03-24 11:26:31 [DEBUG] __main__ — [transport:acc1] ctrl-send  len=48  action=ok  ms=1
2026-03-24 11:26:31 [DEBUG] __main__ — [transport:acc1] text-recv  action=data  id=953792f4
2026-03-24 11:26:31 [DEBUG] __main__ — [953792f4] <- data #1  517B  seq=0
2026-03-24 11:26:31 [DEBUG] __main__ — [953792f4] -> #1  3739B  seq=0
2026-03-24 11:26:31 [DEBUG] __main__ — [transport:acc1] file-send  size=3794  action=data  seq=0  prio=0
2026-03-24 11:26:31 [DEBUG] __main__ — [transport:acc1] upload ok  fileId=2995642996  size=3794
2026-03-24 11:26:32 [DEBUG] __main__ — [transport:acc1] пропускаем свой исходящий файл fileId=2995642996
2026-03-24 11:26:32 [DEBUG] __main__ — [transport:acc2] text-recv  action=data  id=953792f4
2026-03-24 11:26:32 [DEBUG] __main__ — [953792f4] <- data #2  93B  seq=1
2026-03-24 11:26:32 [DEBUG] __main__ — [953792f4] -> #2  120B  seq=1
2026-03-24 11:26:32 [DEBUG] __main__ — [transport:acc2] text-send  len=225  action=data  ms=3
2026-03-24 11:26:33 [DEBUG] __main__ — [transport:acc1] text-recv  action=data  id=953792f4
2026-03-24 11:26:33 [DEBUG] __main__ — [953792f4] <- data #3  215B  seq=2
2026-03-24 11:26:33 [DEBUG] __main__ — [953792f4] -> #3  38B  seq=2
2026-03-24 11:26:33 [DEBUG] __main__ — [transport:acc1] text-send  len=117  action=data  ms=2
2026-03-24 11:26:33 [DEBUG] __main__ — [transport:acc2] text-recv  action=data  id=953792f4
2026-03-24 11:26:33 [DEBUG] __main__ — [953792f4] <- data #4  38B  seq=3
2026-03-24 11:26:34 [DEBUG] __main__ — [953792f4] -> #4  24616B  seq=3
2026-03-24 11:26:34 [DEBUG] __main__ — [transport:acc2] file-send  size=24671  action=data  seq=3  prio=1
2026-03-24 11:26:34 [DEBUG] __main__ — [953792f4] -> #5  40724B  seq=4
2026-03-24 11:26:34 [DEBUG] __main__ — [transport:acc1] file-send  size=40779  action=data  seq=4  prio=1
2026-03-24 11:26:34 [DEBUG] __main__ — [953792f4] -> #6  40400B  seq=5
2026-03-24 11:26:34 [DEBUG] __main__ — [953792f4] -> #7  37864B  seq=6
2026-03-24 11:26:34 [DEBUG] __main__ — [953792f4] -> #8  362B  seq=7
2026-03-24 11:26:34 [DEBUG] __main__ — [transport:acc2] text-send  len=549  action=data  ms=4
2026-03-24 11:26:34 [INFO] __main__ — [poll] активных ссылок: 1
2026-03-24 11:26:34 [DEBUG] __main__ — [transport:acc2] upload ok  fileId=2997707802  size=24671
2026-03-24 11:26:34 [DEBUG] __main__ — [transport:acc1] upload ok  fileId=2994547287  size=40779
2026-03-24 11:26:35 [DEBUG] __main__ — [transport:acc1] file-send  size=37919  action=data  seq=6  prio=2
2026-03-24 11:26:35 [DEBUG] __main__ — [transport:acc2] file-send  size=40455  action=data  seq=5  prio=2
2026-03-24 11:26:35 [DEBUG] __main__ — [transport:acc1] пропускаем свой исходящий файл fileId=2994547287
2026-03-24 11:26:35 [DEBUG] __main__ — [transport:acc2] пропускаем свой исходящий файл fileId=2997707802
2026-03-24 11:26:35 [DEBUG] __main__ — [transport:acc2] upload ok  fileId=2990602740  size=40455
2026-03-24 11:26:35 [DEBUG] __main__ — [transport:acc1] upload ok  fileId=2981866999  size=37919
2026-03-24 11:26:35 [DEBUG] __main__ — [transport:acc1] пропускаем свой исходящий файл fileId=2981866999
2026-03-24 11:26:35 [DEBUG] __main__ — [transport:acc2] пропускаем свой исходящий файл fileId=2990602740
2026-03-24 11:26:36 [DEBUG] __main__ — [transport:acc1] text-recv  action=data  id=953792f4
2026-03-24 11:26:36 [DEBUG] __main__ — [953792f4] <- data #5  31B  seq=4
2026-03-24 11:26:36 [DEBUG] __main__ — [transport:acc1] text-recv  action=close  id=953792f4
2026-03-24 11:26:36 [INFO] __main__ — [953792f4] close requested last_seq=4
2026-03-24 11:26:36 [DEBUG] __main__ — [953792f4] socket closed
2026-03-24 11:26:36 [DEBUG] __main__ — [953792f4] remote EOF
2026-03-24 11:26:36 [INFO] __main__ — [953792f4] pipe done | rx=0B/0f (0.0 КБ/с)  tx=0B/0f (0.0 КБ/с)  0.0s
2026-03-24 11:26:54 [DEBUG] __main__ — [transport:server] keepalive sent
2026-03-24 11:26:55 [DEBUG] __main__ — [transport:server] keepalive sent
2026-03-24 11:27:04 [INFO] __main__ — [poll] активных ссылок: 1
2026-03-24 11:27:19 [DEBUG] __main__ — [transport:server] keepalive sent
2026-03-24 11:27:20 [DEBUG] __main__ — [transport:server] keepalive sent
2026-03-24 11:27:35 [INFO] __main__ — [poll] активных ссылок: 1
2026-03-24 11:27:44 [DEBUG] __main__ — [transport:server] keepalive sent
2026-03-24 11:27:45 [DEBUG] __main__ — [transport:server] keepalive sent
2026-03-24 11:28:05 [INFO] __main__ — [poll] активных ссылок: 1
2026-03-24 11:28:09 [DEBUG] __main__ — [transport:server] keepalive sent
2026-03-24 11:28:10 [DEBUG] __main__ — [transport:server] keepalive sent
2026-03-24 11:28:15 [DEBUG] __main__ — [transport:acc2] text-recv  action=connect  id=0396d877
2026-03-24 11:28:15 [INFO] __main__ — [0396d877] CONNECT → 81.19.72.33:443
2026-03-24 11:28:15 [INFO] __main__ — [0396d877] TCP connected → 81.19.72.33:443  (1 мс)
2026-03-24 11:28:15 [DEBUG] __main__ — [transport:acc2] ctrl-send  len=48  action=ok  ms=5
2026-03-24 11:28:16 [DEBUG] __main__ — [transport:acc1] text-recv  action=data  id=0396d877
2026-03-24 11:28:16 [DEBUG] __main__ — [0396d877] <- data #1  517B  seq=0
2026-03-24 11:28:16 [DEBUG] __main__ — [0396d877] -> #1  3741B  seq=0
2026-03-24 11:28:16 [DEBUG] __main__ — [transport:acc1] file-send  size=3796  action=data  seq=0  prio=0
2026-03-24 11:28:17 [DEBUG] __main__ — [transport:acc1] upload ok  fileId=2993656278  size=3796
2026-03-24 11:28:17 [DEBUG] __main__ — [transport:acc1] пропускаем свой исходящий файл fileId=2993656278
2026-03-24 11:28:18 [DEBUG] __main__ — [transport:acc2] text-recv  action=data  id=0396d877
2026-03-24 11:28:18 [DEBUG] __main__ — [0396d877] <- data #2  93B  seq=1
2026-03-24 11:28:18 [DEBUG] __main__ — [0396d877] -> #2  120B  seq=1
2026-03-24 11:28:18 [DEBUG] __main__ — [transport:acc2] text-send  len=225  action=data  ms=6
2026-03-24 11:28:18 [DEBUG] __main__ — [transport:acc1] text-recv  action=data  id=0396d877
2026-03-24 11:28:18 [DEBUG] __main__ — [0396d877] <- data #3  109B  seq=2
2026-03-24 11:28:19 [DEBUG] __main__ — [0396d877] -> #3  38B  seq=2
2026-03-24 11:28:19 [DEBUG] __main__ — [transport:acc1] text-send  len=117  action=data  ms=3
2026-03-24 11:28:19 [DEBUG] __main__ — [transport:acc2] text-recv  action=data  id=0396d877
2026-03-24 11:28:19 [DEBUG] __main__ — [0396d877] <- data #4  106B  seq=3
2026-03-24 11:28:19 [DEBUG] __main__ — [0396d877] -> #4  30444B  seq=3
2026-03-24 11:28:19 [DEBUG] __main__ — [transport:acc2] file-send  size=30499  action=data  seq=3  prio=1
2026-03-24 11:28:19 [DEBUG] __main__ — [0396d877] -> #5  47940B  seq=4
2026-03-24 11:28:19 [DEBUG] __main__ — [transport:acc1] file-send  size=47995  action=data  seq=4  prio=1
2026-03-24 11:28:19 [DEBUG] __main__ — [0396d877] -> #6  43344B  seq=5
2026-03-24 11:28:19 [DEBUG] __main__ — [0396d877] -> #7  22267B  seq=6
2026-03-24 11:28:19 [DEBUG] __main__ — [transport:acc1] text-recv  action=data  id=0396d877
2026-03-24 11:28:19 [DEBUG] __main__ — [0396d877] <- data #5  38B  seq=4
2026-03-24 11:28:19 [DEBUG] __main__ — [transport:acc1] upload ok  fileId=2996136270  size=47995
2026-03-24 11:28:19 [DEBUG] __main__ — [transport:acc2] upload ok  fileId=3002988046  size=30499
2026-03-24 11:28:19 [DEBUG] __main__ — [transport:acc1] file-send  size=22322  action=data  seq=6  prio=2
2026-03-24 11:28:20 [DEBUG] __main__ — [transport:acc1] пропускаем свой исходящий файл fileId=2996136270
2026-03-24 11:28:20 [DEBUG] __main__ — [transport:acc2] file-send  size=43399  action=data  seq=5  prio=2
2026-03-24 11:28:20 [DEBUG] __main__ — [transport:acc2] пропускаем свой исходящий файл fileId=3002988046
2026-03-24 11:28:20 [DEBUG] __main__ — [transport:acc1] upload ok  fileId=2993411797  size=22322
2026-03-24 11:28:20 [DEBUG] __main__ — [transport:acc2] upload ok  fileId=2991734448  size=43399
2026-03-24 11:28:21 [DEBUG] __main__ — [transport:acc1] пропускаем свой исходящий файл fileId=2993411797
2026-03-24 11:28:21 [DEBUG] __main__ — [transport:acc2] пропускаем свой исходящий файл fileId=2991734448
2026-03-24 11:28:21 [DEBUG] __main__ — [transport:acc2] text-recv  action=data  id=0396d877
2026-03-24 11:28:21 [DEBUG] __main__ — [0396d877] <- data #6  31B  seq=5
2026-03-24 11:28:21 [DEBUG] __main__ — [transport:acc2] text-recv  action=close  id=0396d877
2026-03-24 11:28:21 [INFO] __main__ — [0396d877] close requested last_seq=5
2026-03-24 11:28:21 [DEBUG] __main__ — [0396d877] socket closed
2026-03-24 11:28:21 [DEBUG] __main__ — [0396d877] remote EOF
2026-03-24 11:28:21 [INFO] __main__ — [0396d877] pipe done | rx=0B/0f (0.0 КБ/с)  tx=0B/0f (0.0 КБ/с)  0.0s
2026-03-24 11:28:27 [DEBUG] __main__ — [transport:acc1] text-recv  action=connect  id=743e0c00
2026-03-24 11:28:27 [INFO] __main__ — [743e0c00] CONNECT → 81.19.72.34:443
2026-03-24 11:28:27 [INFO] __main__ — [743e0c00] TCP connected → 81.19.72.34:443  (2 мс)
2026-03-24 11:28:27 [DEBUG] __main__ — [transport:acc1] ctrl-send  len=48  action=ok  ms=4
2026-03-24 11:28:28 [DEBUG] __main__ — [transport:acc1] text-recv  action=data  id=743e0c00
2026-03-24 11:28:28 [DEBUG] __main__ — [743e0c00] <- data #1  517B  seq=0
2026-03-24 11:28:28 [DEBUG] __main__ — [743e0c00] -> #1  3741B  seq=0
2026-03-24 11:28:28 [DEBUG] __main__ — [transport:acc1] file-send  size=3796  action=data  seq=0  prio=0
2026-03-24 11:28:28 [DEBUG] __main__ — [transport:acc1] upload ok  fileId=2997876006  size=3796
2026-03-24 11:28:29 [DEBUG] __main__ — [transport:acc1] пропускаем свой исходящий файл fileId=2997876006
2026-03-24 11:28:29 [DEBUG] __main__ — [transport:acc2] text-recv  action=data  id=743e0c00
2026-03-24 11:28:29 [DEBUG] __main__ — [743e0c00] <- data #2  93B  seq=1
2026-03-24 11:28:29 [DEBUG] __main__ — [743e0c00] -> #2  120B  seq=1
2026-03-24 11:28:29 [DEBUG] __main__ — [transport:acc2] text-send  len=225  action=data  ms=7
2026-03-24 11:28:29 [DEBUG] __main__ — [transport:acc1] text-recv  action=data  id=743e0c00
2026-03-24 11:28:29 [DEBUG] __main__ — [743e0c00] <- data #3  253B  seq=2
2026-03-24 11:28:29 [DEBUG] __main__ — [743e0c00] -> #3  3723B  seq=2
2026-03-24 11:28:29 [DEBUG] __main__ — [transport:acc1] file-send  size=3778  action=data  seq=2  prio=1
2026-03-24 11:28:29 [DEBUG] __main__ — [743e0c00] -> #4  35688B  seq=3
2026-03-24 11:28:29 [DEBUG] __main__ — [743e0c00] -> #5  512B  seq=4
2026-03-24 11:28:29 [DEBUG] __main__ — [transport:acc2] file-send  size=35743  action=data  seq=3  prio=1
2026-03-24 11:28:29 [DEBUG] __main__ — [transport:acc1] text-send  len=749  action=data  ms=5
2026-03-24 11:28:30 [DEBUG] __main__ — [743e0c00] -> #6  42028B  seq=5
2026-03-24 11:28:30 [DEBUG] __main__ — [743e0c00] -> #7  62082B  seq=6
2026-03-24 11:28:30 [DEBUG] __main__ — [transport:acc1] upload ok  fileId=2991737008  size=3778
2026-03-24 11:28:30 [DEBUG] __main__ — [transport:acc2] upload ok  fileId=2990840239  size=35743
2026-03-24 11:28:30 [DEBUG] __main__ — [transport:acc1] file-send  size=62137  action=data  seq=6  prio=2
2026-03-24 11:28:30 [DEBUG] __main__ — [transport:acc2] file-send  size=42083  action=data  seq=5  prio=2
2026-03-24 11:28:30 [DEBUG] __main__ — [transport:acc1] пропускаем свой исходящий файл fileId=2991737008
2026-03-24 11:28:30 [DEBUG] __main__ — [transport:acc2] пропускаем свой исходящий файл fileId=2990840239
2026-03-24 11:28:30 [DEBUG] __main__ — [transport:acc1] upload ok  fileId=2994624548  size=62137
2026-03-24 11:28:30 [DEBUG] __main__ — [transport:acc2] upload ok  fileId=2999195963  size=42083
2026-03-24 11:28:31 [DEBUG] __main__ — [transport:acc1] пропускаем свой исходящий файл fileId=2994624548
2026-03-24 11:28:31 [DEBUG] __main__ — [transport:acc2] пропускаем свой исходящий файл fileId=2999195963
2026-03-24 11:28:32 [DEBUG] __main__ — [transport:acc1] text-recv  action=close  id=743e0c00
2026-03-24 11:28:32 [INFO] __main__ — [743e0c00] close requested last_seq=3
2026-03-24 11:28:32 [DEBUG] __main__ — [transport:acc2] text-recv  action=data  id=743e0c00
2026-03-24 11:28:32 [DEBUG] __main__ — [743e0c00] <- data #4  31B  seq=3
2026-03-24 11:28:32 [DEBUG] __main__ — [743e0c00] socket closed
2026-03-24 11:28:32 [DEBUG] __main__ — [743e0c00] remote EOF
2026-03-24 11:28:32 [INFO] __main__ — [743e0c00] pipe done | rx=0B/0f (0.0 КБ/с)  tx=0B/0f (0.0 КБ/с)  0.0s
2026-03-24 11:28:34 [DEBUG] __main__ — [transport:server] keepalive sent
2026-03-24 11:28:34 [DEBUG] __main__ — [transport:acc2] text-recv  action=connect  id=6fab3219
2026-03-24 11:28:34 [INFO] __main__ — [6fab3219] CONNECT → 81.19.72.33:443
2026-03-24 11:28:34 [INFO] __main__ — [6fab3219] TCP connected → 81.19.72.33:443  (1 мс)
2026-03-24 11:28:34 [DEBUG] __main__ — [transport:acc2] ctrl-send  len=48  action=ok  ms=8
2026-03-24 11:28:35 [DEBUG] __main__ — [transport:acc1] text-recv  action=data  id=6fab3219
2026-03-24 11:28:35 [DEBUG] __main__ — [6fab3219] <- data #1  517B  seq=0
2026-03-24 11:28:35 [DEBUG] __main__ — [6fab3219] -> #1  3739B  seq=0
2026-03-24 11:28:35 [DEBUG] __main__ — [transport:acc1] file-send  size=3794  action=data  seq=0  prio=0
2026-03-24 11:28:35 [DEBUG] __main__ — [transport:server] keepalive sent
2026-03-24 11:28:35 [DEBUG] __main__ — [transport:acc1] upload ok  fileId=3002989582  size=3794
2026-03-24 11:28:35 [INFO] __main__ — [poll] активных ссылок: 1
2026-03-24 11:28:35 [DEBUG] __main__ — [transport:acc1] пропускаем свой исходящий файл fileId=3002989582
2026-03-24 11:28:36 [DEBUG] __main__ — [transport:acc2] text-recv  action=data  id=6fab3219
2026-03-24 11:28:36 [DEBUG] __main__ — [6fab3219] <- data #2  93B  seq=1
2026-03-24 11:28:36 [DEBUG] __main__ — [6fab3219] -> #2  120B  seq=1
2026-03-24 11:28:36 [DEBUG] __main__ — [transport:acc2] text-send  len=225  action=data  ms=9
2026-03-24 11:28:36 [DEBUG] __main__ — [transport:acc1] text-recv  action=data  id=6fab3219
2026-03-24 11:28:36 [DEBUG] __main__ — [6fab3219] <- data #3  253B  seq=2
2026-03-24 11:28:36 [DEBUG] __main__ — [6fab3219] -> #3  37026B  seq=2
2026-03-24 11:28:36 [DEBUG] __main__ — [transport:acc1] file-send  size=37081  action=data  seq=2  prio=1
2026-03-24 11:28:36 [DEBUG] __main__ — [6fab3219] -> #4  40544B  seq=3
2026-03-24 11:28:36 [DEBUG] __main__ — [transport:acc2] file-send  size=40599  action=data  seq=3  prio=1
2026-03-24 11:28:36 [DEBUG] __main__ — [6fab3219] -> #5  40544B  seq=4
2026-03-24 11:28:36 [DEBUG] __main__ — [6fab3219] -> #6  25918B  seq=5
2026-03-24 11:28:37 [DEBUG] __main__ — [transport:acc1] upload ok  fileId=2997926017  size=37081
2026-03-24 11:28:37 [DEBUG] __main__ — [transport:acc2] upload ok  fileId=2985358496  size=40599
2026-03-24 11:28:37 [DEBUG] __main__ — [transport:acc1] file-send  size=40599  action=data  seq=4  prio=1
2026-03-24 11:28:37 [DEBUG] __main__ — [transport:acc2] file-send  size=25973  action=data  seq=5  prio=2
2026-03-24 11:28:37 [DEBUG] __main__ — [transport:acc1] пропускаем свой исходящий файл fileId=2997926017
2026-03-24 11:28:37 [DEBUG] __main__ — [transport:acc2] пропускаем свой исходящий файл fileId=2985358496
2026-03-24 11:28:37 [DEBUG] __main__ — [transport:acc2] upload ok  fileId=2988299348  size=25973
2026-03-24 11:28:37 [DEBUG] __main__ — [transport:acc1] upload ok  fileId=2998413904  size=40599
2026-03-24 11:28:38 [DEBUG] __main__ — [transport:acc1] пропускаем свой исходящий файл fileId=2998413904
2026-03-24 11:28:38 [DEBUG] __main__ — [transport:acc2] пропускаем свой исходящий файл fileId=2988299348
2026-03-24 11:28:38 [DEBUG] __main__ — [transport:acc2] text-recv  action=data  id=6fab3219
2026-03-24 11:28:38 [DEBUG] __main__ — [6fab3219] <- data #4  31B  seq=3
2026-03-24 11:28:38 [DEBUG] __main__ — [transport:acc2] text-recv  action=close  id=6fab3219
2026-03-24 11:28:38 [INFO] __main__ — [6fab3219] close requested last_seq=3
2026-03-24 11:28:38 [DEBUG] __main__ — [6fab3219] socket closed
2026-03-24 11:28:38 [DEBUG] __main__ — [6fab3219] remote EOF
2026-03-24 11:28:38 [INFO] __main__ — [6fab3219] pipe done | rx=0B/0f (0.0 КБ/с)  tx=0B/0f (0.0 КБ/с)  0.0s
2026-03-24 11:28:59 [DEBUG] __main__ — [transport:server] keepalive sent
2026-03-24 11:29:00 [DEBUG] __main__ — [transport:server] keepalive sent
2026-03-24 11:29:06 [INFO] __main__ — [poll] активных ссылок: 1
2026-03-24 11:29:24 [DEBUG] __main__ — [transport:server] keepalive sent
2026-03-24 11:29:25 [DEBUG] __main__ — [transport:server] keepalive sent
2026-03-24 11:29:36 [INFO] __main__ — [poll] активных ссылок: 1
2026-03-24 11:29:49 [DEBUG] __main__ — [transport:server] keepalive sent
2026-03-24 11:29:50 [DEBUG] __main__ — [transport:server] keepalive sent
2026-03-24 11:30:06 [INFO] __main__ — [poll] активных ссылок: 1
2026-03-24 11:30:14 [DEBUG] __main__ — [transport:server] keepalive sent
2026-03-24 11:30:15 [DEBUG] __main__ — [transport:server] keepalive sent
2026-03-24 11:30:36 [INFO] __main__ — [poll] активных ссылок: 1
2026-03-24 11:30:38 [INFO] __main__ — [proxy:self-chat] остановлен
2026-03-24 11:30:38 [ERROR] asyncio — Unclosed client session
client_session: <aiohttp.client.ClientSession object at 0x7edbb946d810>
2026-03-24 11:30:38 [ERROR] asyncio — Unclosed client session
client_session: <aiohttp.client.ClientSession object at 0x7edbb946d2d0>
