2026-03-24 11:45:38 [INFO] __main__ — MAX Proxy SERVER запущен  viewer_id=240876353  transports=2
2026-03-24 11:45:38 [INFO] __main__ — Восстановлено 1 сессий из sessions.json
2026-03-24 11:45:38 [INFO] __main__ — [proxy:self-chat] WS подключение (chat_id=0, transports=2)
2026-03-24 11:45:38 [INFO] __main__ — [poll] активных ссылок: 1
2026-03-24 11:45:39 [INFO] __main__ — Авторизован [server:acc2], chatId=0
2026-03-24 11:45:39 [INFO] __main__ — Авторизован [server:acc1], chatId=0
2026-03-24 11:45:53 [DEBUG] __main__ — [transport:acc1] file-recv  fileId=2997685054  action=connect
2026-03-24 11:45:53 [INFO] __main__ — [70e63bf3] CONNECT → 188.40.167.82:443
2026-03-24 11:45:53 [INFO] __main__ — [70e63bf3] TCP connected → 188.40.167.82:443  (2 мс)
2026-03-24 11:45:53 [DEBUG] __main__ — [transport:acc1] file-send  size=45  action=ok  seq=?  prio=0
2026-03-24 11:45:53 [DEBUG] __main__ — [transport:acc1] upload ok  fileId=2988531540  size=45
2026-03-24 11:45:54 [DEBUG] __main__ — [transport:acc1] file-recv  fileId=2999010849  action=connect
2026-03-24 11:45:54 [INFO] __main__ — [70e63bf3] CONNECT → 188.40.167.82:443
2026-03-24 11:45:54 [INFO] __main__ — [70e63bf3] TCP connected → 188.40.167.82:443  (2 мс)
2026-03-24 11:45:54 [DEBUG] __main__ — [transport:acc1] file-send  size=45  action=ok  seq=?  prio=0
2026-03-24 11:45:54 [DEBUG] __main__ — [transport:acc1] пропускаем свой исходящий файл fileId=2988531540
2026-03-24 11:45:54 [DEBUG] __main__ — [transport:acc1] upload ok  fileId=2993947389  size=45
2026-03-24 11:45:55 [DEBUG] __main__ — [transport:acc1] пропускаем свой исходящий файл fileId=2993947389
2026-03-24 11:45:57 [DEBUG] __main__ — [transport:acc1] file-recv  fileId=2994466790  action=data
2026-03-24 11:45:57 [DEBUG] __main__ — [70e63bf3] <- data #1  517B  seq=0
2026-03-24 11:45:57 [DEBUG] __main__ — [70e63bf3] -> #1  2908B  seq=0
2026-03-24 11:45:57 [DEBUG] __main__ — [70e63bf3] -> #2  226B  seq=1
2026-03-24 11:45:57 [DEBUG] __main__ — [transport:acc1] file-send  size=2963  action=data  seq=0  prio=0
2026-03-24 11:45:57 [DEBUG] __main__ — [transport:acc2] file-send  size=281  action=data  seq=1  prio=1
2026-03-24 11:45:58 [DEBUG] __main__ — [transport:acc1] upload ok  fileId=2992307335  size=2963
2026-03-24 11:45:58 [DEBUG] __main__ — [transport:acc2] upload ok  fileId=2985247100  size=281
2026-03-24 11:45:59 [DEBUG] __main__ — [transport:acc1] пропускаем свой исходящий файл fileId=2992307335
2026-03-24 11:45:59 [DEBUG] __main__ — [transport:acc2] пропускаем свой исходящий файл fileId=2985247100
2026-03-24 11:46:00 [DEBUG] __main__ — [transport:acc1] file-recv  fileId=2992451113  action=data
2026-03-24 11:46:00 [DEBUG] __main__ — [70e63bf3] <- data #2  186B  seq=2
2026-03-24 11:46:01 [DEBUG] __main__ — [transport:acc2] file-recv  fileId=2992750631  action=data
2026-03-24 11:46:01 [DEBUG] __main__ — [70e63bf3] <- data #3  80B  seq=1
2026-03-24 11:46:01 [DEBUG] __main__ — [70e63bf3] -> #3  744B  seq=2
2026-03-24 11:46:01 [DEBUG] __main__ — [transport:acc1] file-send  size=799  action=data  seq=2  prio=1
2026-03-24 11:46:01 [DEBUG] __main__ — [transport:acc1] upload ok  fileId=2992855666  size=799
2026-03-24 11:46:02 [DEBUG] __main__ — [transport:acc1] пропускаем свой исходящий файл fileId=2992855666
2026-03-24 11:46:03 [DEBUG] __main__ — [transport:acc1] file-recv  fileId=2993661909  action=data
2026-03-24 11:46:03 [DEBUG] __main__ — [70e63bf3] <- data #4  24B  seq=4
2026-03-24 11:46:03 [DEBUG] __main__ — [transport:server] keepalive sent
2026-03-24 11:46:03 [DEBUG] __main__ — [transport:server] keepalive sent
2026-03-24 11:46:04 [DEBUG] __main__ — [transport:acc1] file-recv  fileId=2992548680  action=close
2026-03-24 11:46:04 [INFO] __main__ — [70e63bf3] close requested last_seq=4
2026-03-24 11:46:05 [DEBUG] __main__ — [transport:acc2] file-recv  fileId=2993661653  action=data
2026-03-24 11:46:05 [DEBUG] __main__ — [70e63bf3] <- data #5  31B  seq=3
2026-03-24 11:46:05 [DEBUG] __main__ — [70e63bf3] socket closed
2026-03-24 11:46:05 [DEBUG] __main__ — [70e63bf3] remote EOF
2026-03-24 11:46:05 [INFO] __main__ — [70e63bf3] pipe done | rx=0B/0f (0.0 КБ/с)  tx=0B/0f (0.0 КБ/с)  0.0s
2026-03-24 11:46:06 [DEBUG] __main__ — [transport:acc2] file-recv  fileId=2990877940  action=connect
2026-03-24 11:46:06 [INFO] __main__ — [ed0e5512] CONNECT → 188.40.167.82:443
2026-03-24 11:46:06 [INFO] __main__ — [ed0e5512] TCP connected → 188.40.167.82:443  (0 мс)
2026-03-24 11:46:06 [DEBUG] __main__ — [transport:acc2] file-send  size=45  action=ok  seq=?  prio=0
2026-03-24 11:46:06 [DEBUG] __main__ — [transport:acc2] upload ok  fileId=2989189318  size=45
2026-03-24 11:46:07 [DEBUG] __main__ — [transport:acc2] пропускаем свой исходящий файл fileId=2989189318
2026-03-24 11:46:07 [DEBUG] __main__ — [transport:acc2] file-recv  fileId=2990709760  action=connect
2026-03-24 11:46:07 [INFO] __main__ — [ed0e5512] CONNECT → 188.40.167.82:443
2026-03-24 11:46:07 [INFO] __main__ — [ed0e5512] TCP connected → 188.40.167.82:443  (0 мс)
2026-03-24 11:46:07 [DEBUG] __main__ — [transport:acc2] file-send  size=45  action=ok  seq=?  prio=0
2026-03-24 11:46:08 [DEBUG] __main__ — [transport:acc2] upload ok  fileId=2997234762  size=45
2026-03-24 11:46:08 [DEBUG] __main__ — [transport:acc1] file-recv  fileId=2992805901  action=data
2026-03-24 11:46:08 [DEBUG] __main__ — [ed0e5512] <- data #1  517B  seq=0
2026-03-24 11:46:08 [DEBUG] __main__ — [ed0e5512] -> #1  3134B  seq=0
2026-03-24 11:46:08 [DEBUG] __main__ — [transport:acc1] file-send  size=3189  action=data  seq=0  prio=0
2026-03-24 11:46:08 [INFO] __main__ — [poll] активных ссылок: 1
2026-03-24 11:46:08 [DEBUG] __main__ — [transport:acc2] пропускаем свой исходящий файл fileId=2997234762
2026-03-24 11:46:08 [DEBUG] __main__ — [transport:acc1] upload ok  fileId=2995170298  size=3189
2026-03-24 11:46:09 [DEBUG] __main__ — [transport:acc1] пропускаем свой исходящий файл fileId=2995170298
2026-03-24 11:46:10 [DEBUG] __main__ — [transport:acc1] file-recv  fileId=2990090448  action=data
2026-03-24 11:46:10 [DEBUG] __main__ — [ed0e5512] <- data #2  130B  seq=2
2026-03-24 11:46:10 [DEBUG] __main__ — [transport:acc2] file-recv  fileId=2990090192  action=data
2026-03-24 11:46:10 [DEBUG] __main__ — [ed0e5512] <- data #3  80B  seq=1
2026-03-24 11:46:10 [DEBUG] __main__ — [ed0e5512] -> #2  645B  seq=1
2026-03-24 11:46:10 [DEBUG] __main__ — [transport:acc2] file-send  size=700  action=data  seq=1  prio=1
2026-03-24 11:46:11 [DEBUG] __main__ — [transport:acc2] upload ok  fileId=2985107848  size=700
2026-03-24 11:46:11 [DEBUG] __main__ — [transport:acc2] file-recv  fileId=2998179884  action=data
2026-03-24 11:46:11 [DEBUG] __main__ — [ed0e5512] <- data #4  56B  seq=3
2026-03-24 11:46:11 [DEBUG] __main__ — [ed0e5512] -> #3  99B  seq=2
2026-03-24 11:46:11 [DEBUG] __main__ — [transport:acc1] file-send  size=154  action=data  seq=2  prio=1
2026-03-24 11:46:11 [DEBUG] __main__ — [transport:acc1] upload ok  fileId=2998697999  size=154
2026-03-24 11:46:12 [DEBUG] __main__ — [transport:acc2] пропускаем свой исходящий файл fileId=2985107848
2026-03-24 11:46:12 [DEBUG] __main__ — [transport:acc1] пропускаем свой исходящий файл fileId=2998697999
2026-03-24 11:46:13 [DEBUG] __main__ — [transport:acc2] file-recv  fileId=2999015969  action=data
2026-03-24 11:46:13 [DEBUG] __main__ — [ed0e5512] <- data #5  24B  seq=5
2026-03-24 11:46:13 [DEBUG] __main__ — [transport:acc1] file-recv  fileId=2998469408  action=data
2026-03-24 11:46:13 [DEBUG] __main__ — [ed0e5512] <- data #6  31B  seq=4
2026-03-24 11:46:13 [DEBUG] __main__ — [ed0e5512] remote EOF
2026-03-24 11:46:13 [INFO] __main__ — [ed0e5512] pipe done | rx=838B/6f (0.1 КБ/с)  tx=3878B/3f (0.7 КБ/с)  5.8s
2026-03-24 11:46:13 [DEBUG] __main__ — [ed0e5512] socket closed
2026-03-24 11:46:13 [DEBUG] __main__ — [transport:acc2] file-send  size=49  action=closed  seq=?  prio=0
2026-03-24 11:46:14 [DEBUG] __main__ — [transport:acc2] upload ok  fileId=2992807693  size=49
2026-03-24 11:46:14 [DEBUG] __main__ — [transport:acc2] file-recv  fileId=2993568572  action=close
2026-03-24 11:46:14 [INFO] __main__ — [ed0e5512] close requested last_seq=5
2026-03-24 11:46:14 [DEBUG] __main__ — [transport:acc2] пропускаем свой исходящий файл fileId=2992807693
2026-03-24 11:46:18 [DEBUG] __main__ — [transport:acc1] file-recv  fileId=2982333907  action=connect
2026-03-24 11:46:18 [INFO] __main__ — [ec773e54] CONNECT → 81.19.72.33:443
2026-03-24 11:46:18 [INFO] __main__ — [ec773e54] TCP connected → 81.19.72.33:443  (1 мс)
2026-03-24 11:46:18 [DEBUG] __main__ — [transport:acc1] file-send  size=45  action=ok  seq=?  prio=0
2026-03-24 11:46:18 [DEBUG] __main__ — [transport:acc1] upload ok  fileId=2993661425  size=45
2026-03-24 11:46:18 [DEBUG] __main__ — [transport:acc1] пропускаем свой исходящий файл fileId=2993661425
2026-03-24 11:46:19 [DEBUG] __main__ — [transport:acc1] file-recv  fileId=2990478756  action=connect
2026-03-24 11:46:19 [INFO] __main__ — [ec773e54] CONNECT → 81.19.72.33:443
2026-03-24 11:46:19 [INFO] __main__ — [ec773e54] TCP connected → 81.19.72.33:443  (0 мс)
2026-03-24 11:46:19 [DEBUG] __main__ — [transport:acc1] file-send  size=45  action=ok  seq=?  prio=0
2026-03-24 11:46:20 [DEBUG] __main__ — [transport:acc1] upload ok  fileId=2997239882  size=45
2026-03-24 11:46:20 [DEBUG] __main__ — [transport:acc1] file-recv  fileId=2994118673  action=data
2026-03-24 11:46:20 [DEBUG] __main__ — [ec773e54] <- data #1  517B  seq=0
2026-03-24 11:46:20 [DEBUG] __main__ — [transport:acc1] пропускаем свой исходящий файл fileId=2997239882
2026-03-24 11:46:20 [DEBUG] __main__ — [ec773e54] -> #1  3739B  seq=0
2026-03-24 11:46:20 [DEBUG] __main__ — [transport:acc1] file-send  size=3794  action=data  seq=0  prio=0
2026-03-24 11:46:21 [DEBUG] __main__ — [transport:acc1] upload ok  fileId=2991094041  size=3794
2026-03-24 11:46:22 [DEBUG] __main__ — [transport:acc1] пропускаем свой исходящий файл fileId=2991094041
2026-03-24 11:46:23 [DEBUG] __main__ — [transport:acc2] file-recv  fileId=2989397553  action=data
2026-03-24 11:46:23 [DEBUG] __main__ — [ec773e54] <- data #2  93B  seq=1
2026-03-24 11:46:23 [DEBUG] __main__ — [ec773e54] -> #2  120B  seq=1
2026-03-24 11:46:23 [DEBUG] __main__ — [transport:acc2] file-send  size=175  action=data  seq=1  prio=1
2026-03-24 11:46:24 [DEBUG] __main__ — [transport:acc2] upload ok  fileId=2998643476  size=175
2026-03-24 11:46:24 [DEBUG] __main__ — [transport:acc2] пропускаем свой исходящий файл fileId=2998643476
2026-03-24 11:46:25 [DEBUG] __main__ — [transport:acc1] file-recv  fileId=2990756291  action=data
2026-03-24 11:46:25 [DEBUG] __main__ — [ec773e54] <- data #3  253B  seq=2
2026-03-24 11:46:27 [DEBUG] __main__ — [ec773e54] -> #3  13860B  seq=2
2026-03-24 11:46:27 [DEBUG] __main__ — [transport:acc1] file-send  size=13915  action=data  seq=2  prio=1
2026-03-24 11:46:27 [DEBUG] __main__ — [ec773e54] -> #4  42148B  seq=3
2026-03-24 11:46:27 [DEBUG] __main__ — [transport:acc2] file-send  size=42203  action=data  seq=3  prio=1
2026-03-24 11:46:27 [DEBUG] __main__ — [ec773e54] -> #5  2920B  seq=4
2026-03-24 11:46:27 [DEBUG] __main__ — [ec773e54] -> #6  275B  seq=5
2026-03-24 11:46:27 [DEBUG] __main__ — [ec773e54] -> #7  27057B  seq=6
2026-03-24 11:46:27 [DEBUG] __main__ — [transport:acc1] upload ok  fileId=2989158769  size=13915
2026-03-24 11:46:27 [DEBUG] __main__ — [transport:acc2] upload ok  fileId=2984347785  size=42203
2026-03-24 11:46:27 [DEBUG] __main__ — [transport:acc1] file-send  size=2975  action=data  seq=4  prio=1
2026-03-24 11:46:27 [DEBUG] __main__ — [transport:acc2] file-send  size=330  action=data  seq=5  prio=2
2026-03-24 11:46:27 [DEBUG] __main__ — [transport:acc2] пропускаем свой исходящий файл fileId=2984347785
2026-03-24 11:46:27 [DEBUG] __main__ — [transport:acc1] пропускаем свой исходящий файл fileId=2989158769
2026-03-24 11:46:28 [DEBUG] __main__ — [ec773e54] -> #8  13140B  seq=7
2026-03-24 11:46:28 [DEBUG] __main__ — [ec773e54] -> #9  36B  seq=8
2026-03-24 11:46:28 [DEBUG] __main__ — [transport:acc2] upload ok  fileId=2992757031  size=330
2026-03-24 11:46:28 [DEBUG] __main__ — [transport:acc1] upload ok  fileId=2996875832  size=2975
2026-03-24 11:46:28 [DEBUG] __main__ — [ec773e54] -> #10  37648B  seq=9
2026-03-24 11:46:28 [DEBUG] __main__ — [ec773e54] -> #11  5840B  seq=10
2026-03-24 11:46:28 [DEBUG] __main__ — [ec773e54] -> #12  551B  seq=11
2026-03-24 11:46:28 [DEBUG] __main__ — [transport:acc2] file-send  size=13195  action=data  seq=7  prio=2
2026-03-24 11:46:28 [DEBUG] __main__ — [transport:acc1] file-send  size=27112  action=data  seq=6  prio=2
2026-03-24 11:46:28 [DEBUG] __main__ — [transport:acc2] пропускаем свой исходящий файл fileId=2992757031
2026-03-24 11:46:28 [DEBUG] __main__ — [transport:acc1] пропускаем свой исходящий файл fileId=2996875832
2026-03-24 11:46:28 [DEBUG] __main__ — [transport:acc2] upload ok  fileId=2993857603  size=13195
2026-03-24 11:46:28 [DEBUG] __main__ — [transport:server] keepalive sent
2026-03-24 11:46:28 [DEBUG] __main__ — [transport:server] keepalive sent
2026-03-24 11:46:28 [DEBUG] __main__ — [transport:acc1] upload ok  fileId=2995533229  size=27112
2026-03-24 11:46:29 [DEBUG] __main__ — [transport:acc2] file-send  size=37703  action=data  seq=9  prio=2
2026-03-24 11:46:29 [DEBUG] __main__ — [transport:acc2] пропускаем свой исходящий файл fileId=2993857603
2026-03-24 11:46:29 [DEBUG] __main__ — [transport:acc1] file-send  size=91  action=data  seq=8  prio=2
2026-03-24 11:46:29 [DEBUG] __main__ — [transport:acc1] пропускаем свой исходящий файл fileId=2995533229
2026-03-24 11:46:29 [DEBUG] __main__ — [transport:acc2] upload ok  fileId=2997969221  size=37703
2026-03-24 11:46:29 [DEBUG] __main__ — [transport:acc2] file-send  size=607  action=data  seq=11  prio=2
2026-03-24 11:46:30 [DEBUG] __main__ — [transport:acc2] пропускаем свой исходящий файл fileId=2997969221
2026-03-24 11:46:30 [DEBUG] __main__ — [transport:acc1] upload ok  fileId=2988326160  size=91
2026-03-24 11:46:30 [DEBUG] __main__ — [transport:acc2] upload ok  fileId=2995364224  size=607
2026-03-24 11:46:30 [DEBUG] __main__ — [transport:acc2] пропускаем свой исходящий файл fileId=2995364224
2026-03-24 11:46:30 [DEBUG] __main__ — [transport:acc1] file-send  size=5896  action=data  seq=10  prio=2
2026-03-24 11:46:31 [DEBUG] __main__ — [transport:acc1] пропускаем свой исходящий файл fileId=2988326160
2026-03-24 11:46:31 [DEBUG] __main__ — [transport:acc1] upload ok  fileId=2990481572  size=5896
2026-03-24 11:46:31 [DEBUG] __main__ — [transport:acc1] пропускаем свой исходящий файл fileId=2990481572
2026-03-24 11:46:32 [DEBUG] __main__ — [transport:acc2] file-recv  fileId=2996090180  action=data
2026-03-24 11:46:32 [DEBUG] __main__ — [ec773e54] <- data #4  31B  seq=3
2026-03-24 11:46:32 [DEBUG] __main__ — [ec773e54] remote EOF
2026-03-24 11:46:32 [INFO] __main__ — [ec773e54] pipe done | rx=894B/4f (0.1 КБ/с)  tx=147334B/12f (11.1 КБ/с)  13.0s
2026-03-24 11:46:32 [DEBUG] __main__ — [ec773e54] socket closed
2026-03-24 11:46:32 [DEBUG] __main__ — [transport:acc1] file-send  size=49  action=closed  seq=?  prio=0
2026-03-24 11:46:33 [DEBUG] __main__ — [transport:acc1] upload ok  fileId=2998778601  size=49
2026-03-24 11:46:33 [DEBUG] __main__ — [transport:acc1] пропускаем свой исходящий файл fileId=2998778601
2026-03-24 11:46:34 [DEBUG] __main__ — [transport:acc2] file-recv  fileId=2982339027  action=connect
2026-03-24 11:46:34 [INFO] __main__ — [f0f973ae] CONNECT → 81.19.72.33:443
2026-03-24 11:46:34 [INFO] __main__ — [f0f973ae] TCP connected → 81.19.72.33:443  (0 мс)
2026-03-24 11:46:34 [DEBUG] __main__ — [transport:acc2] file-send  size=45  action=ok  seq=?  prio=0
2026-03-24 11:46:35 [DEBUG] __main__ — [transport:acc2] upload ok  fileId=2994002265  size=45
2026-03-24 11:46:35 [DEBUG] __main__ — [transport:acc2] пропускаем свой исходящий файл fileId=2994002265
2026-03-24 11:46:39 [INFO] __main__ — [poll] активных ссылок: 1
2026-03-24 11:46:53 [DEBUG] __main__ — [70e63bf3] remote EOF
2026-03-24 11:46:53 [INFO] __main__ — [70e63bf3] pipe done | rx=0B/0f (0.0 КБ/с)  tx=0B/0f (0.0 КБ/с)  47.3s
2026-03-24 11:46:53 [DEBUG] __main__ — [transport:server] keepalive sent
2026-03-24 11:46:53 [DEBUG] __main__ — [transport:server] keepalive sent
2026-03-24 11:47:07 [DEBUG] __main__ — [ed0e5512] remote EOF
2026-03-24 11:47:07 [INFO] __main__ — [ed0e5512] pipe done | rx=0B/0f (0.0 КБ/с)  tx=0B/0f (0.0 КБ/с)  0.0s
2026-03-24 11:47:09 [INFO] __main__ — [poll] активных ссылок: 1
2026-03-24 11:47:14 [INFO] __main__ — [f0f973ae] pipe done | rx=0B/0f (0.0 КБ/с)  tx=0B/0f (0.0 КБ/с)  39.7s
2026-03-24 11:47:14 [INFO] __main__ — [proxy:self-chat] остановлен
2026-03-24 11:47:14 [DEBUG] __main__ — [f0f973ae] socket closed
2026-03-24 11:47:14 [INFO] __main__ — [ec773e54] pipe done | rx=0B/0f (0.0 КБ/с)  tx=0B/0f (0.0 КБ/с)  0.0s
2026-03-24 11:47:14 [ERROR] asyncio — Unclosed connector
connections: ['[(<aiohttp.client_proto.ResponseHandler object at 0x7af86b792020>, 128197.79803577)]', '[(<aiohttp.client_proto.ResponseHandler object at 0x7af86c33dd20>, 128198.028112777)]']
connector: <aiohttp.connector.TCPConnector object at 0x7af86b775630>
2026-03-24 11:47:14 [ERROR] asyncio — Unclosed connector
connections: ['[(<aiohttp.client_proto.ResponseHandler object at 0x7af86c33d840>, 128188.969499449)]', '[(<aiohttp.client_proto.ResponseHandler object at 0x7af86b791de0>, 128196.155837688)]']
connector: <aiohttp.connector.TCPConnector object at 0x7af86c34feb0>
