2026-03-24 14:42:07 [INFO] __main__ — Восстановлено 1 сессий
2026-03-24 14:42:07 [INFO] __main__ — [proxy:self-chat] WS подключение (chat_id=0)
2026-03-24 14:42:07 [INFO] __main__ — [poll] активных ссылок: 1
2026-03-24 14:42:07 [INFO] __main__ — Авторизован [server:acc1], chatId=0
2026-03-24 14:42:23 [DEBUG] __main__ — [transport:acc1] recv_file fileId=3000062278 size=383
2026-03-24 14:42:23 [INFO] __main__ — BATCH recv  id=70b2281dfc1c  reqs=1
2026-03-24 14:42:23 [DEBUG] __main__ — [tunnel] открыт lenta.ru:443 session=30fbd931298d43e4
2026-03-24 14:42:23 [INFO] __main__ — BATCH done  id=70b2281dfc1c  reqs=1  payload=0КБ  file=0КБ  0.3s  1.0 КБ/с
2026-03-24 14:42:24 [DEBUG] __main__ — [transport:acc1] published response fileId=2991690950 size=434
2026-03-24 14:42:27 [DEBUG] __main__ — [transport:acc1] recv_file fileId=3002508442 size=972
2026-03-24 14:42:27 [INFO] __main__ — BATCH recv  id=b3609cb3dea2  reqs=1
2026-03-24 14:42:27 [INFO] __main__ — BATCH done  id=b3609cb3dea2  reqs=1  payload=0КБ  file=0КБ  0.0s  0.0 КБ/с
2026-03-24 14:42:27 [DEBUG] __main__ — [transport:acc1] published response fileId=2989099653 size=128
2026-03-24 14:42:29 [DEBUG] __main__ — [transport:acc1] recv_file fileId=2989403052 size=240
2026-03-24 14:42:29 [INFO] __main__ — BATCH recv  id=e34f1dba08a4  reqs=1
2026-03-24 14:42:29 [INFO] __main__ — BATCH done  id=e34f1dba08a4  reqs=1  payload=0КБ  file=0КБ  0.0s  0.0 КБ/с
2026-03-24 14:42:29 [DEBUG] __main__ — [transport:acc1] published response fileId=2995439983 size=118
2026-03-24 14:42:37 [INFO] __main__ — [poll] активных ссылок: 1
2026-03-24 14:43:01 [INFO] __main__ — [proxy:self-chat] остановлен
2026-03-24 14:43:01 [ERROR] asyncio — Unclosed connector
connections: ['[(<aiohttp.client_proto.ResponseHandler object at 0x7bf06e471720>, 138752.175095451)]', '[(<aiohttp.client_proto.ResponseHandler object at 0x7bf06e471660>, 138752.415873258)]']
connector: <aiohttp.connector.TCPConnector object at 0x7bf06e5c46a0>
