2026-03-24 01:04:55 [INFO] __main__ — SOCKS5 запущен  127.0.0.1:1080  transports=2
2026-03-24 01:04:56 [INFO] __main__ — Авторизован [acc1], chatId=0 (self-chat)
2026-03-24 01:04:56 [INFO] __main__ — Авторизован [acc2], chatId=0 (self-chat)
2026-03-24 01:04:59 [INFO] __main__ — SOCKS5 → 81.19.72.32:443
2026-03-24 01:04:59 [DEBUG] __main__ — [transport:acc1] text-send  len=78  action=connect
2026-03-24 01:04:59 [DEBUG] __main__ — [transport:acc1] text-recv  action=ok  id=bfc8a433
2026-03-24 01:04:59 [DEBUG] __main__ — [bfc8a433] <- ok
2026-03-24 01:04:59 [INFO] __main__ — tunnel 81.19.72.32:443 [bfc8a433]  открыт за ~276 мс
2026-03-24 01:04:59 [DEBUG] __main__ — [bfc8a433] -> #1  517B  seq=0
2026-03-24 01:04:59 [DEBUG] __main__ — [transport:acc1] text-send  len=750  action=data
2026-03-24 01:05:00 [DEBUG] __main__ — [transport:acc2] text-recv  action=data  id=bfc8a433
2026-03-24 01:05:00 [DEBUG] __main__ — [bfc8a433] <- data #1  841B  seq=1
2026-03-24 01:05:01 [DEBUG] __main__ — [transport:acc1] file-recv  fileId=2988770022  action=data
2026-03-24 01:05:01 [DEBUG] __main__ — [bfc8a433] <- data #2  2900B  seq=0
2026-03-24 01:05:01 [DEBUG] __main__ — [bfc8a433] -> #2  93B  seq=1
2026-03-24 01:05:01 [DEBUG] __main__ — [transport:acc2] text-send  len=182  action=data
2026-03-24 01:05:02 [DEBUG] __main__ — [transport:acc1] text-recv  action=data  id=bfc8a433
2026-03-24 01:05:02 [DEBUG] __main__ — [bfc8a433] <- data #3  120B  seq=2
2026-03-24 01:05:02 [DEBUG] __main__ — [bfc8a433] -> #3  253B  seq=2
2026-03-24 01:05:02 [DEBUG] __main__ — [transport:acc1] text-send  len=398  action=data
2026-03-24 01:05:03 [DEBUG] __main__ — [transport:acc1] text-recv  action=data  id=bfc8a433
2026-03-24 01:05:03 [DEBUG] __main__ — [bfc8a433] <- data #4  816B  seq=6
2026-03-24 01:05:03 [DEBUG] __main__ — [transport:acc1] file-recv  fileId=2984111975  action=data
2026-03-24 01:05:03 [DEBUG] __main__ — [bfc8a433] <- data #5  2900B  seq=4
2026-03-24 01:05:03 [DEBUG] __main__ — [transport:acc1] file-recv  fileId=2986994626  action=data
2026-03-24 01:05:03 [DEBUG] __main__ — [bfc8a433] <- data #6  2900B  seq=8
2026-03-24 01:05:04 [DEBUG] __main__ — [transport:acc2] file-recv  fileId=2990848083  action=data
2026-03-24 01:05:04 [DEBUG] __main__ — [bfc8a433] <- data #7  2900B  seq=3
2026-03-24 01:05:04 [DEBUG] __main__ — [transport:acc2] file-recv  fileId=2987854577  action=data
2026-03-24 01:05:04 [DEBUG] __main__ — [bfc8a433] <- data #8  2900B  seq=5
2026-03-24 01:05:04 [DEBUG] __main__ — [transport:acc1] file-recv  fileId=2985007133  action=data
2026-03-24 01:05:04 [DEBUG] __main__ — [bfc8a433] <- data #9  2900B  seq=10
2026-03-24 01:05:04 [DEBUG] __main__ — [transport:acc2] file-recv  fileId=2989274987  action=data
2026-03-24 01:05:04 [DEBUG] __main__ — [bfc8a433] <- data #10  2900B  seq=7
2026-03-24 01:05:05 [DEBUG] __main__ — [transport:acc1] file-recv  fileId=2990233716  action=data
2026-03-24 01:05:05 [DEBUG] __main__ — [bfc8a433] <- data #11  2900B  seq=12
2026-03-24 01:05:05 [DEBUG] __main__ — [transport:acc2] file-recv  fileId=2988560329  action=data
2026-03-24 01:05:05 [DEBUG] __main__ — [bfc8a433] <- data #12  2900B  seq=9
2026-03-24 01:05:05 [DEBUG] __main__ — [transport:acc1] file-recv  fileId=2978673076  action=data
2026-03-24 01:05:05 [DEBUG] __main__ — [bfc8a433] <- data #13  2900B  seq=14
2026-03-24 01:05:06 [DEBUG] __main__ — [transport:acc2] file-recv  fileId=2988277246  action=data
2026-03-24 01:05:06 [DEBUG] __main__ — [bfc8a433] <- data #14  2900B  seq=11
2026-03-24 01:05:06 [DEBUG] __main__ — [transport:acc1] file-recv  fileId=2988545262  action=data
2026-03-24 01:05:06 [DEBUG] __main__ — [bfc8a433] <- data #15  2900B  seq=16
2026-03-24 01:05:06 [DEBUG] __main__ — [transport:acc2] file-recv  fileId=2985223501  action=data
2026-03-24 01:05:06 [DEBUG] __main__ — [bfc8a433] <- data #16  2900B  seq=13
2026-03-24 01:05:06 [DEBUG] __main__ — [transport:acc1] file-recv  fileId=2985136984  action=data
2026-03-24 01:05:06 [DEBUG] __main__ — [bfc8a433] <- data #17  2900B  seq=18
2026-03-24 01:05:07 [DEBUG] __main__ — [transport:acc2] text-recv  action=data  id=bfc8a433
2026-03-24 01:05:07 [DEBUG] __main__ — [bfc8a433] <- data #18  1408B  seq=17
2026-03-24 01:05:07 [DEBUG] __main__ — [transport:acc2] file-recv  fileId=2994247078  action=data
2026-03-24 01:05:07 [DEBUG] __main__ — [bfc8a433] <- data #19  2900B  seq=15
2026-03-24 01:05:07 [DEBUG] __main__ — [transport:acc1] file-recv  fileId=2990279845  action=data
2026-03-24 01:05:07 [DEBUG] __main__ — [bfc8a433] <- data #20  2900B  seq=20
2026-03-24 01:05:07 [DEBUG] __main__ — [transport:acc2] file-recv  fileId=2992877613  action=data
2026-03-24 01:05:07 [DEBUG] __main__ — [bfc8a433] <- data #21  2900B  seq=19
2026-03-24 01:05:08 [DEBUG] __main__ — [transport:acc1] file-recv  fileId=2986139085  action=data
2026-03-24 01:05:08 [DEBUG] __main__ — [bfc8a433] <- data #22  2900B  seq=22
2026-03-24 01:05:08 [DEBUG] __main__ — [transport:acc2] file-recv  fileId=2980860784  action=data
2026-03-24 01:05:08 [DEBUG] __main__ — [bfc8a433] <- data #23  2900B  seq=21
2026-03-24 01:05:08 [DEBUG] __main__ — [transport:acc1] file-recv  fileId=2992688687  action=data
2026-03-24 01:05:08 [DEBUG] __main__ — [bfc8a433] <- data #24  2900B  seq=24
2026-03-24 01:05:08 [DEBUG] __main__ — [transport:acc2] text-recv  action=data  id=bfc8a433
2026-03-24 01:05:08 [DEBUG] __main__ — [bfc8a433] <- data #25  1420B  seq=25
2026-03-24 01:05:09 [DEBUG] __main__ — [transport:acc2] file-recv  fileId=2987936981  action=data
2026-03-24 01:05:09 [DEBUG] __main__ — [bfc8a433] <- data #26  2900B  seq=23
2026-03-24 01:05:09 [DEBUG] __main__ — [transport:acc1] file-recv  fileId=2980452484  action=data
2026-03-24 01:05:09 [DEBUG] __main__ — [bfc8a433] <- data #27  2900B  seq=26
2026-03-24 01:05:09 [DEBUG] __main__ — [transport:acc2] file-recv  fileId=2993462561  action=data
2026-03-24 01:05:09 [DEBUG] __main__ — [bfc8a433] <- data #28  2900B  seq=27
2026-03-24 01:05:09 [DEBUG] __main__ — [transport:acc1] file-recv  fileId=2976591315  action=data
2026-03-24 01:05:09 [DEBUG] __main__ — [bfc8a433] <- data #29  2900B  seq=28
2026-03-24 01:05:10 [DEBUG] __main__ — [transport:acc2] file-recv  fileId=2981364344  action=data
2026-03-24 01:05:10 [DEBUG] __main__ — [bfc8a433] <- data #30  2900B  seq=29
2026-03-24 01:05:10 [DEBUG] __main__ — [transport:acc1] file-recv  fileId=2992435756  action=data
2026-03-24 01:05:10 [DEBUG] __main__ — [bfc8a433] <- data #31  2900B  seq=30
2026-03-24 01:05:10 [DEBUG] __main__ — [transport:acc2] file-recv  fileId=2981067948  action=data
2026-03-24 01:05:10 [DEBUG] __main__ — [bfc8a433] <- data #32  2900B  seq=31
2026-03-24 01:05:11 [DEBUG] __main__ — [transport:acc1] file-recv  fileId=2984748708  action=data
2026-03-24 01:05:11 [DEBUG] __main__ — [bfc8a433] <- data #33  2900B  seq=32
2026-03-24 01:05:11 [DEBUG] __main__ — [transport:acc2] file-recv  fileId=2990231850  action=data
2026-03-24 01:05:11 [DEBUG] __main__ — [bfc8a433] <- data #34  2900B  seq=33
2026-03-24 01:05:11 [DEBUG] __main__ — [transport:acc1] file-recv  fileId=2993484027  action=data
2026-03-24 01:05:11 [DEBUG] __main__ — [bfc8a433] <- data #35  2900B  seq=34
2026-03-24 01:05:12 [DEBUG] __main__ — [transport:acc2] file-recv  fileId=2983421041  action=data
2026-03-24 01:05:12 [DEBUG] __main__ — [bfc8a433] <- data #36  2900B  seq=35
2026-03-24 01:05:12 [DEBUG] __main__ — [transport:acc1] file-recv  fileId=2985699942  action=data
2026-03-24 01:05:12 [DEBUG] __main__ — [bfc8a433] <- data #37  2900B  seq=36
2026-03-24 01:05:12 [DEBUG] __main__ — [transport:acc2] file-recv  fileId=2986994882  action=data
2026-03-24 01:05:12 [DEBUG] __main__ — [bfc8a433] <- data #38  2900B  seq=37
2026-03-24 01:05:12 [DEBUG] __main__ — [transport:acc1] file-recv  fileId=2990018179  action=data
2026-03-24 01:05:12 [DEBUG] __main__ — [bfc8a433] <- data #39  2900B  seq=38
2026-03-24 01:05:13 [DEBUG] __main__ — [transport:acc2] file-recv  fileId=2993664803  action=data
2026-03-24 01:05:13 [DEBUG] __main__ — [bfc8a433] <- data #40  2900B  seq=39
2026-03-24 01:05:13 [DEBUG] __main__ — [transport:acc1] file-recv  fileId=2986824167  action=data
2026-03-24 01:05:13 [DEBUG] __main__ — [bfc8a433] <- data #41  2900B  seq=40
2026-03-24 01:05:13 [DEBUG] __main__ — [transport:acc2] file-recv  fileId=2988434010  action=data
2026-03-24 01:05:13 [DEBUG] __main__ — [bfc8a433] <- data #42  2900B  seq=41
2026-03-24 01:05:14 [DEBUG] __main__ — [transport:acc1] file-recv  fileId=2991584302  action=data
2026-03-24 01:05:14 [DEBUG] __main__ — [bfc8a433] <- data #43  2900B  seq=42
2026-03-24 01:05:14 [DEBUG] __main__ — [transport:acc2] file-recv  fileId=2980452740  action=data
2026-03-24 01:05:14 [DEBUG] __main__ — [bfc8a433] <- data #44  2900B  seq=43
2026-03-24 01:05:14 [DEBUG] __main__ — [transport:acc1] file-recv  fileId=2979861920  action=data
2026-03-24 01:05:14 [DEBUG] __main__ — [bfc8a433] <- data #45  2900B  seq=44
2026-03-24 01:05:14 [DEBUG] __main__ — [transport:acc2] file-recv  fileId=2992003513  action=data
2026-03-24 01:05:14 [DEBUG] __main__ — [bfc8a433] <- data #46  2900B  seq=45
2026-03-24 01:05:15 [DEBUG] __main__ — [transport:acc2] file-recv  fileId=2990098194  action=data
2026-03-24 01:05:15 [DEBUG] __main__ — [bfc8a433] <- data #47  2900B  seq=47
2026-03-24 01:05:15 [DEBUG] __main__ — [transport:acc1] file-recv  fileId=2988335077  action=data
2026-03-24 01:05:15 [DEBUG] __main__ — [bfc8a433] <- data #48  2900B  seq=46
2026-03-24 01:05:16 [DEBUG] __main__ — [transport:acc2] file-recv  fileId=2983421809  action=data
2026-03-24 01:05:16 [DEBUG] __main__ — [bfc8a433] <- data #49  2900B  seq=49
2026-03-24 01:05:16 [DEBUG] __main__ — [transport:acc1] file-recv  fileId=2986091134  action=data
2026-03-24 01:05:16 [DEBUG] __main__ — [bfc8a433] <- data #50  2900B  seq=48
2026-03-24 01:05:16 [DEBUG] __main__ — [transport:acc2] file-recv  fileId=2977144031  action=data
2026-03-24 01:05:16 [DEBUG] __main__ — [bfc8a433] <- data #51  2900B  seq=51
2026-03-24 01:05:16 [DEBUG] __main__ — [transport:acc1] file-recv  fileId=2993033193  action=data
2026-03-24 01:05:16 [DEBUG] __main__ — [bfc8a433] <- data #52  2900B  seq=50
2026-03-24 01:05:17 [DEBUG] __main__ — [transport:acc1] text-recv  action=data  id=bfc8a433
2026-03-24 01:05:17 [DEBUG] __main__ — [bfc8a433] <- data #53  1639B  seq=54
2026-03-24 01:05:17 [DEBUG] __main__ — [transport:acc2] file-recv  fileId=2986766143  action=data
2026-03-24 01:05:17 [DEBUG] __main__ — [bfc8a433] <- data #54  2900B  seq=53
2026-03-24 01:05:17 [DEBUG] __main__ — [transport:acc1] file-recv  fileId=2986973259  action=data
2026-03-24 01:05:17 [DEBUG] __main__ — [bfc8a433] <- data #55  2900B  seq=52
2026-03-24 01:05:17 [DEBUG] __main__ — [bfc8a433] -> #4  31B  seq=3
2026-03-24 01:05:17 [DEBUG] __main__ — [transport:acc2] text-send  len=102  action=data
2026-03-24 01:05:17 [DEBUG] __main__ — [bfc8a433] local EOF
2026-03-24 01:05:17 [DEBUG] __main__ — [transport:acc1] text-send  len=57  action=close
2026-03-24 01:05:18 [INFO] __main__ — DONE 81.19.72.32:443 [bfc8a433] | ↑894B/4f (0.0 КБ/с)  ↓148344B/55f (7.8 КБ/с)  18.6s
2026-03-24 01:05:20 [DEBUG] __main__ — [transport:acc2] keepalive sent
2026-03-24 01:05:20 [DEBUG] __main__ — [transport:acc1] keepalive sent
2026-03-24 01:05:27 [INFO] __main__ — SOCKS5 → www.google.com:443
2026-03-24 01:05:27 [DEBUG] __main__ — [transport:acc2] text-send  len=81  action=connect
2026-03-24 01:05:28 [DEBUG] __main__ — [transport:acc2] text-recv  action=ok  id=4f46f4b1
2026-03-24 01:05:28 [DEBUG] __main__ — [4f46f4b1] <- ok
2026-03-24 01:05:28 [INFO] __main__ — tunnel www.google.com:443 [4f46f4b1]  открыт за ~364 мс
2026-03-24 01:05:28 [DEBUG] __main__ — [4f46f4b1] -> #1  1756B  seq=0
2026-03-24 01:05:28 [DEBUG] __main__ — [transport:acc1] text-send  len=2402  action=data
2026-03-24 01:05:28 [INFO] __main__ — SOCKS5 → www.google.com:443
2026-03-24 01:05:28 [DEBUG] __main__ — [transport:acc1] text-send  len=81  action=connect
2026-03-24 01:05:28 [INFO] __main__ — SOCKS5 → www.google.com:443
2026-03-24 01:05:28 [DEBUG] __main__ — [transport:acc2] text-send  len=81  action=connect
2026-03-24 01:05:28 [INFO] __main__ — SOCKS5 → www.google.com:443
2026-03-24 01:05:28 [DEBUG] __main__ — [transport:acc1] text-send  len=81  action=connect
2026-03-24 01:05:28 [DEBUG] __main__ — [transport:acc1] text-recv  action=ok  id=e2d1825a
2026-03-24 01:05:28 [DEBUG] __main__ — [e2d1825a] <- ok
2026-03-24 01:05:28 [INFO] __main__ — tunnel www.google.com:443 [e2d1825a]  открыт за ~459 мс
2026-03-24 01:05:28 [DEBUG] __main__ — [e2d1825a] -> #1  1820B  seq=0
2026-03-24 01:05:28 [DEBUG] __main__ — [transport:acc1] text-send  len=2486  action=data
2026-03-24 01:05:28 [DEBUG] __main__ — [transport:acc2] text-recv  action=ok  id=f2cf7542
2026-03-24 01:05:28 [DEBUG] __main__ — [f2cf7542] <- ok
2026-03-24 01:05:28 [INFO] __main__ — tunnel www.google.com:443 [f2cf7542]  открыт за ~355 мс
2026-03-24 01:05:28 [DEBUG] __main__ — [f2cf7542] -> #1  1724B  seq=0
2026-03-24 01:05:28 [DEBUG] __main__ — [transport:acc1] text-send  len=2358  action=data
2026-03-24 01:05:28 [INFO] __main__ — SOCKS5 → www.google.com:443
2026-03-24 01:05:28 [DEBUG] __main__ — [transport:acc2] text-send  len=81  action=connect
2026-03-24 01:05:29 [DEBUG] __main__ — [transport:acc2] file-recv  fileId=2990921266  action=data
2026-03-24 01:05:29 [DEBUG] __main__ — [4f46f4b1] <- data #1  2480B  seq=1
2026-03-24 01:05:29 [DEBUG] __main__ — [transport:acc1] file-recv  fileId=2992107582  action=data
2026-03-24 01:05:29 [DEBUG] __main__ — [4f46f4b1] <- data #2  2900B  seq=0
2026-03-24 01:05:29 [DEBUG] __main__ — [4f46f4b1] -> #2  2900B  seq=1
2026-03-24 01:05:29 [DEBUG] __main__ — [transport:acc2] file-send  size=2955  action=data
2026-03-24 01:05:29 [DEBUG] __main__ — [4f46f4b1] -> #3  1841B  seq=2
2026-03-24 01:05:29 [DEBUG] __main__ — [transport:acc1] text-send  len=2514  action=data
2026-03-24 01:05:29 [DEBUG] __main__ — [transport:acc1] text-recv  action=ok  id=b9ce2914
2026-03-24 01:05:29 [DEBUG] __main__ — [b9ce2914] <- ok
2026-03-24 01:05:29 [INFO] __main__ — tunnel www.google.com:443 [b9ce2914]  открыт за ~362 мс
2026-03-24 01:05:29 [DEBUG] __main__ — [b9ce2914] -> #1  1788B  seq=0
2026-03-24 01:05:29 [DEBUG] __main__ — [transport:acc1] text-send  len=2442  action=data
2026-03-24 01:05:29 [DEBUG] __main__ — [transport:acc2] text-recv  action=data  id=e2d1825a
2026-03-24 01:05:29 [DEBUG] __main__ — [e2d1825a] <- data #1  1175B  seq=1
2026-03-24 01:05:29 [DEBUG] __main__ — [4f46f4b1] -> #4  2900B  seq=3
2026-03-24 01:05:29 [DEBUG] __main__ — [4f46f4b1] -> #5  1705B  seq=4
2026-03-24 01:05:29 [DEBUG] __main__ — [transport:acc1] text-send  len=2334  action=data
2026-03-24 01:05:29 [DEBUG] __main__ — [transport:acc2] text-recv  action=ok  id=6db5d360
2026-03-24 01:05:29 [DEBUG] __main__ — [transport:acc2] text-recv  action=data  id=f2cf7542
2026-03-24 01:05:29 [DEBUG] __main__ — [6db5d360] <- ok
2026-03-24 01:05:29 [DEBUG] __main__ — [f2cf7542] <- data #1  1175B  seq=1
2026-03-24 01:05:29 [INFO] __main__ — tunnel www.google.com:443 [6db5d360]  открыт за ~360 мс
2026-03-24 01:05:29 [DEBUG] __main__ — [6db5d360] -> #1  1788B  seq=0
2026-03-24 01:05:29 [DEBUG] __main__ — [transport:acc1] text-send  len=2442  action=data
2026-03-24 01:05:29 [DEBUG] __main__ — [4f46f4b1] -> #6  2900B  seq=5
2026-03-24 01:05:29 [DEBUG] __main__ — [4f46f4b1] -> #7  1701B  seq=6
2026-03-24 01:05:29 [DEBUG] __main__ — [transport:acc1] text-send  len=2326  action=data
2026-03-24 01:05:29 [DEBUG] __main__ — [transport:acc2] upload ok  fileId=2987191741  size=2955
2026-03-24 01:05:29 [DEBUG] __main__ — [4f46f4b1] -> #8  2900B  seq=7
2026-03-24 01:05:29 [DEBUG] __main__ — [4f46f4b1] -> #9  1696B  seq=8
2026-03-24 01:05:29 [DEBUG] __main__ — [transport:acc1] text-send  len=2322  action=data
2026-03-24 01:05:29 [DEBUG] __main__ — [4f46f4b1] -> #10  35B  seq=9
2026-03-24 01:05:29 [DEBUG] __main__ — [transport:acc2] file-send  size=2955  action=data
2026-03-24 01:05:29 [DEBUG] __main__ — [transport:acc2] пропускаем свой исходящий файл fileId=2987191741
2026-03-24 01:05:29 [DEBUG] __main__ — [transport:acc1] file-recv  fileId=2976591827  action=data
2026-03-24 01:05:29 [DEBUG] __main__ — [e2d1825a] <- data #2  2900B  seq=0
2026-03-24 01:05:30 [DEBUG] __main__ — [e2d1825a] -> #2  74B  seq=1
2026-03-24 01:05:30 [DEBUG] __main__ — [transport:acc2] upload ok  fileId=2980021396  size=2955
2026-03-24 01:05:30 [DEBUG] __main__ — [transport:acc2] file-recv  fileId=2980777653  action=data
2026-03-24 01:05:30 [DEBUG] __main__ — [b9ce2914] <- data #1  2480B  seq=1
2026-03-24 01:05:30 [DEBUG] __main__ — [4f46f4b1] -> #11  2900B  seq=10
2026-03-24 01:05:30 [DEBUG] __main__ — [transport:acc1] file-send  size=2956  action=data
2026-03-24 01:05:30 [DEBUG] __main__ — [4f46f4b1] -> #12  1657B  seq=11
2026-03-24 01:05:30 [DEBUG] __main__ — [transport:acc2] file-send  size=2955  action=data
2026-03-24 01:05:30 [DEBUG] __main__ — [4f46f4b1] -> #13  2900B  seq=12
2026-03-24 01:05:30 [DEBUG] __main__ — [4f46f4b1] -> #14  1693B  seq=13
2026-03-24 01:05:30 [DEBUG] __main__ — [transport:acc2] пропускаем свой исходящий файл fileId=2980021396
2026-03-24 01:05:30 [DEBUG] __main__ — [transport:acc1] file-recv  fileId=2985746949  action=data
2026-03-24 01:05:30 [DEBUG] __main__ — [f2cf7542] <- data #2  2900B  seq=0
2026-03-24 01:05:30 [DEBUG] __main__ — [f2cf7542] -> #2  74B  seq=1
2026-03-24 01:05:30 [DEBUG] __main__ — [4f46f4b1] -> #15  2900B  seq=14
2026-03-24 01:05:30 [DEBUG] __main__ — [4f46f4b1] -> #16  1693B  seq=15
2026-03-24 01:05:30 [DEBUG] __main__ — [transport:acc2] upload ok  fileId=2988465598  size=2955
2026-03-24 01:05:30 [DEBUG] __main__ — [4f46f4b1] -> #17  2900B  seq=16
2026-03-24 01:05:30 [DEBUG] __main__ — [4f46f4b1] -> #18  1694B  seq=17
2026-03-24 01:05:30 [DEBUG] __main__ — [transport:acc1] upload ok  fileId=2990194786  size=2956
2026-03-24 01:05:30 [DEBUG] __main__ — [transport:acc2] file-send  size=2955  action=data
2026-03-24 01:05:31 [DEBUG] __main__ — [transport:acc2] пропускаем свой исходящий файл fileId=2988465598
2026-03-24 01:05:31 [DEBUG] __main__ — [transport:acc1] file-send  size=2956  action=data
2026-03-24 01:05:31 [DEBUG] __main__ — [4f46f4b1] -> #19  35B  seq=18
2026-03-24 01:05:31 [INFO] __main__ — SOCKS5 → www.speedtest.net:443
2026-03-24 01:05:31 [DEBUG] __main__ — [transport:acc1] file-recv  fileId=2983540529  action=data
2026-03-24 01:05:31 [DEBUG] __main__ — [b9ce2914] <- data #2  2900B  seq=0
2026-03-24 01:05:31 [DEBUG] __main__ — [b9ce2914] -> #2  74B  seq=1
2026-03-24 01:05:31 [DEBUG] __main__ — [transport:acc1] пропускаем свой исходящий файл fileId=2990194786
2026-03-24 01:05:31 [DEBUG] __main__ — [transport:acc2] upload ok  fileId=2988673034  size=2955
2026-03-24 01:05:31 [DEBUG] __main__ — [transport:acc1] upload ok  fileId=2984886698  size=2956
2026-03-24 01:05:31 [DEBUG] __main__ — [transport:acc2] file-recv  fileId=2993393526  action=data
2026-03-24 01:05:31 [DEBUG] __main__ — [4f46f4b1] <- data #3  2174B  seq=3
2026-03-24 01:05:31 [DEBUG] __main__ — [transport:acc2] text-recv  action=data  id=4f46f4b1
2026-03-24 01:05:31 [DEBUG] __main__ — [4f46f4b1] <- data #4  1159B  seq=5
2026-03-24 01:05:31 [DEBUG] __main__ — [transport:acc2] text-send  len=106  action=data
2026-03-24 01:05:31 [DEBUG] __main__ — [transport:acc2] text-send  len=158  action=data
2026-03-24 01:05:31 [DEBUG] __main__ — [transport:acc2] text-send  len=2271  action=data
2026-03-24 01:05:31 [DEBUG] __main__ — [transport:acc2] text-send  len=2319  action=data
2026-03-24 01:05:31 [DEBUG] __main__ — [transport:acc2] text-send  len=158  action=data
2026-03-24 01:05:31 [DEBUG] __main__ — [transport:acc2] text-send  len=2319  action=data
2026-03-24 01:05:31 [DEBUG] __main__ — [transport:acc2] text-send  len=2319  action=data
2026-03-24 01:05:31 [DEBUG] __main__ — [transport:acc2] text-send  len=158  action=data
2026-03-24 01:05:31 [DEBUG] __main__ — [transport:acc1] text-recv  action=data  id=4f46f4b1
2026-03-24 01:05:31 [DEBUG] __main__ — [4f46f4b1] <- data #5  1047B  seq=2
2026-03-24 01:05:31 [DEBUG] __main__ — [4f46f4b1] -> #20  70B  seq=19
2026-03-24 01:05:31 [DEBUG] __main__ — [transport:acc2] text-send  len=155  action=data
2026-03-24 01:05:31 [DEBUG] __main__ — [transport:acc2] пропускаем свой исходящий файл fileId=2988673034
2026-03-24 01:05:31 [DEBUG] __main__ — [transport:acc1] file-send  size=2956  action=data
2026-03-24 01:05:31 [DEBUG] __main__ — [transport:acc1] file-recv  fileId=2991686543  action=data
2026-03-24 01:05:31 [DEBUG] __main__ — [6db5d360] <- data #1  2900B  seq=0
2026-03-24 01:05:31 [DEBUG] __main__ — [transport:acc1] пропускаем свой исходящий файл fileId=2984886698
2026-03-24 01:05:31 [DEBUG] __main__ — [transport:acc1] upload ok  fileId=2992729316  size=2956
2026-03-24 01:05:32 [DEBUG] __main__ — [transport:acc1] file-send  size=2956  action=data
2026-03-24 01:05:32 [DEBUG] __main__ — [transport:acc1] пропускаем свой исходящий файл fileId=2992729316
2026-03-24 01:05:32 [DEBUG] __main__ — [transport:acc1] upload ok  fileId=2990848595  size=2956
2026-03-24 01:05:32 [DEBUG] __main__ — [transport:acc1] text-send  len=107  action=data
2026-03-24 01:05:32 [DEBUG] __main__ — [transport:acc1] text-send  len=84  action=connect
2026-03-24 01:05:32 [INFO] __main__ — SOCKS5 → eppo-proxy.phantom.app:443
2026-03-24 01:05:32 [DEBUG] __main__ — [transport:acc2] text-send  len=89  action=connect
2026-03-24 01:05:33 [DEBUG] __main__ — [transport:acc1] пропускаем свой исходящий файл fileId=2990848595
2026-03-24 01:05:33 [DEBUG] __main__ — [transport:acc2] text-recv  action=ok  id=d6965d44
2026-03-24 01:05:33 [DEBUG] __main__ — [d6965d44] <- ok
2026-03-24 01:05:33 [INFO] __main__ — tunnel eppo-proxy.phantom.app:443 [d6965d44]  открыт за ~343 мс
2026-03-24 01:05:33 [DEBUG] __main__ — [d6965d44] -> #1  2067B  seq=0
2026-03-24 01:05:33 [DEBUG] __main__ — [transport:acc1] text-send  len=2814  action=data
2026-03-24 01:05:33 [DEBUG] __main__ — [transport:acc1] file-recv  fileId=2990848595  action=data
2026-03-24 01:05:33 [DEBUG] __main__ — [4f46f4b1] <- data #6  2900B  seq=16
2026-03-24 01:05:33 [DEBUG] __main__ — [transport:acc1] text-recv  action=ok  id=520b0bc5
2026-03-24 01:05:33 [DEBUG] __main__ — [520b0bc5] <- ok
2026-03-24 01:05:33 [INFO] __main__ — tunnel www.speedtest.net:443 [520b0bc5]  открыт за ~2172 мс
2026-03-24 01:05:33 [DEBUG] __main__ — [520b0bc5] -> #1  1998B  seq=0
2026-03-24 01:05:33 [DEBUG] __main__ — [transport:acc1] text-send  len=2722  action=data
2026-03-24 01:05:33 [INFO] __main__ — SOCKS5 → data.phantom.app:443
2026-03-24 01:05:33 [DEBUG] __main__ — [transport:acc1] text-send  len=83  action=connect
2026-03-24 01:05:33 [INFO] __main__ — SOCKS5 → blowfish-blocklist-proxy.phantom.app:443
2026-03-24 01:05:33 [DEBUG] __main__ — [transport:acc2] text-send  len=103  action=connect
2026-03-24 01:05:33 [DEBUG] __main__ — [transport:acc1] text-recv  action=data  id=d6965d44
2026-03-24 01:05:33 [DEBUG] __main__ — [d6965d44] <- data #1  1375B  seq=0
2026-03-24 01:05:33 [DEBUG] __main__ — [d6965d44] -> #2  757B  seq=1
2026-03-24 01:05:33 [DEBUG] __main__ — [transport:acc2] text-send  len=1070  action=data
2026-03-24 01:05:33 [DEBUG] __main__ — [transport:acc1] text-recv  action=data  id=520b0bc5
2026-03-24 01:05:33 [DEBUG] __main__ — [520b0bc5] <- data #1  1375B  seq=0
2026-03-24 01:05:33 [DEBUG] __main__ — [520b0bc5] -> #2  1659B  seq=1
2026-03-24 01:05:33 [DEBUG] __main__ — [transport:acc2] text-send  len=2270  action=data
2026-03-24 01:05:33 [DEBUG] __main__ — [transport:acc2] text-recv  action=ok  id=c44e86f0
2026-03-24 01:05:33 [DEBUG] __main__ — [c44e86f0] <- ok
2026-03-24 01:05:33 [INFO] __main__ — tunnel blowfish-blocklist-proxy.phantom.app:443 [c44e86f0]  открыт за ~326 мс
2026-03-24 01:05:33 [DEBUG] __main__ — [c44e86f0] -> #1  2017B  seq=0
2026-03-24 01:05:33 [DEBUG] __main__ — [transport:acc1] text-send  len=2750  action=data
2026-03-24 01:05:33 [DEBUG] __main__ — [transport:acc1] text-recv  action=ok  id=843f8f2d
2026-03-24 01:05:33 [DEBUG] __main__ — [843f8f2d] <- ok
2026-03-24 01:05:33 [INFO] __main__ — tunnel data.phantom.app:443 [843f8f2d]  открыт за ~384 мс
2026-03-24 01:05:33 [DEBUG] __main__ — [843f8f2d] -> #1  1758B  seq=0
2026-03-24 01:05:33 [DEBUG] __main__ — [transport:acc1] text-send  len=2402  action=data
2026-03-24 01:05:33 [DEBUG] __main__ — [transport:acc2] text-recv  action=data  id=d6965d44
2026-03-24 01:05:33 [DEBUG] __main__ — [d6965d44] <- data #2  521B  seq=1
2026-03-24 01:05:33 [DEBUG] __main__ — [d6965d44] -> #3  31B  seq=2
2026-03-24 01:05:33 [DEBUG] __main__ — [transport:acc1] text-send  len=102  action=data
2026-03-24 01:05:33 [DEBUG] __main__ — [transport:acc2] text-recv  action=data  id=520b0bc5
2026-03-24 01:05:33 [DEBUG] __main__ — [520b0bc5] <- data #2  521B  seq=1
2026-03-24 01:05:33 [DEBUG] __main__ — [520b0bc5] -> #3  31B  seq=2
2026-03-24 01:05:33 [DEBUG] __main__ — [transport:acc1] text-send  len=102  action=data
2026-03-24 01:05:34 [DEBUG] __main__ — [transport:acc1] file-recv  fileId=2992436780  action=data
2026-03-24 01:05:34 [DEBUG] __main__ — [d6965d44] <- data #3  2900B  seq=2
2026-03-24 01:05:34 [DEBUG] __main__ — [transport:acc2] file-recv  fileId=2988044315  action=data
2026-03-24 01:05:34 [DEBUG] __main__ — [d6965d44] <- data #4  2900B  seq=3
2026-03-24 01:05:35 [DEBUG] __main__ — [transport:acc1] file-recv  fileId=2982082455  action=data
2026-03-24 01:05:35 [DEBUG] __main__ — [d6965d44] <- data #5  2900B  seq=4
2026-03-24 01:05:35 [DEBUG] __main__ — [transport:acc2] file-recv  fileId=2993156373  action=data
2026-03-24 01:05:35 [DEBUG] __main__ — [d6965d44] <- data #6  2900B  seq=5
2026-03-24 01:05:36 [DEBUG] __main__ — [transport:acc2] file-recv  fileId=2987411499  action=data
2026-03-24 01:05:36 [DEBUG] __main__ — [d6965d44] <- data #7  2900B  seq=7
2026-03-24 01:05:36 [DEBUG] __main__ — [transport:acc1] file-recv  fileId=2987159591  action=data
2026-03-24 01:05:36 [DEBUG] __main__ — [d6965d44] <- data #8  2900B  seq=6
2026-03-24 01:05:36 [DEBUG] __main__ — [transport:acc2] file-recv  fileId=2988467160  action=data
2026-03-24 01:05:36 [DEBUG] __main__ — [d6965d44] <- data #9  2900B  seq=9
2026-03-24 01:05:37 [DEBUG] __main__ — [transport:acc1] file-recv  fileId=2993218275  action=data
2026-03-24 01:05:37 [DEBUG] __main__ — [d6965d44] <- data #10  2900B  seq=8
2026-03-24 01:05:37 [DEBUG] __main__ — [transport:acc2] file-recv  fileId=2986766655  action=data
2026-03-24 01:05:37 [DEBUG] __main__ — [d6965d44] <- data #11  2900B  seq=11
2026-03-24 01:05:37 [DEBUG] __main__ — [transport:acc1] file-recv  fileId=2985451947  action=data
2026-03-24 01:05:37 [DEBUG] __main__ — [d6965d44] <- data #12  2900B  seq=10
2026-03-24 01:05:37 [DEBUG] __main__ — [d6965d44] -> #4  35B  seq=3
2026-03-24 01:05:37 [DEBUG] __main__ — [transport:acc2] text-send  len=106  action=data
2026-03-24 01:05:37 [DEBUG] __main__ — [transport:acc2] file-recv  fileId=2980917125  action=data
2026-03-24 01:05:37 [DEBUG] __main__ — [d6965d44] <- data #13  2900B  seq=15
2026-03-24 01:05:38 [DEBUG] __main__ — [transport:acc1] text-recv  action=data  id=c44e86f0
2026-03-24 01:05:38 [DEBUG] __main__ — [c44e86f0] <- data #1  1375B  seq=0
2026-03-24 01:05:38 [DEBUG] __main__ — [c44e86f0] -> #2  1041B  seq=1
2026-03-24 01:05:38 [DEBUG] __main__ — [transport:acc2] text-send  len=1446  action=data
2026-03-24 01:05:38 [DEBUG] __main__ — [transport:acc1] file-recv  fileId=2977144287  action=data
2026-03-24 01:05:38 [DEBUG] __main__ — [d6965d44] <- data #14  2900B  seq=12
2026-03-24 01:05:38 [DEBUG] __main__ — [transport:acc2] file-recv  fileId=2986996162  action=data
2026-03-24 01:05:38 [DEBUG] __main__ — [d6965d44] <- data #15  2900B  seq=17
2026-03-24 01:05:38 [DEBUG] __main__ — [transport:acc1] file-recv  fileId=2978729069  action=data
2026-03-24 01:05:38 [DEBUG] __main__ — [d6965d44] <- data #16  2900B  seq=14
2026-03-24 01:05:39 [DEBUG] __main__ — [transport:acc2] file-recv  fileId=2990098450  action=data
2026-03-24 01:05:39 [DEBUG] __main__ — [d6965d44] <- data #17  2900B  seq=19
2026-03-24 01:05:39 [DEBUG] __main__ — [transport:acc1] file-recv  fileId=2985377207  action=data
2026-03-24 01:05:39 [DEBUG] __main__ — [d6965d44] <- data #18  2900B  seq=16
2026-03-24 01:05:39 [DEBUG] __main__ — [transport:acc2] file-recv  fileId=2991126780  action=data
2026-03-24 01:05:39 [DEBUG] __main__ — [d6965d44] <- data #19  2900B  seq=21
2026-03-24 01:05:40 [DEBUG] __main__ — [transport:acc1] file-recv  fileId=2986521843  action=data
2026-03-24 01:05:40 [DEBUG] __main__ — [d6965d44] <- data #20  2900B  seq=18
2026-03-24 01:05:40 [DEBUG] __main__ — [transport:acc2] file-recv  fileId=2992932409  action=data
2026-03-24 01:05:40 [DEBUG] __main__ — [d6965d44] <- data #21  2900B  seq=23
2026-03-24 01:05:40 [DEBUG] __main__ — [transport:acc1] file-recv  fileId=2993922071  action=data
2026-03-24 01:05:40 [DEBUG] __main__ — [d6965d44] <- data #22  2900B  seq=20
2026-03-24 01:05:40 [DEBUG] __main__ — [transport:acc2] file-recv  fileId=2992299905  action=data
2026-03-24 01:05:40 [DEBUG] __main__ — [d6965d44] <- data #23  2900B  seq=25
2026-03-24 01:05:41 [DEBUG] __main__ — [transport:acc1] file-recv  fileId=2988317273  action=data
2026-03-24 01:05:41 [DEBUG] __main__ — [d6965d44] <- data #24  2900B  seq=22
2026-03-24 01:05:41 [DEBUG] __main__ — [transport:acc2] file-recv  fileId=2978435516  action=data
2026-03-24 01:05:41 [DEBUG] __main__ — [d6965d44] <- data #25  2900B  seq=27
2026-03-24 01:05:41 [DEBUG] __main__ — [transport:acc1] file-recv  fileId=2991096231  action=data
2026-03-24 01:05:41 [DEBUG] __main__ — [d6965d44] <- data #26  2900B  seq=24
2026-03-24 01:05:42 [DEBUG] __main__ — [transport:acc2] file-recv  fileId=2987088909  action=data
2026-03-24 01:05:42 [DEBUG] __main__ — [d6965d44] <- data #27  2900B  seq=29
2026-03-24 01:05:42 [DEBUG] __main__ — [transport:acc1] file-recv  fileId=2991127036  action=data
2026-03-24 01:05:42 [DEBUG] __main__ — [d6965d44] <- data #28  2900B  seq=26
2026-03-24 01:05:42 [DEBUG] __main__ — [transport:acc2] file-recv  fileId=2981531989  action=data
2026-03-24 01:05:42 [DEBUG] __main__ — [d6965d44] <- data #29  2900B  seq=31
2026-03-24 01:05:42 [DEBUG] __main__ — [transport:acc1] file-recv  fileId=2979043880  action=data
2026-03-24 01:05:42 [DEBUG] __main__ — [d6965d44] <- data #30  2900B  seq=28
2026-03-24 01:05:43 [DEBUG] __main__ — [transport:acc2] file-recv  fileId=2993393782  action=data
2026-03-24 01:05:43 [DEBUG] __main__ — [d6965d44] <- data #31  2900B  seq=33
2026-03-24 01:05:43 [DEBUG] __main__ — [transport:acc1] file-recv  fileId=2990019459  action=data
2026-03-24 01:05:43 [DEBUG] __main__ — [d6965d44] <- data #32  2900B  seq=30
2026-03-24 01:05:43 [DEBUG] __main__ — [transport:acc2] file-recv  fileId=2988384473  action=data
2026-03-24 01:05:43 [DEBUG] __main__ — [d6965d44] <- data #33  2900B  seq=35
2026-03-24 01:05:44 [DEBUG] __main__ — [transport:acc2] file-recv  fileId=2992689711  action=data
2026-03-24 01:05:44 [DEBUG] __main__ — [d6965d44] <- data #34  2900B  seq=37
2026-03-24 01:05:45 [DEBUG] __main__ — [transport:acc2] keepalive sent
2026-03-24 01:05:45 [DEBUG] __main__ — [transport:acc1] keepalive sent
2026-03-24 01:05:48 [INFO] __main__ — SOCKS5 → collector.bsg.brave.com:443
2026-03-24 01:05:48 [DEBUG] __main__ — [transport:acc1] text-send  len=90  action=connect
2026-03-24 01:05:53 [INFO] __main__ — SOCKS5 → data.phantom.app:443
2026-03-24 01:05:53 [DEBUG] __main__ — [transport:acc2] text-send  len=83  action=connect
2026-03-24 01:05:55 [WARNING] __main__ — [transport:acc1] op88 timeout fileId=2992729572 attempt=1, retrying...
2026-03-24 01:05:56 [WARNING] __main__ — [transport:acc1] op88 timeout fileId=2992834592 attempt=1, retrying...
2026-03-24 01:05:56 [WARNING] __main__ — [transport:acc2] op88 timeout fileId=2991697013 attempt=1, retrying...
2026-03-24 01:05:56 [INFO] __main__ — SOCKS5 → api.github.com:443
2026-03-24 01:05:56 [DEBUG] __main__ — [transport:acc1] text-send  len=81  action=connect
2026-03-24 01:05:57 [WARNING] __main__ — [transport:acc1] op88 timeout fileId=2990278263 attempt=1, retrying...
2026-03-24 01:05:57 [WARNING] __main__ — [transport:acc2] op88 timeout fileId=2991686799 attempt=1, retrying...
2026-03-24 01:05:57 [WARNING] __main__ — [transport:acc1] op88 timeout fileId=2985504442 attempt=1, retrying...
2026-03-24 01:05:57 [WARNING] __main__ — [transport:acc2] op88 timeout fileId=2983331052 attempt=1, retrying...
2026-03-24 01:05:58 [DEBUG] __main__ — [transport:acc2] text-recv  action=data  id=d6965d44
2026-03-24 01:05:58 [DEBUG] __main__ — [d6965d44] <- data #35  715B  seq=85
2026-03-24 01:05:58 [WARNING] __main__ — [transport:acc2] op88 timeout fileId=2991285816 attempt=1, retrying...
2026-03-24 01:05:58 [DEBUG] __main__ — [6db5d360] local EOF
2026-03-24 01:05:58 [DEBUG] __main__ — [transport:acc2] text-send  len=57  action=close
2026-03-24 01:05:59 [INFO] __main__ — DONE www.google.com:443 [6db5d360] | ↑1788B/1f (0.1 КБ/с)  ↓2900B/1f (0.1 КБ/с)  30.5s
2026-03-24 01:06:02 [ERROR] asyncio — Unclosed connector
connections: ['[(<aiohttp.client_proto.ResponseHandler object at 0x72e529ba4400>, 89734.254255323)]', '[(<aiohttp.client_proto.ResponseHandler object at 0x72e529ba4c40>, 89747.447063296)]']
connector: <aiohttp.connector.TCPConnector object at 0x72e529b371f0>
2026-03-24 01:06:02 [ERROR] asyncio — Unclosed client session
client_session: <aiohttp.client.ClientSession object at 0x72e529b35cf0>
2026-03-24 01:06:02 [ERROR] asyncio — Unclosed connector
connections: ['[(<aiohttp.client_proto.ResponseHandler object at 0x72e529ba5a80>, 89735.600509966)]', '[(<aiohttp.client_proto.ResponseHandler object at 0x72e529b47ee0>, 89746.528072071)]']
connector: <aiohttp.connector.TCPConnector object at 0x72e529b34fd0>
2026-03-24 01:06:02 [ERROR] asyncio — Fatal error on SSL transport
protocol: <asyncio.sslproto.SSLProtocol object at 0x72e529b7db40>
transport: <_SelectorSocketTransport closing fd=12>
Traceback (most recent call last):
  File "/usr/lib/python3.10/asyncio/selector_events.py", line 924, in write
    n = self._sock.send(data)
OSError: [Errno 9] Bad file descriptor

During handling of the above exception, another exception occurred:

Traceback (most recent call last):
  File "/usr/lib/python3.10/asyncio/sslproto.py", line 690, in _process_write_backlog
    self._transport.write(chunk)
  File "/usr/lib/python3.10/asyncio/selector_events.py", line 930, in write
    self._fatal_error(exc, 'Fatal write error on socket transport')
  File "/usr/lib/python3.10/asyncio/selector_events.py", line 725, in _fatal_error
    self._force_close(exc)
  File "/usr/lib/python3.10/asyncio/selector_events.py", line 737, in _force_close
    self._loop.call_soon(self._call_connection_lost, exc)
  File "/usr/lib/python3.10/asyncio/base_events.py", line 753, in call_soon
    self._check_closed()
  File "/usr/lib/python3.10/asyncio/base_events.py", line 515, in _check_closed
    raise RuntimeError('Event loop is closed')
RuntimeError: Event loop is closed
2026-03-24 01:06:02 [ERROR] asyncio — Fatal error on SSL transport
protocol: <asyncio.sslproto.SSLProtocol object at 0x72e529b7f640>
transport: <_SelectorSocketTransport closing fd=17>
Traceback (most recent call last):
  File "/usr/lib/python3.10/asyncio/selector_events.py", line 924, in write
    n = self._sock.send(data)
OSError: [Errno 9] Bad file descriptor

During handling of the above exception, another exception occurred:

Traceback (most recent call last):
  File "/usr/lib/python3.10/asyncio/sslproto.py", line 690, in _process_write_backlog
    self._transport.write(chunk)
  File "/usr/lib/python3.10/asyncio/selector_events.py", line 930, in write
    self._fatal_error(exc, 'Fatal write error on socket transport')
  File "/usr/lib/python3.10/asyncio/selector_events.py", line 725, in _fatal_error
    self._force_close(exc)
  File "/usr/lib/python3.10/asyncio/selector_events.py", line 737, in _force_close
    self._loop.call_soon(self._call_connection_lost, exc)
  File "/usr/lib/python3.10/asyncio/base_events.py", line 753, in call_soon
    self._check_closed()
  File "/usr/lib/python3.10/asyncio/base_events.py", line 515, in _check_closed
    raise RuntimeError('Event loop is closed')
RuntimeError: Event loop is closed
2026-03-24 01:06:02 [ERROR] asyncio — Fatal error on SSL transport
protocol: <asyncio.sslproto.SSLProtocol object at 0x72e529b7d2d0>
transport: <_SelectorSocketTransport closing fd=11>
Traceback (most recent call last):
  File "/usr/lib/python3.10/asyncio/selector_events.py", line 924, in write
    n = self._sock.send(data)
OSError: [Errno 9] Bad file descriptor

During handling of the above exception, another exception occurred:

Traceback (most recent call last):
  File "/usr/lib/python3.10/asyncio/sslproto.py", line 690, in _process_write_backlog
    self._transport.write(chunk)
  File "/usr/lib/python3.10/asyncio/selector_events.py", line 930, in write
    self._fatal_error(exc, 'Fatal write error on socket transport')
  File "/usr/lib/python3.10/asyncio/selector_events.py", line 725, in _fatal_error
    self._force_close(exc)
  File "/usr/lib/python3.10/asyncio/selector_events.py", line 737, in _force_close
    self._loop.call_soon(self._call_connection_lost, exc)
  File "/usr/lib/python3.10/asyncio/base_events.py", line 753, in call_soon
    self._check_closed()
  File "/usr/lib/python3.10/asyncio/base_events.py", line 515, in _check_closed
    raise RuntimeError('Event loop is closed')
RuntimeError: Event loop is closed
2026-03-24 01:06:02 [ERROR] asyncio — Fatal error on SSL transport
protocol: <asyncio.sslproto.SSLProtocol object at 0x72e529b7fee0>
transport: <_SelectorSocketTransport closing fd=18>
Traceback (most recent call last):
  File "/usr/lib/python3.10/asyncio/selector_events.py", line 924, in write
    n = self._sock.send(data)
OSError: [Errno 9] Bad file descriptor

During handling of the above exception, another exception occurred:

Traceback (most recent call last):
  File "/usr/lib/python3.10/asyncio/sslproto.py", line 690, in _process_write_backlog
    self._transport.write(chunk)
  File "/usr/lib/python3.10/asyncio/selector_events.py", line 930, in write
    self._fatal_error(exc, 'Fatal write error on socket transport')
  File "/usr/lib/python3.10/asyncio/selector_events.py", line 725, in _fatal_error
    self._force_close(exc)
  File "/usr/lib/python3.10/asyncio/selector_events.py", line 737, in _force_close
    self._loop.call_soon(self._call_connection_lost, exc)
  File "/usr/lib/python3.10/asyncio/base_events.py", line 753, in call_soon
    self._check_closed()
  File "/usr/lib/python3.10/asyncio/base_events.py", line 515, in _check_closed
    raise RuntimeError('Event loop is closed')
RuntimeError: Event loop is closed
