2026-03-24 11:20:06 [INFO] __main__ — SOCKS5 запущен  127.0.0.1:1080  transports=2
2026-03-24 11:20:07 [INFO] __main__ — Авторизован [acc1], chatId=0 (self-chat)
2026-03-24 11:20:07 [INFO] __main__ — Авторизован [acc2], chatId=0 (self-chat)
2026-03-24 11:20:11 [INFO] __main__ — SOCKS5 → 81.19.72.33:443
2026-03-24 11:20:11 [DEBUG] __main__ — [transport:acc1] ctrl-send  len=85  action=connect  ms=0
2026-03-24 11:20:11 [DEBUG] __main__ — [transport:acc1] text-recv  action=ok  id=cef83e1d
2026-03-24 11:20:11 [DEBUG] __main__ — [cef83e1d] <- ok
2026-03-24 11:20:11 [INFO] __main__ — tunnel 81.19.72.33:443 [cef83e1d]  открыт за ~279 мс
2026-03-24 11:20:11 [DEBUG] __main__ — [cef83e1d] -> #1  517B  seq=0
2026-03-24 11:20:11 [DEBUG] __main__ — [transport:acc1] text-send  len=757  action=data  ms=1
2026-03-24 11:20:16 [DEBUG] __main__ — [transport:acc1] file-recv  fileId=2992432397  action=data
2026-03-24 11:20:16 [DEBUG] __main__ — [cef83e1d] <- data #1  3740B  seq=0
2026-03-24 11:20:16 [DEBUG] __main__ — [cef83e1d] -> #2  93B  seq=1
2026-03-24 11:20:16 [DEBUG] __main__ — [transport:acc2] text-send  len=189  action=data  ms=0
2026-03-24 11:20:16 [DEBUG] __main__ — [transport:acc2] text-recv  action=data  id=cef83e1d
2026-03-24 11:20:16 [DEBUG] __main__ — [cef83e1d] <- data #2  120B  seq=1
2026-03-24 11:20:16 [DEBUG] __main__ — [cef83e1d] -> #3  253B  seq=2
2026-03-24 11:20:16 [DEBUG] __main__ — [transport:acc1] text-send  len=405  action=data  ms=2
2026-03-24 11:20:17 [DEBUG] __main__ — [transport:acc2] text-recv  action=data  id=cef83e1d
2026-03-24 11:20:17 [DEBUG] __main__ — [cef83e1d] <- data #3  556B  seq=5
2026-03-24 11:20:17 [DEBUG] __main__ — [transport:acc1] file-recv  fileId=2996203501  action=data
2026-03-24 11:20:17 [DEBUG] __main__ — [cef83e1d] <- data #4  38474B  seq=2
2026-03-24 11:20:18 [DEBUG] __main__ — [transport:acc2] file-recv  fileId=2997608730  action=data
2026-03-24 11:20:18 [DEBUG] __main__ — [cef83e1d] <- data #5  46336B  seq=3
2026-03-24 11:20:19 [DEBUG] __main__ — [transport:acc1] file-recv  fileId=2988193364  action=data
2026-03-24 11:20:19 [DEBUG] __main__ — [cef83e1d] <- data #6  58148B  seq=4
2026-03-24 11:20:19 [DEBUG] __main__ — [cef83e1d] -> #4  31B  seq=3
2026-03-24 11:20:19 [DEBUG] __main__ — [transport:acc2] text-send  len=109  action=data  ms=1
2026-03-24 11:20:19 [DEBUG] __main__ — [cef83e1d] local EOF
2026-03-24 11:20:19 [DEBUG] __main__ — [transport:acc1] ctrl-send  len=64  action=close  ms=3
2026-03-24 11:20:20 [INFO] __main__ — DONE 81.19.72.33:443 [cef83e1d] | ↑894B/4f (0.1 КБ/с)  ↓147374B/6f (17.7 КБ/с)  8.1s
2026-03-24 11:20:24 [INFO] __main__ — SOCKS5 → 81.19.72.33:443
2026-03-24 11:20:24 [DEBUG] __main__ — [transport:acc2] ctrl-send  len=85  action=connect  ms=2
2026-03-24 11:20:25 [DEBUG] __main__ — [transport:acc2] text-recv  action=ok  id=8a0675cd
2026-03-24 11:20:25 [DEBUG] __main__ — [8a0675cd] <- ok
2026-03-24 11:20:25 [INFO] __main__ — tunnel 81.19.72.33:443 [8a0675cd]  открыт за ~278 мс
2026-03-24 11:20:25 [DEBUG] __main__ — [8a0675cd] -> #1  517B  seq=0
2026-03-24 11:20:25 [DEBUG] __main__ — [transport:acc1] text-send  len=757  action=data  ms=4
2026-03-24 11:20:32 [DEBUG] __main__ — [transport:acc1] keepalive sent
2026-03-24 11:20:32 [DEBUG] __main__ — [transport:acc2] keepalive sent
2026-03-24 11:20:57 [DEBUG] __main__ — [transport:acc1] keepalive sent
2026-03-24 11:20:57 [DEBUG] __main__ — [transport:acc2] keepalive sent
2026-03-24 11:21:22 [DEBUG] __main__ — [transport:acc1] keepalive sent
2026-03-24 11:21:22 [DEBUG] __main__ — [transport:acc2] keepalive sent
2026-03-24 11:21:25 [DEBUG] __main__ — [transport:acc2] text-recv  action=closed  id=8a0675cd
2026-03-24 11:21:25 [DEBUG] __main__ — [8a0675cd] <- closed by server
2026-03-24 11:21:47 [DEBUG] __main__ — [transport:acc1] keepalive sent
2026-03-24 11:21:47 [DEBUG] __main__ — [transport:acc2] keepalive sent
2026-03-24 11:21:47 [DEBUG] __main__ — [8a0675cd] local EOF
2026-03-24 11:21:47 [DEBUG] __main__ — [transport:acc2] ctrl-send  len=64  action=close  ms=3
2026-03-24 11:21:47 [INFO] __main__ — DONE 81.19.72.33:443 [8a0675cd] | ↑517B/1f (0.0 КБ/с)  ↓0B/0f (0.0 КБ/с)  82.1s
2026-03-24 11:21:51 [ERROR] asyncio — Unclosed client session
client_session: <aiohttp.client.ClientSession object at 0x77c629b3db10>
2026-03-24 11:21:51 [ERROR] asyncio — Unclosed client session
client_session: <aiohttp.client.ClientSession object at 0x77c629b3f100>
