2026-03-24 05:08:42 [INFO] __main__ — SOCKS5 запущен  127.0.0.1:1080  transports=2
2026-03-24 05:08:43 [INFO] __main__ — Авторизован [acc2], chatId=0 (self-chat)
2026-03-24 05:08:43 [INFO] __main__ — Авторизован [acc1], chatId=0 (self-chat)
2026-03-24 05:08:53 [INFO] __main__ — SOCKS5 → 188.40.167.82:443
2026-03-24 05:08:53 [DEBUG] __main__ — [transport:acc1] text-send  len=87  action=connect  ms=0
2026-03-24 05:08:54 [DEBUG] __main__ — [transport:acc1] text-recv  action=ok  id=2a600168
2026-03-24 05:08:54 [DEBUG] __main__ — [2a600168] <- ok
2026-03-24 05:08:54 [INFO] __main__ — tunnel 188.40.167.82:443 [2a600168]  открыт за ~262 мс
2026-03-24 05:08:54 [DEBUG] __main__ — [2a600168] -> #1  517B  seq=0
2026-03-24 05:08:54 [DEBUG] __main__ — [transport:acc1] text-send  len=757  action=data  ms=1
2026-03-24 05:08:54 [DEBUG] __main__ — [transport:acc2] text-recv  action=data  id=2a600168
2026-03-24 05:08:54 [DEBUG] __main__ — [2a600168] <- data #1  434B  seq=1
2026-03-24 05:08:54 [DEBUG] __main__ — [transport:acc1] text-recv  action=data  id=2a600168
2026-03-24 05:08:54 [DEBUG] __main__ — [2a600168] <- data #2  2700B  seq=0
2026-03-24 05:08:54 [DEBUG] __main__ — [2a600168] -> #2  266B  seq=1
2026-03-24 05:08:54 [DEBUG] __main__ — [transport:acc2] text-send  len=421  action=data  ms=0
2026-03-24 05:08:54 [DEBUG] __main__ — [transport:acc1] text-recv  action=data  id=2a600168
2026-03-24 05:08:54 [DEBUG] __main__ — [2a600168] <- data #3  744B  seq=2
2026-03-24 05:08:54 [DEBUG] __main__ — [2a600168] -> #3  55B  seq=2
2026-03-24 05:08:54 [DEBUG] __main__ — [transport:acc1] text-send  len=141  action=data  ms=2
2026-03-24 05:08:54 [DEBUG] __main__ — [2a600168] local EOF
2026-03-24 05:08:54 [DEBUG] __main__ — [transport:acc1] text-send  len=64  action=close  ms=3
2026-03-24 05:08:55 [INFO] __main__ — DONE 188.40.167.82:443 [2a600168] | ↑838B/3f (0.5 КБ/с)  ↓3878B/3f (2.2 КБ/с)  1.7s
2026-03-24 05:08:59 [INFO] __main__ — SOCKS5 → 81.19.72.34:443
2026-03-24 05:08:59 [DEBUG] __main__ — [transport:acc2] text-send  len=85  action=connect  ms=1
2026-03-24 05:09:00 [DEBUG] __main__ — [transport:acc2] text-recv  action=ok  id=baa6a324
2026-03-24 05:09:00 [DEBUG] __main__ — [baa6a324] <- ok
2026-03-24 05:09:00 [INFO] __main__ — tunnel 81.19.72.34:443 [baa6a324]  открыт за ~261 мс
2026-03-24 05:09:00 [DEBUG] __main__ — [baa6a324] -> #1  517B  seq=0
2026-03-24 05:09:00 [DEBUG] __main__ — [transport:acc1] text-send  len=757  action=data  ms=4
2026-03-24 05:09:00 [DEBUG] __main__ — [transport:acc2] text-recv  action=data  id=baa6a324
2026-03-24 05:09:00 [DEBUG] __main__ — [baa6a324] <- data #1  1039B  seq=1
2026-03-24 05:09:00 [DEBUG] __main__ — [transport:acc1] text-recv  action=data  id=baa6a324
2026-03-24 05:09:00 [DEBUG] __main__ — [baa6a324] <- data #2  2700B  seq=0
2026-03-24 05:09:00 [DEBUG] __main__ — [baa6a324] -> #2  93B  seq=1
2026-03-24 05:09:00 [DEBUG] __main__ — [transport:acc2] text-send  len=189  action=data  ms=2
2026-03-24 05:09:01 [DEBUG] __main__ — [transport:acc1] text-recv  action=data  id=baa6a324
2026-03-24 05:09:01 [DEBUG] __main__ — [baa6a324] <- data #3  120B  seq=2
2026-03-24 05:09:01 [DEBUG] __main__ — [baa6a324] -> #3  253B  seq=2
2026-03-24 05:09:01 [DEBUG] __main__ — [transport:acc1] text-send  len=405  action=data  ms=5
2026-03-24 05:09:01 [DEBUG] __main__ — [transport:acc2] text-recv  action=data  id=baa6a324
2026-03-24 05:09:01 [DEBUG] __main__ — [baa6a324] <- data #4  2700B  seq=3
2026-03-24 05:09:01 [DEBUG] __main__ — [transport:acc2] text-recv  action=data  id=baa6a324
2026-03-24 05:09:01 [DEBUG] __main__ — [baa6a324] <- data #5  2700B  seq=5
2026-03-24 05:09:01 [DEBUG] __main__ — [transport:acc1] text-recv  action=data  id=baa6a324
2026-03-24 05:09:01 [DEBUG] __main__ — [transport:acc1] text-recv  action=data  id=baa6a324
2026-03-24 05:09:01 [DEBUG] __main__ — [baa6a324] <- data #6  2700B  seq=4
2026-03-24 05:09:01 [DEBUG] __main__ — [baa6a324] <- data #7  2700B  seq=6
2026-03-24 05:09:01 [DEBUG] __main__ — [transport:acc1] text-recv  action=data  id=baa6a324
2026-03-24 05:09:01 [DEBUG] __main__ — [baa6a324] <- data #8  359B  seq=8
2026-03-24 05:09:01 [DEBUG] __main__ — [transport:acc2] text-recv  action=data  id=baa6a324
2026-03-24 05:09:01 [DEBUG] __main__ — [baa6a324] <- data #9  2700B  seq=7
2026-03-24 05:09:01 [DEBUG] __main__ — [transport:acc1] text-recv  action=data  id=baa6a324
2026-03-24 05:09:01 [DEBUG] __main__ — [baa6a324] <- data #10  2700B  seq=10
2026-03-24 05:09:01 [DEBUG] __main__ — [transport:acc2] text-recv  action=data  id=baa6a324
2026-03-24 05:09:01 [DEBUG] __main__ — [baa6a324] <- data #11  2700B  seq=9
2026-03-24 05:09:01 [DEBUG] __main__ — [transport:acc1] text-recv  action=data  id=baa6a324
2026-03-24 05:09:01 [DEBUG] __main__ — [baa6a324] <- data #12  2700B  seq=12
2026-03-24 05:09:01 [DEBUG] __main__ — [transport:acc2] text-recv  action=data  id=baa6a324
2026-03-24 05:09:01 [DEBUG] __main__ — [baa6a324] <- data #13  2700B  seq=11
2026-03-24 05:09:01 [DEBUG] __main__ — [transport:acc1] text-recv  action=data  id=baa6a324
2026-03-24 05:09:01 [DEBUG] __main__ — [baa6a324] <- data #14  2700B  seq=14
2026-03-24 05:09:01 [DEBUG] __main__ — [transport:acc2] text-recv  action=data  id=baa6a324
2026-03-24 05:09:01 [DEBUG] __main__ — [baa6a324] <- data #15  2700B  seq=13
2026-03-24 05:09:01 [DEBUG] __main__ — [transport:acc1] text-recv  action=data  id=baa6a324
2026-03-24 05:09:01 [DEBUG] __main__ — [baa6a324] <- data #16  2700B  seq=16
2026-03-24 05:09:01 [DEBUG] __main__ — [transport:acc2] text-recv  action=data  id=baa6a324
2026-03-24 05:09:01 [DEBUG] __main__ — [baa6a324] <- data #17  2700B  seq=15
2026-03-24 05:09:01 [DEBUG] __main__ — [transport:acc1] text-recv  action=data  id=baa6a324
2026-03-24 05:09:01 [DEBUG] __main__ — [baa6a324] <- data #18  2700B  seq=18
2026-03-24 05:09:02 [DEBUG] __main__ — [transport:acc2] text-recv  action=data  id=baa6a324
2026-03-24 05:09:02 [DEBUG] __main__ — [baa6a324] <- data #19  2700B  seq=17
2026-03-24 05:09:02 [DEBUG] __main__ — [transport:acc1] text-recv  action=data  id=baa6a324
2026-03-24 05:09:02 [DEBUG] __main__ — [baa6a324] <- data #20  2700B  seq=20
2026-03-24 05:09:02 [DEBUG] __main__ — [transport:acc2] text-recv  action=data  id=baa6a324
2026-03-24 05:09:02 [DEBUG] __main__ — [baa6a324] <- data #21  2700B  seq=19
2026-03-24 05:09:02 [DEBUG] __main__ — [transport:acc1] text-recv  action=data  id=baa6a324
2026-03-24 05:09:02 [DEBUG] __main__ — [baa6a324] <- data #22  2700B  seq=22
2026-03-24 05:09:02 [DEBUG] __main__ — [transport:acc2] text-recv  action=data  id=baa6a324
2026-03-24 05:09:02 [DEBUG] __main__ — [baa6a324] <- data #23  2700B  seq=21
2026-03-24 05:09:02 [DEBUG] __main__ — [transport:acc1] text-recv  action=data  id=baa6a324
2026-03-24 05:09:02 [DEBUG] __main__ — [baa6a324] <- data #24  2700B  seq=24
2026-03-24 05:09:02 [DEBUG] __main__ — [transport:acc1] text-recv  action=data  id=baa6a324
2026-03-24 05:09:02 [DEBUG] __main__ — [baa6a324] <- data #25  2700B  seq=26
2026-03-24 05:09:02 [DEBUG] __main__ — [transport:acc2] text-recv  action=data  id=baa6a324
2026-03-24 05:09:02 [DEBUG] __main__ — [baa6a324] <- data #26  2700B  seq=23
2026-03-24 05:09:02 [DEBUG] __main__ — [transport:acc1] text-recv  action=data  id=baa6a324
2026-03-24 05:09:02 [DEBUG] __main__ — [baa6a324] <- data #27  2700B  seq=28
2026-03-24 05:09:02 [DEBUG] __main__ — [transport:acc2] text-recv  action=data  id=baa6a324
2026-03-24 05:09:02 [DEBUG] __main__ — [baa6a324] <- data #28  2700B  seq=25
2026-03-24 05:09:02 [DEBUG] __main__ — [transport:acc1] text-recv  action=data  id=baa6a324
2026-03-24 05:09:02 [DEBUG] __main__ — [baa6a324] <- data #29  2700B  seq=30
2026-03-24 05:09:02 [DEBUG] __main__ — [transport:acc2] text-recv  action=data  id=baa6a324
2026-03-24 05:09:02 [DEBUG] __main__ — [baa6a324] <- data #30  2700B  seq=27
2026-03-24 05:09:02 [DEBUG] __main__ — [transport:acc2] text-recv  action=data  id=baa6a324
2026-03-24 05:09:02 [DEBUG] __main__ — [baa6a324] <- data #31  2700B  seq=29
2026-03-24 05:09:02 [DEBUG] __main__ — [transport:acc1] text-recv  action=data  id=baa6a324
2026-03-24 05:09:02 [DEBUG] __main__ — [baa6a324] <- data #32  2700B  seq=32
2026-03-24 05:09:02 [DEBUG] __main__ — [transport:acc1] text-recv  action=data  id=baa6a324
2026-03-24 05:09:02 [DEBUG] __main__ — [baa6a324] <- data #33  2700B  seq=34
2026-03-24 05:09:02 [DEBUG] __main__ — [transport:acc2] text-recv  action=data  id=baa6a324
2026-03-24 05:09:02 [DEBUG] __main__ — [baa6a324] <- data #34  2700B  seq=31
2026-03-24 05:09:02 [DEBUG] __main__ — [transport:acc1] text-recv  action=data  id=baa6a324
2026-03-24 05:09:02 [DEBUG] __main__ — [baa6a324] <- data #35  2700B  seq=36
2026-03-24 05:09:02 [DEBUG] __main__ — [transport:acc1] text-recv  action=data  id=baa6a324
2026-03-24 05:09:02 [DEBUG] __main__ — [baa6a324] <- data #36  2700B  seq=38
2026-03-24 05:09:02 [DEBUG] __main__ — [transport:acc2] text-recv  action=data  id=baa6a324
2026-03-24 05:09:02 [DEBUG] __main__ — [baa6a324] <- data #37  2700B  seq=33
2026-03-24 05:09:02 [DEBUG] __main__ — [transport:acc1] text-recv  action=data  id=baa6a324
2026-03-24 05:09:02 [DEBUG] __main__ — [transport:acc1] text-recv  action=data  id=baa6a324
2026-03-24 05:09:02 [DEBUG] __main__ — [baa6a324] <- data #38  2700B  seq=40
2026-03-24 05:09:02 [DEBUG] __main__ — [baa6a324] <- data #39  2700B  seq=42
2026-03-24 05:09:02 [DEBUG] __main__ — [transport:acc2] text-recv  action=data  id=baa6a324
2026-03-24 05:09:02 [DEBUG] __main__ — [baa6a324] <- data #40  2700B  seq=35
2026-03-24 05:09:02 [DEBUG] __main__ — [transport:acc1] text-recv  action=data  id=baa6a324
2026-03-24 05:09:02 [DEBUG] __main__ — [baa6a324] <- data #41  2700B  seq=44
2026-03-24 05:09:02 [DEBUG] __main__ — [transport:acc2] text-recv  action=data  id=baa6a324
2026-03-24 05:09:02 [DEBUG] __main__ — [baa6a324] <- data #42  2700B  seq=37
2026-03-24 05:09:02 [DEBUG] __main__ — [transport:acc1] text-recv  action=data  id=baa6a324
2026-03-24 05:09:02 [DEBUG] __main__ — [transport:acc2] text-recv  action=data  id=baa6a324
2026-03-24 05:09:02 [DEBUG] __main__ — [baa6a324] <- data #43  2700B  seq=46
2026-03-24 05:09:02 [DEBUG] __main__ — [baa6a324] <- data #44  2700B  seq=39
2026-03-24 05:09:02 [DEBUG] __main__ — [transport:acc2] text-recv  action=data  id=baa6a324
2026-03-24 05:09:02 [DEBUG] __main__ — [baa6a324] <- data #45  2700B  seq=41
2026-03-24 05:09:02 [DEBUG] __main__ — [transport:acc1] text-recv  action=data  id=baa6a324
2026-03-24 05:09:02 [DEBUG] __main__ — [baa6a324] <- data #46  2700B  seq=48
2026-03-24 05:09:02 [DEBUG] __main__ — [transport:acc2] text-recv  action=data  id=baa6a324
2026-03-24 05:09:02 [DEBUG] __main__ — [baa6a324] <- data #47  2700B  seq=43
2026-03-24 05:09:02 [DEBUG] __main__ — [transport:acc1] text-recv  action=data  id=baa6a324
2026-03-24 05:09:02 [DEBUG] __main__ — [baa6a324] <- data #48  2700B  seq=50
2026-03-24 05:09:02 [DEBUG] __main__ — [transport:acc2] text-recv  action=data  id=baa6a324
2026-03-24 05:09:02 [DEBUG] __main__ — [baa6a324] <- data #49  2700B  seq=45
2026-03-24 05:09:02 [DEBUG] __main__ — [transport:acc1] text-recv  action=data  id=baa6a324
2026-03-24 05:09:02 [DEBUG] __main__ — [baa6a324] <- data #50  2700B  seq=52
2026-03-24 05:09:02 [DEBUG] __main__ — [transport:acc2] text-recv  action=data  id=baa6a324
2026-03-24 05:09:02 [DEBUG] __main__ — [baa6a324] <- data #51  2700B  seq=47
2026-03-24 05:09:02 [DEBUG] __main__ — [transport:acc1] text-recv  action=data  id=baa6a324
2026-03-24 05:09:02 [DEBUG] __main__ — [baa6a324] <- data #52  2700B  seq=54
2026-03-24 05:09:02 [DEBUG] __main__ — [transport:acc2] text-recv  action=data  id=baa6a324
2026-03-24 05:09:02 [DEBUG] __main__ — [baa6a324] <- data #53  2700B  seq=49
2026-03-24 05:09:02 [DEBUG] __main__ — [transport:acc1] text-recv  action=data  id=baa6a324
2026-03-24 05:09:02 [DEBUG] __main__ — [baa6a324] <- data #54  2700B  seq=56
2026-03-24 05:09:02 [DEBUG] __main__ — [transport:acc2] text-recv  action=data  id=baa6a324
2026-03-24 05:09:02 [DEBUG] __main__ — [baa6a324] <- data #55  2700B  seq=51
2026-03-24 05:09:02 [DEBUG] __main__ — [transport:acc2] text-recv  action=data  id=baa6a324
2026-03-24 05:09:02 [DEBUG] __main__ — [baa6a324] <- data #56  2700B  seq=53
2026-03-24 05:09:02 [DEBUG] __main__ — [transport:acc2] text-recv  action=data  id=baa6a324
2026-03-24 05:09:02 [DEBUG] __main__ — [baa6a324] <- data #57  2700B  seq=55
2026-03-24 05:09:02 [DEBUG] __main__ — [transport:acc2] text-recv  action=data  id=baa6a324
2026-03-24 05:09:02 [DEBUG] __main__ — [baa6a324] <- data #58  403B  seq=57
2026-03-24 05:09:02 [DEBUG] __main__ — [baa6a324] -> #4  31B  seq=3
2026-03-24 05:09:02 [DEBUG] __main__ — [transport:acc2] text-send  len=109  action=data  ms=3
2026-03-24 05:09:02 [DEBUG] __main__ — [baa6a324] local EOF
2026-03-24 05:09:02 [DEBUG] __main__ — [transport:acc2] text-send  len=64  action=close  ms=4
2026-03-24 05:09:03 [INFO] __main__ — DONE 81.19.72.34:443 [baa6a324] | ↑894B/4f (0.2 КБ/с)  ↓147721B/58f (37.7 КБ/с)  3.8s
2026-03-24 05:09:08 [DEBUG] __main__ — [transport:acc2] keepalive sent
2026-03-24 05:09:08 [DEBUG] __main__ — [transport:acc1] keepalive sent
2026-03-24 05:09:09 [INFO] __main__ — SOCKS5 → whatismyipaddress.com:443
2026-03-24 05:09:09 [DEBUG] __main__ — [transport:acc1] text-send  len=95  action=connect  ms=6
2026-03-24 05:09:10 [DEBUG] __main__ — [transport:acc1] text-recv  action=ok  id=e732653c
2026-03-24 05:09:10 [DEBUG] __main__ — [e732653c] <- ok
2026-03-24 05:09:10 [INFO] __main__ — tunnel whatismyipaddress.com:443 [e732653c]  открыт за ~393 мс
2026-03-24 05:09:10 [DEBUG] __main__ — [e732653c] -> #1  1763B  seq=0
2026-03-24 05:09:10 [DEBUG] __main__ — [transport:acc1] text-send  len=2417  action=data  ms=7
2026-03-24 05:09:10 [DEBUG] __main__ — [transport:acc1] text-recv  action=data  id=e732653c
2026-03-24 05:09:10 [DEBUG] __main__ — [e732653c] <- data #1  2700B  seq=0
2026-03-24 05:09:10 [DEBUG] __main__ — [transport:acc2] text-recv  action=data  id=e732653c
2026-03-24 05:09:10 [DEBUG] __main__ — [e732653c] <- data #2  788B  seq=1
2026-03-24 05:09:10 [DEBUG] __main__ — [e732653c] -> #2  1142B  seq=1
2026-03-24 05:09:10 [DEBUG] __main__ — [transport:acc2] text-send  len=1589  action=data  ms=5
2026-03-24 05:09:10 [DEBUG] __main__ — [transport:acc1] text-recv  action=data  id=e732653c
2026-03-24 05:09:10 [DEBUG] __main__ — [e732653c] <- data #3  537B  seq=2
2026-03-24 05:09:10 [DEBUG] __main__ — [e732653c] -> #3  31B  seq=2
2026-03-24 05:09:10 [DEBUG] __main__ — [transport:acc1] text-send  len=109  action=data  ms=8
2026-03-24 05:09:11 [DEBUG] __main__ — [transport:acc2] text-recv  action=data  id=e732653c
2026-03-24 05:09:11 [DEBUG] __main__ — [e732653c] <- data #4  2700B  seq=3
2026-03-24 05:09:11 [DEBUG] __main__ — [transport:acc1] text-recv  action=data  id=e732653c
2026-03-24 05:09:11 [DEBUG] __main__ — [e732653c] <- data #5  2700B  seq=4
2026-03-24 05:09:11 [DEBUG] __main__ — [transport:acc1] text-recv  action=data  id=e732653c
2026-03-24 05:09:11 [DEBUG] __main__ — [e732653c] <- data #6  418B  seq=6
2026-03-24 05:09:11 [DEBUG] __main__ — [transport:acc2] text-recv  action=data  id=e732653c
2026-03-24 05:09:11 [DEBUG] __main__ — [e732653c] <- data #7  2700B  seq=5
2026-03-24 05:09:11 [DEBUG] __main__ — [transport:acc1] text-recv  action=data  id=e732653c
2026-03-24 05:09:11 [DEBUG] __main__ — [transport:acc2] text-recv  action=data  id=e732653c
2026-03-24 05:09:11 [DEBUG] __main__ — [e732653c] <- data #8  2700B  seq=8
2026-03-24 05:09:11 [DEBUG] __main__ — [e732653c] <- data #9  2700B  seq=7
2026-03-24 05:09:11 [DEBUG] __main__ — [transport:acc1] text-recv  action=data  id=e732653c
2026-03-24 05:09:11 [DEBUG] __main__ — [e732653c] <- data #10  783B  seq=10
2026-03-24 05:09:11 [DEBUG] __main__ — [transport:acc2] text-recv  action=data  id=e732653c
2026-03-24 05:09:11 [DEBUG] __main__ — [e732653c] <- data #11  2700B  seq=9
2026-03-24 05:09:11 [INFO] __main__ — SOCKS5 → ds6.probe.whatismyipaddress.com:443
2026-03-24 05:09:11 [DEBUG] __main__ — [transport:acc2] text-send  len=105  action=connect  ms=6
2026-03-24 05:09:11 [DEBUG] __main__ — [e732653c] -> #4  142B  seq=3
2026-03-24 05:09:11 [DEBUG] __main__ — [transport:acc2] text-send  len=257  action=data  ms=7
2026-03-24 05:09:12 [DEBUG] __main__ — [transport:acc2] text-recv  action=err  id=d78006d7
2026-03-24 05:09:12 [INFO] __main__ — [d78006d7] <- ошибка сервера: [Errno 99] Cannot assign requested address
2026-03-24 05:09:12 [INFO] __main__ — SOCKS5 → ds6.probe.whatismyipaddress.com:443
2026-03-24 05:09:12 [DEBUG] __main__ — [transport:acc1] text-send  len=105  action=connect  ms=9
2026-03-24 05:09:12 [DEBUG] __main__ — [transport:acc1] text-recv  action=data  id=e732653c
2026-03-24 05:09:12 [DEBUG] __main__ — [e732653c] <- data #12  2700B  seq=12
2026-03-24 05:09:12 [DEBUG] __main__ — [transport:acc2] text-recv  action=data  id=e732653c
2026-03-24 05:09:12 [DEBUG] __main__ — [e732653c] <- data #13  2700B  seq=11
2026-03-24 05:09:12 [DEBUG] __main__ — [transport:acc1] text-recv  action=data  id=e732653c
2026-03-24 05:09:12 [DEBUG] __main__ — [transport:acc2] text-recv  action=data  id=e732653c
2026-03-24 05:09:12 [DEBUG] __main__ — [e732653c] <- data #14  1799B  seq=14
2026-03-24 05:09:12 [DEBUG] __main__ — [e732653c] <- data #15  2700B  seq=13
2026-03-24 05:09:12 [DEBUG] __main__ — [transport:acc1] text-recv  action=data  id=e732653c
2026-03-24 05:09:12 [DEBUG] __main__ — [e732653c] <- data #16  2700B  seq=16
2026-03-24 05:09:12 [DEBUG] __main__ — [transport:acc2] text-recv  action=data  id=e732653c
2026-03-24 05:09:12 [DEBUG] __main__ — [e732653c] <- data #17  2700B  seq=15
2026-03-24 05:09:12 [DEBUG] __main__ — [transport:acc1] text-recv  action=data  id=e732653c
2026-03-24 05:09:12 [DEBUG] __main__ — [e732653c] <- data #18  2700B  seq=18
2026-03-24 05:09:12 [DEBUG] __main__ — [transport:acc1] text-recv  action=data  id=e732653c
2026-03-24 05:09:12 [DEBUG] __main__ — [e732653c] <- data #19  1498B  seq=20
2026-03-24 05:09:12 [DEBUG] __main__ — [transport:acc2] text-recv  action=data  id=e732653c
2026-03-24 05:09:12 [DEBUG] __main__ — [e732653c] <- data #20  2700B  seq=17
2026-03-24 05:09:12 [DEBUG] __main__ — [transport:acc2] text-recv  action=data  id=e732653c
2026-03-24 05:09:12 [DEBUG] __main__ — [e732653c] <- data #21  2700B  seq=19
2026-03-24 05:09:12 [DEBUG] __main__ — [transport:acc1] text-recv  action=err  id=ed39f2cb
2026-03-24 05:09:12 [INFO] __main__ — [ed39f2cb] <- ошибка сервера: [Errno 99] Cannot assign requested address
2026-03-24 05:09:13 [INFO] __main__ — SOCKS5 → ds6.probe.whatismyipaddress.com:443
2026-03-24 05:09:13 [DEBUG] __main__ — [transport:acc2] text-send  len=105  action=connect  ms=8
2026-03-24 05:09:14 [INFO] __main__ — SOCKS5 → app.fusebox.fm:443
2026-03-24 05:09:14 [DEBUG] __main__ — [transport:acc1] text-send  len=89  action=connect  ms=10
2026-03-24 05:09:14 [DEBUG] __main__ — [transport:acc2] text-recv  action=err  id=a3ad3be7
2026-03-24 05:09:14 [INFO] __main__ — [a3ad3be7] <- ошибка сервера: [Errno 99] Cannot assign requested address
2026-03-24 05:09:14 [INFO] __main__ — SOCKS5 → ds6.probe.whatismyipaddress.com:443
2026-03-24 05:09:14 [DEBUG] __main__ — [transport:acc2] text-send  len=105  action=connect  ms=9
2026-03-24 05:09:14 [DEBUG] __main__ — [transport:acc1] text-recv  action=ok  id=1245300c
2026-03-24 05:09:14 [DEBUG] __main__ — [1245300c] <- ok
2026-03-24 05:09:14 [INFO] __main__ — tunnel app.fusebox.fm:443 [1245300c]  открыт за ~366 мс
2026-03-24 05:09:14 [DEBUG] __main__ — [1245300c] -> #1  2059B  seq=0
2026-03-24 05:09:14 [DEBUG] __main__ — [transport:acc1] text-send  len=2814  action=data  ms=11
2026-03-24 05:09:14 [INFO] __main__ — SOCKS5 → polkadot.js.org:443
2026-03-24 05:09:14 [DEBUG] __main__ — [transport:acc1] text-send  len=90  action=connect  ms=12
2026-03-24 05:09:14 [DEBUG] __main__ — [transport:acc2] text-recv  action=err  id=10549c04
2026-03-24 05:09:14 [INFO] __main__ — [10549c04] <- ошибка сервера: [Errno 99] Cannot assign requested address
2026-03-24 05:09:14 [DEBUG] __main__ — [transport:acc1] text-recv  action=data  id=1245300c
2026-03-24 05:09:14 [DEBUG] __main__ — [1245300c] <- data #1  1375B  seq=0
2026-03-24 05:09:14 [DEBUG] __main__ — [1245300c] -> #2  572B  seq=1
2026-03-24 05:09:14 [DEBUG] __main__ — [transport:acc2] text-send  len=830  action=data  ms=10
2026-03-24 05:09:15 [DEBUG] __main__ — [transport:acc2] text-recv  action=data  id=1245300c
2026-03-24 05:09:15 [DEBUG] __main__ — [1245300c] <- data #2  1037B  seq=1
2026-03-24 05:09:15 [DEBUG] __main__ — [1245300c] -> #3  66B  seq=2
2026-03-24 05:09:15 [DEBUG] __main__ — [transport:acc1] text-send  len=154  action=data  ms=13
2026-03-24 05:09:15 [DEBUG] __main__ — [transport:acc1] got nack ms=12..12
2026-03-24 05:09:15 [DEBUG] __main__ — [transport:acc1] retransmit ms=12
2026-03-24 05:09:15 [INFO] __main__ — SOCKS5 → map1.whatismyipaddress.com:443
2026-03-24 05:09:15 [DEBUG] __main__ — [transport:acc2] text-send  len=101  action=connect  ms=11
2026-03-24 05:09:15 [DEBUG] __main__ — [transport:acc2] text-recv  action=ok  id=c97a8522
2026-03-24 05:09:15 [DEBUG] __main__ — [c97a8522] <- ok
2026-03-24 05:09:15 [INFO] __main__ — tunnel map1.whatismyipaddress.com:443 [c97a8522]  открыт за ~364 мс
2026-03-24 05:09:15 [DEBUG] __main__ — [c97a8522] -> #1  2007B  seq=0
2026-03-24 05:09:15 [DEBUG] __main__ — [transport:acc1] text-send  len=2742  action=data  ms=14
2026-03-24 05:09:15 [INFO] __main__ — SOCKS5 → eppo-proxy.phantom.app:443
2026-03-24 05:09:15 [DEBUG] __main__ — [transport:acc1] text-send  len=97  action=connect  ms=15
2026-03-24 05:09:15 [INFO] __main__ — SOCKS5 → api.omappapi.com:443
2026-03-24 05:09:15 [DEBUG] __main__ — [transport:acc2] text-send  len=91  action=connect  ms=12
2026-03-24 05:09:16 [DEBUG] __main__ — [transport:acc2] text-recv  action=ok  id=3046875f
2026-03-24 05:09:16 [DEBUG] __main__ — [3046875f] <- ok
2026-03-24 05:09:16 [INFO] __main__ — tunnel api.omappapi.com:443 [3046875f]  открыт за ~338 мс
2026-03-24 05:09:16 [DEBUG] __main__ — [3046875f] -> #1  2061B  seq=0
2026-03-24 05:09:16 [DEBUG] __main__ — [transport:acc1] text-send  len=2814  action=data  ms=16
2026-03-24 05:09:16 [DEBUG] __main__ — [transport:acc1] got nack ms=12..15
2026-03-24 05:09:16 [DEBUG] __main__ — [transport:acc1] retransmit ms=12
2026-03-24 05:09:16 [DEBUG] __main__ — [transport:acc1] retransmit ms=13
2026-03-24 05:09:16 [DEBUG] __main__ — [transport:acc1] retransmit ms=14
2026-03-24 05:09:16 [DEBUG] __main__ — [transport:acc1] retransmit ms=15
2026-03-24 05:09:16 [INFO] __main__ — SOCKS5 → app.fusebox.fm:443
2026-03-24 05:09:16 [DEBUG] __main__ — [transport:acc1] text-send  len=89  action=connect  ms=17
2026-03-24 05:09:17 [INFO] __main__ — SOCKS5 → data.phantom.app:443
2026-03-24 05:09:17 [DEBUG] __main__ — [transport:acc2] text-send  len=91  action=connect  ms=13
2026-03-24 05:09:17 [INFO] __main__ — SOCKS5 → blowfish-blocklist-proxy.phantom.app:443
2026-03-24 05:09:17 [DEBUG] __main__ — [transport:acc1] text-send  len=111  action=connect  ms=18
2026-03-24 05:09:17 [INFO] __main__ — SOCKS5 → api.suiet.app:443
2026-03-24 05:09:17 [DEBUG] __main__ — [transport:acc2] text-send  len=88  action=connect  ms=14
2026-03-24 05:09:17 [DEBUG] __main__ — [transport:acc2] text-recv  action=ok  id=976b26d1
2026-03-24 05:09:17 [DEBUG] __main__ — [976b26d1] <- ok
2026-03-24 05:09:17 [INFO] __main__ — tunnel data.phantom.app:443 [976b26d1]  открыт за ~372 мс
2026-03-24 05:09:17 [DEBUG] __main__ — [976b26d1] -> #1  1822B  seq=0
2026-03-24 05:09:17 [DEBUG] __main__ — [transport:acc1] text-send  len=2498  action=data  ms=19
2026-03-24 05:09:17 [DEBUG] __main__ — [transport:acc2] text-recv  action=ok  id=8cb52f65
2026-03-24 05:09:17 [DEBUG] __main__ — [8cb52f65] <- ok
2026-03-24 05:09:17 [INFO] __main__ — tunnel api.suiet.app:443 [8cb52f65]  открыт за ~382 мс
2026-03-24 05:09:17 [DEBUG] __main__ — [8cb52f65] -> #1  1755B  seq=0
2026-03-24 05:09:17 [DEBUG] __main__ — [transport:acc1] text-send  len=2406  action=data  ms=20
2026-03-24 05:09:17 [DEBUG] __main__ — [transport:acc1] got nack ms=12..18
2026-03-24 05:09:17 [DEBUG] __main__ — [transport:acc1] retransmit ms=12
2026-03-24 05:09:17 [DEBUG] __main__ — [transport:acc1] retransmit ms=13
2026-03-24 05:09:17 [DEBUG] __main__ — [transport:acc1] retransmit ms=14
2026-03-24 05:09:17 [DEBUG] __main__ — [transport:acc1] retransmit ms=15
2026-03-24 05:09:17 [DEBUG] __main__ — [transport:acc1] retransmit ms=16
2026-03-24 05:09:17 [DEBUG] __main__ — [transport:acc1] retransmit capped at 5/nack
2026-03-24 05:09:17 [DEBUG] __main__ — [e732653c] -> #5  130B  seq=4
2026-03-24 05:09:17 [DEBUG] __main__ — [transport:acc1] text-send  len=242  action=data  ms=21
2026-03-24 05:09:27 [INFO] __main__ — SOCKS5 → www.google.com:443
2026-03-24 05:09:27 [DEBUG] __main__ — [transport:acc1] text-send  len=89  action=connect  ms=22
2026-03-24 05:09:28 [DEBUG] __main__ — [transport:acc1] got nack ms=12..21
2026-03-24 05:09:28 [DEBUG] __main__ — [transport:acc1] retransmit ms=12
2026-03-24 05:09:28 [DEBUG] __main__ — [transport:acc1] retransmit ms=13
2026-03-24 05:09:28 [DEBUG] __main__ — [transport:acc1] retransmit ms=14
2026-03-24 05:09:28 [DEBUG] __main__ — [transport:acc1] retransmit ms=15
2026-03-24 05:09:28 [DEBUG] __main__ — [transport:acc1] retransmit ms=16
2026-03-24 05:09:28 [DEBUG] __main__ — [transport:acc1] retransmit capped at 5/nack
2026-03-24 05:09:28 [INFO] __main__ — SOCKS5 → www.google.com:443
2026-03-24 05:09:28 [DEBUG] __main__ — [transport:acc2] text-send  len=89  action=connect  ms=15
2026-03-24 05:09:28 [DEBUG] __main__ — [transport:acc2] text-recv  action=ok  id=8171cadd
2026-03-24 05:09:28 [DEBUG] __main__ — [8171cadd] <- ok
2026-03-24 05:09:28 [INFO] __main__ — tunnel www.google.com:443 [8171cadd]  открыт за ~334 мс
2026-03-24 05:09:28 [DEBUG] __main__ — [8171cadd] -> #1  1756B  seq=0
2026-03-24 05:09:28 [DEBUG] __main__ — [transport:acc1] text-send  len=2410  action=data  ms=23
2026-03-24 05:09:29 [DEBUG] __main__ — [transport:acc1] got nack ms=12..22
2026-03-24 05:09:29 [DEBUG] __main__ — [transport:acc1] retransmit ms=12
2026-03-24 05:09:29 [DEBUG] __main__ — [transport:acc1] retransmit ms=13
2026-03-24 05:09:29 [DEBUG] __main__ — [transport:acc1] retransmit ms=14
2026-03-24 05:09:29 [DEBUG] __main__ — [transport:acc1] retransmit ms=15
2026-03-24 05:09:29 [DEBUG] __main__ — [transport:acc1] retransmit ms=16
2026-03-24 05:09:29 [DEBUG] __main__ — [transport:acc1] retransmit capped at 5/nack
2026-03-24 05:09:29 [INFO] __main__ — tunnel polkadot.js.org:443 [29746711]  TIMEOUT
2026-03-24 05:09:29 [INFO] __main__ — SOCKS5 → polkadot.js.org:443
2026-03-24 05:09:29 [DEBUG] __main__ — [transport:acc1] text-send  len=90  action=connect  ms=24
2026-03-24 05:09:30 [INFO] __main__ — SOCKS5 → www.google.com:443
2026-03-24 05:09:30 [DEBUG] __main__ — [transport:acc2] text-send  len=89  action=connect  ms=16
2026-03-24 05:09:30 [INFO] __main__ — SOCKS5 → www.google.com:443
2026-03-24 05:09:30 [DEBUG] __main__ — [transport:acc1] text-send  len=89  action=connect  ms=25
2026-03-24 05:09:30 [DEBUG] __main__ — [transport:acc2] text-recv  action=ok  id=717175ff
2026-03-24 05:09:30 [DEBUG] __main__ — [717175ff] <- ok
2026-03-24 05:09:30 [INFO] __main__ — tunnel www.google.com:443 [717175ff]  открыт за ~320 мс
2026-03-24 05:09:30 [DEBUG] __main__ — [717175ff] -> #1  1788B  seq=0
2026-03-24 05:09:30 [DEBUG] __main__ — [transport:acc1] text-send  len=2450  action=data  ms=26
2026-03-24 05:09:30 [DEBUG] __main__ — [transport:acc1] got nack ms=12..24
2026-03-24 05:09:30 [DEBUG] __main__ — [transport:acc1] retransmit ms=12
2026-03-24 05:09:30 [DEBUG] __main__ — [transport:acc1] retransmit ms=13
2026-03-24 05:09:30 [DEBUG] __main__ — [transport:acc1] retransmit ms=14
2026-03-24 05:09:30 [DEBUG] __main__ — [transport:acc1] retransmit ms=15
2026-03-24 05:09:30 [DEBUG] __main__ — [transport:acc1] retransmit ms=16
2026-03-24 05:09:30 [DEBUG] __main__ — [transport:acc1] retransmit capped at 5/nack
2026-03-24 05:09:30 [INFO] __main__ — tunnel eppo-proxy.phantom.app:443 [2901fdf2]  TIMEOUT
2026-03-24 05:09:30 [INFO] __main__ — SOCKS5 → eppo-proxy.phantom.app:443
2026-03-24 05:09:30 [DEBUG] __main__ — [transport:acc2] text-send  len=97  action=connect  ms=17
2026-03-24 05:09:31 [DEBUG] __main__ — [transport:acc2] text-recv  action=closed  id=c97a8522
2026-03-24 05:09:31 [DEBUG] __main__ — [c97a8522] <- closed by server
2026-03-24 05:09:31 [DEBUG] __main__ — [transport:acc2] text-recv  action=ok  id=8cfc1f44
2026-03-24 05:09:31 [DEBUG] __main__ — [8cfc1f44] <- ok
2026-03-24 05:09:31 [INFO] __main__ — tunnel eppo-proxy.phantom.app:443 [8cfc1f44]  открыт за ~323 мс
2026-03-24 05:09:31 [DEBUG] __main__ — [8cfc1f44] -> #1  2003B  seq=0
2026-03-24 05:09:31 [DEBUG] __main__ — [transport:acc1] text-send  len=2738  action=data  ms=27
2026-03-24 05:09:31 [DEBUG] __main__ — [transport:acc2] text-recv  action=closed  id=3046875f
2026-03-24 05:09:31 [DEBUG] __main__ — [3046875f] <- closed by server
2026-03-24 05:09:31 [INFO] __main__ — tunnel app.fusebox.fm:443 [3ab6d56b]  TIMEOUT
2026-03-24 05:09:31 [INFO] __main__ — SOCKS5 → app.fusebox.fm:443
2026-03-24 05:09:31 [DEBUG] __main__ — [transport:acc1] text-send  len=89  action=connect  ms=28
2026-03-24 05:09:32 [DEBUG] __main__ — [transport:acc1] got nack ms=12..27
2026-03-24 05:09:32 [DEBUG] __main__ — [transport:acc1] retransmit ms=12
2026-03-24 05:09:32 [DEBUG] __main__ — [transport:acc1] retransmit ms=13
2026-03-24 05:09:32 [DEBUG] __main__ — [transport:acc1] retransmit ms=14
2026-03-24 05:09:32 [DEBUG] __main__ — [transport:acc1] retransmit ms=15
2026-03-24 05:09:32 [DEBUG] __main__ — [transport:acc1] retransmit ms=16
2026-03-24 05:09:32 [DEBUG] __main__ — [transport:acc1] retransmit capped at 5/nack
2026-03-24 05:09:32 [INFO] __main__ — tunnel blowfish-blocklist-proxy.phantom.app:443 [4d8d6bc9]  TIMEOUT
2026-03-24 05:09:32 [INFO] __main__ — SOCKS5 → blowfish-blocklist-proxy.phantom.app:443
2026-03-24 05:09:32 [DEBUG] __main__ — [transport:acc2] text-send  len=111  action=connect  ms=18
2026-03-24 05:09:32 [DEBUG] __main__ — [transport:acc2] text-recv  action=closed  id=976b26d1
2026-03-24 05:09:32 [DEBUG] __main__ — [976b26d1] <- closed by server
2026-03-24 05:09:32 [DEBUG] __main__ — [transport:acc2] text-recv  action=ok  id=1a87b254
2026-03-24 05:09:32 [DEBUG] __main__ — [1a87b254] <- ok
2026-03-24 05:09:32 [INFO] __main__ — tunnel blowfish-blocklist-proxy.phantom.app:443 [1a87b254]  открыт за ~374 мс
2026-03-24 05:09:32 [DEBUG] __main__ — [1a87b254] -> #1  1810B  seq=0
2026-03-24 05:09:32 [DEBUG] __main__ — [transport:acc1] text-send  len=2482  action=data  ms=29
2026-03-24 05:09:33 [DEBUG] __main__ — [transport:acc2] keepalive sent
2026-03-24 05:09:33 [DEBUG] __main__ — [transport:acc1] keepalive sent
2026-03-24 05:09:34 [INFO] __main__ — SOCKS5 → yandex.ru:443
2026-03-24 05:09:34 [DEBUG] __main__ — [transport:acc1] text-send  len=84  action=connect  ms=30
2026-03-24 05:09:35 [DEBUG] __main__ — [transport:acc1] got nack ms=12..29
2026-03-24 05:09:35 [DEBUG] __main__ — [transport:acc1] retransmit ms=12
2026-03-24 05:09:35 [DEBUG] __main__ — [transport:acc1] retransmit ms=13
2026-03-24 05:09:35 [DEBUG] __main__ — [transport:acc1] retransmit ms=14
2026-03-24 05:09:35 [DEBUG] __main__ — [transport:acc1] retransmit ms=15
2026-03-24 05:09:35 [DEBUG] __main__ — [transport:acc1] retransmit ms=16
2026-03-24 05:09:35 [DEBUG] __main__ — [transport:acc1] retransmit capped at 5/nack
2026-03-24 05:09:35 [INFO] __main__ — SOCKS5 → blowfish-blocklist-proxy.phantom.app:443
2026-03-24 05:09:35 [DEBUG] __main__ — [transport:acc2] text-send  len=111  action=connect  ms=19
2026-03-24 05:09:35 [DEBUG] __main__ — [transport:acc2] text-recv  action=ok  id=ade69505
2026-03-24 05:09:35 [DEBUG] __main__ — [ade69505] <- ok
2026-03-24 05:09:35 [INFO] __main__ — tunnel blowfish-blocklist-proxy.phantom.app:443 [ade69505]  открыт за ~343 мс
2026-03-24 05:09:35 [DEBUG] __main__ — [ade69505] -> #1  1842B  seq=0
2026-03-24 05:09:35 [DEBUG] __main__ — [transport:acc1] text-send  len=2522  action=data  ms=31
2026-03-24 05:09:37 [INFO] __main__ — SOCKS5 → data.phantom.app:443
2026-03-24 05:09:37 [DEBUG] __main__ — [transport:acc1] text-send  len=91  action=connect  ms=32
2026-03-24 05:09:37 [DEBUG] __main__ — [transport:acc1] got nack ms=12..31
2026-03-24 05:09:37 [DEBUG] __main__ — [transport:acc1] retransmit ms=12
2026-03-24 05:09:37 [DEBUG] __main__ — [transport:acc1] retransmit ms=13
2026-03-24 05:09:37 [DEBUG] __main__ — [transport:acc1] retransmit ms=14
2026-03-24 05:09:37 [DEBUG] __main__ — [transport:acc1] retransmit ms=15
2026-03-24 05:09:37 [DEBUG] __main__ — [transport:acc1] retransmit ms=16
2026-03-24 05:09:37 [DEBUG] __main__ — [transport:acc1] retransmit capped at 5/nack
2026-03-24 05:09:39 [DEBUG] __main__ — [transport:acc2] text-recv  action=closed  id=8171cadd
2026-03-24 05:09:39 [DEBUG] __main__ — [8171cadd] <- closed by server
2026-03-24 05:09:40 [DEBUG] __main__ — [transport:acc2] text-recv  action=closed  id=717175ff
2026-03-24 05:09:40 [DEBUG] __main__ — [717175ff] <- closed by server
2026-03-24 05:09:42 [INFO] __main__ — tunnel www.google.com:443 [5932c1e0]  TIMEOUT
2026-03-24 05:09:42 [INFO] __main__ — SOCKS5 → www.google.com:443
2026-03-24 05:09:42 [DEBUG] __main__ — [transport:acc2] text-send  len=89  action=connect  ms=20
2026-03-24 05:09:43 [DEBUG] __main__ — [transport:acc2] text-recv  action=ok  id=13f64f15
2026-03-24 05:09:43 [DEBUG] __main__ — [13f64f15] <- ok
2026-03-24 05:09:43 [INFO] __main__ — tunnel www.google.com:443 [13f64f15]  открыт за ~336 мс
2026-03-24 05:09:43 [DEBUG] __main__ — [13f64f15] -> #1  1724B  seq=0
2026-03-24 05:09:43 [DEBUG] __main__ — [transport:acc1] text-send  len=2366  action=data  ms=33
2026-03-24 05:09:43 [DEBUG] __main__ — [transport:acc1] got nack ms=12..32
2026-03-24 05:09:43 [DEBUG] __main__ — [transport:acc1] retransmit ms=12
2026-03-24 05:09:43 [DEBUG] __main__ — [transport:acc1] retransmit ms=13
2026-03-24 05:09:43 [DEBUG] __main__ — [transport:acc1] retransmit ms=14
2026-03-24 05:09:43 [DEBUG] __main__ — [transport:acc1] retransmit ms=15
2026-03-24 05:09:43 [DEBUG] __main__ — [transport:acc1] retransmit ms=16
2026-03-24 05:09:43 [DEBUG] __main__ — [transport:acc1] retransmit capped at 5/nack
2026-03-24 05:09:43 [INFO] __main__ — SOCKS5 → eppo-proxy.phantom.app:443
2026-03-24 05:09:43 [DEBUG] __main__ — [transport:acc1] text-send  len=97  action=connect  ms=34
2026-03-24 05:09:44 [INFO] __main__ — tunnel polkadot.js.org:443 [111bb9c1]  TIMEOUT
2026-03-24 05:09:45 [INFO] __main__ — tunnel www.google.com:443 [7e6e3266]  TIMEOUT
2026-03-24 05:09:45 [INFO] __main__ — SOCKS5 → www.google.com:443
2026-03-24 05:09:45 [DEBUG] __main__ — [transport:acc2] text-send  len=89  action=connect  ms=21
2026-03-24 05:09:45 [DEBUG] __main__ — [c97a8522] local EOF
2026-03-24 05:09:45 [DEBUG] __main__ — [transport:acc2] text-send  len=65  action=close  ms=22
2026-03-24 05:09:45 [INFO] __main__ — DONE map1.whatismyipaddress.com:443 [c97a8522] | ↑2007B/1f (0.1 КБ/с)  ↓0B/0f (0.0 КБ/с)  29.6s
2026-03-24 05:09:45 [DEBUG] __main__ — [transport:acc2] text-recv  action=ok  id=dc488032
2026-03-24 05:09:45 [DEBUG] __main__ — [dc488032] <- ok
2026-03-24 05:09:45 [INFO] __main__ — tunnel www.google.com:443 [dc488032]  открыт за ~342 мс
2026-03-24 05:09:45 [DEBUG] __main__ — [dc488032] -> #1  1820B  seq=0
2026-03-24 05:09:45 [DEBUG] __main__ — [transport:acc1] text-send  len=2494  action=data  ms=35
2026-03-24 05:09:45 [DEBUG] __main__ — [3046875f] local EOF
2026-03-24 05:09:45 [DEBUG] __main__ — [transport:acc2] text-send  len=65  action=close  ms=23
2026-03-24 05:09:45 [INFO] __main__ — DONE api.omappapi.com:443 [3046875f] | ↑2061B/1f (0.1 КБ/с)  ↓0B/0f (0.0 КБ/с)  29.7s
2026-03-24 05:09:45 [DEBUG] __main__ — [transport:acc1] got nack ms=12..34
2026-03-24 05:09:45 [DEBUG] __main__ — [transport:acc1] retransmit ms=12
2026-03-24 05:09:45 [DEBUG] __main__ — [transport:acc1] retransmit ms=13
2026-03-24 05:09:45 [DEBUG] __main__ — [transport:acc1] retransmit ms=14
2026-03-24 05:09:45 [DEBUG] __main__ — [transport:acc1] retransmit ms=15
2026-03-24 05:09:45 [DEBUG] __main__ — [transport:acc1] retransmit ms=16
2026-03-24 05:09:45 [DEBUG] __main__ — [transport:acc1] retransmit capped at 5/nack
2026-03-24 05:09:46 [DEBUG] __main__ — [transport:acc2] text-recv  action=closed  id=8cfc1f44
2026-03-24 05:09:46 [DEBUG] __main__ — [8cfc1f44] <- closed by server
2026-03-24 05:09:46 [INFO] __main__ — tunnel app.fusebox.fm:443 [70ccabb8]  TIMEOUT
2026-03-24 05:09:47 [DEBUG] __main__ — [976b26d1] local EOF
2026-03-24 05:09:47 [DEBUG] __main__ — [transport:acc2] text-send  len=65  action=close  ms=24
2026-03-24 05:09:47 [INFO] __main__ — DONE data.phantom.app:443 [976b26d1] | ↑1822B/1f (0.1 КБ/с)  ↓0B/0f (0.0 КБ/с)  29.6s
2026-03-24 05:09:47 [DEBUG] __main__ — [8cb52f65] local EOF
2026-03-24 05:09:47 [DEBUG] __main__ — [transport:acc2] text-send  len=65  action=close  ms=25
2026-03-24 05:09:47 [INFO] __main__ — SOCKS5 → data.phantom.app:443
2026-03-24 05:09:47 [DEBUG] __main__ — [transport:acc1] text-send  len=91  action=connect  ms=36
2026-03-24 05:09:47 [DEBUG] __main__ — [transport:acc1] got nack ms=12..35
2026-03-24 05:09:47 [DEBUG] __main__ — [transport:acc1] retransmit ms=12
2026-03-24 05:09:47 [DEBUG] __main__ — [transport:acc1] retransmit ms=13
2026-03-24 05:09:47 [DEBUG] __main__ — [transport:acc1] retransmit ms=14
2026-03-24 05:09:47 [DEBUG] __main__ — [transport:acc1] retransmit ms=15
2026-03-24 05:09:47 [DEBUG] __main__ — [transport:acc1] retransmit ms=16
2026-03-24 05:09:47 [DEBUG] __main__ — [transport:acc1] retransmit capped at 5/nack
2026-03-24 05:09:47 [DEBUG] __main__ — [transport:acc2] text-recv  action=closed  id=1a87b254
2026-03-24 05:09:47 [DEBUG] __main__ — [1a87b254] <- closed by server
2026-03-24 05:09:47 [INFO] __main__ — DONE api.suiet.app:443 [8cb52f65] | ↑1755B/1f (0.1 КБ/с)  ↓0B/0f (0.0 КБ/с)  30.0s
2026-03-24 05:09:49 [INFO] __main__ — tunnel yandex.ru:443 [e12e4049]  TIMEOUT
2026-03-24 05:09:49 [INFO] __main__ — SOCKS5 → yandex.ru:443
2026-03-24 05:09:49 [DEBUG] __main__ — [transport:acc2] text-send  len=84  action=connect  ms=26
2026-03-24 05:09:50 [DEBUG] __main__ — [transport:acc2] text-recv  action=ok  id=0ed20879
2026-03-24 05:09:50 [DEBUG] __main__ — [0ed20879] <- ok
2026-03-24 05:09:50 [INFO] __main__ — tunnel yandex.ru:443 [0ed20879]  открыт за ~351 мс
2026-03-24 05:09:50 [DEBUG] __main__ — [0ed20879] -> #1  1958B  seq=0
2026-03-24 05:09:50 [DEBUG] __main__ — [transport:acc1] text-send  len=2678  action=data  ms=37
2026-03-24 05:09:50 [DEBUG] __main__ — [transport:acc1] got nack ms=12..36
2026-03-24 05:09:50 [DEBUG] __main__ — [transport:acc1] retransmit ms=12
2026-03-24 05:09:50 [DEBUG] __main__ — [transport:acc1] retransmit ms=13
2026-03-24 05:09:50 [DEBUG] __main__ — [transport:acc1] retransmit ms=14
2026-03-24 05:09:50 [DEBUG] __main__ — [transport:acc1] retransmit ms=15
2026-03-24 05:09:50 [DEBUG] __main__ — [transport:acc1] retransmit ms=16
2026-03-24 05:09:50 [DEBUG] __main__ — [transport:acc1] retransmit capped at 5/nack
2026-03-24 05:09:50 [DEBUG] __main__ — [transport:acc2] text-recv  action=closed  id=ade69505
2026-03-24 05:09:50 [DEBUG] __main__ — [ade69505] <- closed by server
2026-03-24 05:09:51 [INFO] __main__ — SOCKS5 → 188.40.167.82:443
2026-03-24 05:09:51 [DEBUG] __main__ — [transport:acc1] text-send  len=88  action=connect  ms=38
2026-03-24 05:09:51 [DEBUG] __main__ — [transport:acc1] got nack ms=12..37
2026-03-24 05:09:51 [DEBUG] __main__ — [transport:acc1] retransmit ms=12
2026-03-24 05:09:51 [DEBUG] __main__ — [transport:acc1] retransmit ms=13
2026-03-24 05:09:51 [DEBUG] __main__ — [transport:acc1] retransmit ms=14
2026-03-24 05:09:51 [DEBUG] __main__ — [transport:acc1] retransmit ms=15
2026-03-24 05:09:51 [DEBUG] __main__ — [transport:acc1] retransmit ms=16
2026-03-24 05:09:51 [DEBUG] __main__ — [transport:acc1] retransmit capped at 5/nack
2026-03-24 05:09:52 [INFO] __main__ — tunnel data.phantom.app:443 [8cb214d8]  TIMEOUT
2026-03-24 05:09:52 [INFO] __main__ — SOCKS5 → data.phantom.app:443
2026-03-24 05:09:52 [DEBUG] __main__ — [transport:acc2] text-send  len=91  action=connect  ms=27
2026-03-24 05:09:52 [DEBUG] __main__ — [transport:acc2] text-recv  action=ok  id=5e03a50f
2026-03-24 05:09:52 [DEBUG] __main__ — [5e03a50f] <- ok
2026-03-24 05:09:52 [INFO] __main__ — tunnel data.phantom.app:443 [5e03a50f]  открыт за ~317 мс
2026-03-24 05:09:52 [DEBUG] __main__ — [5e03a50f] -> #1  1822B  seq=0
2026-03-24 05:09:52 [DEBUG] __main__ — [transport:acc1] text-send  len=2498  action=data  ms=39
2026-03-24 05:09:53 [DEBUG] __main__ — [transport:acc2] text-recv  action=closed  id=13f64f15
2026-03-24 05:09:53 [DEBUG] __main__ — [13f64f15] <- closed by server
2026-03-24 05:09:55 [DEBUG] __main__ — [transport:acc2] text-recv  action=closed  id=dc488032
2026-03-24 05:09:55 [DEBUG] __main__ — [dc488032] <- closed by server
2026-03-24 05:09:56 [INFO] __main__ — SOCKS5 → api.github.com:443
2026-03-24 05:09:56 [DEBUG] __main__ — [transport:acc1] text-send  len=89  action=connect  ms=40
2026-03-24 05:09:57 [DEBUG] __main__ — [transport:acc1] got nack ms=12..39
2026-03-24 05:09:57 [DEBUG] __main__ — [transport:acc1] retransmit ms=12
2026-03-24 05:09:57 [DEBUG] __main__ — [transport:acc1] retransmit ms=13
2026-03-24 05:09:57 [DEBUG] __main__ — [transport:acc1] retransmit ms=14
2026-03-24 05:09:57 [DEBUG] __main__ — [transport:acc1] retransmit ms=15
2026-03-24 05:09:57 [DEBUG] __main__ — [transport:acc1] retransmit ms=16
2026-03-24 05:09:57 [DEBUG] __main__ — [transport:acc1] retransmit capped at 5/nack
2026-03-24 05:09:58 [DEBUG] __main__ — [transport:acc2] keepalive sent
2026-03-24 05:09:58 [DEBUG] __main__ — [transport:acc1] keepalive sent
2026-03-24 05:09:58 [DEBUG] __main__ — [8171cadd] local EOF
2026-03-24 05:09:58 [DEBUG] __main__ — [transport:acc2] text-send  len=65  action=close  ms=28
2026-03-24 05:09:58 [INFO] __main__ — DONE www.google.com:443 [8171cadd] | ↑1756B/1f (0.1 КБ/с)  ↓0B/0f (0.0 КБ/с)  29.7s
2026-03-24 05:09:58 [INFO] __main__ — tunnel eppo-proxy.phantom.app:443 [3b3fc38f]  TIMEOUT
2026-03-24 05:09:58 [INFO] __main__ — SOCKS5 → eppo-proxy.phantom.app:443
2026-03-24 05:09:58 [DEBUG] __main__ — [transport:acc2] text-send  len=97  action=connect  ms=29
2026-03-24 05:09:59 [DEBUG] __main__ — [transport:acc2] text-recv  action=ok  id=1a9ef578
2026-03-24 05:09:59 [DEBUG] __main__ — [1a9ef578] <- ok
2026-03-24 05:09:59 [INFO] __main__ — tunnel eppo-proxy.phantom.app:443 [1a9ef578]  открыт за ~340 мс
2026-03-24 05:09:59 [DEBUG] __main__ — [1a9ef578] -> #1  1732B  seq=0
2026-03-24 05:09:59 [DEBUG] __main__ — [transport:acc1] text-send  len=2378  action=data  ms=41
2026-03-24 05:09:59 [DEBUG] __main__ — [transport:acc1] got nack ms=12..40
2026-03-24 05:09:59 [DEBUG] __main__ — [transport:acc1] retransmit ms=12
2026-03-24 05:09:59 [DEBUG] __main__ — [transport:acc1] retransmit ms=13
2026-03-24 05:09:59 [DEBUG] __main__ — [transport:acc1] retransmit ms=14
2026-03-24 05:09:59 [DEBUG] __main__ — [transport:acc1] retransmit ms=15
2026-03-24 05:09:59 [DEBUG] __main__ — [transport:acc1] retransmit ms=16
2026-03-24 05:09:59 [DEBUG] __main__ — [transport:acc1] retransmit capped at 5/nack
2026-03-24 05:10:00 [DEBUG] __main__ — [717175ff] local EOF
2026-03-24 05:10:00 [DEBUG] __main__ — [transport:acc2] text-send  len=65  action=close  ms=30
2026-03-24 05:10:00 [INFO] __main__ — DONE www.google.com:443 [717175ff] | ↑1788B/1f (0.1 КБ/с)  ↓0B/0f (0.0 КБ/с)  29.7s
2026-03-24 05:10:00 [DEBUG] __main__ — [8cfc1f44] local EOF
2026-03-24 05:10:00 [DEBUG] __main__ — [transport:acc2] text-send  len=65  action=close  ms=31
2026-03-24 05:10:00 [INFO] __main__ — DONE eppo-proxy.phantom.app:443 [8cfc1f44] | ↑2003B/1f (0.1 КБ/с)  ↓0B/0f (0.0 КБ/с)  29.7s
2026-03-24 05:10:02 [DEBUG] __main__ — [1a87b254] local EOF
2026-03-24 05:10:02 [DEBUG] __main__ — [transport:acc2] text-send  len=65  action=close  ms=32
2026-03-24 05:10:02 [INFO] __main__ — DONE blowfish-blocklist-proxy.phantom.app:443 [1a87b254] | ↑1810B/1f (0.1 КБ/с)  ↓0B/0f (0.0 КБ/с)  29.6s
2026-03-24 05:10:02 [INFO] __main__ — tunnel data.phantom.app:443 [bb45b6aa]  TIMEOUT
2026-03-24 05:10:02 [INFO] __main__ — SOCKS5 → data.phantom.app:443
2026-03-24 05:10:02 [DEBUG] __main__ — [transport:acc1] text-send  len=91  action=connect  ms=42
2026-03-24 05:10:02 [DEBUG] __main__ — [transport:acc1] got nack ms=12..41
2026-03-24 05:10:02 [DEBUG] __main__ — [transport:acc1] retransmit ms=12
2026-03-24 05:10:02 [DEBUG] __main__ — [transport:acc1] retransmit ms=13
2026-03-24 05:10:02 [DEBUG] __main__ — [transport:acc1] retransmit ms=14
2026-03-24 05:10:02 [DEBUG] __main__ — [transport:acc1] retransmit ms=15
2026-03-24 05:10:02 [DEBUG] __main__ — [transport:acc1] retransmit ms=16
2026-03-24 05:10:02 [DEBUG] __main__ — [transport:acc1] retransmit capped at 5/nack
2026-03-24 05:10:04 [INFO] __main__ — SOCKS5 → detectportal.brave-http-only.com:80
2026-03-24 05:10:04 [DEBUG] __main__ — [transport:acc2] text-send  len=106  action=connect  ms=33
2026-03-24 05:10:05 [DEBUG] __main__ — [ade69505] local EOF
2026-03-24 05:10:05 [DEBUG] __main__ — [transport:acc2] text-send  len=65  action=close  ms=34
2026-03-24 05:10:05 [INFO] __main__ — DONE blowfish-blocklist-proxy.phantom.app:443 [ade69505] | ↑1842B/1f (0.1 КБ/с)  ↓0B/0f (0.0 КБ/с)  29.7s
2026-03-24 05:10:05 [DEBUG] __main__ — [transport:acc2] text-recv  action=ok  id=132b5498
2026-03-24 05:10:05 [DEBUG] __main__ — [132b5498] <- ok
2026-03-24 05:10:05 [INFO] __main__ — tunnel detectportal.brave-http-only.com:80 [132b5498]  открыт за ~393 мс
2026-03-24 05:10:05 [DEBUG] __main__ — [132b5498] -> #1  332B  seq=0
2026-03-24 05:10:05 [DEBUG] __main__ — [transport:acc1] text-send  len=510  action=data  ms=43
2026-03-24 05:10:05 [DEBUG] __main__ — [transport:acc1] got nack ms=12..42
2026-03-24 05:10:05 [DEBUG] __main__ — [transport:acc1] retransmit ms=12
2026-03-24 05:10:05 [DEBUG] __main__ — [transport:acc1] retransmit ms=13
2026-03-24 05:10:05 [DEBUG] __main__ — [transport:acc1] retransmit ms=14
2026-03-24 05:10:05 [DEBUG] __main__ — [transport:acc1] retransmit ms=15
2026-03-24 05:10:05 [DEBUG] __main__ — [transport:acc1] retransmit ms=16
2026-03-24 05:10:05 [DEBUG] __main__ — [transport:acc1] retransmit capped at 5/nack
2026-03-24 05:10:06 [INFO] __main__ — tunnel 188.40.167.82:443 [f8df9649]  TIMEOUT
2026-03-24 05:10:07 [DEBUG] __main__ — [transport:acc2] text-recv  action=closed  id=5e03a50f
2026-03-24 05:10:07 [DEBUG] __main__ — [5e03a50f] <- closed by server
2026-03-24 05:10:10 [ERROR] asyncio — Unclosed client session
client_session: <aiohttp.client.ClientSession object at 0x761c9375d8a0>
2026-03-24 05:10:10 [ERROR] asyncio — Unclosed client session
client_session: <aiohttp.client.ClientSession object at 0x761c9375c340>
