2026-03-24 01:00:40 [INFO] __main__ — SOCKS5 запущен  127.0.0.1:1080  transports=2
2026-03-24 01:00:41 [INFO] __main__ — Авторизован [acc1], chatId=0 (self-chat)
2026-03-24 01:00:41 [INFO] __main__ — Авторизован [acc2], chatId=0 (self-chat)
2026-03-24 01:00:45 [INFO] __main__ — SOCKS5 → 81.19.72.32:443
2026-03-24 01:00:45 [DEBUG] __main__ — [transport:acc1] text-send  len=63  action=connect
2026-03-24 01:00:45 [DEBUG] __main__ — [transport:acc1] text-recv  action=connect  id=0b1135ec
2026-03-24 01:00:45 [WARNING] __main__ — [0b1135ec] <- неизвестный action='connect'
2026-03-24 01:00:45 [DEBUG] __main__ — [transport:acc1] text-recv  action=ok  id=0b1135ec
2026-03-24 01:00:45 [DEBUG] __main__ — [0b1135ec] <- ok
2026-03-24 01:00:45 [INFO] __main__ — tunnel 81.19.72.32:443 [0b1135ec]  открыт за ~298 мс
2026-03-24 01:00:45 [DEBUG] __main__ — [0b1135ec] -> #1  517B  seq=0
2026-03-24 01:00:45 [DEBUG] __main__ — [transport:acc1] text-send  len=505  action=data
2026-03-24 01:00:45 [DEBUG] __main__ — [transport:acc1] text-recv  action=data  id=0b1135ec
2026-03-24 01:00:45 [DEBUG] __main__ — [0b1135ec] <- data #1  517B  seq=0
2026-03-24 01:00:45 [DEBUG] __main__ — [0b1135ec] -> #2  7B  seq=1
2026-03-24 01:00:45 [DEBUG] __main__ — [transport:acc2] text-send  len=55  action=data
2026-03-24 01:00:45 [DEBUG] __main__ — [0b1135ec] local EOF
2026-03-24 01:00:45 [DEBUG] __main__ — [transport:acc1] text-send  len=42  action=close
2026-03-24 01:00:45 [DEBUG] __main__ — [transport:acc2] text-recv  action=data  id=0b1135ec
2026-03-24 01:00:45 [DEBUG] __main__ — [0b1135ec] <- data #2  7B  seq=1
2026-03-24 01:00:45 [INFO] __main__ — DONE 81.19.72.32:443 [0b1135ec] | ↑524B/2f (1.7 КБ/с)  ↓524B/2f (1.7 КБ/с)  0.3s
2026-03-24 01:00:45 [DEBUG] __main__ — [transport:acc1] text-recv  action=close  id=0b1135ec
2026-03-24 01:00:45 [WARNING] __main__ — [0b1135ec] <- неизвестный action='close'
2026-03-24 01:00:46 [DEBUG] __main__ — [transport:acc2] text-recv  action=data  id=0b1135ec
2026-03-24 01:00:46 [DEBUG] __main__ — [0b1135ec] <- data #1  841B  seq=1
2026-03-24 01:00:47 [DEBUG] __main__ — [transport:acc1] file-recv  fileId=2990478670  action=data
2026-03-24 01:00:47 [DEBUG] __main__ — [0b1135ec] <- data #2  2900B  seq=0
2026-03-24 01:00:55 [ERROR] asyncio — Fatal error on SSL transport
protocol: <asyncio.sslproto.SSLProtocol object at 0x7fe06138c7c0>
transport: <_SelectorSocketTransport closing fd=10>
Traceback (most recent call last):
  File "/usr/lib/python3.10/asyncio/selector_events.py", line 924, in write
    n = self._sock.send(data)
OSError: [Errno 9] Bad file descriptor

During handling of the above exception, another exception occurred:

Traceback (most recent call last):
  File "/usr/lib/python3.10/asyncio/sslproto.py", line 690, in _process_write_backlog
    self._transport.write(chunk)
  File "/usr/lib/python3.10/asyncio/selector_events.py", line 930, in write
    self._fatal_error(exc, 'Fatal write error on socket transport')
  File "/usr/lib/python3.10/asyncio/selector_events.py", line 725, in _fatal_error
    self._force_close(exc)
  File "/usr/lib/python3.10/asyncio/selector_events.py", line 737, in _force_close
    self._loop.call_soon(self._call_connection_lost, exc)
  File "/usr/lib/python3.10/asyncio/base_events.py", line 753, in call_soon
    self._check_closed()
  File "/usr/lib/python3.10/asyncio/base_events.py", line 515, in _check_closed
    raise RuntimeError('Event loop is closed')
RuntimeError: Event loop is closed
2026-03-24 01:00:55 [ERROR] asyncio — Unclosed client session
client_session: <aiohttp.client.ClientSession object at 0x7fe06133eec0>
2026-03-24 01:00:55 [ERROR] asyncio — Unclosed connector
connections: ['[(<aiohttp.client_proto.ResponseHandler object at 0x7fe061347ee0>, 89450.352025422)]']
connector: <aiohttp.connector.TCPConnector object at 0x7fe06133d960>
