2026-03-24 11:57:50 [INFO] __main__ — SOCKS5 запущен  127.0.0.1:1080  transports=2
2026-03-24 11:57:51 [INFO] __main__ — Авторизован [acc1#ws2], chatId=0 (self-chat)
2026-03-24 11:57:51 [INFO] __main__ — [acc1#ws2] подключён
2026-03-24 11:57:51 [INFO] __main__ — Авторизован [acc2#ws0], chatId=0 (self-chat)
2026-03-24 11:57:51 [INFO] __main__ — [acc2#ws0] подключён
2026-03-24 11:57:51 [INFO] __main__ — Авторизован [acc2#ws2], chatId=0 (self-chat)
2026-03-24 11:57:51 [INFO] __main__ — [acc2#ws2] подключён
2026-03-24 11:57:51 [INFO] __main__ — Авторизован [acc1#ws1], chatId=0 (self-chat)
2026-03-24 11:57:51 [INFO] __main__ — [acc1#ws1] подключён
2026-03-24 11:57:51 [INFO] __main__ — Авторизован [acc1#ws0], chatId=0 (self-chat)
2026-03-24 11:57:51 [INFO] __main__ — [acc1#ws0] подключён
2026-03-24 11:57:51 [INFO] __main__ — Авторизован [acc2#ws1], chatId=0 (self-chat)
2026-03-24 11:57:51 [INFO] __main__ — [acc2#ws1] подключён
2026-03-24 11:57:54 [INFO] __main__ — SOCKS5 → 188.40.167.82:443
2026-03-24 11:57:54 [DEBUG] __main__ — [transport:acc1] file-send  size=84  action=connect  seq=?  prio=0
2026-03-24 11:57:55 [DEBUG] __main__ — [acc1#ws0] upload ok  fileId=2992479367  size=84
2026-03-24 11:57:56 [DEBUG] __main__ — tunnel 188.40.167.82:443 [8974cfb5]  no ok in 2s, retrying connect
2026-03-24 11:57:57 [DEBUG] __main__ — [transport:acc1] file-send  size=84  action=connect  seq=?  prio=0
2026-03-24 11:57:57 [DEBUG] __main__ — [acc1#ws2] пропускаем свой исходящий файл fileId=2992479367
2026-03-24 11:57:57 [DEBUG] __main__ — [acc1#ws1] upload ok  fileId=2982950891  size=84
2026-03-24 11:57:58 [DEBUG] __main__ — [acc1#ws0] file-recv  fileId=2992479367  action=connect
2026-03-24 11:57:58 [WARNING] __main__ — [8974cfb5] <- неизвестный action='connect'
2026-03-24 11:57:58 [DEBUG] __main__ — [acc1#ws2] пропускаем свой исходящий файл fileId=2982950891
2026-03-24 11:57:58 [DEBUG] __main__ — [acc1#ws0] file-recv  fileId=2982950891  action=connect
2026-03-24 11:57:58 [WARNING] __main__ — [8974cfb5] <- неизвестный action='connect'
2026-03-24 11:57:59 [DEBUG] __main__ — tunnel 188.40.167.82:443 [8974cfb5]  no ok in 3s, retrying connect
2026-03-24 11:57:59 [DEBUG] __main__ — [transport:acc1] file-send  size=84  action=connect  seq=?  prio=0
2026-03-24 11:57:59 [DEBUG] __main__ — [acc1#ws2] upload ok  fileId=2994114813  size=84
2026-03-24 11:58:00 [DEBUG] __main__ — [acc1#ws2] пропускаем свой исходящий файл fileId=2994114813
2026-03-24 11:58:00 [DEBUG] __main__ — [acc1#ws0] file-recv  fileId=2994114813  action=connect
2026-03-24 11:58:00 [WARNING] __main__ — [8974cfb5] <- неизвестный action='connect'
2026-03-24 11:58:03 [DEBUG] __main__ — tunnel 188.40.167.82:443 [8974cfb5]  no ok in 4s, retrying connect
2026-03-24 11:58:03 [DEBUG] __main__ — [transport:acc1] file-send  size=84  action=connect  seq=?  prio=0
2026-03-24 11:58:03 [DEBUG] __main__ — [acc1#ws0] upload ok  fileId=2991226808  size=84
2026-03-24 11:58:04 [DEBUG] __main__ — [acc1#ws2] пропускаем свой исходящий файл fileId=2991226808
2026-03-24 11:58:04 [DEBUG] __main__ — [acc1#ws0] file-recv  fileId=2991226808  action=connect
2026-03-24 11:58:04 [WARNING] __main__ — [8974cfb5] <- неизвестный action='connect'
2026-03-24 11:58:08 [INFO] __main__ — tunnel 188.40.167.82:443 [8974cfb5]  TIMEOUT
