2026-03-24 05:41:49 [INFO] __main__ — SOCKS5 запущен  127.0.0.1:1080  transports=2
2026-03-24 05:41:49 [INFO] __main__ — Авторизован [acc1], chatId=0 (self-chat)
2026-03-24 05:41:49 [INFO] __main__ — Авторизован [acc2], chatId=0 (self-chat)
2026-03-24 05:41:54 [INFO] __main__ — SOCKS5 → 188.40.167.82:443
2026-03-24 05:41:54 [DEBUG] __main__ — [transport:acc1] ctrl-send  len=87  action=connect  ms=0
2026-03-24 05:41:54 [DEBUG] __main__ — [transport:acc1] text-recv  action=ok  id=0ae3d5a2
2026-03-24 05:41:54 [DEBUG] __main__ — [0ae3d5a2] <- ok
2026-03-24 05:41:54 [INFO] __main__ — tunnel 188.40.167.82:443 [0ae3d5a2]  открыт за ~232 мс
2026-03-24 05:41:54 [DEBUG] __main__ — [0ae3d5a2] -> #1  517B  seq=0
2026-03-24 05:41:54 [DEBUG] __main__ — [transport:acc1] text-send  len=757  action=data  ms=1
2026-03-24 05:41:55 [DEBUG] __main__ — [transport:acc2] text-recv  action=data  id=0ae3d5a2
2026-03-24 05:41:55 [DEBUG] __main__ — [0ae3d5a2] <- data #1  434B  seq=1
2026-03-24 05:41:55 [DEBUG] __main__ — [transport:acc1] text-recv  action=data  id=0ae3d5a2
2026-03-24 05:41:55 [DEBUG] __main__ — [0ae3d5a2] <- data #2  2700B  seq=0
2026-03-24 05:41:55 [DEBUG] __main__ — [0ae3d5a2] -> #2  266B  seq=1
2026-03-24 05:41:55 [DEBUG] __main__ — [transport:acc2] text-send  len=421  action=data  ms=0
2026-03-24 05:41:55 [DEBUG] __main__ — [transport:acc1] text-recv  action=data  id=0ae3d5a2
2026-03-24 05:41:55 [DEBUG] __main__ — [0ae3d5a2] <- data #3  744B  seq=2
2026-03-24 05:41:55 [DEBUG] __main__ — [0ae3d5a2] -> #3  55B  seq=2
2026-03-24 05:41:55 [DEBUG] __main__ — [transport:acc1] text-send  len=141  action=data  ms=2
2026-03-24 05:41:55 [DEBUG] __main__ — [0ae3d5a2] local EOF
2026-03-24 05:41:55 [DEBUG] __main__ — [transport:acc1] ctrl-send  len=64  action=close  ms=3
2026-03-24 05:41:56 [INFO] __main__ — DONE 188.40.167.82:443 [0ae3d5a2] | ↑838B/3f (0.5 КБ/с)  ↓3878B/3f (2.3 КБ/с)  1.7s
2026-03-24 05:41:58 [INFO] __main__ — SOCKS5 → 81.19.72.33:443
2026-03-24 05:41:58 [DEBUG] __main__ — [transport:acc2] ctrl-send  len=85  action=connect  ms=1
2026-03-24 05:41:59 [DEBUG] __main__ — [transport:acc2] text-recv  action=ok  id=6132b27c
2026-03-24 05:41:59 [DEBUG] __main__ — [6132b27c] <- ok
2026-03-24 05:41:59 [INFO] __main__ — tunnel 81.19.72.33:443 [6132b27c]  открыт за ~273 мс
2026-03-24 05:41:59 [DEBUG] __main__ — [6132b27c] -> #1  517B  seq=0
2026-03-24 05:41:59 [DEBUG] __main__ — [transport:acc1] text-send  len=757  action=data  ms=4
2026-03-24 05:41:59 [DEBUG] __main__ — [transport:acc1] text-recv  action=data  id=6132b27c
2026-03-24 05:41:59 [DEBUG] __main__ — [6132b27c] <- data #1  2700B  seq=0
2026-03-24 05:41:59 [DEBUG] __main__ — [transport:acc2] text-recv  action=data  id=6132b27c
2026-03-24 05:41:59 [DEBUG] __main__ — [6132b27c] <- data #2  1040B  seq=1
2026-03-24 05:41:59 [DEBUG] __main__ — [6132b27c] -> #2  93B  seq=1
2026-03-24 05:41:59 [DEBUG] __main__ — [transport:acc2] text-send  len=189  action=data  ms=2
2026-03-24 05:41:59 [DEBUG] __main__ — [transport:acc1] text-recv  action=data  id=6132b27c
2026-03-24 05:41:59 [DEBUG] __main__ — [6132b27c] <- data #3  120B  seq=2
2026-03-24 05:41:59 [DEBUG] __main__ — [6132b27c] -> #3  253B  seq=2
2026-03-24 05:41:59 [DEBUG] __main__ — [transport:acc1] text-send  len=405  action=data  ms=5
2026-03-24 05:42:00 [DEBUG] __main__ — [transport:acc2] text-recv  action=data  id=6132b27c
2026-03-24 05:42:00 [DEBUG] __main__ — [transport:acc1] text-recv  action=data  id=6132b27c
2026-03-24 05:42:00 [DEBUG] __main__ — [6132b27c] <- data #4  2700B  seq=3
2026-03-24 05:42:00 [DEBUG] __main__ — [6132b27c] <- data #5  2700B  seq=4
2026-03-24 05:42:00 [DEBUG] __main__ — [transport:acc1] text-recv  action=data  id=6132b27c
2026-03-24 05:42:00 [DEBUG] __main__ — [6132b27c] <- data #6  1415B  seq=6
2026-03-24 05:42:00 [DEBUG] __main__ — [transport:acc2] text-recv  action=data  id=6132b27c
2026-03-24 05:42:00 [DEBUG] __main__ — [6132b27c] <- data #7  2700B  seq=5
2026-03-24 05:42:00 [DEBUG] __main__ — [transport:acc2] text-recv  action=data  id=6132b27c
2026-03-24 05:42:00 [DEBUG] __main__ — [transport:acc1] text-recv  action=data  id=6132b27c
2026-03-24 05:42:00 [DEBUG] __main__ — [6132b27c] <- data #8  2700B  seq=7
2026-03-24 05:42:00 [DEBUG] __main__ — [6132b27c] <- data #9  2700B  seq=8
2026-03-24 05:42:00 [DEBUG] __main__ — [transport:acc1] text-recv  action=data  id=6132b27c
2026-03-24 05:42:00 [DEBUG] __main__ — [6132b27c] <- data #10  2700B  seq=10
2026-03-24 05:42:00 [DEBUG] __main__ — [transport:acc2] text-recv  action=data  id=6132b27c
2026-03-24 05:42:00 [DEBUG] __main__ — [6132b27c] <- data #11  2700B  seq=9
2026-03-24 05:42:00 [DEBUG] __main__ — [transport:acc1] text-recv  action=data  id=6132b27c
2026-03-24 05:42:00 [DEBUG] __main__ — [6132b27c] <- data #12  2700B  seq=12
2026-03-24 05:42:00 [DEBUG] __main__ — [transport:acc2] text-recv  action=data  id=6132b27c
2026-03-24 05:42:00 [DEBUG] __main__ — [6132b27c] <- data #13  2700B  seq=11
2026-03-24 05:42:00 [DEBUG] __main__ — [transport:acc1] text-recv  action=data  id=6132b27c
2026-03-24 05:42:00 [DEBUG] __main__ — [6132b27c] <- data #14  2700B  seq=14
2026-03-24 05:42:00 [DEBUG] __main__ — [transport:acc2] text-recv  action=data  id=6132b27c
2026-03-24 05:42:00 [DEBUG] __main__ — [6132b27c] <- data #15  2624B  seq=13
2026-03-24 05:42:00 [DEBUG] __main__ — [transport:acc2] text-recv  action=data  id=6132b27c
2026-03-24 05:42:00 [DEBUG] __main__ — [transport:acc1] text-recv  action=data  id=6132b27c
2026-03-24 05:42:00 [DEBUG] __main__ — [6132b27c] <- data #16  2700B  seq=15
2026-03-24 05:42:00 [DEBUG] __main__ — [6132b27c] <- data #17  2700B  seq=16
2026-03-24 05:42:00 [DEBUG] __main__ — [transport:acc1] text-recv  action=data  id=6132b27c
2026-03-24 05:42:00 [DEBUG] __main__ — [6132b27c] <- data #18  2700B  seq=18
2026-03-24 05:42:00 [DEBUG] __main__ — [transport:acc2] text-recv  action=data  id=6132b27c
2026-03-24 05:42:00 [DEBUG] __main__ — [6132b27c] <- data #19  2700B  seq=17
2026-03-24 05:42:01 [DEBUG] __main__ — [transport:acc1] text-recv  action=data  id=6132b27c
2026-03-24 05:42:01 [DEBUG] __main__ — [6132b27c] <- data #20  2700B  seq=20
2026-03-24 05:42:01 [DEBUG] __main__ — [transport:acc2] text-recv  action=data  id=6132b27c
2026-03-24 05:42:01 [DEBUG] __main__ — [6132b27c] <- data #21  2700B  seq=19
2026-03-24 05:42:01 [DEBUG] __main__ — [transport:acc1] text-recv  action=data  id=6132b27c
2026-03-24 05:42:01 [DEBUG] __main__ — [6132b27c] <- data #22  2700B  seq=22
2026-03-24 05:42:01 [DEBUG] __main__ — [transport:acc2] text-recv  action=data  id=6132b27c
2026-03-24 05:42:01 [DEBUG] __main__ — [6132b27c] <- data #23  2700B  seq=21
2026-03-24 05:42:01 [DEBUG] __main__ — [transport:acc1] text-recv  action=data  id=6132b27c
2026-03-24 05:42:01 [DEBUG] __main__ — [6132b27c] <- data #24  2700B  seq=24
2026-03-24 05:42:01 [DEBUG] __main__ — [transport:acc2] text-recv  action=data  id=6132b27c
2026-03-24 05:42:01 [DEBUG] __main__ — [6132b27c] <- data #25  2700B  seq=23
2026-03-24 05:42:01 [DEBUG] __main__ — [transport:acc2] text-recv  action=data  id=6132b27c
2026-03-24 05:42:01 [DEBUG] __main__ — [6132b27c] <- data #26  2700B  seq=25
2026-03-24 05:42:01 [DEBUG] __main__ — [transport:acc1] text-recv  action=data  id=6132b27c
2026-03-24 05:42:01 [DEBUG] __main__ — [6132b27c] <- data #27  2700B  seq=26
2026-03-24 05:42:01 [DEBUG] __main__ — [transport:acc1] text-recv  action=data  id=6132b27c
2026-03-24 05:42:01 [DEBUG] __main__ — [6132b27c] <- data #28  2700B  seq=28
2026-03-24 05:42:01 [DEBUG] __main__ — [transport:acc2] text-recv  action=data  id=6132b27c
2026-03-24 05:42:01 [DEBUG] __main__ — [6132b27c] <- data #29  2700B  seq=27
2026-03-24 05:42:01 [DEBUG] __main__ — [transport:acc1] text-recv  action=data  id=6132b27c
2026-03-24 05:42:01 [DEBUG] __main__ — [6132b27c] <- data #30  2700B  seq=30
2026-03-24 05:42:01 [DEBUG] __main__ — [transport:acc2] text-recv  action=data  id=6132b27c
2026-03-24 05:42:01 [DEBUG] __main__ — [6132b27c] <- data #31  2700B  seq=29
2026-03-24 05:42:01 [DEBUG] __main__ — [transport:acc1] text-recv  action=data  id=6132b27c
2026-03-24 05:42:01 [DEBUG] __main__ — [6132b27c] <- data #32  2700B  seq=32
2026-03-24 05:42:01 [DEBUG] __main__ — [transport:acc2] text-recv  action=data  id=6132b27c
2026-03-24 05:42:01 [DEBUG] __main__ — [6132b27c] <- data #33  2700B  seq=31
2026-03-24 05:42:01 [DEBUG] __main__ — [transport:acc1] text-recv  action=data  id=6132b27c
2026-03-24 05:42:01 [DEBUG] __main__ — [6132b27c] <- data #34  2700B  seq=34
2026-03-24 05:42:01 [DEBUG] __main__ — [transport:acc2] text-recv  action=data  id=6132b27c
2026-03-24 05:42:01 [DEBUG] __main__ — [6132b27c] <- data #35  2700B  seq=33
2026-03-24 05:42:01 [DEBUG] __main__ — [transport:acc1] text-recv  action=data  id=6132b27c
2026-03-24 05:42:01 [DEBUG] __main__ — [6132b27c] <- data #36  2700B  seq=36
2026-03-24 05:42:01 [DEBUG] __main__ — [transport:acc2] text-recv  action=data  id=6132b27c
2026-03-24 05:42:01 [DEBUG] __main__ — [6132b27c] <- data #37  2700B  seq=35
2026-03-24 05:42:01 [DEBUG] __main__ — [transport:acc1] text-recv  action=data  id=6132b27c
2026-03-24 05:42:01 [DEBUG] __main__ — [6132b27c] <- data #38  2700B  seq=38
2026-03-24 05:42:01 [DEBUG] __main__ — [transport:acc2] text-recv  action=data  id=6132b27c
2026-03-24 05:42:01 [DEBUG] __main__ — [6132b27c] <- data #39  2700B  seq=37
2026-03-24 05:42:02 [DEBUG] __main__ — [transport:acc1] text-recv  action=data  id=6132b27c
2026-03-24 05:42:02 [DEBUG] __main__ — [6132b27c] <- data #40  2700B  seq=40
2026-03-24 05:42:02 [DEBUG] __main__ — [transport:acc2] text-recv  action=data  id=6132b27c
2026-03-24 05:42:02 [DEBUG] __main__ — [6132b27c] <- data #41  2700B  seq=39
2026-03-24 05:42:02 [DEBUG] __main__ — [transport:acc1] text-recv  action=data  id=6132b27c
2026-03-24 05:42:02 [DEBUG] __main__ — [6132b27c] <- data #42  2700B  seq=42
2026-03-24 05:42:02 [DEBUG] __main__ — [transport:acc1] text-recv  action=data  id=6132b27c
2026-03-24 05:42:02 [DEBUG] __main__ — [6132b27c] <- data #43  2700B  seq=44
2026-03-24 05:42:02 [DEBUG] __main__ — [transport:acc2] text-recv  action=data  id=6132b27c
2026-03-24 05:42:02 [DEBUG] __main__ — [6132b27c] <- data #44  2700B  seq=41
2026-03-24 05:42:02 [DEBUG] __main__ — [transport:acc2] text-recv  action=data  id=6132b27c
2026-03-24 05:42:02 [DEBUG] __main__ — [6132b27c] <- data #45  2700B  seq=43
2026-03-24 05:42:02 [DEBUG] __main__ — [transport:acc1] text-recv  action=data  id=6132b27c
2026-03-24 05:42:02 [DEBUG] __main__ — [6132b27c] <- data #46  2700B  seq=46
2026-03-24 05:42:02 [DEBUG] __main__ — [transport:acc2] text-recv  action=data  id=6132b27c
2026-03-24 05:42:02 [DEBUG] __main__ — [6132b27c] <- data #47  2700B  seq=45
2026-03-24 05:42:02 [DEBUG] __main__ — [transport:acc2] text-recv  action=data  id=6132b27c
2026-03-24 05:42:02 [DEBUG] __main__ — [6132b27c] <- data #48  2700B  seq=47
2026-03-24 05:42:02 [DEBUG] __main__ — [transport:acc1] text-recv  action=data  id=6132b27c
2026-03-24 05:42:02 [DEBUG] __main__ — [6132b27c] <- data #49  2700B  seq=48
2026-03-24 05:42:02 [DEBUG] __main__ — [transport:acc1] text-recv  action=data  id=6132b27c
2026-03-24 05:42:02 [DEBUG] __main__ — [6132b27c] <- data #50  2700B  seq=50
2026-03-24 05:42:02 [DEBUG] __main__ — [transport:acc2] text-recv  action=data  id=6132b27c
2026-03-24 05:42:02 [DEBUG] __main__ — [6132b27c] <- data #51  2700B  seq=49
2026-03-24 05:42:02 [DEBUG] __main__ — [transport:acc1] text-recv  action=data  id=6132b27c
2026-03-24 05:42:02 [DEBUG] __main__ — [6132b27c] <- data #52  2700B  seq=52
2026-03-24 05:42:02 [DEBUG] __main__ — [transport:acc2] text-recv  action=data  id=6132b27c
2026-03-24 05:42:02 [DEBUG] __main__ — [6132b27c] <- data #53  2700B  seq=51
2026-03-24 05:42:02 [DEBUG] __main__ — [transport:acc1] text-recv  action=data  id=6132b27c
2026-03-24 05:42:02 [DEBUG] __main__ — [6132b27c] <- data #54  2700B  seq=54
2026-03-24 05:42:02 [DEBUG] __main__ — [transport:acc2] text-recv  action=data  id=6132b27c
2026-03-24 05:42:02 [DEBUG] __main__ — [6132b27c] <- data #55  2700B  seq=53
2026-03-24 05:42:02 [DEBUG] __main__ — [transport:acc2] text-recv  action=data  id=6132b27c
2026-03-24 05:42:02 [DEBUG] __main__ — [6132b27c] <- data #56  2700B  seq=55
2026-03-24 05:42:02 [DEBUG] __main__ — [transport:acc1] text-recv  action=data  id=6132b27c
2026-03-24 05:42:02 [DEBUG] __main__ — [6132b27c] <- data #57  1898B  seq=56
2026-03-24 05:42:02 [DEBUG] __main__ — [6132b27c] -> #4  31B  seq=3
2026-03-24 05:42:02 [DEBUG] __main__ — [transport:acc2] text-send  len=109  action=data  ms=3
2026-03-24 05:42:02 [DEBUG] __main__ — [6132b27c] local EOF
2026-03-24 05:42:02 [DEBUG] __main__ — [transport:acc2] ctrl-send  len=64  action=close  ms=4
2026-03-24 05:42:03 [INFO] __main__ — DONE 81.19.72.33:443 [6132b27c] | ↑894B/4f (0.2 КБ/с)  ↓147497B/57f (30.3 КБ/с)  4.8s
2026-03-24 05:42:14 [DEBUG] __main__ — [transport:acc1] keepalive sent
2026-03-24 05:42:14 [DEBUG] __main__ — [transport:acc2] keepalive sent
2026-03-24 05:42:17 [INFO] __main__ — SOCKS5 → www.google.com:443
2026-03-24 05:42:17 [DEBUG] __main__ — [transport:acc1] ctrl-send  len=88  action=connect  ms=6
2026-03-24 05:42:17 [INFO] __main__ — SOCKS5 → www.google.com:443
2026-03-24 05:42:17 [DEBUG] __main__ — [transport:acc2] ctrl-send  len=88  action=connect  ms=5
2026-03-24 05:42:17 [INFO] __main__ — SOCKS5 → www.google.com:443
2026-03-24 05:42:17 [DEBUG] __main__ — [transport:acc1] ctrl-send  len=88  action=connect  ms=7
2026-03-24 05:42:18 [DEBUG] __main__ — [transport:acc1] text-recv  action=ok  id=3bec2acf
2026-03-24 05:42:18 [DEBUG] __main__ — [3bec2acf] <- ok
2026-03-24 05:42:18 [INFO] __main__ — tunnel www.google.com:443 [3bec2acf]  открыт за ~409 мс
2026-03-24 05:42:18 [DEBUG] __main__ — [3bec2acf] -> #1  1788B  seq=0
2026-03-24 05:42:18 [DEBUG] __main__ — [transport:acc1] text-send  len=2449  action=data  ms=8
2026-03-24 05:42:18 [DEBUG] __main__ — [transport:acc2] text-recv  action=ok  id=2aa16b5c
2026-03-24 05:42:18 [DEBUG] __main__ — [2aa16b5c] <- ok
2026-03-24 05:42:18 [INFO] __main__ — tunnel www.google.com:443 [2aa16b5c]  открыт за ~428 мс
2026-03-24 05:42:18 [DEBUG] __main__ — [2aa16b5c] -> #1  1788B  seq=0
2026-03-24 05:42:18 [DEBUG] __main__ — [transport:acc1] text-send  len=2449  action=data  ms=9
2026-03-24 05:42:18 [DEBUG] __main__ — [transport:acc1] text-recv  action=ok  id=61c28991
2026-03-24 05:42:18 [DEBUG] __main__ — [61c28991] <- ok
2026-03-24 05:42:18 [INFO] __main__ — tunnel www.google.com:443 [61c28991]  открыт за ~390 мс
2026-03-24 05:42:18 [DEBUG] __main__ — [61c28991] -> #1  1788B  seq=0
2026-03-24 05:42:18 [DEBUG] __main__ — [transport:acc1] text-send  len=2450  action=data  ms=10
2026-03-24 05:42:18 [INFO] __main__ — SOCKS5 → www.google.com:443
2026-03-24 05:42:18 [DEBUG] __main__ — [transport:acc2] ctrl-send  len=88  action=connect  ms=6
2026-03-24 05:42:18 [DEBUG] __main__ — [transport:acc2] text-recv  action=data  id=3bec2acf
2026-03-24 05:42:18 [DEBUG] __main__ — [3bec2acf] <- data #1  2680B  seq=1
2026-03-24 05:42:18 [DEBUG] __main__ — [transport:acc1] text-recv  action=data  id=3bec2acf
2026-03-24 05:42:18 [DEBUG] __main__ — [3bec2acf] <- data #2  2700B  seq=0
2026-03-24 05:42:18 [DEBUG] __main__ — [3bec2acf] -> #2  2700B  seq=1
2026-03-24 05:42:18 [DEBUG] __main__ — [transport:acc2] text-send  len=3665  action=data  ms=7
2026-03-24 05:42:18 [DEBUG] __main__ — [3bec2acf] -> #3  2033B  seq=2
2026-03-24 05:42:18 [DEBUG] __main__ — [transport:acc1] text-send  len=2778  action=data  ms=11
2026-03-24 05:42:18 [DEBUG] __main__ — [3bec2acf] -> #4  2700B  seq=3
2026-03-24 05:42:18 [DEBUG] __main__ — [transport:acc2] text-send  len=3665  action=data  ms=8
2026-03-24 05:42:18 [DEBUG] __main__ — [3bec2acf] -> #5  1898B  seq=4
2026-03-24 05:42:18 [DEBUG] __main__ — [transport:acc1] text-send  len=2598  action=data  ms=12
2026-03-24 05:42:18 [DEBUG] __main__ — [transport:acc1] text-recv  action=data  id=61c28991
2026-03-24 05:42:18 [DEBUG] __main__ — [61c28991] <- data #1  2700B  seq=0
2026-03-24 05:42:18 [DEBUG] __main__ — [3bec2acf] -> #6  35B  seq=5
2026-03-24 05:42:18 [DEBUG] __main__ — [transport:acc2] text-send  len=113  action=data  ms=9
2026-03-24 05:42:18 [DEBUG] __main__ — [transport:acc2] text-recv  action=data  id=61c28991
2026-03-24 05:42:18 [DEBUG] __main__ — [61c28991] <- data #2  1375B  seq=1
2026-03-24 05:42:18 [DEBUG] __main__ — [61c28991] -> #2  74B  seq=1
2026-03-24 05:42:18 [DEBUG] __main__ — [transport:acc2] text-send  len=166  action=data  ms=10
2026-03-24 05:42:18 [DEBUG] __main__ — [transport:acc1] text-recv  action=data  id=3bec2acf
2026-03-24 05:42:18 [DEBUG] __main__ — [3bec2acf] <- data #3  1047B  seq=2
2026-03-24 05:42:18 [DEBUG] __main__ — [3bec2acf] -> #7  31B  seq=6
2026-03-24 05:42:18 [DEBUG] __main__ — [transport:acc1] text-send  len=110  action=data  ms=13
2026-03-24 05:42:18 [DEBUG] __main__ — [transport:acc2] text-recv  action=ok  id=ba89f34c
2026-03-24 05:42:18 [DEBUG] __main__ — [ba89f34c] <- ok
2026-03-24 05:42:18 [INFO] __main__ — tunnel www.google.com:443 [ba89f34c]  открыт за ~463 мс
2026-03-24 05:42:18 [DEBUG] __main__ — [ba89f34c] -> #1  1788B  seq=0
2026-03-24 05:42:18 [DEBUG] __main__ — [transport:acc1] text-send  len=2450  action=data  ms=14
2026-03-24 05:42:18 [DEBUG] __main__ — [transport:acc2] text-recv  action=data  id=3bec2acf
2026-03-24 05:42:18 [DEBUG] __main__ — [3bec2acf] <- data #4  1460B  seq=3
2026-03-24 05:42:18 [DEBUG] __main__ — [transport:acc1] text-recv  action=data  id=3bec2acf
2026-03-24 05:42:18 [DEBUG] __main__ — [3bec2acf] <- data #5  678B  seq=4
2026-03-24 05:42:18 [DEBUG] __main__ — [3bec2acf] -> #8  39B  seq=7
2026-03-24 05:42:18 [DEBUG] __main__ — [transport:acc2] text-send  len=118  action=data  ms=11
2026-03-24 05:42:19 [DEBUG] __main__ — [transport:acc1] text-recv  action=data  id=2aa16b5c
2026-03-24 05:42:19 [DEBUG] __main__ — [2aa16b5c] <- data #1  2700B  seq=0
2026-03-24 05:42:19 [DEBUG] __main__ — [transport:acc2] text-recv  action=data  id=2aa16b5c
2026-03-24 05:42:19 [DEBUG] __main__ — [2aa16b5c] <- data #2  2679B  seq=1
2026-03-24 05:42:19 [DEBUG] __main__ — [2aa16b5c] -> #2  74B  seq=1
2026-03-24 05:42:19 [DEBUG] __main__ — [transport:acc2] text-send  len=166  action=data  ms=12
2026-03-24 05:42:19 [DEBUG] __main__ — [transport:acc2] text-recv  action=data  id=3bec2acf
2026-03-24 05:42:19 [DEBUG] __main__ — [3bec2acf] <- data #6  2291B  seq=5
2026-03-24 05:42:19 [DEBUG] __main__ — [transport:acc1] text-recv  action=data  id=3bec2acf
2026-03-24 05:42:19 [DEBUG] __main__ — [3bec2acf] <- data #7  31B  seq=6
2026-03-24 05:42:19 [DEBUG] __main__ — [transport:acc1] text-recv  action=data  id=ba89f34c
2026-03-24 05:42:19 [DEBUG] __main__ — [ba89f34c] <- data #1  2700B  seq=0
2026-03-24 05:42:19 [DEBUG] __main__ — [transport:acc2] text-recv  action=data  id=ba89f34c
2026-03-24 05:42:19 [DEBUG] __main__ — [ba89f34c] <- data #2  1374B  seq=1
2026-03-24 05:42:19 [DEBUG] __main__ — [ba89f34c] -> #2  74B  seq=1
2026-03-24 05:42:19 [DEBUG] __main__ — [transport:acc2] text-send  len=166  action=data  ms=13
2026-03-24 05:42:19 [DEBUG] __main__ — [3bec2acf] -> #9  2700B  seq=8
2026-03-24 05:42:19 [DEBUG] __main__ — [transport:acc1] text-send  len=3666  action=data  ms=15
2026-03-24 05:42:19 [DEBUG] __main__ — [3bec2acf] -> #10  1859B  seq=9
2026-03-24 05:42:19 [DEBUG] __main__ — [transport:acc2] text-send  len=2546  action=data  ms=14
2026-03-24 05:42:19 [DEBUG] __main__ — [3bec2acf] -> #11  2700B  seq=10
2026-03-24 05:42:19 [DEBUG] __main__ — [transport:acc1] text-send  len=3667  action=data  ms=16
2026-03-24 05:42:19 [DEBUG] __main__ — [3bec2acf] -> #12  1895B  seq=11
2026-03-24 05:42:19 [DEBUG] __main__ — [transport:acc2] text-send  len=2595  action=data  ms=15
2026-03-24 05:42:19 [DEBUG] __main__ — [transport:acc2] text-recv  action=data  id=3bec2acf
2026-03-24 05:42:19 [DEBUG] __main__ — [3bec2acf] <- data #8  828B  seq=7
2026-03-24 05:42:20 [DEBUG] __main__ — [3bec2acf] -> #13  2700B  seq=12
2026-03-24 05:42:20 [DEBUG] __main__ — [transport:acc1] text-send  len=3667  action=data  ms=17
2026-03-24 05:42:20 [DEBUG] __main__ — [3bec2acf] -> #14  1895B  seq=13
2026-03-24 05:42:20 [DEBUG] __main__ — [transport:acc2] text-send  len=2595  action=data  ms=16
2026-03-24 05:42:20 [DEBUG] __main__ — [transport:acc1] text-recv  action=data  id=3bec2acf
2026-03-24 05:42:20 [DEBUG] __main__ — [3bec2acf] <- data #9  1046B  seq=8
2026-03-24 05:42:20 [DEBUG] __main__ — [3bec2acf] -> #15  39B  seq=14
2026-03-24 05:42:20 [DEBUG] __main__ — [transport:acc1] text-send  len=119  action=data  ms=18
2026-03-24 05:42:20 [DEBUG] __main__ — [transport:acc2] text-recv  action=data  id=3bec2acf
2026-03-24 05:42:20 [DEBUG] __main__ — [3bec2acf] <- data #10  1785B  seq=9
2026-03-24 05:42:20 [DEBUG] __main__ — [3bec2acf] -> #16  2700B  seq=15
2026-03-24 05:42:20 [DEBUG] __main__ — [transport:acc2] text-send  len=3667  action=data  ms=17
2026-03-24 05:42:20 [DEBUG] __main__ — [3bec2acf] -> #17  1896B  seq=16
2026-03-24 05:42:20 [DEBUG] __main__ — [transport:acc1] text-send  len=2595  action=data  ms=19
2026-03-24 05:42:20 [DEBUG] __main__ — [3bec2acf] -> #18  2700B  seq=17
2026-03-24 05:42:20 [DEBUG] __main__ — [transport:acc2] text-send  len=3667  action=data  ms=18
2026-03-24 05:42:20 [DEBUG] __main__ — [3bec2acf] -> #19  1897B  seq=18
2026-03-24 05:42:20 [DEBUG] __main__ — [transport:acc1] text-send  len=2599  action=data  ms=20
2026-03-24 05:42:20 [DEBUG] __main__ — [transport:acc1] text-recv  action=data  id=3bec2acf
2026-03-24 05:42:20 [DEBUG] __main__ — [3bec2acf] <- data #11  1990B  seq=10
2026-03-24 05:42:20 [DEBUG] __main__ — [3bec2acf] -> #20  2700B  seq=19
2026-03-24 05:42:20 [DEBUG] __main__ — [transport:acc2] text-send  len=3667  action=data  ms=19
2026-03-24 05:42:20 [DEBUG] __main__ — [3bec2acf] -> #21  1898B  seq=20
2026-03-24 05:42:20 [DEBUG] __main__ — [transport:acc1] text-send  len=2599  action=data  ms=21
2026-03-24 05:42:20 [DEBUG] __main__ — [transport:acc2] text-recv  action=data  id=3bec2acf
2026-03-24 05:42:20 [DEBUG] __main__ — [3bec2acf] <- data #12  1847B  seq=11
2026-03-24 05:42:20 [DEBUG] __main__ — [3bec2acf] -> #22  39B  seq=21
2026-03-24 05:42:20 [DEBUG] __main__ — [transport:acc2] text-send  len=119  action=data  ms=20
2026-03-24 05:42:20 [DEBUG] __main__ — [transport:acc1] text-recv  action=data  id=3bec2acf
2026-03-24 05:42:20 [DEBUG] __main__ — [3bec2acf] <- data #13  823B  seq=12
2026-03-24 05:42:20 [DEBUG] __main__ — [transport:acc2] text-recv  action=data  id=3bec2acf
2026-03-24 05:42:20 [DEBUG] __main__ — [3bec2acf] <- data #14  985B  seq=13
2026-03-24 05:42:20 [DEBUG] __main__ — [3bec2acf] -> #23  2700B  seq=22
2026-03-24 05:42:20 [DEBUG] __main__ — [transport:acc1] text-send  len=3667  action=data  ms=22
2026-03-24 05:42:20 [DEBUG] __main__ — [3bec2acf] -> #24  1898B  seq=23
2026-03-24 05:42:20 [DEBUG] __main__ — [transport:acc2] text-send  len=2599  action=data  ms=21
2026-03-24 05:42:21 [DEBUG] __main__ — [transport:acc1] text-recv  action=data  id=3bec2acf
2026-03-24 05:42:21 [DEBUG] __main__ — [3bec2acf] <- data #15  1607B  seq=14
2026-03-24 05:42:21 [INFO] __main__ — SOCKS5 → www.speedtest.net:443
2026-03-24 05:42:21 [DEBUG] __main__ — [transport:acc1] ctrl-send  len=92  action=connect  ms=23
2026-03-24 05:42:21 [DEBUG] __main__ — [transport:acc2] text-recv  action=data  id=3bec2acf
2026-03-24 05:42:21 [DEBUG] __main__ — [3bec2acf] <- data #16  1526B  seq=15
2026-03-24 05:42:21 [INFO] __main__ — SOCKS5 → encrypted-tbn0.gstatic.com:443
2026-03-24 05:42:21 [DEBUG] __main__ — [transport:acc2] ctrl-send  len=101  action=connect  ms=22
2026-03-24 05:42:21 [DEBUG] __main__ — [3bec2acf] -> #25  39B  seq=24
2026-03-24 05:42:21 [DEBUG] __main__ — [transport:acc1] text-send  len=119  action=data  ms=24
2026-03-24 05:42:21 [DEBUG] __main__ — [transport:acc1] text-recv  action=ok  id=999af31b
2026-03-24 05:42:21 [DEBUG] __main__ — [999af31b] <- ok
2026-03-24 05:42:21 [INFO] __main__ — tunnel www.speedtest.net:443 [999af31b]  открыт за ~331 мс
2026-03-24 05:42:21 [DEBUG] __main__ — [999af31b] -> #1  1759B  seq=0
2026-03-24 05:42:21 [DEBUG] __main__ — [transport:acc1] text-send  len=2414  action=data  ms=25
2026-03-24 05:42:21 [DEBUG] __main__ — [transport:acc1] text-recv  action=data  id=999af31b
2026-03-24 05:42:21 [DEBUG] __main__ — [999af31b] <- data #1  2700B  seq=0
2026-03-24 05:42:21 [DEBUG] __main__ — [transport:acc2] text-recv  action=ok  id=388a349d
2026-03-24 05:42:21 [DEBUG] __main__ — [transport:acc2] text-recv  action=data  id=999af31b
2026-03-24 05:42:21 [DEBUG] __main__ — [388a349d] <- ok
2026-03-24 05:42:21 [DEBUG] __main__ — [999af31b] <- data #2  759B  seq=1
2026-03-24 05:42:21 [INFO] __main__ — tunnel encrypted-tbn0.gstatic.com:443 [388a349d]  открыт за ~582 мс
2026-03-24 05:42:21 [DEBUG] __main__ — [388a349d] -> #1  1800B  seq=0
2026-03-24 05:42:21 [DEBUG] __main__ — [transport:acc1] text-send  len=2466  action=data  ms=26
2026-03-24 05:42:21 [DEBUG] __main__ — [999af31b] -> #2  1452B  seq=1
2026-03-24 05:42:21 [DEBUG] __main__ — [transport:acc2] text-send  len=2002  action=data  ms=23
2026-03-24 05:42:22 [DEBUG] __main__ — [transport:acc1] text-recv  action=data  id=388a349d
2026-03-24 05:42:22 [DEBUG] __main__ — [388a349d] <- data #1  2700B  seq=0
2026-03-24 05:42:22 [DEBUG] __main__ — [transport:acc2] text-recv  action=data  id=388a349d
2026-03-24 05:42:22 [DEBUG] __main__ — [388a349d] <- data #2  2695B  seq=1
2026-03-24 05:42:22 [DEBUG] __main__ — [388a349d] -> #2  483B  seq=1
2026-03-24 05:42:22 [DEBUG] __main__ — [transport:acc2] text-send  len=710  action=data  ms=24
2026-03-24 05:42:22 [DEBUG] __main__ — [transport:acc1] text-recv  action=data  id=999af31b
2026-03-24 05:42:22 [DEBUG] __main__ — [999af31b] <- data #3  521B  seq=2
2026-03-24 05:42:22 [DEBUG] __main__ — [999af31b] -> #3  31B  seq=2
2026-03-24 05:42:22 [DEBUG] __main__ — [transport:acc1] text-send  len=110  action=data  ms=27
2026-03-24 05:42:22 [DEBUG] __main__ — [transport:acc1] text-recv  action=data  id=388a349d
2026-03-24 05:42:22 [DEBUG] __main__ — [388a349d] <- data #3  1013B  seq=2
2026-03-24 05:42:22 [DEBUG] __main__ — [388a349d] -> #3  31B  seq=2
2026-03-24 05:42:22 [DEBUG] __main__ — [transport:acc1] text-send  len=110  action=data  ms=28
2026-03-24 05:42:22 [DEBUG] __main__ — [transport:acc2] text-recv  action=data  id=388a349d
2026-03-24 05:42:22 [DEBUG] __main__ — [388a349d] <- data #4  2700B  seq=3
2026-03-24 05:42:22 [DEBUG] __main__ — [transport:acc1] text-recv  action=data  id=388a349d
2026-03-24 05:42:22 [DEBUG] __main__ — [388a349d] <- data #5  342B  seq=4
2026-03-24 05:42:22 [DEBUG] __main__ — [388a349d] -> #4  39B  seq=3
2026-03-24 05:42:22 [DEBUG] __main__ — [transport:acc2] text-send  len=118  action=data  ms=25
2026-03-24 05:42:22 [INFO] __main__ — SOCKS5 → sanity-proxy-v2.phantom.app:443
2026-03-24 05:42:22 [DEBUG] __main__ — [transport:acc1] ctrl-send  len=102  action=connect  ms=29
2026-03-24 05:42:22 [DEBUG] __main__ — [transport:acc1] text-recv  action=data  id=999af31b
2026-03-24 05:42:22 [DEBUG] __main__ — [999af31b] <- data #4  920B  seq=4
2026-03-24 05:42:22 [DEBUG] __main__ — [transport:acc2] text-recv  action=data  id=999af31b
2026-03-24 05:42:22 [DEBUG] __main__ — [999af31b] <- data #5  2700B  seq=3
2026-03-24 05:42:23 [DEBUG] __main__ — [transport:acc1] text-recv  action=data  id=999af31b
2026-03-24 05:42:23 [DEBUG] __main__ — [transport:acc2] text-recv  action=data  id=999af31b
2026-03-24 05:42:23 [DEBUG] __main__ — [999af31b] <- data #6  2700B  seq=6
2026-03-24 05:42:23 [DEBUG] __main__ — [999af31b] <- data #7  2700B  seq=5
2026-03-24 05:42:23 [INFO] __main__ — SOCKS5 → yandex.ru:443
2026-03-24 05:42:23 [DEBUG] __main__ — [transport:acc2] ctrl-send  len=84  action=connect  ms=26
2026-03-24 05:42:23 [INFO] __main__ — SOCKS5 → cdn.ziffstatic.com:443
2026-03-24 05:42:23 [DEBUG] __main__ — [transport:acc1] ctrl-send  len=93  action=connect  ms=30
2026-03-24 05:42:23 [DEBUG] __main__ — [999af31b] -> #4  477B  seq=3
2026-03-24 05:42:23 [DEBUG] __main__ — [transport:acc2] text-send  len=702  action=data  ms=27
2026-03-24 05:42:23 [INFO] __main__ — SOCKS5 → eppo-proxy.phantom.app:443
2026-03-24 05:42:23 [DEBUG] __main__ — [transport:acc2] ctrl-send  len=97  action=connect  ms=28
2026-03-24 05:42:23 [DEBUG] __main__ — [transport:acc2] text-recv  action=data  id=999af31b
2026-03-24 05:42:23 [DEBUG] __main__ — [999af31b] <- data #8  2700B  seq=7
2026-03-24 05:42:23 [DEBUG] __main__ — [transport:acc1] text-recv  action=data  id=999af31b
2026-03-24 05:42:23 [DEBUG] __main__ — [999af31b] <- data #9  2700B  seq=8
2026-03-24 05:42:23 [DEBUG] __main__ — [transport:acc1] gap ms=54..54, sending nack
2026-03-24 05:42:23 [DEBUG] __main__ — [transport:acc1] text-recv  action=data  id=999af31b
2026-03-24 05:42:23 [DEBUG] __main__ — [transport:acc1] text-recv  action=ok  id=85b0b641
2026-03-24 05:42:23 [DEBUG] __main__ — [999af31b] <- data #10  2700B  seq=10
2026-03-24 05:42:23 [DEBUG] __main__ — [85b0b641] <- ok
2026-03-24 05:42:23 [INFO] __main__ — tunnel sanity-proxy-v2.phantom.app:443 [85b0b641]  открыт за ~342 мс
2026-03-24 05:42:23 [DEBUG] __main__ — [85b0b641] -> #1  1833B  seq=0
2026-03-24 05:42:23 [DEBUG] __main__ — [transport:acc1] text-send  len=2510  action=data  ms=31
2026-03-24 05:42:23 [DEBUG] __main__ — [transport:acc2] text-recv  action=data  id=999af31b
2026-03-24 05:42:23 [DEBUG] __main__ — [999af31b] <- data #11  2700B  seq=9
2026-03-24 05:42:23 [DEBUG] __main__ — [transport:acc2] text-recv  action=data  id=999af31b
2026-03-24 05:42:23 [DEBUG] __main__ — [999af31b] <- data #12  183B  seq=11
2026-03-24 05:42:23 [DEBUG] __main__ — [transport:acc1] text-recv  action=data  id=999af31b
2026-03-24 05:42:23 [DEBUG] __main__ — [999af31b] <- data #13  2700B  seq=12
2026-03-24 05:42:23 [DEBUG] __main__ — [transport:acc2] gap ms=52..52, sending nack
2026-03-24 05:42:23 [DEBUG] __main__ — [transport:acc1] text-recv  action=data  id=999af31b
2026-03-24 05:42:23 [DEBUG] __main__ — [999af31b] <- data #14  2700B  seq=14
2026-03-24 05:42:23 [INFO] __main__ — SOCKS5 → data.phantom.app:443
2026-03-24 05:42:23 [DEBUG] __main__ — [transport:acc1] ctrl-send  len=91  action=connect  ms=32
2026-03-24 05:42:23 [DEBUG] __main__ — [transport:acc2] text-recv  action=data  id=999af31b
2026-03-24 05:42:23 [DEBUG] __main__ — [transport:acc2] text-recv  action=ok  id=db32770b
2026-03-24 05:42:23 [DEBUG] __main__ — [999af31b] <- data #15  2700B  seq=13
2026-03-24 05:42:23 [DEBUG] __main__ — [db32770b] <- ok
2026-03-24 05:42:23 [INFO] __main__ — tunnel yandex.ru:443 [db32770b]  открыт за ~437 мс
2026-03-24 05:42:23 [DEBUG] __main__ — [db32770b] -> #1  1815B  seq=0
2026-03-24 05:42:23 [DEBUG] __main__ — [transport:acc1] text-send  len=2486  action=data  ms=33
2026-03-24 05:42:23 [INFO] __main__ — SOCKS5 → blowfish-blocklist-proxy.phantom.app:443
2026-03-24 05:42:23 [DEBUG] __main__ — [transport:acc2] ctrl-send  len=111  action=connect  ms=29
2026-03-24 05:42:23 [DEBUG] __main__ — [transport:acc1] text-recv  action=data  id=999af31b
2026-03-24 05:42:23 [DEBUG] __main__ — [transport:acc1] text-recv  action=ok  id=3fdf8450
2026-03-24 05:42:23 [DEBUG] __main__ — [999af31b] <- data #16  2700B  seq=16
2026-03-24 05:42:23 [DEBUG] __main__ — [3fdf8450] <- ok
2026-03-24 05:42:23 [INFO] __main__ — tunnel cdn.ziffstatic.com:443 [3fdf8450]  открыт за ~464 мс
2026-03-24 05:42:23 [DEBUG] __main__ — [transport:acc2] text-recv  action=data  id=999af31b
2026-03-24 05:42:23 [DEBUG] __main__ — [999af31b] <- data #17  2700B  seq=15
2026-03-24 05:42:23 [DEBUG] __main__ — [3fdf8450] -> #1  2079B  seq=0
2026-03-24 05:42:23 [DEBUG] __main__ — [transport:acc1] text-send  len=2838  action=data  ms=34
2026-03-24 05:42:23 [DEBUG] __main__ — [transport:acc1] text-recv  action=data  id=999af31b
2026-03-24 05:42:23 [DEBUG] __main__ — [999af31b] <- data #18  183B  seq=18
2026-03-24 05:42:23 [DEBUG] __main__ — [transport:acc2] text-recv  action=data  id=999af31b
2026-03-24 05:42:23 [DEBUG] __main__ — [999af31b] <- data #19  2700B  seq=17
2026-03-24 05:42:23 [DEBUG] __main__ — [transport:acc1] text-recv  action=data  id=999af31b
2026-03-24 05:42:23 [DEBUG] __main__ — [999af31b] <- data #20  2700B  seq=20
2026-03-24 05:42:23 [DEBUG] __main__ — [transport:acc2] text-recv  action=data  id=999af31b
2026-03-24 05:42:23 [DEBUG] __main__ — [transport:acc2] text-recv  action=ok  id=3f88df8c
2026-03-24 05:42:23 [DEBUG] __main__ — [999af31b] <- data #21  2700B  seq=19
2026-03-24 05:42:23 [DEBUG] __main__ — [3f88df8c] <- ok
2026-03-24 05:42:23 [INFO] __main__ — tunnel eppo-proxy.phantom.app:443 [3f88df8c]  открыт за ~633 мс
2026-03-24 05:42:23 [DEBUG] __main__ — [3f88df8c] -> #1  2067B  seq=0
2026-03-24 05:42:23 [DEBUG] __main__ — [transport:acc1] text-send  len=2822  action=data  ms=35
2026-03-24 05:42:23 [INFO] __main__ — SOCKS5 → blowfish-blocklist-proxy.phantom.app:443
2026-03-24 05:42:23 [DEBUG] __main__ — [transport:acc1] ctrl-send  len=111  action=connect  ms=36
2026-03-24 05:42:23 [DEBUG] __main__ — [transport:acc2] text-recv  action=data  id=999af31b
2026-03-24 05:42:23 [DEBUG] __main__ — [999af31b] <- data #22  2700B  seq=21
2026-03-24 05:42:23 [DEBUG] __main__ — [999af31b] -> #5  255B  seq=4
2026-03-24 05:42:23 [DEBUG] __main__ — [transport:acc1] text-send  len=406  action=data  ms=37
2026-03-24 05:42:23 [DEBUG] __main__ — [transport:acc1] text-recv  action=data  id=999af31b
2026-03-24 05:42:23 [DEBUG] __main__ — [transport:acc1] text-recv  action=ok  id=32cab5c9
2026-03-24 05:42:23 [DEBUG] __main__ — [999af31b] <- data #23  2700B  seq=22
2026-03-24 05:42:23 [DEBUG] __main__ — [32cab5c9] <- ok
2026-03-24 05:42:23 [INFO] __main__ — tunnel data.phantom.app:443 [32cab5c9]  открыт за ~410 мс
2026-03-24 05:42:23 [DEBUG] __main__ — [32cab5c9] -> #1  1758B  seq=0
2026-03-24 05:42:23 [DEBUG] __main__ — [transport:acc1] text-send  len=2410  action=data  ms=38
2026-03-24 05:42:23 [INFO] __main__ — SOCKS5 → accounts.google.com:443
2026-03-24 05:42:23 [DEBUG] __main__ — [transport:acc2] ctrl-send  len=94  action=connect  ms=30
2026-03-24 05:42:23 [INFO] __main__ — SOCKS5 → polkadot.js.org:443
2026-03-24 05:42:23 [DEBUG] __main__ — [transport:acc1] ctrl-send  len=90  action=connect  ms=39
2026-03-24 05:42:23 [DEBUG] __main__ — [transport:acc1] text-recv  action=data  id=999af31b
2026-03-24 05:42:23 [DEBUG] __main__ — [999af31b] <- data #24  314B  seq=24
2026-03-24 05:42:23 [DEBUG] __main__ — [transport:acc2] text-recv  action=data  id=999af31b
2026-03-24 05:42:23 [DEBUG] __main__ — [transport:acc2] text-recv  action=ok  id=d62cfbac
2026-03-24 05:42:23 [DEBUG] __main__ — [999af31b] <- data #25  141B  seq=23
2026-03-24 05:42:23 [DEBUG] __main__ — [d62cfbac] <- ok
2026-03-24 05:42:23 [INFO] __main__ — tunnel blowfish-blocklist-proxy.phantom.app:443 [d62cfbac]  открыт за ~422 мс
2026-03-24 05:42:23 [DEBUG] __main__ — [d62cfbac] -> #1  2049B  seq=0
2026-03-24 05:42:23 [DEBUG] __main__ — [999af31b] -> #6  70B  seq=5
2026-03-24 05:42:23 [DEBUG] __main__ — [transport:acc2] text-send  len=162  action=data  ms=31
2026-03-24 05:42:23 [DEBUG] __main__ — [transport:acc1] text-send  len=2798  action=data  ms=40
2026-03-24 05:42:24 [DEBUG] __main__ — [transport:acc2] text-recv  action=data  id=85b0b641
2026-03-24 05:42:24 [DEBUG] __main__ — [85b0b641] <- data #1  796B  seq=1
2026-03-24 05:42:24 [DEBUG] __main__ — [transport:acc1] dup ms=54, skip
2026-03-24 05:42:24 [DEBUG] __main__ — [transport:acc1] text-recv  action=data  id=85b0b641
2026-03-24 05:42:24 [DEBUG] __main__ — [85b0b641] <- data #2  2700B  seq=0
2026-03-24 05:42:24 [DEBUG] __main__ — [85b0b641] -> #2  917B  seq=1
2026-03-24 05:42:24 [DEBUG] __main__ — [transport:acc2] text-send  len=1290  action=data  ms=32
2026-03-24 05:42:24 [DEBUG] __main__ — [transport:acc2] dup ms=52, skip
2026-03-24 05:42:24 [DEBUG] __main__ — [transport:acc1] text-recv  action=data  id=db32770b
2026-03-24 05:42:24 [DEBUG] __main__ — [transport:acc1] text-recv  action=ok  id=7596f7d9
2026-03-24 05:42:24 [DEBUG] __main__ — [db32770b] <- data #1  2700B  seq=0
2026-03-24 05:42:24 [DEBUG] __main__ — [7596f7d9] <- ok
2026-03-24 05:42:24 [INFO] __main__ — tunnel blowfish-blocklist-proxy.phantom.app:443 [7596f7d9]  открыт за ~423 мс
2026-03-24 05:42:24 [DEBUG] __main__ — [transport:acc2] text-recv  action=data  id=db32770b
2026-03-24 05:42:24 [DEBUG] __main__ — [transport:acc2] text-recv  action=ok  id=974b8a52
2026-03-24 05:42:24 [DEBUG] __main__ — [db32770b] <- data #2  1294B  seq=1
2026-03-24 05:42:24 [DEBUG] __main__ — [974b8a52] <- ok
2026-03-24 05:42:24 [INFO] __main__ — tunnel accounts.google.com:443 [974b8a52]  открыт за ~377 мс
2026-03-24 05:42:24 [DEBUG] __main__ — [7596f7d9] -> #1  1842B  seq=0
2026-03-24 05:42:24 [DEBUG] __main__ — [transport:acc1] text-send  len=2522  action=data  ms=41
2026-03-24 05:42:24 [DEBUG] __main__ — [974b8a52] -> #1  2188B  seq=0
2026-03-24 05:42:24 [DEBUG] __main__ — [transport:acc1] text-send  len=2986  action=data  ms=42
2026-03-24 05:42:24 [DEBUG] __main__ — [db32770b] -> #2  2257B  seq=1
2026-03-24 05:42:24 [DEBUG] __main__ — [transport:acc2] text-send  len=3078  action=data  ms=33
2026-03-24 05:42:24 [DEBUG] __main__ — [transport:acc1] got nack ms=39..39
2026-03-24 05:42:24 [DEBUG] __main__ — [transport:acc2] text-recv  action=data  id=999af31b
2026-03-24 05:42:24 [DEBUG] __main__ — [999af31b] <- data #26  241B  seq=25
2026-03-24 05:42:24 [DEBUG] __main__ — [999af31b] -> #7  70B  seq=6
2026-03-24 05:42:24 [DEBUG] __main__ — [transport:acc1] retransmit ms=39
2026-03-24 05:42:24 [DEBUG] __main__ — [transport:acc1] text-recv  action=data  id=3fdf8450
2026-03-24 05:42:24 [DEBUG] __main__ — [3fdf8450] <- data #1  264B  seq=0
2026-03-24 05:42:24 [DEBUG] __main__ — [3fdf8450] -> #2  576B  seq=1
2026-03-24 05:42:24 [DEBUG] __main__ — [transport:acc2] text-send  len=834  action=data  ms=34
2026-03-24 05:42:24 [DEBUG] __main__ — [transport:acc2] text-recv  action=data  id=32cab5c9
2026-03-24 05:42:24 [DEBUG] __main__ — [32cab5c9] <- data #1  760B  seq=1
2026-03-24 05:42:24 [DEBUG] __main__ — [transport:acc1] text-send  len=162  action=data  ms=43
2026-03-24 05:42:24 [DEBUG] __main__ — [transport:acc1] text-recv  action=data  id=3f88df8c
2026-03-24 05:42:24 [DEBUG] __main__ — [3f88df8c] <- data #1  1375B  seq=0
2026-03-24 05:42:24 [DEBUG] __main__ — [3f88df8c] -> #2  759B  seq=1
2026-03-24 05:42:24 [DEBUG] __main__ — [transport:acc2] text-send  len=1078  action=data  ms=35
2026-03-24 05:42:24 [DEBUG] __main__ — [999af31b] -> #8  175B  seq=7
2026-03-24 05:42:24 [DEBUG] __main__ — [transport:acc2] text-send  len=302  action=data  ms=36
2026-03-24 05:42:24 [DEBUG] __main__ — [transport:acc1] text-recv  action=data  id=32cab5c9
2026-03-24 05:42:24 [DEBUG] __main__ — [32cab5c9] <- data #2  2700B  seq=0
2026-03-24 05:42:24 [DEBUG] __main__ — [transport:acc2] text-recv  action=data  id=85b0b641
2026-03-24 05:42:24 [DEBUG] __main__ — [85b0b641] <- data #3  1716B  seq=3
2026-03-24 05:42:24 [DEBUG] __main__ — [32cab5c9] -> #2  2700B  seq=1
2026-03-24 05:42:24 [DEBUG] __main__ — [32cab5c9] -> #3  340B  seq=2
2026-03-24 05:42:24 [DEBUG] __main__ — [transport:acc1] text-send  len=522  action=data  ms=44
2026-03-24 05:42:24 [DEBUG] __main__ — [999af31b] -> #9  147B  seq=8
2026-03-24 05:42:24 [DEBUG] __main__ — [transport:acc2] text-send  len=3666  action=data  ms=37
2026-03-24 05:42:24 [DEBUG] __main__ — [transport:acc1] text-recv  action=data  id=85b0b641
2026-03-24 05:42:24 [DEBUG] __main__ — [85b0b641] <- data #4  521B  seq=2
2026-03-24 05:42:24 [DEBUG] __main__ — [85b0b641] -> #3  31B  seq=2
2026-03-24 05:42:24 [DEBUG] __main__ — [transport:acc1] text-send  len=262  action=data  ms=45
2026-03-24 05:42:24 [INFO] __main__ — SOCKS5 → firebaseremoteconfig.googleapis.com:443
2026-03-24 05:42:24 [DEBUG] __main__ — [transport:acc2] ctrl-send  len=110  action=connect  ms=38
2026-03-24 05:42:24 [DEBUG] __main__ — [transport:acc2] text-recv  action=data  id=3fdf8450
2026-03-24 05:42:24 [DEBUG] __main__ — [3fdf8450] <- data #2  585B  seq=1
2026-03-24 05:42:24 [DEBUG] __main__ — [3fdf8450] -> #3  101B  seq=2
2026-03-24 05:42:24 [DEBUG] __main__ — [transport:acc1] text-recv  action=data  id=db32770b
2026-03-24 05:42:24 [DEBUG] __main__ — [db32770b] <- data #3  533B  seq=2
2026-03-24 05:42:24 [DEBUG] __main__ — [db32770b] -> #3  31B  seq=2
2026-03-24 05:42:24 [DEBUG] __main__ — [transport:acc1] text-send  len=110  action=data  ms=46
2026-03-24 05:42:24 [DEBUG] __main__ — [transport:acc2] text-recv  action=data  id=db32770b
2026-03-24 05:42:24 [DEBUG] __main__ — [db32770b] <- data #4  2700B  seq=3
2026-03-24 05:42:24 [DEBUG] __main__ — [transport:acc1] text-recv  action=data  id=db32770b
2026-03-24 05:42:24 [DEBUG] __main__ — [db32770b] <- data #5  2700B  seq=4
2026-03-24 05:42:24 [DEBUG] __main__ — [transport:acc1] text-send  len=202  action=data  ms=47
2026-03-24 05:42:24 [DEBUG] __main__ — [transport:acc2] text-recv  action=data  id=db32770b
2026-03-24 05:42:24 [DEBUG] __main__ — [db32770b] <- data #6  1848B  seq=5
2026-03-24 05:42:24 [DEBUG] __main__ — [transport:acc1] text-recv  action=data  id=db32770b
2026-03-24 05:42:24 [DEBUG] __main__ — [db32770b] <- data #7  2700B  seq=6
2026-03-24 05:42:24 [DEBUG] __main__ — [transport:acc1] text-send  len=110  action=data  ms=48
2026-03-24 05:42:25 [DEBUG] __main__ — [transport:acc2] text-recv  action=data  id=db32770b
2026-03-24 05:42:25 [DEBUG] __main__ — [db32770b] <- data #8  2132B  seq=7
2026-03-24 05:42:25 [DEBUG] __main__ — [transport:acc1] text-recv  action=data  id=db32770b
2026-03-24 05:42:25 [DEBUG] __main__ — [db32770b] <- data #9  2700B  seq=8
2026-03-24 05:42:25 [DEBUG] __main__ — [transport:acc2] got nack ms=37..37
2026-03-24 05:42:25 [DEBUG] __main__ — [transport:acc2] retransmit ms=37
2026-03-24 05:42:25 [DEBUG] __main__ — [transport:acc1] text-recv  action=data  id=db32770b
2026-03-24 05:42:25 [DEBUG] __main__ — [db32770b] <- data #10  2700B  seq=10
2026-03-24 05:42:25 [DEBUG] __main__ — [transport:acc2] gap ms=71..72, sending nack
2026-03-24 05:42:25 [DEBUG] __main__ — [transport:acc1] text-recv  action=data  id=db32770b
2026-03-24 05:42:25 [DEBUG] __main__ — [db32770b] <- data #11  2700B  seq=12
2026-03-24 05:42:25 [DEBUG] __main__ — [transport:acc1] text-recv  action=data  id=db32770b
2026-03-24 05:42:25 [DEBUG] __main__ — [transport:acc1] text-recv  action=data  id=db32770b
2026-03-24 05:42:25 [DEBUG] __main__ — [db32770b] <- data #12  2700B  seq=14
2026-03-24 05:42:25 [DEBUG] __main__ — [db32770b] <- data #13  900B  seq=16
2026-03-24 05:42:25 [DEBUG] __main__ — [transport:acc1] text-recv  action=data  id=db32770b
2026-03-24 05:42:25 [DEBUG] __main__ — [db32770b] <- data #14  2700B  seq=18
2026-03-24 05:42:25 [DEBUG] __main__ — [transport:acc1] text-recv  action=data  id=db32770b
2026-03-24 05:42:25 [DEBUG] __main__ — [db32770b] <- data #15  2700B  seq=20
2026-03-24 05:42:25 [DEBUG] __main__ — [transport:acc1] text-recv  action=data  id=db32770b
2026-03-24 05:42:25 [DEBUG] __main__ — [db32770b] <- data #16  2700B  seq=22
2026-03-24 05:42:25 [DEBUG] __main__ — [transport:acc1] text-recv  action=data  id=db32770b
2026-03-24 05:42:25 [DEBUG] __main__ — [db32770b] <- data #17  2700B  seq=24
2026-03-24 05:42:25 [DEBUG] __main__ — tunnel polkadot.js.org:443 [e273e199]  no ok in 2s, retrying connect
2026-03-24 05:42:25 [DEBUG] __main__ — [transport:acc1] ctrl-send  len=90  action=connect  ms=49
2026-03-24 05:42:25 [DEBUG] __main__ — [transport:acc1] text-recv  action=data  id=db32770b
2026-03-24 05:42:25 [DEBUG] __main__ — [db32770b] <- data #18  2700B  seq=26
2026-03-24 05:42:26 [DEBUG] __main__ — [transport:acc1] text-recv  action=data  id=db32770b
2026-03-24 05:42:26 [DEBUG] __main__ — [db32770b] <- data #19  2700B  seq=28
2026-03-24 05:42:26 [DEBUG] __main__ — [transport:acc1] text-recv  action=data  id=db32770b
2026-03-24 05:42:26 [DEBUG] __main__ — [db32770b] <- data #20  2700B  seq=30
2026-03-24 05:42:26 [DEBUG] __main__ — [transport:acc2] gap ms=71..82, sending nack
2026-03-24 05:42:26 [DEBUG] __main__ — [transport:acc1] text-recv  action=data  id=db32770b
2026-03-24 05:42:26 [DEBUG] __main__ — [db32770b] <- data #21  2700B  seq=32
2026-03-24 05:42:26 [DEBUG] __main__ — [transport:acc1] text-recv  action=data  id=db32770b
2026-03-24 05:42:26 [DEBUG] __main__ — [db32770b] <- data #22  2700B  seq=34
2026-03-24 05:42:26 [DEBUG] __main__ — [transport:acc1] text-recv  action=data  id=db32770b
2026-03-24 05:42:26 [DEBUG] __main__ — [db32770b] <- data #23  2700B  seq=36
2026-03-24 05:42:26 [DEBUG] __main__ — [transport:acc1] text-recv  action=data  id=db32770b
2026-03-24 05:42:26 [DEBUG] __main__ — [db32770b] <- data #24  2700B  seq=38
2026-03-24 05:42:26 [DEBUG] __main__ — tunnel firebaseremoteconfig.googleapis.com:443 [6a1fff90]  no ok in 2s, retrying connect
2026-03-24 05:42:26 [DEBUG] __main__ — [transport:acc2] ctrl-send  len=110  action=connect  ms=39
2026-03-24 05:42:26 [DEBUG] __main__ — [transport:acc1] text-recv  action=data  id=db32770b
2026-03-24 05:42:26 [DEBUG] __main__ — [db32770b] <- data #25  2700B  seq=40
2026-03-24 05:42:26 [DEBUG] __main__ — [transport:acc1] text-recv  action=data  id=db32770b
2026-03-24 05:42:26 [DEBUG] __main__ — [db32770b] <- data #26  2700B  seq=42
2026-03-24 05:42:26 [DEBUG] __main__ — [transport:acc1] text-recv  action=data  id=db32770b
2026-03-24 05:42:26 [DEBUG] __main__ — [db32770b] <- data #27  2700B  seq=44
2026-03-24 05:42:26 [DEBUG] __main__ — [transport:acc1] text-recv  action=data  id=db32770b
2026-03-24 05:42:26 [DEBUG] __main__ — [db32770b] <- data #28  2700B  seq=46
2026-03-24 05:42:27 [DEBUG] __main__ — [transport:acc1] text-recv  action=data  id=db32770b
2026-03-24 05:42:27 [DEBUG] __main__ — [db32770b] <- data #29  2700B  seq=48
2026-03-24 05:42:27 [DEBUG] __main__ — [transport:acc1] text-recv  action=data  id=db32770b
2026-03-24 05:42:27 [DEBUG] __main__ — [db32770b] <- data #30  2700B  seq=50
2026-03-24 05:42:27 [DEBUG] __main__ — [transport:acc2] gap ms=71..93, sending nack
2026-03-24 05:42:27 [DEBUG] __main__ — [transport:acc1] text-recv  action=data  id=3f88df8c
2026-03-24 05:42:27 [DEBUG] __main__ — [3f88df8c] <- data #2  259B  seq=2
2026-03-24 05:42:27 [DEBUG] __main__ — [transport:acc1] text-recv  action=data  id=3f88df8c
2026-03-24 05:42:27 [DEBUG] __main__ — [3f88df8c] <- data #3  2700B  seq=4
2026-03-24 05:42:27 [DEBUG] __main__ — [transport:acc1] text-recv  action=data  id=3f88df8c
2026-03-24 05:42:27 [DEBUG] __main__ — [3f88df8c] <- data #4  1617B  seq=6
2026-03-24 05:42:27 [DEBUG] __main__ — [transport:acc1] text-recv  action=data  id=3f88df8c
2026-03-24 05:42:27 [DEBUG] __main__ — [3f88df8c] <- data #5  1473B  seq=8
2026-03-24 05:42:27 [DEBUG] __main__ — [transport:acc1] text-recv  action=data  id=3f88df8c
2026-03-24 05:42:27 [DEBUG] __main__ — [3f88df8c] <- data #6  2700B  seq=10
2026-03-24 05:42:27 [DEBUG] __main__ — [transport:acc1] text-recv  action=data  id=3f88df8c
2026-03-24 05:42:27 [DEBUG] __main__ — [3f88df8c] <- data #7  2700B  seq=12
2026-03-24 05:42:27 [DEBUG] __main__ — [transport:acc1] text-recv  action=data  id=3f88df8c
2026-03-24 05:42:27 [DEBUG] __main__ — [3f88df8c] <- data #8  2700B  seq=14
2026-03-24 05:42:27 [DEBUG] __main__ — [transport:acc1] text-recv  action=data  id=3f88df8c
2026-03-24 05:42:27 [DEBUG] __main__ — [3f88df8c] <- data #9  2700B  seq=16
2026-03-24 05:42:28 [DEBUG] __main__ — [transport:acc1] text-recv  action=data  id=3f88df8c
2026-03-24 05:42:28 [DEBUG] __main__ — [3f88df8c] <- data #10  2700B  seq=18
2026-03-24 05:42:28 [DEBUG] __main__ — [3f88df8c] -> #3  35B  seq=2
2026-03-24 05:42:28 [DEBUG] __main__ — [transport:acc1] text-send  len=114  action=data  ms=50
2026-03-24 05:42:28 [DEBUG] __main__ — [transport:acc1] text-recv  action=data  id=3f88df8c
2026-03-24 05:42:28 [DEBUG] __main__ — [transport:acc1] text-recv  action=data  id=32cab5c9
2026-03-24 05:42:28 [DEBUG] __main__ — [3f88df8c] <- data #11  1491B  seq=20
2026-03-24 05:42:28 [DEBUG] __main__ — [32cab5c9] <- data #3  521B  seq=2
2026-03-24 05:42:28 [DEBUG] __main__ — [32cab5c9] -> #4  31B  seq=3
2026-03-24 05:42:28 [DEBUG] __main__ — [transport:acc2] text-send  len=110  action=data  ms=40
2026-03-24 05:42:28 [DEBUG] __main__ — [transport:acc1] text-recv  action=data  id=3f88df8c
2026-03-24 05:42:28 [DEBUG] __main__ — [3f88df8c] <- data #12  2700B  seq=22
2026-03-24 05:42:28 [DEBUG] __main__ — [transport:acc2] gap ms=71..103, sending nack
2026-03-24 05:42:28 [DEBUG] __main__ — [transport:acc1] text-recv  action=data  id=3f88df8c
2026-03-24 05:42:28 [DEBUG] __main__ — [3f88df8c] <- data #13  2700B  seq=24
2026-03-24 05:42:28 [DEBUG] __main__ — [transport:acc1] gap ms=110..110, sending nack
2026-03-24 05:42:28 [DEBUG] __main__ — [transport:acc1] got nack ms=39..49
2026-03-24 05:42:28 [DEBUG] __main__ — [transport:acc1] retransmit ms=39
2026-03-24 05:42:28 [DEBUG] __main__ — [transport:acc1] retransmit ms=40
2026-03-24 05:42:28 [DEBUG] __main__ — [transport:acc1] retransmit ms=41
2026-03-24 05:42:28 [DEBUG] __main__ — [transport:acc1] retransmit ms=42
2026-03-24 05:42:28 [DEBUG] __main__ — tunnel polkadot.js.org:443 [e273e199]  no ok in 3s, retrying connect
2026-03-24 05:42:28 [DEBUG] __main__ — [transport:acc1] ctrl-send  len=90  action=connect  ms=51
2026-03-24 05:42:28 [DEBUG] __main__ — [transport:acc1] retransmit ms=43
2026-03-24 05:42:29 [DEBUG] __main__ — [transport:acc1] retransmit capped at 5/nack
2026-03-24 05:42:29 [DEBUG] __main__ — [transport:acc2] gap ms=71..117, sending nack
2026-03-24 05:42:29 [DEBUG] __main__ — tunnel firebaseremoteconfig.googleapis.com:443 [6a1fff90]  no ok in 3s, retrying connect
2026-03-24 05:42:29 [DEBUG] __main__ — [transport:acc2] ctrl-send  len=110  action=connect  ms=41
2026-03-24 05:42:32 [DEBUG] __main__ — tunnel polkadot.js.org:443 [e273e199]  no ok in 4s, retrying connect
2026-03-24 05:42:32 [DEBUG] __main__ — [transport:acc1] ctrl-send  len=90  action=connect  ms=52
2026-03-24 05:42:33 [DEBUG] __main__ — tunnel firebaseremoteconfig.googleapis.com:443 [6a1fff90]  no ok in 4s, retrying connect
2026-03-24 05:42:33 [DEBUG] __main__ — [transport:acc2] ctrl-send  len=110  action=connect  ms=42
2026-03-24 05:42:37 [INFO] __main__ — tunnel polkadot.js.org:443 [e273e199]  TIMEOUT
2026-03-24 05:42:37 [INFO] __main__ — SOCKS5 → polkadot.js.org:443
2026-03-24 05:42:37 [DEBUG] __main__ — [transport:acc1] ctrl-send  len=90  action=connect  ms=53
2026-03-24 05:42:38 [INFO] __main__ — tunnel firebaseremoteconfig.googleapis.com:443 [6a1fff90]  TIMEOUT
2026-03-24 05:42:38 [INFO] __main__ — SOCKS5 → firebaseremoteconfig.googleapis.com:443
2026-03-24 05:42:38 [DEBUG] __main__ — [transport:acc2] ctrl-send  len=110  action=connect  ms=43
2026-03-24 05:42:39 [DEBUG] __main__ — [transport:acc1] keepalive sent
2026-03-24 05:42:39 [DEBUG] __main__ — [transport:acc2] keepalive sent
2026-03-24 05:42:39 [DEBUG] __main__ — tunnel polkadot.js.org:443 [aacb9ea2]  no ok in 2s, retrying connect
2026-03-24 05:42:39 [DEBUG] __main__ — [transport:acc1] ctrl-send  len=90  action=connect  ms=54
2026-03-24 05:42:40 [DEBUG] __main__ — tunnel firebaseremoteconfig.googleapis.com:443 [879dd5cd]  no ok in 2s, retrying connect
2026-03-24 05:42:40 [DEBUG] __main__ — [transport:acc2] ctrl-send  len=110  action=connect  ms=44
2026-03-24 05:42:42 [DEBUG] __main__ — tunnel polkadot.js.org:443 [aacb9ea2]  no ok in 3s, retrying connect
2026-03-24 05:42:42 [DEBUG] __main__ — [transport:acc1] ctrl-send  len=90  action=connect  ms=55
2026-03-24 05:42:43 [DEBUG] __main__ — [32cab5c9] -> #5  2362B  seq=4
2026-03-24 05:42:43 [DEBUG] __main__ — [transport:acc1] text-send  len=3218  action=data  ms=56
2026-03-24 05:42:43 [DEBUG] __main__ — tunnel firebaseremoteconfig.googleapis.com:443 [879dd5cd]  no ok in 3s, retrying connect
2026-03-24 05:42:43 [DEBUG] __main__ — [transport:acc2] ctrl-send  len=110  action=connect  ms=45
2026-03-24 05:42:43 [DEBUG] __main__ — [transport:acc1] got nack ms=39..55
2026-03-24 05:42:43 [DEBUG] __main__ — [transport:acc1] retransmit ms=39
2026-03-24 05:42:43 [DEBUG] __main__ — [transport:acc1] retransmit ms=40
2026-03-24 05:42:43 [DEBUG] __main__ — [transport:acc1] retransmit ms=41
2026-03-24 05:42:43 [DEBUG] __main__ — [transport:acc1] retransmit ms=42
2026-03-24 05:42:43 [DEBUG] __main__ — [transport:acc2] got nack ms=42..44
2026-03-24 05:42:43 [DEBUG] __main__ — [transport:acc2] retransmit ms=42
2026-03-24 05:42:43 [DEBUG] __main__ — [transport:acc2] retransmit ms=43
2026-03-24 05:42:44 [DEBUG] __main__ — [transport:acc1] retransmit ms=43
2026-03-24 05:42:44 [DEBUG] __main__ — [transport:acc2] retransmit ms=44
2026-03-24 05:42:44 [DEBUG] __main__ — [transport:acc1] retransmit capped at 5/nack
2026-03-24 05:42:46 [DEBUG] __main__ — tunnel polkadot.js.org:443 [aacb9ea2]  no ok in 4s, retrying connect
2026-03-24 05:42:46 [DEBUG] __main__ — [transport:acc1] ctrl-send  len=90  action=connect  ms=57
2026-03-24 05:42:47 [DEBUG] __main__ — tunnel firebaseremoteconfig.googleapis.com:443 [879dd5cd]  no ok in 4s, retrying connect
2026-03-24 05:42:47 [DEBUG] __main__ — [transport:acc2] ctrl-send  len=110  action=connect  ms=46
2026-03-24 05:42:47 [DEBUG] __main__ — [transport:acc2] got nack ms=42..45
2026-03-24 05:42:47 [DEBUG] __main__ — [transport:acc2] retransmit ms=42
2026-03-24 05:42:47 [DEBUG] __main__ — [transport:acc2] retransmit ms=43
2026-03-24 05:42:48 [DEBUG] __main__ — [transport:acc2] retransmit ms=44
2026-03-24 05:42:48 [DEBUG] __main__ — [transport:acc2] retransmit ms=45
2026-03-24 05:42:50 [INFO] __main__ — SOCKS5 → 188.40.167.82:443
2026-03-24 05:42:50 [DEBUG] __main__ — [transport:acc1] ctrl-send  len=88  action=connect  ms=58
2026-03-24 05:42:50 [DEBUG] __main__ — [transport:acc1] got nack ms=39..57
2026-03-24 05:42:50 [DEBUG] __main__ — [transport:acc1] retransmit ms=39
2026-03-24 05:42:50 [DEBUG] __main__ — [transport:acc1] retransmit ms=40
2026-03-24 05:42:50 [DEBUG] __main__ — [transport:acc1] retransmit ms=41
2026-03-24 05:42:50 [DEBUG] __main__ — [transport:acc1] retransmit ms=42
2026-03-24 05:42:50 [DEBUG] __main__ — [transport:acc1] retransmit ms=43
2026-03-24 05:42:50 [DEBUG] __main__ — [transport:acc1] retransmit capped at 5/nack
2026-03-24 05:42:51 [INFO] __main__ — tunnel polkadot.js.org:443 [aacb9ea2]  TIMEOUT
2026-03-24 05:42:52 [DEBUG] __main__ — [3f88df8c] -> #4  170B  seq=3
2026-03-24 05:42:52 [DEBUG] __main__ — [transport:acc2] text-send  len=294  action=data  ms=47
2026-03-24 05:42:52 [DEBUG] __main__ — tunnel 188.40.167.82:443 [4c541ea4]  no ok in 2s, retrying connect
2026-03-24 05:42:52 [DEBUG] __main__ — [transport:acc1] ctrl-send  len=88  action=connect  ms=59
2026-03-24 05:42:52 [DEBUG] __main__ — [transport:acc2] got nack ms=44..46
2026-03-24 05:42:52 [DEBUG] __main__ — [transport:acc2] retransmit ms=44
2026-03-24 05:42:52 [DEBUG] __main__ — [transport:acc2] retransmit ms=45
2026-03-24 05:42:52 [DEBUG] __main__ — [transport:acc1] got nack ms=39..58
2026-03-24 05:42:52 [DEBUG] __main__ — [transport:acc2] retransmit ms=46
2026-03-24 05:42:52 [DEBUG] __main__ — [transport:acc1] retransmit ms=39
2026-03-24 05:42:52 [DEBUG] __main__ — [transport:acc1] retransmit ms=40
2026-03-24 05:42:52 [DEBUG] __main__ — [transport:acc1] retransmit ms=41
2026-03-24 05:42:52 [INFO] __main__ — tunnel firebaseremoteconfig.googleapis.com:443 [879dd5cd]  TIMEOUT
2026-03-24 05:42:52 [DEBUG] __main__ — [transport:acc1] retransmit ms=42
2026-03-24 05:42:52 [DEBUG] __main__ — [transport:acc1] retransmit ms=43
2026-03-24 05:42:52 [DEBUG] __main__ — [transport:acc1] retransmit capped at 5/nack
2026-03-24 05:42:53 [INFO] __main__ — SOCKS5 → detectportal.brave-http-only.com:80
2026-03-24 05:42:53 [DEBUG] __main__ — [transport:acc2] ctrl-send  len=106  action=connect  ms=48
2026-03-24 05:42:53 [DEBUG] __main__ — [32cab5c9] -> #6  51B  seq=5
2026-03-24 05:42:53 [INFO] __main__ — SOCKS5 → data.phantom.app:443
2026-03-24 05:42:53 [DEBUG] __main__ — [transport:acc2] text-send  len=134  action=data  ms=49
2026-03-24 05:42:53 [DEBUG] __main__ — [transport:acc1] ctrl-send  len=91  action=connect  ms=60
2026-03-24 05:42:53 [DEBUG] __main__ — [32cab5c9] local EOF
2026-03-24 05:42:53 [DEBUG] __main__ — [transport:acc1] ctrl-send  len=65  action=close  ms=61
2026-03-24 05:42:53 [DEBUG] __main__ — [d62cfbac] local EOF
2026-03-24 05:42:53 [DEBUG] __main__ — [transport:acc2] ctrl-send  len=65  action=close  ms=50
2026-03-24 05:42:53 [INFO] __main__ — SOCKS5 → data.phantom.app:443
2026-03-24 05:42:53 [DEBUG] __main__ — [transport:acc2] ctrl-send  len=91  action=connect  ms=51
2026-03-24 05:42:53 [DEBUG] __main__ — [7596f7d9] local EOF
2026-03-24 05:42:53 [DEBUG] __main__ — [transport:acc1] ctrl-send  len=65  action=close  ms=62
2026-03-24 05:42:53 [DEBUG] __main__ — [974b8a52] local EOF
2026-03-24 05:42:53 [DEBUG] __main__ — [transport:acc2] ctrl-send  len=65  action=close  ms=52
2026-03-24 05:42:53 [INFO] __main__ — DONE blowfish-blocklist-proxy.phantom.app:443 [d62cfbac] | ↑2049B/1f (0.1 КБ/с)  ↓0B/0f (0.0 КБ/с)  30.0s
2026-03-24 05:42:54 [INFO] __main__ — DONE blowfish-blocklist-proxy.phantom.app:443 [7596f7d9] | ↑1842B/1f (0.1 КБ/с)  ↓0B/0f (0.0 КБ/с)  30.0s
2026-03-24 05:42:54 [INFO] __main__ — DONE accounts.google.com:443 [974b8a52] | ↑2188B/1f (0.1 КБ/с)  ↓0B/0f (0.0 КБ/с)  30.0s
2026-03-24 05:42:54 [INFO] __main__ — DONE data.phantom.app:443 [32cab5c9] | ↑7242B/6f (0.2 КБ/с)  ↓3981B/3f (0.1 КБ/с)  30.5s
2026-03-24 05:42:55 [DEBUG] __main__ — tunnel detectportal.brave-http-only.com:80 [97de897d]  no ok in 2s, retrying connect
2026-03-24 05:42:55 [DEBUG] __main__ — [transport:acc2] ctrl-send  len=106  action=connect  ms=53
2026-03-24 05:42:55 [WARNING] __main__ — [db32770b] reorder stall: seq=9 missing for 30s, buf=21 frames — closing
2026-03-24 05:42:55 [DEBUG] __main__ — tunnel 188.40.167.82:443 [4c541ea4]  no ok in 3s, retrying connect
2026-03-24 05:42:55 [DEBUG] __main__ — [transport:acc1] ctrl-send  len=88  action=connect  ms=63
2026-03-24 05:42:55 [DEBUG] __main__ — tunnel data.phantom.app:443 [06f6426b]  no ok in 2s, retrying connect
2026-03-24 05:42:55 [DEBUG] __main__ — [transport:acc1] ctrl-send  len=91  action=connect  ms=64
2026-03-24 05:42:55 [DEBUG] __main__ — tunnel data.phantom.app:443 [b70e2d17]  no ok in 2s, retrying connect
2026-03-24 05:42:55 [DEBUG] __main__ — [transport:acc2] ctrl-send  len=91  action=connect  ms=54
2026-03-24 05:42:57 [INFO] __main__ — SOCKS5 → api.github.com:443
2026-03-24 05:42:57 [DEBUG] __main__ — [transport:acc1] ctrl-send  len=89  action=connect  ms=65
2026-03-24 05:42:57 [DEBUG] __main__ — [3f88df8c] -> #5  35B  seq=4
2026-03-24 05:42:57 [DEBUG] __main__ — [transport:acc1] text-send  len=114  action=data  ms=66
2026-03-24 05:42:57 [WARNING] __main__ — [3f88df8c] reorder stall: seq=1 missing for 30s, buf=12 frames — closing
2026-03-24 05:42:58 [DEBUG] __main__ — tunnel detectportal.brave-http-only.com:80 [97de897d]  no ok in 3s, retrying connect
2026-03-24 05:42:58 [DEBUG] __main__ — [transport:acc2] ctrl-send  len=106  action=connect  ms=55
2026-03-24 05:42:58 [DEBUG] __main__ — [transport:acc2] got nack ms=48..54
2026-03-24 05:42:58 [DEBUG] __main__ — [transport:acc2] retransmit ms=48
2026-03-24 05:42:58 [DEBUG] __main__ — [transport:acc2] retransmit ms=49
2026-03-24 05:42:58 [DEBUG] __main__ — [transport:acc2] retransmit ms=50
2026-03-24 05:42:58 [DEBUG] __main__ — tunnel data.phantom.app:443 [06f6426b]  no ok in 3s, retrying connect
2026-03-24 05:42:58 [DEBUG] __main__ — [transport:acc1] ctrl-send  len=91  action=connect  ms=67
2026-03-24 05:42:58 [DEBUG] __main__ — [transport:acc2] retransmit ms=51
2026-03-24 05:42:58 [DEBUG] __main__ — [transport:acc2] retransmit ms=52
2026-03-24 05:42:58 [DEBUG] __main__ — [transport:acc2] retransmit capped at 5/nack
2026-03-24 05:42:58 [DEBUG] __main__ — [transport:acc1] got nack ms=39..66
2026-03-24 05:42:58 [DEBUG] __main__ — [transport:acc1] retransmit ms=39
2026-03-24 05:42:58 [DEBUG] __main__ — [transport:acc1] retransmit ms=40
2026-03-24 05:42:58 [DEBUG] __main__ — tunnel data.phantom.app:443 [b70e2d17]  no ok in 3s, retrying connect
2026-03-24 05:42:58 [DEBUG] __main__ — [transport:acc2] ctrl-send  len=91  action=connect  ms=56
2026-03-24 05:42:58 [DEBUG] __main__ — [transport:acc1] retransmit ms=41
2026-03-24 05:42:58 [DEBUG] __main__ — [transport:acc1] retransmit ms=42
2026-03-24 05:42:59 [DEBUG] __main__ — tunnel api.github.com:443 [337a1bdf]  no ok in 2s, retrying connect
2026-03-24 05:42:59 [DEBUG] __main__ — [transport:acc1] ctrl-send  len=89  action=connect  ms=68
2026-03-24 05:42:59 [DEBUG] __main__ — [transport:acc1] retransmit ms=43
2026-03-24 05:42:59 [DEBUG] __main__ — [transport:acc1] retransmit capped at 5/nack
2026-03-24 05:42:59 [DEBUG] __main__ — tunnel 188.40.167.82:443 [4c541ea4]  no ok in 4s, retrying connect
2026-03-24 05:42:59 [DEBUG] __main__ — [transport:acc1] ctrl-send  len=88  action=connect  ms=69
2026-03-24 05:43:02 [DEBUG] __main__ — tunnel detectportal.brave-http-only.com:80 [97de897d]  no ok in 4s, retrying connect
2026-03-24 05:43:02 [DEBUG] __main__ — [transport:acc2] ctrl-send  len=106  action=connect  ms=57
2026-03-24 05:43:02 [DEBUG] __main__ — tunnel api.github.com:443 [337a1bdf]  no ok in 3s, retrying connect
2026-03-24 05:43:02 [DEBUG] __main__ — [transport:acc1] ctrl-send  len=89  action=connect  ms=70
2026-03-24 05:43:02 [DEBUG] __main__ — [3f88df8c] -> #6  51B  seq=5
2026-03-24 05:43:02 [DEBUG] __main__ — [transport:acc2] text-send  len=134  action=data  ms=58
2026-03-24 05:43:02 [DEBUG] __main__ — [3f88df8c] local EOF
2026-03-24 05:43:02 [DEBUG] __main__ — [transport:acc2] ctrl-send  len=65  action=close  ms=59
2026-03-24 05:43:02 [INFO] __main__ — DONE eppo-proxy.phantom.app:443 [3f88df8c] | ↑3117B/6f (0.1 КБ/с)  ↓27815B/13f (0.7 КБ/с)  38.4s
2026-03-24 05:43:02 [DEBUG] __main__ — [transport:acc1] got nack ms=39..69
2026-03-24 05:43:02 [DEBUG] __main__ — [transport:acc1] retransmit ms=39
2026-03-24 05:43:02 [DEBUG] __main__ — [transport:acc1] retransmit ms=40
2026-03-24 05:43:02 [DEBUG] __main__ — [transport:acc2] got nack ms=48..56
2026-03-24 05:43:02 [DEBUG] __main__ — [transport:acc2] retransmit ms=48
2026-03-24 05:43:02 [DEBUG] __main__ — [transport:acc2] retransmit ms=49
2026-03-24 05:43:02 [DEBUG] __main__ — [transport:acc1] retransmit ms=41
2026-03-24 05:43:02 [DEBUG] __main__ — [transport:acc2] retransmit ms=50
2026-03-24 05:43:02 [DEBUG] __main__ — [transport:acc1] retransmit ms=42
2026-03-24 05:43:02 [DEBUG] __main__ — tunnel data.phantom.app:443 [06f6426b]  no ok in 4s, retrying connect
2026-03-24 05:43:02 [DEBUG] __main__ — [transport:acc1] ctrl-send  len=91  action=connect  ms=71
2026-03-24 05:43:02 [DEBUG] __main__ — [transport:acc2] retransmit ms=51
2026-03-24 05:43:02 [DEBUG] __main__ — [transport:acc1] retransmit ms=43
2026-03-24 05:43:02 [DEBUG] __main__ — [transport:acc2] retransmit ms=52
2026-03-24 05:43:02 [DEBUG] __main__ — [transport:acc1] retransmit capped at 5/nack
2026-03-24 05:43:02 [DEBUG] __main__ — [transport:acc2] retransmit capped at 5/nack
2026-03-24 05:43:02 [DEBUG] __main__ — tunnel data.phantom.app:443 [b70e2d17]  no ok in 4s, retrying connect
2026-03-24 05:43:02 [DEBUG] __main__ — [transport:acc2] ctrl-send  len=91  action=connect  ms=60
2026-03-24 05:43:04 [INFO] __main__ — tunnel 188.40.167.82:443 [4c541ea4]  TIMEOUT
2026-03-24 05:43:04 [DEBUG] __main__ — [transport:acc1] keepalive sent
2026-03-24 05:43:04 [DEBUG] __main__ — [transport:acc2] keepalive sent
2026-03-24 05:43:06 [DEBUG] __main__ — tunnel api.github.com:443 [337a1bdf]  no ok in 4s, retrying connect
2026-03-24 05:43:06 [DEBUG] __main__ — [transport:acc1] ctrl-send  len=89  action=connect  ms=72
2026-03-24 05:43:06 [DEBUG] __main__ — [transport:acc1] got nack ms=39..71
2026-03-24 05:43:06 [DEBUG] __main__ — [transport:acc1] retransmit ms=39
2026-03-24 05:43:06 [DEBUG] __main__ — [transport:acc1] retransmit ms=40
2026-03-24 05:43:06 [DEBUG] __main__ — [transport:acc1] retransmit ms=41
2026-03-24 05:43:06 [DEBUG] __main__ — [transport:acc1] retransmit ms=42
2026-03-24 05:43:06 [DEBUG] __main__ — [transport:acc1] retransmit ms=43
2026-03-24 05:43:06 [DEBUG] __main__ — [transport:acc1] retransmit capped at 5/nack
2026-03-24 05:43:07 [INFO] __main__ — tunnel detectportal.brave-http-only.com:80 [97de897d]  TIMEOUT
2026-03-24 05:43:07 [INFO] __main__ — tunnel data.phantom.app:443 [06f6426b]  TIMEOUT
2026-03-24 05:43:07 [INFO] __main__ — SOCKS5 → data.phantom.app:443
2026-03-24 05:43:07 [DEBUG] __main__ — [transport:acc2] ctrl-send  len=91  action=connect  ms=61
2026-03-24 05:43:07 [INFO] __main__ — tunnel data.phantom.app:443 [b70e2d17]  TIMEOUT
2026-03-24 05:43:07 [INFO] __main__ — SOCKS5 → data.phantom.app:443
2026-03-24 05:43:07 [DEBUG] __main__ — [transport:acc1] ctrl-send  len=91  action=connect  ms=73
2026-03-24 05:43:07 [ERROR] asyncio — Unclosed client session
client_session: <aiohttp.client.ClientSession object at 0x767645b1a950>
2026-03-24 05:43:07 [ERROR] asyncio — Unclosed client session
client_session: <aiohttp.client.ClientSession object at 0x767645b5d360>
