2026-03-24 12:16:53 [INFO] __main__ — SOCKS5 запущен  127.0.0.1:1080  chat_id=0  transports=2
2026-03-24 12:16:54 [INFO] __main__ — Авторизован [acc2], chatId=0 (self-chat)
2026-03-24 12:16:54 [INFO] __main__ — Авторизован [acc1], chatId=0 (self-chat)
2026-03-24 12:17:09 [INFO] __main__ — SOCKS5 → 188.40.167.82:443
2026-03-24 12:17:09 [DEBUG] __main__ — [transport:acc1] batch flush  frames=1  total=77B
2026-03-24 12:17:10 [DEBUG] __main__ — [transport:acc1] upload ok  fileId=2997294648  size=77
2026-03-24 12:17:13 [DEBUG] __main__ — [transport] msg-event op=64 cmd=1 chat=0 attaches=1
2026-03-24 12:17:13 [DEBUG] __main__ — [transport] attach full={'_type': 'FILE', 'name': 'OUT_data.bin', 'size': 77, 'fileId': 2997294648, 'token': 'f9LHodD0cOL0x5uJFDE5ymszc05x49QulalO_A1gVuhGh80X6WqbFyYYucK0TfXyxLr9JfZP8V4H3f3lf8k2'}
2026-03-24 12:17:13 [DEBUG] __main__ — [transport:acc1] пропускаем свой исходящий файл fileId=2997294648
2026-03-24 12:17:16 [DEBUG] __main__ — [transport] msg-event op=128 cmd=0 chat=0 attaches=1
2026-03-24 12:17:16 [DEBUG] __main__ — [transport] attach full={'_type': 'FILE', 'name': 'data.bin', 'size': 53, 'fileId': 2999141909, 'token': 'f9LHodD0cOLcqqarFkvQFnz22LoSmj69o6EnlJPIAJqjCEegmlpVRGDMSotjbQH55_7vLiWAWVcpDFjNmOOB'}
2026-03-24 12:17:16 [DEBUG] __main__ — [transport] op88 fileId=2999141909 url=https://fd.oneme.ru/getfile?sig=FVJ16vBUA1pq5P8Gm7cOlYSpR5ggmjo3UZI4ISMxHBy2K_0cv2FVsDvXyZDtI3w_eGFw3NK9558Yphp5e0sKVg&expires=1774437436356&clientType=6&id=2999141909&userId=240876353
2026-03-24 12:17:17 [DEBUG] __main__ — [transport:acc1] recv_file  fileId=2999141909  frames=1
2026-03-24 12:17:17 [DEBUG] __main__ — [c1f1f64e] <- ok
2026-03-24 12:17:17 [INFO] __main__ — tunnel 188.40.167.82:443 [c1f1f64e]  открыт за ~7605 мс
2026-03-24 12:17:17 [DEBUG] __main__ — [c1f1f64e] -> #1  517B  seq=0
2026-03-24 12:17:17 [DEBUG] __main__ — [transport:acc1] batch flush  frames=1  total=565B
2026-03-24 12:17:17 [DEBUG] __main__ — [transport:acc1] upload ok  fileId=2987536852  size=565
2026-03-24 12:17:19 [DEBUG] __main__ — [transport] keepalive sent
2026-03-24 12:17:19 [DEBUG] __main__ — [transport] keepalive sent
2026-03-24 12:17:27 [DEBUG] __main__ — [transport] msg-event op=64 cmd=1 chat=0 attaches=1
2026-03-24 12:17:27 [DEBUG] __main__ — [transport] attach full={'_type': 'FILE', 'name': 'OUT_data.bin', 'size': 565, 'fileId': 2987536852, 'token': 'f9LHodD0cOKD0XDebs2bZ-u4Qd7amb5_b-6YpqWsa2qoee5qrpb8BZV_QkC55AE6Gv7UQXMZdhX6WydroivZ'}
2026-03-24 12:17:27 [DEBUG] __main__ — [transport:acc1] пропускаем свой исходящий файл fileId=2987536852
2026-03-24 12:17:33 [DEBUG] __main__ — [transport] msg-event op=128 cmd=0 chat=0 attaches=1
2026-03-24 12:17:33 [DEBUG] __main__ — [transport] attach full={'_type': 'FILE', 'name': 'data.bin', 'size': 3197, 'fileId': 2994081228, 'token': 'f9LHodD0cOIl_oRo3FJZLIkw1nPtboY_zUpbhzE-mcuUV229OOd9uwB6_4qixHGP5FJAnS4i3GYP6BG_eGgH'}
2026-03-24 12:17:34 [DEBUG] __main__ — [transport] op88 fileId=2994081228 url=https://fd.oneme.ru/getfile?sig=irYVuWaQ-QYWKdlzjYHPKYGNwDmFOEQou_EvTazDKK7ThGtaLmr6EyJRj3r7SNV4jLZ04wCoFso-HN48ik8fcg&expires=1774437454020&clientType=6&id=2994081228&userId=240876353
2026-03-24 12:17:34 [DEBUG] __main__ — [transport:acc1] recv_file  fileId=2994081228  frames=1
2026-03-24 12:17:34 [DEBUG] __main__ — [c1f1f64e] <- data #1  3134B  seq=0  (rx=3134B)
2026-03-24 12:17:34 [DEBUG] __main__ — [c1f1f64e] -> #2  266B  seq=1
2026-03-24 12:17:34 [DEBUG] __main__ — [transport:acc2] batch flush  frames=1  total=314B
2026-03-24 12:17:34 [DEBUG] __main__ — [transport:acc2] upload ok  fileId=2995960237  size=314
2026-03-24 12:17:36 [DEBUG] __main__ — [transport] msg-event op=64 cmd=1 chat=0 attaches=1
2026-03-24 12:17:36 [DEBUG] __main__ — [transport] attach full={'_type': 'FILE', 'name': 'OUT_data.bin', 'size': 314, 'fileId': 2995960237, 'token': 'f9LHodD0cOLp_CHfxSJ7icdN8tvlliP2_1qyGnMECETBsOYdpDYeXAU3M7da0EuOYgVArqIN_XwyVDjZ6cCI'}
2026-03-24 12:17:36 [DEBUG] __main__ — [transport:acc2] пропускаем свой исходящий файл fileId=2995960237
2026-03-24 12:17:44 [DEBUG] __main__ — [transport] keepalive sent
2026-03-24 12:17:44 [DEBUG] __main__ — [transport] keepalive sent
2026-03-24 12:17:46 [DEBUG] __main__ — [transport] msg-event op=128 cmd=0 chat=0 attaches=1
2026-03-24 12:17:46 [DEBUG] __main__ — [transport] attach full={'_type': 'FILE', 'name': 'data.bin', 'size': 807, 'fileId': 2988076290, 'token': 'f9LHodD0cOJN7HhiiaFOeVCHtWJuHoh45x5bp36vWtcfWqRJSuPdgkp_3_SPwFt42dSJkEhydy4gA9FKa56u'}
2026-03-24 12:17:46 [DEBUG] __main__ — [transport] op88 fileId=2988076290 url=https://fd.oneme.ru/getfile?sig=2KQ4FiRWL_M7wJA4eugejuAi52hqVV_nuYkJ4xUg8smiQFL3iRm-g1d5WMGx4rI10UfgnjRosVYz0Wjvzsu8_A&expires=1774437466050&clientType=6&id=2988076290&userId=240002558
2026-03-24 12:17:46 [DEBUG] __main__ — [transport:acc2] recv_file  fileId=2988076290  frames=1
2026-03-24 12:17:46 [DEBUG] __main__ — [c1f1f64e] <- data #2  744B  seq=1  (rx=3878B)
2026-03-24 12:17:46 [DEBUG] __main__ — [c1f1f64e] -> #3  55B  seq=2
2026-03-24 12:17:46 [DEBUG] __main__ — [c1f1f64e] local EOF
2026-03-24 12:17:46 [DEBUG] __main__ — [transport:acc1] batch flush  frames=2  total=153B
2026-03-24 12:17:46 [DEBUG] __main__ — [transport:acc1] upload ok  fileId=2991071402  size=153
2026-03-24 12:17:47 [INFO] __main__ — DONE 188.40.167.82:443 [c1f1f64e] | ↑838B/3f (0.0 КБ/с)  ↓3878B/2f (0.1 КБ/с)  30.4s
2026-03-24 12:17:47 [INFO] __main__ — SOCKS5 → 188.40.167.82:443
2026-03-24 12:17:47 [DEBUG] __main__ — [transport:acc2] batch flush  frames=1  total=77B
2026-03-24 12:17:47 [DEBUG] __main__ — [transport:acc2] upload ok  fileId=2988079618  size=77
2026-03-24 12:17:50 [DEBUG] __main__ — [transport] msg-event op=64 cmd=1 chat=0 attaches=1
2026-03-24 12:17:50 [DEBUG] __main__ — [transport] attach full={'_type': 'FILE', 'name': 'OUT_data.bin', 'size': 153, 'fileId': 2991071402, 'token': 'f9LHodD0cOLcAgdePnCYwYoXiqi7LwfIslsZd1HslZdA6iV2zC3Oaej0CtfQi7rs-J5RGR7TwUaveGsLa1TW'}
2026-03-24 12:17:50 [DEBUG] __main__ — [transport:acc1] пропускаем свой исходящий файл fileId=2991071402
2026-03-24 12:17:55 [DEBUG] __main__ — [transport] msg-event op=64 cmd=1 chat=0 attaches=1
2026-03-24 12:17:55 [DEBUG] __main__ — [transport] attach full={'_type': 'FILE', 'name': 'OUT_data.bin', 'size': 77, 'fileId': 2988079618, 'token': 'f9LHodD0cOKLhL28rSI-8w3JMv2kn3itXlieTaga0rXLHSlpwUf-Y3UrceSXT2VX3OusAK8NIexuH5NS6Aii'}
2026-03-24 12:17:55 [DEBUG] __main__ — [transport:acc2] пропускаем свой исходящий файл fileId=2988079618
2026-03-24 12:18:05 [DEBUG] __main__ — [transport] msg-event op=128 cmd=0 chat=0 attaches=1
2026-03-24 12:18:05 [DEBUG] __main__ — [transport] attach full={'_type': 'FILE', 'name': 'data.bin', 'size': 53, 'fileId': 2989432044, 'token': 'f9LHodD0cOKyb4NNd6rrLasm9Yd_wFuNb5bZiAmKooiAh2f-iY9rKfOL7jPLcqzbGqlR2mpahbfXUC049wIL'}
2026-03-24 12:18:05 [DEBUG] __main__ — [transport] op88 fileId=2989432044 url=https://fd.oneme.ru/getfile?sig=dGP9X4nfWjpWOkhfk4HH_HfzZumgF2WHGu-DTMzHdgw9TcSM9CxQ5HMGffek3JVS5D4LJlZjvonFVD4fDAZH0w&expires=1774437485341&clientType=6&id=2989432044&userId=240002558
2026-03-24 12:18:05 [DEBUG] __main__ — [transport:acc2] recv_file  fileId=2989432044  frames=1
2026-03-24 12:18:05 [DEBUG] __main__ — [f519d3be] <- ok
2026-03-24 12:18:05 [INFO] __main__ — tunnel 188.40.167.82:443 [f519d3be]  открыт за ~17896 мс
2026-03-24 12:18:05 [DEBUG] __main__ — [f519d3be] -> #1  517B  seq=0
2026-03-24 12:18:05 [DEBUG] __main__ — [transport:acc1] batch flush  frames=1  total=565B
2026-03-24 12:18:05 [DEBUG] __main__ — [transport:acc1] upload ok  fileId=2983300575  size=565
2026-03-24 12:18:09 [DEBUG] __main__ — [transport] keepalive sent
2026-03-24 12:18:09 [DEBUG] __main__ — [transport] keepalive sent
2026-03-24 12:18:13 [DEBUG] __main__ — [transport] msg-event op=64 cmd=1 chat=0 attaches=1
2026-03-24 12:18:13 [DEBUG] __main__ — [transport] attach full={'_type': 'FILE', 'name': 'OUT_data.bin', 'size': 565, 'fileId': 2983300575, 'token': 'f9LHodD0cOJ-lFGJwSd6M2sFjsEFtibpPShIdrzG4eDtsOpKUyGmPl2us7oJbH7XBhwGWgKVNVn4PBcZX4sT'}
2026-03-24 12:18:13 [DEBUG] __main__ — [transport:acc1] пропускаем свой исходящий файл fileId=2983300575
2026-03-24 12:18:19 [DEBUG] __main__ — [transport] msg-event op=128 cmd=0 chat=0 attaches=1
2026-03-24 12:18:19 [DEBUG] __main__ — [transport] attach full={'_type': 'FILE', 'name': 'data.bin', 'size': 3197, 'fileId': 2998586150, 'token': 'f9LHodD0cOJyknsrfFkuERq79jK5r4CPbK-bp1OPNPwhZEBuuYUg9CJeXjnvM8T4fTugw_OLv9urk6jIRUYo'}
2026-03-24 12:18:19 [DEBUG] __main__ — [transport] op88 fileId=2998586150 url=https://fd.oneme.ru/getfile?sig=Atu3_aRbPlVlfi9wLVctLDK2euBhkqMWyoudgMUvjVEQvYmdRHjmKIt3EXQ3MaEYaEfKFJXjvMN-3MHvWLwP0A&expires=1774437499193&clientType=6&id=2998586150&userId=240876353
2026-03-24 12:18:19 [DEBUG] __main__ — [transport:acc1] recv_file  fileId=2998586150  frames=1
2026-03-24 12:18:19 [DEBUG] __main__ — [f519d3be] <- data #1  3134B  seq=0  (rx=3134B)
2026-03-24 12:18:19 [DEBUG] __main__ — [f519d3be] -> #2  266B  seq=1
2026-03-24 12:18:19 [DEBUG] __main__ — [transport:acc2] batch flush  frames=1  total=314B
2026-03-24 12:18:20 [DEBUG] __main__ — [transport:acc2] upload ok  fileId=2988984404  size=314
2026-03-24 12:18:31 [DEBUG] __main__ — [transport] msg-event op=64 cmd=1 chat=0 attaches=1
2026-03-24 12:18:31 [DEBUG] __main__ — [transport] attach full={'_type': 'FILE', 'name': 'OUT_data.bin', 'size': 314, 'fileId': 2988984404, 'token': 'f9LHodD0cOLIgCamNjbNd-dcMK6sxd8pdgCX4Bxgnkerjl7GHubVT1pGUNZHuqXPceiPaakNW14EK3P4NJ2w'}
2026-03-24 12:18:31 [DEBUG] __main__ — [transport:acc2] пропускаем свой исходящий файл fileId=2988984404
2026-03-24 12:18:34 [DEBUG] __main__ — [transport] keepalive sent
2026-03-24 12:18:34 [DEBUG] __main__ — [transport] keepalive sent
2026-03-24 12:18:37 [DEBUG] __main__ — [transport] msg-event op=128 cmd=0 chat=0 attaches=1
2026-03-24 12:18:37 [DEBUG] __main__ — [transport] attach full={'_type': 'FILE', 'name': 'data.bin', 'size': 807, 'fileId': 2991550517, 'token': 'f9LHodD0cOKTNpu4V4PWxRlc7r1Lu8l_w6zn4CA5JBc7KuQk6Gg4z7qLbe63j8s5HAiqikR7VWDZbhkDAVaj'}
2026-03-24 12:18:37 [DEBUG] __main__ — [transport] op88 fileId=2991550517 url=https://fd.oneme.ru/getfile?sig=GOUFX6CEk0y0JfEKcRJ1PafLoU8bEm4hWm0o-apFDfNKWvr7siHQY-V0Bh1dzeCvTggm50ok5zkKqd7Iu5b4Rw&expires=1774437517923&clientType=6&id=2991550517&userId=240002558
2026-03-24 12:18:38 [DEBUG] __main__ — [transport:acc2] recv_file  fileId=2991550517  frames=1
2026-03-24 12:18:38 [DEBUG] __main__ — [f519d3be] <- data #2  744B  seq=1  (rx=3878B)
2026-03-24 12:18:38 [DEBUG] __main__ — [f519d3be] -> #3  55B  seq=2
2026-03-24 12:18:38 [DEBUG] __main__ — [f519d3be] local EOF
2026-03-24 12:18:38 [DEBUG] __main__ — [transport:acc1] batch flush  frames=1  total=103B
2026-03-24 12:18:38 [DEBUG] __main__ — [transport:acc2] batch flush  frames=1  total=54B
2026-03-24 12:18:38 [DEBUG] __main__ — [transport:acc2] upload ok  fileId=2998924576  size=54
2026-03-24 12:18:38 [DEBUG] __main__ — [transport:acc1] upload ok  fileId=2992915241  size=103
2026-03-24 12:18:39 [INFO] __main__ — DONE 188.40.167.82:443 [f519d3be] | ↑838B/3f (0.0 КБ/с)  ↓3878B/2f (0.1 КБ/с)  33.8s
2026-03-24 12:18:39 [INFO] __main__ — SOCKS5 → 188.40.167.82:443
2026-03-24 12:18:39 [DEBUG] __main__ — [transport:acc1] batch flush  frames=1  total=77B
2026-03-24 12:18:44 [DEBUG] __main__ — [transport] msg-event op=64 cmd=1 chat=0 attaches=1
2026-03-24 12:18:44 [DEBUG] __main__ — [transport] attach full={'_type': 'FILE', 'name': 'OUT_data.bin', 'size': 103, 'fileId': 2992915241, 'token': 'f9LHodD0cOKkBgRDzaiOWskdHNdEMeHmjD8uHV48VzJoyMjEp661mb9qunhTa482n5BoMCEhoCI1jf3kRQL3'}
2026-03-24 12:18:44 [DEBUG] __main__ — [transport:acc1] пропускаем свой исходящий файл fileId=2992915241
2026-03-24 12:18:44 [DEBUG] __main__ — [transport:acc1] upload ok  fileId=2987856522  size=77
2026-03-24 12:18:48 [DEBUG] __main__ — [transport] msg-event op=64 cmd=1 chat=0 attaches=1
2026-03-24 12:18:48 [DEBUG] __main__ — [transport] attach full={'_type': 'FILE', 'name': 'OUT_data.bin', 'size': 54, 'fileId': 2998924576, 'token': 'f9LHodD0cOJfQv0-o4f72OUyVV12CCatXRHTz9lSOT1m1bnpUwGKPcVjOFi83pMSBo-T3HgJ8FnPBp_X6Vdi'}
2026-03-24 12:18:48 [DEBUG] __main__ — [transport:acc2] пропускаем свой исходящий файл fileId=2998924576
2026-03-24 12:18:52 [DEBUG] __main__ — [transport] msg-event op=128 cmd=0 chat=0 attaches=1
2026-03-24 12:18:52 [DEBUG] __main__ — [transport] attach full={'_type': 'FILE', 'name': 'data.bin', 'size': 57, 'fileId': 2994363014, 'token': 'f9LHodD0cOIJG_QshTcdu-9jgqhC16zqljP88CE1dGY4Adw6f372A0v1gTWpz42IevssqlV45juO5gJ-e-2T'}
2026-03-24 12:18:52 [DEBUG] __main__ — [transport] op88 fileId=2994363014 url=https://fd.oneme.ru/getfile?sig=Dy44d7N1poKs9Ck4369mDGdg9qjsyO0VrMgxdx5ON_Tr_pUC4kuVrnZKU7zMipMYPj9Kb1PIdYRsLdx1RFqPrQ&expires=1774437532084&clientType=6&id=2994363014&userId=240002558
2026-03-24 12:18:52 [DEBUG] __main__ — [transport:acc2] recv_file  fileId=2994363014  frames=1
2026-03-24 12:18:52 [DEBUG] __main__ — [f519d3be] <- closed by server
2026-03-24 12:18:53 [DEBUG] __main__ — [transport] msg-event op=64 cmd=1 chat=0 attaches=1
2026-03-24 12:18:53 [DEBUG] __main__ — [transport] attach full={'_type': 'FILE', 'name': 'OUT_data.bin', 'size': 77, 'fileId': 2987856522, 'token': 'f9LHodD0cOI0KY-u8QeXH1tMEDARmfrgNR3fLATKCDwk0bdTAZxMNF9GOWyOJSLoU0z1xgw_G7jMjJamxbOq'}
2026-03-24 12:18:53 [DEBUG] __main__ — [transport:acc1] пропускаем свой исходящий файл fileId=2987856522
2026-03-24 12:18:59 [DEBUG] __main__ — [transport] keepalive sent
2026-03-24 12:18:59 [DEBUG] __main__ — [transport] keepalive sent
2026-03-24 12:18:59 [INFO] __main__ — tunnel 188.40.167.82:443 [82ec15c2]  TIMEOUT
2026-03-24 12:19:00 [INFO] __main__ — SOCKS5 → 188.40.167.82:443
2026-03-24 12:19:00 [DEBUG] __main__ — [transport:acc2] batch flush  frames=1  total=77B
2026-03-24 12:19:00 [DEBUG] __main__ — [transport:acc2] upload ok  fileId=2994869950  size=77
2026-03-24 12:19:08 [DEBUG] __main__ — [transport] msg-event op=64 cmd=1 chat=0 attaches=1
2026-03-24 12:19:08 [DEBUG] __main__ — [transport] attach full={'_type': 'FILE', 'name': 'OUT_data.bin', 'size': 77, 'fileId': 2994869950, 'token': 'f9LHodD0cOKxKnun86RqDpFD7tY1EXR6V9edcqmIPnAJUNovp3jdWP3IWyoACTqpmvbksnz8lmNopX8Jqf1o'}
2026-03-24 12:19:08 [DEBUG] __main__ — [transport:acc2] пропускаем свой исходящий файл fileId=2994869950
2026-03-24 12:19:20 [INFO] __main__ — tunnel 188.40.167.82:443 [3d53dec8]  TIMEOUT
2026-03-24 12:19:21 [INFO] __main__ — SOCKS5 → 188.40.167.82:443
2026-03-24 12:19:21 [DEBUG] __main__ — [transport:acc1] batch flush  frames=1  total=77B
2026-03-24 12:19:22 [DEBUG] __main__ — [transport:acc1] upload ok  fileId=2990073929  size=77
2026-03-24 12:19:24 [DEBUG] __main__ — [transport] keepalive sent
2026-03-24 12:19:24 [DEBUG] __main__ — [transport] keepalive sent
2026-03-24 12:19:27 [DEBUG] __main__ — [transport] msg-event op=128 cmd=0 chat=0 attaches=1
2026-03-24 12:19:27 [DEBUG] __main__ — [transport] attach full={'_type': 'FILE', 'name': 'data.bin', 'size': 53, 'fileId': 2987329636, 'token': 'f9LHodD0cOL8ncI93gvfb8S60nsGSjshoIjAcFksBdmkjN8tyrJPUdmRTzuazCx-p6Dm1YPh_TSZ8C5DRVOz'}
2026-03-24 12:19:27 [DEBUG] __main__ — [transport] op88 fileId=2987329636 url=https://fd.oneme.ru/getfile?sig=zUrtkaNJtoOQM4A5OUYVMK095SMZyEnvPusZyc2m0QjAhVl2yiqY_MtGK_VVuOLYtoKm-D47bqVU3JBP1crdqw&expires=1774437567786&clientType=6&id=2987329636&userId=240002558
2026-03-24 12:19:28 [DEBUG] __main__ — [transport:acc2] recv_file  fileId=2987329636  frames=1
2026-03-24 12:19:28 [DEBUG] __main__ — [3d53dec8] <- ok
2026-03-24 12:19:34 [DEBUG] __main__ — [transport] msg-event op=64 cmd=1 chat=0 attaches=1
2026-03-24 12:19:34 [DEBUG] __main__ — [transport] attach full={'_type': 'FILE', 'name': 'OUT_data.bin', 'size': 77, 'fileId': 2990073929, 'token': 'f9LHodD0cOIuxrlih69PsdsVqOQEaj9zjgQ5XW6uuOJZilaGARtvpWwip0on8Mi6njl-GwdSMXh8usLg7VVU'}
2026-03-24 12:19:34 [DEBUG] __main__ — [transport:acc1] пропускаем свой исходящий файл fileId=2990073929
2026-03-24 12:19:41 [INFO] __main__ — tunnel 188.40.167.82:443 [8201621d]  TIMEOUT
2026-03-24 12:19:42 [INFO] __main__ — SOCKS5 → 188.40.167.82:443
2026-03-24 12:19:42 [DEBUG] __main__ — [transport:acc2] batch flush  frames=1  total=77B
2026-03-24 12:19:43 [DEBUG] __main__ — [transport:acc2] upload ok  fileId=2994687168  size=77
2026-03-24 12:19:44 [DEBUG] __main__ — [transport] msg-event op=128 cmd=0 chat=0 attaches=1
2026-03-24 12:19:44 [DEBUG] __main__ — [transport] attach full={'_type': 'FILE', 'name': 'data.bin', 'size': 53, 'fileId': 2996845122, 'token': 'f9LHodD0cOJ9bIPsoS9wekTNV3tIKci69jbSBmdKoaDu81Y1QIb6htBJCFrwGBirJhVwXZHp8DhwGhbLLgix'}
2026-03-24 12:19:44 [DEBUG] __main__ — [transport] op88 fileId=2996845122 url=https://fd.oneme.ru/getfile?sig=R_Go4DsEwyrYsaxhn9mE8E88iVWWDz7ht9-4H0QbLAPZIpKXePbqJ-oWI5w8HxpCVeRBE9DOYiyEyMfSLQ54Ng&expires=1774437584879&clientType=6&id=2996845122&userId=240876353
2026-03-24 12:19:45 [DEBUG] __main__ — [transport:acc1] recv_file  fileId=2996845122  frames=1
2026-03-24 12:19:45 [DEBUG] __main__ — [8201621d] <- ok
2026-03-24 12:19:49 [DEBUG] __main__ — [transport] keepalive sent
2026-03-24 12:19:49 [DEBUG] __main__ — [transport] keepalive sent
2026-03-24 12:19:52 [DEBUG] __main__ — [transport] msg-event op=64 cmd=1 chat=0 attaches=1
2026-03-24 12:19:52 [DEBUG] __main__ — [transport] attach full={'_type': 'FILE', 'name': 'OUT_data.bin', 'size': 77, 'fileId': 2994687168, 'token': 'f9LHodD0cOJFB4JYe8tyBB38PQ6RFKK2e0hrgzwX3-dgw32p21N30_TmI0uuqItzPbdIRQ5Okzq9Ibv4PV9u'}
2026-03-24 12:19:52 [DEBUG] __main__ — [transport:acc2] пропускаем свой исходящий файл fileId=2994687168
2026-03-24 12:20:02 [INFO] __main__ — tunnel 188.40.167.82:443 [be9ca6ba]  TIMEOUT
2026-03-24 12:20:03 [INFO] __main__ — SOCKS5 → 188.40.167.82:443
2026-03-24 12:20:03 [DEBUG] __main__ — [transport:acc1] batch flush  frames=1  total=77B
2026-03-24 12:20:04 [DEBUG] __main__ — [transport:acc1] upload ok  fileId=2996369780  size=77
2026-03-24 12:20:13 [DEBUG] __main__ — [transport] msg-event op=64 cmd=1 chat=0 attaches=1
2026-03-24 12:20:13 [DEBUG] __main__ — [transport] attach full={'_type': 'FILE', 'name': 'OUT_data.bin', 'size': 77, 'fileId': 2996369780, 'token': 'f9LHodD0cOLqG71MXdBxKpmqz6A25m_Miy69DXENXf5lwdx5hukghTWPwNMYNLqD79RMNuPAEhSxQkeJGx-8'}
2026-03-24 12:20:13 [DEBUG] __main__ — [transport:acc1] пропускаем свой исходящий файл fileId=2996369780
2026-03-24 12:20:14 [DEBUG] __main__ — [transport] keepalive sent
2026-03-24 12:20:14 [DEBUG] __main__ — [transport] keepalive sent
2026-03-24 12:20:23 [INFO] __main__ — tunnel 188.40.167.82:443 [396f7c92]  TIMEOUT
2026-03-24 12:20:24 [INFO] __main__ — SOCKS5 → 188.40.167.82:443
2026-03-24 12:20:25 [DEBUG] __main__ — [transport:acc2] batch flush  frames=1  total=77B
2026-03-24 12:20:25 [DEBUG] __main__ — [transport:acc2] upload ok  fileId=2992369896  size=77
2026-03-24 12:20:26 [DEBUG] __main__ — [transport] msg-event op=128 cmd=0 chat=0 attaches=1
2026-03-24 12:20:26 [DEBUG] __main__ — [transport] attach full={'_type': 'FILE', 'name': 'data.bin', 'size': 57, 'fileId': 2994132437, 'token': 'f9LHodD0cOLlw76AMXWdgOZC1_rZEVSBdYJDm-zrLPQF9OjFD6Z8ckFu8x2fKKfYdk3Mi4rhMazW8xl0o37K'}
2026-03-24 12:20:26 [DEBUG] __main__ — [transport] op88 fileId=2994132437 url=https://fd.oneme.ru/getfile?sig=uO8LtzpKRhB_WvhKlduBrG-EnuY5-vR4TgAJAvBDN9AjKaGwP4uWSbWGvl2tEAoiLfb0a6Da1mVEDpJGJ_oWUA&expires=1774437626140&clientType=6&id=2994132437&userId=240002558
2026-03-24 12:20:26 [DEBUG] __main__ — [transport:acc2] recv_file  fileId=2994132437  frames=1
2026-03-24 12:20:26 [DEBUG] __main__ — [3d53dec8] <- closed by server
2026-03-24 12:20:27 [DEBUG] __main__ — [transport] msg-event op=128 cmd=0 chat=0 attaches=1
2026-03-24 12:20:27 [DEBUG] __main__ — [transport] attach full={'_type': 'FILE', 'name': 'data.bin', 'size': 53, 'fileId': 2999502369, 'token': 'f9LHodD0cOICUigzizwcekPFOEtwxpMdAj-q5fwMrlDE054xcL_0fHAr91h3h4CiBf7HtuwAzBt2JYeXRYAH'}
2026-03-24 12:20:27 [DEBUG] __main__ — [transport] op88 fileId=2999502369 url=https://fd.oneme.ru/getfile?sig=VXRbochnpjDdePEbGtD6Mv2-Lgi8x0lcbJ_cqolWHaNC5y-0OvEUZl1orP1ZGA_SjXZ15ODfTpxuVX52QRyaTg&expires=1774437627202&clientType=6&id=2999502369&userId=240876353
2026-03-24 12:20:27 [DEBUG] __main__ — [transport:acc1] recv_file  fileId=2999502369  frames=1
2026-03-24 12:20:27 [DEBUG] __main__ — [396f7c92] <- ok
2026-03-24 12:20:32 [DEBUG] __main__ — [transport] msg-event op=64 cmd=1 chat=0 attaches=1
2026-03-24 12:20:32 [DEBUG] __main__ — [transport] attach full={'_type': 'FILE', 'name': 'OUT_data.bin', 'size': 77, 'fileId': 2992369896, 'token': 'f9LHodD0cOLBd0PyQILl1RInLlSkHPmyQjtdxCwKJZ6eRtDQUEw44BL2m9MDnLzNG2SSyejHsss_hUYWcmB8'}
2026-03-24 12:20:32 [DEBUG] __main__ — [transport:acc2] пропускаем свой исходящий файл fileId=2992369896
2026-03-24 12:20:39 [DEBUG] __main__ — [transport] keepalive sent
2026-03-24 12:20:39 [DEBUG] __main__ — [transport] keepalive sent
2026-03-24 12:20:44 [DEBUG] __main__ — [transport] msg-event op=128 cmd=0 chat=0 attaches=1
2026-03-24 12:20:44 [DEBUG] __main__ — [transport] attach full={'_type': 'FILE', 'name': 'data.bin', 'size': 57, 'fileId': 2998954272, 'token': 'f9LHodD0cOLW8DtZs7yJrd0psy0oxlSHMZJaXV8SATOcxDeGwf1T9RWlCDhxSLU77WgHv762yp40CuOfLFUB'}
2026-03-24 12:20:44 [DEBUG] __main__ — [transport] op88 fileId=2998954272 url=https://fd.oneme.ru/getfile?sig=9cNCpJmCquEZmSRsTJo5tBlT-S5ENW50QC-HExrPWfEXZQBhdPeW9TnV4RZZBWnlxvep_l26vEaooU7QNxxjkQ&expires=1774437644594&clientType=6&id=2998954272&userId=240876353
2026-03-24 12:20:44 [DEBUG] __main__ — [transport:acc1] recv_file  fileId=2998954272  frames=1
2026-03-24 12:20:44 [DEBUG] __main__ — [8201621d] <- closed by server
2026-03-24 12:20:44 [INFO] __main__ — tunnel 188.40.167.82:443 [d729ef77]  TIMEOUT
2026-03-24 12:20:46 [INFO] __main__ — SOCKS5 → 188.40.167.82:443
2026-03-24 12:20:46 [DEBUG] __main__ — [transport:acc1] batch flush  frames=1  total=77B
2026-03-24 12:20:46 [DEBUG] __main__ — [transport:acc1] upload ok  fileId=2991258227  size=77
2026-03-24 12:20:49 [DEBUG] __main__ — [transport] msg-event op=128 cmd=0 chat=0 attaches=1
2026-03-24 12:20:49 [DEBUG] __main__ — [transport] attach full={'_type': 'FILE', 'name': 'data.bin', 'size': 53, 'fileId': 2991594671, 'token': 'f9LHodD0cOJrMF8aBnx5HzUEb4aRlnKkRalPDSSvrXG8TnK3mlCPxHoWNKaP5kzvjuzirEpOT9URhOgZKlae'}
2026-03-24 12:20:49 [DEBUG] __main__ — [transport] op88 fileId=2991594671 url=https://fd.oneme.ru/getfile?sig=o8jcxzXoSiAgLh0QMVJT7BCD7m7T90d1uZLiA6CDC0apcw5kutrwA6dtylgMgq4A1LAJSGhq3oYD0EX6zw8s6Q&expires=1774437649712&clientType=6&id=2991594671&userId=240002558
2026-03-24 12:20:49 [DEBUG] __main__ — [transport:acc2] recv_file  fileId=2991594671  frames=1
2026-03-24 12:20:49 [DEBUG] __main__ — [d729ef77] <- ok
2026-03-24 12:20:58 [DEBUG] __main__ — [transport] msg-event op=64 cmd=1 chat=0 attaches=1
2026-03-24 12:20:58 [DEBUG] __main__ — [transport] attach full={'_type': 'FILE', 'name': 'OUT_data.bin', 'size': 77, 'fileId': 2991258227, 'token': 'f9LHodD0cOKVr1lihz8SogwXaHbSJY02e6-jfn4c64IMDzPwe5MklbBOIMZTEKVQLUAJWJvDw8XQAo6EvzuB'}
2026-03-24 12:20:58 [DEBUG] __main__ — [transport:acc1] пропускаем свой исходящий файл fileId=2991258227
2026-03-24 12:21:04 [DEBUG] __main__ — [transport] keepalive sent
2026-03-24 12:21:04 [DEBUG] __main__ — [transport] keepalive sent
2026-03-24 12:21:06 [INFO] __main__ — tunnel 188.40.167.82:443 [881a6295]  TIMEOUT
2026-03-24 12:21:07 [INFO] __main__ — SOCKS5 → 188.40.167.82:443
2026-03-24 12:21:07 [DEBUG] __main__ — [transport:acc2] batch flush  frames=1  total=77B
2026-03-24 12:21:08 [DEBUG] __main__ — [transport:acc2] upload ok  fileId=2997965602  size=77
2026-03-24 12:21:10 [DEBUG] __main__ — [transport] msg-event op=128 cmd=0 chat=0 attaches=1
2026-03-24 12:21:10 [DEBUG] __main__ — [transport] attach full={'_type': 'FILE', 'name': 'data.bin', 'size': 53, 'fileId': 2992799879, 'token': 'f9LHodD0cOL7jes6ip_w0T_qDAWBLlioBOQDa_PUJcAlKKA4LV2C44sIXB9AYPMSwO1yEhxfLWznJXt2D1_t'}
2026-03-24 12:21:10 [DEBUG] __main__ — [transport] op88 fileId=2992799879 url=https://fd.oneme.ru/getfile?sig=gGlGKOtOjGvIkH_isJH4bkbW3IDucvmZ2hSNkLEOeXQlx0cT0l4QsMv8OIw-bp_nWLPO-MFxuhdSbAU3uObn8w&expires=1774437670610&clientType=6&id=2992799879&userId=240876353
2026-03-24 12:21:10 [DEBUG] __main__ — [transport:acc1] recv_file  fileId=2992799879  frames=1
2026-03-24 12:21:10 [DEBUG] __main__ — [881a6295] <- ok
2026-03-24 12:21:26 [DEBUG] __main__ — [transport] msg-event op=64 cmd=1 chat=0 attaches=1
2026-03-24 12:21:26 [DEBUG] __main__ — [transport] attach full={'_type': 'FILE', 'name': 'OUT_data.bin', 'size': 77, 'fileId': 2997965602, 'token': 'f9LHodD0cOIY2zmXARTWAjJn1zB6cJsElru3kRF3bBZx7s-DTXJ7hjJ3FoqtBsvGkUfbROAtExsKJm7wQDtE'}
2026-03-24 12:21:26 [DEBUG] __main__ — [transport:acc2] пропускаем свой исходящий файл fileId=2997965602
2026-03-24 12:21:27 [INFO] __main__ — tunnel 188.40.167.82:443 [c863957b]  TIMEOUT
2026-03-24 12:21:28 [INFO] __main__ — SOCKS5 → 188.40.167.82:443
2026-03-24 12:21:28 [DEBUG] __main__ — [transport:acc1] batch flush  frames=1  total=77B
2026-03-24 12:21:28 [DEBUG] __main__ — [transport:acc1] upload ok  fileId=2984857453  size=77
2026-03-24 12:21:29 [DEBUG] __main__ — [transport] keepalive sent
2026-03-24 12:21:29 [DEBUG] __main__ — [transport] keepalive sent
2026-03-24 12:21:41 [DEBUG] __main__ — [transport] msg-event op=128 cmd=0 chat=0 attaches=1
2026-03-24 12:21:41 [DEBUG] __main__ — [transport] attach full={'_type': 'FILE', 'name': 'data.bin', 'size': 53, 'fileId': 2999602794, 'token': 'f9LHodD0cOJ4sX9MbWUm8t7NMyseYlfWBk_KH1mf7P1HzNVopcotZG0_v4JE_HRMrUXvDGm4mtYFCa33vLIP'}
2026-03-24 12:21:41 [DEBUG] __main__ — [transport] op88 fileId=2999602794 url=https://fd.oneme.ru/getfile?sig=ui6CxrciyrRxHQQL_cXUK7KsYEM1GBg94uD12f7Q1zeL_85UrYDk4aG26hRFn3hX5PaQ1umZyJiKcqnOe0sweA&expires=1774437701261&clientType=6&id=2999602794&userId=240002558
2026-03-24 12:21:41 [DEBUG] __main__ — [transport:acc2] recv_file  fileId=2999602794  frames=1
2026-03-24 12:21:41 [DEBUG] __main__ — [c863957b] <- ok
2026-03-24 12:21:47 [DEBUG] __main__ — [transport] msg-event op=64 cmd=1 chat=0 attaches=1
2026-03-24 12:21:47 [DEBUG] __main__ — [transport] attach full={'_type': 'FILE', 'name': 'OUT_data.bin', 'size': 77, 'fileId': 2984857453, 'token': 'f9LHodD0cOKMdTRW4eCBelzcOZnFJbjOgm7JrXe8162FhX8uzR0STOHqbninH_4dsEsgclNVi8H7BUdns3XZ'}
2026-03-24 12:21:47 [DEBUG] __main__ — [transport:acc1] пропускаем свой исходящий файл fileId=2984857453
2026-03-24 12:21:48 [INFO] __main__ — tunnel 188.40.167.82:443 [fb16bd10]  TIMEOUT
2026-03-24 12:21:49 [INFO] __main__ — SOCKS5 → 188.40.167.82:443
2026-03-24 12:21:49 [DEBUG] __main__ — [transport:acc2] batch flush  frames=1  total=77B
2026-03-24 12:21:50 [DEBUG] __main__ — [transport:acc2] upload ok  fileId=2994148337  size=77
2026-03-24 12:21:54 [DEBUG] __main__ — [transport] keepalive sent
2026-03-24 12:21:54 [DEBUG] __main__ — [transport] keepalive sent
2026-03-24 12:22:00 [DEBUG] __main__ — [transport] msg-event op=128 cmd=0 chat=0 attaches=1
2026-03-24 12:22:00 [DEBUG] __main__ — [transport] attach full={'_type': 'FILE', 'name': 'data.bin', 'size': 57, 'fileId': 2989924401, 'token': 'f9LHodD0cOLLchZKZixEYEZBRcgJYGOVLs3RPpIV6S6nDXt3YQ7srzUA5U_oL_QgbH3QulO2zM4_cvLuu2dc'}
2026-03-24 12:22:00 [DEBUG] __main__ — [transport] op88 fileId=2989924401 url=https://fd.oneme.ru/getfile?sig=HLzGbnVuBcylrrVdOHoKrENgYWc4WkvvnkRmEpJmfOzZ1CthSSAva8Wax6g0aIuHq3_3EZz4UeIJXMbJ77zRSg&expires=1774437720048&clientType=6&id=2989924401&userId=240002558
2026-03-24 12:22:00 [DEBUG] __main__ — [transport:acc2] recv_file  fileId=2989924401  frames=1
2026-03-24 12:22:00 [DEBUG] __main__ — [d729ef77] <- closed by server
2026-03-24 12:22:07 [DEBUG] __main__ — [transport] msg-event op=64 cmd=1 chat=0 attaches=1
2026-03-24 12:22:07 [DEBUG] __main__ — [transport] attach full={'_type': 'FILE', 'name': 'OUT_data.bin', 'size': 77, 'fileId': 2994148337, 'token': 'f9LHodD0cOJiJ090LxLC8m642LjUGBfrsDuUTg8J1da1PNMz_d3wpU74aPBpSJh8NqzY8hI2awPdDK72YKxU'}
2026-03-24 12:22:07 [DEBUG] __main__ — [transport:acc2] пропускаем свой исходящий файл fileId=2994148337
2026-03-24 12:22:08 [DEBUG] __main__ — [transport] msg-event op=128 cmd=0 chat=0 attaches=1
2026-03-24 12:22:08 [DEBUG] __main__ — [transport] attach full={'_type': 'FILE', 'name': 'data.bin', 'size': 53, 'fileId': 2994102076, 'token': 'f9LHodD0cOJArgkqvs5_lpYJwOlanJ1C5n-mW5wFHBiPUMyAbpNuPYj3KevRfYLrjNT8-zyjfq7mdoRkvYQr'}
2026-03-24 12:22:08 [DEBUG] __main__ — [transport] op88 fileId=2994102076 url=https://fd.oneme.ru/getfile?sig=KJjr5rO42g2dCtBlCYlEgOGZYIuRGjQDx5AoPrXDd0K_yxZqm1AqitKXcaNNHXegEE-S8fpz5YTYDP7uReJiuw&expires=1774437728465&clientType=6&id=2994102076&userId=240876353
2026-03-24 12:22:09 [DEBUG] __main__ — [transport:acc1] recv_file  fileId=2994102076  frames=1
2026-03-24 12:22:09 [DEBUG] __main__ — [fb16bd10] <- ok
2026-03-24 12:22:09 [INFO] __main__ — tunnel 188.40.167.82:443 [e0e99c87]  TIMEOUT
2026-03-24 12:22:10 [INFO] __main__ — SOCKS5 → 188.40.167.82:443
2026-03-24 12:22:10 [DEBUG] __main__ — [transport:acc1] batch flush  frames=1  total=77B
2026-03-24 12:22:11 [DEBUG] __main__ — [transport:acc1] upload ok  fileId=2987086469  size=77
2026-03-24 12:22:19 [DEBUG] __main__ — [transport] keepalive sent
2026-03-24 12:22:19 [DEBUG] __main__ — [transport] keepalive sent
2026-03-24 12:22:21 [DEBUG] __main__ — [transport] msg-event op=128 cmd=0 chat=0 attaches=1
2026-03-24 12:22:21 [DEBUG] __main__ — [transport] attach full={'_type': 'FILE', 'name': 'data.bin', 'size': 57, 'fileId': 2987744853, 'token': 'f9LHodD0cOLa_LJL10W9OV67r-zI0N3OrN8MS7D6Gr-s36acaqyS_FguY7fObJdGoRsIb-9p7WVg9USqk-nS'}
2026-03-24 12:22:21 [DEBUG] __main__ — [transport] op88 fileId=2987744853 url=https://fd.oneme.ru/getfile?sig=jsH96WOCJLaYLH15nsWGorx-Q3yFBm7PBNB0Y4DhVRyeQyCJs9a8SIIOuD6Cc5y88vxLgsPyqVwlVl9sfTJCyQ&expires=1774437741557&clientType=6&id=2987744853&userId=240876353
2026-03-24 12:22:21 [DEBUG] __main__ — [transport:acc1] recv_file  fileId=2987744853  frames=1
2026-03-24 12:22:21 [DEBUG] __main__ — [881a6295] <- closed by server
2026-03-24 12:22:30 [INFO] __main__ — tunnel 188.40.167.82:443 [5e66da81]  TIMEOUT
2026-03-24 12:22:30 [DEBUG] __main__ — [transport] msg-event op=64 cmd=1 chat=0 attaches=1
2026-03-24 12:22:30 [DEBUG] __main__ — [transport] attach full={'_type': 'FILE', 'name': 'OUT_data.bin', 'size': 77, 'fileId': 2987086469, 'token': 'f9LHodD0cOI1VLZFkZnoIcYLU0EDfUivVxc7q7GCgMMaC7J4Xes9RMVP8-3o5NKMobXV66PO9DPKWzLJi2kY'}
2026-03-24 12:22:30 [DEBUG] __main__ — [transport:acc1] пропускаем свой исходящий файл fileId=2987086469
2026-03-24 12:22:31 [INFO] __main__ — SOCKS5 → 188.40.167.82:443
2026-03-24 12:22:31 [DEBUG] __main__ — [transport:acc2] batch flush  frames=1  total=77B
2026-03-24 12:22:32 [DEBUG] __main__ — [transport:acc2] upload ok  fileId=2989501164  size=77
2026-03-24 12:22:39 [DEBUG] __main__ — [transport] msg-event op=128 cmd=0 chat=0 attaches=1
2026-03-24 12:22:39 [DEBUG] __main__ — [transport] attach full={'_type': 'FILE', 'name': 'data.bin', 'size': 57, 'fileId': 2987750229, 'token': 'f9LHodD0cOL6I2yZTU_bKZ8NDxeWp46VtsGOFLLaP9XGbuL7fMPm4qDbM_DjbpahGUxhWbagv4m2FZ9Oojca'}
2026-03-24 12:22:39 [DEBUG] __main__ — [transport] op88 fileId=2987750229 url=https://fd.oneme.ru/getfile?sig=Fdl5YztqIEKvU6kxAl8LZ-eg4P-uDKo21DVRqnROhTQ5OVrxVeXQP8LDgEgopO0XgQjZukHxBuSAFgvXaZypXg&expires=1774437759198&clientType=6&id=2987750229&userId=240002558
2026-03-24 12:22:39 [DEBUG] __main__ — [transport:acc2] recv_file  fileId=2987750229  frames=1
2026-03-24 12:22:39 [DEBUG] __main__ — [c863957b] <- closed by server
2026-03-24 12:22:44 [DEBUG] __main__ — [transport] keepalive sent
2026-03-24 12:22:44 [DEBUG] __main__ — [transport] keepalive sent
2026-03-24 12:22:51 [INFO] __main__ — tunnel 188.40.167.82:443 [ab51776c]  TIMEOUT
2026-03-24 12:22:52 [WARNING] __main__ — [transport:acc2] op136 timeout fileId=2989501164, sending op64 anyway
2026-03-24 12:22:52 [INFO] __main__ — SOCKS5 → 188.40.167.82:443
2026-03-24 12:22:52 [DEBUG] __main__ — [transport:acc1] batch flush  frames=1  total=77B
2026-03-24 12:22:53 [DEBUG] __main__ — [transport:acc1] upload ok  fileId=2999912566  size=77
2026-03-24 12:23:09 [DEBUG] __main__ — [transport] keepalive sent
2026-03-24 12:23:09 [DEBUG] __main__ — [transport] keepalive sent
2026-03-24 12:23:12 [INFO] __main__ — tunnel 188.40.167.82:443 [cc34323c]  TIMEOUT
2026-03-24 12:23:13 [WARNING] __main__ — [transport:acc1] op136 timeout fileId=2999912566, sending op64 anyway
2026-03-24 12:23:13 [INFO] __main__ — SOCKS5 → 188.40.167.82:443
2026-03-24 12:23:13 [DEBUG] __main__ — [transport:acc2] batch flush  frames=1  total=77B
2026-03-24 12:23:14 [DEBUG] __main__ — [transport:acc2] upload ok  fileId=2994602725  size=77
2026-03-24 12:23:33 [INFO] __main__ — tunnel 188.40.167.82:443 [eae65450]  TIMEOUT
2026-03-24 12:23:34 [DEBUG] __main__ — [transport] keepalive sent
2026-03-24 12:23:34 [DEBUG] __main__ — [transport] keepalive sent
2026-03-24 12:23:34 [WARNING] __main__ — [transport:acc2] op136 timeout fileId=2994602725, sending op64 anyway
2026-03-24 12:23:35 [INFO] __main__ — SOCKS5 → 188.40.167.82:443
2026-03-24 12:23:35 [DEBUG] __main__ — [transport:acc1] batch flush  frames=1  total=77B
2026-03-24 12:23:35 [DEBUG] __main__ — [transport:acc1] upload ok  fileId=2987387748  size=77
2026-03-24 12:23:50 [DEBUG] __main__ — [transport] msg-event op=128 cmd=0 chat=0 attaches=1
2026-03-24 12:23:50 [DEBUG] __main__ — [transport] attach full={'_type': 'FILE', 'name': 'data.bin', 'size': 57, 'fileId': 2984987305, 'token': 'f9LHodD0cOK1g1wzwl5H-1u3RzyR4WL4J0XcxOR2uXH4QoxqJRRJebmkFGhH7oxnnXuZhI23a216h2aP3sGI'}
2026-03-24 12:23:50 [DEBUG] __main__ — [transport] op88 fileId=2984987305 url=https://fd.oneme.ru/getfile?sig=VPxtByhexyX97LrkqDQGibPewv4IJWGtZXQ4bxLw3x2lBaxL1hn1ueWlsRhSkkqhTga6UIJXs-V5h7d8qU0fOA&expires=1774437830763&clientType=6&id=2984987305&userId=240876353
2026-03-24 12:23:51 [DEBUG] __main__ — [transport:acc1] recv_file  fileId=2984987305  frames=1
2026-03-24 12:23:51 [DEBUG] __main__ — [5e66da81] <- closed by server
2026-03-24 12:23:55 [INFO] __main__ — tunnel 188.40.167.82:443 [43f971be]  TIMEOUT
2026-03-24 12:23:55 [WARNING] __main__ — [transport:acc1] op136 timeout fileId=2987387748, sending op64 anyway
2026-03-24 12:23:56 [INFO] __main__ — SOCKS5 → 188.40.167.82:443
2026-03-24 12:23:56 [DEBUG] __main__ — [transport:acc2] batch flush  frames=1  total=77B
2026-03-24 12:23:56 [DEBUG] __main__ — [transport:acc2] upload ok  fileId=2992509878  size=77
2026-03-24 12:23:59 [DEBUG] __main__ — [transport] keepalive sent
2026-03-24 12:23:59 [DEBUG] __main__ — [transport] keepalive sent
2026-03-24 12:24:16 [INFO] __main__ — tunnel 188.40.167.82:443 [d526c6e5]  TIMEOUT
2026-03-24 12:24:16 [WARNING] __main__ — [transport:acc2] op136 timeout fileId=2992509878, sending op64 anyway
2026-03-24 12:24:17 [INFO] __main__ — SOCKS5 → 188.40.167.82:443
2026-03-24 12:24:17 [DEBUG] __main__ — [transport:acc1] batch flush  frames=1  total=77B
2026-03-24 12:24:17 [DEBUG] __main__ — [transport:acc1] upload ok  fileId=2985455924  size=77
2026-03-24 12:24:24 [DEBUG] __main__ — [transport] keepalive sent
2026-03-24 12:24:24 [DEBUG] __main__ — [transport] keepalive sent
2026-03-24 12:24:37 [INFO] __main__ — tunnel 188.40.167.82:443 [e282257b]  TIMEOUT
2026-03-24 12:24:37 [WARNING] __main__ — [transport:acc1] op136 timeout fileId=2985455924, sending op64 anyway
2026-03-24 12:24:38 [INFO] __main__ — SOCKS5 → 188.40.167.82:443
2026-03-24 12:24:38 [DEBUG] __main__ — [transport:acc2] batch flush  frames=1  total=77B
2026-03-24 12:24:38 [DEBUG] __main__ — [transport:acc2] upload ok  fileId=2990627536  size=77
2026-03-24 12:24:49 [DEBUG] __main__ — [transport] keepalive sent
2026-03-24 12:24:49 [DEBUG] __main__ — [transport] keepalive sent
2026-03-24 12:24:58 [INFO] __main__ — tunnel 188.40.167.82:443 [54100b95]  TIMEOUT
2026-03-24 12:24:58 [WARNING] __main__ — [transport:acc2] op136 timeout fileId=2990627536, sending op64 anyway
2026-03-24 12:24:59 [INFO] __main__ — SOCKS5 → 188.40.167.82:443
2026-03-24 12:24:59 [DEBUG] __main__ — [transport:acc1] batch flush  frames=1  total=77B
2026-03-24 12:25:00 [DEBUG] __main__ — [transport:acc1] upload ok  fileId=3000021307  size=77
2026-03-24 12:25:14 [DEBUG] __main__ — [transport] keepalive sent
2026-03-24 12:25:14 [DEBUG] __main__ — [transport] keepalive sent
2026-03-24 12:25:19 [INFO] __main__ — tunnel 188.40.167.82:443 [866bca2d]  TIMEOUT
2026-03-24 12:25:20 [WARNING] __main__ — [transport:acc1] op136 timeout fileId=3000021307, sending op64 anyway
2026-03-24 12:25:20 [INFO] __main__ — SOCKS5 → 188.40.167.82:443
2026-03-24 12:25:20 [DEBUG] __main__ — [transport:acc2] batch flush  frames=1  total=77B
2026-03-24 12:25:21 [DEBUG] __main__ — [transport:acc2] upload ok  fileId=2986171040  size=77
2026-03-24 12:25:39 [DEBUG] __main__ — [transport] keepalive sent
2026-03-24 12:25:39 [DEBUG] __main__ — [transport] keepalive sent
2026-03-24 12:25:40 [INFO] __main__ — tunnel 188.40.167.82:443 [6a3bd21c]  TIMEOUT
2026-03-24 12:25:41 [WARNING] __main__ — [transport:acc2] op136 timeout fileId=2986171040, sending op64 anyway
2026-03-24 12:25:41 [INFO] __main__ — SOCKS5 → 188.40.167.82:443
2026-03-24 12:25:41 [DEBUG] __main__ — [transport:acc1] batch flush  frames=1  total=77B
2026-03-24 12:25:42 [DEBUG] __main__ — [transport:acc1] upload ok  fileId=2996822279  size=77
2026-03-24 12:26:01 [INFO] __main__ — tunnel 188.40.167.82:443 [0ddf3d46]  TIMEOUT
2026-03-24 12:26:02 [WARNING] __main__ — [transport:acc1] op136 timeout fileId=2996822279, sending op64 anyway
2026-03-24 12:26:02 [INFO] __main__ — SOCKS5 → 188.40.167.82:443
2026-03-24 12:26:02 [DEBUG] __main__ — [transport:acc2] batch flush  frames=1  total=77B
2026-03-24 12:26:03 [DEBUG] __main__ — [transport:acc2] upload ok  fileId=2994407528  size=77
2026-03-24 12:26:04 [DEBUG] __main__ — [transport] keepalive sent
2026-03-24 12:26:04 [DEBUG] __main__ — [transport] keepalive sent
2026-03-24 12:26:22 [INFO] __main__ — tunnel 188.40.167.82:443 [018831c6]  TIMEOUT
2026-03-24 12:26:23 [WARNING] __main__ — [transport:acc2] op136 timeout fileId=2994407528, sending op64 anyway
2026-03-24 12:26:23 [INFO] __main__ — SOCKS5 → 188.40.167.82:443
2026-03-24 12:26:23 [DEBUG] __main__ — [transport:acc1] batch flush  frames=1  total=77B
2026-03-24 12:26:24 [DEBUG] __main__ — [transport:acc1] upload ok  fileId=2997591801  size=77
2026-03-24 12:26:29 [DEBUG] __main__ — [transport] keepalive sent
2026-03-24 12:26:29 [DEBUG] __main__ — [transport] keepalive sent
2026-03-24 12:26:43 [INFO] __main__ — tunnel 188.40.167.82:443 [fefd8786]  TIMEOUT
2026-03-24 12:26:44 [WARNING] __main__ — [transport:acc1] op136 timeout fileId=2997591801, sending op64 anyway
2026-03-24 12:26:45 [INFO] __main__ — SOCKS5 → 188.40.167.82:443
2026-03-24 12:26:45 [DEBUG] __main__ — [transport:acc2] batch flush  frames=1  total=77B
2026-03-24 12:26:45 [DEBUG] __main__ — [transport:acc2] upload ok  fileId=2997125481  size=77
2026-03-24 12:26:54 [DEBUG] __main__ — [transport] keepalive sent
2026-03-24 12:26:54 [DEBUG] __main__ — [transport] keepalive sent
2026-03-24 12:27:05 [INFO] __main__ — tunnel 188.40.167.82:443 [99a956bc]  TIMEOUT
2026-03-24 12:27:05 [WARNING] __main__ — [transport:acc2] op136 timeout fileId=2997125481, sending op64 anyway
2026-03-24 12:27:06 [INFO] __main__ — SOCKS5 → 188.40.167.82:443
2026-03-24 12:27:06 [DEBUG] __main__ — [transport:acc1] batch flush  frames=1  total=77B
2026-03-24 12:27:06 [DEBUG] __main__ — [transport:acc1] upload ok  fileId=2991149262  size=77
2026-03-24 12:27:17 [ERROR] asyncio — Fatal error on SSL transport
protocol: <asyncio.sslproto.SSLProtocol object at 0x78fd22236da0>
transport: <_SelectorSocketTransport closing fd=11>
Traceback (most recent call last):
  File "/usr/lib/python3.10/asyncio/selector_events.py", line 924, in write
    n = self._sock.send(data)
OSError: [Errno 9] Bad file descriptor

During handling of the above exception, another exception occurred:

Traceback (most recent call last):
  File "/usr/lib/python3.10/asyncio/sslproto.py", line 690, in _process_write_backlog
    self._transport.write(chunk)
  File "/usr/lib/python3.10/asyncio/selector_events.py", line 930, in write
    self._fatal_error(exc, 'Fatal write error on socket transport')
  File "/usr/lib/python3.10/asyncio/selector_events.py", line 725, in _fatal_error
    self._force_close(exc)
  File "/usr/lib/python3.10/asyncio/selector_events.py", line 737, in _force_close
    self._loop.call_soon(self._call_connection_lost, exc)
  File "/usr/lib/python3.10/asyncio/base_events.py", line 753, in call_soon
    self._check_closed()
  File "/usr/lib/python3.10/asyncio/base_events.py", line 515, in _check_closed
    raise RuntimeError('Event loop is closed')
RuntimeError: Event loop is closed
2026-03-24 12:27:17 [ERROR] asyncio — Unclosed connector
connections: ['[(<aiohttp.client_proto.ResponseHandler object at 0x78fd2226cc40>, 130629.640439371)]']
connector: <aiohttp.connector.TCPConnector object at 0x78fd223524d0>
2026-03-24 12:27:17 [ERROR] asyncio — Unclosed client session
client_session: <aiohttp.client.ClientSession object at 0x78fd22234910>
