2026-03-23 23:37:12 [INFO] __main__ — SOCKS5 запущен  127.0.0.1:1080  chat_id=0  transports=1
2026-03-23 23:37:12 [INFO] __main__ — Авторизован [acc1], chatId=0 (self-chat)
2026-03-23 23:37:21 [INFO] __main__ — SOCKS5 → 188.40.167.82:443
2026-03-23 23:37:21 [DEBUG] __main__ — [transport:acc1] batch flush  frames=1  total=77B
2026-03-23 23:37:22 [DEBUG] __main__ — [transport:acc1] upload ok  fileId=2984829249  size=77
2026-03-23 23:37:22 [DEBUG] __main__ — [transport] msg-event op=64 cmd=1 chat=0 attaches=1
2026-03-23 23:37:22 [DEBUG] __main__ — [transport] attach full={'_type': 'FILE', 'name': 'OUT_data.bin', 'size': 77, 'fileId': 2984829249, 'token': 'f9LHodD0cOL9x9fBH2P20nnftdiS9m7GMdH4rpEwOjI5wdM5JcGs3ZMz9LYqtC5e2-alzai-AzHlmFviZ253'}
2026-03-23 23:37:22 [DEBUG] __main__ — [transport] пропускаем свой исходящий файл fileId=2984829249
2026-03-23 23:37:24 [DEBUG] __main__ — [transport] msg-event op=128 cmd=0 chat=0 attaches=1
2026-03-23 23:37:24 [DEBUG] __main__ — [transport] attach full={'_type': 'FILE', 'name': 'data.bin', 'size': 53, 'fileId': 2983477446, 'token': 'f9LHodD0cOLFu-5aEvjnrs3MvbWZ6kGVpig3k5T5JJOFopukr48KI28aYeA7NJ7mvFYoabrmiijR5ckG_HvQ'}
2026-03-23 23:37:24 [DEBUG] __main__ — [transport] op88 fileId=2983477446 url=https://fd.oneme.ru/getfile?sig=l6vspqOy1ICzQzwioBsLeH5JmWlWWuZM6FEVeWC3v4swzPMWfRLKQXZxp5lssLjxLFiHmEqoOWSrcM8uGdEN9Q&expires=1774391844408&clientType=6&id=2983477446&userId=240876353
2026-03-23 23:37:24 [DEBUG] __main__ — [transport] recv_file  fileId=2983477446  frames=1
2026-03-23 23:37:24 [DEBUG] __main__ — [859b4820] <- ok
2026-03-23 23:37:24 [INFO] __main__ — tunnel 188.40.167.82:443 [859b4820]  открыт за ~3080 мс
2026-03-23 23:37:24 [DEBUG] __main__ — [859b4820] -> #1  517B  seq=0
2026-03-23 23:37:24 [DEBUG] __main__ — [transport:acc1] batch flush  frames=1  total=565B
2026-03-23 23:37:25 [DEBUG] __main__ — [transport:acc1] upload ok  fileId=2991399754  size=565
2026-03-23 23:37:25 [DEBUG] __main__ — [transport] msg-event op=64 cmd=1 chat=0 attaches=1
2026-03-23 23:37:25 [DEBUG] __main__ — [transport] attach full={'_type': 'FILE', 'name': 'OUT_data.bin', 'size': 565, 'fileId': 2991399754, 'token': 'f9LHodD0cOKH3OMVSAYcKi9SLwQleKF5pnHzN2cmgbKsbOLAgjQUHJDjJwPn05a3toJJDFLOglHo0mFZQt8i'}
2026-03-23 23:37:25 [DEBUG] __main__ — [transport] пропускаем свой исходящий файл fileId=2991399754
2026-03-23 23:37:26 [DEBUG] __main__ — [transport] msg-event op=128 cmd=0 chat=0 attaches=1
2026-03-23 23:37:26 [DEBUG] __main__ — [transport] attach full={'_type': 'FILE', 'name': 'data.bin', 'size': 3197, 'fileId': 2985218585, 'token': 'f9LHodD0cOL5vbgYY1GJyetHox26QE5073hOhQQpvvvPsaFu050IFF2YLHyi06coSktM2kkorUFzGvBPB9vy'}
2026-03-23 23:37:26 [DEBUG] __main__ — [transport] op88 fileId=2985218585 url=https://fd.oneme.ru/getfile?sig=qVbt9e8M-9dVBo55O01TG_8UNJGVmTYNnSbxICUlRGddrbZnQYeSt5HhRS0wMZE7Q8irPzRdzSlboKz3SaR3iA&expires=1774391846584&clientType=6&id=2985218585&userId=240876353
2026-03-23 23:37:26 [DEBUG] __main__ — [transport] recv_file  fileId=2985218585  frames=1
2026-03-23 23:37:26 [DEBUG] __main__ — [859b4820] <- data #1  3134B  seq=0  (rx=3134B)
2026-03-23 23:37:26 [DEBUG] __main__ — [859b4820] -> #2  266B  seq=1
2026-03-23 23:37:26 [DEBUG] __main__ — [transport:acc1] batch flush  frames=1  total=314B
2026-03-23 23:37:26 [DEBUG] __main__ — [transport:acc1] upload ok  fileId=2986022782  size=314
2026-03-23 23:37:27 [DEBUG] __main__ — [transport] msg-event op=64 cmd=1 chat=0 attaches=1
2026-03-23 23:37:27 [DEBUG] __main__ — [transport] attach full={'_type': 'FILE', 'name': 'OUT_data.bin', 'size': 314, 'fileId': 2986022782, 'token': 'f9LHodD0cOLP2bAwq5WWdcAG9mnzQPWOaaoaIFw-7qlhYuVte29lF0UTi416UbleXjGzQXkZ3C9Wc1jifA5v'}
2026-03-23 23:37:27 [DEBUG] __main__ — [transport] пропускаем свой исходящий файл fileId=2986022782
2026-03-23 23:37:28 [DEBUG] __main__ — [transport] msg-event op=128 cmd=0 chat=0 attaches=1
2026-03-23 23:37:28 [DEBUG] __main__ — [transport] attach full={'_type': 'FILE', 'name': 'data.bin', 'size': 807, 'fileId': 2992603695, 'token': 'f9LHodD0cOL9MCz7YG--STqmHbJ4ba099mqPs7m0qt_bYVWtof_Pt4L8oMa3VIIRUL_YeCy2Vzg9y5W6LmjW'}
2026-03-23 23:37:28 [DEBUG] __main__ — [transport] op88 fileId=2992603695 url=https://fd.oneme.ru/getfile?sig=66eY_6T23ghqNKsd_wpiWy9FsrFv4QGioeHXqFsfQvP30NYhLFRvj2VcANEIlmpy3Xww60ZvSZDx0iRmwjqFeQ&expires=1774391848492&clientType=6&id=2992603695&userId=240876353
2026-03-23 23:37:28 [DEBUG] __main__ — [transport] recv_file  fileId=2992603695  frames=1
2026-03-23 23:37:28 [DEBUG] __main__ — [859b4820] <- data #2  744B  seq=1  (rx=3878B)
2026-03-23 23:37:28 [DEBUG] __main__ — [859b4820] -> #3  55B  seq=2
2026-03-23 23:37:28 [DEBUG] __main__ — [transport:acc1] batch flush  frames=1  total=103B
2026-03-23 23:37:28 [DEBUG] __main__ — [859b4820] local EOF
2026-03-23 23:37:28 [DEBUG] __main__ — [transport:acc1] batch flush  frames=1  total=41B
2026-03-23 23:37:28 [DEBUG] __main__ — [transport:acc1] upload ok  fileId=2986740967  size=103
2026-03-23 23:37:29 [DEBUG] __main__ — [transport] msg-event op=64 cmd=1 chat=0 attaches=1
2026-03-23 23:37:29 [DEBUG] __main__ — [transport] attach full={'_type': 'FILE', 'name': 'OUT_data.bin', 'size': 103, 'fileId': 2986740967, 'token': 'f9LHodD0cOKu1o_t1vphauheI-VPtjbphs_JN1pg-ZCoRhVzeYaIaupQCp_985_WpEToGyIi1Z9oiq285B5A'}
2026-03-23 23:37:29 [DEBUG] __main__ — [transport] пропускаем свой исходящий файл fileId=2986740967
2026-03-23 23:37:29 [DEBUG] __main__ — [transport:acc1] upload ok  fileId=2989220090  size=41
2026-03-23 23:37:29 [INFO] __main__ — DONE 188.40.167.82:443 [859b4820] | ↑838B/3f (0.2 КБ/с)  ↓3878B/2f (0.8 КБ/с)  4.7s
2026-03-23 23:37:29 [DEBUG] __main__ — [transport] msg-event op=64 cmd=1 chat=0 attaches=1
2026-03-23 23:37:29 [DEBUG] __main__ — [transport] attach full={'_type': 'FILE', 'name': 'OUT_data.bin', 'size': 41, 'fileId': 2989220090, 'token': 'f9LHodD0cOIjoXmZywiL7oqOtZ8DZcT3y-VAIezQG29jzuIEzl5-DgefS6X5Q7alnUqkWLHlU_pS5SU67tj9'}
2026-03-23 23:37:29 [DEBUG] __main__ — [transport] пропускаем свой исходящий файл fileId=2989220090
2026-03-23 23:37:35 [ERROR] asyncio — Unclosed client session
client_session: <aiohttp.client.ClientSession object at 0x7c2ab3f4c580>
2026-03-23 23:37:35 [ERROR] asyncio — Unclosed connector
connections: ['[(<aiohttp.client_proto.ResponseHandler object at 0x7c2ab4324ac0>, 84451.642238496)]', '[(<aiohttp.client_proto.ResponseHandler object at 0x7c2ab3f43d00>, 84452.457483462)]']
connector: <aiohttp.connector.TCPConnector object at 0x7c2ab431b9a0>
