2026-04-07 02:05:06,614 [INFO] === Запуск клиента ===
2026-04-07 02:05:06,614 [INFO] Лог файл: logs/client_20260407_020506.log
2026-04-07 02:05:06,615 [INFO] Подключаюсь к 217.154.79.223:2222 как 'alice'
2026-04-07 02:05:06,835 [INFO] SSH соединение установлено
2026-04-07 02:05:06,912 [INFO] PUSH_REPLY: client_ip=198.19.0.2 server_ip=198.19.0.1 mtu=1280
2026-04-07 02:05:06,913 [INFO] STEALTH: MTU принудительно 576
2026-04-07 02:05:06,924 [INFO] Интерфейс strans-tun0:
129: strans-tun0: <POINTOPOINT,MULTICAST,NOARP,UP,LOWER_UP> mtu 576 qdisc fq_codel state UP group default qlen 500
    link/none 
    inet 198.19.0.2 peer 198.19.0.1/32 scope global strans-tun0
       valid_lft forever preferred_lft forever
2026-04-07 02:05:06,990 [INFO] SSH tunnel канал открыт
2026-04-07 02:05:06,996 [INFO] Весь трафик через strans-tun0
2026-04-07 02:05:06,996 [INFO] Туннель активен.
2026-04-07 02:05:06,996 [INFO] Форвардинг запущен [STEALTH]
2026-04-07 02:05:07,172 [DEBUG] TUN->SSH: 52 байт
2026-04-07 02:05:07,197 [DEBUG] TUN->SSH: 52 байт
2026-04-07 02:05:07,441 [DEBUG] TUN->SSH: 52 байт
2026-04-07 02:05:07,657 [DEBUG] TUN->SSH: 88 байт
2026-04-07 02:05:07,803 [DEBUG] TUN->SSH: 52 байт
2026-04-07 02:05:07,853 [DEBUG] SSH->TUN: 76 байт
2026-04-07 02:05:07,872 [DEBUG] TUN->SSH: 88 байт
2026-04-07 02:05:07,942 [DEBUG] TUN->SSH: 170 байт
2026-04-07 02:05:07,967 [DEBUG] TUN->SSH: 80 байт
2026-04-07 02:05:08,054 [DEBUG] TUN->SSH: 60 байт
2026-04-07 02:05:08,071 [DEBUG] SSH->TUN: 52 байт
2026-04-07 02:05:08,075 [DEBUG] SSH->TUN: 60 байт
2026-04-07 02:05:08,092 [DEBUG] SSH->TUN: 52 байт
2026-04-07 02:05:08,101 [DEBUG] TUN->SSH: 52 байт
2026-04-07 02:05:08,113 [DEBUG] SSH->TUN: 52 байт
2026-04-07 02:05:08,151 [DEBUG] TUN->SSH: 150 байт
2026-04-07 02:05:08,166 [DEBUG] SSH->TUN: 52 байт
2026-04-07 02:05:08,167 [DEBUG] SSH->TUN: 212 байт
2026-04-07 02:05:08,168 [DEBUG] SSH->TUN: 163 байт
2026-04-07 02:05:08,176 [DEBUG] TUN->SSH: 60 байт
2026-04-07 02:05:08,196 [DEBUG] SSH->TUN: 60 байт
2026-04-07 02:05:08,365 [DEBUG] TUN->SSH: 576 байт
2026-04-07 02:05:08,386 [DEBUG] TUN->SSH: 52 байт
2026-04-07 02:05:08,413 [DEBUG] TUN->SSH: 52 байт
2026-04-07 02:05:08,440 [DEBUG] TUN->SSH: 52 байт
2026-04-07 02:05:08,480 [DEBUG] TUN->SSH: 60 байт
2026-04-07 02:05:08,485 [DEBUG] SSH->TUN: 163 байт
2026-04-07 02:05:08,485 [DEBUG] SSH->TUN: 52 байт
2026-04-07 02:05:08,516 [DEBUG] SSH->TUN: 60 байт
2026-04-07 02:05:08,517 [DEBUG] TUN->SSH: 52 байт
2026-04-07 02:05:08,588 [DEBUG] TUN->SSH: 144 байт
2026-04-07 02:05:08,607 [DEBUG] SSH->TUN: 52 байт
2026-04-07 02:05:08,607 [DEBUG] SSH->TUN: 226 байт
2026-04-07 02:05:08,608 [DEBUG] SSH->TUN: 182 байт
2026-04-07 02:05:08,620 [DEBUG] TUN->SSH: 52 байт
2026-04-07 02:05:08,645 [DEBUG] TUN->SSH: 60 байт
2026-04-07 02:05:08,665 [DEBUG] SSH->TUN: 40 байт
2026-04-07 02:05:08,668 [DEBUG] SSH->TUN: 60 байт
2026-04-07 02:05:08,671 [DEBUG] TUN->SSH: 52 байт
2026-04-07 02:05:08,689 [DEBUG] TUN->SSH: 64 байт
2026-04-07 02:05:08,690 [DEBUG] SSH->TUN: 64 байт
2026-04-07 02:05:08,709 [DEBUG] TUN->SSH: 52 байт
2026-04-07 02:05:08,730 [DEBUG] TUN->SSH: 52 байт
2026-04-07 02:05:08,920 [DEBUG] TUN->SSH: 569 байт
2026-04-07 02:05:08,938 [DEBUG] SSH->TUN: 52 байт
2026-04-07 02:05:08,958 [DEBUG] TUN->SSH: 52 байт
2026-04-07 02:05:08,966 [DEBUG] SSH->TUN: 576 байт
2026-04-07 02:05:08,970 [DEBUG] SSH->TUN: 576 байт
2026-04-07 02:05:08,970 [DEBUG] SSH->TUN: 576 байт
2026-04-07 02:05:08,970 [DEBUG] SSH->TUN: 576 байт
2026-04-07 02:05:08,970 [DEBUG] SSH->TUN: 576 байт
2026-04-07 02:05:08,971 [DEBUG] SSH->TUN: 576 байт
2026-04-07 02:05:08,997 [DEBUG] TUN->SSH: 52 байт
2026-04-07 02:05:08,998 [DEBUG] SSH->TUN: 576 байт
2026-04-07 02:05:08,998 [DEBUG] SSH->TUN: 524 байт
2026-04-07 02:05:08,999 [DEBUG] SSH->TUN: 390 байт
2026-04-07 02:05:08,999 [DEBUG] SSH->TUN: 61 байт
2026-04-07 02:05:08,999 [DEBUG] SSH->TUN: 61 байт
2026-04-07 02:05:08,999 [DEBUG] SSH->TUN: 40 байт
2026-04-07 02:05:09,031 [DEBUG] TUN->SSH: 52 байт
2026-04-07 02:05:09,055 [DEBUG] TUN->SSH: 52 байт
2026-04-07 02:05:09,074 [DEBUG] TUN->SSH: 60 байт
2026-04-07 02:05:09,074 [DEBUG] SSH->TUN: 52 байт
2026-04-07 02:05:09,100 [DEBUG] TUN->SSH: 52 байт
2026-04-07 02:05:09,162 [DEBUG] SSH->TUN: 76 байт
2026-04-07 02:05:09,184 [DEBUG] SSH->TUN: 576 байт
2026-04-07 02:05:09,262 [DEBUG] TUN->SSH: 569 байт
2026-04-07 02:05:09,273 [DEBUG] SSH->TUN: 60 байт
2026-04-07 02:05:09,278 [DEBUG] TUN->SSH: 60 байт
2026-04-07 02:05:09,287 [DEBUG] SSH->TUN: 52 байт
2026-04-07 02:05:09,306 [DEBUG] TUN->SSH: 52 байт
2026-04-07 02:05:09,314 [DEBUG] SSH->TUN: 576 байт
2026-04-07 02:05:09,315 [DEBUG] SSH->TUN: 576 байт
2026-04-07 02:05:09,315 [DEBUG] SSH->TUN: 576 байт
2026-04-07 02:05:09,315 [DEBUG] SSH->TUN: 576 байт
2026-04-07 02:05:09,317 [DEBUG] SSH->TUN: 576 байт
2026-04-07 02:05:09,318 [DEBUG] SSH->TUN: 441 байт
2026-04-07 02:05:09,319 [DEBUG] SSH->TUN: 576 байт
2026-04-07 02:05:09,319 [DEBUG] SSH->TUN: 576 байт
2026-04-07 02:05:09,319 [DEBUG] SSH->TUN: 135 байт
2026-04-07 02:05:09,319 [DEBUG] SSH->TUN: 399 байт
2026-04-07 02:05:09,325 [DEBUG] TUN->SSH: 60 байт
2026-04-07 02:05:09,345 [DEBUG] TUN->SSH: 52 байт
2026-04-07 02:05:09,346 [DEBUG] SSH->TUN: 399 байт
2026-04-07 02:05:09,349 [DEBUG] SSH->TUN: 60 байт
2026-04-07 02:05:09,375 [DEBUG] TUN->SSH: 52 байт
2026-04-07 02:05:09,406 [DEBUG] TUN->SSH: 52 байт
2026-04-07 02:05:09,435 [DEBUG] TUN->SSH: 52 байт
2026-04-07 02:05:09,467 [DEBUG] TUN->SSH: 52 байт
2026-04-07 02:05:09,477 [DEBUG] SSH->TUN: 60 байт
2026-04-07 02:05:09,487 [DEBUG] TUN->SSH: 52 байт
2026-04-07 02:05:09,515 [DEBUG] TUN->SSH: 52 байт
2026-04-07 02:05:09,527 [DEBUG] SSH->TUN: 576 байт
2026-04-07 02:05:09,557 [DEBUG] TUN->SSH: 52 байт
2026-04-07 02:05:09,578 [DEBUG] TUN->SSH: 52 байт
2026-04-07 02:05:09,604 [DEBUG] TUN->SSH: 52 байт
2026-04-07 02:05:09,634 [DEBUG] TUN->SSH: 64 байт
2026-04-07 02:05:09,708 [DEBUG] TUN->SSH: 178 байт
2026-04-07 02:05:09,759 [DEBUG] SSH->TUN: 205 байт
2026-04-07 02:05:09,759 [DEBUG] SSH->TUN: 103 байт
2026-04-07 02:05:09,763 [DEBUG] SSH->TUN: 126 байт
2026-04-07 02:05:09,771 [DEBUG] TUN->SSH: 151 байт
2026-04-07 02:05:09,815 [DEBUG] SSH->TUN: 103 байт
2026-04-07 02:05:09,964 [DEBUG] SSH->TUN: 576 байт
2026-04-07 02:05:09,969 [DEBUG] TUN->SSH: 576 байт
2026-04-07 02:05:10,025 [DEBUG] SSH->TUN: 52 байт
2026-04-07 02:05:10,031 [DEBUG] TUN->SSH: 263 байт
2026-04-07 02:05:10,031 [DEBUG] SSH->TUN: 52 байт
2026-04-07 02:05:10,055 [DEBUG] SSH->TUN: 52 байт
2026-04-07 02:05:10,065 [DEBUG] TUN->SSH: 88 байт
2026-04-07 02:05:10,080 [DEBUG] TUN->SSH: 52 байт
2026-04-07 02:05:10,099 [DEBUG] SSH->TUN: 531 байт
2026-04-07 02:05:10,099 [DEBUG] SSH->TUN: 576 байт
2026-04-07 02:05:10,100 [DEBUG] SSH->TUN: 576 байт
2026-04-07 02:05:10,100 [DEBUG] SSH->TUN: 576 байт
2026-04-07 02:05:10,101 [DEBUG] SSH->TUN: 528 байт
2026-04-07 02:05:10,101 [DEBUG] SSH->TUN: 576 байт
2026-04-07 02:05:10,101 [DEBUG] SSH->TUN: 576 байт
2026-04-07 02:05:10,109 [DEBUG] TUN->SSH: 52 байт
2026-04-07 02:05:10,135 [DEBUG] SSH->TUN: 576 байт
2026-04-07 02:05:10,135 [DEBUG] SSH->TUN: 528 байт
2026-04-07 02:05:10,135 [DEBUG] SSH->TUN: 576 байт
2026-04-07 02:05:10,135 [DEBUG] SSH->TUN: 576 байт
2026-04-07 02:05:10,136 [DEBUG] SSH->TUN: 576 байт
2026-04-07 02:05:10,136 [DEBUG] SSH->TUN: 528 байт
2026-04-07 02:05:10,136 [DEBUG] SSH->TUN: 576 байт
2026-04-07 02:05:10,136 [DEBUG] SSH->TUN: 552 байт
2026-04-07 02:05:10,136 [DEBUG] SSH->TUN: 576 байт
2026-04-07 02:05:10,137 [DEBUG] SSH->TUN: 552 байт
2026-04-07 02:05:10,137 [DEBUG] SSH->TUN: 576 байт
2026-04-07 02:05:10,137 [DEBUG] SSH->TUN: 552 байт
2026-04-07 02:05:10,137 [DEBUG] SSH->TUN: 576 байт
2026-04-07 02:05:10,137 [DEBUG] SSH->TUN: 576 байт
2026-04-07 02:05:10,137 [DEBUG] SSH->TUN: 240 байт
2026-04-07 02:05:10,138 [DEBUG] SSH->TUN: 576 байт
2026-04-07 02:05:10,138 [DEBUG] SSH->TUN: 576 байт
2026-04-07 02:05:10,138 [DEBUG] SSH->TUN: 576 байт
2026-04-07 02:05:10,138 [DEBUG] SSH->TUN: 528 байт
2026-04-07 02:05:10,146 [DEBUG] TUN->SSH: 52 байт
2026-04-07 02:05:10,174 [DEBUG] TUN->SSH: 80 байт
2026-04-07 02:05:10,201 [DEBUG] TUN->SSH: 64 байт
2026-04-07 02:05:10,231 [DEBUG] TUN->SSH: 52 байт
2026-04-07 02:05:10,252 [DEBUG] SSH->TUN: 52 байт
2026-04-07 02:05:10,283 [DEBUG] SSH->TUN: 60 байт
2026-04-07 02:05:10,320 [DEBUG] SSH->TUN: 52 байт
2026-04-07 02:05:10,399 [DEBUG] SSH->TUN: 60 байт
2026-04-07 02:05:10,443 [DEBUG] TUN->SSH: 576 байт
2026-04-07 02:05:10,508 [DEBUG] SSH->TUN: 60 байт
2026-04-07 02:05:10,604 [DEBUG] TUN->SSH: 576 байт
2026-04-07 02:05:10,639 [DEBUG] SSH->TUN: 52 байт
2026-04-07 02:05:10,717 [DEBUG] SSH->TUN: 1088 байт
2026-04-07 02:05:10,796 [DEBUG] SSH->TUN: 576 байт
2026-04-07 02:05:10,801 [DEBUG] SSH->TUN: 52 байт
2026-04-07 02:05:10,861 [DEBUG] TUN->SSH: 576 байт
2026-04-07 02:05:10,990 [DEBUG] TUN->SSH: 450 байт
2026-04-07 02:05:10,992 [DEBUG] SSH->TUN: 576 байт
2026-04-07 02:05:11,022 [DEBUG] TUN->SSH: 52 байт
2026-04-07 02:05:11,047 [DEBUG] SSH->TUN: 52 байт
2026-04-07 02:05:11,054 [DEBUG] TUN->SSH: 52 байт
2026-04-07 02:05:11,080 [DEBUG] TUN->SSH: 52 байт
2026-04-07 02:05:11,099 [DEBUG] TUN->SSH: 52 байт
2026-04-07 02:05:11,137 [DEBUG] TUN->SSH: 52 байт
2026-04-07 02:05:11,158 [DEBUG] TUN->SSH: 52 байт
2026-04-07 02:05:11,180 [DEBUG] TUN->SSH: 52 байт
2026-04-07 02:05:11,184 [DEBUG] SSH->TUN: 52 байт
2026-04-07 02:05:11,185 [DEBUG] SSH->TUN: 576 байт
2026-04-07 02:05:11,185 [DEBUG] SSH->TUN: 576 байт
2026-04-07 02:05:11,186 [DEBUG] SSH->TUN: 576 байт
2026-04-07 02:05:11,187 [DEBUG] SSH->TUN: 576 байт
2026-04-07 02:05:11,187 [DEBUG] SSH->TUN: 576 байт
2026-04-07 02:05:11,187 [DEBUG] SSH->TUN: 576 байт
2026-04-07 02:05:11,215 [DEBUG] TUN->SSH: 52 байт
2026-04-07 02:05:11,216 [DEBUG] SSH->TUN: 576 байт
2026-04-07 02:05:11,216 [DEBUG] SSH->TUN: 576 байт
2026-04-07 02:05:11,216 [DEBUG] SSH->TUN: 128 байт
2026-04-07 02:05:11,254 [DEBUG] TUN->SSH: 52 байт
2026-04-07 02:05:11,282 [DEBUG] TUN->SSH: 52 байт
2026-04-07 02:05:11,330 [DEBUG] TUN->SSH: 178 байт
2026-04-07 02:05:11,364 [DEBUG] TUN->SSH: 64 байт
2026-04-07 02:05:11,382 [DEBUG] SSH->TUN: 256 байт
2026-04-07 02:05:11,385 [DEBUG] SSH->TUN: 126 байт
2026-04-07 02:05:11,401 [DEBUG] TUN->SSH: 52 байт
2026-04-07 02:05:11,441 [DEBUG] TUN->SSH: 124 байт
2026-04-07 02:05:11,455 [DEBUG] SSH->TUN: 52 байт
2026-04-07 02:05:11,455 [DEBUG] SSH->TUN: 133 байт
2026-04-07 02:05:11,455 [DEBUG] SSH->TUN: 145 байт
2026-04-07 02:05:11,472 [DEBUG] TUN->SSH: 52 байт
2026-04-07 02:05:11,493 [DEBUG] TUN->SSH: 52 байт
2026-04-07 02:05:11,677 [DEBUG] SSH->TUN: 686 байт
2026-04-07 02:05:11,682 [DEBUG] TUN->SSH: 576 байт
2026-04-07 02:05:11,869 [DEBUG] TUN->SSH: 576 байт
2026-04-07 02:05:11,873 [DEBUG] SSH->TUN: 52 байт
2026-04-07 02:05:12,058 [DEBUG] SSH->TUN: 52 байт
2026-04-07 02:05:12,080 [DEBUG] TUN->SSH: 576 байт
2026-04-07 02:05:12,200 [DEBUG] TUN->SSH: 354 байт
2026-04-07 02:05:12,231 [DEBUG] TUN->SSH: 64 байт
2026-04-07 02:05:12,258 [DEBUG] TUN->SSH: 80 байт
2026-04-07 02:05:12,267 [DEBUG] SSH->TUN: 52 байт
2026-04-07 02:05:12,354 [DEBUG] TUN->SSH: 263 байт
2026-04-07 02:05:12,371 [DEBUG] TUN->SSH: 52 байт
2026-04-07 02:05:12,375 [DEBUG] SSH->TUN: 64 байт
2026-04-07 02:05:12,393 [DEBUG] TUN->SSH: 52 байт
2026-04-07 02:05:12,403 [DEBUG] SSH->TUN: 64 байт
2026-04-07 02:05:12,408 [DEBUG] SSH->TUN: 52 байт
2026-04-07 02:05:12,408 [DEBUG] SSH->TUN: 576 байт
2026-04-07 02:05:12,409 [DEBUG] SSH->TUN: 576 байт
2026-04-07 02:05:12,424 [DEBUG] TUN->SSH: 52 байт
2026-04-07 02:05:12,444 [DEBUG] SSH->TUN: 576 байт
2026-04-07 02:05:12,445 [DEBUG] SSH->TUN: 576 байт
2026-04-07 02:05:12,445 [DEBUG] SSH->TUN: 576 байт
2026-04-07 02:05:12,445 [DEBUG] SSH->TUN: 576 байт
2026-04-07 02:05:12,445 [DEBUG] SSH->TUN: 576 байт
2026-04-07 02:05:12,445 [DEBUG] SSH->TUN: 576 байт
2026-04-07 02:05:12,446 [DEBUG] SSH->TUN: 128 байт
2026-04-07 02:05:12,446 [DEBUG] SSH->TUN: 576 байт
2026-04-07 02:05:12,447 [DEBUG] SSH->TUN: 576 байт
2026-04-07 02:05:12,462 [DEBUG] TUN->SSH: 90 байт
2026-04-07 02:05:12,483 [DEBUG] SSH->TUN: 52 байт
2026-04-07 02:05:12,496 [DEBUG] TUN->SSH: 52 байт
2026-04-07 02:05:12,533 [DEBUG] TUN->SSH: 60 байт
2026-04-07 02:05:12,549 [DEBUG] SSH->TUN: 60 байт
2026-04-07 02:05:12,566 [DEBUG] TUN->SSH: 52 байт
2026-04-07 02:05:12,584 [DEBUG] SSH->TUN: 576 байт
2026-04-07 02:05:12,598 [DEBUG] TUN->SSH: 64 байт
2026-04-07 02:05:12,639 [DEBUG] TUN->SSH: 80 байт
2026-04-07 02:05:12,669 [DEBUG] TUN->SSH: 52 байт
2026-04-07 02:05:12,691 [DEBUG] TUN->SSH: 52 байт
2026-04-07 02:05:12,693 [DEBUG] SSH->TUN: 40 байт
2026-04-07 02:05:12,708 [DEBUG] TUN->SSH: 52 байт
2026-04-07 02:05:12,716 [DEBUG] SSH->TUN: 576 байт
2026-04-07 02:05:12,734 [DEBUG] SSH->TUN: 576 байт
2026-04-07 02:05:12,736 [DEBUG] TUN->SSH: 52 байт
2026-04-07 02:05:12,761 [DEBUG] SSH->TUN: 576 байт
2026-04-07 02:05:12,775 [DEBUG] TUN->SSH: 52 байт
2026-04-07 02:05:12,777 [DEBUG] SSH->TUN: 64 байт
2026-04-07 02:05:12,791 [DEBUG] SSH->TUN: 576 байт
2026-04-07 02:05:12,797 [DEBUG] TUN->SSH: 52 байт
2026-04-07 02:05:12,822 [DEBUG] SSH->TUN: 576 байт
2026-04-07 02:05:12,825 [DEBUG] TUN->SSH: 52 байт
2026-04-07 02:05:12,833 [DEBUG] TUN->SSH: 52 байт
2026-04-07 02:05:12,849 [DEBUG] SSH->TUN: 576 байт
2026-04-07 02:05:12,853 [DEBUG] TUN->SSH: 52 байт
2026-04-07 02:05:12,860 [DEBUG] SSH->TUN: 576 байт
2026-04-07 02:05:12,873 [DEBUG] SSH->TUN: 576 байт
2026-04-07 02:05:12,883 [DEBUG] TUN->SSH: 52 байт
2026-04-07 02:05:12,906 [DEBUG] SSH->TUN: 576 байт
2026-04-07 02:05:12,917 [DEBUG] TUN->SSH: 52 байт
2026-04-07 02:05:12,936 [DEBUG] TUN->SSH: 52 байт
2026-04-07 02:05:12,941 [DEBUG] SSH->TUN: 576 байт
2026-04-07 02:05:12,958 [DEBUG] SSH->TUN: 576 байт
2026-04-07 02:05:12,967 [DEBUG] TUN->SSH: 52 байт
2026-04-07 02:05:12,990 [DEBUG] SSH->TUN: 576 байт
2026-04-07 02:05:13,005 [DEBUG] TUN->SSH: 52 байт
2026-04-07 02:05:13,020 [DEBUG] TUN->SSH: 52 байт
2026-04-07 02:05:13,021 [DEBUG] SSH->TUN: 576 байт
2026-04-07 02:05:13,048 [DEBUG] TUN->SSH: 52 байт
2026-04-07 02:05:13,049 [DEBUG] SSH->TUN: 576 байт
2026-04-07 02:05:13,050 [DEBUG] SSH->TUN: 576 байт
2026-04-07 02:05:13,063 [DEBUG] SSH->TUN: 576 байт
2026-04-07 02:05:13,063 [DEBUG] SSH->TUN: 576 байт
2026-04-07 02:05:13,070 [DEBUG] TUN->SSH: 52 байт
2026-04-07 02:05:13,092 [DEBUG] SSH->TUN: 576 байт
2026-04-07 02:05:13,092 [DEBUG] SSH->TUN: 576 байт
2026-04-07 02:05:13,103 [DEBUG] TUN->SSH: 52 байт
2026-04-07 02:05:13,120 [DEBUG] SSH->TUN: 576 байт
2026-04-07 02:05:13,120 [DEBUG] SSH->TUN: 576 байт
2026-04-07 02:05:13,135 [DEBUG] TUN->SSH: 52 байт
2026-04-07 02:05:13,151 [DEBUG] SSH->TUN: 576 байт
2026-04-07 02:05:13,152 [DEBUG] SSH->TUN: 576 байт
2026-04-07 02:05:13,156 [DEBUG] TUN->SSH: 52 байт
2026-04-07 02:05:13,178 [DEBUG] TUN->SSH: 52 байт
2026-04-07 02:05:13,179 [DEBUG] SSH->TUN: 576 байт
2026-04-07 02:05:13,179 [DEBUG] SSH->TUN: 576 байт
2026-04-07 02:05:13,196 [DEBUG] SSH->TUN: 576 байт
2026-04-07 02:05:13,198 [DEBUG] SSH->TUN: 576 байт
2026-04-07 02:05:13,217 [DEBUG] TUN->SSH: 88 байт
2026-04-07 02:05:13,293 [DEBUG] TUN->SSH: 186 байт
2026-04-07 02:05:13,308 [DEBUG] TUN->SSH: 52 байт
2026-04-07 02:05:13,357 [DEBUG] SSH->TUN: 52 байт
2026-04-07 02:05:13,360 [DEBUG] TUN->SSH: 178 байт
2026-04-07 02:05:13,384 [DEBUG] SSH->TUN: 64 байт
2026-04-07 02:05:13,395 [DEBUG] TUN->SSH: 52 байт
2026-04-07 02:05:13,429 [DEBUG] TUN->SSH: 124 байт
2026-04-07 02:05:13,434 [DEBUG] SSH->TUN: 52 байт
2026-04-07 02:05:13,452 [DEBUG] TUN->SSH: 52 байт
2026-04-07 02:05:13,458 [DEBUG] SSH->TUN: 64 байт
2026-04-07 02:05:13,557 [DEBUG] SSH->TUN: 60 байт
2026-04-07 02:05:13,586 [DEBUG] TUN->SSH: 450 байт
2026-04-07 02:05:13,621 [DEBUG] TUN->SSH: 52 байт
2026-04-07 02:05:13,648 [DEBUG] TUN->SSH: 52 байт
2026-04-07 02:05:13,686 [DEBUG] SSH->TUN: 1008 байт
2026-04-07 02:05:13,708 [DEBUG] SSH->TUN: 128 байт
2026-04-07 02:05:13,728 [DEBUG] TUN->SSH: 253 байт
2026-04-07 02:05:13,772 [DEBUG] SSH->TUN: 52 байт
2026-04-07 02:05:13,772 [DEBUG] SSH->TUN: 141 байт
2026-04-07 02:05:13,773 [DEBUG] SSH->TUN: 64 байт
2026-04-07 02:05:13,849 [DEBUG] TUN->SSH: 354 байт
2026-04-07 02:05:13,876 [DEBUG] TUN->SSH: 64 байт
2026-04-07 02:05:13,911 [DEBUG] TUN->SSH: 60 байт
2026-04-07 02:05:13,930 [DEBUG] SSH->TUN: 60 байт
2026-04-07 02:05:13,937 [DEBUG] TUN->SSH: 52 байт
2026-04-07 02:05:13,963 [DEBUG] SSH->TUN: 576 байт
2026-04-07 02:05:13,982 [DEBUG] TUN->SSH: 186 байт
2026-04-07 02:05:14,008 [DEBUG] TUN->SSH: 52 байт
2026-04-07 02:05:14,029 [DEBUG] TUN->SSH: 52 байт
2026-04-07 02:05:14,035 [DEBUG] SSH->TUN: 64 байт
2026-04-07 02:05:14,041 [DEBUG] TUN->SSH: 52 байт
2026-04-07 02:05:14,073 [DEBUG] TUN->SSH: 52 байт
2026-04-07 02:05:14,100 [DEBUG] TUN->SSH: 52 байт
2026-04-07 02:05:14,130 [DEBUG] SSH->TUN: 64 байт
2026-04-07 02:05:14,132 [DEBUG] TUN->SSH: 52 байт
2026-04-07 02:05:14,163 [DEBUG] TUN->SSH: 52 байт
2026-04-07 02:05:14,177 [DEBUG] TUN->SSH: 52 байт
2026-04-07 02:05:14,208 [DEBUG] TUN->SSH: 52 байт
2026-04-07 02:05:14,285 [DEBUG] TUN->SSH: 178 байт
2026-04-07 02:05:14,316 [DEBUG] SSH->TUN: 126 байт
2026-04-07 02:05:14,336 [DEBUG] TUN->SSH: 151 байт
2026-04-07 02:05:14,475 [DEBUG] SSH->TUN: 52 байт
2026-04-07 02:05:14,476 [DEBUG] SSH->TUN: 256 байт
2026-04-07 02:05:14,476 [DEBUG] SSH->TUN: 121 байт
2026-04-07 02:05:14,488 [DEBUG] TUN->SSH: 386 байт
2026-04-07 02:05:14,540 [DEBUG] SSH->TUN: 90 байт
2026-04-07 02:05:14,656 [DEBUG] TUN->SSH: 489 байт
2026-04-07 02:05:14,681 [DEBUG] TUN->SSH: 52 байт
2026-04-07 02:05:14,682 [DEBUG] SSH->TUN: 141 байт
2026-04-07 02:05:14,708 [DEBUG] TUN->SSH: 52 байт
2026-04-07 02:05:14,732 [DEBUG] SSH->TUN: 52 байт
2026-04-07 02:05:14,746 [DEBUG] TUN->SSH: 52 байт
2026-04-07 02:05:14,772 [DEBUG] TUN->SSH: 52 байт
2026-04-07 02:05:14,793 [DEBUG] TUN->SSH: 52 байт
2026-04-07 02:05:14,818 [DEBUG] TUN->SSH: 52 байт
2026-04-07 02:05:14,841 [DEBUG] TUN->SSH: 60 байт
2026-04-07 02:05:14,844 [DEBUG] SSH->TUN: 52 байт
2026-04-07 02:05:14,844 [DEBUG] SSH->TUN: 52 байт
2026-04-07 02:05:14,879 [DEBUG] SSH->TUN: 83 байт
2026-04-07 02:05:14,879 [DEBUG] SSH->TUN: 52 байт
2026-04-07 02:05:14,884 [DEBUG] SSH->TUN: 60 байт
2026-04-07 02:05:15,011 [DEBUG] TUN->SSH: 576 байт
2026-04-07 02:05:15,027 [DEBUG] TUN->SSH: 40 байт
2026-04-07 02:05:15,059 [DEBUG] TUN->SSH: 60 байт
2026-04-07 02:05:15,074 [DEBUG] TUN->SSH: 90 байт
2026-04-07 02:05:15,081 [DEBUG] SSH->TUN: 60 байт
2026-04-07 02:05:15,098 [DEBUG] TUN->SSH: 52 байт
2026-04-07 02:05:15,101 [DEBUG] SSH->TUN: 64 байт
2026-04-07 02:05:15,183 [DEBUG] TUN->SSH: 253 байт
2026-04-07 02:05:15,186 [DEBUG] SSH->TUN: 60 байт
2026-04-07 02:05:15,201 [DEBUG] TUN->SSH: 52 байт
2026-04-07 02:05:15,220 [DEBUG] TUN->SSH: 52 байт
2026-04-07 02:05:15,222 [DEBUG] SSH->TUN: 64 байт
2026-04-07 02:05:15,248 [DEBUG] TUN->SSH: 52 байт
2026-04-07 02:05:15,266 [DEBUG] TUN->SSH: 52 байт
2026-04-07 02:05:15,288 [DEBUG] TUN->SSH: 52 байт
2026-04-07 02:05:15,293 [DEBUG] SSH->TUN: 64 байт
2026-04-07 02:05:15,313 [DEBUG] TUN->SSH: 52 байт
2026-04-07 02:05:15,336 [DEBUG] TUN->SSH: 52 байт
2026-04-07 02:05:15,367 [DEBUG] TUN->SSH: 52 байт
2026-04-07 02:05:15,400 [DEBUG] TUN->SSH: 52 байт
2026-04-07 02:05:15,439 [DEBUG] TUN->SSH: 178 байт
2026-04-07 02:05:15,469 [DEBUG] TUN->SSH: 52 байт
2026-04-07 02:05:15,483 [DEBUG] SSH->TUN: 576 байт
2026-04-07 02:05:15,483 [DEBUG] SSH->TUN: 576 байт
2026-04-07 02:05:15,508 [DEBUG] TUN->SSH: 52 байт
2026-04-07 02:05:15,538 [DEBUG] TUN->SSH: 60 байт
2026-04-07 02:05:15,539 [DEBUG] SSH->TUN: 576 байт
2026-04-07 02:05:15,540 [DEBUG] SSH->TUN: 576 байт
2026-04-07 02:05:15,567 [DEBUG] TUN->SSH: 52 байт
2026-04-07 02:05:15,587 [DEBUG] SSH->TUN: 60 байт
2026-04-07 02:05:15,589 [DEBUG] SSH->TUN: 83 байт
2026-04-07 02:05:15,595 [DEBUG] TUN->SSH: 52 байт
2026-04-07 02:05:15,637 [DEBUG] SSH->TUN: 52 байт
2026-04-07 02:05:15,637 [DEBUG] TUN->SSH: 118 байт
2026-04-07 02:05:15,637 [DEBUG] SSH->TUN: 256 байт
2026-04-07 02:05:15,638 [DEBUG] SSH->TUN: 121 байт
2026-04-07 02:05:15,662 [DEBUG] SSH->TUN: 52 байт
2026-04-07 02:05:15,663 [DEBUG] SSH->TUN: 147 байт
2026-04-07 02:05:15,666 [DEBUG] TUN->SSH: 52 байт
2026-04-07 02:05:15,668 [DEBUG] SSH->TUN: 133 байт
2026-04-07 02:05:15,685 [DEBUG] SSH->TUN: 576 байт
2026-04-07 02:05:15,692 [DEBUG] TUN->SSH: 52 байт
2026-04-07 02:05:15,717 [DEBUG] SSH->TUN: 40 байт
2026-04-07 02:05:15,720 [DEBUG] TUN->SSH: 52 байт
2026-04-07 02:05:15,727 [DEBUG] TUN->SSH: 52 байт
2026-04-07 02:05:15,743 [DEBUG] SSH->TUN: 40 байт
2026-04-07 02:05:15,747 [DEBUG] TUN->SSH: 52 байт
2026-04-07 02:05:15,754 [DEBUG] SSH->TUN: 576 байт
2026-04-07 02:05:15,754 [DEBUG] SSH->TUN: 576 байт
2026-04-07 02:05:15,771 [DEBUG] SSH->TUN: 576 байт
2026-04-07 02:05:15,771 [DEBUG] TUN->SSH: 52 байт
2026-04-07 02:05:15,790 [DEBUG] SSH->TUN: 576 байт
2026-04-07 02:05:15,791 [DEBUG] SSH->TUN: 576 байт
2026-04-07 02:05:15,797 [DEBUG] TUN->SSH: 52 байт
2026-04-07 02:05:15,809 [DEBUG] TUN->SSH: 52 байт
2026-04-07 02:05:15,818 [DEBUG] TUN->SSH: 52 байт
2026-04-07 02:05:15,819 [DEBUG] SSH->TUN: 576 байт
2026-04-07 02:05:15,831 [DEBUG] SSH->TUN: 576 байт
2026-04-07 02:05:15,834 [DEBUG] SSH->TUN: 576 байт
2026-04-07 02:05:15,842 [DEBUG] SSH->TUN: 576 байт
2026-04-07 02:05:15,852 [DEBUG] TUN->SSH: 52 байт
2026-04-07 02:05:15,876 [DEBUG] SSH->TUN: 576 байт
2026-04-07 02:05:15,876 [DEBUG] SSH->TUN: 576 байт
2026-04-07 02:05:15,884 [DEBUG] TUN->SSH: 52 байт
2026-04-07 02:05:15,900 [DEBUG] TUN->SSH: 52 байт
2026-04-07 02:05:15,900 [DEBUG] SSH->TUN: 576 байт
2026-04-07 02:05:15,923 [DEBUG] TUN->SSH: 52 байт
2026-04-07 02:05:15,924 [DEBUG] SSH->TUN: 576 байт
2026-04-07 02:05:15,926 [DEBUG] SSH->TUN: 576 байт
2026-04-07 02:05:15,940 [DEBUG] TUN->SSH: 52 байт
2026-04-07 02:05:15,946 [DEBUG] SSH->TUN: 576 байт
2026-04-07 02:05:15,967 [DEBUG] TUN->SSH: 52 байт
2026-04-07 02:05:15,970 [DEBUG] SSH->TUN: 40 байт
2026-04-07 02:05:15,979 [DEBUG] SSH->TUN: 40 байт
2026-04-07 02:05:15,998 [DEBUG] TUN->SSH: 52 байт
2026-04-07 02:05:16,019 [DEBUG] SSH->TUN: 576 байт
2026-04-07 02:05:16,019 [DEBUG] SSH->TUN: 576 байт
2026-04-07 02:05:16,026 [DEBUG] TUN->SSH: 52 байт
2026-04-07 02:05:16,046 [DEBUG] SSH->TUN: 576 байт
2026-04-07 02:05:16,046 [DEBUG] TUN->SSH: 52 байт
2026-04-07 02:05:16,063 [DEBUG] TUN->SSH: 52 байт
2026-04-07 02:05:16,077 [DEBUG] SSH->TUN: 576 байт
2026-04-07 02:05:16,077 [DEBUG] SSH->TUN: 576 байт
2026-04-07 02:05:16,085 [DEBUG] TUN->SSH: 52 байт
2026-04-07 02:05:16,103 [DEBUG] SSH->TUN: 576 байт
2026-04-07 02:05:16,118 [DEBUG] TUN->SSH: 52 байт
2026-04-07 02:05:16,120 [DEBUG] SSH->TUN: 576 байт
2026-04-07 02:05:16,121 [DEBUG] SSH->TUN: 576 байт
2026-04-07 02:05:16,144 [DEBUG] TUN->SSH: 52 байт
2026-04-07 02:05:16,145 [DEBUG] SSH->TUN: 576 байт
2026-04-07 02:05:16,159 [DEBUG] SSH->TUN: 576 байт
2026-04-07 02:05:16,159 [DEBUG] SSH->TUN: 576 байт
2026-04-07 02:05:16,178 [DEBUG] TUN->SSH: 52 байт
2026-04-07 02:05:16,193 [DEBUG] TUN->SSH: 52 байт
2026-04-07 02:05:16,197 [DEBUG] SSH->TUN: 576 байт
2026-04-07 02:05:16,217 [DEBUG] SSH->TUN: 576 байт
2026-04-07 02:05:16,217 [DEBUG] SSH->TUN: 576 байт
2026-04-07 02:05:16,232 [DEBUG] TUN->SSH: 52 байт
2026-04-07 02:05:16,246 [DEBUG] SSH->TUN: 576 байт
2026-04-07 02:05:16,258 [DEBUG] TUN->SSH: 52 байт
2026-04-07 02:05:16,277 [DEBUG] SSH->TUN: 576 байт
2026-04-07 02:05:16,277 [DEBUG] SSH->TUN: 576 байт
2026-04-07 02:05:16,293 [DEBUG] TUN->SSH: 52 байт
2026-04-07 02:05:16,312 [DEBUG] SSH->TUN: 576 байт
2026-04-07 02:05:16,312 [DEBUG] TUN->SSH: 52 байт
2026-04-07 02:05:16,335 [DEBUG] TUN->SSH: 52 байт
2026-04-07 02:05:16,336 [DEBUG] SSH->TUN: 576 байт
2026-04-07 02:05:16,336 [DEBUG] SSH->TUN: 576 байт
2026-04-07 02:05:16,355 [DEBUG] SSH->TUN: 576 байт
2026-04-07 02:05:16,358 [DEBUG] TUN->SSH: 52 байт
2026-04-07 02:05:16,388 [DEBUG] TUN->SSH: 52 байт
2026-04-07 02:05:16,397 [DEBUG] SSH->TUN: 576 байт
2026-04-07 02:05:16,397 [DEBUG] SSH->TUN: 576 байт
2026-04-07 02:05:16,404 [DEBUG] SSH->TUN: 40 байт
2026-04-07 02:05:16,414 [DEBUG] TUN->SSH: 52 байт
2026-04-07 02:05:16,432 [DEBUG] TUN->SSH: 52 байт
2026-04-07 02:05:16,442 [DEBUG] SSH->TUN: 576 байт
2026-04-07 02:05:16,455 [DEBUG] TUN->SSH: 52 байт
2026-04-07 02:05:16,461 [DEBUG] TUN->SSH: 52 байт
2026-04-07 02:05:16,462 [DEBUG] SSH->TUN: 576 байт
2026-04-07 02:05:16,462 [DEBUG] SSH->TUN: 576 байт
2026-04-07 02:05:16,482 [DEBUG] SSH->TUN: 40 байт
2026-04-07 02:05:16,541 [DEBUG] TUN->SSH: 222 байт
2026-04-07 02:05:16,560 [DEBUG] TUN->SSH: 52 байт
2026-04-07 02:05:16,587 [DEBUG] TUN->SSH: 60 байт
2026-04-07 02:05:16,610 [DEBUG] TUN->SSH: 52 байт
2026-04-07 02:05:16,629 [DEBUG] SSH->TUN: 60 байт
2026-04-07 02:05:16,639 [DEBUG] TUN->SSH: 52 байт
2026-04-07 02:05:16,668 [DEBUG] TUN->SSH: 52 байт
2026-04-07 02:05:16,679 [DEBUG] SSH->TUN: 64 байт
2026-04-07 02:05:16,693 [DEBUG] TUN->SSH: 64 байт
2026-04-07 02:05:16,695 [DEBUG] SSH->TUN: 40 байт
2026-04-07 02:05:16,722 [DEBUG] TUN->SSH: 52 байт
2026-04-07 02:05:16,747 [DEBUG] SSH->TUN: 40 байт
2026-04-07 02:05:16,750 [DEBUG] TUN->SSH: 52 байт
2026-04-07 02:05:16,781 [DEBUG] TUN->SSH: 52 байт
2026-04-07 02:05:16,797 [DEBUG] TUN->SSH: 52 байт
2026-04-07 02:05:16,823 [DEBUG] SSH->TUN: 576 байт
2026-04-07 02:05:16,828 [DEBUG] TUN->SSH: 64 байт
2026-04-07 02:05:16,832 [DEBUG] SSH->TUN: 64 байт
2026-04-07 02:05:16,844 [DEBUG] TUN->SSH: 52 байт
2026-04-07 02:05:16,872 [DEBUG] SSH->TUN: 64 байт
2026-04-07 02:05:16,882 [DEBUG] TUN->SSH: 52 байт
2026-04-07 02:05:16,915 [DEBUG] TUN->SSH: 52 байт
2026-04-07 02:05:16,942 [DEBUG] TUN->SSH: 90 байт
2026-04-07 02:05:16,969 [DEBUG] TUN->SSH: 60 байт
2026-04-07 02:05:16,993 [DEBUG] TUN->SSH: 52 байт
2026-04-07 02:05:17,017 [DEBUG] SSH->TUN: 83 байт
2026-04-07 02:05:17,025 [DEBUG] TUN->SSH: 52 байт
2026-04-07 02:05:17,047 [DEBUG] SSH->TUN: 40 байт
2026-04-07 02:05:17,054 [DEBUG] TUN->SSH: 64 байт
2026-04-07 02:05:17,073 [DEBUG] TUN->SSH: 52 байт
2026-04-07 02:05:17,097 [DEBUG] SSH->TUN: 40 байт
2026-04-07 02:05:17,120 [DEBUG] TUN->SSH: 88 байт
2026-04-07 02:05:17,129 [DEBUG] SSH->TUN: 52 байт
2026-04-07 02:05:17,149 [DEBUG] TUN->SSH: 88 байт
2026-04-07 02:05:17,152 [DEBUG] SSH->TUN: 52 байт
2026-04-07 02:05:17,179 [DEBUG] SSH->TUN: 52 байт
2026-04-07 02:05:17,184 [DEBUG] TUN->SSH: 88 байт
2026-04-07 02:05:17,211 [DEBUG] TUN->SSH: 88 байт
2026-04-07 02:05:17,225 [DEBUG] SSH->TUN: 52 байт
2026-04-07 02:05:17,236 [DEBUG] TUN->SSH: 88 байт
2026-04-07 02:05:17,241 [DEBUG] SSH->TUN: 52 байт
2026-04-07 02:05:17,270 [DEBUG] SSH->TUN: 52 байт
2026-04-07 02:05:17,274 [DEBUG] TUN->SSH: 88 байт
2026-04-07 02:05:17,289 [DEBUG] TUN->SSH: 88 байт
2026-04-07 02:05:17,303 [DEBUG] SSH->TUN: 52 байт
2026-04-07 02:05:17,330 [DEBUG] SSH->TUN: 52 байт
2026-04-07 02:05:17,334 [DEBUG] TUN->SSH: 88 байт
2026-04-07 02:05:17,373 [DEBUG] SSH->TUN: 52 байт
2026-04-07 02:05:17,374 [DEBUG] TUN->SSH: 88 байт
2026-04-07 02:05:17,392 [DEBUG] TUN->SSH: 57 байт
2026-04-07 02:05:17,415 [DEBUG] TUN->SSH: 52 байт
2026-04-07 02:05:17,421 [DEBUG] SSH->TUN: 52 байт
2026-04-07 02:05:17,433 [DEBUG] SSH->TUN: 52 байт
2026-04-07 02:05:17,434 [DEBUG] SSH->TUN: 141 байт
2026-04-07 02:05:17,435 [DEBUG] TUN->SSH: 40 байт
2026-04-07 02:05:17,450 [DEBUG] TUN->SSH: 40 байт
2026-04-07 02:05:17,510 [DEBUG] TUN->SSH: 201 байт
2026-04-07 02:05:17,541 [DEBUG] TUN->SSH: 52 байт
2026-04-07 02:05:17,553 [DEBUG] SSH->TUN: 64 байт
2026-04-07 02:05:17,714 [DEBUG] SSH->TUN: 141 байт
2026-04-07 02:05:17,725 [DEBUG] TUN->SSH: 576 байт
2026-04-07 02:05:17,776 [DEBUG] SSH->TUN: 52 байт
2026-04-07 02:05:17,905 [DEBUG] TUN->SSH: 576 байт
2026-04-07 02:05:17,956 [DEBUG] SSH->TUN: 52 байт
2026-04-07 02:05:18,001 [DEBUG] SSH->TUN: 141 байт
2026-04-07 02:05:18,069 [DEBUG] TUN->SSH: 576 байт
2026-04-07 02:05:18,123 [DEBUG] SSH->TUN: 52 байт
2026-04-07 02:05:18,158 [DEBUG] TUN->SSH: 275 байт
2026-04-07 02:05:18,176 [DEBUG] TUN->SSH: 52 байт
2026-04-07 02:05:18,212 [DEBUG] SSH->TUN: 52 байт
2026-04-07 02:05:18,213 [DEBUG] SSH->TUN: 576 байт
2026-04-07 02:05:18,213 [DEBUG] SSH->TUN: 576 байт
2026-04-07 02:05:18,213 [DEBUG] SSH->TUN: 576 байт
2026-04-07 02:05:18,213 [DEBUG] SSH->TUN: 576 байт
2026-04-07 02:05:18,244 [DEBUG] SSH->TUN: 576 байт
2026-04-07 02:05:18,245 [DEBUG] SSH->TUN: 576 байт
2026-04-07 02:05:18,245 [DEBUG] SSH->TUN: 576 байт
2026-04-07 02:05:18,245 [DEBUG] SSH->TUN: 576 байт
2026-04-07 02:05:18,246 [DEBUG] SSH->TUN: 576 байт
2026-04-07 02:05:18,246 [DEBUG] SSH->TUN: 576 байт
2026-04-07 02:05:18,275 [DEBUG] TUN->SSH: 232 байт
2026-04-07 02:05:18,299 [DEBUG] TUN->SSH: 52 байт
2026-04-07 02:05:18,314 [DEBUG] SSH->TUN: 64 байт
2026-04-07 02:05:18,319 [DEBUG] TUN->SSH: 40 байт
2026-04-07 02:05:18,359 [DEBUG] TUN->SSH: 52 байт
2026-04-07 02:05:18,396 [DEBUG] TUN->SSH: 52 байт
2026-04-07 02:05:18,412 [DEBUG] SSH->TUN: 576 байт
2026-04-07 02:05:18,414 [DEBUG] SSH->TUN: 576 байт
2026-04-07 02:05:18,422 [DEBUG] TUN->SSH: 52 байт
2026-04-07 02:05:18,445 [DEBUG] SSH->TUN: 576 байт
2026-04-07 02:05:18,447 [DEBUG] TUN->SSH: 52 байт
2026-04-07 02:05:18,470 [DEBUG] SSH->TUN: 576 байт
2026-04-07 02:05:18,471 [DEBUG] SSH->TUN: 576 байт
2026-04-07 02:05:18,485 [DEBUG] TUN->SSH: 52 байт
2026-04-07 02:05:18,497 [DEBUG] TUN->SSH: 40 байт
2026-04-07 02:05:18,507 [DEBUG] SSH->TUN: 576 байт
2026-04-07 02:05:18,577 [DEBUG] SSH->TUN: 141 байт
2026-04-07 02:05:18,580 [DEBUG] TUN->SSH: 178 байт
2026-04-07 02:05:18,612 [DEBUG] TUN->SSH: 52 байт
2026-04-07 02:05:18,645 [DEBUG] TUN->SSH: 52 байт
2026-04-07 02:05:18,682 [DEBUG] TUN->SSH: 52 байт
2026-04-07 02:05:18,706 [DEBUG] TUN->SSH: 52 байт
2026-04-07 02:05:18,724 [DEBUG] SSH->TUN: 52 байт
2026-04-07 02:05:18,736 [DEBUG] TUN->SSH: 60 байт
2026-04-07 02:05:18,757 [DEBUG] SSH->TUN: 60 байт
2026-04-07 02:05:18,766 [DEBUG] SSH->TUN: 64 байт
2026-04-07 02:05:18,768 [DEBUG] TUN->SSH: 52 байт
2026-04-07 02:05:18,789 [DEBUG] SSH->TUN: 576 байт
2026-04-07 02:05:18,789 [DEBUG] SSH->TUN: 576 байт
2026-04-07 02:05:18,798 [DEBUG] TUN->SSH: 52 байт
2026-04-07 02:05:18,814 [DEBUG] SSH->TUN: 576 байт
2026-04-07 02:05:18,829 [DEBUG] TUN->SSH: 52 байт
2026-04-07 02:05:18,845 [DEBUG] SSH->TUN: 576 байт
2026-04-07 02:05:18,845 [DEBUG] SSH->TUN: 576 байт
2026-04-07 02:05:18,915 [DEBUG] TUN->SSH: 232 байт
2026-04-07 02:05:18,950 [DEBUG] SSH->TUN: 64 байт
2026-04-07 02:05:18,962 [DEBUG] TUN->SSH: 94 байт
2026-04-07 02:05:18,982 [DEBUG] SSH->TUN: 52 байт
2026-04-07 02:05:18,989 [DEBUG] TUN->SSH: 94 байт
2026-04-07 02:05:19,013 [DEBUG] SSH->TUN: 52 байт
2026-04-07 02:05:19,023 [DEBUG] TUN->SSH: 52 байт
2026-04-07 02:05:19,031 [DEBUG] TUN->SSH: 52 байт
2026-04-07 02:05:19,042 [DEBUG] SSH->TUN: 576 байт
2026-04-07 02:05:19,043 [DEBUG] SSH->TUN: 576 байт
2026-04-07 02:05:19,051 [DEBUG] TUN->SSH: 52 байт
2026-04-07 02:05:19,060 [DEBUG] SSH->TUN: 576 байт
2026-04-07 02:05:19,061 [DEBUG] SSH->TUN: 576 байт
2026-04-07 02:05:19,061 [DEBUG] SSH->TUN: 576 байт
2026-04-07 02:05:19,061 [DEBUG] SSH->TUN: 576 байт
2026-04-07 02:05:19,075 [DEBUG] SSH->TUN: 576 байт
2026-04-07 02:05:19,075 [DEBUG] SSH->TUN: 576 байт
2026-04-07 02:05:19,087 [DEBUG] TUN->SSH: 52 байт
2026-04-07 02:05:19,104 [DEBUG] SSH->TUN: 576 байт
2026-04-07 02:05:19,104 [DEBUG] SSH->TUN: 576 байт
2026-04-07 02:05:19,104 [DEBUG] SSH->TUN: 576 байт
2026-04-07 02:05:19,108 [DEBUG] SSH->TUN: 576 байт
2026-04-07 02:05:19,122 [DEBUG] TUN->SSH: 52 байт
2026-04-07 02:05:19,139 [DEBUG] SSH->TUN: 576 байт
2026-04-07 02:05:19,141 [DEBUG] SSH->TUN: 576 байт
2026-04-07 02:05:19,152 [DEBUG] TUN->SSH: 52 байт
2026-04-07 02:05:19,173 [DEBUG] TUN->SSH: 52 байт
2026-04-07 02:05:19,181 [DEBUG] SSH->TUN: 576 байт
2026-04-07 02:05:19,181 [DEBUG] SSH->TUN: 576 байт
2026-04-07 02:05:19,182 [DEBUG] SSH->TUN: 576 байт
2026-04-07 02:05:19,182 [DEBUG] SSH->TUN: 576 байт
2026-04-07 02:05:19,201 [DEBUG] TUN->SSH: 52 байт
2026-04-07 02:05:19,217 [DEBUG] SSH->TUN: 576 байт
2026-04-07 02:05:19,221 [DEBUG] SSH->TUN: 52 байт
2026-04-07 02:05:19,227 [DEBUG] TUN->SSH: 52 байт
2026-04-07 02:05:19,248 [DEBUG] TUN->SSH: 52 байт
2026-04-07 02:05:19,272 [DEBUG] TUN->SSH: 52 байт
2026-04-07 02:05:19,274 [DEBUG] SSH->TUN: 576 байт
2026-04-07 02:05:19,274 [DEBUG] SSH->TUN: 576 байт
2026-04-07 02:05:19,290 [DEBUG] SSH->TUN: 576 байт
2026-04-07 02:05:19,304 [DEBUG] TUN->SSH: 52 байт
2026-04-07 02:05:19,325 [DEBUG] SSH->TUN: 576 байт
2026-04-07 02:05:19,326 [DEBUG] SSH->TUN: 576 байт
2026-04-07 02:05:19,336 [DEBUG] TUN->SSH: 52 байт
2026-04-07 02:05:19,349 [DEBUG] SSH->TUN: 576 байт
2026-04-07 02:05:19,359 [DEBUG] TUN->SSH: 52 байт
2026-04-07 02:05:19,382 [DEBUG] SSH->TUN: 576 байт
2026-04-07 02:05:19,383 [DEBUG] SSH->TUN: 576 байт
2026-04-07 02:05:19,388 [DEBUG] TUN->SSH: 52 байт
2026-04-07 02:05:19,403 [DEBUG] SSH->TUN: 576 байт
2026-04-07 02:05:19,413 [DEBUG] TUN->SSH: 52 байт
2026-04-07 02:05:19,432 [DEBUG] SSH->TUN: 576 байт
2026-04-07 02:05:19,432 [DEBUG] TUN->SSH: 52 байт
2026-04-07 02:05:19,432 [DEBUG] SSH->TUN: 576 байт
2026-04-07 02:05:19,446 [DEBUG] SSH->TUN: 576 байт
2026-04-07 02:05:19,451 [DEBUG] TUN->SSH: 52 байт
2026-04-07 02:05:19,472 [DEBUG] TUN->SSH: 52 байт
2026-04-07 02:05:19,474 [DEBUG] SSH->TUN: 576 байт
2026-04-07 02:05:19,475 [DEBUG] SSH->TUN: 576 байт
2026-04-07 02:05:19,494 [DEBUG] TUN->SSH: 52 байт
2026-04-07 02:05:19,494 [DEBUG] SSH->TUN: 576 байт
2026-04-07 02:05:19,518 [DEBUG] SSH->TUN: 576 байт
2026-04-07 02:05:19,518 [DEBUG] SSH->TUN: 576 байт
2026-04-07 02:05:19,531 [DEBUG] TUN->SSH: 52 байт
2026-04-07 02:05:19,545 [DEBUG] SSH->TUN: 576 байт
2026-04-07 02:05:19,562 [DEBUG] TUN->SSH: 52 байт
2026-04-07 02:05:19,582 [DEBUG] TUN->SSH: 52 байт
2026-04-07 02:05:19,586 [DEBUG] SSH->TUN: 576 байт
2026-04-07 02:05:19,587 [DEBUG] SSH->TUN: 576 байт
2026-04-07 02:05:19,595 [DEBUG] SSH->TUN: 576 байт
2026-04-07 02:05:19,613 [DEBUG] TUN->SSH: 52 байт
2026-04-07 02:05:19,635 [DEBUG] TUN->SSH: 52 байт
2026-04-07 02:05:19,657 [DEBUG] SSH->TUN: 576 байт
2026-04-07 02:05:19,658 [DEBUG] SSH->TUN: 576 байт
2026-04-07 02:05:19,659 [DEBUG] SSH->TUN: 64 байт
2026-04-07 02:05:19,666 [DEBUG] TUN->SSH: 52 байт
2026-04-07 02:05:19,681 [DEBUG] SSH->TUN: 576 байт
2026-04-07 02:05:19,690 [DEBUG] TUN->SSH: 52 байт
2026-04-07 02:05:19,697 [DEBUG] SSH->TUN: 141 байт
2026-04-07 02:05:19,715 [DEBUG] TUN->SSH: 52 байт
2026-04-07 02:05:19,716 [DEBUG] SSH->TUN: 576 байт
2026-04-07 02:05:19,716 [DEBUG] SSH->TUN: 576 байт
2026-04-07 02:05:19,734 [DEBUG] TUN->SSH: 52 байт
2026-04-07 02:05:19,741 [DEBUG] SSH->TUN: 576 байт
2026-04-07 02:05:19,758 [DEBUG] SSH->TUN: 576 байт
2026-04-07 02:05:19,759 [DEBUG] SSH->TUN: 576 байт
2026-04-07 02:05:19,767 [DEBUG] TUN->SSH: 52 байт
2026-04-07 02:05:19,784 [DEBUG] SSH->TUN: 576 байт
2026-04-07 02:05:19,789 [DEBUG] SSH->TUN: 60 байт
2026-04-07 02:05:19,795 [DEBUG] TUN->SSH: 52 байт
2026-04-07 02:05:19,818 [DEBUG] TUN->SSH: 52 байт
2026-04-07 02:05:19,819 [DEBUG] SSH->TUN: 576 байт
2026-04-07 02:05:19,819 [DEBUG] SSH->TUN: 576 байт
2026-04-07 02:05:19,841 [DEBUG] SSH->TUN: 576 байт
2026-04-07 02:05:19,845 [DEBUG] TUN->SSH: 52 байт
2026-04-07 02:05:19,869 [DEBUG] TUN->SSH: 52 байт
2026-04-07 02:05:19,872 [DEBUG] SSH->TUN: 576 байт
2026-04-07 02:05:19,872 [DEBUG] SSH->TUN: 576 байт
2026-04-07 02:05:19,886 [DEBUG] SSH->TUN: 576 байт
2026-04-07 02:05:19,920 [DEBUG] SSH->TUN: 542 байт
2026-04-07 02:05:19,920 [DEBUG] SSH->TUN: 90 байт
2026-04-07 02:05:20,068 [DEBUG] TUN->SSH: 576 байт
2026-04-07 02:05:20,090 [DEBUG] TUN->SSH: 52 байт
2026-04-07 02:05:20,109 [DEBUG] SSH->TUN: 576 байт
2026-04-07 02:05:20,110 [DEBUG] SSH->TUN: 576 байт
2026-04-07 02:05:20,110 [DEBUG] TUN->SSH: 52 байт
2026-04-07 02:05:20,135 [DEBUG] SSH->TUN: 576 байт
2026-04-07 02:05:20,139 [DEBUG] TUN->SSH: 52 байт
2026-04-07 02:05:20,168 [DEBUG] TUN->SSH: 60 байт
2026-04-07 02:05:20,186 [DEBUG] SSH->TUN: 60 байт
2026-04-07 02:05:20,196 [DEBUG] TUN->SSH: 60 байт
2026-04-07 02:05:20,209 [DEBUG] SSH->TUN: 60 байт
2026-04-07 02:05:20,237 [DEBUG] TUN->SSH: 88 байт
2026-04-07 02:05:20,266 [DEBUG] SSH->TUN: 52 байт
2026-04-07 02:05:20,270 [DEBUG] TUN->SSH: 88 байт
2026-04-07 02:05:20,312 [DEBUG] SSH->TUN: 52 байт
2026-04-07 02:05:20,312 [DEBUG] TUN->SSH: 88 байт
2026-04-07 02:05:20,345 [DEBUG] TUN->SSH: 88 байт
2026-04-07 02:05:20,350 [DEBUG] SSH->TUN: 52 байт
2026-04-07 02:05:20,373 [DEBUG] SSH->TUN: 52 байт
2026-04-07 02:05:20,389 [DEBUG] TUN->SSH: 88 байт
2026-04-07 02:05:20,421 [DEBUG] TUN->SSH: 88 байт
2026-04-07 02:05:20,421 [DEBUG] SSH->TUN: 52 байт
2026-04-07 02:05:20,448 [DEBUG] TUN->SSH: 53 байт
2026-04-07 02:05:20,455 [DEBUG] SSH->TUN: 52 байт
2026-04-07 02:05:20,465 [DEBUG] TUN->SSH: 52 байт
2026-04-07 02:05:20,483 [DEBUG] SSH->TUN: 52 байт
2026-04-07 02:05:20,484 [DEBUG] SSH->TUN: 576 байт
2026-04-07 02:05:20,484 [DEBUG] SSH->TUN: 576 байт
2026-04-07 02:05:20,484 [DEBUG] SSH->TUN: 141 байт
2026-04-07 02:05:20,491 [DEBUG] TUN->SSH: 40 байт
2026-04-07 02:05:20,530 [DEBUG] TUN->SSH: 52 байт
2026-04-07 02:05:20,569 [DEBUG] SSH->TUN: 64 байт
2026-04-07 02:05:20,610 [DEBUG] TUN->SSH: 232 байт
2026-04-07 02:05:20,643 [DEBUG] TUN->SSH: 89 байт
2026-04-07 02:05:20,644 [DEBUG] SSH->TUN: 64 байт
2026-04-07 02:05:20,650 [DEBUG] TUN->SSH: 40 байт
2026-04-07 02:05:20,675 [DEBUG] SSH->TUN: 64 байт
2026-04-07 02:05:20,745 [DEBUG] TUN->SSH: 232 байт
2026-04-07 02:05:20,756 [DEBUG] TUN->SSH: 52 байт
2026-04-07 02:05:20,774 [DEBUG] SSH->TUN: 141 байт
2026-04-07 02:05:20,778 [DEBUG] SSH->TUN: 64 байт
2026-04-07 02:05:20,784 [DEBUG] TUN->SSH: 94 байт
2026-04-07 02:05:20,809 [DEBUG] SSH->TUN: 64 байт
2026-04-07 02:05:20,819 [DEBUG] TUN->SSH: 52 байт
2026-04-07 02:05:20,843 [DEBUG] TUN->SSH: 64 байт
2026-04-07 02:05:20,869 [DEBUG] TUN->SSH: 60 байт
2026-04-07 02:05:20,886 [DEBUG] SSH->TUN: 60 байт
2026-04-07 02:05:20,897 [DEBUG] TUN->SSH: 60 байт
2026-04-07 02:05:20,917 [DEBUG] SSH->TUN: 60 байт
2026-04-07 02:05:20,932 [DEBUG] TUN->SSH: 52 байт
2026-04-07 02:05:20,958 [DEBUG] TUN->SSH: 64 байт
2026-04-07 02:05:20,971 [DEBUG] SSH->TUN: 64 байт
2026-04-07 02:05:20,975 [DEBUG] TUN->SSH: 52 байт
2026-04-07 02:05:21,014 [DEBUG] TUN->SSH: 52 байт
2026-04-07 02:05:21,023 [DEBUG] SSH->TUN: 576 байт
2026-04-07 02:05:21,024 [DEBUG] SSH->TUN: 576 байт
2026-04-07 02:05:21,045 [DEBUG] TUN->SSH: 52 байт
2026-04-07 02:05:21,066 [DEBUG] SSH->TUN: 141 байт
2026-04-07 02:05:21,082 [DEBUG] TUN->SSH: 52 байт
2026-04-07 02:05:21,105 [DEBUG] TUN->SSH: 52 байт
2026-04-07 02:05:21,122 [DEBUG] SSH->TUN: 576 байт
2026-04-07 02:05:21,122 [DEBUG] SSH->TUN: 576 байт
2026-04-07 02:05:21,137 [DEBUG] TUN->SSH: 52 байт
2026-04-07 02:05:21,163 [DEBUG] TUN->SSH: 52 байт
2026-04-07 02:05:21,198 [DEBUG] TUN->SSH: 52 байт
2026-04-07 02:05:21,224 [DEBUG] TUN->SSH: 52 байт
2026-04-07 02:05:21,259 [DEBUG] TUN->SSH: 52 байт
2026-04-07 02:05:21,319 [DEBUG] SSH->TUN: 424 байт
2026-04-07 02:05:21,357 [DEBUG] TUN->SSH: 232 байт
2026-04-07 02:05:21,384 [DEBUG] TUN->SSH: 52 байт
2026-04-07 02:05:21,389 [DEBUG] SSH->TUN: 83 байт
2026-04-07 02:05:21,398 [DEBUG] SSH->TUN: 64 байт
2026-04-07 02:05:21,405 [DEBUG] SSH->TUN: 576 байт
2026-04-07 02:05:21,415 [DEBUG] TUN->SSH: 52 байт
2026-04-07 02:05:21,430 [DEBUG] SSH->TUN: 576 байт
2026-04-07 02:05:21,431 [DEBUG] SSH->TUN: 576 байт
2026-04-07 02:05:21,437 [DEBUG] TUN->SSH: 52 байт
2026-04-07 02:05:21,462 [DEBUG] SSH->TUN: 576 байт
2026-04-07 02:05:21,464 [DEBUG] TUN->SSH: 52 байт
2026-04-07 02:05:21,482 [DEBUG] SSH->TUN: 576 байт
2026-04-07 02:05:21,483 [DEBUG] SSH->TUN: 576 байт
2026-04-07 02:05:21,493 [DEBUG] TUN->SSH: 52 байт
2026-04-07 02:05:21,508 [DEBUG] SSH->TUN: 576 байт
2026-04-07 02:05:21,593 [DEBUG] TUN->SSH: 289 байт
2026-04-07 02:05:21,616 [DEBUG] TUN->SSH: 52 байт
2026-04-07 02:05:21,635 [DEBUG] TUN->SSH: 52 байт
2026-04-07 02:05:21,642 [DEBUG] SSH->TUN: 141 байт
2026-04-07 02:05:21,643 [DEBUG] SSH->TUN: 576 байт
2026-04-07 02:05:21,643 [DEBUG] SSH->TUN: 576 байт
2026-04-07 02:05:21,664 [DEBUG] TUN->SSH: 81 байт
2026-04-07 02:05:21,685 [DEBUG] TUN->SSH: 64 байт
2026-04-07 02:05:21,745 [DEBUG] SSH->TUN: 52 байт
2026-04-07 02:05:21,745 [DEBUG] SSH->TUN: 170 байт
2026-04-07 02:05:21,769 [DEBUG] TUN->SSH: 293 байт
2026-04-07 02:05:21,787 [DEBUG] TUN->SSH: 88 байт
2026-04-07 02:05:21,832 [DEBUG] SSH->TUN: 52 байт
2026-04-07 02:05:21,837 [DEBUG] TUN->SSH: 88 байт
2026-04-07 02:05:21,872 [DEBUG] TUN->SSH: 88 байт
2026-04-07 02:05:21,873 [DEBUG] SSH->TUN: 52 байт
2026-04-07 02:05:21,891 [DEBUG] TUN->SSH: 88 байт
2026-04-07 02:05:21,905 [DEBUG] SSH->TUN: 52 байт
2026-04-07 02:05:21,906 [DEBUG] TUN->SSH: 88 байт
2026-04-07 02:05:21,911 [DEBUG] SSH->TUN: 60 байт
2026-04-07 02:05:21,911 [DEBUG] SSH->TUN: 52 байт
2026-04-07 02:05:21,911 [DEBUG] SSH->TUN: 170 байт
2026-04-07 02:05:21,933 [DEBUG] SSH->TUN: 52 байт
2026-04-07 02:05:21,949 [DEBUG] TUN->SSH: 88 байт
2026-04-07 02:05:21,950 [DEBUG] SSH->TUN: 52 байт
2026-04-07 02:05:21,985 [DEBUG] SSH->TUN: 52 байт
2026-04-07 02:05:21,987 [DEBUG] TUN->SSH: 88 байт
2026-04-07 02:05:22,006 [DEBUG] TUN->SSH: 65 байт
2026-04-07 02:05:22,021 [DEBUG] SSH->TUN: 52 байт
2026-04-07 02:05:22,036 [DEBUG] TUN->SSH: 52 байт
2026-04-07 02:05:22,052 [DEBUG] SSH->TUN: 52 байт
2026-04-07 02:05:22,052 [DEBUG] SSH->TUN: 141 байт
2026-04-07 02:05:22,067 [DEBUG] TUN->SSH: 52 байт
2026-04-07 02:05:22,088 [DEBUG] TUN->SSH: 60 байт
2026-04-07 02:05:22,114 [DEBUG] SSH->TUN: 60 байт
2026-04-07 02:05:22,121 [DEBUG] TUN->SSH: 81 байт
2026-04-07 02:05:22,153 [DEBUG] TUN->SSH: 52 байт
2026-04-07 02:05:22,169 [DEBUG] SSH->TUN: 576 байт
2026-04-07 02:05:22,176 [DEBUG] TUN->SSH: 52 байт
2026-04-07 02:05:22,202 [DEBUG] SSH->TUN: 576 байт
2026-04-07 02:05:22,205 [DEBUG] SSH->TUN: 576 байт
2026-04-07 02:05:22,311 [DEBUG] SSH->TUN: 170 байт
2026-04-07 02:05:22,348 [DEBUG] SSH->TUN: 141 байт
2026-04-07 02:05:22,358 [DEBUG] TUN->SSH: 569 байт
2026-04-07 02:05:22,378 [DEBUG] SSH->TUN: 52 байт
2026-04-07 02:05:22,380 [DEBUG] SSH->TUN: 576 байт
2026-04-07 02:05:22,381 [DEBUG] SSH->TUN: 576 байт
2026-04-07 02:05:22,381 [DEBUG] SSH->TUN: 576 байт
2026-04-07 02:05:22,381 [DEBUG] SSH->TUN: 576 байт
2026-04-07 02:05:22,381 [DEBUG] SSH->TUN: 576 байт
2026-04-07 02:05:22,392 [DEBUG] TUN->SSH: 52 байт
2026-04-07 02:05:22,410 [DEBUG] SSH->TUN: 259 байт
2026-04-07 02:05:22,413 [DEBUG] SSH->TUN: 576 байт
2026-04-07 02:05:22,415 [DEBUG] TUN->SSH: 52 байт
2026-04-07 02:05:22,435 [DEBUG] TUN->SSH: 52 байт
2026-04-07 02:05:22,439 [DEBUG] SSH->TUN: 576 байт
2026-04-07 02:05:22,439 [DEBUG] SSH->TUN: 576 байт
2026-04-07 02:05:22,455 [DEBUG] SSH->TUN: 576 байт
2026-04-07 02:05:22,485 [DEBUG] TUN->SSH: 137 байт
2026-04-07 02:05:22,513 [DEBUG] TUN->SSH: 81 байт
2026-04-07 02:05:22,515 [DEBUG] SSH->TUN: 64 байт
2026-04-07 02:05:22,702 [DEBUG] TUN->SSH: 576 байт
2026-04-07 02:05:22,733 [DEBUG] TUN->SSH: 52 байт
2026-04-07 02:05:22,759 [DEBUG] SSH->TUN: 170 байт
2026-04-07 02:05:22,759 [DEBUG] SSH->TUN: 141 байт
2026-04-07 02:05:22,759 [DEBUG] SSH->TUN: 170 байт
2026-04-07 02:05:22,759 [DEBUG] SSH->TUN: 141 байт
2026-04-07 02:05:22,772 [DEBUG] TUN->SSH: 52 байт
2026-04-07 02:05:22,795 [DEBUG] SSH->TUN: 576 байт
2026-04-07 02:05:22,795 [DEBUG] SSH->TUN: 576 байт
2026-04-07 02:05:22,800 [DEBUG] TUN->SSH: 52 байт
2026-04-07 02:05:22,820 [DEBUG] SSH->TUN: 576 байт
2026-04-07 02:05:22,821 [DEBUG] SSH->TUN: 576 байт
2026-04-07 02:05:22,833 [DEBUG] TUN->SSH: 52 байт
2026-04-07 02:05:22,854 [DEBUG] SSH->TUN: 576 байт
2026-04-07 02:05:22,854 [DEBUG] SSH->TUN: 576 байт
2026-04-07 02:05:22,865 [DEBUG] TUN->SSH: 52 байт
2026-04-07 02:05:22,884 [DEBUG] SSH->TUN: 576 байт
2026-04-07 02:05:22,884 [DEBUG] SSH->TUN: 576 байт
2026-04-07 02:05:22,886 [DEBUG] TUN->SSH: 52 байт
2026-04-07 02:05:22,907 [DEBUG] TUN->SSH: 52 байт
2026-04-07 02:05:22,913 [DEBUG] SSH->TUN: 576 байт
2026-04-07 02:05:22,932 [DEBUG] TUN->SSH: 52 байт
2026-04-07 02:05:22,951 [DEBUG] SSH->TUN: 576 байт
2026-04-07 02:05:22,952 [DEBUG] SSH->TUN: 576 байт
2026-04-07 02:05:22,964 [DEBUG] TUN->SSH: 52 байт
2026-04-07 02:05:22,981 [DEBUG] TUN->SSH: 81 байт
2026-04-07 02:05:22,986 [DEBUG] SSH->TUN: 576 байт
2026-04-07 02:05:23,014 [DEBUG] TUN->SSH: 52 байт
2026-04-07 02:05:23,031 [DEBUG] SSH->TUN: 576 байт
2026-04-07 02:05:23,032 [DEBUG] SSH->TUN: 576 байт
2026-04-07 02:05:23,043 [DEBUG] TUN->SSH: 52 байт
2026-04-07 02:05:23,068 [DEBUG] SSH->TUN: 576 байт
2026-04-07 02:05:23,071 [DEBUG] TUN->SSH: 52 байт
2026-04-07 02:05:23,085 [DEBUG] SSH->TUN: 576 байт
2026-04-07 02:05:23,086 [DEBUG] SSH->TUN: 576 байт
2026-04-07 02:05:23,097 [DEBUG] TUN->SSH: 52 байт
2026-04-07 02:05:23,113 [DEBUG] SSH->TUN: 576 байт
2026-04-07 02:05:23,204 [DEBUG] TUN->SSH: 293 байт
2026-04-07 02:05:23,214 [DEBUG] SSH->TUN: 141 байт
2026-04-07 02:05:23,238 [DEBUG] TUN->SSH: 52 байт
2026-04-07 02:05:23,251 [DEBUG] SSH->TUN: 576 байт
2026-04-07 02:05:23,252 [DEBUG] SSH->TUN: 576 байт
2026-04-07 02:05:23,271 [DEBUG] TUN->SSH: 52 байт
2026-04-07 02:05:23,289 [DEBUG] SSH->TUN: 576 байт
2026-04-07 02:05:23,350 [DEBUG] SSH->TUN: 64 байт
2026-04-07 02:05:23,356 [DEBUG] TUN->SSH: 232 байт
2026-04-07 02:05:23,390 [DEBUG] SSH->TUN: 52 байт
2026-04-07 02:05:23,393 [DEBUG] TUN->SSH: 52 байт
2026-04-07 02:05:23,400 [DEBUG] SSH->TUN: 64 байт
2026-04-07 02:05:23,405 [DEBUG] SSH->TUN: 576 байт
2026-04-07 02:05:23,409 [DEBUG] SSH->TUN: 576 байт
2026-04-07 02:05:23,417 [DEBUG] TUN->SSH: 52 байт
2026-04-07 02:05:23,439 [DEBUG] SSH->TUN: 576 байт
2026-04-07 02:05:23,455 [DEBUG] TUN->SSH: 52 байт
2026-04-07 02:05:23,469 [DEBUG] SSH->TUN: 576 байт
2026-04-07 02:05:23,469 [DEBUG] SSH->TUN: 576 байт
2026-04-07 02:05:23,484 [DEBUG] TUN->SSH: 52 байт
2026-04-07 02:05:23,501 [DEBUG] SSH->TUN: 576 байт
2026-04-07 02:05:23,522 [DEBUG] TUN->SSH: 52 байт
2026-04-07 02:05:23,538 [DEBUG] TUN->SSH: 40 байт
2026-04-07 02:05:23,539 [DEBUG] SSH->TUN: 576 байт
2026-04-07 02:05:23,539 [DEBUG] SSH->TUN: 576 байт
2026-04-07 02:05:23,576 [DEBUG] TUN->SSH: 52 байт
2026-04-07 02:05:23,590 [DEBUG] SSH->TUN: 576 байт
2026-04-07 02:05:23,601 [DEBUG] TUN->SSH: 52 байт
2026-04-07 02:05:23,602 [DEBUG] SSH->TUN: 170 байт
2026-04-07 02:05:23,624 [DEBUG] SSH->TUN: 576 байт
2026-04-07 02:05:23,624 [DEBUG] SSH->TUN: 576 байт
2026-04-07 02:05:23,635 [DEBUG] TUN->SSH: 81 байт
2026-04-07 02:05:23,665 [DEBUG] TUN->SSH: 52 байт
2026-04-07 02:05:23,682 [DEBUG] SSH->TUN: 576 байт
2026-04-07 02:05:23,694 [DEBUG] TUN->SSH: 52 байт
2026-04-07 02:05:23,709 [DEBUG] TUN->SSH: 52 байт
2026-04-07 02:05:23,719 [DEBUG] SSH->TUN: 576 байт
2026-04-07 02:05:23,719 [DEBUG] SSH->TUN: 576 байт
2026-04-07 02:05:23,727 [DEBUG] SSH->TUN: 576 байт
2026-04-07 02:05:23,811 [DEBUG] TUN->SSH: 289 байт
2026-04-07 02:05:23,840 [DEBUG] TUN->SSH: 52 байт
2026-04-07 02:05:23,863 [DEBUG] SSH->TUN: 576 байт
2026-04-07 02:05:23,863 [DEBUG] SSH->TUN: 576 байт
2026-04-07 02:05:23,866 [DEBUG] TUN->SSH: 52 байт
2026-04-07 02:05:23,883 [DEBUG] SSH->TUN: 576 байт
2026-04-07 02:05:23,902 [DEBUG] TUN->SSH: 52 байт
2026-04-07 02:05:23,914 [DEBUG] SSH->TUN: 576 байт
2026-04-07 02:05:23,915 [DEBUG] SSH->TUN: 576 байт
2026-04-07 02:05:23,925 [DEBUG] TUN->SSH: 52 байт
2026-04-07 02:05:23,947 [DEBUG] SSH->TUN: 576 байт
2026-04-07 02:05:23,951 [DEBUG] SSH->TUN: 64 байт
2026-04-07 02:05:23,962 [DEBUG] TUN->SSH: 81 байт
2026-04-07 02:05:23,964 [DEBUG] SSH->TUN: 170 байт
2026-04-07 02:05:23,996 [DEBUG] TUN->SSH: 52 байт
2026-04-07 02:05:24,014 [DEBUG] SSH->TUN: 576 байт
2026-04-07 02:05:24,014 [DEBUG] SSH->TUN: 576 байт
2026-04-07 02:05:24,028 [DEBUG] TUN->SSH: 52 байт
2026-04-07 02:05:24,041 [DEBUG] SSH->TUN: 576 байт
2026-04-07 02:05:24,064 [DEBUG] TUN->SSH: 52 байт
2026-04-07 02:05:24,081 [DEBUG] SSH->TUN: 576 байт
2026-04-07 02:05:24,081 [DEBUG] SSH->TUN: 576 байт
2026-04-07 02:05:24,096 [DEBUG] TUN->SSH: 52 байт
2026-04-07 02:05:24,113 [DEBUG] SSH->TUN: 576 байт
2026-04-07 02:05:24,129 [DEBUG] TUN->SSH: 52 байт
2026-04-07 02:05:24,145 [DEBUG] SSH->TUN: 576 байт
2026-04-07 02:05:24,146 [DEBUG] SSH->TUN: 576 байт
2026-04-07 02:05:24,147 [DEBUG] TUN->SSH: 81 байт
2026-04-07 02:05:24,166 [DEBUG] TUN->SSH: 52 байт
2026-04-07 02:05:24,185 [DEBUG] TUN->SSH: 52 байт
2026-04-07 02:05:24,187 [DEBUG] SSH->TUN: 576 байт
2026-04-07 02:05:24,202 [DEBUG] TUN->SSH: 52 байт
2026-04-07 02:05:24,211 [DEBUG] SSH->TUN: 576 байт
2026-04-07 02:05:24,212 [DEBUG] SSH->TUN: 576 байт
2026-04-07 02:05:24,228 [DEBUG] SSH->TUN: 576 байт
2026-04-07 02:05:24,238 [DEBUG] TUN->SSH: 52 байт
2026-04-07 02:05:24,273 [DEBUG] TUN->SSH: 52 байт
2026-04-07 02:05:24,292 [DEBUG] SSH->TUN: 576 байт
2026-04-07 02:05:24,293 [DEBUG] SSH->TUN: 576 байт
2026-04-07 02:05:24,364 [DEBUG] SSH->TUN: 141 байт
2026-04-07 02:05:24,383 [DEBUG] TUN->SSH: 293 байт
2026-04-07 02:05:24,411 [DEBUG] TUN->SSH: 52 байт
2026-04-07 02:05:24,429 [DEBUG] SSH->TUN: 576 байт
2026-04-07 02:05:24,429 [DEBUG] TUN->SSH: 52 байт
2026-04-07 02:05:24,450 [DEBUG] TUN->SSH: 52 байт
2026-04-07 02:05:24,455 [DEBUG] SSH->TUN: 576 байт
2026-04-07 02:05:24,458 [DEBUG] SSH->TUN: 576 байт
2026-04-07 02:05:24,470 [DEBUG] SSH->TUN: 576 байт
2026-04-07 02:05:24,486 [DEBUG] TUN->SSH: 52 байт
2026-04-07 02:05:24,502 [DEBUG] SSH->TUN: 576 байт
2026-04-07 02:05:24,502 [DEBUG] SSH->TUN: 576 байт
2026-04-07 02:05:24,516 [DEBUG] TUN->SSH: 52 байт
2026-04-07 02:05:24,523 [DEBUG] TUN->SSH: 40 байт
2026-04-07 02:05:24,524 [DEBUG] SSH->TUN: 64 байт
2026-04-07 02:05:24,535 [DEBUG] SSH->TUN: 576 байт
2026-04-07 02:05:24,553 [DEBUG] TUN->SSH: 52 байт
2026-04-07 02:05:24,564 [DEBUG] SSH->TUN: 576 байт
2026-04-07 02:05:24,565 [DEBUG] SSH->TUN: 576 байт
2026-04-07 02:05:24,584 [DEBUG] TUN->SSH: 64 байт
2026-04-07 02:05:24,623 [DEBUG] TUN->SSH: 52 байт
2026-04-07 02:05:24,631 [DEBUG] TUN->SSH: 52 байт
2026-04-07 02:05:24,638 [DEBUG] SSH->TUN: 576 байт
2026-04-07 02:05:24,657 [DEBUG] SSH->TUN: 576 байт
2026-04-07 02:05:24,657 [DEBUG] SSH->TUN: 576 байт
2026-04-07 02:05:24,722 [DEBUG] TUN->SSH: 232 байт
2026-04-07 02:05:24,743 [DEBUG] TUN->SSH: 52 байт
2026-04-07 02:05:24,762 [DEBUG] SSH->TUN: 576 байт
2026-04-07 02:05:24,765 [DEBUG] TUN->SSH: 52 байт
2026-04-07 02:05:24,766 [DEBUG] SSH->TUN: 64 байт
2026-04-07 02:05:24,793 [DEBUG] TUN->SSH: 52 байт
2026-04-07 02:05:24,794 [DEBUG] SSH->TUN: 576 байт
2026-04-07 02:05:24,794 [DEBUG] SSH->TUN: 576 байт
2026-04-07 02:05:24,808 [DEBUG] SSH->TUN: 576 байт
2026-04-07 02:05:24,825 [DEBUG] TUN->SSH: 52 байт
2026-04-07 02:05:24,839 [DEBUG] SSH->TUN: 576 байт
2026-04-07 02:05:24,839 [DEBUG] SSH->TUN: 576 байт
2026-04-07 02:05:24,857 [DEBUG] TUN->SSH: 60 байт
2026-04-07 02:05:24,874 [DEBUG] SSH->TUN: 60 байт
2026-04-07 02:05:24,879 [DEBUG] TUN->SSH: 52 байт
2026-04-07 02:05:24,904 [DEBUG] TUN->SSH: 52 байт
2026-04-07 02:05:24,926 [DEBUG] TUN->SSH: 52 байт
2026-04-07 02:05:24,928 [DEBUG] SSH->TUN: 576 байт
2026-04-07 02:05:24,948 [DEBUG] TUN->SSH: 52 байт
2026-04-07 02:05:24,951 [DEBUG] SSH->TUN: 576 байт
2026-04-07 02:05:24,951 [DEBUG] SSH->TUN: 576 байт
2026-04-07 02:05:24,967 [DEBUG] TUN->SSH: 52 байт
2026-04-07 02:05:24,973 [DEBUG] SSH->TUN: 576 байт
2026-04-07 02:05:24,991 [DEBUG] SSH->TUN: 576 байт
2026-04-07 02:05:24,992 [DEBUG] SSH->TUN: 576 байт
2026-04-07 02:05:24,998 [DEBUG] TUN->SSH: 52 байт
2026-04-07 02:05:25,017 [DEBUG] SSH->TUN: 576 байт
2026-04-07 02:05:25,022 [DEBUG] TUN->SSH: 52 байт
2026-04-07 02:05:25,040 [DEBUG] TUN->SSH: 81 байт
2026-04-07 02:05:25,043 [DEBUG] SSH->TUN: 576 байт
2026-04-07 02:05:25,043 [DEBUG] SSH->TUN: 576 байт
2026-04-07 02:05:25,054 [DEBUG] TUN->SSH: 52 байт
2026-04-07 02:05:25,086 [DEBUG] TUN->SSH: 52 байт
2026-04-07 02:05:25,113 [DEBUG] TUN->SSH: 94 байт
2026-04-07 02:05:25,126 [DEBUG] SSH->TUN: 141 байт
2026-04-07 02:05:25,130 [DEBUG] TUN->SSH: 52 байт
2026-04-07 02:05:25,149 [DEBUG] SSH->TUN: 576 байт
2026-04-07 02:05:25,155 [DEBUG] TUN->SSH: 52 байт
2026-04-07 02:05:25,170 [DEBUG] SSH->TUN: 576 байт
2026-04-07 02:05:25,171 [DEBUG] SSH->TUN: 576 байт
2026-04-07 02:05:25,185 [DEBUG] TUN->SSH: 52 байт
2026-04-07 02:05:25,208 [DEBUG] SSH->TUN: 576 байт
2026-04-07 02:05:25,228 [DEBUG] SSH->TUN: 90 байт
2026-04-07 02:05:25,265 [DEBUG] TUN->SSH: 232 байт
2026-04-07 02:05:25,291 [DEBUG] SSH->TUN: 170 байт
2026-04-07 02:05:25,294 [DEBUG] TUN->SSH: 52 байт
2026-04-07 02:05:25,296 [DEBUG] SSH->TUN: 541 байт
2026-04-07 02:05:25,300 [DEBUG] SSH->TUN: 52 байт
2026-04-07 02:05:25,306 [DEBUG] SSH->TUN: 64 байт
2026-04-07 02:05:25,311 [DEBUG] SSH->TUN: 40 байт
2026-04-07 02:05:25,316 [DEBUG] TUN->SSH: 97 байт
2026-04-07 02:05:25,342 [DEBUG] SSH->TUN: 40 байт
2026-04-07 02:05:25,350 [DEBUG] TUN->SSH: 81 байт
2026-04-07 02:05:25,420 [DEBUG] TUN->SSH: 293 байт
2026-04-07 02:05:25,452 [DEBUG] TUN->SSH: 52 байт
2026-04-07 02:05:25,469 [DEBUG] TUN->SSH: 52 байт
2026-04-07 02:05:25,473 [DEBUG] SSH->TUN: 576 байт
2026-04-07 02:05:25,473 [DEBUG] SSH->TUN: 576 байт
2026-04-07 02:05:25,487 [DEBUG] SSH->TUN: 576 байт
2026-04-07 02:05:25,494 [DEBUG] TUN->SSH: 52 байт
2026-04-07 02:05:25,523 [DEBUG] TUN->SSH: 52 байт
2026-04-07 02:05:25,538 [DEBUG] SSH->TUN: 52 байт
2026-04-07 02:05:25,539 [DEBUG] SSH->TUN: 76 байт
2026-04-07 02:05:25,539 [DEBUG] SSH->TUN: 52 байт
2026-04-07 02:05:25,551 [DEBUG] TUN->SSH: 52 байт
2026-04-07 02:05:25,570 [DEBUG] SSH->TUN: 52 байт
2026-04-07 02:05:25,570 [DEBUG] SSH->TUN: 76 байт
2026-04-07 02:05:25,570 [DEBUG] SSH->TUN: 52 байт
2026-04-07 02:05:25,571 [DEBUG] SSH->TUN: 64 байт
2026-04-07 02:05:25,583 [DEBUG] TUN->SSH: 52 байт
2026-04-07 02:05:25,592 [DEBUG] TUN->SSH: 40 байт
2026-04-07 02:05:25,601 [DEBUG] SSH->TUN: 52 байт
2026-04-07 02:05:25,601 [DEBUG] SSH->TUN: 76 байт
2026-04-07 02:05:25,602 [DEBUG] SSH->TUN: 52 байт
2026-04-07 02:05:25,622 [DEBUG] TUN->SSH: 64 байт
2026-04-07 02:05:25,644 [DEBUG] TUN->SSH: 81 байт
2026-04-07 02:05:25,655 [DEBUG] SSH->TUN: 52 байт
2026-04-07 02:05:25,685 [DEBUG] SSH->TUN: 52 байт
2026-04-07 02:05:25,709 [DEBUG] SSH->TUN: 52 байт
2026-04-07 02:05:25,730 [DEBUG] TUN->SSH: 289 байт
2026-04-07 02:05:25,747 [DEBUG] TUN->SSH: 64 байт
2026-04-07 02:05:25,772 [DEBUG] TUN->SSH: 52 байт
2026-04-07 02:05:25,786 [DEBUG] SSH->TUN: 64 байт
2026-04-07 02:05:25,793 [DEBUG] TUN->SSH: 52 байт
2026-04-07 02:05:25,806 [DEBUG] SSH->TUN: 64 байт
2026-04-07 02:05:25,814 [DEBUG] TUN->SSH: 52 байт
2026-04-07 02:05:25,842 [DEBUG] SSH->TUN: 64 байт
2026-04-07 02:05:25,877 [DEBUG] SSH->TUN: 60 байт
2026-04-07 02:05:25,879 [DEBUG] SSH->TUN: 64 байт
2026-04-07 02:05:25,905 [DEBUG] TUN->SSH: 232 байт
2026-04-07 02:05:25,921 [DEBUG] SSH->TUN: 76 байт
2026-04-07 02:05:25,935 [DEBUG] TUN->SSH: 52 байт
2026-04-07 02:05:25,936 [DEBUG] SSH->TUN: 64 байт
2026-04-07 02:05:25,948 [DEBUG] SSH->TUN: 76 байт
2026-04-07 02:05:25,952 [DEBUG] SSH->TUN: 40 байт
2026-04-07 02:05:25,968 [DEBUG] SSH->TUN: 76 байт
2026-04-07 02:05:25,968 [DEBUG] TUN->SSH: 52 байт
2026-04-07 02:05:25,998 [DEBUG] TUN->SSH: 64 байт
2026-04-07 02:05:26,034 [DEBUG] TUN->SSH: 40 байт
2026-04-07 02:05:26,057 [DEBUG] TUN->SSH: 52 байт
2026-04-07 02:05:26,075 [DEBUG] TUN->SSH: 52 байт
2026-04-07 02:05:26,093 [DEBUG] TUN->SSH: 64 байт
2026-04-07 02:05:26,122 [DEBUG] TUN->SSH: 52 байт
2026-04-07 02:05:26,147 [DEBUG] TUN->SSH: 52 байт
2026-04-07 02:05:26,178 [DEBUG] TUN->SSH: 52 байт
2026-04-07 02:05:26,192 [DEBUG] SSH->TUN: 64 байт
2026-04-07 02:05:26,207 [DEBUG] TUN->SSH: 52 байт
2026-04-07 02:05:26,225 [DEBUG] TUN->SSH: 52 байт
2026-04-07 02:05:26,233 [DEBUG] SSH->TUN: 64 байт
2026-04-07 02:05:26,250 [DEBUG] SSH->TUN: 64 байт
2026-04-07 02:05:26,258 [DEBUG] TUN->SSH: 52 байт
2026-04-07 02:05:26,300 [DEBUG] TUN->SSH: 116 байт
2026-04-07 02:05:26,342 [DEBUG] SSH->TUN: 52 байт
2026-04-07 02:05:26,395 [DEBUG] TUN->SSH: 262 байт
2026-04-07 02:05:26,426 [DEBUG] TUN->SSH: 52 байт
2026-04-07 02:05:26,437 [DEBUG] SSH->TUN: 52 байт
2026-04-07 02:05:26,446 [DEBUG] SSH->TUN: 576 байт
2026-04-07 02:05:26,447 [DEBUG] SSH->TUN: 65 байт
2026-04-07 02:05:26,451 [DEBUG] TUN->SSH: 52 байт
2026-04-07 02:05:26,468 [DEBUG] TUN->SSH: 52 байт
2026-04-07 02:05:26,474 [DEBUG] SSH->TUN: 576 байт
2026-04-07 02:05:26,474 [DEBUG] SSH->TUN: 576 байт
2026-04-07 02:05:26,480 [DEBUG] SSH->TUN: 76 байт
2026-04-07 02:05:26,484 [DEBUG] SSH->TUN: 76 байт
2026-04-07 02:05:26,492 [DEBUG] SSH->TUN: 576 байт
2026-04-07 02:05:26,501 [DEBUG] TUN->SSH: 52 байт
2026-04-07 02:05:26,509 [DEBUG] SSH->TUN: 76 байт
2026-04-07 02:05:26,516 [DEBUG] SSH->TUN: 576 байт
2026-04-07 02:05:26,517 [DEBUG] SSH->TUN: 576 байт
2026-04-07 02:05:26,525 [DEBUG] TUN->SSH: 60 байт
2026-04-07 02:05:26,539 [DEBUG] SSH->TUN: 145 байт
2026-04-07 02:05:26,551 [DEBUG] SSH->TUN: 60 байт
2026-04-07 02:05:26,553 [DEBUG] TUN->SSH: 52 байт
2026-04-07 02:05:26,558 [DEBUG] SSH->TUN: 86 байт
2026-04-07 02:05:26,570 [DEBUG] TUN->SSH: 52 байт
2026-04-07 02:05:26,578 [DEBUG] SSH->TUN: 576 байт
2026-04-07 02:05:26,586 [DEBUG] SSH->TUN: 576 байт
2026-04-07 02:05:26,586 [DEBUG] SSH->TUN: 576 байт
2026-04-07 02:05:26,601 [DEBUG] TUN->SSH: 52 байт
2026-04-07 02:05:26,601 [DEBUG] SSH->TUN: 170 байт
2026-04-07 02:05:26,614 [DEBUG] TUN->SSH: 52 байт
2026-04-07 02:05:26,618 [DEBUG] SSH->TUN: 576 байт
2026-04-07 02:05:26,642 [DEBUG] TUN->SSH: 52 байт
2026-04-07 02:05:26,642 [DEBUG] SSH->TUN: 576 байт
2026-04-07 02:05:26,643 [DEBUG] SSH->TUN: 576 байт
2026-04-07 02:05:26,668 [DEBUG] SSH->TUN: 141 байт
2026-04-07 02:05:26,682 [DEBUG] TUN->SSH: 64 байт
2026-04-07 02:05:26,708 [DEBUG] TUN->SSH: 52 байт
2026-04-07 02:05:26,721 [DEBUG] SSH->TUN: 576 байт
2026-04-07 02:05:26,732 [DEBUG] TUN->SSH: 52 байт
2026-04-07 02:05:26,747 [DEBUG] SSH->TUN: 576 байт
2026-04-07 02:05:26,749 [DEBUG] SSH->TUN: 576 байт
2026-04-07 02:05:26,752 [DEBUG] TUN->SSH: 52 байт
2026-04-07 02:05:26,778 [DEBUG] TUN->SSH: 52 байт
2026-04-07 02:05:26,799 [DEBUG] TUN->SSH: 52 байт
2026-04-07 02:05:26,804 [DEBUG] SSH->TUN: 40 байт
2026-04-07 02:05:26,850 [DEBUG] TUN->SSH: 81 байт
2026-04-07 02:05:26,881 [DEBUG] TUN->SSH: 52 байт
2026-04-07 02:05:26,912 [DEBUG] TUN->SSH: 52 байт
2026-04-07 02:05:26,935 [DEBUG] SSH->TUN: 52 байт
2026-04-07 02:05:26,935 [DEBUG] TUN->SSH: 52 байт
2026-04-07 02:05:26,956 [DEBUG] TUN->SSH: 52 байт
2026-04-07 02:05:26,959 [DEBUG] SSH->TUN: 52 байт
2026-04-07 02:05:26,980 [DEBUG] SSH->TUN: 576 байт
2026-04-07 02:05:26,991 [DEBUG] TUN->SSH: 52 байт
2026-04-07 02:05:27,008 [DEBUG] SSH->TUN: 576 байт
2026-04-07 02:05:27,008 [DEBUG] SSH->TUN: 576 байт
2026-04-07 02:05:27,029 [DEBUG] TUN->SSH: 52 байт
2026-04-07 02:05:27,041 [DEBUG] SSH->TUN: 576 байт
2026-04-07 02:05:27,058 [DEBUG] TUN->SSH: 64 байт
2026-04-07 02:05:27,077 [DEBUG] TUN->SSH: 52 байт
2026-04-07 02:05:27,103 [DEBUG] TUN->SSH: 52 байт
2026-04-07 02:05:27,106 [DEBUG] SSH->TUN: 64 байт
2026-04-07 02:05:27,122 [DEBUG] SSH->TUN: 64 байт
2026-04-07 02:05:27,132 [DEBUG] TUN->SSH: 52 байт
2026-04-07 02:05:27,150 [DEBUG] SSH->TUN: 64 байт
2026-04-07 02:05:27,158 [DEBUG] TUN->SSH: 64 байт
2026-04-07 02:05:27,190 [DEBUG] TUN->SSH: 52 байт
2026-04-07 02:05:27,193 [DEBUG] SSH->TUN: 52 байт
2026-04-07 02:05:27,213 [DEBUG] SSH->TUN: 64 байт
2026-04-07 02:05:27,219 [DEBUG] TUN->SSH: 52 байт
2026-04-07 02:05:27,236 [DEBUG] SSH->TUN: 64 байт
2026-04-07 02:05:27,245 [DEBUG] SSH->TUN: 52 байт
2026-04-07 02:05:27,252 [DEBUG] TUN->SSH: 52 байт
2026-04-07 02:05:27,279 [DEBUG] TUN->SSH: 52 байт
2026-04-07 02:05:27,298 [DEBUG] TUN->SSH: 52 байт
2026-04-07 02:05:27,314 [DEBUG] TUN->SSH: 52 байт
2026-04-07 02:05:27,343 [DEBUG] TUN->SSH: 52 байт
2026-04-07 02:05:27,381 [DEBUG] TUN->SSH: 52 байт
2026-04-07 02:05:27,407 [DEBUG] TUN->SSH: 81 байт
2026-04-07 02:05:27,448 [DEBUG] TUN->SSH: 132 байт
2026-04-07 02:05:27,449 [DEBUG] SSH->TUN: 52 байт
2026-04-07 02:05:27,467 [DEBUG] SSH->TUN: 576 байт
2026-04-07 02:05:27,467 [DEBUG] SSH->TUN: 72 байт
2026-04-07 02:05:27,492 [DEBUG] TUN->SSH: 98 байт
2026-04-07 02:05:27,534 [DEBUG] SSH->TUN: 76 байт
2026-04-07 02:05:27,534 [DEBUG] SSH->TUN: 52 байт
2026-04-07 02:05:27,536 [DEBUG] TUN->SSH: 101 байт
2026-04-07 02:05:27,549 [DEBUG] SSH->TUN: 52 байт
2026-04-07 02:05:27,551 [DEBUG] SSH->TUN: 83 байт
2026-04-07 02:05:27,555 [DEBUG] TUN->SSH: 87 байт
2026-04-07 02:05:27,568 [DEBUG] SSH->TUN: 76 байт
2026-04-07 02:05:27,572 [DEBUG] SSH->TUN: 76 байт
2026-04-07 02:05:27,573 [DEBUG] SSH->TUN: 60 байт
2026-04-07 02:05:27,608 [DEBUG] TUN->SSH: 113 байт
2026-04-07 02:05:27,627 [DEBUG] SSH->TUN: 52 байт
2026-04-07 02:05:27,630 [DEBUG] TUN->SSH: 52 байт
2026-04-07 02:05:27,652 [DEBUG] SSH->TUN: 576 байт
2026-04-07 02:05:27,653 [DEBUG] SSH->TUN: 576 байт
2026-04-07 02:05:27,657 [DEBUG] TUN->SSH: 52 байт
2026-04-07 02:05:27,684 [DEBUG] TUN->SSH: 52 байт
2026-04-07 02:05:27,689 [DEBUG] SSH->TUN: 576 байт
2026-04-07 02:05:27,705 [DEBUG] SSH->TUN: 104 байт
2026-04-07 02:05:27,713 [DEBUG] TUN->SSH: 52 байт
2026-04-07 02:05:27,722 [DEBUG] SSH->TUN: 179 байт
2026-04-07 02:05:27,724 [DEBUG] SSH->TUN: 128 байт
2026-04-07 02:05:27,739 [DEBUG] TUN->SSH: 60 байт
2026-04-07 02:05:27,764 [DEBUG] SSH->TUN: 60 байт
2026-04-07 02:05:27,768 [DEBUG] TUN->SSH: 64 байт
2026-04-07 02:05:27,796 [DEBUG] TUN->SSH: 64 байт
2026-04-07 02:05:27,821 [DEBUG] TUN->SSH: 64 байт
2026-04-07 02:05:27,848 [DEBUG] TUN->SSH: 64 байт
2026-04-07 02:05:27,871 [DEBUG] SSH->TUN: 541 байт
2026-04-07 02:05:27,882 [DEBUG] TUN->SSH: 52 байт
2026-04-07 02:05:27,907 [DEBUG] TUN->SSH: 52 байт
2026-04-07 02:05:27,931 [DEBUG] TUN->SSH: 52 байт
2026-04-07 02:05:27,959 [DEBUG] TUN->SSH: 52 байт
2026-04-07 02:05:27,983 [DEBUG] TUN->SSH: 52 байт
2026-04-07 02:05:27,992 [DEBUG] SSH->TUN: 52 байт
2026-04-07 02:05:28,006 [DEBUG] TUN->SSH: 52 байт
2026-04-07 02:05:28,046 [DEBUG] TUN->SSH: 94 байт
2026-04-07 02:05:28,062 [DEBUG] SSH->TUN: 52 байт
2026-04-07 02:05:28,078 [DEBUG] SSH->TUN: 52 байт
2026-04-07 02:05:28,088 [DEBUG] TUN->SSH: 94 байт
2026-04-07 02:05:28,107 [DEBUG] SSH->TUN: 52 байт
2026-04-07 02:05:28,126 [DEBUG] TUN->SSH: 52 байт
2026-04-07 02:05:28,160 [DEBUG] TUN->SSH: 52 байт
2026-04-07 02:05:28,177 [DEBUG] SSH->TUN: 64 байт
2026-04-07 02:05:28,186 [DEBUG] TUN->SSH: 52 байт
2026-04-07 02:05:28,205 [DEBUG] SSH->TUN: 64 байт
2026-04-07 02:05:28,211 [DEBUG] TUN->SSH: 52 байт
2026-04-07 02:05:28,243 [DEBUG] TUN->SSH: 52 байт
2026-04-07 02:05:28,284 [DEBUG] TUN->SSH: 52 байт
2026-04-07 02:05:28,324 [DEBUG] TUN->SSH: 52 байт
2026-04-07 02:05:28,334 [INFO] Останавливаю туннель...
2026-04-07 02:05:28,337 [DEBUG] Восстановлен: default via 192.168.5.1 dev wlp0s20f3
2026-04-07 02:05:28,338 [DEBUG] Восстановлен: default via 192.168.5.1 dev wlp0s20f3
2026-04-07 02:05:28,338 [INFO] Маршруты восстановлены
2026-04-07 02:05:28,356 [INFO] Интерфейс strans-tun0 удалён
2026-04-07 02:05:28,356 [INFO] Остановлено
2026-04-07 02:05:28,356 [DEBUG] TUN->SSH: отменён
2026-04-07 02:05:28,356 [DEBUG] SSH->TUN: отменён
