2026-04-08 14:10:04,007 [INFO] === Запуск клиента ===
2026-04-08 14:10:04,007 [INFO] Лог файл: logs/client_20260408_141004.log
2026-04-08 14:10:04,008 [INFO] Подключаюсь к 217.154.79.223:24 как 'alice'
2026-04-08 14:10:04,238 [INFO] SSH соединение установлено
2026-04-08 14:10:04,320 [INFO] PUSH_REPLY: client_ip=198.19.0.4 server_ip=198.19.0.1 mtu=1280 stealth=0
2026-04-08 14:10:04,330 [INFO] Интерфейс strans-tun0:
28: strans-tun0: <POINTOPOINT,MULTICAST,NOARP,UP,LOWER_UP> mtu 1280 qdisc fq_codel state UP group default qlen 500
    link/none 
    inet 198.19.0.4 peer 198.19.0.1/32 scope global strans-tun0
       valid_lft forever preferred_lft forever
2026-04-08 14:10:04,400 [INFO] SSH tunnel канал открыт
2026-04-08 14:10:04,402 [INFO] Маршрут к серверу: 217.154.79.223 via 192.168.5.1 dev wlp0s20f3
2026-04-08 14:10:04,406 [INFO] Весь трафик через strans-tun0
2026-04-08 14:10:04,406 [INFO] Туннель активен.
2026-04-08 14:10:04,406 [INFO] Форвардинг запущен [stealth=0]
2026-04-08 14:10:04,711 [DEBUG] TUN->SSH: 60 байт
2026-04-08 14:10:04,711 [DEBUG] TUN->SSH: 60 байт
2026-04-08 14:10:04,719 [DEBUG] SSH->TUN: 489 байт
2026-04-08 14:10:04,721 [DEBUG] TUN->SSH: 60 байт
2026-04-08 14:10:04,721 [DEBUG] TUN->SSH: 52 байт
2026-04-08 14:10:04,774 [DEBUG] SSH->TUN: 60 байт
2026-04-08 14:10:04,774 [DEBUG] TUN->SSH: 52 байт
2026-04-08 14:10:04,774 [DEBUG] TUN->SSH: 1280 байт
2026-04-08 14:10:04,775 [DEBUG] TUN->SSH: 432 байт
2026-04-08 14:10:04,780 [DEBUG] SSH->TUN: 52 байт
2026-04-08 14:10:04,780 [DEBUG] TUN->SSH: 52 байт
2026-04-08 14:10:04,826 [DEBUG] SSH->TUN: 52 байт
2026-04-08 14:10:04,826 [DEBUG] SSH->TUN: 52 байт
2026-04-08 14:10:04,827 [DEBUG] SSH->TUN: 1280 байт
2026-04-08 14:10:04,827 [DEBUG] TUN->SSH: 52 байт
2026-04-08 14:10:04,832 [DEBUG] SSH->TUN: 1280 байт
2026-04-08 14:10:04,832 [DEBUG] TUN->SSH: 52 байт
2026-04-08 14:10:04,832 [DEBUG] SSH->TUN: 1280 байт
2026-04-08 14:10:04,833 [DEBUG] TUN->SSH: 52 байт
2026-04-08 14:10:04,857 [DEBUG] SSH->TUN: 464 байт
2026-04-08 14:10:04,858 [DEBUG] TUN->SSH: 52 байт
2026-04-08 14:10:04,858 [DEBUG] SSH->TUN: 1280 байт
2026-04-08 14:10:04,858 [DEBUG] TUN->SSH: 52 байт
2026-04-08 14:10:04,858 [DEBUG] SSH->TUN: 431 байт
2026-04-08 14:10:04,859 [DEBUG] TUN->SSH: 52 байт
2026-04-08 14:10:04,860 [DEBUG] TUN->SSH: 886 байт
2026-04-08 14:10:04,914 [DEBUG] SSH->TUN: 355 байт
2026-04-08 14:10:04,914 [DEBUG] SSH->TUN: 355 байт
2026-04-08 14:10:04,915 [DEBUG] TUN->SSH: 52 байт
2026-04-08 14:10:05,671 [DEBUG] TUN->SSH: 88 байт
2026-04-08 14:10:05,727 [DEBUG] SSH->TUN: 52 байт
2026-04-08 14:10:05,728 [DEBUG] TUN->SSH: 196 байт
2026-04-08 14:10:05,728 [DEBUG] TUN->SSH: 153 байт
2026-04-08 14:10:05,782 [DEBUG] SSH->TUN: 52 байт
2026-04-08 14:10:05,830 [DEBUG] SSH->TUN: 52 байт
2026-04-08 14:10:05,956 [DEBUG] TUN->SSH: 60 байт
2026-04-08 14:10:05,957 [DEBUG] TUN->SSH: 60 байт
2026-04-08 14:10:06,030 [DEBUG] SSH->TUN: 60 байт
2026-04-08 14:10:06,031 [DEBUG] TUN->SSH: 52 байт
2026-04-08 14:10:06,031 [DEBUG] SSH->TUN: 60 байт
2026-04-08 14:10:06,031 [DEBUG] TUN->SSH: 562 байт
2026-04-08 14:10:06,032 [DEBUG] TUN->SSH: 52 байт
2026-04-08 14:10:06,032 [DEBUG] TUN->SSH: 209 байт
2026-04-08 14:10:06,083 [DEBUG] SSH->TUN: 383 байт
2026-04-08 14:10:06,084 [DEBUG] TUN->SSH: 52 байт
2026-04-08 14:10:06,087 [DEBUG] SSH->TUN: 201 байт
2026-04-08 14:10:06,088 [DEBUG] TUN->SSH: 52 байт
2026-04-08 14:10:06,088 [DEBUG] TUN->SSH: 52 байт
2026-04-08 14:10:06,088 [DEBUG] TUN->SSH: 285 байт
2026-04-08 14:10:06,139 [DEBUG] SSH->TUN: 52 байт
2026-04-08 14:10:06,140 [DEBUG] TUN->SSH: 52 байт
2026-04-08 14:10:06,154 [DEBUG] SSH->TUN: 1280 байт
2026-04-08 14:10:06,155 [DEBUG] SSH->TUN: 1280 байт
2026-04-08 14:10:06,155 [DEBUG] TUN->SSH: 52 байт
2026-04-08 14:10:06,155 [DEBUG] SSH->TUN: 285 байт
2026-04-08 14:10:06,159 [DEBUG] TUN->SSH: 525 байт
2026-04-08 14:10:06,169 [DEBUG] SSH->TUN: 672 байт
2026-04-08 14:10:06,209 [DEBUG] TUN->SSH: 52 байт
2026-04-08 14:10:06,216 [DEBUG] SSH->TUN: 1280 байт
2026-04-08 14:10:06,217 [DEBUG] TUN->SSH: 52 байт
2026-04-08 14:10:06,217 [DEBUG] SSH->TUN: 1129 байт
2026-04-08 14:10:06,218 [DEBUG] TUN->SSH: 52 байт
2026-04-08 14:10:06,235 [DEBUG] SSH->TUN: 509 байт
2026-04-08 14:10:06,236 [DEBUG] TUN->SSH: 52 байт
2026-04-08 14:10:07,857 [DEBUG] SSH->TUN: 170 байт
2026-04-08 14:10:07,858 [DEBUG] TUN->SSH: 82 байт
2026-04-08 14:10:08,084 [DEBUG] SSH->TUN: 78 байт
2026-04-08 14:10:08,085 [DEBUG] SSH->TUN: 76 байт
2026-04-08 14:10:08,085 [DEBUG] TUN->SSH: 52 байт
2026-04-08 14:10:08,085 [DEBUG] TUN->SSH: 52 байт
2026-04-08 14:10:08,094 [DEBUG] TUN->SSH: 88 байт
2026-04-08 14:10:08,095 [DEBUG] TUN->SSH: 88 байт
2026-04-08 14:10:08,095 [DEBUG] TUN->SSH: 69 байт
2026-04-08 14:10:08,147 [DEBUG] SSH->TUN: 52 байт
2026-04-08 14:10:08,149 [DEBUG] SSH->TUN: 141 байт
2026-04-08 14:10:08,149 [DEBUG] TUN->SSH: 52 байт
2026-04-08 14:10:08,248 [DEBUG] SSH->TUN: 52 байт
2026-04-08 14:10:08,248 [DEBUG] TUN->SSH: 52 байт
2026-04-08 14:10:08,248 [DEBUG] SSH->TUN: 52 байт
2026-04-08 14:10:08,488 [DEBUG] SSH->TUN: 52 байт
2026-04-08 14:10:08,897 [DEBUG] SSH->TUN: 1280 байт
2026-04-08 14:10:08,898 [DEBUG] TUN->SSH: 40 байт
2026-04-08 14:10:09,583 [DEBUG] TUN->SSH: 52 байт
2026-04-08 14:10:09,678 [DEBUG] TUN->SSH: 52 байт
2026-04-08 14:10:09,767 [DEBUG] TUN->SSH: 52 байт
2026-04-08 14:10:09,802 [DEBUG] SSH->TUN: 52 байт
2026-04-08 14:10:09,803 [DEBUG] TUN->SSH: 52 байт
2026-04-08 14:10:10,279 [DEBUG] TUN->SSH: 52 байт
2026-04-08 14:10:10,316 [DEBUG] SSH->TUN: 52 байт
2026-04-08 14:10:10,316 [DEBUG] TUN->SSH: 52 байт
2026-04-08 14:10:11,087 [DEBUG] TUN->SSH: 60 байт
2026-04-08 14:10:11,122 [DEBUG] SSH->TUN: 60 байт
2026-04-08 14:10:11,123 [DEBUG] TUN->SSH: 52 байт
2026-04-08 14:10:11,123 [DEBUG] TUN->SSH: 150 байт
2026-04-08 14:10:11,156 [DEBUG] SSH->TUN: 52 байт
2026-04-08 14:10:11,156 [DEBUG] SSH->TUN: 229 байт
2026-04-08 14:10:11,156 [DEBUG] TUN->SSH: 52 байт
2026-04-08 14:10:11,159 [DEBUG] SSH->TUN: 181 байт
2026-04-08 14:10:11,159 [DEBUG] TUN->SSH: 52 байт
2026-04-08 14:10:11,159 [DEBUG] TUN->SSH: 52 байт
2026-04-08 14:10:11,160 [DEBUG] TUN->SSH: 60 байт
2026-04-08 14:10:11,200 [DEBUG] SSH->TUN: 52 байт
2026-04-08 14:10:11,200 [DEBUG] TUN->SSH: 52 байт
2026-04-08 14:10:11,272 [DEBUG] SSH->TUN: 76 байт
2026-04-08 14:10:11,273 [DEBUG] TUN->SSH: 80 байт
2026-04-08 14:10:11,303 [DEBUG] TUN->SSH: 52 байт
2026-04-08 14:10:11,306 [DEBUG] SSH->TUN: 52 байт
2026-04-08 14:10:11,317 [DEBUG] SSH->TUN: 60 байт
2026-04-08 14:10:11,317 [DEBUG] TUN->SSH: 52 байт
2026-04-08 14:10:11,317 [DEBUG] TUN->SSH: 1280 байт
2026-04-08 14:10:11,318 [DEBUG] TUN->SSH: 918 байт
2026-04-08 14:10:11,337 [DEBUG] SSH->TUN: 52 байт
2026-04-08 14:10:11,337 [DEBUG] TUN->SSH: 52 байт
2026-04-08 14:10:11,466 [DEBUG] SSH->TUN: 944 байт
2026-04-08 14:10:11,467 [DEBUG] TUN->SSH: 52 байт
2026-04-08 14:10:11,478 [DEBUG] SSH->TUN: 52 байт
2026-04-08 14:10:11,478 [DEBUG] SSH->TUN: 52 байт
2026-04-08 14:10:11,479 [DEBUG] SSH->TUN: 1280 байт
2026-04-08 14:10:11,479 [DEBUG] TUN->SSH: 52 байт
2026-04-08 14:10:11,479 [DEBUG] SSH->TUN: 1280 байт
2026-04-08 14:10:11,480 [DEBUG] TUN->SSH: 52 байт
2026-04-08 14:10:11,480 [DEBUG] SSH->TUN: 1280 байт
2026-04-08 14:10:11,480 [DEBUG] TUN->SSH: 52 байт
2026-04-08 14:10:11,480 [DEBUG] SSH->TUN: 464 байт
2026-04-08 14:10:11,481 [DEBUG] TUN->SSH: 52 байт
2026-04-08 14:10:11,500 [DEBUG] SSH->TUN: 929 байт
2026-04-08 14:10:11,501 [DEBUG] TUN->SSH: 52 байт
2026-04-08 14:10:11,501 [DEBUG] TUN->SSH: 132 байт
2026-04-08 14:10:11,502 [DEBUG] TUN->SSH: 782 байт
2026-04-08 14:10:11,623 [DEBUG] TUN->SSH: 52 байт
2026-04-08 14:10:11,659 [DEBUG] SSH->TUN: 371 байт
2026-04-08 14:10:11,659 [DEBUG] SSH->TUN: 371 байт
2026-04-08 14:10:11,660 [DEBUG] TUN->SSH: 52 байт
2026-04-08 14:10:11,660 [DEBUG] SSH->TUN: 357 байт
2026-04-08 14:10:11,662 [DEBUG] TUN->SSH: 126 байт
2026-04-08 14:10:11,970 [DEBUG] SSH->TUN: 52 байт
2026-04-08 14:10:12,760 [DEBUG] SSH->TUN: 76 байт
2026-04-08 14:10:12,760 [DEBUG] TUN->SSH: 80 байт
2026-04-08 14:10:12,793 [DEBUG] SSH->TUN: 52 байт
2026-04-08 14:10:13,351 [DEBUG] TUN->SSH: 52 байт
2026-04-08 14:10:13,432 [DEBUG] TUN->SSH: 52 байт
2026-04-08 14:10:13,432 [DEBUG] SSH->TUN: 52 байт
2026-04-08 14:10:13,669 [DEBUG] TUN->SSH: 60 байт
2026-04-08 14:10:13,671 [DEBUG] TUN->SSH: 52 байт
2026-04-08 14:10:13,706 [DEBUG] SSH->TUN: 60 байт
2026-04-08 14:10:13,707 [DEBUG] TUN->SSH: 52 байт
2026-04-08 14:10:13,707 [DEBUG] TUN->SSH: 110 байт
2026-04-08 14:10:13,743 [DEBUG] SSH->TUN: 52 байт
2026-04-08 14:10:13,746 [DEBUG] SSH->TUN: 109 байт
2026-04-08 14:10:13,746 [DEBUG] TUN->SSH: 52 байт
2026-04-08 14:10:13,747 [DEBUG] SSH->TUN: 97 байт
2026-04-08 14:10:13,747 [DEBUG] TUN->SSH: 52 байт
2026-04-08 14:10:13,747 [DEBUG] TUN->SSH: 52 байт
2026-04-08 14:10:13,747 [DEBUG] TUN->SSH: 60 байт
2026-04-08 14:10:13,780 [DEBUG] TUN->SSH: 52 байт
2026-04-08 14:10:13,780 [DEBUG] SSH->TUN: 52 байт
2026-04-08 14:10:13,780 [DEBUG] SSH->TUN: 60 байт
2026-04-08 14:10:13,781 [DEBUG] TUN->SSH: 52 байт
2026-04-08 14:10:13,781 [DEBUG] TUN->SSH: 1280 байт
2026-04-08 14:10:13,781 [DEBUG] TUN->SSH: 814 байт
2026-04-08 14:10:13,824 [DEBUG] SSH->TUN: 52 байт
2026-04-08 14:10:13,824 [DEBUG] SSH->TUN: 52 байт
2026-04-08 14:10:13,824 [DEBUG] SSH->TUN: 1280 байт
2026-04-08 14:10:13,825 [DEBUG] SSH->TUN: 199 байт
2026-04-08 14:10:13,826 [DEBUG] TUN->SSH: 52 байт
2026-04-08 14:10:13,827 [DEBUG] TUN->SSH: 52 байт
2026-04-08 14:10:13,828 [DEBUG] TUN->SSH: 116 байт
2026-04-08 14:10:13,829 [DEBUG] TUN->SSH: 144 байт
2026-04-08 14:10:13,832 [DEBUG] TUN->SSH: 1280 байт
2026-04-08 14:10:13,832 [DEBUG] TUN->SSH: 1280 байт
2026-04-08 14:10:13,833 [DEBUG] TUN->SSH: 713 байт
2026-04-08 14:10:13,833 [DEBUG] TUN->SSH: 1280 байт
2026-04-08 14:10:13,833 [DEBUG] TUN->SSH: 1280 байт
2026-04-08 14:10:13,834 [DEBUG] TUN->SSH: 1280 байт
2026-04-08 14:10:13,834 [DEBUG] TUN->SSH: 1280 байт
2026-04-08 14:10:13,835 [DEBUG] TUN->SSH: 1280 байт
2026-04-08 14:10:13,863 [DEBUG] SSH->TUN: 580 байт
2026-04-08 14:10:13,864 [DEBUG] TUN->SSH: 1280 байт
2026-04-08 14:10:13,864 [DEBUG] SSH->TUN: 83 байт
2026-04-08 14:10:13,864 [DEBUG] TUN->SSH: 608 байт
2026-04-08 14:10:13,865 [DEBUG] TUN->SSH: 83 байт
2026-04-08 14:10:13,865 [DEBUG] SSH->TUN: 52 байт
2026-04-08 14:10:13,865 [DEBUG] SSH->TUN: 52 байт
2026-04-08 14:10:13,891 [DEBUG] SSH->TUN: 52 байт
2026-04-08 14:10:13,893 [DEBUG] SSH->TUN: 52 байт
2026-04-08 14:10:13,897 [DEBUG] SSH->TUN: 52 байт
2026-04-08 14:10:13,937 [DEBUG] SSH->TUN: 52 байт
2026-04-08 14:10:14,710 [DEBUG] TUN->SSH: 1280 байт
2026-04-08 14:10:14,710 [DEBUG] TUN->SSH: 1280 байт
2026-04-08 14:10:14,711 [DEBUG] TUN->SSH: 808 байт
2026-04-08 14:10:14,754 [DEBUG] SSH->TUN: 52 байт
2026-04-08 14:10:14,757 [DEBUG] SSH->TUN: 52 байт
2026-04-08 14:10:14,757 [DEBUG] SSH->TUN: 52 байт
2026-04-08 14:10:15,014 [DEBUG] SSH->TUN: 534 байт
2026-04-08 14:10:15,014 [DEBUG] SSH->TUN: 450 байт
2026-04-08 14:10:15,014 [DEBUG] TUN->SSH: 52 байт
2026-04-08 14:10:15,015 [DEBUG] SSH->TUN: 83 байт
2026-04-08 14:10:15,050 [DEBUG] TUN->SSH: 60 байт
2026-04-08 14:10:15,057 [DEBUG] TUN->SSH: 52 байт
2026-04-08 14:10:15,072 [DEBUG] SSH->TUN: 83 байт
2026-04-08 14:10:15,073 [DEBUG] TUN->SSH: 64 байт
2026-04-08 14:10:15,083 [DEBUG] SSH->TUN: 60 байт
2026-04-08 14:10:15,084 [DEBUG] TUN->SSH: 52 байт
2026-04-08 14:10:15,084 [DEBUG] TUN->SSH: 97 байт
2026-04-08 14:10:15,117 [DEBUG] SSH->TUN: 52 байт
2026-04-08 14:10:15,118 [DEBUG] SSH->TUN: 97 байт
2026-04-08 14:10:15,118 [DEBUG] TUN->SSH: 52 байт
2026-04-08 14:10:15,118 [DEBUG] TUN->SSH: 52 байт
2026-04-08 14:10:15,119 [DEBUG] TUN->SSH: 60 байт
2026-04-08 14:10:15,124 [DEBUG] TUN->SSH: 60 байт
2026-04-08 14:10:15,152 [DEBUG] TUN->SSH: 52 байт
2026-04-08 14:10:15,152 [DEBUG] SSH->TUN: 52 байт
2026-04-08 14:10:15,153 [DEBUG] SSH->TUN: 60 байт
2026-04-08 14:10:15,153 [DEBUG] TUN->SSH: 52 байт
2026-04-08 14:10:15,153 [DEBUG] TUN->SSH: 94 байт
2026-04-08 14:10:15,159 [DEBUG] SSH->TUN: 60 байт
2026-04-08 14:10:15,160 [DEBUG] TUN->SSH: 52 байт
2026-04-08 14:10:15,160 [DEBUG] TUN->SSH: 124 байт
2026-04-08 14:10:15,186 [DEBUG] SSH->TUN: 52 байт
2026-04-08 14:10:15,187 [DEBUG] SSH->TUN: 94 байт
2026-04-08 14:10:15,187 [DEBUG] TUN->SSH: 52 байт
2026-04-08 14:10:15,188 [DEBUG] TUN->SSH: 52 байт
2026-04-08 14:10:15,188 [DEBUG] TUN->SSH: 60 байт
2026-04-08 14:10:15,193 [DEBUG] SSH->TUN: 52 байт
2026-04-08 14:10:15,194 [DEBUG] SSH->TUN: 144 байт
2026-04-08 14:10:15,195 [DEBUG] TUN->SSH: 52 байт
2026-04-08 14:10:15,195 [DEBUG] SSH->TUN: 120 байт
2026-04-08 14:10:15,196 [DEBUG] TUN->SSH: 52 байт
2026-04-08 14:10:15,196 [DEBUG] TUN->SSH: 52 байт
2026-04-08 14:10:15,196 [DEBUG] TUN->SSH: 60 байт
2026-04-08 14:10:15,221 [DEBUG] SSH->TUN: 60 байт
2026-04-08 14:10:15,221 [DEBUG] TUN->SSH: 52 байт
2026-04-08 14:10:15,222 [DEBUG] TUN->SSH: 98 байт
2026-04-08 14:10:15,222 [DEBUG] SSH->TUN: 52 байт
2026-04-08 14:10:15,222 [DEBUG] TUN->SSH: 52 байт
2026-04-08 14:10:15,228 [DEBUG] SSH->TUN: 52 байт
2026-04-08 14:10:15,228 [DEBUG] TUN->SSH: 52 байт
2026-04-08 14:10:15,230 [DEBUG] SSH->TUN: 60 байт
2026-04-08 14:10:15,231 [DEBUG] TUN->SSH: 52 байт
2026-04-08 14:10:15,231 [DEBUG] TUN->SSH: 1280 байт
2026-04-08 14:10:15,231 [DEBUG] TUN->SSH: 885 байт
2026-04-08 14:10:15,258 [DEBUG] SSH->TUN: 52 байт
2026-04-08 14:10:15,264 [DEBUG] SSH->TUN: 98 байт
2026-04-08 14:10:15,264 [DEBUG] TUN->SSH: 52 байт
2026-04-08 14:10:15,265 [DEBUG] TUN->SSH: 52 байт
2026-04-08 14:10:15,265 [DEBUG] TUN->SSH: 60 байт
2026-04-08 14:10:15,269 [DEBUG] SSH->TUN: 52 байт
2026-04-08 14:10:15,270 [DEBUG] SSH->TUN: 52 байт
2026-04-08 14:10:15,274 [DEBUG] SSH->TUN: 1280 байт
2026-04-08 14:10:15,274 [DEBUG] TUN->SSH: 52 байт
2026-04-08 14:10:15,275 [DEBUG] SSH->TUN: 199 байт
2026-04-08 14:10:15,275 [DEBUG] TUN->SSH: 52 байт
2026-04-08 14:10:15,275 [DEBUG] TUN->SSH: 116 байт
2026-04-08 14:10:15,276 [DEBUG] TUN->SSH: 144 байт
2026-04-08 14:10:15,276 [DEBUG] TUN->SSH: 690 байт
2026-04-08 14:10:15,276 [DEBUG] TUN->SSH: 1280 байт
2026-04-08 14:10:15,277 [DEBUG] TUN->SSH: 1069 байт
2026-04-08 14:10:15,298 [DEBUG] SSH->TUN: 60 байт
2026-04-08 14:10:15,299 [DEBUG] TUN->SSH: 52 байт
2026-04-08 14:10:15,299 [DEBUG] TUN->SSH: 93 байт
2026-04-08 14:10:15,300 [DEBUG] SSH->TUN: 52 байт
2026-04-08 14:10:15,300 [DEBUG] TUN->SSH: 52 байт
2026-04-08 14:10:15,309 [DEBUG] SSH->TUN: 564 байт
2026-04-08 14:10:15,309 [DEBUG] TUN->SSH: 83 байт
2026-04-08 14:10:15,311 [DEBUG] SSH->TUN: 83 байт
2026-04-08 14:10:15,311 [DEBUG] SSH->TUN: 52 байт
2026-04-08 14:10:15,322 [DEBUG] SSH->TUN: 241 байт
2026-04-08 14:10:15,323 [DEBUG] TUN->SSH: 52 байт
2026-04-08 14:10:15,323 [DEBUG] SSH->TUN: 94 байт
2026-04-08 14:10:15,323 [DEBUG] SSH->TUN: 83 байт
2026-04-08 14:10:15,323 [DEBUG] TUN->SSH: 52 байт
2026-04-08 14:10:15,333 [DEBUG] SSH->TUN: 52 байт
2026-04-08 14:10:15,334 [DEBUG] SSH->TUN: 93 байт
2026-04-08 14:10:15,334 [DEBUG] TUN->SSH: 52 байт
2026-04-08 14:10:15,334 [DEBUG] TUN->SSH: 52 байт
2026-04-08 14:10:15,334 [DEBUG] TUN->SSH: 60 байт
2026-04-08 14:10:15,372 [DEBUG] SSH->TUN: 52 байт
2026-04-08 14:10:15,373 [DEBUG] TUN->SSH: 52 байт
2026-04-08 14:10:15,376 [DEBUG] SSH->TUN: 60 байт
2026-04-08 14:10:15,376 [DEBUG] TUN->SSH: 52 байт
2026-04-08 14:10:15,376 [DEBUG] TUN->SSH: 95 байт
2026-04-08 14:10:15,385 [DEBUG] SSH->TUN: 52 байт
2026-04-08 14:10:15,409 [DEBUG] SSH->TUN: 52 байт
2026-04-08 14:10:15,409 [DEBUG] SSH->TUN: 95 байт
2026-04-08 14:10:15,410 [DEBUG] TUN->SSH: 52 байт
2026-04-08 14:10:15,410 [DEBUG] TUN->SSH: 52 байт
2026-04-08 14:10:15,410 [DEBUG] TUN->SSH: 60 байт
2026-04-08 14:10:15,443 [DEBUG] SSH->TUN: 52 байт
2026-04-08 14:10:15,443 [DEBUG] TUN->SSH: 52 байт
2026-04-08 14:10:15,455 [DEBUG] SSH->TUN: 60 байт
2026-04-08 14:10:15,456 [DEBUG] TUN->SSH: 52 байт
2026-04-08 14:10:15,456 [DEBUG] TUN->SSH: 95 байт
2026-04-08 14:10:15,489 [DEBUG] SSH->TUN: 52 байт
2026-04-08 14:10:15,489 [DEBUG] SSH->TUN: 95 байт
2026-04-08 14:10:15,490 [DEBUG] TUN->SSH: 52 байт
2026-04-08 14:10:15,490 [DEBUG] TUN->SSH: 52 байт
2026-04-08 14:10:15,491 [DEBUG] TUN->SSH: 60 байт
2026-04-08 14:10:15,523 [DEBUG] SSH->TUN: 52 байт
2026-04-08 14:10:15,523 [DEBUG] TUN->SSH: 52 байт
2026-04-08 14:10:15,524 [DEBUG] SSH->TUN: 60 байт
2026-04-08 14:10:15,524 [DEBUG] TUN->SSH: 52 байт
2026-04-08 14:10:15,524 [DEBUG] TUN->SSH: 95 байт
2026-04-08 14:10:15,558 [DEBUG] SSH->TUN: 52 байт
2026-04-08 14:10:15,558 [DEBUG] SSH->TUN: 95 байт
2026-04-08 14:10:15,558 [DEBUG] TUN->SSH: 52 байт
2026-04-08 14:10:15,559 [DEBUG] TUN->SSH: 52 байт
2026-04-08 14:10:15,559 [DEBUG] TUN->SSH: 60 байт
2026-04-08 14:10:15,597 [DEBUG] TUN->SSH: 52 байт
2026-04-08 14:10:15,597 [DEBUG] SSH->TUN: 52 байт
2026-04-08 14:10:15,597 [DEBUG] SSH->TUN: 60 байт
2026-04-08 14:10:15,598 [DEBUG] TUN->SSH: 52 байт
2026-04-08 14:10:15,598 [DEBUG] TUN->SSH: 95 байт
2026-04-08 14:10:15,632 [DEBUG] SSH->TUN: 52 байт
2026-04-08 14:10:15,632 [DEBUG] SSH->TUN: 95 байт
2026-04-08 14:10:15,633 [DEBUG] TUN->SSH: 52 байт
2026-04-08 14:10:15,633 [DEBUG] TUN->SSH: 52 байт
2026-04-08 14:10:15,634 [DEBUG] TUN->SSH: 60 байт
2026-04-08 14:10:15,668 [DEBUG] TUN->SSH: 52 байт
2026-04-08 14:10:15,669 [DEBUG] SSH->TUN: 52 байт
2026-04-08 14:10:15,669 [DEBUG] SSH->TUN: 60 байт
2026-04-08 14:10:15,669 [DEBUG] TUN->SSH: 52 байт
2026-04-08 14:10:15,670 [DEBUG] TUN->SSH: 95 байт
2026-04-08 14:10:15,706 [DEBUG] SSH->TUN: 52 байт
2026-04-08 14:10:15,707 [DEBUG] SSH->TUN: 95 байт
2026-04-08 14:10:15,707 [DEBUG] TUN->SSH: 52 байт
2026-04-08 14:10:15,708 [DEBUG] TUN->SSH: 52 байт
2026-04-08 14:10:15,708 [DEBUG] TUN->SSH: 60 байт
2026-04-08 14:10:15,719 [DEBUG] TUN->SSH: 52 байт
2026-04-08 14:10:15,740 [DEBUG] TUN->SSH: 52 байт
2026-04-08 14:10:15,740 [DEBUG] SSH->TUN: 52 байт
2026-04-08 14:10:15,741 [DEBUG] SSH->TUN: 60 байт
2026-04-08 14:10:15,741 [DEBUG] TUN->SSH: 52 байт
2026-04-08 14:10:15,741 [DEBUG] TUN->SSH: 95 байт
2026-04-08 14:10:15,773 [DEBUG] SSH->TUN: 52 байт
2026-04-08 14:10:15,774 [DEBUG] SSH->TUN: 95 байт
2026-04-08 14:10:15,774 [DEBUG] TUN->SSH: 52 байт
2026-04-08 14:10:15,774 [DEBUG] TUN->SSH: 52 байт
2026-04-08 14:10:15,775 [DEBUG] TUN->SSH: 60 байт
2026-04-08 14:10:15,808 [DEBUG] SSH->TUN: 52 байт
2026-04-08 14:10:15,808 [DEBUG] TUN->SSH: 52 байт
2026-04-08 14:10:15,809 [DEBUG] SSH->TUN: 60 байт
2026-04-08 14:10:15,809 [DEBUG] TUN->SSH: 52 байт
2026-04-08 14:10:15,809 [DEBUG] TUN->SSH: 95 байт
2026-04-08 14:10:15,842 [DEBUG] SSH->TUN: 52 байт
2026-04-08 14:10:15,842 [DEBUG] SSH->TUN: 95 байт
2026-04-08 14:10:15,842 [DEBUG] TUN->SSH: 52 байт
2026-04-08 14:10:15,843 [DEBUG] TUN->SSH: 52 байт
2026-04-08 14:10:15,843 [DEBUG] TUN->SSH: 60 байт
2026-04-08 14:10:15,876 [DEBUG] SSH->TUN: 52 байт
2026-04-08 14:10:15,876 [DEBUG] TUN->SSH: 52 байт
2026-04-08 14:10:15,877 [DEBUG] SSH->TUN: 60 байт
2026-04-08 14:10:15,877 [DEBUG] TUN->SSH: 52 байт
2026-04-08 14:10:15,877 [DEBUG] TUN->SSH: 95 байт
2026-04-08 14:10:15,910 [DEBUG] SSH->TUN: 52 байт
2026-04-08 14:10:15,911 [DEBUG] SSH->TUN: 95 байт
2026-04-08 14:10:15,911 [DEBUG] TUN->SSH: 52 байт
2026-04-08 14:10:15,911 [DEBUG] TUN->SSH: 52 байт
2026-04-08 14:10:15,912 [DEBUG] TUN->SSH: 60 байт
2026-04-08 14:10:15,944 [DEBUG] SSH->TUN: 52 байт
2026-04-08 14:10:15,944 [DEBUG] TUN->SSH: 52 байт
2026-04-08 14:10:15,946 [DEBUG] SSH->TUN: 60 байт
2026-04-08 14:10:15,946 [DEBUG] TUN->SSH: 52 байт
2026-04-08 14:10:15,946 [DEBUG] TUN->SSH: 95 байт
2026-04-08 14:10:15,996 [DEBUG] SSH->TUN: 52 байт
2026-04-08 14:10:15,996 [DEBUG] SSH->TUN: 95 байт
2026-04-08 14:10:15,996 [DEBUG] TUN->SSH: 52 байт
2026-04-08 14:10:15,997 [DEBUG] TUN->SSH: 52 байт
2026-04-08 14:10:15,997 [DEBUG] TUN->SSH: 60 байт
2026-04-08 14:10:16,034 [DEBUG] SSH->TUN: 52 байт
2026-04-08 14:10:16,034 [DEBUG] SSH->TUN: 60 байт
2026-04-08 14:10:16,037 [DEBUG] TUN->SSH: 52 байт
2026-04-08 14:10:16,043 [DEBUG] TUN->SSH: 52 байт
2026-04-08 14:10:16,046 [DEBUG] TUN->SSH: 95 байт
2026-04-08 14:10:16,052 [DEBUG] TUN->SSH: 381 байт
2026-04-08 14:10:16,081 [DEBUG] SSH->TUN: 52 байт
2026-04-08 14:10:16,081 [DEBUG] SSH->TUN: 149 байт
2026-04-08 14:10:16,082 [DEBUG] TUN->SSH: 52 байт
2026-04-08 14:10:16,082 [DEBUG] TUN->SSH: 52 байт
2026-04-08 14:10:16,082 [DEBUG] TUN->SSH: 60 байт
2026-04-08 14:10:16,111 [DEBUG] SSH->TUN: 1280 байт
2026-04-08 14:10:16,111 [DEBUG] TUN->SSH: 52 байт
2026-04-08 14:10:16,111 [DEBUG] SSH->TUN: 285 байт
2026-04-08 14:10:16,112 [DEBUG] TUN->SSH: 52 байт
2026-04-08 14:10:16,115 [DEBUG] TUN->SSH: 52 байт
2026-04-08 14:10:16,116 [DEBUG] SSH->TUN: 52 байт
2026-04-08 14:10:16,116 [DEBUG] SSH->TUN: 60 байт
2026-04-08 14:10:16,116 [DEBUG] TUN->SSH: 52 байт
2026-04-08 14:10:16,117 [DEBUG] TUN->SSH: 144 байт
2026-04-08 14:10:16,149 [DEBUG] SSH->TUN: 52 байт
2026-04-08 14:10:16,149 [DEBUG] SSH->TUN: 144 байт
2026-04-08 14:10:16,149 [DEBUG] TUN->SSH: 52 байт
2026-04-08 14:10:16,150 [DEBUG] TUN->SSH: 52 байт
2026-04-08 14:10:16,150 [DEBUG] TUN->SSH: 60 байт
2026-04-08 14:10:16,170 [DEBUG] TUN->SSH: 397 байт
2026-04-08 14:10:16,186 [DEBUG] TUN->SSH: 52 байт
2026-04-08 14:10:16,187 [DEBUG] SSH->TUN: 52 байт
2026-04-08 14:10:16,187 [DEBUG] SSH->TUN: 60 байт
2026-04-08 14:10:16,187 [DEBUG] TUN->SSH: 52 байт
2026-04-08 14:10:16,188 [DEBUG] TUN->SSH: 144 байт
2026-04-08 14:10:16,220 [DEBUG] SSH->TUN: 52 байт
2026-04-08 14:10:16,220 [DEBUG] SSH->TUN: 144 байт
2026-04-08 14:10:16,221 [DEBUG] TUN->SSH: 52 байт
2026-04-08 14:10:16,221 [DEBUG] TUN->SSH: 52 байт
2026-04-08 14:10:16,222 [DEBUG] TUN->SSH: 60 байт
2026-04-08 14:10:16,253 [DEBUG] TUN->SSH: 52 байт
2026-04-08 14:10:16,253 [DEBUG] SSH->TUN: 52 байт
2026-04-08 14:10:16,255 [DEBUG] SSH->TUN: 60 байт
2026-04-08 14:10:16,256 [DEBUG] TUN->SSH: 52 байт
2026-04-08 14:10:16,256 [DEBUG] TUN->SSH: 144 байт
2026-04-08 14:10:16,267 [DEBUG] SSH->TUN: 52 байт
2026-04-08 14:10:16,302 [DEBUG] SSH->TUN: 52 байт
2026-04-08 14:10:16,303 [DEBUG] SSH->TUN: 144 байт
2026-04-08 14:10:16,304 [DEBUG] TUN->SSH: 52 байт
2026-04-08 14:10:16,304 [DEBUG] TUN->SSH: 52 байт
2026-04-08 14:10:16,337 [DEBUG] TUN->SSH: 52 байт
2026-04-08 14:10:16,338 [DEBUG] SSH->TUN: 52 байт
2026-04-08 14:10:16,423 [DEBUG] TUN->SSH: 52 байт
2026-04-08 14:10:16,424 [DEBUG] TUN->SSH: 52 байт
2026-04-08 14:10:16,456 [DEBUG] SSH->TUN: 52 байт
2026-04-08 14:10:16,457 [DEBUG] TUN->SSH: 52 байт
2026-04-08 14:10:16,500 [DEBUG] SSH->TUN: 52 байт
2026-04-08 14:10:16,501 [DEBUG] TUN->SSH: 52 байт
2026-04-08 14:10:17,602 [DEBUG] SSH->TUN: 261 байт
2026-04-08 14:10:17,602 [DEBUG] TUN->SSH: 52 байт
2026-04-08 14:10:17,603 [DEBUG] SSH->TUN: 530 байт
2026-04-08 14:10:17,603 [DEBUG] TUN->SSH: 52 байт
2026-04-08 14:10:17,767 [DEBUG] TUN->SSH: 52 байт
2026-04-08 14:10:18,052 [DEBUG] SSH->TUN: 163 байт
2026-04-08 14:10:18,053 [DEBUG] TUN->SSH: 52 байт
2026-04-08 14:10:18,053 [DEBUG] SSH->TUN: 128 байт
2026-04-08 14:10:18,053 [DEBUG] TUN->SSH: 52 байт
2026-04-08 14:10:18,053 [DEBUG] SSH->TUN: 131 байт
2026-04-08 14:10:18,054 [DEBUG] TUN->SSH: 52 байт
2026-04-08 14:10:18,054 [DEBUG] SSH->TUN: 285 байт
2026-04-08 14:10:18,054 [DEBUG] TUN->SSH: 52 байт
2026-04-08 14:10:18,080 [DEBUG] SSH->TUN: 107 байт
2026-04-08 14:10:18,081 [DEBUG] TUN->SSH: 52 байт
2026-04-08 14:10:18,085 [DEBUG] SSH->TUN: 84 байт
2026-04-08 14:10:18,086 [DEBUG] TUN->SSH: 52 байт
2026-04-08 14:10:18,086 [DEBUG] SSH->TUN: 83 байт
2026-04-08 14:10:18,086 [DEBUG] TUN->SSH: 52 байт
2026-04-08 14:10:19,098 [DEBUG] TUN->SSH: 1280 байт
2026-04-08 14:10:19,098 [DEBUG] TUN->SSH: 1280 байт
2026-04-08 14:10:19,098 [DEBUG] TUN->SSH: 931 байт
2026-04-08 14:10:19,138 [DEBUG] SSH->TUN: 52 байт
2026-04-08 14:10:19,138 [DEBUG] SSH->TUN: 52 байт
2026-04-08 14:10:19,138 [DEBUG] SSH->TUN: 52 байт
2026-04-08 14:10:19,657 [DEBUG] SSH->TUN: 168 байт
2026-04-08 14:10:19,657 [DEBUG] TUN->SSH: 52 байт
2026-04-08 14:10:19,657 [DEBUG] SSH->TUN: 105 байт
2026-04-08 14:10:19,657 [DEBUG] TUN->SSH: 52 байт
2026-04-08 14:10:19,658 [DEBUG] TUN->SSH: 52 байт
2026-04-08 14:10:19,658 [DEBUG] SSH->TUN: 83 байт
2026-04-08 14:10:19,658 [DEBUG] TUN->SSH: 87 байт
2026-04-08 14:10:19,699 [DEBUG] TUN->SSH: 52 байт
2026-04-08 14:10:19,700 [DEBUG] SSH->TUN: 52 байт
2026-04-08 14:10:19,815 [DEBUG] TUN->SSH: 52 байт
2026-04-08 14:10:21,036 [DEBUG] TUN->SSH: 1280 байт
2026-04-08 14:10:21,037 [DEBUG] TUN->SSH: 1280 байт
2026-04-08 14:10:21,037 [DEBUG] TUN->SSH: 896 байт
2026-04-08 14:10:21,080 [DEBUG] SSH->TUN: 52 байт
2026-04-08 14:10:21,080 [DEBUG] SSH->TUN: 52 байт
2026-04-08 14:10:21,080 [DEBUG] SSH->TUN: 52 байт
2026-04-08 14:10:21,094 [DEBUG] TUN->SSH: 88 байт
2026-04-08 14:10:21,095 [DEBUG] TUN->SSH: 88 байт
2026-04-08 14:10:21,095 [DEBUG] TUN->SSH: 88 байт
2026-04-08 14:10:21,096 [DEBUG] TUN->SSH: 88 байт
2026-04-08 14:10:21,096 [DEBUG] TUN->SSH: 88 байт
2026-04-08 14:10:21,096 [DEBUG] TUN->SSH: 88 байт
2026-04-08 14:10:21,097 [DEBUG] TUN->SSH: 88 байт
2026-04-08 14:10:21,097 [DEBUG] TUN->SSH: 88 байт
2026-04-08 14:10:21,097 [DEBUG] TUN->SSH: 88 байт
2026-04-08 14:10:21,098 [DEBUG] TUN->SSH: 88 байт
2026-04-08 14:10:21,098 [DEBUG] TUN->SSH: 88 байт
2026-04-08 14:10:21,099 [DEBUG] TUN->SSH: 69 байт
2026-04-08 14:10:21,099 [DEBUG] TUN->SSH: 88 байт
2026-04-08 14:10:21,099 [DEBUG] TUN->SSH: 53 байт
2026-04-08 14:10:21,155 [DEBUG] SSH->TUN: 52 байт
2026-04-08 14:10:21,155 [DEBUG] SSH->TUN: 52 байт
2026-04-08 14:10:21,156 [DEBUG] SSH->TUN: 52 байт
2026-04-08 14:10:21,156 [DEBUG] SSH->TUN: 52 байт
2026-04-08 14:10:21,156 [DEBUG] SSH->TUN: 52 байт
2026-04-08 14:10:21,156 [DEBUG] SSH->TUN: 141 байт
2026-04-08 14:10:21,157 [DEBUG] TUN->SSH: 52 байт
2026-04-08 14:10:21,157 [DEBUG] SSH->TUN: 141 байт
2026-04-08 14:10:21,158 [DEBUG] TUN->SSH: 52 байт
2026-04-08 14:10:21,863 [DEBUG] TUN->SSH: 52 байт
2026-04-08 14:10:22,726 [DEBUG] SSH->TUN: 178 байт
2026-04-08 14:10:22,727 [DEBUG] SSH->TUN: 1280 байт
2026-04-08 14:10:22,727 [DEBUG] TUN->SSH: 52 байт
2026-04-08 14:10:22,728 [DEBUG] SSH->TUN: 215 байт
2026-04-08 14:10:22,728 [DEBUG] SSH->TUN: 1280 байт
2026-04-08 14:10:22,728 [DEBUG] SSH->TUN: 215 байт
2026-04-08 14:10:22,728 [DEBUG] TUN->SSH: 52 байт
2026-04-08 14:10:22,758 [DEBUG] SSH->TUN: 1280 байт
2026-04-08 14:10:22,758 [DEBUG] SSH->TUN: 1280 байт
2026-04-08 14:10:22,759 [DEBUG] TUN->SSH: 52 байт
2026-04-08 14:10:22,759 [DEBUG] SSH->TUN: 378 байт
2026-04-08 14:10:22,760 [DEBUG] TUN->SSH: 52 байт
2026-04-08 14:10:22,761 [DEBUG] SSH->TUN: 1280 байт
2026-04-08 14:10:22,761 [DEBUG] SSH->TUN: 1280 байт
2026-04-08 14:10:22,761 [DEBUG] SSH->TUN: 365 байт
2026-04-08 14:10:22,761 [DEBUG] TUN->SSH: 52 байт
2026-04-08 14:10:22,761 [DEBUG] SSH->TUN: 1280 байт
2026-04-08 14:10:22,762 [DEBUG] SSH->TUN: 1280 байт
2026-04-08 14:10:22,762 [DEBUG] TUN->SSH: 52 байт
2026-04-08 14:10:22,762 [DEBUG] SSH->TUN: 378 байт
2026-04-08 14:10:22,762 [DEBUG] SSH->TUN: 1280 байт
2026-04-08 14:10:22,763 [DEBUG] TUN->SSH: 52 байт
2026-04-08 14:10:22,763 [DEBUG] SSH->TUN: 1280 байт
2026-04-08 14:10:22,763 [DEBUG] SSH->TUN: 1280 байт
2026-04-08 14:10:22,763 [DEBUG] TUN->SSH: 52 байт
2026-04-08 14:10:22,764 [DEBUG] SSH->TUN: 1280 байт
2026-04-08 14:10:22,764 [DEBUG] SSH->TUN: 1280 байт
2026-04-08 14:10:22,764 [DEBUG] TUN->SSH: 52 байт
2026-04-08 14:10:22,764 [DEBUG] SSH->TUN: 1280 байт
2026-04-08 14:10:22,764 [DEBUG] SSH->TUN: 1280 байт
2026-04-08 14:10:22,765 [DEBUG] TUN->SSH: 52 байт
2026-04-08 14:10:22,765 [DEBUG] SSH->TUN: 1280 байт
2026-04-08 14:10:22,765 [DEBUG] SSH->TUN: 1280 байт
2026-04-08 14:10:22,765 [DEBUG] TUN->SSH: 52 байт
2026-04-08 14:10:22,765 [DEBUG] SSH->TUN: 1280 байт
2026-04-08 14:10:22,765 [DEBUG] SSH->TUN: 1280 байт
2026-04-08 14:10:22,766 [DEBUG] TUN->SSH: 52 байт
2026-04-08 14:10:22,766 [DEBUG] SSH->TUN: 1280 байт
2026-04-08 14:10:22,766 [DEBUG] SSH->TUN: 1280 байт
2026-04-08 14:10:22,766 [DEBUG] TUN->SSH: 52 байт
2026-04-08 14:10:22,766 [DEBUG] SSH->TUN: 1280 байт
2026-04-08 14:10:22,791 [DEBUG] SSH->TUN: 1280 байт
2026-04-08 14:10:22,792 [DEBUG] TUN->SSH: 52 байт
2026-04-08 14:10:22,792 [DEBUG] SSH->TUN: 1280 байт
2026-04-08 14:10:22,792 [DEBUG] SSH->TUN: 1280 байт
2026-04-08 14:10:22,792 [DEBUG] TUN->SSH: 52 байт
2026-04-08 14:10:22,793 [DEBUG] SSH->TUN: 1280 байт
2026-04-08 14:10:22,793 [DEBUG] SSH->TUN: 1280 байт
2026-04-08 14:10:22,793 [DEBUG] TUN->SSH: 52 байт
2026-04-08 14:10:22,793 [DEBUG] SSH->TUN: 1280 байт
2026-04-08 14:10:22,793 [DEBUG] SSH->TUN: 1280 байт
2026-04-08 14:10:22,794 [DEBUG] TUN->SSH: 52 байт
2026-04-08 14:10:22,794 [DEBUG] SSH->TUN: 1280 байт
2026-04-08 14:10:22,794 [DEBUG] SSH->TUN: 1280 байт
2026-04-08 14:10:22,794 [DEBUG] TUN->SSH: 52 байт
2026-04-08 14:10:22,794 [DEBUG] SSH->TUN: 1280 байт
2026-04-08 14:10:22,795 [DEBUG] SSH->TUN: 1184 байт
2026-04-08 14:10:22,795 [DEBUG] TUN->SSH: 52 байт
2026-04-08 14:10:22,795 [DEBUG] SSH->TUN: 1280 байт
2026-04-08 14:10:22,795 [DEBUG] SSH->TUN: 1280 байт
2026-04-08 14:10:22,795 [DEBUG] TUN->SSH: 52 байт
2026-04-08 14:10:22,796 [DEBUG] SSH->TUN: 1280 байт
2026-04-08 14:10:22,796 [DEBUG] SSH->TUN: 619 байт
2026-04-08 14:10:22,796 [DEBUG] TUN->SSH: 52 байт
2026-04-08 14:10:22,805 [DEBUG] SSH->TUN: 1280 байт
2026-04-08 14:10:22,805 [DEBUG] SSH->TUN: 1280 байт
2026-04-08 14:10:22,806 [DEBUG] TUN->SSH: 52 байт
2026-04-08 14:10:22,806 [DEBUG] SSH->TUN: 1280 байт
2026-04-08 14:10:22,806 [DEBUG] SSH->TUN: 78 байт
2026-04-08 14:10:22,806 [DEBUG] TUN->SSH: 52 байт
2026-04-08 14:10:22,806 [DEBUG] SSH->TUN: 1280 байт
2026-04-08 14:10:22,806 [DEBUG] SSH->TUN: 1280 байт
2026-04-08 14:10:22,807 [DEBUG] TUN->SSH: 52 байт
2026-04-08 14:10:22,807 [DEBUG] SSH->TUN: 1280 байт
2026-04-08 14:10:22,807 [DEBUG] SSH->TUN: 619 байт
2026-04-08 14:10:22,807 [DEBUG] TUN->SSH: 52 байт
2026-04-08 14:10:22,807 [DEBUG] SSH->TUN: 1280 байт
2026-04-08 14:10:22,808 [DEBUG] SSH->TUN: 1280 байт
2026-04-08 14:10:22,808 [DEBUG] TUN->SSH: 52 байт
2026-04-08 14:10:22,808 [DEBUG] SSH->TUN: 1280 байт
2026-04-08 14:10:22,808 [DEBUG] SSH->TUN: 1280 байт
2026-04-08 14:10:22,809 [DEBUG] TUN->SSH: 52 байт
2026-04-08 14:10:22,825 [DEBUG] SSH->TUN: 1280 байт
2026-04-08 14:10:22,825 [DEBUG] SSH->TUN: 1280 байт
2026-04-08 14:10:22,826 [DEBUG] TUN->SSH: 52 байт
2026-04-08 14:10:22,826 [DEBUG] SSH->TUN: 1280 байт
2026-04-08 14:10:22,826 [DEBUG] SSH->TUN: 1280 байт
2026-04-08 14:10:22,826 [DEBUG] TUN->SSH: 52 байт
2026-04-08 14:10:22,827 [DEBUG] SSH->TUN: 1280 байт
2026-04-08 14:10:22,827 [DEBUG] SSH->TUN: 1280 байт
2026-04-08 14:10:22,827 [DEBUG] TUN->SSH: 52 байт
2026-04-08 14:10:22,828 [DEBUG] SSH->TUN: 1280 байт
2026-04-08 14:10:22,828 [DEBUG] SSH->TUN: 1280 байт
2026-04-08 14:10:22,828 [DEBUG] TUN->SSH: 52 байт
2026-04-08 14:10:22,828 [DEBUG] SSH->TUN: 1280 байт
2026-04-08 14:10:22,829 [DEBUG] SSH->TUN: 1280 байт
2026-04-08 14:10:22,829 [DEBUG] TUN->SSH: 52 байт
2026-04-08 14:10:22,829 [DEBUG] SSH->TUN: 1280 байт
2026-04-08 14:10:22,829 [DEBUG] SSH->TUN: 1280 байт
2026-04-08 14:10:22,829 [DEBUG] TUN->SSH: 52 байт
2026-04-08 14:10:22,830 [DEBUG] SSH->TUN: 1280 байт
2026-04-08 14:10:22,830 [DEBUG] SSH->TUN: 1280 байт
2026-04-08 14:10:22,830 [DEBUG] TUN->SSH: 52 байт
2026-04-08 14:10:22,830 [DEBUG] SSH->TUN: 1280 байт
2026-04-08 14:10:22,835 [DEBUG] SSH->TUN: 1280 байт
2026-04-08 14:10:22,836 [DEBUG] TUN->SSH: 52 байт
2026-04-08 14:10:22,836 [DEBUG] SSH->TUN: 1280 байт
2026-04-08 14:10:22,836 [DEBUG] SSH->TUN: 1280 байт
2026-04-08 14:10:22,837 [DEBUG] TUN->SSH: 52 байт
2026-04-08 14:10:22,837 [DEBUG] SSH->TUN: 1280 байт
2026-04-08 14:10:22,837 [DEBUG] SSH->TUN: 1280 байт
2026-04-08 14:10:22,837 [DEBUG] TUN->SSH: 52 байт
2026-04-08 14:10:22,837 [DEBUG] SSH->TUN: 1280 байт
2026-04-08 14:10:22,838 [DEBUG] SSH->TUN: 1280 байт
2026-04-08 14:10:22,838 [DEBUG] TUN->SSH: 52 байт
2026-04-08 14:10:22,842 [DEBUG] SSH->TUN: 1280 байт
2026-04-08 14:10:22,843 [DEBUG] SSH->TUN: 1280 байт
2026-04-08 14:10:22,843 [DEBUG] TUN->SSH: 52 байт
2026-04-08 14:10:22,861 [DEBUG] SSH->TUN: 1280 байт
2026-04-08 14:10:22,862 [DEBUG] SSH->TUN: 1280 байт
2026-04-08 14:10:22,862 [DEBUG] TUN->SSH: 52 байт
2026-04-08 14:10:22,862 [DEBUG] SSH->TUN: 1280 байт
2026-04-08 14:10:22,863 [DEBUG] SSH->TUN: 1280 байт
2026-04-08 14:10:22,863 [DEBUG] TUN->SSH: 52 байт
2026-04-08 14:10:22,863 [DEBUG] SSH->TUN: 1280 байт
2026-04-08 14:10:22,863 [DEBUG] SSH->TUN: 1280 байт
2026-04-08 14:10:22,863 [DEBUG] TUN->SSH: 52 байт
2026-04-08 14:10:22,864 [DEBUG] SSH->TUN: 1280 байт
2026-04-08 14:10:22,864 [DEBUG] SSH->TUN: 1280 байт
2026-04-08 14:10:22,864 [DEBUG] TUN->SSH: 52 байт
2026-04-08 14:10:22,864 [DEBUG] SSH->TUN: 1280 байт
2026-04-08 14:10:22,865 [DEBUG] SSH->TUN: 1280 байт
2026-04-08 14:10:22,865 [DEBUG] TUN->SSH: 52 байт
2026-04-08 14:10:22,865 [DEBUG] SSH->TUN: 1280 байт
2026-04-08 14:10:22,866 [DEBUG] SSH->TUN: 1280 байт
2026-04-08 14:10:22,866 [DEBUG] TUN->SSH: 52 байт
2026-04-08 14:10:22,866 [DEBUG] SSH->TUN: 1280 байт
2026-04-08 14:10:22,866 [DEBUG] SSH->TUN: 1280 байт
2026-04-08 14:10:22,867 [DEBUG] TUN->SSH: 52 байт
2026-04-08 14:10:22,867 [DEBUG] SSH->TUN: 1280 байт
2026-04-08 14:10:22,867 [DEBUG] SSH->TUN: 1280 байт
2026-04-08 14:10:22,867 [DEBUG] TUN->SSH: 52 байт
2026-04-08 14:10:22,867 [DEBUG] SSH->TUN: 1280 байт
2026-04-08 14:10:22,869 [DEBUG] SSH->TUN: 1280 байт
2026-04-08 14:10:22,869 [DEBUG] TUN->SSH: 52 байт
2026-04-08 14:10:22,870 [DEBUG] SSH->TUN: 1280 байт
2026-04-08 14:10:22,870 [DEBUG] SSH->TUN: 1280 байт
2026-04-08 14:10:22,870 [DEBUG] TUN->SSH: 52 байт
2026-04-08 14:10:22,870 [DEBUG] SSH->TUN: 1280 байт
2026-04-08 14:10:22,870 [DEBUG] SSH->TUN: 1280 байт
2026-04-08 14:10:22,870 [DEBUG] TUN->SSH: 52 байт
2026-04-08 14:10:22,871 [DEBUG] SSH->TUN: 1280 байт
2026-04-08 14:10:22,879 [DEBUG] SSH->TUN: 1280 байт
2026-04-08 14:10:22,879 [DEBUG] TUN->SSH: 52 байт
2026-04-08 14:10:22,879 [DEBUG] SSH->TUN: 1193 байт
2026-04-08 14:10:22,897 [DEBUG] SSH->TUN: 1280 байт
2026-04-08 14:10:22,897 [DEBUG] TUN->SSH: 52 байт
2026-04-08 14:10:22,897 [DEBUG] SSH->TUN: 1280 байт
2026-04-08 14:10:22,898 [DEBUG] SSH->TUN: 1280 байт
2026-04-08 14:10:22,899 [DEBUG] TUN->SSH: 52 байт
2026-04-08 14:10:22,900 [DEBUG] SSH->TUN: 619 байт
2026-04-08 14:10:22,900 [DEBUG] SSH->TUN: 1280 байт
2026-04-08 14:10:22,901 [DEBUG] TUN->SSH: 52 байт
2026-04-08 14:10:22,901 [DEBUG] SSH->TUN: 1280 байт
2026-04-08 14:10:22,901 [DEBUG] SSH->TUN: 1280 байт
2026-04-08 14:10:22,901 [DEBUG] TUN->SSH: 52 байт
2026-04-08 14:10:22,902 [DEBUG] SSH->TUN: 1280 байт
2026-04-08 14:10:22,902 [DEBUG] SSH->TUN: 1280 байт
2026-04-08 14:10:22,902 [DEBUG] TUN->SSH: 52 байт
2026-04-08 14:10:22,902 [DEBUG] SSH->TUN: 1280 байт
2026-04-08 14:10:22,902 [DEBUG] SSH->TUN: 1280 байт
2026-04-08 14:10:22,903 [DEBUG] TUN->SSH: 52 байт
2026-04-08 14:10:22,903 [DEBUG] SSH->TUN: 1280 байт
2026-04-08 14:10:22,903 [DEBUG] SSH->TUN: 1280 байт
2026-04-08 14:10:22,903 [DEBUG] TUN->SSH: 52 байт
2026-04-08 14:10:22,904 [DEBUG] SSH->TUN: 1280 байт
2026-04-08 14:10:22,904 [DEBUG] SSH->TUN: 1280 байт
2026-04-08 14:10:22,904 [DEBUG] TUN->SSH: 52 байт
2026-04-08 14:10:22,906 [DEBUG] SSH->TUN: 1280 байт
2026-04-08 14:10:22,906 [DEBUG] SSH->TUN: 1280 байт
2026-04-08 14:10:22,906 [DEBUG] TUN->SSH: 52 байт
2026-04-08 14:10:22,907 [DEBUG] SSH->TUN: 1280 байт
2026-04-08 14:10:22,907 [DEBUG] SSH->TUN: 1280 байт
2026-04-08 14:10:22,907 [DEBUG] TUN->SSH: 52 байт
2026-04-08 14:10:22,907 [DEBUG] SSH->TUN: 1280 байт
2026-04-08 14:10:22,907 [DEBUG] SSH->TUN: 1280 байт
2026-04-08 14:10:22,907 [DEBUG] TUN->SSH: 52 байт
2026-04-08 14:10:22,908 [DEBUG] SSH->TUN: 1280 байт
2026-04-08 14:10:22,908 [DEBUG] SSH->TUN: 1280 байт
2026-04-08 14:10:22,908 [DEBUG] TUN->SSH: 52 байт
2026-04-08 14:10:22,908 [DEBUG] SSH->TUN: 1280 байт
2026-04-08 14:10:22,908 [DEBUG] SSH->TUN: 1280 байт
2026-04-08 14:10:22,909 [DEBUG] TUN->SSH: 52 байт
2026-04-08 14:10:22,909 [DEBUG] SSH->TUN: 1280 байт
2026-04-08 14:10:22,909 [DEBUG] SSH->TUN: 1280 байт
2026-04-08 14:10:22,909 [DEBUG] TUN->SSH: 52 байт
2026-04-08 14:10:22,909 [DEBUG] SSH->TUN: 1280 байт
2026-04-08 14:10:22,909 [DEBUG] SSH->TUN: 1280 байт
2026-04-08 14:10:22,910 [DEBUG] TUN->SSH: 52 байт
2026-04-08 14:10:22,910 [DEBUG] SSH->TUN: 1280 байт
2026-04-08 14:10:22,910 [DEBUG] SSH->TUN: 1280 байт
2026-04-08 14:10:22,910 [DEBUG] TUN->SSH: 52 байт
2026-04-08 14:10:22,910 [DEBUG] SSH->TUN: 1280 байт
2026-04-08 14:10:22,910 [DEBUG] SSH->TUN: 1280 байт
2026-04-08 14:10:22,911 [DEBUG] TUN->SSH: 52 байт
2026-04-08 14:10:22,911 [DEBUG] SSH->TUN: 1280 байт
2026-04-08 14:10:22,912 [DEBUG] SSH->TUN: 1280 байт
2026-04-08 14:10:22,912 [DEBUG] TUN->SSH: 52 байт
2026-04-08 14:10:22,912 [DEBUG] SSH->TUN: 1280 байт
2026-04-08 14:10:22,912 [DEBUG] SSH->TUN: 1280 байт
2026-04-08 14:10:22,913 [DEBUG] TUN->SSH: 52 байт
2026-04-08 14:10:22,913 [DEBUG] SSH->TUN: 1280 байт
2026-04-08 14:10:22,913 [DEBUG] SSH->TUN: 1280 байт
2026-04-08 14:10:22,913 [DEBUG] TUN->SSH: 52 байт
2026-04-08 14:10:22,913 [DEBUG] SSH->TUN: 1280 байт
2026-04-08 14:10:22,913 [DEBUG] SSH->TUN: 1280 байт
2026-04-08 14:10:22,914 [DEBUG] TUN->SSH: 52 байт
2026-04-08 14:10:22,914 [DEBUG] SSH->TUN: 1280 байт
2026-04-08 14:10:22,914 [DEBUG] SSH->TUN: 1280 байт
2026-04-08 14:10:22,914 [DEBUG] TUN->SSH: 52 байт
2026-04-08 14:10:22,914 [DEBUG] SSH->TUN: 1280 байт
2026-04-08 14:10:22,915 [DEBUG] SSH->TUN: 1280 байт
2026-04-08 14:10:22,915 [DEBUG] TUN->SSH: 52 байт
2026-04-08 14:10:22,915 [DEBUG] SSH->TUN: 1280 байт
2026-04-08 14:10:22,928 [DEBUG] SSH->TUN: 1280 байт
2026-04-08 14:10:22,928 [DEBUG] TUN->SSH: 52 байт
2026-04-08 14:10:22,929 [DEBUG] SSH->TUN: 1280 байт
2026-04-08 14:10:22,929 [DEBUG] SSH->TUN: 1280 байт
2026-04-08 14:10:22,930 [DEBUG] TUN->SSH: 52 байт
2026-04-08 14:10:22,930 [DEBUG] SSH->TUN: 1280 байт
2026-04-08 14:10:22,930 [DEBUG] SSH->TUN: 1280 байт
2026-04-08 14:10:22,930 [DEBUG] TUN->SSH: 52 байт
2026-04-08 14:10:22,930 [DEBUG] SSH->TUN: 1280 байт
2026-04-08 14:10:22,930 [DEBUG] SSH->TUN: 1280 байт
2026-04-08 14:10:22,931 [DEBUG] TUN->SSH: 52 байт
2026-04-08 14:10:22,931 [DEBUG] SSH->TUN: 1280 байт
2026-04-08 14:10:22,931 [DEBUG] SSH->TUN: 1280 байт
2026-04-08 14:10:22,931 [DEBUG] TUN->SSH: 52 байт
2026-04-08 14:10:22,933 [DEBUG] SSH->TUN: 1280 байт
2026-04-08 14:10:22,933 [DEBUG] SSH->TUN: 1280 байт
2026-04-08 14:10:22,933 [DEBUG] TUN->SSH: 52 байт
2026-04-08 14:10:22,934 [DEBUG] SSH->TUN: 1280 байт
2026-04-08 14:10:22,934 [DEBUG] SSH->TUN: 1280 байт
2026-04-08 14:10:22,934 [DEBUG] TUN->SSH: 52 байт
2026-04-08 14:10:22,934 [DEBUG] SSH->TUN: 1280 байт
2026-04-08 14:10:22,934 [DEBUG] SSH->TUN: 1280 байт
2026-04-08 14:10:22,935 [DEBUG] TUN->SSH: 52 байт
2026-04-08 14:10:22,935 [DEBUG] SSH->TUN: 1280 байт
2026-04-08 14:10:22,935 [DEBUG] SSH->TUN: 1280 байт
2026-04-08 14:10:22,936 [DEBUG] TUN->SSH: 52 байт
2026-04-08 14:10:22,936 [DEBUG] SSH->TUN: 1280 байт
2026-04-08 14:10:22,936 [DEBUG] SSH->TUN: 1280 байт
2026-04-08 14:10:22,936 [DEBUG] TUN->SSH: 52 байт
2026-04-08 14:10:22,936 [DEBUG] SSH->TUN: 1280 байт
2026-04-08 14:10:22,937 [DEBUG] SSH->TUN: 1280 байт
2026-04-08 14:10:22,937 [DEBUG] TUN->SSH: 52 байт
2026-04-08 14:10:22,937 [DEBUG] SSH->TUN: 1280 байт
2026-04-08 14:10:22,937 [DEBUG] SSH->TUN: 1280 байт
2026-04-08 14:10:22,937 [DEBUG] TUN->SSH: 52 байт
2026-04-08 14:10:22,938 [DEBUG] SSH->TUN: 1280 байт
2026-04-08 14:10:22,938 [DEBUG] SSH->TUN: 1280 байт
2026-04-08 14:10:22,938 [DEBUG] TUN->SSH: 52 байт
2026-04-08 14:10:22,938 [DEBUG] SSH->TUN: 1280 байт
2026-04-08 14:10:22,938 [DEBUG] SSH->TUN: 1280 байт
2026-04-08 14:10:22,939 [DEBUG] TUN->SSH: 52 байт
2026-04-08 14:10:22,939 [DEBUG] SSH->TUN: 1280 байт
2026-04-08 14:10:22,939 [DEBUG] SSH->TUN: 1280 байт
2026-04-08 14:10:22,939 [DEBUG] TUN->SSH: 52 байт
2026-04-08 14:10:22,939 [DEBUG] SSH->TUN: 1280 байт
2026-04-08 14:10:22,963 [DEBUG] TUN->SSH: 52 байт
2026-04-08 14:10:22,964 [DEBUG] SSH->TUN: 1280 байт
2026-04-08 14:10:22,966 [DEBUG] SSH->TUN: 1280 байт
2026-04-08 14:10:22,967 [DEBUG] SSH->TUN: 1280 байт
2026-04-08 14:10:22,967 [DEBUG] TUN->SSH: 52 байт
2026-04-08 14:10:22,967 [DEBUG] SSH->TUN: 1280 байт
2026-04-08 14:10:22,968 [DEBUG] SSH->TUN: 1280 байт
2026-04-08 14:10:22,968 [DEBUG] TUN->SSH: 52 байт
2026-04-08 14:10:22,969 [DEBUG] SSH->TUN: 1280 байт
2026-04-08 14:10:22,969 [DEBUG] SSH->TUN: 1280 байт
2026-04-08 14:10:22,969 [DEBUG] TUN->SSH: 52 байт
2026-04-08 14:10:22,970 [DEBUG] SSH->TUN: 1280 байт
2026-04-08 14:10:22,970 [DEBUG] SSH->TUN: 1280 байт
2026-04-08 14:10:22,970 [DEBUG] TUN->SSH: 52 байт
2026-04-08 14:10:22,971 [DEBUG] SSH->TUN: 1280 байт
2026-04-08 14:10:22,971 [DEBUG] SSH->TUN: 1280 байт
2026-04-08 14:10:22,972 [DEBUG] TUN->SSH: 52 байт
2026-04-08 14:10:22,972 [DEBUG] SSH->TUN: 1280 байт
2026-04-08 14:10:22,972 [DEBUG] SSH->TUN: 1280 байт
2026-04-08 14:10:22,973 [DEBUG] TUN->SSH: 52 байт
2026-04-08 14:10:22,973 [DEBUG] SSH->TUN: 1280 байт
2026-04-08 14:10:22,973 [DEBUG] SSH->TUN: 1280 байт
2026-04-08 14:10:22,973 [DEBUG] TUN->SSH: 52 байт
2026-04-08 14:10:22,974 [DEBUG] SSH->TUN: 1280 байт
2026-04-08 14:10:22,974 [DEBUG] SSH->TUN: 1280 байт
2026-04-08 14:10:22,974 [DEBUG] TUN->SSH: 52 байт
2026-04-08 14:10:22,975 [DEBUG] SSH->TUN: 1280 байт
2026-04-08 14:10:22,975 [DEBUG] SSH->TUN: 1280 байт
2026-04-08 14:10:22,976 [DEBUG] TUN->SSH: 52 байт
2026-04-08 14:10:22,976 [DEBUG] SSH->TUN: 1280 байт
2026-04-08 14:10:22,976 [DEBUG] SSH->TUN: 1280 байт
2026-04-08 14:10:22,977 [DEBUG] TUN->SSH: 52 байт
2026-04-08 14:10:22,977 [DEBUG] SSH->TUN: 1280 байт
2026-04-08 14:10:22,977 [DEBUG] SSH->TUN: 1280 байт
2026-04-08 14:10:22,978 [DEBUG] TUN->SSH: 52 байт
2026-04-08 14:10:22,978 [DEBUG] SSH->TUN: 1280 байт
2026-04-08 14:10:22,978 [DEBUG] SSH->TUN: 1280 байт
2026-04-08 14:10:22,978 [DEBUG] TUN->SSH: 52 байт
2026-04-08 14:10:22,978 [DEBUG] SSH->TUN: 1280 байт
2026-04-08 14:10:22,979 [DEBUG] SSH->TUN: 1280 байт
2026-04-08 14:10:22,979 [DEBUG] TUN->SSH: 52 байт
2026-04-08 14:10:22,979 [DEBUG] SSH->TUN: 1280 байт
2026-04-08 14:10:22,980 [DEBUG] SSH->TUN: 1280 байт
2026-04-08 14:10:22,980 [DEBUG] TUN->SSH: 52 байт
2026-04-08 14:10:22,980 [DEBUG] SSH->TUN: 1280 байт
2026-04-08 14:10:22,981 [DEBUG] SSH->TUN: 1280 байт
2026-04-08 14:10:22,981 [DEBUG] TUN->SSH: 52 байт
2026-04-08 14:10:22,981 [DEBUG] SSH->TUN: 1280 байт
2026-04-08 14:10:22,981 [DEBUG] SSH->TUN: 1280 байт
2026-04-08 14:10:22,981 [DEBUG] TUN->SSH: 52 байт
2026-04-08 14:10:22,982 [DEBUG] SSH->TUN: 1280 байт
2026-04-08 14:10:22,982 [DEBUG] SSH->TUN: 1280 байт
2026-04-08 14:10:22,983 [DEBUG] TUN->SSH: 52 байт
2026-04-08 14:10:22,983 [DEBUG] SSH->TUN: 1280 байт
2026-04-08 14:10:22,983 [DEBUG] TUN->SSH: 52 байт
2026-04-08 14:10:22,983 [DEBUG] SSH->TUN: 1280 байт
2026-04-08 14:10:22,984 [DEBUG] SSH->TUN: 1280 байт
2026-04-08 14:10:22,984 [DEBUG] SSH->TUN: 1280 байт
2026-04-08 14:10:22,984 [DEBUG] TUN->SSH: 52 байт
2026-04-08 14:10:22,984 [DEBUG] SSH->TUN: 1280 байт
2026-04-08 14:10:22,985 [DEBUG] SSH->TUN: 1280 байт
2026-04-08 14:10:22,985 [DEBUG] TUN->SSH: 52 байт
2026-04-08 14:10:22,986 [DEBUG] SSH->TUN: 1280 байт
2026-04-08 14:10:22,986 [DEBUG] SSH->TUN: 1280 байт
2026-04-08 14:10:22,986 [DEBUG] TUN->SSH: 52 байт
2026-04-08 14:10:22,986 [DEBUG] SSH->TUN: 1280 байт
2026-04-08 14:10:22,986 [DEBUG] SSH->TUN: 1280 байт
2026-04-08 14:10:22,987 [DEBUG] TUN->SSH: 52 байт
2026-04-08 14:10:22,987 [DEBUG] SSH->TUN: 1280 байт
2026-04-08 14:10:22,987 [DEBUG] SSH->TUN: 1280 байт
2026-04-08 14:10:22,987 [DEBUG] TUN->SSH: 52 байт
2026-04-08 14:10:22,987 [DEBUG] SSH->TUN: 1280 байт
2026-04-08 14:10:22,988 [DEBUG] SSH->TUN: 1280 байт
2026-04-08 14:10:22,988 [DEBUG] TUN->SSH: 52 байт
2026-04-08 14:10:22,988 [DEBUG] SSH->TUN: 1280 байт
2026-04-08 14:10:22,988 [DEBUG] SSH->TUN: 1280 байт
2026-04-08 14:10:22,988 [DEBUG] TUN->SSH: 52 байт
2026-04-08 14:10:22,989 [DEBUG] SSH->TUN: 1280 байт
2026-04-08 14:10:22,989 [DEBUG] SSH->TUN: 1280 байт
2026-04-08 14:10:22,989 [DEBUG] TUN->SSH: 52 байт
2026-04-08 14:10:22,989 [DEBUG] SSH->TUN: 1280 байт
2026-04-08 14:10:22,989 [DEBUG] SSH->TUN: 1280 байт
2026-04-08 14:10:22,990 [DEBUG] TUN->SSH: 52 байт
2026-04-08 14:10:23,000 [DEBUG] SSH->TUN: 1280 байт
2026-04-08 14:10:23,002 [DEBUG] TUN->SSH: 52 байт
2026-04-08 14:10:23,002 [DEBUG] SSH->TUN: 1280 байт
2026-04-08 14:10:23,002 [DEBUG] SSH->TUN: 1280 байт
2026-04-08 14:10:23,002 [DEBUG] SSH->TUN: 1280 байт
2026-04-08 14:10:23,002 [DEBUG] TUN->SSH: 52 байт
2026-04-08 14:10:23,003 [DEBUG] SSH->TUN: 1280 байт
2026-04-08 14:10:23,003 [DEBUG] SSH->TUN: 1280 байт
2026-04-08 14:10:23,003 [DEBUG] TUN->SSH: 52 байт
2026-04-08 14:10:23,003 [DEBUG] SSH->TUN: 1280 байт
2026-04-08 14:10:23,003 [DEBUG] SSH->TUN: 1280 байт
2026-04-08 14:10:23,004 [DEBUG] TUN->SSH: 52 байт
2026-04-08 14:10:23,004 [DEBUG] SSH->TUN: 1280 байт
2026-04-08 14:10:23,004 [DEBUG] SSH->TUN: 1280 байт
2026-04-08 14:10:23,004 [DEBUG] TUN->SSH: 52 байт
2026-04-08 14:10:23,004 [DEBUG] SSH->TUN: 1280 байт
2026-04-08 14:10:23,004 [DEBUG] SSH->TUN: 1280 байт
2026-04-08 14:10:23,005 [DEBUG] TUN->SSH: 52 байт
2026-04-08 14:10:23,005 [DEBUG] SSH->TUN: 1280 байт
2026-04-08 14:10:23,005 [DEBUG] SSH->TUN: 1280 байт
2026-04-08 14:10:23,005 [DEBUG] TUN->SSH: 52 байт
2026-04-08 14:10:23,005 [DEBUG] SSH->TUN: 1280 байт
2026-04-08 14:10:23,006 [DEBUG] SSH->TUN: 1280 байт
2026-04-08 14:10:23,006 [DEBUG] TUN->SSH: 52 байт
2026-04-08 14:10:23,006 [DEBUG] SSH->TUN: 1280 байт
2026-04-08 14:10:23,006 [DEBUG] SSH->TUN: 1280 байт
2026-04-08 14:10:23,006 [DEBUG] TUN->SSH: 52 байт
2026-04-08 14:10:23,007 [DEBUG] SSH->TUN: 1280 байт
2026-04-08 14:10:23,007 [DEBUG] SSH->TUN: 1280 байт
2026-04-08 14:10:23,007 [DEBUG] TUN->SSH: 52 байт
2026-04-08 14:10:23,007 [DEBUG] SSH->TUN: 1280 байт
2026-04-08 14:10:23,008 [DEBUG] SSH->TUN: 1280 байт
2026-04-08 14:10:23,008 [DEBUG] TUN->SSH: 52 байт
2026-04-08 14:10:23,009 [DEBUG] SSH->TUN: 1280 байт
2026-04-08 14:10:23,010 [DEBUG] SSH->TUN: 1280 байт
2026-04-08 14:10:23,010 [DEBUG] TUN->SSH: 52 байт
2026-04-08 14:10:23,010 [DEBUG] SSH->TUN: 1280 байт
2026-04-08 14:10:23,010 [DEBUG] SSH->TUN: 1280 байт
2026-04-08 14:10:23,010 [DEBUG] TUN->SSH: 52 байт
2026-04-08 14:10:23,011 [DEBUG] SSH->TUN: 1280 байт
2026-04-08 14:10:23,011 [DEBUG] SSH->TUN: 1280 байт
2026-04-08 14:10:23,011 [DEBUG] TUN->SSH: 52 байт
2026-04-08 14:10:23,011 [DEBUG] SSH->TUN: 1280 байт
2026-04-08 14:10:23,011 [DEBUG] SSH->TUN: 1280 байт
2026-04-08 14:10:23,012 [DEBUG] TUN->SSH: 52 байт
2026-04-08 14:10:23,012 [DEBUG] SSH->TUN: 1280 байт
2026-04-08 14:10:23,012 [DEBUG] SSH->TUN: 1280 байт
2026-04-08 14:10:23,012 [DEBUG] TUN->SSH: 52 байт
2026-04-08 14:10:23,012 [DEBUG] SSH->TUN: 1280 байт
2026-04-08 14:10:23,012 [DEBUG] SSH->TUN: 1280 байт
2026-04-08 14:10:23,013 [DEBUG] TUN->SSH: 52 байт
2026-04-08 14:10:23,013 [DEBUG] SSH->TUN: 1280 байт
2026-04-08 14:10:23,013 [DEBUG] SSH->TUN: 1280 байт
2026-04-08 14:10:23,013 [DEBUG] TUN->SSH: 52 байт
2026-04-08 14:10:23,013 [DEBUG] SSH->TUN: 1280 байт
2026-04-08 14:10:23,013 [DEBUG] SSH->TUN: 1280 байт
2026-04-08 14:10:23,014 [DEBUG] TUN->SSH: 52 байт
2026-04-08 14:10:23,014 [DEBUG] SSH->TUN: 1280 байт
2026-04-08 14:10:23,014 [DEBUG] SSH->TUN: 1280 байт
2026-04-08 14:10:23,014 [DEBUG] TUN->SSH: 52 байт
2026-04-08 14:10:23,014 [DEBUG] SSH->TUN: 1280 байт
2026-04-08 14:10:23,015 [DEBUG] SSH->TUN: 1280 байт
2026-04-08 14:10:23,015 [DEBUG] TUN->SSH: 52 байт
2026-04-08 14:10:23,015 [DEBUG] SSH->TUN: 1280 байт
2026-04-08 14:10:23,015 [DEBUG] SSH->TUN: 1280 байт
2026-04-08 14:10:23,015 [DEBUG] TUN->SSH: 52 байт
2026-04-08 14:10:23,015 [DEBUG] SSH->TUN: 1280 байт
2026-04-08 14:10:23,016 [DEBUG] SSH->TUN: 1280 байт
2026-04-08 14:10:23,016 [DEBUG] TUN->SSH: 52 байт
2026-04-08 14:10:23,016 [DEBUG] SSH->TUN: 1280 байт
2026-04-08 14:10:23,016 [DEBUG] SSH->TUN: 1280 байт
2026-04-08 14:10:23,016 [DEBUG] TUN->SSH: 52 байт
2026-04-08 14:10:23,017 [DEBUG] SSH->TUN: 1280 байт
2026-04-08 14:10:23,017 [DEBUG] SSH->TUN: 1280 байт
2026-04-08 14:10:23,017 [DEBUG] TUN->SSH: 52 байт
2026-04-08 14:10:23,017 [DEBUG] SSH->TUN: 1280 байт
2026-04-08 14:10:23,017 [DEBUG] SSH->TUN: 1280 байт
2026-04-08 14:10:23,017 [DEBUG] TUN->SSH: 52 байт
2026-04-08 14:10:23,018 [DEBUG] SSH->TUN: 1280 байт
2026-04-08 14:10:23,018 [DEBUG] SSH->TUN: 1280 байт
2026-04-08 14:10:23,018 [DEBUG] TUN->SSH: 52 байт
2026-04-08 14:10:23,018 [DEBUG] SSH->TUN: 1280 байт
2026-04-08 14:10:23,018 [DEBUG] SSH->TUN: 1280 байт
2026-04-08 14:10:23,018 [DEBUG] TUN->SSH: 52 байт
2026-04-08 14:10:23,019 [DEBUG] SSH->TUN: 1280 байт
2026-04-08 14:10:23,019 [DEBUG] SSH->TUN: 1280 байт
2026-04-08 14:10:23,019 [DEBUG] TUN->SSH: 52 байт
2026-04-08 14:10:23,019 [DEBUG] SSH->TUN: 1280 байт
2026-04-08 14:10:23,019 [DEBUG] SSH->TUN: 1280 байт
2026-04-08 14:10:23,020 [DEBUG] TUN->SSH: 52 байт
2026-04-08 14:10:23,020 [DEBUG] SSH->TUN: 1280 байт
2026-04-08 14:10:23,020 [DEBUG] SSH->TUN: 1280 байт
2026-04-08 14:10:23,020 [DEBUG] TUN->SSH: 52 байт
2026-04-08 14:10:23,020 [DEBUG] SSH->TUN: 1280 байт
2026-04-08 14:10:23,020 [DEBUG] SSH->TUN: 1280 байт
2026-04-08 14:10:23,021 [DEBUG] TUN->SSH: 52 байт
2026-04-08 14:10:23,021 [DEBUG] SSH->TUN: 1280 байт
2026-04-08 14:10:23,034 [DEBUG] SSH->TUN: 1280 байт
2026-04-08 14:10:23,034 [DEBUG] TUN->SSH: 52 байт
2026-04-08 14:10:23,034 [DEBUG] SSH->TUN: 789 байт
2026-04-08 14:10:23,075 [DEBUG] TUN->SSH: 52 байт
2026-04-08 14:10:23,911 [DEBUG] TUN->SSH: 52 байт
2026-04-08 14:10:25,959 [DEBUG] TUN->SSH: 52 байт
2026-04-08 14:10:28,007 [DEBUG] TUN->SSH: 52 байт
2026-04-08 14:10:29,943 [INFO] Останавливаю туннель...
2026-04-08 14:10:29,946 [DEBUG] Восстановлен: default via 192.168.5.1 dev wlp0s20f3
2026-04-08 14:10:29,946 [INFO] Маршруты восстановлены
2026-04-08 14:10:29,969 [INFO] Интерфейс strans-tun0 удалён
2026-04-08 14:10:29,969 [INFO] Остановлено
2026-04-08 14:10:29,969 [DEBUG] TUN->SSH: отменён
2026-04-08 14:10:29,969 [DEBUG] SSH->TUN: отменён
