2026-04-09 01:46:53,317 [INFO] === Запуск клиента ===
2026-04-09 01:46:53,317 [INFO] Лог файл: logs/client_20260409_014653.log
2026-04-09 01:46:53,328 [INFO] Используется интерфейс: strans-tun1
2026-04-09 01:46:53,328 [INFO] Подключаюсь к 217.154.79.223:24 как 'alice'
2026-04-09 01:46:53,778 [INFO] SSH соединение установлено
2026-04-09 01:46:53,866 [INFO] PUSH_REPLY: client_ip=198.19.0.3 server_ip=198.19.0.1 mtu=1280 stealth=0
2026-04-09 01:46:53,875 [INFO] Интерфейс strans-tun1:
72: strans-tun1: <POINTOPOINT,MULTICAST,NOARP,UP,LOWER_UP> mtu 1280 qdisc fq_codel state UP group default qlen 500
    link/none 
    inet 198.19.0.3 peer 198.19.0.1/32 scope global strans-tun1
       valid_lft forever preferred_lft forever
2026-04-09 01:46:54,295 [INFO] SSH tunnel канал открыт
2026-04-09 01:46:54,295 [INFO] Туннель активен.
2026-04-09 01:46:54,295 [INFO] Форвардинг запущен [stealth=0]
2026-04-09 01:46:54,389 [DEBUG] SSH->TUN: 78 байт
2026-04-09 01:46:55,623 [DEBUG] SSH->TUN: 76 байт
2026-04-09 01:46:56,809 [DEBUG] SSH->TUN: 78 байт
2026-04-09 01:46:58,232 [DEBUG] SSH->TUN: 77 байт
2026-04-09 01:46:58,869 [DEBUG] SSH->TUN: 77 байт
2026-04-09 01:46:58,898 [DEBUG] SSH->TUN: 489 байт
2026-04-09 01:46:59,259 [DEBUG] SSH->TUN: 489 байт
2026-04-09 01:46:59,512 [DEBUG] SSH->TUN: 77 байт
2026-04-09 01:46:59,721 [DEBUG] SSH->TUN: 489 байт
2026-04-09 01:47:00,595 [DEBUG] SSH->TUN: 489 байт
2026-04-09 01:47:00,755 [DEBUG] SSH->TUN: 77 байт
2026-04-09 01:47:01,230 [DEBUG] SSH->TUN: 76 байт
2026-04-09 01:47:01,563 [DEBUG] SSH->TUN: 78 байт
2026-04-09 01:47:02,166 [DEBUG] SSH->TUN: 489 байт
2026-04-09 01:47:03,386 [DEBUG] SSH->TUN: 77 байт
2026-04-09 01:47:03,564 [DEBUG] SSH->TUN: 77 байт
2026-04-09 01:47:04,917 [DEBUG] SSH->TUN: 77 байт
2026-04-09 01:47:05,305 [DEBUG] SSH->TUN: 76 байт
2026-04-09 01:47:05,732 [DEBUG] SSH->TUN: 489 байт
2026-04-09 01:47:06,106 [INFO] Останавливаю туннель...
2026-04-09 01:47:06,119 [INFO] Интерфейс strans-tun1 удалён
2026-04-09 01:47:06,119 [INFO] Остановлено
2026-04-09 01:47:06,119 [DEBUG] TUN->SSH: отменён
2026-04-09 01:47:06,119 [DEBUG] SSH->TUN: отменён
