2026-04-09 01:26:07,155 [INFO] === Запуск клиента ===
2026-04-09 01:26:07,155 [INFO] Лог файл: logs/client_20260409_012607.log
2026-04-09 01:26:07,166 [INFO] Используется интерфейс: strans-tun0
2026-04-09 01:26:07,166 [INFO] Подключаюсь к 217.154.79.223:24 как 'alice'
2026-04-09 01:26:07,611 [INFO] SSH соединение установлено
2026-04-09 01:26:07,694 [INFO] PUSH_REPLY: client_ip=198.19.0.3 server_ip=198.19.0.1 mtu=1280 stealth=0
2026-04-09 01:26:07,709 [INFO] Интерфейс strans-tun0:
65: strans-tun0: <POINTOPOINT,MULTICAST,NOARP,UP,LOWER_UP> mtu 1280 qdisc fq_codel state UP group default qlen 500
    link/none 
    inet 198.19.0.3 peer 198.19.0.1/32 scope global strans-tun0
       valid_lft forever preferred_lft forever
2026-04-09 01:26:07,789 [INFO] SSH tunnel канал открыт
2026-04-09 01:26:07,794 [INFO] Маршрут к серверу: 217.154.79.223 via 192.168.5.1 dev wlp0s20f3
2026-04-09 01:26:07,804 [INFO] Весь трафик через strans-tun0
2026-04-09 01:26:07,804 [INFO] Туннель активен.
2026-04-09 01:26:07,804 [INFO] Форвардинг запущен [stealth=0]
2026-04-09 01:26:07,827 [DEBUG] TUN->SSH: 40 байт
2026-04-09 01:26:07,917 [DEBUG] TUN->SSH: 88 байт
2026-04-09 01:26:07,918 [DEBUG] SSH->TUN: 76 байт
2026-04-09 01:26:07,918 [DEBUG] TUN->SSH: 88 байт
2026-04-09 01:26:07,919 [DEBUG] TUN->SSH: 88 байт
2026-04-09 01:26:07,920 [DEBUG] TUN->SSH: 88 байт
2026-04-09 01:26:07,920 [DEBUG] TUN->SSH: 88 байт
2026-04-09 01:26:07,921 [DEBUG] TUN->SSH: 88 байт
2026-04-09 01:26:07,921 [DEBUG] TUN->SSH: 88 байт
2026-04-09 01:26:07,922 [DEBUG] TUN->SSH: 70 байт
2026-04-09 01:26:08,051 [DEBUG] TUN->SSH: 60 байт
2026-04-09 01:26:08,102 [DEBUG] TUN->SSH: 60 байт
2026-04-09 01:26:08,103 [DEBUG] TUN->SSH: 60 байт
2026-04-09 01:26:08,104 [DEBUG] TUN->SSH: 60 байт
2026-04-09 01:26:08,104 [DEBUG] TUN->SSH: 60 байт
2026-04-09 01:26:08,105 [DEBUG] TUN->SSH: 60 байт
2026-04-09 01:26:08,105 [DEBUG] TUN->SSH: 60 байт
2026-04-09 01:26:08,105 [DEBUG] TUN->SSH: 60 байт
2026-04-09 01:26:08,106 [DEBUG] TUN->SSH: 60 байт
2026-04-09 01:26:08,106 [DEBUG] TUN->SSH: 60 байт
2026-04-09 01:26:08,107 [DEBUG] TUN->SSH: 60 байт
2026-04-09 01:26:08,107 [DEBUG] TUN->SSH: 60 байт
2026-04-09 01:26:08,117 [DEBUG] SSH->TUN: 52 байт
2026-04-09 01:26:08,176 [DEBUG] SSH->TUN: 52 байт
2026-04-09 01:26:08,176 [DEBUG] SSH->TUN: 60 байт
2026-04-09 01:26:08,177 [DEBUG] TUN->SSH: 52 байт
2026-04-09 01:26:08,177 [DEBUG] SSH->TUN: 52 байт
2026-04-09 01:26:08,178 [DEBUG] TUN->SSH: 1280 байт
2026-04-09 01:26:08,178 [DEBUG] SSH->TUN: 78 байт
2026-04-09 01:26:08,179 [DEBUG] TUN->SSH: 580 байт
2026-04-09 01:26:08,179 [DEBUG] SSH->TUN: 76 байт
2026-04-09 01:26:08,180 [DEBUG] TUN->SSH: 52 байт
2026-04-09 01:26:08,180 [DEBUG] SSH->TUN: 52 байт
2026-04-09 01:26:08,181 [DEBUG] TUN->SSH: 52 байт
2026-04-09 01:26:08,181 [DEBUG] SSH->TUN: 60 байт
2026-04-09 01:26:08,182 [DEBUG] TUN->SSH: 52 байт
2026-04-09 01:26:08,182 [DEBUG] TUN->SSH: 52 байт
2026-04-09 01:26:08,183 [DEBUG] TUN->SSH: 1280 байт
2026-04-09 01:26:08,184 [DEBUG] TUN->SSH: 644 байт
2026-04-09 01:26:08,238 [DEBUG] SSH->TUN: 52 байт
2026-04-09 01:26:08,238 [DEBUG] SSH->TUN: 52 байт
2026-04-09 01:26:08,238 [DEBUG] SSH->TUN: 1280 байт
2026-04-09 01:26:08,239 [DEBUG] TUN->SSH: 52 байт
2026-04-09 01:26:08,239 [DEBUG] SSH->TUN: 1280 байт
2026-04-09 01:26:08,240 [DEBUG] TUN->SSH: 52 байт
2026-04-09 01:26:08,241 [DEBUG] TUN->SSH: 52 байт
2026-04-09 01:26:08,241 [DEBUG] SSH->TUN: 978 байт
2026-04-09 01:26:08,241 [DEBUG] TUN->SSH: 352 байт
2026-04-09 01:26:08,241 [DEBUG] SSH->TUN: 52 байт
2026-04-09 01:26:08,242 [DEBUG] SSH->TUN: 52 байт
2026-04-09 01:26:08,287 [DEBUG] SSH->TUN: 1280 байт
2026-04-09 01:26:08,288 [DEBUG] TUN->SSH: 52 байт
2026-04-09 01:26:08,289 [DEBUG] SSH->TUN: 1280 байт
2026-04-09 01:26:08,289 [DEBUG] TUN->SSH: 52 байт
2026-04-09 01:26:08,290 [DEBUG] SSH->TUN: 977 байт
2026-04-09 01:26:08,290 [DEBUG] TUN->SSH: 52 байт
2026-04-09 01:26:08,291 [DEBUG] TUN->SSH: 327 байт
2026-04-09 01:26:08,328 [DEBUG] SSH->TUN: 246 байт
2026-04-09 01:26:08,333 [DEBUG] TUN->SSH: 169 байт
2026-04-09 01:26:08,352 [DEBUG] SSH->TUN: 253 байт
2026-04-09 01:26:08,353 [DEBUG] TUN->SSH: 270 байт
2026-04-09 01:26:08,367 [DEBUG] SSH->TUN: 52 байт
2026-04-09 01:26:08,414 [DEBUG] SSH->TUN: 171 байт
2026-04-09 01:26:08,415 [DEBUG] TUN->SSH: 257 байт
2026-04-09 01:26:08,415 [DEBUG] SSH->TUN: 179 байт
2026-04-09 01:26:08,416 [DEBUG] TUN->SSH: 275 байт
2026-04-09 01:26:08,474 [DEBUG] SSH->TUN: 233 байт
2026-04-09 01:26:08,474 [DEBUG] SSH->TUN: 231 байт
2026-04-09 01:26:08,487 [DEBUG] SSH->TUN: 665 байт
2026-04-09 01:26:08,487 [DEBUG] TUN->SSH: 52 байт
2026-04-09 01:26:08,490 [DEBUG] SSH->TUN: 672 байт
2026-04-09 01:26:08,491 [DEBUG] TUN->SSH: 52 байт
2026-04-09 01:26:08,500 [DEBUG] TUN->SSH: 40 байт
2026-04-09 01:26:08,501 [DEBUG] TUN->SSH: 40 байт
2026-04-09 01:26:08,693 [DEBUG] TUN->SSH: 52 байт
2026-04-09 01:26:08,693 [DEBUG] TUN->SSH: 81 байт
2026-04-09 01:26:08,903 [DEBUG] TUN->SSH: 81 байт
2026-04-09 01:26:08,953 [DEBUG] TUN->SSH: 64 байт
2026-04-09 01:26:09,050 [DEBUG] TUN->SSH: 60 байт
2026-04-09 01:26:09,051 [DEBUG] TUN->SSH: 60 байт
2026-04-09 01:26:09,054 [DEBUG] TUN->SSH: 60 байт
2026-04-09 01:26:09,055 [DEBUG] TUN->SSH: 60 байт
2026-04-09 01:26:09,056 [DEBUG] TUN->SSH: 60 байт
2026-04-09 01:26:09,057 [DEBUG] TUN->SSH: 60 байт
2026-04-09 01:26:09,093 [DEBUG] TUN->SSH: 64 байт
2026-04-09 01:26:09,106 [DEBUG] SSH->TUN: 60 байт
2026-04-09 01:26:09,106 [DEBUG] TUN->SSH: 52 байт
2026-04-09 01:26:09,107 [DEBUG] TUN->SSH: 1280 байт
2026-04-09 01:26:09,107 [DEBUG] TUN->SSH: 548 байт
2026-04-09 01:26:09,112 [DEBUG] TUN->SSH: 81 байт
2026-04-09 01:26:09,112 [DEBUG] SSH->TUN: 60 байт
2026-04-09 01:26:09,113 [DEBUG] TUN->SSH: 52 байт
2026-04-09 01:26:09,113 [DEBUG] SSH->TUN: 60 байт
2026-04-09 01:26:09,114 [DEBUG] TUN->SSH: 1280 байт
2026-04-09 01:26:09,114 [DEBUG] SSH->TUN: 60 байт
2026-04-09 01:26:09,115 [DEBUG] TUN->SSH: 548 байт
2026-04-09 01:26:09,115 [DEBUG] SSH->TUN: 60 байт
2026-04-09 01:26:09,115 [DEBUG] TUN->SSH: 52 байт
2026-04-09 01:26:09,116 [DEBUG] TUN->SSH: 305 байт
2026-04-09 01:26:09,116 [DEBUG] TUN->SSH: 52 байт
2026-04-09 01:26:09,117 [DEBUG] TUN->SSH: 309 байт
2026-04-09 01:26:09,117 [DEBUG] TUN->SSH: 52 байт
2026-04-09 01:26:09,118 [DEBUG] TUN->SSH: 526 байт
2026-04-09 01:26:09,128 [DEBUG] TUN->SSH: 60 байт
2026-04-09 01:26:09,129 [DEBUG] TUN->SSH: 60 байт
2026-04-09 01:26:09,129 [DEBUG] TUN->SSH: 60 байт
2026-04-09 01:26:09,130 [DEBUG] TUN->SSH: 60 байт
2026-04-09 01:26:09,141 [DEBUG] SSH->TUN: 60 байт
2026-04-09 01:26:09,141 [DEBUG] TUN->SSH: 52 байт
2026-04-09 01:26:09,142 [DEBUG] TUN->SSH: 566 байт
2026-04-09 01:26:09,167 [DEBUG] SSH->TUN: 52 байт
2026-04-09 01:26:09,174 [DEBUG] SSH->TUN: 52 байт
2026-04-09 01:26:09,178 [DEBUG] SSH->TUN: 1280 байт
2026-04-09 01:26:09,179 [DEBUG] TUN->SSH: 52 байт
2026-04-09 01:26:09,179 [DEBUG] SSH->TUN: 1280 байт
2026-04-09 01:26:09,179 [DEBUG] TUN->SSH: 52 байт
2026-04-09 01:26:09,180 [DEBUG] SSH->TUN: 978 байт
2026-04-09 01:26:09,180 [DEBUG] TUN->SSH: 52 байт
2026-04-09 01:26:09,180 [DEBUG] SSH->TUN: 52 байт
2026-04-09 01:26:09,181 [DEBUG] TUN->SSH: 314 байт
2026-04-09 01:26:09,181 [DEBUG] SSH->TUN: 52 байт
2026-04-09 01:26:09,182 [DEBUG] SSH->TUN: 1280 байт
2026-04-09 01:26:09,182 [DEBUG] TUN->SSH: 52 байт
2026-04-09 01:26:09,182 [DEBUG] SSH->TUN: 1280 байт
2026-04-09 01:26:09,183 [DEBUG] TUN->SSH: 52 байт
2026-04-09 01:26:09,210 [DEBUG] SSH->TUN: 977 байт
2026-04-09 01:26:09,211 [DEBUG] TUN->SSH: 52 байт
2026-04-09 01:26:09,211 [DEBUG] SSH->TUN: 169 байт
2026-04-09 01:26:09,211 [DEBUG] TUN->SSH: 223 байт
2026-04-09 01:26:09,212 [DEBUG] SSH->TUN: 145 байт
2026-04-09 01:26:09,212 [DEBUG] TUN->SSH: 52 байт
2026-04-09 01:26:09,213 [DEBUG] SSH->TUN: 307 байт
2026-04-09 01:26:09,213 [DEBUG] TUN->SSH: 52 байт
2026-04-09 01:26:09,213 [DEBUG] SSH->TUN: 399 байт
2026-04-09 01:26:09,214 [DEBUG] TUN->SSH: 157 байт
2026-04-09 01:26:09,214 [DEBUG] TUN->SSH: 52 байт
2026-04-09 01:26:09,215 [DEBUG] TUN->SSH: 52 байт
2026-04-09 01:26:09,215 [DEBUG] TUN->SSH: 40 байт
2026-04-09 01:26:09,216 [DEBUG] TUN->SSH: 40 байт
2026-04-09 01:26:09,216 [DEBUG] TUN->SSH: 269 байт
2026-04-09 01:26:09,228 [DEBUG] TUN->SSH: 40 байт
2026-04-09 01:26:09,243 [DEBUG] SSH->TUN: 235 байт
2026-04-09 01:26:09,249 [DEBUG] TUN->SSH: 247 байт
2026-04-09 01:26:09,255 [DEBUG] TUN->SSH: 60 байт
2026-04-09 01:26:09,256 [DEBUG] TUN->SSH: 60 байт
2026-04-09 01:26:09,256 [DEBUG] TUN->SSH: 60 байт
2026-04-09 01:26:09,257 [DEBUG] TUN->SSH: 60 байт
2026-04-09 01:26:09,258 [DEBUG] TUN->SSH: 60 байт
2026-04-09 01:26:09,258 [DEBUG] TUN->SSH: 60 байт
2026-04-09 01:26:09,259 [DEBUG] TUN->SSH: 60 байт
2026-04-09 01:26:09,259 [DEBUG] TUN->SSH: 60 байт
2026-04-09 01:26:09,268 [DEBUG] SSH->TUN: 52 байт
2026-04-09 01:26:09,269 [DEBUG] TUN->SSH: 40 байт
2026-04-09 01:26:09,277 [DEBUG] SSH->TUN: 52 байт
2026-04-09 01:26:09,278 [DEBUG] TUN->SSH: 40 байт
2026-04-09 01:26:09,278 [DEBUG] SSH->TUN: 157 байт
2026-04-09 01:26:09,278 [DEBUG] SSH->TUN: 157 байт
2026-04-09 01:26:09,282 [DEBUG] TUN->SSH: 333 байт
2026-04-09 01:26:09,283 [DEBUG] TUN->SSH: 269 байт
2026-04-09 01:26:09,285 [DEBUG] SSH->TUN: 145 байт
2026-04-09 01:26:09,285 [DEBUG] TUN->SSH: 274 байт
2026-04-09 01:26:09,305 [DEBUG] SSH->TUN: 168 байт
2026-04-09 01:26:09,308 [DEBUG] TUN->SSH: 280 байт
2026-04-09 01:26:09,343 [DEBUG] SSH->TUN: 221 байт
2026-04-09 01:26:09,344 [DEBUG] SSH->TUN: 221 байт
2026-04-09 01:26:09,344 [DEBUG] SSH->TUN: 177 байт
2026-04-09 01:26:09,345 [DEBUG] TUN->SSH: 188 байт
2026-04-09 01:26:09,346 [DEBUG] SSH->TUN: 688 байт
2026-04-09 01:26:09,346 [DEBUG] TUN->SSH: 52 байт
2026-04-09 01:26:09,350 [DEBUG] TUN->SSH: 52 байт
2026-04-09 01:26:09,351 [DEBUG] TUN->SSH: 52 байт
2026-04-09 01:26:09,353 [DEBUG] SSH->TUN: 656 байт
2026-04-09 01:26:09,354 [DEBUG] TUN->SSH: 52 байт
2026-04-09 01:26:09,354 [DEBUG] TUN->SSH: 52 байт
2026-04-09 01:26:09,355 [DEBUG] TUN->SSH: 52 байт
2026-04-09 01:26:09,369 [DEBUG] SSH->TUN: 232 байт
2026-04-09 01:26:09,376 [DEBUG] SSH->TUN: 677 байт
2026-04-09 01:26:09,377 [DEBUG] TUN->SSH: 52 байт
2026-04-09 01:26:09,415 [DEBUG] TUN->SSH: 52 байт
2026-04-09 01:26:09,415 [DEBUG] SSH->TUN: 52 байт
2026-04-09 01:26:09,416 [DEBUG] TUN->SSH: 52 байт
2026-04-09 01:26:09,416 [DEBUG] SSH->TUN: 52 байт
2026-04-09 01:26:09,416 [DEBUG] SSH->TUN: 52 байт
2026-04-09 01:26:09,417 [DEBUG] TUN->SSH: 52 байт
2026-04-09 01:26:09,417 [DEBUG] SSH->TUN: 52 байт
2026-04-09 01:26:09,418 [DEBUG] TUN->SSH: 52 байт
2026-04-09 01:26:09,528 [DEBUG] TUN->SSH: 81 байт
2026-04-09 01:26:09,532 [DEBUG] TUN->SSH: 64 байт
2026-04-09 01:26:09,632 [DEBUG] TUN->SSH: 60 байт
2026-04-09 01:26:09,669 [DEBUG] SSH->TUN: 60 байт
2026-04-09 01:26:09,670 [DEBUG] TUN->SSH: 52 байт
2026-04-09 01:26:09,671 [DEBUG] TUN->SSH: 150 байт
2026-04-09 01:26:09,721 [DEBUG] SSH->TUN: 52 байт
2026-04-09 01:26:09,722 [DEBUG] SSH->TUN: 229 байт
2026-04-09 01:26:09,722 [DEBUG] TUN->SSH: 52 байт
2026-04-09 01:26:09,723 [DEBUG] SSH->TUN: 181 байт
2026-04-09 01:26:09,723 [DEBUG] TUN->SSH: 52 байт
2026-04-09 01:26:09,724 [DEBUG] TUN->SSH: 52 байт
2026-04-09 01:26:09,725 [DEBUG] TUN->SSH: 60 байт
2026-04-09 01:26:09,768 [DEBUG] TUN->SSH: 52 байт
2026-04-09 01:26:09,768 [DEBUG] SSH->TUN: 52 байт
2026-04-09 01:26:09,895 [DEBUG] TUN->SSH: 654 байт
2026-04-09 01:26:09,909 [DEBUG] SSH->TUN: 60 байт
2026-04-09 01:26:09,910 [DEBUG] TUN->SSH: 52 байт
2026-04-09 01:26:09,910 [DEBUG] TUN->SSH: 1280 байт
2026-04-09 01:26:09,911 [DEBUG] TUN->SSH: 918 байт
2026-04-09 01:26:10,051 [DEBUG] TUN->SSH: 60 байт
2026-04-09 01:26:10,052 [DEBUG] TUN->SSH: 60 байт
2026-04-09 01:26:10,052 [DEBUG] TUN->SSH: 60 байт
2026-04-09 01:26:10,053 [DEBUG] TUN->SSH: 60 байт
2026-04-09 01:26:10,054 [DEBUG] TUN->SSH: 60 байт
2026-04-09 01:26:10,054 [DEBUG] TUN->SSH: 60 байт
2026-04-09 01:26:10,055 [DEBUG] TUN->SSH: 60 байт
2026-04-09 01:26:10,056 [DEBUG] TUN->SSH: 60 байт
2026-04-09 01:26:10,097 [DEBUG] SSH->TUN: 52 байт
2026-04-09 01:26:10,097 [DEBUG] SSH->TUN: 52 байт
2026-04-09 01:26:10,097 [DEBUG] SSH->TUN: 1280 байт
2026-04-09 01:26:10,098 [DEBUG] TUN->SSH: 52 байт
2026-04-09 01:26:10,098 [DEBUG] SSH->TUN: 1280 байт
2026-04-09 01:26:10,099 [DEBUG] TUN->SSH: 52 байт
2026-04-09 01:26:10,100 [DEBUG] SSH->TUN: 1280 байт
2026-04-09 01:26:10,100 [DEBUG] TUN->SSH: 52 байт
2026-04-09 01:26:10,101 [DEBUG] SSH->TUN: 464 байт
2026-04-09 01:26:10,101 [DEBUG] TUN->SSH: 52 байт
2026-04-09 01:26:10,136 [DEBUG] SSH->TUN: 929 байт
2026-04-09 01:26:10,137 [DEBUG] TUN->SSH: 52 байт
2026-04-09 01:26:10,137 [DEBUG] SSH->TUN: 60 байт
2026-04-09 01:26:10,138 [DEBUG] TUN->SSH: 132 байт
2026-04-09 01:26:10,138 [DEBUG] SSH->TUN: 60 байт
2026-04-09 01:26:10,138 [DEBUG] TUN->SSH: 52 байт
2026-04-09 01:26:10,139 [DEBUG] SSH->TUN: 60 байт
2026-04-09 01:26:10,140 [DEBUG] TUN->SSH: 782 байт
2026-04-09 01:26:10,140 [DEBUG] SSH->TUN: 60 байт
2026-04-09 01:26:10,141 [DEBUG] TUN->SSH: 305 байт
2026-04-09 01:26:10,141 [DEBUG] SSH->TUN: 60 байт
2026-04-09 01:26:10,142 [DEBUG] TUN->SSH: 52 байт
2026-04-09 01:26:10,142 [DEBUG] SSH->TUN: 60 байт
2026-04-09 01:26:10,142 [DEBUG] TUN->SSH: 389 байт
2026-04-09 01:26:10,143 [DEBUG] SSH->TUN: 60 байт
2026-04-09 01:26:10,143 [DEBUG] TUN->SSH: 52 байт
2026-04-09 01:26:10,143 [DEBUG] SSH->TUN: 60 байт
2026-04-09 01:26:10,144 [DEBUG] TUN->SSH: 470 байт
2026-04-09 01:26:10,144 [DEBUG] TUN->SSH: 52 байт
2026-04-09 01:26:10,145 [DEBUG] TUN->SSH: 221 байт
2026-04-09 01:26:10,145 [DEBUG] TUN->SSH: 52 байт
2026-04-09 01:26:10,146 [DEBUG] TUN->SSH: 454 байт
2026-04-09 01:26:10,146 [DEBUG] TUN->SSH: 52 байт
2026-04-09 01:26:10,147 [DEBUG] TUN->SSH: 542 байт
2026-04-09 01:26:10,147 [DEBUG] TUN->SSH: 52 байт
2026-04-09 01:26:10,148 [DEBUG] TUN->SSH: 245 байт
2026-04-09 01:26:10,148 [DEBUG] TUN->SSH: 52 байт
2026-04-09 01:26:10,149 [DEBUG] TUN->SSH: 446 байт
2026-04-09 01:26:10,151 [DEBUG] TUN->SSH: 60 байт
2026-04-09 01:26:10,152 [DEBUG] TUN->SSH: 60 байт
2026-04-09 01:26:10,152 [DEBUG] TUN->SSH: 60 байт
2026-04-09 01:26:10,153 [DEBUG] TUN->SSH: 60 байт
2026-04-09 01:26:10,194 [DEBUG] SSH->TUN: 201 байт
2026-04-09 01:26:10,194 [DEBUG] TUN->SSH: 52 байт
2026-04-09 01:26:10,195 [DEBUG] TUN->SSH: 52 байт
2026-04-09 01:26:10,198 [DEBUG] TUN->SSH: 317 байт
2026-04-09 01:26:10,201 [DEBUG] SSH->TUN: 177 байт
2026-04-09 01:26:10,201 [DEBUG] TUN->SSH: 52 байт
2026-04-09 01:26:10,202 [DEBUG] SSH->TUN: 351 байт
2026-04-09 01:26:10,202 [DEBUG] TUN->SSH: 52 байт
2026-04-09 01:26:10,203 [DEBUG] SSH->TUN: 209 байт
2026-04-09 01:26:10,203 [DEBUG] TUN->SSH: 381 байт
2026-04-09 01:26:10,204 [DEBUG] TUN->SSH: 40 байт
2026-04-09 01:26:10,204 [DEBUG] TUN->SSH: 52 байт
2026-04-09 01:26:10,205 [DEBUG] TUN->SSH: 52 байт
2026-04-09 01:26:10,209 [DEBUG] TUN->SSH: 333 байт
2026-04-09 01:26:10,214 [DEBUG] SSH->TUN: 299 байт
2026-04-09 01:26:10,214 [DEBUG] TUN->SSH: 40 байт
2026-04-09 01:26:10,215 [DEBUG] SSH->TUN: 379 байт
2026-04-09 01:26:10,215 [DEBUG] TUN->SSH: 52 байт
2026-04-09 01:26:10,216 [DEBUG] SSH->TUN: 307 байт
2026-04-09 01:26:10,216 [DEBUG] TUN->SSH: 40 байт
2026-04-09 01:26:10,216 [DEBUG] SSH->TUN: 141 байт
2026-04-09 01:26:10,217 [DEBUG] TUN->SSH: 52 байт
2026-04-09 01:26:10,217 [DEBUG] TUN->SSH: 52 байт
2026-04-09 01:26:10,218 [DEBUG] TUN->SSH: 349 байт
2026-04-09 01:26:10,258 [DEBUG] SSH->TUN: 52 байт
2026-04-09 01:26:10,259 [DEBUG] TUN->SSH: 40 байт
2026-04-09 01:26:10,259 [DEBUG] SSH->TUN: 221 байт
2026-04-09 01:26:10,260 [DEBUG] SSH->TUN: 52 байт
2026-04-09 01:26:10,260 [DEBUG] TUN->SSH: 40 байт
2026-04-09 01:26:10,261 [DEBUG] SSH->TUN: 221 байт
2026-04-09 01:26:10,268 [DEBUG] SSH->TUN: 52 байт
2026-04-09 01:26:10,269 [DEBUG] TUN->SSH: 40 байт
2026-04-09 01:26:10,269 [DEBUG] SSH->TUN: 1280 байт
2026-04-09 01:26:10,269 [DEBUG] SSH->TUN: 1280 байт
2026-04-09 01:26:10,270 [DEBUG] TUN->SSH: 52 байт
2026-04-09 01:26:10,270 [DEBUG] SSH->TUN: 1280 байт
2026-04-09 01:26:10,298 [DEBUG] SSH->TUN: 806 байт
2026-04-09 01:26:10,298 [DEBUG] TUN->SSH: 52 байт
2026-04-09 01:26:10,299 [DEBUG] SSH->TUN: 656 байт
2026-04-09 01:26:10,299 [DEBUG] TUN->SSH: 52 байт
2026-04-09 01:26:10,299 [DEBUG] SSH->TUN: 157 байт
2026-04-09 01:26:10,300 [DEBUG] TUN->SSH: 52 байт
2026-04-09 01:26:10,300 [DEBUG] SSH->TUN: 777 байт
2026-04-09 01:26:10,301 [DEBUG] TUN->SSH: 52 байт
2026-04-09 01:26:10,301 [DEBUG] SSH->TUN: 52 байт
2026-04-09 01:26:10,302 [DEBUG] TUN->SSH: 52 байт
2026-04-09 01:26:10,302 [DEBUG] SSH->TUN: 205 байт
2026-04-09 01:26:10,302 [DEBUG] TUN->SSH: 52 байт
2026-04-09 01:26:10,303 [DEBUG] SSH->TUN: 1280 байт
2026-04-09 01:26:10,303 [DEBUG] TUN->SSH: 52 байт
2026-04-09 01:26:10,303 [DEBUG] SSH->TUN: 1156 байт
2026-04-09 01:26:10,304 [DEBUG] TUN->SSH: 52 байт
2026-04-09 01:26:10,304 [DEBUG] SSH->TUN: 761 байт
2026-04-09 01:26:10,311 [DEBUG] TUN->SSH: 429 байт
2026-04-09 01:26:10,325 [DEBUG] SSH->TUN: 371 байт
2026-04-09 01:26:10,325 [DEBUG] SSH->TUN: 371 байт
2026-04-09 01:26:10,325 [DEBUG] TUN->SSH: 52 байт
2026-04-09 01:26:10,326 [DEBUG] SSH->TUN: 688 байт
2026-04-09 01:26:10,326 [DEBUG] TUN->SSH: 52 байт
2026-04-09 01:26:10,327 [DEBUG] SSH->TUN: 357 байт
2026-04-09 01:26:10,330 [DEBUG] TUN->SSH: 126 байт
2026-04-09 01:26:10,331 [DEBUG] TUN->SSH: 191 байт
2026-04-09 01:26:10,332 [DEBUG] TUN->SSH: 126 байт
2026-04-09 01:26:10,350 [DEBUG] TUN->SSH: 52 байт
2026-04-09 01:26:10,407 [DEBUG] TUN->SSH: 323 байт
2026-04-09 01:26:10,408 [DEBUG] TUN->SSH: 81 байт
2026-04-09 01:26:10,416 [DEBUG] TUN->SSH: 52 байт
2026-04-09 01:26:10,416 [DEBUG] SSH->TUN: 52 байт
2026-04-09 01:26:10,417 [DEBUG] TUN->SSH: 52 байт
2026-04-09 01:26:10,417 [DEBUG] SSH->TUN: 52 байт
2026-04-09 01:26:10,417 [DEBUG] SSH->TUN: 285 байт
2026-04-09 01:26:10,418 [DEBUG] SSH->TUN: 1200 байт
2026-04-09 01:26:10,419 [DEBUG] TUN->SSH: 52 байт
2026-04-09 01:26:10,419 [DEBUG] TUN->SSH: 445 байт
2026-04-09 01:26:10,467 [DEBUG] TUN->SSH: 64 байт
2026-04-09 01:26:10,496 [DEBUG] SSH->TUN: 896 байт
2026-04-09 01:26:10,497 [DEBUG] TUN->SSH: 221 байт
2026-04-09 01:26:10,521 [DEBUG] SSH->TUN: 52 байт
2026-04-09 01:26:10,574 [DEBUG] SSH->TUN: 52 байт
2026-04-09 01:26:10,576 [DEBUG] SSH->TUN: 768 байт
2026-04-09 01:26:10,604 [DEBUG] SSH->TUN: 52 байт
2026-04-09 01:26:10,605 [DEBUG] SSH->TUN: 78 байт
2026-04-09 01:26:10,605 [DEBUG] SSH->TUN: 76 байт
2026-04-09 01:26:10,606 [DEBUG] TUN->SSH: 52 байт
2026-04-09 01:26:10,606 [DEBUG] SSH->TUN: 52 байт
2026-04-09 01:26:10,607 [DEBUG] TUN->SSH: 52 байт
2026-04-09 01:26:10,607 [DEBUG] TUN->SSH: 52 байт
2026-04-09 01:26:10,618 [DEBUG] TUN->SSH: 52 байт
2026-04-09 01:26:10,793 [DEBUG] SSH->TUN: 52 байт
2026-04-09 01:26:10,887 [DEBUG] TUN->SSH: 60 байт
2026-04-09 01:26:10,925 [DEBUG] SSH->TUN: 60 байт
2026-04-09 01:26:10,926 [DEBUG] TUN->SSH: 52 байт
2026-04-09 01:26:10,926 [DEBUG] TUN->SSH: 110 байт
2026-04-09 01:26:10,970 [DEBUG] SSH->TUN: 52 байт
2026-04-09 01:26:10,970 [DEBUG] SSH->TUN: 97 байт
2026-04-09 01:26:10,971 [DEBUG] TUN->SSH: 52 байт
2026-04-09 01:26:10,971 [DEBUG] SSH->TUN: 109 байт
2026-04-09 01:26:10,971 [DEBUG] TUN->SSH: 52 байт
2026-04-09 01:26:10,972 [DEBUG] TUN->SSH: 52 байт
2026-04-09 01:26:10,973 [DEBUG] TUN->SSH: 60 байт
2026-04-09 01:26:11,014 [DEBUG] SSH->TUN: 52 байт
2026-04-09 01:26:11,014 [DEBUG] TUN->SSH: 52 байт
2026-04-09 01:26:11,014 [DEBUG] SSH->TUN: 60 байт
2026-04-09 01:26:11,015 [DEBUG] TUN->SSH: 52 байт
2026-04-09 01:26:11,016 [DEBUG] TUN->SSH: 1280 байт
2026-04-09 01:26:11,016 [DEBUG] TUN->SSH: 814 байт
2026-04-09 01:26:11,055 [DEBUG] SSH->TUN: 52 байт
2026-04-09 01:26:11,056 [DEBUG] SSH->TUN: 52 байт
2026-04-09 01:26:11,059 [DEBUG] SSH->TUN: 1280 байт
2026-04-09 01:26:11,059 [DEBUG] TUN->SSH: 52 байт
2026-04-09 01:26:11,060 [DEBUG] SSH->TUN: 199 байт
2026-04-09 01:26:11,060 [DEBUG] TUN->SSH: 52 байт
2026-04-09 01:26:11,061 [DEBUG] TUN->SSH: 116 байт
2026-04-09 01:26:11,061 [DEBUG] TUN->SSH: 144 байт
2026-04-09 01:26:11,062 [DEBUG] TUN->SSH: 1280 байт
2026-04-09 01:26:11,062 [DEBUG] TUN->SSH: 1280 байт
2026-04-09 01:26:11,063 [DEBUG] TUN->SSH: 712 байт
2026-04-09 01:26:11,063 [DEBUG] TUN->SSH: 1280 байт
2026-04-09 01:26:11,064 [DEBUG] TUN->SSH: 1280 байт
2026-04-09 01:26:11,064 [DEBUG] TUN->SSH: 1280 байт
2026-04-09 01:26:11,065 [DEBUG] TUN->SSH: 1280 байт
2026-04-09 01:26:11,065 [DEBUG] TUN->SSH: 1280 байт
2026-04-09 01:26:11,101 [DEBUG] SSH->TUN: 580 байт
2026-04-09 01:26:11,102 [DEBUG] TUN->SSH: 1280 байт
2026-04-09 01:26:11,102 [DEBUG] SSH->TUN: 83 байт
2026-04-09 01:26:11,103 [DEBUG] TUN->SSH: 1280 байт
2026-04-09 01:26:11,104 [DEBUG] SSH->TUN: 52 байт
2026-04-09 01:26:11,104 [DEBUG] TUN->SSH: 1280 байт
2026-04-09 01:26:11,104 [DEBUG] SSH->TUN: 52 байт
2026-04-09 01:26:11,105 [DEBUG] TUN->SSH: 1021 байт
2026-04-09 01:26:11,105 [DEBUG] SSH->TUN: 52 байт
2026-04-09 01:26:11,105 [DEBUG] SSH->TUN: 52 байт
2026-04-09 01:26:11,141 [DEBUG] SSH->TUN: 52 байт
2026-04-09 01:26:11,159 [DEBUG] SSH->TUN: 52 байт
2026-04-09 01:26:11,359 [DEBUG] TUN->SSH: 269 байт
2026-04-09 01:26:11,409 [DEBUG] SSH->TUN: 533 байт
2026-04-09 01:26:11,412 [DEBUG] SSH->TUN: 443 байт
2026-04-09 01:26:11,413 [DEBUG] TUN->SSH: 52 байт
2026-04-09 01:26:11,413 [DEBUG] SSH->TUN: 90 байт
2026-04-09 01:26:11,414 [DEBUG] SSH->TUN: 83 байт
2026-04-09 01:26:11,415 [DEBUG] TUN->SSH: 52 байт
2026-04-09 01:26:11,432 [DEBUG] TUN->SSH: 52 байт
2026-04-09 01:26:11,434 [DEBUG] TUN->SSH: 52 байт
2026-04-09 01:26:11,435 [DEBUG] TUN->SSH: 52 байт
2026-04-09 01:26:11,437 [DEBUG] TUN->SSH: 52 байт
2026-04-09 01:26:11,438 [DEBUG] TUN->SSH: 52 байт
2026-04-09 01:26:11,439 [DEBUG] TUN->SSH: 52 байт
2026-04-09 01:26:11,439 [DEBUG] SSH->TUN: 1232 байт
2026-04-09 01:26:11,440 [DEBUG] TUN->SSH: 52 байт
2026-04-09 01:26:11,483 [DEBUG] SSH->TUN: 52 байт
2026-04-09 01:26:11,484 [DEBUG] SSH->TUN: 76 байт
2026-04-09 01:26:11,484 [DEBUG] TUN->SSH: 40 байт
2026-04-09 01:26:11,485 [DEBUG] SSH->TUN: 52 байт
2026-04-09 01:26:11,486 [DEBUG] TUN->SSH: 40 байт
2026-04-09 01:26:11,488 [DEBUG] TUN->SSH: 52 байт
2026-04-09 01:26:11,488 [DEBUG] SSH->TUN: 52 байт
2026-04-09 01:26:11,489 [DEBUG] TUN->SSH: 52 байт
2026-04-09 01:26:11,490 [DEBUG] SSH->TUN: 52 байт
2026-04-09 01:26:11,491 [DEBUG] SSH->TUN: 76 байт
2026-04-09 01:26:11,491 [DEBUG] TUN->SSH: 40 байт
2026-04-09 01:26:11,540 [DEBUG] SSH->TUN: 52 байт
2026-04-09 01:26:11,541 [DEBUG] TUN->SSH: 40 байт
2026-04-09 01:26:11,541 [DEBUG] SSH->TUN: 52 байт
2026-04-09 01:26:11,542 [DEBUG] SSH->TUN: 76 байт
2026-04-09 01:26:11,543 [DEBUG] TUN->SSH: 40 байт
2026-04-09 01:26:11,543 [DEBUG] SSH->TUN: 52 байт
2026-04-09 01:26:11,544 [DEBUG] TUN->SSH: 40 байт
2026-04-09 01:26:11,704 [DEBUG] TUN->SSH: 52 байт
2026-04-09 01:26:12,071 [DEBUG] TUN->SSH: 81 байт
2026-04-09 01:26:12,263 [DEBUG] TUN->SSH: 52 байт
2026-04-09 01:26:12,341 [DEBUG] TUN->SSH: 64 байт
2026-04-09 01:26:12,830 [DEBUG] SSH->TUN: 261 байт
2026-04-09 01:26:12,830 [DEBUG] SSH->TUN: 505 байт
2026-04-09 01:26:12,831 [DEBUG] TUN->SSH: 52 байт
2026-04-09 01:26:13,053 [DEBUG] TUN->SSH: 349 байт
2026-04-09 01:26:13,177 [DEBUG] SSH->TUN: 52 байт
2026-04-09 01:26:13,351 [DEBUG] TUN->SSH: 52 байт
2026-04-09 01:26:13,375 [DEBUG] SSH->TUN: 175 байт
2026-04-09 01:26:13,417 [DEBUG] TUN->SSH: 52 байт
2026-04-09 01:26:13,877 [DEBUG] SSH->TUN: 177 байт
2026-04-09 01:26:13,878 [DEBUG] TUN->SSH: 52 байт
2026-04-09 01:26:13,878 [DEBUG] SSH->TUN: 277 байт
2026-04-09 01:26:13,879 [DEBUG] TUN->SSH: 52 байт
2026-04-09 01:26:13,930 [DEBUG] TUN->SSH: 52 байт
2026-04-09 01:26:13,991 [DEBUG] TUN->SSH: 52 байт
2026-04-09 01:26:14,116 [DEBUG] TUN->SSH: 1280 байт
2026-04-09 01:26:14,116 [DEBUG] TUN->SSH: 1280 байт
2026-04-09 01:26:14,117 [DEBUG] TUN->SSH: 630 байт
2026-04-09 01:26:14,160 [DEBUG] SSH->TUN: 52 байт
2026-04-09 01:26:14,202 [DEBUG] SSH->TUN: 52 байт
2026-04-09 01:26:14,407 [DEBUG] SSH->TUN: 151 байт
2026-04-09 01:26:14,408 [DEBUG] TUN->SSH: 52 байт
2026-04-09 01:26:14,408 [DEBUG] SSH->TUN: 128 байт
2026-04-09 01:26:14,409 [DEBUG] TUN->SSH: 52 байт
2026-04-09 01:26:14,503 [DEBUG] TUN->SSH: 80 байт
2026-04-09 01:26:14,751 [DEBUG] TUN->SSH: 80 байт
2026-04-09 01:26:14,814 [DEBUG] SSH->TUN: 101 байт
2026-04-09 01:26:14,814 [DEBUG] TUN->SSH: 52 байт
2026-04-09 01:26:14,818 [DEBUG] SSH->TUN: 131 байт
2026-04-09 01:26:14,818 [DEBUG] TUN->SSH: 52 байт
2026-04-09 01:26:14,819 [DEBUG] SSH->TUN: 107 байт
2026-04-09 01:26:14,819 [DEBUG] TUN->SSH: 52 байт
2026-04-09 01:26:14,820 [DEBUG] SSH->TUN: 127 байт
2026-04-09 01:26:14,820 [DEBUG] TUN->SSH: 52 байт
2026-04-09 01:26:14,821 [DEBUG] SSH->TUN: 101 байт
2026-04-09 01:26:14,821 [DEBUG] TUN->SSH: 52 байт
2026-04-09 01:26:14,863 [DEBUG] SSH->TUN: 109 байт
2026-04-09 01:26:14,864 [DEBUG] TUN->SSH: 52 байт
2026-04-09 01:26:14,864 [DEBUG] SSH->TUN: 108 байт
2026-04-09 01:26:14,865 [DEBUG] TUN->SSH: 52 байт
2026-04-09 01:26:14,865 [DEBUG] SSH->TUN: 218 байт
2026-04-09 01:26:14,866 [DEBUG] TUN->SSH: 52 байт
2026-04-09 01:26:14,867 [DEBUG] SSH->TUN: 1280 байт
2026-04-09 01:26:14,867 [DEBUG] TUN->SSH: 52 байт
2026-04-09 01:26:14,868 [DEBUG] SSH->TUN: 215 байт
2026-04-09 01:26:14,869 [DEBUG] TUN->SSH: 52 байт
2026-04-09 01:26:14,869 [DEBUG] SSH->TUN: 1280 байт
2026-04-09 01:26:14,870 [DEBUG] TUN->SSH: 52 байт
2026-04-09 01:26:14,870 [DEBUG] SSH->TUN: 1280 байт
2026-04-09 01:26:14,871 [DEBUG] TUN->SSH: 52 байт
2026-04-09 01:26:14,871 [DEBUG] SSH->TUN: 378 байт
2026-04-09 01:26:14,872 [DEBUG] TUN->SSH: 52 байт
2026-04-09 01:26:14,873 [DEBUG] SSH->TUN: 1280 байт
2026-04-09 01:26:14,874 [DEBUG] TUN->SSH: 52 байт
2026-04-09 01:26:14,874 [DEBUG] SSH->TUN: 1280 байт
2026-04-09 01:26:14,875 [DEBUG] TUN->SSH: 52 байт
2026-04-09 01:26:14,876 [DEBUG] SSH->TUN: 1280 байт
2026-04-09 01:26:14,876 [DEBUG] TUN->SSH: 52 байт
2026-04-09 01:26:14,876 [DEBUG] SSH->TUN: 1280 байт
2026-04-09 01:26:14,877 [DEBUG] SSH->TUN: 1280 байт
2026-04-09 01:26:14,877 [DEBUG] TUN->SSH: 52 байт
2026-04-09 01:26:14,878 [DEBUG] SSH->TUN: 1280 байт
2026-04-09 01:26:14,878 [DEBUG] TUN->SSH: 52 байт
2026-04-09 01:26:14,879 [DEBUG] SSH->TUN: 1280 байт
2026-04-09 01:26:14,879 [DEBUG] SSH->TUN: 1280 байт
2026-04-09 01:26:14,880 [DEBUG] TUN->SSH: 52 байт
2026-04-09 01:26:14,880 [DEBUG] SSH->TUN: 1280 байт
2026-04-09 01:26:14,881 [DEBUG] TUN->SSH: 52 байт
2026-04-09 01:26:14,881 [DEBUG] SSH->TUN: 1280 байт
2026-04-09 01:26:14,917 [DEBUG] SSH->TUN: 1280 байт
2026-04-09 01:26:14,918 [DEBUG] TUN->SSH: 52 байт
2026-04-09 01:26:14,918 [DEBUG] SSH->TUN: 1280 байт
2026-04-09 01:26:14,919 [DEBUG] TUN->SSH: 52 байт
2026-04-09 01:26:14,919 [DEBUG] SSH->TUN: 1280 байт
2026-04-09 01:26:14,920 [DEBUG] SSH->TUN: 1280 байт
2026-04-09 01:26:14,920 [DEBUG] TUN->SSH: 52 байт
2026-04-09 01:26:14,921 [DEBUG] SSH->TUN: 1280 байт
2026-04-09 01:26:14,921 [DEBUG] TUN->SSH: 52 байт
2026-04-09 01:26:14,922 [DEBUG] SSH->TUN: 1280 байт
2026-04-09 01:26:14,922 [DEBUG] SSH->TUN: 1280 байт
2026-04-09 01:26:14,923 [DEBUG] TUN->SSH: 52 байт
2026-04-09 01:26:14,926 [DEBUG] SSH->TUN: 1280 байт
2026-04-09 01:26:14,927 [DEBUG] TUN->SSH: 52 байт
2026-04-09 01:26:14,927 [DEBUG] SSH->TUN: 1280 байт
2026-04-09 01:26:14,927 [DEBUG] SSH->TUN: 1280 байт
2026-04-09 01:26:14,928 [DEBUG] TUN->SSH: 52 байт
2026-04-09 01:26:14,928 [DEBUG] SSH->TUN: 1280 байт
2026-04-09 01:26:14,929 [DEBUG] TUN->SSH: 52 байт
2026-04-09 01:26:14,929 [DEBUG] SSH->TUN: 1280 байт
2026-04-09 01:26:14,930 [DEBUG] TUN->SSH: 52 байт
2026-04-09 01:26:14,930 [DEBUG] SSH->TUN: 1280 байт
2026-04-09 01:26:14,931 [DEBUG] SSH->TUN: 1280 байт
2026-04-09 01:26:14,931 [DEBUG] TUN->SSH: 52 байт
2026-04-09 01:26:14,932 [DEBUG] SSH->TUN: 1280 байт
2026-04-09 01:26:14,950 [DEBUG] SSH->TUN: 1280 байт
2026-04-09 01:26:14,951 [DEBUG] TUN->SSH: 52 байт
2026-04-09 01:26:14,952 [DEBUG] SSH->TUN: 1280 байт
2026-04-09 01:26:14,952 [DEBUG] TUN->SSH: 52 байт
2026-04-09 01:26:14,960 [DEBUG] SSH->TUN: 1280 байт
2026-04-09 01:26:14,961 [DEBUG] SSH->TUN: 1280 байт
2026-04-09 01:26:14,961 [DEBUG] TUN->SSH: 52 байт
2026-04-09 01:26:14,962 [DEBUG] SSH->TUN: 1280 байт
2026-04-09 01:26:14,962 [DEBUG] TUN->SSH: 52 байт
2026-04-09 01:26:14,963 [DEBUG] SSH->TUN: 1280 байт
2026-04-09 01:26:14,963 [DEBUG] SSH->TUN: 1280 байт
2026-04-09 01:26:14,964 [DEBUG] TUN->SSH: 52 байт
2026-04-09 01:26:14,964 [DEBUG] SSH->TUN: 1280 байт
2026-04-09 01:26:14,965 [DEBUG] TUN->SSH: 52 байт
2026-04-09 01:26:14,965 [DEBUG] SSH->TUN: 1280 байт
2026-04-09 01:26:14,966 [DEBUG] SSH->TUN: 1280 байт
2026-04-09 01:26:14,967 [DEBUG] TUN->SSH: 52 байт
2026-04-09 01:26:14,967 [DEBUG] SSH->TUN: 1280 байт
2026-04-09 01:26:14,968 [DEBUG] TUN->SSH: 52 байт
2026-04-09 01:26:14,969 [DEBUG] SSH->TUN: 1280 байт
2026-04-09 01:26:14,969 [DEBUG] SSH->TUN: 619 байт
2026-04-09 01:26:14,970 [DEBUG] TUN->SSH: 52 байт
2026-04-09 01:26:14,970 [DEBUG] SSH->TUN: 109 байт
2026-04-09 01:26:14,971 [DEBUG] TUN->SSH: 52 байт
2026-04-09 01:26:14,991 [DEBUG] SSH->TUN: 101 байт
2026-04-09 01:26:14,992 [DEBUG] TUN->SSH: 52 байт
2026-04-09 01:26:14,992 [DEBUG] SSH->TUN: 115 байт
2026-04-09 01:26:14,993 [DEBUG] TUN->SSH: 52 байт
2026-04-09 01:26:14,993 [DEBUG] SSH->TUN: 109 байт
2026-04-09 01:26:14,994 [DEBUG] TUN->SSH: 52 байт
2026-04-09 01:26:15,015 [DEBUG] TUN->SSH: 80 байт
2026-04-09 01:26:15,053 [DEBUG] TUN->SSH: 60 байт
2026-04-09 01:26:15,056 [DEBUG] SSH->TUN: 40 байт
2026-04-09 01:26:15,240 [DEBUG] TUN->SSH: 80 байт
2026-04-09 01:26:15,247 [DEBUG] SSH->TUN: 60 байт
2026-04-09 01:26:15,248 [DEBUG] TUN->SSH: 52 байт
2026-04-09 01:26:15,248 [DEBUG] TUN->SSH: 1280 байт
2026-04-09 01:26:15,249 [DEBUG] TUN->SSH: 886 байт
2026-04-09 01:26:15,399 [DEBUG] TUN->SSH: 81 байт
2026-04-09 01:26:15,434 [DEBUG] SSH->TUN: 52 байт
2026-04-09 01:26:15,434 [DEBUG] SSH->TUN: 52 байт
2026-04-09 01:26:15,438 [DEBUG] SSH->TUN: 312 байт
2026-04-09 01:26:15,438 [DEBUG] TUN->SSH: 52 байт
2026-04-09 01:26:15,439 [DEBUG] TUN->SSH: 132 байт
2026-04-09 01:26:15,440 [DEBUG] TUN->SSH: 782 байт
2026-04-09 01:26:15,464 [DEBUG] TUN->SSH: 52 байт
2026-04-09 01:26:15,527 [DEBUG] TUN->SSH: 88 байт
2026-04-09 01:26:15,528 [DEBUG] TUN->SSH: 52 байт
2026-04-09 01:26:15,529 [DEBUG] TUN->SSH: 52 байт
2026-04-09 01:26:15,529 [DEBUG] TUN->SSH: 52 байт
2026-04-09 01:26:15,530 [DEBUG] TUN->SSH: 52 байт
2026-04-09 01:26:15,542 [DEBUG] SSH->TUN: 800 байт
2026-04-09 01:26:15,543 [DEBUG] TUN->SSH: 52 байт
2026-04-09 01:26:15,578 [DEBUG] SSH->TUN: 52 байт
2026-04-09 01:26:15,579 [DEBUG] TUN->SSH: 52 байт
2026-04-09 01:26:15,579 [DEBUG] SSH->TUN: 52 байт
2026-04-09 01:26:15,580 [DEBUG] TUN->SSH: 52 байт
2026-04-09 01:26:15,580 [DEBUG] SSH->TUN: 52 байт
2026-04-09 01:26:15,581 [DEBUG] TUN->SSH: 52 байт
2026-04-09 01:26:15,596 [DEBUG] SSH->TUN: 40 байт
2026-04-09 01:26:15,596 [DEBUG] SSH->TUN: 350 байт
2026-04-09 01:26:15,597 [DEBUG] TUN->SSH: 52 байт
2026-04-09 01:26:15,597 [DEBUG] SSH->TUN: 52 байт
2026-04-09 01:26:15,598 [DEBUG] SSH->TUN: 76 байт
2026-04-09 01:26:15,598 [DEBUG] TUN->SSH: 40 байт
2026-04-09 01:26:15,627 [DEBUG] SSH->TUN: 52 байт
2026-04-09 01:26:15,627 [DEBUG] TUN->SSH: 40 байт
2026-04-09 01:26:15,628 [DEBUG] SSH->TUN: 371 байт
2026-04-09 01:26:15,628 [DEBUG] SSH->TUN: 357 байт
2026-04-09 01:26:15,629 [DEBUG] TUN->SSH: 52 байт
2026-04-09 01:26:15,632 [DEBUG] TUN->SSH: 126 байт
2026-04-09 01:26:15,633 [DEBUG] TUN->SSH: 126 байт
2026-04-09 01:26:15,712 [DEBUG] TUN->SSH: 82 байт
2026-04-09 01:26:15,774 [DEBUG] TUN->SSH: 64 байт
2026-04-09 01:26:15,822 [DEBUG] SSH->TUN: 52 байт
2026-04-09 01:26:15,927 [DEBUG] TUN->SSH: 82 байт
2026-04-09 01:26:15,940 [DEBUG] TUN->SSH: 64 байт
2026-04-09 01:26:16,040 [DEBUG] TUN->SSH: 52 байт
2026-04-09 01:26:16,106 [DEBUG] TUN->SSH: 83 байт
2026-04-09 01:26:16,107 [DEBUG] TUN->SSH: 52 байт
2026-04-09 01:26:16,108 [DEBUG] TUN->SSH: 92 байт
2026-04-09 01:26:16,109 [DEBUG] TUN->SSH: 92 байт
2026-04-09 01:26:16,110 [DEBUG] TUN->SSH: 52 байт
2026-04-09 01:26:16,111 [DEBUG] TUN->SSH: 83 байт
2026-04-09 01:26:16,112 [DEBUG] TUN->SSH: 52 байт
2026-04-09 01:26:16,143 [DEBUG] TUN->SSH: 82 байт
2026-04-09 01:26:16,171 [DEBUG] TUN->SSH: 64 байт
2026-04-09 01:26:16,183 [DEBUG] TUN->SSH: 52 байт
2026-04-09 01:26:16,232 [DEBUG] TUN->SSH: 80 байт
2026-04-09 01:26:16,233 [DEBUG] TUN->SSH: 52 байт
2026-04-09 01:26:16,240 [DEBUG] TUN->SSH: 52 байт
2026-04-09 01:26:16,423 [DEBUG] TUN->SSH: 132 байт
2026-04-09 01:26:16,495 [DEBUG] TUN->SSH: 83 байт
2026-04-09 01:26:16,504 [DEBUG] TUN->SSH: 83 байт
2026-04-09 01:26:16,568 [DEBUG] TUN->SSH: 82 байт
2026-04-09 01:26:16,634 [DEBUG] TUN->SSH: 64 байт
2026-04-09 01:26:16,903 [DEBUG] TUN->SSH: 132 байт
2026-04-09 01:26:17,063 [DEBUG] TUN->SSH: 83 байт
2026-04-09 01:26:17,064 [DEBUG] TUN->SSH: 83 байт
2026-04-09 01:26:17,447 [DEBUG] TUN->SSH: 82 байт
2026-04-09 01:26:17,595 [DEBUG] TUN->SSH: 64 байт
2026-04-09 01:26:17,896 [DEBUG] TUN->SSH: 132 байт
2026-04-09 01:26:18,051 [DEBUG] TUN->SSH: 60 байт
2026-04-09 01:26:18,087 [DEBUG] TUN->SSH: 52 байт
2026-04-09 01:26:18,151 [DEBUG] TUN->SSH: 83 байт
2026-04-09 01:26:18,152 [DEBUG] TUN->SSH: 83 байт
2026-04-09 01:26:18,215 [DEBUG] TUN->SSH: 80 байт
2026-04-09 01:26:18,306 [DEBUG] SSH->TUN: 60 байт
2026-04-09 01:26:18,307 [DEBUG] TUN->SSH: 52 байт
2026-04-09 01:26:18,307 [DEBUG] SSH->TUN: 107 байт
2026-04-09 01:26:18,308 [DEBUG] TUN->SSH: 97 байт
2026-04-09 01:26:18,308 [DEBUG] SSH->TUN: 161 байт
2026-04-09 01:26:18,308 [DEBUG] TUN->SSH: 52 байт
2026-04-09 01:26:18,309 [DEBUG] SSH->TUN: 96 байт
2026-04-09 01:26:18,309 [DEBUG] TUN->SSH: 52 байт
2026-04-09 01:26:18,310 [DEBUG] SSH->TUN: 118 байт
2026-04-09 01:26:18,310 [DEBUG] TUN->SSH: 52 байт
2026-04-09 01:26:18,311 [DEBUG] TUN->SSH: 52 байт
2026-04-09 01:26:18,311 [DEBUG] TUN->SSH: 87 байт
2026-04-09 01:26:18,312 [DEBUG] TUN->SSH: 87 байт
2026-04-09 01:26:18,354 [DEBUG] SSH->TUN: 52 байт
2026-04-09 01:26:18,354 [DEBUG] SSH->TUN: 97 байт
2026-04-09 01:26:18,355 [DEBUG] TUN->SSH: 52 байт
2026-04-09 01:26:18,355 [DEBUG] TUN->SSH: 52 байт
2026-04-09 01:26:18,356 [DEBUG] TUN->SSH: 60 байт
2026-04-09 01:26:18,395 [DEBUG] SSH->TUN: 52 байт
2026-04-09 01:26:18,395 [DEBUG] SSH->TUN: 52 байт
2026-04-09 01:26:18,396 [DEBUG] SSH->TUN: 60 байт
2026-04-09 01:26:18,396 [DEBUG] TUN->SSH: 52 байт
2026-04-09 01:26:18,397 [DEBUG] TUN->SSH: 94 байт
2026-04-09 01:26:18,429 [DEBUG] SSH->TUN: 52 байт
2026-04-09 01:26:18,430 [DEBUG] TUN->SSH: 52 байт
2026-04-09 01:26:18,437 [DEBUG] SSH->TUN: 52 байт
2026-04-09 01:26:18,437 [DEBUG] SSH->TUN: 94 байт
2026-04-09 01:26:18,438 [DEBUG] TUN->SSH: 52 байт
2026-04-09 01:26:18,438 [DEBUG] TUN->SSH: 52 байт
2026-04-09 01:26:18,438 [DEBUG] TUN->SSH: 60 байт
2026-04-09 01:26:18,496 [DEBUG] TUN->SSH: 52 байт
2026-04-09 01:26:18,496 [DEBUG] SSH->TUN: 52 байт
2026-04-09 01:26:18,496 [DEBUG] SSH->TUN: 60 байт
2026-04-09 01:26:18,497 [DEBUG] TUN->SSH: 52 байт
2026-04-09 01:26:18,497 [DEBUG] TUN->SSH: 98 байт
2026-04-09 01:26:18,797 [DEBUG] SSH->TUN: 52 байт
2026-04-09 01:26:18,797 [DEBUG] SSH->TUN: 98 байт
2026-04-09 01:26:18,798 [DEBUG] TUN->SSH: 52 байт
2026-04-09 01:26:18,798 [DEBUG] SSH->TUN: 115 байт
2026-04-09 01:26:18,799 [DEBUG] TUN->SSH: 52 байт
2026-04-09 01:26:18,799 [DEBUG] SSH->TUN: 101 байт
2026-04-09 01:26:18,800 [DEBUG] TUN->SSH: 60 байт
2026-04-09 01:26:18,801 [DEBUG] TUN->SSH: 52 байт
2026-04-09 01:26:18,802 [DEBUG] SSH->TUN: 111 байт
2026-04-09 01:26:18,803 [DEBUG] SSH->TUN: 111 байт
2026-04-09 01:26:18,803 [DEBUG] TUN->SSH: 52 байт
2026-04-09 01:26:18,803 [DEBUG] SSH->TUN: 111 байт
2026-04-09 01:26:18,804 [DEBUG] SSH->TUN: 98 байт
2026-04-09 01:26:18,804 [DEBUG] TUN->SSH: 64 байт
2026-04-09 01:26:18,836 [DEBUG] SSH->TUN: 52 байт
2026-04-09 01:26:18,836 [DEBUG] TUN->SSH: 52 байт
2026-04-09 01:26:18,837 [DEBUG] SSH->TUN: 60 байт
2026-04-09 01:26:18,838 [DEBUG] TUN->SSH: 52 байт
2026-04-09 01:26:18,838 [DEBUG] TUN->SSH: 93 байт
2026-04-09 01:26:18,844 [DEBUG] TUN->SSH: 52 байт
2026-04-09 01:26:18,878 [DEBUG] SSH->TUN: 52 байт
2026-04-09 01:26:18,879 [DEBUG] SSH->TUN: 93 байт
2026-04-09 01:26:18,879 [DEBUG] TUN->SSH: 52 байт
2026-04-09 01:26:18,879 [DEBUG] TUN->SSH: 52 байт
2026-04-09 01:26:18,880 [DEBUG] TUN->SSH: 60 байт
2026-04-09 01:26:18,918 [DEBUG] SSH->TUN: 52 байт
2026-04-09 01:26:18,918 [DEBUG] TUN->SSH: 52 байт
2026-04-09 01:26:18,920 [DEBUG] SSH->TUN: 60 байт
2026-04-09 01:26:18,921 [DEBUG] TUN->SSH: 52 байт
2026-04-09 01:26:18,921 [DEBUG] TUN->SSH: 95 байт
2026-04-09 01:26:18,962 [DEBUG] SSH->TUN: 52 байт
2026-04-09 01:26:18,963 [DEBUG] SSH->TUN: 95 байт
2026-04-09 01:26:18,963 [DEBUG] TUN->SSH: 52 байт
2026-04-09 01:26:18,964 [DEBUG] TUN->SSH: 52 байт
2026-04-09 01:26:18,964 [DEBUG] TUN->SSH: 60 байт
2026-04-09 01:26:19,002 [DEBUG] SSH->TUN: 52 байт
2026-04-09 01:26:19,003 [DEBUG] TUN->SSH: 52 байт
2026-04-09 01:26:19,003 [DEBUG] SSH->TUN: 60 байт
2026-04-09 01:26:19,003 [DEBUG] TUN->SSH: 52 байт
2026-04-09 01:26:19,004 [DEBUG] TUN->SSH: 95 байт
2026-04-09 01:26:19,044 [DEBUG] SSH->TUN: 52 байт
2026-04-09 01:26:19,045 [DEBUG] SSH->TUN: 95 байт
2026-04-09 01:26:19,045 [DEBUG] TUN->SSH: 52 байт
2026-04-09 01:26:19,046 [DEBUG] TUN->SSH: 52 байт
2026-04-09 01:26:19,046 [DEBUG] TUN->SSH: 60 байт
2026-04-09 01:26:19,083 [DEBUG] TUN->SSH: 52 байт
2026-04-09 01:26:19,083 [DEBUG] SSH->TUN: 52 байт
2026-04-09 01:26:19,086 [DEBUG] SSH->TUN: 60 байт
2026-04-09 01:26:19,087 [DEBUG] TUN->SSH: 52 байт
2026-04-09 01:26:19,087 [DEBUG] TUN->SSH: 95 байт
2026-04-09 01:26:19,126 [DEBUG] SSH->TUN: 52 байт
2026-04-09 01:26:19,129 [DEBUG] SSH->TUN: 95 байт
2026-04-09 01:26:19,130 [DEBUG] TUN->SSH: 52 байт
2026-04-09 01:26:19,130 [DEBUG] TUN->SSH: 52 байт
2026-04-09 01:26:19,131 [DEBUG] TUN->SSH: 60 байт
2026-04-09 01:26:19,168 [DEBUG] TUN->SSH: 52 байт
2026-04-09 01:26:19,169 [DEBUG] SSH->TUN: 52 байт
2026-04-09 01:26:19,171 [DEBUG] SSH->TUN: 60 байт
2026-04-09 01:26:19,172 [DEBUG] TUN->SSH: 52 байт
2026-04-09 01:26:19,173 [DEBUG] TUN->SSH: 95 байт
2026-04-09 01:26:19,175 [DEBUG] TUN->SSH: 82 байт
2026-04-09 01:26:19,212 [DEBUG] SSH->TUN: 52 байт
2026-04-09 01:26:19,213 [DEBUG] SSH->TUN: 95 байт
2026-04-09 01:26:19,213 [DEBUG] TUN->SSH: 52 байт
2026-04-09 01:26:19,214 [DEBUG] TUN->SSH: 52 байт
2026-04-09 01:26:19,214 [DEBUG] TUN->SSH: 60 байт
2026-04-09 01:26:19,253 [DEBUG] SSH->TUN: 60 байт
2026-04-09 01:26:19,254 [DEBUG] TUN->SSH: 52 байт
2026-04-09 01:26:19,254 [DEBUG] SSH->TUN: 52 байт
2026-04-09 01:26:19,255 [DEBUG] TUN->SSH: 95 байт
2026-04-09 01:26:19,256 [DEBUG] TUN->SSH: 52 байт
2026-04-09 01:26:19,269 [DEBUG] SSH->TUN: 119 байт
2026-04-09 01:26:19,269 [DEBUG] TUN->SSH: 52 байт
2026-04-09 01:26:19,292 [DEBUG] SSH->TUN: 52 байт
2026-04-09 01:26:19,293 [DEBUG] SSH->TUN: 95 байт
2026-04-09 01:26:19,294 [DEBUG] TUN->SSH: 52 байт
2026-04-09 01:26:19,294 [DEBUG] TUN->SSH: 52 байт
2026-04-09 01:26:19,295 [DEBUG] TUN->SSH: 60 байт
2026-04-09 01:26:19,331 [DEBUG] TUN->SSH: 52 байт
2026-04-09 01:26:19,332 [DEBUG] SSH->TUN: 52 байт
2026-04-09 01:26:19,332 [DEBUG] SSH->TUN: 60 байт
2026-04-09 01:26:19,333 [DEBUG] TUN->SSH: 52 байт
2026-04-09 01:26:19,333 [DEBUG] TUN->SSH: 95 байт
2026-04-09 01:26:19,372 [DEBUG] SSH->TUN: 52 байт
2026-04-09 01:26:19,372 [DEBUG] SSH->TUN: 95 байт
2026-04-09 01:26:19,373 [DEBUG] TUN->SSH: 52 байт
2026-04-09 01:26:19,373 [DEBUG] TUN->SSH: 52 байт
2026-04-09 01:26:19,374 [DEBUG] TUN->SSH: 60 байт
2026-04-09 01:26:19,413 [DEBUG] SSH->TUN: 52 байт
2026-04-09 01:26:19,413 [DEBUG] TUN->SSH: 52 байт
2026-04-09 01:26:19,415 [DEBUG] TUN->SSH: 52 байт
2026-04-09 01:26:19,415 [DEBUG] SSH->TUN: 60 байт
2026-04-09 01:26:19,415 [DEBUG] TUN->SSH: 95 байт
2026-04-09 01:26:19,450 [DEBUG] TUN->SSH: 64 байт
2026-04-09 01:26:19,452 [DEBUG] SSH->TUN: 52 байт
2026-04-09 01:26:19,453 [DEBUG] SSH->TUN: 95 байт
2026-04-09 01:26:19,453 [DEBUG] TUN->SSH: 52 байт
2026-04-09 01:26:19,454 [DEBUG] TUN->SSH: 52 байт
2026-04-09 01:26:19,455 [DEBUG] TUN->SSH: 60 байт
2026-04-09 01:26:19,495 [DEBUG] SSH->TUN: 52 байт
2026-04-09 01:26:19,496 [DEBUG] TUN->SSH: 52 байт
2026-04-09 01:26:19,497 [DEBUG] TUN->SSH: 52 байт
2026-04-09 01:26:19,497 [DEBUG] SSH->TUN: 60 байт
2026-04-09 01:26:19,498 [DEBUG] TUN->SSH: 95 байт
2026-04-09 01:26:19,535 [DEBUG] SSH->TUN: 52 байт
2026-04-09 01:26:19,536 [DEBUG] SSH->TUN: 95 байт
2026-04-09 01:26:19,536 [DEBUG] TUN->SSH: 52 байт
2026-04-09 01:26:19,536 [DEBUG] TUN->SSH: 52 байт
2026-04-09 01:26:19,537 [DEBUG] TUN->SSH: 60 байт
2026-04-09 01:26:19,577 [DEBUG] TUN->SSH: 52 байт
2026-04-09 01:26:19,577 [DEBUG] SSH->TUN: 52 байт
2026-04-09 01:26:19,577 [DEBUG] SSH->TUN: 60 байт
2026-04-09 01:26:19,578 [DEBUG] TUN->SSH: 52 байт
2026-04-09 01:26:19,578 [DEBUG] TUN->SSH: 95 байт
2026-04-09 01:26:19,619 [DEBUG] SSH->TUN: 52 байт
2026-04-09 01:26:19,619 [DEBUG] SSH->TUN: 95 байт
2026-04-09 01:26:19,620 [DEBUG] TUN->SSH: 52 байт
2026-04-09 01:26:19,620 [DEBUG] TUN->SSH: 52 байт
2026-04-09 01:26:19,621 [DEBUG] TUN->SSH: 60 байт
2026-04-09 01:26:19,623 [DEBUG] TUN->SSH: 88 байт
2026-04-09 01:26:19,624 [DEBUG] TUN->SSH: 52 байт
2026-04-09 01:26:19,625 [DEBUG] TUN->SSH: 88 байт
2026-04-09 01:26:19,664 [DEBUG] SSH->TUN: 52 байт
2026-04-09 01:26:19,665 [DEBUG] TUN->SSH: 52 байт
2026-04-09 01:26:19,666 [DEBUG] SSH->TUN: 60 байт
2026-04-09 01:26:19,666 [DEBUG] TUN->SSH: 52 байт
2026-04-09 01:26:19,667 [DEBUG] SSH->TUN: 52 байт
2026-04-09 01:26:19,667 [DEBUG] TUN->SSH: 95 байт
2026-04-09 01:26:19,667 [DEBUG] TUN->SSH: 52 байт
2026-04-09 01:26:19,700 [DEBUG] SSH->TUN: 40 байт
2026-04-09 01:26:19,701 [DEBUG] SSH->TUN: 40 байт
2026-04-09 01:26:19,705 [DEBUG] SSH->TUN: 52 байт
2026-04-09 01:26:19,706 [DEBUG] SSH->TUN: 149 байт
2026-04-09 01:26:19,706 [DEBUG] TUN->SSH: 52 байт
2026-04-09 01:26:19,707 [DEBUG] TUN->SSH: 52 байт
2026-04-09 01:26:19,708 [DEBUG] TUN->SSH: 60 байт
2026-04-09 01:26:19,747 [DEBUG] SSH->TUN: 114 байт
2026-04-09 01:26:19,748 [DEBUG] TUN->SSH: 52 байт
2026-04-09 01:26:19,748 [DEBUG] SSH->TUN: 131 байт
2026-04-09 01:26:19,749 [DEBUG] TUN->SSH: 52 байт
2026-04-09 01:26:19,753 [DEBUG] SSH->TUN: 52 байт
2026-04-09 01:26:19,753 [DEBUG] TUN->SSH: 52 байт
2026-04-09 01:26:19,783 [DEBUG] SSH->TUN: 60 байт
2026-04-09 01:26:19,783 [DEBUG] TUN->SSH: 52 байт
2026-04-09 01:26:19,784 [DEBUG] TUN->SSH: 144 байт
2026-04-09 01:26:19,815 [DEBUG] TUN->SSH: 132 байт
2026-04-09 01:26:19,832 [DEBUG] SSH->TUN: 52 байт
2026-04-09 01:26:19,833 [DEBUG] SSH->TUN: 144 байт
2026-04-09 01:26:19,833 [DEBUG] TUN->SSH: 52 байт
2026-04-09 01:26:19,834 [DEBUG] TUN->SSH: 52 байт
2026-04-09 01:26:19,834 [DEBUG] TUN->SSH: 60 байт
2026-04-09 01:26:19,871 [DEBUG] SSH->TUN: 52 байт
2026-04-09 01:26:19,871 [DEBUG] TUN->SSH: 52 байт
2026-04-09 01:26:19,882 [DEBUG] SSH->TUN: 60 байт
2026-04-09 01:26:19,883 [DEBUG] TUN->SSH: 52 байт
2026-04-09 01:26:19,883 [DEBUG] TUN->SSH: 144 байт
2026-04-09 01:26:19,929 [DEBUG] SSH->TUN: 52 байт
2026-04-09 01:26:19,930 [DEBUG] SSH->TUN: 144 байт
2026-04-09 01:26:19,930 [DEBUG] TUN->SSH: 52 байт
2026-04-09 01:26:19,931 [DEBUG] TUN->SSH: 52 байт
2026-04-09 01:26:19,931 [DEBUG] TUN->SSH: 60 байт
2026-04-09 01:26:19,970 [DEBUG] TUN->SSH: 52 байт
2026-04-09 01:26:19,971 [DEBUG] SSH->TUN: 52 байт
2026-04-09 01:26:19,971 [DEBUG] SSH->TUN: 60 байт
2026-04-09 01:26:19,971 [DEBUG] TUN->SSH: 52 байт
2026-04-09 01:26:19,972 [DEBUG] TUN->SSH: 144 байт
2026-04-09 01:26:20,010 [DEBUG] SSH->TUN: 52 байт
2026-04-09 01:26:20,011 [DEBUG] SSH->TUN: 144 байт
2026-04-09 01:26:20,012 [DEBUG] TUN->SSH: 52 байт
2026-04-09 01:26:20,013 [DEBUG] TUN->SSH: 52 байт
2026-04-09 01:26:20,050 [DEBUG] TUN->SSH: 333 байт
2026-04-09 01:26:20,051 [DEBUG] TUN->SSH: 173 байт
2026-04-09 01:26:20,052 [DEBUG] TUN->SSH: 381 байт
2026-04-09 01:26:20,068 [DEBUG] TUN->SSH: 52 байт
2026-04-09 01:26:20,068 [DEBUG] SSH->TUN: 52 байт
2026-04-09 01:26:20,135 [DEBUG] TUN->SSH: 52 байт
2026-04-09 01:26:20,136 [DEBUG] TUN->SSH: 52 байт
2026-04-09 01:26:20,144 [DEBUG] SSH->TUN: 52 байт
2026-04-09 01:26:20,146 [DEBUG] SSH->TUN: 52 байт
2026-04-09 01:26:20,155 [DEBUG] SSH->TUN: 52 байт
2026-04-09 01:26:20,244 [DEBUG] SSH->TUN: 100 байт
2026-04-09 01:26:20,244 [DEBUG] TUN->SSH: 52 байт
2026-04-09 01:26:20,246 [DEBUG] SSH->TUN: 94 байт
2026-04-09 01:26:20,246 [DEBUG] TUN->SSH: 52 байт
2026-04-09 01:26:20,248 [DEBUG] SSH->TUN: 98 байт
2026-04-09 01:26:20,249 [DEBUG] TUN->SSH: 52 байт
2026-04-09 01:26:20,249 [DEBUG] SSH->TUN: 105 байт
2026-04-09 01:26:20,250 [DEBUG] TUN->SSH: 52 байт
2026-04-09 01:26:20,263 [DEBUG] TUN->SSH: 83 байт
2026-04-09 01:26:20,264 [DEBUG] TUN->SSH: 83 байт
2026-04-09 01:26:20,368 [DEBUG] SSH->TUN: 98 байт
2026-04-09 01:26:20,368 [DEBUG] TUN->SSH: 52 байт
2026-04-09 01:26:20,429 [DEBUG] SSH->TUN: 101 байт
2026-04-09 01:26:20,430 [DEBUG] TUN->SSH: 52 байт
2026-04-09 01:26:20,438 [DEBUG] SSH->TUN: 116 байт
2026-04-09 01:26:20,438 [DEBUG] TUN->SSH: 52 байт
2026-04-09 01:26:20,439 [DEBUG] SSH->TUN: 119 байт
2026-04-09 01:26:20,439 [DEBUG] TUN->SSH: 52 байт
2026-04-09 01:26:20,943 [DEBUG] SSH->TUN: 171 байт
2026-04-09 01:26:20,943 [DEBUG] TUN->SSH: 52 байт
2026-04-09 01:26:20,944 [DEBUG] SSH->TUN: 143 байт
2026-04-09 01:26:20,944 [DEBUG] TUN->SSH: 52 байт
2026-04-09 01:26:20,945 [DEBUG] SSH->TUN: 143 байт
2026-04-09 01:26:20,945 [DEBUG] TUN->SSH: 64 байт
2026-04-09 01:26:21,005 [DEBUG] SSH->TUN: 477 байт
2026-04-09 01:26:21,005 [DEBUG] TUN->SSH: 52 байт
2026-04-09 01:26:21,450 [DEBUG] TUN->SSH: 301 байт
2026-04-09 01:26:21,512 [DEBUG] SSH->TUN: 52 байт
2026-04-09 01:26:21,558 [DEBUG] TUN->SSH: 60 байт
2026-04-09 01:26:21,559 [DEBUG] TUN->SSH: 52 байт
2026-04-09 01:26:21,620 [DEBUG] SSH->TUN: 60 байт
2026-04-09 01:26:21,620 [DEBUG] TUN->SSH: 52 байт
2026-04-09 01:26:21,621 [DEBUG] TUN->SSH: 1280 байт
2026-04-09 01:26:21,621 [DEBUG] TUN->SSH: 432 байт
2026-04-09 01:26:21,680 [DEBUG] SSH->TUN: 52 байт
2026-04-09 01:26:21,681 [DEBUG] SSH->TUN: 52 байт
2026-04-09 01:26:21,718 [DEBUG] SSH->TUN: 1280 байт
2026-04-09 01:26:21,718 [DEBUG] TUN->SSH: 52 байт
2026-04-09 01:26:21,719 [DEBUG] SSH->TUN: 1280 байт
2026-04-09 01:26:21,719 [DEBUG] TUN->SSH: 52 байт
2026-04-09 01:26:21,720 [DEBUG] SSH->TUN: 1280 байт
2026-04-09 01:26:21,720 [DEBUG] TUN->SSH: 52 байт
2026-04-09 01:26:21,720 [DEBUG] SSH->TUN: 464 байт
2026-04-09 01:26:21,721 [DEBUG] TUN->SSH: 52 байт
2026-04-09 01:26:21,721 [DEBUG] SSH->TUN: 1280 байт
2026-04-09 01:26:21,722 [DEBUG] TUN->SSH: 52 байт
2026-04-09 01:26:21,722 [DEBUG] SSH->TUN: 431 байт
2026-04-09 01:26:21,723 [DEBUG] TUN->SSH: 52 байт
2026-04-09 01:26:21,723 [DEBUG] SSH->TUN: 157 байт
2026-04-09 01:26:21,724 [DEBUG] TUN->SSH: 52 байт
2026-04-09 01:26:21,725 [DEBUG] TUN->SSH: 886 байт
2026-04-09 01:26:21,727 [DEBUG] TUN->SSH: 221 байт
2026-04-09 01:26:21,783 [DEBUG] SSH->TUN: 52 байт
2026-04-09 01:26:21,785 [DEBUG] SSH->TUN: 355 байт
2026-04-09 01:26:21,785 [DEBUG] SSH->TUN: 355 байт
2026-04-09 01:26:21,785 [DEBUG] TUN->SSH: 52 байт
2026-04-09 01:26:21,815 [DEBUG] TUN->SSH: 52 байт
2026-04-09 01:26:21,817 [DEBUG] TUN->SSH: 64 байт
2026-04-09 01:26:22,079 [DEBUG] TUN->SSH: 52 байт
2026-04-09 01:26:22,107 [DEBUG] TUN->SSH: 64 байт
2026-04-09 01:26:22,119 [DEBUG] TUN->SSH: 80 байт
2026-04-09 01:26:22,184 [DEBUG] TUN->SSH: 52 байт
2026-04-09 01:26:22,185 [DEBUG] TUN->SSH: 81 байт
2026-04-09 01:26:22,567 [DEBUG] TUN->SSH: 82 байт
2026-04-09 01:26:22,631 [DEBUG] TUN->SSH: 52 байт
2026-04-09 01:26:22,647 [DEBUG] TUN->SSH: 64 байт
2026-04-09 01:26:22,957 [DEBUG] TUN->SSH: 64 байт
2026-04-09 01:26:23,189 [DEBUG] TUN->SSH: 64 байт
2026-04-09 01:26:23,656 [DEBUG] TUN->SSH: 132 байт
2026-04-09 01:26:23,706 [DEBUG] TUN->SSH: 64 байт
2026-04-09 01:26:23,719 [DEBUG] TUN->SSH: 52 байт
2026-04-09 01:26:23,720 [DEBUG] TUN->SSH: 654 байт
2026-04-09 01:26:23,721 [DEBUG] TUN->SSH: 52 байт
2026-04-09 01:26:23,721 [DEBUG] TUN->SSH: 52 байт
2026-04-09 01:26:23,722 [DEBUG] TUN->SSH: 52 байт
2026-04-09 01:26:23,722 [DEBUG] TUN->SSH: 52 байт
2026-04-09 01:26:23,735 [DEBUG] TUN->SSH: 87 байт
2026-04-09 01:26:23,736 [DEBUG] TUN->SSH: 1280 байт
2026-04-09 01:26:23,737 [DEBUG] TUN->SSH: 1280 байт
2026-04-09 01:26:23,738 [DEBUG] TUN->SSH: 825 байт
2026-04-09 01:26:23,764 [DEBUG] SSH->TUN: 52 байт
2026-04-09 01:26:23,765 [DEBUG] TUN->SSH: 52 байт
2026-04-09 01:26:23,765 [DEBUG] SSH->TUN: 52 байт
2026-04-09 01:26:23,765 [DEBUG] SSH->TUN: 76 байт
2026-04-09 01:26:23,766 [DEBUG] TUN->SSH: 40 байт
2026-04-09 01:26:23,802 [DEBUG] SSH->TUN: 52 байт
2026-04-09 01:26:23,803 [DEBUG] TUN->SSH: 40 байт
2026-04-09 01:26:23,803 [DEBUG] SSH->TUN: 52 байт
2026-04-09 01:26:23,804 [DEBUG] TUN->SSH: 52 байт
2026-04-09 01:26:23,804 [DEBUG] SSH->TUN: 52 байт
2026-04-09 01:26:23,805 [DEBUG] TUN->SSH: 52 байт
2026-04-09 01:26:23,805 [DEBUG] SSH->TUN: 52 байт
2026-04-09 01:26:23,806 [DEBUG] SSH->TUN: 52 байт
2026-04-09 01:26:23,806 [DEBUG] SSH->TUN: 52 байт
2026-04-09 01:26:23,806 [DEBUG] SSH->TUN: 52 байт
2026-04-09 01:26:23,923 [DEBUG] TUN->SSH: 1280 байт
2026-04-09 01:26:23,924 [DEBUG] TUN->SSH: 1280 байт
2026-04-09 01:26:23,925 [DEBUG] TUN->SSH: 880 байт
2026-04-09 01:26:23,949 [DEBUG] SSH->TUN: 167 байт
2026-04-09 01:26:23,950 [DEBUG] TUN->SSH: 52 байт
2026-04-09 01:26:23,951 [DEBUG] SSH->TUN: 144 байт
2026-04-09 01:26:23,952 [DEBUG] TUN->SSH: 52 байт
2026-04-09 01:26:23,952 [DEBUG] SSH->TUN: 90 байт
2026-04-09 01:26:23,953 [DEBUG] TUN->SSH: 52 байт
2026-04-09 01:26:23,954 [DEBUG] TUN->SSH: 87 байт
2026-04-09 01:26:23,987 [DEBUG] SSH->TUN: 83 байт
2026-04-09 01:26:23,987 [DEBUG] SSH->TUN: 52 байт
2026-04-09 01:26:23,987 [DEBUG] SSH->TUN: 52 байт
2026-04-09 01:26:23,988 [DEBUG] SSH->TUN: 52 байт
2026-04-09 01:26:23,991 [DEBUG] SSH->TUN: 52 байт
2026-04-09 01:26:24,014 [DEBUG] TUN->SSH: 1280 байт
2026-04-09 01:26:24,014 [DEBUG] TUN->SSH: 1280 байт
2026-04-09 01:26:24,015 [DEBUG] TUN->SSH: 849 байт
2026-04-09 01:26:24,054 [DEBUG] SSH->TUN: 52 байт
2026-04-09 01:26:24,057 [DEBUG] SSH->TUN: 52 байт
2026-04-09 01:26:24,058 [DEBUG] SSH->TUN: 52 байт
2026-04-09 01:26:24,232 [DEBUG] TUN->SSH: 52 байт
2026-04-09 01:26:24,254 [DEBUG] TUN->SSH: 52 байт
2026-04-09 01:26:24,313 [DEBUG] SSH->TUN: 167 байт
2026-04-09 01:26:24,313 [DEBUG] SSH->TUN: 105 байт
2026-04-09 01:26:24,314 [DEBUG] TUN->SSH: 52 байт
2026-04-09 01:26:24,315 [DEBUG] SSH->TUN: 83 байт
2026-04-09 01:26:24,360 [DEBUG] TUN->SSH: 52 байт
2026-04-09 01:26:24,434 [DEBUG] SSH->TUN: 156 байт
2026-04-09 01:26:24,435 [DEBUG] TUN->SSH: 52 байт
2026-04-09 01:26:24,436 [DEBUG] SSH->TUN: 1280 байт
2026-04-09 01:26:24,436 [DEBUG] TUN->SSH: 52 байт
2026-04-09 01:26:24,440 [DEBUG] SSH->TUN: 1280 байт
2026-04-09 01:26:24,440 [DEBUG] TUN->SSH: 52 байт
2026-04-09 01:26:24,471 [DEBUG] SSH->TUN: 1280 байт
2026-04-09 01:26:24,472 [DEBUG] TUN->SSH: 52 байт
2026-04-09 01:26:24,479 [DEBUG] SSH->TUN: 495 байт
2026-04-09 01:26:24,480 [DEBUG] TUN->SSH: 52 байт
2026-04-09 01:26:24,480 [DEBUG] SSH->TUN: 1280 байт
2026-04-09 01:26:24,481 [DEBUG] TUN->SSH: 52 байт
2026-04-09 01:26:24,481 [DEBUG] SSH->TUN: 1280 байт
2026-04-09 01:26:24,482 [DEBUG] TUN->SSH: 52 байт
2026-04-09 01:26:24,482 [DEBUG] SSH->TUN: 1280 байт
2026-04-09 01:26:24,483 [DEBUG] TUN->SSH: 52 байт
2026-04-09 01:26:24,483 [DEBUG] SSH->TUN: 1280 байт
2026-04-09 01:26:24,484 [DEBUG] TUN->SSH: 52 байт
2026-04-09 01:26:24,485 [DEBUG] SSH->TUN: 1280 байт
2026-04-09 01:26:24,485 [DEBUG] TUN->SSH: 52 байт
2026-04-09 01:26:24,486 [DEBUG] SSH->TUN: 1280 байт
2026-04-09 01:26:24,486 [DEBUG] TUN->SSH: 52 байт
2026-04-09 01:26:24,508 [DEBUG] SSH->TUN: 1280 байт
2026-04-09 01:26:24,509 [DEBUG] TUN->SSH: 52 байт
2026-04-09 01:26:24,509 [DEBUG] SSH->TUN: 1280 байт
2026-04-09 01:26:24,510 [DEBUG] TUN->SSH: 52 байт
2026-04-09 01:26:24,519 [DEBUG] SSH->TUN: 1280 байт
2026-04-09 01:26:24,519 [DEBUG] TUN->SSH: 52 байт
2026-04-09 01:26:24,520 [DEBUG] SSH->TUN: 1280 байт
2026-04-09 01:26:24,520 [DEBUG] TUN->SSH: 52 байт
2026-04-09 01:26:24,521 [DEBUG] TUN->SSH: 52 байт
2026-04-09 01:26:24,521 [DEBUG] SSH->TUN: 1280 байт
2026-04-09 01:26:24,521 [DEBUG] SSH->TUN: 1280 байт
2026-04-09 01:26:24,522 [DEBUG] TUN->SSH: 52 байт
2026-04-09 01:26:24,522 [DEBUG] SSH->TUN: 1280 байт
2026-04-09 01:26:24,523 [DEBUG] TUN->SSH: 52 байт
2026-04-09 01:26:24,523 [DEBUG] SSH->TUN: 1280 байт
2026-04-09 01:26:24,523 [DEBUG] TUN->SSH: 52 байт
2026-04-09 01:26:24,543 [DEBUG] SSH->TUN: 1280 байт
2026-04-09 01:26:24,544 [DEBUG] TUN->SSH: 52 байт
2026-04-09 01:26:24,548 [DEBUG] SSH->TUN: 1280 байт
2026-04-09 01:26:24,549 [DEBUG] TUN->SSH: 52 байт
2026-04-09 01:26:24,554 [DEBUG] SSH->TUN: 1280 байт
2026-04-09 01:26:24,555 [DEBUG] TUN->SSH: 52 байт
2026-04-09 01:26:24,556 [DEBUG] SSH->TUN: 1280 байт
2026-04-09 01:26:24,557 [DEBUG] TUN->SSH: 52 байт
2026-04-09 01:26:24,557 [DEBUG] SSH->TUN: 1280 байт
2026-04-09 01:26:24,558 [DEBUG] TUN->SSH: 52 байт
2026-04-09 01:26:24,558 [DEBUG] SSH->TUN: 1280 байт
2026-04-09 01:26:24,559 [DEBUG] TUN->SSH: 52 байт
2026-04-09 01:26:24,559 [DEBUG] SSH->TUN: 1280 байт
2026-04-09 01:26:24,559 [DEBUG] TUN->SSH: 52 байт
2026-04-09 01:26:24,572 [DEBUG] TUN->SSH: 52 байт
2026-04-09 01:26:24,572 [DEBUG] SSH->TUN: 1280 байт
2026-04-09 01:26:24,572 [DEBUG] SSH->TUN: 1280 байт
2026-04-09 01:26:24,573 [DEBUG] TUN->SSH: 52 байт
2026-04-09 01:26:24,583 [DEBUG] SSH->TUN: 1280 байт
2026-04-09 01:26:24,583 [DEBUG] TUN->SSH: 52 байт
2026-04-09 01:26:24,585 [DEBUG] SSH->TUN: 1280 байт
2026-04-09 01:26:24,585 [DEBUG] TUN->SSH: 52 байт
2026-04-09 01:26:24,586 [DEBUG] SSH->TUN: 1280 байт
2026-04-09 01:26:24,586 [DEBUG] TUN->SSH: 52 байт
2026-04-09 01:26:24,598 [DEBUG] SSH->TUN: 1280 байт
2026-04-09 01:26:24,598 [DEBUG] TUN->SSH: 52 байт
2026-04-09 01:26:24,598 [DEBUG] SSH->TUN: 1280 байт
2026-04-09 01:26:24,599 [DEBUG] TUN->SSH: 52 байт
2026-04-09 01:26:24,599 [DEBUG] SSH->TUN: 1280 байт
2026-04-09 01:26:24,600 [DEBUG] TUN->SSH: 52 байт
2026-04-09 01:26:24,600 [DEBUG] SSH->TUN: 1280 байт
2026-04-09 01:26:24,601 [DEBUG] TUN->SSH: 52 байт
2026-04-09 01:26:24,606 [DEBUG] SSH->TUN: 1280 байт
2026-04-09 01:26:24,606 [DEBUG] TUN->SSH: 52 байт
2026-04-09 01:26:24,607 [DEBUG] SSH->TUN: 1280 байт
2026-04-09 01:26:24,607 [DEBUG] TUN->SSH: 52 байт
2026-04-09 01:26:24,617 [DEBUG] SSH->TUN: 1280 байт
2026-04-09 01:26:24,618 [DEBUG] TUN->SSH: 52 байт
2026-04-09 01:26:24,620 [DEBUG] SSH->TUN: 1280 байт
2026-04-09 01:26:24,620 [DEBUG] TUN->SSH: 52 байт
2026-04-09 01:26:24,621 [DEBUG] SSH->TUN: 1280 байт
2026-04-09 01:26:24,621 [DEBUG] TUN->SSH: 52 байт
2026-04-09 01:26:24,621 [DEBUG] SSH->TUN: 1280 байт
2026-04-09 01:26:24,622 [DEBUG] TUN->SSH: 52 байт
2026-04-09 01:26:24,634 [DEBUG] SSH->TUN: 1280 байт
2026-04-09 01:26:24,634 [DEBUG] TUN->SSH: 52 байт
2026-04-09 01:26:24,635 [DEBUG] SSH->TUN: 1280 байт
2026-04-09 01:26:24,635 [DEBUG] TUN->SSH: 52 байт
2026-04-09 01:26:24,635 [DEBUG] SSH->TUN: 1280 байт
2026-04-09 01:26:24,636 [DEBUG] TUN->SSH: 52 байт
2026-04-09 01:26:24,637 [DEBUG] SSH->TUN: 1280 байт
2026-04-09 01:26:24,637 [DEBUG] TUN->SSH: 52 байт
2026-04-09 01:26:24,645 [DEBUG] SSH->TUN: 1280 байт
2026-04-09 01:26:24,645 [DEBUG] TUN->SSH: 52 байт
2026-04-09 01:26:24,646 [DEBUG] SSH->TUN: 1280 байт
2026-04-09 01:26:24,646 [DEBUG] TUN->SSH: 52 байт
2026-04-09 01:26:24,655 [DEBUG] SSH->TUN: 1280 байт
2026-04-09 01:26:24,656 [DEBUG] TUN->SSH: 52 байт
2026-04-09 01:26:24,656 [DEBUG] SSH->TUN: 1280 байт
2026-04-09 01:26:24,656 [DEBUG] TUN->SSH: 52 байт
2026-04-09 01:26:24,657 [DEBUG] SSH->TUN: 1029 байт
2026-04-09 01:26:24,657 [DEBUG] TUN->SSH: 52 байт
2026-04-09 01:26:24,743 [DEBUG] TUN->SSH: 83 байт
2026-04-09 01:26:24,744 [DEBUG] TUN->SSH: 83 байт
2026-04-09 01:26:25,050 [DEBUG] TUN->SSH: 88 байт
2026-04-09 01:26:25,051 [DEBUG] TUN->SSH: 88 байт
2026-04-09 01:26:25,051 [DEBUG] TUN->SSH: 88 байт
2026-04-09 01:26:25,052 [DEBUG] TUN->SSH: 88 байт
2026-04-09 01:26:25,053 [DEBUG] TUN->SSH: 88 байт
2026-04-09 01:26:25,053 [DEBUG] TUN->SSH: 88 байт
2026-04-09 01:26:25,054 [DEBUG] TUN->SSH: 88 байт
2026-04-09 01:26:25,054 [DEBUG] TUN->SSH: 70 байт
2026-04-09 01:26:25,345 [DEBUG] SSH->TUN: 52 байт
2026-04-09 01:26:25,346 [DEBUG] SSH->TUN: 52 байт
2026-04-09 01:26:25,346 [DEBUG] SSH->TUN: 52 байт
2026-04-09 01:26:25,347 [DEBUG] SSH->TUN: 52 байт
2026-04-09 01:26:25,347 [DEBUG] SSH->TUN: 52 байт
2026-04-09 01:26:25,354 [DEBUG] SSH->TUN: 52 байт
2026-04-09 01:26:25,354 [DEBUG] SSH->TUN: 52 байт
2026-04-09 01:26:25,355 [DEBUG] SSH->TUN: 52 байт
2026-04-09 01:26:25,355 [DEBUG] TUN->SSH: 52 байт
2026-04-09 01:26:25,831 [DEBUG] TUN->SSH: 52 байт
2026-04-09 01:26:25,835 [DEBUG] TUN->SSH: 64 байт
2026-04-09 01:26:26,279 [DEBUG] TUN->SSH: 52 байт
2026-04-09 01:26:27,315 [DEBUG] TUN->SSH: 1280 байт
2026-04-09 01:26:27,316 [DEBUG] TUN->SSH: 1280 байт
2026-04-09 01:26:27,317 [DEBUG] TUN->SSH: 630 байт
2026-04-09 01:26:27,320 [DEBUG] SSH->TUN: 237 байт
2026-04-09 01:26:27,322 [DEBUG] TUN->SSH: 365 байт
2026-04-09 01:26:27,359 [DEBUG] SSH->TUN: 52 байт
2026-04-09 01:26:27,359 [DEBUG] SSH->TUN: 52 байт
2026-04-09 01:26:27,359 [DEBUG] SSH->TUN: 52 байт
2026-04-09 01:26:27,383 [DEBUG] SSH->TUN: 52 байт
2026-04-09 01:26:27,403 [DEBUG] SSH->TUN: 720 байт
2026-04-09 01:26:27,411 [DEBUG] SSH->TUN: 525 байт
2026-04-09 01:26:27,412 [DEBUG] TUN->SSH: 52 байт
2026-04-09 01:26:27,816 [DEBUG] TUN->SSH: 52 байт
2026-04-09 01:26:27,941 [DEBUG] SSH->TUN: 166 байт
2026-04-09 01:26:27,941 [DEBUG] TUN->SSH: 52 байт
2026-04-09 01:26:27,944 [DEBUG] SSH->TUN: 1280 байт
2026-04-09 01:26:27,945 [DEBUG] TUN->SSH: 52 байт
2026-04-09 01:26:27,945 [DEBUG] SSH->TUN: 1280 байт
2026-04-09 01:26:27,946 [DEBUG] TUN->SSH: 52 байт
2026-04-09 01:26:27,946 [DEBUG] SSH->TUN: 1280 байт
2026-04-09 01:26:27,946 [DEBUG] TUN->SSH: 52 байт
2026-04-09 01:26:27,947 [DEBUG] SSH->TUN: 1280 байт
2026-04-09 01:26:27,947 [DEBUG] TUN->SSH: 52 байт
2026-04-09 01:26:27,977 [DEBUG] SSH->TUN: 1280 байт
2026-04-09 01:26:27,978 [DEBUG] TUN->SSH: 52 байт
2026-04-09 01:26:27,981 [DEBUG] SSH->TUN: 1280 байт
2026-04-09 01:26:27,981 [DEBUG] TUN->SSH: 52 байт
2026-04-09 01:26:27,984 [DEBUG] SSH->TUN: 1280 байт
2026-04-09 01:26:27,984 [DEBUG] TUN->SSH: 52 байт
2026-04-09 01:26:27,985 [DEBUG] SSH->TUN: 1280 байт
2026-04-09 01:26:27,985 [DEBUG] TUN->SSH: 52 байт
2026-04-09 01:26:27,985 [DEBUG] SSH->TUN: 1280 байт
2026-04-09 01:26:27,986 [DEBUG] TUN->SSH: 52 байт
2026-04-09 01:26:27,986 [DEBUG] SSH->TUN: 1280 байт
2026-04-09 01:26:27,986 [DEBUG] TUN->SSH: 52 байт
2026-04-09 01:26:27,987 [DEBUG] SSH->TUN: 1280 байт
2026-04-09 01:26:27,987 [DEBUG] TUN->SSH: 52 байт
2026-04-09 01:26:27,988 [DEBUG] SSH->TUN: 1280 байт
2026-04-09 01:26:27,988 [DEBUG] TUN->SSH: 52 байт
2026-04-09 01:26:27,988 [DEBUG] SSH->TUN: 1280 байт
2026-04-09 01:26:27,989 [DEBUG] TUN->SSH: 52 байт
2026-04-09 01:26:27,989 [DEBUG] SSH->TUN: 1280 байт
2026-04-09 01:26:27,990 [DEBUG] TUN->SSH: 52 байт
2026-04-09 01:26:27,990 [DEBUG] SSH->TUN: 1280 байт
2026-04-09 01:26:27,990 [DEBUG] TUN->SSH: 52 байт
2026-04-09 01:26:28,023 [DEBUG] SSH->TUN: 1280 байт
2026-04-09 01:26:28,023 [DEBUG] TUN->SSH: 52 байт
2026-04-09 01:26:28,023 [DEBUG] SSH->TUN: 1280 байт
2026-04-09 01:26:28,024 [DEBUG] TUN->SSH: 52 байт
2026-04-09 01:26:28,024 [DEBUG] SSH->TUN: 1280 байт
2026-04-09 01:26:28,025 [DEBUG] TUN->SSH: 52 байт
2026-04-09 01:26:28,025 [DEBUG] SSH->TUN: 1280 байт
2026-04-09 01:26:28,025 [DEBUG] TUN->SSH: 52 байт
2026-04-09 01:26:28,026 [DEBUG] SSH->TUN: 1280 байт
2026-04-09 01:26:28,026 [DEBUG] TUN->SSH: 52 байт
2026-04-09 01:26:28,026 [DEBUG] SSH->TUN: 1280 байт
2026-04-09 01:26:28,027 [DEBUG] TUN->SSH: 52 байт
2026-04-09 01:26:28,027 [DEBUG] SSH->TUN: 1280 байт
2026-04-09 01:26:28,027 [DEBUG] TUN->SSH: 52 байт
2026-04-09 01:26:28,028 [DEBUG] TUN->SSH: 52 байт
2026-04-09 01:26:28,028 [DEBUG] SSH->TUN: 1280 байт
2026-04-09 01:26:28,028 [DEBUG] SSH->TUN: 1280 байт
2026-04-09 01:26:28,029 [DEBUG] TUN->SSH: 52 байт
2026-04-09 01:26:28,029 [DEBUG] SSH->TUN: 1280 байт
2026-04-09 01:26:28,029 [DEBUG] TUN->SSH: 52 байт
2026-04-09 01:26:28,030 [DEBUG] TUN->SSH: 52 байт
2026-04-09 01:26:28,030 [DEBUG] SSH->TUN: 1280 байт
2026-04-09 01:26:28,030 [DEBUG] SSH->TUN: 1280 байт
2026-04-09 01:26:28,030 [DEBUG] TUN->SSH: 52 байт
2026-04-09 01:26:28,060 [DEBUG] SSH->TUN: 1280 байт
2026-04-09 01:26:28,060 [DEBUG] TUN->SSH: 52 байт
2026-04-09 01:26:28,060 [DEBUG] SSH->TUN: 1280 байт
2026-04-09 01:26:28,061 [DEBUG] TUN->SSH: 52 байт
2026-04-09 01:26:28,061 [DEBUG] SSH->TUN: 1280 байт
2026-04-09 01:26:28,061 [DEBUG] TUN->SSH: 52 байт
2026-04-09 01:26:28,062 [DEBUG] SSH->TUN: 1280 байт
2026-04-09 01:26:28,062 [DEBUG] TUN->SSH: 52 байт
2026-04-09 01:26:28,062 [DEBUG] SSH->TUN: 1280 байт
2026-04-09 01:26:28,063 [DEBUG] TUN->SSH: 52 байт
2026-04-09 01:26:28,064 [DEBUG] SSH->TUN: 1280 байт
2026-04-09 01:26:28,064 [DEBUG] TUN->SSH: 52 байт
2026-04-09 01:26:28,064 [DEBUG] SSH->TUN: 1280 байт
2026-04-09 01:26:28,065 [DEBUG] TUN->SSH: 52 байт
2026-04-09 01:26:28,065 [DEBUG] SSH->TUN: 1280 байт
2026-04-09 01:26:28,066 [DEBUG] TUN->SSH: 52 байт
2026-04-09 01:26:28,066 [DEBUG] SSH->TUN: 1280 байт
2026-04-09 01:26:28,067 [DEBUG] TUN->SSH: 52 байт
2026-04-09 01:26:28,067 [DEBUG] SSH->TUN: 1280 байт
2026-04-09 01:26:28,067 [DEBUG] TUN->SSH: 52 байт
2026-04-09 01:26:28,067 [DEBUG] SSH->TUN: 1280 байт
2026-04-09 01:26:28,068 [DEBUG] TUN->SSH: 52 байт
2026-04-09 01:26:28,068 [DEBUG] SSH->TUN: 1280 байт
2026-04-09 01:26:28,069 [DEBUG] TUN->SSH: 52 байт
2026-04-09 01:26:28,069 [DEBUG] SSH->TUN: 1280 байт
2026-04-09 01:26:28,069 [DEBUG] TUN->SSH: 52 байт
2026-04-09 01:26:28,094 [DEBUG] SSH->TUN: 624 байт
2026-04-09 01:26:28,094 [DEBUG] TUN->SSH: 52 байт
2026-04-09 01:26:28,094 [DEBUG] SSH->TUN: 40 байт
2026-04-09 01:26:28,327 [DEBUG] TUN->SSH: 52 байт
2026-04-09 01:26:28,840 [DEBUG] TUN->SSH: 52 байт
2026-04-09 01:26:29,351 [DEBUG] TUN->SSH: 82 байт
2026-04-09 01:26:30,054 [DEBUG] TUN->SSH OSError: Channel not open for sending
2026-04-09 01:26:30,054 [INFO] Форвардинг завершён
2026-04-09 01:26:30,054 [WARNING] Туннель оборвался, будет реконнект
2026-04-09 01:26:30,054 [INFO] Соединение было успешным, сбрасываю задержку реконнекта
2026-04-09 01:26:30,054 [INFO] Реконнект через 3 сек (попытка 1)...
2026-04-09 01:26:30,252 [INFO] Останавливаю туннель...
2026-04-09 01:26:30,258 [DEBUG] Восстановлен: default via 192.168.5.1 dev wlp0s20f3
2026-04-09 01:26:30,260 [DEBUG] Восстановлен: default via 192.168.5.1 dev wlp0s20f3
2026-04-09 01:26:30,261 [INFO] Маршруты восстановлены
2026-04-09 01:26:30,277 [INFO] Интерфейс strans-tun0 удалён
2026-04-09 01:26:30,277 [INFO] Остановлено
