2026-04-07 14:13:28,421 [INFO] === Запуск клиента ===
2026-04-07 14:13:28,422 [INFO] Лог файл: logs/client_20260407_141328.log
2026-04-07 14:13:28,423 [INFO] Подключаюсь к 217.154.79.223:2222 как 'alice'
2026-04-07 14:13:29,206 [INFO] SSH соединение установлено
2026-04-07 14:13:29,338 [INFO] PUSH_REPLY: client_ip=198.19.0.2 server_ip=198.19.0.1 mtu=1280
2026-04-07 14:13:29,349 [INFO] Интерфейс strans-tun0:
22: strans-tun0: <POINTOPOINT,MULTICAST,NOARP,UP,LOWER_UP> mtu 1280 qdisc fq_codel state UP group default qlen 500
    link/none 
    inet 198.19.0.2 peer 198.19.0.1/32 scope global strans-tun0
       valid_lft forever preferred_lft forever
2026-04-07 14:13:29,546 [INFO] SSH tunnel канал открыт
2026-04-07 14:13:29,550 [INFO] Весь трафик через strans-tun0
2026-04-07 14:13:29,551 [INFO] Туннель активен.
2026-04-07 14:13:29,551 [INFO] Форвардинг запущен
2026-04-07 14:13:29,703 [DEBUG] TUN->SSH: 88 байт
2026-04-07 14:13:29,704 [DEBUG] TUN->SSH: 88 байт
2026-04-07 14:13:29,704 [DEBUG] TUN->SSH: 88 байт
2026-04-07 14:13:29,705 [DEBUG] TUN->SSH: 88 байт
2026-04-07 14:13:29,705 [DEBUG] TUN->SSH: 88 байт
2026-04-07 14:13:29,705 [DEBUG] TUN->SSH: 88 байт
2026-04-07 14:13:29,705 [DEBUG] TUN->SSH: 75 байт
2026-04-07 14:13:30,023 [DEBUG] TUN->SSH: 52 байт
2026-04-07 14:13:30,040 [DEBUG] TUN->SSH: 111 байт
2026-04-07 14:13:30,053 [DEBUG] TUN->SSH: 60 байт
2026-04-07 14:13:30,053 [DEBUG] TUN->SSH: 60 байт
2026-04-07 14:13:30,054 [DEBUG] TUN->SSH: 60 байт
2026-04-07 14:13:30,104 [DEBUG] TUN->SSH: 60 байт
2026-04-07 14:13:30,105 [DEBUG] TUN->SSH: 60 байт
2026-04-07 14:13:30,105 [DEBUG] TUN->SSH: 60 байт
2026-04-07 14:13:30,106 [DEBUG] TUN->SSH: 60 байт
2026-04-07 14:13:30,106 [DEBUG] TUN->SSH: 60 байт
2026-04-07 14:13:30,106 [DEBUG] TUN->SSH: 60 байт
2026-04-07 14:13:30,106 [DEBUG] TUN->SSH: 60 байт
2026-04-07 14:13:30,107 [DEBUG] TUN->SSH: 60 байт
2026-04-07 14:13:30,107 [DEBUG] TUN->SSH: 60 байт
2026-04-07 14:13:30,107 [DEBUG] TUN->SSH: 60 байт
2026-04-07 14:13:30,107 [DEBUG] TUN->SSH: 60 байт
2026-04-07 14:13:30,108 [DEBUG] TUN->SSH: 60 байт
2026-04-07 14:13:30,108 [DEBUG] TUN->SSH: 60 байт
2026-04-07 14:13:30,108 [DEBUG] TUN->SSH: 60 байт
2026-04-07 14:13:30,108 [DEBUG] TUN->SSH: 60 байт
2026-04-07 14:13:30,118 [DEBUG] SSH->TUN: 60 байт
2026-04-07 14:13:30,118 [DEBUG] TUN->SSH: 52 байт
2026-04-07 14:13:30,119 [DEBUG] TUN->SSH: 1280 байт
2026-04-07 14:13:30,119 [DEBUG] TUN->SSH: 548 байт
2026-04-07 14:13:30,168 [DEBUG] TUN->SSH: 60 байт
2026-04-07 14:13:30,168 [DEBUG] TUN->SSH: 60 байт
2026-04-07 14:13:30,169 [DEBUG] TUN->SSH: 60 байт
2026-04-07 14:13:30,185 [DEBUG] SSH->TUN: 1384 байт
2026-04-07 14:13:30,226 [DEBUG] SSH->TUN: 2377 байт
2026-04-07 14:13:30,227 [DEBUG] TUN->SSH: 64 байт
2026-04-07 14:13:30,280 [DEBUG] TUN->SSH: 52 байт
2026-04-07 14:13:30,312 [DEBUG] SSH->TUN: 1280 байт
2026-04-07 14:13:30,312 [DEBUG] TUN->SSH: 52 байт
2026-04-07 14:13:30,408 [DEBUG] TUN->SSH: 291 байт
2026-04-07 14:13:30,536 [DEBUG] TUN->SSH: 52 байт
2026-04-07 14:13:30,789 [DEBUG] SSH->TUN: 977 байт
2026-04-07 14:13:30,790 [DEBUG] TUN->SSH: 52 байт
2026-04-07 14:13:30,790 [DEBUG] TUN->SSH: 289 байт
2026-04-07 14:13:30,876 [DEBUG] SSH->TUN: 192 байт
2026-04-07 14:13:30,877 [DEBUG] TUN->SSH: 322 байт
2026-04-07 14:13:30,937 [DEBUG] SSH->TUN: 172 байт
2026-04-07 14:13:30,938 [DEBUG] TUN->SSH: 352 байт
2026-04-07 14:13:31,025 [DEBUG] SSH->TUN: 230 байт
2026-04-07 14:13:31,049 [DEBUG] TUN->SSH: 52 байт
2026-04-07 14:13:31,055 [DEBUG] TUN->SSH: 60 байт
2026-04-07 14:13:31,055 [DEBUG] TUN->SSH: 60 байт
2026-04-07 14:13:31,056 [DEBUG] TUN->SSH: 60 байт
2026-04-07 14:13:31,056 [DEBUG] TUN->SSH: 60 байт
2026-04-07 14:13:31,056 [DEBUG] TUN->SSH: 60 байт
2026-04-07 14:13:31,057 [DEBUG] TUN->SSH: 60 байт
2026-04-07 14:13:31,064 [DEBUG] TUN->SSH: 60 байт
2026-04-07 14:13:31,064 [DEBUG] TUN->SSH: 60 байт
2026-04-07 14:13:31,066 [DEBUG] TUN->SSH: 52 байт
2026-04-07 14:13:31,119 [DEBUG] SSH->TUN: 60 байт
2026-04-07 14:13:31,119 [DEBUG] TUN->SSH: 52 байт
2026-04-07 14:13:31,120 [DEBUG] TUN->SSH: 161 байт
2026-04-07 14:13:31,122 [DEBUG] SSH->TUN: 120 байт
2026-04-07 14:13:31,122 [DEBUG] TUN->SSH: 52 байт
2026-04-07 14:13:31,122 [DEBUG] TUN->SSH: 373 байт
2026-04-07 14:13:31,124 [DEBUG] SSH->TUN: 60 байт
2026-04-07 14:13:31,124 [DEBUG] TUN->SSH: 52 байт
2026-04-07 14:13:31,124 [DEBUG] TUN->SSH: 341 байт
2026-04-07 14:13:31,125 [DEBUG] SSH->TUN: 674 байт
2026-04-07 14:13:31,125 [DEBUG] TUN->SSH: 52 байт
2026-04-07 14:13:31,128 [DEBUG] TUN->SSH: 60 байт
2026-04-07 14:13:31,128 [DEBUG] TUN->SSH: 60 байт
2026-04-07 14:13:31,129 [DEBUG] TUN->SSH: 60 байт
2026-04-07 14:13:31,129 [DEBUG] TUN->SSH: 60 байт
2026-04-07 14:13:31,129 [DEBUG] TUN->SSH: 60 байт
2026-04-07 14:13:31,130 [DEBUG] TUN->SSH: 60 байт
2026-04-07 14:13:31,130 [DEBUG] TUN->SSH: 60 байт
2026-04-07 14:13:31,130 [DEBUG] TUN->SSH: 60 байт
2026-04-07 14:13:31,131 [DEBUG] TUN->SSH: 60 байт
2026-04-07 14:13:31,187 [DEBUG] SSH->TUN: 378 байт
2026-04-07 14:13:31,187 [DEBUG] TUN->SSH: 52 байт
2026-04-07 14:13:31,187 [DEBUG] TUN->SSH: 52 байт
2026-04-07 14:13:31,188 [DEBUG] TUN->SSH: 52 байт
2026-04-07 14:13:31,188 [DEBUG] TUN->SSH: 345 байт
2026-04-07 14:13:31,192 [DEBUG] TUN->SSH: 291 байт
2026-04-07 14:13:31,192 [DEBUG] TUN->SSH: 60 байт
2026-04-07 14:13:31,193 [DEBUG] SSH->TUN: 294 байт
2026-04-07 14:13:31,193 [DEBUG] TUN->SSH: 40 байт
2026-04-07 14:13:31,227 [DEBUG] SSH->TUN: 60 байт
2026-04-07 14:13:31,227 [DEBUG] TUN->SSH: 52 байт
2026-04-07 14:13:31,228 [DEBUG] TUN->SSH: 503 байт
2026-04-07 14:13:31,233 [DEBUG] SSH->TUN: 120 байт
2026-04-07 14:13:31,234 [DEBUG] TUN->SSH: 52 байт
2026-04-07 14:13:31,234 [DEBUG] TUN->SSH: 313 байт
2026-04-07 14:13:31,241 [DEBUG] SSH->TUN: 120 байт
2026-04-07 14:13:31,242 [DEBUG] TUN->SSH: 52 байт
2026-04-07 14:13:31,242 [DEBUG] TUN->SSH: 289 байт
2026-04-07 14:13:31,252 [DEBUG] SSH->TUN: 104 байт
2026-04-07 14:13:31,253 [DEBUG] TUN->SSH: 40 байт
2026-04-07 14:13:31,254 [DEBUG] SSH->TUN: 273 байт
2026-04-07 14:13:31,256 [DEBUG] TUN->SSH: 60 байт
2026-04-07 14:13:31,256 [DEBUG] TUN->SSH: 60 байт
2026-04-07 14:13:31,257 [DEBUG] TUN->SSH: 60 байт
2026-04-07 14:13:31,257 [DEBUG] TUN->SSH: 60 байт
2026-04-07 14:13:31,278 [DEBUG] TUN->SSH: 624 байт
2026-04-07 14:13:31,385 [DEBUG] SSH->TUN: 52 байт
2026-04-07 14:13:31,395 [DEBUG] SSH->TUN: 391 байт
2026-04-07 14:13:31,396 [DEBUG] TUN->SSH: 52 байт
2026-04-07 14:13:31,415 [DEBUG] SSH->TUN: 185 байт
2026-04-07 14:13:31,415 [DEBUG] TUN->SSH: 52 байт
2026-04-07 14:13:31,416 [DEBUG] TUN->SSH: 317 байт
2026-04-07 14:13:31,420 [DEBUG] SSH->TUN: 201 байт
2026-04-07 14:13:31,420 [DEBUG] TUN->SSH: 52 байт
2026-04-07 14:13:31,420 [DEBUG] TUN->SSH: 52 байт
2026-04-07 14:13:31,421 [DEBUG] TUN->SSH: 225 байт
2026-04-07 14:13:31,706 [DEBUG] SSH->TUN: 386 байт
2026-04-07 14:13:31,707 [DEBUG] TUN->SSH: 52 байт
2026-04-07 14:13:31,960 [DEBUG] TUN->SSH: 225 байт
2026-04-07 14:13:31,967 [DEBUG] SSH->TUN: 712 байт
2026-04-07 14:13:31,971 [DEBUG] TUN->SSH: 636 байт
2026-04-07 14:13:32,051 [DEBUG] TUN->SSH: 52 байт
2026-04-07 14:13:32,051 [DEBUG] TUN->SSH: 60 байт
2026-04-07 14:13:32,052 [DEBUG] TUN->SSH: 52 байт
2026-04-07 14:13:32,052 [DEBUG] TUN->SSH: 60 байт
2026-04-07 14:13:32,052 [DEBUG] TUN->SSH: 60 байт
2026-04-07 14:13:32,053 [DEBUG] TUN->SSH: 60 байт
2026-04-07 14:13:32,053 [DEBUG] TUN->SSH: 60 байт
2026-04-07 14:13:32,053 [DEBUG] TUN->SSH: 60 байт
2026-04-07 14:13:32,054 [DEBUG] TUN->SSH: 60 байт
2026-04-07 14:13:32,054 [DEBUG] TUN->SSH: 60 байт
2026-04-07 14:13:32,054 [DEBUG] TUN->SSH: 60 байт
2026-04-07 14:13:32,055 [DEBUG] TUN->SSH: 60 байт
2026-04-07 14:13:32,055 [DEBUG] TUN->SSH: 60 байт
2026-04-07 14:13:32,055 [DEBUG] TUN->SSH: 60 байт
2026-04-07 14:13:32,055 [DEBUG] TUN->SSH: 60 байт
2026-04-07 14:13:32,088 [DEBUG] TUN->SSH: 52 байт
2026-04-07 14:13:32,150 [DEBUG] SSH->TUN: 52 байт
2026-04-07 14:13:32,152 [DEBUG] TUN->SSH: 60 байт
2026-04-07 14:13:32,153 [DEBUG] TUN->SSH: 60 байт
2026-04-07 14:13:32,166 [DEBUG] SSH->TUN: 906 байт
2026-04-07 14:13:32,166 [DEBUG] TUN->SSH: 40 байт
2026-04-07 14:13:32,167 [DEBUG] SSH->TUN: 177 байт
2026-04-07 14:13:32,167 [DEBUG] TUN->SSH: 40 байт
2026-04-07 14:13:32,216 [DEBUG] TUN->SSH: 60 байт
2026-04-07 14:13:32,217 [DEBUG] TUN->SSH: 60 байт
2026-04-07 14:13:32,217 [DEBUG] TUN->SSH: 60 байт
2026-04-07 14:13:32,224 [DEBUG] SSH->TUN: 120 байт
2026-04-07 14:13:32,224 [DEBUG] TUN->SSH: 52 байт
2026-04-07 14:13:32,224 [DEBUG] TUN->SSH: 393 байт
2026-04-07 14:13:32,227 [DEBUG] SSH->TUN: 52 байт
2026-04-07 14:13:32,227 [DEBUG] TUN->SSH: 40 байт
2026-04-07 14:13:32,233 [DEBUG] SSH->TUN: 180 байт
2026-04-07 14:13:32,234 [DEBUG] TUN->SSH: 52 байт
2026-04-07 14:13:32,234 [DEBUG] TUN->SSH: 389 байт
2026-04-07 14:13:32,235 [DEBUG] SSH->TUN: 60 байт
2026-04-07 14:13:32,235 [DEBUG] TUN->SSH: 52 байт
2026-04-07 14:13:32,235 [DEBUG] TUN->SSH: 325 байт
2026-04-07 14:13:32,243 [DEBUG] SSH->TUN: 60 байт
2026-04-07 14:13:32,243 [DEBUG] TUN->SSH: 40 байт
2026-04-07 14:13:32,392 [DEBUG] SSH->TUN: 261 байт
2026-04-07 14:13:32,392 [DEBUG] TUN->SSH: 52 байт
2026-04-07 14:13:32,393 [DEBUG] TUN->SSH: 109 байт
2026-04-07 14:13:32,401 [DEBUG] SSH->TUN: 249 байт
2026-04-07 14:13:32,401 [DEBUG] TUN->SSH: 52 байт
2026-04-07 14:13:32,402 [DEBUG] TUN->SSH: 52 байт
2026-04-07 14:13:32,402 [DEBUG] TUN->SSH: 233 байт
2026-04-07 14:13:32,403 [DEBUG] SSH->TUN: 282 байт
2026-04-07 14:13:32,403 [DEBUG] TUN->SSH: 40 байт
2026-04-07 14:13:32,619 [DEBUG] SSH->TUN: 466 байт
2026-04-07 14:13:32,640 [DEBUG] TUN->SSH: 525 байт
2026-04-07 14:13:32,664 [DEBUG] TUN->SSH: 291 байт
2026-04-07 14:13:32,676 [DEBUG] SSH->TUN: 157 байт
2026-04-07 14:13:32,677 [DEBUG] TUN->SSH: 525 байт
2026-04-07 14:13:32,921 [DEBUG] SSH->TUN: 830 байт
2026-04-07 14:13:32,961 [DEBUG] TUN->SSH: 52 байт
2026-04-07 14:13:32,984 [DEBUG] TUN->SSH: 233 байт
2026-04-07 14:13:32,989 [DEBUG] TUN->SSH: 60 байт
2026-04-07 14:13:33,008 [DEBUG] TUN->SSH: 60 байт
2026-04-07 14:13:33,051 [DEBUG] TUN->SSH: 52 байт
2026-04-07 14:13:33,051 [DEBUG] TUN->SSH: 60 байт
2026-04-07 14:13:33,052 [DEBUG] TUN->SSH: 60 байт
2026-04-07 14:13:33,052 [DEBUG] TUN->SSH: 60 байт
2026-04-07 14:13:33,052 [DEBUG] TUN->SSH: 60 байт
2026-04-07 14:13:33,053 [DEBUG] TUN->SSH: 60 байт
2026-04-07 14:13:33,053 [DEBUG] TUN->SSH: 60 байт
2026-04-07 14:13:33,054 [DEBUG] TUN->SSH: 60 байт
2026-04-07 14:13:33,054 [DEBUG] SSH->TUN: 60 байт
2026-04-07 14:13:33,054 [DEBUG] TUN->SSH: 60 байт
2026-04-07 14:13:33,054 [DEBUG] TUN->SSH: 60 байт
2026-04-07 14:13:33,055 [DEBUG] TUN->SSH: 52 байт
2026-04-07 14:13:33,055 [DEBUG] TUN->SSH: 1280 байт
2026-04-07 14:13:33,055 [DEBUG] TUN->SSH: 612 байт
2026-04-07 14:13:33,070 [DEBUG] SSH->TUN: 60 байт
2026-04-07 14:13:33,071 [DEBUG] TUN->SSH: 52 байт
2026-04-07 14:13:33,071 [DEBUG] TUN->SSH: 1280 байт
2026-04-07 14:13:33,071 [DEBUG] TUN->SSH: 612 байт
2026-04-07 14:13:33,110 [DEBUG] SSH->TUN: 213 байт
2026-04-07 14:13:33,111 [DEBUG] TUN->SSH: 40 байт
2026-04-07 14:13:33,112 [DEBUG] TUN->SSH: 60 байт
2026-04-07 14:13:33,112 [DEBUG] TUN->SSH: 60 байт
2026-04-07 14:13:33,113 [DEBUG] TUN->SSH: 60 байт
2026-04-07 14:13:33,113 [DEBUG] TUN->SSH: 60 байт
2026-04-07 14:13:33,118 [DEBUG] SSH->TUN: 1444 байт
2026-04-07 14:13:33,118 [DEBUG] TUN->SSH: 52 байт
2026-04-07 14:13:33,118 [DEBUG] SSH->TUN: 1152 байт
2026-04-07 14:13:33,119 [DEBUG] TUN->SSH: 389 байт
2026-04-07 14:13:33,119 [DEBUG] TUN->SSH: 64 байт
2026-04-07 14:13:33,121 [DEBUG] SSH->TUN: 1152 байт
2026-04-07 14:13:33,121 [DEBUG] TUN->SSH: 72 байт
2026-04-07 14:13:33,145 [DEBUG] TUN->SSH: 525 байт
2026-04-07 14:13:33,156 [DEBUG] SSH->TUN: 1912 байт
2026-04-07 14:13:33,156 [DEBUG] TUN->SSH: 80 байт
2026-04-07 14:13:33,173 [DEBUG] SSH->TUN: 2897 байт
2026-04-07 14:13:33,173 [DEBUG] TUN->SSH: 64 байт
2026-04-07 14:13:33,191 [DEBUG] SSH->TUN: 240 байт
2026-04-07 14:13:33,192 [DEBUG] TUN->SSH: 52 байт
2026-04-07 14:13:33,192 [DEBUG] TUN->SSH: 514 байт
2026-04-07 14:13:33,192 [DEBUG] SSH->TUN: 241 байт
2026-04-07 14:13:33,193 [DEBUG] TUN->SSH: 52 байт
2026-04-07 14:13:33,193 [DEBUG] TUN->SSH: 237 байт
2026-04-07 14:13:33,231 [DEBUG] SSH->TUN: 1728 байт
2026-04-07 14:13:33,232 [DEBUG] TUN->SSH: 80 байт
2026-04-07 14:13:33,240 [DEBUG] SSH->TUN: 112 байт
2026-04-07 14:13:33,240 [DEBUG] TUN->SSH: 40 байт
2026-04-07 14:13:33,241 [DEBUG] TUN->SSH: 60 байт
2026-04-07 14:13:33,248 [DEBUG] SSH->TUN: 60 байт
2026-04-07 14:13:33,248 [DEBUG] TUN->SSH: 40 байт
2026-04-07 14:13:33,276 [DEBUG] SSH->TUN: 60 байт
2026-04-07 14:13:33,276 [DEBUG] TUN->SSH: 40 байт
2026-04-07 14:13:33,292 [DEBUG] SSH->TUN: 576 байт
2026-04-07 14:13:33,292 [DEBUG] TUN->SSH: 72 байт
2026-04-07 14:13:33,298 [DEBUG] SSH->TUN: 488 байт
2026-04-07 14:13:33,298 [DEBUG] TUN->SSH: 52 байт
2026-04-07 14:13:33,314 [DEBUG] SSH->TUN: 64 байт
2026-04-07 14:13:33,323 [DEBUG] SSH->TUN: 576 байт
2026-04-07 14:13:33,323 [DEBUG] TUN->SSH: 64 байт
2026-04-07 14:13:33,324 [DEBUG] SSH->TUN: 576 байт
2026-04-07 14:13:33,324 [DEBUG] TUN->SSH: 52 байт
2026-04-07 14:13:33,343 [DEBUG] SSH->TUN: 716 байт
2026-04-07 14:13:33,347 [DEBUG] TUN->SSH: 632 байт
2026-04-07 14:13:33,389 [DEBUG] SSH->TUN: 1152 байт
2026-04-07 14:13:33,389 [DEBUG] TUN->SSH: 52 байт
2026-04-07 14:13:33,454 [DEBUG] SSH->TUN: 576 байт
2026-04-07 14:13:33,454 [DEBUG] TUN->SSH: 64 байт
2026-04-07 14:13:33,457 [DEBUG] SSH->TUN: 289 байт
2026-04-07 14:13:33,457 [DEBUG] TUN->SSH: 64 байт
2026-04-07 14:13:33,465 [DEBUG] TUN->SSH: 237 байт
2026-04-07 14:13:33,529 [DEBUG] SSH->TUN: 921 байт
2026-04-07 14:13:33,681 [DEBUG] SSH->TUN: 1290 байт
2026-04-07 14:13:33,682 [DEBUG] TUN->SSH: 333 байт
2026-04-07 14:13:33,743 [DEBUG] SSH->TUN: 52 байт
2026-04-07 14:13:33,746 [DEBUG] SSH->TUN: 221 байт
2026-04-07 14:13:33,758 [DEBUG] SSH->TUN: 541 байт
2026-04-07 14:13:33,759 [DEBUG] TUN->SSH: 52 байт
2026-04-07 14:13:33,759 [DEBUG] TUN->SSH: 52 байт
2026-04-07 14:13:33,760 [DEBUG] TUN->SSH: 72 байт
2026-04-07 14:13:33,828 [DEBUG] SSH->TUN: 104 байт
2026-04-07 14:13:33,829 [DEBUG] TUN->SSH: 40 байт
2026-04-07 14:13:33,845 [DEBUG] SSH->TUN: 576 байт
2026-04-07 14:13:33,845 [DEBUG] TUN->SSH: 52 байт
2026-04-07 14:13:33,845 [DEBUG] TUN->SSH: 248 байт
2026-04-07 14:13:33,914 [DEBUG] SSH->TUN: 226 байт
2026-04-07 14:13:33,914 [DEBUG] TUN->SSH: 246 байт
2026-04-07 14:13:33,976 [DEBUG] SSH->TUN: 209 байт
2026-04-07 14:13:34,008 [DEBUG] SSH->TUN: 229 байт
2026-04-07 14:13:34,009 [DEBUG] TUN->SSH: 333 байт
2026-04-07 14:13:34,012 [DEBUG] TUN->SSH: 612 байт
2026-04-07 14:13:34,064 [DEBUG] TUN->SSH: 52 байт
2026-04-07 14:13:34,072 [DEBUG] TUN->SSH: 60 байт
2026-04-07 14:13:34,073 [DEBUG] TUN->SSH: 60 байт
2026-04-07 14:13:34,073 [DEBUG] TUN->SSH: 60 байт
2026-04-07 14:13:34,073 [DEBUG] TUN->SSH: 60 байт
2026-04-07 14:13:34,074 [DEBUG] TUN->SSH: 60 байт
2026-04-07 14:13:34,120 [DEBUG] SSH->TUN: 52 байт
2026-04-07 14:13:34,124 [DEBUG] SSH->TUN: 60 байт
2026-04-07 14:13:34,124 [DEBUG] TUN->SSH: 52 байт
2026-04-07 14:13:34,124 [DEBUG] TUN->SSH: 317 байт
2026-04-07 14:13:34,125 [DEBUG] SSH->TUN: 64 байт
2026-04-07 14:13:34,127 [DEBUG] SSH->TUN: 60 байт
2026-04-07 14:13:34,127 [DEBUG] TUN->SSH: 40 байт
2026-04-07 14:13:34,132 [DEBUG] SSH->TUN: 60 байт
2026-04-07 14:13:34,132 [DEBUG] TUN->SSH: 52 байт
2026-04-07 14:13:34,132 [DEBUG] TUN->SSH: 397 байт
2026-04-07 14:13:34,136 [DEBUG] TUN->SSH: 60 байт
2026-04-07 14:13:34,136 [DEBUG] TUN->SSH: 60 байт
2026-04-07 14:13:34,137 [DEBUG] TUN->SSH: 52 байт
2026-04-07 14:13:34,137 [DEBUG] TUN->SSH: 60 байт
2026-04-07 14:13:34,141 [DEBUG] SSH->TUN: 240 байт
2026-04-07 14:13:34,141 [DEBUG] TUN->SSH: 52 байт
2026-04-07 14:13:34,142 [DEBUG] TUN->SSH: 418 байт
2026-04-07 14:13:34,161 [DEBUG] SSH->TUN: 789 байт
2026-04-07 14:13:34,161 [DEBUG] TUN->SSH: 52 байт
2026-04-07 14:13:34,163 [DEBUG] SSH->TUN: 60 байт
2026-04-07 14:13:34,163 [DEBUG] TUN->SSH: 40 байт
2026-04-07 14:13:34,179 [DEBUG] SSH->TUN: 253 байт
2026-04-07 14:13:34,180 [DEBUG] SSH->TUN: 141 байт
2026-04-07 14:13:34,180 [DEBUG] TUN->SSH: 52 байт
2026-04-07 14:13:34,180 [DEBUG] TUN->SSH: 509 байт
2026-04-07 14:13:34,191 [DEBUG] SSH->TUN: 201 байт
2026-04-07 14:13:34,191 [DEBUG] TUN->SSH: 52 байт
2026-04-07 14:13:34,191 [DEBUG] TUN->SSH: 52 байт
2026-04-07 14:13:34,195 [DEBUG] SSH->TUN: 213 байт
2026-04-07 14:13:34,196 [DEBUG] TUN->SSH: 52 байт
2026-04-07 14:13:34,196 [DEBUG] TUN->SSH: 365 байт
2026-04-07 14:13:34,199 [DEBUG] SSH->TUN: 60 байт
2026-04-07 14:13:34,199 [DEBUG] TUN->SSH: 52 байт
2026-04-07 14:13:34,200 [DEBUG] TUN->SSH: 189 байт
2026-04-07 14:13:34,200 [DEBUG] TUN->SSH: 60 байт
2026-04-07 14:13:34,201 [DEBUG] TUN->SSH: 60 байт
2026-04-07 14:13:34,202 [DEBUG] SSH->TUN: 60 байт
2026-04-07 14:13:34,202 [DEBUG] TUN->SSH: 52 байт
2026-04-07 14:13:34,202 [DEBUG] TUN->SSH: 257 байт
2026-04-07 14:13:34,203 [DEBUG] SSH->TUN: 60 байт
2026-04-07 14:13:34,203 [DEBUG] TUN->SSH: 52 байт
2026-04-07 14:13:34,203 [DEBUG] TUN->SSH: 502 байт
2026-04-07 14:13:34,208 [DEBUG] SSH->TUN: 375 байт
2026-04-07 14:13:34,208 [DEBUG] TUN->SSH: 40 байт
2026-04-07 14:13:34,253 [DEBUG] SSH->TUN: 52 байт
2026-04-07 14:13:34,254 [DEBUG] TUN->SSH: 40 байт
2026-04-07 14:13:34,262 [DEBUG] SSH->TUN: 346 байт
2026-04-07 14:13:34,265 [DEBUG] SSH->TUN: 161 байт
2026-04-07 14:13:34,266 [DEBUG] TUN->SSH: 52 байт
2026-04-07 14:13:34,266 [DEBUG] TUN->SSH: 52 байт
2026-04-07 14:13:34,267 [DEBUG] TUN->SSH: 285 байт
2026-04-07 14:13:34,270 [DEBUG] SSH->TUN: 315 байт
2026-04-07 14:13:34,271 [DEBUG] TUN->SSH: 52 байт
2026-04-07 14:13:34,303 [DEBUG] TUN->SSH: 52 байт
2026-04-07 14:13:34,331 [DEBUG] SSH->TUN: 52 байт
2026-04-07 14:13:34,332 [DEBUG] TUN->SSH: 52 байт
2026-04-07 14:13:34,335 [DEBUG] SSH->TUN: 205 байт
2026-04-07 14:13:34,344 [DEBUG] SSH->TUN: 688 байт
2026-04-07 14:13:34,345 [DEBUG] TUN->SSH: 52 байт
2026-04-07 14:13:34,345 [DEBUG] TUN->SSH: 52 байт
2026-04-07 14:13:34,346 [DEBUG] TUN->SSH: 52 байт
2026-04-07 14:13:34,356 [DEBUG] SSH->TUN: 656 байт
2026-04-07 14:13:34,356 [DEBUG] TUN->SSH: 52 байт
2026-04-07 14:13:34,373 [DEBUG] SSH->TUN: 541 байт
2026-04-07 14:13:34,374 [DEBUG] TUN->SSH: 52 байт
2026-04-07 14:13:34,374 [DEBUG] TUN->SSH: 52 байт
2026-04-07 14:13:34,482 [DEBUG] SSH->TUN: 208 байт
2026-04-07 14:13:34,483 [DEBUG] TUN->SSH: 52 байт
2026-04-07 14:13:34,540 [DEBUG] SSH->TUN: 52 байт
2026-04-07 14:13:34,541 [DEBUG] TUN->SSH: 52 байт
2026-04-07 14:13:34,543 [DEBUG] SSH->TUN: 141 байт
2026-04-07 14:13:34,543 [DEBUG] TUN->SSH: 52 байт
2026-04-07 14:13:34,544 [DEBUG] TUN->SSH: 52 байт
2026-04-07 14:13:34,544 [DEBUG] TUN->SSH: 317 байт
2026-04-07 14:13:34,612 [DEBUG] SSH->TUN: 273 байт
2026-04-07 14:13:34,612 [DEBUG] TUN->SSH: 52 байт
2026-04-07 14:13:34,648 [DEBUG] TUN->SSH: 52 байт
2026-04-07 14:13:34,756 [DEBUG] SSH->TUN: 865 байт
2026-04-07 14:13:34,756 [DEBUG] TUN->SSH: 64 байт
2026-04-07 14:13:34,794 [DEBUG] SSH->TUN: 116 байт
2026-04-07 14:13:34,822 [DEBUG] SSH->TUN: 221 байт
2026-04-07 14:13:34,823 [DEBUG] TUN->SSH: 52 байт
2026-04-07 14:13:34,890 [DEBUG] SSH->TUN: 157 байт
2026-04-07 14:13:34,931 [DEBUG] TUN->SSH: 52 байт
2026-04-07 14:13:34,988 [DEBUG] TUN->SSH: 52 байт
2026-04-07 14:13:34,988 [DEBUG] SSH->TUN: 52 байт
2026-04-07 14:13:35,027 [DEBUG] SSH->TUN: 52 байт
2026-04-07 14:13:35,028 [DEBUG] TUN->SSH: 52 байт
2026-04-07 14:13:35,036 [DEBUG] SSH->TUN: 52 байт
2026-04-07 14:13:35,036 [DEBUG] TUN->SSH: 52 байт
2026-04-07 14:13:35,051 [DEBUG] TUN->SSH: 52 байт
2026-04-07 14:13:35,052 [DEBUG] TUN->SSH: 60 байт
2026-04-07 14:13:35,053 [DEBUG] TUN->SSH: 60 байт
2026-04-07 14:13:35,053 [DEBUG] TUN->SSH: 60 байт
2026-04-07 14:13:35,053 [DEBUG] TUN->SSH: 60 байт
2026-04-07 14:13:35,054 [DEBUG] TUN->SSH: 60 байт
2026-04-07 14:13:35,060 [DEBUG] SSH->TUN: 489 байт
2026-04-07 14:13:35,115 [DEBUG] SSH->TUN: 60 байт
2026-04-07 14:13:35,115 [DEBUG] TUN->SSH: 52 байт
2026-04-07 14:13:35,115 [DEBUG] TUN->SSH: 313 байт
2026-04-07 14:13:35,118 [DEBUG] SSH->TUN: 60 байт
2026-04-07 14:13:35,118 [DEBUG] TUN->SSH: 52 байт
2026-04-07 14:13:35,119 [DEBUG] TUN->SSH: 225 байт
2026-04-07 14:13:35,121 [DEBUG] SSH->TUN: 120 байт
2026-04-07 14:13:35,121 [DEBUG] TUN->SSH: 52 байт
2026-04-07 14:13:35,121 [DEBUG] TUN->SSH: 1280 байт
2026-04-07 14:13:35,122 [DEBUG] TUN->SSH: 644 байт
2026-04-07 14:13:35,157 [DEBUG] SSH->TUN: 180 байт
2026-04-07 14:13:35,157 [DEBUG] TUN->SSH: 52 байт
2026-04-07 14:13:35,157 [DEBUG] TUN->SSH: 446 байт
2026-04-07 14:13:35,161 [DEBUG] SSH->TUN: 60 байт
2026-04-07 14:13:35,162 [DEBUG] TUN->SSH: 40 байт
2026-04-07 14:13:35,164 [DEBUG] SSH->TUN: 60 байт
2026-04-07 14:13:35,164 [DEBUG] TUN->SSH: 40 байт
2026-04-07 14:13:35,168 [DEBUG] SSH->TUN: 557 байт
2026-04-07 14:13:35,169 [DEBUG] TUN->SSH: 40 байт
2026-04-07 14:13:35,177 [DEBUG] SSH->TUN: 209 байт
2026-04-07 14:13:35,178 [DEBUG] TUN->SSH: 52 байт
2026-04-07 14:13:35,178 [DEBUG] TUN->SSH: 349 байт
2026-04-07 14:13:35,199 [DEBUG] SSH->TUN: 925 байт
2026-04-07 14:13:35,199 [DEBUG] TUN->SSH: 52 байт
2026-04-07 14:13:35,200 [DEBUG] TUN->SSH: 52 байт
2026-04-07 14:13:35,200 [DEBUG] TUN->SSH: 317 байт
2026-04-07 14:13:35,204 [DEBUG] SSH->TUN: 2304 байт
2026-04-07 14:13:35,205 [DEBUG] TUN->SSH: 64 байт
2026-04-07 14:13:35,207 [DEBUG] SSH->TUN: 864 байт
2026-04-07 14:13:35,208 [DEBUG] TUN->SSH: 72 байт
2026-04-07 14:13:35,219 [DEBUG] SSH->TUN: 52 байт
2026-04-07 14:13:35,219 [DEBUG] TUN->SSH: 40 байт
2026-04-07 14:13:35,223 [DEBUG] SSH->TUN: 315 байт
2026-04-07 14:13:35,223 [DEBUG] TUN->SSH: 40 байт
2026-04-07 14:13:35,243 [DEBUG] SSH->TUN: 157 байт
2026-04-07 14:13:35,244 [DEBUG] TUN->SSH: 301 байт
2026-04-07 14:13:35,256 [DEBUG] SSH->TUN: 60 байт
2026-04-07 14:13:35,256 [DEBUG] TUN->SSH: 40 байт
2026-04-07 14:13:35,267 [DEBUG] SSH->TUN: 3840 байт
2026-04-07 14:13:35,287 [DEBUG] SSH->TUN: 2560 байт
2026-04-07 14:13:35,288 [DEBUG] TUN->SSH: 64 байт
2026-04-07 14:13:35,288 [DEBUG] TUN->SSH: 60 байт
2026-04-07 14:13:35,296 [DEBUG] SSH->TUN: 2560 байт
2026-04-07 14:13:35,297 [DEBUG] TUN->SSH: 72 байт
2026-04-07 14:13:35,307 [DEBUG] SSH->TUN: 1280 байт
2026-04-07 14:13:35,308 [DEBUG] TUN->SSH: 80 байт
2026-04-07 14:13:35,317 [DEBUG] SSH->TUN: 6417 байт
2026-04-07 14:13:35,318 [DEBUG] TUN->SSH: 80 байт
2026-04-07 14:13:35,328 [DEBUG] SSH->TUN: 672 байт
2026-04-07 14:13:35,329 [DEBUG] TUN->SSH: 64 байт
2026-04-07 14:13:35,350 [DEBUG] SSH->TUN: 2560 байт
2026-04-07 14:13:35,351 [DEBUG] TUN->SSH: 80 байт
2026-04-07 14:13:35,357 [DEBUG] SSH->TUN: 2560 байт
2026-04-07 14:13:35,358 [DEBUG] SSH->TUN: 1280 байт
2026-04-07 14:13:35,358 [DEBUG] TUN->SSH: 80 байт
2026-04-07 14:13:35,371 [DEBUG] SSH->TUN: 1280 байт
2026-04-07 14:13:35,372 [DEBUG] TUN->SSH: 80 байт
2026-04-07 14:13:35,392 [DEBUG] SSH->TUN: 1280 байт
2026-04-07 14:13:35,392 [DEBUG] TUN->SSH: 80 байт
2026-04-07 14:13:35,399 [DEBUG] SSH->TUN: 1280 байт
2026-04-07 14:13:35,400 [DEBUG] TUN->SSH: 80 байт
2026-04-07 14:13:35,409 [DEBUG] SSH->TUN: 221 байт
2026-04-07 14:13:35,409 [DEBUG] TUN->SSH: 52 байт
2026-04-07 14:13:35,410 [DEBUG] TUN->SSH: 52 байт
2026-04-07 14:13:35,410 [DEBUG] TUN->SSH: 72 байт
2026-04-07 14:13:35,423 [DEBUG] SSH->TUN: 2560 байт
2026-04-07 14:13:35,424 [DEBUG] TUN->SSH: 80 байт
2026-04-07 14:13:35,437 [DEBUG] SSH->TUN: 2560 байт
2026-04-07 14:13:35,437 [DEBUG] TUN->SSH: 80 байт
2026-04-07 14:13:35,515 [DEBUG] SSH->TUN: 7723 байт
2026-04-07 14:13:35,515 [DEBUG] TUN->SSH: 80 байт
2026-04-07 14:13:35,583 [DEBUG] SSH->TUN: 1280 байт
2026-04-07 14:13:35,584 [DEBUG] TUN->SSH: 72 байт
2026-04-07 14:13:35,603 [DEBUG] SSH->TUN: 576 байт
2026-04-07 14:13:35,603 [DEBUG] TUN->SSH: 40 байт
2026-04-07 14:13:35,608 [DEBUG] TUN->SSH: 291 байт
2026-04-07 14:13:35,680 [DEBUG] TUN->SSH: 52 байт
2026-04-07 14:13:35,744 [DEBUG] SSH->TUN: 64 байт
2026-04-07 14:13:35,766 [DEBUG] SSH->TUN: 52 байт
2026-04-07 14:13:35,766 [DEBUG] TUN->SSH: 52 байт
2026-04-07 14:13:35,808 [DEBUG] SSH->TUN: 1280 байт
2026-04-07 14:13:35,808 [DEBUG] TUN->SSH: 64 байт
2026-04-07 14:13:35,816 [DEBUG] TUN->SSH: 588 байт
2026-04-07 14:13:35,871 [DEBUG] SSH->TUN: 1280 байт
2026-04-07 14:13:35,872 [DEBUG] TUN->SSH: 52 байт
2026-04-07 14:13:35,874 [DEBUG] SSH->TUN: 2560 байт
2026-04-07 14:13:35,878 [DEBUG] SSH->TUN: 1219 байт
2026-04-07 14:13:35,879 [DEBUG] TUN->SSH: 64 байт
2026-04-07 14:13:35,922 [DEBUG] SSH->TUN: 52 байт
2026-04-07 14:13:35,922 [DEBUG] TUN->SSH: 409 байт
2026-04-07 14:13:35,935 [DEBUG] SSH->TUN: 2560 байт
2026-04-07 14:13:35,935 [DEBUG] TUN->SSH: 64 байт
2026-04-07 14:13:35,940 [DEBUG] SSH->TUN: 1280 байт
2026-04-07 14:13:35,940 [DEBUG] TUN->SSH: 52 байт
2026-04-07 14:13:35,965 [DEBUG] SSH->TUN: 1014 байт
2026-04-07 14:13:35,965 [DEBUG] TUN->SSH: 64 байт
2026-04-07 14:13:35,988 [DEBUG] SSH->TUN: 52 байт
2026-04-07 14:13:36,008 [DEBUG] SSH->TUN: 445 байт
2026-04-07 14:13:36,008 [DEBUG] TUN->SSH: 64 байт
2026-04-07 14:13:36,038 [DEBUG] TUN->SSH: 52 байт
2026-04-07 14:13:36,038 [DEBUG] SSH->TUN: 1280 байт
2026-04-07 14:13:36,038 [DEBUG] TUN->SSH: 52 байт
2026-04-07 14:13:36,044 [DEBUG] TUN->SSH: 60 байт
2026-04-07 14:13:36,044 [DEBUG] TUN->SSH: 60 байт
2026-04-07 14:13:36,108 [DEBUG] SSH->TUN: 60 байт
2026-04-07 14:13:36,109 [DEBUG] TUN->SSH: 52 байт
2026-04-07 14:13:36,109 [DEBUG] TUN->SSH: 387 байт
2026-04-07 14:13:36,110 [DEBUG] SSH->TUN: 60 байт
2026-04-07 14:13:36,110 [DEBUG] TUN->SSH: 52 байт
2026-04-07 14:13:36,110 [DEBUG] TUN->SSH: 185 байт
2026-04-07 14:13:36,120 [DEBUG] TUN->SSH: 52 байт
2026-04-07 14:13:36,126 [DEBUG] SSH->TUN: 60 байт
2026-04-07 14:13:36,126 [DEBUG] TUN->SSH: 40 байт
2026-04-07 14:13:36,157 [DEBUG] SSH->TUN: 60 байт
2026-04-07 14:13:36,157 [DEBUG] TUN->SSH: 40 байт
2026-04-07 14:13:36,161 [DEBUG] SSH->TUN: 60 байт
2026-04-07 14:13:36,161 [DEBUG] TUN->SSH: 40 байт
2026-04-07 14:13:36,177 [DEBUG] SSH->TUN: 347 байт
2026-04-07 14:13:36,178 [DEBUG] TUN->SSH: 52 байт
2026-04-07 14:13:36,179 [DEBUG] SSH->TUN: 201 байт
2026-04-07 14:13:36,180 [DEBUG] TUN->SSH: 52 байт
2026-04-07 14:13:36,180 [DEBUG] TUN->SSH: 52 байт
2026-04-07 14:13:36,180 [DEBUG] TUN->SSH: 349 байт
2026-04-07 14:13:36,243 [DEBUG] SSH->TUN: 52 байт
2026-04-07 14:13:36,243 [DEBUG] TUN->SSH: 52 байт
2026-04-07 14:13:36,246 [DEBUG] SSH->TUN: 157 байт
2026-04-07 14:13:36,247 [DEBUG] TUN->SSH: 349 байт
2026-04-07 14:13:36,312 [DEBUG] SSH->TUN: 221 байт
2026-04-07 14:13:36,323 [DEBUG] SSH->TUN: 3840 байт
2026-04-07 14:13:36,323 [DEBUG] TUN->SSH: 52 байт
2026-04-07 14:13:36,359 [DEBUG] SSH->TUN: 3840 байт
2026-04-07 14:13:36,359 [DEBUG] TUN->SSH: 64 байт
2026-04-07 14:13:36,364 [DEBUG] SSH->TUN: 5120 байт
2026-04-07 14:13:36,365 [DEBUG] TUN->SSH: 72 байт
2026-04-07 14:13:36,365 [DEBUG] SSH->TUN: 1280 байт
2026-04-07 14:13:36,365 [DEBUG] TUN->SSH: 80 байт
2026-04-07 14:13:36,402 [DEBUG] TUN->SSH: 413 байт
2026-04-07 14:13:36,402 [DEBUG] SSH->TUN: 2560 байт
2026-04-07 14:13:36,402 [DEBUG] SSH->TUN: 436 байт
2026-04-07 14:13:36,403 [DEBUG] TUN->SSH: 80 байт
2026-04-07 14:13:36,432 [DEBUG] SSH->TUN: 1280 байт
2026-04-07 14:13:36,432 [DEBUG] TUN->SSH: 80 байт
2026-04-07 14:13:36,468 [DEBUG] SSH->TUN: 1280 байт
2026-04-07 14:13:36,468 [DEBUG] TUN->SSH: 80 байт
2026-04-07 14:13:36,497 [DEBUG] SSH->TUN: 1280 байт
2026-04-07 14:13:36,497 [DEBUG] TUN->SSH: 80 байт
2026-04-07 14:13:36,500 [DEBUG] SSH->TUN: 2560 байт
2026-04-07 14:13:36,500 [DEBUG] TUN->SSH: 72 байт
2026-04-07 14:13:36,504 [DEBUG] SSH->TUN: 1280 байт
2026-04-07 14:13:36,505 [DEBUG] TUN->SSH: 80 байт
2026-04-07 14:13:36,507 [DEBUG] SSH->TUN: 52 байт
2026-04-07 14:13:36,508 [DEBUG] TUN->SSH: 566 байт
2026-04-07 14:13:36,509 [DEBUG] SSH->TUN: 1152 байт
2026-04-07 14:13:36,545 [DEBUG] SSH->TUN: 1280 байт
2026-04-07 14:13:36,546 [DEBUG] TUN->SSH: 72 байт
2026-04-07 14:13:36,547 [DEBUG] SSH->TUN: 1280 байт
2026-04-07 14:13:36,548 [DEBUG] TUN->SSH: 64 байт
2026-04-07 14:13:36,552 [DEBUG] TUN->SSH: 52 байт
2026-04-07 14:13:36,569 [DEBUG] SSH->TUN: 52 байт
2026-04-07 14:13:36,569 [DEBUG] TUN->SSH: 301 байт
2026-04-07 14:13:36,572 [DEBUG] SSH->TUN: 1280 байт
2026-04-07 14:13:36,572 [DEBUG] TUN->SSH: 52 байт
2026-04-07 14:13:36,580 [DEBUG] SSH->TUN: 285 байт
2026-04-07 14:13:36,580 [DEBUG] TUN->SSH: 52 байт
2026-04-07 14:13:36,724 [DEBUG] SSH->TUN: 3160 байт
2026-04-07 14:13:36,725 [DEBUG] TUN->SSH: 52 байт
2026-04-07 14:13:36,848 [DEBUG] TUN->SSH: 269 байт
2026-04-07 14:13:36,913 [DEBUG] SSH->TUN: 52 байт
2026-04-07 14:13:36,914 [DEBUG] TUN->SSH: 205 байт
2026-04-07 14:13:36,957 [DEBUG] SSH->TUN: 944 байт
2026-04-07 14:13:36,958 [DEBUG] TUN->SSH: 64 байт
2026-04-07 14:13:36,976 [DEBUG] SSH->TUN: 52 байт
2026-04-07 14:13:36,991 [DEBUG] SSH->TUN: 832 байт
2026-04-07 14:13:36,991 [DEBUG] TUN->SSH: 64 байт
2026-04-07 14:13:37,019 [DEBUG] SSH->TUN: 548 байт
2026-04-07 14:13:37,019 [DEBUG] TUN->SSH: 64 байт
2026-04-07 14:13:37,059 [DEBUG] SSH->TUN: 1280 байт
2026-04-07 14:13:37,060 [DEBUG] TUN->SSH: 52 байт
2026-04-07 14:13:37,168 [DEBUG] SSH->TUN: 60 байт
2026-04-07 14:13:37,168 [DEBUG] TUN->SSH: 40 байт
2026-04-07 14:13:37,212 [DEBUG] SSH->TUN: 493 байт
2026-04-07 14:13:37,212 [DEBUG] TUN->SSH: 52 байт
2026-04-07 14:13:38,168 [DEBUG] TUN->SSH: 52 байт
2026-04-07 14:13:38,232 [DEBUG] TUN->SSH: 52 байт
2026-04-07 14:13:38,558 [DEBUG] SSH->TUN: 509 байт
2026-04-07 14:13:38,558 [DEBUG] TUN->SSH: 52 байт
2026-04-07 14:13:38,700 [DEBUG] SSH->TUN: 493 байт
2026-04-07 14:13:38,701 [DEBUG] TUN->SSH: 52 байт
2026-04-07 14:13:39,375 [DEBUG] SSH->TUN: 1148 байт
2026-04-07 14:13:39,376 [DEBUG] TUN->SSH: 40 байт
2026-04-07 14:13:39,597 [DEBUG] SSH->TUN: 1088 байт
2026-04-07 14:13:39,598 [DEBUG] TUN->SSH: 52 байт
2026-04-07 14:13:40,052 [DEBUG] TUN->SSH: 60 байт
2026-04-07 14:13:40,101 [DEBUG] SSH->TUN: 60 байт
2026-04-07 14:13:40,102 [DEBUG] TUN->SSH: 52 байт
2026-04-07 14:13:40,102 [DEBUG] TUN->SSH: 97 байт
2026-04-07 14:13:40,150 [DEBUG] SSH->TUN: 149 байт
2026-04-07 14:13:40,216 [DEBUG] TUN->SSH: 52 байт
2026-04-07 14:13:40,510 [DEBUG] SSH->TUN: 97 байт
2026-04-07 14:13:40,510 [DEBUG] TUN->SSH: 52 байт
2026-04-07 14:13:40,510 [DEBUG] TUN->SSH: 52 байт
2026-04-07 14:13:40,511 [DEBUG] TUN->SSH: 60 байт
2026-04-07 14:13:40,556 [DEBUG] SSH->TUN: 112 байт
2026-04-07 14:13:40,557 [DEBUG] TUN->SSH: 52 байт
2026-04-07 14:13:41,560 [DEBUG] TUN->SSH: 60 байт
2026-04-07 14:13:41,608 [DEBUG] SSH->TUN: 60 байт
2026-04-07 14:13:41,609 [DEBUG] TUN->SSH: 52 байт
2026-04-07 14:13:41,609 [DEBUG] TUN->SSH: 94 байт
2026-04-07 14:13:41,666 [DEBUG] SSH->TUN: 146 байт
2026-04-07 14:13:41,752 [DEBUG] TUN->SSH: 291 байт
2026-04-07 14:13:41,962 [DEBUG] SSH->TUN: 94 байт
2026-04-07 14:13:41,962 [DEBUG] TUN->SSH: 52 байт
2026-04-07 14:13:41,962 [DEBUG] TUN->SSH: 52 байт
2026-04-07 14:13:41,963 [DEBUG] TUN->SSH: 60 байт
2026-04-07 14:13:42,006 [DEBUG] SSH->TUN: 112 байт
2026-04-07 14:13:42,006 [DEBUG] TUN->SSH: 52 байт
2026-04-07 14:13:42,264 [DEBUG] TUN->SSH: 52 байт
2026-04-07 14:13:42,968 [DEBUG] TUN->SSH: 60 байт
2026-04-07 14:13:43,031 [DEBUG] SSH->TUN: 60 байт
2026-04-07 14:13:43,032 [DEBUG] TUN->SSH: 52 байт
2026-04-07 14:13:43,032 [DEBUG] TUN->SSH: 98 байт
2026-04-07 14:13:43,083 [DEBUG] SSH->TUN: 150 байт
2026-04-07 14:13:43,379 [DEBUG] SSH->TUN: 98 байт
2026-04-07 14:13:43,379 [DEBUG] TUN->SSH: 52 байт
2026-04-07 14:13:43,380 [DEBUG] TUN->SSH: 52 байт
2026-04-07 14:13:43,380 [DEBUG] TUN->SSH: 60 байт
2026-04-07 14:13:43,432 [DEBUG] TUN->SSH: 52 байт
2026-04-07 14:13:43,432 [DEBUG] SSH->TUN: 112 байт
2026-04-07 14:13:44,052 [DEBUG] TUN->SSH: 205 байт
2026-04-07 14:13:44,053 [DEBUG] TUN->SSH: 189 байт
2026-04-07 14:13:44,161 [DEBUG] SSH->TUN: 52 байт
2026-04-07 14:13:44,164 [DEBUG] SSH->TUN: 52 байт
2026-04-07 14:13:44,312 [DEBUG] TUN->SSH: 52 байт
2026-04-07 14:13:44,434 [DEBUG] SSH->TUN: 60 байт
2026-04-07 14:13:44,434 [DEBUG] TUN->SSH: 52 байт
2026-04-07 14:13:44,435 [DEBUG] TUN->SSH: 93 байт
2026-04-07 14:13:44,481 [DEBUG] SSH->TUN: 145 байт
2026-04-07 14:13:44,500 [DEBUG] TUN->SSH: 60 байт
2026-04-07 14:13:44,550 [DEBUG] SSH->TUN: 60 байт
2026-04-07 14:13:44,550 [DEBUG] TUN->SSH: 52 байт
2026-04-07 14:13:44,550 [DEBUG] TUN->SSH: 136 байт
2026-04-07 14:13:44,597 [DEBUG] SSH->TUN: 52 байт
2026-04-07 14:13:44,599 [DEBUG] SSH->TUN: 126 байт
2026-04-07 14:13:44,599 [DEBUG] TUN->SSH: 52 байт
2026-04-07 14:13:44,600 [DEBUG] SSH->TUN: 150 байт
2026-04-07 14:13:44,600 [DEBUG] TUN->SSH: 52 байт
2026-04-07 14:13:44,601 [DEBUG] TUN->SSH: 52 байт
2026-04-07 14:13:44,649 [DEBUG] TUN->SSH: 52 байт
2026-04-07 14:13:44,649 [DEBUG] SSH->TUN: 52 байт
2026-04-07 14:13:44,726 [DEBUG] SSH->TUN: 93 байт
2026-04-07 14:13:44,726 [DEBUG] TUN->SSH: 52 байт
2026-04-07 14:13:44,727 [DEBUG] TUN->SSH: 52 байт
2026-04-07 14:13:44,727 [DEBUG] TUN->SSH: 60 байт
2026-04-07 14:13:44,773 [DEBUG] SSH->TUN: 112 байт
2026-04-07 14:13:44,773 [DEBUG] TUN->SSH: 52 байт
2026-04-07 14:13:45,051 [DEBUG] TUN->SSH: 381 байт
2026-04-07 14:13:45,169 [DEBUG] SSH->TUN: 52 байт
2026-04-07 14:13:45,340 [DEBUG] TUN->SSH: 60 байт
2026-04-07 14:13:45,397 [DEBUG] SSH->TUN: 60 байт
2026-04-07 14:13:45,398 [DEBUG] TUN->SSH: 52 байт
2026-04-07 14:13:45,398 [DEBUG] TUN->SSH: 110 байт
2026-04-07 14:13:45,448 [DEBUG] SSH->TUN: 52 байт
2026-04-07 14:13:45,456 [DEBUG] SSH->TUN: 206 байт
2026-04-07 14:13:45,456 [DEBUG] TUN->SSH: 52 байт
2026-04-07 14:13:45,784 [DEBUG] TUN->SSH: 60 байт
2026-04-07 14:13:45,794 [DEBUG] SSH->TUN: 97 байт
2026-04-07 14:13:45,795 [DEBUG] TUN->SSH: 52 байт
2026-04-07 14:13:45,795 [DEBUG] TUN->SSH: 52 байт
2026-04-07 14:13:45,830 [DEBUG] SSH->TUN: 120 байт
2026-04-07 14:13:45,830 [DEBUG] TUN->SSH: 52 байт
2026-04-07 14:13:45,831 [DEBUG] TUN->SSH: 95 байт
2026-04-07 14:13:45,872 [DEBUG] TUN->SSH: 60 байт
2026-04-07 14:13:45,876 [DEBUG] TUN->SSH: 52 байт
2026-04-07 14:13:45,876 [DEBUG] SSH->TUN: 52 байт
2026-04-07 14:13:45,888 [DEBUG] SSH->TUN: 147 байт
2026-04-07 14:13:45,915 [DEBUG] SSH->TUN: 60 байт
2026-04-07 14:13:45,916 [DEBUG] TUN->SSH: 52 байт
2026-04-07 14:13:45,916 [DEBUG] TUN->SSH: 126 байт
2026-04-07 14:13:45,964 [DEBUG] SSH->TUN: 157 байт
2026-04-07 14:13:45,964 [DEBUG] SSH->TUN: 117 байт
2026-04-07 14:13:45,965 [DEBUG] TUN->SSH: 64 байт
2026-04-07 14:13:46,023 [DEBUG] SSH->TUN: 105 байт
2026-04-07 14:13:46,024 [DEBUG] TUN->SSH: 52 байт
2026-04-07 14:13:46,024 [DEBUG] TUN->SSH: 52 байт
2026-04-07 14:13:46,052 [DEBUG] TUN->SSH: 317 байт
2026-04-07 14:13:46,071 [DEBUG] SSH->TUN: 52 байт
2026-04-07 14:13:46,071 [DEBUG] TUN->SSH: 52 байт
2026-04-07 14:13:46,132 [DEBUG] SSH->TUN: 95 байт
2026-04-07 14:13:46,133 [DEBUG] TUN->SSH: 52 байт
2026-04-07 14:13:46,133 [DEBUG] TUN->SSH: 52 байт
2026-04-07 14:13:46,134 [DEBUG] TUN->SSH: 60 байт
2026-04-07 14:13:46,160 [DEBUG] SSH->TUN: 52 байт
2026-04-07 14:13:46,177 [DEBUG] SSH->TUN: 112 байт
2026-04-07 14:13:46,178 [DEBUG] TUN->SSH: 52 байт
2026-04-07 14:13:46,275 [DEBUG] TUN->SSH: 52 байт
2026-04-07 14:13:46,360 [DEBUG] TUN->SSH: 52 байт
2026-04-07 14:13:46,361 [DEBUG] TUN->SSH: 52 байт
2026-04-07 14:13:47,051 [DEBUG] TUN->SSH: 301 байт
2026-04-07 14:13:47,159 [DEBUG] SSH->TUN: 52 байт
2026-04-07 14:13:47,192 [DEBUG] TUN->SSH: 60 байт
2026-04-07 14:13:47,230 [DEBUG] SSH->TUN: 60 байт
2026-04-07 14:13:47,230 [DEBUG] TUN->SSH: 52 байт
2026-04-07 14:13:47,230 [DEBUG] TUN->SSH: 95 байт
2026-04-07 14:13:47,236 [DEBUG] SSH->TUN: 60 байт
2026-04-07 14:13:47,236 [DEBUG] TUN->SSH: 52 байт
2026-04-07 14:13:47,275 [DEBUG] SSH->TUN: 147 байт
2026-04-07 14:13:47,578 [DEBUG] SSH->TUN: 95 байт
2026-04-07 14:13:47,578 [DEBUG] TUN->SSH: 52 байт
2026-04-07 14:13:47,578 [DEBUG] TUN->SSH: 52 байт
2026-04-07 14:13:47,578 [DEBUG] TUN->SSH: 60 байт
2026-04-07 14:13:47,626 [DEBUG] SSH->TUN: 112 байт
2026-04-07 14:13:47,627 [DEBUG] TUN->SSH: 52 байт
2026-04-07 14:13:48,408 [DEBUG] TUN->SSH: 52 байт
2026-04-07 14:13:48,600 [DEBUG] TUN->SSH: 60 байт
2026-04-07 14:13:48,646 [DEBUG] SSH->TUN: 60 байт
2026-04-07 14:13:48,647 [DEBUG] TUN->SSH: 52 байт
2026-04-07 14:13:48,647 [DEBUG] TUN->SSH: 95 байт
2026-04-07 14:13:48,694 [DEBUG] SSH->TUN: 52 байт
2026-04-07 14:13:48,695 [DEBUG] SSH->TUN: 95 байт
2026-04-07 14:13:48,695 [DEBUG] TUN->SSH: 52 байт
2026-04-07 14:13:48,696 [DEBUG] TUN->SSH: 52 байт
2026-04-07 14:13:48,696 [DEBUG] TUN->SSH: 60 байт
2026-04-07 14:13:48,740 [DEBUG] SSH->TUN: 52 байт
2026-04-07 14:13:48,740 [DEBUG] TUN->SSH: 52 байт
2026-04-07 14:13:48,741 [DEBUG] SSH->TUN: 60 байт
2026-04-07 14:13:48,741 [DEBUG] TUN->SSH: 52 байт
2026-04-07 14:13:48,742 [DEBUG] TUN->SSH: 95 байт
2026-04-07 14:13:48,789 [DEBUG] SSH->TUN: 147 байт
2026-04-07 14:13:49,105 [DEBUG] SSH->TUN: 95 байт
2026-04-07 14:13:49,106 [DEBUG] TUN->SSH: 52 байт
2026-04-07 14:13:49,106 [DEBUG] TUN->SSH: 52 байт
2026-04-07 14:13:49,106 [DEBUG] TUN->SSH: 60 байт
2026-04-07 14:13:49,162 [DEBUG] SSH->TUN: 60 байт
2026-04-07 14:13:49,163 [DEBUG] TUN->SSH: 52 байт
2026-04-07 14:13:49,163 [DEBUG] TUN->SSH: 95 байт
2026-04-07 14:13:49,224 [DEBUG] SSH->TUN: 199 байт
2026-04-07 14:13:49,224 [DEBUG] TUN->SSH: 52 байт
2026-04-07 14:13:49,480 [DEBUG] TUN->SSH: 95 байт
2026-04-07 14:13:49,485 [DEBUG] SSH->TUN: 95 байт
2026-04-07 14:13:49,486 [DEBUG] TUN->SSH: 52 байт
2026-04-07 14:13:49,486 [DEBUG] TUN->SSH: 52 байт
2026-04-07 14:13:49,486 [DEBUG] TUN->SSH: 60 байт
2026-04-07 14:13:49,580 [DEBUG] SSH->TUN: 176 байт
2026-04-07 14:13:49,872 [DEBUG] TUN->SSH: 52 байт
2026-04-07 14:13:49,884 [DEBUG] SSH->TUN: 52 байт
2026-04-07 14:13:49,884 [DEBUG] TUN->SSH: 52 байт
2026-04-07 14:13:49,923 [DEBUG] SSH->TUN: 64 байт
2026-04-07 14:13:50,456 [DEBUG] TUN->SSH: 52 байт
2026-04-07 14:13:50,520 [DEBUG] TUN->SSH: 60 байт
2026-04-07 14:13:50,569 [DEBUG] SSH->TUN: 60 байт
2026-04-07 14:13:50,569 [DEBUG] TUN->SSH: 52 байт
2026-04-07 14:13:50,569 [DEBUG] TUN->SSH: 95 байт
2026-04-07 14:13:50,618 [DEBUG] SSH->TUN: 52 байт
2026-04-07 14:13:50,620 [DEBUG] SSH->TUN: 95 байт
2026-04-07 14:13:50,620 [DEBUG] TUN->SSH: 52 байт
2026-04-07 14:13:50,620 [DEBUG] TUN->SSH: 52 байт
2026-04-07 14:13:50,621 [DEBUG] TUN->SSH: 60 байт
2026-04-07 14:13:50,667 [DEBUG] SSH->TUN: 52 байт
2026-04-07 14:13:50,667 [DEBUG] TUN->SSH: 52 байт
2026-04-07 14:13:50,676 [DEBUG] SSH->TUN: 60 байт
2026-04-07 14:13:50,677 [DEBUG] TUN->SSH: 52 байт
2026-04-07 14:13:50,677 [DEBUG] TUN->SSH: 95 байт
2026-04-07 14:13:50,719 [DEBUG] SSH->TUN: 52 байт
2026-04-07 14:13:50,720 [DEBUG] SSH->TUN: 95 байт
2026-04-07 14:13:50,720 [DEBUG] TUN->SSH: 52 байт
2026-04-07 14:13:50,721 [DEBUG] TUN->SSH: 52 байт
2026-04-07 14:13:50,721 [DEBUG] TUN->SSH: 60 байт
2026-04-07 14:13:50,768 [DEBUG] SSH->TUN: 112 байт
2026-04-07 14:13:50,768 [DEBUG] TUN->SSH: 52 байт
2026-04-07 14:13:50,768 [DEBUG] TUN->SSH: 95 байт
2026-04-07 14:13:50,812 [DEBUG] SSH->TUN: 52 байт
2026-04-07 14:13:50,812 [DEBUG] SSH->TUN: 95 байт
2026-04-07 14:13:50,812 [DEBUG] TUN->SSH: 52 байт
2026-04-07 14:13:50,813 [DEBUG] TUN->SSH: 52 байт
2026-04-07 14:13:50,813 [DEBUG] TUN->SSH: 60 байт
2026-04-07 14:13:50,856 [DEBUG] SSH->TUN: 112 байт
2026-04-07 14:13:50,856 [DEBUG] TUN->SSH: 52 байт
2026-04-07 14:13:50,976 [DEBUG] TUN->SSH: 52 байт
2026-04-07 14:13:51,022 [DEBUG] SSH->TUN: 52 байт
2026-04-07 14:13:51,022 [DEBUG] TUN->SSH: 52 байт
2026-04-07 14:13:51,025 [DEBUG] SSH->TUN: 64 байт
2026-04-07 14:13:51,576 [DEBUG] TUN->SSH: 52 байт
2026-04-07 14:13:51,645 [DEBUG] SSH->TUN: 52 байт
2026-04-07 14:13:51,645 [DEBUG] TUN->SSH: 52 байт
2026-04-07 14:13:51,865 [DEBUG] TUN->SSH: 60 байт
2026-04-07 14:13:51,878 [DEBUG] SSH->TUN: 60 байт
2026-04-07 14:13:51,879 [DEBUG] TUN->SSH: 52 байт
2026-04-07 14:13:51,879 [DEBUG] TUN->SSH: 95 байт
2026-04-07 14:13:51,917 [DEBUG] SSH->TUN: 60 байт
2026-04-07 14:13:51,917 [DEBUG] TUN->SSH: 52 байт
2026-04-07 14:13:51,932 [DEBUG] SSH->TUN: 147 байт
2026-04-07 14:13:52,286 [DEBUG] SSH->TUN: 95 байт
2026-04-07 14:13:52,286 [DEBUG] TUN->SSH: 52 байт
2026-04-07 14:13:52,286 [DEBUG] TUN->SSH: 52 байт
2026-04-07 14:13:52,287 [DEBUG] TUN->SSH: 60 байт
2026-04-07 14:13:52,337 [DEBUG] TUN->SSH: 52 байт
2026-04-07 14:13:52,338 [DEBUG] SSH->TUN: 112 байт
2026-04-07 14:13:52,504 [DEBUG] TUN->SSH: 52 байт
2026-04-07 14:13:53,336 [DEBUG] TUN->SSH: 60 байт
2026-04-07 14:13:53,379 [DEBUG] SSH->TUN: 60 байт
2026-04-07 14:13:53,380 [DEBUG] TUN->SSH: 52 байт
2026-04-07 14:13:53,380 [DEBUG] TUN->SSH: 95 байт
2026-04-07 14:13:53,393 [DEBUG] SSH->TUN: 60 байт
2026-04-07 14:13:53,393 [DEBUG] TUN->SSH: 52 байт
2026-04-07 14:13:53,430 [DEBUG] SSH->TUN: 201 байт
2026-04-07 14:13:53,528 [DEBUG] TUN->SSH: 291 байт
2026-04-07 14:13:53,772 [DEBUG] SSH->TUN: 149 байт
2026-04-07 14:13:53,772 [DEBUG] TUN->SSH: 52 байт
2026-04-07 14:13:53,773 [DEBUG] TUN->SSH: 52 байт
2026-04-07 14:13:53,773 [DEBUG] TUN->SSH: 60 байт
2026-04-07 14:13:53,822 [DEBUG] SSH->TUN: 112 байт
2026-04-07 14:13:53,823 [DEBUG] TUN->SSH: 52 байт
2026-04-07 14:13:54,552 [DEBUG] TUN->SSH: 52 байт
2026-04-07 14:13:54,808 [DEBUG] TUN->SSH: 60 байт
2026-04-07 14:13:54,854 [DEBUG] SSH->TUN: 60 байт
2026-04-07 14:13:54,854 [DEBUG] TUN->SSH: 52 байт
2026-04-07 14:13:54,855 [DEBUG] TUN->SSH: 144 байт
2026-04-07 14:13:54,899 [DEBUG] SSH->TUN: 52 байт
2026-04-07 14:13:54,948 [DEBUG] SSH->TUN: 226 байт
2026-04-07 14:13:54,949 [DEBUG] TUN->SSH: 52 байт
2026-04-07 14:13:54,949 [DEBUG] TUN->SSH: 52 байт
2026-04-07 14:13:54,949 [DEBUG] TUN->SSH: 60 байт
2026-04-07 14:13:54,996 [DEBUG] SSH->TUN: 112 байт
2026-04-07 14:13:54,996 [DEBUG] TUN->SSH: 52 байт
2026-04-07 14:13:55,960 [DEBUG] TUN->SSH: 60 байт
2026-04-07 14:13:56,025 [DEBUG] SSH->TUN: 120 байт
2026-04-07 14:13:56,025 [DEBUG] TUN->SSH: 52 байт
2026-04-07 14:13:56,025 [DEBUG] TUN->SSH: 144 байт
2026-04-07 14:13:56,092 [DEBUG] SSH->TUN: 52 байт
2026-04-07 14:13:56,127 [DEBUG] SSH->TUN: 226 байт
2026-04-07 14:13:56,127 [DEBUG] TUN->SSH: 52 байт
2026-04-07 14:13:56,128 [DEBUG] TUN->SSH: 52 байт
2026-04-07 14:13:56,128 [DEBUG] TUN->SSH: 60 байт
2026-04-07 14:13:56,180 [DEBUG] SSH->TUN: 112 байт
2026-04-07 14:13:56,180 [DEBUG] TUN->SSH: 52 байт
2026-04-07 14:13:56,193 [DEBUG] TUN->SSH: 52 байт
2026-04-07 14:13:56,195 [DEBUG] TUN->SSH: 60 байт
2026-04-07 14:13:56,273 [DEBUG] SSH->TUN: 60 байт
2026-04-07 14:13:56,273 [DEBUG] TUN->SSH: 52 байт
2026-04-07 14:13:56,274 [DEBUG] TUN->SSH: 1280 байт
2026-04-07 14:13:56,274 [DEBUG] TUN->SSH: 432 байт
2026-04-07 14:13:56,343 [DEBUG] SSH->TUN: 680 байт
2026-04-07 14:13:56,465 [DEBUG] SSH->TUN: 5088 байт
2026-04-07 14:13:56,466 [DEBUG] TUN->SSH: 64 байт
2026-04-07 14:13:56,495 [DEBUG] TUN->SSH: 64 байт
2026-04-07 14:13:56,539 [DEBUG] TUN->SSH: 52 байт
2026-04-07 14:13:56,540 [DEBUG] SSH->TUN: 663 байт
2026-04-07 14:13:56,540 [DEBUG] TUN->SSH: 72 байт
2026-04-07 14:13:56,584 [DEBUG] TUN->SSH: 237 байт
2026-04-07 14:13:56,600 [DEBUG] TUN->SSH: 52 байт
2026-04-07 14:13:56,622 [DEBUG] TUN->SSH: 60 байт
2026-04-07 14:13:56,626 [DEBUG] SSH->TUN: 576 байт
2026-04-07 14:13:56,627 [DEBUG] TUN->SSH: 64 байт
2026-04-07 14:13:56,649 [DEBUG] SSH->TUN: 52 байт
2026-04-07 14:13:56,673 [DEBUG] TUN->SSH: 52 байт
2026-04-07 14:13:56,673 [DEBUG] SSH->TUN: 445 байт
2026-04-07 14:13:56,692 [DEBUG] SSH->TUN: 60 байт
2026-04-07 14:13:56,692 [DEBUG] TUN->SSH: 52 байт
2026-04-07 14:13:56,693 [DEBUG] TUN->SSH: 152 байт
2026-04-07 14:13:56,727 [DEBUG] TUN->SSH: 64 байт
2026-04-07 14:13:56,727 [DEBUG] SSH->TUN: 2304 байт
2026-04-07 14:13:56,827 [DEBUG] SSH->TUN: 331 байт
2026-04-07 14:13:56,875 [DEBUG] SSH->TUN: 1056 байт
2026-04-07 14:13:56,876 [DEBUG] TUN->SSH: 72 байт
2026-04-07 14:13:56,934 [DEBUG] SSH->TUN: 161 байт
2026-04-07 14:13:56,934 [DEBUG] TUN->SSH: 64 байт
2026-04-07 14:13:56,947 [DEBUG] SSH->TUN: 1152 байт
2026-04-07 14:13:56,948 [DEBUG] TUN->SSH: 72 байт
2026-04-07 14:13:56,980 [DEBUG] SSH->TUN: 576 байт
2026-04-07 14:13:56,981 [DEBUG] TUN->SSH: 72 байт
2026-04-07 14:13:56,996 [DEBUG] SSH->TUN: 118 байт
2026-04-07 14:13:56,996 [DEBUG] TUN->SSH: 52 байт
2026-04-07 14:13:56,997 [DEBUG] TUN->SSH: 52 байт
2026-04-07 14:13:56,997 [DEBUG] TUN->SSH: 60 байт
2026-04-07 14:13:57,015 [DEBUG] SSH->TUN: 1152 байт
2026-04-07 14:13:57,016 [DEBUG] TUN->SSH: 80 байт
2026-04-07 14:13:57,057 [DEBUG] SSH->TUN: 619 байт
2026-04-07 14:13:57,057 [DEBUG] TUN->SSH: 72 байт
2026-04-07 14:13:57,080 [DEBUG] SSH->TUN: 60 байт
2026-04-07 14:13:57,081 [DEBUG] TUN->SSH: 52 байт
2026-04-07 14:13:57,095 [DEBUG] TUN->SSH: 266 байт
2026-04-07 14:13:57,101 [DEBUG] SSH->TUN: 576 байт
2026-04-07 14:13:57,101 [DEBUG] TUN->SSH: 64 байт
2026-04-07 14:13:57,176 [DEBUG] TUN->SSH: 60 байт
2026-04-07 14:13:57,235 [DEBUG] SSH->TUN: 576 байт
2026-04-07 14:13:57,235 [DEBUG] TUN->SSH: 52 байт
2026-04-07 14:13:57,276 [DEBUG] SSH->TUN: 1422 байт
2026-04-07 14:13:57,280 [DEBUG] TUN->SSH: 52 байт
2026-04-07 14:13:57,303 [DEBUG] SSH->TUN: 87 байт
2026-04-07 14:13:57,303 [DEBUG] TUN->SSH: 52 байт
2026-04-07 14:13:57,305 [DEBUG] TUN->SSH: 886 байт
2026-04-07 14:13:57,313 [DEBUG] TUN->SSH: 64 байт
2026-04-07 14:13:57,314 [DEBUG] TUN->SSH: 64 байт
2026-04-07 14:13:57,328 [DEBUG] SSH->TUN: 52 байт
2026-04-07 14:13:57,328 [DEBUG] TUN->SSH: 52 байт
2026-04-07 14:13:57,345 [DEBUG] SSH->TUN: 64 байт
2026-04-07 14:13:57,377 [DEBUG] SSH->TUN: 710 байт
2026-04-07 14:13:57,418 [DEBUG] TUN->SSH: 52 байт
2026-04-07 14:13:57,471 [DEBUG] SSH->TUN: 1250 байт
2026-04-07 14:13:57,472 [DEBUG] TUN->SSH: 52 байт
2026-04-07 14:13:57,480 [DEBUG] TUN->SSH: 1113 байт
2026-04-07 14:13:57,555 [DEBUG] SSH->TUN: 195 байт
2026-04-07 14:13:57,596 [DEBUG] TUN->SSH: 52 байт
2026-04-07 14:13:58,019 [DEBUG] SSH->TUN: 447 байт
2026-04-07 14:13:58,020 [DEBUG] TUN->SSH: 52 байт
2026-04-07 14:13:58,020 [DEBUG] TUN->SSH: 213 байт
2026-04-07 14:13:58,130 [DEBUG] SSH->TUN: 52 байт
2026-04-07 14:13:58,164 [DEBUG] SSH->TUN: 198 байт
2026-04-07 14:13:58,200 [DEBUG] TUN->SSH: 60 байт
2026-04-07 14:13:58,205 [DEBUG] TUN->SSH: 52 байт
2026-04-07 14:13:58,256 [DEBUG] SSH->TUN: 60 байт
2026-04-07 14:13:58,256 [DEBUG] TUN->SSH: 52 байт
2026-04-07 14:13:58,256 [DEBUG] TUN->SSH: 144 байт
2026-04-07 14:13:58,260 [DEBUG] TUN->SSH: 215 байт
2026-04-07 14:13:58,260 [DEBUG] TUN->SSH: 113 байт
2026-04-07 14:13:58,262 [DEBUG] TUN->SSH: 442 байт
2026-04-07 14:13:58,361 [DEBUG] SSH->TUN: 352 байт
2026-04-07 14:13:58,369 [DEBUG] TUN->SSH: 64 байт
2026-04-07 14:13:58,409 [DEBUG] SSH->TUN: 223 байт
2026-04-07 14:13:58,409 [DEBUG] TUN->SSH: 52 байт
2026-04-07 14:13:58,630 [DEBUG] SSH->TUN: 144 байт
2026-04-07 14:13:58,630 [DEBUG] TUN->SSH: 52 байт
2026-04-07 14:13:58,631 [DEBUG] TUN->SSH: 52 байт
2026-04-07 14:13:58,631 [DEBUG] TUN->SSH: 60 байт
2026-04-07 14:13:58,695 [DEBUG] SSH->TUN: 112 байт
2026-04-07 14:13:58,695 [DEBUG] TUN->SSH: 52 байт
2026-04-07 14:13:58,758 [DEBUG] TUN->SSH: 52 байт
2026-04-07 14:13:58,758 [DEBUG] SSH->TUN: 355 байт
2026-04-07 14:13:58,784 [DEBUG] SSH->TUN: 125 байт
2026-04-07 14:13:58,784 [DEBUG] TUN->SSH: 52 байт
2026-04-07 14:13:58,784 [DEBUG] TUN->SSH: 111 байт
2026-04-07 14:13:58,859 [DEBUG] SSH->TUN: 52 байт
2026-04-07 14:13:58,908 [DEBUG] SSH->TUN: 112 байт
2026-04-07 14:13:58,949 [DEBUG] TUN->SSH: 52 байт
2026-04-07 14:13:59,673 [DEBUG] TUN->SSH: 60 байт
2026-04-07 14:13:59,719 [DEBUG] SSH->TUN: 60 байт
2026-04-07 14:13:59,720 [DEBUG] TUN->SSH: 52 байт
2026-04-07 14:13:59,720 [DEBUG] TUN->SSH: 144 байт
2026-04-07 14:13:59,890 [DEBUG] SSH->TUN: 196 байт
2026-04-07 14:14:00,196 [DEBUG] TUN->SSH: 52 байт
2026-04-07 14:14:00,456 [DEBUG] TUN->SSH: 52 байт
2026-04-07 14:14:00,462 [DEBUG] SSH->TUN: 144 байт
2026-04-07 14:14:00,463 [DEBUG] TUN->SSH: 52 байт
2026-04-07 14:14:00,463 [DEBUG] TUN->SSH: 52 байт
2026-04-07 14:14:00,463 [DEBUG] TUN->SSH: 60 байт
2026-04-07 14:14:00,511 [DEBUG] TUN->SSH: 64 байт
2026-04-07 14:14:00,512 [DEBUG] SSH->TUN: 112 байт
2026-04-07 14:14:00,512 [DEBUG] TUN->SSH: 52 байт
2026-04-07 14:14:00,712 [DEBUG] TUN->SSH: 52 байт
2026-04-07 14:14:01,272 [DEBUG] TUN->SSH: 52 байт
2026-04-07 14:14:01,464 [DEBUG] TUN->SSH: 60 байт
2026-04-07 14:14:01,520 [DEBUG] SSH->TUN: 60 байт
2026-04-07 14:14:01,520 [DEBUG] TUN->SSH: 52 байт
2026-04-07 14:14:01,520 [DEBUG] TUN->SSH: 144 байт
2026-04-07 14:14:01,565 [DEBUG] SSH->TUN: 196 байт
2026-04-07 14:14:01,911 [DEBUG] SSH->TUN: 144 байт
2026-04-07 14:14:01,912 [DEBUG] TUN->SSH: 52 байт
2026-04-07 14:14:01,912 [DEBUG] TUN->SSH: 52 байт
2026-04-07 14:14:01,963 [DEBUG] SSH->TUN: 52 байт
2026-04-07 14:14:01,963 [DEBUG] TUN->SSH: 52 байт
2026-04-07 14:14:02,296 [DEBUG] TUN->SSH: 52 байт
2026-04-07 14:14:02,744 [DEBUG] TUN->SSH: 52 байт
2026-04-07 14:14:04,344 [DEBUG] TUN->SSH: 52 байт
2026-04-07 14:14:04,991 [DEBUG] TUN->SSH: 64 байт
2026-04-07 14:14:06,051 [DEBUG] TUN->SSH: 413 байт
2026-04-07 14:14:06,123 [DEBUG] SSH->TUN: 205 байт
2026-04-07 14:14:06,123 [DEBUG] TUN->SSH: 52 байт
2026-04-07 14:14:06,196 [DEBUG] SSH->TUN: 157 байт
2026-04-07 14:14:06,197 [DEBUG] TUN->SSH: 52 байт
2026-04-07 14:14:08,365 [DEBUG] SSH->TUN: 592 байт
2026-04-07 14:14:08,365 [DEBUG] TUN->SSH: 52 байт
2026-04-07 14:14:08,888 [DEBUG] TUN->SSH: 52 байт
2026-04-07 14:14:08,952 [DEBUG] TUN->SSH: 52 байт
2026-04-07 14:14:09,019 [DEBUG] SSH->TUN: 52 байт
2026-04-07 14:14:09,036 [DEBUG] SSH->TUN: 52 байт
2026-04-07 14:14:09,036 [DEBUG] TUN->SSH: 52 байт
2026-04-07 14:14:09,416 [DEBUG] TUN->SSH: 365 байт
2026-04-07 14:14:09,523 [DEBUG] SSH->TUN: 52 байт
2026-04-07 14:14:09,542 [DEBUG] SSH->TUN: 608 байт
2026-04-07 14:14:09,542 [DEBUG] TUN->SSH: 52 байт
2026-04-07 14:14:11,025 [DEBUG] SSH->TUN: 429 байт
2026-04-07 14:14:11,025 [DEBUG] TUN->SSH: 52 байт
2026-04-07 14:14:11,588 [DEBUG] TUN->SSH: 60 байт
2026-04-07 14:14:11,607 [DEBUG] SSH->TUN: 253 байт
2026-04-07 14:14:11,607 [DEBUG] TUN->SSH: 52 байт
2026-04-07 14:14:11,649 [DEBUG] SSH->TUN: 60 байт
2026-04-07 14:14:11,650 [DEBUG] TUN->SSH: 52 байт
2026-04-07 14:14:11,650 [DEBUG] TUN->SSH: 120 байт
2026-04-07 14:14:11,772 [DEBUG] SSH->TUN: 576 байт
2026-04-07 14:14:11,845 [DEBUG] TUN->SSH: 52 байт
2026-04-07 14:14:11,846 [DEBUG] SSH->TUN: 310 байт
2026-04-07 14:14:11,846 [DEBUG] TUN->SSH: 64 байт
2026-04-07 14:14:12,125 [DEBUG] TUN->SSH: 60 байт
2026-04-07 14:14:12,134 [DEBUG] TUN->SSH: 60 байт
2026-04-07 14:14:12,135 [DEBUG] SSH->TUN: 214 байт
2026-04-07 14:14:12,135 [DEBUG] TUN->SSH: 52 байт
2026-04-07 14:14:12,136 [DEBUG] TUN->SSH: 52 байт
2026-04-07 14:14:12,241 [DEBUG] SSH->TUN: 60 байт
2026-04-07 14:14:12,242 [DEBUG] TUN->SSH: 52 байт
2026-04-07 14:14:12,242 [DEBUG] TUN->SSH: 134 байт
2026-04-07 14:14:12,287 [DEBUG] SSH->TUN: 112 байт
2026-04-07 14:14:12,288 [DEBUG] TUN->SSH: 52 байт
2026-04-07 14:14:12,288 [DEBUG] TUN->SSH: 164 байт
2026-04-07 14:14:12,294 [DEBUG] SSH->TUN: 52 байт
2026-04-07 14:14:12,329 [DEBUG] SSH->TUN: 274 байт
2026-04-07 14:14:12,330 [DEBUG] TUN->SSH: 52 байт
2026-04-07 14:14:12,337 [DEBUG] SSH->TUN: 356 байт
2026-04-07 14:14:12,364 [DEBUG] SSH->TUN: 672 байт
2026-04-07 14:14:12,365 [DEBUG] TUN->SSH: 52 байт
2026-04-07 14:14:12,409 [DEBUG] TUN->SSH: 52 байт
2026-04-07 14:14:12,457 [DEBUG] SSH->TUN: 64 байт
2026-04-07 14:14:12,511 [DEBUG] SSH->TUN: 52 байт
2026-04-07 14:14:12,511 [DEBUG] TUN->SSH: 52 байт
2026-04-07 14:14:12,542 [DEBUG] SSH->TUN: 164 байт
2026-04-07 14:14:12,543 [DEBUG] TUN->SSH: 64 байт
2026-04-07 14:14:12,648 [DEBUG] SSH->TUN: 149 байт
2026-04-07 14:14:12,649 [DEBUG] TUN->SSH: 52 байт
2026-04-07 14:14:12,649 [DEBUG] TUN->SSH: 52 байт
2026-04-07 14:14:12,694 [DEBUG] SSH->TUN: 52 байт
2026-04-07 14:14:12,695 [DEBUG] TUN->SSH: 52 байт
2026-04-07 14:14:12,722 [DEBUG] TUN->SSH: 64 байт
2026-04-07 14:14:12,722 [DEBUG] TUN->SSH: 64 байт
2026-04-07 14:14:12,841 [DEBUG] SSH->TUN: 140 байт
2026-04-07 14:14:12,842 [DEBUG] TUN->SSH: 52 байт
2026-04-07 14:14:12,842 [DEBUG] TUN->SSH: 52 байт
2026-04-07 14:14:12,896 [DEBUG] SSH->TUN: 52 байт
2026-04-07 14:14:12,896 [DEBUG] TUN->SSH: 52 байт
2026-04-07 14:14:12,959 [DEBUG] TUN->SSH: 60 байт
2026-04-07 14:14:12,970 [DEBUG] TUN->SSH: 60 байт
2026-04-07 14:14:13,008 [DEBUG] SSH->TUN: 60 байт
2026-04-07 14:14:13,009 [DEBUG] TUN->SSH: 52 байт
2026-04-07 14:14:13,009 [DEBUG] TUN->SSH: 92 байт
2026-04-07 14:14:13,020 [DEBUG] SSH->TUN: 60 байт
2026-04-07 14:14:13,020 [DEBUG] TUN->SSH: 52 байт
2026-04-07 14:14:13,021 [DEBUG] TUN->SSH: 154 байт
2026-04-07 14:14:13,054 [DEBUG] SSH->TUN: 52 байт
2026-04-07 14:14:13,072 [DEBUG] SSH->TUN: 108 байт
2026-04-07 14:14:13,072 [DEBUG] TUN->SSH: 52 байт
2026-04-07 14:14:13,073 [DEBUG] TUN->SSH: 52 байт
2026-04-07 14:14:13,106 [DEBUG] SSH->TUN: 333 байт
2026-04-07 14:14:13,125 [DEBUG] TUN->SSH: 52 байт
2026-04-07 14:14:13,125 [DEBUG] SSH->TUN: 52 байт
2026-04-07 14:14:13,188 [DEBUG] SSH->TUN: 119 байт
2026-04-07 14:14:13,188 [DEBUG] TUN->SSH: 64 байт
2026-04-07 14:14:13,318 [DEBUG] TUN->SSH: 64 байт
2026-04-07 14:14:13,391 [DEBUG] TUN->SSH: 60 байт
2026-04-07 14:14:13,392 [DEBUG] TUN->SSH: 60 байт
2026-04-07 14:14:13,404 [DEBUG] TUN->SSH: 60 байт
2026-04-07 14:14:13,436 [DEBUG] SSH->TUN: 120 байт
2026-04-07 14:14:13,436 [DEBUG] TUN->SSH: 52 байт
2026-04-07 14:14:13,437 [DEBUG] TUN->SSH: 86 байт
2026-04-07 14:14:13,450 [DEBUG] SSH->TUN: 60 байт
2026-04-07 14:14:13,450 [DEBUG] TUN->SSH: 52 байт
2026-04-07 14:14:13,451 [DEBUG] TUN->SSH: 89 байт
2026-04-07 14:14:13,482 [DEBUG] SSH->TUN: 214 байт
2026-04-07 14:14:13,482 [DEBUG] TUN->SSH: 52 байт
2026-04-07 14:14:13,482 [DEBUG] TUN->SSH: 52 байт
2026-04-07 14:14:13,483 [DEBUG] TUN->SSH: 60 байт
2026-04-07 14:14:13,491 [DEBUG] SSH->TUN: 134 байт
2026-04-07 14:14:13,492 [DEBUG] TUN->SSH: 52 байт
2026-04-07 14:14:13,492 [DEBUG] TUN->SSH: 52 байт
2026-04-07 14:14:13,493 [DEBUG] TUN->SSH: 60 байт
2026-04-07 14:14:13,534 [DEBUG] SSH->TUN: 209 байт
2026-04-07 14:14:13,543 [DEBUG] TUN->SSH: 52 байт
2026-04-07 14:14:13,543 [DEBUG] SSH->TUN: 52 байт
2026-04-07 14:14:13,662 [DEBUG] TUN->SSH: 64 байт
2026-04-07 14:14:13,733 [DEBUG] TUN->SSH: 60 байт
2026-04-07 14:14:13,742 [DEBUG] SSH->TUN: 120 байт
2026-04-07 14:14:13,742 [DEBUG] TUN->SSH: 52 байт
2026-04-07 14:14:13,742 [DEBUG] TUN->SSH: 120 байт
2026-04-07 14:14:13,745 [DEBUG] TUN->SSH: 52 байт
2026-04-07 14:14:13,791 [DEBUG] SSH->TUN: 157 байт
2026-04-07 14:14:13,791 [DEBUG] TUN->SSH: 52 байт
2026-04-07 14:14:13,792 [DEBUG] TUN->SSH: 52 байт
2026-04-07 14:14:13,849 [DEBUG] SSH->TUN: 420 байт
2026-04-07 14:14:13,872 [DEBUG] TUN->SSH: 60 байт
2026-04-07 14:14:13,944 [DEBUG] TUN->SSH: 60 байт
2026-04-07 14:14:13,976 [DEBUG] TUN->SSH: 52 байт
2026-04-07 14:14:13,976 [DEBUG] SSH->TUN: 681 байт
2026-04-07 14:14:13,996 [DEBUG] SSH->TUN: 60 байт
2026-04-07 14:14:13,997 [DEBUG] TUN->SSH: 52 байт
2026-04-07 14:14:13,997 [DEBUG] TUN->SSH: 122 байт
2026-04-07 14:14:14,008 [DEBUG] TUN->SSH: 52 байт
2026-04-07 14:14:14,048 [DEBUG] SSH->TUN: 187 байт
2026-04-07 14:14:14,097 [DEBUG] SSH->TUN: 287 байт
2026-04-07 14:14:14,098 [DEBUG] TUN->SSH: 64 байт
2026-04-07 14:14:14,156 [DEBUG] SSH->TUN: 135 байт
2026-04-07 14:14:14,156 [DEBUG] TUN->SSH: 52 байт
2026-04-07 14:14:14,156 [DEBUG] TUN->SSH: 52 байт
2026-04-07 14:14:14,209 [DEBUG] TUN->SSH: 52 байт
2026-04-07 14:14:14,209 [DEBUG] SSH->TUN: 52 байт
2026-04-07 14:14:14,274 [DEBUG] SSH->TUN: 509 байт
2026-04-07 14:14:14,275 [DEBUG] TUN->SSH: 52 байт
2026-04-07 14:14:14,294 [DEBUG] SSH->TUN: 134 байт
2026-04-07 14:14:14,295 [DEBUG] TUN->SSH: 64 байт
2026-04-07 14:14:14,392 [DEBUG] TUN->SSH: 60 байт
2026-04-07 14:14:14,438 [DEBUG] SSH->TUN: 60 байт
2026-04-07 14:14:14,438 [DEBUG] TUN->SSH: 52 байт
2026-04-07 14:14:14,439 [DEBUG] TUN->SSH: 86 байт
2026-04-07 14:14:14,484 [DEBUG] SSH->TUN: 52 байт
2026-04-07 14:14:14,498 [DEBUG] SSH->TUN: 131 байт
2026-04-07 14:14:14,498 [DEBUG] TUN->SSH: 52 байт
2026-04-07 14:14:14,499 [DEBUG] TUN->SSH: 52 байт
2026-04-07 14:14:14,520 [DEBUG] TUN->SSH: 60 байт
2026-04-07 14:14:14,549 [DEBUG] SSH->TUN: 52 байт
2026-04-07 14:14:14,550 [DEBUG] TUN->SSH: 52 байт
2026-04-07 14:14:14,573 [DEBUG] SSH->TUN: 52 байт
2026-04-07 14:14:14,573 [DEBUG] TUN->SSH: 52 байт
2026-04-07 14:14:14,776 [DEBUG] TUN->SSH: 60 байт
2026-04-07 14:14:14,781 [DEBUG] SSH->TUN: 60 байт
2026-04-07 14:14:14,781 [DEBUG] TUN->SSH: 52 байт
2026-04-07 14:14:14,781 [DEBUG] TUN->SSH: 1280 байт
2026-04-07 14:14:14,781 [DEBUG] TUN->SSH: 597 байт
2026-04-07 14:14:14,904 [DEBUG] TUN->SSH: 60 байт
2026-04-07 14:14:14,950 [DEBUG] SSH->TUN: 60 байт
2026-04-07 14:14:14,950 [DEBUG] TUN->SSH: 52 байт
2026-04-07 14:14:14,951 [DEBUG] TUN->SSH: 144 байт
2026-04-07 14:14:14,982 [DEBUG] SSH->TUN: 60 байт
2026-04-07 14:14:14,983 [DEBUG] TUN->SSH: 52 байт
2026-04-07 14:14:14,983 [DEBUG] TUN->SSH: 1280 байт
2026-04-07 14:14:14,983 [DEBUG] TUN->SSH: 565 байт
2026-04-07 14:14:15,008 [DEBUG] SSH->TUN: 104 байт
2026-04-07 14:14:15,155 [DEBUG] SSH->TUN: 3283 байт
2026-04-07 14:14:15,155 [DEBUG] TUN->SSH: 52 байт
2026-04-07 14:14:15,207 [DEBUG] SSH->TUN: 104 байт
2026-04-07 14:14:15,259 [DEBUG] SSH->TUN: 2622 байт
2026-04-07 14:14:15,260 [DEBUG] TUN->SSH: 52 байт
2026-04-07 14:14:15,351 [DEBUG] SSH->TUN: 232 байт
2026-04-07 14:14:15,351 [DEBUG] TUN->SSH: 52 байт
2026-04-07 14:14:15,351 [DEBUG] TUN->SSH: 52 байт
2026-04-07 14:14:15,411 [DEBUG] SSH->TUN: 52 байт
2026-04-07 14:14:15,411 [DEBUG] TUN->SSH: 52 байт
2026-04-07 14:14:15,511 [DEBUG] TUN->SSH: 64 байт
2026-04-07 14:14:16,062 [DEBUG] TUN->SSH: 60 байт
2026-04-07 14:14:16,176 [DEBUG] SSH->TUN: 125 байт
2026-04-07 14:14:16,176 [DEBUG] TUN->SSH: 64 байт
2026-04-07 14:14:16,220 [DEBUG] SSH->TUN: 60 байт
2026-04-07 14:14:16,221 [DEBUG] TUN->SSH: 52 байт
2026-04-07 14:14:16,221 [DEBUG] TUN->SSH: 120 байт
2026-04-07 14:14:16,275 [DEBUG] SSH->TUN: 154 байт
2026-04-07 14:14:16,318 [DEBUG] SSH->TUN: 148 байт
2026-04-07 14:14:16,318 [DEBUG] TUN->SSH: 64 байт
2026-04-07 14:14:16,368 [DEBUG] SSH->TUN: 173 байт
2026-04-07 14:14:16,368 [DEBUG] TUN->SSH: 52 байт
2026-04-07 14:14:16,377 [DEBUG] SSH->TUN: 1280 байт
2026-04-07 14:14:16,377 [DEBUG] TUN->SSH: 52 байт
2026-04-07 14:14:16,379 [DEBUG] TUN->SSH: 116 байт
2026-04-07 14:14:16,379 [DEBUG] TUN->SSH: 975 байт
2026-04-07 14:14:16,409 [DEBUG] SSH->TUN: 102 байт
2026-04-07 14:14:16,409 [DEBUG] TUN->SSH: 52 байт
2026-04-07 14:14:16,410 [DEBUG] TUN->SSH: 52 байт
2026-04-07 14:14:16,410 [DEBUG] TUN->SSH: 60 байт
2026-04-07 14:14:16,443 [DEBUG] SSH->TUN: 173 байт
2026-04-07 14:14:16,443 [DEBUG] TUN->SSH: 52 байт
2026-04-07 14:14:16,458 [DEBUG] TUN->SSH: 60 байт
2026-04-07 14:14:16,462 [DEBUG] SSH->TUN: 52 байт
2026-04-07 14:14:16,463 [DEBUG] TUN->SSH: 52 байт
2026-04-07 14:14:16,471 [DEBUG] SSH->TUN: 60 байт
2026-04-07 14:14:16,471 [DEBUG] TUN->SSH: 52 байт
2026-04-07 14:14:16,472 [DEBUG] TUN->SSH: 1280 байт
2026-04-07 14:14:16,472 [DEBUG] TUN->SSH: 915 байт
2026-04-07 14:14:16,507 [DEBUG] SSH->TUN: 60 байт
2026-04-07 14:14:16,508 [DEBUG] TUN->SSH: 52 байт
2026-04-07 14:14:16,508 [DEBUG] TUN->SSH: 138 байт
2026-04-07 14:14:16,534 [DEBUG] SSH->TUN: 104 байт
2026-04-07 14:14:16,562 [DEBUG] SSH->TUN: 342 байт
2026-04-07 14:14:16,563 [DEBUG] TUN->SSH: 52 байт
2026-04-07 14:14:16,563 [DEBUG] TUN->SSH: 116 байт
2026-04-07 14:14:16,563 [DEBUG] TUN->SSH: 144 байт
2026-04-07 14:14:16,564 [DEBUG] TUN->SSH: 936 байт
2026-04-07 14:14:16,564 [DEBUG] TUN->SSH: 685 байт
2026-04-07 14:14:16,589 [DEBUG] SSH->TUN: 591 байт
2026-04-07 14:14:16,589 [DEBUG] TUN->SSH: 52 байт
2026-04-07 14:14:16,607 [DEBUG] SSH->TUN: 511 байт
2026-04-07 14:14:16,608 [DEBUG] TUN->SSH: 64 байт
2026-04-07 14:14:16,621 [DEBUG] SSH->TUN: 52 байт
2026-04-07 14:14:16,631 [DEBUG] SSH->TUN: 432 байт
2026-04-07 14:14:16,631 [DEBUG] TUN->SSH: 83 байт
2026-04-07 14:14:16,733 [DEBUG] SSH->TUN: 52 байт
2026-04-07 14:14:16,767 [DEBUG] SSH->TUN: 364 байт
2026-04-07 14:14:16,768 [DEBUG] TUN->SSH: 64 байт
2026-04-07 14:14:16,778 [DEBUG] SSH->TUN: 1280 байт
2026-04-07 14:14:16,779 [DEBUG] TUN->SSH: 52 байт
2026-04-07 14:14:16,824 [DEBUG] SSH->TUN: 87 байт
2026-04-07 14:14:16,825 [DEBUG] TUN->SSH: 52 байт
2026-04-07 14:14:16,893 [DEBUG] SSH->TUN: 131 байт
2026-04-07 14:14:16,894 [DEBUG] TUN->SSH: 52 байт
2026-04-07 14:14:16,898 [DEBUG] SSH->TUN: 254 байт
2026-04-07 14:14:16,899 [DEBUG] TUN->SSH: 52 байт
2026-04-07 14:14:16,899 [DEBUG] TUN->SSH: 52 байт
2026-04-07 14:14:16,942 [DEBUG] SSH->TUN: 52 байт
2026-04-07 14:14:16,943 [DEBUG] TUN->SSH: 52 байт
2026-04-07 14:14:16,985 [DEBUG] SSH->TUN: 63 байт
2026-04-07 14:14:16,985 [DEBUG] TUN->SSH: 52 байт
2026-04-07 14:14:16,985 [DEBUG] TUN->SSH: 116 байт
2026-04-07 14:14:17,080 [DEBUG] TUN->SSH: 291 байт
2026-04-07 14:14:17,080 [DEBUG] TUN->SSH: 52 байт
2026-04-07 14:14:17,094 [DEBUG] SSH->TUN: 276 байт
2026-04-07 14:14:17,095 [DEBUG] TUN->SSH: 1035 байт
2026-04-07 14:14:17,095 [DEBUG] TUN->SSH: 52 байт
2026-04-07 14:14:17,200 [DEBUG] SSH->TUN: 262 байт
2026-04-07 14:14:17,240 [DEBUG] TUN->SSH: 52 байт
2026-04-07 14:14:17,295 [DEBUG] SSH->TUN: 52 байт
2026-04-07 14:14:17,299 [DEBUG] SSH->TUN: 379 байт
2026-04-07 14:14:17,300 [DEBUG] TUN->SSH: 64 байт
2026-04-07 14:14:17,580 [DEBUG] SSH->TUN: 131 байт
2026-04-07 14:14:17,581 [DEBUG] TUN->SSH: 52 байт
2026-04-07 14:14:17,582 [DEBUG] TUN->SSH: 52 байт
2026-04-07 14:14:17,586 [DEBUG] TUN->SSH: 333 байт
2026-04-07 14:14:17,654 [DEBUG] SSH->TUN: 52 байт
2026-04-07 14:14:17,894 [DEBUG] SSH->TUN: 128 байт
2026-04-07 14:14:17,894 [DEBUG] TUN->SSH: 40 байт
2026-04-07 14:14:17,947 [DEBUG] SSH->TUN: 445 байт
2026-04-07 14:14:17,948 [DEBUG] TUN->SSH: 52 байт
2026-04-07 14:14:18,398 [DEBUG] SSH->TUN: 173 байт
2026-04-07 14:14:18,398 [DEBUG] TUN->SSH: 52 байт
2026-04-07 14:14:19,020 [DEBUG] TUN->SSH: 64 байт
2026-04-07 14:14:19,064 [DEBUG] TUN->SSH: 173 байт
2026-04-07 14:14:19,074 [DEBUG] TUN->SSH: 237 байт
2026-04-07 14:14:19,085 [DEBUG] TUN->SSH: 365 байт
2026-04-07 14:14:19,104 [DEBUG] SSH->TUN: 52 байт
2026-04-07 14:14:19,104 [DEBUG] TUN->SSH: 52 байт
2026-04-07 14:14:19,128 [DEBUG] SSH->TUN: 52 байт
2026-04-07 14:14:19,129 [DEBUG] TUN->SSH: 52 байт
2026-04-07 14:14:19,133 [DEBUG] SSH->TUN: 141 байт
2026-04-07 14:14:19,134 [DEBUG] TUN->SSH: 52 байт
2026-04-07 14:14:19,149 [DEBUG] SSH->TUN: 193 байт
2026-04-07 14:14:19,175 [DEBUG] SSH->TUN: 193 байт
2026-04-07 14:14:19,194 [DEBUG] SSH->TUN: 52 байт
2026-04-07 14:14:19,494 [DEBUG] TUN->SSH: 60 байт
2026-04-07 14:14:19,502 [DEBUG] SSH->TUN: 282 байт
2026-04-07 14:14:19,526 [DEBUG] TUN->SSH: 157 байт
2026-04-07 14:14:19,543 [DEBUG] TUN->SSH: 52 байт
2026-04-07 14:14:19,600 [DEBUG] SSH->TUN: 60 байт
2026-04-07 14:14:19,601 [DEBUG] TUN->SSH: 52 байт
2026-04-07 14:14:19,601 [DEBUG] TUN->SSH: 120 байт
2026-04-07 14:14:19,618 [DEBUG] SSH->TUN: 52 байт
2026-04-07 14:14:19,644 [DEBUG] SSH->TUN: 170 байт
2026-04-07 14:14:19,645 [DEBUG] TUN->SSH: 52 байт
2026-04-07 14:14:19,645 [DEBUG] TUN->SSH: 52 байт
2026-04-07 14:14:19,653 [DEBUG] SSH->TUN: 52 байт
2026-04-07 14:14:19,660 [DEBUG] SSH->TUN: 304 байт
2026-04-07 14:14:19,660 [DEBUG] TUN->SSH: 52 байт
2026-04-07 14:14:19,695 [DEBUG] SSH->TUN: 52 байт
2026-04-07 14:14:19,696 [DEBUG] TUN->SSH: 52 байт
2026-04-07 14:14:19,747 [DEBUG] SSH->TUN: 141 байт
2026-04-07 14:14:19,747 [DEBUG] TUN->SSH: 52 байт
2026-04-07 14:14:20,037 [DEBUG] SSH->TUN: 134 байт
2026-04-07 14:14:20,037 [DEBUG] TUN->SSH: 52 байт
2026-04-07 14:14:20,038 [DEBUG] TUN->SSH: 52 байт
2026-04-07 14:14:20,091 [DEBUG] SSH->TUN: 52 байт
2026-04-07 14:14:20,092 [DEBUG] TUN->SSH: 52 байт
2026-04-07 14:14:21,478 [DEBUG] SSH->TUN: 493 байт
2026-04-07 14:14:21,479 [DEBUG] TUN->SSH: 52 байт
2026-04-07 14:14:23,915 [DEBUG] TUN->SSH: 60 байт
2026-04-07 14:14:23,966 [DEBUG] SSH->TUN: 60 байт
2026-04-07 14:14:23,966 [DEBUG] TUN->SSH: 52 байт
2026-04-07 14:14:23,966 [DEBUG] TUN->SSH: 150 байт
2026-04-07 14:14:24,018 [DEBUG] SSH->TUN: 518 байт
2026-04-07 14:14:24,113 [DEBUG] SSH->TUN: 197 байт
2026-04-07 14:14:24,114 [DEBUG] TUN->SSH: 64 байт
2026-04-07 14:14:24,166 [DEBUG] SSH->TUN: 269 байт
2026-04-07 14:14:24,167 [DEBUG] TUN->SSH: 52 байт
2026-04-07 14:14:24,167 [DEBUG] TUN->SSH: 52 байт
2026-04-07 14:14:24,213 [DEBUG] SSH->TUN: 52 байт
2026-04-07 14:14:24,214 [DEBUG] TUN->SSH: 52 байт
2026-04-07 14:14:24,750 [DEBUG] SSH->TUN: 173 байт
2026-04-07 14:14:24,750 [DEBUG] TUN->SSH: 52 байт
2026-04-07 14:14:25,979 [DEBUG] TUN->SSH: 64 байт
2026-04-07 14:14:27,101 [DEBUG] SSH->TUN: 493 байт
2026-04-07 14:14:27,102 [DEBUG] TUN->SSH: 52 байт
2026-04-07 14:14:27,410 [DEBUG] SSH->TUN: 489 байт
2026-04-07 14:14:27,410 [DEBUG] TUN->SSH: 52 байт
2026-04-07 14:14:27,412 [DEBUG] TUN->SSH: 60 байт
2026-04-07 14:14:27,472 [DEBUG] SSH->TUN: 60 байт
2026-04-07 14:14:27,472 [DEBUG] TUN->SSH: 52 байт
2026-04-07 14:14:27,473 [DEBUG] TUN->SSH: 1280 байт
2026-04-07 14:14:27,473 [DEBUG] TUN->SSH: 751 байт
2026-04-07 14:14:27,532 [DEBUG] SSH->TUN: 104 байт
2026-04-07 14:14:27,543 [DEBUG] SSH->TUN: 1152 байт
2026-04-07 14:14:27,543 [DEBUG] TUN->SSH: 52 байт
2026-04-07 14:14:27,575 [DEBUG] SSH->TUN: 4512 байт
2026-04-07 14:14:27,576 [DEBUG] TUN->SSH: 64 байт
2026-04-07 14:14:27,608 [DEBUG] SSH->TUN: 576 байт
2026-04-07 14:14:27,609 [DEBUG] TUN->SSH: 72 байт
2026-04-07 14:14:27,614 [DEBUG] SSH->TUN: 87 байт
2026-04-07 14:14:27,615 [DEBUG] TUN->SSH: 72 байт
2026-04-07 14:14:27,683 [INFO] Останавливаю туннель...
2026-04-07 14:14:27,686 [DEBUG] Восстановлен: default via 192.168.5.1 dev wlp0s20f3
2026-04-07 14:14:27,686 [INFO] Маршруты восстановлены
2026-04-07 14:14:27,700 [INFO] Интерфейс strans-tun0 удалён
2026-04-07 14:14:27,700 [INFO] Остановлено
2026-04-07 14:14:27,700 [DEBUG] TUN->SSH: отменён
2026-04-07 14:14:27,700 [DEBUG] SSH->TUN: отменён
