2026-04-07 21:03:59,712 [INFO] === Запуск клиента ===
2026-04-07 21:03:59,712 [INFO] Лог файл: logs/client_20260407_210359.log
2026-04-07 21:03:59,713 [INFO] Подключаюсь к 217.154.79.223:22 как 'alice'
2026-04-07 21:03:59,713 [INFO] Новый сервер [217.154.79.223]:22 — первое подключение без проверки ключа
2026-04-07 21:04:00,038 [DEBUG] server_host_key: None
2026-04-07 21:04:00,038 [WARNING] server_host_key вернул None — пробуем peer_cert
2026-04-07 21:04:00,039 [DEBUG] peer_cert: None
2026-04-07 21:04:00,039 [WARNING] Не удалось получить ключ сервера через get_extra_info
2026-04-07 21:04:00,039 [INFO] SSH соединение установлено
2026-04-07 21:04:00,114 [INFO] PUSH_REPLY: client_ip=198.19.0.4 server_ip=198.19.0.1 mtu=1280 stealth=0
2026-04-07 21:04:00,124 [INFO] Интерфейс strans-tun0:
65: strans-tun0: <POINTOPOINT,MULTICAST,NOARP,UP,LOWER_UP> mtu 1280 qdisc fq_codel state UP group default qlen 500
    link/none 
    inet 198.19.0.4 peer 198.19.0.1/32 scope global strans-tun0
       valid_lft forever preferred_lft forever
2026-04-07 21:04:00,193 [INFO] SSH tunnel канал открыт
2026-04-07 21:04:00,195 [INFO] Маршрут к серверу: 217.154.79.223 via 192.168.5.1 dev wlp0s20f3
2026-04-07 21:04:00,199 [INFO] Весь трафик через strans-tun0
2026-04-07 21:04:00,199 [INFO] Туннель активен.
2026-04-07 21:04:00,199 [INFO] Форвардинг запущен [stealth=0]
2026-04-07 21:04:00,504 [DEBUG] TUN->SSH: 88 байт
2026-04-07 21:04:00,561 [DEBUG] SSH->TUN: 40 байт
2026-04-07 21:04:00,563 [DEBUG] TUN->SSH: 60 байт
2026-04-07 21:04:00,563 [DEBUG] TUN->SSH: 60 байт
2026-04-07 21:04:00,612 [DEBUG] SSH->TUN: 60 байт
2026-04-07 21:04:00,612 [DEBUG] TUN->SSH: 52 байт
2026-04-07 21:04:00,612 [DEBUG] TUN->SSH: 309 байт
2026-04-07 21:04:00,618 [DEBUG] SSH->TUN: 60 байт
2026-04-07 21:04:00,619 [DEBUG] TUN->SSH: 52 байт
2026-04-07 21:04:00,619 [DEBUG] TUN->SSH: 482 байт
2026-04-07 21:04:00,670 [DEBUG] SSH->TUN: 193 байт
2026-04-07 21:04:00,670 [DEBUG] TUN->SSH: 52 байт
2026-04-07 21:04:00,670 [DEBUG] TUN->SSH: 52 байт
2026-04-07 21:04:00,671 [DEBUG] TUN->SSH: 365 байт
2026-04-07 21:04:00,673 [DEBUG] SSH->TUN: 315 байт
2026-04-07 21:04:00,674 [DEBUG] TUN->SSH: 40 байт
2026-04-07 21:04:00,721 [DEBUG] SSH->TUN: 1280 байт
2026-04-07 21:04:00,722 [DEBUG] SSH->TUN: 1280 байт
2026-04-07 21:04:00,722 [DEBUG] TUN->SSH: 52 байт
2026-04-07 21:04:00,723 [DEBUG] SSH->TUN: 1280 байт
2026-04-07 21:04:00,724 [DEBUG] SSH->TUN: 1280 байт
2026-04-07 21:04:00,724 [DEBUG] TUN->SSH: 52 байт
2026-04-07 21:04:00,724 [DEBUG] SSH->TUN: 1069 байт
2026-04-07 21:04:00,727 [DEBUG] TUN->SSH: 269 байт
2026-04-07 21:04:00,756 [DEBUG] SSH->TUN: 52 байт
2026-04-07 21:04:00,757 [DEBUG] TUN->SSH: 40 байт
2026-04-07 21:04:00,822 [DEBUG] SSH->TUN: 52 байт
2026-04-07 21:04:00,824 [DEBUG] SSH->TUN: 736 байт
2026-04-07 21:04:00,825 [DEBUG] TUN->SSH: 60 байт
2026-04-07 21:04:00,826 [DEBUG] TUN->SSH: 60 байт
2026-04-07 21:04:00,826 [DEBUG] TUN->SSH: 60 байт
2026-04-07 21:04:00,826 [DEBUG] TUN->SSH: 60 байт
2026-04-07 21:04:00,827 [DEBUG] TUN->SSH: 60 байт
2026-04-07 21:04:00,827 [DEBUG] TUN->SSH: 60 байт
2026-04-07 21:04:00,865 [DEBUG] TUN->SSH: 52 байт
2026-04-07 21:04:00,878 [DEBUG] SSH->TUN: 60 байт
2026-04-07 21:04:00,878 [DEBUG] TUN->SSH: 52 байт
2026-04-07 21:04:00,878 [DEBUG] SSH->TUN: 60 байт
2026-04-07 21:04:00,879 [DEBUG] TUN->SSH: 446 байт
2026-04-07 21:04:00,879 [DEBUG] SSH->TUN: 60 байт
2026-04-07 21:04:00,880 [DEBUG] TUN->SSH: 52 байт
2026-04-07 21:04:00,880 [DEBUG] SSH->TUN: 60 байт
2026-04-07 21:04:00,880 [DEBUG] TUN->SSH: 325 байт
2026-04-07 21:04:00,881 [DEBUG] TUN->SSH: 52 байт
2026-04-07 21:04:00,881 [DEBUG] SSH->TUN: 60 байт
2026-04-07 21:04:00,881 [DEBUG] TUN->SSH: 337 байт
2026-04-07 21:04:00,881 [DEBUG] SSH->TUN: 60 байт
2026-04-07 21:04:00,882 [DEBUG] TUN->SSH: 52 байт
2026-04-07 21:04:00,882 [DEBUG] TUN->SSH: 269 байт
2026-04-07 21:04:00,882 [DEBUG] TUN->SSH: 52 байт
2026-04-07 21:04:00,883 [DEBUG] TUN->SSH: 534 байт
2026-04-07 21:04:00,883 [DEBUG] TUN->SSH: 52 байт
2026-04-07 21:04:00,883 [DEBUG] TUN->SSH: 381 байт
2026-04-07 21:04:00,927 [DEBUG] SSH->TUN: 383 байт
2026-04-07 21:04:00,928 [DEBUG] TUN->SSH: 52 байт
2026-04-07 21:04:00,930 [DEBUG] SSH->TUN: 229 байт
2026-04-07 21:04:00,931 [DEBUG] TUN->SSH: 52 байт
2026-04-07 21:04:00,931 [DEBUG] TUN->SSH: 52 байт
2026-04-07 21:04:00,931 [DEBUG] TUN->SSH: 253 байт
2026-04-07 21:04:00,932 [DEBUG] SSH->TUN: 209 байт
2026-04-07 21:04:00,932 [DEBUG] TUN->SSH: 52 байт
2026-04-07 21:04:00,933 [DEBUG] TUN->SSH: 52 байт
2026-04-07 21:04:00,933 [DEBUG] TUN->SSH: 237 байт
2026-04-07 21:04:00,934 [DEBUG] SSH->TUN: 141 байт
2026-04-07 21:04:00,934 [DEBUG] TUN->SSH: 52 байт
2026-04-07 21:04:00,934 [DEBUG] SSH->TUN: 367 байт
2026-04-07 21:04:00,934 [DEBUG] TUN->SSH: 52 байт
2026-04-07 21:04:00,935 [DEBUG] TUN->SSH: 157 байт
2026-04-07 21:04:00,935 [DEBUG] TUN->SSH: 40 байт
2026-04-07 21:04:00,958 [DEBUG] SSH->TUN: 371 байт
2026-04-07 21:04:00,958 [DEBUG] TUN->SSH: 40 байт
2026-04-07 21:04:00,979 [DEBUG] SSH->TUN: 52 байт
2026-04-07 21:04:00,979 [DEBUG] TUN->SSH: 52 байт
2026-04-07 21:04:00,986 [DEBUG] SSH->TUN: 157 байт
2026-04-07 21:04:00,987 [DEBUG] TUN->SSH: 317 байт
2026-04-07 21:04:00,989 [DEBUG] SSH->TUN: 52 байт
2026-04-07 21:04:00,990 [DEBUG] TUN->SSH: 40 байт
2026-04-07 21:04:00,990 [DEBUG] SSH->TUN: 52 байт
2026-04-07 21:04:00,990 [DEBUG] TUN->SSH: 40 байт
2026-04-07 21:04:00,991 [DEBUG] SSH->TUN: 157 байт
2026-04-07 21:04:00,991 [DEBUG] TUN->SSH: 269 байт
2026-04-07 21:04:00,991 [DEBUG] SSH->TUN: 157 байт
2026-04-07 21:04:00,991 [DEBUG] TUN->SSH: 349 байт
2026-04-07 21:04:01,044 [DEBUG] SSH->TUN: 221 байт
2026-04-07 21:04:01,054 [DEBUG] SSH->TUN: 221 байт
2026-04-07 21:04:01,056 [DEBUG] SSH->TUN: 221 байт
2026-04-07 21:04:01,058 [DEBUG] SSH->TUN: 1280 байт
2026-04-07 21:04:01,058 [DEBUG] TUN->SSH: 52 байт
2026-04-07 21:04:01,059 [DEBUG] SSH->TUN: 1280 байт
2026-04-07 21:04:01,059 [DEBUG] SSH->TUN: 1280 байт
2026-04-07 21:04:01,059 [DEBUG] TUN->SSH: 52 байт
2026-04-07 21:04:01,060 [DEBUG] SSH->TUN: 1280 байт
2026-04-07 21:04:01,060 [DEBUG] SSH->TUN: 1280 байт
2026-04-07 21:04:01,060 [DEBUG] TUN->SSH: 52 байт
2026-04-07 21:04:01,060 [DEBUG] SSH->TUN: 1280 байт
2026-04-07 21:04:01,063 [DEBUG] SSH->TUN: 1280 байт
2026-04-07 21:04:01,064 [DEBUG] TUN->SSH: 52 байт
2026-04-07 21:04:01,064 [DEBUG] SSH->TUN: 1280 байт
2026-04-07 21:04:01,064 [DEBUG] SSH->TUN: 1280 байт
2026-04-07 21:04:01,064 [DEBUG] TUN->SSH: 52 байт
2026-04-07 21:04:01,064 [DEBUG] SSH->TUN: 1280 байт
2026-04-07 21:04:01,065 [DEBUG] SSH->TUN: 1280 байт
2026-04-07 21:04:01,065 [DEBUG] TUN->SSH: 52 байт
2026-04-07 21:04:01,077 [DEBUG] SSH->TUN: 1280 байт
2026-04-07 21:04:01,078 [DEBUG] SSH->TUN: 1280 байт
2026-04-07 21:04:01,078 [DEBUG] TUN->SSH: 52 байт
2026-04-07 21:04:01,079 [DEBUG] SSH->TUN: 1280 байт
2026-04-07 21:04:01,079 [DEBUG] SSH->TUN: 1280 байт
2026-04-07 21:04:01,079 [DEBUG] TUN->SSH: 52 байт
2026-04-07 21:04:01,087 [DEBUG] SSH->TUN: 1280 байт
2026-04-07 21:04:01,087 [DEBUG] SSH->TUN: 1280 байт
2026-04-07 21:04:01,087 [DEBUG] TUN->SSH: 52 байт
2026-04-07 21:04:01,088 [DEBUG] SSH->TUN: 1280 байт
2026-04-07 21:04:01,088 [DEBUG] SSH->TUN: 1280 байт
2026-04-07 21:04:01,088 [DEBUG] TUN->SSH: 52 байт
2026-04-07 21:04:01,088 [DEBUG] SSH->TUN: 1280 байт
2026-04-07 21:04:01,089 [DEBUG] SSH->TUN: 1280 байт
2026-04-07 21:04:01,089 [DEBUG] TUN->SSH: 52 байт
2026-04-07 21:04:01,091 [DEBUG] SSH->TUN: 1280 байт
2026-04-07 21:04:01,091 [DEBUG] SSH->TUN: 1280 байт
2026-04-07 21:04:01,091 [DEBUG] TUN->SSH: 52 байт
2026-04-07 21:04:01,091 [DEBUG] SSH->TUN: 1280 байт
2026-04-07 21:04:01,092 [DEBUG] SSH->TUN: 1280 байт
2026-04-07 21:04:01,092 [DEBUG] TUN->SSH: 52 байт
2026-04-07 21:04:01,092 [DEBUG] SSH->TUN: 1280 байт
2026-04-07 21:04:01,093 [DEBUG] SSH->TUN: 1280 байт
2026-04-07 21:04:01,093 [DEBUG] TUN->SSH: 52 байт
2026-04-07 21:04:01,093 [DEBUG] SSH->TUN: 1280 байт
2026-04-07 21:04:01,093 [DEBUG] TUN->SSH: 52 байт
2026-04-07 21:04:01,093 [DEBUG] SSH->TUN: 1280 байт
2026-04-07 21:04:01,094 [DEBUG] SSH->TUN: 1280 байт
2026-04-07 21:04:01,094 [DEBUG] TUN->SSH: 52 байт
2026-04-07 21:04:01,094 [DEBUG] SSH->TUN: 1280 байт
2026-04-07 21:04:01,094 [DEBUG] SSH->TUN: 1280 байт
2026-04-07 21:04:01,094 [DEBUG] TUN->SSH: 52 байт
2026-04-07 21:04:01,095 [DEBUG] SSH->TUN: 1280 байт
2026-04-07 21:04:01,095 [DEBUG] TUN->SSH: 52 байт
2026-04-07 21:04:01,108 [DEBUG] SSH->TUN: 1280 байт
2026-04-07 21:04:01,109 [DEBUG] SSH->TUN: 1280 байт
2026-04-07 21:04:01,109 [DEBUG] TUN->SSH: 52 байт
2026-04-07 21:04:01,110 [DEBUG] SSH->TUN: 1280 байт
2026-04-07 21:04:01,110 [DEBUG] SSH->TUN: 1280 байт
2026-04-07 21:04:01,110 [DEBUG] TUN->SSH: 52 байт
2026-04-07 21:04:01,114 [DEBUG] SSH->TUN: 1280 байт
2026-04-07 21:04:01,114 [DEBUG] SSH->TUN: 1280 байт
2026-04-07 21:04:01,114 [DEBUG] TUN->SSH: 52 байт
2026-04-07 21:04:01,117 [DEBUG] SSH->TUN: 1280 байт
2026-04-07 21:04:01,117 [DEBUG] SSH->TUN: 1280 байт
2026-04-07 21:04:01,118 [DEBUG] TUN->SSH: 52 байт
2026-04-07 21:04:01,120 [DEBUG] SSH->TUN: 1280 байт
2026-04-07 21:04:01,121 [DEBUG] SSH->TUN: 1280 байт
2026-04-07 21:04:01,121 [DEBUG] TUN->SSH: 52 байт
2026-04-07 21:04:01,128 [DEBUG] SSH->TUN: 1280 байт
2026-04-07 21:04:01,129 [DEBUG] SSH->TUN: 1280 байт
2026-04-07 21:04:01,129 [DEBUG] TUN->SSH: 52 байт
2026-04-07 21:04:01,129 [DEBUG] SSH->TUN: 1280 байт
2026-04-07 21:04:01,133 [DEBUG] SSH->TUN: 1280 байт
2026-04-07 21:04:01,133 [DEBUG] TUN->SSH: 52 байт
2026-04-07 21:04:01,134 [DEBUG] SSH->TUN: 1280 байт
2026-04-07 21:04:01,134 [DEBUG] SSH->TUN: 1280 байт
2026-04-07 21:04:01,134 [DEBUG] TUN->SSH: 52 байт
2026-04-07 21:04:01,135 [DEBUG] SSH->TUN: 1280 байт
2026-04-07 21:04:01,135 [DEBUG] SSH->TUN: 1280 байт
2026-04-07 21:04:01,135 [DEBUG] TUN->SSH: 52 байт
2026-04-07 21:04:01,135 [DEBUG] SSH->TUN: 1280 байт
2026-04-07 21:04:01,136 [DEBUG] SSH->TUN: 1280 байт
2026-04-07 21:04:01,136 [DEBUG] TUN->SSH: 52 байт
2026-04-07 21:04:01,139 [DEBUG] SSH->TUN: 1280 байт
2026-04-07 21:04:01,139 [DEBUG] SSH->TUN: 1280 байт
2026-04-07 21:04:01,140 [DEBUG] TUN->SSH: 52 байт
2026-04-07 21:04:01,140 [DEBUG] SSH->TUN: 1280 байт
2026-04-07 21:04:01,141 [DEBUG] SSH->TUN: 1280 байт
2026-04-07 21:04:01,141 [DEBUG] TUN->SSH: 52 байт
2026-04-07 21:04:01,141 [DEBUG] SSH->TUN: 1280 байт
2026-04-07 21:04:01,141 [DEBUG] SSH->TUN: 1280 байт
2026-04-07 21:04:01,142 [DEBUG] TUN->SSH: 52 байт
2026-04-07 21:04:01,142 [DEBUG] SSH->TUN: 1280 байт
2026-04-07 21:04:01,142 [DEBUG] SSH->TUN: 1280 байт
2026-04-07 21:04:01,142 [DEBUG] TUN->SSH: 52 байт
2026-04-07 21:04:01,143 [DEBUG] SSH->TUN: 1280 байт
2026-04-07 21:04:01,143 [DEBUG] SSH->TUN: 1280 байт
2026-04-07 21:04:01,144 [DEBUG] TUN->SSH: 52 байт
2026-04-07 21:04:01,144 [DEBUG] SSH->TUN: 1280 байт
2026-04-07 21:04:01,144 [DEBUG] SSH->TUN: 1280 байт
2026-04-07 21:04:01,145 [DEBUG] TUN->SSH: 52 байт
2026-04-07 21:04:01,145 [DEBUG] SSH->TUN: 1280 байт
2026-04-07 21:04:01,145 [DEBUG] TUN->SSH: 60 байт
2026-04-07 21:04:01,145 [DEBUG] TUN->SSH: 60 байт
2026-04-07 21:04:01,146 [DEBUG] TUN->SSH: 60 байт
2026-04-07 21:04:01,146 [DEBUG] SSH->TUN: 1280 байт
2026-04-07 21:04:01,146 [DEBUG] TUN->SSH: 60 байт
2026-04-07 21:04:01,146 [DEBUG] SSH->TUN: 1280 байт
2026-04-07 21:04:01,147 [DEBUG] TUN->SSH: 60 байт
2026-04-07 21:04:01,147 [DEBUG] TUN->SSH: 60 байт
2026-04-07 21:04:01,147 [DEBUG] SSH->TUN: 1280 байт
2026-04-07 21:04:01,147 [DEBUG] TUN->SSH: 52 байт
2026-04-07 21:04:01,148 [DEBUG] SSH->TUN: 1280 байт
2026-04-07 21:04:01,148 [DEBUG] TUN->SSH: 52 байт
2026-04-07 21:04:01,151 [DEBUG] SSH->TUN: 1280 байт
2026-04-07 21:04:01,152 [DEBUG] SSH->TUN: 1280 байт
2026-04-07 21:04:01,152 [DEBUG] TUN->SSH: 52 байт
2026-04-07 21:04:01,152 [DEBUG] SSH->TUN: 1280 байт
2026-04-07 21:04:01,152 [DEBUG] SSH->TUN: 1280 байт
2026-04-07 21:04:01,153 [DEBUG] TUN->SSH: 52 байт
2026-04-07 21:04:01,153 [DEBUG] SSH->TUN: 1280 байт
2026-04-07 21:04:01,154 [DEBUG] SSH->TUN: 1280 байт
2026-04-07 21:04:01,155 [DEBUG] TUN->SSH: 52 байт
2026-04-07 21:04:01,155 [DEBUG] SSH->TUN: 1280 байт
2026-04-07 21:04:01,156 [DEBUG] SSH->TUN: 1280 байт
2026-04-07 21:04:01,156 [DEBUG] TUN->SSH: 52 байт
2026-04-07 21:04:01,157 [DEBUG] SSH->TUN: 1280 байт
2026-04-07 21:04:01,157 [DEBUG] SSH->TUN: 1280 байт
2026-04-07 21:04:01,157 [DEBUG] TUN->SSH: 52 байт
2026-04-07 21:04:01,157 [DEBUG] SSH->TUN: 1280 байт
2026-04-07 21:04:01,157 [DEBUG] SSH->TUN: 1280 байт
2026-04-07 21:04:01,157 [DEBUG] TUN->SSH: 52 байт
2026-04-07 21:04:01,159 [DEBUG] SSH->TUN: 1280 байт
2026-04-07 21:04:01,159 [DEBUG] TUN->SSH: 52 байт
2026-04-07 21:04:01,160 [DEBUG] SSH->TUN: 1280 байт
2026-04-07 21:04:01,161 [DEBUG] SSH->TUN: 1280 байт
2026-04-07 21:04:01,161 [DEBUG] SSH->TUN: 1280 байт
2026-04-07 21:04:01,161 [DEBUG] TUN->SSH: 52 байт
2026-04-07 21:04:01,162 [DEBUG] SSH->TUN: 1280 байт
2026-04-07 21:04:01,162 [DEBUG] SSH->TUN: 1280 байт
2026-04-07 21:04:01,162 [DEBUG] TUN->SSH: 52 байт
2026-04-07 21:04:01,162 [DEBUG] TUN->SSH: 52 байт
2026-04-07 21:04:01,162 [DEBUG] SSH->TUN: 1280 байт
2026-04-07 21:04:01,162 [DEBUG] SSH->TUN: 1280 байт
2026-04-07 21:04:01,163 [DEBUG] SSH->TUN: 1280 байт
2026-04-07 21:04:01,165 [DEBUG] SSH->TUN: 1280 байт
2026-04-07 21:04:01,165 [DEBUG] TUN->SSH: 52 байт
2026-04-07 21:04:01,165 [DEBUG] TUN->SSH: 52 байт
2026-04-07 21:04:01,166 [DEBUG] SSH->TUN: 1280 байт
2026-04-07 21:04:01,168 [DEBUG] SSH->TUN: 1280 байт
2026-04-07 21:04:01,169 [DEBUG] SSH->TUN: 1280 байт
2026-04-07 21:04:01,169 [DEBUG] SSH->TUN: 1280 байт
2026-04-07 21:04:01,169 [DEBUG] TUN->SSH: 52 байт
2026-04-07 21:04:01,169 [DEBUG] TUN->SSH: 52 байт
2026-04-07 21:04:01,169 [DEBUG] SSH->TUN: 1280 байт
2026-04-07 21:04:01,169 [DEBUG] SSH->TUN: 1280 байт
2026-04-07 21:04:01,175 [DEBUG] SSH->TUN: 1280 байт
2026-04-07 21:04:01,175 [DEBUG] SSH->TUN: 1280 байт
2026-04-07 21:04:01,175 [DEBUG] TUN->SSH: 52 байт
2026-04-07 21:04:01,176 [DEBUG] SSH->TUN: 1280 байт
2026-04-07 21:04:01,176 [DEBUG] SSH->TUN: 1280 байт
2026-04-07 21:04:01,176 [DEBUG] TUN->SSH: 52 байт
2026-04-07 21:04:01,176 [DEBUG] SSH->TUN: 1280 байт
2026-04-07 21:04:01,177 [DEBUG] SSH->TUN: 1280 байт
2026-04-07 21:04:01,177 [DEBUG] TUN->SSH: 52 байт
2026-04-07 21:04:01,177 [DEBUG] SSH->TUN: 1280 байт
2026-04-07 21:04:01,177 [DEBUG] SSH->TUN: 1280 байт
2026-04-07 21:04:01,177 [DEBUG] SSH->TUN: 1280 байт
2026-04-07 21:04:01,177 [DEBUG] TUN->SSH: 52 байт
2026-04-07 21:04:01,178 [DEBUG] SSH->TUN: 1280 байт
2026-04-07 21:04:01,178 [DEBUG] TUN->SSH: 52 байт
2026-04-07 21:04:01,178 [DEBUG] SSH->TUN: 1280 байт
2026-04-07 21:04:01,178 [DEBUG] SSH->TUN: 1280 байт
2026-04-07 21:04:01,178 [DEBUG] SSH->TUN: 1280 байт
2026-04-07 21:04:01,178 [DEBUG] TUN->SSH: 52 байт
2026-04-07 21:04:01,180 [DEBUG] SSH->TUN: 1280 байт
2026-04-07 21:04:01,180 [DEBUG] TUN->SSH: 52 байт
2026-04-07 21:04:01,180 [DEBUG] SSH->TUN: 1280 байт
2026-04-07 21:04:01,218 [DEBUG] TUN->SSH: 52 байт
2026-04-07 21:04:01,220 [DEBUG] SSH->TUN: 1280 байт
2026-04-07 21:04:01,220 [DEBUG] TUN->SSH: 52 байт
2026-04-07 21:04:01,221 [DEBUG] SSH->TUN: 1280 байт
2026-04-07 21:04:01,221 [DEBUG] SSH->TUN: 1280 байт
2026-04-07 21:04:01,221 [DEBUG] SSH->TUN: 1280 байт
2026-04-07 21:04:01,222 [DEBUG] TUN->SSH: 52 байт
2026-04-07 21:04:01,222 [DEBUG] SSH->TUN: 1280 байт
2026-04-07 21:04:01,222 [DEBUG] SSH->TUN: 1280 байт
2026-04-07 21:04:01,223 [DEBUG] TUN->SSH: 52 байт
2026-04-07 21:04:01,224 [DEBUG] SSH->TUN: 1280 байт
2026-04-07 21:04:01,224 [DEBUG] TUN->SSH: 52 байт
2026-04-07 21:04:01,224 [DEBUG] SSH->TUN: 1280 байт
2026-04-07 21:04:01,224 [DEBUG] SSH->TUN: 1280 байт
2026-04-07 21:04:01,225 [DEBUG] SSH->TUN: 1280 байт
2026-04-07 21:04:01,225 [DEBUG] TUN->SSH: 52 байт
2026-04-07 21:04:01,225 [DEBUG] SSH->TUN: 1280 байт
2026-04-07 21:04:01,225 [DEBUG] SSH->TUN: 1280 байт
2026-04-07 21:04:01,226 [DEBUG] TUN->SSH: 52 байт
2026-04-07 21:04:01,226 [DEBUG] SSH->TUN: 1280 байт
2026-04-07 21:04:01,226 [DEBUG] SSH->TUN: 1280 байт
2026-04-07 21:04:01,226 [DEBUG] TUN->SSH: 52 байт
2026-04-07 21:04:01,226 [DEBUG] SSH->TUN: 1280 байт
2026-04-07 21:04:01,227 [DEBUG] SSH->TUN: 1280 байт
2026-04-07 21:04:01,227 [DEBUG] TUN->SSH: 52 байт
2026-04-07 21:04:01,227 [DEBUG] SSH->TUN: 1280 байт
2026-04-07 21:04:01,236 [DEBUG] SSH->TUN: 1280 байт
2026-04-07 21:04:01,236 [DEBUG] TUN->SSH: 52 байт
2026-04-07 21:04:01,236 [DEBUG] SSH->TUN: 1280 байт
2026-04-07 21:04:01,240 [DEBUG] SSH->TUN: 1280 байт
2026-04-07 21:04:01,240 [DEBUG] TUN->SSH: 52 байт
2026-04-07 21:04:01,240 [DEBUG] SSH->TUN: 1280 байт
2026-04-07 21:04:01,241 [DEBUG] SSH->TUN: 1280 байт
2026-04-07 21:04:01,241 [DEBUG] SSH->TUN: 1280 байт
2026-04-07 21:04:01,241 [DEBUG] TUN->SSH: 52 байт
2026-04-07 21:04:01,241 [DEBUG] SSH->TUN: 1280 байт
2026-04-07 21:04:01,242 [DEBUG] TUN->SSH: 52 байт
2026-04-07 21:04:01,242 [DEBUG] SSH->TUN: 1280 байт
2026-04-07 21:04:01,243 [DEBUG] SSH->TUN: 1280 байт
2026-04-07 21:04:01,243 [DEBUG] TUN->SSH: 52 байт
2026-04-07 21:04:01,243 [DEBUG] SSH->TUN: 1280 байт
2026-04-07 21:04:01,244 [DEBUG] TUN->SSH: 52 байт
2026-04-07 21:04:01,244 [DEBUG] SSH->TUN: 1280 байт
2026-04-07 21:04:01,244 [DEBUG] TUN->SSH: 52 байт
2026-04-07 21:04:01,244 [DEBUG] SSH->TUN: 1280 байт
2026-04-07 21:04:01,244 [DEBUG] SSH->TUN: 1280 байт
2026-04-07 21:04:01,245 [DEBUG] TUN->SSH: 52 байт
2026-04-07 21:04:01,245 [DEBUG] SSH->TUN: 1280 байт
2026-04-07 21:04:01,245 [DEBUG] SSH->TUN: 1280 байт
2026-04-07 21:04:01,245 [DEBUG] TUN->SSH: 52 байт
2026-04-07 21:04:01,246 [DEBUG] SSH->TUN: 1280 байт
2026-04-07 21:04:01,247 [DEBUG] SSH->TUN: 1280 байт
2026-04-07 21:04:01,247 [DEBUG] TUN->SSH: 52 байт
2026-04-07 21:04:01,247 [DEBUG] SSH->TUN: 1280 байт
2026-04-07 21:04:01,247 [DEBUG] TUN->SSH: 52 байт
2026-04-07 21:04:01,248 [DEBUG] SSH->TUN: 1280 байт
2026-04-07 21:04:01,248 [DEBUG] TUN->SSH: 52 байт
2026-04-07 21:04:01,248 [DEBUG] SSH->TUN: 1280 байт
2026-04-07 21:04:01,248 [DEBUG] SSH->TUN: 1280 байт
2026-04-07 21:04:01,249 [DEBUG] TUN->SSH: 52 байт
2026-04-07 21:04:01,249 [DEBUG] SSH->TUN: 1280 байт
2026-04-07 21:04:01,249 [DEBUG] SSH->TUN: 1280 байт
2026-04-07 21:04:01,249 [DEBUG] TUN->SSH: 52 байт
2026-04-07 21:04:01,249 [DEBUG] SSH->TUN: 1280 байт
2026-04-07 21:04:01,250 [DEBUG] TUN->SSH: 52 байт
2026-04-07 21:04:01,250 [DEBUG] SSH->TUN: 1280 байт
2026-04-07 21:04:01,250 [DEBUG] TUN->SSH: 52 байт
2026-04-07 21:04:01,251 [DEBUG] SSH->TUN: 1280 байт
2026-04-07 21:04:01,251 [DEBUG] SSH->TUN: 1280 байт
2026-04-07 21:04:01,251 [DEBUG] TUN->SSH: 52 байт
2026-04-07 21:04:01,252 [DEBUG] SSH->TUN: 1280 байт
2026-04-07 21:04:01,252 [DEBUG] SSH->TUN: 1280 байт
2026-04-07 21:04:01,252 [DEBUG] TUN->SSH: 52 байт
2026-04-07 21:04:01,252 [DEBUG] SSH->TUN: 1280 байт
2026-04-07 21:04:01,253 [DEBUG] SSH->TUN: 1280 байт
2026-04-07 21:04:01,253 [DEBUG] TUN->SSH: 52 байт
2026-04-07 21:04:01,253 [DEBUG] SSH->TUN: 1280 байт
2026-04-07 21:04:01,253 [DEBUG] TUN->SSH: 52 байт
2026-04-07 21:04:01,253 [DEBUG] SSH->TUN: 1280 байт
2026-04-07 21:04:01,254 [DEBUG] TUN->SSH: 52 байт
2026-04-07 21:04:01,254 [DEBUG] SSH->TUN: 1280 байт
2026-04-07 21:04:01,254 [DEBUG] SSH->TUN: 1280 байт
2026-04-07 21:04:01,254 [DEBUG] TUN->SSH: 52 байт
2026-04-07 21:04:01,258 [DEBUG] SSH->TUN: 1280 байт
2026-04-07 21:04:01,258 [DEBUG] SSH->TUN: 1280 байт
2026-04-07 21:04:01,258 [DEBUG] TUN->SSH: 52 байт
2026-04-07 21:04:01,259 [DEBUG] SSH->TUN: 1280 байт
2026-04-07 21:04:01,259 [DEBUG] SSH->TUN: 1280 байт
2026-04-07 21:04:01,259 [DEBUG] TUN->SSH: 52 байт
2026-04-07 21:04:01,259 [DEBUG] SSH->TUN: 1280 байт
2026-04-07 21:04:01,260 [DEBUG] TUN->SSH: 52 байт
2026-04-07 21:04:01,260 [DEBUG] SSH->TUN: 1280 байт
2026-04-07 21:04:01,260 [DEBUG] TUN->SSH: 52 байт
2026-04-07 21:04:01,260 [DEBUG] SSH->TUN: 1280 байт
2026-04-07 21:04:01,260 [DEBUG] SSH->TUN: 1280 байт
2026-04-07 21:04:01,261 [DEBUG] TUN->SSH: 52 байт
2026-04-07 21:04:01,261 [DEBUG] SSH->TUN: 1280 байт
2026-04-07 21:04:01,261 [DEBUG] TUN->SSH: 52 байт
2026-04-07 21:04:01,262 [DEBUG] SSH->TUN: 1280 байт
2026-04-07 21:04:01,262 [DEBUG] TUN->SSH: 52 байт
2026-04-07 21:04:01,262 [DEBUG] SSH->TUN: 1280 байт
2026-04-07 21:04:01,263 [DEBUG] SSH->TUN: 1280 байт
2026-04-07 21:04:01,263 [DEBUG] TUN->SSH: 52 байт
2026-04-07 21:04:01,263 [DEBUG] SSH->TUN: 1280 байт
2026-04-07 21:04:01,263 [DEBUG] SSH->TUN: 1280 байт
2026-04-07 21:04:01,263 [DEBUG] TUN->SSH: 52 байт
2026-04-07 21:04:01,264 [DEBUG] SSH->TUN: 1280 байт
2026-04-07 21:04:01,264 [DEBUG] SSH->TUN: 1280 байт
2026-04-07 21:04:01,264 [DEBUG] TUN->SSH: 52 байт
2026-04-07 21:04:01,264 [DEBUG] SSH->TUN: 1280 байт
2026-04-07 21:04:01,265 [DEBUG] TUN->SSH: 52 байт
2026-04-07 21:04:01,265 [DEBUG] SSH->TUN: 1280 байт
2026-04-07 21:04:01,265 [DEBUG] TUN->SSH: 52 байт
2026-04-07 21:04:01,265 [DEBUG] SSH->TUN: 1280 байт
2026-04-07 21:04:01,265 [DEBUG] SSH->TUN: 1280 байт
2026-04-07 21:04:01,266 [DEBUG] TUN->SSH: 52 байт
2026-04-07 21:04:01,266 [DEBUG] SSH->TUN: 1280 байт
2026-04-07 21:04:01,266 [DEBUG] SSH->TUN: 1280 байт
2026-04-07 21:04:01,266 [DEBUG] TUN->SSH: 52 байт
2026-04-07 21:04:01,266 [DEBUG] SSH->TUN: 1280 байт
2026-04-07 21:04:01,267 [DEBUG] TUN->SSH: 52 байт
2026-04-07 21:04:01,267 [DEBUG] SSH->TUN: 1280 байт
2026-04-07 21:04:01,267 [DEBUG] TUN->SSH: 52 байт
2026-04-07 21:04:01,269 [DEBUG] SSH->TUN: 1280 байт
2026-04-07 21:04:01,269 [DEBUG] SSH->TUN: 1280 байт
2026-04-07 21:04:01,270 [DEBUG] TUN->SSH: 52 байт
2026-04-07 21:04:01,270 [DEBUG] SSH->TUN: 1280 байт
2026-04-07 21:04:01,270 [DEBUG] SSH->TUN: 1280 байт
2026-04-07 21:04:01,270 [DEBUG] TUN->SSH: 52 байт
2026-04-07 21:04:01,271 [DEBUG] SSH->TUN: 1280 байт
2026-04-07 21:04:01,271 [DEBUG] TUN->SSH: 52 байт
2026-04-07 21:04:01,271 [DEBUG] SSH->TUN: 1280 байт
2026-04-07 21:04:01,272 [DEBUG] SSH->TUN: 1280 байт
2026-04-07 21:04:01,272 [DEBUG] TUN->SSH: 52 байт
2026-04-07 21:04:01,273 [DEBUG] TUN->SSH: 52 байт
2026-04-07 21:04:01,273 [DEBUG] SSH->TUN: 1280 байт
2026-04-07 21:04:01,273 [DEBUG] SSH->TUN: 1280 байт
2026-04-07 21:04:01,273 [DEBUG] SSH->TUN: 1280 байт
2026-04-07 21:04:01,274 [DEBUG] TUN->SSH: 52 байт
2026-04-07 21:04:01,274 [DEBUG] SSH->TUN: 1280 байт
2026-04-07 21:04:01,274 [DEBUG] SSH->TUN: 1280 байт
2026-04-07 21:04:01,274 [DEBUG] TUN->SSH: 52 байт
2026-04-07 21:04:01,274 [DEBUG] SSH->TUN: 1280 байт
2026-04-07 21:04:01,274 [DEBUG] TUN->SSH: 52 байт
2026-04-07 21:04:01,275 [DEBUG] SSH->TUN: 1280 байт
2026-04-07 21:04:01,275 [DEBUG] TUN->SSH: 52 байт
2026-04-07 21:04:01,275 [DEBUG] SSH->TUN: 1280 байт
2026-04-07 21:04:01,279 [DEBUG] SSH->TUN: 1280 байт
2026-04-07 21:04:01,279 [DEBUG] TUN->SSH: 52 байт
2026-04-07 21:04:01,279 [DEBUG] SSH->TUN: 1280 байт
2026-04-07 21:04:01,279 [DEBUG] SSH->TUN: 1280 байт
2026-04-07 21:04:01,280 [DEBUG] TUN->SSH: 52 байт
2026-04-07 21:04:01,280 [DEBUG] SSH->TUN: 1280 байт
2026-04-07 21:04:01,280 [DEBUG] SSH->TUN: 1280 байт
2026-04-07 21:04:01,280 [DEBUG] TUN->SSH: 52 байт
2026-04-07 21:04:01,280 [DEBUG] SSH->TUN: 1280 байт
2026-04-07 21:04:01,281 [DEBUG] TUN->SSH: 52 байт
2026-04-07 21:04:01,281 [DEBUG] SSH->TUN: 1280 байт
2026-04-07 21:04:01,281 [DEBUG] TUN->SSH: 52 байт
2026-04-07 21:04:01,281 [DEBUG] SSH->TUN: 1280 байт
2026-04-07 21:04:01,281 [DEBUG] SSH->TUN: 1280 байт
2026-04-07 21:04:01,282 [DEBUG] TUN->SSH: 52 байт
2026-04-07 21:04:01,282 [DEBUG] SSH->TUN: 1280 байт
2026-04-07 21:04:01,283 [DEBUG] SSH->TUN: 1280 байт
2026-04-07 21:04:01,283 [DEBUG] TUN->SSH: 52 байт
2026-04-07 21:04:01,283 [DEBUG] SSH->TUN: 1280 байт
2026-04-07 21:04:01,283 [DEBUG] SSH->TUN: 1280 байт
2026-04-07 21:04:01,283 [DEBUG] TUN->SSH: 52 байт
2026-04-07 21:04:01,284 [DEBUG] SSH->TUN: 1280 байт
2026-04-07 21:04:01,284 [DEBUG] TUN->SSH: 52 байт
2026-04-07 21:04:01,284 [DEBUG] SSH->TUN: 1280 байт
2026-04-07 21:04:01,284 [DEBUG] TUN->SSH: 52 байт
2026-04-07 21:04:01,284 [DEBUG] SSH->TUN: 1280 байт
2026-04-07 21:04:01,285 [DEBUG] SSH->TUN: 1280 байт
2026-04-07 21:04:01,285 [DEBUG] TUN->SSH: 52 байт
2026-04-07 21:04:01,285 [DEBUG] SSH->TUN: 1280 байт
2026-04-07 21:04:01,285 [DEBUG] SSH->TUN: 1280 байт
2026-04-07 21:04:01,286 [DEBUG] TUN->SSH: 52 байт
2026-04-07 21:04:01,287 [DEBUG] SSH->TUN: 1280 байт
2026-04-07 21:04:01,287 [DEBUG] TUN->SSH: 52 байт
2026-04-07 21:04:01,287 [DEBUG] SSH->TUN: 1280 байт
2026-04-07 21:04:01,287 [DEBUG] TUN->SSH: 52 байт
2026-04-07 21:04:01,289 [DEBUG] SSH->TUN: 1280 байт
2026-04-07 21:04:01,289 [DEBUG] SSH->TUN: 1280 байт
2026-04-07 21:04:01,289 [DEBUG] TUN->SSH: 52 байт
2026-04-07 21:04:01,289 [DEBUG] SSH->TUN: 1280 байт
2026-04-07 21:04:01,290 [DEBUG] SSH->TUN: 1280 байт
2026-04-07 21:04:01,290 [DEBUG] TUN->SSH: 52 байт
2026-04-07 21:04:01,290 [DEBUG] SSH->TUN: 1280 байт
2026-04-07 21:04:01,290 [DEBUG] TUN->SSH: 52 байт
2026-04-07 21:04:01,291 [DEBUG] SSH->TUN: 1280 байт
2026-04-07 21:04:01,291 [DEBUG] TUN->SSH: 52 байт
2026-04-07 21:04:01,295 [DEBUG] SSH->TUN: 1280 байт
2026-04-07 21:04:01,295 [DEBUG] SSH->TUN: 1280 байт
2026-04-07 21:04:01,295 [DEBUG] TUN->SSH: 52 байт
2026-04-07 21:04:01,295 [DEBUG] SSH->TUN: 1280 байт
2026-04-07 21:04:01,295 [DEBUG] SSH->TUN: 1280 байт
2026-04-07 21:04:01,296 [DEBUG] TUN->SSH: 52 байт
2026-04-07 21:04:01,296 [DEBUG] SSH->TUN: 1280 байт
2026-04-07 21:04:01,297 [DEBUG] TUN->SSH: 52 байт
2026-04-07 21:04:01,297 [DEBUG] SSH->TUN: 1280 байт
2026-04-07 21:04:01,297 [DEBUG] TUN->SSH: 52 байт
2026-04-07 21:04:01,297 [DEBUG] SSH->TUN: 1280 байт
2026-04-07 21:04:01,298 [DEBUG] SSH->TUN: 1280 байт
2026-04-07 21:04:01,298 [DEBUG] TUN->SSH: 52 байт
2026-04-07 21:04:01,298 [DEBUG] SSH->TUN: 1280 байт
2026-04-07 21:04:01,299 [DEBUG] SSH->TUN: 1280 байт
2026-04-07 21:04:01,299 [DEBUG] TUN->SSH: 52 байт
2026-04-07 21:04:01,302 [DEBUG] SSH->TUN: 1280 байт
2026-04-07 21:04:01,303 [DEBUG] SSH->TUN: 1280 байт
2026-04-07 21:04:01,303 [DEBUG] TUN->SSH: 52 байт
2026-04-07 21:04:01,303 [DEBUG] SSH->TUN: 1280 байт
2026-04-07 21:04:01,304 [DEBUG] TUN->SSH: 52 байт
2026-04-07 21:04:01,304 [DEBUG] SSH->TUN: 1280 байт
2026-04-07 21:04:01,304 [DEBUG] TUN->SSH: 52 байт
2026-04-07 21:04:01,304 [DEBUG] SSH->TUN: 1280 байт
2026-04-07 21:04:01,304 [DEBUG] SSH->TUN: 1280 байт
2026-04-07 21:04:01,305 [DEBUG] TUN->SSH: 52 байт
2026-04-07 21:04:01,305 [DEBUG] SSH->TUN: 1280 байт
2026-04-07 21:04:01,309 [DEBUG] SSH->TUN: 1280 байт
2026-04-07 21:04:01,309 [DEBUG] TUN->SSH: 52 байт
2026-04-07 21:04:01,310 [DEBUG] SSH->TUN: 1280 байт
2026-04-07 21:04:01,310 [DEBUG] SSH->TUN: 1280 байт
2026-04-07 21:04:01,310 [DEBUG] TUN->SSH: 52 байт
2026-04-07 21:04:01,310 [DEBUG] SSH->TUN: 1280 байт
2026-04-07 21:04:01,311 [DEBUG] TUN->SSH: 52 байт
2026-04-07 21:04:01,311 [DEBUG] SSH->TUN: 1280 байт
2026-04-07 21:04:01,311 [DEBUG] TUN->SSH: 52 байт
2026-04-07 21:04:01,311 [DEBUG] SSH->TUN: 1280 байт
2026-04-07 21:04:01,311 [DEBUG] SSH->TUN: 1280 байт
2026-04-07 21:04:01,312 [DEBUG] TUN->SSH: 52 байт
2026-04-07 21:04:01,312 [DEBUG] SSH->TUN: 1280 байт
2026-04-07 21:04:01,312 [DEBUG] SSH->TUN: 1280 байт
2026-04-07 21:04:01,313 [DEBUG] TUN->SSH: 52 байт
2026-04-07 21:04:01,313 [DEBUG] SSH->TUN: 1280 байт
2026-04-07 21:04:01,313 [DEBUG] TUN->SSH: 52 байт
2026-04-07 21:04:01,313 [DEBUG] SSH->TUN: 1280 байт
2026-04-07 21:04:01,314 [DEBUG] TUN->SSH: 52 байт
2026-04-07 21:04:01,314 [DEBUG] SSH->TUN: 1280 байт
2026-04-07 21:04:01,314 [DEBUG] SSH->TUN: 1280 байт
2026-04-07 21:04:01,314 [DEBUG] TUN->SSH: 52 байт
2026-04-07 21:04:01,314 [DEBUG] SSH->TUN: 1280 байт
2026-04-07 21:04:01,314 [DEBUG] SSH->TUN: 1280 байт
2026-04-07 21:04:01,315 [DEBUG] TUN->SSH: 52 байт
2026-04-07 21:04:01,315 [DEBUG] SSH->TUN: 1280 байт
2026-04-07 21:04:01,315 [DEBUG] SSH->TUN: 1280 байт
2026-04-07 21:04:01,316 [DEBUG] TUN->SSH: 52 байт
2026-04-07 21:04:01,316 [DEBUG] SSH->TUN: 1280 байт
2026-04-07 21:04:01,316 [DEBUG] TUN->SSH: 52 байт
2026-04-07 21:04:01,316 [DEBUG] SSH->TUN: 1280 байт
2026-04-07 21:04:01,317 [DEBUG] TUN->SSH: 52 байт
2026-04-07 21:04:01,317 [DEBUG] SSH->TUN: 1280 байт
2026-04-07 21:04:01,317 [DEBUG] SSH->TUN: 1280 байт
2026-04-07 21:04:01,317 [DEBUG] TUN->SSH: 52 байт
2026-04-07 21:04:01,318 [DEBUG] SSH->TUN: 1280 байт
2026-04-07 21:04:01,318 [DEBUG] SSH->TUN: 1280 байт
2026-04-07 21:04:01,318 [DEBUG] TUN->SSH: 52 байт
2026-04-07 21:04:01,318 [DEBUG] SSH->TUN: 1280 байт
2026-04-07 21:04:01,319 [DEBUG] SSH->TUN: 1280 байт
2026-04-07 21:04:01,319 [DEBUG] TUN->SSH: 52 байт
2026-04-07 21:04:01,319 [DEBUG] SSH->TUN: 1280 байт
2026-04-07 21:04:01,319 [DEBUG] SSH->TUN: 1280 байт
2026-04-07 21:04:01,320 [DEBUG] TUN->SSH: 52 байт
2026-04-07 21:04:01,320 [DEBUG] SSH->TUN: 1280 байт
2026-04-07 21:04:01,321 [DEBUG] TUN->SSH: 52 байт
2026-04-07 21:04:01,321 [DEBUG] SSH->TUN: 1280 байт
2026-04-07 21:04:01,321 [DEBUG] TUN->SSH: 52 байт
2026-04-07 21:04:01,321 [DEBUG] SSH->TUN: 1280 байт
2026-04-07 21:04:01,322 [DEBUG] SSH->TUN: 1280 байт
2026-04-07 21:04:01,322 [DEBUG] TUN->SSH: 52 байт
2026-04-07 21:04:01,322 [DEBUG] SSH->TUN: 1280 байт
2026-04-07 21:04:01,322 [DEBUG] SSH->TUN: 1280 байт
2026-04-07 21:04:01,323 [DEBUG] TUN->SSH: 52 байт
2026-04-07 21:04:01,323 [DEBUG] SSH->TUN: 1280 байт
2026-04-07 21:04:01,323 [DEBUG] TUN->SSH: 52 байт
2026-04-07 21:04:01,323 [DEBUG] SSH->TUN: 1280 байт
2026-04-07 21:04:01,324 [DEBUG] TUN->SSH: 52 байт
2026-04-07 21:04:01,324 [DEBUG] SSH->TUN: 1280 байт
2026-04-07 21:04:01,324 [DEBUG] SSH->TUN: 1280 байт
2026-04-07 21:04:01,325 [DEBUG] TUN->SSH: 52 байт
2026-04-07 21:04:01,325 [DEBUG] SSH->TUN: 1280 байт
2026-04-07 21:04:01,325 [DEBUG] SSH->TUN: 1280 байт
2026-04-07 21:04:01,325 [DEBUG] TUN->SSH: 52 байт
2026-04-07 21:04:01,325 [DEBUG] SSH->TUN: 1280 байт
2026-04-07 21:04:01,335 [DEBUG] SSH->TUN: 1280 байт
2026-04-07 21:04:01,335 [DEBUG] TUN->SSH: 52 байт
2026-04-07 21:04:01,336 [DEBUG] SSH->TUN: 1280 байт
2026-04-07 21:04:01,336 [DEBUG] TUN->SSH: 52 байт
2026-04-07 21:04:01,336 [DEBUG] SSH->TUN: 1280 байт
2026-04-07 21:04:01,336 [DEBUG] TUN->SSH: 52 байт
2026-04-07 21:04:01,337 [DEBUG] SSH->TUN: 1280 байт
2026-04-07 21:04:01,338 [DEBUG] SSH->TUN: 1280 байт
2026-04-07 21:04:01,338 [DEBUG] TUN->SSH: 52 байт
2026-04-07 21:04:01,338 [DEBUG] SSH->TUN: 1280 байт
2026-04-07 21:04:01,338 [DEBUG] SSH->TUN: 1280 байт
2026-04-07 21:04:01,339 [DEBUG] TUN->SSH: 52 байт
2026-04-07 21:04:01,339 [DEBUG] SSH->TUN: 1280 байт
2026-04-07 21:04:01,339 [DEBUG] TUN->SSH: 52 байт
2026-04-07 21:04:01,339 [DEBUG] SSH->TUN: 1280 байт
2026-04-07 21:04:01,340 [DEBUG] SSH->TUN: 1280 байт
2026-04-07 21:04:01,340 [DEBUG] TUN->SSH: 52 байт
2026-04-07 21:04:01,340 [DEBUG] SSH->TUN: 1280 байт
2026-04-07 21:04:01,340 [DEBUG] TUN->SSH: 52 байт
2026-04-07 21:04:01,340 [DEBUG] SSH->TUN: 1280 байт
2026-04-07 21:04:01,341 [DEBUG] SSH->TUN: 1280 байт
2026-04-07 21:04:01,341 [DEBUG] TUN->SSH: 52 байт
2026-04-07 21:04:01,341 [DEBUG] SSH->TUN: 1280 байт
2026-04-07 21:04:01,341 [DEBUG] SSH->TUN: 1280 байт
2026-04-07 21:04:01,341 [DEBUG] TUN->SSH: 52 байт
2026-04-07 21:04:01,342 [DEBUG] SSH->TUN: 1280 байт
2026-04-07 21:04:01,343 [DEBUG] SSH->TUN: 1280 байт
2026-04-07 21:04:01,343 [DEBUG] TUN->SSH: 52 байт
2026-04-07 21:04:01,343 [DEBUG] SSH->TUN: 1280 байт
2026-04-07 21:04:01,343 [DEBUG] TUN->SSH: 52 байт
2026-04-07 21:04:01,343 [DEBUG] SSH->TUN: 1280 байт
2026-04-07 21:04:01,344 [DEBUG] TUN->SSH: 52 байт
2026-04-07 21:04:01,344 [DEBUG] SSH->TUN: 1280 байт
2026-04-07 21:04:01,344 [DEBUG] SSH->TUN: 1280 байт
2026-04-07 21:04:01,344 [DEBUG] TUN->SSH: 52 байт
2026-04-07 21:04:01,344 [DEBUG] SSH->TUN: 1280 байт
2026-04-07 21:04:01,344 [DEBUG] SSH->TUN: 1280 байт
2026-04-07 21:04:01,345 [DEBUG] TUN->SSH: 52 байт
2026-04-07 21:04:01,345 [DEBUG] SSH->TUN: 1280 байт
2026-04-07 21:04:01,345 [DEBUG] TUN->SSH: 52 байт
2026-04-07 21:04:01,346 [DEBUG] SSH->TUN: 1280 байт
2026-04-07 21:04:01,346 [DEBUG] TUN->SSH: 52 байт
2026-04-07 21:04:01,346 [DEBUG] SSH->TUN: 1280 байт
2026-04-07 21:04:01,346 [DEBUG] SSH->TUN: 1280 байт
2026-04-07 21:04:01,346 [DEBUG] TUN->SSH: 52 байт
2026-04-07 21:04:01,347 [DEBUG] SSH->TUN: 1280 байт
2026-04-07 21:04:01,347 [DEBUG] SSH->TUN: 1280 байт
2026-04-07 21:04:01,347 [DEBUG] TUN->SSH: 52 байт
2026-04-07 21:04:01,348 [DEBUG] SSH->TUN: 1280 байт
2026-04-07 21:04:01,349 [DEBUG] SSH->TUN: 1280 байт
2026-04-07 21:04:01,349 [DEBUG] TUN->SSH: 52 байт
2026-04-07 21:04:01,349 [DEBUG] SSH->TUN: 1280 байт
2026-04-07 21:04:01,349 [DEBUG] SSH->TUN: 1280 байт
2026-04-07 21:04:01,350 [DEBUG] TUN->SSH: 52 байт
2026-04-07 21:04:01,350 [DEBUG] SSH->TUN: 1280 байт
2026-04-07 21:04:01,350 [DEBUG] TUN->SSH: 52 байт
2026-04-07 21:04:01,350 [DEBUG] SSH->TUN: 1280 байт
2026-04-07 21:04:01,350 [DEBUG] TUN->SSH: 52 байт
2026-04-07 21:04:01,352 [DEBUG] SSH->TUN: 1280 байт
2026-04-07 21:04:01,353 [DEBUG] SSH->TUN: 1280 байт
2026-04-07 21:04:01,353 [DEBUG] TUN->SSH: 52 байт
2026-04-07 21:04:01,354 [DEBUG] SSH->TUN: 1280 байт
2026-04-07 21:04:01,354 [DEBUG] SSH->TUN: 1280 байт
2026-04-07 21:04:01,354 [DEBUG] TUN->SSH: 52 байт
2026-04-07 21:04:01,354 [DEBUG] SSH->TUN: 1280 байт
2026-04-07 21:04:01,355 [DEBUG] SSH->TUN: 1280 байт
2026-04-07 21:04:01,356 [DEBUG] TUN->SSH: 52 байт
2026-04-07 21:04:01,356 [DEBUG] SSH->TUN: 1280 байт
2026-04-07 21:04:01,356 [DEBUG] TUN->SSH: 52 байт
2026-04-07 21:04:01,360 [DEBUG] SSH->TUN: 1280 байт
2026-04-07 21:04:01,360 [DEBUG] TUN->SSH: 52 байт
2026-04-07 21:04:01,361 [DEBUG] SSH->TUN: 1280 байт
2026-04-07 21:04:01,361 [DEBUG] SSH->TUN: 1280 байт
2026-04-07 21:04:01,361 [DEBUG] TUN->SSH: 52 байт
2026-04-07 21:04:01,362 [DEBUG] SSH->TUN: 1280 байт
2026-04-07 21:04:01,362 [DEBUG] SSH->TUN: 1280 байт
2026-04-07 21:04:01,362 [DEBUG] TUN->SSH: 52 байт
2026-04-07 21:04:01,363 [DEBUG] SSH->TUN: 1280 байт
2026-04-07 21:04:01,363 [DEBUG] SSH->TUN: 1280 байт
2026-04-07 21:04:01,363 [DEBUG] SSH->TUN: 1280 байт
2026-04-07 21:04:01,363 [DEBUG] TUN->SSH: 52 байт
2026-04-07 21:04:01,364 [DEBUG] SSH->TUN: 1280 байт
2026-04-07 21:04:01,364 [DEBUG] TUN->SSH: 52 байт
2026-04-07 21:04:01,364 [DEBUG] SSH->TUN: 1280 байт
2026-04-07 21:04:01,365 [DEBUG] SSH->TUN: 1280 байт
2026-04-07 21:04:01,365 [DEBUG] TUN->SSH: 52 байт
2026-04-07 21:04:01,365 [DEBUG] SSH->TUN: 1280 байт
2026-04-07 21:04:01,366 [DEBUG] SSH->TUN: 1280 байт
2026-04-07 21:04:01,366 [DEBUG] TUN->SSH: 52 байт
2026-04-07 21:04:01,366 [DEBUG] SSH->TUN: 1280 байт
2026-04-07 21:04:01,366 [DEBUG] SSH->TUN: 1280 байт
2026-04-07 21:04:01,367 [DEBUG] SSH->TUN: 1280 байт
2026-04-07 21:04:01,367 [DEBUG] TUN->SSH: 52 байт
2026-04-07 21:04:01,367 [DEBUG] SSH->TUN: 1280 байт
2026-04-07 21:04:01,368 [DEBUG] TUN->SSH: 52 байт
2026-04-07 21:04:01,368 [DEBUG] SSH->TUN: 1280 байт
2026-04-07 21:04:01,368 [DEBUG] SSH->TUN: 1280 байт
2026-04-07 21:04:01,368 [DEBUG] TUN->SSH: 52 байт
2026-04-07 21:04:01,368 [DEBUG] SSH->TUN: 1280 байт
2026-04-07 21:04:01,369 [DEBUG] SSH->TUN: 1280 байт
2026-04-07 21:04:01,369 [DEBUG] TUN->SSH: 52 байт
2026-04-07 21:04:01,369 [DEBUG] SSH->TUN: 1280 байт
2026-04-07 21:04:01,370 [DEBUG] SSH->TUN: 1280 байт
2026-04-07 21:04:01,370 [DEBUG] SSH->TUN: 1280 байт
2026-04-07 21:04:01,370 [DEBUG] TUN->SSH: 52 байт
2026-04-07 21:04:01,370 [DEBUG] SSH->TUN: 1280 байт
2026-04-07 21:04:01,371 [DEBUG] TUN->SSH: 52 байт
2026-04-07 21:04:01,371 [DEBUG] SSH->TUN: 1280 байт
2026-04-07 21:04:01,371 [DEBUG] SSH->TUN: 1280 байт
2026-04-07 21:04:01,371 [DEBUG] TUN->SSH: 52 байт
2026-04-07 21:04:01,372 [DEBUG] SSH->TUN: 1280 байт
2026-04-07 21:04:01,372 [DEBUG] SSH->TUN: 1280 байт
2026-04-07 21:04:01,372 [DEBUG] TUN->SSH: 52 байт
2026-04-07 21:04:01,372 [DEBUG] SSH->TUN: 1280 байт
2026-04-07 21:04:01,373 [DEBUG] SSH->TUN: 1280 байт
2026-04-07 21:04:01,373 [DEBUG] TUN->SSH: 52 байт
2026-04-07 21:04:01,373 [DEBUG] SSH->TUN: 1280 байт
2026-04-07 21:04:01,374 [DEBUG] SSH->TUN: 1280 байт
2026-04-07 21:04:01,374 [DEBUG] TUN->SSH: 52 байт
2026-04-07 21:04:01,374 [DEBUG] SSH->TUN: 1280 байт
2026-04-07 21:04:01,375 [DEBUG] SSH->TUN: 1280 байт
2026-04-07 21:04:01,375 [DEBUG] TUN->SSH: 52 байт
2026-04-07 21:04:01,375 [DEBUG] SSH->TUN: 1280 байт
2026-04-07 21:04:01,375 [DEBUG] SSH->TUN: 1280 байт
2026-04-07 21:04:01,376 [DEBUG] TUN->SSH: 52 байт
2026-04-07 21:04:01,376 [DEBUG] SSH->TUN: 1280 байт
2026-04-07 21:04:01,376 [DEBUG] SSH->TUN: 1280 байт
2026-04-07 21:04:01,376 [DEBUG] TUN->SSH: 52 байт
2026-04-07 21:04:01,377 [DEBUG] SSH->TUN: 1280 байт
2026-04-07 21:04:01,377 [DEBUG] SSH->TUN: 1280 байт
2026-04-07 21:04:01,377 [DEBUG] SSH->TUN: 1280 байт
2026-04-07 21:04:01,377 [DEBUG] TUN->SSH: 52 байт
2026-04-07 21:04:01,380 [DEBUG] SSH->TUN: 1280 байт
2026-04-07 21:04:01,381 [DEBUG] TUN->SSH: 52 байт
2026-04-07 21:04:01,381 [DEBUG] SSH->TUN: 1280 байт
2026-04-07 21:04:01,381 [DEBUG] SSH->TUN: 1280 байт
2026-04-07 21:04:01,382 [DEBUG] TUN->SSH: 52 байт
2026-04-07 21:04:01,386 [DEBUG] SSH->TUN: 1280 байт
2026-04-07 21:04:01,386 [DEBUG] SSH->TUN: 1280 байт
2026-04-07 21:04:01,386 [DEBUG] SSH->TUN: 1280 байт
2026-04-07 21:04:01,386 [DEBUG] TUN->SSH: 52 байт
2026-04-07 21:04:01,387 [DEBUG] SSH->TUN: 1280 байт
2026-04-07 21:04:01,387 [DEBUG] SSH->TUN: 1280 байт
2026-04-07 21:04:01,387 [DEBUG] TUN->SSH: 52 байт
2026-04-07 21:04:01,388 [DEBUG] SSH->TUN: 1280 байт
2026-04-07 21:04:01,388 [DEBUG] TUN->SSH: 52 байт
2026-04-07 21:04:01,388 [DEBUG] SSH->TUN: 1280 байт
2026-04-07 21:04:01,389 [DEBUG] TUN->SSH: 52 байт
2026-04-07 21:04:01,389 [DEBUG] SSH->TUN: 1280 байт
2026-04-07 21:04:01,389 [DEBUG] SSH->TUN: 1280 байт
2026-04-07 21:04:01,389 [DEBUG] TUN->SSH: 52 байт
2026-04-07 21:04:01,390 [DEBUG] SSH->TUN: 1280 байт
2026-04-07 21:04:01,390 [DEBUG] SSH->TUN: 1280 байт
2026-04-07 21:04:01,390 [DEBUG] TUN->SSH: 52 байт
2026-04-07 21:04:01,390 [DEBUG] SSH->TUN: 1280 байт
2026-04-07 21:04:01,390 [DEBUG] SSH->TUN: 1280 байт
2026-04-07 21:04:01,390 [DEBUG] TUN->SSH: 52 байт
2026-04-07 21:04:01,392 [DEBUG] SSH->TUN: 1280 байт
2026-04-07 21:04:01,392 [DEBUG] SSH->TUN: 1280 байт
2026-04-07 21:04:01,393 [DEBUG] TUN->SSH: 52 байт
2026-04-07 21:04:01,393 [DEBUG] SSH->TUN: 1280 байт
2026-04-07 21:04:01,393 [DEBUG] SSH->TUN: 1236 байт
2026-04-07 21:04:01,393 [DEBUG] TUN->SSH: 52 байт
2026-04-07 21:04:01,393 [DEBUG] SSH->TUN: 1280 байт
2026-04-07 21:04:01,394 [DEBUG] TUN->SSH: 52 байт
2026-04-07 21:04:01,394 [DEBUG] SSH->TUN: 1280 байт
2026-04-07 21:04:01,394 [DEBUG] SSH->TUN: 1280 байт
2026-04-07 21:04:01,395 [DEBUG] SSH->TUN: 1064 байт
2026-04-07 21:04:01,395 [DEBUG] TUN->SSH: 52 байт
2026-04-07 21:04:01,396 [DEBUG] SSH->TUN: 1280 байт
2026-04-07 21:04:01,396 [DEBUG] TUN->SSH: 52 байт
2026-04-07 21:04:01,397 [DEBUG] SSH->TUN: 1280 байт
2026-04-07 21:04:01,397 [DEBUG] SSH->TUN: 1280 байт
2026-04-07 21:04:01,397 [DEBUG] TUN->SSH: 52 байт
2026-04-07 21:04:01,397 [DEBUG] SSH->TUN: 1280 байт
2026-04-07 21:04:01,399 [DEBUG] SSH->TUN: 1280 байт
2026-04-07 21:04:01,400 [DEBUG] TUN->SSH: 52 байт
2026-04-07 21:04:01,400 [DEBUG] SSH->TUN: 1280 байт
2026-04-07 21:04:01,400 [DEBUG] SSH->TUN: 1280 байт
2026-04-07 21:04:01,401 [DEBUG] SSH->TUN: 1280 байт
2026-04-07 21:04:01,401 [DEBUG] SSH->TUN: 1280 байт
2026-04-07 21:04:01,402 [DEBUG] SSH->TUN: 1280 байт
2026-04-07 21:04:01,402 [DEBUG] TUN->SSH: 52 байт
2026-04-07 21:04:01,402 [DEBUG] SSH->TUN: 1280 байт
2026-04-07 21:04:01,403 [DEBUG] SSH->TUN: 1280 байт
2026-04-07 21:04:01,403 [DEBUG] TUN->SSH: 52 байт
2026-04-07 21:04:01,404 [DEBUG] SSH->TUN: 1280 байт
2026-04-07 21:04:01,405 [DEBUG] SSH->TUN: 1280 байт
2026-04-07 21:04:01,405 [DEBUG] TUN->SSH: 52 байт
2026-04-07 21:04:01,406 [DEBUG] SSH->TUN: 1280 байт
2026-04-07 21:04:01,406 [DEBUG] SSH->TUN: 1280 байт
2026-04-07 21:04:01,406 [DEBUG] TUN->SSH: 52 байт
2026-04-07 21:04:01,407 [DEBUG] SSH->TUN: 1280 байт
2026-04-07 21:04:01,411 [DEBUG] SSH->TUN: 1280 байт
2026-04-07 21:04:01,411 [DEBUG] TUN->SSH: 52 байт
2026-04-07 21:04:01,411 [DEBUG] SSH->TUN: 1280 байт
2026-04-07 21:04:01,412 [DEBUG] SSH->TUN: 1280 байт
2026-04-07 21:04:01,412 [DEBUG] TUN->SSH: 52 байт
2026-04-07 21:04:01,412 [DEBUG] SSH->TUN: 1280 байт
2026-04-07 21:04:01,412 [DEBUG] SSH->TUN: 1280 байт
2026-04-07 21:04:01,412 [DEBUG] TUN->SSH: 52 байт
2026-04-07 21:04:01,413 [DEBUG] SSH->TUN: 1280 байт
2026-04-07 21:04:01,413 [DEBUG] SSH->TUN: 1280 байт
2026-04-07 21:04:01,413 [DEBUG] TUN->SSH: 52 байт
2026-04-07 21:04:01,413 [DEBUG] SSH->TUN: 1280 байт
2026-04-07 21:04:01,415 [DEBUG] SSH->TUN: 1280 байт
2026-04-07 21:04:01,415 [DEBUG] TUN->SSH: 52 байт
2026-04-07 21:04:01,415 [DEBUG] SSH->TUN: 1280 байт
2026-04-07 21:04:01,416 [DEBUG] SSH->TUN: 1280 байт
2026-04-07 21:04:01,416 [DEBUG] TUN->SSH: 52 байт
2026-04-07 21:04:01,416 [DEBUG] SSH->TUN: 1280 байт
2026-04-07 21:04:01,416 [DEBUG] SSH->TUN: 1280 байт
2026-04-07 21:04:01,417 [DEBUG] TUN->SSH: 52 байт
2026-04-07 21:04:01,417 [DEBUG] SSH->TUN: 1280 байт
2026-04-07 21:04:01,418 [DEBUG] SSH->TUN: 1280 байт
2026-04-07 21:04:01,418 [DEBUG] TUN->SSH: 52 байт
2026-04-07 21:04:01,418 [DEBUG] SSH->TUN: 1280 байт
2026-04-07 21:04:01,418 [DEBUG] TUN->SSH: 52 байт
2026-04-07 21:04:01,419 [DEBUG] SSH->TUN: 1280 байт
2026-04-07 21:04:01,419 [DEBUG] SSH->TUN: 1280 байт
2026-04-07 21:04:01,419 [DEBUG] SSH->TUN: 1280 байт
2026-04-07 21:04:01,419 [DEBUG] TUN->SSH: 52 байт
2026-04-07 21:04:01,420 [DEBUG] SSH->TUN: 1280 байт
2026-04-07 21:04:01,420 [DEBUG] SSH->TUN: 1280 байт
2026-04-07 21:04:01,420 [DEBUG] TUN->SSH: 52 байт
2026-04-07 21:04:01,420 [DEBUG] SSH->TUN: 1280 байт
2026-04-07 21:04:01,424 [DEBUG] SSH->TUN: 1280 байт
2026-04-07 21:04:01,424 [DEBUG] TUN->SSH: 52 байт
2026-04-07 21:04:01,424 [DEBUG] SSH->TUN: 1280 байт
2026-04-07 21:04:01,425 [DEBUG] SSH->TUN: 1280 байт
2026-04-07 21:04:01,425 [DEBUG] TUN->SSH: 52 байт
2026-04-07 21:04:01,425 [DEBUG] SSH->TUN: 1280 байт
2026-04-07 21:04:01,425 [DEBUG] TUN->SSH: 52 байт
2026-04-07 21:04:01,426 [DEBUG] SSH->TUN: 1280 байт
2026-04-07 21:04:01,429 [DEBUG] SSH->TUN: 1280 байт
2026-04-07 21:04:01,429 [DEBUG] SSH->TUN: 1280 байт
2026-04-07 21:04:01,429 [DEBUG] TUN->SSH: 52 байт
2026-04-07 21:04:01,429 [DEBUG] SSH->TUN: 1280 байт
2026-04-07 21:04:01,429 [DEBUG] SSH->TUN: 1280 байт
2026-04-07 21:04:01,430 [DEBUG] TUN->SSH: 52 байт
2026-04-07 21:04:01,430 [DEBUG] SSH->TUN: 1280 байт
2026-04-07 21:04:01,430 [DEBUG] SSH->TUN: 1280 байт
2026-04-07 21:04:01,430 [DEBUG] TUN->SSH: 52 байт
2026-04-07 21:04:01,430 [DEBUG] SSH->TUN: 1280 байт
2026-04-07 21:04:01,430 [DEBUG] SSH->TUN: 1280 байт
2026-04-07 21:04:01,431 [DEBUG] TUN->SSH: 52 байт
2026-04-07 21:04:01,439 [DEBUG] SSH->TUN: 1280 байт
2026-04-07 21:04:01,439 [DEBUG] SSH->TUN: 1280 байт
2026-04-07 21:04:01,440 [DEBUG] TUN->SSH: 52 байт
2026-04-07 21:04:01,440 [DEBUG] SSH->TUN: 1280 байт
2026-04-07 21:04:01,440 [DEBUG] SSH->TUN: 1280 байт
2026-04-07 21:04:01,440 [DEBUG] TUN->SSH: 52 байт
2026-04-07 21:04:01,441 [DEBUG] SSH->TUN: 1280 байт
2026-04-07 21:04:01,441 [DEBUG] SSH->TUN: 1280 байт
2026-04-07 21:04:01,441 [DEBUG] TUN->SSH: 52 байт
2026-04-07 21:04:01,442 [DEBUG] SSH->TUN: 1280 байт
2026-04-07 21:04:01,442 [DEBUG] SSH->TUN: 1280 байт
2026-04-07 21:04:01,442 [DEBUG] TUN->SSH: 52 байт
2026-04-07 21:04:01,442 [DEBUG] SSH->TUN: 1280 байт
2026-04-07 21:04:01,443 [DEBUG] SSH->TUN: 1280 байт
2026-04-07 21:04:01,443 [DEBUG] TUN->SSH: 52 байт
2026-04-07 21:04:01,443 [DEBUG] SSH->TUN: 1280 байт
2026-04-07 21:04:01,444 [DEBUG] TUN->SSH: 52 байт
2026-04-07 21:04:01,444 [DEBUG] SSH->TUN: 1280 байт
2026-04-07 21:04:01,444 [DEBUG] SSH->TUN: 1280 байт
2026-04-07 21:04:01,444 [DEBUG] SSH->TUN: 1280 байт
2026-04-07 21:04:01,444 [DEBUG] TUN->SSH: 52 байт
2026-04-07 21:04:01,444 [DEBUG] SSH->TUN: 1280 байт
2026-04-07 21:04:01,445 [DEBUG] SSH->TUN: 1280 байт
2026-04-07 21:04:01,445 [DEBUG] TUN->SSH: 52 байт
2026-04-07 21:04:01,445 [DEBUG] SSH->TUN: 1280 байт
2026-04-07 21:04:01,445 [DEBUG] SSH->TUN: 1280 байт
2026-04-07 21:04:01,445 [DEBUG] TUN->SSH: 52 байт
2026-04-07 21:04:01,446 [DEBUG] SSH->TUN: 1280 байт
2026-04-07 21:04:01,446 [DEBUG] SSH->TUN: 1280 байт
2026-04-07 21:04:01,446 [DEBUG] TUN->SSH: 52 байт
2026-04-07 21:04:01,446 [DEBUG] SSH->TUN: 1280 байт
2026-04-07 21:04:01,446 [DEBUG] SSH->TUN: 1280 байт
2026-04-07 21:04:01,446 [DEBUG] TUN->SSH: 52 байт
2026-04-07 21:04:01,447 [DEBUG] SSH->TUN: 1280 байт
2026-04-07 21:04:01,447 [DEBUG] SSH->TUN: 1280 байт
2026-04-07 21:04:01,447 [DEBUG] TUN->SSH: 52 байт
2026-04-07 21:04:01,447 [DEBUG] SSH->TUN: 1280 байт
2026-04-07 21:04:01,448 [DEBUG] SSH->TUN: 1280 байт
2026-04-07 21:04:01,449 [DEBUG] TUN->SSH: 52 байт
2026-04-07 21:04:01,449 [DEBUG] SSH->TUN: 1280 байт
2026-04-07 21:04:01,449 [DEBUG] SSH->TUN: 1280 байт
2026-04-07 21:04:01,449 [DEBUG] TUN->SSH: 52 байт
2026-04-07 21:04:01,450 [DEBUG] SSH->TUN: 1280 байт
2026-04-07 21:04:01,450 [DEBUG] SSH->TUN: 1280 байт
2026-04-07 21:04:01,450 [DEBUG] TUN->SSH: 52 байт
2026-04-07 21:04:01,450 [DEBUG] SSH->TUN: 1280 байт
2026-04-07 21:04:01,451 [DEBUG] SSH->TUN: 1280 байт
2026-04-07 21:04:01,451 [DEBUG] TUN->SSH: 52 байт
2026-04-07 21:04:01,451 [DEBUG] SSH->TUN: 1280 байт
2026-04-07 21:04:01,451 [DEBUG] SSH->TUN: 1280 байт
2026-04-07 21:04:01,452 [DEBUG] TUN->SSH: 52 байт
2026-04-07 21:04:01,452 [DEBUG] SSH->TUN: 1280 байт
2026-04-07 21:04:01,452 [DEBUG] SSH->TUN: 1280 байт
2026-04-07 21:04:01,452 [DEBUG] TUN->SSH: 52 байт
2026-04-07 21:04:01,452 [DEBUG] SSH->TUN: 1280 байт
2026-04-07 21:04:01,453 [DEBUG] SSH->TUN: 1280 байт
2026-04-07 21:04:01,453 [DEBUG] TUN->SSH: 52 байт
2026-04-07 21:04:01,457 [DEBUG] SSH->TUN: 1280 байт
2026-04-07 21:04:01,457 [DEBUG] SSH->TUN: 1280 байт
2026-04-07 21:04:01,457 [DEBUG] TUN->SSH: 52 байт
2026-04-07 21:04:01,457 [DEBUG] SSH->TUN: 1280 байт
2026-04-07 21:04:01,458 [DEBUG] SSH->TUN: 1280 байт
2026-04-07 21:04:01,458 [DEBUG] TUN->SSH: 52 байт
2026-04-07 21:04:01,458 [DEBUG] SSH->TUN: 1280 байт
2026-04-07 21:04:01,458 [DEBUG] SSH->TUN: 1280 байт
2026-04-07 21:04:01,459 [DEBUG] TUN->SSH: 52 байт
2026-04-07 21:04:01,459 [DEBUG] SSH->TUN: 1280 байт
2026-04-07 21:04:01,465 [DEBUG] SSH->TUN: 1280 байт
2026-04-07 21:04:01,465 [DEBUG] TUN->SSH: 52 байт
2026-04-07 21:04:01,465 [DEBUG] SSH->TUN: 1280 байт
2026-04-07 21:04:01,465 [DEBUG] SSH->TUN: 1280 байт
2026-04-07 21:04:01,465 [DEBUG] TUN->SSH: 52 байт
2026-04-07 21:04:01,466 [DEBUG] SSH->TUN: 1280 байт
2026-04-07 21:04:01,466 [DEBUG] SSH->TUN: 1280 байт
2026-04-07 21:04:01,466 [DEBUG] TUN->SSH: 52 байт
2026-04-07 21:04:01,466 [DEBUG] SSH->TUN: 1280 байт
2026-04-07 21:04:01,467 [DEBUG] SSH->TUN: 1280 байт
2026-04-07 21:04:01,467 [DEBUG] TUN->SSH: 52 байт
2026-04-07 21:04:01,468 [DEBUG] SSH->TUN: 1280 байт
2026-04-07 21:04:01,468 [DEBUG] SSH->TUN: 1280 байт
2026-04-07 21:04:01,468 [DEBUG] TUN->SSH: 52 байт
2026-04-07 21:04:01,468 [DEBUG] SSH->TUN: 1280 байт
2026-04-07 21:04:01,468 [DEBUG] SSH->TUN: 1280 байт
2026-04-07 21:04:01,469 [DEBUG] TUN->SSH: 52 байт
2026-04-07 21:04:01,469 [DEBUG] SSH->TUN: 1280 байт
2026-04-07 21:04:01,469 [DEBUG] SSH->TUN: 1280 байт
2026-04-07 21:04:01,469 [DEBUG] TUN->SSH: 52 байт
2026-04-07 21:04:01,469 [DEBUG] SSH->TUN: 1280 байт
2026-04-07 21:04:01,469 [DEBUG] SSH->TUN: 848 байт
2026-04-07 21:04:01,470 [DEBUG] TUN->SSH: 52 байт
2026-04-07 21:04:01,725 [DEBUG] TUN->SSH: 349 байт
2026-04-07 21:04:01,774 [DEBUG] SSH->TUN: 52 байт
2026-04-07 21:04:01,853 [DEBUG] SSH->TUN: 816 байт
2026-04-07 21:04:01,854 [DEBUG] TUN->SSH: 52 байт
2026-04-07 21:04:01,854 [DEBUG] SSH->TUN: 1280 байт
2026-04-07 21:04:01,855 [DEBUG] TUN->SSH: 52 байт
2026-04-07 21:04:01,855 [DEBUG] SSH->TUN: 340 байт
2026-04-07 21:04:01,856 [DEBUG] TUN->SSH: 52 байт
2026-04-07 21:04:01,857 [DEBUG] TUN->SSH: 381 байт
2026-04-07 21:04:01,905 [DEBUG] SSH->TUN: 52 байт
2026-04-07 21:04:01,975 [DEBUG] SSH->TUN: 1280 байт
2026-04-07 21:04:01,976 [DEBUG] SSH->TUN: 148 байт
2026-04-07 21:04:01,976 [DEBUG] TUN->SSH: 52 байт
2026-04-07 21:04:02,168 [DEBUG] TUN->SSH: 60 байт
2026-04-07 21:04:02,169 [DEBUG] TUN->SSH: 60 байт
2026-04-07 21:04:02,169 [DEBUG] TUN->SSH: 60 байт
2026-04-07 21:04:02,169 [DEBUG] TUN->SSH: 60 байт
2026-04-07 21:04:02,170 [DEBUG] TUN->SSH: 60 байт
2026-04-07 21:04:02,170 [DEBUG] TUN->SSH: 60 байт
2026-04-07 21:04:02,808 [DEBUG] TUN->SSH: 88 байт
2026-04-07 21:04:03,094 [DEBUG] SSH->TUN: 52 байт
2026-04-07 21:04:03,094 [DEBUG] TUN->SSH: 88 байт
2026-04-07 21:04:03,095 [DEBUG] TUN->SSH: 250 байт
2026-04-07 21:04:03,317 [DEBUG] SSH->TUN: 52 байт
2026-04-07 21:04:03,318 [DEBUG] SSH->TUN: 52 байт
2026-04-07 21:04:03,318 [DEBUG] SSH->TUN: 78 байт
2026-04-07 21:04:03,319 [DEBUG] TUN->SSH: 52 байт
2026-04-07 21:04:03,319 [DEBUG] SSH->TUN: 76 байт
2026-04-07 21:04:03,319 [DEBUG] TUN->SSH: 52 байт
2026-04-07 21:04:03,320 [DEBUG] TUN->SSH: 52 байт
2026-04-07 21:04:03,320 [DEBUG] SSH->TUN: 52 байт
2026-04-07 21:04:03,320 [DEBUG] TUN->SSH: 52 байт
2026-04-07 21:04:03,321 [DEBUG] TUN->SSH: 52 байт
2026-04-07 21:04:03,584 [DEBUG] TUN->SSH: 52 байт
2026-04-07 21:04:03,606 [DEBUG] SSH->TUN: 52 байт
2026-04-07 21:04:03,996 [DEBUG] TUN->SSH: 60 байт
2026-04-07 21:04:04,036 [DEBUG] SSH->TUN: 60 байт
2026-04-07 21:04:04,036 [DEBUG] TUN->SSH: 52 байт
2026-04-07 21:04:04,036 [DEBUG] TUN->SSH: 110 байт
2026-04-07 21:04:04,073 [DEBUG] SSH->TUN: 52 байт
2026-04-07 21:04:04,076 [DEBUG] SSH->TUN: 97 байт
2026-04-07 21:04:04,076 [DEBUG] TUN->SSH: 52 байт
2026-04-07 21:04:04,076 [DEBUG] SSH->TUN: 109 байт
2026-04-07 21:04:04,076 [DEBUG] TUN->SSH: 52 байт
2026-04-07 21:04:04,077 [DEBUG] TUN->SSH: 52 байт
2026-04-07 21:04:04,077 [DEBUG] TUN->SSH: 60 байт
2026-04-07 21:04:04,120 [DEBUG] TUN->SSH: 52 байт
2026-04-07 21:04:04,120 [DEBUG] SSH->TUN: 52 байт
2026-04-07 21:04:04,121 [DEBUG] SSH->TUN: 60 байт
2026-04-07 21:04:04,121 [DEBUG] TUN->SSH: 52 байт
2026-04-07 21:04:04,121 [DEBUG] TUN->SSH: 1280 байт
2026-04-07 21:04:04,122 [DEBUG] TUN->SSH: 814 байт
2026-04-07 21:04:04,155 [DEBUG] TUN->SSH: 52 байт
2026-04-07 21:04:04,161 [DEBUG] SSH->TUN: 52 байт
2026-04-07 21:04:04,161 [DEBUG] SSH->TUN: 52 байт
2026-04-07 21:04:04,162 [DEBUG] SSH->TUN: 1280 байт
2026-04-07 21:04:04,162 [DEBUG] TUN->SSH: 52 байт
2026-04-07 21:04:04,162 [DEBUG] SSH->TUN: 1280 байт
2026-04-07 21:04:04,163 [DEBUG] TUN->SSH: 52 байт
2026-04-07 21:04:04,170 [DEBUG] SSH->TUN: 788 байт
2026-04-07 21:04:04,171 [DEBUG] TUN->SSH: 52 байт
2026-04-07 21:04:04,171 [DEBUG] TUN->SSH: 116 байт
2026-04-07 21:04:04,172 [DEBUG] TUN->SSH: 144 байт
2026-04-07 21:04:04,172 [DEBUG] TUN->SSH: 1280 байт
2026-04-07 21:04:04,173 [DEBUG] TUN->SSH: 1280 байт
2026-04-07 21:04:04,173 [DEBUG] TUN->SSH: 764 байт
2026-04-07 21:04:04,173 [DEBUG] TUN->SSH: 1280 байт
2026-04-07 21:04:04,174 [DEBUG] TUN->SSH: 1280 байт
2026-04-07 21:04:04,174 [DEBUG] TUN->SSH: 771 байт
2026-04-07 21:04:04,175 [DEBUG] TUN->SSH: 1280 байт
2026-04-07 21:04:04,175 [DEBUG] TUN->SSH: 1280 байт
2026-04-07 21:04:04,216 [DEBUG] TUN->SSH: 60 байт
2026-04-07 21:04:04,216 [DEBUG] TUN->SSH: 60 байт
2026-04-07 21:04:04,217 [DEBUG] TUN->SSH: 60 байт
2026-04-07 21:04:04,217 [DEBUG] TUN->SSH: 60 байт
2026-04-07 21:04:04,218 [DEBUG] TUN->SSH: 60 байт
2026-04-07 21:04:04,218 [DEBUG] SSH->TUN: 580 байт
2026-04-07 21:04:04,218 [DEBUG] TUN->SSH: 60 байт
2026-04-07 21:04:04,218 [DEBUG] SSH->TUN: 83 байт
2026-04-07 21:04:04,219 [DEBUG] TUN->SSH: 1280 байт
2026-04-07 21:04:04,219 [DEBUG] TUN->SSH: 1280 байт
2026-04-07 21:04:04,219 [DEBUG] SSH->TUN: 52 байт
2026-04-07 21:04:04,220 [DEBUG] TUN->SSH: 1280 байт
2026-04-07 21:04:04,220 [DEBUG] SSH->TUN: 52 байт
2026-04-07 21:04:04,220 [DEBUG] TUN->SSH: 1280 байт
2026-04-07 21:04:04,220 [DEBUG] TUN->SSH: 1280 байт
2026-04-07 21:04:04,220 [DEBUG] TUN->SSH: 1280 байт
2026-04-07 21:04:04,221 [DEBUG] TUN->SSH: 1280 байт
2026-04-07 21:04:04,221 [DEBUG] TUN->SSH: 1280 байт
2026-04-07 21:04:04,221 [DEBUG] TUN->SSH: 1280 байт
2026-04-07 21:04:04,221 [DEBUG] TUN->SSH: 1280 байт
2026-04-07 21:04:04,222 [DEBUG] TUN->SSH: 1280 байт
2026-04-07 21:04:04,222 [DEBUG] TUN->SSH: 1280 байт
2026-04-07 21:04:04,222 [DEBUG] TUN->SSH: 1280 байт
2026-04-07 21:04:04,222 [DEBUG] TUN->SSH: 778 байт
2026-04-07 21:04:04,248 [DEBUG] SSH->TUN: 52 байт
2026-04-07 21:04:04,258 [DEBUG] SSH->TUN: 52 байт
2026-04-07 21:04:04,258 [DEBUG] SSH->TUN: 52 байт
2026-04-07 21:04:04,304 [DEBUG] SSH->TUN: 52 байт
2026-04-07 21:04:04,513 [DEBUG] SSH->TUN: 533 байт
2026-04-07 21:04:04,514 [DEBUG] SSH->TUN: 481 байт
2026-04-07 21:04:04,514 [DEBUG] TUN->SSH: 52 байт
2026-04-07 21:04:04,514 [DEBUG] SSH->TUN: 145 байт
2026-04-07 21:04:04,515 [DEBUG] SSH->TUN: 140 байт
2026-04-07 21:04:04,515 [DEBUG] SSH->TUN: 154 байт
2026-04-07 21:04:04,515 [DEBUG] SSH->TUN: 1280 байт
2026-04-07 21:04:04,515 [DEBUG] SSH->TUN: 215 байт
2026-04-07 21:04:04,515 [DEBUG] SSH->TUN: 1280 байт
2026-04-07 21:04:04,516 [DEBUG] TUN->SSH: 52 байт
2026-04-07 21:04:04,516 [DEBUG] SSH->TUN: 309 байт
2026-04-07 21:04:04,516 [DEBUG] SSH->TUN: 142 байт
2026-04-07 21:04:04,518 [DEBUG] TUN->SSH: 52 байт
2026-04-07 21:04:04,532 [DEBUG] SSH->TUN: 170 байт
2026-04-07 21:04:04,532 [DEBUG] SSH->TUN: 83 байт
2026-04-07 21:04:04,533 [DEBUG] TUN->SSH: 52 байт
2026-04-07 21:04:04,533 [DEBUG] SSH->TUN: 144 байт
2026-04-07 21:04:04,533 [DEBUG] SSH->TUN: 85 байт
2026-04-07 21:04:04,533 [DEBUG] TUN->SSH: 52 байт
2026-04-07 21:04:04,534 [DEBUG] SSH->TUN: 83 байт
2026-04-07 21:04:04,534 [DEBUG] SSH->TUN: 142 байт
2026-04-07 21:04:04,534 [DEBUG] TUN->SSH: 52 байт
2026-04-07 21:04:04,544 [DEBUG] SSH->TUN: 545 байт
2026-04-07 21:04:04,545 [DEBUG] SSH->TUN: 83 байт
2026-04-07 21:04:04,545 [DEBUG] TUN->SSH: 52 байт
2026-04-07 21:04:04,545 [DEBUG] SSH->TUN: 137 байт
2026-04-07 21:04:04,546 [DEBUG] SSH->TUN: 109 байт
2026-04-07 21:04:04,546 [DEBUG] TUN->SSH: 52 байт
2026-04-07 21:04:04,546 [DEBUG] SSH->TUN: 83 байт
2026-04-07 21:04:04,546 [DEBUG] SSH->TUN: 141 байт
2026-04-07 21:04:04,547 [DEBUG] SSH->TUN: 143 байт
2026-04-07 21:04:04,547 [DEBUG] SSH->TUN: 83 байт
2026-04-07 21:04:04,547 [DEBUG] TUN->SSH: 52 байт
2026-04-07 21:04:05,051 [DEBUG] TUN->SSH: 60 байт
2026-04-07 21:04:05,052 [DEBUG] TUN->SSH: 60 байт
2026-04-07 21:04:05,052 [DEBUG] TUN->SSH: 60 байт
2026-04-07 21:04:05,052 [DEBUG] TUN->SSH: 60 байт
2026-04-07 21:04:05,053 [DEBUG] TUN->SSH: 60 байт
2026-04-07 21:04:05,053 [DEBUG] TUN->SSH: 60 байт
2026-04-07 21:04:05,053 [DEBUG] TUN->SSH: 60 байт
2026-04-07 21:04:05,053 [DEBUG] TUN->SSH: 60 байт
2026-04-07 21:04:05,058 [DEBUG] TUN->SSH: 60 байт
2026-04-07 21:04:05,059 [DEBUG] TUN->SSH: 60 байт
2026-04-07 21:04:05,059 [DEBUG] TUN->SSH: 60 байт
2026-04-07 21:04:05,059 [DEBUG] TUN->SSH: 60 байт
2026-04-07 21:04:05,060 [DEBUG] TUN->SSH: 60 байт
2026-04-07 21:04:05,060 [DEBUG] TUN->SSH: 60 байт
2026-04-07 21:04:05,097 [DEBUG] SSH->TUN: 60 байт
2026-04-07 21:04:05,097 [DEBUG] TUN->SSH: 52 байт
2026-04-07 21:04:05,097 [DEBUG] SSH->TUN: 60 байт
2026-04-07 21:04:05,097 [DEBUG] TUN->SSH: 120 байт
2026-04-07 21:04:05,098 [DEBUG] TUN->SSH: 52 байт
2026-04-07 21:04:05,098 [DEBUG] TUN->SSH: 144 байт
2026-04-07 21:04:05,124 [DEBUG] TUN->SSH: 52 байт
2026-04-07 21:04:05,124 [DEBUG] SSH->TUN: 60 байт
2026-04-07 21:04:05,124 [DEBUG] TUN->SSH: 333 байт
2026-04-07 21:04:05,124 [DEBUG] SSH->TUN: 60 байт
2026-04-07 21:04:05,125 [DEBUG] TUN->SSH: 52 байт
2026-04-07 21:04:05,125 [DEBUG] SSH->TUN: 60 байт
2026-04-07 21:04:05,125 [DEBUG] TUN->SSH: 514 байт
2026-04-07 21:04:05,125 [DEBUG] TUN->SSH: 52 байт
2026-04-07 21:04:05,126 [DEBUG] TUN->SSH: 377 байт
2026-04-07 21:04:05,128 [DEBUG] SSH->TUN: 60 байт
2026-04-07 21:04:05,128 [DEBUG] TUN->SSH: 52 байт
2026-04-07 21:04:05,128 [DEBUG] SSH->TUN: 60 байт
2026-04-07 21:04:05,128 [DEBUG] TUN->SSH: 558 байт
2026-04-07 21:04:05,129 [DEBUG] SSH->TUN: 60 байт
2026-04-07 21:04:05,129 [DEBUG] TUN->SSH: 52 байт
2026-04-07 21:04:05,129 [DEBUG] TUN->SSH: 297 байт
2026-04-07 21:04:05,129 [DEBUG] TUN->SSH: 52 байт
2026-04-07 21:04:05,129 [DEBUG] TUN->SSH: 510 байт
2026-04-07 21:04:05,132 [DEBUG] SSH->TUN: 52 байт
2026-04-07 21:04:05,132 [DEBUG] SSH->TUN: 52 байт
2026-04-07 21:04:05,132 [DEBUG] SSH->TUN: 142 байт
2026-04-07 21:04:05,133 [DEBUG] TUN->SSH: 52 байт
2026-04-07 21:04:05,155 [DEBUG] SSH->TUN: 154 байт
2026-04-07 21:04:05,155 [DEBUG] TUN->SSH: 52 байт
2026-04-07 21:04:05,155 [DEBUG] SSH->TUN: 118 байт
2026-04-07 21:04:05,156 [DEBUG] TUN->SSH: 52 байт
2026-04-07 21:04:05,156 [DEBUG] TUN->SSH: 52 байт
2026-04-07 21:04:05,156 [DEBUG] SSH->TUN: 130 байт
2026-04-07 21:04:05,156 [DEBUG] TUN->SSH: 60 байт
2026-04-07 21:04:05,156 [DEBUG] TUN->SSH: 60 байт
2026-04-07 21:04:05,157 [DEBUG] TUN->SSH: 52 байт
2026-04-07 21:04:05,157 [DEBUG] TUN->SSH: 52 байт
2026-04-07 21:04:05,157 [DEBUG] TUN->SSH: 60 байт
2026-04-07 21:04:05,175 [DEBUG] SSH->TUN: 193 байт
2026-04-07 21:04:05,175 [DEBUG] TUN->SSH: 52 байт
2026-04-07 21:04:05,176 [DEBUG] TUN->SSH: 52 байт
2026-04-07 21:04:05,176 [DEBUG] SSH->TUN: 375 байт
2026-04-07 21:04:05,176 [DEBUG] TUN->SSH: 237 байт
2026-04-07 21:04:05,176 [DEBUG] TUN->SSH: 52 байт
2026-04-07 21:04:05,179 [DEBUG] SSH->TUN: 173 байт
2026-04-07 21:04:05,180 [DEBUG] TUN->SSH: 52 байт
2026-04-07 21:04:05,180 [DEBUG] TUN->SSH: 52 байт
2026-04-07 21:04:05,180 [DEBUG] TUN->SSH: 317 байт
2026-04-07 21:04:05,181 [DEBUG] TUN->SSH: 40 байт
2026-04-07 21:04:05,181 [DEBUG] SSH->TUN: 294 байт
2026-04-07 21:04:05,191 [DEBUG] SSH->TUN: 253 байт
2026-04-07 21:04:05,191 [DEBUG] TUN->SSH: 52 байт
2026-04-07 21:04:05,192 [DEBUG] SSH->TUN: 307 байт
2026-04-07 21:04:05,192 [DEBUG] TUN->SSH: 52 байт
2026-04-07 21:04:05,192 [DEBUG] TUN->SSH: 189 байт
2026-04-07 21:04:05,192 [DEBUG] SSH->TUN: 52 байт
2026-04-07 21:04:05,192 [DEBUG] TUN->SSH: 40 байт
2026-04-07 21:04:05,193 [DEBUG] SSH->TUN: 52 байт
2026-04-07 21:04:05,193 [DEBUG] TUN->SSH: 52 байт
2026-04-07 21:04:05,193 [DEBUG] SSH->TUN: 60 байт
2026-04-07 21:04:05,193 [DEBUG] TUN->SSH: 52 байт
2026-04-07 21:04:05,194 [DEBUG] TUN->SSH: 52 байт
2026-04-07 21:04:05,195 [DEBUG] TUN->SSH: 569 байт
2026-04-07 21:04:05,206 [DEBUG] SSH->TUN: 60 байт
2026-04-07 21:04:05,206 [DEBUG] TUN->SSH: 52 байт
2026-04-07 21:04:05,206 [DEBUG] SSH->TUN: 60 байт
2026-04-07 21:04:05,206 [DEBUG] TUN->SSH: 52 байт
2026-04-07 21:04:05,208 [DEBUG] TUN->SSH: 569 байт
2026-04-07 21:04:05,208 [DEBUG] TUN->SSH: 569 байт
2026-04-07 21:04:05,233 [DEBUG] SSH->TUN: 60 байт
2026-04-07 21:04:05,233 [DEBUG] TUN->SSH: 52 байт
2026-04-07 21:04:05,233 [DEBUG] SSH->TUN: 60 байт
2026-04-07 21:04:05,234 [DEBUG] TUN->SSH: 313 байт
2026-04-07 21:04:05,234 [DEBUG] TUN->SSH: 52 байт
2026-04-07 21:04:05,234 [DEBUG] SSH->TUN: 52 байт
2026-04-07 21:04:05,235 [DEBUG] TUN->SSH: 423 байт
2026-04-07 21:04:05,235 [DEBUG] SSH->TUN: 205 байт
2026-04-07 21:04:05,235 [DEBUG] TUN->SSH: 40 байт
2026-04-07 21:04:05,237 [DEBUG] SSH->TUN: 52 байт
2026-04-07 21:04:05,237 [DEBUG] SSH->TUN: 832 байт
2026-04-07 21:04:05,238 [DEBUG] TUN->SSH: 445 байт
2026-04-07 21:04:05,239 [DEBUG] SSH->TUN: 1280 байт
2026-04-07 21:04:05,239 [DEBUG] TUN->SSH: 52 байт
2026-04-07 21:04:05,240 [DEBUG] SSH->TUN: 1280 байт
2026-04-07 21:04:05,241 [DEBUG] TUN->SSH: 52 байт
2026-04-07 21:04:05,241 [DEBUG] SSH->TUN: 475 байт
2026-04-07 21:04:05,241 [DEBUG] TUN->SSH: 52 байт
2026-04-07 21:04:05,241 [DEBUG] TUN->SSH: 52 байт
2026-04-07 21:04:05,242 [DEBUG] SSH->TUN: 52 байт
2026-04-07 21:04:05,242 [DEBUG] TUN->SSH: 40 байт
2026-04-07 21:04:05,243 [DEBUG] SSH->TUN: 656 байт
2026-04-07 21:04:05,244 [DEBUG] TUN->SSH: 52 байт
2026-04-07 21:04:05,244 [DEBUG] TUN->SSH: 52 байт
2026-04-07 21:04:05,245 [DEBUG] TUN->SSH: 132 байт
2026-04-07 21:04:05,245 [DEBUG] SSH->TUN: 688 байт
2026-04-07 21:04:05,245 [DEBUG] TUN->SSH: 52 байт
2026-04-07 21:04:05,246 [DEBUG] TUN->SSH: 52 байт
2026-04-07 21:04:05,246 [DEBUG] TUN->SSH: 413 байт
2026-04-07 21:04:05,248 [DEBUG] TUN->SSH: 52 байт
2026-04-07 21:04:05,248 [DEBUG] SSH->TUN: 52 байт
2026-04-07 21:04:05,251 [DEBUG] SSH->TUN: 52 байт
2026-04-07 21:04:05,252 [DEBUG] SSH->TUN: 205 байт
2026-04-07 21:04:05,253 [DEBUG] SSH->TUN: 60 байт
2026-04-07 21:04:05,253 [DEBUG] TUN->SSH: 40 байт
2026-04-07 21:04:05,253 [DEBUG] SSH->TUN: 60 байт
2026-04-07 21:04:05,254 [DEBUG] TUN->SSH: 40 байт
2026-04-07 21:04:05,257 [DEBUG] SSH->TUN: 60 байт
2026-04-07 21:04:05,257 [DEBUG] TUN->SSH: 52 байт
2026-04-07 21:04:05,257 [DEBUG] SSH->TUN: 60 байт
2026-04-07 21:04:05,257 [DEBUG] TUN->SSH: 345 байт
2026-04-07 21:04:05,258 [DEBUG] TUN->SSH: 52 байт
2026-04-07 21:04:05,258 [DEBUG] TUN->SSH: 493 байт
2026-04-07 21:04:05,261 [DEBUG] SSH->TUN: 52 байт
2026-04-07 21:04:05,261 [DEBUG] SSH->TUN: 1280 байт
2026-04-07 21:04:05,262 [DEBUG] TUN->SSH: 52 байт
2026-04-07 21:04:05,262 [DEBUG] SSH->TUN: 1280 байт
2026-04-07 21:04:05,262 [DEBUG] TUN->SSH: 52 байт
2026-04-07 21:04:05,262 [DEBUG] SSH->TUN: 559 байт
2026-04-07 21:04:05,262 [DEBUG] TUN->SSH: 52 байт
2026-04-07 21:04:05,266 [DEBUG] TUN->SSH: 132 байт
2026-04-07 21:04:05,272 [DEBUG] SSH->TUN: 1280 байт
2026-04-07 21:04:05,273 [DEBUG] TUN->SSH: 40 байт
2026-04-07 21:04:05,273 [DEBUG] SSH->TUN: 1280 байт
2026-04-07 21:04:05,273 [DEBUG] TUN->SSH: 40 байт
2026-04-07 21:04:05,273 [DEBUG] SSH->TUN: 559 байт
2026-04-07 21:04:05,274 [DEBUG] TUN->SSH: 40 байт
2026-04-07 21:04:05,286 [DEBUG] TUN->SSH: 52 байт
2026-04-07 21:04:05,287 [DEBUG] TUN->SSH: 40 байт
2026-04-07 21:04:05,287 [DEBUG] SSH->TUN: 612 байт
2026-04-07 21:04:05,287 [DEBUG] SSH->TUN: 52 байт
2026-04-07 21:04:05,287 [DEBUG] TUN->SSH: 40 байт
2026-04-07 21:04:05,293 [DEBUG] TUN->SSH: 52 байт
2026-04-07 21:04:05,293 [DEBUG] SSH->TUN: 52 байт
2026-04-07 21:04:05,294 [DEBUG] TUN->SSH: 40 байт
2026-04-07 21:04:05,308 [DEBUG] SSH->TUN: 736 байт
2026-04-07 21:04:05,308 [DEBUG] TUN->SSH: 52 байт
2026-04-07 21:04:05,308 [DEBUG] SSH->TUN: 656 байт
2026-04-07 21:04:05,309 [DEBUG] TUN->SSH: 52 байт
2026-04-07 21:04:05,309 [DEBUG] TUN->SSH: 52 байт
2026-04-07 21:04:05,309 [DEBUG] TUN->SSH: 395 байт
2026-04-07 21:04:05,310 [DEBUG] TUN->SSH: 52 байт
2026-04-07 21:04:05,328 [DEBUG] SSH->TUN: 700 байт
2026-04-07 21:04:05,329 [DEBUG] TUN->SSH: 40 байт
2026-04-07 21:04:05,363 [DEBUG] SSH->TUN: 83 байт
2026-04-07 21:04:05,363 [DEBUG] TUN->SSH: 40 байт
2026-04-07 21:04:05,364 [DEBUG] SSH->TUN: 52 байт
2026-04-07 21:04:05,364 [DEBUG] TUN->SSH: 40 байт
2026-04-07 21:04:05,397 [DEBUG] SSH->TUN: 165 байт
2026-04-07 21:04:05,398 [DEBUG] TUN->SSH: 40 байт
2026-04-07 21:04:05,398 [DEBUG] SSH->TUN: 323 байт
2026-04-07 21:04:05,398 [DEBUG] TUN->SSH: 40 байт
2026-04-07 21:04:05,404 [DEBUG] SSH->TUN: 52 байт
2026-04-07 21:04:05,404 [DEBUG] TUN->SSH: 40 байт
2026-04-07 21:04:05,410 [DEBUG] SSH->TUN: 52 байт
2026-04-07 21:04:05,410 [DEBUG] TUN->SSH: 40 байт
2026-04-07 21:04:05,468 [DEBUG] SSH->TUN: 193 байт
2026-04-07 21:04:05,469 [DEBUG] TUN->SSH: 40 байт
2026-04-07 21:04:05,469 [DEBUG] SSH->TUN: 347 байт
2026-04-07 21:04:05,469 [DEBUG] TUN->SSH: 40 байт
2026-04-07 21:04:05,564 [DEBUG] TUN->SSH: 52 байт
2026-04-07 21:04:05,565 [DEBUG] SSH->TUN: 52 байт
2026-04-07 21:04:05,565 [DEBUG] TUN->SSH: 40 байт
2026-04-07 21:04:05,565 [DEBUG] SSH->TUN: 52 байт
2026-04-07 21:04:05,565 [DEBUG] TUN->SSH: 40 байт
2026-04-07 21:04:05,880 [DEBUG] TUN->SSH: 52 байт
2026-04-07 21:04:06,054 [DEBUG] TUN->SSH: 189 байт
2026-04-07 21:04:06,107 [DEBUG] SSH->TUN: 52 байт
2026-04-07 21:04:07,353 [DEBUG] TUN->SSH: 52 байт
2026-04-07 21:04:07,805 [DEBUG] TUN->SSH: 60 байт
2026-04-07 21:04:07,854 [DEBUG] SSH->TUN: 60 байт
2026-04-07 21:04:07,855 [DEBUG] TUN->SSH: 52 байт
2026-04-07 21:04:07,855 [DEBUG] TUN->SSH: 150 байт
2026-04-07 21:04:07,928 [DEBUG] TUN->SSH: 52 байт
2026-04-07 21:04:07,936 [DEBUG] SSH->TUN: 52 байт
2026-04-07 21:04:07,936 [DEBUG] SSH->TUN: 181 байт
2026-04-07 21:04:07,937 [DEBUG] TUN->SSH: 52 байт
2026-04-07 21:04:07,937 [DEBUG] SSH->TUN: 229 байт
2026-04-07 21:04:07,937 [DEBUG] TUN->SSH: 52 байт
2026-04-07 21:04:07,938 [DEBUG] TUN->SSH: 52 байт
2026-04-07 21:04:07,938 [DEBUG] TUN->SSH: 60 байт
2026-04-07 21:04:07,971 [DEBUG] TUN->SSH: 52 байт
2026-04-07 21:04:07,971 [DEBUG] SSH->TUN: 52 байт
2026-04-07 21:04:08,100 [DEBUG] SSH->TUN: 60 байт
2026-04-07 21:04:08,100 [DEBUG] TUN->SSH: 52 байт
2026-04-07 21:04:08,101 [DEBUG] TUN->SSH: 1280 байт
2026-04-07 21:04:08,101 [DEBUG] TUN->SSH: 918 байт
2026-04-07 21:04:08,261 [DEBUG] SSH->TUN: 52 байт
2026-04-07 21:04:08,262 [DEBUG] SSH->TUN: 52 байт
2026-04-07 21:04:08,262 [DEBUG] SSH->TUN: 1280 байт
2026-04-07 21:04:08,263 [DEBUG] TUN->SSH: 52 байт
2026-04-07 21:04:08,263 [DEBUG] SSH->TUN: 1280 байт
2026-04-07 21:04:08,264 [DEBUG] TUN->SSH: 52 байт
2026-04-07 21:04:08,264 [DEBUG] TUN->SSH: 52 байт
2026-04-07 21:04:08,264 [DEBUG] SSH->TUN: 1280 байт
2026-04-07 21:04:08,265 [DEBUG] SSH->TUN: 464 байт
2026-04-07 21:04:08,265 [DEBUG] TUN->SSH: 52 байт
2026-04-07 21:04:08,265 [DEBUG] SSH->TUN: 929 байт
2026-04-07 21:04:08,265 [DEBUG] TUN->SSH: 52 байт
2026-04-07 21:04:08,266 [DEBUG] TUN->SSH: 132 байт
2026-04-07 21:04:08,266 [DEBUG] TUN->SSH: 782 байт
2026-04-07 21:04:08,513 [DEBUG] SSH->TUN: 371 байт
2026-04-07 21:04:08,513 [DEBUG] SSH->TUN: 371 байт
2026-04-07 21:04:08,513 [DEBUG] TUN->SSH: 52 байт
2026-04-07 21:04:08,513 [DEBUG] SSH->TUN: 357 байт
2026-04-07 21:04:08,516 [DEBUG] TUN->SSH: 126 байт
2026-04-07 21:04:08,518 [DEBUG] TUN->SSH: 126 байт
2026-04-07 21:04:08,753 [DEBUG] SSH->TUN: 52 байт
2026-04-07 21:04:09,976 [DEBUG] TUN->SSH: 52 байт
2026-04-07 21:04:10,055 [DEBUG] TUN->SSH: 60 байт
2026-04-07 21:04:10,094 [DEBUG] SSH->TUN: 60 байт
2026-04-07 21:04:10,094 [DEBUG] TUN->SSH: 52 байт
2026-04-07 21:04:10,095 [DEBUG] TUN->SSH: 97 байт
2026-04-07 21:04:10,140 [DEBUG] SSH->TUN: 52 байт
2026-04-07 21:04:10,141 [DEBUG] SSH->TUN: 97 байт
2026-04-07 21:04:10,141 [DEBUG] TUN->SSH: 52 байт
2026-04-07 21:04:10,141 [DEBUG] TUN->SSH: 52 байт
2026-04-07 21:04:10,141 [DEBUG] TUN->SSH: 60 байт
2026-04-07 21:04:10,177 [DEBUG] SSH->TUN: 60 байт
2026-04-07 21:04:10,178 [DEBUG] TUN->SSH: 52 байт
2026-04-07 21:04:10,178 [DEBUG] TUN->SSH: 94 байт
2026-04-07 21:04:10,181 [DEBUG] TUN->SSH: 52 байт
2026-04-07 21:04:10,181 [DEBUG] SSH->TUN: 52 байт
2026-04-07 21:04:10,215 [DEBUG] SSH->TUN: 52 байт
2026-04-07 21:04:10,215 [DEBUG] SSH->TUN: 94 байт
2026-04-07 21:04:10,216 [DEBUG] TUN->SSH: 52 байт
2026-04-07 21:04:10,216 [DEBUG] TUN->SSH: 52 байт
2026-04-07 21:04:10,216 [DEBUG] TUN->SSH: 60 байт
2026-04-07 21:04:10,264 [DEBUG] TUN->SSH: 52 байт
2026-04-07 21:04:10,264 [DEBUG] SSH->TUN: 52 байт
2026-04-07 21:04:10,264 [DEBUG] SSH->TUN: 60 байт
2026-04-07 21:04:10,265 [DEBUG] TUN->SSH: 52 байт
2026-04-07 21:04:10,265 [DEBUG] TUN->SSH: 98 байт
2026-04-07 21:04:10,337 [DEBUG] SSH->TUN: 52 байт
2026-04-07 21:04:10,337 [DEBUG] SSH->TUN: 98 байт
2026-04-07 21:04:10,338 [DEBUG] TUN->SSH: 52 байт
2026-04-07 21:04:10,338 [DEBUG] TUN->SSH: 52 байт
2026-04-07 21:04:10,338 [DEBUG] TUN->SSH: 60 байт
2026-04-07 21:04:10,380 [DEBUG] SSH->TUN: 52 байт
2026-04-07 21:04:10,380 [DEBUG] TUN->SSH: 52 байт
2026-04-07 21:04:10,380 [DEBUG] SSH->TUN: 60 байт
2026-04-07 21:04:10,380 [DEBUG] TUN->SSH: 52 байт
2026-04-07 21:04:10,381 [DEBUG] TUN->SSH: 93 байт
2026-04-07 21:04:10,422 [DEBUG] SSH->TUN: 52 байт
2026-04-07 21:04:10,423 [DEBUG] SSH->TUN: 93 байт
2026-04-07 21:04:10,423 [DEBUG] TUN->SSH: 52 байт
2026-04-07 21:04:10,423 [DEBUG] TUN->SSH: 52 байт
2026-04-07 21:04:10,424 [DEBUG] TUN->SSH: 60 байт
2026-04-07 21:04:10,457 [DEBUG] SSH->TUN: 52 байт
2026-04-07 21:04:10,458 [DEBUG] TUN->SSH: 52 байт
2026-04-07 21:04:10,458 [DEBUG] SSH->TUN: 60 байт
2026-04-07 21:04:10,458 [DEBUG] TUN->SSH: 52 байт
2026-04-07 21:04:10,459 [DEBUG] TUN->SSH: 95 байт
2026-04-07 21:04:10,501 [DEBUG] SSH->TUN: 52 байт
2026-04-07 21:04:10,501 [DEBUG] SSH->TUN: 95 байт
2026-04-07 21:04:10,502 [DEBUG] TUN->SSH: 52 байт
2026-04-07 21:04:10,502 [DEBUG] TUN->SSH: 52 байт
2026-04-07 21:04:10,502 [DEBUG] TUN->SSH: 60 байт
2026-04-07 21:04:10,535 [DEBUG] SSH->TUN: 52 байт
2026-04-07 21:04:10,535 [DEBUG] TUN->SSH: 52 байт
2026-04-07 21:04:10,536 [DEBUG] SSH->TUN: 60 байт
2026-04-07 21:04:10,537 [DEBUG] TUN->SSH: 52 байт
2026-04-07 21:04:10,537 [DEBUG] TUN->SSH: 95 байт
2026-04-07 21:04:10,573 [DEBUG] SSH->TUN: 52 байт
2026-04-07 21:04:10,573 [DEBUG] SSH->TUN: 95 байт
2026-04-07 21:04:10,573 [DEBUG] TUN->SSH: 52 байт
2026-04-07 21:04:10,574 [DEBUG] TUN->SSH: 52 байт
2026-04-07 21:04:10,574 [DEBUG] TUN->SSH: 60 байт
2026-04-07 21:04:10,609 [DEBUG] SSH->TUN: 60 байт
2026-04-07 21:04:10,610 [DEBUG] TUN->SSH: 52 байт
2026-04-07 21:04:10,610 [DEBUG] SSH->TUN: 52 байт
2026-04-07 21:04:10,610 [DEBUG] TUN->SSH: 95 байт
2026-04-07 21:04:10,610 [DEBUG] TUN->SSH: 52 байт
2026-04-07 21:04:10,644 [DEBUG] SSH->TUN: 52 байт
2026-04-07 21:04:10,644 [DEBUG] SSH->TUN: 95 байт
2026-04-07 21:04:10,645 [DEBUG] TUN->SSH: 52 байт
2026-04-07 21:04:10,645 [DEBUG] TUN->SSH: 52 байт
2026-04-07 21:04:10,646 [DEBUG] TUN->SSH: 60 байт
2026-04-07 21:04:10,701 [DEBUG] SSH->TUN: 52 байт
2026-04-07 21:04:10,702 [DEBUG] TUN->SSH: 52 байт
2026-04-07 21:04:10,702 [DEBUG] SSH->TUN: 60 байт
2026-04-07 21:04:10,702 [DEBUG] TUN->SSH: 52 байт
2026-04-07 21:04:10,703 [DEBUG] TUN->SSH: 95 байт
2026-04-07 21:04:10,738 [DEBUG] SSH->TUN: 52 байт
2026-04-07 21:04:10,739 [DEBUG] TUN->SSH: 52 байт
2026-04-07 21:04:10,739 [DEBUG] SSH->TUN: 95 байт
2026-04-07 21:04:10,739 [DEBUG] TUN->SSH: 52 байт
2026-04-07 21:04:10,740 [DEBUG] TUN->SSH: 60 байт
2026-04-07 21:04:10,772 [DEBUG] SSH->TUN: 52 байт
2026-04-07 21:04:10,773 [DEBUG] TUN->SSH: 52 байт
2026-04-07 21:04:10,773 [DEBUG] SSH->TUN: 60 байт
2026-04-07 21:04:10,774 [DEBUG] TUN->SSH: 52 байт
2026-04-07 21:04:10,774 [DEBUG] TUN->SSH: 95 байт
2026-04-07 21:04:10,814 [DEBUG] SSH->TUN: 52 байт
2026-04-07 21:04:10,814 [DEBUG] SSH->TUN: 95 байт
2026-04-07 21:04:10,814 [DEBUG] TUN->SSH: 52 байт
2026-04-07 21:04:10,815 [DEBUG] TUN->SSH: 52 байт
2026-04-07 21:04:10,815 [DEBUG] TUN->SSH: 60 байт
2026-04-07 21:04:10,862 [DEBUG] SSH->TUN: 52 байт
2026-04-07 21:04:10,862 [DEBUG] TUN->SSH: 52 байт
2026-04-07 21:04:10,863 [DEBUG] SSH->TUN: 60 байт
2026-04-07 21:04:10,863 [DEBUG] TUN->SSH: 52 байт
2026-04-07 21:04:10,863 [DEBUG] TUN->SSH: 95 байт
2026-04-07 21:04:10,903 [DEBUG] SSH->TUN: 52 байт
2026-04-07 21:04:10,903 [DEBUG] SSH->TUN: 95 байт
2026-04-07 21:04:10,903 [DEBUG] TUN->SSH: 52 байт
2026-04-07 21:04:10,904 [DEBUG] TUN->SSH: 52 байт
2026-04-07 21:04:10,904 [DEBUG] TUN->SSH: 60 байт
2026-04-07 21:04:10,937 [DEBUG] SSH->TUN: 52 байт
2026-04-07 21:04:10,938 [DEBUG] TUN->SSH: 52 байт
2026-04-07 21:04:10,939 [DEBUG] SSH->TUN: 60 байт
2026-04-07 21:04:10,939 [DEBUG] TUN->SSH: 52 байт
2026-04-07 21:04:10,939 [DEBUG] TUN->SSH: 95 байт
2026-04-07 21:04:10,975 [DEBUG] SSH->TUN: 52 байт
2026-04-07 21:04:10,975 [DEBUG] SSH->TUN: 95 байт
2026-04-07 21:04:10,976 [DEBUG] TUN->SSH: 52 байт
2026-04-07 21:04:10,976 [DEBUG] TUN->SSH: 52 байт
2026-04-07 21:04:10,976 [DEBUG] TUN->SSH: 60 байт
2026-04-07 21:04:11,021 [DEBUG] SSH->TUN: 52 байт
2026-04-07 21:04:11,021 [DEBUG] TUN->SSH: 52 байт
2026-04-07 21:04:11,022 [DEBUG] SSH->TUN: 60 байт
2026-04-07 21:04:11,022 [DEBUG] TUN->SSH: 52 байт
2026-04-07 21:04:11,022 [DEBUG] TUN->SSH: 95 байт
2026-04-07 21:04:11,051 [DEBUG] TUN->SSH: 365 байт
2026-04-07 21:04:11,052 [DEBUG] TUN->SSH: 237 байт
2026-04-07 21:04:11,052 [DEBUG] TUN->SSH: 173 байт
2026-04-07 21:04:11,075 [DEBUG] SSH->TUN: 52 байт
2026-04-07 21:04:11,075 [DEBUG] SSH->TUN: 95 байт
2026-04-07 21:04:11,076 [DEBUG] TUN->SSH: 52 байт
2026-04-07 21:04:11,076 [DEBUG] TUN->SSH: 52 байт
2026-04-07 21:04:11,076 [DEBUG] TUN->SSH: 60 байт
2026-04-07 21:04:11,116 [DEBUG] TUN->SSH: 52 байт
2026-04-07 21:04:11,116 [DEBUG] SSH->TUN: 52 байт
2026-04-07 21:04:11,116 [DEBUG] SSH->TUN: 60 байт
2026-04-07 21:04:11,117 [DEBUG] TUN->SSH: 52 байт
2026-04-07 21:04:11,117 [DEBUG] TUN->SSH: 95 байт
2026-04-07 21:04:11,154 [DEBUG] SSH->TUN: 52 байт
2026-04-07 21:04:11,154 [DEBUG] SSH->TUN: 52 байт
2026-04-07 21:04:11,154 [DEBUG] SSH->TUN: 52 байт
2026-04-07 21:04:11,154 [DEBUG] SSH->TUN: 95 байт
2026-04-07 21:04:11,155 [DEBUG] TUN->SSH: 52 байт
2026-04-07 21:04:11,155 [DEBUG] TUN->SSH: 52 байт
2026-04-07 21:04:11,155 [DEBUG] TUN->SSH: 60 байт
2026-04-07 21:04:11,171 [DEBUG] SSH->TUN: 52 байт
2026-04-07 21:04:11,212 [DEBUG] TUN->SSH: 52 байт
2026-04-07 21:04:11,212 [DEBUG] SSH->TUN: 52 байт
2026-04-07 21:04:11,213 [DEBUG] SSH->TUN: 60 байт
2026-04-07 21:04:11,213 [DEBUG] TUN->SSH: 52 байт
2026-04-07 21:04:11,213 [DEBUG] TUN->SSH: 95 байт
2026-04-07 21:04:11,355 [DEBUG] SSH->TUN: 52 байт
2026-04-07 21:04:11,369 [DEBUG] SSH->TUN: 149 байт
2026-04-07 21:04:11,370 [DEBUG] TUN->SSH: 52 байт
2026-04-07 21:04:11,370 [DEBUG] TUN->SSH: 52 байт
2026-04-07 21:04:11,370 [DEBUG] TUN->SSH: 60 байт
2026-04-07 21:04:11,429 [DEBUG] TUN->SSH: 52 байт
2026-04-07 21:04:11,429 [DEBUG] SSH->TUN: 52 байт
2026-04-07 21:04:11,429 [DEBUG] SSH->TUN: 60 байт
2026-04-07 21:04:11,429 [DEBUG] TUN->SSH: 52 байт
2026-04-07 21:04:11,430 [DEBUG] TUN->SSH: 144 байт
2026-04-07 21:04:11,472 [DEBUG] SSH->TUN: 52 байт
2026-04-07 21:04:11,472 [DEBUG] SSH->TUN: 144 байт
2026-04-07 21:04:11,472 [DEBUG] TUN->SSH: 52 байт
2026-04-07 21:04:11,473 [DEBUG] TUN->SSH: 52 байт
2026-04-07 21:04:11,512 [DEBUG] TUN->SSH: 52 байт
2026-04-07 21:04:11,554 [DEBUG] TUN->SSH: 52 байт
2026-04-07 21:04:11,554 [DEBUG] SSH->TUN: 52 байт
2026-04-07 21:04:12,024 [DEBUG] TUN->SSH: 52 байт
2026-04-07 21:04:13,083 [DEBUG] TUN->SSH: 190 байт
2026-04-07 21:04:13,320 [DEBUG] SSH->TUN: 52 байт
2026-04-07 21:04:14,072 [DEBUG] TUN->SSH: 52 байт
2026-04-07 21:04:14,600 [DEBUG] TUN->SSH: 57 байт
2026-04-07 21:04:14,658 [DEBUG] TUN->SSH: 57 байт
2026-04-07 21:04:14,773 [DEBUG] TUN->SSH: 57 байт
2026-04-07 21:04:14,831 [DEBUG] TUN->SSH: 1278 байт
2026-04-07 21:04:14,957 [DEBUG] SSH->TUN: 1278 байт
2026-04-07 21:04:14,957 [DEBUG] TUN->SSH: 1278 байт
2026-04-07 21:04:14,958 [DEBUG] TUN->SSH: 61 байт
2026-04-07 21:04:14,958 [DEBUG] TUN->SSH: 57 байт
2026-04-07 21:04:15,035 [DEBUG] SSH->TUN: 133 байт
2026-04-07 21:04:15,036 [DEBUG] SSH->TUN: 79 байт
2026-04-07 21:04:15,036 [DEBUG] TUN->SSH: 59 байт
2026-04-07 21:04:15,053 [DEBUG] TUN->SSH: 157 байт
2026-04-07 21:04:15,054 [DEBUG] TUN->SSH: 157 байт
2026-04-07 21:04:15,054 [DEBUG] TUN->SSH: 365 байт
2026-04-07 21:04:15,160 [DEBUG] SSH->TUN: 52 байт
2026-04-07 21:04:15,174 [DEBUG] SSH->TUN: 52 байт
2026-04-07 21:04:15,179 [DEBUG] SSH->TUN: 52 байт
2026-04-07 21:04:15,787 [DEBUG] TUN->SSH: 52 байт
2026-04-07 21:04:15,788 [DEBUG] SSH->TUN: 525 байт
2026-04-07 21:04:15,788 [DEBUG] TUN->SSH: 205 байт
2026-04-07 21:04:15,837 [DEBUG] SSH->TUN: 52 байт
2026-04-07 21:04:16,120 [DEBUG] TUN->SSH: 88 байт
2026-04-07 21:04:16,120 [DEBUG] TUN->SSH: 52 байт
2026-04-07 21:04:16,121 [DEBUG] TUN->SSH: 88 байт
2026-04-07 21:04:16,175 [DEBUG] SSH->TUN: 40 байт
2026-04-07 21:04:16,182 [DEBUG] SSH->TUN: 40 байт
2026-04-07 21:04:16,259 [DEBUG] SSH->TUN: 1280 байт
2026-04-07 21:04:16,260 [DEBUG] SSH->TUN: 109 байт
2026-04-07 21:04:16,260 [DEBUG] TUN->SSH: 52 байт
2026-04-07 21:04:16,476 [DEBUG] TUN->SSH: 52 байт
2026-04-07 21:04:16,476 [DEBUG] TUN->SSH: 52 байт
2026-04-07 21:04:16,476 [DEBUG] TUN->SSH: 52 байт
2026-04-07 21:04:16,531 [DEBUG] SSH->TUN: 52 байт
2026-04-07 21:04:16,531 [DEBUG] TUN->SSH: 52 байт
2026-04-07 21:04:16,532 [DEBUG] SSH->TUN: 52 байт
2026-04-07 21:04:16,532 [DEBUG] TUN->SSH: 52 байт
2026-04-07 21:04:16,533 [DEBUG] SSH->TUN: 52 байт
2026-04-07 21:04:16,533 [DEBUG] TUN->SSH: 52 байт
2026-04-07 21:04:16,639 [DEBUG] SSH->TUN: 1232 байт
2026-04-07 21:04:16,656 [DEBUG] TUN->SSH: 60 байт
2026-04-07 21:04:16,657 [DEBUG] TUN->SSH: 52 байт
2026-04-07 21:04:16,679 [DEBUG] TUN->SSH: 52 байт
2026-04-07 21:04:16,730 [DEBUG] SSH->TUN: 60 байт
2026-04-07 21:04:16,731 [DEBUG] TUN->SSH: 52 байт
2026-04-07 21:04:16,731 [DEBUG] TUN->SSH: 1280 байт
2026-04-07 21:04:16,731 [DEBUG] TUN->SSH: 432 байт
2026-04-07 21:04:16,786 [DEBUG] SSH->TUN: 52 байт
2026-04-07 21:04:16,786 [DEBUG] SSH->TUN: 52 байт
2026-04-07 21:04:16,787 [DEBUG] SSH->TUN: 1280 байт
2026-04-07 21:04:16,787 [DEBUG] TUN->SSH: 52 байт
2026-04-07 21:04:16,787 [DEBUG] SSH->TUN: 1280 байт
2026-04-07 21:04:16,788 [DEBUG] TUN->SSH: 52 байт
2026-04-07 21:04:16,788 [DEBUG] SSH->TUN: 1280 байт
2026-04-07 21:04:16,789 [DEBUG] TUN->SSH: 52 байт
2026-04-07 21:04:16,789 [DEBUG] SSH->TUN: 464 байт
2026-04-07 21:04:16,789 [DEBUG] TUN->SSH: 52 байт
2026-04-07 21:04:16,823 [DEBUG] SSH->TUN: 1280 байт
2026-04-07 21:04:16,824 [DEBUG] TUN->SSH: 52 байт
2026-04-07 21:04:16,824 [DEBUG] SSH->TUN: 431 байт
2026-04-07 21:04:16,824 [DEBUG] TUN->SSH: 52 байт
2026-04-07 21:04:16,825 [DEBUG] TUN->SSH: 886 байт
2026-04-07 21:04:16,878 [DEBUG] SSH->TUN: 355 байт
2026-04-07 21:04:16,879 [DEBUG] SSH->TUN: 355 байт
2026-04-07 21:04:16,879 [DEBUG] TUN->SSH: 52 байт
2026-04-07 21:04:16,905 [DEBUG] TUN->SSH: 64 байт
2026-04-07 21:04:16,912 [DEBUG] TUN->SSH: 52 байт
2026-04-07 21:04:17,144 [DEBUG] TUN->SSH: 88 байт
2026-04-07 21:04:17,168 [DEBUG] TUN->SSH: 52 байт
2026-04-07 21:04:17,180 [DEBUG] TUN->SSH: 64 байт
2026-04-07 21:04:17,207 [DEBUG] SSH->TUN: 40 байт
2026-04-07 21:04:17,656 [DEBUG] TUN->SSH: 52 байт
2026-04-07 21:04:17,672 [DEBUG] TUN->SSH: 52 байт
2026-04-07 21:04:17,680 [DEBUG] TUN->SSH: 64 байт
2026-04-07 21:04:17,696 [DEBUG] SSH->TUN: 52 байт
2026-04-07 21:04:17,697 [DEBUG] TUN->SSH: 52 байт
2026-04-07 21:04:18,168 [DEBUG] TUN->SSH: 52 байт
2026-04-07 21:04:18,443 [DEBUG] SSH->TUN: 157 байт
2026-04-07 21:04:18,443 [DEBUG] TUN->SSH: 52 байт
2026-04-07 21:04:18,677 [DEBUG] TUN->SSH: 205 байт
2026-04-07 21:04:18,680 [DEBUG] TUN->SSH: 52 байт
2026-04-07 21:04:18,704 [DEBUG] TUN->SSH: 64 байт
2026-04-07 21:04:18,729 [DEBUG] SSH->TUN: 52 байт
2026-04-07 21:04:19,704 [DEBUG] TUN->SSH: 52 байт
2026-04-07 21:04:19,704 [DEBUG] TUN->SSH: 52 байт
2026-04-07 21:04:19,709 [DEBUG] SSH->TUN: 105 байт
2026-04-07 21:04:19,735 [DEBUG] TUN->SSH: 60 байт
2026-04-07 21:04:19,742 [DEBUG] SSH->TUN: 52 байт
2026-04-07 21:04:19,743 [DEBUG] SSH->TUN: 52 байт
2026-04-07 21:04:19,743 [DEBUG] TUN->SSH: 52 байт
2026-04-07 21:04:19,744 [DEBUG] SSH->TUN: 76 байт
2026-04-07 21:04:19,744 [DEBUG] TUN->SSH: 40 байт
2026-04-07 21:04:19,744 [DEBUG] SSH->TUN: 52 байт
2026-04-07 21:04:19,745 [DEBUG] TUN->SSH: 40 байт
2026-04-07 21:04:20,216 [DEBUG] TUN->SSH: 52 байт
2026-04-07 21:04:20,217 [DEBUG] TUN->SSH: 52 байт
2026-04-07 21:04:20,728 [DEBUG] TUN->SSH: 52 байт
2026-04-07 21:04:20,736 [DEBUG] TUN->SSH: 64 байт
2026-04-07 21:04:20,953 [INFO] Останавливаю туннель...
2026-04-07 21:04:20,956 [DEBUG] Восстановлен: default via 192.168.5.1 dev wlp0s20f3
2026-04-07 21:04:20,956 [INFO] Маршруты восстановлены
2026-04-07 21:04:20,974 [INFO] Интерфейс strans-tun0 удалён
2026-04-07 21:04:20,974 [INFO] Остановлено
2026-04-07 21:04:20,974 [DEBUG] TUN->SSH: отменён
2026-04-07 21:04:20,974 [DEBUG] SSH->TUN: отменён
