2026-04-07 14:17:50,343 [INFO] === Запуск клиента ===
2026-04-07 14:17:50,343 [INFO] Лог файл: logs/client_20260407_141750.log
2026-04-07 14:17:50,344 [INFO] Подключаюсь к 217.154.79.223:2222 как 'alice'
2026-04-07 14:17:50,665 [INFO] SSH соединение установлено
2026-04-07 14:17:50,977 [INFO] PUSH_REPLY: client_ip=198.19.0.2 server_ip=198.19.0.1 mtu=1280
2026-04-07 14:17:50,988 [INFO] Интерфейс strans-tun0:
24: strans-tun0: <POINTOPOINT,MULTICAST,NOARP,UP,LOWER_UP> mtu 1280 qdisc fq_codel state UP group default qlen 500
    link/none 
    inet 198.19.0.2 peer 198.19.0.1/32 scope global strans-tun0
       valid_lft forever preferred_lft forever
2026-04-07 14:17:51,103 [INFO] SSH tunnel канал открыт
2026-04-07 14:17:51,103 [INFO] Туннель активен.
2026-04-07 14:17:51,103 [INFO] Форвардинг запущен
2026-04-07 14:17:51,470 [DEBUG] SSH->TUN: 52 байт
2026-04-07 14:17:52,088 [DEBUG] SSH->TUN: 52 байт
2026-04-07 14:17:53,158 [DEBUG] SSH->TUN: 52 байт
2026-04-07 14:17:53,536 [DEBUG] SSH->TUN: 52 байт
2026-04-07 14:17:53,713 [DEBUG] SSH->TUN: 52 байт
2026-04-07 14:17:53,742 [DEBUG] SSH->TUN: 52 байт
2026-04-07 14:17:54,361 [DEBUG] SSH->TUN: 52 байт
2026-04-07 14:17:54,424 [DEBUG] SSH->TUN: 52 байт
2026-04-07 14:17:58,466 [DEBUG] SSH->TUN: 52 байт
2026-04-07 14:17:58,781 [DEBUG] SSH->TUN: 52 байт
2026-04-07 14:18:00,597 [DEBUG] TUN->SSH: 60 байт
2026-04-07 14:18:00,646 [DEBUG] SSH->TUN: 60 байт
2026-04-07 14:18:00,646 [DEBUG] TUN->SSH: 52 байт
2026-04-07 14:18:00,696 [DEBUG] TUN->SSH: 569 байт
2026-04-07 14:18:00,750 [DEBUG] SSH->TUN: 52 байт
2026-04-07 14:18:00,750 [DEBUG] SSH->TUN: 1280 байт
2026-04-07 14:18:00,750 [DEBUG] TUN->SSH: 52 байт
2026-04-07 14:18:00,751 [DEBUG] SSH->TUN: 1280 байт
2026-04-07 14:18:00,751 [DEBUG] TUN->SSH: 52 байт
2026-04-07 14:18:00,751 [DEBUG] SSH->TUN: 423 байт
2026-04-07 14:18:00,751 [DEBUG] TUN->SSH: 52 байт
2026-04-07 14:18:00,753 [DEBUG] TUN->SSH: 132 байт
2026-04-07 14:18:00,753 [DEBUG] TUN->SSH: 98 байт
2026-04-07 14:18:00,753 [DEBUG] TUN->SSH: 101 байт
2026-04-07 14:18:00,754 [DEBUG] TUN->SSH: 87 байт
2026-04-07 14:18:00,754 [DEBUG] TUN->SSH: 113 байт
2026-04-07 14:18:00,820 [DEBUG] SSH->TUN: 596 байт
2026-04-07 14:18:00,820 [DEBUG] TUN->SSH: 83 байт
2026-04-07 14:18:00,820 [DEBUG] SSH->TUN: 52 байт
2026-04-07 14:18:00,821 [DEBUG] SSH->TUN: 83 байт
2026-04-07 14:18:00,821 [DEBUG] SSH->TUN: 52 байт
2026-04-07 14:18:00,862 [DEBUG] TUN->SSH: 52 байт
2026-04-07 14:18:00,917 [DEBUG] SSH->TUN: 52 байт
2026-04-07 14:18:00,924 [DEBUG] SSH->TUN: 179 байт
2026-04-07 14:18:00,924 [DEBUG] TUN->SSH: 52 байт
2026-04-07 14:18:00,925 [DEBUG] SSH->TUN: 97 байт
2026-04-07 14:18:00,925 [DEBUG] TUN->SSH: 52 байт
2026-04-07 14:18:00,925 [DEBUG] SSH->TUN: 83 байт
2026-04-07 14:18:00,925 [DEBUG] TUN->SSH: 76 байт
2026-04-07 14:18:00,926 [DEBUG] TUN->SSH: 52 байт
2026-04-07 14:18:00,974 [DEBUG] SSH->TUN: 52 байт
2026-04-07 14:18:03,450 [DEBUG] TUN->SSH: 60 байт
2026-04-07 14:18:03,507 [DEBUG] SSH->TUN: 60 байт
2026-04-07 14:18:03,507 [DEBUG] TUN->SSH: 52 байт
2026-04-07 14:18:03,543 [DEBUG] TUN->SSH: 569 байт
2026-04-07 14:18:03,594 [DEBUG] SSH->TUN: 52 байт
2026-04-07 14:18:03,595 [DEBUG] SSH->TUN: 1280 байт
2026-04-07 14:18:03,596 [DEBUG] TUN->SSH: 52 байт
2026-04-07 14:18:03,596 [DEBUG] SSH->TUN: 1280 байт
2026-04-07 14:18:03,596 [DEBUG] TUN->SSH: 52 байт
2026-04-07 14:18:03,597 [DEBUG] SSH->TUN: 423 байт
2026-04-07 14:18:03,597 [DEBUG] TUN->SSH: 52 байт
2026-04-07 14:18:03,599 [DEBUG] TUN->SSH: 132 байт
2026-04-07 14:18:03,599 [DEBUG] TUN->SSH: 98 байт
2026-04-07 14:18:03,600 [DEBUG] TUN->SSH: 101 байт
2026-04-07 14:18:03,600 [DEBUG] TUN->SSH: 87 байт
2026-04-07 14:18:03,600 [DEBUG] TUN->SSH: 113 байт
2026-04-07 14:18:03,651 [DEBUG] SSH->TUN: 596 байт
2026-04-07 14:18:03,652 [DEBUG] TUN->SSH: 83 байт
2026-04-07 14:18:03,653 [DEBUG] SSH->TUN: 52 байт
2026-04-07 14:18:03,654 [DEBUG] SSH->TUN: 83 байт
2026-04-07 14:18:03,658 [DEBUG] SSH->TUN: 52 байт
2026-04-07 14:18:03,696 [DEBUG] TUN->SSH: 52 байт
2026-04-07 14:18:03,743 [DEBUG] SSH->TUN: 52 байт
2026-04-07 14:18:03,750 [DEBUG] SSH->TUN: 179 байт
2026-04-07 14:18:03,750 [DEBUG] TUN->SSH: 52 байт
2026-04-07 14:18:03,750 [DEBUG] SSH->TUN: 97 байт
2026-04-07 14:18:03,751 [DEBUG] TUN->SSH: 52 байт
2026-04-07 14:18:03,751 [DEBUG] SSH->TUN: 83 байт
2026-04-07 14:18:03,751 [DEBUG] TUN->SSH: 76 байт
2026-04-07 14:18:03,751 [DEBUG] TUN->SSH: 52 байт
2026-04-07 14:18:03,836 [DEBUG] SSH->TUN: 52 байт
2026-04-07 14:18:04,140 [DEBUG] SSH->TUN: 489 байт
2026-04-07 14:18:07,570 [DEBUG] SSH->TUN: 52 байт
2026-04-07 14:18:07,570 [DEBUG] SSH->TUN: 52 байт
2026-04-07 14:18:18,763 [DEBUG] SSH->TUN: 445 байт
2026-04-07 14:18:25,405 [DEBUG] SSH->TUN: 52 байт
2026-04-07 14:18:27,058 [DEBUG] SSH->TUN: 52 байт
2026-04-07 14:18:28,149 [DEBUG] SSH->TUN: 103 байт
2026-04-07 14:18:28,149 [DEBUG] SSH->TUN: 76 байт
2026-04-07 14:18:28,243 [DEBUG] SSH->TUN: 76 байт
2026-04-07 14:18:28,517 [DEBUG] SSH->TUN: 127 байт
2026-04-07 14:18:29,057 [DEBUG] SSH->TUN: 127 байт
2026-04-07 14:18:30,058 [DEBUG] SSH->TUN: 127 байт
2026-04-07 14:18:32,041 [DEBUG] SSH->TUN: 127 байт
2026-04-07 14:18:36,038 [DEBUG] SSH->TUN: 127 байт
2026-04-07 14:18:39,009 [DEBUG] SSH->TUN: 489 байт
2026-04-07 14:18:43,982 [DEBUG] SSH->TUN: 127 байт
2026-04-07 14:18:45,229 [DEBUG] SSH->TUN: 76 байт
2026-04-07 14:18:45,856 [DEBUG] SSH->TUN: 76 байт
2026-04-07 14:18:46,158 [DEBUG] SSH->TUN: 76 байт
2026-04-07 14:18:46,159 [DEBUG] SSH->TUN: 52 байт
2026-04-07 14:18:46,294 [DEBUG] SSH->TUN: 52 байт
2026-04-07 14:18:46,307 [DEBUG] SSH->TUN: 76 байт
2026-04-07 14:18:46,581 [DEBUG] SSH->TUN: 76 байт
2026-04-07 14:18:47,133 [DEBUG] SSH->TUN: 76 байт
2026-04-07 14:18:47,437 [DEBUG] SSH->TUN: 76 байт
2026-04-07 14:18:48,253 [DEBUG] SSH->TUN: 76 байт
2026-04-07 14:18:49,668 [DEBUG] SSH->TUN: 76 байт
2026-04-07 14:18:50,376 [DEBUG] SSH->TUN: 76 байт
2026-04-07 14:18:53,858 [DEBUG] SSH->TUN: 76 байт
2026-04-07 14:18:54,563 [DEBUG] SSH->TUN: 76 байт
2026-04-07 14:18:59,853 [DEBUG] SSH->TUN: 127 байт
2026-04-07 14:19:02,528 [DEBUG] SSH->TUN: 76 байт
2026-04-07 14:19:03,262 [DEBUG] SSH->TUN: 76 байт
2026-04-07 14:19:19,797 [DEBUG] SSH->TUN: 76 байт
2026-04-07 14:19:20,159 [DEBUG] SSH->TUN: 76 байт
2026-04-07 14:19:22,207 [DEBUG] SSH->TUN: 445 байт
2026-04-07 14:19:30,247 [DEBUG] SSH->TUN: 720 байт
2026-04-07 14:19:37,562 [DEBUG] SSH->TUN: 489 байт
2026-04-07 14:19:43,246 [INFO] Останавливаю туннель...
2026-04-07 14:19:43,260 [INFO] Интерфейс strans-tun0 удалён
2026-04-07 14:19:43,260 [INFO] Остановлено
2026-04-07 14:19:43,260 [DEBUG] TUN->SSH: отменён
2026-04-07 14:19:43,260 [DEBUG] SSH->TUN: отменён
