2026-04-08 23:47:15,779 [INFO] === Запуск клиента ===
2026-04-08 23:47:15,779 [INFO] Лог файл: logs/client_20260408_234715.log
2026-04-08 23:47:15,784 [INFO] Используется интерфейс: strans-tun0
2026-04-08 23:47:15,784 [INFO] Подключаюсь к 217.154.79.223:24 как 'alice'
2026-04-08 23:47:16,334 [INFO] SSH соединение установлено
2026-04-08 23:47:16,439 [INFO] PUSH_REPLY: client_ip=198.19.0.3 server_ip=198.19.0.1 mtu=1280 stealth=0
2026-04-08 23:47:16,446 [INFO] Интерфейс strans-tun0:
56: strans-tun0: <POINTOPOINT,MULTICAST,NOARP,UP,LOWER_UP> mtu 1280 qdisc fq_codel state UP group default qlen 500
    link/none 
    inet 198.19.0.3 peer 198.19.0.1/32 scope global strans-tun0
       valid_lft forever preferred_lft forever
2026-04-08 23:47:16,549 [INFO] SSH tunnel канал открыт
2026-04-08 23:47:16,549 [INFO] Туннель активен.
2026-04-08 23:47:16,549 [INFO] Форвардинг запущен [stealth=0]
2026-04-08 23:47:23,382 [DEBUG] SSH->TUN: 125 байт
2026-04-08 23:47:23,819 [DEBUG] SSH->TUN: 125 байт
2026-04-08 23:47:24,142 [DEBUG] SSH->TUN: 125 байт
2026-04-08 23:47:25,077 [DEBUG] SSH->TUN: 125 байт
2026-04-08 23:47:26,718 [DEBUG] SSH->TUN: 125 байт
2026-04-08 23:47:30,110 [DEBUG] SSH->TUN: 125 байт
2026-04-08 23:47:30,167 [DEBUG] SSH->TUN: 125 байт
2026-04-08 23:47:30,811 [DEBUG] SSH->TUN: 125 байт
2026-04-08 23:47:31,783 [DEBUG] SSH->TUN: 125 байт
2026-04-08 23:47:33,618 [DEBUG] SSH->TUN: 125 байт
2026-04-08 23:47:37,215 [DEBUG] SSH->TUN: 125 байт
2026-04-08 23:47:37,549 [DEBUG] SSH->TUN: 125 байт
2026-04-08 23:47:45,340 [DEBUG] SSH->TUN: 125 байт
2026-04-08 23:47:51,057 [DEBUG] SSH->TUN: 125 байт
2026-04-08 23:48:00,694 [DEBUG] SSH->TUN: 125 байт
2026-04-08 23:48:18,178 [DEBUG] SSH->TUN: 125 байт
2026-04-08 23:48:20,922 [DEBUG] TUN->SSH: 60 байт
2026-04-08 23:48:20,989 [DEBUG] SSH->TUN: 60 байт
2026-04-08 23:48:20,989 [DEBUG] TUN->SSH: 52 байт
2026-04-08 23:48:20,989 [DEBUG] TUN->SSH: 227 байт
2026-04-08 23:48:21,058 [DEBUG] SSH->TUN: 52 байт
2026-04-08 23:48:21,585 [DEBUG] SSH->TUN: 71 байт
2026-04-08 23:48:21,586 [DEBUG] TUN->SSH: 52 байт
2026-04-08 23:48:21,630 [DEBUG] TUN->SSH: 569 байт
2026-04-08 23:48:21,689 [DEBUG] SSH->TUN: 52 байт
2026-04-08 23:48:21,690 [DEBUG] SSH->TUN: 1280 байт
2026-04-08 23:48:21,690 [DEBUG] TUN->SSH: 52 байт
2026-04-08 23:48:21,742 [DEBUG] SSH->TUN: 1280 байт
2026-04-08 23:48:21,743 [DEBUG] TUN->SSH: 52 байт
2026-04-08 23:48:21,743 [DEBUG] SSH->TUN: 424 байт
2026-04-08 23:48:21,743 [DEBUG] TUN->SSH: 52 байт
2026-04-08 23:48:21,745 [DEBUG] TUN->SSH: 132 байт
2026-04-08 23:48:21,745 [DEBUG] TUN->SSH: 98 байт
2026-04-08 23:48:21,745 [DEBUG] TUN->SSH: 101 байт
2026-04-08 23:48:21,746 [DEBUG] TUN->SSH: 87 байт
2026-04-08 23:48:21,746 [DEBUG] TUN->SSH: 113 байт
2026-04-08 23:48:21,813 [DEBUG] SSH->TUN: 52 байт
2026-04-08 23:48:21,813 [DEBUG] SSH->TUN: 52 байт
2026-04-08 23:48:21,815 [DEBUG] SSH->TUN: 596 байт
2026-04-08 23:48:21,815 [DEBUG] TUN->SSH: 83 байт
2026-04-08 23:48:21,864 [DEBUG] SSH->TUN: 83 байт
2026-04-08 23:48:21,905 [DEBUG] TUN->SSH: 52 байт
2026-04-08 23:48:21,911 [DEBUG] SSH->TUN: 224 байт
2026-04-08 23:48:21,911 [DEBUG] TUN->SSH: 52 байт
2026-04-08 23:48:21,912 [DEBUG] SSH->TUN: 83 байт
2026-04-08 23:48:21,912 [DEBUG] TUN->SSH: 76 байт
2026-04-08 23:48:21,912 [DEBUG] TUN->SSH: 52 байт
2026-04-08 23:48:21,984 [DEBUG] SSH->TUN: 52 байт
2026-04-08 23:50:13,153 [DEBUG] SSH->TUN: 91 байт
2026-04-08 23:50:13,154 [DEBUG] SSH->TUN: 52 байт
2026-04-08 23:50:13,493 [DEBUG] SSH->TUN: 52 байт
2026-04-08 23:50:14,121 [DEBUG] SSH->TUN: 91 байт
2026-04-08 23:51:42,686 [INFO] Останавливаю туннель...
2026-04-08 23:51:42,699 [INFO] Интерфейс strans-tun0 удалён
2026-04-08 23:51:42,699 [INFO] Остановлено
2026-04-08 23:51:42,699 [DEBUG] TUN->SSH: отменён
2026-04-08 23:51:42,699 [DEBUG] SSH->TUN: отменён
