2026-04-07 21:36:51,560 [INFO] === Запуск клиента ===
2026-04-07 21:36:51,560 [INFO] Лог файл: logs/client_20260407_213651.log
2026-04-07 21:36:51,561 [INFO] Подключаюсь к 217.154.79.223:22 как 'alice'
2026-04-07 21:36:52,127 [INFO] SSH соединение установлено
2026-04-07 21:36:52,236 [INFO] PUSH_REPLY: client_ip=198.19.0.4 server_ip=198.19.0.1 mtu=1280 stealth=0
2026-04-07 21:36:52,246 [INFO] Интерфейс strans-tun0:
77: strans-tun0: <POINTOPOINT,MULTICAST,NOARP,UP,LOWER_UP> mtu 1280 qdisc fq_codel state UP group default qlen 500
    link/none 
    inet 198.19.0.4 peer 198.19.0.1/32 scope global strans-tun0
       valid_lft forever preferred_lft forever
2026-04-07 21:36:52,441 [INFO] SSH tunnel канал открыт
2026-04-07 21:36:52,443 [INFO] Маршрут к серверу: 217.154.79.223 via 192.168.5.1 dev wlp0s20f3
2026-04-07 21:36:52,448 [INFO] Весь трафик через strans-tun0
2026-04-07 21:36:52,448 [INFO] Туннель активен.
2026-04-07 21:36:52,448 [INFO] Форвардинг запущен [stealth=0]
2026-04-07 21:36:52,473 [DEBUG] TUN->SSH: 1280 байт
2026-04-07 21:36:52,536 [DEBUG] TUN->SSH: 52 байт
2026-04-07 21:36:52,611 [DEBUG] SSH->TUN: 52 байт
2026-04-07 21:36:52,612 [DEBUG] TUN->SSH: 1280 байт
2026-04-07 21:36:52,612 [DEBUG] SSH->TUN: 52 байт
2026-04-07 21:36:52,612 [DEBUG] TUN->SSH: 1280 байт
2026-04-07 21:36:52,613 [DEBUG] TUN->SSH: 52 байт
2026-04-07 21:36:52,670 [DEBUG] SSH->TUN: 52 байт
2026-04-07 21:36:52,670 [DEBUG] TUN->SSH: 758 байт
2026-04-07 21:36:52,670 [DEBUG] SSH->TUN: 52 байт
2026-04-07 21:36:52,723 [DEBUG] SSH->TUN: 91 байт
2026-04-07 21:36:52,724 [DEBUG] TUN->SSH: 40 байт
2026-04-07 21:36:52,725 [DEBUG] SSH->TUN: 52 байт
2026-04-07 21:36:52,725 [DEBUG] TUN->SSH: 40 байт
2026-04-07 21:36:52,729 [DEBUG] TUN->SSH: 60 байт
2026-04-07 21:36:52,762 [DEBUG] SSH->TUN: 60 байт
2026-04-07 21:36:52,763 [DEBUG] TUN->SSH: 52 байт
2026-04-07 21:36:52,763 [DEBUG] TUN->SSH: 110 байт
2026-04-07 21:36:52,792 [DEBUG] TUN->SSH: 52 байт
2026-04-07 21:36:52,796 [DEBUG] SSH->TUN: 52 байт
2026-04-07 21:36:52,797 [DEBUG] SSH->TUN: 109 байт
2026-04-07 21:36:52,797 [DEBUG] TUN->SSH: 52 байт
2026-04-07 21:36:52,797 [DEBUG] SSH->TUN: 97 байт
2026-04-07 21:36:52,798 [DEBUG] TUN->SSH: 52 байт
2026-04-07 21:36:52,798 [DEBUG] TUN->SSH: 52 байт
2026-04-07 21:36:52,833 [DEBUG] TUN->SSH: 52 байт
2026-04-07 21:36:52,833 [DEBUG] SSH->TUN: 52 байт
2026-04-07 21:36:52,854 [DEBUG] SSH->TUN: 52 байт
2026-04-07 21:36:52,984 [DEBUG] TUN->SSH: 60 байт
2026-04-07 21:36:52,985 [DEBUG] TUN->SSH: 60 байт
2026-04-07 21:36:53,051 [DEBUG] TUN->SSH: 60 байт
2026-04-07 21:36:53,051 [DEBUG] TUN->SSH: 60 байт
2026-04-07 21:36:53,055 [DEBUG] TUN->SSH: 60 байт
2026-04-07 21:36:53,055 [DEBUG] TUN->SSH: 60 байт
2026-04-07 21:36:53,055 [DEBUG] TUN->SSH: 60 байт
2026-04-07 21:36:53,056 [DEBUG] TUN->SSH: 60 байт
2026-04-07 21:36:53,056 [DEBUG] TUN->SSH: 60 байт
2026-04-07 21:36:53,056 [DEBUG] TUN->SSH: 60 байт
2026-04-07 21:36:53,057 [DEBUG] TUN->SSH: 60 байт
2026-04-07 21:36:53,057 [DEBUG] TUN->SSH: 60 байт
2026-04-07 21:36:53,105 [DEBUG] SSH->TUN: 125 байт
2026-04-07 21:36:53,106 [DEBUG] TUN->SSH: 40 байт
2026-04-07 21:36:53,106 [DEBUG] SSH->TUN: 60 байт
2026-04-07 21:36:53,106 [DEBUG] TUN->SSH: 52 байт
2026-04-07 21:36:53,107 [DEBUG] SSH->TUN: 60 байт
2026-04-07 21:36:53,107 [DEBUG] TUN->SSH: 112 байт
2026-04-07 21:36:53,107 [DEBUG] TUN->SSH: 52 байт
2026-04-07 21:36:53,107 [DEBUG] TUN->SSH: 1280 байт
2026-04-07 21:36:53,112 [DEBUG] TUN->SSH: 60 байт
2026-04-07 21:36:53,112 [DEBUG] TUN->SSH: 60 байт
2026-04-07 21:36:53,140 [DEBUG] SSH->TUN: 60 байт
2026-04-07 21:36:53,141 [DEBUG] TUN->SSH: 52 байт
2026-04-07 21:36:53,141 [DEBUG] SSH->TUN: 60 байт
2026-04-07 21:36:53,141 [DEBUG] TUN->SSH: 385 байт
2026-04-07 21:36:53,142 [DEBUG] SSH->TUN: 60 байт
2026-04-07 21:36:53,142 [DEBUG] TUN->SSH: 52 байт
2026-04-07 21:36:53,142 [DEBUG] TUN->SSH: 385 байт
2026-04-07 21:36:53,143 [DEBUG] SSH->TUN: 60 байт
2026-04-07 21:36:53,143 [DEBUG] TUN->SSH: 52 байт
2026-04-07 21:36:53,143 [DEBUG] SSH->TUN: 60 байт
2026-04-07 21:36:53,144 [DEBUG] TUN->SSH: 369 байт
2026-04-07 21:36:53,144 [DEBUG] SSH->TUN: 60 байт
2026-04-07 21:36:53,144 [DEBUG] TUN->SSH: 52 байт
2026-04-07 21:36:53,144 [DEBUG] SSH->TUN: 60 байт
2026-04-07 21:36:53,145 [DEBUG] TUN->SSH: 386 байт
2026-04-07 21:36:53,145 [DEBUG] SSH->TUN: 60 байт
2026-04-07 21:36:53,145 [DEBUG] TUN->SSH: 52 байт
2026-04-07 21:36:53,145 [DEBUG] TUN->SSH: 470 байт
2026-04-07 21:36:53,145 [DEBUG] TUN->SSH: 52 байт
2026-04-07 21:36:53,146 [DEBUG] TUN->SSH: 510 байт
2026-04-07 21:36:53,146 [DEBUG] TUN->SSH: 52 байт
2026-04-07 21:36:53,146 [DEBUG] TUN->SSH: 418 байт
2026-04-07 21:36:53,146 [DEBUG] TUN->SSH: 52 байт
2026-04-07 21:36:53,147 [DEBUG] TUN->SSH: 169 байт
2026-04-07 21:36:53,158 [DEBUG] SSH->TUN: 52 байт
2026-04-07 21:36:53,159 [DEBUG] SSH->TUN: 98 байт
2026-04-07 21:36:53,159 [DEBUG] TUN->SSH: 52 байт
2026-04-07 21:36:53,170 [DEBUG] SSH->TUN: 110 байт
2026-04-07 21:36:53,170 [DEBUG] TUN->SSH: 52 байт
2026-04-07 21:36:53,171 [DEBUG] SSH->TUN: 52 байт
2026-04-07 21:36:53,171 [DEBUG] TUN->SSH: 52 байт
2026-04-07 21:36:53,171 [DEBUG] TUN->SSH: 432 байт
2026-04-07 21:36:53,171 [DEBUG] TUN->SSH: 60 байт
2026-04-07 21:36:53,172 [DEBUG] TUN->SSH: 60 байт
2026-04-07 21:36:53,172 [DEBUG] TUN->SSH: 60 байт
2026-04-07 21:36:53,193 [DEBUG] SSH->TUN: 60 байт
2026-04-07 21:36:53,193 [DEBUG] TUN->SSH: 52 байт
2026-04-07 21:36:53,193 [DEBUG] SSH->TUN: 60 байт
2026-04-07 21:36:53,194 [DEBUG] TUN->SSH: 377 байт
2026-04-07 21:36:53,194 [DEBUG] TUN->SSH: 52 байт
2026-04-07 21:36:53,194 [DEBUG] TUN->SSH: 562 байт
2026-04-07 21:36:53,206 [DEBUG] SSH->TUN: 52 байт
2026-04-07 21:36:53,207 [DEBUG] TUN->SSH: 52 байт
2026-04-07 21:36:53,207 [DEBUG] SSH->TUN: 177 байт
2026-04-07 21:36:53,207 [DEBUG] TUN->SSH: 52 байт
2026-04-07 21:36:53,208 [DEBUG] SSH->TUN: 237 байт
2026-04-07 21:36:53,208 [DEBUG] TUN->SSH: 52 байт
2026-04-07 21:36:53,208 [DEBUG] TUN->SSH: 52 байт
2026-04-07 21:36:53,209 [DEBUG] TUN->SSH: 52 байт
2026-04-07 21:36:53,209 [DEBUG] TUN->SSH: 40 байт
2026-04-07 21:36:53,209 [DEBUG] TUN->SSH: 365 байт
2026-04-07 21:36:53,225 [DEBUG] SSH->TUN: 157 байт
2026-04-07 21:36:53,226 [DEBUG] TUN->SSH: 52 байт
2026-04-07 21:36:53,226 [DEBUG] SSH->TUN: 315 байт
2026-04-07 21:36:53,226 [DEBUG] TUN->SSH: 52 байт
2026-04-07 21:36:53,226 [DEBUG] SSH->TUN: 331 байт
2026-04-07 21:36:53,227 [DEBUG] TUN->SSH: 52 байт
2026-04-07 21:36:53,227 [DEBUG] SSH->TUN: 290 байт
2026-04-07 21:36:53,227 [DEBUG] TUN->SSH: 52 байт
2026-04-07 21:36:53,227 [DEBUG] TUN->SSH: 40 байт
2026-04-07 21:36:53,228 [DEBUG] TUN->SSH: 141 байт
2026-04-07 21:36:53,228 [DEBUG] TUN->SSH: 40 байт
2026-04-07 21:36:53,228 [DEBUG] TUN->SSH: 40 байт
2026-04-07 21:36:53,240 [DEBUG] TUN->SSH: 52 байт
2026-04-07 21:36:53,240 [DEBUG] TUN->SSH: 60 байт
2026-04-07 21:36:53,241 [DEBUG] TUN->SSH: 60 байт
2026-04-07 21:36:53,241 [DEBUG] TUN->SSH: 60 байт
2026-04-07 21:36:53,242 [DEBUG] TUN->SSH: 60 байт
2026-04-07 21:36:53,242 [DEBUG] SSH->TUN: 331 байт
2026-04-07 21:36:53,243 [DEBUG] TUN->SSH: 60 байт
2026-04-07 21:36:53,243 [DEBUG] SSH->TUN: 213 байт
2026-04-07 21:36:53,243 [DEBUG] TUN->SSH: 60 байт
2026-04-07 21:36:53,244 [DEBUG] SSH->TUN: 52 байт
2026-04-07 21:36:53,244 [DEBUG] TUN->SSH: 60 байт
2026-04-07 21:36:53,244 [DEBUG] SSH->TUN: 576 байт
2026-04-07 21:36:53,244 [DEBUG] TUN->SSH: 60 байт
2026-04-07 21:36:53,245 [DEBUG] SSH->TUN: 576 байт
2026-04-07 21:36:53,245 [DEBUG] TUN->SSH: 40 байт
2026-04-07 21:36:53,245 [DEBUG] SSH->TUN: 576 байт
2026-04-07 21:36:53,245 [DEBUG] TUN->SSH: 40 байт
2026-04-07 21:36:53,245 [DEBUG] SSH->TUN: 576 байт
2026-04-07 21:36:53,246 [DEBUG] TUN->SSH: 52 байт
2026-04-07 21:36:53,246 [DEBUG] TUN->SSH: 52 байт
2026-04-07 21:36:53,246 [DEBUG] SSH->TUN: 576 байт
2026-04-07 21:36:53,247 [DEBUG] TUN->SSH: 52 байт
2026-04-07 21:36:53,248 [DEBUG] SSH->TUN: 576 байт
2026-04-07 21:36:53,248 [DEBUG] TUN->SSH: 52 байт
2026-04-07 21:36:53,248 [DEBUG] SSH->TUN: 576 байт
2026-04-07 21:36:53,248 [DEBUG] TUN->SSH: 52 байт
2026-04-07 21:36:53,249 [DEBUG] SSH->TUN: 480 байт
2026-04-07 21:36:53,249 [DEBUG] TUN->SSH: 52 байт
2026-04-07 21:36:53,249 [DEBUG] SSH->TUN: 576 байт
2026-04-07 21:36:53,249 [DEBUG] TUN->SSH: 52 байт
2026-04-07 21:36:53,249 [DEBUG] SSH->TUN: 576 байт
2026-04-07 21:36:53,249 [DEBUG] TUN->SSH: 52 байт
2026-04-07 21:36:53,250 [DEBUG] SSH->TUN: 60 байт
2026-04-07 21:36:53,250 [DEBUG] TUN->SSH: 52 байт
2026-04-07 21:36:53,250 [DEBUG] TUN->SSH: 52 байт
2026-04-07 21:36:53,250 [DEBUG] SSH->TUN: 60 байт
2026-04-07 21:36:53,250 [DEBUG] TUN->SSH: 52 байт
2026-04-07 21:36:53,251 [DEBUG] SSH->TUN: 60 байт
2026-04-07 21:36:53,251 [DEBUG] TUN->SSH: 52 байт
2026-04-07 21:36:53,251 [DEBUG] TUN->SSH: 52 байт
2026-04-07 21:36:53,251 [DEBUG] TUN->SSH: 569 байт
2026-04-07 21:36:53,252 [DEBUG] TUN->SSH: 569 байт
2026-04-07 21:36:53,252 [DEBUG] TUN->SSH: 569 байт
2026-04-07 21:36:53,260 [DEBUG] SSH->TUN: 241 байт
2026-04-07 21:36:53,260 [DEBUG] TUN->SSH: 52 байт
2026-04-07 21:36:53,260 [DEBUG] TUN->SSH: 52 байт
2026-04-07 21:36:53,260 [DEBUG] SSH->TUN: 294 байт
2026-04-07 21:36:53,261 [DEBUG] TUN->SSH: 285 байт
2026-04-07 21:36:53,261 [DEBUG] SSH->TUN: 52 байт
2026-04-07 21:36:53,261 [DEBUG] TUN->SSH: 40 байт
2026-04-07 21:36:53,261 [DEBUG] SSH->TUN: 60 байт
2026-04-07 21:36:53,261 [DEBUG] TUN->SSH: 40 байт
2026-04-07 21:36:53,262 [DEBUG] SSH->TUN: 60 байт
2026-04-07 21:36:53,262 [DEBUG] TUN->SSH: 52 байт
2026-04-07 21:36:53,262 [DEBUG] SSH->TUN: 52 байт
2026-04-07 21:36:53,262 [DEBUG] TUN->SSH: 337 байт
2026-04-07 21:36:53,262 [DEBUG] TUN->SSH: 52 байт
2026-04-07 21:36:53,263 [DEBUG] TUN->SSH: 405 байт
2026-04-07 21:36:53,263 [DEBUG] TUN->SSH: 40 байт
2026-04-07 21:36:53,275 [DEBUG] SSH->TUN: 52 байт
2026-04-07 21:36:53,276 [DEBUG] TUN->SSH: 40 байт
2026-04-07 21:36:53,276 [DEBUG] SSH->TUN: 157 байт
2026-04-07 21:36:53,276 [DEBUG] TUN->SSH: 429 байт
2026-04-07 21:36:53,276 [DEBUG] SSH->TUN: 52 байт
2026-04-07 21:36:53,281 [DEBUG] TUN->SSH: 40 байт
2026-04-07 21:36:53,281 [DEBUG] SSH->TUN: 76 байт
2026-04-07 21:36:53,281 [DEBUG] SSH->TUN: 52 байт
2026-04-07 21:36:53,282 [DEBUG] TUN->SSH: 40 байт
2026-04-07 21:36:53,282 [DEBUG] SSH->TUN: 60 байт
2026-04-07 21:36:53,282 [DEBUG] TUN->SSH: 52 байт
2026-04-07 21:36:53,282 [DEBUG] SSH->TUN: 60 байт
2026-04-07 21:36:53,283 [DEBUG] TUN->SSH: 114 байт
2026-04-07 21:36:53,283 [DEBUG] TUN->SSH: 52 байт
2026-04-07 21:36:53,283 [DEBUG] TUN->SSH: 122 байт
2026-04-07 21:36:53,284 [DEBUG] SSH->TUN: 52 байт
2026-04-07 21:36:53,284 [DEBUG] TUN->SSH: 40 байт
2026-04-07 21:36:53,284 [DEBUG] SSH->TUN: 52 байт
2026-04-07 21:36:53,285 [DEBUG] TUN->SSH: 40 байт
2026-04-07 21:36:53,285 [DEBUG] SSH->TUN: 52 байт
2026-04-07 21:36:53,285 [DEBUG] TUN->SSH: 40 байт
2026-04-07 21:36:53,285 [DEBUG] SSH->TUN: 157 байт
2026-04-07 21:36:53,285 [DEBUG] TUN->SSH: 333 байт
2026-04-07 21:36:53,292 [DEBUG] SSH->TUN: 60 байт
2026-04-07 21:36:53,293 [DEBUG] TUN->SSH: 52 байт
2026-04-07 21:36:53,293 [DEBUG] TUN->SSH: 430 байт
2026-04-07 21:36:53,314 [DEBUG] SSH->TUN: 60 байт
2026-04-07 21:36:53,314 [DEBUG] TUN->SSH: 52 байт
2026-04-07 21:36:53,314 [DEBUG] SSH->TUN: 60 байт
2026-04-07 21:36:53,315 [DEBUG] TUN->SSH: 169 байт
2026-04-07 21:36:53,315 [DEBUG] SSH->TUN: 60 байт
2026-04-07 21:36:53,315 [DEBUG] TUN->SSH: 52 байт
2026-04-07 21:36:53,316 [DEBUG] SSH->TUN: 60 байт
2026-04-07 21:36:53,316 [DEBUG] TUN->SSH: 434 байт
2026-04-07 21:36:53,316 [DEBUG] SSH->TUN: 60 байт
2026-04-07 21:36:53,316 [DEBUG] TUN->SSH: 52 байт
2026-04-07 21:36:53,317 [DEBUG] SSH->TUN: 576 байт
2026-04-07 21:36:53,317 [DEBUG] TUN->SSH: 349 байт
2026-04-07 21:36:53,317 [DEBUG] TUN->SSH: 52 байт
2026-04-07 21:36:53,317 [DEBUG] SSH->TUN: 87 байт
2026-04-07 21:36:53,317 [DEBUG] TUN->SSH: 385 байт
2026-04-07 21:36:53,318 [DEBUG] SSH->TUN: 52 байт
2026-04-07 21:36:53,318 [DEBUG] TUN->SSH: 52 байт
2026-04-07 21:36:53,318 [DEBUG] SSH->TUN: 52 байт
2026-04-07 21:36:53,318 [DEBUG] TUN->SSH: 309 байт
2026-04-07 21:36:53,318 [DEBUG] TUN->SSH: 52 байт
2026-04-07 21:36:53,319 [DEBUG] TUN->SSH: 52 байт
2026-04-07 21:36:53,319 [DEBUG] TUN->SSH: 40 байт
2026-04-07 21:36:53,319 [DEBUG] TUN->SSH: 886 байт
2026-04-07 21:36:53,386 [DEBUG] SSH->TUN: 52 байт
2026-04-07 21:36:53,387 [DEBUG] SSH->TUN: 52 байт
2026-04-07 21:36:53,387 [DEBUG] SSH->TUN: 1280 байт
2026-04-07 21:36:53,387 [DEBUG] SSH->TUN: 1280 байт
2026-04-07 21:36:53,388 [DEBUG] TUN->SSH: 52 байт
2026-04-07 21:36:53,388 [DEBUG] SSH->TUN: 672 байт
2026-04-07 21:36:53,388 [DEBUG] SSH->TUN: 52 байт
2026-04-07 21:36:53,389 [DEBUG] SSH->TUN: 1280 байт
2026-04-07 21:36:53,389 [DEBUG] TUN->SSH: 52 байт
2026-04-07 21:36:53,389 [DEBUG] SSH->TUN: 1280 байт
2026-04-07 21:36:53,389 [DEBUG] TUN->SSH: 52 байт
2026-04-07 21:36:53,390 [DEBUG] TUN->SSH: 52 байт
2026-04-07 21:36:53,390 [DEBUG] SSH->TUN: 1280 байт
2026-04-07 21:36:53,390 [DEBUG] SSH->TUN: 1280 байт
2026-04-07 21:36:53,390 [DEBUG] TUN->SSH: 52 байт
2026-04-07 21:36:53,391 [DEBUG] SSH->TUN: 1280 байт
2026-04-07 21:36:53,391 [DEBUG] TUN->SSH: 52 байт
2026-04-07 21:36:53,391 [DEBUG] SSH->TUN: 52 байт
2026-04-07 21:36:53,391 [DEBUG] SSH->TUN: 558 байт
2026-04-07 21:36:53,392 [DEBUG] TUN->SSH: 52 байт
2026-04-07 21:36:53,392 [DEBUG] SSH->TUN: 144 байт
2026-04-07 21:36:53,392 [DEBUG] TUN->SSH: 52 байт
2026-04-07 21:36:53,392 [DEBUG] TUN->SSH: 52 байт
2026-04-07 21:36:53,392 [DEBUG] SSH->TUN: 205 байт
2026-04-07 21:36:53,392 [DEBUG] SSH->TUN: 169 байт
2026-04-07 21:36:53,393 [DEBUG] TUN->SSH: 52 байт
2026-04-07 21:36:53,393 [DEBUG] SSH->TUN: 99 байт
2026-04-07 21:36:53,393 [DEBUG] TUN->SSH: 52 байт
2026-04-07 21:36:53,393 [DEBUG] SSH->TUN: 1280 байт
2026-04-07 21:36:53,393 [DEBUG] TUN->SSH: 52 байт
2026-04-07 21:36:53,394 [DEBUG] SSH->TUN: 1280 байт
2026-04-07 21:36:53,394 [DEBUG] TUN->SSH: 52 байт
2026-04-07 21:36:53,394 [DEBUG] SSH->TUN: 1280 байт
2026-04-07 21:36:53,394 [DEBUG] TUN->SSH: 52 байт
2026-04-07 21:36:53,394 [DEBUG] TUN->SSH: 52 байт
2026-04-07 21:36:53,395 [DEBUG] TUN->SSH: 52 байт
2026-04-07 21:36:53,395 [DEBUG] TUN->SSH: 132 байт
2026-04-07 21:36:53,397 [DEBUG] SSH->TUN: 1280 байт
2026-04-07 21:36:53,397 [DEBUG] TUN->SSH: 52 байт
2026-04-07 21:36:53,397 [DEBUG] SSH->TUN: 1280 байт
2026-04-07 21:36:53,397 [DEBUG] TUN->SSH: 52 байт
2026-04-07 21:36:53,398 [DEBUG] SSH->TUN: 557 байт
2026-04-07 21:36:53,398 [DEBUG] TUN->SSH: 52 байт
2026-04-07 21:36:53,398 [DEBUG] SSH->TUN: 1280 байт
2026-04-07 21:36:53,398 [DEBUG] TUN->SSH: 52 байт
2026-04-07 21:36:53,401 [DEBUG] TUN->SSH: 132 байт
2026-04-07 21:36:53,429 [DEBUG] TUN->SSH: 52 байт
2026-04-07 21:36:53,465 [DEBUG] SSH->TUN: 1280 байт
2026-04-07 21:36:53,466 [DEBUG] TUN->SSH: 52 байт
2026-04-07 21:36:53,466 [DEBUG] SSH->TUN: 1280 байт
2026-04-07 21:36:53,466 [DEBUG] TUN->SSH: 52 байт
2026-04-07 21:36:53,466 [DEBUG] SSH->TUN: 1280 байт
2026-04-07 21:36:53,467 [DEBUG] TUN->SSH: 52 байт
2026-04-07 21:36:53,467 [DEBUG] SSH->TUN: 1280 байт
2026-04-07 21:36:53,467 [DEBUG] TUN->SSH: 52 байт
2026-04-07 21:36:53,468 [DEBUG] SSH->TUN: 558 байт
2026-04-07 21:36:53,469 [DEBUG] TUN->SSH: 52 байт
2026-04-07 21:36:53,469 [DEBUG] SSH->TUN: 221 байт
2026-04-07 21:36:53,469 [DEBUG] SSH->TUN: 541 байт
2026-04-07 21:36:53,469 [DEBUG] TUN->SSH: 52 байт
2026-04-07 21:36:53,470 [DEBUG] SSH->TUN: 221 байт
2026-04-07 21:36:53,470 [DEBUG] TUN->SSH: 52 байт
2026-04-07 21:36:53,470 [DEBUG] SSH->TUN: 367 байт
2026-04-07 21:36:53,470 [DEBUG] TUN->SSH: 358 байт
2026-04-07 21:36:53,470 [DEBUG] SSH->TUN: 541 байт
2026-04-07 21:36:53,471 [DEBUG] TUN->SSH: 52 байт
2026-04-07 21:36:53,471 [DEBUG] TUN->SSH: 52 байт
2026-04-07 21:36:53,471 [DEBUG] SSH->TUN: 237 байт
2026-04-07 21:36:53,471 [DEBUG] TUN->SSH: 52 байт
2026-04-07 21:36:53,471 [DEBUG] SSH->TUN: 363 байт
2026-04-07 21:36:53,472 [DEBUG] TUN->SSH: 358 байт
2026-04-07 21:36:53,472 [DEBUG] SSH->TUN: 347 байт
2026-04-07 21:36:53,472 [DEBUG] TUN->SSH: 52 байт
2026-04-07 21:36:53,472 [DEBUG] SSH->TUN: 253 байт
2026-04-07 21:36:53,472 [DEBUG] TUN->SSH: 52 байт
2026-04-07 21:36:53,473 [DEBUG] TUN->SSH: 40 байт
2026-04-07 21:36:53,473 [DEBUG] SSH->TUN: 355 байт
2026-04-07 21:36:53,473 [DEBUG] TUN->SSH: 381 байт
2026-04-07 21:36:53,473 [DEBUG] SSH->TUN: 355 байт
2026-04-07 21:36:53,473 [DEBUG] TUN->SSH: 132 байт
2026-04-07 21:36:53,474 [DEBUG] TUN->SSH: 52 байт
2026-04-07 21:36:53,474 [DEBUG] TUN->SSH: 52 байт
2026-04-07 21:36:53,474 [DEBUG] TUN->SSH: 52 байт
2026-04-07 21:36:53,474 [DEBUG] TUN->SSH: 317 байт
2026-04-07 21:36:53,474 [DEBUG] TUN->SSH: 52 байт
2026-04-07 21:36:53,496 [DEBUG] TUN->SSH: 60 байт
2026-04-07 21:36:53,500 [DEBUG] SSH->TUN: 225 байт
2026-04-07 21:36:53,500 [DEBUG] TUN->SSH: 52 байт
2026-04-07 21:36:53,500 [DEBUG] SSH->TUN: 99 байт
2026-04-07 21:36:53,501 [DEBUG] TUN->SSH: 52 байт
2026-04-07 21:36:53,501 [DEBUG] SSH->TUN: 169 байт
2026-04-07 21:36:53,501 [DEBUG] TUN->SSH: 269 байт
2026-04-07 21:36:53,502 [DEBUG] SSH->TUN: 52 байт
2026-04-07 21:36:53,502 [DEBUG] TUN->SSH: 64 байт
2026-04-07 21:36:53,502 [DEBUG] SSH->TUN: 52 байт
2026-04-07 21:36:53,502 [DEBUG] TUN->SSH: 64 байт
2026-04-07 21:36:53,502 [DEBUG] SSH->TUN: 700 байт
2026-04-07 21:36:53,503 [DEBUG] TUN->SSH: 52 байт
2026-04-07 21:36:53,503 [DEBUG] SSH->TUN: 52 байт
2026-04-07 21:36:53,503 [DEBUG] TUN->SSH: 52 байт
2026-04-07 21:36:53,504 [DEBUG] SSH->TUN: 241 байт
2026-04-07 21:36:53,504 [DEBUG] TUN->SSH: 40 байт
2026-04-07 21:36:53,504 [DEBUG] SSH->TUN: 700 байт
2026-04-07 21:36:53,504 [DEBUG] TUN->SSH: 52 байт
2026-04-07 21:36:53,504 [DEBUG] SSH->TUN: 311 байт
2026-04-07 21:36:53,504 [DEBUG] TUN->SSH: 52 байт
2026-04-07 21:36:53,505 [DEBUG] TUN->SSH: 185 байт
2026-04-07 21:36:53,505 [DEBUG] TUN->SSH: 40 байт
2026-04-07 21:36:53,505 [DEBUG] TUN->SSH: 40 байт
2026-04-07 21:36:53,515 [DEBUG] SSH->TUN: 541 байт
2026-04-07 21:36:53,515 [DEBUG] TUN->SSH: 64 байт
2026-04-07 21:36:53,521 [DEBUG] SSH->TUN: 52 байт
2026-04-07 21:36:53,521 [DEBUG] TUN->SSH: 52 байт
2026-04-07 21:36:53,532 [DEBUG] SSH->TUN: 541 байт
2026-04-07 21:36:53,532 [DEBUG] TUN->SSH: 64 байт
2026-04-07 21:36:53,532 [DEBUG] SSH->TUN: 52 байт
2026-04-07 21:36:53,533 [DEBUG] TUN->SSH: 40 байт
2026-04-07 21:36:53,533 [DEBUG] SSH->TUN: 83 байт
2026-04-07 21:36:53,533 [DEBUG] TUN->SSH: 40 байт
2026-04-07 21:36:53,533 [DEBUG] SSH->TUN: 52 байт
2026-04-07 21:36:53,534 [DEBUG] TUN->SSH: 40 байт
2026-04-07 21:36:53,534 [DEBUG] SSH->TUN: 52 байт
2026-04-07 21:36:53,534 [DEBUG] TUN->SSH: 52 байт
2026-04-07 21:36:53,534 [DEBUG] SSH->TUN: 52 байт
2026-04-07 21:36:53,534 [DEBUG] TUN->SSH: 52 байт
2026-04-07 21:36:53,535 [DEBUG] SSH->TUN: 205 байт
2026-04-07 21:36:53,535 [DEBUG] SSH->TUN: 83 байт
2026-04-07 21:36:53,535 [DEBUG] TUN->SSH: 40 байт
2026-04-07 21:36:53,535 [DEBUG] SSH->TUN: 205 байт
2026-04-07 21:36:53,536 [DEBUG] SSH->TUN: 700 байт
2026-04-07 21:36:53,536 [DEBUG] TUN->SSH: 323 байт
2026-04-07 21:36:53,536 [DEBUG] SSH->TUN: 60 байт
2026-04-07 21:36:53,536 [DEBUG] TUN->SSH: 52 байт
2026-04-07 21:36:53,536 [DEBUG] SSH->TUN: 52 байт
2026-04-07 21:36:53,537 [DEBUG] TUN->SSH: 140 байт
2026-04-07 21:36:53,537 [DEBUG] TUN->SSH: 40 байт
2026-04-07 21:36:53,567 [DEBUG] TUN->SSH: 52 байт
2026-04-07 21:36:53,567 [DEBUG] SSH->TUN: 52 байт
2026-04-07 21:36:53,575 [DEBUG] TUN->SSH: 52 байт
2026-04-07 21:36:53,576 [DEBUG] TUN->SSH: 52 байт
2026-04-07 21:36:53,576 [DEBUG] SSH->TUN: 656 байт
2026-04-07 21:36:53,577 [DEBUG] TUN->SSH: 52 байт
2026-04-07 21:36:53,577 [DEBUG] SSH->TUN: 205 байт
2026-04-07 21:36:53,577 [DEBUG] SSH->TUN: 52 байт
2026-04-07 21:36:53,601 [DEBUG] SSH->TUN: 124 байт
2026-04-07 21:36:53,602 [DEBUG] TUN->SSH: 52 байт
2026-04-07 21:36:53,602 [DEBUG] TUN->SSH: 52 байт
2026-04-07 21:36:53,602 [DEBUG] SSH->TUN: 112 байт
2026-04-07 21:36:53,603 [DEBUG] TUN->SSH: 52 байт
2026-04-07 21:36:53,603 [DEBUG] SSH->TUN: 688 байт
2026-04-07 21:36:53,603 [DEBUG] TUN->SSH: 60 байт
2026-04-07 21:36:53,604 [DEBUG] SSH->TUN: 83 байт
2026-04-07 21:36:53,604 [DEBUG] TUN->SSH: 52 байт
2026-04-07 21:36:53,604 [DEBUG] SSH->TUN: 656 байт
2026-04-07 21:36:53,605 [DEBUG] TUN->SSH: 52 байт
2026-04-07 21:36:53,605 [DEBUG] TUN->SSH: 118 байт
2026-04-07 21:36:53,605 [DEBUG] TUN->SSH: 40 байт
2026-04-07 21:36:53,606 [DEBUG] TUN->SSH: 52 байт
2026-04-07 21:36:53,642 [DEBUG] TUN->SSH: 52 байт
2026-04-07 21:36:53,643 [DEBUG] SSH->TUN: 52 байт
2026-04-07 21:36:53,687 [DEBUG] SSH->TUN: 60 байт
2026-04-07 21:36:53,687 [DEBUG] TUN->SSH: 40 байт
2026-04-07 21:36:53,687 [DEBUG] SSH->TUN: 52 байт
2026-04-07 21:36:53,687 [DEBUG] TUN->SSH: 40 байт
2026-04-07 21:36:53,900 [DEBUG] SSH->TUN: 52 байт
2026-04-07 21:36:53,901 [DEBUG] TUN->SSH: 40 байт
2026-04-07 21:36:53,901 [DEBUG] SSH->TUN: 213 байт
2026-04-07 21:36:53,901 [DEBUG] TUN->SSH: 40 байт
2026-04-07 21:36:53,902 [DEBUG] SSH->TUN: 52 байт
2026-04-07 21:36:53,902 [DEBUG] TUN->SSH: 40 байт
2026-04-07 21:36:54,008 [DEBUG] TUN->SSH: 60 байт
2026-04-07 21:36:54,057 [DEBUG] SSH->TUN: 60 байт
2026-04-07 21:36:54,058 [DEBUG] TUN->SSH: 52 байт
2026-04-07 21:36:54,058 [DEBUG] TUN->SSH: 114 байт
2026-04-07 21:36:54,096 [DEBUG] SSH->TUN: 52 байт
2026-04-07 21:36:54,096 [DEBUG] SSH->TUN: 144 байт
2026-04-07 21:36:54,097 [DEBUG] TUN->SSH: 52 байт
2026-04-07 21:36:54,097 [DEBUG] SSH->TUN: 99 байт
2026-04-07 21:36:54,097 [DEBUG] TUN->SSH: 52 байт
2026-04-07 21:36:54,098 [DEBUG] TUN->SSH: 52 байт
2026-04-07 21:36:54,156 [DEBUG] TUN->SSH: 52 байт
2026-04-07 21:36:54,156 [DEBUG] SSH->TUN: 52 байт
2026-04-07 21:36:54,401 [DEBUG] TUN->SSH: 493 байт
2026-04-07 21:36:54,472 [DEBUG] SSH->TUN: 1280 байт
2026-04-07 21:36:54,472 [DEBUG] TUN->SSH: 52 байт
2026-04-07 21:36:54,473 [DEBUG] SSH->TUN: 1280 байт
2026-04-07 21:36:54,473 [DEBUG] TUN->SSH: 52 байт
2026-04-07 21:36:54,473 [DEBUG] SSH->TUN: 1280 байт
2026-04-07 21:36:54,474 [DEBUG] TUN->SSH: 52 байт
2026-04-07 21:36:54,505 [DEBUG] SSH->TUN: 1193 байт
2026-04-07 21:36:54,505 [DEBUG] TUN->SSH: 52 байт
2026-04-07 21:36:54,506 [DEBUG] SSH->TUN: 1040 байт
2026-04-07 21:36:54,506 [DEBUG] TUN->SSH: 52 байт
2026-04-07 21:36:54,506 [DEBUG] SSH->TUN: 1280 байт
2026-04-07 21:36:54,507 [DEBUG] TUN->SSH: 52 байт
2026-04-07 21:36:54,507 [DEBUG] SSH->TUN: 212 байт
2026-04-07 21:36:54,507 [DEBUG] TUN->SSH: 52 байт
2026-04-07 21:36:54,509 [DEBUG] TUN->SSH: 333 байт
2026-04-07 21:36:54,636 [DEBUG] SSH->TUN: 1280 байт
2026-04-07 21:36:54,637 [DEBUG] SSH->TUN: 164 байт
2026-04-07 21:36:54,637 [DEBUG] TUN->SSH: 52 байт
2026-04-07 21:36:54,637 [DEBUG] SSH->TUN: 157 байт
2026-04-07 21:36:54,678 [DEBUG] TUN->SSH: 52 байт
2026-04-07 21:36:55,032 [DEBUG] TUN->SSH: 60 байт
2026-04-07 21:36:55,033 [DEBUG] TUN->SSH: 60 байт
2026-04-07 21:36:55,079 [DEBUG] SSH->TUN: 60 байт
2026-04-07 21:36:55,080 [DEBUG] TUN->SSH: 52 байт
2026-04-07 21:36:55,080 [DEBUG] SSH->TUN: 60 байт
2026-04-07 21:36:55,080 [DEBUG] TUN->SSH: 152 байт
2026-04-07 21:36:55,080 [DEBUG] TUN->SSH: 52 байт
2026-04-07 21:36:55,081 [DEBUG] TUN->SSH: 154 байт
2026-04-07 21:36:55,126 [DEBUG] SSH->TUN: 52 байт
2026-04-07 21:36:55,213 [DEBUG] SSH->TUN: 52 байт
2026-04-07 21:36:55,280 [DEBUG] SSH->TUN: 161 байт
2026-04-07 21:36:55,280 [DEBUG] TUN->SSH: 52 байт
2026-04-07 21:36:55,280 [DEBUG] SSH->TUN: 131 байт
2026-04-07 21:36:55,281 [DEBUG] TUN->SSH: 52 байт
2026-04-07 21:36:55,281 [DEBUG] SSH->TUN: 119 байт
2026-04-07 21:36:55,282 [DEBUG] TUN->SSH: 52 байт
2026-04-07 21:36:55,282 [DEBUG] SSH->TUN: 118 байт
2026-04-07 21:36:55,282 [DEBUG] SSH->TUN: 118 байт
2026-04-07 21:36:55,282 [DEBUG] TUN->SSH: 52 байт
2026-04-07 21:36:55,283 [DEBUG] SSH->TUN: 119 байт
2026-04-07 21:36:55,283 [DEBUG] TUN->SSH: 52 байт
2026-04-07 21:36:55,283 [DEBUG] TUN->SSH: 52 байт
2026-04-07 21:36:55,283 [DEBUG] TUN->SSH: 60 байт
2026-04-07 21:36:55,284 [DEBUG] TUN->SSH: 64 байт
2026-04-07 21:36:55,284 [DEBUG] TUN->SSH: 64 байт
2026-04-07 21:36:55,308 [DEBUG] TUN->SSH: 60 байт
2026-04-07 21:36:55,318 [DEBUG] SSH->TUN: 493 байт
2026-04-07 21:36:55,318 [DEBUG] TUN->SSH: 52 байт
2026-04-07 21:36:55,319 [DEBUG] SSH->TUN: 52 байт
2026-04-07 21:36:55,319 [DEBUG] TUN->SSH: 52 байт
2026-04-07 21:36:55,319 [DEBUG] TUN->SSH: 349 байт
2026-04-07 21:36:55,379 [DEBUG] SSH->TUN: 52 байт
2026-04-07 21:36:55,380 [DEBUG] TUN->SSH: 52 байт
2026-04-07 21:36:55,380 [DEBUG] SSH->TUN: 60 байт
2026-04-07 21:36:55,381 [DEBUG] TUN->SSH: 40 байт
2026-04-07 21:36:55,381 [DEBUG] SSH->TUN: 60 байт
2026-04-07 21:36:55,381 [DEBUG] TUN->SSH: 52 байт
2026-04-07 21:36:55,381 [DEBUG] TUN->SSH: 152 байт
2026-04-07 21:36:55,410 [DEBUG] SSH->TUN: 688 байт
2026-04-07 21:36:55,422 [DEBUG] SSH->TUN: 52 байт
2026-04-07 21:36:55,445 [DEBUG] SSH->TUN: 118 байт
2026-04-07 21:36:55,446 [DEBUG] TUN->SSH: 52 байт
2026-04-07 21:36:55,446 [DEBUG] SSH->TUN: 161 байт
2026-04-07 21:36:55,446 [DEBUG] TUN->SSH: 52 байт
2026-04-07 21:36:55,447 [DEBUG] TUN->SSH: 52 байт
2026-04-07 21:36:55,447 [DEBUG] TUN->SSH: 60 байт
2026-04-07 21:36:55,451 [DEBUG] TUN->SSH: 52 байт
2026-04-07 21:36:55,482 [DEBUG] TUN->SSH: 52 байт
2026-04-07 21:36:55,482 [DEBUG] SSH->TUN: 52 байт
2026-04-07 21:36:55,511 [DEBUG] SSH->TUN: 60 байт
2026-04-07 21:36:55,511 [DEBUG] TUN->SSH: 52 байт
2026-04-07 21:36:55,524 [DEBUG] TUN->SSH: 266 байт
2026-04-07 21:36:55,566 [DEBUG] SSH->TUN: 52 байт
2026-04-07 21:36:55,575 [DEBUG] SSH->TUN: 1251 байт
2026-04-07 21:36:55,575 [DEBUG] TUN->SSH: 52 байт
2026-04-07 21:36:55,582 [DEBUG] TUN->SSH: 1113 байт
2026-04-07 21:36:55,628 [DEBUG] SSH->TUN: 103 байт
2026-04-07 21:36:55,629 [DEBUG] SSH->TUN: 92 байт
2026-04-07 21:36:55,652 [DEBUG] TUN->SSH: 52 байт
2026-04-07 21:36:55,652 [DEBUG] TUN->SSH: 213 байт
2026-04-07 21:36:55,741 [DEBUG] SSH->TUN: 52 байт
2026-04-07 21:36:55,773 [DEBUG] SSH->TUN: 198 байт
2026-04-07 21:36:55,814 [DEBUG] TUN->SSH: 52 байт
2026-04-07 21:36:55,874 [DEBUG] TUN->SSH: 215 байт
2026-04-07 21:36:55,874 [DEBUG] TUN->SSH: 113 байт
2026-04-07 21:36:55,875 [DEBUG] TUN->SSH: 442 байт
2026-04-07 21:36:55,921 [DEBUG] SSH->TUN: 52 байт
2026-04-07 21:36:55,927 [DEBUG] SSH->TUN: 52 байт
2026-04-07 21:36:55,987 [DEBUG] SSH->TUN: 52 байт
2026-04-07 21:36:55,988 [DEBUG] SSH->TUN: 98 байт
2026-04-07 21:36:55,988 [DEBUG] TUN->SSH: 52 байт
2026-04-07 21:36:56,365 [DEBUG] SSH->TUN: 125 байт
2026-04-07 21:36:56,366 [DEBUG] TUN->SSH: 52 байт
2026-04-07 21:36:56,366 [DEBUG] SSH->TUN: 125 байт
2026-04-07 21:36:56,367 [DEBUG] TUN->SSH: 111 байт
2026-04-07 21:36:56,367 [DEBUG] TUN->SSH: 64 байт
2026-04-07 21:36:56,513 [DEBUG] SSH->TUN: 1280 байт
2026-04-07 21:36:56,514 [DEBUG] TUN->SSH: 52 байт
2026-04-07 21:36:56,514 [DEBUG] SSH->TUN: 125 байт
2026-04-07 21:36:56,515 [DEBUG] TUN->SSH: 52 байт
2026-04-07 21:36:56,515 [DEBUG] SSH->TUN: 52 байт
2026-04-07 21:36:56,515 [DEBUG] SSH->TUN: 112 байт
2026-04-07 21:36:56,515 [DEBUG] TUN->SSH: 52 байт
2026-04-07 21:36:56,568 [DEBUG] TUN->SSH: 60 байт
2026-04-07 21:36:56,588 [DEBUG] TUN->SSH: 60 байт
2026-04-07 21:36:56,611 [DEBUG] SSH->TUN: 60 байт
2026-04-07 21:36:56,611 [DEBUG] TUN->SSH: 52 байт
2026-04-07 21:36:56,611 [DEBUG] TUN->SSH: 154 байт
2026-04-07 21:36:56,647 [DEBUG] SSH->TUN: 60 байт
2026-04-07 21:36:56,647 [DEBUG] TUN->SSH: 52 байт
2026-04-07 21:36:56,647 [DEBUG] TUN->SSH: 110 байт
2026-04-07 21:36:56,694 [DEBUG] SSH->TUN: 52 байт
2026-04-07 21:36:56,694 [DEBUG] SSH->TUN: 131 байт
2026-04-07 21:36:56,695 [DEBUG] TUN->SSH: 52 байт
2026-04-07 21:36:56,695 [DEBUG] SSH->TUN: 119 байт
2026-04-07 21:36:56,695 [DEBUG] TUN->SSH: 52 байт
2026-04-07 21:36:56,696 [DEBUG] TUN->SSH: 52 байт
2026-04-07 21:36:56,752 [DEBUG] SSH->TUN: 52 байт
2026-04-07 21:36:56,753 [DEBUG] SSH->TUN: 97 байт
2026-04-07 21:36:56,753 [DEBUG] TUN->SSH: 52 байт
2026-04-07 21:36:56,753 [DEBUG] SSH->TUN: 109 байт
2026-04-07 21:36:56,754 [DEBUG] TUN->SSH: 52 байт
2026-04-07 21:36:56,754 [DEBUG] TUN->SSH: 52 байт
2026-04-07 21:36:56,754 [DEBUG] TUN->SSH: 60 байт
2026-04-07 21:36:56,764 [DEBUG] SSH->TUN: 52 байт
2026-04-07 21:36:56,765 [DEBUG] TUN->SSH: 52 байт
2026-04-07 21:36:56,797 [DEBUG] SSH->TUN: 52 байт
2026-04-07 21:36:56,797 [DEBUG] TUN->SSH: 52 байт
2026-04-07 21:36:56,797 [DEBUG] SSH->TUN: 60 байт
2026-04-07 21:36:56,798 [DEBUG] TUN->SSH: 52 байт
2026-04-07 21:36:56,798 [DEBUG] TUN->SSH: 1280 байт
2026-04-07 21:36:56,798 [DEBUG] TUN->SSH: 814 байт
2026-04-07 21:36:56,850 [DEBUG] SSH->TUN: 52 байт
2026-04-07 21:36:56,851 [DEBUG] SSH->TUN: 52 байт
2026-04-07 21:36:56,886 [DEBUG] SSH->TUN: 1280 байт
2026-04-07 21:36:56,887 [DEBUG] TUN->SSH: 52 байт
2026-04-07 21:36:56,984 [DEBUG] SSH->TUN: 199 байт
2026-04-07 21:36:56,985 [DEBUG] TUN->SSH: 52 байт
2026-04-07 21:36:56,985 [DEBUG] SSH->TUN: 1232 байт
2026-04-07 21:36:56,985 [DEBUG] TUN->SSH: 116 байт
2026-04-07 21:36:56,986 [DEBUG] TUN->SSH: 144 байт
2026-04-07 21:36:56,986 [DEBUG] TUN->SSH: 52 байт
2026-04-07 21:36:56,986 [DEBUG] TUN->SSH: 1280 байт
2026-04-07 21:36:56,987 [DEBUG] TUN->SSH: 1280 байт
2026-04-07 21:36:56,987 [DEBUG] TUN->SSH: 632 байт
2026-04-07 21:36:57,026 [DEBUG] SSH->TUN: 580 байт
2026-04-07 21:36:57,027 [DEBUG] TUN->SSH: 83 байт
2026-04-07 21:36:57,072 [DEBUG] SSH->TUN: 83 байт
2026-04-07 21:36:57,073 [DEBUG] SSH->TUN: 52 байт
2026-04-07 21:36:57,073 [DEBUG] SSH->TUN: 52 байт
2026-04-07 21:36:57,113 [DEBUG] TUN->SSH: 52 байт
2026-04-07 21:36:57,662 [DEBUG] SSH->TUN: 539 байт
2026-04-07 21:36:57,662 [DEBUG] TUN->SSH: 52 байт
2026-04-07 21:36:57,663 [DEBUG] SSH->TUN: 1280 байт
2026-04-07 21:36:57,663 [DEBUG] TUN->SSH: 52 байт
2026-04-07 21:36:57,693 [DEBUG] SSH->TUN: 215 байт
2026-04-07 21:36:57,693 [DEBUG] TUN->SSH: 52 байт
2026-04-07 21:36:57,695 [DEBUG] SSH->TUN: 1280 байт
2026-04-07 21:36:57,695 [DEBUG] TUN->SSH: 52 байт
2026-04-07 21:36:57,695 [DEBUG] SSH->TUN: 215 байт
2026-04-07 21:36:57,696 [DEBUG] TUN->SSH: 52 байт
2026-04-07 21:36:57,696 [DEBUG] SSH->TUN: 1280 байт
2026-04-07 21:36:57,696 [DEBUG] TUN->SSH: 52 байт
2026-04-07 21:36:57,696 [DEBUG] SSH->TUN: 215 байт
2026-04-07 21:36:57,696 [DEBUG] TUN->SSH: 52 байт
2026-04-07 21:36:57,697 [DEBUG] SSH->TUN: 1280 байт
2026-04-07 21:36:57,697 [DEBUG] TUN->SSH: 52 байт
2026-04-07 21:36:57,726 [DEBUG] SSH->TUN: 1280 байт
2026-04-07 21:36:57,727 [DEBUG] TUN->SSH: 52 байт
2026-04-07 21:36:57,727 [DEBUG] SSH->TUN: 378 байт
2026-04-07 21:36:57,728 [DEBUG] TUN->SSH: 52 байт
2026-04-07 21:36:57,728 [DEBUG] SSH->TUN: 1280 байт
2026-04-07 21:36:57,728 [DEBUG] TUN->SSH: 52 байт
2026-04-07 21:36:57,731 [DEBUG] SSH->TUN: 1280 байт
2026-04-07 21:36:57,731 [DEBUG] TUN->SSH: 52 байт
2026-04-07 21:36:57,731 [DEBUG] SSH->TUN: 1280 байт
2026-04-07 21:36:57,732 [DEBUG] TUN->SSH: 52 байт
2026-04-07 21:36:58,037 [DEBUG] TUN->SSH: 269 байт
2026-04-07 21:36:58,108 [DEBUG] SSH->TUN: 1280 байт
2026-04-07 21:36:58,108 [DEBUG] TUN->SSH: 52 байт
2026-04-07 21:36:58,108 [DEBUG] SSH->TUN: 1280 байт
2026-04-07 21:36:58,109 [DEBUG] TUN->SSH: 52 байт
2026-04-07 21:36:58,109 [DEBUG] SSH->TUN: 1280 байт
2026-04-07 21:36:58,109 [DEBUG] TUN->SSH: 52 байт
2026-04-07 21:36:58,109 [DEBUG] SSH->TUN: 1280 байт
2026-04-07 21:36:58,110 [DEBUG] TUN->SSH: 52 байт
2026-04-07 21:36:58,110 [DEBUG] SSH->TUN: 1280 байт
2026-04-07 21:36:58,110 [DEBUG] TUN->SSH: 52 байт
2026-04-07 21:36:58,137 [DEBUG] SSH->TUN: 1280 байт
2026-04-07 21:36:58,138 [DEBUG] TUN->SSH: 52 байт
2026-04-07 21:36:58,138 [DEBUG] SSH->TUN: 1280 байт
2026-04-07 21:36:58,138 [DEBUG] TUN->SSH: 52 байт
2026-04-07 21:36:58,146 [DEBUG] SSH->TUN: 1280 байт
2026-04-07 21:36:58,147 [DEBUG] TUN->SSH: 52 байт
2026-04-07 21:36:58,186 [DEBUG] SSH->TUN: 1093 байт
2026-04-07 21:36:58,187 [DEBUG] TUN->SSH: 52 байт
2026-04-07 21:36:58,187 [DEBUG] SSH->TUN: 1093 байт
2026-04-07 21:36:58,188 [DEBUG] TUN->SSH: 64 байт
2026-04-07 21:36:58,188 [DEBUG] SSH->TUN: 1248 байт
2026-04-07 21:36:58,188 [DEBUG] TUN->SSH: 52 байт
2026-04-07 21:36:58,616 [DEBUG] TUN->SSH: 310 байт
2026-04-07 21:36:58,741 [DEBUG] SSH->TUN: 52 байт
2026-04-07 21:36:59,128 [DEBUG] TUN->SSH: 60 байт
2026-04-07 21:36:59,138 [DEBUG] SSH->TUN: 52 байт
2026-04-07 21:36:59,139 [DEBUG] TUN->SSH: 52 байт
2026-04-07 21:36:59,176 [DEBUG] SSH->TUN: 76 байт
2026-04-07 21:36:59,177 [DEBUG] TUN->SSH: 40 байт
2026-04-07 21:36:59,178 [DEBUG] SSH->TUN: 52 байт
2026-04-07 21:36:59,178 [DEBUG] TUN->SSH: 40 байт
2026-04-07 21:36:59,178 [DEBUG] SSH->TUN: 60 байт
2026-04-07 21:36:59,178 [DEBUG] TUN->SSH: 52 байт
2026-04-07 21:36:59,179 [DEBUG] TUN->SSH: 110 байт
2026-04-07 21:36:59,217 [DEBUG] SSH->TUN: 52 байт
2026-04-07 21:36:59,249 [DEBUG] SSH->TUN: 109 байт
2026-04-07 21:36:59,249 [DEBUG] TUN->SSH: 52 байт
2026-04-07 21:36:59,250 [DEBUG] SSH->TUN: 97 байт
2026-04-07 21:36:59,250 [DEBUG] TUN->SSH: 52 байт
2026-04-07 21:36:59,250 [DEBUG] TUN->SSH: 52 байт
2026-04-07 21:36:59,287 [DEBUG] SSH->TUN: 52 байт
2026-04-07 21:36:59,287 [DEBUG] TUN->SSH: 52 байт
2026-04-07 21:36:59,506 [DEBUG] SSH->TUN: 52 байт
2026-04-07 21:36:59,506 [DEBUG] TUN->SSH: 52 байт
2026-04-07 21:36:59,640 [DEBUG] TUN->SSH: 291 байт
2026-04-07 21:36:59,918 [DEBUG] SSH->TUN: 170 байт
2026-04-07 21:36:59,918 [DEBUG] TUN->SSH: 82 байт
2026-04-07 21:37:00,152 [DEBUG] TUN->SSH: 60 байт
2026-04-07 21:37:00,172 [DEBUG] SSH->TUN: 78 байт
2026-04-07 21:37:00,174 [DEBUG] SSH->TUN: 76 байт
2026-04-07 21:37:00,175 [DEBUG] TUN->SSH: 52 байт
2026-04-07 21:37:00,175 [DEBUG] TUN->SSH: 52 байт
2026-04-07 21:37:00,209 [DEBUG] SSH->TUN: 52 байт
2026-04-07 21:37:00,210 [DEBUG] TUN->SSH: 52 байт
2026-04-07 21:37:00,210 [DEBUG] SSH->TUN: 60 байт
2026-04-07 21:37:00,210 [DEBUG] TUN->SSH: 52 байт
2026-04-07 21:37:00,211 [DEBUG] TUN->SSH: 122 байт
2026-04-07 21:37:00,258 [DEBUG] SSH->TUN: 52 байт
2026-04-07 21:37:00,258 [DEBUG] SSH->TUN: 169 байт
2026-04-07 21:37:00,259 [DEBUG] TUN->SSH: 52 байт
2026-04-07 21:37:00,290 [DEBUG] SSH->TUN: 205 байт
2026-04-07 21:37:00,290 [DEBUG] TUN->SSH: 52 байт
2026-04-07 21:37:00,290 [DEBUG] TUN->SSH: 52 байт
2026-04-07 21:37:00,377 [DEBUG] TUN->SSH: 52 байт
2026-04-07 21:37:00,377 [DEBUG] SSH->TUN: 52 байт
2026-04-07 21:37:00,378 [DEBUG] SSH->TUN: 52 байт
2026-04-07 21:37:00,743 [DEBUG] SSH->TUN: 173 байт
2026-04-07 21:37:00,744 [DEBUG] TUN->SSH: 52 байт
2026-04-07 21:37:01,176 [DEBUG] TUN->SSH: 60 байт
2026-04-07 21:37:01,219 [DEBUG] SSH->TUN: 60 байт
2026-04-07 21:37:01,219 [DEBUG] TUN->SSH: 52 байт
2026-04-07 21:37:01,219 [DEBUG] TUN->SSH: 154 байт
2026-04-07 21:37:01,258 [DEBUG] SSH->TUN: 52 байт
2026-04-07 21:37:01,308 [DEBUG] SSH->TUN: 119 байт
2026-04-07 21:37:01,309 [DEBUG] TUN->SSH: 52 байт
2026-04-07 21:37:01,309 [DEBUG] SSH->TUN: 131 байт
2026-04-07 21:37:01,309 [DEBUG] TUN->SSH: 52 байт
2026-04-07 21:37:01,310 [DEBUG] TUN->SSH: 52 байт
2026-04-07 21:37:01,348 [DEBUG] SSH->TUN: 52 байт
2026-04-07 21:37:01,348 [DEBUG] TUN->SSH: 52 байт
2026-04-07 21:37:02,061 [DEBUG] TUN->SSH: 60 байт
2026-04-07 21:37:02,071 [DEBUG] TUN->SSH: 60 байт
2026-04-07 21:37:02,073 [DEBUG] SSH->TUN: 541 байт
2026-04-07 21:37:02,073 [DEBUG] TUN->SSH: 40 байт
2026-04-07 21:37:02,106 [DEBUG] SSH->TUN: 60 байт
2026-04-07 21:37:02,107 [DEBUG] TUN->SSH: 52 байт
2026-04-07 21:37:02,107 [DEBUG] TUN->SSH: 97 байт
2026-04-07 21:37:02,111 [DEBUG] SSH->TUN: 60 байт
2026-04-07 21:37:02,111 [DEBUG] TUN->SSH: 52 байт
2026-04-07 21:37:02,112 [DEBUG] TUN->SSH: 150 байт
2026-04-07 21:37:02,168 [DEBUG] SSH->TUN: 52 байт
2026-04-07 21:37:02,171 [DEBUG] SSH->TUN: 97 байт
2026-04-07 21:37:02,171 [DEBUG] TUN->SSH: 52 байт
2026-04-07 21:37:02,171 [DEBUG] TUN->SSH: 52 байт
2026-04-07 21:37:02,172 [DEBUG] TUN->SSH: 60 байт
2026-04-07 21:37:02,205 [DEBUG] SSH->TUN: 52 байт
2026-04-07 21:37:02,206 [DEBUG] SSH->TUN: 229 байт
2026-04-07 21:37:02,206 [DEBUG] TUN->SSH: 52 байт
2026-04-07 21:37:02,206 [DEBUG] SSH->TUN: 181 байт
2026-04-07 21:37:02,207 [DEBUG] TUN->SSH: 52 байт
2026-04-07 21:37:02,207 [DEBUG] TUN->SSH: 52 байт
2026-04-07 21:37:02,207 [DEBUG] TUN->SSH: 60 байт
2026-04-07 21:37:02,221 [DEBUG] TUN->SSH: 52 байт
2026-04-07 21:37:02,221 [DEBUG] SSH->TUN: 52 байт
2026-04-07 21:37:02,221 [DEBUG] SSH->TUN: 60 байт
2026-04-07 21:37:02,222 [DEBUG] TUN->SSH: 52 байт
2026-04-07 21:37:02,222 [DEBUG] TUN->SSH: 94 байт
2026-04-07 21:37:02,281 [DEBUG] TUN->SSH: 52 байт
2026-04-07 21:37:02,281 [DEBUG] SSH->TUN: 52 байт
2026-04-07 21:37:02,281 [DEBUG] SSH->TUN: 52 байт
2026-04-07 21:37:02,337 [DEBUG] SSH->TUN: 94 байт
2026-04-07 21:37:02,337 [DEBUG] TUN->SSH: 52 байт
2026-04-07 21:37:02,338 [DEBUG] TUN->SSH: 52 байт
2026-04-07 21:37:02,338 [DEBUG] TUN->SSH: 60 байт
2026-04-07 21:37:02,375 [DEBUG] SSH->TUN: 52 байт
2026-04-07 21:37:02,376 [DEBUG] TUN->SSH: 52 байт
2026-04-07 21:37:02,376 [DEBUG] SSH->TUN: 60 байт
2026-04-07 21:37:02,376 [DEBUG] TUN->SSH: 52 байт
2026-04-07 21:37:02,377 [DEBUG] TUN->SSH: 98 байт
2026-04-07 21:37:02,406 [DEBUG] SSH->TUN: 60 байт
2026-04-07 21:37:02,407 [DEBUG] TUN->SSH: 52 байт
2026-04-07 21:37:02,407 [DEBUG] TUN->SSH: 1280 байт
2026-04-07 21:37:02,408 [DEBUG] TUN->SSH: 551 байт
2026-04-07 21:37:02,417 [DEBUG] SSH->TUN: 52 байт
2026-04-07 21:37:02,438 [DEBUG] SSH->TUN: 98 байт
2026-04-07 21:37:02,438 [DEBUG] TUN->SSH: 52 байт
2026-04-07 21:37:02,438 [DEBUG] TUN->SSH: 52 байт
2026-04-07 21:37:02,438 [DEBUG] TUN->SSH: 60 байт
2026-04-07 21:37:02,482 [DEBUG] SSH->TUN: 52 байт
2026-04-07 21:37:02,482 [DEBUG] TUN->SSH: 52 байт
2026-04-07 21:37:02,483 [DEBUG] SSH->TUN: 60 байт
2026-04-07 21:37:02,483 [DEBUG] TUN->SSH: 52 байт
2026-04-07 21:37:02,483 [DEBUG] TUN->SSH: 93 байт
2026-04-07 21:37:02,531 [DEBUG] SSH->TUN: 52 байт
2026-04-07 21:37:02,532 [DEBUG] SSH->TUN: 93 байт
2026-04-07 21:37:02,532 [DEBUG] TUN->SSH: 52 байт
2026-04-07 21:37:02,533 [DEBUG] TUN->SSH: 52 байт
2026-04-07 21:37:02,533 [DEBUG] TUN->SSH: 60 байт
2026-04-07 21:37:02,572 [DEBUG] SSH->TUN: 52 байт
2026-04-07 21:37:02,573 [DEBUG] TUN->SSH: 52 байт
2026-04-07 21:37:02,573 [DEBUG] SSH->TUN: 52 байт
2026-04-07 21:37:02,573 [DEBUG] SSH->TUN: 60 байт
2026-04-07 21:37:02,574 [DEBUG] TUN->SSH: 52 байт
2026-04-07 21:37:02,574 [DEBUG] TUN->SSH: 95 байт
2026-04-07 21:37:02,611 [DEBUG] SSH->TUN: 52 байт
2026-04-07 21:37:02,611 [DEBUG] SSH->TUN: 1280 байт
2026-04-07 21:37:02,611 [DEBUG] TUN->SSH: 52 байт
2026-04-07 21:37:02,612 [DEBUG] SSH->TUN: 1280 байт
2026-04-07 21:37:02,612 [DEBUG] TUN->SSH: 52 байт
2026-04-07 21:37:02,612 [DEBUG] TUN->SSH: 52 байт
2026-04-07 21:37:02,612 [DEBUG] SSH->TUN: 1280 байт
2026-04-07 21:37:02,613 [DEBUG] SSH->TUN: 464 байт
2026-04-07 21:37:02,613 [DEBUG] TUN->SSH: 52 байт
2026-04-07 21:37:02,613 [DEBUG] SSH->TUN: 929 байт
2026-04-07 21:37:02,614 [DEBUG] TUN->SSH: 52 байт
2026-04-07 21:37:02,614 [DEBUG] SSH->TUN: 52 байт
2026-04-07 21:37:02,614 [DEBUG] TUN->SSH: 132 байт
2026-04-07 21:37:02,614 [DEBUG] TUN->SSH: 782 байт
2026-04-07 21:37:02,643 [DEBUG] SSH->TUN: 95 байт
2026-04-07 21:37:02,643 [DEBUG] TUN->SSH: 52 байт
2026-04-07 21:37:02,643 [DEBUG] TUN->SSH: 52 байт
2026-04-07 21:37:02,644 [DEBUG] TUN->SSH: 60 байт
2026-04-07 21:37:02,686 [DEBUG] TUN->SSH: 52 байт
2026-04-07 21:37:02,686 [DEBUG] SSH->TUN: 52 байт
2026-04-07 21:37:02,687 [DEBUG] SSH->TUN: 60 байт
2026-04-07 21:37:02,688 [DEBUG] TUN->SSH: 52 байт
2026-04-07 21:37:02,688 [DEBUG] TUN->SSH: 95 байт
2026-04-07 21:37:02,721 [DEBUG] SSH->TUN: 52 байт
2026-04-07 21:37:02,722 [DEBUG] SSH->TUN: 95 байт
2026-04-07 21:37:02,722 [DEBUG] TUN->SSH: 52 байт
2026-04-07 21:37:02,722 [DEBUG] TUN->SSH: 52 байт
2026-04-07 21:37:02,723 [DEBUG] TUN->SSH: 60 байт
2026-04-07 21:37:02,755 [DEBUG] SSH->TUN: 52 байт
2026-04-07 21:37:02,756 [DEBUG] TUN->SSH: 52 байт
2026-04-07 21:37:02,756 [DEBUG] SSH->TUN: 60 байт
2026-04-07 21:37:02,756 [DEBUG] TUN->SSH: 52 байт
2026-04-07 21:37:02,757 [DEBUG] TUN->SSH: 95 байт
2026-04-07 21:37:02,786 [DEBUG] SSH->TUN: 371 байт
2026-04-07 21:37:02,786 [DEBUG] SSH->TUN: 371 байт
2026-04-07 21:37:02,787 [DEBUG] TUN->SSH: 52 байт
2026-04-07 21:37:02,787 [DEBUG] SSH->TUN: 357 байт
2026-04-07 21:37:02,789 [DEBUG] SSH->TUN: 52 байт
2026-04-07 21:37:02,789 [DEBUG] TUN->SSH: 126 байт
2026-04-07 21:37:02,791 [DEBUG] TUN->SSH: 190 байт
2026-04-07 21:37:02,791 [DEBUG] TUN->SSH: 126 байт
2026-04-07 21:37:02,818 [DEBUG] SSH->TUN: 95 байт
2026-04-07 21:37:02,818 [DEBUG] TUN->SSH: 52 байт
2026-04-07 21:37:02,818 [DEBUG] TUN->SSH: 52 байт
2026-04-07 21:37:02,818 [DEBUG] TUN->SSH: 60 байт
2026-04-07 21:37:02,850 [DEBUG] SSH->TUN: 52 байт
2026-04-07 21:37:02,850 [DEBUG] TUN->SSH: 52 байт
2026-04-07 21:37:02,854 [DEBUG] SSH->TUN: 60 байт
2026-04-07 21:37:02,854 [DEBUG] TUN->SSH: 52 байт
2026-04-07 21:37:02,855 [DEBUG] TUN->SSH: 95 байт
2026-04-07 21:37:02,886 [DEBUG] SSH->TUN: 52 байт
2026-04-07 21:37:02,887 [DEBUG] SSH->TUN: 95 байт
2026-04-07 21:37:02,887 [DEBUG] TUN->SSH: 52 байт
2026-04-07 21:37:02,887 [DEBUG] TUN->SSH: 52 байт
2026-04-07 21:37:02,888 [DEBUG] TUN->SSH: 60 байт
2026-04-07 21:37:02,920 [DEBUG] TUN->SSH: 52 байт
2026-04-07 21:37:02,920 [DEBUG] SSH->TUN: 52 байт
2026-04-07 21:37:02,920 [DEBUG] SSH->TUN: 60 байт
2026-04-07 21:37:02,921 [DEBUG] TUN->SSH: 52 байт
2026-04-07 21:37:02,921 [DEBUG] TUN->SSH: 95 байт
2026-04-07 21:37:02,947 [DEBUG] SSH->TUN: 52 байт
2026-04-07 21:37:02,957 [DEBUG] SSH->TUN: 52 байт
2026-04-07 21:37:02,958 [DEBUG] SSH->TUN: 95 байт
2026-04-07 21:37:02,958 [DEBUG] TUN->SSH: 52 байт
2026-04-07 21:37:02,958 [DEBUG] TUN->SSH: 52 байт
2026-04-07 21:37:02,958 [DEBUG] TUN->SSH: 60 байт
2026-04-07 21:37:02,991 [DEBUG] SSH->TUN: 52 байт
2026-04-07 21:37:02,991 [DEBUG] TUN->SSH: 52 байт
2026-04-07 21:37:02,992 [DEBUG] SSH->TUN: 60 байт
2026-04-07 21:37:02,992 [DEBUG] TUN->SSH: 52 байт
2026-04-07 21:37:02,992 [DEBUG] TUN->SSH: 95 байт
2026-04-07 21:37:02,993 [DEBUG] SSH->TUN: 52 байт
2026-04-07 21:37:03,027 [DEBUG] SSH->TUN: 52 байт
2026-04-07 21:37:03,028 [DEBUG] SSH->TUN: 95 байт
2026-04-07 21:37:03,028 [DEBUG] TUN->SSH: 52 байт
2026-04-07 21:37:03,028 [DEBUG] TUN->SSH: 52 байт
2026-04-07 21:37:03,028 [DEBUG] TUN->SSH: 60 байт
2026-04-07 21:37:03,063 [DEBUG] SSH->TUN: 52 байт
2026-04-07 21:37:03,063 [DEBUG] TUN->SSH: 52 байт
2026-04-07 21:37:03,063 [DEBUG] SSH->TUN: 60 байт
2026-04-07 21:37:03,064 [DEBUG] TUN->SSH: 52 байт
2026-04-07 21:37:03,064 [DEBUG] TUN->SSH: 95 байт
2026-04-07 21:37:03,098 [DEBUG] SSH->TUN: 52 байт
2026-04-07 21:37:03,098 [DEBUG] SSH->TUN: 95 байт
2026-04-07 21:37:03,098 [DEBUG] TUN->SSH: 52 байт
2026-04-07 21:37:03,099 [DEBUG] TUN->SSH: 52 байт
2026-04-07 21:37:03,099 [DEBUG] TUN->SSH: 60 байт
2026-04-07 21:37:03,134 [DEBUG] SSH->TUN: 52 байт
2026-04-07 21:37:03,134 [DEBUG] TUN->SSH: 52 байт
2026-04-07 21:37:03,135 [DEBUG] SSH->TUN: 60 байт
2026-04-07 21:37:03,135 [DEBUG] TUN->SSH: 52 байт
2026-04-07 21:37:03,135 [DEBUG] TUN->SSH: 95 байт
2026-04-07 21:37:03,178 [DEBUG] SSH->TUN: 52 байт
2026-04-07 21:37:03,178 [DEBUG] SSH->TUN: 95 байт
2026-04-07 21:37:03,178 [DEBUG] TUN->SSH: 52 байт
2026-04-07 21:37:03,179 [DEBUG] TUN->SSH: 52 байт
2026-04-07 21:37:03,179 [DEBUG] TUN->SSH: 60 байт
2026-04-07 21:37:03,230 [DEBUG] SSH->TUN: 60 байт
2026-04-07 21:37:03,230 [DEBUG] TUN->SSH: 52 байт
2026-04-07 21:37:03,230 [DEBUG] SSH->TUN: 52 байт
2026-04-07 21:37:03,230 [DEBUG] TUN->SSH: 95 байт
2026-04-07 21:37:03,231 [DEBUG] TUN->SSH: 52 байт
2026-04-07 21:37:03,267 [DEBUG] SSH->TUN: 52 байт
2026-04-07 21:37:03,269 [DEBUG] SSH->TUN: 95 байт
2026-04-07 21:37:03,270 [DEBUG] TUN->SSH: 52 байт
2026-04-07 21:37:03,270 [DEBUG] TUN->SSH: 52 байт
2026-04-07 21:37:03,270 [DEBUG] TUN->SSH: 60 байт
2026-04-07 21:37:03,304 [DEBUG] SSH->TUN: 52 байт
2026-04-07 21:37:03,304 [DEBUG] TUN->SSH: 52 байт
2026-04-07 21:37:03,304 [DEBUG] SSH->TUN: 60 байт
2026-04-07 21:37:03,305 [DEBUG] TUN->SSH: 52 байт
2026-04-07 21:37:03,305 [DEBUG] TUN->SSH: 95 байт
2026-04-07 21:37:03,340 [DEBUG] SSH->TUN: 52 байт
2026-04-07 21:37:03,346 [DEBUG] SSH->TUN: 149 байт
2026-04-07 21:37:03,347 [DEBUG] TUN->SSH: 52 байт
2026-04-07 21:37:03,347 [DEBUG] TUN->SSH: 52 байт
2026-04-07 21:37:03,347 [DEBUG] TUN->SSH: 60 байт
2026-04-07 21:37:03,384 [DEBUG] SSH->TUN: 52 байт
2026-04-07 21:37:03,384 [DEBUG] TUN->SSH: 52 байт
2026-04-07 21:37:03,384 [DEBUG] SSH->TUN: 60 байт
2026-04-07 21:37:03,385 [DEBUG] TUN->SSH: 52 байт
2026-04-07 21:37:03,385 [DEBUG] TUN->SSH: 144 байт
2026-04-07 21:37:03,428 [DEBUG] SSH->TUN: 52 байт
2026-04-07 21:37:03,429 [DEBUG] SSH->TUN: 144 байт
2026-04-07 21:37:03,429 [DEBUG] TUN->SSH: 52 байт
2026-04-07 21:37:03,430 [DEBUG] TUN->SSH: 52 байт
2026-04-07 21:37:03,469 [DEBUG] SSH->TUN: 52 байт
2026-04-07 21:37:03,470 [DEBUG] TUN->SSH: 52 байт
2026-04-07 21:37:03,736 [DEBUG] TUN->SSH: 1280 байт
2026-04-07 21:37:03,777 [DEBUG] SSH->TUN: 52 байт
2026-04-07 21:37:03,777 [DEBUG] TUN->SSH: 1280 байт
2026-04-07 21:37:03,778 [DEBUG] TUN->SSH: 1280 байт
2026-04-07 21:37:03,814 [DEBUG] SSH->TUN: 64 байт
2026-04-07 21:37:03,814 [DEBUG] TUN->SSH: 1280 байт
2026-04-07 21:37:03,814 [DEBUG] SSH->TUN: 64 байт
2026-04-07 21:37:03,815 [DEBUG] TUN->SSH: 804 байт
2026-04-07 21:37:03,848 [DEBUG] SSH->TUN: 64 байт
2026-04-07 21:37:03,848 [DEBUG] TUN->SSH: 1280 байт
2026-04-07 21:37:03,848 [DEBUG] SSH->TUN: 64 байт
2026-04-07 21:37:03,849 [DEBUG] TUN->SSH: 1280 байт
2026-04-07 21:37:03,849 [DEBUG] SSH->TUN: 103 байт
2026-04-07 21:37:03,849 [DEBUG] TUN->SSH: 883 байт
2026-04-07 21:37:03,850 [DEBUG] TUN->SSH: 1280 байт
2026-04-07 21:37:03,850 [DEBUG] TUN->SSH: 40 байт
2026-04-07 21:37:03,882 [DEBUG] SSH->TUN: 64 байт
2026-04-07 21:37:03,883 [DEBUG] TUN->SSH: 40 байт
2026-04-07 21:37:03,883 [DEBUG] SSH->TUN: 64 байт
2026-04-07 21:37:03,883 [DEBUG] TUN->SSH: 40 байт
2026-04-07 21:37:03,887 [DEBUG] SSH->TUN: 64 байт
2026-04-07 21:37:03,887 [DEBUG] TUN->SSH: 40 байт
2026-04-07 21:37:03,887 [DEBUG] SSH->TUN: 64 байт
2026-04-07 21:37:03,888 [DEBUG] TUN->SSH: 40 байт
2026-04-07 21:37:04,051 [DEBUG] TUN->SSH: 285 байт
2026-04-07 21:37:04,051 [DEBUG] TUN->SSH: 205 байт
2026-04-07 21:37:04,052 [DEBUG] TUN->SSH: 301 байт
2026-04-07 21:37:04,144 [DEBUG] SSH->TUN: 52 байт
2026-04-07 21:37:04,146 [DEBUG] SSH->TUN: 52 байт
2026-04-07 21:37:04,150 [DEBUG] SSH->TUN: 52 байт
2026-04-07 21:37:05,162 [DEBUG] TUN->SSH: 61 байт
2026-04-07 21:37:05,348 [DEBUG] TUN->SSH: 63 байт
2026-04-07 21:37:05,761 [DEBUG] TUN->SSH: 65 байт
2026-04-07 21:37:05,761 [DEBUG] SSH->TUN: 509 байт
2026-04-07 21:37:05,762 [DEBUG] TUN->SSH: 52 байт
2026-04-07 21:37:05,784 [DEBUG] TUN->SSH: 60 байт
2026-04-07 21:37:05,784 [DEBUG] TUN->SSH: 60 байт
2026-04-07 21:37:05,785 [DEBUG] TUN->SSH: 60 байт
2026-04-07 21:37:05,818 [DEBUG] SSH->TUN: 60 байт
2026-04-07 21:37:05,819 [DEBUG] TUN->SSH: 52 байт
2026-04-07 21:37:05,819 [DEBUG] SSH->TUN: 60 байт
2026-04-07 21:37:05,819 [DEBUG] TUN->SSH: 122 байт
2026-04-07 21:37:05,820 [DEBUG] SSH->TUN: 60 байт
2026-04-07 21:37:05,820 [DEBUG] TUN->SSH: 52 байт
2026-04-07 21:37:05,820 [DEBUG] TUN->SSH: 120 байт
2026-04-07 21:37:05,820 [DEBUG] TUN->SSH: 52 байт
2026-04-07 21:37:05,821 [DEBUG] TUN->SSH: 144 байт
2026-04-07 21:37:05,857 [DEBUG] SSH->TUN: 52 байт
2026-04-07 21:37:05,857 [DEBUG] SSH->TUN: 169 байт
2026-04-07 21:37:05,858 [DEBUG] TUN->SSH: 52 байт
2026-04-07 21:37:05,858 [DEBUG] SSH->TUN: 205 байт
2026-04-07 21:37:05,858 [DEBUG] TUN->SSH: 52 байт
2026-04-07 21:37:05,859 [DEBUG] TUN->SSH: 52 байт
2026-04-07 21:37:05,859 [DEBUG] SSH->TUN: 52 байт
2026-04-07 21:37:05,894 [DEBUG] SSH->TUN: 142 байт
2026-04-07 21:37:05,894 [DEBUG] TUN->SSH: 52 байт
2026-04-07 21:37:05,894 [DEBUG] SSH->TUN: 118 байт
2026-04-07 21:37:05,895 [DEBUG] TUN->SSH: 52 байт
2026-04-07 21:37:05,895 [DEBUG] SSH->TUN: 52 байт
2026-04-07 21:37:05,895 [DEBUG] TUN->SSH: 52 байт
2026-04-07 21:37:05,895 [DEBUG] SSH->TUN: 130 байт
2026-04-07 21:37:05,896 [DEBUG] TUN->SSH: 52 байт
2026-04-07 21:37:05,896 [DEBUG] SSH->TUN: 154 байт
2026-04-07 21:37:05,896 [DEBUG] TUN->SSH: 52 байт
2026-04-07 21:37:05,897 [DEBUG] TUN->SSH: 52 байт
2026-04-07 21:37:05,899 [DEBUG] SSH->TUN: 52 байт
2026-04-07 21:37:05,899 [DEBUG] TUN->SSH: 52 байт
2026-04-07 21:37:05,968 [DEBUG] SSH->TUN: 52 байт
2026-04-07 21:37:05,969 [DEBUG] TUN->SSH: 52 байт
2026-04-07 21:37:05,969 [DEBUG] SSH->TUN: 52 байт
2026-04-07 21:37:05,969 [DEBUG] TUN->SSH: 52 байт
2026-04-07 21:37:06,278 [DEBUG] TUN->SSH: 67 байт
2026-04-07 21:37:06,297 [DEBUG] TUN->SSH: 60 байт
2026-04-07 21:37:06,332 [DEBUG] SSH->TUN: 60 байт
2026-04-07 21:37:06,333 [DEBUG] TUN->SSH: 52 байт
2026-04-07 21:37:06,333 [DEBUG] TUN->SSH: 88 байт
2026-04-07 21:37:06,372 [DEBUG] SSH->TUN: 52 байт
2026-04-07 21:37:06,373 [DEBUG] SSH->TUN: 104 байт
2026-04-07 21:37:06,374 [DEBUG] TUN->SSH: 52 байт
2026-04-07 21:37:06,374 [DEBUG] TUN->SSH: 52 байт
2026-04-07 21:37:06,409 [DEBUG] TUN->SSH: 52 байт
2026-04-07 21:37:06,410 [DEBUG] SSH->TUN: 52 байт
2026-04-07 21:37:06,552 [DEBUG] TUN->SSH: 52 байт
2026-04-07 21:37:06,648 [DEBUG] SSH->TUN: 52 байт
2026-04-07 21:37:06,648 [DEBUG] TUN->SSH: 52 байт
2026-04-07 21:37:06,648 [DEBUG] SSH->TUN: 52 байт
2026-04-07 21:37:06,882 [DEBUG] SSH->TUN: 509 байт
2026-04-07 21:37:06,883 [DEBUG] TUN->SSH: 52 байт
2026-04-07 21:37:07,320 [DEBUG] TUN->SSH: 60 байт
2026-04-07 21:37:07,363 [DEBUG] SSH->TUN: 60 байт
2026-04-07 21:37:07,364 [DEBUG] TUN->SSH: 52 байт
2026-04-07 21:37:07,364 [DEBUG] TUN->SSH: 162 байт
2026-04-07 21:37:07,428 [DEBUG] TUN->SSH: 69 байт
2026-04-07 21:37:07,447 [DEBUG] SSH->TUN: 52 байт
2026-04-07 21:37:07,450 [DEBUG] SSH->TUN: 191 байт
2026-04-07 21:37:07,451 [DEBUG] TUN->SSH: 52 байт
2026-04-07 21:37:07,452 [DEBUG] TUN->SSH: 52 байт
2026-04-07 21:37:07,452 [DEBUG] SSH->TUN: 155 байт
2026-04-07 21:37:07,452 [DEBUG] TUN->SSH: 52 байт
2026-04-07 21:37:07,516 [DEBUG] SSH->TUN: 52 байт
2026-04-07 21:37:07,517 [DEBUG] TUN->SSH: 52 байт
2026-04-07 21:37:08,202 [DEBUG] TUN->SSH: 221 байт
2026-04-07 21:37:08,310 [DEBUG] SSH->TUN: 52 байт
2026-04-07 21:37:08,344 [DEBUG] TUN->SSH: 60 байт
2026-04-07 21:37:08,344 [DEBUG] TUN->SSH: 60 байт
2026-04-07 21:37:08,345 [DEBUG] TUN->SSH: 60 байт
2026-04-07 21:37:08,345 [DEBUG] TUN->SSH: 60 байт
2026-04-07 21:37:08,415 [DEBUG] SSH->TUN: 60 байт
2026-04-07 21:37:08,416 [DEBUG] TUN->SSH: 52 байт
2026-04-07 21:37:08,416 [DEBUG] SSH->TUN: 60 байт
2026-04-07 21:37:08,416 [DEBUG] TUN->SSH: 110 байт
2026-04-07 21:37:08,416 [DEBUG] SSH->TUN: 60 байт
2026-04-07 21:37:08,417 [DEBUG] TUN->SSH: 52 байт
2026-04-07 21:37:08,417 [DEBUG] SSH->TUN: 60 байт
2026-04-07 21:37:08,417 [DEBUG] TUN->SSH: 120 байт
2026-04-07 21:37:08,417 [DEBUG] TUN->SSH: 52 байт
2026-04-07 21:37:08,418 [DEBUG] TUN->SSH: 118 байт
2026-04-07 21:37:08,418 [DEBUG] TUN->SSH: 52 байт
2026-04-07 21:37:08,418 [DEBUG] TUN->SSH: 114 байт
2026-04-07 21:37:08,449 [DEBUG] SSH->TUN: 52 байт
2026-04-07 21:37:08,452 [DEBUG] SSH->TUN: 52 байт
2026-04-07 21:37:08,453 [DEBUG] SSH->TUN: 97 байт
2026-04-07 21:37:08,453 [DEBUG] TUN->SSH: 52 байт
2026-04-07 21:37:08,453 [DEBUG] SSH->TUN: 310 байт
2026-04-07 21:37:08,454 [DEBUG] TUN->SSH: 52 байт
2026-04-07 21:37:08,454 [DEBUG] SSH->TUN: 214 байт
2026-04-07 21:37:08,454 [DEBUG] TUN->SSH: 52 байт
2026-04-07 21:37:08,455 [DEBUG] TUN->SSH: 52 байт
2026-04-07 21:37:08,480 [DEBUG] SSH->TUN: 52 байт
2026-04-07 21:37:08,481 [DEBUG] SSH->TUN: 52 байт
2026-04-07 21:37:08,481 [DEBUG] SSH->TUN: 113 байт
2026-04-07 21:37:08,481 [DEBUG] TUN->SSH: 52 байт
2026-04-07 21:37:08,481 [DEBUG] SSH->TUN: 101 байт
2026-04-07 21:37:08,482 [DEBUG] TUN->SSH: 52 байт
2026-04-07 21:37:08,482 [DEBUG] SSH->TUN: 144 байт
2026-04-07 21:37:08,483 [DEBUG] TUN->SSH: 52 байт
2026-04-07 21:37:08,483 [DEBUG] SSH->TUN: 99 байт
2026-04-07 21:37:08,483 [DEBUG] TUN->SSH: 52 байт
2026-04-07 21:37:08,483 [DEBUG] SSH->TUN: 109 байт
2026-04-07 21:37:08,483 [DEBUG] TUN->SSH: 52 байт
2026-04-07 21:37:08,484 [DEBUG] TUN->SSH: 52 байт
2026-04-07 21:37:08,484 [DEBUG] TUN->SSH: 52 байт
2026-04-07 21:37:08,484 [DEBUG] TUN->SSH: 52 байт
2026-04-07 21:37:08,488 [DEBUG] TUN->SSH: 52 байт
2026-04-07 21:37:08,488 [DEBUG] SSH->TUN: 52 байт
2026-04-07 21:37:08,516 [DEBUG] SSH->TUN: 52 байт
2026-04-07 21:37:08,517 [DEBUG] TUN->SSH: 52 байт
2026-04-07 21:37:08,523 [DEBUG] SSH->TUN: 52 байт
2026-04-07 21:37:08,524 [DEBUG] TUN->SSH: 52 байт
2026-04-07 21:37:08,528 [DEBUG] SSH->TUN: 52 байт
2026-04-07 21:37:08,529 [DEBUG] TUN->SSH: 52 байт
2026-04-07 21:37:09,951 [DEBUG] TUN->SSH: 71 байт
2026-04-07 21:37:11,718 [DEBUG] TUN->SSH: 60 байт
2026-04-07 21:37:11,766 [DEBUG] SSH->TUN: 60 байт
2026-04-07 21:37:11,766 [DEBUG] TUN->SSH: 52 байт
2026-04-07 21:37:11,767 [DEBUG] TUN->SSH: 154 байт
2026-04-07 21:37:11,876 [DEBUG] SSH->TUN: 173 байт
2026-04-07 21:37:11,876 [DEBUG] TUN->SSH: 52 байт
2026-04-07 21:37:11,877 [DEBUG] TUN->SSH: 221 байт
2026-04-07 21:37:11,904 [DEBUG] SSH->TUN: 52 байт
2026-04-07 21:37:11,904 [DEBUG] SSH->TUN: 119 байт
2026-04-07 21:37:11,905 [DEBUG] TUN->SSH: 52 байт
2026-04-07 21:37:11,905 [DEBUG] SSH->TUN: 131 байт
2026-04-07 21:37:11,905 [DEBUG] TUN->SSH: 52 байт
2026-04-07 21:37:11,905 [DEBUG] TUN->SSH: 52 байт
2026-04-07 21:37:11,906 [DEBUG] TUN->SSH: 1278 байт
2026-04-07 21:37:11,906 [DEBUG] TUN->SSH: 1278 байт
2026-04-07 21:37:11,906 [DEBUG] TUN->SSH: 107 байт
2026-04-07 21:37:11,907 [DEBUG] TUN->SSH: 572 байт
2026-04-07 21:37:11,971 [DEBUG] SSH->TUN: 52 байт
2026-04-07 21:37:11,972 [DEBUG] TUN->SSH: 52 байт
2026-04-07 21:37:11,997 [DEBUG] SSH->TUN: 52 байт
2026-04-07 21:37:11,997 [DEBUG] SSH->TUN: 68 байт
2026-04-07 21:37:11,998 [DEBUG] SSH->TUN: 1278 байт
2026-04-07 21:37:11,998 [DEBUG] SSH->TUN: 1278 байт
2026-04-07 21:37:11,999 [DEBUG] TUN->SSH: 1278 байт
2026-04-07 21:37:12,004 [DEBUG] SSH->TUN: 1278 байт
2026-04-07 21:37:12,005 [DEBUG] SSH->TUN: 1278 байт
2026-04-07 21:37:12,005 [DEBUG] TUN->SSH: 67 байт
2026-04-07 21:37:12,030 [DEBUG] SSH->TUN: 1278 байт
2026-04-07 21:37:12,030 [DEBUG] SSH->TUN: 654 байт
2026-04-07 21:37:12,031 [DEBUG] TUN->SSH: 699 байт
2026-04-07 21:37:12,087 [DEBUG] SSH->TUN: 1005 байт
2026-04-07 21:37:12,087 [DEBUG] SSH->TUN: 149 байт
2026-04-07 21:37:12,087 [DEBUG] TUN->SSH: 60 байт
2026-04-07 21:37:12,108 [DEBUG] SSH->TUN: 56 байт
2026-04-07 21:37:12,134 [DEBUG] TUN->SSH: 60 байт
2026-04-07 21:37:12,207 [DEBUG] SSH->TUN: 227 байт
2026-04-07 21:37:12,210 [DEBUG] TUN->SSH: 75 байт
2026-04-07 21:37:12,211 [DEBUG] TUN->SSH: 1278 байт
2026-04-07 21:37:12,211 [DEBUG] TUN->SSH: 1278 байт
2026-04-07 21:37:12,211 [DEBUG] TUN->SSH: 107 байт
2026-04-07 21:37:12,212 [DEBUG] TUN->SSH: 1274 байт
2026-04-07 21:37:12,212 [DEBUG] TUN->SSH: 1278 байт
2026-04-07 21:37:12,212 [DEBUG] TUN->SSH: 1278 байт
2026-04-07 21:37:12,213 [DEBUG] TUN->SSH: 437 байт
2026-04-07 21:37:12,213 [DEBUG] SSH->TUN: 49 байт
2026-04-07 21:37:12,213 [DEBUG] TUN->SSH: 114 байт
2026-04-07 21:37:12,239 [DEBUG] TUN->SSH: 60 байт
2026-04-07 21:37:12,286 [DEBUG] SSH->TUN: 56 байт
2026-04-07 21:37:12,286 [DEBUG] SSH->TUN: 68 байт
2026-04-07 21:37:12,286 [DEBUG] SSH->TUN: 1278 байт
2026-04-07 21:37:12,294 [DEBUG] SSH->TUN: 1278 байт
2026-04-07 21:37:12,294 [DEBUG] SSH->TUN: 314 байт
2026-04-07 21:37:12,294 [DEBUG] TUN->SSH: 106 байт
2026-04-07 21:37:12,311 [DEBUG] TUN->SSH: 60 байт
2026-04-07 21:37:12,319 [DEBUG] TUN->SSH: 60 байт
2026-04-07 21:37:12,366 [DEBUG] SSH->TUN: 992 байт
2026-04-07 21:37:12,366 [DEBUG] SSH->TUN: 63 байт
2026-04-07 21:37:12,367 [DEBUG] TUN->SSH: 59 байт
2026-04-07 21:37:12,367 [DEBUG] SSH->TUN: 52 байт
2026-04-07 21:37:12,367 [DEBUG] SSH->TUN: 50 байт
2026-04-07 21:37:12,392 [DEBUG] TUN->SSH: 60 байт
2026-04-07 21:37:12,411 [DEBUG] SSH->TUN: 148 байт
2026-04-07 21:37:12,411 [DEBUG] SSH->TUN: 236 байт
2026-04-07 21:37:12,411 [DEBUG] TUN->SSH: 63 байт
2026-04-07 21:37:12,473 [DEBUG] SSH->TUN: 51 байт
2026-04-07 21:37:13,976 [DEBUG] TUN->SSH: 60 байт
2026-04-07 21:37:14,015 [DEBUG] SSH->TUN: 60 байт
2026-04-07 21:37:14,015 [DEBUG] TUN->SSH: 52 байт
2026-04-07 21:37:14,016 [DEBUG] TUN->SSH: 114 байт
2026-04-07 21:37:14,057 [DEBUG] SSH->TUN: 52 байт
2026-04-07 21:37:14,057 [DEBUG] SSH->TUN: 144 байт
2026-04-07 21:37:14,057 [DEBUG] TUN->SSH: 52 байт
2026-04-07 21:37:14,058 [DEBUG] SSH->TUN: 99 байт
2026-04-07 21:37:14,058 [DEBUG] TUN->SSH: 52 байт
2026-04-07 21:37:14,058 [DEBUG] TUN->SSH: 52 байт
2026-04-07 21:37:14,113 [DEBUG] SSH->TUN: 52 байт
2026-04-07 21:37:14,114 [DEBUG] TUN->SSH: 52 байт
2026-04-07 21:37:15,789 [DEBUG] SSH->TUN: 253 байт
2026-04-07 21:37:15,830 [DEBUG] TUN->SSH: 52 байт
2026-04-07 21:37:16,299 [DEBUG] SSH->TUN: 429 байт
2026-04-07 21:37:16,299 [DEBUG] TUN->SSH: 52 байт
2026-04-07 21:37:16,299 [DEBUG] SSH->TUN: 1280 байт
2026-04-07 21:37:16,300 [DEBUG] TUN->SSH: 52 байт
2026-04-07 21:37:16,300 [DEBUG] SSH->TUN: 125 байт
2026-04-07 21:37:16,300 [DEBUG] TUN->SSH: 52 байт
2026-04-07 21:37:16,698 [DEBUG] TUN->SSH: 60 байт
2026-04-07 21:37:16,711 [DEBUG] SSH->TUN: 1232 байт
2026-04-07 21:37:16,712 [DEBUG] TUN->SSH: 52 байт
2026-04-07 21:37:16,739 [DEBUG] SSH->TUN: 52 байт
2026-04-07 21:37:16,739 [DEBUG] TUN->SSH: 52 байт
2026-04-07 21:37:16,764 [DEBUG] SSH->TUN: 60 байт
2026-04-07 21:37:16,765 [DEBUG] TUN->SSH: 52 байт
2026-04-07 21:37:16,765 [DEBUG] TUN->SSH: 150 байт
2026-04-07 21:37:16,816 [DEBUG] SSH->TUN: 52 байт
2026-04-07 21:37:16,816 [DEBUG] SSH->TUN: 269 байт
2026-04-07 21:37:16,817 [DEBUG] TUN->SSH: 52 байт
2026-04-07 21:37:16,817 [DEBUG] SSH->TUN: 197 байт
2026-04-07 21:37:16,817 [DEBUG] TUN->SSH: 52 байт
2026-04-07 21:37:16,817 [DEBUG] TUN->SSH: 52 байт
2026-04-07 21:37:16,863 [DEBUG] TUN->SSH: 52 байт
2026-04-07 21:37:16,863 [DEBUG] SSH->TUN: 52 байт
2026-04-07 21:37:16,877 [DEBUG] SSH->TUN: 489 байт
2026-04-07 21:37:17,048 [DEBUG] TUN->SSH: 52 байт
2026-04-07 21:37:17,124 [DEBUG] SSH->TUN: 52 байт
2026-04-07 21:37:17,560 [DEBUG] TUN->SSH: 285 байт
2026-04-07 21:37:22,217 [DEBUG] TUN->SSH: 205 байт
2026-04-07 21:37:22,275 [DEBUG] SSH->TUN: 52 байт
2026-04-07 21:37:23,051 [DEBUG] TUN->SSH: 317 байт
2026-04-07 21:37:23,109 [DEBUG] SSH->TUN: 52 байт
2026-04-07 21:37:23,137 [DEBUG] SSH->TUN: 141 байт
2026-04-07 21:37:23,138 [DEBUG] TUN->SSH: 52 байт
2026-04-07 21:37:23,479 [DEBUG] SSH->TUN: 489 байт
2026-04-07 21:37:23,480 [DEBUG] TUN->SSH: 60 байт
2026-04-07 21:37:23,519 [DEBUG] TUN->SSH: 52 байт
2026-04-07 21:37:23,636 [DEBUG] SSH->TUN: 60 байт
2026-04-07 21:37:23,636 [DEBUG] TUN->SSH: 52 байт
2026-04-07 21:37:23,636 [DEBUG] TUN->SSH: 1280 байт
2026-04-07 21:37:23,637 [DEBUG] TUN->SSH: 751 байт
2026-04-07 21:37:23,709 [DEBUG] SSH->TUN: 52 байт
2026-04-07 21:37:23,709 [DEBUG] SSH->TUN: 52 байт
2026-04-07 21:37:23,712 [DEBUG] SSH->TUN: 1280 байт
2026-04-07 21:37:23,712 [DEBUG] TUN->SSH: 52 байт
2026-04-07 21:37:23,712 [DEBUG] SSH->TUN: 1280 байт
2026-04-07 21:37:23,713 [DEBUG] TUN->SSH: 52 байт
2026-04-07 21:37:23,713 [DEBUG] SSH->TUN: 1280 байт
2026-04-07 21:37:23,713 [DEBUG] TUN->SSH: 52 байт
2026-04-07 21:37:23,776 [DEBUG] SSH->TUN: 464 байт
2026-04-07 21:37:23,777 [DEBUG] TUN->SSH: 52 байт
2026-04-07 21:37:23,777 [DEBUG] SSH->TUN: 1280 байт
2026-04-07 21:37:23,778 [DEBUG] TUN->SSH: 52 байт
2026-04-07 21:37:23,778 [DEBUG] SSH->TUN: 431 байт
2026-04-07 21:37:23,778 [DEBUG] TUN->SSH: 52 байт
2026-04-07 21:37:23,779 [DEBUG] TUN->SSH: 886 байт
2026-04-07 21:37:23,844 [DEBUG] SSH->TUN: 355 байт
2026-04-07 21:37:23,844 [DEBUG] SSH->TUN: 355 байт
2026-04-07 21:37:23,844 [DEBUG] TUN->SSH: 52 байт
2026-04-07 21:37:25,052 [DEBUG] TUN->SSH: 301 байт
2026-04-07 21:37:25,052 [DEBUG] TUN->SSH: 189 байт
2026-04-07 21:37:25,052 [DEBUG] TUN->SSH: 221 байт
2026-04-07 21:37:25,123 [DEBUG] SSH->TUN: 52 байт
2026-04-07 21:37:25,192 [DEBUG] SSH->TUN: 52 байт
2026-04-07 21:37:25,193 [DEBUG] SSH->TUN: 205 байт
2026-04-07 21:37:25,193 [DEBUG] SSH->TUN: 205 байт
2026-04-07 21:37:25,194 [DEBUG] TUN->SSH: 52 байт
2026-04-07 21:37:25,194 [DEBUG] TUN->SSH: 52 байт
2026-04-07 21:37:25,231 [DEBUG] SSH->TUN: 52 байт
2026-04-07 21:37:25,231 [DEBUG] SSH->TUN: 205 байт
2026-04-07 21:37:25,232 [DEBUG] SSH->TUN: 205 байт
2026-04-07 21:37:25,232 [DEBUG] TUN->SSH: 52 байт
2026-04-07 21:37:25,232 [DEBUG] SSH->TUN: 221 байт
2026-04-07 21:37:25,233 [DEBUG] TUN->SSH: 52 байт
2026-04-07 21:37:25,233 [DEBUG] SSH->TUN: 221 байт
2026-04-07 21:37:25,233 [DEBUG] TUN->SSH: 52 байт
2026-04-07 21:37:25,703 [DEBUG] SSH->TUN: 105 байт
2026-04-07 21:37:25,720 [INFO] Останавливаю туннель...
2026-04-07 21:37:25,724 [DEBUG] Восстановлен: default via 192.168.5.1 dev wlp0s20f3
2026-04-07 21:37:25,724 [INFO] Маршруты восстановлены
2026-04-07 21:37:25,737 [INFO] Интерфейс strans-tun0 удалён
2026-04-07 21:37:25,737 [INFO] Остановлено
2026-04-07 21:37:25,737 [DEBUG] TUN->SSH: отменён
2026-04-07 21:37:25,737 [DEBUG] SSH->TUN: отменён
