2026-04-07 21:38:06,024 [INFO] === Запуск клиента ===
2026-04-07 21:38:06,025 [INFO] Лог файл: logs/client_20260407_213806.log
2026-04-07 21:38:06,026 [INFO] Подключаюсь к 217.154.79.223:22 как 'alice'
2026-04-07 21:38:06,338 [INFO] SSH соединение установлено
2026-04-07 21:38:06,427 [INFO] PUSH_REPLY: client_ip=198.19.0.4 server_ip=198.19.0.1 mtu=1280 stealth=0
2026-04-07 21:38:06,438 [INFO] Интерфейс strans-tun0:
78: strans-tun0: <POINTOPOINT,MULTICAST,NOARP,UP,LOWER_UP> mtu 1280 qdisc fq_codel state UP group default qlen 500
    link/none 
    inet 198.19.0.4 peer 198.19.0.1/32 scope global strans-tun0
       valid_lft forever preferred_lft forever
2026-04-07 21:38:06,523 [INFO] SSH tunnel канал открыт
2026-04-07 21:38:06,525 [INFO] Маршрут к серверу: 217.154.79.223 via 192.168.5.1 dev wlp0s20f3
2026-04-07 21:38:06,529 [INFO] Весь трафик через strans-tun0
2026-04-07 21:38:06,529 [INFO] Туннель активен.
2026-04-07 21:38:06,529 [INFO] Форвардинг запущен [stealth=0]
2026-04-07 21:38:06,550 [DEBUG] TUN->SSH: 64 байт
2026-04-07 21:38:06,551 [DEBUG] TUN->SSH: 72 байт
2026-04-07 21:38:06,884 [DEBUG] TUN->SSH: 52 байт
2026-04-07 21:38:06,885 [DEBUG] TUN->SSH: 142 байт
2026-04-07 21:38:06,885 [DEBUG] TUN->SSH: 144 байт
2026-04-07 21:38:06,885 [DEBUG] TUN->SSH: 612 байт
2026-04-07 21:38:06,936 [DEBUG] TUN->SSH: 612 байт
2026-04-07 21:38:07,054 [DEBUG] TUN->SSH: 60 байт
2026-04-07 21:38:07,054 [DEBUG] TUN->SSH: 60 байт
2026-04-07 21:38:07,054 [DEBUG] TUN->SSH: 60 байт
2026-04-07 21:38:07,055 [DEBUG] TUN->SSH: 60 байт
2026-04-07 21:38:07,096 [DEBUG] TUN->SSH: 60 байт
2026-04-07 21:38:07,160 [DEBUG] TUN->SSH: 60 байт
2026-04-07 21:38:07,160 [DEBUG] TUN->SSH: 60 байт
2026-04-07 21:38:07,168 [DEBUG] TUN->SSH: 794 байт
2026-04-07 21:38:07,222 [DEBUG] SSH->TUN: 60 байт
2026-04-07 21:38:07,222 [DEBUG] TUN->SSH: 52 байт
2026-04-07 21:38:07,223 [DEBUG] SSH->TUN: 60 байт
2026-04-07 21:38:07,223 [DEBUG] TUN->SSH: 345 байт
2026-04-07 21:38:07,223 [DEBUG] SSH->TUN: 60 байт
2026-04-07 21:38:07,223 [DEBUG] TUN->SSH: 52 байт
2026-04-07 21:38:07,224 [DEBUG] SSH->TUN: 60 байт
2026-04-07 21:38:07,224 [DEBUG] TUN->SSH: 269 байт
2026-04-07 21:38:07,224 [DEBUG] TUN->SSH: 52 байт
2026-04-07 21:38:07,224 [DEBUG] TUN->SSH: 381 байт
2026-04-07 21:38:07,225 [DEBUG] TUN->SSH: 52 байт
2026-04-07 21:38:07,225 [DEBUG] TUN->SSH: 538 байт
2026-04-07 21:38:07,225 [DEBUG] TUN->SSH: 88 байт
2026-04-07 21:38:07,230 [DEBUG] TUN->SSH: 64 байт
2026-04-07 21:38:07,295 [DEBUG] SSH->TUN: 40 байт
2026-04-07 21:38:07,396 [DEBUG] SSH->TUN: 197 байт
2026-04-07 21:38:07,397 [DEBUG] TUN->SSH: 52 байт
2026-04-07 21:38:07,397 [DEBUG] SSH->TUN: 257 байт
2026-04-07 21:38:07,397 [DEBUG] TUN->SSH: 52 байт
2026-04-07 21:38:07,397 [DEBUG] SSH->TUN: 363 байт
2026-04-07 21:38:07,398 [DEBUG] TUN->SSH: 52 байт
2026-04-07 21:38:07,398 [DEBUG] SSH->TUN: 391 байт
2026-04-07 21:38:07,398 [DEBUG] TUN->SSH: 52 байт
2026-04-07 21:38:07,398 [DEBUG] TUN->SSH: 237 байт
2026-04-07 21:38:07,398 [DEBUG] TUN->SSH: 40 байт
2026-04-07 21:38:07,399 [DEBUG] TUN->SSH: 40 байт
2026-04-07 21:38:07,399 [DEBUG] TUN->SSH: 40 байт
2026-04-07 21:38:07,564 [DEBUG] SSH->TUN: 52 байт
2026-04-07 21:38:07,564 [DEBUG] TUN->SSH: 40 байт
2026-04-07 21:38:07,564 [DEBUG] SSH->TUN: 52 байт
2026-04-07 21:38:07,564 [DEBUG] TUN->SSH: 40 байт
2026-04-07 21:38:07,565 [DEBUG] SSH->TUN: 52 байт
2026-04-07 21:38:07,565 [DEBUG] TUN->SSH: 40 байт
2026-04-07 21:38:07,566 [DEBUG] SSH->TUN: 157 байт
2026-04-07 21:38:07,566 [DEBUG] TUN->SSH: 205 байт
2026-04-07 21:38:07,624 [DEBUG] TUN->SSH: 794 байт
2026-04-07 21:38:07,734 [DEBUG] SSH->TUN: 221 байт
2026-04-07 21:38:07,746 [DEBUG] SSH->TUN: 557 байт
2026-04-07 21:38:07,747 [DEBUG] TUN->SSH: 52 байт
2026-04-07 21:38:07,747 [DEBUG] TUN->SSH: 52 байт
2026-04-07 21:38:08,013 [DEBUG] SSH->TUN: 52 байт
2026-04-07 21:38:08,013 [DEBUG] TUN->SSH: 52 байт
2026-04-07 21:38:08,184 [DEBUG] TUN->SSH: 60 байт
2026-04-07 21:38:08,185 [DEBUG] TUN->SSH: 60 байт
2026-04-07 21:38:08,196 [DEBUG] TUN->SSH: 64 байт
2026-04-07 21:38:08,480 [DEBUG] TUN->SSH: 52 байт
2026-04-07 21:38:08,482 [DEBUG] TUN->SSH: 60 байт
2026-04-07 21:38:08,545 [DEBUG] SSH->TUN: 60 байт
2026-04-07 21:38:08,546 [DEBUG] TUN->SSH: 52 байт
2026-04-07 21:38:08,546 [DEBUG] TUN->SSH: 1280 байт
2026-04-07 21:38:08,547 [DEBUG] TUN->SSH: 432 байт
2026-04-07 21:38:08,568 [DEBUG] TUN->SSH: 794 байт
2026-04-07 21:38:08,581 [DEBUG] TUN->SSH: 60 байт
2026-04-07 21:38:08,607 [DEBUG] SSH->TUN: 52 байт
2026-04-07 21:38:08,608 [DEBUG] SSH->TUN: 52 байт
2026-04-07 21:38:08,608 [DEBUG] SSH->TUN: 1280 байт
2026-04-07 21:38:08,609 [DEBUG] TUN->SSH: 52 байт
2026-04-07 21:38:08,609 [DEBUG] TUN->SSH: 52 байт
2026-04-07 21:38:08,609 [DEBUG] SSH->TUN: 1280 байт
2026-04-07 21:38:08,610 [DEBUG] SSH->TUN: 1280 байт
2026-04-07 21:38:08,610 [DEBUG] TUN->SSH: 52 байт
2026-04-07 21:38:08,648 [DEBUG] SSH->TUN: 464 байт
2026-04-07 21:38:08,649 [DEBUG] TUN->SSH: 52 байт
2026-04-07 21:38:08,649 [DEBUG] SSH->TUN: 1280 байт
2026-04-07 21:38:08,650 [DEBUG] TUN->SSH: 52 байт
2026-04-07 21:38:08,650 [DEBUG] SSH->TUN: 431 байт
2026-04-07 21:38:08,650 [DEBUG] TUN->SSH: 52 байт
2026-04-07 21:38:08,650 [DEBUG] SSH->TUN: 60 байт
2026-04-07 21:38:08,651 [DEBUG] TUN->SSH: 52 байт
2026-04-07 21:38:08,652 [DEBUG] TUN->SSH: 52 байт
2026-04-07 21:38:08,652 [DEBUG] TUN->SSH: 1280 байт
2026-04-07 21:38:08,653 [DEBUG] TUN->SSH: 432 байт
2026-04-07 21:38:08,712 [DEBUG] TUN->SSH: 52 байт
2026-04-07 21:38:08,712 [DEBUG] SSH->TUN: 52 байт
2026-04-07 21:38:08,713 [DEBUG] SSH->TUN: 52 байт
2026-04-07 21:38:08,713 [DEBUG] SSH->TUN: 52 байт
2026-04-07 21:38:08,714 [DEBUG] SSH->TUN: 1280 байт
2026-04-07 21:38:08,715 [DEBUG] TUN->SSH: 52 байт
2026-04-07 21:38:08,715 [DEBUG] SSH->TUN: 1280 байт
2026-04-07 21:38:08,715 [DEBUG] TUN->SSH: 52 байт
2026-04-07 21:38:08,727 [DEBUG] SSH->TUN: 1280 байт
2026-04-07 21:38:08,728 [DEBUG] TUN->SSH: 52 байт
2026-04-07 21:38:08,728 [DEBUG] SSH->TUN: 464 байт
2026-04-07 21:38:08,728 [DEBUG] TUN->SSH: 52 байт
2026-04-07 21:38:08,728 [DEBUG] SSH->TUN: 1280 байт
2026-04-07 21:38:08,729 [DEBUG] TUN->SSH: 52 байт
2026-04-07 21:38:08,729 [DEBUG] SSH->TUN: 431 байт
2026-04-07 21:38:08,729 [DEBUG] TUN->SSH: 52 байт
2026-04-07 21:38:08,731 [DEBUG] TUN->SSH: 886 байт
2026-04-07 21:38:08,791 [DEBUG] SSH->TUN: 355 байт
2026-04-07 21:38:08,791 [DEBUG] SSH->TUN: 355 байт
2026-04-07 21:38:08,792 [DEBUG] TUN->SSH: 52 байт
2026-04-07 21:38:08,920 [DEBUG] TUN->SSH: 52 байт
2026-04-07 21:38:09,208 [DEBUG] TUN->SSH: 60 байт
2026-04-07 21:38:09,209 [DEBUG] TUN->SSH: 60 байт
2026-04-07 21:38:09,360 [DEBUG] TUN->SSH: 52 байт
2026-04-07 21:38:09,752 [DEBUG] TUN->SSH: 52 байт
2026-04-07 21:38:09,784 [DEBUG] TUN->SSH: 52 байт
2026-04-07 21:38:10,063 [DEBUG] TUN->SSH: 88 байт
2026-04-07 21:38:10,064 [DEBUG] TUN->SSH: 88 байт
2026-04-07 21:38:10,067 [DEBUG] TUN->SSH: 64 байт
2026-04-07 21:38:10,073 [DEBUG] TUN->SSH: 88 байт
2026-04-07 21:38:10,074 [DEBUG] TUN->SSH: 88 байт
2026-04-07 21:38:10,078 [DEBUG] TUN->SSH: 88 байт
2026-04-07 21:38:10,079 [DEBUG] TUN->SSH: 88 байт
2026-04-07 21:38:10,130 [DEBUG] TUN->SSH: 414 байт
2026-04-07 21:38:10,130 [DEBUG] SSH->TUN: 52 байт
2026-04-07 21:38:10,133 [DEBUG] TUN->SSH: 318 байт
2026-04-07 21:38:10,134 [DEBUG] SSH->TUN: 52 байт
2026-04-07 21:38:10,146 [DEBUG] SSH->TUN: 52 байт
2026-04-07 21:38:10,146 [DEBUG] TUN->SSH: 430 байт
2026-04-07 21:38:10,172 [DEBUG] SSH->TUN: 52 байт
2026-04-07 21:38:10,193 [DEBUG] TUN->SSH: 52 байт
2026-04-07 21:38:10,193 [DEBUG] SSH->TUN: 141 байт
2026-04-07 21:38:10,195 [DEBUG] SSH->TUN: 141 байт
2026-04-07 21:38:10,195 [DEBUG] TUN->SSH: 52 байт
2026-04-07 21:38:10,210 [DEBUG] SSH->TUN: 52 байт
2026-04-07 21:38:10,211 [DEBUG] SSH->TUN: 141 байт
2026-04-07 21:38:10,255 [DEBUG] TUN->SSH: 52 байт
2026-04-07 21:38:10,296 [DEBUG] TUN->SSH: 52 байт
2026-04-07 21:38:10,424 [DEBUG] TUN->SSH: 794 байт
2026-04-07 21:38:11,256 [DEBUG] TUN->SSH: 60 байт
2026-04-07 21:38:11,257 [DEBUG] TUN->SSH: 60 байт
2026-04-07 21:38:11,832 [DEBUG] TUN->SSH: 52 байт
2026-04-07 21:38:12,056 [DEBUG] TUN->SSH: 60 байт
2026-04-07 21:38:12,056 [DEBUG] TUN->SSH: 60 байт
2026-04-07 21:38:12,088 [DEBUG] TUN->SSH: 52 байт
2026-04-07 21:38:12,123 [DEBUG] SSH->TUN: 60 байт
2026-04-07 21:38:12,124 [DEBUG] TUN->SSH: 52 байт
2026-04-07 21:38:12,124 [DEBUG] TUN->SSH: 542 байт
2026-04-07 21:38:12,138 [DEBUG] SSH->TUN: 60 байт
2026-04-07 21:38:12,138 [DEBUG] TUN->SSH: 52 байт
2026-04-07 21:38:12,139 [DEBUG] TUN->SSH: 165 байт
2026-04-07 21:38:12,197 [DEBUG] SSH->TUN: 399 байт
2026-04-07 21:38:12,198 [DEBUG] TUN->SSH: 52 байт
2026-04-07 21:38:12,205 [DEBUG] SSH->TUN: 225 байт
2026-04-07 21:38:12,206 [DEBUG] TUN->SSH: 52 байт
2026-04-07 21:38:12,206 [DEBUG] TUN->SSH: 52 байт
2026-04-07 21:38:12,206 [DEBUG] TUN->SSH: 381 байт
2026-04-07 21:38:12,277 [DEBUG] TUN->SSH: 52 байт
2026-04-07 21:38:12,277 [DEBUG] SSH->TUN: 52 байт
2026-04-07 21:38:12,290 [DEBUG] SSH->TUN: 1280 байт
2026-04-07 21:38:12,290 [DEBUG] SSH->TUN: 1280 байт
2026-04-07 21:38:12,291 [DEBUG] TUN->SSH: 52 байт
2026-04-07 21:38:12,293 [DEBUG] SSH->TUN: 1280 байт
2026-04-07 21:38:12,294 [DEBUG] SSH->TUN: 1280 байт
2026-04-07 21:38:12,294 [DEBUG] TUN->SSH: 52 байт
2026-04-07 21:38:12,318 [DEBUG] SSH->TUN: 449 байт
2026-04-07 21:38:12,339 [DEBUG] SSH->TUN: 672 байт
2026-04-07 21:38:12,339 [DEBUG] TUN->SSH: 52 байт
2026-04-07 21:38:12,344 [DEBUG] TUN->SSH: 52 байт
2026-04-07 21:38:12,413 [DEBUG] SSH->TUN: 52 байт
2026-04-07 21:38:12,414 [DEBUG] TUN->SSH: 52 байт
2026-04-07 21:38:12,434 [DEBUG] TUN->SSH: 60 байт
2026-04-07 21:38:12,481 [DEBUG] SSH->TUN: 60 байт
2026-04-07 21:38:12,482 [DEBUG] TUN->SSH: 52 байт
2026-04-07 21:38:12,482 [DEBUG] TUN->SSH: 110 байт
2026-04-07 21:38:12,529 [DEBUG] SSH->TUN: 52 байт
2026-04-07 21:38:12,529 [DEBUG] SSH->TUN: 97 байт
2026-04-07 21:38:12,530 [DEBUG] TUN->SSH: 52 байт
2026-04-07 21:38:12,539 [DEBUG] SSH->TUN: 109 байт
2026-04-07 21:38:12,540 [DEBUG] TUN->SSH: 52 байт
2026-04-07 21:38:12,540 [DEBUG] TUN->SSH: 52 байт
2026-04-07 21:38:12,541 [DEBUG] TUN->SSH: 60 байт
2026-04-07 21:38:12,582 [DEBUG] SSH->TUN: 52 байт
2026-04-07 21:38:12,582 [DEBUG] TUN->SSH: 52 байт
2026-04-07 21:38:12,583 [DEBUG] SSH->TUN: 60 байт
2026-04-07 21:38:12,583 [DEBUG] TUN->SSH: 52 байт
2026-04-07 21:38:12,583 [DEBUG] TUN->SSH: 1280 байт
2026-04-07 21:38:12,584 [DEBUG] TUN->SSH: 846 байт
2026-04-07 21:38:12,627 [DEBUG] SSH->TUN: 52 байт
2026-04-07 21:38:12,643 [DEBUG] SSH->TUN: 52 байт
2026-04-07 21:38:12,643 [DEBUG] SSH->TUN: 1280 байт
2026-04-07 21:38:12,643 [DEBUG] TUN->SSH: 52 байт
2026-04-07 21:38:12,643 [DEBUG] SSH->TUN: 199 байт
2026-04-07 21:38:12,644 [DEBUG] TUN->SSH: 52 байт
2026-04-07 21:38:12,644 [DEBUG] TUN->SSH: 116 байт
2026-04-07 21:38:12,644 [DEBUG] TUN->SSH: 144 байт
2026-04-07 21:38:12,645 [DEBUG] TUN->SSH: 1280 байт
2026-04-07 21:38:12,645 [DEBUG] TUN->SSH: 1280 байт
2026-04-07 21:38:12,645 [DEBUG] TUN->SSH: 715 байт
2026-04-07 21:38:12,646 [DEBUG] TUN->SSH: 1280 байт
2026-04-07 21:38:12,646 [DEBUG] TUN->SSH: 1280 байт
2026-04-07 21:38:12,646 [DEBUG] TUN->SSH: 1280 байт
2026-04-07 21:38:12,647 [DEBUG] TUN->SSH: 1280 байт
2026-04-07 21:38:12,647 [DEBUG] TUN->SSH: 1280 байт
2026-04-07 21:38:12,686 [DEBUG] SSH->TUN: 580 байт
2026-04-07 21:38:12,686 [DEBUG] TUN->SSH: 1280 байт
2026-04-07 21:38:12,687 [DEBUG] TUN->SSH: 1280 байт
2026-04-07 21:38:12,687 [DEBUG] SSH->TUN: 83 байт
2026-04-07 21:38:12,687 [DEBUG] TUN->SSH: 1280 байт
2026-04-07 21:38:12,688 [DEBUG] TUN->SSH: 138 байт
2026-04-07 21:38:12,694 [DEBUG] SSH->TUN: 52 байт
2026-04-07 21:38:12,694 [DEBUG] SSH->TUN: 52 байт
2026-04-07 21:38:12,695 [DEBUG] SSH->TUN: 52 байт
2026-04-07 21:38:12,729 [DEBUG] SSH->TUN: 52 байт
2026-04-07 21:38:12,734 [DEBUG] SSH->TUN: 52 байт
2026-04-07 21:38:13,059 [DEBUG] TUN->SSH: 1280 байт
2026-04-07 21:38:13,060 [DEBUG] TUN->SSH: 1280 байт
2026-04-07 21:38:13,060 [DEBUG] TUN->SSH: 765 байт
2026-04-07 21:38:13,063 [DEBUG] TUN->SSH: 1280 байт
2026-04-07 21:38:13,063 [DEBUG] TUN->SSH: 1280 байт
2026-04-07 21:38:13,063 [DEBUG] TUN->SSH: 767 байт
2026-04-07 21:38:13,105 [DEBUG] SSH->TUN: 52 байт
2026-04-07 21:38:13,112 [DEBUG] SSH->TUN: 52 байт
2026-04-07 21:38:13,112 [DEBUG] SSH->TUN: 52 байт
2026-04-07 21:38:13,302 [DEBUG] TUN->SSH: 413 байт
2026-04-07 21:38:13,309 [DEBUG] SSH->TUN: 534 байт
2026-04-07 21:38:13,309 [DEBUG] SSH->TUN: 450 байт
2026-04-07 21:38:13,310 [DEBUG] TUN->SSH: 52 байт
2026-04-07 21:38:13,310 [DEBUG] SSH->TUN: 83 байт
2026-04-07 21:38:13,312 [DEBUG] SSH->TUN: 154 байт
2026-04-07 21:38:13,313 [DEBUG] TUN->SSH: 52 байт
2026-04-07 21:38:13,313 [DEBUG] SSH->TUN: 197 байт
2026-04-07 21:38:13,314 [DEBUG] SSH->TUN: 90 байт
2026-04-07 21:38:13,315 [DEBUG] TUN->SSH: 52 байт
2026-04-07 21:38:13,348 [DEBUG] SSH->TUN: 83 байт
2026-04-07 21:38:13,371 [DEBUG] SSH->TUN: 1280 байт
2026-04-07 21:38:13,371 [DEBUG] TUN->SSH: 173 байт
2026-04-07 21:38:13,372 [DEBUG] SSH->TUN: 109 байт
2026-04-07 21:38:13,397 [DEBUG] TUN->SSH: 52 байт
2026-04-07 21:38:13,398 [DEBUG] SSH->TUN: 1280 байт
2026-04-07 21:38:13,398 [DEBUG] TUN->SSH: 52 байт
2026-04-07 21:38:13,398 [DEBUG] SSH->TUN: 1280 байт
2026-04-07 21:38:13,401 [DEBUG] SSH->TUN: 1280 байт
2026-04-07 21:38:13,401 [DEBUG] TUN->SSH: 52 байт
2026-04-07 21:38:13,401 [DEBUG] SSH->TUN: 1280 байт
2026-04-07 21:38:13,406 [DEBUG] SSH->TUN: 1280 байт
2026-04-07 21:38:13,406 [DEBUG] TUN->SSH: 52 байт
2026-04-07 21:38:13,406 [DEBUG] SSH->TUN: 1280 байт
2026-04-07 21:38:13,411 [DEBUG] SSH->TUN: 148 байт
2026-04-07 21:38:13,411 [DEBUG] TUN->SSH: 52 байт
2026-04-07 21:38:13,475 [DEBUG] SSH->TUN: 52 байт
2026-04-07 21:38:13,475 [DEBUG] TUN->SSH: 317 байт
2026-04-07 21:38:13,495 [DEBUG] SSH->TUN: 720 байт
2026-04-07 21:38:13,536 [DEBUG] TUN->SSH: 52 байт
2026-04-07 21:38:13,565 [DEBUG] SSH->TUN: 592 байт
2026-04-07 21:38:13,565 [DEBUG] TUN->SSH: 52 байт
2026-04-07 21:38:13,692 [DEBUG] TUN->SSH: 64 байт
2026-04-07 21:38:13,880 [DEBUG] TUN->SSH: 52 байт
2026-04-07 21:38:14,072 [DEBUG] TUN->SSH: 794 байт
2026-04-07 21:38:15,076 [DEBUG] TUN->SSH: 60 байт
2026-04-07 21:38:15,120 [DEBUG] SSH->TUN: 60 байт
2026-04-07 21:38:15,121 [DEBUG] TUN->SSH: 52 байт
2026-04-07 21:38:15,121 [DEBUG] TUN->SSH: 144 байт
2026-04-07 21:38:15,166 [DEBUG] SSH->TUN: 52 байт
2026-04-07 21:38:15,166 [DEBUG] SSH->TUN: 126 байт
2026-04-07 21:38:15,166 [DEBUG] TUN->SSH: 52 байт
2026-04-07 21:38:15,167 [DEBUG] SSH->TUN: 114 байт
2026-04-07 21:38:15,167 [DEBUG] TUN->SSH: 52 байт
2026-04-07 21:38:15,167 [DEBUG] TUN->SSH: 52 байт
2026-04-07 21:38:15,168 [DEBUG] TUN->SSH: 1278 байт
2026-04-07 21:38:15,168 [DEBUG] TUN->SSH: 1278 байт
2026-04-07 21:38:15,168 [DEBUG] TUN->SSH: 108 байт
2026-04-07 21:38:15,217 [DEBUG] TUN->SSH: 52 байт
2026-04-07 21:38:15,217 [DEBUG] SSH->TUN: 52 байт
2026-04-07 21:38:15,236 [DEBUG] SSH->TUN: 68 байт
2026-04-07 21:38:15,239 [DEBUG] SSH->TUN: 1278 байт
2026-04-07 21:38:15,247 [DEBUG] SSH->TUN: 1278 байт
2026-04-07 21:38:15,248 [DEBUG] SSH->TUN: 311 байт
2026-04-07 21:38:15,249 [DEBUG] TUN->SSH: 106 байт
2026-04-07 21:38:15,249 [DEBUG] TUN->SSH: 1274 байт
2026-04-07 21:38:15,249 [DEBUG] TUN->SSH: 1278 байт
2026-04-07 21:38:15,249 [DEBUG] TUN->SSH: 1278 байт
2026-04-07 21:38:15,250 [DEBUG] TUN->SSH: 464 байт
2026-04-07 21:38:15,250 [DEBUG] TUN->SSH: 838 байт
2026-04-07 21:38:15,250 [DEBUG] TUN->SSH: 468 байт
2026-04-07 21:38:15,250 [DEBUG] TUN->SSH: 797 байт
2026-04-07 21:38:15,251 [DEBUG] SSH->TUN: 994 байт
2026-04-07 21:38:15,264 [DEBUG] SSH->TUN: 53 байт
2026-04-07 21:38:15,278 [DEBUG] TUN->SSH: 61 байт
2026-04-07 21:38:15,314 [DEBUG] SSH->TUN: 148 байт
2026-04-07 21:38:15,315 [DEBUG] SSH->TUN: 53 байт
2026-04-07 21:38:15,315 [DEBUG] SSH->TUN: 53 байт
2026-04-07 21:38:15,316 [DEBUG] SSH->TUN: 53 байт
2026-04-07 21:38:15,316 [DEBUG] SSH->TUN: 53 байт
2026-04-07 21:38:15,317 [DEBUG] SSH->TUN: 57 байт
2026-04-07 21:38:15,317 [DEBUG] TUN->SSH: 59 байт
2026-04-07 21:38:15,337 [DEBUG] SSH->TUN: 1274 байт
2026-04-07 21:38:15,337 [DEBUG] SSH->TUN: 53 байт
2026-04-07 21:38:15,338 [DEBUG] TUN->SSH: 63 байт
2026-04-07 21:38:15,338 [DEBUG] SSH->TUN: 160 байт
2026-04-07 21:38:15,365 [DEBUG] TUN->SSH: 60 байт
2026-04-07 21:38:15,425 [DEBUG] SSH->TUN: 52 байт
2026-04-07 21:38:15,608 [DEBUG] TUN->SSH: 52 байт
2026-04-07 21:38:15,928 [DEBUG] TUN->SSH: 52 байт
2026-04-07 21:38:16,409 [DEBUG] SSH->TUN: 1280 байт
2026-04-07 21:38:16,409 [DEBUG] TUN->SSH: 52 байт
2026-04-07 21:38:16,410 [DEBUG] SSH->TUN: 205 байт
2026-04-07 21:38:16,410 [DEBUG] TUN->SSH: 52 байт
2026-04-07 21:38:16,714 [DEBUG] SSH->TUN: 1232 байт
2026-04-07 21:38:16,715 [DEBUG] TUN->SSH: 52 байт
2026-04-07 21:38:17,051 [DEBUG] TUN->SSH: 60 байт
2026-04-07 21:38:17,096 [DEBUG] SSH->TUN: 60 байт
2026-04-07 21:38:17,097 [DEBUG] TUN->SSH: 52 байт
2026-04-07 21:38:17,097 [DEBUG] TUN->SSH: 97 байт
2026-04-07 21:38:17,140 [DEBUG] SSH->TUN: 52 байт
2026-04-07 21:38:17,140 [DEBUG] SSH->TUN: 97 байт
2026-04-07 21:38:17,141 [DEBUG] TUN->SSH: 52 байт
2026-04-07 21:38:17,141 [DEBUG] TUN->SSH: 52 байт
2026-04-07 21:38:17,141 [DEBUG] TUN->SSH: 60 байт
2026-04-07 21:38:17,183 [DEBUG] SSH->TUN: 52 байт
2026-04-07 21:38:17,183 [DEBUG] TUN->SSH: 52 байт
2026-04-07 21:38:17,184 [DEBUG] SSH->TUN: 60 байт
2026-04-07 21:38:17,184 [DEBUG] TUN->SSH: 52 байт
2026-04-07 21:38:17,184 [DEBUG] TUN->SSH: 94 байт
2026-04-07 21:38:17,228 [DEBUG] SSH->TUN: 52 байт
2026-04-07 21:38:17,228 [DEBUG] SSH->TUN: 94 байт
2026-04-07 21:38:17,229 [DEBUG] TUN->SSH: 52 байт
2026-04-07 21:38:17,229 [DEBUG] TUN->SSH: 52 байт
2026-04-07 21:38:17,229 [DEBUG] TUN->SSH: 60 байт
2026-04-07 21:38:17,273 [DEBUG] SSH->TUN: 60 байт
2026-04-07 21:38:17,273 [DEBUG] TUN->SSH: 52 байт
2026-04-07 21:38:17,274 [DEBUG] TUN->SSH: 98 байт
2026-04-07 21:38:17,274 [DEBUG] SSH->TUN: 52 байт
2026-04-07 21:38:17,274 [DEBUG] TUN->SSH: 52 байт
2026-04-07 21:38:17,325 [DEBUG] SSH->TUN: 52 байт
2026-04-07 21:38:17,326 [DEBUG] SSH->TUN: 98 байт
2026-04-07 21:38:17,326 [DEBUG] TUN->SSH: 52 байт
2026-04-07 21:38:17,326 [DEBUG] TUN->SSH: 52 байт
2026-04-07 21:38:17,327 [DEBUG] TUN->SSH: 60 байт
2026-04-07 21:38:17,372 [DEBUG] SSH->TUN: 52 байт
2026-04-07 21:38:17,372 [DEBUG] TUN->SSH: 52 байт
2026-04-07 21:38:17,373 [DEBUG] TUN->SSH: 52 байт
2026-04-07 21:38:17,373 [DEBUG] SSH->TUN: 60 байт
2026-04-07 21:38:17,373 [DEBUG] TUN->SSH: 93 байт
2026-04-07 21:38:17,415 [DEBUG] SSH->TUN: 52 байт
2026-04-07 21:38:17,416 [DEBUG] SSH->TUN: 93 байт
2026-04-07 21:38:17,416 [DEBUG] TUN->SSH: 52 байт
2026-04-07 21:38:17,416 [DEBUG] TUN->SSH: 52 байт
2026-04-07 21:38:17,417 [DEBUG] TUN->SSH: 60 байт
2026-04-07 21:38:17,458 [DEBUG] SSH->TUN: 52 байт
2026-04-07 21:38:17,459 [DEBUG] TUN->SSH: 52 байт
2026-04-07 21:38:17,461 [DEBUG] SSH->TUN: 60 байт
2026-04-07 21:38:17,462 [DEBUG] TUN->SSH: 52 байт
2026-04-07 21:38:17,462 [DEBUG] TUN->SSH: 95 байт
2026-04-07 21:38:17,503 [DEBUG] TUN->SSH: 429 байт
2026-04-07 21:38:17,507 [DEBUG] SSH->TUN: 52 байт
2026-04-07 21:38:17,507 [DEBUG] SSH->TUN: 95 байт
2026-04-07 21:38:17,507 [DEBUG] TUN->SSH: 52 байт
2026-04-07 21:38:17,508 [DEBUG] TUN->SSH: 52 байт
2026-04-07 21:38:17,508 [DEBUG] TUN->SSH: 60 байт
2026-04-07 21:38:17,555 [DEBUG] SSH->TUN: 52 байт
2026-04-07 21:38:17,555 [DEBUG] TUN->SSH: 52 байт
2026-04-07 21:38:17,555 [DEBUG] SSH->TUN: 60 байт
2026-04-07 21:38:17,556 [DEBUG] TUN->SSH: 52 байт
2026-04-07 21:38:17,556 [DEBUG] TUN->SSH: 95 байт
2026-04-07 21:38:17,599 [DEBUG] SSH->TUN: 52 байт
2026-04-07 21:38:17,600 [DEBUG] SSH->TUN: 95 байт
2026-04-07 21:38:17,600 [DEBUG] TUN->SSH: 52 байт
2026-04-07 21:38:17,600 [DEBUG] TUN->SSH: 52 байт
2026-04-07 21:38:17,601 [DEBUG] TUN->SSH: 60 байт
2026-04-07 21:38:17,611 [DEBUG] SSH->TUN: 52 байт
2026-04-07 21:38:17,647 [DEBUG] SSH->TUN: 52 байт
2026-04-07 21:38:17,648 [DEBUG] TUN->SSH: 52 байт
2026-04-07 21:38:17,648 [DEBUG] SSH->TUN: 60 байт
2026-04-07 21:38:17,648 [DEBUG] TUN->SSH: 52 байт
2026-04-07 21:38:17,648 [DEBUG] TUN->SSH: 95 байт
2026-04-07 21:38:17,660 [DEBUG] SSH->TUN: 413 байт
2026-04-07 21:38:17,660 [DEBUG] TUN->SSH: 52 байт
2026-04-07 21:38:17,693 [DEBUG] SSH->TUN: 52 байт
2026-04-07 21:38:17,694 [DEBUG] SSH->TUN: 95 байт
2026-04-07 21:38:17,694 [DEBUG] TUN->SSH: 52 байт
2026-04-07 21:38:17,694 [DEBUG] TUN->SSH: 52 байт
2026-04-07 21:38:17,695 [DEBUG] TUN->SSH: 60 байт
2026-04-07 21:38:17,747 [DEBUG] SSH->TUN: 60 байт
2026-04-07 21:38:17,748 [DEBUG] TUN->SSH: 52 байт
2026-04-07 21:38:17,748 [DEBUG] TUN->SSH: 95 байт
2026-04-07 21:38:17,750 [DEBUG] SSH->TUN: 52 байт
2026-04-07 21:38:17,750 [DEBUG] TUN->SSH: 52 байт
2026-04-07 21:38:17,791 [DEBUG] SSH->TUN: 52 байт
2026-04-07 21:38:17,792 [DEBUG] SSH->TUN: 95 байт
2026-04-07 21:38:17,792 [DEBUG] TUN->SSH: 52 байт
2026-04-07 21:38:17,792 [DEBUG] TUN->SSH: 52 байт
2026-04-07 21:38:17,793 [DEBUG] TUN->SSH: 60 байт
2026-04-07 21:38:17,826 [DEBUG] SSH->TUN: 261 байт
2026-04-07 21:38:17,827 [DEBUG] TUN->SSH: 52 байт
2026-04-07 21:38:17,827 [DEBUG] SSH->TUN: 373 байт
2026-04-07 21:38:17,827 [DEBUG] TUN->SSH: 52 байт
2026-04-07 21:38:17,828 [DEBUG] TUN->SSH: 87 байт
2026-04-07 21:38:17,828 [DEBUG] TUN->SSH: 87 байт
2026-04-07 21:38:17,837 [DEBUG] SSH->TUN: 52 байт
2026-04-07 21:38:17,837 [DEBUG] TUN->SSH: 52 байт
2026-04-07 21:38:17,838 [DEBUG] SSH->TUN: 60 байт
2026-04-07 21:38:17,838 [DEBUG] TUN->SSH: 52 байт
2026-04-07 21:38:17,838 [DEBUG] TUN->SSH: 95 байт
2026-04-07 21:38:17,845 [DEBUG] SSH->TUN: 204 байт
2026-04-07 21:38:17,857 [DEBUG] SSH->TUN: 135 байт
2026-04-07 21:38:17,858 [DEBUG] TUN->SSH: 52 байт
2026-04-07 21:38:17,872 [DEBUG] SSH->TUN: 52 байт
2026-04-07 21:38:17,892 [DEBUG] SSH->TUN: 52 байт
2026-04-07 21:38:17,893 [DEBUG] SSH->TUN: 95 байт
2026-04-07 21:38:17,893 [DEBUG] TUN->SSH: 52 байт
2026-04-07 21:38:17,894 [DEBUG] TUN->SSH: 52 байт
2026-04-07 21:38:17,894 [DEBUG] TUN->SSH: 60 байт
2026-04-07 21:38:17,940 [DEBUG] SSH->TUN: 52 байт
2026-04-07 21:38:17,940 [DEBUG] TUN->SSH: 52 байт
2026-04-07 21:38:17,940 [DEBUG] SSH->TUN: 60 байт
2026-04-07 21:38:17,941 [DEBUG] TUN->SSH: 52 байт
2026-04-07 21:38:17,941 [DEBUG] TUN->SSH: 95 байт
2026-04-07 21:38:17,976 [DEBUG] TUN->SSH: 52 байт
2026-04-07 21:38:18,128 [DEBUG] SSH->TUN: 52 байт
2026-04-07 21:38:18,128 [DEBUG] SSH->TUN: 95 байт
2026-04-07 21:38:18,129 [DEBUG] TUN->SSH: 52 байт
2026-04-07 21:38:18,129 [DEBUG] TUN->SSH: 52 байт
2026-04-07 21:38:18,129 [DEBUG] TUN->SSH: 60 байт
2026-04-07 21:38:18,172 [DEBUG] SSH->TUN: 204 байт
2026-04-07 21:38:18,172 [DEBUG] SSH->TUN: 60 байт
2026-04-07 21:38:18,173 [DEBUG] TUN->SSH: 52 байт
2026-04-07 21:38:18,173 [DEBUG] TUN->SSH: 95 байт
2026-04-07 21:38:18,173 [DEBUG] SSH->TUN: 52 байт
2026-04-07 21:38:18,174 [DEBUG] TUN->SSH: 52 байт
2026-04-07 21:38:18,197 [DEBUG] TUN->SSH: 1280 байт
2026-04-07 21:38:18,198 [DEBUG] TUN->SSH: 1280 байт
2026-04-07 21:38:18,199 [DEBUG] TUN->SSH: 769 байт
2026-04-07 21:38:18,216 [DEBUG] SSH->TUN: 52 байт
2026-04-07 21:38:18,216 [DEBUG] SSH->TUN: 95 байт
2026-04-07 21:38:18,217 [DEBUG] TUN->SSH: 52 байт
2026-04-07 21:38:18,217 [DEBUG] TUN->SSH: 52 байт
2026-04-07 21:38:18,217 [DEBUG] TUN->SSH: 60 байт
2026-04-07 21:38:18,253 [DEBUG] SSH->TUN: 52 байт
2026-04-07 21:38:18,267 [DEBUG] SSH->TUN: 60 байт
2026-04-07 21:38:18,267 [DEBUG] TUN->SSH: 52 байт
2026-04-07 21:38:18,268 [DEBUG] SSH->TUN: 52 байт
2026-04-07 21:38:18,268 [DEBUG] TUN->SSH: 95 байт
2026-04-07 21:38:18,268 [DEBUG] TUN->SSH: 52 байт
2026-04-07 21:38:18,313 [DEBUG] SSH->TUN: 52 байт
2026-04-07 21:38:18,313 [DEBUG] SSH->TUN: 95 байт
2026-04-07 21:38:18,313 [DEBUG] TUN->SSH: 52 байт
2026-04-07 21:38:18,314 [DEBUG] TUN->SSH: 52 байт
2026-04-07 21:38:18,314 [DEBUG] TUN->SSH: 60 байт
2026-04-07 21:38:18,357 [DEBUG] SSH->TUN: 52 байт
2026-04-07 21:38:18,358 [DEBUG] TUN->SSH: 52 байт
2026-04-07 21:38:18,358 [DEBUG] SSH->TUN: 60 байт
2026-04-07 21:38:18,358 [DEBUG] TUN->SSH: 52 байт
2026-04-07 21:38:18,359 [DEBUG] TUN->SSH: 95 байт
2026-04-07 21:38:18,406 [DEBUG] SSH->TUN: 52 байт
2026-04-07 21:38:18,407 [DEBUG] SSH->TUN: 95 байт
2026-04-07 21:38:18,407 [DEBUG] TUN->SSH: 52 байт
2026-04-07 21:38:18,408 [DEBUG] TUN->SSH: 52 байт
2026-04-07 21:38:18,409 [DEBUG] TUN->SSH: 60 байт
2026-04-07 21:38:18,409 [DEBUG] SSH->TUN: 165 байт
2026-04-07 21:38:18,409 [DEBUG] SSH->TUN: 215 байт
2026-04-07 21:38:18,409 [DEBUG] SSH->TUN: 83 байт
2026-04-07 21:38:18,410 [DEBUG] TUN->SSH: 52 байт
2026-04-07 21:38:18,455 [DEBUG] TUN->SSH: 52 байт
2026-04-07 21:38:18,455 [DEBUG] SSH->TUN: 52 байт
2026-04-07 21:38:18,455 [DEBUG] SSH->TUN: 60 байт
2026-04-07 21:38:18,456 [DEBUG] TUN->SSH: 52 байт
2026-04-07 21:38:18,456 [DEBUG] TUN->SSH: 95 байт
2026-04-07 21:38:18,498 [DEBUG] SSH->TUN: 52 байт
2026-04-07 21:38:18,514 [DEBUG] SSH->TUN: 149 байт
2026-04-07 21:38:18,515 [DEBUG] TUN->SSH: 52 байт
2026-04-07 21:38:18,515 [DEBUG] TUN->SSH: 52 байт
2026-04-07 21:38:18,516 [DEBUG] TUN->SSH: 60 байт
2026-04-07 21:38:18,560 [DEBUG] SSH->TUN: 52 байт
2026-04-07 21:38:18,560 [DEBUG] TUN->SSH: 52 байт
2026-04-07 21:38:18,561 [DEBUG] TUN->SSH: 52 байт
2026-04-07 21:38:18,561 [DEBUG] SSH->TUN: 60 байт
2026-04-07 21:38:18,561 [DEBUG] TUN->SSH: 144 байт
2026-04-07 21:38:18,604 [DEBUG] SSH->TUN: 52 байт
2026-04-07 21:38:18,604 [DEBUG] SSH->TUN: 144 байт
2026-04-07 21:38:18,604 [DEBUG] TUN->SSH: 52 байт
2026-04-07 21:38:18,605 [DEBUG] TUN->SSH: 52 байт
2026-04-07 21:38:18,637 [DEBUG] SSH->TUN: 138 байт
2026-04-07 21:38:18,647 [DEBUG] TUN->SSH: 52 байт
2026-04-07 21:38:18,647 [DEBUG] SSH->TUN: 52 байт
2026-04-07 21:38:18,677 [DEBUG] TUN->SSH: 52 байт
2026-04-07 21:38:18,972 [DEBUG] SSH->TUN: 157 байт
2026-04-07 21:38:18,973 [DEBUG] TUN->SSH: 52 байт
2026-04-07 21:38:19,693 [DEBUG] SSH->TUN: 132 байт
2026-04-07 21:38:19,693 [DEBUG] TUN->SSH: 52 байт
2026-04-07 21:38:19,694 [DEBUG] SSH->TUN: 356 байт
2026-04-07 21:38:19,694 [DEBUG] TUN->SSH: 52 байт
2026-04-07 21:38:19,694 [DEBUG] SSH->TUN: 139 байт
2026-04-07 21:38:19,695 [DEBUG] TUN->SSH: 52 байт
2026-04-07 21:38:19,695 [DEBUG] SSH->TUN: 148 байт
2026-04-07 21:38:19,695 [DEBUG] TUN->SSH: 52 байт
2026-04-07 21:38:19,911 [DEBUG] TUN->SSH: 52 байт
2026-04-07 21:38:19,911 [DEBUG] SSH->TUN: 199 байт
2026-04-07 21:38:19,912 [DEBUG] TUN->SSH: 52 байт
2026-04-07 21:38:20,025 [DEBUG] TUN->SSH: 52 байт
2026-04-07 21:38:20,508 [DEBUG] TUN->SSH: 52 байт
2026-04-07 21:38:20,508 [DEBUG] SSH->TUN: 196 байт
2026-04-07 21:38:20,812 [DEBUG] SSH->TUN: 169 байт
2026-04-07 21:38:20,812 [DEBUG] TUN->SSH: 52 байт
2026-04-07 21:38:20,812 [DEBUG] SSH->TUN: 101 байт
2026-04-07 21:38:20,813 [DEBUG] TUN->SSH: 52 байт
2026-04-07 21:38:20,813 [DEBUG] SSH->TUN: 110 байт
2026-04-07 21:38:20,813 [DEBUG] TUN->SSH: 52 байт
2026-04-07 21:38:20,814 [DEBUG] SSH->TUN: 118 байт
2026-04-07 21:38:20,814 [DEBUG] TUN->SSH: 52 байт
2026-04-07 21:38:20,814 [DEBUG] SSH->TUN: 113 байт
2026-04-07 21:38:20,814 [DEBUG] TUN->SSH: 52 байт
2026-04-07 21:38:20,852 [DEBUG] SSH->TUN: 101 байт
2026-04-07 21:38:20,852 [DEBUG] TUN->SSH: 52 байт
2026-04-07 21:38:20,861 [DEBUG] SSH->TUN: 133 байт
2026-04-07 21:38:20,862 [DEBUG] TUN->SSH: 52 байт
2026-04-07 21:38:20,874 [DEBUG] SSH->TUN: 163 байт
2026-04-07 21:38:20,875 [DEBUG] TUN->SSH: 52 байт
2026-04-07 21:38:20,877 [DEBUG] SSH->TUN: 120 байт
2026-04-07 21:38:20,877 [DEBUG] TUN->SSH: 52 байт
2026-04-07 21:38:21,325 [DEBUG] TUN->SSH: 64 байт
2026-04-07 21:38:21,561 [DEBUG] TUN->SSH: 794 байт
2026-04-07 21:38:21,562 [DEBUG] TUN->SSH: 88 байт
2026-04-07 21:38:21,570 [DEBUG] SSH->TUN: 222 байт
2026-04-07 21:38:21,570 [DEBUG] TUN->SSH: 52 байт
2026-04-07 21:38:21,570 [DEBUG] SSH->TUN: 208 байт
2026-04-07 21:38:21,571 [DEBUG] TUN->SSH: 52 байт
2026-04-07 21:38:21,836 [DEBUG] SSH->TUN: 52 байт
2026-04-07 21:38:21,837 [DEBUG] TUN->SSH: 124 байт
2026-04-07 21:38:21,837 [DEBUG] TUN->SSH: 213 байт
2026-04-07 21:38:22,003 [DEBUG] SSH->TUN: 52 байт
2026-04-07 21:38:22,003 [DEBUG] SSH->TUN: 52 байт
2026-04-07 21:38:22,004 [DEBUG] SSH->TUN: 78 байт
2026-04-07 21:38:22,004 [DEBUG] SSH->TUN: 76 байт
2026-04-07 21:38:22,005 [DEBUG] TUN->SSH: 52 байт
2026-04-07 21:38:22,005 [DEBUG] SSH->TUN: 52 байт
2026-04-07 21:38:22,005 [DEBUG] TUN->SSH: 52 байт
2026-04-07 21:38:22,006 [DEBUG] TUN->SSH: 52 байт
2026-04-07 21:38:22,054 [DEBUG] TUN->SSH: 60 байт
2026-04-07 21:38:22,072 [DEBUG] TUN->SSH: 52 байт
2026-04-07 21:38:22,096 [DEBUG] SSH->TUN: 60 байт
2026-04-07 21:38:22,096 [DEBUG] TUN->SSH: 52 байт
2026-04-07 21:38:22,097 [DEBUG] TUN->SSH: 130 байт
2026-04-07 21:38:22,141 [DEBUG] SSH->TUN: 52 байт
2026-04-07 21:38:22,141 [DEBUG] SSH->TUN: 107 байт
2026-04-07 21:38:22,142 [DEBUG] TUN->SSH: 52 байт
2026-04-07 21:38:22,142 [DEBUG] SSH->TUN: 119 байт
2026-04-07 21:38:22,142 [DEBUG] TUN->SSH: 52 байт
2026-04-07 21:38:22,143 [DEBUG] TUN->SSH: 52 байт
2026-04-07 21:38:22,143 [DEBUG] TUN->SSH: 60 байт
2026-04-07 21:38:22,172 [DEBUG] SSH->TUN: 52 байт
2026-04-07 21:38:22,187 [DEBUG] SSH->TUN: 52 байт
2026-04-07 21:38:22,187 [DEBUG] TUN->SSH: 52 байт
2026-04-07 21:38:22,195 [DEBUG] SSH->TUN: 60 байт
2026-04-07 21:38:22,195 [DEBUG] TUN->SSH: 52 байт
2026-04-07 21:38:22,195 [DEBUG] TUN->SSH: 1280 байт
2026-04-07 21:38:22,196 [DEBUG] TUN->SSH: 1076 байт
2026-04-07 21:38:22,247 [DEBUG] SSH->TUN: 52 байт
2026-04-07 21:38:22,248 [DEBUG] SSH->TUN: 52 байт
2026-04-07 21:38:22,260 [DEBUG] SSH->TUN: 1280 байт
2026-04-07 21:38:22,261 [DEBUG] TUN->SSH: 52 байт
2026-04-07 21:38:22,261 [DEBUG] TUN->SSH: 52 байт
2026-04-07 21:38:22,261 [DEBUG] SSH->TUN: 292 байт
2026-04-07 21:38:22,262 [DEBUG] TUN->SSH: 126 байт
2026-04-07 21:38:22,262 [DEBUG] TUN->SSH: 144 байт
2026-04-07 21:38:22,262 [DEBUG] TUN->SSH: 1280 байт
2026-04-07 21:38:22,263 [DEBUG] TUN->SSH: 1280 байт
2026-04-07 21:38:22,263 [DEBUG] TUN->SSH: 1280 байт
2026-04-07 21:38:22,263 [DEBUG] TUN->SSH: 1280 байт
2026-04-07 21:38:22,264 [DEBUG] TUN->SSH: 714 байт
2026-04-07 21:38:22,264 [DEBUG] TUN->SSH: 109 байт
2026-04-07 21:38:22,269 [DEBUG] SSH->TUN: 173 байт
2026-04-07 21:38:22,269 [DEBUG] TUN->SSH: 52 байт
2026-04-07 21:38:22,314 [DEBUG] SSH->TUN: 1020 байт
2026-04-07 21:38:22,314 [DEBUG] TUN->SSH: 83 байт
2026-04-07 21:38:22,316 [DEBUG] SSH->TUN: 83 байт
2026-04-07 21:38:22,319 [DEBUG] SSH->TUN: 52 байт
2026-04-07 21:38:22,319 [DEBUG] SSH->TUN: 52 байт
2026-04-07 21:38:22,320 [DEBUG] SSH->TUN: 52 байт
2026-04-07 21:38:22,356 [DEBUG] TUN->SSH: 52 байт
2026-04-07 21:38:22,374 [DEBUG] SSH->TUN: 52 байт
2026-04-07 21:38:22,410 [DEBUG] SSH->TUN: 1280 байт
2026-04-07 21:38:22,410 [DEBUG] TUN->SSH: 52 байт
2026-04-07 21:38:22,411 [DEBUG] SSH->TUN: 439 байт
2026-04-07 21:38:22,411 [DEBUG] TUN->SSH: 52 байт
2026-04-07 21:38:22,412 [DEBUG] SSH->TUN: 149 байт
2026-04-07 21:38:22,412 [DEBUG] TUN->SSH: 52 байт
2026-04-07 21:38:22,413 [DEBUG] TUN->SSH: 52 байт
2026-04-07 21:38:22,413 [DEBUG] SSH->TUN: 243 байт
2026-04-07 21:38:22,413 [DEBUG] SSH->TUN: 83 байт
2026-04-07 21:38:22,413 [DEBUG] TUN->SSH: 52 байт
2026-04-07 21:38:22,413 [DEBUG] TUN->SSH: 52 байт
2026-04-07 21:38:22,414 [DEBUG] SSH->TUN: 91 байт
2026-04-07 21:38:22,414 [DEBUG] TUN->SSH: 91 байт
2026-04-07 21:38:22,465 [DEBUG] SSH->TUN: 52 байт
2026-04-07 21:38:23,096 [DEBUG] TUN->SSH: 52 байт
2026-04-07 21:38:23,475 [DEBUG] SSH->TUN: 173 байт
2026-04-07 21:38:23,476 [DEBUG] TUN->SSH: 52 байт
2026-04-07 21:38:23,496 [DEBUG] TUN->SSH: 365 байт
2026-04-07 21:38:23,539 [DEBUG] SSH->TUN: 110 байт
2026-04-07 21:38:23,540 [DEBUG] TUN->SSH: 52 байт
2026-04-07 21:38:23,541 [DEBUG] TUN->SSH: 87 байт
2026-04-07 21:38:23,541 [DEBUG] TUN->SSH: 87 байт
2026-04-07 21:38:23,551 [DEBUG] SSH->TUN: 208 байт
2026-04-07 21:38:23,552 [DEBUG] SSH->TUN: 120 байт
2026-04-07 21:38:23,552 [DEBUG] TUN->SSH: 52 байт
2026-04-07 21:38:23,562 [DEBUG] SSH->TUN: 52 байт
2026-04-07 21:38:23,592 [DEBUG] SSH->TUN: 52 байт
2026-04-07 21:38:23,883 [DEBUG] SSH->TUN: 101 байт
2026-04-07 21:38:23,884 [DEBUG] SSH->TUN: 145 байт
2026-04-07 21:38:23,884 [DEBUG] TUN->SSH: 52 байт
2026-04-07 21:38:23,884 [DEBUG] SSH->TUN: 106 байт
2026-04-07 21:38:23,925 [DEBUG] TUN->SSH: 52 байт
2026-04-07 21:38:23,931 [DEBUG] SSH->TUN: 106 байт
2026-04-07 21:38:23,932 [DEBUG] TUN->SSH: 64 байт
2026-04-07 21:38:23,959 [DEBUG] SSH->TUN: 138 байт
2026-04-07 21:38:23,960 [DEBUG] TUN->SSH: 52 байт
2026-04-07 21:38:24,120 [DEBUG] TUN->SSH: 52 байт
2026-04-07 21:38:24,138 [DEBUG] SSH->TUN: 239 байт
2026-04-07 21:38:24,138 [DEBUG] TUN->SSH: 52 байт
2026-04-07 21:38:24,497 [DEBUG] SSH->TUN: 173 байт
2026-04-07 21:38:24,498 [DEBUG] TUN->SSH: 173 байт
2026-04-07 21:38:24,565 [DEBUG] SSH->TUN: 52 байт
2026-04-07 21:38:25,419 [DEBUG] SSH->TUN: 99 байт
2026-04-07 21:38:25,419 [DEBUG] TUN->SSH: 52 байт
2026-04-07 21:38:25,419 [DEBUG] SSH->TUN: 108 байт
2026-04-07 21:38:25,420 [DEBUG] TUN->SSH: 52 байт
2026-04-07 21:38:25,420 [DEBUG] SSH->TUN: 112 байт
2026-04-07 21:38:25,421 [DEBUG] TUN->SSH: 52 байт
2026-04-07 21:38:25,831 [DEBUG] SSH->TUN: 166 байт
2026-04-07 21:38:25,831 [DEBUG] TUN->SSH: 52 байт
2026-04-07 21:38:26,168 [DEBUG] TUN->SSH: 52 байт
2026-04-07 21:38:26,178 [DEBUG] TUN->SSH: 1280 байт
2026-04-07 21:38:26,178 [DEBUG] TUN->SSH: 1280 байт
2026-04-07 21:38:26,179 [DEBUG] TUN->SSH: 632 байт
2026-04-07 21:38:26,221 [DEBUG] SSH->TUN: 52 байт
2026-04-07 21:38:26,255 [DEBUG] SSH->TUN: 169 байт
2026-04-07 21:38:26,255 [DEBUG] TUN->SSH: 52 байт
2026-04-07 21:38:26,361 [DEBUG] SSH->TUN: 107 байт
2026-04-07 21:38:26,362 [DEBUG] TUN->SSH: 52 байт
2026-04-07 21:38:26,363 [DEBUG] SSH->TUN: 104 байт
2026-04-07 21:38:26,364 [DEBUG] TUN->SSH: 52 байт
2026-04-07 21:38:26,367 [DEBUG] SSH->TUN: 134 байт
2026-04-07 21:38:26,367 [DEBUG] TUN->SSH: 52 байт
2026-04-07 21:38:26,386 [DEBUG] SSH->TUN: 429 байт
2026-04-07 21:38:26,415 [DEBUG] SSH->TUN: 279 байт
2026-04-07 21:38:26,415 [DEBUG] TUN->SSH: 52 байт
2026-04-07 21:38:26,427 [DEBUG] TUN->SSH: 52 байт
2026-04-07 21:38:26,438 [DEBUG] SSH->TUN: 173 байт
2026-04-07 21:38:26,439 [DEBUG] TUN->SSH: 52 байт
2026-04-07 21:38:26,478 [DEBUG] TUN->SSH: 60 байт
2026-04-07 21:38:26,481 [DEBUG] SSH->TUN: 108 байт
2026-04-07 21:38:26,481 [DEBUG] TUN->SSH: 52 байт
2026-04-07 21:38:26,484 [DEBUG] SSH->TUN: 84 байт
2026-04-07 21:38:26,484 [DEBUG] TUN->SSH: 52 байт
2026-04-07 21:38:26,485 [DEBUG] SSH->TUN: 83 байт
2026-04-07 21:38:26,485 [DEBUG] TUN->SSH: 52 байт
2026-04-07 21:38:26,524 [DEBUG] SSH->TUN: 60 байт
2026-04-07 21:38:26,525 [DEBUG] TUN->SSH: 52 байт
2026-04-07 21:38:26,525 [DEBUG] TUN->SSH: 150 байт
2026-04-07 21:38:26,567 [DEBUG] SSH->TUN: 52 байт
2026-04-07 21:38:26,567 [DEBUG] SSH->TUN: 181 байт
2026-04-07 21:38:26,568 [DEBUG] TUN->SSH: 52 байт
2026-04-07 21:38:26,568 [DEBUG] SSH->TUN: 229 байт
2026-04-07 21:38:26,569 [DEBUG] TUN->SSH: 52 байт
2026-04-07 21:38:26,569 [DEBUG] TUN->SSH: 52 байт
2026-04-07 21:38:26,569 [DEBUG] TUN->SSH: 60 байт
2026-04-07 21:38:26,611 [DEBUG] TUN->SSH: 52 байт
2026-04-07 21:38:26,611 [DEBUG] SSH->TUN: 52 байт
2026-04-07 21:38:26,722 [DEBUG] SSH->TUN: 219 байт
2026-04-07 21:38:26,723 [DEBUG] TUN->SSH: 52 байт
2026-04-07 21:38:26,723 [DEBUG] SSH->TUN: 1280 байт
2026-04-07 21:38:26,723 [DEBUG] TUN->SSH: 52 байт
2026-04-07 21:38:26,727 [DEBUG] SSH->TUN: 1280 байт
2026-04-07 21:38:26,727 [DEBUG] TUN->SSH: 52 байт
2026-04-07 21:38:26,727 [DEBUG] SSH->TUN: 1280 байт
2026-04-07 21:38:26,728 [DEBUG] TUN->SSH: 52 байт
2026-04-07 21:38:26,728 [DEBUG] SSH->TUN: 1280 байт
2026-04-07 21:38:26,728 [DEBUG] TUN->SSH: 52 байт
2026-04-07 21:38:26,728 [DEBUG] SSH->TUN: 1263 байт
2026-04-07 21:38:26,728 [DEBUG] TUN->SSH: 52 байт
2026-04-07 21:38:26,729 [DEBUG] SSH->TUN: 1280 байт
2026-04-07 21:38:26,729 [DEBUG] TUN->SSH: 52 байт
2026-04-07 21:38:26,729 [DEBUG] SSH->TUN: 1280 байт
2026-04-07 21:38:26,729 [DEBUG] TUN->SSH: 52 байт
2026-04-07 21:38:26,765 [DEBUG] SSH->TUN: 1280 байт
2026-04-07 21:38:26,766 [DEBUG] TUN->SSH: 52 байт
2026-04-07 21:38:26,766 [DEBUG] SSH->TUN: 1280 байт
2026-04-07 21:38:26,766 [DEBUG] SSH->TUN: 1280 байт
2026-04-07 21:38:26,766 [DEBUG] TUN->SSH: 52 байт
2026-04-07 21:38:26,767 [DEBUG] TUN->SSH: 52 байт
2026-04-07 21:38:26,767 [DEBUG] SSH->TUN: 1280 байт
2026-04-07 21:38:26,767 [DEBUG] SSH->TUN: 1280 байт
2026-04-07 21:38:26,773 [DEBUG] SSH->TUN: 1280 байт
2026-04-07 21:38:26,773 [DEBUG] TUN->SSH: 52 байт
2026-04-07 21:38:26,773 [DEBUG] SSH->TUN: 1280 байт
2026-04-07 21:38:26,774 [DEBUG] TUN->SSH: 52 байт
2026-04-07 21:38:26,774 [DEBUG] SSH->TUN: 1280 байт
2026-04-07 21:38:26,774 [DEBUG] SSH->TUN: 1280 байт
2026-04-07 21:38:26,775 [DEBUG] TUN->SSH: 52 байт
2026-04-07 21:38:26,775 [DEBUG] SSH->TUN: 1280 байт
2026-04-07 21:38:26,775 [DEBUG] TUN->SSH: 52 байт
2026-04-07 21:38:26,775 [DEBUG] SSH->TUN: 525 байт
2026-04-07 21:38:26,776 [DEBUG] TUN->SSH: 52 байт
2026-04-07 21:38:26,776 [DEBUG] TUN->SSH: 52 байт
2026-04-07 21:38:26,776 [DEBUG] SSH->TUN: 60 байт
2026-04-07 21:38:26,776 [DEBUG] TUN->SSH: 1280 байт
2026-04-07 21:38:26,777 [DEBUG] TUN->SSH: 950 байт
2026-04-07 21:38:26,959 [DEBUG] SSH->TUN: 52 байт
2026-04-07 21:38:26,959 [DEBUG] SSH->TUN: 52 байт
2026-04-07 21:38:26,960 [DEBUG] SSH->TUN: 1280 байт
2026-04-07 21:38:26,960 [DEBUG] TUN->SSH: 52 байт
2026-04-07 21:38:26,961 [DEBUG] SSH->TUN: 1280 байт
2026-04-07 21:38:26,961 [DEBUG] TUN->SSH: 52 байт
2026-04-07 21:38:26,961 [DEBUG] SSH->TUN: 1280 байт
2026-04-07 21:38:26,961 [DEBUG] TUN->SSH: 52 байт
2026-04-07 21:38:26,962 [DEBUG] TUN->SSH: 52 байт
2026-04-07 21:38:26,962 [DEBUG] SSH->TUN: 464 байт
2026-04-07 21:38:26,967 [DEBUG] SSH->TUN: 929 байт
2026-04-07 21:38:26,967 [DEBUG] TUN->SSH: 52 байт
2026-04-07 21:38:26,968 [DEBUG] TUN->SSH: 132 байт
2026-04-07 21:38:26,968 [DEBUG] TUN->SSH: 782 байт
2026-04-07 21:38:27,117 [DEBUG] TUN->SSH: 1280 байт
2026-04-07 21:38:27,118 [DEBUG] TUN->SSH: 1280 байт
2026-04-07 21:38:27,118 [DEBUG] TUN->SSH: 873 байт
2026-04-07 21:38:27,120 [DEBUG] TUN->SSH: 1280 байт
2026-04-07 21:38:27,121 [DEBUG] TUN->SSH: 1280 байт
2026-04-07 21:38:27,121 [DEBUG] TUN->SSH: 738 байт
2026-04-07 21:38:27,121 [DEBUG] TUN->SSH: 1280 байт
2026-04-07 21:38:27,122 [DEBUG] TUN->SSH: 1280 байт
2026-04-07 21:38:27,122 [DEBUG] TUN->SSH: 632 байт
2026-04-07 21:38:27,210 [DEBUG] SSH->TUN: 371 байт
2026-04-07 21:38:27,210 [DEBUG] SSH->TUN: 371 байт
2026-04-07 21:38:27,211 [DEBUG] TUN->SSH: 52 байт
2026-04-07 21:38:27,211 [DEBUG] SSH->TUN: 357 байт
2026-04-07 21:38:27,213 [DEBUG] SSH->TUN: 52 байт
2026-04-07 21:38:27,213 [DEBUG] SSH->TUN: 52 байт
2026-04-07 21:38:27,213 [DEBUG] SSH->TUN: 52 байт
2026-04-07 21:38:27,213 [DEBUG] SSH->TUN: 52 байт
2026-04-07 21:38:27,214 [DEBUG] SSH->TUN: 52 байт
2026-04-07 21:38:27,219 [DEBUG] TUN->SSH: 126 байт
2026-04-07 21:38:27,221 [DEBUG] TUN->SSH: 126 байт
2026-04-07 21:38:27,325 [DEBUG] SSH->TUN: 166 байт
2026-04-07 21:38:27,325 [DEBUG] TUN->SSH: 52 байт
2026-04-07 21:38:27,326 [DEBUG] SSH->TUN: 101 байт
2026-04-07 21:38:27,326 [DEBUG] TUN->SSH: 52 байт
2026-04-07 21:38:27,327 [DEBUG] SSH->TUN: 83 байт
2026-04-07 21:38:27,327 [DEBUG] TUN->SSH: 52 байт
2026-04-07 21:38:27,387 [DEBUG] SSH->TUN: 52 байт
2026-04-07 21:38:27,483 [DEBUG] SSH->TUN: 142 байт
2026-04-07 21:38:27,484 [DEBUG] TUN->SSH: 52 байт
2026-04-07 21:38:27,484 [DEBUG] SSH->TUN: 132 байт
2026-04-07 21:38:27,485 [DEBUG] TUN->SSH: 52 байт
2026-04-07 21:38:27,485 [DEBUG] SSH->TUN: 83 байт
2026-04-07 21:38:27,485 [DEBUG] TUN->SSH: 52 байт
2026-04-07 21:38:27,776 [DEBUG] SSH->TUN: 179 байт
2026-04-07 21:38:27,777 [DEBUG] TUN->SSH: 52 байт
2026-04-07 21:38:27,777 [DEBUG] SSH->TUN: 1280 байт
2026-04-07 21:38:27,777 [DEBUG] TUN->SSH: 52 байт
2026-04-07 21:38:27,777 [DEBUG] SSH->TUN: 1280 байт
2026-04-07 21:38:27,778 [DEBUG] TUN->SSH: 52 байт
2026-04-07 21:38:27,778 [DEBUG] SSH->TUN: 1280 байт
2026-04-07 21:38:27,778 [DEBUG] TUN->SSH: 52 байт
2026-04-07 21:38:27,778 [DEBUG] SSH->TUN: 1280 байт
2026-04-07 21:38:27,779 [DEBUG] TUN->SSH: 52 байт
2026-04-07 21:38:27,779 [DEBUG] SSH->TUN: 1280 байт
2026-04-07 21:38:27,779 [DEBUG] TUN->SSH: 52 байт
2026-04-07 21:38:27,779 [DEBUG] SSH->TUN: 1280 байт
2026-04-07 21:38:27,780 [DEBUG] TUN->SSH: 52 байт
2026-04-07 21:38:27,780 [DEBUG] SSH->TUN: 1280 байт
2026-04-07 21:38:27,780 [DEBUG] TUN->SSH: 52 байт
2026-04-07 21:38:27,780 [DEBUG] SSH->TUN: 1280 байт
2026-04-07 21:38:27,781 [DEBUG] TUN->SSH: 52 байт
2026-04-07 21:38:27,781 [DEBUG] SSH->TUN: 1280 байт
2026-04-07 21:38:27,781 [DEBUG] TUN->SSH: 52 байт
2026-04-07 21:38:27,782 [DEBUG] SSH->TUN: 1280 байт
2026-04-07 21:38:27,782 [DEBUG] TUN->SSH: 52 байт
2026-04-07 21:38:27,782 [DEBUG] SSH->TUN: 1280 байт
2026-04-07 21:38:27,783 [DEBUG] TUN->SSH: 52 байт
2026-04-07 21:38:27,783 [DEBUG] SSH->TUN: 1280 байт
2026-04-07 21:38:27,783 [DEBUG] TUN->SSH: 52 байт
2026-04-07 21:38:27,784 [DEBUG] SSH->TUN: 1280 байт
2026-04-07 21:38:27,784 [DEBUG] TUN->SSH: 52 байт
2026-04-07 21:38:27,784 [DEBUG] SSH->TUN: 1280 байт
2026-04-07 21:38:27,784 [DEBUG] TUN->SSH: 52 байт
2026-04-07 21:38:27,785 [DEBUG] SSH->TUN: 1280 байт
2026-04-07 21:38:27,785 [DEBUG] TUN->SSH: 52 байт
2026-04-07 21:38:27,785 [DEBUG] SSH->TUN: 1280 байт
2026-04-07 21:38:27,786 [DEBUG] SSH->TUN: 1280 байт
2026-04-07 21:38:27,786 [DEBUG] TUN->SSH: 52 байт
2026-04-07 21:38:27,786 [DEBUG] SSH->TUN: 1280 байт
2026-04-07 21:38:27,786 [DEBUG] TUN->SSH: 52 байт
2026-04-07 21:38:27,786 [DEBUG] SSH->TUN: 1280 байт
2026-04-07 21:38:27,787 [DEBUG] SSH->TUN: 1280 байт
2026-04-07 21:38:27,787 [DEBUG] TUN->SSH: 52 байт
2026-04-07 21:38:27,815 [DEBUG] SSH->TUN: 1280 байт
2026-04-07 21:38:27,816 [DEBUG] TUN->SSH: 52 байт
2026-04-07 21:38:27,816 [DEBUG] SSH->TUN: 1280 байт
2026-04-07 21:38:27,816 [DEBUG] SSH->TUN: 387 байт
2026-04-07 21:38:27,816 [DEBUG] TUN->SSH: 52 байт
2026-04-07 21:38:28,052 [DEBUG] TUN->SSH: 365 байт
2026-04-07 21:38:28,119 [DEBUG] TUN->SSH: 1280 байт
2026-04-07 21:38:28,120 [DEBUG] TUN->SSH: 1280 байт
2026-04-07 21:38:28,120 [DEBUG] SSH->TUN: 52 байт
2026-04-07 21:38:28,120 [DEBUG] TUN->SSH: 772 байт
2026-04-07 21:38:28,124 [DEBUG] TUN->SSH: 1280 байт
2026-04-07 21:38:28,125 [DEBUG] TUN->SSH: 1280 байт
2026-04-07 21:38:28,125 [DEBUG] TUN->SSH: 883 байт
2026-04-07 21:38:28,162 [DEBUG] SSH->TUN: 52 байт
2026-04-07 21:38:28,162 [DEBUG] SSH->TUN: 52 байт
2026-04-07 21:38:28,164 [DEBUG] SSH->TUN: 52 байт
2026-04-07 21:38:28,172 [DEBUG] SSH->TUN: 52 байт
2026-04-07 21:38:28,172 [DEBUG] SSH->TUN: 52 байт
2026-04-07 21:38:28,172 [DEBUG] SSH->TUN: 52 байт
2026-04-07 21:38:28,216 [DEBUG] TUN->SSH: 52 байт
2026-04-07 21:38:28,491 [DEBUG] SSH->TUN: 166 байт
2026-04-07 21:38:28,491 [DEBUG] TUN->SSH: 52 байт
2026-04-07 21:38:28,492 [DEBUG] SSH->TUN: 143 байт
2026-04-07 21:38:28,492 [DEBUG] TUN->SSH: 52 байт
2026-04-07 21:38:28,492 [DEBUG] SSH->TUN: 83 байт
2026-04-07 21:38:28,493 [DEBUG] TUN->SSH: 52 байт
2026-04-07 21:38:28,505 [DEBUG] SSH->TUN: 145 байт
2026-04-07 21:38:28,506 [DEBUG] TUN->SSH: 52 байт
2026-04-07 21:38:28,507 [DEBUG] SSH->TUN: 105 байт
2026-04-07 21:38:28,507 [DEBUG] TUN->SSH: 52 байт
2026-04-07 21:38:28,507 [DEBUG] SSH->TUN: 83 байт
2026-04-07 21:38:28,507 [DEBUG] TUN->SSH: 52 байт
2026-04-07 21:38:29,618 [DEBUG] SSH->TUN: 832 байт
2026-04-07 21:38:29,619 [DEBUG] TUN->SSH: 52 байт
2026-04-07 21:38:29,645 [DEBUG] TUN->SSH: 1280 байт
2026-04-07 21:38:29,645 [DEBUG] TUN->SSH: 1280 байт
2026-04-07 21:38:29,646 [DEBUG] TUN->SSH: 853 байт
2026-04-07 21:38:29,691 [DEBUG] SSH->TUN: 52 байт
2026-04-07 21:38:29,693 [DEBUG] SSH->TUN: 52 байт
2026-04-07 21:38:29,693 [DEBUG] SSH->TUN: 52 байт
2026-04-07 21:38:30,234 [DEBUG] TUN->SSH: 52 байт
2026-04-07 21:38:30,264 [DEBUG] TUN->SSH: 52 байт
2026-04-07 21:38:30,286 [DEBUG] TUN->SSH: 60 байт
2026-04-07 21:38:30,330 [DEBUG] SSH->TUN: 60 байт
2026-04-07 21:38:30,330 [DEBUG] TUN->SSH: 52 байт
2026-04-07 21:38:30,331 [DEBUG] TUN->SSH: 152 байт
2026-04-07 21:38:30,376 [DEBUG] SSH->TUN: 52 байт
2026-04-07 21:38:30,378 [DEBUG] SSH->TUN: 118 байт
2026-04-07 21:38:30,378 [DEBUG] TUN->SSH: 52 байт
2026-04-07 21:38:30,379 [DEBUG] SSH->TUN: 161 байт
2026-04-07 21:38:30,380 [DEBUG] TUN->SSH: 52 байт
2026-04-07 21:38:30,380 [DEBUG] TUN->SSH: 52 байт
2026-04-07 21:38:30,380 [DEBUG] TUN->SSH: 60 байт
2026-04-07 21:38:30,497 [DEBUG] TUN->SSH: 52 байт
2026-04-07 21:38:30,497 [DEBUG] SSH->TUN: 52 байт
2026-04-07 21:38:30,507 [DEBUG] SSH->TUN: 60 байт
2026-04-07 21:38:30,507 [DEBUG] TUN->SSH: 52 байт
2026-04-07 21:38:30,530 [DEBUG] TUN->SSH: 266 байт
2026-04-07 21:38:30,600 [DEBUG] SSH->TUN: 52 байт
2026-04-07 21:38:30,600 [DEBUG] SSH->TUN: 489 байт
2026-04-07 21:38:30,600 [DEBUG] SSH->TUN: 1250 байт
2026-04-07 21:38:30,601 [DEBUG] TUN->SSH: 52 байт
2026-04-07 21:38:30,606 [DEBUG] TUN->SSH: 1113 байт
2026-04-07 21:38:30,657 [DEBUG] TUN->SSH: 60 байт
2026-04-07 21:38:30,663 [DEBUG] SSH->TUN: 103 байт
2026-04-07 21:38:30,665 [DEBUG] SSH->TUN: 92 байт
2026-04-07 21:38:30,693 [DEBUG] TUN->SSH: 52 байт
2026-04-07 21:38:30,693 [DEBUG] TUN->SSH: 213 байт
2026-04-07 21:38:30,703 [DEBUG] SSH->TUN: 60 байт
2026-04-07 21:38:30,703 [DEBUG] TUN->SSH: 52 байт
2026-04-07 21:38:30,703 [DEBUG] TUN->SSH: 88 байт
2026-04-07 21:38:30,746 [DEBUG] SSH->TUN: 52 байт
2026-04-07 21:38:30,748 [DEBUG] SSH->TUN: 104 байт
2026-04-07 21:38:30,748 [DEBUG] TUN->SSH: 52 байт
2026-04-07 21:38:30,748 [DEBUG] TUN->SSH: 52 байт
2026-04-07 21:38:30,749 [DEBUG] TUN->SSH: 60 байт
2026-04-07 21:38:30,765 [DEBUG] SSH->TUN: 198 байт
2026-04-07 21:38:30,805 [DEBUG] SSH->TUN: 52 байт
2026-04-07 21:38:30,805 [DEBUG] TUN->SSH: 52 байт
2026-04-07 21:38:30,806 [DEBUG] TUN->SSH: 52 байт
2026-04-07 21:38:30,822 [DEBUG] SSH->TUN: 60 байт
2026-04-07 21:38:30,822 [DEBUG] TUN->SSH: 52 байт
2026-04-07 21:38:30,822 [DEBUG] TUN->SSH: 1280 байт
2026-04-07 21:38:30,823 [DEBUG] TUN->SSH: 432 байт
2026-04-07 21:38:30,856 [DEBUG] TUN->SSH: 215 байт
2026-04-07 21:38:30,857 [DEBUG] TUN->SSH: 113 байт
2026-04-07 21:38:30,858 [DEBUG] TUN->SSH: 442 байт
2026-04-07 21:38:30,897 [DEBUG] SSH->TUN: 52 байт
2026-04-07 21:38:30,897 [DEBUG] SSH->TUN: 52 байт
2026-04-07 21:38:30,897 [DEBUG] SSH->TUN: 1280 байт
2026-04-07 21:38:30,898 [DEBUG] TUN->SSH: 52 байт
2026-04-07 21:38:30,898 [DEBUG] SSH->TUN: 1280 байт
2026-04-07 21:38:30,898 [DEBUG] TUN->SSH: 52 байт
2026-04-07 21:38:30,899 [DEBUG] SSH->TUN: 1280 байт
2026-04-07 21:38:30,899 [DEBUG] TUN->SSH: 52 байт
2026-04-07 21:38:30,899 [DEBUG] SSH->TUN: 464 байт
2026-04-07 21:38:30,899 [DEBUG] TUN->SSH: 52 байт
2026-04-07 21:38:30,948 [DEBUG] SSH->TUN: 1280 байт
2026-04-07 21:38:30,948 [DEBUG] TUN->SSH: 52 байт
2026-04-07 21:38:30,949 [DEBUG] SSH->TUN: 431 байт
2026-04-07 21:38:30,949 [DEBUG] TUN->SSH: 52 байт
2026-04-07 21:38:30,950 [DEBUG] SSH->TUN: 52 байт
2026-04-07 21:38:30,950 [DEBUG] SSH->TUN: 98 байт
2026-04-07 21:38:30,950 [DEBUG] TUN->SSH: 52 байт
2026-04-07 21:38:30,951 [DEBUG] TUN->SSH: 386 байт
2026-04-07 21:38:30,973 [DEBUG] SSH->TUN: 125 байт
2026-04-07 21:38:30,973 [DEBUG] TUN->SSH: 52 байт
2026-04-07 21:38:30,974 [DEBUG] TUN->SSH: 111 байт
2026-04-07 21:38:31,016 [DEBUG] SSH->TUN: 355 байт
2026-04-07 21:38:31,016 [DEBUG] SSH->TUN: 355 байт
2026-04-07 21:38:31,016 [DEBUG] TUN->SSH: 52 байт
2026-04-07 21:38:31,021 [DEBUG] SSH->TUN: 803 байт
2026-04-07 21:38:31,023 [DEBUG] TUN->SSH: 60 байт
2026-04-07 21:38:31,062 [DEBUG] TUN->SSH: 52 байт
2026-04-07 21:38:31,066 [DEBUG] SSH->TUN: 60 байт
2026-04-07 21:38:31,067 [DEBUG] TUN->SSH: 52 байт
2026-04-07 21:38:31,067 [DEBUG] TUN->SSH: 88 байт
2026-04-07 21:38:31,074 [DEBUG] SSH->TUN: 52 байт
2026-04-07 21:38:31,086 [DEBUG] SSH->TUN: 112 байт
2026-04-07 21:38:31,109 [DEBUG] SSH->TUN: 52 байт
2026-04-07 21:38:31,110 [DEBUG] SSH->TUN: 104 байт
2026-04-07 21:38:31,110 [DEBUG] TUN->SSH: 52 байт
2026-04-07 21:38:31,111 [DEBUG] TUN->SSH: 52 байт
2026-04-07 21:38:31,111 [DEBUG] TUN->SSH: 60 байт
2026-04-07 21:38:31,130 [DEBUG] TUN->SSH: 52 байт
2026-04-07 21:38:31,156 [DEBUG] SSH->TUN: 52 байт
2026-04-07 21:38:31,157 [DEBUG] TUN->SSH: 52 байт
2026-04-07 21:38:31,177 [DEBUG] SSH->TUN: 60 байт
2026-04-07 21:38:31,178 [DEBUG] TUN->SSH: 52 байт
2026-04-07 21:38:31,178 [DEBUG] TUN->SSH: 1280 байт
2026-04-07 21:38:31,179 [DEBUG] TUN->SSH: 751 байт
2026-04-07 21:38:31,245 [DEBUG] SSH->TUN: 52 байт
2026-04-07 21:38:31,245 [DEBUG] SSH->TUN: 52 байт
2026-04-07 21:38:31,246 [DEBUG] SSH->TUN: 576 байт
2026-04-07 21:38:31,246 [DEBUG] TUN->SSH: 52 байт
2026-04-07 21:38:31,246 [DEBUG] SSH->TUN: 576 байт
2026-04-07 21:38:31,247 [DEBUG] TUN->SSH: 52 байт
2026-04-07 21:38:31,247 [DEBUG] SSH->TUN: 576 байт
2026-04-07 21:38:31,247 [DEBUG] TUN->SSH: 52 байт
2026-04-07 21:38:31,247 [DEBUG] SSH->TUN: 576 байт
2026-04-07 21:38:31,248 [DEBUG] TUN->SSH: 52 байт
2026-04-07 21:38:31,248 [DEBUG] SSH->TUN: 576 байт
2026-04-07 21:38:31,248 [DEBUG] TUN->SSH: 52 байт
2026-04-07 21:38:31,248 [DEBUG] SSH->TUN: 576 байт
2026-04-07 21:38:31,249 [DEBUG] TUN->SSH: 52 байт
2026-04-07 21:38:31,249 [DEBUG] SSH->TUN: 576 байт
2026-04-07 21:38:31,249 [DEBUG] TUN->SSH: 52 байт
2026-04-07 21:38:31,249 [DEBUG] SSH->TUN: 480 байт
2026-04-07 21:38:31,250 [DEBUG] TUN->SSH: 52 байт
2026-04-07 21:38:31,254 [DEBUG] SSH->TUN: 576 байт
2026-04-07 21:38:31,255 [DEBUG] TUN->SSH: 52 байт
2026-04-07 21:38:31,255 [DEBUG] SSH->TUN: 576 байт
2026-04-07 21:38:31,255 [DEBUG] TUN->SSH: 52 байт
2026-04-07 21:38:31,316 [DEBUG] SSH->TUN: 576 байт
2026-04-07 21:38:31,317 [DEBUG] TUN->SSH: 52 байт
2026-04-07 21:38:31,317 [DEBUG] SSH->TUN: 87 байт
2026-04-07 21:38:31,318 [DEBUG] TUN->SSH: 52 байт
2026-04-07 21:38:31,319 [DEBUG] TUN->SSH: 395 байт
2026-04-07 21:38:31,382 [DEBUG] SSH->TUN: 355 байт
2026-04-07 21:38:31,383 [DEBUG] SSH->TUN: 355 байт
2026-04-07 21:38:31,384 [DEBUG] TUN->SSH: 52 байт
2026-04-07 21:38:31,384 [DEBUG] SSH->TUN: 576 байт
2026-04-07 21:38:31,384 [DEBUG] SSH->TUN: 436 байт
2026-04-07 21:38:31,385 [DEBUG] TUN->SSH: 52 байт
2026-04-07 21:38:31,419 [DEBUG] SSH->TUN: 166 байт
2026-04-07 21:38:31,419 [DEBUG] TUN->SSH: 52 байт
2026-04-07 21:38:31,487 [DEBUG] SSH->TUN: 1280 байт
2026-04-07 21:38:31,487 [DEBUG] TUN->SSH: 52 байт
2026-04-07 21:38:31,487 [DEBUG] SSH->TUN: 1280 байт
2026-04-07 21:38:31,488 [DEBUG] TUN->SSH: 52 байт
2026-04-07 21:38:31,488 [DEBUG] SSH->TUN: 1280 байт
2026-04-07 21:38:31,488 [DEBUG] TUN->SSH: 52 байт
2026-04-07 21:38:31,488 [DEBUG] SSH->TUN: 1280 байт
2026-04-07 21:38:31,489 [DEBUG] TUN->SSH: 52 байт
2026-04-07 21:38:31,489 [DEBUG] SSH->TUN: 1280 байт
2026-04-07 21:38:31,489 [DEBUG] TUN->SSH: 52 байт
2026-04-07 21:38:31,490 [DEBUG] SSH->TUN: 1280 байт
2026-04-07 21:38:31,490 [DEBUG] TUN->SSH: 52 байт
2026-04-07 21:38:31,490 [DEBUG] SSH->TUN: 1280 байт
2026-04-07 21:38:31,490 [DEBUG] TUN->SSH: 52 байт
2026-04-07 21:38:31,491 [DEBUG] SSH->TUN: 1280 байт
2026-04-07 21:38:31,491 [DEBUG] TUN->SSH: 52 байт
2026-04-07 21:38:31,491 [DEBUG] SSH->TUN: 1280 байт
2026-04-07 21:38:31,491 [DEBUG] TUN->SSH: 52 байт
2026-04-07 21:38:31,492 [DEBUG] SSH->TUN: 1280 байт
2026-04-07 21:38:31,492 [DEBUG] TUN->SSH: 52 байт
2026-04-07 21:38:31,492 [DEBUG] SSH->TUN: 1280 байт
2026-04-07 21:38:31,492 [DEBUG] TUN->SSH: 87 байт
2026-04-07 21:38:31,492 [DEBUG] SSH->TUN: 1280 байт
2026-04-07 21:38:31,493 [DEBUG] TUN->SSH: 52 байт
2026-04-07 21:38:31,493 [DEBUG] SSH->TUN: 1280 байт
2026-04-07 21:38:31,493 [DEBUG] SSH->TUN: 1280 байт
2026-04-07 21:38:31,493 [DEBUG] TUN->SSH: 52 байт
2026-04-07 21:38:31,493 [DEBUG] SSH->TUN: 1280 байт
2026-04-07 21:38:31,494 [DEBUG] SSH->TUN: 1280 байт
2026-04-07 21:38:31,494 [DEBUG] TUN->SSH: 52 байт
2026-04-07 21:38:31,494 [DEBUG] SSH->TUN: 1280 байт
2026-04-07 21:38:31,494 [DEBUG] SSH->TUN: 1280 байт
2026-04-07 21:38:31,494 [DEBUG] TUN->SSH: 52 байт
2026-04-07 21:38:31,494 [DEBUG] SSH->TUN: 1280 байт
2026-04-07 21:38:31,495 [DEBUG] SSH->TUN: 1280 байт
2026-04-07 21:38:31,495 [DEBUG] TUN->SSH: 52 байт
2026-04-07 21:38:31,495 [DEBUG] SSH->TUN: 1280 байт
2026-04-07 21:38:31,495 [DEBUG] SSH->TUN: 1280 байт
2026-04-07 21:38:31,495 [DEBUG] TUN->SSH: 52 байт
2026-04-07 21:38:31,496 [DEBUG] SSH->TUN: 1280 байт
2026-04-07 21:38:31,496 [DEBUG] SSH->TUN: 1280 байт
2026-04-07 21:38:31,496 [DEBUG] TUN->SSH: 52 байт
2026-04-07 21:38:31,496 [DEBUG] SSH->TUN: 1280 байт
2026-04-07 21:38:31,496 [DEBUG] SSH->TUN: 1280 байт
2026-04-07 21:38:31,496 [DEBUG] TUN->SSH: 52 байт
2026-04-07 21:38:31,497 [DEBUG] SSH->TUN: 1280 байт
2026-04-07 21:38:31,497 [DEBUG] SSH->TUN: 1280 байт
2026-04-07 21:38:31,497 [DEBUG] TUN->SSH: 52 байт
2026-04-07 21:38:31,497 [DEBUG] SSH->TUN: 1280 байт
2026-04-07 21:38:31,497 [DEBUG] SSH->TUN: 1280 байт
2026-04-07 21:38:31,498 [DEBUG] TUN->SSH: 52 байт
2026-04-07 21:38:31,498 [DEBUG] SSH->TUN: 1280 байт
2026-04-07 21:38:31,498 [DEBUG] SSH->TUN: 1280 байт
2026-04-07 21:38:31,498 [DEBUG] TUN->SSH: 52 байт
2026-04-07 21:38:31,498 [DEBUG] SSH->TUN: 1280 байт
2026-04-07 21:38:31,499 [DEBUG] SSH->TUN: 1280 байт
2026-04-07 21:38:31,499 [DEBUG] TUN->SSH: 52 байт
2026-04-07 21:38:31,499 [DEBUG] SSH->TUN: 1280 байт
2026-04-07 21:38:31,499 [DEBUG] SSH->TUN: 1280 байт
2026-04-07 21:38:31,499 [DEBUG] TUN->SSH: 52 байт
2026-04-07 21:38:31,499 [DEBUG] SSH->TUN: 1280 байт
2026-04-07 21:38:31,500 [DEBUG] SSH->TUN: 1280 байт
2026-04-07 21:38:31,500 [DEBUG] TUN->SSH: 52 байт
2026-04-07 21:38:31,500 [DEBUG] SSH->TUN: 1280 байт
2026-04-07 21:38:31,500 [DEBUG] SSH->TUN: 1280 байт
2026-04-07 21:38:31,500 [DEBUG] TUN->SSH: 52 байт
2026-04-07 21:38:31,501 [DEBUG] SSH->TUN: 1280 байт
2026-04-07 21:38:31,501 [DEBUG] SSH->TUN: 1280 байт
2026-04-07 21:38:31,501 [DEBUG] TUN->SSH: 52 байт
2026-04-07 21:38:31,501 [DEBUG] SSH->TUN: 1280 байт
2026-04-07 21:38:31,501 [DEBUG] SSH->TUN: 1280 байт
2026-04-07 21:38:31,502 [DEBUG] TUN->SSH: 52 байт
2026-04-07 21:38:31,502 [DEBUG] SSH->TUN: 1280 байт
2026-04-07 21:38:31,502 [DEBUG] SSH->TUN: 1280 байт
2026-04-07 21:38:31,502 [DEBUG] TUN->SSH: 52 байт
2026-04-07 21:38:31,502 [DEBUG] SSH->TUN: 1280 байт
2026-04-07 21:38:31,503 [DEBUG] SSH->TUN: 1280 байт
2026-04-07 21:38:31,503 [DEBUG] TUN->SSH: 52 байт
2026-04-07 21:38:31,503 [DEBUG] SSH->TUN: 1280 байт
2026-04-07 21:38:31,503 [DEBUG] SSH->TUN: 1280 байт
2026-04-07 21:38:31,504 [DEBUG] TUN->SSH: 52 байт
2026-04-07 21:38:31,504 [DEBUG] SSH->TUN: 1280 байт
2026-04-07 21:38:31,504 [DEBUG] SSH->TUN: 1280 байт
2026-04-07 21:38:31,505 [DEBUG] TUN->SSH: 52 байт
2026-04-07 21:38:31,505 [DEBUG] SSH->TUN: 1280 байт
2026-04-07 21:38:31,505 [DEBUG] SSH->TUN: 1280 байт
2026-04-07 21:38:31,505 [DEBUG] TUN->SSH: 52 байт
2026-04-07 21:38:31,505 [DEBUG] SSH->TUN: 1280 байт
2026-04-07 21:38:31,506 [DEBUG] SSH->TUN: 1280 байт
2026-04-07 21:38:31,506 [DEBUG] TUN->SSH: 52 байт
2026-04-07 21:38:31,506 [DEBUG] SSH->TUN: 418 байт
2026-04-07 21:38:31,547 [DEBUG] TUN->SSH: 52 байт
2026-04-07 21:38:31,581 [DEBUG] SSH->TUN: 52 байт
2026-04-07 21:38:31,582 [DEBUG] SSH->TUN: 1280 байт
2026-04-07 21:38:31,582 [DEBUG] TUN->SSH: 52 байт
2026-04-07 21:38:31,582 [DEBUG] SSH->TUN: 1280 байт
2026-04-07 21:38:31,582 [DEBUG] TUN->SSH: 52 байт
2026-04-07 21:38:31,585 [DEBUG] SSH->TUN: 1280 байт
2026-04-07 21:38:31,586 [DEBUG] TUN->SSH: 52 байт
2026-04-07 21:38:31,589 [DEBUG] SSH->TUN: 1280 байт
2026-04-07 21:38:31,589 [DEBUG] TUN->SSH: 52 байт
2026-04-07 21:38:31,627 [DEBUG] SSH->TUN: 1280 байт
2026-04-07 21:38:31,628 [DEBUG] TUN->SSH: 52 байт
2026-04-07 21:38:31,628 [DEBUG] SSH->TUN: 1280 байт
2026-04-07 21:38:31,629 [DEBUG] TUN->SSH: 52 байт
2026-04-07 21:38:31,629 [DEBUG] TUN->SSH: 52 байт
2026-04-07 21:38:31,630 [DEBUG] SSH->TUN: 1280 байт
2026-04-07 21:38:31,631 [DEBUG] SSH->TUN: 1280 байт
2026-04-07 21:38:31,631 [DEBUG] TUN->SSH: 52 байт
2026-04-07 21:38:31,671 [DEBUG] SSH->TUN: 1280 байт
2026-04-07 21:38:31,671 [DEBUG] TUN->SSH: 52 байт
2026-04-07 21:38:31,671 [DEBUG] SSH->TUN: 1280 байт
2026-04-07 21:38:31,672 [DEBUG] TUN->SSH: 52 байт
2026-04-07 21:38:31,673 [DEBUG] SSH->TUN: 1280 байт
2026-04-07 21:38:31,674 [DEBUG] TUN->SSH: 52 байт
2026-04-07 21:38:31,674 [DEBUG] SSH->TUN: 1280 байт
2026-04-07 21:38:31,674 [DEBUG] TUN->SSH: 52 байт
2026-04-07 21:38:31,718 [DEBUG] SSH->TUN: 1280 байт
2026-04-07 21:38:31,718 [DEBUG] TUN->SSH: 52 байт
2026-04-07 21:38:31,718 [DEBUG] SSH->TUN: 1280 байт
2026-04-07 21:38:31,719 [DEBUG] TUN->SSH: 52 байт
2026-04-07 21:38:31,719 [DEBUG] SSH->TUN: 1280 байт
2026-04-07 21:38:31,719 [DEBUG] TUN->SSH: 52 байт
2026-04-07 21:38:31,720 [DEBUG] SSH->TUN: 1280 байт
2026-04-07 21:38:31,720 [DEBUG] TUN->SSH: 52 байт
2026-04-07 21:38:31,763 [DEBUG] SSH->TUN: 1280 байт
2026-04-07 21:38:31,764 [DEBUG] TUN->SSH: 52 байт
2026-04-07 21:38:31,764 [DEBUG] SSH->TUN: 1280 байт
2026-04-07 21:38:31,764 [DEBUG] TUN->SSH: 52 байт
2026-04-07 21:38:31,764 [DEBUG] SSH->TUN: 1280 байт
2026-04-07 21:38:31,765 [DEBUG] TUN->SSH: 52 байт
2026-04-07 21:38:31,765 [DEBUG] SSH->TUN: 1280 байт
2026-04-07 21:38:31,765 [DEBUG] TUN->SSH: 52 байт
2026-04-07 21:38:31,809 [DEBUG] SSH->TUN: 1280 байт
2026-04-07 21:38:31,810 [DEBUG] TUN->SSH: 52 байт
2026-04-07 21:38:31,810 [DEBUG] SSH->TUN: 1280 байт
2026-04-07 21:38:31,810 [DEBUG] TUN->SSH: 52 байт
2026-04-07 21:38:31,813 [DEBUG] SSH->TUN: 1280 байт
2026-04-07 21:38:31,814 [DEBUG] TUN->SSH: 52 байт
2026-04-07 21:38:31,814 [DEBUG] SSH->TUN: 1280 байт
2026-04-07 21:38:31,815 [DEBUG] TUN->SSH: 52 байт
2026-04-07 21:38:31,815 [DEBUG] SSH->TUN: 1280 байт
2026-04-07 21:38:31,815 [DEBUG] TUN->SSH: 52 байт
2026-04-07 21:38:31,815 [DEBUG] TUN->SSH: 52 байт
2026-04-07 21:38:31,815 [DEBUG] SSH->TUN: 1280 байт
2026-04-07 21:38:31,816 [DEBUG] SSH->TUN: 1280 байт
2026-04-07 21:38:31,816 [DEBUG] TUN->SSH: 52 байт
2026-04-07 21:38:31,816 [DEBUG] SSH->TUN: 1280 байт
2026-04-07 21:38:31,816 [DEBUG] TUN->SSH: 52 байт
2026-04-07 21:38:31,816 [DEBUG] SSH->TUN: 914 байт
2026-04-07 21:38:31,817 [DEBUG] TUN->SSH: 52 байт
2026-04-07 21:38:31,817 [DEBUG] SSH->TUN: 1280 байт
2026-04-07 21:38:31,817 [DEBUG] TUN->SSH: 52 байт
2026-04-07 21:38:31,819 [DEBUG] SSH->TUN: 1280 байт
2026-04-07 21:38:31,819 [DEBUG] TUN->SSH: 52 байт
2026-04-07 21:38:31,820 [DEBUG] SSH->TUN: 1280 байт
2026-04-07 21:38:31,820 [DEBUG] TUN->SSH: 52 байт
2026-04-07 21:38:31,820 [DEBUG] SSH->TUN: 1280 байт
2026-04-07 21:38:31,820 [DEBUG] TUN->SSH: 52 байт
2026-04-07 21:38:31,820 [DEBUG] SSH->TUN: 1280 байт
2026-04-07 21:38:31,821 [DEBUG] TUN->SSH: 52 байт
2026-04-07 21:38:31,821 [DEBUG] SSH->TUN: 1280 байт
2026-04-07 21:38:31,821 [DEBUG] TUN->SSH: 52 байт
2026-04-07 21:38:31,821 [DEBUG] SSH->TUN: 1280 байт
2026-04-07 21:38:31,822 [DEBUG] TUN->SSH: 52 байт
2026-04-07 21:38:31,822 [DEBUG] SSH->TUN: 1280 байт
2026-04-07 21:38:31,822 [DEBUG] TUN->SSH: 52 байт
2026-04-07 21:38:31,850 [DEBUG] SSH->TUN: 1280 байт
2026-04-07 21:38:31,850 [DEBUG] TUN->SSH: 52 байт
2026-04-07 21:38:31,851 [DEBUG] SSH->TUN: 1280 байт
2026-04-07 21:38:31,851 [DEBUG] TUN->SSH: 52 байт
2026-04-07 21:38:31,851 [DEBUG] SSH->TUN: 1280 байт
2026-04-07 21:38:31,852 [DEBUG] TUN->SSH: 52 байт
2026-04-07 21:38:31,852 [DEBUG] SSH->TUN: 1280 байт
2026-04-07 21:38:31,852 [DEBUG] TUN->SSH: 52 байт
2026-04-07 21:38:31,853 [DEBUG] SSH->TUN: 1280 байт
2026-04-07 21:38:31,853 [DEBUG] TUN->SSH: 52 байт
2026-04-07 21:38:31,855 [DEBUG] SSH->TUN: 1280 байт
2026-04-07 21:38:31,855 [DEBUG] TUN->SSH: 52 байт
2026-04-07 21:38:31,855 [DEBUG] SSH->TUN: 1280 байт
2026-04-07 21:38:31,856 [DEBUG] TUN->SSH: 52 байт
2026-04-07 21:38:31,856 [DEBUG] SSH->TUN: 1280 байт
2026-04-07 21:38:31,856 [DEBUG] TUN->SSH: 52 байт
2026-04-07 21:38:31,856 [DEBUG] SSH->TUN: 1280 байт
2026-04-07 21:38:31,856 [DEBUG] TUN->SSH: 52 байт
2026-04-07 21:38:31,857 [DEBUG] SSH->TUN: 1280 байт
2026-04-07 21:38:31,857 [DEBUG] TUN->SSH: 52 байт
2026-04-07 21:38:31,858 [DEBUG] SSH->TUN: 1280 байт
2026-04-07 21:38:31,858 [DEBUG] TUN->SSH: 52 байт
2026-04-07 21:38:31,859 [DEBUG] SSH->TUN: 1280 байт
2026-04-07 21:38:31,859 [DEBUG] TUN->SSH: 52 байт
2026-04-07 21:38:31,859 [DEBUG] SSH->TUN: 1280 байт
2026-04-07 21:38:31,859 [DEBUG] TUN->SSH: 52 байт
2026-04-07 21:38:31,860 [DEBUG] SSH->TUN: 1280 байт
2026-04-07 21:38:31,861 [DEBUG] TUN->SSH: 52 байт
2026-04-07 21:38:31,861 [DEBUG] SSH->TUN: 1280 байт
2026-04-07 21:38:31,861 [DEBUG] TUN->SSH: 52 байт
2026-04-07 21:38:31,861 [DEBUG] SSH->TUN: 1280 байт
2026-04-07 21:38:31,862 [DEBUG] TUN->SSH: 52 байт
2026-04-07 21:38:31,862 [DEBUG] SSH->TUN: 1280 байт
2026-04-07 21:38:31,862 [DEBUG] TUN->SSH: 52 байт
2026-04-07 21:38:31,862 [DEBUG] SSH->TUN: 1280 байт
2026-04-07 21:38:31,862 [DEBUG] TUN->SSH: 52 байт
2026-04-07 21:38:31,863 [DEBUG] SSH->TUN: 1280 байт
2026-04-07 21:38:31,863 [DEBUG] TUN->SSH: 52 байт
2026-04-07 21:38:31,863 [DEBUG] SSH->TUN: 1280 байт
2026-04-07 21:38:31,863 [DEBUG] TUN->SSH: 52 байт
2026-04-07 21:38:31,863 [DEBUG] SSH->TUN: 1280 байт
2026-04-07 21:38:31,864 [DEBUG] TUN->SSH: 52 байт
2026-04-07 21:38:31,864 [DEBUG] SSH->TUN: 1280 байт
2026-04-07 21:38:31,864 [DEBUG] TUN->SSH: 52 байт
2026-04-07 21:38:31,864 [DEBUG] SSH->TUN: 1280 байт
2026-04-07 21:38:31,864 [DEBUG] TUN->SSH: 52 байт
2026-04-07 21:38:31,865 [DEBUG] SSH->TUN: 1280 байт
2026-04-07 21:38:31,865 [DEBUG] TUN->SSH: 52 байт
2026-04-07 21:38:31,865 [DEBUG] SSH->TUN: 1280 байт
2026-04-07 21:38:31,865 [DEBUG] TUN->SSH: 52 байт
2026-04-07 21:38:31,866 [DEBUG] SSH->TUN: 1280 байт
2026-04-07 21:38:31,866 [DEBUG] TUN->SSH: 52 байт
2026-04-07 21:38:31,866 [DEBUG] SSH->TUN: 1280 байт
2026-04-07 21:38:31,866 [DEBUG] TUN->SSH: 52 байт
2026-04-07 21:38:31,867 [DEBUG] SSH->TUN: 1280 байт
2026-04-07 21:38:31,867 [DEBUG] TUN->SSH: 52 байт
2026-04-07 21:38:31,867 [DEBUG] SSH->TUN: 1280 байт
2026-04-07 21:38:31,867 [DEBUG] TUN->SSH: 52 байт
2026-04-07 21:38:31,867 [DEBUG] SSH->TUN: 1280 байт
2026-04-07 21:38:31,868 [DEBUG] TUN->SSH: 52 байт
2026-04-07 21:38:31,868 [DEBUG] SSH->TUN: 1280 байт
2026-04-07 21:38:31,868 [DEBUG] TUN->SSH: 52 байт
2026-04-07 21:38:31,868 [DEBUG] SSH->TUN: 1280 байт
2026-04-07 21:38:31,868 [DEBUG] TUN->SSH: 52 байт
2026-04-07 21:38:31,869 [DEBUG] SSH->TUN: 1280 байт
2026-04-07 21:38:31,869 [DEBUG] TUN->SSH: 52 байт
2026-04-07 21:38:31,869 [DEBUG] SSH->TUN: 1280 байт
2026-04-07 21:38:31,869 [DEBUG] TUN->SSH: 52 байт
2026-04-07 21:38:31,869 [DEBUG] SSH->TUN: 1280 байт
2026-04-07 21:38:31,870 [DEBUG] TUN->SSH: 52 байт
2026-04-07 21:38:31,870 [DEBUG] SSH->TUN: 1280 байт
2026-04-07 21:38:31,870 [DEBUG] TUN->SSH: 52 байт
2026-04-07 21:38:31,870 [DEBUG] SSH->TUN: 1280 байт
2026-04-07 21:38:31,871 [DEBUG] TUN->SSH: 52 байт
2026-04-07 21:38:31,871 [DEBUG] SSH->TUN: 1280 байт
2026-04-07 21:38:31,871 [DEBUG] TUN->SSH: 52 байт
2026-04-07 21:38:31,871 [DEBUG] SSH->TUN: 1280 байт
2026-04-07 21:38:31,872 [DEBUG] TUN->SSH: 52 байт
2026-04-07 21:38:31,891 [DEBUG] SSH->TUN: 1280 байт
2026-04-07 21:38:31,892 [DEBUG] TUN->SSH: 52 байт
2026-04-07 21:38:31,892 [DEBUG] SSH->TUN: 1280 байт
2026-04-07 21:38:31,892 [DEBUG] TUN->SSH: 52 байт
2026-04-07 21:38:31,893 [DEBUG] SSH->TUN: 1280 байт
2026-04-07 21:38:31,893 [DEBUG] TUN->SSH: 52 байт
2026-04-07 21:38:31,894 [DEBUG] SSH->TUN: 1280 байт
2026-04-07 21:38:31,894 [DEBUG] TUN->SSH: 52 байт
2026-04-07 21:38:31,894 [DEBUG] TUN->SSH: 52 байт
2026-04-07 21:38:31,894 [DEBUG] SSH->TUN: 1280 байт
2026-04-07 21:38:31,894 [DEBUG] SSH->TUN: 1280 байт
2026-04-07 21:38:31,895 [DEBUG] TUN->SSH: 52 байт
2026-04-07 21:38:31,897 [DEBUG] SSH->TUN: 1280 байт
2026-04-07 21:38:31,897 [DEBUG] TUN->SSH: 52 байт
2026-04-07 21:38:31,897 [DEBUG] SSH->TUN: 1280 байт
2026-04-07 21:38:31,898 [DEBUG] TUN->SSH: 52 байт
2026-04-07 21:38:31,898 [DEBUG] SSH->TUN: 1280 байт
2026-04-07 21:38:31,898 [DEBUG] TUN->SSH: 52 байт
2026-04-07 21:38:31,899 [DEBUG] TUN->SSH: 52 байт
2026-04-07 21:38:31,899 [DEBUG] SSH->TUN: 1280 байт
2026-04-07 21:38:31,899 [DEBUG] SSH->TUN: 1280 байт
2026-04-07 21:38:31,900 [DEBUG] TUN->SSH: 52 байт
2026-04-07 21:38:31,900 [DEBUG] SSH->TUN: 1280 байт
2026-04-07 21:38:31,900 [DEBUG] TUN->SSH: 52 байт
2026-04-07 21:38:31,900 [DEBUG] SSH->TUN: 1280 байт
2026-04-07 21:38:31,901 [DEBUG] TUN->SSH: 52 байт
2026-04-07 21:38:31,901 [DEBUG] SSH->TUN: 1280 байт
2026-04-07 21:38:31,901 [DEBUG] TUN->SSH: 52 байт
2026-04-07 21:38:31,901 [DEBUG] SSH->TUN: 1280 байт
2026-04-07 21:38:31,901 [DEBUG] TUN->SSH: 52 байт
2026-04-07 21:38:31,902 [DEBUG] SSH->TUN: 1280 байт
2026-04-07 21:38:31,902 [DEBUG] TUN->SSH: 52 байт
2026-04-07 21:38:31,902 [DEBUG] SSH->TUN: 1280 байт
2026-04-07 21:38:31,902 [DEBUG] TUN->SSH: 52 байт
2026-04-07 21:38:31,902 [DEBUG] SSH->TUN: 1280 байт
2026-04-07 21:38:31,903 [DEBUG] TUN->SSH: 52 байт
2026-04-07 21:38:31,903 [DEBUG] SSH->TUN: 1280 байт
2026-04-07 21:38:31,903 [DEBUG] TUN->SSH: 52 байт
2026-04-07 21:38:31,903 [DEBUG] SSH->TUN: 1280 байт
2026-04-07 21:38:31,903 [DEBUG] TUN->SSH: 52 байт
2026-04-07 21:38:31,903 [DEBUG] SSH->TUN: 1280 байт
2026-04-07 21:38:31,904 [DEBUG] TUN->SSH: 52 байт
2026-04-07 21:38:31,904 [DEBUG] SSH->TUN: 1280 байт
2026-04-07 21:38:31,904 [DEBUG] TUN->SSH: 52 байт
2026-04-07 21:38:31,904 [DEBUG] SSH->TUN: 1280 байт
2026-04-07 21:38:31,904 [DEBUG] TUN->SSH: 52 байт
2026-04-07 21:38:31,905 [DEBUG] SSH->TUN: 1280 байт
2026-04-07 21:38:31,905 [DEBUG] TUN->SSH: 52 байт
2026-04-07 21:38:31,905 [DEBUG] SSH->TUN: 1280 байт
2026-04-07 21:38:31,906 [DEBUG] TUN->SSH: 52 байт
2026-04-07 21:38:31,906 [DEBUG] SSH->TUN: 1280 байт
2026-04-07 21:38:31,906 [DEBUG] TUN->SSH: 52 байт
2026-04-07 21:38:31,906 [DEBUG] SSH->TUN: 1280 байт
2026-04-07 21:38:31,907 [DEBUG] TUN->SSH: 52 байт
2026-04-07 21:38:31,907 [DEBUG] SSH->TUN: 1280 байт
2026-04-07 21:38:31,907 [DEBUG] TUN->SSH: 52 байт
2026-04-07 21:38:31,908 [DEBUG] SSH->TUN: 1280 байт
2026-04-07 21:38:31,908 [DEBUG] TUN->SSH: 52 байт
2026-04-07 21:38:31,909 [DEBUG] SSH->TUN: 1280 байт
2026-04-07 21:38:31,909 [DEBUG] TUN->SSH: 52 байт
2026-04-07 21:38:31,910 [DEBUG] SSH->TUN: 1280 байт
2026-04-07 21:38:31,910 [DEBUG] TUN->SSH: 52 байт
2026-04-07 21:38:31,915 [DEBUG] SSH->TUN: 1280 байт
2026-04-07 21:38:31,915 [DEBUG] TUN->SSH: 52 байт
2026-04-07 21:38:31,934 [DEBUG] SSH->TUN: 1280 байт
2026-04-07 21:38:31,934 [DEBUG] TUN->SSH: 52 байт
2026-04-07 21:38:31,935 [DEBUG] SSH->TUN: 1280 байт
2026-04-07 21:38:31,935 [DEBUG] TUN->SSH: 52 байт
2026-04-07 21:38:31,935 [DEBUG] SSH->TUN: 1280 байт
2026-04-07 21:38:31,935 [DEBUG] TUN->SSH: 52 байт
2026-04-07 21:38:31,936 [DEBUG] SSH->TUN: 1280 байт
2026-04-07 21:38:31,936 [DEBUG] SSH->TUN: 1280 байт
2026-04-07 21:38:31,936 [DEBUG] TUN->SSH: 52 байт
2026-04-07 21:38:31,937 [DEBUG] TUN->SSH: 52 байт
2026-04-07 21:38:31,937 [DEBUG] SSH->TUN: 1280 байт
2026-04-07 21:38:31,938 [DEBUG] TUN->SSH: 52 байт
2026-04-07 21:38:31,938 [DEBUG] SSH->TUN: 1280 байт
2026-04-07 21:38:31,938 [DEBUG] TUN->SSH: 52 байт
2026-04-07 21:38:31,938 [DEBUG] SSH->TUN: 1280 байт
2026-04-07 21:38:31,938 [DEBUG] TUN->SSH: 52 байт
2026-04-07 21:38:31,939 [DEBUG] SSH->TUN: 1280 байт
2026-04-07 21:38:31,939 [DEBUG] TUN->SSH: 52 байт
2026-04-07 21:38:31,941 [DEBUG] SSH->TUN: 1280 байт
2026-04-07 21:38:31,941 [DEBUG] TUN->SSH: 52 байт
2026-04-07 21:38:31,947 [DEBUG] TUN->SSH: 52 байт
2026-04-07 21:38:31,947 [DEBUG] SSH->TUN: 1280 байт
2026-04-07 21:38:31,947 [DEBUG] SSH->TUN: 1280 байт
2026-04-07 21:38:31,948 [DEBUG] TUN->SSH: 52 байт
2026-04-07 21:38:31,948 [DEBUG] SSH->TUN: 1280 байт
2026-04-07 21:38:31,948 [DEBUG] TUN->SSH: 52 байт
2026-04-07 21:38:31,949 [DEBUG] SSH->TUN: 1280 байт
2026-04-07 21:38:31,949 [DEBUG] TUN->SSH: 52 байт
2026-04-07 21:38:31,949 [DEBUG] SSH->TUN: 1280 байт
2026-04-07 21:38:31,950 [DEBUG] TUN->SSH: 52 байт
2026-04-07 21:38:31,950 [DEBUG] SSH->TUN: 1280 байт
2026-04-07 21:38:31,950 [DEBUG] TUN->SSH: 52 байт
2026-04-07 21:38:31,950 [DEBUG] SSH->TUN: 1280 байт
2026-04-07 21:38:31,951 [DEBUG] TUN->SSH: 52 байт
2026-04-07 21:38:31,951 [DEBUG] TUN->SSH: 52 байт
2026-04-07 21:38:31,951 [DEBUG] SSH->TUN: 1280 байт
2026-04-07 21:38:31,951 [DEBUG] SSH->TUN: 1280 байт
2026-04-07 21:38:31,951 [DEBUG] TUN->SSH: 52 байт
2026-04-07 21:38:31,951 [DEBUG] SSH->TUN: 1280 байт
2026-04-07 21:38:31,952 [DEBUG] TUN->SSH: 52 байт
2026-04-07 21:38:31,952 [DEBUG] SSH->TUN: 1280 байт
2026-04-07 21:38:31,952 [DEBUG] TUN->SSH: 52 байт
2026-04-07 21:38:31,952 [DEBUG] SSH->TUN: 1280 байт
2026-04-07 21:38:31,952 [DEBUG] TUN->SSH: 52 байт
2026-04-07 21:38:31,953 [DEBUG] SSH->TUN: 1280 байт
2026-04-07 21:38:31,953 [DEBUG] TUN->SSH: 52 байт
2026-04-07 21:38:31,953 [DEBUG] SSH->TUN: 1280 байт
2026-04-07 21:38:31,953 [DEBUG] TUN->SSH: 52 байт
2026-04-07 21:38:31,953 [DEBUG] SSH->TUN: 1280 байт
2026-04-07 21:38:31,954 [DEBUG] TUN->SSH: 52 байт
2026-04-07 21:38:31,954 [DEBUG] SSH->TUN: 1280 байт
2026-04-07 21:38:31,954 [DEBUG] TUN->SSH: 52 байт
2026-04-07 21:38:31,954 [DEBUG] SSH->TUN: 1280 байт
2026-04-07 21:38:31,955 [DEBUG] TUN->SSH: 52 байт
2026-04-07 21:38:31,955 [DEBUG] SSH->TUN: 1280 байт
2026-04-07 21:38:31,955 [DEBUG] TUN->SSH: 52 байт
2026-04-07 21:38:31,955 [DEBUG] SSH->TUN: 1280 байт
2026-04-07 21:38:31,956 [DEBUG] TUN->SSH: 52 байт
2026-04-07 21:38:31,956 [DEBUG] SSH->TUN: 1280 байт
2026-04-07 21:38:31,956 [DEBUG] TUN->SSH: 52 байт
2026-04-07 21:38:31,956 [DEBUG] SSH->TUN: 1280 байт
2026-04-07 21:38:31,956 [DEBUG] TUN->SSH: 52 байт
2026-04-07 21:38:31,956 [DEBUG] SSH->TUN: 1280 байт
2026-04-07 21:38:31,957 [DEBUG] TUN->SSH: 52 байт
2026-04-07 21:38:31,957 [DEBUG] TUN->SSH: 52 байт
2026-04-07 21:38:31,957 [DEBUG] SSH->TUN: 1280 байт
2026-04-07 21:38:31,957 [DEBUG] SSH->TUN: 1280 байт
2026-04-07 21:38:31,958 [DEBUG] TUN->SSH: 52 байт
2026-04-07 21:38:31,958 [DEBUG] SSH->TUN: 1280 байт
2026-04-07 21:38:31,958 [DEBUG] TUN->SSH: 52 байт
2026-04-07 21:38:31,958 [DEBUG] SSH->TUN: 1280 байт
2026-04-07 21:38:31,958 [DEBUG] TUN->SSH: 52 байт
2026-04-07 21:38:31,959 [DEBUG] SSH->TUN: 1280 байт
2026-04-07 21:38:31,959 [DEBUG] TUN->SSH: 52 байт
2026-04-07 21:38:31,959 [DEBUG] SSH->TUN: 1280 байт
2026-04-07 21:38:31,959 [DEBUG] TUN->SSH: 52 байт
2026-04-07 21:38:31,959 [DEBUG] SSH->TUN: 1280 байт
2026-04-07 21:38:31,960 [DEBUG] TUN->SSH: 52 байт
2026-04-07 21:38:31,960 [DEBUG] SSH->TUN: 1280 байт
2026-04-07 21:38:31,960 [DEBUG] TUN->SSH: 52 байт
2026-04-07 21:38:31,960 [DEBUG] SSH->TUN: 1280 байт
2026-04-07 21:38:31,960 [DEBUG] TUN->SSH: 52 байт
2026-04-07 21:38:31,973 [DEBUG] SSH->TUN: 1280 байт
2026-04-07 21:38:31,974 [DEBUG] TUN->SSH: 52 байт
2026-04-07 21:38:31,974 [DEBUG] SSH->TUN: 1280 байт
2026-04-07 21:38:31,974 [DEBUG] TUN->SSH: 52 байт
2026-04-07 21:38:31,975 [DEBUG] SSH->TUN: 1280 байт
2026-04-07 21:38:31,975 [DEBUG] TUN->SSH: 52 байт
2026-04-07 21:38:31,975 [DEBUG] SSH->TUN: 1280 байт
2026-04-07 21:38:31,975 [DEBUG] TUN->SSH: 52 байт
2026-04-07 21:38:31,976 [DEBUG] SSH->TUN: 1280 байт
2026-04-07 21:38:31,976 [DEBUG] TUN->SSH: 52 байт
2026-04-07 21:38:31,976 [DEBUG] SSH->TUN: 1280 байт
2026-04-07 21:38:31,976 [DEBUG] TUN->SSH: 52 байт
2026-04-07 21:38:31,978 [DEBUG] SSH->TUN: 1280 байт
2026-04-07 21:38:31,978 [DEBUG] TUN->SSH: 52 байт
2026-04-07 21:38:31,978 [DEBUG] SSH->TUN: 1280 байт
2026-04-07 21:38:31,979 [DEBUG] TUN->SSH: 52 байт
2026-04-07 21:38:31,979 [DEBUG] SSH->TUN: 1280 байт
2026-04-07 21:38:31,979 [DEBUG] TUN->SSH: 52 байт
2026-04-07 21:38:31,979 [DEBUG] SSH->TUN: 1280 байт
2026-04-07 21:38:31,979 [DEBUG] TUN->SSH: 52 байт
2026-04-07 21:38:31,985 [DEBUG] SSH->TUN: 1280 байт
2026-04-07 21:38:31,986 [DEBUG] TUN->SSH: 52 байт
2026-04-07 21:38:31,986 [DEBUG] SSH->TUN: 1280 байт
2026-04-07 21:38:31,986 [DEBUG] TUN->SSH: 52 байт
2026-04-07 21:38:31,986 [DEBUG] SSH->TUN: 1280 байт
2026-04-07 21:38:31,986 [DEBUG] TUN->SSH: 52 байт
2026-04-07 21:38:31,986 [DEBUG] SSH->TUN: 1280 байт
2026-04-07 21:38:31,987 [DEBUG] TUN->SSH: 52 байт
2026-04-07 21:38:31,989 [DEBUG] SSH->TUN: 1280 байт
2026-04-07 21:38:31,990 [DEBUG] TUN->SSH: 52 байт
2026-04-07 21:38:31,990 [DEBUG] SSH->TUN: 1280 байт
2026-04-07 21:38:31,991 [DEBUG] TUN->SSH: 52 байт
2026-04-07 21:38:31,992 [DEBUG] SSH->TUN: 1280 байт
2026-04-07 21:38:31,992 [DEBUG] TUN->SSH: 52 байт
2026-04-07 21:38:31,992 [DEBUG] SSH->TUN: 1280 байт
2026-04-07 21:38:31,992 [DEBUG] TUN->SSH: 52 байт
2026-04-07 21:38:31,992 [DEBUG] SSH->TUN: 1280 байт
2026-04-07 21:38:31,993 [DEBUG] TUN->SSH: 52 байт
2026-04-07 21:38:31,993 [DEBUG] SSH->TUN: 1280 байт
2026-04-07 21:38:31,993 [DEBUG] TUN->SSH: 52 байт
2026-04-07 21:38:31,993 [DEBUG] SSH->TUN: 1280 байт
2026-04-07 21:38:31,994 [DEBUG] TUN->SSH: 52 байт
2026-04-07 21:38:31,994 [DEBUG] SSH->TUN: 1280 байт
2026-04-07 21:38:31,994 [DEBUG] TUN->SSH: 52 байт
2026-04-07 21:38:31,994 [DEBUG] SSH->TUN: 1280 байт
2026-04-07 21:38:31,994 [DEBUG] TUN->SSH: 52 байт
2026-04-07 21:38:31,995 [DEBUG] SSH->TUN: 1280 байт
2026-04-07 21:38:31,995 [DEBUG] TUN->SSH: 52 байт
2026-04-07 21:38:31,995 [DEBUG] SSH->TUN: 1280 байт
2026-04-07 21:38:31,995 [DEBUG] TUN->SSH: 52 байт
2026-04-07 21:38:31,995 [DEBUG] SSH->TUN: 1280 байт
2026-04-07 21:38:31,996 [DEBUG] TUN->SSH: 52 байт
2026-04-07 21:38:31,996 [DEBUG] SSH->TUN: 1280 байт
2026-04-07 21:38:31,996 [DEBUG] TUN->SSH: 52 байт
2026-04-07 21:38:31,996 [DEBUG] SSH->TUN: 1280 байт
2026-04-07 21:38:31,997 [DEBUG] TUN->SSH: 52 байт
2026-04-07 21:38:31,997 [DEBUG] SSH->TUN: 1280 байт
2026-04-07 21:38:31,997 [DEBUG] TUN->SSH: 52 байт
2026-04-07 21:38:31,997 [DEBUG] SSH->TUN: 1280 байт
2026-04-07 21:38:31,998 [DEBUG] TUN->SSH: 52 байт
2026-04-07 21:38:31,998 [DEBUG] SSH->TUN: 1280 байт
2026-04-07 21:38:31,998 [DEBUG] TUN->SSH: 52 байт
2026-04-07 21:38:31,999 [DEBUG] SSH->TUN: 1280 байт
2026-04-07 21:38:31,999 [DEBUG] TUN->SSH: 52 байт
2026-04-07 21:38:31,999 [DEBUG] SSH->TUN: 1280 байт
2026-04-07 21:38:31,999 [DEBUG] TUN->SSH: 52 байт
2026-04-07 21:38:31,999 [DEBUG] SSH->TUN: 1280 байт
2026-04-07 21:38:32,000 [DEBUG] TUN->SSH: 52 байт
2026-04-07 21:38:32,000 [DEBUG] SSH->TUN: 1280 байт
2026-04-07 21:38:32,000 [DEBUG] TUN->SSH: 52 байт
2026-04-07 21:38:32,000 [DEBUG] SSH->TUN: 1280 байт
2026-04-07 21:38:32,000 [DEBUG] TUN->SSH: 52 байт
2026-04-07 21:38:32,001 [DEBUG] SSH->TUN: 1280 байт
2026-04-07 21:38:32,001 [DEBUG] TUN->SSH: 52 байт
2026-04-07 21:38:32,001 [DEBUG] SSH->TUN: 1280 байт
2026-04-07 21:38:32,001 [DEBUG] TUN->SSH: 52 байт
2026-04-07 21:38:32,001 [DEBUG] SSH->TUN: 1280 байт
2026-04-07 21:38:32,002 [DEBUG] TUN->SSH: 52 байт
2026-04-07 21:38:32,002 [DEBUG] SSH->TUN: 1280 байт
2026-04-07 21:38:32,002 [DEBUG] TUN->SSH: 52 байт
2026-04-07 21:38:32,002 [DEBUG] SSH->TUN: 1280 байт
2026-04-07 21:38:32,003 [DEBUG] TUN->SSH: 52 байт
2026-04-07 21:38:32,003 [DEBUG] SSH->TUN: 1280 байт
2026-04-07 21:38:32,003 [DEBUG] TUN->SSH: 52 байт
2026-04-07 21:38:32,014 [DEBUG] SSH->TUN: 1280 байт
2026-04-07 21:38:32,014 [DEBUG] TUN->SSH: 52 байт
2026-04-07 21:38:32,014 [DEBUG] SSH->TUN: 1280 байт
2026-04-07 21:38:32,014 [DEBUG] TUN->SSH: 52 байт
2026-04-07 21:38:32,015 [DEBUG] SSH->TUN: 1280 байт
2026-04-07 21:38:32,015 [DEBUG] TUN->SSH: 52 байт
2026-04-07 21:38:32,016 [DEBUG] SSH->TUN: 1280 байт
2026-04-07 21:38:32,016 [DEBUG] TUN->SSH: 52 байт
2026-04-07 21:38:32,017 [DEBUG] SSH->TUN: 1280 байт
2026-04-07 21:38:32,017 [DEBUG] TUN->SSH: 52 байт
2026-04-07 21:38:32,017 [DEBUG] SSH->TUN: 1280 байт
2026-04-07 21:38:32,017 [DEBUG] TUN->SSH: 52 байт
2026-04-07 21:38:32,018 [DEBUG] SSH->TUN: 1280 байт
2026-04-07 21:38:32,018 [DEBUG] TUN->SSH: 52 байт
2026-04-07 21:38:32,018 [DEBUG] SSH->TUN: 1280 байт
2026-04-07 21:38:32,019 [DEBUG] TUN->SSH: 52 байт
2026-04-07 21:38:32,019 [DEBUG] SSH->TUN: 1280 байт
2026-04-07 21:38:32,019 [DEBUG] TUN->SSH: 52 байт
2026-04-07 21:38:32,019 [DEBUG] SSH->TUN: 1280 байт
2026-04-07 21:38:32,020 [DEBUG] TUN->SSH: 52 байт
2026-04-07 21:38:32,020 [DEBUG] SSH->TUN: 1280 байт
2026-04-07 21:38:32,020 [DEBUG] TUN->SSH: 52 байт
2026-04-07 21:38:32,027 [DEBUG] SSH->TUN: 1280 байт
2026-04-07 21:38:32,028 [DEBUG] TUN->SSH: 52 байт
2026-04-07 21:38:32,028 [DEBUG] SSH->TUN: 1280 байт
2026-04-07 21:38:32,028 [DEBUG] TUN->SSH: 52 байт
2026-04-07 21:38:32,029 [DEBUG] SSH->TUN: 1280 байт
2026-04-07 21:38:32,029 [DEBUG] TUN->SSH: 52 байт
2026-04-07 21:38:32,029 [DEBUG] SSH->TUN: 1280 байт
2026-04-07 21:38:32,029 [DEBUG] TUN->SSH: 52 байт
2026-04-07 21:38:32,029 [DEBUG] SSH->TUN: 1280 байт
2026-04-07 21:38:32,030 [DEBUG] TUN->SSH: 52 байт
2026-04-07 21:38:32,030 [DEBUG] TUN->SSH: 52 байт
2026-04-07 21:38:32,030 [DEBUG] SSH->TUN: 411 байт
2026-04-07 21:38:35,024 [DEBUG] TUN->SSH: 52 байт
2026-04-07 21:38:35,052 [DEBUG] TUN->SSH: 1280 байт
2026-04-07 21:38:35,052 [DEBUG] TUN->SSH: 1280 байт
2026-04-07 21:38:35,053 [DEBUG] TUN->SSH: 632 байт
2026-04-07 21:38:35,091 [DEBUG] TUN->SSH: 52 байт
2026-04-07 21:38:35,091 [DEBUG] SSH->TUN: 52 байт
2026-04-07 21:38:35,176 [DEBUG] TUN->SSH: 632 байт
2026-04-07 21:38:35,179 [DEBUG] SSH->TUN: 52 байт
2026-04-07 21:38:35,219 [DEBUG] SSH->TUN: 64 байт
2026-04-07 21:38:35,384 [DEBUG] TUN->SSH: 52 байт
2026-04-07 21:38:35,386 [DEBUG] TUN->SSH: 52 байт
2026-04-07 21:38:35,432 [DEBUG] TUN->SSH: 52 байт
2026-04-07 21:38:35,432 [DEBUG] SSH->TUN: 52 байт
2026-04-07 21:38:35,467 [DEBUG] SSH->TUN: 52 байт
2026-04-07 21:38:35,467 [DEBUG] TUN->SSH: 52 байт
2026-04-07 21:38:35,864 [DEBUG] SSH->TUN: 624 байт
2026-04-07 21:38:35,864 [DEBUG] TUN->SSH: 52 байт
2026-04-07 21:38:36,173 [DEBUG] TUN->SSH: 64 байт
2026-04-07 21:38:36,174 [DEBUG] SSH->TUN: 174 байт
2026-04-07 21:38:36,174 [DEBUG] TUN->SSH: 52 байт
2026-04-07 21:38:36,174 [DEBUG] SSH->TUN: 1280 байт
2026-04-07 21:38:36,175 [DEBUG] TUN->SSH: 52 байт
2026-04-07 21:38:36,175 [DEBUG] SSH->TUN: 1280 байт
2026-04-07 21:38:36,175 [DEBUG] TUN->SSH: 52 байт
2026-04-07 21:38:36,175 [DEBUG] SSH->TUN: 1280 байт
2026-04-07 21:38:36,175 [DEBUG] TUN->SSH: 52 байт
2026-04-07 21:38:36,176 [DEBUG] SSH->TUN: 1280 байт
2026-04-07 21:38:36,176 [DEBUG] TUN->SSH: 52 байт
2026-04-07 21:38:36,176 [DEBUG] SSH->TUN: 1241 байт
2026-04-07 21:38:36,177 [DEBUG] TUN->SSH: 52 байт
2026-04-07 21:38:36,177 [DEBUG] SSH->TUN: 1280 байт
2026-04-07 21:38:36,177 [DEBUG] TUN->SSH: 52 байт
2026-04-07 21:38:36,177 [DEBUG] SSH->TUN: 1280 байт
2026-04-07 21:38:36,177 [DEBUG] TUN->SSH: 52 байт
2026-04-07 21:38:36,178 [DEBUG] SSH->TUN: 1280 байт
2026-04-07 21:38:36,178 [DEBUG] TUN->SSH: 52 байт
2026-04-07 21:38:36,178 [DEBUG] SSH->TUN: 1280 байт
2026-04-07 21:38:36,178 [DEBUG] TUN->SSH: 52 байт
2026-04-07 21:38:36,179 [DEBUG] SSH->TUN: 1280 байт
2026-04-07 21:38:36,179 [DEBUG] TUN->SSH: 52 байт
2026-04-07 21:38:36,179 [DEBUG] SSH->TUN: 1280 байт
2026-04-07 21:38:36,179 [DEBUG] TUN->SSH: 52 байт
2026-04-07 21:38:36,206 [DEBUG] SSH->TUN: 1280 байт
2026-04-07 21:38:36,206 [DEBUG] TUN->SSH: 52 байт
2026-04-07 21:38:36,221 [DEBUG] SSH->TUN: 1280 байт
2026-04-07 21:38:36,222 [DEBUG] TUN->SSH: 52 байт
2026-04-07 21:38:36,222 [DEBUG] TUN->SSH: 52 байт
2026-04-07 21:38:36,222 [DEBUG] SSH->TUN: 1280 байт
2026-04-07 21:38:36,223 [DEBUG] SSH->TUN: 1280 байт
2026-04-07 21:38:36,223 [DEBUG] TUN->SSH: 52 байт
2026-04-07 21:38:36,223 [DEBUG] SSH->TUN: 1280 байт
2026-04-07 21:38:36,223 [DEBUG] TUN->SSH: 52 байт
2026-04-07 21:38:36,223 [DEBUG] SSH->TUN: 1280 байт
2026-04-07 21:38:36,224 [DEBUG] TUN->SSH: 52 байт
2026-04-07 21:38:36,224 [DEBUG] SSH->TUN: 1280 байт
2026-04-07 21:38:36,224 [DEBUG] TUN->SSH: 52 байт
2026-04-07 21:38:36,224 [DEBUG] SSH->TUN: 1280 байт
2026-04-07 21:38:36,225 [DEBUG] TUN->SSH: 52 байт
2026-04-07 21:38:36,225 [DEBUG] SSH->TUN: 1280 байт
2026-04-07 21:38:36,225 [DEBUG] TUN->SSH: 52 байт
2026-04-07 21:38:36,225 [DEBUG] SSH->TUN: 1280 байт
2026-04-07 21:38:36,226 [DEBUG] TUN->SSH: 52 байт
2026-04-07 21:38:36,226 [DEBUG] TUN->SSH: 52 байт
2026-04-07 21:38:36,226 [DEBUG] SSH->TUN: 1280 байт
2026-04-07 21:38:36,226 [DEBUG] SSH->TUN: 316 байт
2026-04-07 21:38:36,227 [DEBUG] TUN->SSH: 52 байт
2026-04-07 21:38:36,227 [DEBUG] SSH->TUN: 173 байт
2026-04-07 21:38:36,227 [DEBUG] TUN->SSH: 52 байт
2026-04-07 21:38:36,387 [DEBUG] TUN->SSH: 397 байт
2026-04-07 21:38:36,408 [DEBUG] TUN->SSH: 794 байт
2026-04-07 21:38:36,410 [DEBUG] SSH->TUN: 1280 байт
2026-04-07 21:38:36,411 [DEBUG] TUN->SSH: 52 байт
2026-04-07 21:38:36,411 [DEBUG] SSH->TUN: 413 байт
2026-04-07 21:38:36,411 [DEBUG] TUN->SSH: 52 байт
2026-04-07 21:38:36,456 [DEBUG] SSH->TUN: 52 байт
2026-04-07 21:38:36,456 [DEBUG] TUN->SSH: 269 байт
2026-04-07 21:38:36,524 [DEBUG] SSH->TUN: 52 байт
2026-04-07 21:38:36,877 [DEBUG] TUN->SSH: 333 байт
2026-04-07 21:38:36,889 [DEBUG] SSH->TUN: 1232 байт
2026-04-07 21:38:36,890 [DEBUG] TUN->SSH: 52 байт
2026-04-07 21:38:36,890 [DEBUG] SSH->TUN: 413 байт
2026-04-07 21:38:36,890 [DEBUG] TUN->SSH: 52 байт
2026-04-07 21:38:36,950 [DEBUG] SSH->TUN: 52 байт
2026-04-07 21:38:36,993 [DEBUG] SSH->TUN: 752 байт
2026-04-07 21:38:36,993 [DEBUG] TUN->SSH: 52 байт
2026-04-07 21:38:37,432 [DEBUG] TUN->SSH: 52 байт
2026-04-07 21:38:38,833 [DEBUG] SSH->TUN: 489 байт
2026-04-07 21:38:38,835 [DEBUG] TUN->SSH: 60 байт
2026-04-07 21:38:38,835 [DEBUG] TUN->SSH: 52 байт
2026-04-07 21:38:38,894 [DEBUG] SSH->TUN: 60 байт
2026-04-07 21:38:38,894 [DEBUG] TUN->SSH: 52 байт
2026-04-07 21:38:38,894 [DEBUG] TUN->SSH: 1280 байт
2026-04-07 21:38:38,895 [DEBUG] TUN->SSH: 432 байт
2026-04-07 21:38:38,898 [DEBUG] TUN->SSH: 52 байт
2026-04-07 21:38:38,898 [DEBUG] SSH->TUN: 52 байт
2026-04-07 21:38:38,952 [DEBUG] SSH->TUN: 52 байт
2026-04-07 21:38:38,957 [DEBUG] SSH->TUN: 52 байт
2026-04-07 21:38:38,957 [DEBUG] SSH->TUN: 1280 байт
2026-04-07 21:38:38,957 [DEBUG] TUN->SSH: 52 байт
2026-04-07 21:38:38,958 [DEBUG] SSH->TUN: 1280 байт
2026-04-07 21:38:38,958 [DEBUG] TUN->SSH: 52 байт
2026-04-07 21:38:38,958 [DEBUG] SSH->TUN: 1280 байт
2026-04-07 21:38:38,958 [DEBUG] TUN->SSH: 52 байт
2026-04-07 21:38:38,998 [DEBUG] SSH->TUN: 464 байт
2026-04-07 21:38:38,998 [DEBUG] TUN->SSH: 52 байт
2026-04-07 21:38:38,999 [DEBUG] SSH->TUN: 1280 байт
2026-04-07 21:38:38,999 [DEBUG] TUN->SSH: 52 байт
2026-04-07 21:38:38,999 [DEBUG] SSH->TUN: 431 байт
2026-04-07 21:38:39,000 [DEBUG] TUN->SSH: 52 байт
2026-04-07 21:38:39,001 [DEBUG] TUN->SSH: 886 байт
2026-04-07 21:38:39,064 [DEBUG] SSH->TUN: 355 байт
2026-04-07 21:38:39,065 [DEBUG] SSH->TUN: 355 байт
2026-04-07 21:38:39,065 [DEBUG] TUN->SSH: 52 байт
2026-04-07 21:38:41,088 [DEBUG] TUN->SSH: 52 байт
2026-04-07 21:38:41,145 [DEBUG] SSH->TUN: 52 байт
2026-04-07 21:38:41,189 [DEBUG] SSH->TUN: 52 байт
2026-04-07 21:38:41,189 [DEBUG] TUN->SSH: 52 байт
2026-04-07 21:38:43,782 [DEBUG] SSH->TUN: 1280 байт
2026-04-07 21:38:43,783 [DEBUG] TUN->SSH: 52 байт
2026-04-07 21:38:43,783 [DEBUG] SSH->TUN: 224 байт
2026-04-07 21:38:43,783 [DEBUG] TUN->SSH: 52 байт
2026-04-07 21:38:46,901 [DEBUG] TUN->SSH OSError: Channel not open for sending
2026-04-07 21:38:46,901 [INFO] Форвардинг завершён
2026-04-07 21:38:46,901 [WARNING] Туннель оборвался, будет реконнект
2026-04-07 21:38:46,901 [INFO] Реконнект через 6 сек (попытка 1)...
2026-04-07 21:38:52,908 [INFO] Подключаюсь к 217.154.79.223:22 как 'alice'
2026-04-07 21:38:52,959 [ERROR] Ошибка подключения: [Errno 111] Connect call failed ('217.154.79.223', 22)
2026-04-07 21:38:52,959 [INFO] Реконнект через 12 сек (попытка 2)...
2026-04-07 21:39:01,964 [INFO] Останавливаю туннель...
2026-04-07 21:39:01,969 [DEBUG] Восстановлен: default via 192.168.5.1 dev wlp0s20f3
2026-04-07 21:39:01,969 [INFO] Маршруты восстановлены
2026-04-07 21:39:01,985 [INFO] Интерфейс strans-tun0 удалён
2026-04-07 21:39:01,985 [INFO] Остановлено
