2026-04-07 01:57:10,105 [INFO] === Запуск клиента ===
2026-04-07 01:57:10,105 [INFO] Лог файл: logs/client_20260407_015710.log
2026-04-07 01:57:10,106 [INFO] Подключаюсь к 217.154.79.223:2222 как 'alice'
2026-04-07 01:57:10,425 [INFO] SSH соединение установлено
2026-04-07 01:57:10,530 [INFO] PUSH_REPLY: client_ip=198.19.0.2 server_ip=198.19.0.1 mtu=1280
2026-04-07 01:57:10,530 [INFO] STEALTH: MTU принудительно 576
2026-04-07 01:57:10,541 [INFO] Интерфейс strans-tun0:
124: strans-tun0: <POINTOPOINT,MULTICAST,NOARP,UP,LOWER_UP> mtu 576 qdisc fq_codel state UP group default qlen 500
    link/none 
    inet 198.19.0.2 peer 198.19.0.1/32 scope global strans-tun0
       valid_lft forever preferred_lft forever
2026-04-07 01:57:10,646 [INFO] SSH tunnel канал открыт
2026-04-07 01:57:10,651 [INFO] Весь трафик через strans-tun0
2026-04-07 01:57:10,651 [INFO] Туннель активен.
2026-04-07 01:57:10,652 [INFO] Форвардинг запущен [STEALTH]
2026-04-07 01:57:10,777 [DEBUG] TUN->SSH: 52 байт
2026-04-07 01:57:10,802 [DEBUG] TUN->SSH: 60 байт
2026-04-07 01:57:10,824 [DEBUG] TUN->SSH: 60 байт
2026-04-07 01:57:10,851 [DEBUG] TUN->SSH: 60 байт
2026-04-07 01:57:10,881 [DEBUG] TUN->SSH: 60 байт
2026-04-07 01:57:10,912 [DEBUG] TUN->SSH: 60 байт
2026-04-07 01:57:10,933 [DEBUG] TUN->SSH: 60 байт
2026-04-07 01:57:10,961 [DEBUG] TUN->SSH: 60 байт
2026-04-07 01:57:10,982 [DEBUG] TUN->SSH: 60 байт
2026-04-07 01:57:11,000 [DEBUG] TUN->SSH: 60 байт
2026-04-07 01:57:11,036 [DEBUG] TUN->SSH: 60 байт
2026-04-07 01:57:11,063 [DEBUG] TUN->SSH: 60 байт
2026-04-07 01:57:11,091 [DEBUG] TUN->SSH: 60 байт
2026-04-07 01:57:11,119 [DEBUG] TUN->SSH: 60 байт
2026-04-07 01:57:11,158 [DEBUG] TUN->SSH: 60 байт
2026-04-07 01:57:11,173 [DEBUG] TUN->SSH: 60 байт
2026-04-07 01:57:11,201 [DEBUG] TUN->SSH: 60 байт
2026-04-07 01:57:11,226 [DEBUG] TUN->SSH: 52 байт
2026-04-07 01:57:11,239 [DEBUG] TUN->SSH: 52 байт
2026-04-07 01:57:11,477 [DEBUG] TUN->SSH: 52 байт
2026-04-07 01:57:11,655 [DEBUG] TUN->SSH: 60 байт
2026-04-07 01:57:11,718 [DEBUG] TUN->SSH: 60 байт
2026-04-07 01:57:11,752 [DEBUG] TUN->SSH: 60 байт
2026-04-07 01:57:11,810 [DEBUG] TUN->SSH: 60 байт
2026-04-07 01:57:11,835 [DEBUG] TUN->SSH: 60 байт
2026-04-07 01:57:11,872 [DEBUG] TUN->SSH: 60 байт
2026-04-07 01:57:11,890 [DEBUG] TUN->SSH: 60 байт
2026-04-07 01:57:11,920 [DEBUG] TUN->SSH: 60 байт
2026-04-07 01:57:11,960 [DEBUG] TUN->SSH: 60 байт
2026-04-07 01:57:11,986 [DEBUG] TUN->SSH: 60 байт
2026-04-07 01:57:12,020 [DEBUG] TUN->SSH: 60 байт
2026-04-07 01:57:12,049 [DEBUG] TUN->SSH: 60 байт
2026-04-07 01:57:12,067 [DEBUG] TUN->SSH: 60 байт
2026-04-07 01:57:12,284 [DEBUG] SSH->TUN: 76 байт
2026-04-07 01:57:12,326 [DEBUG] TUN->SSH: 124 байт
2026-04-07 01:57:12,354 [DEBUG] TUN->SSH: 64 байт
2026-04-07 01:57:12,578 [DEBUG] TUN->SSH: 52 байт
2026-04-07 01:57:12,604 [DEBUG] TUN->SSH: 60 байт
2026-04-07 01:57:12,705 [DEBUG] TUN->SSH: 60 байт
2026-04-07 01:57:12,738 [DEBUG] TUN->SSH: 60 байт
2026-04-07 01:57:12,767 [DEBUG] TUN->SSH: 60 байт
2026-04-07 01:57:12,790 [DEBUG] TUN->SSH: 60 байт
2026-04-07 01:57:12,827 [DEBUG] TUN->SSH: 60 байт
2026-04-07 01:57:12,849 [DEBUG] TUN->SSH: 60 байт
2026-04-07 01:57:12,873 [DEBUG] TUN->SSH: 60 байт
2026-04-07 01:57:12,896 [DEBUG] TUN->SSH: 60 байт
2026-04-07 01:57:12,932 [DEBUG] TUN->SSH: 52 байт
2026-04-07 01:57:12,963 [DEBUG] TUN->SSH: 60 байт
2026-04-07 01:57:13,000 [DEBUG] TUN->SSH: 60 байт
2026-04-07 01:57:13,025 [DEBUG] TUN->SSH: 60 байт
2026-04-07 01:57:13,049 [DEBUG] TUN->SSH: 60 байт
2026-04-07 01:57:13,080 [DEBUG] TUN->SSH: 60 байт
2026-04-07 01:57:13,108 [DEBUG] TUN->SSH: 60 байт
2026-04-07 01:57:13,140 [DEBUG] TUN->SSH: 60 байт
2026-04-07 01:57:13,168 [DEBUG] TUN->SSH: 60 байт
2026-04-07 01:57:13,201 [DEBUG] TUN->SSH: 52 байт
2026-04-07 01:57:13,229 [DEBUG] TUN->SSH: 60 байт
2026-04-07 01:57:13,464 [DEBUG] TUN->SSH: 52 байт
2026-04-07 01:57:13,599 [DEBUG] TUN->SSH: 60 байт
2026-04-07 01:57:13,639 [DEBUG] TUN->SSH: 60 байт
2026-04-07 01:57:13,670 [DEBUG] TUN->SSH: 60 байт
2026-04-07 01:57:13,723 [DEBUG] TUN->SSH: 60 байт
2026-04-07 01:57:13,747 [DEBUG] TUN->SSH: 60 байт
2026-04-07 01:57:13,774 [DEBUG] TUN->SSH: 60 байт
2026-04-07 01:57:13,800 [DEBUG] TUN->SSH: 60 байт
2026-04-07 01:57:13,827 [DEBUG] TUN->SSH: 60 байт
2026-04-07 01:57:13,862 [DEBUG] TUN->SSH: 60 байт
2026-04-07 01:57:13,888 [DEBUG] TUN->SSH: 60 байт
2026-04-07 01:57:13,919 [DEBUG] TUN->SSH: 60 байт
2026-04-07 01:57:13,949 [DEBUG] TUN->SSH: 60 байт
2026-04-07 01:57:13,976 [DEBUG] TUN->SSH: 60 байт
2026-04-07 01:57:14,011 [DEBUG] TUN->SSH: 60 байт
2026-04-07 01:57:14,043 [DEBUG] TUN->SSH: 60 байт
2026-04-07 01:57:14,075 [DEBUG] TUN->SSH: 60 байт
2026-04-07 01:57:14,107 [DEBUG] TUN->SSH: 60 байт
2026-04-07 01:57:14,125 [DEBUG] TUN->SSH: 60 байт
2026-04-07 01:57:14,156 [DEBUG] TUN->SSH: 60 байт
2026-04-07 01:57:14,190 [DEBUG] TUN->SSH: 60 байт
2026-04-07 01:57:14,215 [DEBUG] TUN->SSH: 60 байт
2026-04-07 01:57:14,237 [DEBUG] TUN->SSH: 60 байт
2026-04-07 01:57:14,252 [DEBUG] TUN->SSH: 60 байт
2026-04-07 01:57:14,370 [DEBUG] TUN->SSH: 52 байт
2026-04-07 01:57:14,636 [DEBUG] TUN->SSH: 60 байт
2026-04-07 01:57:14,682 [DEBUG] SSH->TUN: 52 байт
2026-04-07 01:57:14,699 [DEBUG] TUN->SSH: 60 байт
2026-04-07 01:57:14,728 [DEBUG] TUN->SSH: 52 байт
2026-04-07 01:57:14,750 [DEBUG] TUN->SSH: 60 байт
2026-04-07 01:57:14,786 [DEBUG] TUN->SSH: 60 байт
2026-04-07 01:57:14,821 [DEBUG] TUN->SSH: 60 байт
2026-04-07 01:57:14,849 [DEBUG] TUN->SSH: 60 байт
2026-04-07 01:57:14,872 [DEBUG] TUN->SSH: 60 байт
2026-04-07 01:57:14,902 [DEBUG] TUN->SSH: 60 байт
2026-04-07 01:57:14,927 [DEBUG] TUN->SSH: 60 байт
2026-04-07 01:57:14,964 [DEBUG] TUN->SSH: 60 байт
2026-04-07 01:57:14,988 [DEBUG] TUN->SSH: 60 байт
2026-04-07 01:57:15,016 [DEBUG] TUN->SSH: 60 байт
2026-04-07 01:57:15,044 [DEBUG] TUN->SSH: 60 байт
2026-04-07 01:57:15,072 [DEBUG] TUN->SSH: 60 байт
2026-04-07 01:57:15,086 [DEBUG] TUN->SSH: 60 байт
2026-04-07 01:57:15,104 [DEBUG] TUN->SSH: 60 байт
2026-04-07 01:57:15,129 [DEBUG] TUN->SSH: 60 байт
2026-04-07 01:57:15,150 [DEBUG] TUN->SSH: 60 байт
2026-04-07 01:57:15,201 [DEBUG] TUN->SSH: 60 байт
2026-04-07 01:57:15,657 [DEBUG] TUN->SSH: 60 байт
2026-04-07 01:57:15,725 [DEBUG] TUN->SSH: 60 байт
2026-04-07 01:57:15,743 [DEBUG] TUN->SSH: 60 байт
2026-04-07 01:57:15,760 [DEBUG] TUN->SSH: 60 байт
2026-04-07 01:57:15,774 [DEBUG] TUN->SSH: 60 байт
2026-04-07 01:57:15,792 [DEBUG] TUN->SSH: 60 байт
2026-04-07 01:57:15,824 [DEBUG] TUN->SSH: 60 байт
2026-04-07 01:57:15,851 [DEBUG] TUN->SSH: 60 байт
2026-04-07 01:57:15,872 [DEBUG] TUN->SSH: 60 байт
2026-04-07 01:57:15,901 [DEBUG] TUN->SSH: 60 байт
2026-04-07 01:57:15,929 [DEBUG] TUN->SSH: 60 байт
2026-04-07 01:57:15,963 [DEBUG] TUN->SSH: 60 байт
2026-04-07 01:57:15,983 [DEBUG] TUN->SSH: 60 байт
2026-04-07 01:57:16,003 [DEBUG] TUN->SSH: 60 байт
2026-04-07 01:57:16,041 [DEBUG] TUN->SSH: 60 байт
2026-04-07 01:57:16,056 [DEBUG] TUN->SSH: 60 байт
2026-04-07 01:57:16,081 [DEBUG] TUN->SSH: 60 байт
2026-04-07 01:57:16,119 [DEBUG] TUN->SSH: 60 байт
2026-04-07 01:57:16,141 [DEBUG] TUN->SSH: 60 байт
2026-04-07 01:57:16,164 [DEBUG] TUN->SSH: 60 байт
2026-04-07 01:57:16,185 [DEBUG] TUN->SSH: 52 байт
2026-04-07 01:57:16,677 [DEBUG] TUN->SSH: 60 байт
2026-04-07 01:57:16,738 [DEBUG] TUN->SSH: 60 байт
2026-04-07 01:57:16,763 [DEBUG] TUN->SSH: 60 байт
2026-04-07 01:57:16,792 [DEBUG] TUN->SSH: 60 байт
2026-04-07 01:57:16,816 [DEBUG] TUN->SSH: 60 байт
2026-04-07 01:57:16,838 [DEBUG] TUN->SSH: 60 байт
2026-04-07 01:57:16,866 [DEBUG] TUN->SSH: 60 байт
2026-04-07 01:57:16,880 [DEBUG] TUN->SSH: 60 байт
2026-04-07 01:57:16,907 [DEBUG] TUN->SSH: 60 байт
2026-04-07 01:57:16,936 [DEBUG] TUN->SSH: 60 байт
2026-04-07 01:57:16,961 [DEBUG] TUN->SSH: 60 байт
2026-04-07 01:57:16,986 [DEBUG] TUN->SSH: 60 байт
2026-04-07 01:57:17,013 [DEBUG] TUN->SSH: 60 байт
2026-04-07 01:57:17,046 [DEBUG] TUN->SSH: 60 байт
2026-04-07 01:57:17,072 [DEBUG] TUN->SSH: 60 байт
2026-04-07 01:57:17,099 [DEBUG] TUN->SSH: 60 байт
2026-04-07 01:57:17,126 [DEBUG] TUN->SSH: 60 байт
2026-04-07 01:57:17,143 [DEBUG] TUN->SSH: 60 байт
2026-04-07 01:57:17,164 [DEBUG] TUN->SSH: 60 байт
2026-04-07 01:57:17,196 [DEBUG] TUN->SSH: 60 байт
2026-04-07 01:57:17,653 [DEBUG] TUN->SSH: 60 байт
2026-04-07 01:57:17,707 [DEBUG] TUN->SSH: 60 байт
2026-04-07 01:57:17,733 [DEBUG] TUN->SSH: 60 байт
2026-04-07 01:57:17,765 [DEBUG] TUN->SSH: 60 байт
2026-04-07 01:57:17,791 [DEBUG] TUN->SSH: 60 байт
2026-04-07 01:57:17,823 [DEBUG] TUN->SSH: 60 байт
2026-04-07 01:57:17,855 [DEBUG] TUN->SSH: 60 байт
2026-04-07 01:57:17,890 [DEBUG] TUN->SSH: 60 байт
2026-04-07 01:57:17,921 [DEBUG] TUN->SSH: 60 байт
2026-04-07 01:57:17,943 [DEBUG] TUN->SSH: 60 байт
2026-04-07 01:57:17,966 [DEBUG] TUN->SSH: 60 байт
2026-04-07 01:57:17,986 [DEBUG] TUN->SSH: 52 байт
2026-04-07 01:57:18,021 [DEBUG] TUN->SSH: 52 байт
2026-04-07 01:57:18,068 [DEBUG] TUN->SSH: 88 байт
2026-04-07 01:57:18,104 [DEBUG] TUN->SSH: 124 байт
2026-04-07 01:57:18,129 [DEBUG] TUN->SSH: 60 байт
2026-04-07 01:57:18,155 [DEBUG] TUN->SSH: 60 байт
2026-04-07 01:57:18,176 [DEBUG] TUN->SSH: 60 байт
2026-04-07 01:57:18,195 [DEBUG] TUN->SSH: 60 байт
2026-04-07 01:57:18,218 [DEBUG] TUN->SSH: 60 байт
2026-04-07 01:57:18,244 [DEBUG] SSH->TUN: 76 байт
2026-04-07 01:57:18,254 [DEBUG] TUN->SSH: 60 байт
2026-04-07 01:57:18,276 [DEBUG] TUN->SSH: 60 байт
2026-04-07 01:57:18,315 [DEBUG] TUN->SSH: 60 байт
2026-04-07 01:57:18,343 [DEBUG] TUN->SSH: 60 байт
2026-04-07 01:57:18,372 [DEBUG] TUN->SSH: 52 байт
2026-04-07 01:57:18,397 [DEBUG] TUN->SSH: 80 байт
2026-04-07 01:57:18,561 [DEBUG] TUN->SSH: 60 байт
2026-04-07 01:57:18,665 [DEBUG] TUN->SSH: 60 байт
2026-04-07 01:57:18,705 [DEBUG] TUN->SSH: 60 байт
2026-04-07 01:57:18,732 [DEBUG] TUN->SSH: 52 байт
2026-04-07 01:57:18,796 [DEBUG] TUN->SSH: 60 байт
2026-04-07 01:57:18,813 [DEBUG] TUN->SSH: 60 байт
2026-04-07 01:57:18,837 [DEBUG] TUN->SSH: 60 байт
2026-04-07 01:57:18,858 [DEBUG] TUN->SSH: 60 байт
2026-04-07 01:57:18,882 [DEBUG] TUN->SSH: 60 байт
2026-04-07 01:57:18,915 [DEBUG] TUN->SSH: 60 байт
2026-04-07 01:57:18,930 [DEBUG] TUN->SSH: 60 байт
2026-04-07 01:57:18,956 [DEBUG] TUN->SSH: 60 байт
2026-04-07 01:57:18,993 [DEBUG] TUN->SSH: 60 байт
2026-04-07 01:57:19,017 [DEBUG] TUN->SSH: 60 байт
2026-04-07 01:57:19,051 [DEBUG] TUN->SSH: 60 байт
2026-04-07 01:57:19,079 [DEBUG] TUN->SSH: 60 байт
2026-04-07 01:57:19,107 [DEBUG] TUN->SSH: 60 байт
2026-04-07 01:57:19,137 [DEBUG] TUN->SSH: 60 байт
2026-04-07 01:57:19,170 [DEBUG] TUN->SSH: 60 байт
2026-04-07 01:57:19,201 [DEBUG] TUN->SSH: 60 байт
2026-04-07 01:57:19,238 [DEBUG] TUN->SSH: 60 байт
2026-04-07 01:57:19,257 [DEBUG] TUN->SSH: 60 байт
2026-04-07 01:57:19,285 [DEBUG] TUN->SSH: 60 байт
2026-04-07 01:57:19,621 [DEBUG] TUN->SSH: 60 байт
2026-04-07 01:57:19,685 [DEBUG] TUN->SSH: 60 байт
2026-04-07 01:57:19,733 [DEBUG] TUN->SSH: 60 байт
2026-04-07 01:57:19,759 [DEBUG] TUN->SSH: 60 байт
2026-04-07 01:57:19,777 [DEBUG] TUN->SSH: 60 байт
2026-04-07 01:57:19,803 [DEBUG] TUN->SSH: 52 байт
2026-04-07 01:57:19,832 [DEBUG] TUN->SSH: 60 байт
2026-04-07 01:57:19,864 [DEBUG] TUN->SSH: 60 байт
2026-04-07 01:57:19,899 [DEBUG] TUN->SSH: 60 байт
2026-04-07 01:57:19,935 [DEBUG] TUN->SSH: 60 байт
2026-04-07 01:57:19,966 [DEBUG] TUN->SSH: 60 байт
2026-04-07 01:57:19,987 [DEBUG] TUN->SSH: 60 байт
2026-04-07 01:57:20,009 [DEBUG] TUN->SSH: 60 байт
2026-04-07 01:57:20,034 [DEBUG] TUN->SSH: 60 байт
2026-04-07 01:57:20,053 [DEBUG] TUN->SSH: 60 байт
2026-04-07 01:57:20,079 [DEBUG] TUN->SSH: 60 байт
2026-04-07 01:57:20,111 [DEBUG] TUN->SSH: 60 байт
2026-04-07 01:57:20,128 [DEBUG] TUN->SSH: 60 байт
2026-04-07 01:57:20,637 [DEBUG] TUN->SSH: 60 байт
2026-04-07 01:57:20,709 [DEBUG] TUN->SSH: 60 байт
2026-04-07 01:57:20,741 [DEBUG] TUN->SSH: 60 байт
2026-04-07 01:57:20,773 [DEBUG] TUN->SSH: 60 байт
2026-04-07 01:57:20,805 [DEBUG] TUN->SSH: 60 байт
2026-04-07 01:57:20,827 [DEBUG] TUN->SSH: 60 байт
2026-04-07 01:57:20,857 [DEBUG] TUN->SSH: 60 байт
2026-04-07 01:57:20,882 [DEBUG] TUN->SSH: 60 байт
2026-04-07 01:57:20,908 [DEBUG] TUN->SSH: 60 байт
2026-04-07 01:57:20,947 [DEBUG] TUN->SSH: 60 байт
2026-04-07 01:57:20,973 [DEBUG] TUN->SSH: 60 байт
2026-04-07 01:57:21,001 [DEBUG] TUN->SSH: 60 байт
2026-04-07 01:57:21,019 [DEBUG] TUN->SSH: 60 байт
2026-04-07 01:57:21,053 [DEBUG] TUN->SSH: 60 байт
2026-04-07 01:57:21,084 [DEBUG] TUN->SSH: 60 байт
2026-04-07 01:57:21,104 [DEBUG] TUN->SSH: 60 байт
2026-04-07 01:57:21,127 [DEBUG] TUN->SSH: 60 байт
2026-04-07 01:57:21,154 [DEBUG] TUN->SSH: 60 байт
2026-04-07 01:57:21,366 [DEBUG] TUN->SSH: 88 байт
2026-04-07 01:57:21,471 [DEBUG] TUN->SSH: 60 байт
2026-04-07 01:57:21,669 [DEBUG] TUN->SSH: 60 байт
2026-04-07 01:57:21,729 [DEBUG] TUN->SSH: 60 байт
2026-04-07 01:57:21,756 [DEBUG] TUN->SSH: 60 байт
2026-04-07 01:57:21,791 [DEBUG] TUN->SSH: 60 байт
2026-04-07 01:57:21,831 [DEBUG] TUN->SSH: 60 байт
2026-04-07 01:57:21,853 [DEBUG] TUN->SSH: 60 байт
2026-04-07 01:57:21,882 [DEBUG] TUN->SSH: 60 байт
2026-04-07 01:57:21,909 [DEBUG] TUN->SSH: 60 байт
2026-04-07 01:57:21,936 [DEBUG] TUN->SSH: 60 байт
2026-04-07 01:57:21,965 [DEBUG] TUN->SSH: 60 байт
2026-04-07 01:57:21,994 [DEBUG] TUN->SSH: 60 байт
2026-04-07 01:57:22,029 [DEBUG] TUN->SSH: 60 байт
2026-04-07 01:57:22,055 [DEBUG] TUN->SSH: 60 байт
2026-04-07 01:57:22,082 [DEBUG] TUN->SSH: 60 байт
2026-04-07 01:57:22,114 [DEBUG] TUN->SSH: 60 байт
2026-04-07 01:57:22,133 [DEBUG] TUN->SSH: 60 байт
2026-04-07 01:57:22,160 [DEBUG] TUN->SSH: 60 байт
2026-04-07 01:57:22,190 [DEBUG] TUN->SSH: 60 байт
2026-04-07 01:57:22,227 [DEBUG] TUN->SSH: 60 байт
2026-04-07 01:57:22,254 [DEBUG] TUN->SSH: 60 байт
2026-04-07 01:57:22,286 [DEBUG] TUN->SSH: 60 байт
2026-04-07 01:57:22,370 [DEBUG] TUN->SSH: 60 байт
2026-04-07 01:57:22,505 [DEBUG] TUN->SSH: 60 байт
2026-04-07 01:57:22,700 [DEBUG] TUN->SSH: 60 байт
2026-04-07 01:57:22,730 [DEBUG] TUN->SSH: 60 байт
2026-04-07 01:57:22,764 [DEBUG] TUN->SSH: 60 байт
2026-04-07 01:57:22,788 [DEBUG] TUN->SSH: 60 байт
2026-04-07 01:57:22,820 [DEBUG] TUN->SSH: 60 байт
2026-04-07 01:57:22,851 [DEBUG] TUN->SSH: 60 байт
2026-04-07 01:57:22,881 [DEBUG] TUN->SSH: 60 байт
2026-04-07 01:57:22,907 [DEBUG] TUN->SSH: 60 байт
2026-04-07 01:57:22,938 [DEBUG] TUN->SSH: 60 байт
2026-04-07 01:57:22,971 [DEBUG] TUN->SSH: 60 байт
2026-04-07 01:57:22,986 [DEBUG] TUN->SSH: 60 байт
2026-04-07 01:57:23,007 [DEBUG] TUN->SSH: 60 байт
2026-04-07 01:57:23,027 [DEBUG] TUN->SSH: 60 байт
2026-04-07 01:57:23,046 [DEBUG] TUN->SSH: 60 байт
2026-04-07 01:57:23,083 [DEBUG] TUN->SSH: 60 байт
2026-04-07 01:57:23,112 [DEBUG] TUN->SSH: 60 байт
2026-04-07 01:57:23,139 [DEBUG] TUN->SSH: 60 байт
2026-04-07 01:57:23,171 [DEBUG] TUN->SSH: 60 байт
2026-04-07 01:57:23,201 [DEBUG] TUN->SSH: 60 байт
2026-04-07 01:57:23,227 [DEBUG] TUN->SSH: 60 байт
2026-04-07 01:57:23,257 [DEBUG] TUN->SSH: 60 байт
2026-04-07 01:57:23,287 [DEBUG] TUN->SSH: 60 байт
2026-04-07 01:57:23,528 [DEBUG] TUN->SSH: 60 байт
2026-04-07 01:57:23,548 [INFO] Останавливаю туннель...
2026-04-07 01:57:23,552 [DEBUG] Восстановлен: default via 192.168.5.1 dev wlp0s20f3
2026-04-07 01:57:23,554 [DEBUG] Восстановлен: default via 192.168.5.1 dev wlp0s20f3
2026-04-07 01:57:23,554 [INFO] Маршруты восстановлены
2026-04-07 01:57:23,571 [INFO] Интерфейс strans-tun0 удалён
2026-04-07 01:57:23,571 [INFO] Остановлено
2026-04-07 01:57:23,572 [DEBUG] TUN->SSH: отменён
2026-04-07 01:57:23,572 [DEBUG] SSH->TUN: отменён
