2026-04-08 23:17:59,446 [INFO] === Запуск клиента ===
2026-04-08 23:17:59,446 [INFO] Лог файл: logs/client_20260408_231759.log
2026-04-08 23:17:59,451 [INFO] Используется интерфейс: strans-tun0
2026-04-08 23:17:59,451 [INFO] Подключаюсь к 217.154.79.223:24 как 'alice'
2026-04-08 23:18:00,026 [INFO] SSH соединение установлено
2026-04-08 23:18:00,129 [INFO] PUSH_REPLY: client_ip=198.19.0.3 server_ip=198.19.0.1 mtu=1280 stealth=0
2026-04-08 23:18:00,136 [INFO] Интерфейс strans-tun0:
48: strans-tun0: <POINTOPOINT,MULTICAST,NOARP,UP,LOWER_UP> mtu 1280 qdisc fq_codel state UP group default qlen 500
    link/none 
    inet 198.19.0.3 peer 198.19.0.1/32 scope global strans-tun0
       valid_lft forever preferred_lft forever
2026-04-08 23:18:00,241 [INFO] SSH tunnel канал открыт
2026-04-08 23:18:00,242 [INFO] Туннель активен.
2026-04-08 23:18:00,242 [INFO] Форвардинг запущен [stealth=0]
2026-04-08 23:18:02,164 [DEBUG] SSH->TUN: 52 байт
2026-04-08 23:18:02,164 [DEBUG] SSH->TUN: 52 байт
2026-04-08 23:18:02,730 [DEBUG] SSH->TUN: 52 байт
2026-04-08 23:18:02,730 [DEBUG] SSH->TUN: 52 байт
2026-04-08 23:18:03,517 [DEBUG] SSH->TUN: 52 байт
2026-04-08 23:18:03,525 [DEBUG] SSH->TUN: 52 байт
2026-04-08 23:18:05,108 [DEBUG] SSH->TUN: 52 байт
2026-04-08 23:18:07,154 [DEBUG] SSH->TUN: 52 байт
2026-04-08 23:18:07,803 [DEBUG] SSH->TUN: 52 байт
2026-04-08 23:18:08,259 [DEBUG] SSH->TUN: 52 байт
2026-04-08 23:18:08,631 [DEBUG] SSH->TUN: 52 байт
2026-04-08 23:18:09,567 [DEBUG] SSH->TUN: 864 байт
2026-04-08 23:18:10,152 [DEBUG] SSH->TUN: 864 байт
2026-04-08 23:18:10,152 [DEBUG] SSH->TUN: 52 байт
2026-04-08 23:18:10,297 [DEBUG] SSH->TUN: 864 байт
2026-04-08 23:18:11,160 [DEBUG] SSH->TUN: 864 байт
2026-04-08 23:18:13,240 [DEBUG] SSH->TUN: 864 байт
2026-04-08 23:18:13,240 [DEBUG] SSH->TUN: 52 байт
2026-04-08 23:18:14,410 [DEBUG] SSH->TUN: 52 байт
2026-04-08 23:18:16,275 [DEBUG] SSH->TUN: 864 байт
2026-04-08 23:18:19,386 [DEBUG] SSH->TUN: 52 байт
2026-04-08 23:18:23,190 [DEBUG] SSH->TUN: 864 байт
2026-04-08 23:18:26,755 [DEBUG] SSH->TUN: 52 байт
2026-04-08 23:18:31,677 [DEBUG] SSH->TUN: 52 байт
2026-04-08 23:18:32,166 [DEBUG] SSH->TUN: 91 байт
2026-04-08 23:18:32,166 [DEBUG] SSH->TUN: 52 байт
2026-04-08 23:18:36,373 [DEBUG] SSH->TUN: 52 байт
2026-04-08 23:18:36,890 [DEBUG] SSH->TUN: 864 байт
2026-04-08 23:18:48,105 [DEBUG] SSH->TUN: 91 байт
2026-04-08 23:18:52,798 [DEBUG] SSH->TUN: 52 байт
2026-04-08 23:18:53,677 [INFO] Останавливаю туннель...
2026-04-08 23:18:53,691 [INFO] Интерфейс strans-tun0 удалён
2026-04-08 23:18:53,691 [INFO] Остановлено
2026-04-08 23:18:53,691 [DEBUG] TUN->SSH: отменён
2026-04-08 23:18:53,691 [DEBUG] SSH->TUN: отменён
