2026-04-07 21:07:53,783 [INFO] === Запуск клиента ===
2026-04-07 21:07:53,783 [INFO] Лог файл: logs/client_20260407_210753.log
2026-04-07 21:07:53,784 [INFO] Подключаюсь к 217.154.79.223:22 как 'alice'
2026-04-07 21:07:53,784 [INFO] Новый сервер 217.154.79.223 — получаю host key...
2026-04-07 21:07:54,247 [INFO] Ключ сервера 217.154.79.223 сохранён в known_hosts
2026-04-07 21:07:54,467 [INFO] SSH соединение установлено
2026-04-07 21:07:54,536 [INFO] PUSH_REPLY: client_ip=198.19.0.4 server_ip=198.19.0.1 mtu=1280 stealth=0
2026-04-07 21:07:54,547 [INFO] Интерфейс strans-tun0:
69: strans-tun0: <POINTOPOINT,MULTICAST,NOARP,UP,LOWER_UP> mtu 1280 qdisc fq_codel state UP group default qlen 500
    link/none 
    inet 198.19.0.4 peer 198.19.0.1/32 scope global strans-tun0
       valid_lft forever preferred_lft forever
2026-04-07 21:07:54,614 [INFO] SSH tunnel канал открыт
2026-04-07 21:07:54,616 [INFO] Маршрут к серверу: 217.154.79.223 via 192.168.5.1 dev wlp0s20f3
2026-04-07 21:07:54,620 [INFO] Весь трафик через strans-tun0
2026-04-07 21:07:54,620 [INFO] Туннель активен.
2026-04-07 21:07:54,620 [INFO] Форвардинг запущен [stealth=0]
2026-04-07 21:07:54,936 [DEBUG] TUN->SSH: 52 байт
2026-04-07 21:07:54,973 [DEBUG] SSH->TUN: 52 байт
2026-04-07 21:07:54,973 [DEBUG] TUN->SSH: 52 байт
2026-04-07 21:07:55,256 [DEBUG] TUN->SSH: 88 байт
2026-04-07 21:07:55,257 [DEBUG] TUN->SSH: 291 байт
2026-04-07 21:07:55,257 [DEBUG] TUN->SSH: 88 байт
2026-04-07 21:07:55,307 [DEBUG] SSH->TUN: 52 байт
2026-04-07 21:07:55,307 [DEBUG] TUN->SSH: 137 байт
2026-04-07 21:07:55,309 [DEBUG] SSH->TUN: 52 байт
2026-04-07 21:07:55,310 [DEBUG] TUN->SSH: 185 байт
2026-04-07 21:07:55,356 [DEBUG] SSH->TUN: 52 байт
2026-04-07 21:07:55,356 [DEBUG] SSH->TUN: 141 байт
2026-04-07 21:07:55,357 [DEBUG] TUN->SSH: 52 байт
2026-04-07 21:07:55,361 [DEBUG] SSH->TUN: 52 байт
2026-04-07 21:07:55,366 [DEBUG] SSH->TUN: 141 байт
2026-04-07 21:07:55,366 [DEBUG] TUN->SSH: 52 байт
2026-04-07 21:07:55,384 [DEBUG] TUN->SSH: 88 байт
2026-04-07 21:07:55,424 [DEBUG] SSH->TUN: 169 байт
2026-04-07 21:07:55,424 [DEBUG] TUN->SSH: 52 байт
2026-04-07 21:07:55,440 [DEBUG] SSH->TUN: 52 байт
2026-04-07 21:07:55,440 [DEBUG] TUN->SSH: 153 байт
2026-04-07 21:07:55,496 [DEBUG] SSH->TUN: 52 байт
2026-04-07 21:07:55,499 [DEBUG] SSH->TUN: 141 байт
2026-04-07 21:07:55,502 [DEBUG] TUN->SSH: 60 байт
2026-04-07 21:07:55,539 [DEBUG] SSH->TUN: 60 байт
2026-04-07 21:07:55,540 [DEBUG] TUN->SSH: 52 байт
2026-04-07 21:07:55,540 [DEBUG] TUN->SSH: 122 байт
2026-04-07 21:07:55,540 [DEBUG] TUN->SSH: 52 байт
2026-04-07 21:07:55,573 [DEBUG] SSH->TUN: 52 байт
2026-04-07 21:07:55,573 [DEBUG] SSH->TUN: 205 байт
2026-04-07 21:07:55,573 [DEBUG] TUN->SSH: 52 байт
2026-04-07 21:07:55,574 [DEBUG] SSH->TUN: 169 байт
2026-04-07 21:07:55,574 [DEBUG] TUN->SSH: 52 байт
2026-04-07 21:07:55,574 [DEBUG] TUN->SSH: 52 байт
2026-04-07 21:07:55,574 [DEBUG] TUN->SSH: 60 байт
2026-04-07 21:07:55,608 [DEBUG] TUN->SSH: 52 байт
2026-04-07 21:07:55,609 [DEBUG] SSH->TUN: 52 байт
2026-04-07 21:07:55,628 [DEBUG] SSH->TUN: 60 байт
2026-04-07 21:07:55,628 [DEBUG] TUN->SSH: 52 байт
2026-04-07 21:07:55,628 [DEBUG] TUN->SSH: 1280 байт
2026-04-07 21:07:55,629 [DEBUG] TUN->SSH: 581 байт
2026-04-07 21:07:55,685 [DEBUG] SSH->TUN: 52 байт
2026-04-07 21:07:55,687 [DEBUG] SSH->TUN: 52 байт
2026-04-07 21:07:55,696 [DEBUG] SSH->TUN: 1280 байт
2026-04-07 21:07:55,697 [DEBUG] SSH->TUN: 1280 байт
2026-04-07 21:07:55,697 [DEBUG] SSH->TUN: 1280 байт
2026-04-07 21:07:55,698 [DEBUG] TUN->SSH: 52 байт
2026-04-07 21:07:55,699 [DEBUG] TUN->SSH: 52 байт
2026-04-07 21:07:55,699 [DEBUG] TUN->SSH: 52 байт
2026-04-07 21:07:55,707 [DEBUG] SSH->TUN: 1280 байт
2026-04-07 21:07:55,708 [DEBUG] TUN->SSH: 52 байт
2026-04-07 21:07:55,708 [DEBUG] SSH->TUN: 1280 байт
2026-04-07 21:07:55,708 [DEBUG] TUN->SSH: 52 байт
2026-04-07 21:07:55,715 [DEBUG] SSH->TUN: 1280 байт
2026-04-07 21:07:55,715 [DEBUG] TUN->SSH: 52 байт
2026-04-07 21:07:55,718 [DEBUG] SSH->TUN: 565 байт
2026-04-07 21:07:55,718 [DEBUG] TUN->SSH: 52 байт
2026-04-07 21:07:55,718 [DEBUG] TUN->SSH: 126 байт
2026-04-07 21:07:55,718 [DEBUG] TUN->SSH: 144 байт
2026-04-07 21:07:55,719 [DEBUG] TUN->SSH: 1280 байт
2026-04-07 21:07:55,719 [DEBUG] TUN->SSH: 1280 байт
2026-04-07 21:07:55,719 [DEBUG] TUN->SSH: 1280 байт
2026-04-07 21:07:55,720 [DEBUG] TUN->SSH: 691 байт
2026-04-07 21:07:55,768 [DEBUG] TUN->SSH: 52 байт
2026-04-07 21:07:55,784 [DEBUG] SSH->TUN: 1012 байт
2026-04-07 21:07:55,784 [DEBUG] TUN->SSH: 83 байт
2026-04-07 21:07:55,786 [DEBUG] SSH->TUN: 83 байт
2026-04-07 21:07:55,786 [DEBUG] SSH->TUN: 52 байт
2026-04-07 21:07:55,786 [DEBUG] SSH->TUN: 52 байт
2026-04-07 21:07:55,814 [DEBUG] SSH->TUN: 332 байт
2026-04-07 21:07:55,814 [DEBUG] TUN->SSH: 52 байт
2026-04-07 21:07:55,814 [DEBUG] TUN->SSH: 91 байт
2026-04-07 21:07:55,832 [DEBUG] SSH->TUN: 40 байт
2026-04-07 21:07:55,843 [DEBUG] SSH->TUN: 52 байт
2026-04-07 21:07:55,853 [DEBUG] TUN->SSH: 60 байт
2026-04-07 21:07:55,870 [DEBUG] SSH->TUN: 52 байт
2026-04-07 21:07:55,888 [DEBUG] SSH->TUN: 60 байт
2026-04-07 21:07:55,889 [DEBUG] TUN->SSH: 52 байт
2026-04-07 21:07:55,889 [DEBUG] TUN->SSH: 152 байт
2026-04-07 21:07:55,922 [DEBUG] SSH->TUN: 52 байт
2026-04-07 21:07:55,925 [DEBUG] SSH->TUN: 118 байт
2026-04-07 21:07:55,925 [DEBUG] TUN->SSH: 52 байт
2026-04-07 21:07:55,925 [DEBUG] TUN->SSH: 52 байт
2026-04-07 21:07:55,926 [DEBUG] SSH->TUN: 161 байт
2026-04-07 21:07:55,926 [DEBUG] TUN->SSH: 52 байт
2026-04-07 21:07:55,945 [DEBUG] TUN->SSH: 60 байт
2026-04-07 21:07:55,961 [DEBUG] SSH->TUN: 52 байт
2026-04-07 21:07:55,961 [DEBUG] TUN->SSH: 52 байт
2026-04-07 21:07:56,011 [DEBUG] SSH->TUN: 60 байт
2026-04-07 21:07:56,011 [DEBUG] TUN->SSH: 52 байт
2026-04-07 21:07:56,028 [DEBUG] TUN->SSH: 266 байт
2026-04-07 21:07:56,093 [DEBUG] SSH->TUN: 52 байт
2026-04-07 21:07:56,095 [DEBUG] SSH->TUN: 1250 байт
2026-04-07 21:07:56,095 [DEBUG] TUN->SSH: 52 байт
2026-04-07 21:07:56,101 [DEBUG] TUN->SSH: 1113 байт
2026-04-07 21:07:56,167 [DEBUG] SSH->TUN: 103 байт
2026-04-07 21:07:56,167 [DEBUG] SSH->TUN: 92 байт
2026-04-07 21:07:56,181 [DEBUG] TUN->SSH: 52 байт
2026-04-07 21:07:56,181 [DEBUG] TUN->SSH: 213 байт
2026-04-07 21:07:56,216 [DEBUG] TUN->SSH: 52 байт
2026-04-07 21:07:56,275 [DEBUG] TUN->SSH: 52 байт
2026-04-07 21:07:56,275 [DEBUG] SSH->TUN: 52 байт
2026-04-07 21:07:56,290 [DEBUG] SSH->TUN: 52 байт
2026-04-07 21:07:56,346 [DEBUG] SSH->TUN: 198 байт
2026-04-07 21:07:56,388 [DEBUG] TUN->SSH: 52 байт
2026-04-07 21:07:56,431 [DEBUG] TUN->SSH: 215 байт
2026-04-07 21:07:56,431 [DEBUG] TUN->SSH: 113 байт
2026-04-07 21:07:56,432 [DEBUG] TUN->SSH: 442 байт
2026-04-07 21:07:56,497 [DEBUG] SSH->TUN: 52 байт
2026-04-07 21:07:56,503 [DEBUG] SSH->TUN: 52 байт
2026-04-07 21:07:56,504 [DEBUG] SSH->TUN: 52 байт
2026-04-07 21:07:56,570 [DEBUG] SSH->TUN: 98 байт
2026-04-07 21:07:56,571 [DEBUG] TUN->SSH: 52 байт
2026-04-07 21:07:56,600 [DEBUG] TUN->SSH: 52 байт
2026-04-07 21:07:56,621 [DEBUG] SSH->TUN: 125 байт
2026-04-07 21:07:56,621 [DEBUG] TUN->SSH: 52 байт
2026-04-07 21:07:56,621 [DEBUG] TUN->SSH: 111 байт
2026-04-07 21:07:56,636 [DEBUG] SSH->TUN: 52 байт
2026-04-07 21:07:56,636 [DEBUG] TUN->SSH: 52 байт
2026-04-07 21:07:56,691 [DEBUG] SSH->TUN: 52 байт
2026-04-07 21:07:56,774 [DEBUG] SSH->TUN: 112 байт
2026-04-07 21:07:56,815 [DEBUG] TUN->SSH: 52 байт
2026-04-07 21:07:57,176 [DEBUG] TUN->SSH: 52 байт
2026-04-07 21:07:57,214 [DEBUG] SSH->TUN: 52 байт
2026-04-07 21:07:57,214 [DEBUG] TUN->SSH: 52 байт
2026-04-07 21:07:58,840 [DEBUG] TUN->SSH: 52 байт
2026-04-07 21:07:58,840 [DEBUG] TUN->SSH: 52 байт
2026-04-07 21:07:58,841 [DEBUG] TUN->SSH: 52 байт
2026-04-07 21:07:58,878 [DEBUG] SSH->TUN: 52 байт
2026-04-07 21:07:58,879 [DEBUG] TUN->SSH: 52 байт
2026-04-07 21:07:58,879 [DEBUG] SSH->TUN: 52 байт
2026-04-07 21:07:58,880 [DEBUG] TUN->SSH: 52 байт
2026-04-07 21:07:58,896 [DEBUG] TUN->SSH: 40 байт
2026-04-07 21:07:58,896 [DEBUG] SSH->TUN: 76 байт
2026-04-07 21:07:58,897 [DEBUG] SSH->TUN: 52 байт
2026-04-07 21:07:58,897 [DEBUG] TUN->SSH: 40 байт
2026-04-07 21:07:59,989 [DEBUG] TUN->SSH: 57 байт
2026-04-07 21:08:00,071 [DEBUG] SSH->TUN: 52 байт
2026-04-07 21:08:05,051 [DEBUG] TUN->SSH: 60 байт
2026-04-07 21:08:05,089 [DEBUG] SSH->TUN: 60 байт
2026-04-07 21:08:05,089 [DEBUG] TUN->SSH: 52 байт
2026-04-07 21:08:05,090 [DEBUG] TUN->SSH: 97 байт
2026-04-07 21:08:05,126 [DEBUG] SSH->TUN: 52 байт
2026-04-07 21:08:05,127 [DEBUG] SSH->TUN: 97 байт
2026-04-07 21:08:05,127 [DEBUG] TUN->SSH: 52 байт
2026-04-07 21:08:05,127 [DEBUG] TUN->SSH: 52 байт
2026-04-07 21:08:05,128 [DEBUG] TUN->SSH: 60 байт
2026-04-07 21:08:05,162 [DEBUG] SSH->TUN: 60 байт
2026-04-07 21:08:05,163 [DEBUG] TUN->SSH: 52 байт
2026-04-07 21:08:05,163 [DEBUG] SSH->TUN: 52 байт
2026-04-07 21:08:05,163 [DEBUG] TUN->SSH: 94 байт
2026-04-07 21:08:05,164 [DEBUG] TUN->SSH: 52 байт
2026-04-07 21:08:05,196 [DEBUG] SSH->TUN: 52 байт
2026-04-07 21:08:05,197 [DEBUG] SSH->TUN: 94 байт
2026-04-07 21:08:05,197 [DEBUG] TUN->SSH: 52 байт
2026-04-07 21:08:05,198 [DEBUG] TUN->SSH: 52 байт
2026-04-07 21:08:05,198 [DEBUG] TUN->SSH: 60 байт
2026-04-07 21:08:05,232 [DEBUG] SSH->TUN: 52 байт
2026-04-07 21:08:05,232 [DEBUG] TUN->SSH: 52 байт
2026-04-07 21:08:05,232 [DEBUG] SSH->TUN: 60 байт
2026-04-07 21:08:05,233 [DEBUG] TUN->SSH: 52 байт
2026-04-07 21:08:05,233 [DEBUG] TUN->SSH: 98 байт
2026-04-07 21:08:05,271 [DEBUG] SSH->TUN: 52 байт
2026-04-07 21:08:05,272 [DEBUG] SSH->TUN: 98 байт
2026-04-07 21:08:05,272 [DEBUG] TUN->SSH: 52 байт
2026-04-07 21:08:05,273 [DEBUG] TUN->SSH: 52 байт
2026-04-07 21:08:05,273 [DEBUG] TUN->SSH: 60 байт
2026-04-07 21:08:05,308 [DEBUG] SSH->TUN: 60 байт
2026-04-07 21:08:05,308 [DEBUG] TUN->SSH: 52 байт
2026-04-07 21:08:05,308 [DEBUG] TUN->SSH: 93 байт
2026-04-07 21:08:05,311 [DEBUG] TUN->SSH: 52 байт
2026-04-07 21:08:05,311 [DEBUG] SSH->TUN: 52 байт
2026-04-07 21:08:05,342 [DEBUG] SSH->TUN: 52 байт
2026-04-07 21:08:05,343 [DEBUG] SSH->TUN: 93 байт
2026-04-07 21:08:05,343 [DEBUG] TUN->SSH: 52 байт
2026-04-07 21:08:05,344 [DEBUG] TUN->SSH: 52 байт
2026-04-07 21:08:05,344 [DEBUG] TUN->SSH: 60 байт
2026-04-07 21:08:05,377 [DEBUG] SSH->TUN: 52 байт
2026-04-07 21:08:05,377 [DEBUG] TUN->SSH: 52 байт
2026-04-07 21:08:05,378 [DEBUG] SSH->TUN: 60 байт
2026-04-07 21:08:05,378 [DEBUG] TUN->SSH: 52 байт
2026-04-07 21:08:05,378 [DEBUG] TUN->SSH: 95 байт
2026-04-07 21:08:05,418 [DEBUG] SSH->TUN: 52 байт
2026-04-07 21:08:05,418 [DEBUG] SSH->TUN: 95 байт
2026-04-07 21:08:05,418 [DEBUG] TUN->SSH: 52 байт
2026-04-07 21:08:05,419 [DEBUG] TUN->SSH: 52 байт
2026-04-07 21:08:05,419 [DEBUG] TUN->SSH: 60 байт
2026-04-07 21:08:05,456 [DEBUG] SSH->TUN: 52 байт
2026-04-07 21:08:05,456 [DEBUG] TUN->SSH: 52 байт
2026-04-07 21:08:05,456 [DEBUG] SSH->TUN: 60 байт
2026-04-07 21:08:05,457 [DEBUG] TUN->SSH: 52 байт
2026-04-07 21:08:05,457 [DEBUG] TUN->SSH: 95 байт
2026-04-07 21:08:05,497 [DEBUG] SSH->TUN: 52 байт
2026-04-07 21:08:05,498 [DEBUG] SSH->TUN: 95 байт
2026-04-07 21:08:05,498 [DEBUG] TUN->SSH: 52 байт
2026-04-07 21:08:05,499 [DEBUG] TUN->SSH: 52 байт
2026-04-07 21:08:05,499 [DEBUG] TUN->SSH: 60 байт
2026-04-07 21:08:05,535 [DEBUG] TUN->SSH: 52 байт
2026-04-07 21:08:05,535 [DEBUG] SSH->TUN: 52 байт
2026-04-07 21:08:05,536 [DEBUG] SSH->TUN: 60 байт
2026-04-07 21:08:05,536 [DEBUG] TUN->SSH: 52 байт
2026-04-07 21:08:05,536 [DEBUG] TUN->SSH: 95 байт
2026-04-07 21:08:05,597 [DEBUG] SSH->TUN: 52 байт
2026-04-07 21:08:05,597 [DEBUG] SSH->TUN: 95 байт
2026-04-07 21:08:05,598 [DEBUG] TUN->SSH: 52 байт
2026-04-07 21:08:05,598 [DEBUG] TUN->SSH: 52 байт
2026-04-07 21:08:05,598 [DEBUG] TUN->SSH: 60 байт
2026-04-07 21:08:05,666 [DEBUG] TUN->SSH: 52 байт
2026-04-07 21:08:05,666 [DEBUG] SSH->TUN: 52 байт
2026-04-07 21:08:05,666 [DEBUG] SSH->TUN: 60 байт
2026-04-07 21:08:05,666 [DEBUG] TUN->SSH: 52 байт
2026-04-07 21:08:05,667 [DEBUG] TUN->SSH: 95 байт
2026-04-07 21:08:05,715 [DEBUG] SSH->TUN: 52 байт
2026-04-07 21:08:05,716 [DEBUG] SSH->TUN: 95 байт
2026-04-07 21:08:05,716 [DEBUG] TUN->SSH: 52 байт
2026-04-07 21:08:05,717 [DEBUG] TUN->SSH: 52 байт
2026-04-07 21:08:05,717 [DEBUG] TUN->SSH: 60 байт
2026-04-07 21:08:05,752 [DEBUG] SSH->TUN: 60 байт
2026-04-07 21:08:05,753 [DEBUG] TUN->SSH: 52 байт
2026-04-07 21:08:05,753 [DEBUG] SSH->TUN: 52 байт
2026-04-07 21:08:05,753 [DEBUG] TUN->SSH: 95 байт
2026-04-07 21:08:05,754 [DEBUG] TUN->SSH: 52 байт
2026-04-07 21:08:05,785 [DEBUG] SSH->TUN: 52 байт
2026-04-07 21:08:05,786 [DEBUG] SSH->TUN: 95 байт
2026-04-07 21:08:05,786 [DEBUG] TUN->SSH: 52 байт
2026-04-07 21:08:05,787 [DEBUG] TUN->SSH: 52 байт
2026-04-07 21:08:05,787 [DEBUG] TUN->SSH: 60 байт
2026-04-07 21:08:05,822 [DEBUG] TUN->SSH: 52 байт
2026-04-07 21:08:05,822 [DEBUG] SSH->TUN: 52 байт
2026-04-07 21:08:05,822 [DEBUG] SSH->TUN: 60 байт
2026-04-07 21:08:05,822 [DEBUG] TUN->SSH: 52 байт
2026-04-07 21:08:05,823 [DEBUG] TUN->SSH: 95 байт
2026-04-07 21:08:05,828 [DEBUG] SSH->TUN: 106 байт
2026-04-07 21:08:05,854 [DEBUG] TUN->SSH: 60 байт
2026-04-07 21:08:05,856 [DEBUG] SSH->TUN: 52 байт
2026-04-07 21:08:05,857 [DEBUG] SSH->TUN: 95 байт
2026-04-07 21:08:05,857 [DEBUG] TUN->SSH: 52 байт
2026-04-07 21:08:05,858 [DEBUG] TUN->SSH: 52 байт
2026-04-07 21:08:05,858 [DEBUG] TUN->SSH: 60 байт
2026-04-07 21:08:05,893 [DEBUG] SSH->TUN: 52 байт
2026-04-07 21:08:05,894 [DEBUG] TUN->SSH: 52 байт
2026-04-07 21:08:05,894 [DEBUG] SSH->TUN: 60 байт
2026-04-07 21:08:05,894 [DEBUG] TUN->SSH: 52 байт
2026-04-07 21:08:05,895 [DEBUG] TUN->SSH: 95 байт
2026-04-07 21:08:05,928 [DEBUG] SSH->TUN: 52 байт
2026-04-07 21:08:05,929 [DEBUG] SSH->TUN: 95 байт
2026-04-07 21:08:05,929 [DEBUG] TUN->SSH: 52 байт
2026-04-07 21:08:05,929 [DEBUG] TUN->SSH: 52 байт
2026-04-07 21:08:05,930 [DEBUG] TUN->SSH: 60 байт
2026-04-07 21:08:05,970 [DEBUG] SSH->TUN: 52 байт
2026-04-07 21:08:05,971 [DEBUG] TUN->SSH: 52 байт
2026-04-07 21:08:05,971 [DEBUG] SSH->TUN: 60 байт
2026-04-07 21:08:05,971 [DEBUG] TUN->SSH: 52 байт
2026-04-07 21:08:05,971 [DEBUG] TUN->SSH: 95 байт
2026-04-07 21:08:06,010 [DEBUG] SSH->TUN: 52 байт
2026-04-07 21:08:06,011 [DEBUG] SSH->TUN: 95 байт
2026-04-07 21:08:06,012 [DEBUG] TUN->SSH: 52 байт
2026-04-07 21:08:06,012 [DEBUG] TUN->SSH: 52 байт
2026-04-07 21:08:06,013 [DEBUG] TUN->SSH: 60 байт
2026-04-07 21:08:06,048 [DEBUG] SSH->TUN: 60 байт
2026-04-07 21:08:06,049 [DEBUG] TUN->SSH: 52 байт
2026-04-07 21:08:06,049 [DEBUG] TUN->SSH: 95 байт
2026-04-07 21:08:06,050 [DEBUG] SSH->TUN: 52 байт
2026-04-07 21:08:06,050 [DEBUG] TUN->SSH: 52 байт
2026-04-07 21:08:06,085 [DEBUG] SSH->TUN: 52 байт
2026-04-07 21:08:06,085 [DEBUG] SSH->TUN: 95 байт
2026-04-07 21:08:06,086 [DEBUG] TUN->SSH: 52 байт
2026-04-07 21:08:06,086 [DEBUG] TUN->SSH: 52 байт
2026-04-07 21:08:06,086 [DEBUG] TUN->SSH: 60 байт
2026-04-07 21:08:06,121 [DEBUG] TUN->SSH: 52 байт
2026-04-07 21:08:06,121 [DEBUG] SSH->TUN: 52 байт
2026-04-07 21:08:06,121 [DEBUG] SSH->TUN: 60 байт
2026-04-07 21:08:06,121 [DEBUG] TUN->SSH: 52 байт
2026-04-07 21:08:06,122 [DEBUG] TUN->SSH: 95 байт
2026-04-07 21:08:06,155 [DEBUG] SSH->TUN: 52 байт
2026-04-07 21:08:06,156 [DEBUG] SSH->TUN: 149 байт
2026-04-07 21:08:06,157 [DEBUG] TUN->SSH: 52 байт
2026-04-07 21:08:06,157 [DEBUG] TUN->SSH: 52 байт
2026-04-07 21:08:06,158 [DEBUG] TUN->SSH: 60 байт
2026-04-07 21:08:06,194 [DEBUG] TUN->SSH: 52 байт
2026-04-07 21:08:06,194 [DEBUG] SSH->TUN: 52 байт
2026-04-07 21:08:06,194 [DEBUG] SSH->TUN: 60 байт
2026-04-07 21:08:06,195 [DEBUG] TUN->SSH: 52 байт
2026-04-07 21:08:06,195 [DEBUG] TUN->SSH: 144 байт
2026-04-07 21:08:06,232 [DEBUG] SSH->TUN: 52 байт
2026-04-07 21:08:06,233 [DEBUG] SSH->TUN: 144 байт
2026-04-07 21:08:06,233 [DEBUG] TUN->SSH: 52 байт
2026-04-07 21:08:06,234 [DEBUG] TUN->SSH: 52 байт
2026-04-07 21:08:06,268 [DEBUG] SSH->TUN: 52 байт
2026-04-07 21:08:06,269 [DEBUG] TUN->SSH: 52 байт
2026-04-07 21:08:06,661 [INFO] Останавливаю туннель...
2026-04-07 21:08:06,664 [DEBUG] Восстановлен: default via 192.168.5.1 dev wlp0s20f3
2026-04-07 21:08:06,664 [INFO] Маршруты восстановлены
2026-04-07 21:08:06,677 [INFO] Интерфейс strans-tun0 удалён
2026-04-07 21:08:06,677 [INFO] Остановлено
2026-04-07 21:08:06,677 [DEBUG] TUN->SSH: отменён
2026-04-07 21:08:06,677 [DEBUG] SSH->TUN: отменён
