2026-04-08 14:54:40,631 [INFO] === Запуск клиента ===
2026-04-08 14:54:40,631 [INFO] Лог файл: logs/client_20260408_145440.log
2026-04-08 14:54:40,632 [INFO] Подключаюсь к 217.154.79.223:24 как 'alice'
2026-04-08 14:54:41,559 [INFO] SSH соединение установлено
2026-04-08 14:54:41,746 [INFO] PUSH_REPLY: client_ip=198.19.0.3 server_ip=198.19.0.1 mtu=1280 stealth=0
2026-04-08 14:54:41,757 [INFO] Интерфейс strans-tun0:
34: strans-tun0: <POINTOPOINT,MULTICAST,NOARP,UP,LOWER_UP> mtu 1280 qdisc fq_codel state UP group default qlen 500
    link/none 
    inet 198.19.0.3 peer 198.19.0.1/32 scope global strans-tun0
       valid_lft forever preferred_lft forever
2026-04-08 14:54:41,889 [INFO] SSH tunnel канал открыт
2026-04-08 14:54:41,892 [INFO] Маршрут к серверу: 217.154.79.223 via 192.168.5.1 dev wlp0s20f3
2026-04-08 14:54:41,895 [INFO] Весь трафик через strans-tun0
2026-04-08 14:54:41,896 [INFO] Туннель активен.
2026-04-08 14:54:41,896 [INFO] Форвардинг запущен [stealth=0]
2026-04-08 14:54:42,055 [DEBUG] TUN->SSH: 88 байт
2026-04-08 14:54:42,055 [DEBUG] TUN->SSH: 88 байт
2026-04-08 14:54:42,056 [DEBUG] TUN->SSH: 69 байт
2026-04-08 14:54:42,084 [DEBUG] TUN->SSH: 88 байт
2026-04-08 14:54:42,085 [DEBUG] TUN->SSH: 88 байт
2026-04-08 14:54:42,085 [DEBUG] TUN->SSH: 88 байт
2026-04-08 14:54:42,085 [DEBUG] TUN->SSH: 88 байт
2026-04-08 14:54:42,085 [DEBUG] TUN->SSH: 88 байт
2026-04-08 14:54:42,086 [DEBUG] TUN->SSH: 88 байт
2026-04-08 14:54:42,086 [DEBUG] TUN->SSH: 88 байт
2026-04-08 14:54:42,086 [DEBUG] TUN->SSH: 88 байт
2026-04-08 14:54:42,086 [DEBUG] TUN->SSH: 88 байт
2026-04-08 14:54:42,087 [DEBUG] TUN->SSH: 88 байт
2026-04-08 14:54:42,087 [DEBUG] TUN->SSH: 88 байт
2026-04-08 14:54:42,087 [DEBUG] TUN->SSH: 85 байт
2026-04-08 14:54:42,088 [DEBUG] TUN->SSH: 88 байт
2026-04-08 14:54:42,088 [DEBUG] TUN->SSH: 88 байт
2026-04-08 14:54:42,088 [DEBUG] TUN->SSH: 81 байт
2026-04-08 14:54:42,133 [DEBUG] SSH->TUN: 52 байт
2026-04-08 14:54:42,133 [DEBUG] SSH->TUN: 52 байт
2026-04-08 14:54:42,134 [DEBUG] SSH->TUN: 141 байт
2026-04-08 14:54:42,134 [DEBUG] TUN->SSH: 52 байт
2026-04-08 14:54:42,154 [DEBUG] SSH->TUN: 52 байт
2026-04-08 14:54:42,183 [DEBUG] SSH->TUN: 52 байт
2026-04-08 14:54:42,183 [DEBUG] SSH->TUN: 52 байт
2026-04-08 14:54:42,184 [DEBUG] SSH->TUN: 52 байт
2026-04-08 14:54:42,184 [DEBUG] SSH->TUN: 52 байт
2026-04-08 14:54:42,184 [DEBUG] SSH->TUN: 52 байт
2026-04-08 14:54:42,184 [DEBUG] SSH->TUN: 52 байт
2026-04-08 14:54:42,184 [DEBUG] SSH->TUN: 52 байт
2026-04-08 14:54:42,185 [DEBUG] SSH->TUN: 141 байт
2026-04-08 14:54:42,185 [DEBUG] SSH->TUN: 52 байт
2026-04-08 14:54:42,185 [DEBUG] SSH->TUN: 52 байт
2026-04-08 14:54:42,203 [DEBUG] SSH->TUN: 141 байт
2026-04-08 14:54:42,203 [DEBUG] TUN->SSH: 52 байт
2026-04-08 14:54:42,225 [DEBUG] TUN->SSH: 52 байт
2026-04-08 14:54:42,279 [DEBUG] TUN->SSH: 60 байт
2026-04-08 14:54:42,321 [DEBUG] TUN->SSH: 52 байт
2026-04-08 14:54:42,321 [DEBUG] TUN->SSH: 52 байт
2026-04-08 14:54:42,321 [DEBUG] TUN->SSH: 144 байт
2026-04-08 14:54:42,344 [DEBUG] TUN->SSH: 88 байт
2026-04-08 14:54:42,408 [DEBUG] TUN->SSH: 52 байт
2026-04-08 14:54:42,535 [DEBUG] TUN->SSH: 1280 байт
2026-04-08 14:54:42,609 [DEBUG] SSH->TUN: 52 байт
2026-04-08 14:54:42,610 [DEBUG] TUN->SSH: 52 байт
2026-04-08 14:54:42,610 [DEBUG] SSH->TUN: 52 байт
2026-04-08 14:54:42,610 [DEBUG] TUN->SSH: 124 байт
2026-04-08 14:54:42,611 [DEBUG] TUN->SSH: 82 байт
2026-04-08 14:54:42,831 [DEBUG] SSH->TUN: 52 байт
2026-04-08 14:54:42,831 [DEBUG] SSH->TUN: 52 байт
2026-04-08 14:54:42,919 [DEBUG] TUN->SSH: 88 байт
2026-04-08 14:54:42,987 [DEBUG] SSH->TUN: 40 байт
2026-04-08 14:54:42,989 [DEBUG] TUN->SSH: 60 байт
2026-04-08 14:54:42,989 [DEBUG] TUN->SSH: 60 байт
2026-04-08 14:54:43,068 [DEBUG] SSH->TUN: 60 байт
2026-04-08 14:54:43,068 [DEBUG] TUN->SSH: 52 байт
2026-04-08 14:54:43,069 [DEBUG] SSH->TUN: 60 байт
2026-04-08 14:54:43,069 [DEBUG] TUN->SSH: 405 байт
2026-04-08 14:54:43,069 [DEBUG] TUN->SSH: 52 байт
2026-04-08 14:54:43,069 [DEBUG] TUN->SSH: 341 байт
2026-04-08 14:54:43,139 [DEBUG] SSH->TUN: 209 байт
2026-04-08 14:54:43,139 [DEBUG] SSH->TUN: 391 байт
2026-04-08 14:54:43,140 [DEBUG] TUN->SSH: 52 байт
2026-04-08 14:54:43,140 [DEBUG] TUN->SSH: 52 байт
2026-04-08 14:54:43,141 [DEBUG] TUN->SSH: 52 байт
2026-04-08 14:54:43,141 [DEBUG] TUN->SSH: 173 байт
2026-04-08 14:54:43,212 [DEBUG] SSH->TUN: 1280 байт
2026-04-08 14:54:43,213 [DEBUG] SSH->TUN: 1280 байт
2026-04-08 14:54:43,213 [DEBUG] TUN->SSH: 52 байт
2026-04-08 14:54:43,262 [DEBUG] SSH->TUN: 1280 байт
2026-04-08 14:54:43,262 [DEBUG] SSH->TUN: 121 байт
2026-04-08 14:54:43,262 [DEBUG] TUN->SSH: 52 байт
2026-04-08 14:54:43,815 [DEBUG] TUN->SSH: 52 байт
2026-04-08 14:54:43,899 [DEBUG] SSH->TUN: 40 байт
2026-04-08 14:54:43,918 [DEBUG] TUN->SSH: 60 байт
2026-04-08 14:54:43,970 [DEBUG] SSH->TUN: 60 байт
2026-04-08 14:54:43,971 [DEBUG] TUN->SSH: 52 байт
2026-04-08 14:54:43,971 [DEBUG] TUN->SSH: 152 байт
2026-04-08 14:54:44,024 [DEBUG] SSH->TUN: 52 байт
2026-04-08 14:54:44,025 [DEBUG] SSH->TUN: 161 байт
2026-04-08 14:54:44,025 [DEBUG] SSH->TUN: 118 байт
2026-04-08 14:54:44,026 [DEBUG] TUN->SSH: 52 байт
2026-04-08 14:54:44,027 [DEBUG] TUN->SSH: 52 байт
2026-04-08 14:54:44,027 [DEBUG] TUN->SSH: 52 байт
2026-04-08 14:54:44,028 [DEBUG] TUN->SSH: 60 байт
2026-04-08 14:54:44,080 [DEBUG] TUN->SSH: 52 байт
2026-04-08 14:54:44,080 [DEBUG] SSH->TUN: 52 байт
2026-04-08 14:54:44,110 [DEBUG] SSH->TUN: 60 байт
2026-04-08 14:54:44,110 [DEBUG] TUN->SSH: 52 байт
2026-04-08 14:54:44,123 [DEBUG] TUN->SSH: 266 байт
2026-04-08 14:54:44,206 [DEBUG] SSH->TUN: 52 байт
2026-04-08 14:54:44,210 [DEBUG] SSH->TUN: 1250 байт
2026-04-08 14:54:44,210 [DEBUG] TUN->SSH: 52 байт
2026-04-08 14:54:44,213 [DEBUG] TUN->SSH: 592 байт
2026-04-08 14:54:44,221 [DEBUG] TUN->SSH: 1113 байт
2026-04-08 14:54:44,283 [DEBUG] SSH->TUN: 1280 байт
2026-04-08 14:54:44,284 [DEBUG] TUN->SSH: 317 байт
2026-04-08 14:54:44,284 [DEBUG] SSH->TUN: 1280 байт
2026-04-08 14:54:44,284 [DEBUG] SSH->TUN: 109 байт
2026-04-08 14:54:44,284 [DEBUG] TUN->SSH: 52 байт
2026-04-08 14:54:44,327 [DEBUG] TUN->SSH: 1280 байт
2026-04-08 14:54:44,331 [DEBUG] SSH->TUN: 103 байт
2026-04-08 14:54:44,332 [DEBUG] SSH->TUN: 1280 байт
2026-04-08 14:54:44,332 [DEBUG] SSH->TUN: 148 байт
2026-04-08 14:54:44,332 [DEBUG] TUN->SSH: 52 байт
2026-04-08 14:54:44,333 [DEBUG] SSH->TUN: 92 байт
2026-04-08 14:54:44,356 [DEBUG] TUN->SSH: 52 байт
2026-04-08 14:54:44,356 [DEBUG] TUN->SSH: 213 байт
2026-04-08 14:54:44,369 [DEBUG] SSH->TUN: 1280 байт
2026-04-08 14:54:44,427 [DEBUG] TUN->SSH: 52 байт
2026-04-08 14:54:44,476 [DEBUG] SSH->TUN: 198 байт
2026-04-08 14:54:44,517 [DEBUG] TUN->SSH: 52 байт
2026-04-08 14:54:44,574 [DEBUG] TUN->SSH: 215 байт
2026-04-08 14:54:44,574 [DEBUG] TUN->SSH: 113 байт
2026-04-08 14:54:44,575 [DEBUG] TUN->SSH: 442 байт
2026-04-08 14:54:44,658 [DEBUG] SSH->TUN: 52 байт
2026-04-08 14:54:44,701 [DEBUG] SSH->TUN: 52 байт
2026-04-08 14:54:44,712 [DEBUG] TUN->SSH: 144 байт
2026-04-08 14:54:44,827 [DEBUG] TUN->SSH: 52 байт
2026-04-08 14:54:44,827 [DEBUG] SSH->TUN: 98 байт
2026-04-08 14:54:44,827 [DEBUG] SSH->TUN: 125 байт
2026-04-08 14:54:44,827 [DEBUG] TUN->SSH: 52 байт
2026-04-08 14:54:44,830 [DEBUG] TUN->SSH: 111 байт
2026-04-08 14:54:44,912 [DEBUG] SSH->TUN: 52 байт
2026-04-08 14:54:44,991 [DEBUG] SSH->TUN: 112 байт
2026-04-08 14:54:45,033 [DEBUG] TUN->SSH: 52 байт
2026-04-08 14:54:45,991 [DEBUG] TUN->SSH: 52 байт
2026-04-08 14:54:46,146 [DEBUG] TUN->SSH: 52 байт
2026-04-08 14:54:46,146 [DEBUG] SSH->TUN: 52 байт
2026-04-08 14:54:47,015 [DEBUG] TUN->SSH: 52 байт
2026-04-08 14:54:47,093 [DEBUG] SSH->TUN: 52 байт
2026-04-08 14:54:47,094 [DEBUG] TUN->SSH: 52 байт
2026-04-08 14:54:47,527 [DEBUG] TUN->SSH: 1280 байт
2026-04-08 14:54:47,528 [DEBUG] TUN->SSH: 52 байт
2026-04-08 14:54:47,561 [DEBUG] TUN->SSH: 60 байт
2026-04-08 14:54:47,595 [DEBUG] TUN->SSH: 52 байт
2026-04-08 14:54:47,595 [DEBUG] SSH->TUN: 52 байт
2026-04-08 14:54:47,628 [DEBUG] SSH->TUN: 60 байт
2026-04-08 14:54:47,629 [DEBUG] TUN->SSH: 52 байт
2026-04-08 14:54:47,629 [DEBUG] TUN->SSH: 88 байт
2026-04-08 14:54:47,679 [DEBUG] SSH->TUN: 52 байт
2026-04-08 14:54:47,680 [DEBUG] SSH->TUN: 104 байт
2026-04-08 14:54:47,680 [DEBUG] TUN->SSH: 52 байт
2026-04-08 14:54:47,680 [DEBUG] TUN->SSH: 52 байт
2026-04-08 14:54:47,681 [DEBUG] TUN->SSH: 60 байт
2026-04-08 14:54:47,735 [DEBUG] TUN->SSH: 52 байт
2026-04-08 14:54:47,735 [DEBUG] SSH->TUN: 52 байт
2026-04-08 14:54:47,745 [DEBUG] SSH->TUN: 60 байт
2026-04-08 14:54:47,745 [DEBUG] TUN->SSH: 52 байт
2026-04-08 14:54:47,746 [DEBUG] TUN->SSH: 1280 байт
2026-04-08 14:54:47,746 [DEBUG] TUN->SSH: 432 байт
2026-04-08 14:54:47,812 [DEBUG] SSH->TUN: 52 байт
2026-04-08 14:54:47,812 [DEBUG] SSH->TUN: 52 байт
2026-04-08 14:54:47,864 [DEBUG] SSH->TUN: 461 байт
2026-04-08 14:54:47,865 [DEBUG] TUN->SSH: 52 байт
2026-04-08 14:54:47,865 [DEBUG] SSH->TUN: 1280 байт
2026-04-08 14:54:47,865 [DEBUG] TUN->SSH: 52 байт
2026-04-08 14:54:47,865 [DEBUG] SSH->TUN: 1280 байт
2026-04-08 14:54:47,866 [DEBUG] TUN->SSH: 52 байт
2026-04-08 14:54:47,866 [DEBUG] SSH->TUN: 1280 байт
2026-04-08 14:54:47,866 [DEBUG] TUN->SSH: 52 байт
2026-04-08 14:54:47,866 [DEBUG] SSH->TUN: 464 байт
2026-04-08 14:54:47,867 [DEBUG] TUN->SSH: 52 байт
2026-04-08 14:54:47,867 [DEBUG] SSH->TUN: 1280 байт
2026-04-08 14:54:47,867 [DEBUG] TUN->SSH: 52 байт
2026-04-08 14:54:47,867 [DEBUG] SSH->TUN: 431 байт
2026-04-08 14:54:47,868 [DEBUG] TUN->SSH: 52 байт
2026-04-08 14:54:47,869 [DEBUG] TUN->SSH: 386 байт
2026-04-08 14:54:47,912 [DEBUG] TUN->SSH: 1280 байт
2026-04-08 14:54:47,975 [DEBUG] TUN->SSH: 144 байт
2026-04-08 14:54:47,985 [DEBUG] SSH->TUN: 355 байт
2026-04-08 14:54:47,985 [DEBUG] SSH->TUN: 355 байт
2026-04-08 14:54:47,985 [DEBUG] TUN->SSH: 52 байт
2026-04-08 14:54:48,033 [DEBUG] SSH->TUN: 803 байт
2026-04-08 14:54:48,035 [DEBUG] TUN->SSH: 60 байт
2026-04-08 14:54:48,039 [DEBUG] TUN->SSH: 52 байт
2026-04-08 14:54:48,074 [DEBUG] TUN->SSH: 52 байт
2026-04-08 14:54:48,086 [DEBUG] SSH->TUN: 60 байт
2026-04-08 14:54:48,087 [DEBUG] TUN->SSH: 52 байт
2026-04-08 14:54:48,087 [DEBUG] TUN->SSH: 88 байт
2026-04-08 14:54:48,186 [DEBUG] TUN->SSH: 52 байт
2026-04-08 14:54:48,186 [DEBUG] SSH->TUN: 52 байт
2026-04-08 14:54:48,187 [DEBUG] SSH->TUN: 52 байт
2026-04-08 14:54:48,187 [DEBUG] SSH->TUN: 104 байт
2026-04-08 14:54:48,187 [DEBUG] TUN->SSH: 52 байт
2026-04-08 14:54:48,188 [DEBUG] TUN->SSH: 52 байт
2026-04-08 14:54:48,188 [DEBUG] TUN->SSH: 60 байт
2026-04-08 14:54:48,241 [DEBUG] TUN->SSH: 52 байт
2026-04-08 14:54:48,242 [DEBUG] SSH->TUN: 52 байт
2026-04-08 14:54:48,255 [DEBUG] SSH->TUN: 60 байт
2026-04-08 14:54:48,256 [DEBUG] TUN->SSH: 52 байт
2026-04-08 14:54:48,256 [DEBUG] TUN->SSH: 1280 байт
2026-04-08 14:54:48,256 [DEBUG] TUN->SSH: 751 байт
2026-04-08 14:54:48,325 [DEBUG] SSH->TUN: 52 байт
2026-04-08 14:54:48,325 [DEBUG] SSH->TUN: 52 байт
2026-04-08 14:54:48,373 [DEBUG] SSH->TUN: 1280 байт
2026-04-08 14:54:48,373 [DEBUG] TUN->SSH: 52 байт
2026-04-08 14:54:48,374 [DEBUG] SSH->TUN: 1280 байт
2026-04-08 14:54:48,374 [DEBUG] TUN->SSH: 52 байт
2026-04-08 14:54:48,375 [DEBUG] TUN->SSH: 52 байт
2026-04-08 14:54:48,375 [DEBUG] SSH->TUN: 1280 байт
2026-04-08 14:54:48,375 [DEBUG] SSH->TUN: 464 байт
2026-04-08 14:54:48,375 [DEBUG] TUN->SSH: 52 байт
2026-04-08 14:54:48,413 [DEBUG] SSH->TUN: 1280 байт
2026-04-08 14:54:48,413 [DEBUG] TUN->SSH: 52 байт
2026-04-08 14:54:48,413 [DEBUG] SSH->TUN: 431 байт
2026-04-08 14:54:48,414 [DEBUG] TUN->SSH: 52 байт
2026-04-08 14:54:48,415 [DEBUG] TUN->SSH: 395 байт
2026-04-08 14:54:48,496 [DEBUG] SSH->TUN: 355 байт
2026-04-08 14:54:48,496 [DEBUG] SSH->TUN: 355 байт
2026-04-08 14:54:48,497 [DEBUG] TUN->SSH: 52 байт
2026-04-08 14:54:48,531 [DEBUG] TUN->SSH: 52 байт
2026-04-08 14:54:48,532 [DEBUG] TUN->SSH: 60 байт
2026-04-08 14:54:48,543 [DEBUG] SSH->TUN: 960 байт
2026-04-08 14:54:48,588 [DEBUG] TUN->SSH: 52 байт
2026-04-08 14:54:48,600 [DEBUG] SSH->TUN: 60 байт
2026-04-08 14:54:48,600 [DEBUG] TUN->SSH: 52 байт
2026-04-08 14:54:48,601 [DEBUG] TUN->SSH: 1280 байт
2026-04-08 14:54:48,601 [DEBUG] TUN->SSH: 751 байт
2026-04-08 14:54:48,633 [DEBUG] TUN->SSH: 60 байт
2026-04-08 14:54:48,669 [DEBUG] SSH->TUN: 52 байт
2026-04-08 14:54:48,670 [DEBUG] SSH->TUN: 52 байт
2026-04-08 14:54:48,670 [DEBUG] SSH->TUN: 1280 байт
2026-04-08 14:54:48,670 [DEBUG] TUN->SSH: 52 байт
2026-04-08 14:54:48,718 [DEBUG] SSH->TUN: 1280 байт
2026-04-08 14:54:48,719 [DEBUG] TUN->SSH: 52 байт
2026-04-08 14:54:48,719 [DEBUG] SSH->TUN: 1280 байт
2026-04-08 14:54:48,720 [DEBUG] TUN->SSH: 52 байт
2026-04-08 14:54:48,720 [DEBUG] SSH->TUN: 464 байт
2026-04-08 14:54:48,720 [DEBUG] TUN->SSH: 52 байт
2026-04-08 14:54:48,720 [DEBUG] SSH->TUN: 1280 байт
2026-04-08 14:54:48,721 [DEBUG] TUN->SSH: 52 байт
2026-04-08 14:54:48,721 [DEBUG] SSH->TUN: 431 байт
2026-04-08 14:54:48,721 [DEBUG] TUN->SSH: 52 байт
2026-04-08 14:54:48,721 [DEBUG] SSH->TUN: 60 байт
2026-04-08 14:54:48,722 [DEBUG] TUN->SSH: 52 байт
2026-04-08 14:54:48,722 [DEBUG] TUN->SSH: 52 байт
2026-04-08 14:54:48,723 [DEBUG] TUN->SSH: 1280 байт
2026-04-08 14:54:48,723 [DEBUG] TUN->SSH: 432 байт
2026-04-08 14:54:48,745 [DEBUG] SSH->TUN: 397 байт
2026-04-08 14:54:48,745 [DEBUG] TUN->SSH: 52 байт
2026-04-08 14:54:48,791 [DEBUG] TUN->SSH: 52 байт
2026-04-08 14:54:48,838 [DEBUG] SSH->TUN: 52 байт
2026-04-08 14:54:48,838 [DEBUG] TUN->SSH: 52 байт
2026-04-08 14:54:48,838 [DEBUG] SSH->TUN: 52 байт
2026-04-08 14:54:48,839 [DEBUG] SSH->TUN: 52 байт
2026-04-08 14:54:48,886 [DEBUG] SSH->TUN: 576 байт
2026-04-08 14:54:48,886 [DEBUG] TUN->SSH: 52 байт
2026-04-08 14:54:48,887 [DEBUG] SSH->TUN: 576 байт
2026-04-08 14:54:48,887 [DEBUG] TUN->SSH: 52 байт
2026-04-08 14:54:48,887 [DEBUG] TUN->SSH: 52 байт
2026-04-08 14:54:48,887 [DEBUG] SSH->TUN: 576 байт
2026-04-08 14:54:48,888 [DEBUG] SSH->TUN: 576 байт
2026-04-08 14:54:48,888 [DEBUG] TUN->SSH: 52 байт
2026-04-08 14:54:48,888 [DEBUG] SSH->TUN: 576 байт
2026-04-08 14:54:48,889 [DEBUG] TUN->SSH: 52 байт
2026-04-08 14:54:48,889 [DEBUG] SSH->TUN: 576 байт
2026-04-08 14:54:48,889 [DEBUG] TUN->SSH: 52 байт
2026-04-08 14:54:48,890 [DEBUG] SSH->TUN: 576 байт
2026-04-08 14:54:48,890 [DEBUG] TUN->SSH: 52 байт
2026-04-08 14:54:48,890 [DEBUG] SSH->TUN: 480 байт
2026-04-08 14:54:48,890 [DEBUG] TUN->SSH: 52 байт
2026-04-08 14:54:48,891 [DEBUG] SSH->TUN: 576 байт
2026-04-08 14:54:48,891 [DEBUG] TUN->SSH: 52 байт
2026-04-08 14:54:48,891 [DEBUG] SSH->TUN: 576 байт
2026-04-08 14:54:48,891 [DEBUG] TUN->SSH: 52 байт
2026-04-08 14:54:48,958 [DEBUG] SSH->TUN: 576 байт
2026-04-08 14:54:48,959 [DEBUG] TUN->SSH: 52 байт
2026-04-08 14:54:48,959 [DEBUG] SSH->TUN: 87 байт
2026-04-08 14:54:48,960 [DEBUG] TUN->SSH: 52 байт
2026-04-08 14:54:48,960 [DEBUG] TUN->SSH: 886 байт
2026-04-08 14:54:49,029 [DEBUG] SSH->TUN: 355 байт
2026-04-08 14:54:49,030 [DEBUG] SSH->TUN: 355 байт
2026-04-08 14:54:49,030 [DEBUG] TUN->SSH: 52 байт
2026-04-08 14:54:49,047 [DEBUG] TUN->SSH: 52 байт
2026-04-08 14:54:49,063 [DEBUG] TUN->SSH: 52 байт
2026-04-08 14:54:49,575 [DEBUG] TUN->SSH: 52 байт
2026-04-08 14:54:50,599 [DEBUG] TUN->SSH: 52 байт
2026-04-08 14:54:51,623 [DEBUG] TUN->SSH: 52 байт
2026-04-08 14:54:51,680 [DEBUG] SSH->TUN: 40 байт
2026-04-08 14:54:52,035 [DEBUG] TUN->SSH: 52 байт
2026-04-08 14:54:52,046 [DEBUG] TUN->SSH: 292 байт
2026-04-08 14:54:52,102 [DEBUG] SSH->TUN: 52 байт
2026-04-08 14:54:52,102 [DEBUG] TUN->SSH: 52 байт
2026-04-08 14:54:52,229 [DEBUG] SSH->TUN: 52 байт
2026-04-08 14:54:52,281 [DEBUG] TUN->SSH: 349 байт
2026-04-08 14:54:52,350 [DEBUG] SSH->TUN: 461 байт
2026-04-08 14:54:52,350 [DEBUG] TUN->SSH: 52 байт
2026-04-08 14:54:52,544 [DEBUG] TUN->SSH: 52 байт
2026-04-08 14:54:52,591 [DEBUG] SSH->TUN: 170 байт
2026-04-08 14:54:52,622 [DEBUG] SSH->TUN: 52 байт
2026-04-08 14:54:52,622 [DEBUG] TUN->SSH: 52 байт
2026-04-08 14:54:52,632 [DEBUG] TUN->SSH: 52 байт
2026-04-08 14:54:52,648 [DEBUG] TUN->SSH: 52 байт
2026-04-08 14:54:54,274 [DEBUG] TUN->SSH: 141 байт
2026-04-08 14:54:54,559 [DEBUG] TUN->SSH: 141 байт
2026-04-08 14:54:54,689 [DEBUG] SSH->TUN: 413 байт
2026-04-08 14:54:54,690 [DEBUG] TUN->SSH: 52 байт
2026-04-08 14:54:54,690 [DEBUG] SSH->TUN: 64 байт
2026-04-08 14:54:54,691 [DEBUG] TUN->SSH: 365 байт
2026-04-08 14:54:54,691 [DEBUG] SSH->TUN: 413 байт
2026-04-08 14:54:54,691 [DEBUG] TUN->SSH: 64 байт
2026-04-08 14:54:54,695 [DEBUG] TUN->SSH: 144 байт
2026-04-08 14:54:54,759 [DEBUG] SSH->TUN: 52 байт
2026-04-08 14:54:55,015 [DEBUG] TUN->SSH: 52 байт
2026-04-08 14:54:55,103 [DEBUG] SSH->TUN: 52 байт
2026-04-08 14:54:55,135 [DEBUG] SSH->TUN: 52 байт
2026-04-08 14:54:55,136 [DEBUG] TUN->SSH: 52 байт
2026-04-08 14:54:55,207 [DEBUG] TUN->SSH: 1280 байт
2026-04-08 14:54:56,052 [DEBUG] TUN->SSH: 60 байт
2026-04-08 14:54:56,104 [DEBUG] SSH->TUN: 60 байт
2026-04-08 14:54:56,104 [DEBUG] TUN->SSH: 52 байт
2026-04-08 14:54:56,104 [DEBUG] TUN->SSH: 120 байт
2026-04-08 14:54:56,162 [DEBUG] SSH->TUN: 52 байт
2026-04-08 14:54:56,163 [DEBUG] SSH->TUN: 118 байт
2026-04-08 14:54:56,164 [DEBUG] TUN->SSH: 52 байт
2026-04-08 14:54:56,212 [DEBUG] SSH->TUN: 142 байт
2026-04-08 14:54:56,212 [DEBUG] TUN->SSH: 52 байт
2026-04-08 14:54:56,213 [DEBUG] TUN->SSH: 52 байт
2026-04-08 14:54:56,213 [DEBUG] TUN->SSH: 60 байт
2026-04-08 14:54:56,286 [DEBUG] SSH->TUN: 52 байт
2026-04-08 14:54:56,286 [DEBUG] TUN->SSH: 52 байт
2026-04-08 14:54:56,287 [DEBUG] SSH->TUN: 60 байт
2026-04-08 14:54:56,287 [DEBUG] TUN->SSH: 52 байт
2026-04-08 14:54:56,287 [DEBUG] TUN->SSH: 1280 байт
2026-04-08 14:54:56,287 [DEBUG] TUN->SSH: 839 байт
2026-04-08 14:54:56,343 [DEBUG] SSH->TUN: 52 байт
2026-04-08 14:54:56,344 [DEBUG] SSH->TUN: 52 байт
2026-04-08 14:54:56,391 [DEBUG] SSH->TUN: 1280 байт
2026-04-08 14:54:56,391 [DEBUG] TUN->SSH: 52 байт
2026-04-08 14:54:56,392 [DEBUG] SSH->TUN: 205 байт
2026-04-08 14:54:56,392 [DEBUG] TUN->SSH: 52 байт
2026-04-08 14:54:56,393 [DEBUG] TUN->SSH: 116 байт
2026-04-08 14:54:56,393 [DEBUG] TUN->SSH: 1280 байт
2026-04-08 14:54:56,393 [DEBUG] TUN->SSH: 1280 байт
2026-04-08 14:54:56,393 [DEBUG] TUN->SSH: 1280 байт
2026-04-08 14:54:56,394 [DEBUG] TUN->SSH: 1280 байт
2026-04-08 14:54:56,394 [DEBUG] TUN->SSH: 1280 байт
2026-04-08 14:54:56,394 [DEBUG] TUN->SSH: 554 байт
2026-04-08 14:54:56,452 [DEBUG] SSH->TUN: 52 байт
2026-04-08 14:54:56,452 [DEBUG] SSH->TUN: 52 байт
2026-04-08 14:54:56,504 [DEBUG] SSH->TUN: 52 байт
2026-04-08 14:54:56,743 [DEBUG] TUN->SSH: 52 байт
2026-04-08 14:54:56,918 [DEBUG] SSH->TUN: 1280 байт
2026-04-08 14:54:56,919 [DEBUG] SSH->TUN: 390 байт
2026-04-08 14:54:56,919 [DEBUG] TUN->SSH: 52 байт
2026-04-08 14:54:56,922 [DEBUG] TUN->SSH: 84 байт
2026-04-08 14:54:56,922 [DEBUG] TUN->SSH: 218 байт
2026-04-08 14:54:56,972 [DEBUG] SSH->TUN: 52 байт
2026-04-08 14:54:57,049 [DEBUG] TUN->SSH: 381 байт
2026-04-08 14:54:57,050 [DEBUG] TUN->SSH: 349 байт
2026-04-08 14:54:57,115 [DEBUG] SSH->TUN: 141 байт
2026-04-08 14:54:57,116 [DEBUG] TUN->SSH: 52 байт
2026-04-08 14:54:57,206 [DEBUG] SSH->TUN: 52 байт
2026-04-08 14:54:57,206 [DEBUG] SSH->TUN: 141 байт
2026-04-08 14:54:57,207 [DEBUG] TUN->SSH: 52 байт
2026-04-08 14:54:57,207 [DEBUG] SSH->TUN: 219 байт
2026-04-08 14:54:57,248 [DEBUG] TUN->SSH: 52 байт
2026-04-08 14:54:59,385 [DEBUG] TUN->SSH: 173 байт
2026-04-08 14:54:59,456 [DEBUG] SSH->TUN: 52 байт
2026-04-08 14:54:59,472 [DEBUG] SSH->TUN: 157 байт
2026-04-08 14:54:59,473 [DEBUG] TUN->SSH: 52 байт
2026-04-08 14:54:59,815 [DEBUG] TUN->SSH: 1280 байт
2026-04-08 14:55:01,042 [DEBUG] SSH->TUN: 1280 байт
2026-04-08 14:55:01,043 [DEBUG] TUN->SSH: 52 байт
2026-04-08 14:55:01,043 [DEBUG] SSH->TUN: 93 байт
2026-04-08 14:55:01,043 [DEBUG] TUN->SSH: 52 байт
2026-04-08 14:55:04,935 [DEBUG] TUN->SSH: 52 байт
2026-04-08 14:55:05,220 [DEBUG] SSH->TUN: 52 байт
2026-04-08 14:55:05,221 [DEBUG] TUN->SSH: 52 байт
2026-04-08 14:55:05,447 [DEBUG] TUN->SSH: 52 байт
2026-04-08 14:55:05,528 [DEBUG] SSH->TUN: 52 байт
2026-04-08 14:55:08,007 [DEBUG] TUN->SSH: 144 байт
2026-04-08 14:55:09,476 [DEBUG] TUN->SSH: 253 байт
2026-04-08 14:55:09,544 [DEBUG] TUN->SSH: 1280 байт
2026-04-08 14:55:09,547 [DEBUG] SSH->TUN: 848 байт
2026-04-08 14:55:09,548 [DEBUG] TUN->SSH: 52 байт
2026-04-08 14:55:09,548 [DEBUG] TUN->SSH: 381 байт
2026-04-08 14:55:09,664 [DEBUG] SSH->TUN: 52 байт
2026-04-08 14:55:10,550 [DEBUG] TUN->SSH: 381 байт
2026-04-08 14:55:10,623 [DEBUG] SSH->TUN: 52 байт
2026-04-08 14:55:10,644 [DEBUG] SSH->TUN: 1152 байт
2026-04-08 14:55:10,685 [DEBUG] TUN->SSH: 52 байт
2026-04-08 14:55:11,591 [DEBUG] TUN->SSH: 52 байт
2026-04-08 14:55:15,459 [DEBUG] SSH->TUN: 52 байт
2026-04-08 14:55:15,460 [DEBUG] TUN->SSH: 52 байт
2026-04-08 14:55:15,687 [DEBUG] TUN->SSH: 52 байт
2026-04-08 14:55:15,770 [DEBUG] SSH->TUN: 52 байт
2026-04-08 14:55:16,338 [DEBUG] SSH->TUN: 91 байт
2026-04-08 14:55:16,339 [DEBUG] TUN->SSH: 40 байт
2026-04-08 14:55:16,339 [DEBUG] SSH->TUN: 52 байт
2026-04-08 14:55:16,339 [DEBUG] TUN->SSH: 40 байт
2026-04-08 14:55:16,989 [DEBUG] SSH->TUN: 76 байт
2026-04-08 14:55:16,989 [DEBUG] TUN->SSH: 52 байт
2026-04-08 14:55:16,989 [DEBUG] TUN->SSH: 80 байт
2026-04-08 14:55:17,083 [DEBUG] SSH->TUN: 52 байт
2026-04-08 14:55:19,162 [DEBUG] SSH->TUN: 489 байт
2026-04-08 14:55:19,164 [DEBUG] TUN->SSH: 60 байт
2026-04-08 14:55:19,164 [DEBUG] TUN->SSH: 52 байт
2026-04-08 14:55:19,294 [DEBUG] SSH->TUN: 60 байт
2026-04-08 14:55:19,295 [DEBUG] TUN->SSH: 52 байт
2026-04-08 14:55:19,295 [DEBUG] SSH->TUN: 52 байт
2026-04-08 14:55:19,295 [DEBUG] TUN->SSH: 52 байт
2026-04-08 14:55:19,296 [DEBUG] TUN->SSH: 1280 байт
2026-04-08 14:55:19,296 [DEBUG] TUN->SSH: 432 байт
2026-04-08 14:55:19,366 [DEBUG] SSH->TUN: 52 байт
2026-04-08 14:55:19,367 [DEBUG] SSH->TUN: 52 байт
2026-04-08 14:55:19,416 [DEBUG] SSH->TUN: 576 байт
2026-04-08 14:55:19,416 [DEBUG] TUN->SSH: 52 байт
2026-04-08 14:55:19,416 [DEBUG] SSH->TUN: 576 байт
2026-04-08 14:55:19,417 [DEBUG] TUN->SSH: 52 байт
2026-04-08 14:55:19,417 [DEBUG] SSH->TUN: 576 байт
2026-04-08 14:55:19,417 [DEBUG] TUN->SSH: 52 байт
2026-04-08 14:55:19,417 [DEBUG] SSH->TUN: 576 байт
2026-04-08 14:55:19,418 [DEBUG] TUN->SSH: 52 байт
2026-04-08 14:55:19,418 [DEBUG] SSH->TUN: 576 байт
2026-04-08 14:55:19,418 [DEBUG] TUN->SSH: 52 байт
2026-04-08 14:55:19,419 [DEBUG] SSH->TUN: 576 байт
2026-04-08 14:55:19,419 [DEBUG] TUN->SSH: 52 байт
2026-04-08 14:55:19,419 [DEBUG] SSH->TUN: 576 байт
2026-04-08 14:55:19,419 [DEBUG] TUN->SSH: 52 байт
2026-04-08 14:55:19,420 [DEBUG] SSH->TUN: 480 байт
2026-04-08 14:55:19,420 [DEBUG] TUN->SSH: 52 байт
2026-04-08 14:55:19,420 [DEBUG] SSH->TUN: 576 байт
2026-04-08 14:55:19,420 [DEBUG] TUN->SSH: 52 байт
2026-04-08 14:55:19,422 [DEBUG] SSH->TUN: 576 байт
2026-04-08 14:55:19,422 [DEBUG] TUN->SSH: 52 байт
2026-04-08 14:55:19,487 [DEBUG] SSH->TUN: 576 байт
2026-04-08 14:55:19,487 [DEBUG] TUN->SSH: 52 байт
2026-04-08 14:55:19,488 [DEBUG] SSH->TUN: 87 байт
2026-04-08 14:55:19,488 [DEBUG] TUN->SSH: 52 байт
2026-04-08 14:55:19,489 [DEBUG] TUN->SSH: 886 байт
2026-04-08 14:55:19,559 [DEBUG] SSH->TUN: 355 байт
2026-04-08 14:55:19,560 [DEBUG] SSH->TUN: 355 байт
2026-04-08 14:55:19,560 [DEBUG] TUN->SSH: 52 байт
2026-04-08 14:55:20,893 [DEBUG] TUN->SSH: 60 байт
2026-04-08 14:55:20,946 [DEBUG] SSH->TUN: 60 байт
2026-04-08 14:55:20,946 [DEBUG] TUN->SSH: 52 байт
2026-04-08 14:55:20,947 [DEBUG] TUN->SSH: 122 байт
2026-04-08 14:55:20,997 [DEBUG] SSH->TUN: 52 байт
2026-04-08 14:55:20,997 [DEBUG] SSH->TUN: 169 байт
2026-04-08 14:55:20,998 [DEBUG] TUN->SSH: 52 байт
2026-04-08 14:55:21,047 [DEBUG] SSH->TUN: 233 байт
2026-04-08 14:55:21,047 [DEBUG] TUN->SSH: 52 байт
2026-04-08 14:55:21,048 [DEBUG] TUN->SSH: 52 байт
2026-04-08 14:55:21,048 [DEBUG] TUN->SSH: 60 байт
2026-04-08 14:55:21,051 [DEBUG] TUN->SSH: 365 байт
2026-04-08 14:55:21,109 [DEBUG] SSH->TUN: 52 байт
2026-04-08 14:55:21,109 [DEBUG] TUN->SSH: 52 байт
2026-04-08 14:55:21,126 [DEBUG] SSH->TUN: 60 байт
2026-04-08 14:55:21,126 [DEBUG] TUN->SSH: 52 байт
2026-04-08 14:55:21,126 [DEBUG] TUN->SSH: 1280 байт
2026-04-08 14:55:21,127 [DEBUG] TUN->SSH: 1036 байт
2026-04-08 14:55:21,157 [DEBUG] SSH->TUN: 141 байт
2026-04-08 14:55:21,158 [DEBUG] TUN->SSH: 52 байт
2026-04-08 14:55:21,200 [DEBUG] SSH->TUN: 52 байт
2026-04-08 14:55:21,200 [DEBUG] SSH->TUN: 52 байт
2026-04-08 14:55:21,207 [DEBUG] SSH->TUN: 1280 байт
2026-04-08 14:55:21,208 [DEBUG] TUN->SSH: 52 байт
2026-04-08 14:55:21,248 [DEBUG] SSH->TUN: 288 байт
2026-04-08 14:55:21,248 [DEBUG] TUN->SSH: 52 байт
2026-04-08 14:55:21,249 [DEBUG] TUN->SSH: 126 байт
2026-04-08 14:55:21,249 [DEBUG] TUN->SSH: 144 байт
2026-04-08 14:55:21,250 [DEBUG] TUN->SSH: 1280 байт
2026-04-08 14:55:21,250 [DEBUG] TUN->SSH: 1280 байт
2026-04-08 14:55:21,250 [DEBUG] TUN->SSH: 1280 байт
2026-04-08 14:55:21,251 [DEBUG] TUN->SSH: 704 байт
2026-04-08 14:55:21,319 [DEBUG] TUN->SSH: 52 байт
2026-04-08 14:55:21,323 [DEBUG] SSH->TUN: 1012 байт
2026-04-08 14:55:21,323 [DEBUG] TUN->SSH: 83 байт
2026-04-08 14:55:21,323 [DEBUG] SSH->TUN: 52 байт
2026-04-08 14:55:21,324 [DEBUG] SSH->TUN: 83 байт
2026-04-08 14:55:21,364 [DEBUG] TUN->SSH: 52 байт
2026-04-08 14:55:21,371 [DEBUG] SSH->TUN: 52 байт
2026-04-08 14:55:21,371 [DEBUG] SSH->TUN: 52 байт
2026-04-08 14:55:21,372 [DEBUG] SSH->TUN: 315 байт
2026-04-08 14:55:21,372 [DEBUG] TUN->SSH: 52 байт
2026-04-08 14:55:21,373 [DEBUG] SSH->TUN: 83 байт
2026-04-08 14:55:21,373 [DEBUG] TUN->SSH: 52 байт
2026-04-08 14:55:21,373 [DEBUG] SSH->TUN: 91 байт
2026-04-08 14:55:21,374 [DEBUG] TUN->SSH: 52 байт
2026-04-08 14:55:21,374 [DEBUG] TUN->SSH: 91 байт
2026-04-08 14:55:21,490 [DEBUG] SSH->TUN: 52 байт
2026-04-08 14:55:21,490 [DEBUG] SSH->TUN: 52 байт
2026-04-08 14:55:21,491 [DEBUG] SSH->TUN: 1200 байт
2026-04-08 14:55:21,491 [DEBUG] TUN->SSH: 52 байт
2026-04-08 14:55:21,492 [DEBUG] TUN->SSH: 301 байт
2026-04-08 14:55:21,633 [DEBUG] SSH->TUN: 52 байт
2026-04-08 14:55:21,881 [DEBUG] TUN->SSH: 60 байт
2026-04-08 14:55:21,932 [DEBUG] SSH->TUN: 60 байт
2026-04-08 14:55:21,933 [DEBUG] TUN->SSH: 52 байт
2026-04-08 14:55:21,933 [DEBUG] TUN->SSH: 146 байт
2026-04-08 14:55:21,983 [DEBUG] SSH->TUN: 52 байт
2026-04-08 14:55:21,984 [DEBUG] SSH->TUN: 155 байт
2026-04-08 14:55:21,985 [DEBUG] TUN->SSH: 52 байт
2026-04-08 14:55:22,005 [DEBUG] TUN->SSH: 60 байт
2026-04-08 14:55:22,030 [DEBUG] SSH->TUN: 131 байт
2026-04-08 14:55:22,031 [DEBUG] TUN->SSH: 52 байт
2026-04-08 14:55:22,031 [DEBUG] TUN->SSH: 52 байт
2026-04-08 14:55:22,032 [DEBUG] TUN->SSH: 60 байт
2026-04-08 14:55:22,059 [DEBUG] SSH->TUN: 60 байт
2026-04-08 14:55:22,060 [DEBUG] TUN->SSH: 52 байт
2026-04-08 14:55:22,060 [DEBUG] TUN->SSH: 136 байт
2026-04-08 14:55:22,081 [DEBUG] TUN->SSH: 52 байт
2026-04-08 14:55:22,081 [DEBUG] SSH->TUN: 52 байт
2026-04-08 14:55:22,082 [DEBUG] SSH->TUN: 60 байт
2026-04-08 14:55:22,082 [DEBUG] TUN->SSH: 52 байт
2026-04-08 14:55:22,083 [DEBUG] TUN->SSH: 1280 байт
2026-04-08 14:55:22,083 [DEBUG] TUN->SSH: 896 байт
2026-04-08 14:55:22,088 [DEBUG] TUN->SSH: 60 байт
2026-04-08 14:55:22,114 [DEBUG] SSH->TUN: 52 байт
2026-04-08 14:55:22,128 [DEBUG] SSH->TUN: 150 байт
2026-04-08 14:55:22,128 [DEBUG] TUN->SSH: 52 байт
2026-04-08 14:55:22,129 [DEBUG] SSH->TUN: 126 байт
2026-04-08 14:55:22,129 [DEBUG] TUN->SSH: 52 байт
2026-04-08 14:55:22,130 [DEBUG] TUN->SSH: 52 байт
2026-04-08 14:55:22,130 [DEBUG] TUN->SSH: 60 байт
2026-04-08 14:55:22,131 [DEBUG] SSH->TUN: 52 байт
2026-04-08 14:55:22,164 [DEBUG] SSH->TUN: 52 байт
2026-04-08 14:55:22,165 [DEBUG] SSH->TUN: 1280 байт
2026-04-08 14:55:22,165 [DEBUG] TUN->SSH: 52 байт
2026-04-08 14:55:22,165 [DEBUG] SSH->TUN: 199 байт
2026-04-08 14:55:22,166 [DEBUG] TUN->SSH: 52 байт
2026-04-08 14:55:22,166 [DEBUG] SSH->TUN: 60 байт
2026-04-08 14:55:22,167 [DEBUG] TUN->SSH: 116 байт
2026-04-08 14:55:22,167 [DEBUG] TUN->SSH: 144 байт
2026-04-08 14:55:22,167 [DEBUG] TUN->SSH: 815 байт
2026-04-08 14:55:22,167 [DEBUG] TUN->SSH: 52 байт
2026-04-08 14:55:22,168 [DEBUG] TUN->SSH: 114 байт
2026-04-08 14:55:22,179 [DEBUG] SSH->TUN: 52 байт
2026-04-08 14:55:22,179 [DEBUG] TUN->SSH: 52 байт
2026-04-08 14:55:22,216 [DEBUG] SSH->TUN: 60 байт
2026-04-08 14:55:22,216 [DEBUG] TUN->SSH: 52 байт
2026-04-08 14:55:22,216 [DEBUG] SSH->TUN: 564 байт
2026-04-08 14:55:22,216 [DEBUG] TUN->SSH: 1280 байт
2026-04-08 14:55:22,217 [DEBUG] TUN->SSH: 891 байт
2026-04-08 14:55:22,217 [DEBUG] TUN->SSH: 83 байт
2026-04-08 14:55:22,226 [DEBUG] SSH->TUN: 83 байт
2026-04-08 14:55:22,226 [DEBUG] SSH->TUN: 52 байт
2026-04-08 14:55:22,226 [DEBUG] SSH->TUN: 139 байт
2026-04-08 14:55:22,227 [DEBUG] TUN->SSH: 52 байт
2026-04-08 14:55:22,227 [DEBUG] SSH->TUN: 115 байт
2026-04-08 14:55:22,227 [DEBUG] TUN->SSH: 52 байт
2026-04-08 14:55:22,227 [DEBUG] TUN->SSH: 52 байт
2026-04-08 14:55:22,228 [DEBUG] TUN->SSH: 60 байт
2026-04-08 14:55:22,253 [DEBUG] TUN->SSH: 60 байт
2026-04-08 14:55:22,257 [DEBUG] SSH->TUN: 52 байт
2026-04-08 14:55:22,264 [DEBUG] SSH->TUN: 961 байт
2026-04-08 14:55:22,264 [DEBUG] TUN->SSH: 52 байт
2026-04-08 14:55:22,264 [DEBUG] SSH->TUN: 1182 байт
2026-04-08 14:55:22,265 [DEBUG] SSH->TUN: 83 байт
2026-04-08 14:55:22,266 [DEBUG] TUN->SSH: 52 байт
2026-04-08 14:55:22,268 [DEBUG] SSH->TUN: 52 байт
2026-04-08 14:55:22,275 [DEBUG] SSH->TUN: 52 байт
2026-04-08 14:55:22,275 [DEBUG] SSH->TUN: 52 байт
2026-04-08 14:55:22,305 [DEBUG] SSH->TUN: 1280 байт
2026-04-08 14:55:22,306 [DEBUG] TUN->SSH: 52 байт
2026-04-08 14:55:22,306 [DEBUG] SSH->TUN: 1280 байт
2026-04-08 14:55:22,306 [DEBUG] TUN->SSH: 52 байт
2026-04-08 14:55:22,307 [DEBUG] SSH->TUN: 1063 байт
2026-04-08 14:55:22,307 [DEBUG] TUN->SSH: 52 байт
2026-04-08 14:55:22,307 [DEBUG] SSH->TUN: 52 байт
2026-04-08 14:55:22,308 [DEBUG] TUN->SSH: 116 байт
2026-04-08 14:55:22,308 [DEBUG] TUN->SSH: 144 байт
2026-04-08 14:55:22,308 [DEBUG] TUN->SSH: 657 байт
2026-04-08 14:55:22,309 [DEBUG] TUN->SSH: 52 байт
2026-04-08 14:55:22,322 [DEBUG] SSH->TUN: 60 байт
2026-04-08 14:55:22,322 [DEBUG] TUN->SSH: 52 байт
2026-04-08 14:55:22,322 [DEBUG] SSH->TUN: 60 байт
2026-04-08 14:55:22,322 [DEBUG] TUN->SSH: 52 байт
2026-04-08 14:55:22,323 [DEBUG] TUN->SSH: 124 байт
2026-04-08 14:55:22,323 [DEBUG] TUN->SSH: 1280 байт
2026-04-08 14:55:22,323 [DEBUG] TUN->SSH: 880 байт
2026-04-08 14:55:22,324 [DEBUG] TUN->SSH: 87 байт
2026-04-08 14:55:22,357 [DEBUG] SSH->TUN: 564 байт
2026-04-08 14:55:22,357 [DEBUG] TUN->SSH: 83 байт
2026-04-08 14:55:22,358 [DEBUG] SSH->TUN: 83 байт
2026-04-08 14:55:22,373 [DEBUG] SSH->TUN: 52 байт
2026-04-08 14:55:22,398 [DEBUG] TUN->SSH: 52 байт
2026-04-08 14:55:22,407 [DEBUG] SSH->TUN: 52 байт
2026-04-08 14:55:22,408 [DEBUG] SSH->TUN: 52 байт
2026-04-08 14:55:22,408 [DEBUG] SSH->TUN: 52 байт
2026-04-08 14:55:22,408 [DEBUG] SSH->TUN: 1280 байт
2026-04-08 14:55:22,409 [DEBUG] TUN->SSH: 52 байт
2026-04-08 14:55:22,409 [DEBUG] SSH->TUN: 199 байт
2026-04-08 14:55:22,409 [DEBUG] TUN->SSH: 52 байт
2026-04-08 14:55:22,410 [DEBUG] SSH->TUN: 144 байт
2026-04-08 14:55:22,410 [DEBUG] TUN->SSH: 116 байт
2026-04-08 14:55:22,410 [DEBUG] SSH->TUN: 120 байт
2026-04-08 14:55:22,410 [DEBUG] TUN->SSH: 144 байт
2026-04-08 14:55:22,411 [DEBUG] TUN->SSH: 1280 байт
2026-04-08 14:55:22,411 [DEBUG] TUN->SSH: 1280 байт
2026-04-08 14:55:22,411 [DEBUG] TUN->SSH: 1280 байт
2026-04-08 14:55:22,412 [DEBUG] TUN->SSH: 1280 байт
2026-04-08 14:55:22,412 [DEBUG] TUN->SSH: 1158 байт
2026-04-08 14:55:22,412 [DEBUG] TUN->SSH: 1280 байт
2026-04-08 14:55:22,413 [DEBUG] TUN->SSH: 1280 байт
2026-04-08 14:55:22,413 [DEBUG] TUN->SSH: 482 байт
2026-04-08 14:55:22,413 [DEBUG] TUN->SSH: 52 байт
2026-04-08 14:55:22,413 [DEBUG] TUN->SSH: 52 байт
2026-04-08 14:55:22,414 [DEBUG] TUN->SSH: 52 байт
2026-04-08 14:55:22,414 [DEBUG] TUN->SSH: 60 байт
2026-04-08 14:55:22,463 [DEBUG] SSH->TUN: 580 байт
2026-04-08 14:55:22,464 [DEBUG] TUN->SSH: 83 байт
2026-04-08 14:55:22,464 [DEBUG] SSH->TUN: 83 байт
2026-04-08 14:55:22,464 [DEBUG] SSH->TUN: 52 байт
2026-04-08 14:55:22,464 [DEBUG] SSH->TUN: 52 байт
2026-04-08 14:55:22,503 [DEBUG] TUN->SSH: 60 байт
2026-04-08 14:55:22,504 [DEBUG] TUN->SSH: 52 байт
2026-04-08 14:55:22,510 [DEBUG] SSH->TUN: 52 байт
2026-04-08 14:55:22,511 [DEBUG] SSH->TUN: 52 байт
2026-04-08 14:55:22,511 [DEBUG] SSH->TUN: 52 байт
2026-04-08 14:55:22,511 [DEBUG] TUN->SSH: 52 байт
2026-04-08 14:55:22,512 [DEBUG] SSH->TUN: 60 байт
2026-04-08 14:55:22,512 [DEBUG] TUN->SSH: 52 байт
2026-04-08 14:55:22,512 [DEBUG] SSH->TUN: 52 байт
2026-04-08 14:55:22,512 [DEBUG] TUN->SSH: 1280 байт
2026-04-08 14:55:22,513 [DEBUG] TUN->SSH: 789 байт
2026-04-08 14:55:22,514 [DEBUG] SSH->TUN: 52 байт
2026-04-08 14:55:22,528 [DEBUG] SSH->TUN: 689 байт
2026-04-08 14:55:22,529 [DEBUG] TUN->SSH: 52 байт
2026-04-08 14:55:22,529 [DEBUG] SSH->TUN: 107 байт
2026-04-08 14:55:22,529 [DEBUG] TUN->SSH: 52 байт
2026-04-08 14:55:22,558 [DEBUG] SSH->TUN: 83 байт
2026-04-08 14:55:22,559 [DEBUG] TUN->SSH: 52 байт
2026-04-08 14:55:22,559 [DEBUG] SSH->TUN: 60 байт
2026-04-08 14:55:22,559 [DEBUG] TUN->SSH: 52 байт
2026-04-08 14:55:22,560 [DEBUG] TUN->SSH: 1280 байт
2026-04-08 14:55:22,560 [DEBUG] TUN->SSH: 821 байт
2026-04-08 14:55:22,562 [DEBUG] SSH->TUN: 52 байт
2026-04-08 14:55:22,576 [DEBUG] SSH->TUN: 52 байт
2026-04-08 14:55:22,576 [DEBUG] SSH->TUN: 1280 байт
2026-04-08 14:55:22,577 [DEBUG] TUN->SSH: 52 байт
2026-04-08 14:55:22,577 [DEBUG] SSH->TUN: 199 байт
2026-04-08 14:55:22,577 [DEBUG] TUN->SSH: 52 байт
2026-04-08 14:55:22,578 [DEBUG] TUN->SSH: 116 байт
2026-04-08 14:55:22,578 [DEBUG] TUN->SSH: 144 байт
2026-04-08 14:55:22,579 [DEBUG] TUN->SSH: 693 байт
2026-04-08 14:55:22,579 [DEBUG] TUN->SSH: 1280 байт
2026-04-08 14:55:22,579 [DEBUG] TUN->SSH: 1069 байт
2026-04-08 14:55:22,613 [DEBUG] SSH->TUN: 52 байт
2026-04-08 14:55:22,613 [DEBUG] SSH->TUN: 52 байт
2026-04-08 14:55:22,614 [DEBUG] SSH->TUN: 1280 байт
2026-04-08 14:55:22,614 [DEBUG] TUN->SSH: 52 байт
2026-04-08 14:55:22,614 [DEBUG] SSH->TUN: 199 байт
2026-04-08 14:55:22,615 [DEBUG] TUN->SSH: 52 байт
2026-04-08 14:55:22,615 [DEBUG] TUN->SSH: 116 байт
2026-04-08 14:55:22,629 [DEBUG] SSH->TUN: 564 байт
2026-04-08 14:55:22,630 [DEBUG] TUN->SSH: 83 байт
2026-04-08 14:55:22,661 [DEBUG] SSH->TUN: 83 байт
2026-04-08 14:55:22,661 [DEBUG] SSH->TUN: 52 байт
2026-04-08 14:55:22,661 [DEBUG] SSH->TUN: 569 байт
2026-04-08 14:55:22,661 [DEBUG] TUN->SSH: 52 байт
2026-04-08 14:55:22,662 [DEBUG] SSH->TUN: 94 байт
2026-04-08 14:55:22,662 [DEBUG] SSH->TUN: 83 байт
2026-04-08 14:55:22,663 [DEBUG] TUN->SSH: 52 байт
2026-04-08 14:55:22,664 [DEBUG] SSH->TUN: 564 байт
2026-04-08 14:55:22,705 [DEBUG] TUN->SSH: 52 байт
2026-04-08 14:55:22,720 [DEBUG] SSH->TUN: 52 байт
2026-04-08 14:55:25,259 [DEBUG] TUN->SSH: 60 байт
2026-04-08 14:55:25,314 [DEBUG] SSH->TUN: 60 байт
2026-04-08 14:55:25,315 [DEBUG] TUN->SSH: 52 байт
2026-04-08 14:55:25,315 [DEBUG] TUN->SSH: 83 байт
2026-04-08 14:55:25,368 [DEBUG] SSH->TUN: 52 байт
2026-04-08 14:55:25,369 [DEBUG] SSH->TUN: 131 байт
2026-04-08 14:55:25,369 [DEBUG] TUN->SSH: 52 байт
2026-04-08 14:55:25,369 [DEBUG] TUN->SSH: 52 байт
2026-04-08 14:55:25,371 [DEBUG] TUN->SSH: 60 байт
2026-04-08 14:55:25,419 [DEBUG] SSH->TUN: 52 байт
2026-04-08 14:55:25,419 [DEBUG] TUN->SSH: 52 байт
2026-04-08 14:55:25,425 [DEBUG] SSH->TUN: 60 байт
2026-04-08 14:55:25,426 [DEBUG] TUN->SSH: 52 байт
2026-04-08 14:55:25,426 [DEBUG] TUN->SSH: 114 байт
2026-04-08 14:55:25,480 [DEBUG] SSH->TUN: 52 байт
2026-04-08 14:55:25,480 [DEBUG] SSH->TUN: 131 байт
2026-04-08 14:55:25,481 [DEBUG] TUN->SSH: 52 байт
2026-04-08 14:55:25,481 [DEBUG] SSH->TUN: 167 байт
2026-04-08 14:55:25,481 [DEBUG] TUN->SSH: 52 байт
2026-04-08 14:55:25,482 [DEBUG] TUN->SSH: 52 байт
2026-04-08 14:55:25,482 [DEBUG] TUN->SSH: 60 байт
2026-04-08 14:55:25,531 [DEBUG] SSH->TUN: 52 байт
2026-04-08 14:55:25,531 [DEBUG] TUN->SSH: 52 байт
2026-04-08 14:55:25,591 [DEBUG] SSH->TUN: 60 байт
2026-04-08 14:55:25,591 [DEBUG] TUN->SSH: 52 байт
2026-04-08 14:55:25,592 [DEBUG] TUN->SSH: 1280 байт
2026-04-08 14:55:25,592 [DEBUG] TUN->SSH: 996 байт
2026-04-08 14:55:25,666 [DEBUG] SSH->TUN: 52 байт
2026-04-08 14:55:25,667 [DEBUG] SSH->TUN: 52 байт
2026-04-08 14:55:25,667 [DEBUG] SSH->TUN: 52 байт
2026-04-08 14:55:25,667 [DEBUG] TUN->SSH: 52 байт
2026-04-08 14:55:25,676 [DEBUG] SSH->TUN: 1280 байт
2026-04-08 14:55:25,677 [DEBUG] TUN->SSH: 52 байт
2026-04-08 14:55:25,677 [DEBUG] SSH->TUN: 284 байт
2026-04-08 14:55:25,677 [DEBUG] TUN->SSH: 52 байт
2026-04-08 14:55:25,677 [DEBUG] TUN->SSH: 126 байт
2026-04-08 14:55:25,678 [DEBUG] TUN->SSH: 144 байт
2026-04-08 14:55:25,678 [DEBUG] TUN->SSH: 715 байт
2026-04-08 14:55:25,747 [DEBUG] SSH->TUN: 1004 байт
2026-04-08 14:55:25,748 [DEBUG] TUN->SSH: 83 байт
2026-04-08 14:55:25,752 [DEBUG] SSH->TUN: 83 байт
2026-04-08 14:55:25,757 [DEBUG] SSH->TUN: 489 байт
2026-04-08 14:55:25,758 [DEBUG] TUN->SSH: 52 байт
2026-04-08 14:55:25,758 [DEBUG] SSH->TUN: 1280 байт
2026-04-08 14:55:25,759 [DEBUG] SSH->TUN: 1280 байт
2026-04-08 14:55:25,759 [DEBUG] TUN->SSH: 52 байт
2026-04-08 14:55:25,800 [DEBUG] SSH->TUN: 1280 байт
2026-04-08 14:55:25,801 [DEBUG] SSH->TUN: 1280 байт
2026-04-08 14:55:25,801 [DEBUG] TUN->SSH: 52 байт
2026-04-08 14:55:25,802 [DEBUG] SSH->TUN: 1229 байт
2026-04-08 14:55:25,802 [DEBUG] SSH->TUN: 91 байт
2026-04-08 14:55:25,802 [DEBUG] TUN->SSH: 52 байт
2026-04-08 14:55:25,803 [DEBUG] TUN->SSH: 91 байт
2026-04-08 14:55:25,827 [DEBUG] SSH->TUN: 52 байт
2026-04-08 14:55:25,873 [DEBUG] SSH->TUN: 52 байт
2026-04-08 14:55:25,927 [DEBUG] TUN->SSH: 52 байт
2026-04-08 14:55:26,010 [DEBUG] SSH->TUN: 52 байт
2026-04-08 14:55:27,057 [DEBUG] TUN->SSH: 1280 байт
2026-04-08 14:55:27,058 [DEBUG] TUN->SSH: 1280 байт
2026-04-08 14:55:27,058 [DEBUG] TUN->SSH: 1280 байт
2026-04-08 14:55:27,058 [DEBUG] TUN->SSH: 1280 байт
2026-04-08 14:55:27,059 [DEBUG] TUN->SSH: 1172 байт
2026-04-08 14:55:27,059 [DEBUG] TUN->SSH: 215 байт
2026-04-08 14:55:27,073 [DEBUG] TUN->SSH: 189 байт
2026-04-08 14:55:27,119 [DEBUG] SSH->TUN: 52 байт
2026-04-08 14:55:27,119 [DEBUG] SSH->TUN: 52 байт
2026-04-08 14:55:27,120 [DEBUG] SSH->TUN: 52 байт
2026-04-08 14:55:27,144 [DEBUG] SSH->TUN: 141 байт
2026-04-08 14:55:27,144 [DEBUG] TUN->SSH: 52 байт
2026-04-08 14:55:28,888 [DEBUG] SSH->TUN: 509 байт
2026-04-08 14:55:28,889 [DEBUG] TUN->SSH: 52 байт
2026-04-08 14:55:28,889 [DEBUG] SSH->TUN: 99 байт
2026-04-08 14:55:28,889 [DEBUG] TUN->SSH: 52 байт
2026-04-08 14:55:28,890 [DEBUG] SSH->TUN: 83 байт
2026-04-08 14:55:28,890 [DEBUG] TUN->SSH: 52 байт
2026-04-08 14:55:28,890 [DEBUG] TUN->SSH: 87 байт
2026-04-08 14:55:28,984 [DEBUG] SSH->TUN: 52 байт
2026-04-08 14:55:29,475 [DEBUG] TUN->SSH: 285 байт
2026-04-08 14:55:29,544 [DEBUG] SSH->TUN: 52 байт
2026-04-08 14:55:29,545 [DEBUG] SSH->TUN: 800 байт
2026-04-08 14:55:29,587 [DEBUG] TUN->SSH: 52 байт
2026-04-08 14:55:29,593 [DEBUG] SSH->TUN: 157 байт
2026-04-08 14:55:29,594 [DEBUG] TUN->SSH: 52 байт
2026-04-08 14:55:33,054 [DEBUG] TUN->SSH: 60 байт
2026-04-08 14:55:33,110 [DEBUG] SSH->TUN: 60 байт
2026-04-08 14:55:33,110 [DEBUG] TUN->SSH: 52 байт
2026-04-08 14:55:33,110 [DEBUG] TUN->SSH: 118 байт
2026-04-08 14:55:33,169 [DEBUG] SSH->TUN: 52 байт
2026-04-08 14:55:33,169 [DEBUG] SSH->TUN: 141 байт
2026-04-08 14:55:33,169 [DEBUG] TUN->SSH: 52 байт
2026-04-08 14:55:33,169 [DEBUG] SSH->TUN: 117 байт
2026-04-08 14:55:33,170 [DEBUG] TUN->SSH: 52 байт
2026-04-08 14:55:33,170 [DEBUG] TUN->SSH: 52 байт
2026-04-08 14:55:33,170 [DEBUG] TUN->SSH: 60 байт
2026-04-08 14:55:33,222 [DEBUG] SSH->TUN: 52 байт
2026-04-08 14:55:33,223 [DEBUG] TUN->SSH: 52 байт
2026-04-08 14:55:33,223 [DEBUG] SSH->TUN: 60 байт
2026-04-08 14:55:33,223 [DEBUG] TUN->SSH: 52 байт
2026-04-08 14:55:33,223 [DEBUG] TUN->SSH: 1280 байт
2026-04-08 14:55:33,224 [DEBUG] TUN->SSH: 786 байт
2026-04-08 14:55:33,281 [DEBUG] SSH->TUN: 52 байт
2026-04-08 14:55:33,282 [DEBUG] SSH->TUN: 52 байт
2026-04-08 14:55:33,282 [DEBUG] SSH->TUN: 1280 байт
2026-04-08 14:55:33,282 [DEBUG] TUN->SSH: 52 байт
2026-04-08 14:55:33,282 [DEBUG] SSH->TUN: 1280 байт
2026-04-08 14:55:33,283 [DEBUG] TUN->SSH: 52 байт
2026-04-08 14:55:33,283 [DEBUG] SSH->TUN: 1051 байт
2026-04-08 14:55:33,283 [DEBUG] TUN->SSH: 52 байт
2026-04-08 14:55:33,284 [DEBUG] TUN->SSH: 116 байт
2026-04-08 14:55:33,284 [DEBUG] TUN->SSH: 144 байт
2026-04-08 14:55:33,284 [DEBUG] TUN->SSH: 1081 байт
2026-04-08 14:55:33,284 [DEBUG] TUN->SSH: 138 байт
2026-04-08 14:55:33,333 [DEBUG] SSH->TUN: 564 байт
2026-04-08 14:55:33,334 [DEBUG] TUN->SSH: 83 байт
2026-04-08 14:55:33,334 [DEBUG] SSH->TUN: 83 байт
2026-04-08 14:55:33,335 [DEBUG] SSH->TUN: 52 байт
2026-04-08 14:55:33,375 [DEBUG] TUN->SSH: 52 байт
2026-04-08 14:55:33,410 [DEBUG] SSH->TUN: 641 байт
2026-04-08 14:55:33,411 [DEBUG] TUN->SSH: 52 байт
2026-04-08 14:55:33,411 [DEBUG] SSH->TUN: 139 байт
2026-04-08 14:55:33,412 [DEBUG] TUN->SSH: 52 байт
2026-04-08 14:55:33,412 [DEBUG] SSH->TUN: 83 байт
2026-04-08 14:55:33,412 [DEBUG] TUN->SSH: 52 байт
2026-04-08 14:55:34,059 [DEBUG] TUN->SSH: 60 байт
2026-04-08 14:55:34,110 [DEBUG] SSH->TUN: 60 байт
2026-04-08 14:55:34,111 [DEBUG] TUN->SSH: 52 байт
2026-04-08 14:55:34,111 [DEBUG] TUN->SSH: 120 байт
2026-04-08 14:55:34,119 [DEBUG] TUN->SSH: 144 байт
2026-04-08 14:55:34,161 [DEBUG] SSH->TUN: 52 байт
2026-04-08 14:55:34,162 [DEBUG] SSH->TUN: 102 байт
2026-04-08 14:55:34,162 [DEBUG] TUN->SSH: 52 байт
2026-04-08 14:55:34,163 [DEBUG] SSH->TUN: 148 байт
2026-04-08 14:55:34,163 [DEBUG] TUN->SSH: 52 байт
2026-04-08 14:55:34,163 [DEBUG] TUN->SSH: 52 байт
2026-04-08 14:55:34,163 [DEBUG] TUN->SSH: 60 байт
2026-04-08 14:55:34,213 [DEBUG] SSH->TUN: 52 байт
2026-04-08 14:55:34,214 [DEBUG] TUN->SSH: 52 байт
2026-04-08 14:55:34,228 [DEBUG] SSH->TUN: 60 байт
2026-04-08 14:55:34,228 [DEBUG] TUN->SSH: 52 байт
2026-04-08 14:55:34,228 [DEBUG] TUN->SSH: 1280 байт
2026-04-08 14:55:34,229 [DEBUG] TUN->SSH: 851 байт
2026-04-08 14:55:34,300 [DEBUG] SSH->TUN: 52 байт
2026-04-08 14:55:34,300 [DEBUG] SSH->TUN: 52 байт
2026-04-08 14:55:34,300 [DEBUG] SSH->TUN: 290 байт
2026-04-08 14:55:34,300 [DEBUG] TUN->SSH: 52 байт
2026-04-08 14:55:34,301 [DEBUG] TUN->SSH: 116 байт
2026-04-08 14:55:34,301 [DEBUG] TUN->SSH: 144 байт
2026-04-08 14:55:34,302 [DEBUG] TUN->SSH: 928 байт
2026-04-08 14:55:34,302 [DEBUG] TUN->SSH: 906 байт
2026-04-08 14:55:34,366 [DEBUG] SSH->TUN: 52 байт
2026-04-08 14:55:34,367 [DEBUG] SSH->TUN: 123 байт
2026-04-08 14:55:34,367 [DEBUG] TUN->SSH: 83 байт
2026-04-08 14:55:34,368 [DEBUG] SSH->TUN: 87 байт
2026-04-08 14:55:34,408 [DEBUG] TUN->SSH: 52 байт
2026-04-08 14:55:34,410 [DEBUG] SSH->TUN: 52 байт
2026-04-08 14:55:34,411 [DEBUG] SSH->TUN: 364 байт
2026-04-08 14:55:34,411 [DEBUG] TUN->SSH: 52 байт
2026-04-08 14:55:34,430 [DEBUG] SSH->TUN: 52 байт
2026-04-08 14:55:35,906 [DEBUG] SSH->TUN: 52 байт
2026-04-08 14:55:35,906 [DEBUG] TUN->SSH: 52 байт
2026-04-08 14:55:36,167 [DEBUG] TUN->SSH: 52 байт
2026-04-08 14:55:36,251 [DEBUG] SSH->TUN: 52 байт
2026-04-08 14:55:37,018 [DEBUG] SSH->TUN: 76 байт
2026-04-08 14:55:37,018 [DEBUG] TUN->SSH: 80 байт
2026-04-08 14:55:37,070 [DEBUG] SSH->TUN: 52 байт
2026-04-08 14:55:37,596 [DEBUG] TUN->SSH: 291 байт
2026-04-08 14:55:37,809 [DEBUG] SSH->TUN: 52 байт
2026-04-08 14:55:37,809 [DEBUG] SSH->TUN: 170 байт
2026-04-08 14:55:37,810 [DEBUG] TUN->SSH: 52 байт
2026-04-08 14:55:38,215 [DEBUG] TUN->SSH: 1280 байт
2026-04-08 14:55:39,050 [DEBUG] TUN->SSH: 365 байт
2026-04-08 14:55:39,243 [DEBUG] SSH->TUN: 52 байт
2026-04-08 14:55:39,318 [DEBUG] TUN->SSH: 1280 байт
2026-04-08 14:55:39,318 [DEBUG] TUN->SSH: 1280 байт
2026-04-08 14:55:39,319 [DEBUG] TUN->SSH: 1280 байт
2026-04-08 14:55:39,319 [DEBUG] TUN->SSH: 696 байт
2026-04-08 14:55:39,319 [DEBUG] TUN->SSH: 91 байт
2026-04-08 14:55:39,320 [DEBUG] TUN->SSH: 220 байт
2026-04-08 14:55:39,320 [DEBUG] TUN->SSH: 91 байт
2026-04-08 14:55:39,321 [DEBUG] TUN->SSH: 218 байт
2026-04-08 14:55:39,322 [DEBUG] TUN->SSH: 219 байт
2026-04-08 14:55:39,328 [DEBUG] TUN->SSH: 88 байт
2026-04-08 14:55:39,328 [DEBUG] TUN->SSH: 88 байт
2026-04-08 14:55:39,328 [DEBUG] TUN->SSH: 88 байт
2026-04-08 14:55:39,428 [DEBUG] SSH->TUN: 52 байт
2026-04-08 14:55:39,428 [DEBUG] SSH->TUN: 52 байт
2026-04-08 14:55:39,428 [DEBUG] SSH->TUN: 52 байт
2026-04-08 14:55:39,477 [DEBUG] SSH->TUN: 52 байт
2026-04-08 14:55:39,477 [DEBUG] SSH->TUN: 52 байт
2026-04-08 14:55:39,478 [DEBUG] SSH->TUN: 52 байт
2026-04-08 14:55:39,478 [DEBUG] SSH->TUN: 52 байт
2026-04-08 14:55:39,478 [DEBUG] SSH->TUN: 52 байт
2026-04-08 14:55:39,478 [DEBUG] SSH->TUN: 91 байт
2026-04-08 14:55:39,478 [DEBUG] SSH->TUN: 91 байт
2026-04-08 14:55:39,479 [DEBUG] SSH->TUN: 189 байт
2026-04-08 14:55:39,479 [DEBUG] TUN->SSH: 52 байт
2026-04-08 14:55:39,479 [DEBUG] SSH->TUN: 1280 байт
2026-04-08 14:55:39,479 [DEBUG] SSH->TUN: 1280 байт
2026-04-08 14:55:39,480 [DEBUG] SSH->TUN: 1280 байт
2026-04-08 14:55:39,480 [DEBUG] SSH->TUN: 1280 байт
2026-04-08 14:55:39,480 [DEBUG] SSH->TUN: 1280 байт
2026-04-08 14:55:39,480 [DEBUG] TUN->SSH: 87 байт
2026-04-08 14:55:39,481 [DEBUG] SSH->TUN: 1280 байт
2026-04-08 14:55:39,481 [DEBUG] SSH->TUN: 1280 байт
2026-04-08 14:55:39,481 [DEBUG] TUN->SSH: 52 байт
2026-04-08 14:55:39,481 [DEBUG] SSH->TUN: 757 байт
2026-04-08 14:55:39,482 [DEBUG] TUN->SSH: 91 байт
2026-04-08 14:55:39,483 [DEBUG] TUN->SSH: 60 байт
2026-04-08 14:55:39,519 [DEBUG] TUN->SSH: 52 байт
2026-04-08 14:55:39,528 [DEBUG] SSH->TUN: 1280 байт
2026-04-08 14:55:39,528 [DEBUG] SSH->TUN: 165 байт
2026-04-08 14:55:39,529 [DEBUG] TUN->SSH: 52 байт
2026-04-08 14:55:39,529 [DEBUG] SSH->TUN: 1280 байт
2026-04-08 14:55:39,529 [DEBUG] SSH->TUN: 1280 байт
2026-04-08 14:55:39,529 [DEBUG] SSH->TUN: 1280 байт
2026-04-08 14:55:39,530 [DEBUG] SSH->TUN: 1280 байт
2026-04-08 14:55:39,530 [DEBUG] TUN->SSH: 52 байт
2026-04-08 14:55:39,530 [DEBUG] SSH->TUN: 119 байт
2026-04-08 14:55:39,531 [DEBUG] TUN->SSH: 52 байт
2026-04-08 14:55:39,531 [DEBUG] SSH->TUN: 83 байт
2026-04-08 14:55:39,531 [DEBUG] TUN->SSH: 52 байт
2026-04-08 14:55:39,531 [DEBUG] SSH->TUN: 91 байт
2026-04-08 14:55:39,532 [DEBUG] TUN->SSH: 52 байт
2026-04-08 14:55:39,532 [DEBUG] SSH->TUN: 1118 байт
2026-04-08 14:55:39,532 [DEBUG] TUN->SSH: 91 байт
2026-04-08 14:55:39,532 [DEBUG] SSH->TUN: 52 байт
2026-04-08 14:55:39,533 [DEBUG] SSH->TUN: 52 байт
2026-04-08 14:55:39,533 [DEBUG] SSH->TUN: 140 байт
2026-04-08 14:55:39,533 [DEBUG] TUN->SSH: 52 байт
2026-04-08 14:55:39,533 [DEBUG] SSH->TUN: 1280 байт
2026-04-08 14:55:39,574 [DEBUG] TUN->SSH: 52 байт
2026-04-08 14:55:39,575 [DEBUG] SSH->TUN: 1280 байт
2026-04-08 14:55:39,576 [DEBUG] TUN->SSH: 52 байт
2026-04-08 14:55:39,576 [DEBUG] SSH->TUN: 1280 байт
2026-04-08 14:55:39,577 [DEBUG] TUN->SSH: 52 байт
2026-04-08 14:55:39,577 [DEBUG] SSH->TUN: 1280 байт
2026-04-08 14:55:39,577 [DEBUG] TUN->SSH: 52 байт
2026-04-08 14:55:39,577 [DEBUG] SSH->TUN: 1280 байт
2026-04-08 14:55:39,578 [DEBUG] TUN->SSH: 52 байт
2026-04-08 14:55:39,578 [DEBUG] SSH->TUN: 1280 байт
2026-04-08 14:55:39,578 [DEBUG] TUN->SSH: 52 байт
2026-04-08 14:55:39,579 [DEBUG] TUN->SSH: 52 байт
2026-04-08 14:55:39,579 [DEBUG] SSH->TUN: 1280 байт
2026-04-08 14:55:39,579 [DEBUG] SSH->TUN: 949 байт
2026-04-08 14:55:39,580 [DEBUG] TUN->SSH: 52 байт
2026-04-08 14:55:39,580 [DEBUG] SSH->TUN: 52 байт
2026-04-08 14:55:39,580 [DEBUG] SSH->TUN: 60 байт
2026-04-08 14:55:39,581 [DEBUG] TUN->SSH: 52 байт
2026-04-08 14:55:39,581 [DEBUG] TUN->SSH: 84 байт
2026-04-08 14:55:39,624 [DEBUG] SSH->TUN: 91 байт
2026-04-08 14:55:39,624 [DEBUG] TUN->SSH: 64 байт
2026-04-08 14:55:39,648 [DEBUG] SSH->TUN: 52 байт
2026-04-08 14:55:39,673 [DEBUG] SSH->TUN: 52 байт
2026-04-08 14:55:39,673 [DEBUG] SSH->TUN: 100 байт
2026-04-08 14:55:39,674 [DEBUG] TUN->SSH: 52 байт
2026-04-08 14:55:39,674 [DEBUG] TUN->SSH: 52 байт
2026-04-08 14:55:39,676 [DEBUG] TUN->SSH: 60 байт
2026-04-08 14:55:39,726 [DEBUG] TUN->SSH: 52 байт
2026-04-08 14:55:39,726 [DEBUG] SSH->TUN: 52 байт
2026-04-08 14:55:39,727 [DEBUG] SSH->TUN: 60 байт
2026-04-08 14:55:39,727 [DEBUG] TUN->SSH: 52 байт
2026-04-08 14:55:39,727 [DEBUG] TUN->SSH: 116 байт
2026-04-08 14:55:39,780 [DEBUG] SSH->TUN: 52 байт
2026-04-08 14:55:39,780 [DEBUG] SSH->TUN: 112 байт
2026-04-08 14:55:39,780 [DEBUG] TUN->SSH: 52 байт
2026-04-08 14:55:39,781 [DEBUG] SSH->TUN: 100 байт
2026-04-08 14:55:39,781 [DEBUG] TUN->SSH: 52 байт
2026-04-08 14:55:39,781 [DEBUG] TUN->SSH: 52 байт
2026-04-08 14:55:39,782 [DEBUG] TUN->SSH: 1278 байт
2026-04-08 14:55:39,782 [DEBUG] TUN->SSH: 1278 байт
2026-04-08 14:55:39,835 [DEBUG] TUN->SSH: 52 байт
2026-04-08 14:55:39,835 [DEBUG] SSH->TUN: 52 байт
2026-04-08 14:55:39,852 [DEBUG] SSH->TUN: 68 байт
2026-04-08 14:55:39,852 [DEBUG] SSH->TUN: 1278 байт
2026-04-08 14:55:39,853 [DEBUG] SSH->TUN: 1278 байт
2026-04-08 14:55:39,854 [DEBUG] TUN->SSH: 1278 байт
2026-04-08 14:55:39,867 [DEBUG] TUN->SSH: 688 байт
2026-04-08 14:55:39,868 [DEBUG] TUN->SSH: 147 байт
2026-04-08 14:55:39,868 [DEBUG] TUN->SSH: 135 байт
2026-04-08 14:55:39,889 [DEBUG] SSH->TUN: 1278 байт
2026-04-08 14:55:39,890 [DEBUG] SSH->TUN: 1278 байт
2026-04-08 14:55:39,890 [DEBUG] SSH->TUN: 1278 байт
2026-04-08 14:55:39,890 [DEBUG] TUN->SSH: 67 байт
2026-04-08 14:55:39,924 [DEBUG] TUN->SSH: 65 байт
2026-04-08 14:55:39,940 [DEBUG] SSH->TUN: 1278 байт
2026-04-08 14:55:39,940 [DEBUG] SSH->TUN: 850 байт
2026-04-08 14:55:39,940 [DEBUG] SSH->TUN: 52 байт
2026-04-08 14:55:39,941 [DEBUG] TUN->SSH: 67 байт
2026-04-08 14:55:39,942 [DEBUG] TUN->SSH: 111 байт
2026-04-08 14:55:39,942 [DEBUG] TUN->SSH: 102 байт
2026-04-08 14:55:39,966 [DEBUG] TUN->SSH: 60 байт
2026-04-08 14:55:39,970 [DEBUG] SSH->TUN: 52 байт
2026-04-08 14:55:39,970 [DEBUG] SSH->TUN: 52 байт
2026-04-08 14:55:39,970 [DEBUG] SSH->TUN: 515 байт
2026-04-08 14:55:39,970 [DEBUG] TUN->SSH: 52 байт
2026-04-08 14:55:39,971 [DEBUG] TUN->SSH: 91 байт
2026-04-08 14:55:39,971 [DEBUG] TUN->SSH: 87 байт
2026-04-08 14:55:39,985 [DEBUG] TUN->SSH: 219 байт
2026-04-08 14:55:39,997 [DEBUG] SSH->TUN: 1280 байт
2026-04-08 14:55:39,997 [DEBUG] SSH->TUN: 1280 байт
2026-04-08 14:55:39,997 [DEBUG] TUN->SSH: 52 байт
2026-04-08 14:55:39,997 [DEBUG] SSH->TUN: 1280 байт
2026-04-08 14:55:39,998 [DEBUG] SSH->TUN: 1280 байт
2026-04-08 14:55:39,998 [DEBUG] TUN->SSH: 52 байт
2026-04-08 14:55:39,998 [DEBUG] SSH->TUN: 1280 байт
2026-04-08 14:55:39,998 [DEBUG] SSH->TUN: 1280 байт
2026-04-08 14:55:39,998 [DEBUG] TUN->SSH: 52 байт
2026-04-08 14:55:40,000 [DEBUG] TUN->SSH: 87 байт
2026-04-08 14:55:40,022 [DEBUG] SSH->TUN: 1280 байт
2026-04-08 14:55:40,022 [DEBUG] SSH->TUN: 1280 байт
2026-04-08 14:55:40,023 [DEBUG] TUN->SSH: 52 байт
2026-04-08 14:55:40,043 [DEBUG] SSH->TUN: 1280 байт
2026-04-08 14:55:40,043 [DEBUG] SSH->TUN: 1280 байт
2026-04-08 14:55:40,043 [DEBUG] TUN->SSH: 52 байт
2026-04-08 14:55:40,069 [DEBUG] SSH->TUN: 1280 байт
2026-04-08 14:55:40,071 [DEBUG] TUN->SSH: 52 байт
2026-04-08 14:55:40,071 [DEBUG] SSH->TUN: 895 байт
2026-04-08 14:55:40,071 [DEBUG] SSH->TUN: 166 байт
2026-04-08 14:55:40,071 [DEBUG] SSH->TUN: 1280 байт
2026-04-08 14:55:40,072 [DEBUG] TUN->SSH: 52 байт
2026-04-08 14:55:40,072 [DEBUG] SSH->TUN: 1280 байт
2026-04-08 14:55:40,072 [DEBUG] SSH->TUN: 1280 байт
2026-04-08 14:55:40,072 [DEBUG] SSH->TUN: 1280 байт
2026-04-08 14:55:40,073 [DEBUG] SSH->TUN: 1280 байт
2026-04-08 14:55:40,073 [DEBUG] SSH->TUN: 1280 байт
2026-04-08 14:55:40,073 [DEBUG] SSH->TUN: 1280 байт
2026-04-08 14:55:40,073 [DEBUG] TUN->SSH: 52 байт
2026-04-08 14:55:40,074 [DEBUG] TUN->SSH: 219 байт
2026-04-08 14:55:40,090 [DEBUG] SSH->TUN: 1280 байт
2026-04-08 14:55:40,091 [DEBUG] SSH->TUN: 1280 байт
2026-04-08 14:55:40,091 [DEBUG] TUN->SSH: 52 байт
2026-04-08 14:55:40,116 [DEBUG] SSH->TUN: 1280 байт
2026-04-08 14:55:40,117 [DEBUG] SSH->TUN: 1280 байт
2026-04-08 14:55:40,117 [DEBUG] TUN->SSH: 52 байт
2026-04-08 14:55:40,118 [DEBUG] SSH->TUN: 1280 байт
2026-04-08 14:55:40,118 [DEBUG] SSH->TUN: 1278 байт
2026-04-08 14:55:40,118 [DEBUG] SSH->TUN: 141 байт
2026-04-08 14:55:40,118 [DEBUG] TUN->SSH: 192 байт
2026-04-08 14:55:40,119 [DEBUG] TUN->SSH: 199 байт
2026-04-08 14:55:40,122 [DEBUG] SSH->TUN: 966 байт
2026-04-08 14:55:40,122 [DEBUG] TUN->SSH: 61 байт
2026-04-08 14:55:40,122 [DEBUG] SSH->TUN: 149 байт
2026-04-08 14:55:40,123 [DEBUG] TUN->SSH: 61 байт
2026-04-08 14:55:40,123 [DEBUG] SSH->TUN: 52 байт
2026-04-08 14:55:40,123 [DEBUG] SSH->TUN: 1280 байт
2026-04-08 14:55:40,124 [DEBUG] TUN->SSH: 52 байт
2026-04-08 14:55:40,124 [DEBUG] SSH->TUN: 1280 байт
2026-04-08 14:55:40,124 [DEBUG] TUN->SSH: 52 байт
2026-04-08 14:55:40,124 [DEBUG] SSH->TUN: 166 байт
2026-04-08 14:55:40,125 [DEBUG] SSH->TUN: 1280 байт
2026-04-08 14:55:40,125 [DEBUG] TUN->SSH: 52 байт
2026-04-08 14:55:40,125 [DEBUG] SSH->TUN: 52 байт
2026-04-08 14:55:40,140 [DEBUG] SSH->TUN: 1280 байт
2026-04-08 14:55:40,140 [DEBUG] TUN->SSH: 52 байт
2026-04-08 14:55:40,141 [DEBUG] SSH->TUN: 1280 байт
2026-04-08 14:55:40,141 [DEBUG] TUN->SSH: 52 байт
2026-04-08 14:55:40,141 [DEBUG] SSH->TUN: 1280 байт
2026-04-08 14:55:40,141 [DEBUG] TUN->SSH: 52 байт
2026-04-08 14:55:40,164 [DEBUG] TUN->SSH: 52 байт
2026-04-08 14:55:40,165 [DEBUG] SSH->TUN: 1280 байт
2026-04-08 14:55:40,165 [DEBUG] TUN->SSH: 52 байт
2026-04-08 14:55:40,165 [DEBUG] SSH->TUN: 1280 байт
2026-04-08 14:55:40,165 [DEBUG] TUN->SSH: 52 байт
2026-04-08 14:55:40,198 [DEBUG] SSH->TUN: 1280 байт
2026-04-08 14:55:40,198 [DEBUG] TUN->SSH: 52 байт
2026-04-08 14:55:40,199 [DEBUG] SSH->TUN: 1280 байт
2026-04-08 14:55:40,199 [DEBUG] TUN->SSH: 52 байт
2026-04-08 14:55:40,199 [DEBUG] SSH->TUN: 1280 байт
2026-04-08 14:55:40,200 [DEBUG] TUN->SSH: 52 байт
2026-04-08 14:55:40,200 [DEBUG] SSH->TUN: 1280 байт
2026-04-08 14:55:40,200 [DEBUG] TUN->SSH: 52 байт
2026-04-08 14:55:40,200 [DEBUG] SSH->TUN: 1280 байт
2026-04-08 14:55:40,201 [DEBUG] TUN->SSH: 52 байт
2026-04-08 14:55:40,201 [DEBUG] SSH->TUN: 1280 байт
2026-04-08 14:55:40,201 [DEBUG] TUN->SSH: 52 байт
2026-04-08 14:55:40,201 [DEBUG] SSH->TUN: 1280 байт
2026-04-08 14:55:40,202 [DEBUG] TUN->SSH: 52 байт
2026-04-08 14:55:40,202 [DEBUG] SSH->TUN: 1280 байт
2026-04-08 14:55:40,202 [DEBUG] TUN->SSH: 52 байт
2026-04-08 14:55:40,202 [DEBUG] SSH->TUN: 1280 байт
2026-04-08 14:55:40,203 [DEBUG] TUN->SSH: 52 байт
2026-04-08 14:55:40,212 [DEBUG] SSH->TUN: 1280 байт
2026-04-08 14:55:40,213 [DEBUG] TUN->SSH: 52 байт
2026-04-08 14:55:40,213 [DEBUG] SSH->TUN: 1280 байт
2026-04-08 14:55:40,213 [DEBUG] TUN->SSH: 52 байт
2026-04-08 14:55:40,213 [DEBUG] SSH->TUN: 1280 байт
2026-04-08 14:55:40,213 [DEBUG] TUN->SSH: 52 байт
2026-04-08 14:55:40,244 [DEBUG] SSH->TUN: 1280 байт
2026-04-08 14:55:40,244 [DEBUG] TUN->SSH: 52 байт
2026-04-08 14:55:40,245 [DEBUG] SSH->TUN: 1280 байт
2026-04-08 14:55:40,246 [DEBUG] TUN->SSH: 52 байт
2026-04-08 14:55:40,246 [DEBUG] SSH->TUN: 1280 байт
2026-04-08 14:55:40,246 [DEBUG] TUN->SSH: 52 байт
2026-04-08 14:55:40,246 [DEBUG] SSH->TUN: 1280 байт
2026-04-08 14:55:40,247 [DEBUG] TUN->SSH: 52 байт
2026-04-08 14:55:40,247 [DEBUG] SSH->TUN: 1280 байт
2026-04-08 14:55:40,247 [DEBUG] TUN->SSH: 52 байт
2026-04-08 14:55:40,248 [DEBUG] SSH->TUN: 1280 байт
2026-04-08 14:55:40,248 [DEBUG] SSH->TUN: 1280 байт
2026-04-08 14:55:40,248 [DEBUG] TUN->SSH: 52 байт
2026-04-08 14:55:40,248 [DEBUG] SSH->TUN: 469 байт
2026-04-08 14:55:40,249 [DEBUG] TUN->SSH: 52 байт
2026-04-08 14:55:40,249 [DEBUG] SSH->TUN: 1280 байт
2026-04-08 14:55:40,249 [DEBUG] TUN->SSH: 52 байт
2026-04-08 14:55:40,249 [DEBUG] SSH->TUN: 1280 байт
2026-04-08 14:55:40,249 [DEBUG] TUN->SSH: 52 байт
2026-04-08 14:55:40,250 [DEBUG] SSH->TUN: 878 байт
2026-04-08 14:55:40,250 [DEBUG] TUN->SSH: 52 байт
2026-04-08 14:55:40,250 [DEBUG] TUN->SSH: 91 байт
2026-04-08 14:55:40,250 [DEBUG] SSH->TUN: 166 байт
2026-04-08 14:55:40,253 [DEBUG] TUN->SSH: 219 байт
2026-04-08 14:55:40,253 [DEBUG] TUN->SSH: 221 байт
2026-04-08 14:55:40,261 [DEBUG] SSH->TUN: 1280 байт
2026-04-08 14:55:40,261 [DEBUG] SSH->TUN: 1280 байт
2026-04-08 14:55:40,262 [DEBUG] TUN->SSH: 52 байт
2026-04-08 14:55:40,262 [DEBUG] SSH->TUN: 1280 байт
2026-04-08 14:55:40,295 [DEBUG] SSH->TUN: 1280 байт
2026-04-08 14:55:40,295 [DEBUG] TUN->SSH: 52 байт
2026-04-08 14:55:40,296 [DEBUG] SSH->TUN: 1280 байт
2026-04-08 14:55:40,296 [DEBUG] SSH->TUN: 1280 байт
2026-04-08 14:55:40,296 [DEBUG] TUN->SSH: 52 байт
2026-04-08 14:55:40,296 [DEBUG] SSH->TUN: 477 байт
2026-04-08 14:55:40,296 [DEBUG] SSH->TUN: 1278 байт
2026-04-08 14:55:40,297 [DEBUG] TUN->SSH: 61 байт
2026-04-08 14:55:40,297 [DEBUG] SSH->TUN: 53 байт
2026-04-08 14:55:40,297 [DEBUG] SSH->TUN: 55 байт
2026-04-08 14:55:40,299 [DEBUG] TUN->SSH: 219 байт
2026-04-08 14:55:40,328 [DEBUG] SSH->TUN: 52 байт
2026-04-08 14:55:40,328 [DEBUG] SSH->TUN: 168 байт
2026-04-08 14:55:40,328 [DEBUG] SSH->TUN: 1280 байт
2026-04-08 14:55:40,329 [DEBUG] TUN->SSH: 52 байт
2026-04-08 14:55:40,329 [DEBUG] SSH->TUN: 1280 байт
2026-04-08 14:55:40,345 [DEBUG] SSH->TUN: 1280 байт
2026-04-08 14:55:40,346 [DEBUG] TUN->SSH: 52 байт
2026-04-08 14:55:40,346 [DEBUG] SSH->TUN: 1280 байт
2026-04-08 14:55:40,346 [DEBUG] SSH->TUN: 1280 байт
2026-04-08 14:55:40,346 [DEBUG] TUN->SSH: 52 байт
2026-04-08 14:55:40,347 [DEBUG] SSH->TUN: 1280 байт
2026-04-08 14:55:40,347 [DEBUG] SSH->TUN: 1280 байт
2026-04-08 14:55:40,347 [DEBUG] TUN->SSH: 52 байт
2026-04-08 14:55:40,376 [DEBUG] SSH->TUN: 1280 байт
2026-04-08 14:55:40,376 [DEBUG] SSH->TUN: 1280 байт
2026-04-08 14:55:40,377 [DEBUG] TUN->SSH: 52 байт
2026-04-08 14:55:40,377 [DEBUG] SSH->TUN: 1280 байт
2026-04-08 14:55:40,377 [DEBUG] SSH->TUN: 1280 байт
2026-04-08 14:55:40,378 [DEBUG] TUN->SSH: 52 байт
2026-04-08 14:55:40,378 [DEBUG] SSH->TUN: 1280 байт
2026-04-08 14:55:40,378 [DEBUG] TUN->SSH: 91 байт
2026-04-08 14:55:40,379 [DEBUG] SSH->TUN: 1280 байт
2026-04-08 14:55:40,379 [DEBUG] TUN->SSH: 52 байт
2026-04-08 14:55:40,379 [DEBUG] SSH->TUN: 1280 байт
2026-04-08 14:55:40,379 [DEBUG] SSH->TUN: 1280 байт
2026-04-08 14:55:40,379 [DEBUG] TUN->SSH: 52 байт
2026-04-08 14:55:40,381 [DEBUG] TUN->SSH: 219 байт
2026-04-08 14:55:40,394 [DEBUG] SSH->TUN: 1280 байт
2026-04-08 14:55:40,394 [DEBUG] SSH->TUN: 1280 байт
2026-04-08 14:55:40,394 [DEBUG] TUN->SSH: 52 байт
2026-04-08 14:55:40,394 [DEBUG] SSH->TUN: 1280 байт
2026-04-08 14:55:40,395 [DEBUG] SSH->TUN: 1280 байт
2026-04-08 14:55:40,395 [DEBUG] TUN->SSH: 52 байт
2026-04-08 14:55:40,395 [DEBUG] SSH->TUN: 1280 байт
2026-04-08 14:55:40,395 [DEBUG] SSH->TUN: 1280 байт
2026-04-08 14:55:40,395 [DEBUG] TUN->SSH: 52 байт
2026-04-08 14:55:40,423 [DEBUG] SSH->TUN: 1280 байт
2026-04-08 14:55:40,424 [DEBUG] SSH->TUN: 1280 байт
2026-04-08 14:55:40,424 [DEBUG] TUN->SSH: 52 байт
2026-04-08 14:55:40,424 [DEBUG] SSH->TUN: 1280 байт
2026-04-08 14:55:40,424 [DEBUG] SSH->TUN: 1280 байт
2026-04-08 14:55:40,425 [DEBUG] TUN->SSH: 52 байт
2026-04-08 14:55:40,425 [DEBUG] SSH->TUN: 1280 байт
2026-04-08 14:55:40,425 [DEBUG] SSH->TUN: 1280 байт
2026-04-08 14:55:40,425 [DEBUG] TUN->SSH: 52 байт
2026-04-08 14:55:40,426 [DEBUG] SSH->TUN: 1280 байт
2026-04-08 14:55:40,426 [DEBUG] SSH->TUN: 120 байт
2026-04-08 14:55:40,426 [DEBUG] TUN->SSH: 52 байт
2026-04-08 14:55:40,430 [DEBUG] TUN->SSH: 220 байт
2026-04-08 14:55:40,431 [DEBUG] TUN->SSH: 219 байт
2026-04-08 14:55:40,452 [DEBUG] SSH->TUN: 52 байт
2026-04-08 14:55:40,461 [DEBUG] SSH->TUN: 52 байт
2026-04-08 14:55:40,473 [DEBUG] SSH->TUN: 164 байт
2026-04-08 14:55:40,473 [DEBUG] SSH->TUN: 1280 байт
2026-04-08 14:55:40,474 [DEBUG] TUN->SSH: 52 байт
2026-04-08 14:55:40,476 [DEBUG] SSH->TUN: 1280 байт
2026-04-08 14:55:40,478 [DEBUG] SSH->TUN: 1280 байт
2026-04-08 14:55:40,478 [DEBUG] TUN->SSH: 52 байт
2026-04-08 14:55:40,478 [DEBUG] SSH->TUN: 1280 байт
2026-04-08 14:55:40,500 [DEBUG] SSH->TUN: 1280 байт
2026-04-08 14:55:40,500 [DEBUG] TUN->SSH: 52 байт
2026-04-08 14:55:40,500 [DEBUG] SSH->TUN: 1280 байт
2026-04-08 14:55:40,509 [DEBUG] SSH->TUN: 1280 байт
2026-04-08 14:55:40,509 [DEBUG] TUN->SSH: 52 байт
2026-04-08 14:55:40,510 [DEBUG] SSH->TUN: 1280 байт
2026-04-08 14:55:40,520 [DEBUG] SSH->TUN: 553 байт
2026-04-08 14:55:40,520 [DEBUG] TUN->SSH: 52 байт
2026-04-08 14:55:40,521 [DEBUG] SSH->TUN: 168 байт
2026-04-08 14:55:40,521 [DEBUG] TUN->SSH: 91 байт
2026-04-08 14:55:40,521 [DEBUG] SSH->TUN: 1280 байт
2026-04-08 14:55:40,522 [DEBUG] SSH->TUN: 1280 байт
2026-04-08 14:55:40,522 [DEBUG] TUN->SSH: 52 байт
2026-04-08 14:55:40,525 [DEBUG] TUN->SSH: 219 байт
2026-04-08 14:55:40,525 [DEBUG] SSH->TUN: 1280 байт
2026-04-08 14:55:40,525 [DEBUG] SSH->TUN: 1280 байт
2026-04-08 14:55:40,526 [DEBUG] TUN->SSH: 52 байт
2026-04-08 14:55:40,526 [DEBUG] SSH->TUN: 1280 байт
2026-04-08 14:55:40,526 [DEBUG] SSH->TUN: 1280 байт
2026-04-08 14:55:40,527 [DEBUG] TUN->SSH: 52 байт
2026-04-08 14:55:40,527 [DEBUG] SSH->TUN: 1280 байт
2026-04-08 14:55:40,527 [DEBUG] SSH->TUN: 1280 байт
2026-04-08 14:55:40,527 [DEBUG] TUN->SSH: 52 байт
2026-04-08 14:55:40,527 [DEBUG] SSH->TUN: 1280 байт
2026-04-08 14:55:40,527 [DEBUG] SSH->TUN: 1280 байт
2026-04-08 14:55:40,528 [DEBUG] TUN->SSH: 52 байт
2026-04-08 14:55:40,551 [DEBUG] SSH->TUN: 1280 байт
2026-04-08 14:55:40,551 [DEBUG] SSH->TUN: 1280 байт
2026-04-08 14:55:40,551 [DEBUG] TUN->SSH: 52 байт
2026-04-08 14:55:40,551 [DEBUG] SSH->TUN: 1280 байт
2026-04-08 14:55:40,558 [DEBUG] SSH->TUN: 1280 байт
2026-04-08 14:55:40,558 [DEBUG] TUN->SSH: 52 байт
2026-04-08 14:55:40,558 [DEBUG] SSH->TUN: 1280 байт
2026-04-08 14:55:40,568 [DEBUG] SSH->TUN: 1280 байт
2026-04-08 14:55:40,569 [DEBUG] TUN->SSH: 52 байт
2026-04-08 14:55:40,569 [DEBUG] SSH->TUN: 1280 байт
2026-04-08 14:55:40,569 [DEBUG] SSH->TUN: 1280 байт
2026-04-08 14:55:40,569 [DEBUG] TUN->SSH: 52 байт
2026-04-08 14:55:40,569 [DEBUG] SSH->TUN: 756 байт
2026-04-08 14:55:40,596 [DEBUG] SSH->TUN: 52 байт
2026-04-08 14:55:40,600 [DEBUG] SSH->TUN: 52 байт
2026-04-08 14:55:40,611 [DEBUG] TUN->SSH: 52 байт
2026-04-08 14:55:40,612 [DEBUG] SSH->TUN: 164 байт
2026-04-08 14:55:40,613 [DEBUG] TUN->SSH: 52 байт
2026-04-08 14:55:40,613 [DEBUG] SSH->TUN: 1280 байт
2026-04-08 14:55:40,613 [DEBUG] TUN->SSH: 52 байт
2026-04-08 14:55:40,615 [DEBUG] SSH->TUN: 1280 байт
2026-04-08 14:55:40,615 [DEBUG] TUN->SSH: 52 байт
2026-04-08 14:55:40,618 [DEBUG] SSH->TUN: 1280 байт
2026-04-08 14:55:40,618 [DEBUG] TUN->SSH: 52 байт
2026-04-08 14:55:40,618 [DEBUG] SSH->TUN: 1280 байт
2026-04-08 14:55:40,618 [DEBUG] TUN->SSH: 52 байт
2026-04-08 14:55:40,648 [DEBUG] SSH->TUN: 1280 байт
2026-04-08 14:55:40,648 [DEBUG] TUN->SSH: 52 байт
2026-04-08 14:55:40,648 [DEBUG] SSH->TUN: 1280 байт
2026-04-08 14:55:40,649 [DEBUG] TUN->SSH: 52 байт
2026-04-08 14:55:40,649 [DEBUG] TUN->SSH: 52 байт
2026-04-08 14:55:40,649 [DEBUG] SSH->TUN: 1280 байт
2026-04-08 14:55:40,649 [DEBUG] SSH->TUN: 1280 байт
2026-04-08 14:55:40,649 [DEBUG] TUN->SSH: 52 байт
2026-04-08 14:55:40,660 [DEBUG] SSH->TUN: 1280 байт
2026-04-08 14:55:40,661 [DEBUG] TUN->SSH: 52 байт
2026-04-08 14:55:40,661 [DEBUG] SSH->TUN: 1280 байт
2026-04-08 14:55:40,661 [DEBUG] TUN->SSH: 52 байт
2026-04-08 14:55:40,661 [DEBUG] SSH->TUN: 497 байт
2026-04-08 14:55:40,661 [DEBUG] TUN->SSH: 52 байт
2026-04-08 14:55:40,662 [DEBUG] TUN->SSH: 91 байт
2026-04-08 14:55:40,737 [DEBUG] SSH->TUN: 52 байт
2026-04-08 14:55:42,063 [DEBUG] TUN->SSH: 349 байт
2026-04-08 14:55:42,094 [DEBUG] TUN->SSH: 237 байт
2026-04-08 14:55:42,136 [DEBUG] SSH->TUN: 141 байт
2026-04-08 14:55:42,137 [DEBUG] TUN->SSH: 52 байт
2026-04-08 14:55:42,192 [DEBUG] SSH->TUN: 52 байт
2026-04-08 14:55:42,194 [DEBUG] SSH->TUN: 141 байт
2026-04-08 14:55:42,194 [DEBUG] TUN->SSH: 52 байт
2026-04-08 14:55:42,255 [DEBUG] TUN->SSH: 326 байт
2026-04-08 14:55:42,255 [DEBUG] TUN->SSH: 91 байт
2026-04-08 14:55:42,256 [DEBUG] TUN->SSH: 1280 байт
2026-04-08 14:55:42,256 [DEBUG] TUN->SSH: 1079 байт
2026-04-08 14:55:42,305 [DEBUG] SSH->TUN: 52 байт
2026-04-08 14:55:42,306 [DEBUG] SSH->TUN: 52 байт
2026-04-08 14:55:42,306 [DEBUG] SSH->TUN: 52 байт
2026-04-08 14:55:42,309 [DEBUG] SSH->TUN: 91 байт
2026-04-08 14:55:42,320 [DEBUG] SSH->TUN: 133 байт
2026-04-08 14:55:42,320 [DEBUG] TUN->SSH: 52 байт
2026-04-08 14:55:42,320 [DEBUG] SSH->TUN: 94 байт
2026-04-08 14:55:42,322 [DEBUG] TUN->SSH: 87 байт
2026-04-08 14:55:42,353 [DEBUG] SSH->TUN: 83 байт
2026-04-08 14:55:42,407 [DEBUG] TUN->SSH: 52 байт
2026-04-08 14:55:42,413 [DEBUG] SSH->TUN: 52 байт
2026-04-08 14:55:44,478 [INFO] Останавливаю туннель...
2026-04-08 14:55:44,481 [DEBUG] Восстановлен: default via 192.168.5.1 dev wlp0s20f3
2026-04-08 14:55:44,481 [INFO] Маршруты восстановлены
2026-04-08 14:55:44,491 [INFO] Интерфейс strans-tun0 удалён
2026-04-08 14:55:44,491 [INFO] Остановлено
2026-04-08 14:55:44,491 [DEBUG] TUN->SSH: отменён
2026-04-08 14:55:44,491 [DEBUG] SSH->TUN: отменён
