2026-04-07 01:36:30,811 [INFO] === Запуск клиента ===
2026-04-07 01:36:30,811 [INFO] Лог файл: logs/client_20260407_013630.log
2026-04-07 01:36:30,812 [INFO] Подключаюсь к 217.154.79.223:2222 как 'alice'
2026-04-07 01:36:31,127 [INFO] SSH соединение установлено
2026-04-07 01:36:31,225 [INFO] PUSH_REPLY: client_ip=198.19.0.2 server_ip=198.19.0.1 mtu=1280
2026-04-07 01:36:31,236 [INFO] Интерфейс strans-tun0:
114: strans-tun0: <POINTOPOINT,MULTICAST,NOARP,UP,LOWER_UP> mtu 1280 qdisc fq_codel state UP group default qlen 500
    link/none 
    inet 198.19.0.2 peer 198.19.0.1/32 scope global strans-tun0
       valid_lft forever preferred_lft forever
2026-04-07 01:36:31,340 [INFO] SSH tunnel канал открыт
2026-04-07 01:36:31,346 [INFO] Весь трафик через strans-tun0
2026-04-07 01:36:31,346 [INFO] Туннель активен. Ctrl+C для остановки.
2026-04-07 01:36:31,346 [INFO] Форвардинг запущен
2026-04-07 01:36:31,408 [DEBUG] TUN->SSH: 40 байт
2026-04-07 01:36:31,425 [DEBUG] SSH->TUN: 77 байт
2026-04-07 01:36:31,466 [DEBUG] TUN->SSH: 52 байт
2026-04-07 01:36:31,509 [DEBUG] SSH->TUN: 115 байт
2026-04-07 01:36:31,510 [DEBUG] TUN->SSH: 40 байт
2026-04-07 01:36:31,514 [DEBUG] SSH->TUN: 76 байт
2026-04-07 01:36:31,514 [DEBUG] TUN->SSH: 52 байт
2026-04-07 01:36:31,605 [DEBUG] TUN->SSH: 60 байт
2026-04-07 01:36:31,654 [DEBUG] SSH->TUN: 60 байт
2026-04-07 01:36:31,654 [DEBUG] TUN->SSH: 52 байт
2026-04-07 01:36:31,654 [DEBUG] TUN->SSH: 122 байт
2026-04-07 01:36:31,701 [DEBUG] TUN->SSH: 60 байт
2026-04-07 01:36:31,701 [DEBUG] TUN->SSH: 60 байт
2026-04-07 01:36:31,702 [DEBUG] TUN->SSH: 60 байт
2026-04-07 01:36:31,702 [DEBUG] TUN->SSH: 60 байт
2026-04-07 01:36:31,702 [DEBUG] TUN->SSH: 60 байт
2026-04-07 01:36:31,703 [DEBUG] TUN->SSH: 60 байт
2026-04-07 01:36:31,703 [DEBUG] TUN->SSH: 60 байт
2026-04-07 01:36:31,704 [DEBUG] SSH->TUN: 378 байт
2026-04-07 01:36:31,708 [DEBUG] TUN->SSH: 60 байт
2026-04-07 01:36:31,708 [DEBUG] TUN->SSH: 60 байт
2026-04-07 01:36:31,723 [DEBUG] TUN->SSH: 60 байт
2026-04-07 01:36:31,723 [DEBUG] TUN->SSH: 60 байт
2026-04-07 01:36:31,723 [DEBUG] TUN->SSH: 60 байт
2026-04-07 01:36:31,724 [DEBUG] TUN->SSH: 60 байт
2026-04-07 01:36:31,754 [DEBUG] SSH->TUN: 60 байт
2026-04-07 01:36:31,754 [DEBUG] TUN->SSH: 52 байт
2026-04-07 01:36:31,755 [DEBUG] TUN->SSH: 144 байт
2026-04-07 01:36:31,763 [DEBUG] TUN->SSH: 60 байт
2026-04-07 01:36:31,771 [DEBUG] TUN->SSH: 60 байт
2026-04-07 01:36:31,774 [DEBUG] SSH->TUN: 60 байт
2026-04-07 01:36:31,774 [DEBUG] TUN->SSH: 52 байт
2026-04-07 01:36:31,775 [DEBUG] TUN->SSH: 157 байт
2026-04-07 01:36:31,775 [DEBUG] SSH->TUN: 60 байт
2026-04-07 01:36:31,775 [DEBUG] TUN->SSH: 52 байт
2026-04-07 01:36:31,776 [DEBUG] TUN->SSH: 518 байт
2026-04-07 01:36:31,791 [DEBUG] TUN->SSH: 40 байт
2026-04-07 01:36:31,805 [DEBUG] SSH->TUN: 336 байт
2026-04-07 01:36:31,812 [DEBUG] SSH->TUN: 169 байт
2026-04-07 01:36:31,812 [DEBUG] TUN->SSH: 64 байт
2026-04-07 01:36:31,826 [DEBUG] SSH->TUN: 60 байт
2026-04-07 01:36:31,826 [DEBUG] TUN->SSH: 52 байт
2026-04-07 01:36:31,826 [DEBUG] TUN->SSH: 1280 байт
2026-04-07 01:36:31,827 [DEBUG] TUN->SSH: 644 байт
2026-04-07 01:36:31,828 [DEBUG] TUN->SSH: 80 байт
2026-04-07 01:36:31,838 [DEBUG] SSH->TUN: 60 байт
2026-04-07 01:36:31,838 [DEBUG] TUN->SSH: 52 байт
2026-04-07 01:36:31,838 [DEBUG] TUN->SSH: 1280 байт
2026-04-07 01:36:31,839 [DEBUG] TUN->SSH: 548 байт
2026-04-07 01:36:31,841 [DEBUG] SSH->TUN: 137 байт
2026-04-07 01:36:31,842 [DEBUG] TUN->SSH: 52 байт
2026-04-07 01:36:31,842 [DEBUG] TUN->SSH: 52 байт
2026-04-07 01:36:31,842 [DEBUG] TUN->SSH: 349 байт
2026-04-07 01:36:31,843 [DEBUG] SSH->TUN: 363 байт
2026-04-07 01:36:31,843 [DEBUG] TUN->SSH: 40 байт
2026-04-07 01:36:31,851 [DEBUG] TUN->SSH: 60 байт
2026-04-07 01:36:31,851 [DEBUG] TUN->SSH: 60 байт
2026-04-07 01:36:31,875 [DEBUG] SSH->TUN: 60 байт
2026-04-07 01:36:31,875 [DEBUG] TUN->SSH: 52 байт
2026-04-07 01:36:31,875 [DEBUG] TUN->SSH: 301 байт
2026-04-07 01:36:31,876 [DEBUG] SSH->TUN: 60 байт
2026-04-07 01:36:31,876 [DEBUG] TUN->SSH: 52 байт
2026-04-07 01:36:31,876 [DEBUG] TUN->SSH: 487 байт
2026-04-07 01:36:31,878 [DEBUG] SSH->TUN: 40 байт
2026-04-07 01:36:31,892 [DEBUG] SSH->TUN: 52 байт
2026-04-07 01:36:31,893 [DEBUG] SSH->TUN: 52 байт
2026-04-07 01:36:31,893 [DEBUG] SSH->TUN: 1280 байт
2026-04-07 01:36:31,893 [DEBUG] TUN->SSH: 52 байт
2026-04-07 01:36:31,895 [DEBUG] SSH->TUN: 2257 байт
2026-04-07 01:36:31,895 [DEBUG] TUN->SSH: 52 байт
2026-04-07 01:36:31,907 [DEBUG] SSH->TUN: 104 байт
2026-04-07 01:36:31,908 [DEBUG] SSH->TUN: 2560 байт
2026-04-07 01:36:31,908 [DEBUG] TUN->SSH: 52 байт
2026-04-07 01:36:31,909 [DEBUG] SSH->TUN: 976 байт
2026-04-07 01:36:31,909 [DEBUG] TUN->SSH: 64 байт
2026-04-07 01:36:31,909 [DEBUG] SSH->TUN: 120 байт
2026-04-07 01:36:31,910 [DEBUG] TUN->SSH: 52 байт
2026-04-07 01:36:31,910 [DEBUG] SSH->TUN: 52 байт
2026-04-07 01:36:31,910 [DEBUG] TUN->SSH: 333 байт
2026-04-07 01:36:31,910 [DEBUG] TUN->SSH: 40 байт
2026-04-07 01:36:31,921 [DEBUG] SSH->TUN: 1135 байт
2026-04-07 01:36:31,962 [DEBUG] TUN->SSH: 52 байт
2026-04-07 01:36:32,000 [DEBUG] SSH->TUN: 1280 байт
2026-04-07 01:36:32,001 [DEBUG] TUN->SSH: 52 байт
2026-04-07 01:36:32,001 [DEBUG] TUN->SSH: 390 байт
2026-04-07 01:36:32,049 [DEBUG] SSH->TUN: 213 байт
2026-04-07 01:36:32,050 [DEBUG] TUN->SSH: 52 байт
2026-04-07 01:36:32,050 [DEBUG] SSH->TUN: 290 байт
2026-04-07 01:36:32,050 [DEBUG] TUN->SSH: 52 байт
2026-04-07 01:36:32,050 [DEBUG] TUN->SSH: 189 байт
2026-04-07 01:36:32,051 [DEBUG] TUN->SSH: 40 байт
2026-04-07 01:36:32,068 [DEBUG] SSH->TUN: 157 байт
2026-04-07 01:36:32,068 [DEBUG] TUN->SSH: 52 байт
2026-04-07 01:36:32,068 [DEBUG] TUN->SSH: 52 байт
2026-04-07 01:36:32,069 [DEBUG] TUN->SSH: 60 байт
2026-04-07 01:36:32,069 [DEBUG] TUN->SSH: 60 байт
2026-04-07 01:36:32,105 [DEBUG] TUN->SSH: 60 байт
2026-04-07 01:36:32,112 [DEBUG] SSH->TUN: 52 байт
2026-04-07 01:36:32,117 [DEBUG] SSH->TUN: 112 байт
2026-04-07 01:36:32,117 [DEBUG] TUN->SSH: 52 байт
2026-04-07 01:36:32,117 [DEBUG] SSH->TUN: 60 байт
2026-04-07 01:36:32,118 [DEBUG] TUN->SSH: 52 байт
2026-04-07 01:36:32,118 [DEBUG] TUN->SSH: 588 байт
2026-04-07 01:36:32,119 [DEBUG] SSH->TUN: 149 байт
2026-04-07 01:36:32,119 [DEBUG] TUN->SSH: 52 байт
2026-04-07 01:36:32,119 [DEBUG] TUN->SSH: 301 байт
2026-04-07 01:36:32,167 [DEBUG] SSH->TUN: 232 байт
2026-04-07 01:36:32,168 [DEBUG] TUN->SSH: 52 байт
2026-04-07 01:36:32,168 [DEBUG] TUN->SSH: 52 байт
2026-04-07 01:36:32,168 [DEBUG] TUN->SSH: 60 байт
2026-04-07 01:36:32,169 [DEBUG] SSH->TUN: 60 байт
2026-04-07 01:36:32,169 [DEBUG] TUN->SSH: 52 байт
2026-04-07 01:36:32,170 [DEBUG] TUN->SSH: 588 байт
2026-04-07 01:36:32,171 [DEBUG] SSH->TUN: 52 байт
2026-04-07 01:36:32,172 [DEBUG] SSH->TUN: 511 байт
2026-04-07 01:36:32,172 [DEBUG] TUN->SSH: 52 байт
2026-04-07 01:36:32,172 [DEBUG] TUN->SSH: 116 байт
2026-04-07 01:36:32,173 [DEBUG] TUN->SSH: 814 байт
2026-04-07 01:36:32,173 [DEBUG] TUN->SSH: 1280 байт
2026-04-07 01:36:32,173 [DEBUG] TUN->SSH: 1032 байт
2026-04-07 01:36:32,217 [DEBUG] SSH->TUN: 52 байт
2026-04-07 01:36:32,217 [DEBUG] TUN->SSH: 52 байт
2026-04-07 01:36:32,219 [DEBUG] SSH->TUN: 60 байт
2026-04-07 01:36:32,219 [DEBUG] TUN->SSH: 52 байт
2026-04-07 01:36:32,220 [DEBUG] SSH->TUN: 615 байт
2026-04-07 01:36:32,221 [DEBUG] TUN->SSH: 569 байт
2026-04-07 01:36:32,221 [DEBUG] SSH->TUN: 52 байт
2026-04-07 01:36:32,222 [DEBUG] SSH->TUN: 52 байт
2026-04-07 01:36:32,222 [DEBUG] TUN->SSH: 40 байт
2026-04-07 01:36:32,225 [DEBUG] SSH->TUN: 157 байт
2026-04-07 01:36:32,225 [DEBUG] TUN->SSH: 205 байт
2026-04-07 01:36:32,253 [DEBUG] SSH->TUN: 977 байт
2026-04-07 01:36:32,253 [DEBUG] TUN->SSH: 52 байт
2026-04-07 01:36:32,254 [DEBUG] TUN->SSH: 301 байт
2026-04-07 01:36:32,269 [DEBUG] SSH->TUN: 52 байт
2026-04-07 01:36:32,270 [DEBUG] SSH->TUN: 1280 байт
2026-04-07 01:36:32,270 [DEBUG] TUN->SSH: 52 байт
2026-04-07 01:36:32,270 [DEBUG] SSH->TUN: 1280 байт
2026-04-07 01:36:32,271 [DEBUG] TUN->SSH: 52 байт
2026-04-07 01:36:32,271 [DEBUG] SSH->TUN: 474 байт
2026-04-07 01:36:32,271 [DEBUG] TUN->SSH: 52 байт
2026-04-07 01:36:32,275 [DEBUG] TUN->SSH: 132 байт
2026-04-07 01:36:32,299 [DEBUG] TUN->SSH: 40 байт
2026-04-07 01:36:32,323 [DEBUG] TUN->SSH: 60 байт
2026-04-07 01:36:32,323 [DEBUG] SSH->TUN: 612 байт
2026-04-07 01:36:32,324 [DEBUG] TUN->SSH: 420 байт
2026-04-07 01:36:32,328 [DEBUG] SSH->TUN: 511 байт
2026-04-07 01:36:32,328 [DEBUG] TUN->SSH: 52 байт
2026-04-07 01:36:32,328 [DEBUG] TUN->SSH: 116 байт
2026-04-07 01:36:32,329 [DEBUG] TUN->SSH: 1251 байт
2026-04-07 01:36:32,331 [DEBUG] SSH->TUN: 157 байт
2026-04-07 01:36:32,331 [DEBUG] TUN->SSH: 301 байт
2026-04-07 01:36:32,332 [DEBUG] SSH->TUN: 247 байт
2026-04-07 01:36:32,332 [DEBUG] TUN->SSH: 263 байт
2026-04-07 01:36:32,332 [DEBUG] SSH->TUN: 656 байт
2026-04-07 01:36:32,333 [DEBUG] TUN->SSH: 52 байт
2026-04-07 01:36:32,333 [DEBUG] TUN->SSH: 118 байт
2026-04-07 01:36:32,343 [DEBUG] SSH->TUN: 437 байт
2026-04-07 01:36:32,346 [DEBUG] SSH->TUN: 240 байт
2026-04-07 01:36:32,347 [DEBUG] TUN->SSH: 178 байт
2026-04-07 01:36:32,369 [DEBUG] TUN->SSH: 60 байт
2026-04-07 01:36:32,371 [DEBUG] SSH->TUN: 60 байт
2026-04-07 01:36:32,372 [DEBUG] TUN->SSH: 52 байт
2026-04-07 01:36:32,372 [DEBUG] TUN->SSH: 150 байт
2026-04-07 01:36:32,374 [DEBUG] SSH->TUN: 962 байт
2026-04-07 01:36:32,374 [DEBUG] TUN->SSH: 40 байт
2026-04-07 01:36:32,377 [DEBUG] SSH->TUN: 52 байт
2026-04-07 01:36:32,382 [DEBUG] SSH->TUN: 104 байт
2026-04-07 01:36:32,384 [DEBUG] TUN->SSH: 52 байт
2026-04-07 01:36:32,403 [DEBUG] SSH->TUN: 168 байт
2026-04-07 01:36:32,403 [DEBUG] TUN->SSH: 285 байт
2026-04-07 01:36:32,404 [DEBUG] SSH->TUN: 762 байт
2026-04-07 01:36:32,413 [DEBUG] SSH->TUN: 52 байт
2026-04-07 01:36:32,420 [DEBUG] SSH->TUN: 226 байт
2026-04-07 01:36:32,420 [DEBUG] TUN->SSH: 52 байт
2026-04-07 01:36:32,421 [DEBUG] TUN->SSH: 588 байт
2026-04-07 01:36:32,421 [DEBUG] SSH->TUN: 427 байт
2026-04-07 01:36:32,445 [DEBUG] TUN->SSH: 52 байт
2026-04-07 01:36:32,471 [DEBUG] SSH->TUN: 231 байт
2026-04-07 01:36:32,477 [DEBUG] SSH->TUN: 52 байт
2026-04-07 01:36:32,478 [DEBUG] SSH->TUN: 511 байт
2026-04-07 01:36:32,478 [DEBUG] TUN->SSH: 52 байт
2026-04-07 01:36:32,478 [DEBUG] TUN->SSH: 116 байт
2026-04-07 01:36:32,482 [DEBUG] SSH->TUN: 581 байт
2026-04-07 01:36:32,482 [DEBUG] TUN->SSH: 52 байт
2026-04-07 01:36:32,490 [DEBUG] SSH->TUN: 52 байт
2026-04-07 01:36:32,491 [DEBUG] TUN->SSH: 40 байт
2026-04-07 01:36:32,503 [DEBUG] SSH->TUN: 437 байт
2026-04-07 01:36:32,527 [DEBUG] SSH->TUN: 264 байт
2026-04-07 01:36:32,528 [DEBUG] TUN->SSH: 64 байт
2026-04-07 01:36:32,538 [DEBUG] SSH->TUN: 221 байт
2026-04-07 01:36:32,545 [DEBUG] TUN->SSH: 52 байт
2026-04-07 01:36:32,554 [DEBUG] SSH->TUN: 541 байт
2026-04-07 01:36:32,554 [DEBUG] TUN->SSH: 52 байт
2026-04-07 01:36:32,555 [DEBUG] TUN->SSH: 52 байт
2026-04-07 01:36:32,555 [DEBUG] TUN->SSH: 52 байт
2026-04-07 01:36:32,576 [DEBUG] SSH->TUN: 163 байт
2026-04-07 01:36:32,576 [DEBUG] TUN->SSH: 52 байт
2026-04-07 01:36:32,576 [DEBUG] TUN->SSH: 52 байт
2026-04-07 01:36:32,577 [DEBUG] TUN->SSH: 60 байт
2026-04-07 01:36:32,624 [DEBUG] SSH->TUN: 52 байт
2026-04-07 01:36:32,624 [DEBUG] TUN->SSH: 40 байт
2026-04-07 01:36:32,626 [DEBUG] SSH->TUN: 112 байт
2026-04-07 01:36:32,626 [DEBUG] TUN->SSH: 52 байт
2026-04-07 01:36:32,627 [DEBUG] TUN->SSH: 569 байт
2026-04-07 01:36:32,677 [DEBUG] SSH->TUN: 52 байт
2026-04-07 01:36:32,705 [DEBUG] TUN->SSH: 60 байт
2026-04-07 01:36:32,706 [DEBUG] TUN->SSH: 60 байт
2026-04-07 01:36:32,707 [DEBUG] SSH->TUN: 260 байт
2026-04-07 01:36:32,707 [DEBUG] TUN->SSH: 52 байт
2026-04-07 01:36:32,711 [DEBUG] SSH->TUN: 103 байт
2026-04-07 01:36:32,711 [DEBUG] TUN->SSH: 52 байт
2026-04-07 01:36:32,711 [DEBUG] TUN->SSH: 103 байт
2026-04-07 01:36:32,712 [DEBUG] TUN->SSH: 151 байт
2026-04-07 01:36:32,712 [DEBUG] TUN->SSH: 787 байт
2026-04-07 01:36:32,731 [DEBUG] TUN->SSH: 116 байт
2026-04-07 01:36:32,747 [DEBUG] TUN->SSH: 60 байт
2026-04-07 01:36:32,747 [DEBUG] TUN->SSH: 60 байт
2026-04-07 01:36:32,747 [DEBUG] TUN->SSH: 60 байт
2026-04-07 01:36:32,748 [DEBUG] TUN->SSH: 60 байт
2026-04-07 01:36:32,759 [DEBUG] SSH->TUN: 52 байт
2026-04-07 01:36:32,761 [DEBUG] TUN->SSH: 52 байт
2026-04-07 01:36:32,761 [DEBUG] SSH->TUN: 52 байт
2026-04-07 01:36:32,772 [DEBUG] SSH->TUN: 60 байт
2026-04-07 01:36:32,772 [DEBUG] TUN->SSH: 52 байт
2026-04-07 01:36:32,773 [DEBUG] TUN->SSH: 225 байт
2026-04-07 01:36:32,778 [DEBUG] SSH->TUN: 60 байт
2026-04-07 01:36:32,778 [DEBUG] TUN->SSH: 52 байт
2026-04-07 01:36:32,778 [DEBUG] TUN->SSH: 534 байт
2026-04-07 01:36:32,780 [DEBUG] SSH->TUN: 64 байт
2026-04-07 01:36:32,792 [DEBUG] SSH->TUN: 220 байт
2026-04-07 01:36:32,792 [DEBUG] TUN->SSH: 90 байт
2026-04-07 01:36:32,792 [DEBUG] SSH->TUN: 90 байт
2026-04-07 01:36:32,793 [DEBUG] TUN->SSH: 64 байт
2026-04-07 01:36:32,813 [DEBUG] SSH->TUN: 3052 байт
2026-04-07 01:36:32,813 [DEBUG] TUN->SSH: 64 байт
2026-04-07 01:36:32,814 [DEBUG] SSH->TUN: 2560 байт
2026-04-07 01:36:32,814 [DEBUG] TUN->SSH: 72 байт
2026-04-07 01:36:32,814 [DEBUG] SSH->TUN: 492 байт
2026-04-07 01:36:32,815 [DEBUG] TUN->SSH: 80 байт
2026-04-07 01:36:32,815 [DEBUG] SSH->TUN: 1552 байт
2026-04-07 01:36:32,816 [DEBUG] TUN->SSH: 80 байт
2026-04-07 01:36:32,816 [DEBUG] SSH->TUN: 1552 байт
2026-04-07 01:36:32,816 [DEBUG] TUN->SSH: 80 байт
2026-04-07 01:36:32,820 [DEBUG] SSH->TUN: 1280 байт
2026-04-07 01:36:32,820 [DEBUG] TUN->SSH: 80 байт
2026-04-07 01:36:32,820 [DEBUG] SSH->TUN: 60 байт
2026-04-07 01:36:32,821 [DEBUG] TUN->SSH: 80 байт
2026-04-07 01:36:32,821 [DEBUG] SSH->TUN: 1552 байт
2026-04-07 01:36:32,822 [DEBUG] TUN->SSH: 80 байт
2026-04-07 01:36:32,822 [DEBUG] SSH->TUN: 1280 байт
2026-04-07 01:36:32,822 [DEBUG] TUN->SSH: 80 байт
2026-04-07 01:36:32,823 [DEBUG] SSH->TUN: 272 байт
2026-04-07 01:36:32,823 [DEBUG] TUN->SSH: 80 байт
2026-04-07 01:36:32,823 [DEBUG] SSH->TUN: 1280 байт
2026-04-07 01:36:32,823 [DEBUG] TUN->SSH: 80 байт
2026-04-07 01:36:32,827 [DEBUG] TUN->SSH: 52 байт
2026-04-07 01:36:32,829 [DEBUG] SSH->TUN: 1552 байт
2026-04-07 01:36:32,829 [DEBUG] TUN->SSH: 80 байт
2026-04-07 01:36:32,829 [DEBUG] SSH->TUN: 1824 байт
2026-04-07 01:36:32,830 [DEBUG] TUN->SSH: 80 байт
2026-04-07 01:36:32,840 [DEBUG] SSH->TUN: 217 байт
2026-04-07 01:36:32,840 [DEBUG] TUN->SSH: 52 байт
2026-04-07 01:36:32,840 [DEBUG] TUN->SSH: 52 байт
2026-04-07 01:36:32,841 [DEBUG] TUN->SSH: 317 байт
2026-04-07 01:36:32,843 [DEBUG] SSH->TUN: 2246 байт
2026-04-07 01:36:32,844 [DEBUG] TUN->SSH: 80 байт
2026-04-07 01:36:32,849 [DEBUG] SSH->TUN: 375 байт
2026-04-07 01:36:32,849 [DEBUG] TUN->SSH: 40 байт
2026-04-07 01:36:32,862 [DEBUG] SSH->TUN: 1280 байт
2026-04-07 01:36:32,863 [DEBUG] TUN->SSH: 80 байт
2026-04-07 01:36:32,865 [DEBUG] SSH->TUN: 1772 байт
2026-04-07 01:36:32,866 [DEBUG] TUN->SSH: 80 байт
2026-04-07 01:36:32,868 [DEBUG] SSH->TUN: 1280 байт
2026-04-07 01:36:32,869 [DEBUG] TUN->SSH: 80 байт
2026-04-07 01:36:32,881 [DEBUG] SSH->TUN: 2212 байт
2026-04-07 01:36:32,882 [DEBUG] TUN->SSH: 80 байт
2026-04-07 01:36:32,892 [DEBUG] SSH->TUN: 1280 байт
2026-04-07 01:36:32,893 [DEBUG] TUN->SSH: 80 байт
2026-04-07 01:36:32,913 [DEBUG] SSH->TUN: 2638 байт
2026-04-07 01:36:32,915 [DEBUG] SSH->TUN: 272 байт
2026-04-07 01:36:32,915 [DEBUG] SSH->TUN: 732 байт
2026-04-07 01:36:32,916 [DEBUG] TUN->SSH: 40 байт
2026-04-07 01:36:32,916 [DEBUG] TUN->SSH: 80 байт
2026-04-07 01:36:32,917 [DEBUG] SSH->TUN: 492 байт
2026-04-07 01:36:32,918 [DEBUG] TUN->SSH: 80 байт
2026-04-07 01:36:32,926 [DEBUG] SSH->TUN: 60 байт
2026-04-07 01:36:32,926 [DEBUG] TUN->SSH: 40 байт
2026-04-07 01:36:32,931 [DEBUG] SSH->TUN: 872 байт
2026-04-07 01:36:32,932 [DEBUG] TUN->SSH: 80 байт
2026-04-07 01:36:32,938 [DEBUG] SSH->TUN: 60 байт
2026-04-07 01:36:32,938 [DEBUG] TUN->SSH: 40 байт
2026-04-07 01:36:32,941 [DEBUG] SSH->TUN: 272 байт
2026-04-07 01:36:32,942 [DEBUG] TUN->SSH: 80 байт
2026-04-07 01:36:32,954 [DEBUG] TUN->SSH: 52 байт
2026-04-07 01:36:32,964 [DEBUG] SSH->TUN: 94 байт
2026-04-07 01:36:32,965 [DEBUG] TUN->SSH: 72 байт
2026-04-07 01:36:32,967 [DEBUG] SSH->TUN: 272 байт
2026-04-07 01:36:32,967 [DEBUG] TUN->SSH: 72 байт
2026-04-07 01:36:32,983 [DEBUG] SSH->TUN: 1280 байт
2026-04-07 01:36:32,983 [DEBUG] TUN->SSH: 52 байт
2026-04-07 01:36:32,990 [DEBUG] SSH->TUN: 1280 байт
2026-04-07 01:36:33,016 [DEBUG] SSH->TUN: 7680 байт
2026-04-07 01:36:33,017 [DEBUG] TUN->SSH: 52 байт
2026-04-07 01:36:33,017 [DEBUG] SSH->TUN: 3840 байт
2026-04-07 01:36:33,017 [DEBUG] TUN->SSH: 64 байт
2026-04-07 01:36:33,034 [DEBUG] SSH->TUN: 3840 байт
2026-04-07 01:36:33,034 [DEBUG] TUN->SSH: 72 байт
2026-04-07 01:36:33,035 [DEBUG] SSH->TUN: 1280 байт
2026-04-07 01:36:33,035 [DEBUG] TUN->SSH: 80 байт
2026-04-07 01:36:33,065 [DEBUG] SSH->TUN: 1280 байт
2026-04-07 01:36:33,066 [DEBUG] SSH->TUN: 1280 байт
2026-04-07 01:36:33,066 [DEBUG] TUN->SSH: 80 байт
2026-04-07 01:36:33,072 [DEBUG] SSH->TUN: 1280 байт
2026-04-07 01:36:33,072 [DEBUG] TUN->SSH: 80 байт
2026-04-07 01:36:33,084 [DEBUG] TUN->SSH: 52 байт
2026-04-07 01:36:33,085 [DEBUG] SSH->TUN: 1280 байт
2026-04-07 01:36:33,086 [DEBUG] TUN->SSH: 80 байт
2026-04-07 01:36:33,086 [DEBUG] SSH->TUN: 1280 байт
2026-04-07 01:36:33,086 [DEBUG] TUN->SSH: 80 байт
2026-04-07 01:36:33,100 [DEBUG] SSH->TUN: 541 байт
2026-04-07 01:36:33,100 [DEBUG] TUN->SSH: 52 байт
2026-04-07 01:36:33,101 [DEBUG] TUN->SSH: 52 байт
2026-04-07 01:36:33,101 [DEBUG] TUN->SSH: 52 байт
2026-04-07 01:36:33,115 [DEBUG] SSH->TUN: 2560 байт
2026-04-07 01:36:33,116 [DEBUG] TUN->SSH: 80 байт
2026-04-07 01:36:33,120 [DEBUG] SSH->TUN: 1280 байт
2026-04-07 01:36:33,120 [DEBUG] TUN->SSH: 80 байт
2026-04-07 01:36:33,123 [DEBUG] SSH->TUN: 1280 байт
2026-04-07 01:36:33,123 [DEBUG] TUN->SSH: 72 байт
2026-04-07 01:36:33,138 [DEBUG] TUN->SSH: 52 байт
2026-04-07 01:36:33,138 [DEBUG] SSH->TUN: 116 байт
2026-04-07 01:36:33,197 [DEBUG] SSH->TUN: 11024 байт
2026-04-07 01:36:33,198 [DEBUG] TUN->SSH: 72 байт
2026-04-07 01:36:33,235 [DEBUG] TUN->SSH: 52 байт
2026-04-07 01:36:33,236 [DEBUG] TUN->SSH: 60 байт
2026-04-07 01:36:33,247 [DEBUG] SSH->TUN: 1280 байт
2026-04-07 01:36:33,248 [DEBUG] TUN->SSH: 80 байт
2026-04-07 01:36:33,264 [DEBUG] TUN->SSH: 52 байт
2026-04-07 01:36:33,274 [DEBUG] SSH->TUN: 52 байт
2026-04-07 01:36:33,274 [DEBUG] TUN->SSH: 52 байт
2026-04-07 01:36:33,286 [DEBUG] SSH->TUN: 60 байт
2026-04-07 01:36:33,286 [DEBUG] TUN->SSH: 52 байт
2026-04-07 01:36:33,287 [DEBUG] TUN->SSH: 124 байт
2026-04-07 01:36:33,297 [DEBUG] SSH->TUN: 1280 байт
2026-04-07 01:36:33,297 [DEBUG] TUN->SSH: 72 байт
2026-04-07 01:36:33,322 [DEBUG] TUN->SSH: 40 байт
2026-04-07 01:36:33,341 [DEBUG] SSH->TUN: 330 байт
2026-04-07 01:36:33,346 [DEBUG] SSH->TUN: 2560 байт
2026-04-07 01:36:33,347 [DEBUG] TUN->SSH: 64 байт
2026-04-07 01:36:33,371 [DEBUG] TUN->SSH: 52 байт
2026-04-07 01:36:33,395 [DEBUG] SSH->TUN: 1280 байт
2026-04-07 01:36:33,396 [DEBUG] TUN->SSH: 72 байт
2026-04-07 01:36:33,396 [DEBUG] SSH->TUN: 1280 байт
2026-04-07 01:36:33,397 [DEBUG] TUN->SSH: 72 байт
2026-04-07 01:36:33,434 [DEBUG] SSH->TUN: 64 байт
2026-04-07 01:36:33,436 [DEBUG] SSH->TUN: 52 байт
2026-04-07 01:36:33,436 [DEBUG] TUN->SSH: 52 байт
2026-04-07 01:36:33,444 [DEBUG] SSH->TUN: 1280 байт
2026-04-07 01:36:33,444 [DEBUG] TUN->SSH: 64 байт
2026-04-07 01:36:33,448 [DEBUG] SSH->TUN: 1280 байт
2026-04-07 01:36:33,448 [DEBUG] TUN->SSH: 64 байт
2026-04-07 01:36:33,455 [DEBUG] SSH->TUN: 133 байт
2026-04-07 01:36:33,455 [DEBUG] TUN->SSH: 64 байт
2026-04-07 01:36:33,467 [DEBUG] TUN->SSH: 52 байт
2026-04-07 01:36:33,485 [DEBUG] SSH->TUN: 1212 байт
2026-04-07 01:36:33,486 [DEBUG] TUN->SSH: 52 байт
2026-04-07 01:36:33,495 [DEBUG] SSH->TUN: 2560 байт
2026-04-07 01:36:33,495 [DEBUG] TUN->SSH: 52 байт
2026-04-07 01:36:33,497 [DEBUG] SSH->TUN: 2560 байт
2026-04-07 01:36:33,497 [DEBUG] TUN->SSH: 64 байт
2026-04-07 01:36:33,515 [DEBUG] TUN->SSH: 80 байт
2026-04-07 01:36:33,547 [DEBUG] SSH->TUN: 3840 байт
2026-04-07 01:36:33,547 [DEBUG] TUN->SSH: 72 байт
2026-04-07 01:36:33,553 [DEBUG] SSH->TUN: 672 байт
2026-04-07 01:36:33,553 [DEBUG] TUN->SSH: 52 байт
2026-04-07 01:36:33,565 [DEBUG] SSH->TUN: 52 байт
2026-04-07 01:36:33,565 [DEBUG] TUN->SSH: 52 байт
2026-04-07 01:36:33,579 [DEBUG] TUN->SSH: 52 байт
2026-04-07 01:36:33,598 [DEBUG] SSH->TUN: 1280 байт
2026-04-07 01:36:33,598 [DEBUG] TUN->SSH: 64 байт
2026-04-07 01:36:33,649 [DEBUG] SSH->TUN: 1280 байт
2026-04-07 01:36:33,650 [DEBUG] TUN->SSH: 52 байт
2026-04-07 01:36:33,699 [DEBUG] TUN->SSH: 52 байт
2026-04-07 01:36:33,701 [DEBUG] SSH->TUN: 2560 байт
2026-04-07 01:36:33,708 [DEBUG] SSH->TUN: 145 байт
2026-04-07 01:36:33,708 [DEBUG] TUN->SSH: 52 байт
2026-04-07 01:36:33,709 [DEBUG] TUN->SSH: 52 байт
2026-04-07 01:36:33,709 [DEBUG] TUN->SSH: 60 байт
2026-04-07 01:36:33,742 [DEBUG] TUN->SSH: 52 байт
2026-04-07 01:36:33,757 [DEBUG] SSH->TUN: 52 байт
2026-04-07 01:36:33,757 [DEBUG] TUN->SSH: 52 байт
2026-04-07 01:36:33,771 [DEBUG] TUN->SSH: 60 байт
2026-04-07 01:36:33,771 [DEBUG] TUN->SSH: 60 байт
2026-04-07 01:36:33,772 [DEBUG] TUN->SSH: 60 байт
2026-04-07 01:36:33,772 [DEBUG] TUN->SSH: 60 байт
2026-04-07 01:36:33,781 [DEBUG] SSH->TUN: 60 байт
2026-04-07 01:36:33,781 [DEBUG] TUN->SSH: 52 байт
2026-04-07 01:36:33,782 [DEBUG] TUN->SSH: 1280 байт
2026-04-07 01:36:33,782 [DEBUG] TUN->SSH: 555 байт
2026-04-07 01:36:33,790 [DEBUG] SSH->TUN: 1280 байт
2026-04-07 01:36:33,790 [DEBUG] TUN->SSH: 64 байт
2026-04-07 01:36:33,791 [DEBUG] TUN->SSH: 64 байт
2026-04-07 01:36:33,791 [DEBUG] SSH->TUN: 1280 байт
2026-04-07 01:36:33,815 [DEBUG] SSH->TUN: 489 байт
2026-04-07 01:36:33,815 [DEBUG] TUN->SSH: 40 байт
2026-04-07 01:36:33,839 [DEBUG] SSH->TUN: 1280 байт
2026-04-07 01:36:33,839 [DEBUG] TUN->SSH: 52 байт
2026-04-07 01:36:33,840 [DEBUG] SSH->TUN: 1280 байт
2026-04-07 01:36:33,840 [DEBUG] TUN->SSH: 52 байт
2026-04-07 01:36:33,854 [DEBUG] SSH->TUN: 104 байт
2026-04-07 01:36:33,859 [DEBUG] SSH->TUN: 2560 байт
2026-04-07 01:36:33,860 [DEBUG] TUN->SSH: 52 байт
2026-04-07 01:36:33,860 [DEBUG] TUN->SSH: 64 байт
2026-04-07 01:36:33,860 [DEBUG] SSH->TUN: 5512 байт
2026-04-07 01:36:33,888 [DEBUG] SSH->TUN: 1280 байт
2026-04-07 01:36:33,889 [DEBUG] TUN->SSH: 52 байт
2026-04-07 01:36:33,889 [DEBUG] SSH->TUN: 2560 байт
2026-04-07 01:36:33,889 [DEBUG] TUN->SSH: 52 байт
2026-04-07 01:36:33,937 [DEBUG] SSH->TUN: 1280 байт
2026-04-07 01:36:33,938 [DEBUG] TUN->SSH: 64 байт
2026-04-07 01:36:33,938 [DEBUG] SSH->TUN: 1280 байт
2026-04-07 01:36:33,938 [DEBUG] TUN->SSH: 64 байт
2026-04-07 01:36:33,961 [DEBUG] SSH->TUN: 1280 байт
2026-04-07 01:36:33,961 [DEBUG] TUN->SSH: 52 байт
2026-04-07 01:36:33,987 [DEBUG] SSH->TUN: 1280 байт
2026-04-07 01:36:33,987 [DEBUG] TUN->SSH: 52 байт
2026-04-07 01:36:33,987 [DEBUG] SSH->TUN: 1280 байт
2026-04-07 01:36:33,988 [DEBUG] TUN->SSH: 52 байт
2026-04-07 01:36:34,038 [DEBUG] SSH->TUN: 3840 байт
2026-04-07 01:36:34,039 [DEBUG] TUN->SSH: 52 байт
2026-04-07 01:36:34,090 [DEBUG] SSH->TUN: 1280 байт
2026-04-07 01:36:34,090 [DEBUG] TUN->SSH: 64 байт
2026-04-07 01:36:34,142 [DEBUG] SSH->TUN: 1280 байт
2026-04-07 01:36:34,142 [DEBUG] TUN->SSH: 64 байт
2026-04-07 01:36:34,155 [DEBUG] TUN->SSH: 52 байт
2026-04-07 01:36:34,197 [DEBUG] SSH->TUN: 1280 байт
2026-04-07 01:36:34,197 [DEBUG] TUN->SSH: 52 байт
2026-04-07 01:36:34,198 [DEBUG] SSH->TUN: 1280 байт
2026-04-07 01:36:34,198 [DEBUG] TUN->SSH: 52 байт
2026-04-07 01:36:34,247 [DEBUG] SSH->TUN: 2560 байт
2026-04-07 01:36:34,247 [DEBUG] TUN->SSH: 52 байт
2026-04-07 01:36:34,248 [DEBUG] SSH->TUN: 1280 байт
2026-04-07 01:36:34,248 [DEBUG] TUN->SSH: 64 байт
2026-04-07 01:36:34,295 [DEBUG] SSH->TUN: 1280 байт
2026-04-07 01:36:34,296 [DEBUG] TUN->SSH: 64 байт
2026-04-07 01:36:34,296 [DEBUG] SSH->TUN: 1280 байт
2026-04-07 01:36:34,296 [DEBUG] TUN->SSH: 64 байт
2026-04-07 01:36:34,302 [DEBUG] SSH->TUN: 1280 байт
2026-04-07 01:36:34,303 [DEBUG] TUN->SSH: 52 байт
2026-04-07 01:36:34,314 [DEBUG] SSH->TUN: 1280 байт
2026-04-07 01:36:34,314 [DEBUG] TUN->SSH: 52 байт
2026-04-07 01:36:34,345 [DEBUG] SSH->TUN: 1280 байт
2026-04-07 01:36:34,346 [DEBUG] TUN->SSH: 52 байт
2026-04-07 01:36:34,351 [DEBUG] SSH->TUN: 1280 байт
2026-04-07 01:36:34,352 [DEBUG] TUN->SSH: 52 байт
2026-04-07 01:36:34,390 [DEBUG] SSH->TUN: 2952 байт
2026-04-07 01:36:34,391 [DEBUG] TUN->SSH: 52 байт
2026-04-07 01:36:34,395 [DEBUG] SSH->TUN: 2560 байт
2026-04-07 01:36:34,395 [DEBUG] TUN->SSH: 52 байт
2026-04-07 01:36:34,401 [DEBUG] SSH->TUN: 1280 байт
2026-04-07 01:36:34,401 [DEBUG] TUN->SSH: 64 байт
2026-04-07 01:36:34,447 [DEBUG] SSH->TUN: 1280 байт
2026-04-07 01:36:34,447 [DEBUG] TUN->SSH: 64 байт
2026-04-07 01:36:34,449 [DEBUG] SSH->TUN: 1280 байт
2026-04-07 01:36:34,449 [DEBUG] TUN->SSH: 52 байт
2026-04-07 01:36:34,496 [DEBUG] SSH->TUN: 1280 байт
2026-04-07 01:36:34,497 [DEBUG] TUN->SSH: 52 байт
2026-04-07 01:36:34,497 [DEBUG] SSH->TUN: 1280 байт
2026-04-07 01:36:34,498 [DEBUG] TUN->SSH: 52 байт
2026-04-07 01:36:34,550 [DEBUG] SSH->TUN: 3840 байт
2026-04-07 01:36:34,550 [DEBUG] TUN->SSH: 52 байт
2026-04-07 01:36:34,599 [DEBUG] SSH->TUN: 1280 байт
2026-04-07 01:36:34,599 [DEBUG] TUN->SSH: 64 байт
2026-04-07 01:36:34,652 [DEBUG] SSH->TUN: 1280 байт
2026-04-07 01:36:34,653 [DEBUG] TUN->SSH: 64 байт
2026-04-07 01:36:34,702 [DEBUG] SSH->TUN: 1280 байт
2026-04-07 01:36:34,702 [DEBUG] TUN->SSH: 52 байт
2026-04-07 01:36:34,702 [DEBUG] SSH->TUN: 1280 байт
2026-04-07 01:36:34,702 [DEBUG] TUN->SSH: 52 байт
2026-04-07 01:36:34,746 [DEBUG] SSH->TUN: 1280 байт
2026-04-07 01:36:34,746 [DEBUG] TUN->SSH: 52 байт
2026-04-07 01:36:34,755 [DEBUG] SSH->TUN: 3840 байт
2026-04-07 01:36:34,795 [DEBUG] TUN->SSH: 60 байт
2026-04-07 01:36:34,795 [DEBUG] TUN->SSH: 60 байт
2026-04-07 01:36:34,796 [DEBUG] TUN->SSH: 60 байт
2026-04-07 01:36:34,796 [DEBUG] TUN->SSH: 60 байт
2026-04-07 01:36:34,796 [DEBUG] TUN->SSH: 52 байт
2026-04-07 01:36:34,819 [DEBUG] SSH->TUN: 392 байт
2026-04-07 01:36:34,819 [DEBUG] TUN->SSH: 52 байт
2026-04-07 01:36:34,819 [DEBUG] TUN->SSH: 116 байт
2026-04-07 01:36:34,820 [DEBUG] TUN->SSH: 262 байт
2026-04-07 01:36:34,849 [DEBUG] SSH->TUN: 1280 байт
2026-04-07 01:36:34,849 [DEBUG] TUN->SSH: 64 байт
2026-04-07 01:36:34,873 [DEBUG] TUN->SSH: 60 байт
2026-04-07 01:36:34,893 [DEBUG] SSH->TUN: 52 байт
2026-04-07 01:36:34,902 [DEBUG] SSH->TUN: 1869 байт
2026-04-07 01:36:34,903 [DEBUG] TUN->SSH: 64 байт
2026-04-07 01:36:34,906 [DEBUG] SSH->TUN: 231 байт
2026-04-07 01:36:34,906 [DEBUG] TUN->SSH: 64 байт
2026-04-07 01:36:34,925 [DEBUG] SSH->TUN: 60 байт
2026-04-07 01:36:34,925 [DEBUG] TUN->SSH: 52 байт
2026-04-07 01:36:34,925 [DEBUG] TUN->SSH: 118 байт
2026-04-07 01:36:34,960 [DEBUG] SSH->TUN: 2560 байт
2026-04-07 01:36:34,960 [DEBUG] TUN->SSH: 52 байт
2026-04-07 01:36:34,979 [DEBUG] SSH->TUN: 332 байт
2026-04-07 01:36:34,997 [DEBUG] SSH->TUN: 589 байт
2026-04-07 01:36:34,997 [DEBUG] TUN->SSH: 52 байт
2026-04-07 01:36:35,009 [DEBUG] SSH->TUN: 1280 байт
2026-04-07 01:36:35,009 [DEBUG] TUN->SSH: 64 байт
2026-04-07 01:36:35,062 [DEBUG] SSH->TUN: 1280 байт
2026-04-07 01:36:35,062 [DEBUG] TUN->SSH: 52 байт
2026-04-07 01:36:35,069 [DEBUG] SSH->TUN: 86 байт
2026-04-07 01:36:35,086 [DEBUG] SSH->TUN: 147 байт
2026-04-07 01:36:35,087 [DEBUG] TUN->SSH: 64 байт
2026-04-07 01:36:35,110 [DEBUG] TUN->SSH: 52 байт
2026-04-07 01:36:35,113 [DEBUG] SSH->TUN: 2560 байт
2026-04-07 01:36:35,115 [DEBUG] TUN->SSH: 52 байт
2026-04-07 01:36:35,115 [DEBUG] TUN->SSH: 52 байт
2026-04-07 01:36:35,138 [DEBUG] SSH->TUN: 133 байт
2026-04-07 01:36:35,138 [DEBUG] TUN->SSH: 52 байт
2026-04-07 01:36:35,138 [DEBUG] TUN->SSH: 52 байт
2026-04-07 01:36:35,139 [DEBUG] TUN->SSH: 60 байт
2026-04-07 01:36:35,154 [DEBUG] TUN->SSH: 52 байт
2026-04-07 01:36:35,165 [DEBUG] SSH->TUN: 52 байт
2026-04-07 01:36:35,166 [DEBUG] SSH->TUN: 128 байт
2026-04-07 01:36:35,166 [DEBUG] TUN->SSH: 40 байт
2026-04-07 01:36:35,190 [DEBUG] TUN->SSH: 52 байт
2026-04-07 01:36:35,190 [DEBUG] SSH->TUN: 112 байт
2026-04-07 01:36:35,204 [DEBUG] TUN->SSH: 64 байт
2026-04-07 01:36:35,204 [DEBUG] SSH->TUN: 1280 байт
2026-04-07 01:36:35,253 [DEBUG] SSH->TUN: 1280 байт
2026-04-07 01:36:35,253 [DEBUG] TUN->SSH: 52 байт
2026-04-07 01:36:35,302 [DEBUG] SSH->TUN: 2560 байт
2026-04-07 01:36:35,334 [DEBUG] TUN->SSH: 60 байт
2026-04-07 01:36:35,338 [DEBUG] TUN->SSH: 40 байт
2026-04-07 01:36:35,359 [DEBUG] TUN->SSH: 52 байт
2026-04-07 01:36:35,386 [DEBUG] SSH->TUN: 60 байт
2026-04-07 01:36:35,386 [DEBUG] TUN->SSH: 52 байт
2026-04-07 01:36:35,386 [DEBUG] TUN->SSH: 126 байт
2026-04-07 01:36:35,408 [DEBUG] SSH->TUN: 1280 байт
2026-04-07 01:36:35,408 [DEBUG] TUN->SSH: 64 байт
2026-04-07 01:36:35,440 [DEBUG] SSH->TUN: 408 байт
2026-04-07 01:36:35,451 [DEBUG] SSH->TUN: 196 байт
2026-04-07 01:36:35,451 [DEBUG] TUN->SSH: 64 байт
2026-04-07 01:36:35,456 [DEBUG] SSH->TUN: 1280 байт
2026-04-07 01:36:35,456 [DEBUG] TUN->SSH: 52 байт
2026-04-07 01:36:35,504 [DEBUG] SSH->TUN: 1280 байт
2026-04-07 01:36:35,505 [DEBUG] SSH->TUN: 1636 байт
2026-04-07 01:36:35,505 [DEBUG] TUN->SSH: 52 байт
2026-04-07 01:36:35,554 [DEBUG] SSH->TUN: 2560 байт
2026-04-07 01:36:35,611 [DEBUG] TUN->SSH: 52 байт
2026-04-07 01:36:35,627 [DEBUG] TUN->SSH: 52 байт
2026-04-07 01:36:35,627 [DEBUG] TUN->SSH: 52 байт
2026-04-07 01:36:35,660 [DEBUG] SSH->TUN: 1280 байт
2026-04-07 01:36:35,660 [DEBUG] TUN->SSH: 64 байт
2026-04-07 01:36:35,661 [DEBUG] SSH->TUN: 1280 байт
2026-04-07 01:36:35,661 [DEBUG] TUN->SSH: 64 байт
2026-04-07 01:36:35,676 [DEBUG] SSH->TUN: 128 байт
2026-04-07 01:36:35,677 [DEBUG] SSH->TUN: 52 байт
2026-04-07 01:36:35,677 [DEBUG] TUN->SSH: 40 байт
2026-04-07 01:36:35,710 [DEBUG] SSH->TUN: 2560 байт
2026-04-07 01:36:35,710 [DEBUG] TUN->SSH: 52 байт
2026-04-07 01:36:35,758 [DEBUG] SSH->TUN: 1280 байт
2026-04-07 01:36:35,759 [DEBUG] TUN->SSH: 64 байт
2026-04-07 01:36:35,766 [DEBUG] SSH->TUN: 356 байт
2026-04-07 01:36:35,766 [DEBUG] TUN->SSH: 52 байт
2026-04-07 01:36:35,767 [DEBUG] TUN->SSH: 52 байт
2026-04-07 01:36:35,768 [DEBUG] TUN->SSH: 60 байт
2026-04-07 01:36:35,810 [DEBUG] SSH->TUN: 1280 байт
2026-04-07 01:36:35,810 [DEBUG] TUN->SSH: 52 байт
2026-04-07 01:36:35,815 [DEBUG] SSH->TUN: 52 байт
2026-04-07 01:36:35,815 [DEBUG] TUN->SSH: 52 байт
2026-04-07 01:36:35,819 [DEBUG] TUN->SSH: 60 байт
2026-04-07 01:36:35,819 [DEBUG] TUN->SSH: 60 байт
2026-04-07 01:36:35,819 [DEBUG] TUN->SSH: 60 байт
2026-04-07 01:36:35,820 [DEBUG] TUN->SSH: 60 байт
2026-04-07 01:36:35,839 [DEBUG] SSH->TUN: 60 байт
2026-04-07 01:36:35,839 [DEBUG] TUN->SSH: 52 байт
2026-04-07 01:36:35,840 [DEBUG] TUN->SSH: 1280 байт
2026-04-07 01:36:35,840 [DEBUG] TUN->SSH: 736 байт
2026-04-07 01:36:35,858 [DEBUG] SSH->TUN: 2560 байт
2026-04-07 01:36:35,860 [DEBUG] TUN->SSH: 52 байт
2026-04-07 01:36:35,908 [DEBUG] SSH->TUN: 1280 байт
2026-04-07 01:36:35,908 [DEBUG] TUN->SSH: 64 байт
2026-04-07 01:36:35,912 [DEBUG] SSH->TUN: 1530 байт
2026-04-07 01:36:35,957 [DEBUG] SSH->TUN: 1280 байт
2026-04-07 01:36:35,958 [DEBUG] TUN->SSH: 52 байт
2026-04-07 01:36:36,008 [DEBUG] SSH->TUN: 2560 байт
2026-04-07 01:36:36,011 [DEBUG] TUN->SSH: 52 байт
2026-04-07 01:36:36,060 [DEBUG] SSH->TUN: 1280 байт
2026-04-07 01:36:36,061 [DEBUG] TUN->SSH: 64 байт
2026-04-07 01:36:36,069 [DEBUG] SSH->TUN: 146 байт
2026-04-07 01:36:36,070 [DEBUG] TUN->SSH: 64 байт
2026-04-07 01:36:36,111 [DEBUG] SSH->TUN: 1280 байт
2026-04-07 01:36:36,111 [DEBUG] TUN->SSH: 52 байт
2026-04-07 01:36:36,139 [DEBUG] TUN->SSH: 60 байт
2026-04-07 01:36:36,142 [DEBUG] SSH->TUN: 1280 байт
2026-04-07 01:36:36,142 [DEBUG] TUN->SSH: 52 байт
2026-04-07 01:36:36,144 [DEBUG] TUN->SSH: 116 байт
2026-04-07 01:36:36,145 [DEBUG] TUN->SSH: 144 байт
2026-04-07 01:36:36,145 [DEBUG] TUN->SSH: 346 байт
2026-04-07 01:36:36,161 [DEBUG] SSH->TUN: 2560 байт
2026-04-07 01:36:36,166 [DEBUG] TUN->SSH: 52 байт
2026-04-07 01:36:36,188 [DEBUG] SSH->TUN: 60 байт
2026-04-07 01:36:36,189 [DEBUG] TUN->SSH: 52 байт
2026-04-07 01:36:36,216 [DEBUG] SSH->TUN: 1686 байт
2026-04-07 01:36:36,216 [DEBUG] TUN->SSH: 64 байт
2026-04-07 01:36:36,237 [DEBUG] SSH->TUN: 52 байт
2026-04-07 01:36:36,237 [DEBUG] TUN->SSH: 52 байт
2026-04-07 01:36:36,237 [DEBUG] TUN->SSH: 88 байт
2026-04-07 01:36:36,237 [DEBUG] TUN->SSH: 88 байт
2026-04-07 01:36:36,238 [DEBUG] TUN->SSH: 197 байт
2026-04-07 01:36:36,239 [DEBUG] TUN->SSH: 569 байт
2026-04-07 01:36:36,266 [DEBUG] SSH->TUN: 1280 байт
2026-04-07 01:36:36,266 [DEBUG] TUN->SSH: 52 байт
2026-04-07 01:36:36,270 [DEBUG] SSH->TUN: 52 байт
2026-04-07 01:36:36,291 [DEBUG] SSH->TUN: 3036 байт
2026-04-07 01:36:36,304 [DEBUG] SSH->TUN: 40 байт
2026-04-07 01:36:36,304 [DEBUG] SSH->TUN: 40 байт
2026-04-07 01:36:36,305 [DEBUG] SSH->TUN: 40 байт
2026-04-07 01:36:36,316 [DEBUG] SSH->TUN: 2560 байт
2026-04-07 01:36:36,325 [DEBUG] TUN->SSH: 52 байт
2026-04-07 01:36:36,370 [DEBUG] SSH->TUN: 123 байт
2026-04-07 01:36:36,370 [DEBUG] TUN->SSH: 64 байт
2026-04-07 01:36:36,373 [DEBUG] SSH->TUN: 1280 байт
2026-04-07 01:36:36,373 [DEBUG] TUN->SSH: 64 байт
2026-04-07 01:36:36,393 [DEBUG] SSH->TUN: 424 байт
2026-04-07 01:36:36,393 [DEBUG] TUN->SSH: 64 байт
2026-04-07 01:36:36,422 [DEBUG] SSH->TUN: 1280 байт
2026-04-07 01:36:36,423 [DEBUG] TUN->SSH: 52 байт
2026-04-07 01:36:36,442 [DEBUG] SSH->TUN: 231 байт
2026-04-07 01:36:36,442 [DEBUG] TUN->SSH: 52 байт
2026-04-07 01:36:36,443 [DEBUG] TUN->SSH: 83 байт
2026-04-07 01:36:36,443 [DEBUG] SSH->TUN: 1280 байт
2026-04-07 01:36:36,443 [DEBUG] TUN->SSH: 64 байт
2026-04-07 01:36:36,472 [DEBUG] SSH->TUN: 1280 байт
2026-04-07 01:36:36,473 [DEBUG] SSH->TUN: 1280 байт
2026-04-07 01:36:36,473 [DEBUG] TUN->SSH: 52 байт
2026-04-07 01:36:36,495 [DEBUG] SSH->TUN: 1280 байт
2026-04-07 01:36:36,496 [DEBUG] TUN->SSH: 52 байт
2026-04-07 01:36:36,498 [DEBUG] TUN->SSH: 132 байт
2026-04-07 01:36:36,499 [DEBUG] TUN->SSH: 98 байт
2026-04-07 01:36:36,499 [DEBUG] TUN->SSH: 101 байт
2026-04-07 01:36:36,500 [DEBUG] TUN->SSH: 87 байт
2026-04-07 01:36:36,500 [DEBUG] TUN->SSH: 113 байт
2026-04-07 01:36:36,515 [DEBUG] SSH->TUN: 52 байт
2026-04-07 01:36:36,521 [DEBUG] SSH->TUN: 1280 байт
2026-04-07 01:36:36,522 [DEBUG] SSH->TUN: 1280 байт
2026-04-07 01:36:36,522 [DEBUG] TUN->SSH: 52 байт
2026-04-07 01:36:36,547 [DEBUG] TUN->SSH: 83 байт
2026-04-07 01:36:36,547 [DEBUG] SSH->TUN: 596 байт
2026-04-07 01:36:36,548 [DEBUG] SSH->TUN: 52 байт
2026-04-07 01:36:36,548 [DEBUG] SSH->TUN: 135 байт
2026-04-07 01:36:36,570 [DEBUG] SSH->TUN: 1280 байт
2026-04-07 01:36:36,571 [DEBUG] SSH->TUN: 1280 байт
2026-04-07 01:36:36,572 [DEBUG] TUN->SSH: 52 байт
2026-04-07 01:36:36,572 [DEBUG] SSH->TUN: 2560 байт
2026-04-07 01:36:36,589 [DEBUG] TUN->SSH: 52 байт
2026-04-07 01:36:36,611 [DEBUG] TUN->SSH: 52 байт
2026-04-07 01:36:36,622 [DEBUG] SSH->TUN: 2560 байт
2026-04-07 01:36:36,623 [DEBUG] TUN->SSH: 64 байт
2026-04-07 01:36:36,636 [DEBUG] SSH->TUN: 52 байт
2026-04-07 01:36:36,643 [DEBUG] SSH->TUN: 276 байт
2026-04-07 01:36:36,643 [DEBUG] TUN->SSH: 52 байт
2026-04-07 01:36:36,647 [DEBUG] SSH->TUN: 83 байт
2026-04-07 01:36:36,647 [DEBUG] TUN->SSH: 64 байт
2026-04-07 01:36:36,651 [DEBUG] TUN->SSH: 52 байт
2026-04-07 01:36:36,665 [DEBUG] SSH->TUN: 1280 байт
2026-04-07 01:36:36,665 [DEBUG] TUN->SSH: 72 байт
2026-04-07 01:36:36,671 [DEBUG] SSH->TUN: 1280 байт
2026-04-07 01:36:36,671 [DEBUG] TUN->SSH: 64 байт
2026-04-07 01:36:36,700 [DEBUG] TUN->SSH: 293 байт
2026-04-07 01:36:36,711 [DEBUG] SSH->TUN: 97 байт
2026-04-07 01:36:36,711 [DEBUG] TUN->SSH: 52 байт
2026-04-07 01:36:36,712 [DEBUG] TUN->SSH: 76 байт
2026-04-07 01:36:36,712 [DEBUG] TUN->SSH: 52 байт
2026-04-07 01:36:36,720 [DEBUG] SSH->TUN: 1280 байт
2026-04-07 01:36:36,720 [DEBUG] TUN->SSH: 52 байт
2026-04-07 01:36:36,721 [DEBUG] SSH->TUN: 1280 байт
2026-04-07 01:36:36,741 [DEBUG] SSH->TUN: 52 байт
2026-04-07 01:36:36,759 [DEBUG] SSH->TUN: 52 байт
2026-04-07 01:36:36,760 [DEBUG] SSH->TUN: 104 байт
2026-04-07 01:36:36,761 [DEBUG] TUN->SSH: 52 байт
2026-04-07 01:36:36,771 [DEBUG] SSH->TUN: 1280 байт
2026-04-07 01:36:36,772 [DEBUG] TUN->SSH: 52 байт
2026-04-07 01:36:36,822 [DEBUG] SSH->TUN: 2560 байт
2026-04-07 01:36:36,823 [DEBUG] SSH->TUN: 1280 байт
2026-04-07 01:36:36,824 [DEBUG] TUN->SSH: 64 байт
2026-04-07 01:36:36,876 [DEBUG] SSH->TUN: 1280 байт
2026-04-07 01:36:36,877 [DEBUG] TUN->SSH: 64 байт
2026-04-07 01:36:36,878 [DEBUG] TUN->SSH: 64 байт
2026-04-07 01:36:36,878 [DEBUG] SSH->TUN: 1280 байт
2026-04-07 01:36:36,882 [DEBUG] SSH->TUN: 1280 байт
2026-04-07 01:36:36,882 [DEBUG] TUN->SSH: 52 байт
2026-04-07 01:36:36,927 [DEBUG] SSH->TUN: 1280 байт
2026-04-07 01:36:36,931 [DEBUG] SSH->TUN: 1280 байт
2026-04-07 01:36:36,931 [DEBUG] TUN->SSH: 52 байт
2026-04-07 01:36:36,971 [DEBUG] TUN->SSH: 52 байт
2026-04-07 01:36:36,979 [DEBUG] SSH->TUN: 255 байт
2026-04-07 01:36:36,980 [DEBUG] TUN->SSH: 52 байт
2026-04-07 01:36:36,992 [DEBUG] SSH->TUN: 818 байт
2026-04-07 01:36:37,033 [DEBUG] TUN->SSH: 52 байт
2026-04-07 01:36:37,113 [DEBUG] TUN->SSH: 60 байт
2026-04-07 01:36:37,115 [DEBUG] TUN->SSH: 293 байт
2026-04-07 01:36:37,162 [DEBUG] SSH->TUN: 60 байт
2026-04-07 01:36:37,163 [DEBUG] TUN->SSH: 52 байт
2026-04-07 01:36:37,163 [DEBUG] TUN->SSH: 88 байт
2026-04-07 01:36:37,164 [DEBUG] TUN->SSH: 52 байт
2026-04-07 01:36:37,164 [DEBUG] TUN->SSH: 52 байт
2026-04-07 01:36:37,212 [DEBUG] SSH->TUN: 52 байт
2026-04-07 01:36:37,214 [DEBUG] SSH->TUN: 208 байт
2026-04-07 01:36:37,214 [DEBUG] TUN->SSH: 52 байт
2026-04-07 01:36:37,214 [DEBUG] TUN->SSH: 52 байт
2026-04-07 01:36:37,215 [DEBUG] TUN->SSH: 60 байт
2026-04-07 01:36:37,262 [DEBUG] SSH->TUN: 52 байт
2026-04-07 01:36:37,263 [DEBUG] TUN->SSH: 52 байт
2026-04-07 01:36:37,283 [DEBUG] SSH->TUN: 60 байт
2026-04-07 01:36:37,284 [DEBUG] TUN->SSH: 52 байт
2026-04-07 01:36:37,284 [DEBUG] TUN->SSH: 1280 байт
2026-04-07 01:36:37,284 [DEBUG] TUN->SSH: 432 байт
2026-04-07 01:36:37,351 [DEBUG] SSH->TUN: 52 байт
2026-04-07 01:36:37,352 [DEBUG] SSH->TUN: 52 байт
2026-04-07 01:36:37,353 [DEBUG] SSH->TUN: 1280 байт
2026-04-07 01:36:37,353 [DEBUG] TUN->SSH: 52 байт
2026-04-07 01:36:37,353 [DEBUG] SSH->TUN: 1280 байт
2026-04-07 01:36:37,353 [DEBUG] TUN->SSH: 52 байт
2026-04-07 01:36:37,355 [DEBUG] SSH->TUN: 3024 байт
2026-04-07 01:36:37,355 [DEBUG] TUN->SSH: 52 байт
2026-04-07 01:36:37,355 [DEBUG] SSH->TUN: 431 байт
2026-04-07 01:36:37,356 [DEBUG] TUN->SSH: 64 байт
2026-04-07 01:36:37,399 [DEBUG] SSH->TUN: 83 байт
2026-04-07 01:36:37,400 [DEBUG] TUN->SSH: 52 байт
2026-04-07 01:36:37,411 [DEBUG] TUN->SSH: 52 байт
2026-04-07 01:36:37,411 [DEBUG] TUN->SSH: 52 байт
2026-04-07 01:36:37,458 [DEBUG] SSH->TUN: 464 байт
2026-04-07 01:36:37,458 [DEBUG] TUN->SSH: 64 байт
2026-04-07 01:36:37,462 [DEBUG] SSH->TUN: 1396 байт
2026-04-07 01:36:37,463 [DEBUG] TUN->SSH: 52 байт
2026-04-07 01:36:37,464 [DEBUG] TUN->SSH: 386 байт
2026-04-07 01:36:37,466 [DEBUG] SSH->TUN: 116 байт
2026-04-07 01:36:37,531 [DEBUG] TUN->SSH: 293 байт
2026-04-07 01:36:37,532 [DEBUG] SSH->TUN: 355 байт
2026-04-07 01:36:37,533 [DEBUG] SSH->TUN: 355 байт
2026-04-07 01:36:37,534 [DEBUG] TUN->SSH: 52 байт
2026-04-07 01:36:37,534 [DEBUG] SSH->TUN: 803 байт
2026-04-07 01:36:37,535 [DEBUG] TUN->SSH: 60 байт
2026-04-07 01:36:37,576 [DEBUG] TUN->SSH: 52 байт
2026-04-07 01:36:37,591 [DEBUG] SSH->TUN: 60 байт
2026-04-07 01:36:37,591 [DEBUG] TUN->SSH: 52 байт
2026-04-07 01:36:37,591 [DEBUG] TUN->SSH: 88 байт
2026-04-07 01:36:37,641 [DEBUG] SSH->TUN: 156 байт
2026-04-07 01:36:37,675 [DEBUG] TUN->SSH: 52 байт
2026-04-07 01:36:37,675 [DEBUG] TUN->SSH: 52 байт
2026-04-07 01:36:37,676 [DEBUG] TUN->SSH: 52 байт
2026-04-07 01:36:37,676 [DEBUG] TUN->SSH: 52 байт
2026-04-07 01:36:37,710 [DEBUG] SSH->TUN: 52 байт
2026-04-07 01:36:37,710 [DEBUG] TUN->SSH: 52 байт
2026-04-07 01:36:37,725 [DEBUG] TUN->SSH: 52 байт
2026-04-07 01:36:37,725 [DEBUG] SSH->TUN: 52 байт
2026-04-07 01:36:37,725 [DEBUG] TUN->SSH: 52 байт
2026-04-07 01:36:37,726 [DEBUG] SSH->TUN: 52 байт
2026-04-07 01:36:37,726 [DEBUG] SSH->TUN: 52 байт
2026-04-07 01:36:37,727 [DEBUG] TUN->SSH: 52 байт
2026-04-07 01:36:37,867 [DEBUG] TUN->SSH: 60 байт
2026-04-07 01:36:37,867 [DEBUG] TUN->SSH: 60 байт
2026-04-07 01:36:37,868 [DEBUG] TUN->SSH: 60 байт
2026-04-07 01:36:37,868 [DEBUG] TUN->SSH: 60 байт
2026-04-07 01:36:37,898 [DEBUG] SSH->TUN: 104 байт
2026-04-07 01:36:37,898 [DEBUG] TUN->SSH: 52 байт
2026-04-07 01:36:37,899 [DEBUG] TUN->SSH: 52 байт
2026-04-07 01:36:37,899 [DEBUG] TUN->SSH: 60 байт
2026-04-07 01:36:37,948 [DEBUG] TUN->SSH: 52 байт
2026-04-07 01:36:37,948 [DEBUG] SSH->TUN: 52 байт
2026-04-07 01:36:37,960 [DEBUG] SSH->TUN: 52 байт
2026-04-07 01:36:37,960 [DEBUG] TUN->SSH: 52 байт
2026-04-07 01:36:37,965 [DEBUG] SSH->TUN: 60 байт
2026-04-07 01:36:37,965 [DEBUG] TUN->SSH: 52 байт
2026-04-07 01:36:37,966 [DEBUG] TUN->SSH: 1280 байт
2026-04-07 01:36:37,966 [DEBUG] TUN->SSH: 751 байт
2026-04-07 01:36:38,033 [DEBUG] SSH->TUN: 52 байт
2026-04-07 01:36:38,034 [DEBUG] SSH->TUN: 1332 байт
2026-04-07 01:36:38,035 [DEBUG] SSH->TUN: 2560 байт
2026-04-07 01:36:38,036 [DEBUG] TUN->SSH: 64 байт
2026-04-07 01:36:38,036 [DEBUG] SSH->TUN: 2175 байт
2026-04-07 01:36:38,036 [DEBUG] TUN->SSH: 72 байт
2026-04-07 01:36:38,124 [DEBUG] TUN->SSH: 52 байт
2026-04-07 01:36:38,138 [DEBUG] SSH->TUN: 2560 байт
2026-04-07 01:36:38,139 [DEBUG] TUN->SSH: 64 байт
2026-04-07 01:36:38,172 [DEBUG] SSH->TUN: 40 байт
2026-04-07 01:36:38,206 [DEBUG] SSH->TUN: 1280 байт
2026-04-07 01:36:38,206 [DEBUG] TUN->SSH: 64 байт
2026-04-07 01:36:38,274 [DEBUG] SSH->TUN: 1280 байт
2026-04-07 01:36:38,274 [DEBUG] TUN->SSH: 52 байт
2026-04-07 01:36:38,274 [DEBUG] SSH->TUN: 431 байт
2026-04-07 01:36:38,275 [DEBUG] TUN->SSH: 52 байт
2026-04-07 01:36:38,276 [DEBUG] TUN->SSH: 395 байт
2026-04-07 01:36:38,343 [DEBUG] SSH->TUN: 355 байт
2026-04-07 01:36:38,344 [DEBUG] SSH->TUN: 1315 байт
2026-04-07 01:36:38,344 [DEBUG] TUN->SSH: 52 байт
2026-04-07 01:36:38,379 [DEBUG] TUN->SSH: 293 байт
2026-04-07 01:36:38,593 [INFO] Останавливаю туннель...
2026-04-07 01:36:38,596 [DEBUG] Восстановлен: default via 192.168.5.1 dev wlp0s20f3
2026-04-07 01:36:38,597 [DEBUG] Восстановлен: default via 192.168.5.1 dev wlp0s20f3
2026-04-07 01:36:38,597 [INFO] Маршруты восстановлены
2026-04-07 01:36:38,611 [INFO] Интерфейс strans-tun0 удалён
2026-04-07 01:36:38,611 [INFO] Остановлено
2026-04-07 01:36:38,612 [DEBUG] TUN->SSH: отменён
2026-04-07 01:36:38,612 [DEBUG] SSH->TUN: отменён
