2026-04-09 01:20:46,666 [INFO] === Запуск клиента ===
2026-04-09 01:20:46,667 [INFO] Лог файл: logs/client_20260409_012046.log
2026-04-09 01:20:46,672 [INFO] Используется интерфейс: strans-tun0
2026-04-09 01:20:46,672 [INFO] Подключаюсь к 217.154.79.223:24 как 'alice'
2026-04-09 01:20:47,125 [INFO] SSH соединение установлено
2026-04-09 01:20:47,216 [INFO] PUSH_REPLY: client_ip=198.19.0.3 server_ip=198.19.0.1 mtu=1280 stealth=0
2026-04-09 01:20:47,222 [INFO] Интерфейс strans-tun0:
63: strans-tun0: <POINTOPOINT,MULTICAST,NOARP,UP,LOWER_UP> mtu 1280 qdisc fq_codel state UP group default qlen 500
    link/none 
    inet 198.19.0.3 peer 198.19.0.1/32 scope global strans-tun0
       valid_lft forever preferred_lft forever
2026-04-09 01:20:47,322 [INFO] SSH tunnel канал открыт
2026-04-09 01:20:47,325 [INFO] Маршрут к серверу: 217.154.79.223 via 192.168.5.1 dev wlp0s20f3
2026-04-09 01:20:47,328 [INFO] Весь трафик через strans-tun0
2026-04-09 01:20:47,328 [INFO] Туннель активен.
2026-04-09 01:20:47,328 [INFO] Форвардинг запущен [stealth=0]
2026-04-09 01:20:47,336 [DEBUG] TUN->SSH: 60 байт
2026-04-09 01:20:47,392 [DEBUG] SSH->TUN: 60 байт
2026-04-09 01:20:47,393 [DEBUG] TUN->SSH: 52 байт
2026-04-09 01:20:47,393 [DEBUG] TUN->SSH: 140 байт
2026-04-09 01:20:47,439 [DEBUG] SSH->TUN: 52 байт
2026-04-09 01:20:47,440 [DEBUG] SSH->TUN: 124 байт
2026-04-09 01:20:47,440 [DEBUG] TUN->SSH: 52 байт
2026-04-09 01:20:47,442 [DEBUG] SSH->TUN: 112 байт
2026-04-09 01:20:47,443 [DEBUG] TUN->SSH: 52 байт
2026-04-09 01:20:47,443 [DEBUG] TUN->SSH: 52 байт
2026-04-09 01:20:47,443 [DEBUG] TUN->SSH: 60 байт
2026-04-09 01:20:47,489 [DEBUG] SSH->TUN: 52 байт
2026-04-09 01:20:47,489 [DEBUG] TUN->SSH: 52 байт
2026-04-09 01:20:47,515 [DEBUG] SSH->TUN: 60 байт
2026-04-09 01:20:47,515 [DEBUG] TUN->SSH: 52 байт
2026-04-09 01:20:47,516 [DEBUG] TUN->SSH: 569 байт
2026-04-09 01:20:47,527 [DEBUG] TUN->SSH: 60 байт
2026-04-09 01:20:47,569 [DEBUG] SSH->TUN: 60 байт
2026-04-09 01:20:47,570 [DEBUG] TUN->SSH: 52 байт
2026-04-09 01:20:47,570 [DEBUG] TUN->SSH: 120 байт
2026-04-09 01:20:47,594 [DEBUG] SSH->TUN: 52 байт
2026-04-09 01:20:47,600 [DEBUG] SSH->TUN: 1280 байт
2026-04-09 01:20:47,600 [DEBUG] TUN->SSH: 52 байт
2026-04-09 01:20:47,600 [DEBUG] SSH->TUN: 1280 байт
2026-04-09 01:20:47,600 [DEBUG] TUN->SSH: 52 байт
2026-04-09 01:20:47,601 [DEBUG] SSH->TUN: 1280 байт
2026-04-09 01:20:47,601 [DEBUG] TUN->SSH: 52 байт
2026-04-09 01:20:47,601 [DEBUG] SSH->TUN: 999 байт
2026-04-09 01:20:47,601 [DEBUG] TUN->SSH: 52 байт
2026-04-09 01:20:47,604 [DEBUG] TUN->SSH: 132 байт
2026-04-09 01:20:47,630 [DEBUG] SSH->TUN: 52 байт
2026-04-09 01:20:47,630 [DEBUG] SSH->TUN: 214 байт
2026-04-09 01:20:47,630 [DEBUG] TUN->SSH: 52 байт
2026-04-09 01:20:47,631 [DEBUG] SSH->TUN: 310 байт
2026-04-09 01:20:47,631 [DEBUG] TUN->SSH: 52 байт
2026-04-09 01:20:47,631 [DEBUG] TUN->SSH: 52 байт
2026-04-09 01:20:47,631 [DEBUG] TUN->SSH: 60 байт
2026-04-09 01:20:47,650 [DEBUG] TUN->SSH: 60 байт
2026-04-09 01:20:47,655 [DEBUG] TUN->SSH: 60 байт
2026-04-09 01:20:47,667 [DEBUG] SSH->TUN: 700 байт
2026-04-09 01:20:47,667 [DEBUG] TUN->SSH: 333 байт
2026-04-09 01:20:47,679 [DEBUG] TUN->SSH: 52 байт
2026-04-09 01:20:47,679 [DEBUG] SSH->TUN: 52 байт
2026-04-09 01:20:47,685 [DEBUG] SSH->TUN: 60 байт
2026-04-09 01:20:47,685 [DEBUG] TUN->SSH: 52 байт
2026-04-09 01:20:47,687 [DEBUG] TUN->SSH: 569 байт
2026-04-09 01:20:47,694 [DEBUG] SSH->TUN: 60 байт
2026-04-09 01:20:47,694 [DEBUG] TUN->SSH: 52 байт
2026-04-09 01:20:47,694 [DEBUG] TUN->SSH: 112 байт
2026-04-09 01:20:47,698 [DEBUG] SSH->TUN: 60 байт
2026-04-09 01:20:47,698 [DEBUG] TUN->SSH: 52 байт
2026-04-09 01:20:47,699 [DEBUG] TUN->SSH: 126 байт
2026-04-09 01:20:47,732 [DEBUG] SSH->TUN: 83 байт
2026-04-09 01:20:47,732 [DEBUG] TUN->SSH: 83 байт
2026-04-09 01:20:47,741 [DEBUG] SSH->TUN: 52 байт
2026-04-09 01:20:47,742 [DEBUG] SSH->TUN: 110 байт
2026-04-09 01:20:47,742 [DEBUG] TUN->SSH: 52 байт
2026-04-09 01:20:47,742 [DEBUG] SSH->TUN: 98 байт
2026-04-09 01:20:47,743 [DEBUG] TUN->SSH: 52 байт
2026-04-09 01:20:47,743 [DEBUG] SSH->TUN: 52 байт
2026-04-09 01:20:47,743 [DEBUG] TUN->SSH: 52 байт
2026-04-09 01:20:47,743 [DEBUG] TUN->SSH: 60 байт
2026-04-09 01:20:47,743 [DEBUG] SSH->TUN: 52 байт
2026-04-09 01:20:47,745 [DEBUG] SSH->TUN: 173 байт
2026-04-09 01:20:47,746 [DEBUG] TUN->SSH: 52 байт
2026-04-09 01:20:47,746 [DEBUG] TUN->SSH: 52 байт
2026-04-09 01:20:47,746 [DEBUG] SSH->TUN: 137 байт
2026-04-09 01:20:47,746 [DEBUG] TUN->SSH: 52 байт
2026-04-09 01:20:47,747 [DEBUG] TUN->SSH: 60 байт
2026-04-09 01:20:47,750 [DEBUG] SSH->TUN: 1280 байт
2026-04-09 01:20:47,750 [DEBUG] TUN->SSH: 52 байт
2026-04-09 01:20:47,750 [DEBUG] SSH->TUN: 1280 байт
2026-04-09 01:20:47,750 [DEBUG] TUN->SSH: 52 байт
2026-04-09 01:20:47,750 [DEBUG] SSH->TUN: 407 байт
2026-04-09 01:20:47,751 [DEBUG] TUN->SSH: 52 байт
2026-04-09 01:20:47,756 [DEBUG] TUN->SSH: 132 байт
2026-04-09 01:20:47,783 [DEBUG] TUN->SSH: 60 байт
2026-04-09 01:20:47,800 [DEBUG] TUN->SSH: 52 байт
2026-04-09 01:20:47,800 [DEBUG] SSH->TUN: 52 байт
2026-04-09 01:20:47,801 [DEBUG] TUN->SSH: 52 байт
2026-04-09 01:20:47,801 [DEBUG] SSH->TUN: 52 байт
2026-04-09 01:20:47,801 [DEBUG] SSH->TUN: 60 байт
2026-04-09 01:20:47,801 [DEBUG] TUN->SSH: 52 байт
2026-04-09 01:20:47,801 [DEBUG] SSH->TUN: 313 байт
2026-04-09 01:20:47,802 [DEBUG] TUN->SSH: 308 байт
2026-04-09 01:20:47,802 [DEBUG] SSH->TUN: 762 байт
2026-04-09 01:20:47,802 [DEBUG] TUN->SSH: 52 байт
2026-04-09 01:20:47,802 [DEBUG] SSH->TUN: 83 байт
2026-04-09 01:20:47,803 [DEBUG] SSH->TUN: 91 байт
2026-04-09 01:20:47,803 [DEBUG] TUN->SSH: 52 байт
2026-04-09 01:20:47,803 [DEBUG] TUN->SSH: 52 байт
2026-04-09 01:20:47,804 [DEBUG] TUN->SSH: 362 байт
2026-04-09 01:20:47,804 [DEBUG] TUN->SSH: 52 байт
2026-04-09 01:20:47,804 [DEBUG] TUN->SSH: 60 байт
2026-04-09 01:20:47,809 [DEBUG] SSH->TUN: 60 байт
2026-04-09 01:20:47,810 [DEBUG] TUN->SSH: 40 байт
2026-04-09 01:20:47,812 [DEBUG] SSH->TUN: 52 байт
2026-04-09 01:20:47,834 [DEBUG] SSH->TUN: 60 байт
2026-04-09 01:20:47,834 [DEBUG] TUN->SSH: 52 байт
2026-04-09 01:20:47,835 [DEBUG] TUN->SSH: 162 байт
2026-04-09 01:20:47,844 [DEBUG] SSH->TUN: 52 байт
2026-04-09 01:20:47,848 [DEBUG] TUN->SSH: 60 байт
2026-04-09 01:20:47,848 [DEBUG] SSH->TUN: 1280 байт
2026-04-09 01:20:47,849 [DEBUG] TUN->SSH: 52 байт
2026-04-09 01:20:47,849 [DEBUG] SSH->TUN: 1280 байт
2026-04-09 01:20:47,849 [DEBUG] TUN->SSH: 52 байт
2026-04-09 01:20:47,850 [DEBUG] SSH->TUN: 410 байт
2026-04-09 01:20:47,850 [DEBUG] TUN->SSH: 52 байт
2026-04-09 01:20:47,852 [DEBUG] TUN->SSH: 384 байт
2026-04-09 01:20:47,857 [DEBUG] SSH->TUN: 700 байт
2026-04-09 01:20:47,858 [DEBUG] TUN->SSH: 40 байт
2026-04-09 01:20:47,858 [DEBUG] SSH->TUN: 83 байт
2026-04-09 01:20:47,858 [DEBUG] TUN->SSH: 40 байт
2026-04-09 01:20:47,859 [DEBUG] SSH->TUN: 52 байт
2026-04-09 01:20:47,859 [DEBUG] TUN->SSH: 40 байт
2026-04-09 01:20:47,868 [DEBUG] SSH->TUN: 76 байт
2026-04-09 01:20:47,868 [DEBUG] TUN->SSH: 64 байт
2026-04-09 01:20:47,869 [DEBUG] TUN->SSH: 52 байт
2026-04-09 01:20:47,869 [DEBUG] SSH->TUN: 60 байт
2026-04-09 01:20:47,870 [DEBUG] TUN->SSH: 1280 байт
2026-04-09 01:20:47,870 [DEBUG] TUN->SSH: 644 байт
2026-04-09 01:20:47,882 [DEBUG] SSH->TUN: 52 байт
2026-04-09 01:20:47,882 [DEBUG] SSH->TUN: 155 байт
2026-04-09 01:20:47,883 [DEBUG] TUN->SSH: 52 байт
2026-04-09 01:20:47,883 [DEBUG] SSH->TUN: 191 байт
2026-04-09 01:20:47,884 [DEBUG] TUN->SSH: 52 байт
2026-04-09 01:20:47,884 [DEBUG] TUN->SSH: 52 байт
2026-04-09 01:20:47,891 [DEBUG] SSH->TUN: 60 байт
2026-04-09 01:20:47,891 [DEBUG] TUN->SSH: 52 байт
2026-04-09 01:20:47,892 [DEBUG] TUN->SSH: 97 байт
2026-04-09 01:20:47,911 [DEBUG] TUN->SSH: 569 байт
2026-04-09 01:20:47,932 [DEBUG] TUN->SSH: 52 байт
2026-04-09 01:20:47,932 [DEBUG] SSH->TUN: 52 байт
2026-04-09 01:20:47,932 [DEBUG] SSH->TUN: 52 байт
2026-04-09 01:20:47,938 [DEBUG] SSH->TUN: 52 байт
2026-04-09 01:20:47,938 [DEBUG] SSH->TUN: 1280 байт
2026-04-09 01:20:47,939 [DEBUG] TUN->SSH: 52 байт
2026-04-09 01:20:47,939 [DEBUG] SSH->TUN: 1280 байт
2026-04-09 01:20:47,939 [DEBUG] TUN->SSH: 52 байт
2026-04-09 01:20:47,940 [DEBUG] SSH->TUN: 977 байт
2026-04-09 01:20:47,940 [DEBUG] TUN->SSH: 52 байт
2026-04-09 01:20:47,940 [DEBUG] SSH->TUN: 52 байт
2026-04-09 01:20:47,941 [DEBUG] TUN->SSH: 279 байт
2026-04-09 01:20:47,945 [DEBUG] SSH->TUN: 52 байт
2026-04-09 01:20:47,946 [DEBUG] SSH->TUN: 97 байт
2026-04-09 01:20:47,946 [DEBUG] TUN->SSH: 52 байт
2026-04-09 01:20:47,947 [DEBUG] TUN->SSH: 52 байт
2026-04-09 01:20:47,947 [DEBUG] TUN->SSH: 60 байт
2026-04-09 01:20:47,975 [DEBUG] TUN->SSH: 60 байт
2026-04-09 01:20:47,990 [DEBUG] TUN->SSH: 52 байт
2026-04-09 01:20:47,991 [DEBUG] SSH->TUN: 52 байт
2026-04-09 01:20:47,992 [DEBUG] SSH->TUN: 60 байт
2026-04-09 01:20:47,992 [DEBUG] TUN->SSH: 52 байт
2026-04-09 01:20:47,993 [DEBUG] TUN->SSH: 94 байт
2026-04-09 01:20:48,006 [DEBUG] SSH->TUN: 255 байт
2026-04-09 01:20:48,007 [DEBUG] TUN->SSH: 214 байт
2026-04-09 01:20:48,007 [DEBUG] SSH->TUN: 77 байт
2026-04-09 01:20:48,008 [DEBUG] TUN->SSH: 52 байт
2026-04-09 01:20:48,008 [DEBUG] TUN->SSH: 81 байт
2026-04-09 01:20:48,008 [DEBUG] TUN->SSH: 52 байт
2026-04-09 01:20:48,019 [DEBUG] SSH->TUN: 60 байт
2026-04-09 01:20:48,019 [DEBUG] TUN->SSH: 52 байт
2026-04-09 01:20:48,020 [DEBUG] TUN->SSH: 120 байт
2026-04-09 01:20:48,031 [DEBUG] TUN->SSH: 52 байт
2026-04-09 01:20:48,039 [DEBUG] SSH->TUN: 52 байт
2026-04-09 01:20:48,039 [DEBUG] SSH->TUN: 94 байт
2026-04-09 01:20:48,040 [DEBUG] TUN->SSH: 52 байт
2026-04-09 01:20:48,040 [DEBUG] TUN->SSH: 52 байт
2026-04-09 01:20:48,041 [DEBUG] TUN->SSH: 60 байт
2026-04-09 01:20:48,054 [DEBUG] TUN->SSH: 80 байт
2026-04-09 01:20:48,070 [DEBUG] SSH->TUN: 52 байт
2026-04-09 01:20:48,070 [DEBUG] SSH->TUN: 142 байт
2026-04-09 01:20:48,070 [DEBUG] TUN->SSH: 52 байт
2026-04-09 01:20:48,070 [DEBUG] SSH->TUN: 118 байт
2026-04-09 01:20:48,071 [DEBUG] TUN->SSH: 52 байт
2026-04-09 01:20:48,071 [DEBUG] SSH->TUN: 165 байт
2026-04-09 01:20:48,071 [DEBUG] TUN->SSH: 52 байт
2026-04-09 01:20:48,073 [DEBUG] TUN->SSH: 135 байт
2026-04-09 01:20:48,084 [DEBUG] TUN->SSH: 52 байт
2026-04-09 01:20:48,084 [DEBUG] SSH->TUN: 52 байт
2026-04-09 01:20:48,085 [DEBUG] SSH->TUN: 60 байт
2026-04-09 01:20:48,085 [DEBUG] TUN->SSH: 52 байт
2026-04-09 01:20:48,085 [DEBUG] TUN->SSH: 98 байт
2026-04-09 01:20:48,103 [DEBUG] TUN->SSH: 60 байт
2026-04-09 01:20:48,104 [DEBUG] SSH->TUN: 52 байт
2026-04-09 01:20:48,104 [DEBUG] TUN->SSH: 60 байт
2026-04-09 01:20:48,115 [DEBUG] TUN->SSH: 52 байт
2026-04-09 01:20:48,115 [DEBUG] SSH->TUN: 52 байт
2026-04-09 01:20:48,129 [DEBUG] SSH->TUN: 52 байт
2026-04-09 01:20:48,129 [DEBUG] SSH->TUN: 98 байт
2026-04-09 01:20:48,129 [DEBUG] TUN->SSH: 52 байт
2026-04-09 01:20:48,130 [DEBUG] TUN->SSH: 52 байт
2026-04-09 01:20:48,130 [DEBUG] TUN->SSH: 60 байт
2026-04-09 01:20:48,141 [DEBUG] SSH->TUN: 232 байт
2026-04-09 01:20:48,150 [DEBUG] SSH->TUN: 52 байт
2026-04-09 01:20:48,151 [DEBUG] SSH->TUN: 52 байт
2026-04-09 01:20:48,151 [DEBUG] SSH->TUN: 584 байт
2026-04-09 01:20:48,151 [DEBUG] TUN->SSH: 52 байт
2026-04-09 01:20:48,167 [DEBUG] TUN->SSH: 60 байт
2026-04-09 01:20:48,168 [DEBUG] TUN->SSH: 60 байт
2026-04-09 01:20:48,191 [DEBUG] SSH->TUN: 60 байт
2026-04-09 01:20:48,192 [DEBUG] TUN->SSH: 52 байт
2026-04-09 01:20:48,192 [DEBUG] SSH->TUN: 52 байт
2026-04-09 01:20:48,192 [DEBUG] TUN->SSH: 93 байт
2026-04-09 01:20:48,193 [DEBUG] TUN->SSH: 52 байт
2026-04-09 01:20:48,219 [DEBUG] SSH->TUN: 1280 байт
2026-04-09 01:20:48,220 [DEBUG] SSH->TUN: 123 байт
2026-04-09 01:20:48,220 [DEBUG] TUN->SSH: 52 байт
2026-04-09 01:20:48,221 [DEBUG] TUN->SSH: 1280 байт
2026-04-09 01:20:48,221 [DEBUG] TUN->SSH: 1280 байт
2026-04-09 01:20:48,222 [DEBUG] TUN->SSH: 310 байт
2026-04-09 01:20:48,230 [DEBUG] SSH->TUN: 60 байт
2026-04-09 01:20:48,230 [DEBUG] TUN->SSH: 52 байт
2026-04-09 01:20:48,231 [DEBUG] SSH->TUN: 60 байт
2026-04-09 01:20:48,231 [DEBUG] TUN->SSH: 385 байт
2026-04-09 01:20:48,231 [DEBUG] TUN->SSH: 52 байт
2026-04-09 01:20:48,232 [DEBUG] TUN->SSH: 534 байт
2026-04-09 01:20:48,244 [DEBUG] SSH->TUN: 52 байт
2026-04-09 01:20:48,245 [DEBUG] SSH->TUN: 93 байт
2026-04-09 01:20:48,245 [DEBUG] TUN->SSH: 52 байт
2026-04-09 01:20:48,245 [DEBUG] TUN->SSH: 52 байт
2026-04-09 01:20:48,246 [DEBUG] TUN->SSH: 60 байт
2026-04-09 01:20:48,256 [DEBUG] TUN->SSH: 52 байт
2026-04-09 01:20:48,264 [DEBUG] SSH->TUN: 52 байт
2026-04-09 01:20:48,265 [DEBUG] SSH->TUN: 52 байт
2026-04-09 01:20:48,265 [DEBUG] SSH->TUN: 52 байт
2026-04-09 01:20:48,271 [DEBUG] SSH->TUN: 60 байт
2026-04-09 01:20:48,272 [DEBUG] TUN->SSH: 52 байт
2026-04-09 01:20:48,272 [DEBUG] SSH->TUN: 60 байт
2026-04-09 01:20:48,273 [DEBUG] TUN->SSH: 52 байт
2026-04-09 01:20:48,273 [DEBUG] TUN->SSH: 393 байт
2026-04-09 01:20:48,274 [DEBUG] TUN->SSH: 579 байт
2026-04-09 01:20:48,295 [DEBUG] SSH->TUN: 52 байт
2026-04-09 01:20:48,295 [DEBUG] TUN->SSH: 52 байт
2026-04-09 01:20:48,296 [DEBUG] SSH->TUN: 60 байт
2026-04-09 01:20:48,300 [DEBUG] TUN->SSH: 52 байт
2026-04-09 01:20:48,301 [DEBUG] TUN->SSH: 95 байт
2026-04-09 01:20:48,312 [DEBUG] SSH->TUN: 201 байт
2026-04-09 01:20:48,313 [DEBUG] TUN->SSH: 52 байт
2026-04-09 01:20:48,313 [DEBUG] SSH->TUN: 294 байт
2026-04-09 01:20:48,315 [DEBUG] TUN->SSH: 52 байт
2026-04-09 01:20:48,315 [DEBUG] TUN->SSH: 52 байт
2026-04-09 01:20:48,316 [DEBUG] TUN->SSH: 40 байт
2026-04-09 01:20:48,316 [DEBUG] TUN->SSH: 60 байт
2026-04-09 01:20:48,317 [DEBUG] TUN->SSH: 365 байт
2026-04-09 01:20:48,347 [DEBUG] SSH->TUN: 52 байт
2026-04-09 01:20:48,348 [DEBUG] TUN->SSH: 52 байт
2026-04-09 01:20:48,349 [DEBUG] SSH->TUN: 95 байт
2026-04-09 01:20:48,349 [DEBUG] TUN->SSH: 52 байт
2026-04-09 01:20:48,350 [DEBUG] TUN->SSH: 60 байт
2026-04-09 01:20:48,365 [DEBUG] SSH->TUN: 217 байт
2026-04-09 01:20:48,366 [DEBUG] SSH->TUN: 237 байт
2026-04-09 01:20:48,368 [DEBUG] SSH->TUN: 236 байт
2026-04-09 01:20:48,369 [DEBUG] TUN->SSH: 52 байт
2026-04-09 01:20:48,370 [DEBUG] SSH->TUN: 126 байт
2026-04-09 01:20:48,371 [DEBUG] TUN->SSH: 52 байт
2026-04-09 01:20:48,371 [DEBUG] SSH->TUN: 241 байт
2026-04-09 01:20:48,375 [DEBUG] TUN->SSH: 40 байт
2026-04-09 01:20:48,375 [DEBUG] SSH->TUN: 52 байт
2026-04-09 01:20:48,377 [DEBUG] SSH->TUN: 52 байт
2026-04-09 01:20:48,378 [DEBUG] TUN->SSH: 40 байт
2026-04-09 01:20:48,381 [DEBUG] SSH->TUN: 800 байт
2026-04-09 01:20:48,382 [DEBUG] SSH->TUN: 60 байт
2026-04-09 01:20:48,384 [DEBUG] TUN->SSH: 52 байт
2026-04-09 01:20:48,386 [DEBUG] TUN->SSH: 1280 байт
2026-04-09 01:20:48,386 [DEBUG] TUN->SSH: 751 байт
2026-04-09 01:20:48,389 [DEBUG] SSH->TUN: 157 байт
2026-04-09 01:20:48,389 [DEBUG] TUN->SSH: 52 байт
2026-04-09 01:20:48,398 [DEBUG] SSH->TUN: 52 байт
2026-04-09 01:20:48,399 [DEBUG] TUN->SSH: 52 байт
2026-04-09 01:20:48,399 [DEBUG] SSH->TUN: 60 байт
2026-04-09 01:20:48,400 [DEBUG] TUN->SSH: 52 байт
2026-04-09 01:20:48,400 [DEBUG] TUN->SSH: 95 байт
2026-04-09 01:20:48,411 [DEBUG] TUN->SSH: 52 байт
2026-04-09 01:20:48,421 [DEBUG] SSH->TUN: 77 байт
2026-04-09 01:20:48,422 [DEBUG] TUN->SSH: 60 байт
2026-04-09 01:20:48,449 [DEBUG] SSH->TUN: 241 байт
2026-04-09 01:20:48,450 [DEBUG] TUN->SSH: 52 байт
2026-04-09 01:20:48,452 [DEBUG] TUN->SSH: 52 байт
2026-04-09 01:20:48,452 [DEBUG] SSH->TUN: 286 байт
2026-04-09 01:20:48,453 [DEBUG] TUN->SSH: 137 байт
2026-04-09 01:20:48,453 [DEBUG] SSH->TUN: 52 байт
2026-04-09 01:20:48,454 [DEBUG] TUN->SSH: 40 байт
2026-04-09 01:20:48,454 [DEBUG] SSH->TUN: 95 байт
2026-04-09 01:20:48,455 [DEBUG] TUN->SSH: 52 байт
2026-04-09 01:20:48,455 [DEBUG] TUN->SSH: 52 байт
2026-04-09 01:20:48,456 [DEBUG] TUN->SSH: 60 байт
2026-04-09 01:20:48,459 [DEBUG] SSH->TUN: 52 байт
2026-04-09 01:20:48,460 [DEBUG] SSH->TUN: 52 байт
2026-04-09 01:20:48,460 [DEBUG] SSH->TUN: 1280 байт
2026-04-09 01:20:48,461 [DEBUG] TUN->SSH: 52 байт
2026-04-09 01:20:48,461 [DEBUG] SSH->TUN: 1280 байт
2026-04-09 01:20:48,461 [DEBUG] TUN->SSH: 52 байт
2026-04-09 01:20:48,462 [DEBUG] SSH->TUN: 1280 байт
2026-04-09 01:20:48,462 [DEBUG] TUN->SSH: 52 байт
2026-04-09 01:20:48,462 [DEBUG] SSH->TUN: 464 байт
2026-04-09 01:20:48,463 [DEBUG] TUN->SSH: 52 байт
2026-04-09 01:20:48,463 [DEBUG] SSH->TUN: 1280 байт
2026-04-09 01:20:48,464 [DEBUG] TUN->SSH: 52 байт
2026-04-09 01:20:48,464 [DEBUG] SSH->TUN: 431 байт
2026-04-09 01:20:48,464 [DEBUG] TUN->SSH: 52 байт
2026-04-09 01:20:48,465 [DEBUG] TUN->SSH: 52 байт
2026-04-09 01:20:48,467 [DEBUG] TUN->SSH: 52 байт
2026-04-09 01:20:48,484 [DEBUG] SSH->TUN: 60 байт
2026-04-09 01:20:48,485 [DEBUG] TUN->SSH: 52 байт
2026-04-09 01:20:48,486 [DEBUG] TUN->SSH: 1280 байт
2026-04-09 01:20:48,486 [DEBUG] TUN->SSH: 432 байт
2026-04-09 01:20:48,499 [DEBUG] SSH->TUN: 60 байт
2026-04-09 01:20:48,500 [DEBUG] TUN->SSH: 52 байт
2026-04-09 01:20:48,500 [DEBUG] SSH->TUN: 52 байт
2026-04-09 01:20:48,501 [DEBUG] TUN->SSH: 95 байт
2026-04-09 01:20:48,501 [DEBUG] TUN->SSH: 52 байт
2026-04-09 01:20:48,513 [DEBUG] SSH->TUN: 100 байт
2026-04-09 01:20:48,514 [DEBUG] TUN->SSH: 52 байт
2026-04-09 01:20:48,534 [DEBUG] TUN->SSH: 52 байт
2026-04-09 01:20:48,534 [DEBUG] SSH->TUN: 52 байт
2026-04-09 01:20:48,552 [DEBUG] SSH->TUN: 52 байт
2026-04-09 01:20:48,552 [DEBUG] SSH->TUN: 95 байт
2026-04-09 01:20:48,553 [DEBUG] TUN->SSH: 52 байт
2026-04-09 01:20:48,553 [DEBUG] SSH->TUN: 52 байт
2026-04-09 01:20:48,553 [DEBUG] TUN->SSH: 52 байт
2026-04-09 01:20:48,554 [DEBUG] SSH->TUN: 52 байт
2026-04-09 01:20:48,554 [DEBUG] TUN->SSH: 60 байт
2026-04-09 01:20:48,558 [DEBUG] SSH->TUN: 1280 байт
2026-04-09 01:20:48,559 [DEBUG] TUN->SSH: 52 байт
2026-04-09 01:20:48,559 [DEBUG] SSH->TUN: 1280 байт
2026-04-09 01:20:48,560 [DEBUG] TUN->SSH: 52 байт
2026-04-09 01:20:48,560 [DEBUG] SSH->TUN: 1280 байт
2026-04-09 01:20:48,560 [DEBUG] TUN->SSH: 52 байт
2026-04-09 01:20:48,561 [DEBUG] SSH->TUN: 464 байт
2026-04-09 01:20:48,561 [DEBUG] TUN->SSH: 52 байт
2026-04-09 01:20:48,561 [DEBUG] SSH->TUN: 1280 байт
2026-04-09 01:20:48,562 [DEBUG] TUN->SSH: 52 байт
2026-04-09 01:20:48,562 [DEBUG] SSH->TUN: 431 байт
2026-04-09 01:20:48,562 [DEBUG] TUN->SSH: 52 байт
2026-04-09 01:20:48,563 [DEBUG] SSH->TUN: 52 байт
2026-04-09 01:20:48,565 [DEBUG] TUN->SSH: 886 байт
2026-04-09 01:20:48,597 [DEBUG] TUN->SSH: 52 байт
2026-04-09 01:20:48,597 [DEBUG] SSH->TUN: 52 байт
2026-04-09 01:20:48,598 [DEBUG] SSH->TUN: 60 байт
2026-04-09 01:20:48,598 [DEBUG] TUN->SSH: 52 байт
2026-04-09 01:20:48,598 [DEBUG] TUN->SSH: 95 байт
2026-04-09 01:20:48,622 [DEBUG] SSH->TUN: 52 байт
2026-04-09 01:20:48,623 [DEBUG] TUN->SSH: 40 байт
2026-04-09 01:20:48,623 [DEBUG] SSH->TUN: 189 байт
2026-04-09 01:20:48,628 [DEBUG] SSH->TUN: 355 байт
2026-04-09 01:20:48,628 [DEBUG] SSH->TUN: 355 байт
2026-04-09 01:20:48,629 [DEBUG] TUN->SSH: 52 байт
2026-04-09 01:20:48,641 [DEBUG] SSH->TUN: 52 байт
2026-04-09 01:20:48,648 [DEBUG] SSH->TUN: 95 байт
2026-04-09 01:20:48,648 [DEBUG] TUN->SSH: 52 байт
2026-04-09 01:20:48,649 [DEBUG] TUN->SSH: 52 байт
2026-04-09 01:20:48,649 [DEBUG] TUN->SSH: 60 байт
2026-04-09 01:20:48,653 [DEBUG] TUN->SSH: 393 байт
2026-04-09 01:20:48,697 [DEBUG] SSH->TUN: 52 байт
2026-04-09 01:20:48,698 [DEBUG] TUN->SSH: 52 байт
2026-04-09 01:20:48,698 [DEBUG] SSH->TUN: 60 байт
2026-04-09 01:20:48,699 [DEBUG] TUN->SSH: 52 байт
2026-04-09 01:20:48,699 [DEBUG] TUN->SSH: 95 байт
2026-04-09 01:20:48,704 [DEBUG] TUN->SSH: 52 байт
2026-04-09 01:20:48,718 [DEBUG] SSH->TUN: 76 байт
2026-04-09 01:20:48,718 [DEBUG] TUN->SSH: 52 байт
2026-04-09 01:20:48,719 [DEBUG] TUN->SSH: 80 байт
2026-04-09 01:20:48,743 [DEBUG] SSH->TUN: 52 байт
2026-04-09 01:20:48,744 [DEBUG] SSH->TUN: 95 байт
2026-04-09 01:20:48,745 [DEBUG] TUN->SSH: 52 байт
2026-04-09 01:20:48,745 [DEBUG] TUN->SSH: 52 байт
2026-04-09 01:20:48,746 [DEBUG] TUN->SSH: 60 байт
2026-04-09 01:20:48,799 [DEBUG] TUN->SSH: 52 байт
2026-04-09 01:20:48,800 [DEBUG] SSH->TUN: 52 байт
2026-04-09 01:20:48,800 [DEBUG] TUN->SSH: 52 байт
2026-04-09 01:20:48,800 [DEBUG] SSH->TUN: 60 байт
2026-04-09 01:20:48,801 [DEBUG] TUN->SSH: 95 байт
2026-04-09 01:20:48,844 [DEBUG] SSH->TUN: 52 байт
2026-04-09 01:20:48,845 [DEBUG] SSH->TUN: 95 байт
2026-04-09 01:20:48,846 [DEBUG] TUN->SSH: 52 байт
2026-04-09 01:20:48,846 [DEBUG] TUN->SSH: 52 байт
2026-04-09 01:20:48,847 [DEBUG] TUN->SSH: 60 байт
2026-04-09 01:20:48,866 [DEBUG] SSH->TUN: 52 байт
2026-04-09 01:20:48,894 [DEBUG] TUN->SSH: 52 байт
2026-04-09 01:20:48,895 [DEBUG] SSH->TUN: 52 байт
2026-04-09 01:20:48,895 [DEBUG] SSH->TUN: 60 байт
2026-04-09 01:20:48,895 [DEBUG] TUN->SSH: 52 байт
2026-04-09 01:20:48,896 [DEBUG] TUN->SSH: 95 байт
2026-04-09 01:20:48,940 [DEBUG] SSH->TUN: 52 байт
2026-04-09 01:20:48,940 [DEBUG] SSH->TUN: 95 байт
2026-04-09 01:20:48,941 [DEBUG] TUN->SSH: 52 байт
2026-04-09 01:20:48,941 [DEBUG] TUN->SSH: 52 байт
2026-04-09 01:20:48,942 [DEBUG] TUN->SSH: 60 байт
2026-04-09 01:20:48,960 [DEBUG] SSH->TUN: 52 байт
2026-04-09 01:20:48,985 [DEBUG] TUN->SSH: 52 байт
2026-04-09 01:20:48,985 [DEBUG] SSH->TUN: 52 байт
2026-04-09 01:20:48,988 [DEBUG] SSH->TUN: 60 байт
2026-04-09 01:20:48,988 [DEBUG] TUN->SSH: 52 байт
2026-04-09 01:20:48,989 [DEBUG] TUN->SSH: 95 байт
2026-04-09 01:20:49,035 [DEBUG] SSH->TUN: 52 байт
2026-04-09 01:20:49,035 [DEBUG] SSH->TUN: 95 байт
2026-04-09 01:20:49,036 [DEBUG] TUN->SSH: 52 байт
2026-04-09 01:20:49,037 [DEBUG] TUN->SSH: 52 байт
2026-04-09 01:20:49,038 [DEBUG] TUN->SSH: 60 байт
2026-04-09 01:20:49,057 [DEBUG] TUN->SSH: 60 байт
2026-04-09 01:20:49,082 [DEBUG] SSH->TUN: 60 байт
2026-04-09 01:20:49,083 [DEBUG] TUN->SSH: 52 байт
2026-04-09 01:20:49,083 [DEBUG] SSH->TUN: 52 байт
2026-04-09 01:20:49,083 [DEBUG] TUN->SSH: 95 байт
2026-04-09 01:20:49,084 [DEBUG] TUN->SSH: 52 байт
2026-04-09 01:20:49,098 [DEBUG] TUN->SSH: 88 байт
2026-04-09 01:20:49,099 [DEBUG] TUN->SSH: 88 байт
2026-04-09 01:20:49,100 [DEBUG] TUN->SSH: 85 байт
2026-04-09 01:20:49,108 [DEBUG] SSH->TUN: 60 байт
2026-04-09 01:20:49,108 [DEBUG] TUN->SSH: 52 байт
2026-04-09 01:20:49,108 [DEBUG] TUN->SSH: 154 байт
2026-04-09 01:20:49,129 [DEBUG] TUN->SSH: 60 байт
2026-04-09 01:20:49,129 [DEBUG] SSH->TUN: 52 байт
2026-04-09 01:20:49,129 [DEBUG] SSH->TUN: 95 байт
2026-04-09 01:20:49,130 [DEBUG] TUN->SSH: 52 байт
2026-04-09 01:20:49,131 [DEBUG] TUN->SSH: 52 байт
2026-04-09 01:20:49,131 [DEBUG] TUN->SSH: 60 байт
2026-04-09 01:20:49,151 [DEBUG] SSH->TUN: 52 байт
2026-04-09 01:20:49,154 [DEBUG] SSH->TUN: 159 байт
2026-04-09 01:20:49,154 [DEBUG] TUN->SSH: 52 байт
2026-04-09 01:20:49,159 [DEBUG] SSH->TUN: 135 байт
2026-04-09 01:20:49,160 [DEBUG] TUN->SSH: 52 байт
2026-04-09 01:20:49,160 [DEBUG] TUN->SSH: 52 байт
2026-04-09 01:20:49,161 [DEBUG] TUN->SSH: 60 байт
2026-04-09 01:20:49,167 [DEBUG] SSH->TUN: 52 байт
2026-04-09 01:20:49,168 [DEBUG] SSH->TUN: 141 байт
2026-04-09 01:20:49,168 [DEBUG] TUN->SSH: 52 байт
2026-04-09 01:20:49,172 [DEBUG] SSH->TUN: 60 байт
2026-04-09 01:20:49,173 [DEBUG] TUN->SSH: 52 байт
2026-04-09 01:20:49,173 [DEBUG] TUN->SSH: 110 байт
2026-04-09 01:20:49,180 [DEBUG] TUN->SSH: 52 байт
2026-04-09 01:20:49,180 [DEBUG] SSH->TUN: 52 байт
2026-04-09 01:20:49,181 [DEBUG] SSH->TUN: 60 байт
2026-04-09 01:20:49,181 [DEBUG] TUN->SSH: 52 байт
2026-04-09 01:20:49,182 [DEBUG] TUN->SSH: 95 байт
2026-04-09 01:20:49,212 [DEBUG] SSH->TUN: 52 байт
2026-04-09 01:20:49,213 [DEBUG] TUN->SSH: 52 байт
2026-04-09 01:20:49,213 [DEBUG] SSH->TUN: 60 байт
2026-04-09 01:20:49,214 [DEBUG] TUN->SSH: 52 байт
2026-04-09 01:20:49,215 [DEBUG] TUN->SSH: 1280 байт
2026-04-09 01:20:49,215 [DEBUG] TUN->SSH: 856 байт
2026-04-09 01:20:49,216 [DEBUG] SSH->TUN: 52 байт
2026-04-09 01:20:49,219 [DEBUG] SSH->TUN: 109 байт
2026-04-09 01:20:49,219 [DEBUG] TUN->SSH: 52 байт
2026-04-09 01:20:49,222 [DEBUG] SSH->TUN: 97 байт
2026-04-09 01:20:49,222 [DEBUG] TUN->SSH: 52 байт
2026-04-09 01:20:49,223 [DEBUG] TUN->SSH: 52 байт
2026-04-09 01:20:49,230 [DEBUG] SSH->TUN: 52 байт
2026-04-09 01:20:49,230 [DEBUG] SSH->TUN: 149 байт
2026-04-09 01:20:49,231 [DEBUG] TUN->SSH: 52 байт
2026-04-09 01:20:49,231 [DEBUG] TUN->SSH: 52 байт
2026-04-09 01:20:49,232 [DEBUG] TUN->SSH: 60 байт
2026-04-09 01:20:49,255 [DEBUG] TUN->SSH: 60 байт
2026-04-09 01:20:49,256 [DEBUG] TUN->SSH: 60 байт
2026-04-09 01:20:49,256 [DEBUG] TUN->SSH: 60 байт
2026-04-09 01:20:49,270 [DEBUG] SSH->TUN: 52 байт
2026-04-09 01:20:49,271 [DEBUG] SSH->TUN: 52 байт
2026-04-09 01:20:49,271 [DEBUG] SSH->TUN: 1280 байт
2026-04-09 01:20:49,271 [DEBUG] TUN->SSH: 52 байт
2026-04-09 01:20:49,272 [DEBUG] SSH->TUN: 205 байт
2026-04-09 01:20:49,272 [DEBUG] TUN->SSH: 52 байт
2026-04-09 01:20:49,272 [DEBUG] SSH->TUN: 52 байт
2026-04-09 01:20:49,273 [DEBUG] TUN->SSH: 52 байт
2026-04-09 01:20:49,275 [DEBUG] TUN->SSH: 116 байт
2026-04-09 01:20:49,275 [DEBUG] TUN->SSH: 799 байт
2026-04-09 01:20:49,279 [DEBUG] TUN->SSH: 52 байт
2026-04-09 01:20:49,279 [DEBUG] SSH->TUN: 52 байт
2026-04-09 01:20:49,280 [DEBUG] SSH->TUN: 60 байт
2026-04-09 01:20:49,280 [DEBUG] TUN->SSH: 52 байт
2026-04-09 01:20:49,281 [DEBUG] TUN->SSH: 144 байт
2026-04-09 01:20:49,304 [DEBUG] SSH->TUN: 60 байт
2026-04-09 01:20:49,305 [DEBUG] TUN->SSH: 52 байт
2026-04-09 01:20:49,305 [DEBUG] TUN->SSH: 144 байт
2026-04-09 01:20:49,322 [DEBUG] SSH->TUN: 52 байт
2026-04-09 01:20:49,325 [DEBUG] SSH->TUN: 52 байт
2026-04-09 01:20:49,325 [DEBUG] SSH->TUN: 60 байт
2026-04-09 01:20:49,325 [DEBUG] TUN->SSH: 52 байт
2026-04-09 01:20:49,326 [DEBUG] TUN->SSH: 301 байт
2026-04-09 01:20:49,333 [DEBUG] SSH->TUN: 144 байт
2026-04-09 01:20:49,333 [DEBUG] TUN->SSH: 52 байт
2026-04-09 01:20:49,334 [DEBUG] SSH->TUN: 60 байт
2026-04-09 01:20:49,334 [DEBUG] TUN->SSH: 52 байт
2026-04-09 01:20:49,334 [DEBUG] TUN->SSH: 60 байт
2026-04-09 01:20:49,335 [DEBUG] TUN->SSH: 52 байт
2026-04-09 01:20:49,335 [DEBUG] TUN->SSH: 325 байт
2026-04-09 01:20:49,350 [DEBUG] SSH->TUN: 52 байт
2026-04-09 01:20:49,350 [DEBUG] SSH->TUN: 154 байт
2026-04-09 01:20:49,350 [DEBUG] TUN->SSH: 52 байт
2026-04-09 01:20:49,351 [DEBUG] SSH->TUN: 130 байт
2026-04-09 01:20:49,351 [DEBUG] TUN->SSH: 52 байт
2026-04-09 01:20:49,352 [DEBUG] TUN->SSH: 52 байт
2026-04-09 01:20:49,378 [DEBUG] TUN->SSH: 52 байт
2026-04-09 01:20:49,379 [DEBUG] SSH->TUN: 52 байт
2026-04-09 01:20:49,379 [DEBUG] SSH->TUN: 60 байт
2026-04-09 01:20:49,379 [DEBUG] TUN->SSH: 52 байт
2026-04-09 01:20:49,380 [DEBUG] TUN->SSH: 144 байт
2026-04-09 01:20:49,384 [DEBUG] TUN->SSH: 718 байт
2026-04-09 01:20:49,386 [DEBUG] SSH->TUN: 708 байт
2026-04-09 01:20:49,388 [DEBUG] SSH->TUN: 261 байт
2026-04-09 01:20:49,389 [DEBUG] TUN->SSH: 52 байт
2026-04-09 01:20:49,389 [DEBUG] TUN->SSH: 52 байт
2026-04-09 01:20:49,390 [DEBUG] TUN->SSH: 429 байт
2026-04-09 01:20:49,393 [DEBUG] TUN->SSH: 660 байт
2026-04-09 01:20:49,395 [DEBUG] TUN->SSH: 52 байт
2026-04-09 01:20:49,395 [DEBUG] SSH->TUN: 52 байт
2026-04-09 01:20:49,401 [DEBUG] SSH->TUN: 282 байт
2026-04-09 01:20:49,401 [DEBUG] TUN->SSH: 40 байт
2026-04-09 01:20:49,427 [DEBUG] SSH->TUN: 52 байт
2026-04-09 01:20:49,428 [DEBUG] SSH->TUN: 144 байт
2026-04-09 01:20:49,428 [DEBUG] TUN->SSH: 52 байт
2026-04-09 01:20:49,428 [DEBUG] TUN->SSH: 52 байт
2026-04-09 01:20:49,429 [DEBUG] TUN->SSH: 60 байт
2026-04-09 01:20:49,451 [DEBUG] SSH->TUN: 221 байт
2026-04-09 01:20:49,454 [DEBUG] SSH->TUN: 52 байт
2026-04-09 01:20:49,454 [DEBUG] TUN->SSH: 40 байт
2026-04-09 01:20:49,455 [DEBUG] SSH->TUN: 688 байт
2026-04-09 01:20:49,455 [DEBUG] TUN->SSH: 52 байт
2026-04-09 01:20:49,456 [DEBUG] TUN->SSH: 52 байт
2026-04-09 01:20:49,456 [DEBUG] TUN->SSH: 52 байт
2026-04-09 01:20:49,458 [DEBUG] SSH->TUN: 349 байт
2026-04-09 01:20:49,479 [DEBUG] SSH->TUN: 60 байт
2026-04-09 01:20:49,479 [DEBUG] TUN->SSH: 52 байт
2026-04-09 01:20:49,480 [DEBUG] SSH->TUN: 52 байт
2026-04-09 01:20:49,480 [DEBUG] TUN->SSH: 144 байт
2026-04-09 01:20:49,480 [DEBUG] TUN->SSH: 52 байт
2026-04-09 01:20:49,499 [DEBUG] TUN->SSH: 52 байт
2026-04-09 01:20:49,519 [DEBUG] TUN->SSH: 52 байт
2026-04-09 01:20:49,519 [DEBUG] SSH->TUN: 52 байт
2026-04-09 01:20:49,524 [DEBUG] SSH->TUN: 52 байт
2026-04-09 01:20:49,524 [DEBUG] SSH->TUN: 144 байт
2026-04-09 01:20:49,525 [DEBUG] TUN->SSH: 52 байт
2026-04-09 01:20:49,525 [DEBUG] TUN->SSH: 52 байт
2026-04-09 01:20:49,561 [DEBUG] SSH->TUN: 52 байт
2026-04-09 01:20:49,575 [DEBUG] SSH->TUN: 153 байт
2026-04-09 01:20:49,575 [DEBUG] TUN->SSH: 40 байт
2026-04-09 01:20:49,575 [DEBUG] SSH->TUN: 52 байт
2026-04-09 01:20:49,575 [DEBUG] TUN->SSH: 52 байт
2026-04-09 01:20:49,625 [DEBUG] SSH->TUN: 52 байт
2026-04-09 01:20:49,626 [DEBUG] TUN->SSH: 40 байт
2026-04-09 01:20:49,639 [DEBUG] TUN->SSH: 52 байт
2026-04-09 01:20:49,678 [DEBUG] SSH->TUN: 1280 байт
2026-04-09 01:20:49,678 [DEBUG] SSH->TUN: 451 байт
2026-04-09 01:20:49,679 [DEBUG] TUN->SSH: 52 байт
2026-04-09 01:20:49,679 [DEBUG] SSH->TUN: 183 байт
2026-04-09 01:20:49,682 [DEBUG] TUN->SSH: 82 байт
2026-04-09 01:20:49,703 [DEBUG] TUN->SSH: 569 байт
2026-04-09 01:20:49,767 [DEBUG] SSH->TUN: 52 байт
2026-04-09 01:20:49,835 [DEBUG] SSH->TUN: 108 байт
2026-04-09 01:20:49,836 [DEBUG] TUN->SSH: 202 байт
2026-04-09 01:20:49,882 [DEBUG] SSH->TUN: 52 байт
2026-04-09 01:20:49,896 [DEBUG] TUN->SSH: 52 байт
2026-04-09 01:20:49,944 [DEBUG] TUN->SSH: 52 байт
2026-04-09 01:20:49,944 [DEBUG] SSH->TUN: 52 байт
2026-04-09 01:20:50,098 [DEBUG] SSH->TUN: 88 байт
2026-04-09 01:20:50,139 [DEBUG] TUN->SSH: 52 байт
2026-04-09 01:20:50,279 [DEBUG] TUN->SSH: 60 байт
2026-04-09 01:20:50,323 [DEBUG] SSH->TUN: 60 байт
2026-04-09 01:20:50,323 [DEBUG] TUN->SSH: 52 байт
2026-04-09 01:20:50,323 [DEBUG] TUN->SSH: 118 байт
2026-04-09 01:20:50,368 [DEBUG] SSH->TUN: 52 байт
2026-04-09 01:20:50,374 [DEBUG] SSH->TUN: 117 байт
2026-04-09 01:20:50,374 [DEBUG] TUN->SSH: 52 байт
2026-04-09 01:20:50,374 [DEBUG] SSH->TUN: 141 байт
2026-04-09 01:20:50,374 [DEBUG] TUN->SSH: 52 байт
2026-04-09 01:20:50,375 [DEBUG] TUN->SSH: 52 байт
2026-04-09 01:20:50,417 [DEBUG] SSH->TUN: 52 байт
2026-04-09 01:20:50,418 [DEBUG] TUN->SSH: 52 байт
2026-04-09 01:20:50,600 [DEBUG] TUN->SSH: 60 байт
2026-04-09 01:20:50,647 [DEBUG] SSH->TUN: 60 байт
2026-04-09 01:20:50,647 [DEBUG] TUN->SSH: 52 байт
2026-04-09 01:20:50,647 [DEBUG] TUN->SSH: 136 байт
2026-04-09 01:20:50,695 [DEBUG] SSH->TUN: 52 байт
2026-04-09 01:20:50,695 [DEBUG] SSH->TUN: 126 байт
2026-04-09 01:20:50,695 [DEBUG] TUN->SSH: 52 байт
2026-04-09 01:20:50,696 [DEBUG] SSH->TUN: 150 байт
2026-04-09 01:20:50,696 [DEBUG] TUN->SSH: 52 байт
2026-04-09 01:20:50,696 [DEBUG] TUN->SSH: 52 байт
2026-04-09 01:20:50,743 [DEBUG] SSH->TUN: 52 байт
2026-04-09 01:20:50,743 [DEBUG] TUN->SSH: 52 байт
2026-04-09 01:20:50,791 [DEBUG] TUN->SSH: 60 байт
2026-04-09 01:20:50,834 [DEBUG] SSH->TUN: 60 байт
2026-04-09 01:20:50,834 [DEBUG] TUN->SSH: 52 байт
2026-04-09 01:20:50,834 [DEBUG] TUN->SSH: 124 байт
2026-04-09 01:20:50,878 [DEBUG] SSH->TUN: 52 байт
2026-04-09 01:20:50,878 [DEBUG] SSH->TUN: 120 байт
2026-04-09 01:20:50,878 [DEBUG] TUN->SSH: 52 байт
2026-04-09 01:20:50,878 [DEBUG] SSH->TUN: 144 байт
2026-04-09 01:20:50,878 [DEBUG] TUN->SSH: 52 байт
2026-04-09 01:20:50,879 [DEBUG] TUN->SSH: 52 байт
2026-04-09 01:20:50,922 [DEBUG] TUN->SSH: 52 байт
2026-04-09 01:20:50,922 [DEBUG] SSH->TUN: 52 байт
2026-04-09 01:20:51,009 [DEBUG] TUN->SSH: 60 байт
2026-04-09 01:20:51,049 [DEBUG] TUN->SSH: 291 байт
2026-04-09 01:20:51,053 [DEBUG] SSH->TUN: 60 байт
2026-04-09 01:20:51,053 [DEBUG] TUN->SSH: 52 байт
2026-04-09 01:20:51,053 [DEBUG] TUN->SSH: 110 байт
2026-04-09 01:20:51,081 [DEBUG] TUN->SSH: 88 байт
2026-04-09 01:20:51,082 [DEBUG] TUN->SSH: 88 байт
2026-04-09 01:20:51,082 [DEBUG] TUN->SSH: 88 байт
2026-04-09 01:20:51,082 [DEBUG] TUN->SSH: 88 байт
2026-04-09 01:20:51,083 [DEBUG] TUN->SSH: 88 байт
2026-04-09 01:20:51,083 [DEBUG] TUN->SSH: 88 байт
2026-04-09 01:20:51,084 [DEBUG] TUN->SSH: 88 байт
2026-04-09 01:20:51,084 [DEBUG] TUN->SSH: 81 байт
2026-04-09 01:20:51,096 [DEBUG] SSH->TUN: 52 байт
2026-04-09 01:20:51,097 [DEBUG] SSH->TUN: 109 байт
2026-04-09 01:20:51,097 [DEBUG] TUN->SSH: 52 байт
2026-04-09 01:20:51,097 [DEBUG] SSH->TUN: 97 байт
2026-04-09 01:20:51,098 [DEBUG] TUN->SSH: 52 байт
2026-04-09 01:20:51,098 [DEBUG] TUN->SSH: 52 байт
2026-04-09 01:20:51,098 [DEBUG] TUN->SSH: 1278 байт
2026-04-09 01:20:51,099 [DEBUG] TUN->SSH: 1278 байт
2026-04-09 01:20:51,099 [DEBUG] TUN->SSH: 104 байт
2026-04-09 01:20:51,099 [DEBUG] TUN->SSH: 1278 байт
2026-04-09 01:20:51,100 [DEBUG] TUN->SSH: 1278 байт
2026-04-09 01:20:51,100 [DEBUG] TUN->SSH: 650 байт
2026-04-09 01:20:51,129 [DEBUG] TUN->SSH: 1278 байт
2026-04-09 01:20:51,129 [DEBUG] TUN->SSH: 1278 байт
2026-04-09 01:20:51,148 [DEBUG] SSH->TUN: 52 байт
2026-04-09 01:20:51,148 [DEBUG] SSH->TUN: 52 байт
2026-04-09 01:20:51,150 [DEBUG] SSH->TUN: 141 байт
2026-04-09 01:20:51,150 [DEBUG] TUN->SSH: 52 байт
2026-04-09 01:20:51,155 [DEBUG] TUN->SSH: 52 байт
2026-04-09 01:20:51,155 [DEBUG] SSH->TUN: 52 байт
2026-04-09 01:20:51,155 [DEBUG] SSH->TUN: 1228 байт
2026-04-09 01:20:51,158 [DEBUG] SSH->TUN: 1228 байт
2026-04-09 01:20:51,158 [DEBUG] SSH->TUN: 1228 байт
2026-04-09 01:20:51,158 [DEBUG] SSH->TUN: 1228 байт
2026-04-09 01:20:51,159 [DEBUG] TUN->SSH: 1278 байт
2026-04-09 01:20:51,159 [DEBUG] SSH->TUN: 959 байт
2026-04-09 01:20:51,159 [DEBUG] TUN->SSH: 1278 байт
2026-04-09 01:20:51,159 [DEBUG] TUN->SSH: 1278 байт
2026-04-09 01:20:51,160 [DEBUG] TUN->SSH: 838 байт
2026-04-09 01:20:51,176 [DEBUG] SSH->TUN: 1228 байт
2026-04-09 01:20:51,176 [DEBUG] SSH->TUN: 1228 байт
2026-04-09 01:20:51,205 [DEBUG] SSH->TUN: 561 байт
2026-04-09 01:20:51,205 [DEBUG] SSH->TUN: 52 байт
2026-04-09 01:20:51,206 [DEBUG] TUN->SSH: 72 байт
2026-04-09 01:20:51,206 [DEBUG] SSH->TUN: 52 байт
2026-04-09 01:20:51,206 [DEBUG] SSH->TUN: 77 байт
2026-04-09 01:20:51,206 [DEBUG] TUN->SSH: 75 байт
2026-04-09 01:20:51,232 [DEBUG] TUN->SSH: 1278 байт
2026-04-09 01:20:51,232 [DEBUG] TUN->SSH: 1227 байт
2026-04-09 01:20:51,239 [DEBUG] TUN->SSH: 60 байт
2026-04-09 01:20:51,240 [DEBUG] SSH->TUN: 52 байт
2026-04-09 01:20:51,241 [DEBUG] SSH->TUN: 170 байт
2026-04-09 01:20:51,257 [DEBUG] SSH->TUN: 56 байт
2026-04-09 01:20:51,278 [DEBUG] SSH->TUN: 51 байт
2026-04-09 01:20:51,279 [DEBUG] SSH->TUN: 52 байт
2026-04-09 01:20:51,282 [DEBUG] TUN->SSH: 52 байт
2026-04-09 01:20:51,283 [DEBUG] TUN->SSH: 72 байт
2026-04-09 01:20:51,283 [DEBUG] SSH->TUN: 60 байт
2026-04-09 01:20:51,284 [DEBUG] TUN->SSH: 52 байт
2026-04-09 01:20:51,284 [DEBUG] TUN->SSH: 120 байт
2026-04-09 01:20:51,329 [DEBUG] SSH->TUN: 52 байт
2026-04-09 01:20:51,330 [DEBUG] SSH->TUN: 102 байт
2026-04-09 01:20:51,330 [DEBUG] TUN->SSH: 52 байт
2026-04-09 01:20:51,330 [DEBUG] SSH->TUN: 148 байт
2026-04-09 01:20:51,330 [DEBUG] TUN->SSH: 52 байт
2026-04-09 01:20:51,331 [DEBUG] TUN->SSH: 52 байт
2026-04-09 01:20:51,369 [DEBUG] TUN->SSH: 60 байт
2026-04-09 01:20:51,377 [DEBUG] TUN->SSH: 52 байт
2026-04-09 01:20:51,377 [DEBUG] SSH->TUN: 52 байт
2026-04-09 01:20:51,412 [DEBUG] SSH->TUN: 60 байт
2026-04-09 01:20:51,413 [DEBUG] TUN->SSH: 52 байт
2026-04-09 01:20:51,413 [DEBUG] TUN->SSH: 88 байт
2026-04-09 01:20:51,420 [DEBUG] TUN->SSH: 60 байт
2026-04-09 01:20:51,431 [DEBUG] TUN->SSH: 124 байт
2026-04-09 01:20:51,431 [DEBUG] TUN->SSH: 60 байт
2026-04-09 01:20:51,432 [DEBUG] TUN->SSH: 52 байт
2026-04-09 01:20:51,432 [DEBUG] TUN->SSH: 60 байт
2026-04-09 01:20:51,459 [DEBUG] TUN->SSH: 60 байт
2026-04-09 01:20:51,463 [DEBUG] SSH->TUN: 52 байт
2026-04-09 01:20:51,464 [DEBUG] SSH->TUN: 60 байт
2026-04-09 01:20:51,464 [DEBUG] TUN->SSH: 52 байт
2026-04-09 01:20:51,464 [DEBUG] SSH->TUN: 104 байт
2026-04-09 01:20:51,465 [DEBUG] TUN->SSH: 120 байт
2026-04-09 01:20:51,465 [DEBUG] TUN->SSH: 52 байт
2026-04-09 01:20:51,465 [DEBUG] TUN->SSH: 52 байт
2026-04-09 01:20:51,465 [DEBUG] TUN->SSH: 60 байт
2026-04-09 01:20:51,483 [DEBUG] SSH->TUN: 60 байт
2026-04-09 01:20:51,483 [DEBUG] TUN->SSH: 52 байт
2026-04-09 01:20:51,484 [DEBUG] SSH->TUN: 60 байт
2026-04-09 01:20:51,484 [DEBUG] TUN->SSH: 110 байт
2026-04-09 01:20:51,484 [DEBUG] TUN->SSH: 52 байт
2026-04-09 01:20:51,484 [DEBUG] TUN->SSH: 150 байт
2026-04-09 01:20:51,503 [DEBUG] SSH->TUN: 60 байт
2026-04-09 01:20:51,503 [DEBUG] TUN->SSH: 52 байт
2026-04-09 01:20:51,503 [DEBUG] TUN->SSH: 112 байт
2026-04-09 01:20:51,521 [DEBUG] SSH->TUN: 52 байт
2026-04-09 01:20:51,521 [DEBUG] SSH->TUN: 170 байт
2026-04-09 01:20:51,521 [DEBUG] TUN->SSH: 52 байт
2026-04-09 01:20:51,521 [DEBUG] SSH->TUN: 52 байт
2026-04-09 01:20:51,522 [DEBUG] TUN->SSH: 52 байт
2026-04-09 01:20:51,527 [DEBUG] SSH->TUN: 52 байт
2026-04-09 01:20:51,529 [DEBUG] SSH->TUN: 109 байт
2026-04-09 01:20:51,529 [DEBUG] TUN->SSH: 52 байт
2026-04-09 01:20:51,529 [DEBUG] SSH->TUN: 97 байт
2026-04-09 01:20:51,530 [DEBUG] TUN->SSH: 52 байт
2026-04-09 01:20:51,530 [DEBUG] SSH->TUN: 52 байт
2026-04-09 01:20:51,530 [DEBUG] TUN->SSH: 52 байт
2026-04-09 01:20:51,530 [DEBUG] SSH->TUN: 269 байт
2026-04-09 01:20:51,531 [DEBUG] TUN->SSH: 52 байт
2026-04-09 01:20:51,531 [DEBUG] SSH->TUN: 197 байт
2026-04-09 01:20:51,531 [DEBUG] TUN->SSH: 52 байт
2026-04-09 01:20:51,531 [DEBUG] SSH->TUN: 60 байт
2026-04-09 01:20:51,532 [DEBUG] TUN->SSH: 52 байт
2026-04-09 01:20:51,532 [DEBUG] TUN->SSH: 52 байт
2026-04-09 01:20:51,533 [DEBUG] TUN->SSH: 1280 байт
2026-04-09 01:20:51,533 [DEBUG] TUN->SSH: 432 байт
2026-04-09 01:20:51,535 [DEBUG] SSH->TUN: 102 байт
2026-04-09 01:20:51,536 [DEBUG] TUN->SSH: 52 байт
2026-04-09 01:20:51,536 [DEBUG] TUN->SSH: 52 байт
2026-04-09 01:20:51,536 [DEBUG] TUN->SSH: 60 байт
2026-04-09 01:20:51,546 [DEBUG] TUN->SSH: 60 байт
2026-04-09 01:20:51,549 [DEBUG] SSH->TUN: 52 байт
2026-04-09 01:20:51,549 [DEBUG] SSH->TUN: 166 байт
2026-04-09 01:20:51,550 [DEBUG] TUN->SSH: 52 байт
2026-04-09 01:20:51,550 [DEBUG] SSH->TUN: 98 байт
2026-04-09 01:20:51,550 [DEBUG] TUN->SSH: 52 байт
2026-04-09 01:20:51,551 [DEBUG] TUN->SSH: 52 байт
2026-04-09 01:20:51,551 [DEBUG] TUN->SSH: 60 байт
2026-04-09 01:20:51,573 [DEBUG] TUN->SSH: 52 байт
2026-04-09 01:20:51,574 [DEBUG] SSH->TUN: 52 байт
2026-04-09 01:20:51,576 [DEBUG] TUN->SSH: 52 байт
2026-04-09 01:20:51,576 [DEBUG] SSH->TUN: 52 байт
2026-04-09 01:20:51,582 [DEBUG] TUN->SSH: 52 байт
2026-04-09 01:20:51,582 [DEBUG] SSH->TUN: 52 байт
2026-04-09 01:20:51,589 [DEBUG] SSH->TUN: 60 байт
2026-04-09 01:20:51,590 [DEBUG] TUN->SSH: 52 байт
2026-04-09 01:20:51,590 [DEBUG] TUN->SSH: 1280 байт
2026-04-09 01:20:51,590 [DEBUG] SSH->TUN: 60 байт
2026-04-09 01:20:51,591 [DEBUG] TUN->SSH: 723 байт
2026-04-09 01:20:51,591 [DEBUG] TUN->SSH: 52 байт
2026-04-09 01:20:51,591 [DEBUG] TUN->SSH: 150 байт
2026-04-09 01:20:51,594 [DEBUG] SSH->TUN: 52 байт
2026-04-09 01:20:51,594 [DEBUG] SSH->TUN: 52 байт
2026-04-09 01:20:51,595 [DEBUG] SSH->TUN: 1280 байт
2026-04-09 01:20:51,596 [DEBUG] TUN->SSH: 52 байт
2026-04-09 01:20:51,596 [DEBUG] SSH->TUN: 1280 байт
2026-04-09 01:20:51,597 [DEBUG] TUN->SSH: 52 байт
2026-04-09 01:20:51,597 [DEBUG] SSH->TUN: 1280 байт
2026-04-09 01:20:51,597 [DEBUG] TUN->SSH: 52 байт
2026-04-09 01:20:51,598 [DEBUG] SSH->TUN: 464 байт
2026-04-09 01:20:51,598 [DEBUG] TUN->SSH: 52 байт
2026-04-09 01:20:51,598 [DEBUG] SSH->TUN: 52 байт
2026-04-09 01:20:51,598 [DEBUG] TUN->SSH: 52 байт
2026-04-09 01:20:51,599 [DEBUG] SSH->TUN: 1280 байт
2026-04-09 01:20:51,599 [DEBUG] TUN->SSH: 52 байт
2026-04-09 01:20:51,599 [DEBUG] SSH->TUN: 431 байт
2026-04-09 01:20:51,599 [DEBUG] TUN->SSH: 52 байт
2026-04-09 01:20:51,601 [DEBUG] TUN->SSH: 386 байт
2026-04-09 01:20:51,605 [DEBUG] SSH->TUN: 60 байт
2026-04-09 01:20:51,605 [DEBUG] TUN->SSH: 52 байт
2026-04-09 01:20:51,605 [DEBUG] TUN->SSH: 94 байт
2026-04-09 01:20:51,628 [DEBUG] SSH->TUN: 52 байт
2026-04-09 01:20:51,628 [DEBUG] TUN->SSH: 82 байт
2026-04-09 01:20:51,634 [DEBUG] SSH->TUN: 52 байт
2026-04-09 01:20:51,637 [DEBUG] SSH->TUN: 269 байт
2026-04-09 01:20:51,638 [DEBUG] TUN->SSH: 52 байт
2026-04-09 01:20:51,638 [DEBUG] SSH->TUN: 197 байт
2026-04-09 01:20:51,638 [DEBUG] TUN->SSH: 52 байт
2026-04-09 01:20:51,639 [DEBUG] TUN->SSH: 52 байт
2026-04-09 01:20:51,642 [DEBUG] SSH->TUN: 52 байт
2026-04-09 01:20:51,643 [DEBUG] SSH->TUN: 1280 байт
2026-04-09 01:20:51,643 [DEBUG] TUN->SSH: 52 байт
2026-04-09 01:20:51,644 [DEBUG] SSH->TUN: 1280 байт
2026-04-09 01:20:51,644 [DEBUG] TUN->SSH: 52 байт
2026-04-09 01:20:51,644 [DEBUG] SSH->TUN: 692 байт
2026-04-09 01:20:51,645 [DEBUG] TUN->SSH: 52 байт
2026-04-09 01:20:51,645 [DEBUG] TUN->SSH: 116 байт
2026-04-09 01:20:51,646 [DEBUG] TUN->SSH: 144 байт
2026-04-09 01:20:51,646 [DEBUG] TUN->SSH: 415 байт
2026-04-09 01:20:51,660 [DEBUG] SSH->TUN: 52 байт
2026-04-09 01:20:51,665 [DEBUG] SSH->TUN: 355 байт
2026-04-09 01:20:51,666 [DEBUG] SSH->TUN: 355 байт
2026-04-09 01:20:51,666 [DEBUG] TUN->SSH: 52 байт
2026-04-09 01:20:51,666 [DEBUG] SSH->TUN: 803 байт
2026-04-09 01:20:51,667 [DEBUG] TUN->SSH: 60 байт
2026-04-09 01:20:51,684 [DEBUG] TUN->SSH: 52 байт
2026-04-09 01:20:51,684 [DEBUG] SSH->TUN: 52 байт
2026-04-09 01:20:51,697 [DEBUG] SSH->TUN: 131 байт
2026-04-09 01:20:51,698 [DEBUG] SSH->TUN: 131 байт
2026-04-09 01:20:51,699 [DEBUG] TUN->SSH: 52 байт
2026-04-09 01:20:51,699 [DEBUG] SSH->TUN: 116 байт
2026-04-09 01:20:51,699 [DEBUG] TUN->SSH: 83 байт
2026-04-09 01:20:51,707 [DEBUG] TUN->SSH: 52 байт
2026-04-09 01:20:51,714 [DEBUG] SSH->TUN: 60 байт
2026-04-09 01:20:51,714 [DEBUG] TUN->SSH: 52 байт
2026-04-09 01:20:51,714 [DEBUG] TUN->SSH: 88 байт
2026-04-09 01:20:51,745 [DEBUG] SSH->TUN: 52 байт
2026-04-09 01:20:51,753 [DEBUG] SSH->TUN: 52 байт
2026-04-09 01:20:51,768 [DEBUG] SSH->TUN: 52 байт
2026-04-09 01:20:51,768 [DEBUG] SSH->TUN: 104 байт
2026-04-09 01:20:51,769 [DEBUG] TUN->SSH: 52 байт
2026-04-09 01:20:51,769 [DEBUG] TUN->SSH: 52 байт
2026-04-09 01:20:51,769 [DEBUG] TUN->SSH: 60 байт
2026-04-09 01:20:51,813 [DEBUG] SSH->TUN: 52 байт
2026-04-09 01:20:51,814 [DEBUG] TUN->SSH: 52 байт
2026-04-09 01:20:51,822 [DEBUG] SSH->TUN: 64 байт
2026-04-09 01:20:51,823 [DEBUG] TUN->SSH: 124 байт
2026-04-09 01:20:51,823 [DEBUG] TUN->SSH: 148 байт
2026-04-09 01:20:51,829 [DEBUG] SSH->TUN: 60 байт
2026-04-09 01:20:51,829 [DEBUG] TUN->SSH: 52 байт
2026-04-09 01:20:51,829 [DEBUG] TUN->SSH: 1280 байт
2026-04-09 01:20:51,830 [DEBUG] TUN->SSH: 751 байт
2026-04-09 01:20:51,837 [DEBUG] SSH->TUN: 869 байт
2026-04-09 01:20:51,837 [DEBUG] TUN->SSH: 52 байт
2026-04-09 01:20:51,838 [DEBUG] TUN->SSH: 1280 байт
2026-04-09 01:20:51,838 [DEBUG] TUN->SSH: 360 байт
2026-04-09 01:20:51,893 [DEBUG] SSH->TUN: 789 байт
2026-04-09 01:20:51,893 [DEBUG] SSH->TUN: 52 байт
2026-04-09 01:20:51,893 [DEBUG] SSH->TUN: 52 байт
2026-04-09 01:20:51,899 [DEBUG] SSH->TUN: 1280 байт
2026-04-09 01:20:51,899 [DEBUG] TUN->SSH: 52 байт
2026-04-09 01:20:51,899 [DEBUG] TUN->SSH: 52 байт
2026-04-09 01:20:51,899 [DEBUG] SSH->TUN: 1280 байт
2026-04-09 01:20:51,900 [DEBUG] SSH->TUN: 1280 байт
2026-04-09 01:20:51,900 [DEBUG] TUN->SSH: 52 байт
2026-04-09 01:20:51,900 [DEBUG] SSH->TUN: 464 байт
2026-04-09 01:20:51,901 [DEBUG] TUN->SSH: 52 байт
2026-04-09 01:20:51,901 [DEBUG] SSH->TUN: 1280 байт
2026-04-09 01:20:51,901 [DEBUG] TUN->SSH: 52 байт
2026-04-09 01:20:51,901 [DEBUG] SSH->TUN: 431 байт
2026-04-09 01:20:51,902 [DEBUG] TUN->SSH: 52 байт
2026-04-09 01:20:51,902 [DEBUG] SSH->TUN: 52 байт
2026-04-09 01:20:51,902 [DEBUG] SSH->TUN: 52 байт
2026-04-09 01:20:51,902 [DEBUG] TUN->SSH: 100 байт
2026-04-09 01:20:51,903 [DEBUG] TUN->SSH: 395 байт
2026-04-09 01:20:51,907 [DEBUG] SSH->TUN: 1105 байт
2026-04-09 01:20:51,919 [DEBUG] TUN->SSH: 72 байт
2026-04-09 01:20:51,943 [DEBUG] TUN->SSH: 381 байт
2026-04-09 01:20:51,948 [DEBUG] TUN->SSH: 52 байт
2026-04-09 01:20:51,955 [DEBUG] SSH->TUN: 52 байт
2026-04-09 01:20:51,962 [DEBUG] SSH->TUN: 355 байт
2026-04-09 01:20:51,966 [DEBUG] SSH->TUN: 355 байт
2026-04-09 01:20:51,966 [DEBUG] TUN->SSH: 52 байт
2026-04-09 01:20:51,966 [DEBUG] SSH->TUN: 960 байт
2026-04-09 01:20:51,992 [DEBUG] SSH->TUN: 1228 байт
2026-04-09 01:20:51,992 [DEBUG] SSH->TUN: 1228 байт
2026-04-09 01:20:51,993 [DEBUG] TUN->SSH: 71 байт
2026-04-09 01:20:51,993 [DEBUG] SSH->TUN: 1228 байт
2026-04-09 01:20:51,993 [DEBUG] SSH->TUN: 1228 байт
2026-04-09 01:20:51,993 [DEBUG] TUN->SSH: 71 байт
2026-04-09 01:20:51,999 [DEBUG] SSH->TUN: 1228 байт
2026-04-09 01:20:52,000 [DEBUG] SSH->TUN: 1228 байт
2026-04-09 01:20:52,000 [DEBUG] TUN->SSH: 71 байт
2026-04-09 01:20:52,000 [DEBUG] SSH->TUN: 1191 байт
2026-04-09 01:20:52,000 [DEBUG] SSH->TUN: 1228 байт
2026-04-09 01:20:52,001 [DEBUG] TUN->SSH: 71 байт
2026-04-09 01:20:52,001 [DEBUG] SSH->TUN: 1228 байт
2026-04-09 01:20:52,001 [DEBUG] SSH->TUN: 1228 байт
2026-04-09 01:20:52,001 [DEBUG] TUN->SSH: 71 байт
2026-04-09 01:20:52,002 [DEBUG] SSH->TUN: 65 байт
2026-04-09 01:20:52,007 [DEBUG] TUN->SSH: 52 байт
2026-04-09 01:20:52,018 [DEBUG] SSH->TUN: 64 байт
2026-04-09 01:20:52,020 [DEBUG] SSH->TUN: 52 байт
2026-04-09 01:20:52,020 [DEBUG] SSH->TUN: 78 байт
2026-04-09 01:20:52,020 [DEBUG] TUN->SSH: 52 байт
2026-04-09 01:20:52,020 [DEBUG] SSH->TUN: 76 байт
2026-04-09 01:20:52,021 [DEBUG] TUN->SSH: 52 байт
2026-04-09 01:20:52,021 [DEBUG] SSH->TUN: 52 байт
2026-04-09 01:20:52,021 [DEBUG] TUN->SSH: 52 байт
2026-04-09 01:20:52,021 [DEBUG] TUN->SSH: 52 байт
2026-04-09 01:20:52,028 [DEBUG] TUN->SSH: 72 байт
2026-04-09 01:20:52,037 [DEBUG] SSH->TUN: 1228 байт
2026-04-09 01:20:52,042 [DEBUG] SSH->TUN: 1228 байт
2026-04-09 01:20:52,043 [DEBUG] TUN->SSH: 71 байт
2026-04-09 01:20:52,043 [DEBUG] SSH->TUN: 1228 байт
2026-04-09 01:20:52,044 [DEBUG] TUN->SSH: 71 байт
2026-04-09 01:20:52,044 [DEBUG] SSH->TUN: 1228 байт
2026-04-09 01:20:52,044 [DEBUG] SSH->TUN: 1228 байт
2026-04-09 01:20:52,044 [DEBUG] SSH->TUN: 1228 байт
2026-04-09 01:20:52,044 [DEBUG] TUN->SSH: 71 байт
2026-04-09 01:20:52,044 [DEBUG] SSH->TUN: 1228 байт
2026-04-09 01:20:52,045 [DEBUG] SSH->TUN: 1228 байт
2026-04-09 01:20:52,045 [DEBUG] TUN->SSH: 71 байт
2026-04-09 01:20:52,045 [DEBUG] SSH->TUN: 244 байт
2026-04-09 01:20:52,045 [DEBUG] SSH->TUN: 68 байт
2026-04-09 01:20:52,046 [DEBUG] SSH->TUN: 52 байт
2026-04-09 01:20:52,047 [DEBUG] SSH->TUN: 1228 байт
2026-04-09 01:20:52,048 [DEBUG] SSH->TUN: 627 байт
2026-04-09 01:20:52,048 [DEBUG] TUN->SSH: 73 байт
2026-04-09 01:20:52,052 [DEBUG] TUN->SSH: 365 байт
2026-04-09 01:20:52,053 [DEBUG] TUN->SSH: 68 байт
2026-04-09 01:20:52,105 [DEBUG] SSH->TUN: 52 байт
2026-04-09 01:20:52,105 [DEBUG] TUN->SSH: 96 байт
2026-04-09 01:20:52,116 [DEBUG] SSH->TUN: 1280 байт
2026-04-09 01:20:52,121 [DEBUG] SSH->TUN: 1280 байт
2026-04-09 01:20:52,121 [DEBUG] TUN->SSH: 52 байт
2026-04-09 01:20:52,122 [DEBUG] SSH->TUN: 1280 байт
2026-04-09 01:20:52,122 [DEBUG] SSH->TUN: 436 байт
2026-04-09 01:20:52,122 [DEBUG] TUN->SSH: 52 байт
2026-04-09 01:20:52,157 [DEBUG] SSH->TUN: 52 байт
2026-04-09 01:20:52,195 [DEBUG] SSH->TUN: 648 байт
2026-04-09 01:20:52,223 [DEBUG] SSH->TUN: 52 байт
2026-04-09 01:20:52,237 [DEBUG] TUN->SSH: 52 байт
2026-04-09 01:20:52,246 [DEBUG] SSH->TUN: 96 байт
2026-04-09 01:20:52,246 [DEBUG] TUN->SSH: 52 байт
2026-04-09 01:20:52,246 [DEBUG] TUN->SSH: 112 байт
2026-04-09 01:20:52,327 [DEBUG] SSH->TUN: 173 байт
2026-04-09 01:20:52,328 [DEBUG] TUN->SSH: 40 байт
2026-04-09 01:20:52,340 [DEBUG] SSH->TUN: 52 байт
2026-04-09 01:20:52,387 [DEBUG] SSH->TUN: 96 байт
2026-04-09 01:20:52,387 [DEBUG] TUN->SSH: 192 байт
2026-04-09 01:20:52,445 [DEBUG] SSH->TUN: 52 байт
2026-04-09 01:20:52,455 [DEBUG] TUN->SSH: 60 байт
2026-04-09 01:20:52,499 [DEBUG] SSH->TUN: 60 байт
2026-04-09 01:20:52,499 [DEBUG] TUN->SSH: 52 байт
2026-04-09 01:20:52,499 [DEBUG] TUN->SSH: 118 байт
2026-04-09 01:20:52,544 [DEBUG] SSH->TUN: 152 байт
2026-04-09 01:20:52,549 [DEBUG] TUN->SSH: 360 байт
2026-04-09 01:20:52,551 [DEBUG] SSH->TUN: 52 байт
2026-04-09 01:20:52,552 [DEBUG] SSH->TUN: 141 байт
2026-04-09 01:20:52,552 [DEBUG] TUN->SSH: 52 байт
2026-04-09 01:20:52,552 [DEBUG] SSH->TUN: 117 байт
2026-04-09 01:20:52,553 [DEBUG] TUN->SSH: 52 байт
2026-04-09 01:20:52,553 [DEBUG] TUN->SSH: 52 байт
2026-04-09 01:20:52,597 [DEBUG] TUN->SSH: 52 байт
2026-04-09 01:20:52,597 [DEBUG] SSH->TUN: 52 байт
2026-04-09 01:20:52,601 [DEBUG] SSH->TUN: 52 байт
2026-04-09 01:20:52,690 [DEBUG] SSH->TUN: 80 байт
2026-04-09 01:20:52,690 [DEBUG] TUN->SSH: 104 байт
2026-04-09 01:20:52,690 [DEBUG] SSH->TUN: 680 байт
2026-04-09 01:20:52,731 [DEBUG] TUN->SSH: 52 байт
2026-04-09 01:20:52,746 [DEBUG] SSH->TUN: 52 байт
2026-04-09 01:20:52,831 [DEBUG] SSH->TUN: 96 байт
2026-04-09 01:20:52,832 [DEBUG] TUN->SSH: 52 байт
2026-04-09 01:20:52,832 [DEBUG] TUN->SSH: 908 байт
2026-04-09 01:20:52,884 [DEBUG] SSH->TUN: 52 байт
2026-04-09 01:20:52,967 [DEBUG] TUN->SSH: 60 байт
2026-04-09 01:20:52,967 [DEBUG] TUN->SSH: 60 байт
2026-04-09 01:20:52,968 [DEBUG] TUN->SSH: 60 байт
2026-04-09 01:20:52,973 [DEBUG] SSH->TUN: 88 байт
2026-04-09 01:20:53,008 [DEBUG] SSH->TUN: 180 байт
2026-04-09 01:20:53,009 [DEBUG] TUN->SSH: 52 байт
2026-04-09 01:20:53,009 [DEBUG] SSH->TUN: 112 байт
2026-04-09 01:20:53,009 [DEBUG] SSH->TUN: 176 байт
2026-04-09 01:20:53,010 [DEBUG] TUN->SSH: 52 байт
2026-04-09 01:20:53,011 [DEBUG] TUN->SSH: 280 байт
2026-04-09 01:20:53,011 [DEBUG] SSH->TUN: 60 байт
2026-04-09 01:20:53,011 [DEBUG] TUN->SSH: 52 байт
2026-04-09 01:20:53,011 [DEBUG] SSH->TUN: 60 байт
2026-04-09 01:20:53,012 [DEBUG] TUN->SSH: 136 байт
2026-04-09 01:20:53,012 [DEBUG] TUN->SSH: 52 байт
2026-04-09 01:20:53,012 [DEBUG] TUN->SSH: 124 байт
2026-04-09 01:20:53,020 [DEBUG] SSH->TUN: 60 байт
2026-04-09 01:20:53,020 [DEBUG] TUN->SSH: 52 байт
2026-04-09 01:20:53,020 [DEBUG] TUN->SSH: 152 байт
2026-04-09 01:20:53,057 [DEBUG] SSH->TUN: 52 байт
2026-04-09 01:20:53,058 [DEBUG] SSH->TUN: 52 байт
2026-04-09 01:20:53,058 [DEBUG] SSH->TUN: 126 байт
2026-04-09 01:20:53,058 [DEBUG] TUN->SSH: 52 байт
2026-04-09 01:20:53,059 [DEBUG] SSH->TUN: 144 байт
2026-04-09 01:20:53,059 [DEBUG] TUN->SSH: 52 байт
2026-04-09 01:20:53,059 [DEBUG] SSH->TUN: 120 байт
2026-04-09 01:20:53,060 [DEBUG] TUN->SSH: 52 байт
2026-04-09 01:20:53,060 [DEBUG] SSH->TUN: 150 байт
2026-04-09 01:20:53,060 [DEBUG] TUN->SSH: 52 байт
2026-04-09 01:20:53,061 [DEBUG] TUN->SSH: 52 байт
2026-04-09 01:20:53,061 [DEBUG] TUN->SSH: 52 байт
2026-04-09 01:20:53,066 [DEBUG] SSH->TUN: 52 байт
2026-04-09 01:20:53,066 [DEBUG] SSH->TUN: 161 байт
2026-04-09 01:20:53,066 [DEBUG] TUN->SSH: 52 байт
2026-04-09 01:20:53,067 [DEBUG] SSH->TUN: 118 байт
2026-04-09 01:20:53,067 [DEBUG] TUN->SSH: 52 байт
2026-04-09 01:20:53,067 [DEBUG] SSH->TUN: 52 байт
2026-04-09 01:20:53,068 [DEBUG] TUN->SSH: 52 байт
2026-04-09 01:20:53,082 [DEBUG] TUN->SSH: 60 байт
2026-04-09 01:20:53,103 [DEBUG] TUN->SSH: 52 байт
2026-04-09 01:20:53,103 [DEBUG] SSH->TUN: 52 байт
2026-04-09 01:20:53,104 [DEBUG] TUN->SSH: 52 байт
2026-04-09 01:20:53,104 [DEBUG] SSH->TUN: 52 байт
2026-04-09 01:20:53,112 [DEBUG] TUN->SSH: 52 байт
2026-04-09 01:20:53,112 [DEBUG] SSH->TUN: 52 байт
2026-04-09 01:20:53,124 [DEBUG] SSH->TUN: 60 байт
2026-04-09 01:20:53,125 [DEBUG] TUN->SSH: 52 байт
2026-04-09 01:20:53,125 [DEBUG] TUN->SSH: 152 байт
2026-04-09 01:20:53,154 [DEBUG] SSH->TUN: 88 байт
2026-04-09 01:20:53,168 [DEBUG] SSH->TUN: 52 байт
2026-04-09 01:20:53,173 [DEBUG] SSH->TUN: 118 байт
2026-04-09 01:20:53,173 [DEBUG] TUN->SSH: 52 байт
2026-04-09 01:20:53,173 [DEBUG] SSH->TUN: 161 байт
2026-04-09 01:20:53,173 [DEBUG] TUN->SSH: 52 байт
2026-04-09 01:20:53,174 [DEBUG] TUN->SSH: 52 байт
2026-04-09 01:20:53,174 [DEBUG] TUN->SSH: 60 байт
2026-04-09 01:20:53,196 [DEBUG] SSH->TUN: 160 байт
2026-04-09 01:20:53,197 [DEBUG] TUN->SSH: 52 байт
2026-04-09 01:20:53,199 [DEBUG] TUN->SSH: 96 байт
2026-04-09 01:20:53,199 [DEBUG] TUN->SSH: 88 байт
2026-04-09 01:20:53,219 [DEBUG] TUN->SSH: 52 байт
2026-04-09 01:20:53,220 [DEBUG] SSH->TUN: 52 байт
2026-04-09 01:20:53,235 [DEBUG] SSH->TUN: 1280 байт
2026-04-09 01:20:53,238 [DEBUG] SSH->TUN: 60 байт
2026-04-09 01:20:53,239 [DEBUG] TUN->SSH: 52 байт
2026-04-09 01:20:53,252 [DEBUG] TUN->SSH: 266 байт
2026-04-09 01:20:53,258 [DEBUG] SSH->TUN: 52 байт
2026-04-09 01:20:53,258 [DEBUG] SSH->TUN: 52 байт
2026-04-09 01:20:53,276 [DEBUG] TUN->SSH: 52 байт
2026-04-09 01:20:53,287 [DEBUG] TUN->SSH: 569 байт
2026-04-09 01:20:53,326 [DEBUG] SSH->TUN: 52 байт
2026-04-09 01:20:53,327 [DEBUG] SSH->TUN: 1251 байт
2026-04-09 01:20:53,327 [DEBUG] TUN->SSH: 52 байт
2026-04-09 01:20:53,330 [DEBUG] SSH->TUN: 284 байт
2026-04-09 01:20:53,331 [DEBUG] TUN->SSH: 52 байт
2026-04-09 01:20:53,331 [DEBUG] SSH->TUN: 1280 байт
2026-04-09 01:20:53,331 [DEBUG] TUN->SSH: 52 байт
2026-04-09 01:20:53,331 [DEBUG] SSH->TUN: 1280 байт
2026-04-09 01:20:53,332 [DEBUG] TUN->SSH: 52 байт
2026-04-09 01:20:53,333 [DEBUG] SSH->TUN: 1280 байт
2026-04-09 01:20:53,333 [DEBUG] TUN->SSH: 52 байт
2026-04-09 01:20:53,334 [DEBUG] TUN->SSH: 1113 байт
2026-04-09 01:20:53,340 [DEBUG] SSH->TUN: 104 байт
2026-04-09 01:20:53,340 [DEBUG] SSH->TUN: 124 байт
2026-04-09 01:20:53,340 [DEBUG] TUN->SSH: 52 байт
2026-04-09 01:20:53,340 [DEBUG] TUN->SSH: 88 байт
2026-04-09 01:20:53,341 [DEBUG] TUN->SSH: 112 байт
2026-04-09 01:20:53,341 [DEBUG] TUN->SSH: 52 байт
2026-04-09 01:20:53,382 [DEBUG] TUN->SSH: 60 байт
2026-04-09 01:20:53,384 [DEBUG] SSH->TUN: 1280 байт
2026-04-09 01:20:53,384 [DEBUG] TUN->SSH: 52 байт
2026-04-09 01:20:53,384 [DEBUG] SSH->TUN: 1280 байт
2026-04-09 01:20:53,385 [DEBUG] TUN->SSH: 52 байт
2026-04-09 01:20:53,385 [DEBUG] SSH->TUN: 1280 байт
2026-04-09 01:20:53,385 [DEBUG] TUN->SSH: 52 байт
2026-04-09 01:20:53,387 [DEBUG] SSH->TUN: 1280 байт
2026-04-09 01:20:53,387 [DEBUG] TUN->SSH: 52 байт
2026-04-09 01:20:53,388 [DEBUG] SSH->TUN: 1280 байт
2026-04-09 01:20:53,388 [DEBUG] TUN->SSH: 52 байт
2026-04-09 01:20:53,392 [DEBUG] SSH->TUN: 1280 байт
2026-04-09 01:20:53,392 [DEBUG] TUN->SSH: 52 байт
2026-04-09 01:20:53,393 [DEBUG] SSH->TUN: 1280 байт
2026-04-09 01:20:53,394 [DEBUG] TUN->SSH: 52 байт
2026-04-09 01:20:53,394 [DEBUG] SSH->TUN: 52 байт
2026-04-09 01:20:53,394 [DEBUG] SSH->TUN: 52 байт
2026-04-09 01:20:53,394 [DEBUG] SSH->TUN: 1280 байт
2026-04-09 01:20:53,395 [DEBUG] TUN->SSH: 52 байт
2026-04-09 01:20:53,399 [DEBUG] SSH->TUN: 103 байт
2026-04-09 01:20:53,399 [DEBUG] SSH->TUN: 92 байт
2026-04-09 01:20:53,419 [DEBUG] TUN->SSH: 52 байт
2026-04-09 01:20:53,420 [DEBUG] TUN->SSH: 213 байт
2026-04-09 01:20:53,429 [DEBUG] SSH->TUN: 60 байт
2026-04-09 01:20:53,429 [DEBUG] TUN->SSH: 52 байт
2026-04-09 01:20:53,429 [DEBUG] TUN->SSH: 112 байт
2026-04-09 01:20:53,436 [DEBUG] SSH->TUN: 52 байт
2026-04-09 01:20:53,437 [DEBUG] SSH->TUN: 1280 байт
2026-04-09 01:20:53,438 [DEBUG] TUN->SSH: 52 байт
2026-04-09 01:20:53,439 [DEBUG] SSH->TUN: 262 байт
2026-04-09 01:20:53,440 [DEBUG] TUN->SSH: 52 байт
2026-04-09 01:20:53,440 [DEBUG] SSH->TUN: 1280 байт
2026-04-09 01:20:53,440 [DEBUG] TUN->SSH: 52 байт
2026-04-09 01:20:53,441 [DEBUG] SSH->TUN: 284 байт
2026-04-09 01:20:53,441 [DEBUG] TUN->SSH: 52 байт
2026-04-09 01:20:53,441 [DEBUG] SSH->TUN: 1280 байт
2026-04-09 01:20:53,445 [DEBUG] SSH->TUN: 1280 байт
2026-04-09 01:20:53,446 [DEBUG] TUN->SSH: 52 байт
2026-04-09 01:20:53,446 [DEBUG] SSH->TUN: 1280 байт
2026-04-09 01:20:53,446 [DEBUG] SSH->TUN: 1280 байт
2026-04-09 01:20:53,447 [DEBUG] TUN->SSH: 52 байт
2026-04-09 01:20:53,448 [DEBUG] SSH->TUN: 1280 байт
2026-04-09 01:20:53,448 [DEBUG] SSH->TUN: 1280 байт
2026-04-09 01:20:53,449 [DEBUG] TUN->SSH: 52 байт
2026-04-09 01:20:53,453 [DEBUG] SSH->TUN: 1114 байт
2026-04-09 01:20:53,453 [DEBUG] TUN->SSH: 52 байт
2026-04-09 01:20:53,473 [DEBUG] SSH->TUN: 52 байт
2026-04-09 01:20:53,474 [DEBUG] SSH->TUN: 98 байт
2026-04-09 01:20:53,474 [DEBUG] TUN->SSH: 52 байт
2026-04-09 01:20:53,475 [DEBUG] SSH->TUN: 166 байт
2026-04-09 01:20:53,475 [DEBUG] TUN->SSH: 52 байт
2026-04-09 01:20:53,476 [DEBUG] TUN->SSH: 52 байт
2026-04-09 01:20:53,476 [DEBUG] TUN->SSH: 60 байт
2026-04-09 01:20:53,479 [DEBUG] TUN->SSH: 60 байт
2026-04-09 01:20:53,482 [DEBUG] SSH->TUN: 52 байт
2026-04-09 01:20:53,483 [DEBUG] TUN->SSH: 52 байт
2026-04-09 01:20:53,507 [DEBUG] SSH->TUN: 52 байт
2026-04-09 01:20:53,521 [DEBUG] SSH->TUN: 52 байт
2026-04-09 01:20:53,521 [DEBUG] TUN->SSH: 52 байт
2026-04-09 01:20:53,532 [DEBUG] SSH->TUN: 60 байт
2026-04-09 01:20:53,532 [DEBUG] TUN->SSH: 52 байт
2026-04-09 01:20:53,532 [DEBUG] SSH->TUN: 60 байт
2026-04-09 01:20:53,532 [DEBUG] TUN->SSH: 120 байт
2026-04-09 01:20:53,533 [DEBUG] SSH->TUN: 52 байт
2026-04-09 01:20:53,533 [DEBUG] TUN->SSH: 52 байт
2026-04-09 01:20:53,533 [DEBUG] TUN->SSH: 94 байт
2026-04-09 01:20:53,557 [DEBUG] TUN->SSH: 60 байт
2026-04-09 01:20:53,575 [DEBUG] SSH->TUN: 52 байт
2026-04-09 01:20:53,578 [DEBUG] SSH->TUN: 148 байт
2026-04-09 01:20:53,579 [DEBUG] TUN->SSH: 52 байт
2026-04-09 01:20:53,579 [DEBUG] SSH->TUN: 102 байт
2026-04-09 01:20:53,579 [DEBUG] TUN->SSH: 52 байт
2026-04-09 01:20:53,580 [DEBUG] TUN->SSH: 52 байт
2026-04-09 01:20:53,583 [DEBUG] TUN->SSH: 60 байт
2026-04-09 01:20:53,584 [DEBUG] SSH->TUN: 866 байт
2026-04-09 01:20:53,584 [DEBUG] TUN->SSH: 52 байт
2026-04-09 01:20:53,585 [DEBUG] TUN->SSH: 60 байт
2026-04-09 01:20:53,589 [DEBUG] SSH->TUN: 52 байт
2026-04-09 01:20:53,622 [DEBUG] SSH->TUN: 60 байт
2026-04-09 01:20:53,622 [DEBUG] TUN->SSH: 52 байт
2026-04-09 01:20:53,625 [DEBUG] TUN->SSH: 192 байт
2026-04-09 01:20:53,627 [DEBUG] SSH->TUN: 52 байт
2026-04-09 01:20:53,628 [DEBUG] TUN->SSH: 52 байт
2026-04-09 01:20:53,635 [DEBUG] SSH->TUN: 60 байт
2026-04-09 01:20:53,636 [DEBUG] TUN->SSH: 52 байт
2026-04-09 01:20:53,636 [DEBUG] SSH->TUN: 60 байт
2026-04-09 01:20:53,637 [DEBUG] TUN->SSH: 124 байт
2026-04-09 01:20:53,637 [DEBUG] TUN->SSH: 52 байт
2026-04-09 01:20:53,638 [DEBUG] TUN->SSH: 152 байт
2026-04-09 01:20:53,654 [DEBUG] TUN->SSH: 52 байт
2026-04-09 01:20:53,654 [DEBUG] SSH->TUN: 52 байт
2026-04-09 01:20:53,682 [DEBUG] SSH->TUN: 52 байт
2026-04-09 01:20:53,685 [DEBUG] SSH->TUN: 52 байт
2026-04-09 01:20:53,686 [DEBUG] SSH->TUN: 52 байт
2026-04-09 01:20:53,686 [DEBUG] SSH->TUN: 144 байт
2026-04-09 01:20:53,686 [DEBUG] TUN->SSH: 52 байт
2026-04-09 01:20:53,687 [DEBUG] SSH->TUN: 120 байт
2026-04-09 01:20:53,687 [DEBUG] TUN->SSH: 52 байт
2026-04-09 01:20:53,687 [DEBUG] SSH->TUN: 161 байт
2026-04-09 01:20:53,688 [DEBUG] TUN->SSH: 52 байт
2026-04-09 01:20:53,688 [DEBUG] SSH->TUN: 118 байт
2026-04-09 01:20:53,688 [DEBUG] TUN->SSH: 60 байт
2026-04-09 01:20:53,688 [DEBUG] SSH->TUN: 71 байт
2026-04-09 01:20:53,689 [DEBUG] TUN->SSH: 52 байт
2026-04-09 01:20:53,689 [DEBUG] TUN->SSH: 52 байт
2026-04-09 01:20:53,689 [DEBUG] TUN->SSH: 52 байт
2026-04-09 01:20:53,690 [DEBUG] TUN->SSH: 60 байт
2026-04-09 01:20:53,690 [DEBUG] TUN->SSH: 52 байт
2026-04-09 01:20:53,690 [DEBUG] TUN->SSH: 569 байт
2026-04-09 01:20:53,737 [DEBUG] TUN->SSH: 52 байт
2026-04-09 01:20:53,737 [DEBUG] SSH->TUN: 52 байт
2026-04-09 01:20:53,738 [DEBUG] SSH->TUN: 60 байт
2026-04-09 01:20:53,738 [DEBUG] TUN->SSH: 52 байт
2026-04-09 01:20:53,738 [DEBUG] SSH->TUN: 52 байт
2026-04-09 01:20:53,739 [DEBUG] TUN->SSH: 52 байт
2026-04-09 01:20:53,739 [DEBUG] TUN->SSH: 1280 байт
2026-04-09 01:20:53,740 [DEBUG] TUN->SSH: 789 байт
2026-04-09 01:20:53,744 [DEBUG] SSH->TUN: 60 байт
2026-04-09 01:20:53,744 [DEBUG] TUN->SSH: 52 байт
2026-04-09 01:20:53,746 [DEBUG] SSH->TUN: 1280 байт
2026-04-09 01:20:53,747 [DEBUG] SSH->TUN: 1280 байт
2026-04-09 01:20:53,747 [DEBUG] TUN->SSH: 52 байт
2026-04-09 01:20:53,748 [DEBUG] SSH->TUN: 1280 байт
2026-04-09 01:20:53,748 [DEBUG] SSH->TUN: 464 байт
2026-04-09 01:20:53,748 [DEBUG] TUN->SSH: 52 байт
2026-04-09 01:20:53,749 [DEBUG] SSH->TUN: 1280 байт
2026-04-09 01:20:53,749 [DEBUG] SSH->TUN: 258 байт
2026-04-09 01:20:53,749 [DEBUG] TUN->SSH: 52 байт
2026-04-09 01:20:53,749 [DEBUG] TUN->SSH: 132 байт
2026-04-09 01:20:53,750 [DEBUG] TUN->SSH: 1280 байт
2026-04-09 01:20:53,750 [DEBUG] TUN->SSH: 1280 байт
2026-04-09 01:20:53,750 [DEBUG] TUN->SSH: 1280 байт
2026-04-09 01:20:53,751 [DEBUG] TUN->SSH: 1280 байт
2026-04-09 01:20:53,751 [DEBUG] TUN->SSH: 1280 байт
2026-04-09 01:20:53,752 [DEBUG] TUN->SSH: 1280 байт
2026-04-09 01:20:53,752 [DEBUG] TUN->SSH: 1280 байт
2026-04-09 01:20:53,753 [DEBUG] TUN->SSH: 1280 байт
2026-04-09 01:20:53,753 [DEBUG] TUN->SSH: 1280 байт
2026-04-09 01:20:53,757 [DEBUG] TUN->SSH: 266 байт
2026-04-09 01:20:53,773 [DEBUG] TUN->SSH: 52 байт
2026-04-09 01:20:53,774 [DEBUG] SSH->TUN: 869 байт
2026-04-09 01:20:53,774 [DEBUG] TUN->SSH: 1280 байт
2026-04-09 01:20:53,774 [DEBUG] TUN->SSH: 360 байт
2026-04-09 01:20:53,783 [DEBUG] SSH->TUN: 52 байт
2026-04-09 01:20:53,787 [DEBUG] SSH->TUN: 52 байт
2026-04-09 01:20:53,788 [DEBUG] SSH->TUN: 1280 байт
2026-04-09 01:20:53,788 [DEBUG] TUN->SSH: 52 байт
2026-04-09 01:20:53,788 [DEBUG] SSH->TUN: 1280 байт
2026-04-09 01:20:53,789 [DEBUG] TUN->SSH: 52 байт
2026-04-09 01:20:53,789 [DEBUG] SSH->TUN: 1058 байт
2026-04-09 01:20:53,789 [DEBUG] TUN->SSH: 52 байт
2026-04-09 01:20:53,789 [DEBUG] TUN->SSH: 116 байт
2026-04-09 01:20:53,790 [DEBUG] TUN->SSH: 144 байт
2026-04-09 01:20:53,790 [DEBUG] TUN->SSH: 692 байт
2026-04-09 01:20:53,790 [DEBUG] TUN->SSH: 1280 байт
2026-04-09 01:20:53,791 [DEBUG] TUN->SSH: 1079 байт
2026-04-09 01:20:53,809 [DEBUG] SSH->TUN: 52 байт
2026-04-09 01:20:53,809 [DEBUG] TUN->SSH: 1280 байт
2026-04-09 01:20:53,809 [DEBUG] SSH->TUN: 52 байт
2026-04-09 01:20:53,810 [DEBUG] TUN->SSH: 1280 байт
2026-04-09 01:20:53,810 [DEBUG] SSH->TUN: 339 байт
2026-04-09 01:20:53,810 [DEBUG] TUN->SSH: 1280 байт
2026-04-09 01:20:53,810 [DEBUG] SSH->TUN: 339 байт
2026-04-09 01:20:53,811 [DEBUG] TUN->SSH: 1280 байт
2026-04-09 01:20:53,811 [DEBUG] TUN->SSH: 1280 байт
2026-04-09 01:20:53,812 [DEBUG] TUN->SSH: 1280 байт
2026-04-09 01:20:53,812 [DEBUG] SSH->TUN: 52 байт
2026-04-09 01:20:53,812 [DEBUG] TUN->SSH: 1280 байт
2026-04-09 01:20:53,813 [DEBUG] TUN->SSH: 1280 байт
2026-04-09 01:20:53,813 [DEBUG] SSH->TUN: 52 байт
2026-04-09 01:20:53,814 [DEBUG] TUN->SSH: 52 байт
2026-04-09 01:20:53,814 [DEBUG] SSH->TUN: 52 байт
2026-04-09 01:20:53,814 [DEBUG] TUN->SSH: 1280 байт
2026-04-09 01:20:53,814 [DEBUG] SSH->TUN: 52 байт
2026-04-09 01:20:53,815 [DEBUG] TUN->SSH: 1280 байт
2026-04-09 01:20:53,815 [DEBUG] TUN->SSH: 1280 байт
2026-04-09 01:20:53,815 [DEBUG] SSH->TUN: 1251 байт
2026-04-09 01:20:53,816 [DEBUG] TUN->SSH: 1280 байт
2026-04-09 01:20:53,816 [DEBUG] TUN->SSH: 1280 байт
2026-04-09 01:20:53,816 [DEBUG] TUN->SSH: 1280 байт
2026-04-09 01:20:53,817 [DEBUG] TUN->SSH: 1280 байт
2026-04-09 01:20:53,817 [DEBUG] TUN->SSH: 1280 байт
2026-04-09 01:20:53,817 [DEBUG] TUN->SSH: 1280 байт
2026-04-09 01:20:53,818 [DEBUG] TUN->SSH: 1280 байт
2026-04-09 01:20:53,818 [DEBUG] TUN->SSH: 1280 байт
2026-04-09 01:20:53,818 [DEBUG] TUN->SSH: 1280 байт
2026-04-09 01:20:53,819 [DEBUG] TUN->SSH: 52 байт
2026-04-09 01:20:53,823 [DEBUG] TUN->SSH: 1113 байт
2026-04-09 01:20:53,828 [DEBUG] SSH->TUN: 52 байт
2026-04-09 01:20:53,828 [DEBUG] SSH->TUN: 52 байт
2026-04-09 01:20:53,829 [DEBUG] TUN->SSH: 100 байт
2026-04-09 01:20:53,835 [DEBUG] SSH->TUN: 564 байт
2026-04-09 01:20:53,835 [DEBUG] TUN->SSH: 83 байт
2026-04-09 01:20:53,836 [DEBUG] SSH->TUN: 83 байт
2026-04-09 01:20:53,836 [DEBUG] SSH->TUN: 52 байт
2026-04-09 01:20:53,846 [DEBUG] SSH->TUN: 572 байт
2026-04-09 01:20:53,847 [DEBUG] TUN->SSH: 52 байт
2026-04-09 01:20:53,847 [DEBUG] SSH->TUN: 94 байт
2026-04-09 01:20:53,847 [DEBUG] SSH->TUN: 83 байт
2026-04-09 01:20:53,848 [DEBUG] TUN->SSH: 52 байт
2026-04-09 01:20:53,862 [DEBUG] TUN->SSH: 1280 байт
2026-04-09 01:20:53,862 [DEBUG] SSH->TUN: 52 байт
2026-04-09 01:20:53,862 [DEBUG] TUN->SSH: 1280 байт
2026-04-09 01:20:53,863 [DEBUG] TUN->SSH: 1280 байт
2026-04-09 01:20:53,863 [DEBUG] TUN->SSH: 1280 байт
2026-04-09 01:20:53,876 [DEBUG] SSH->TUN: 52 байт
2026-04-09 01:20:53,876 [DEBUG] TUN->SSH: 1280 байт
2026-04-09 01:20:53,876 [DEBUG] SSH->TUN: 52 байт
2026-04-09 01:20:53,877 [DEBUG] TUN->SSH: 1280 байт
2026-04-09 01:20:53,877 [DEBUG] SSH->TUN: 52 байт
2026-04-09 01:20:53,877 [DEBUG] TUN->SSH: 1280 байт
2026-04-09 01:20:53,878 [DEBUG] SSH->TUN: 52 байт
2026-04-09 01:20:53,878 [DEBUG] TUN->SSH: 1280 байт
2026-04-09 01:20:53,878 [DEBUG] SSH->TUN: 52 байт
2026-04-09 01:20:53,878 [DEBUG] TUN->SSH: 1280 байт
2026-04-09 01:20:53,879 [DEBUG] SSH->TUN: 52 байт
2026-04-09 01:20:53,879 [DEBUG] TUN->SSH: 1280 байт
2026-04-09 01:20:53,879 [DEBUG] SSH->TUN: 52 байт
2026-04-09 01:20:53,880 [DEBUG] TUN->SSH: 1280 байт
2026-04-09 01:20:53,880 [DEBUG] SSH->TUN: 52 байт
2026-04-09 01:20:53,880 [DEBUG] TUN->SSH: 1280 байт
2026-04-09 01:20:53,880 [DEBUG] SSH->TUN: 52 байт
2026-04-09 01:20:53,881 [DEBUG] TUN->SSH: 1280 байт
2026-04-09 01:20:53,881 [DEBUG] TUN->SSH: 1280 байт
2026-04-09 01:20:53,882 [DEBUG] TUN->SSH: 1280 байт
2026-04-09 01:20:53,882 [DEBUG] TUN->SSH: 1280 байт
2026-04-09 01:20:53,882 [DEBUG] TUN->SSH: 1280 байт
2026-04-09 01:20:53,883 [DEBUG] TUN->SSH: 1280 байт
2026-04-09 01:20:53,883 [DEBUG] TUN->SSH: 1280 байт
2026-04-09 01:20:53,883 [DEBUG] TUN->SSH: 1280 байт
2026-04-09 01:20:53,884 [DEBUG] TUN->SSH: 1280 байт
2026-04-09 01:20:53,884 [DEBUG] SSH->TUN: 103 байт
2026-04-09 01:20:53,885 [DEBUG] TUN->SSH: 1280 байт
2026-04-09 01:20:53,885 [DEBUG] SSH->TUN: 92 байт
2026-04-09 01:20:53,885 [DEBUG] TUN->SSH: 1280 байт
2026-04-09 01:20:53,885 [DEBUG] SSH->TUN: 52 байт
2026-04-09 01:20:53,886 [DEBUG] TUN->SSH: 1280 байт
2026-04-09 01:20:53,886 [DEBUG] TUN->SSH: 1280 байт
2026-04-09 01:20:53,886 [DEBUG] TUN->SSH: 1280 байт
2026-04-09 01:20:53,887 [DEBUG] TUN->SSH: 1280 байт
2026-04-09 01:20:53,887 [DEBUG] TUN->SSH: 1280 байт
2026-04-09 01:20:53,887 [DEBUG] TUN->SSH: 1280 байт
2026-04-09 01:20:53,887 [DEBUG] TUN->SSH: 1280 байт
2026-04-09 01:20:53,888 [DEBUG] TUN->SSH: 1280 байт
2026-04-09 01:20:53,888 [DEBUG] TUN->SSH: 1280 байт
2026-04-09 01:20:53,888 [DEBUG] TUN->SSH: 1280 байт
2026-04-09 01:20:53,889 [DEBUG] TUN->SSH: 1280 байт
2026-04-09 01:20:53,889 [DEBUG] TUN->SSH: 1280 байт
2026-04-09 01:20:53,890 [DEBUG] TUN->SSH: 1280 байт
2026-04-09 01:20:53,890 [DEBUG] TUN->SSH: 1280 байт
2026-04-09 01:20:53,890 [DEBUG] TUN->SSH: 1280 байт
2026-04-09 01:20:53,891 [DEBUG] TUN->SSH: 1280 байт
2026-04-09 01:20:53,891 [DEBUG] TUN->SSH: 1280 байт
2026-04-09 01:20:53,897 [DEBUG] TUN->SSH: 52 байт
2026-04-09 01:20:53,898 [DEBUG] TUN->SSH: 213 байт
2026-04-09 01:20:53,915 [DEBUG] SSH->TUN: 52 байт
2026-04-09 01:20:53,916 [DEBUG] TUN->SSH: 1280 байт
2026-04-09 01:20:53,916 [DEBUG] SSH->TUN: 52 байт
2026-04-09 01:20:53,916 [DEBUG] TUN->SSH: 1280 байт
2026-04-09 01:20:53,917 [DEBUG] TUN->SSH: 1280 байт
2026-04-09 01:20:53,917 [DEBUG] TUN->SSH: 1280 байт
2026-04-09 01:20:53,917 [DEBUG] TUN->SSH: 1280 байт
2026-04-09 01:20:53,918 [DEBUG] TUN->SSH: 1280 байт
2026-04-09 01:20:53,918 [DEBUG] TUN->SSH: 1280 байт
2026-04-09 01:20:53,918 [DEBUG] TUN->SSH: 1280 байт
2026-04-09 01:20:53,921 [DEBUG] SSH->TUN: 52 байт
2026-04-09 01:20:53,930 [DEBUG] TUN->SSH: 1280 байт
2026-04-09 01:20:53,930 [DEBUG] SSH->TUN: 52 байт
2026-04-09 01:20:53,931 [DEBUG] TUN->SSH: 1280 байт
2026-04-09 01:20:53,932 [DEBUG] TUN->SSH: 1280 байт
2026-04-09 01:20:53,932 [DEBUG] SSH->TUN: 52 байт
2026-04-09 01:20:53,933 [DEBUG] TUN->SSH: 1280 байт
2026-04-09 01:20:53,933 [DEBUG] SSH->TUN: 52 байт
2026-04-09 01:20:53,933 [DEBUG] TUN->SSH: 1280 байт
2026-04-09 01:20:53,934 [DEBUG] TUN->SSH: 1280 байт
2026-04-09 01:20:53,934 [DEBUG] TUN->SSH: 1280 байт
2026-04-09 01:20:53,935 [DEBUG] TUN->SSH: 1280 байт
2026-04-09 01:20:53,935 [DEBUG] TUN->SSH: 1280 байт
2026-04-09 01:20:53,935 [DEBUG] TUN->SSH: 1280 байт
2026-04-09 01:20:53,936 [DEBUG] TUN->SSH: 1280 байт
2026-04-09 01:20:53,937 [DEBUG] TUN->SSH: 1280 байт
2026-04-09 01:20:53,937 [DEBUG] SSH->TUN: 52 байт
2026-04-09 01:20:53,938 [DEBUG] TUN->SSH: 1280 байт
2026-04-09 01:20:53,938 [DEBUG] SSH->TUN: 52 байт
2026-04-09 01:20:53,938 [DEBUG] TUN->SSH: 1280 байт
2026-04-09 01:20:53,938 [DEBUG] SSH->TUN: 52 байт
2026-04-09 01:20:53,939 [DEBUG] TUN->SSH: 1280 байт
2026-04-09 01:20:53,939 [DEBUG] SSH->TUN: 52 байт
2026-04-09 01:20:53,939 [DEBUG] TUN->SSH: 1280 байт
2026-04-09 01:20:53,939 [DEBUG] SSH->TUN: 52 байт
2026-04-09 01:20:53,939 [DEBUG] TUN->SSH: 1280 байт
2026-04-09 01:20:53,940 [DEBUG] TUN->SSH: 1280 байт
2026-04-09 01:20:53,940 [DEBUG] TUN->SSH: 1280 байт
2026-04-09 01:20:53,940 [DEBUG] TUN->SSH: 1280 байт
2026-04-09 01:20:53,941 [DEBUG] TUN->SSH: 1280 байт
2026-04-09 01:20:53,941 [DEBUG] TUN->SSH: 1280 байт
2026-04-09 01:20:53,942 [DEBUG] SSH->TUN: 52 байт
2026-04-09 01:20:53,942 [DEBUG] TUN->SSH: 1280 байт
2026-04-09 01:20:53,942 [DEBUG] SSH->TUN: 52 байт
2026-04-09 01:20:53,942 [DEBUG] TUN->SSH: 1280 байт
2026-04-09 01:20:53,943 [DEBUG] SSH->TUN: 52 байт
2026-04-09 01:20:53,943 [DEBUG] TUN->SSH: 1280 байт
2026-04-09 01:20:53,944 [DEBUG] TUN->SSH: 1280 байт
2026-04-09 01:20:53,944 [DEBUG] SSH->TUN: 52 байт
2026-04-09 01:20:53,945 [DEBUG] TUN->SSH: 1280 байт
2026-04-09 01:20:53,945 [DEBUG] SSH->TUN: 52 байт
2026-04-09 01:20:53,945 [DEBUG] TUN->SSH: 1280 байт
2026-04-09 01:20:53,945 [DEBUG] SSH->TUN: 52 байт
2026-04-09 01:20:53,946 [DEBUG] TUN->SSH: 1280 байт
2026-04-09 01:20:53,946 [DEBUG] SSH->TUN: 52 байт
2026-04-09 01:20:53,946 [DEBUG] TUN->SSH: 1280 байт
2026-04-09 01:20:53,946 [DEBUG] SSH->TUN: 52 байт
2026-04-09 01:20:53,947 [DEBUG] TUN->SSH: 1280 байт
2026-04-09 01:20:53,947 [DEBUG] SSH->TUN: 52 байт
2026-04-09 01:20:53,947 [DEBUG] TUN->SSH: 1280 байт
2026-04-09 01:20:53,947 [DEBUG] SSH->TUN: 52 байт
2026-04-09 01:20:53,948 [DEBUG] TUN->SSH: 1280 байт
2026-04-09 01:20:53,948 [DEBUG] TUN->SSH: 1280 байт
2026-04-09 01:20:53,948 [DEBUG] TUN->SSH: 1280 байт
2026-04-09 01:20:53,948 [DEBUG] TUN->SSH: 1280 байт
2026-04-09 01:20:53,949 [DEBUG] TUN->SSH: 1280 байт
2026-04-09 01:20:53,949 [DEBUG] TUN->SSH: 1280 байт
2026-04-09 01:20:53,949 [DEBUG] TUN->SSH: 1280 байт
2026-04-09 01:20:53,950 [DEBUG] TUN->SSH: 1280 байт
2026-04-09 01:20:53,950 [DEBUG] TUN->SSH: 1280 байт
2026-04-09 01:20:53,950 [DEBUG] TUN->SSH: 1280 байт
2026-04-09 01:20:53,951 [DEBUG] TUN->SSH: 1280 байт
2026-04-09 01:20:53,951 [DEBUG] TUN->SSH: 1280 байт
2026-04-09 01:20:53,951 [DEBUG] TUN->SSH: 1280 байт
2026-04-09 01:20:53,952 [DEBUG] TUN->SSH: 1280 байт
2026-04-09 01:20:53,952 [DEBUG] TUN->SSH: 1280 байт
2026-04-09 01:20:53,952 [DEBUG] TUN->SSH: 1280 байт
2026-04-09 01:20:53,952 [DEBUG] TUN->SSH: 1280 байт
2026-04-09 01:20:53,953 [DEBUG] TUN->SSH: 1280 байт
2026-04-09 01:20:53,953 [DEBUG] TUN->SSH: 1280 байт
2026-04-09 01:20:53,953 [DEBUG] TUN->SSH: 1280 байт
2026-04-09 01:20:53,954 [DEBUG] TUN->SSH: 1280 байт
2026-04-09 01:20:53,954 [DEBUG] TUN->SSH: 1280 байт
2026-04-09 01:20:53,954 [DEBUG] TUN->SSH: 1280 байт
2026-04-09 01:20:53,955 [DEBUG] TUN->SSH: 1280 байт
2026-04-09 01:20:53,955 [DEBUG] TUN->SSH: 1280 байт
2026-04-09 01:20:53,955 [DEBUG] TUN->SSH: 1280 байт
2026-04-09 01:20:53,955 [DEBUG] TUN->SSH: 1280 байт
2026-04-09 01:20:53,956 [DEBUG] TUN->SSH: 1280 байт
2026-04-09 01:20:53,956 [DEBUG] TUN->SSH: 1280 байт
2026-04-09 01:20:53,956 [DEBUG] TUN->SSH: 1280 байт
2026-04-09 01:20:53,957 [DEBUG] TUN->SSH: 1280 байт
2026-04-09 01:20:53,957 [DEBUG] TUN->SSH: 1280 байт
2026-04-09 01:20:53,957 [DEBUG] TUN->SSH: 1280 байт
2026-04-09 01:20:53,958 [DEBUG] TUN->SSH: 1280 байт
2026-04-09 01:20:53,958 [DEBUG] TUN->SSH: 1280 байт
2026-04-09 01:20:53,958 [DEBUG] TUN->SSH: 1280 байт
2026-04-09 01:20:53,958 [DEBUG] TUN->SSH: 1280 байт
2026-04-09 01:20:53,959 [DEBUG] TUN->SSH: 1280 байт
2026-04-09 01:20:53,959 [DEBUG] TUN->SSH: 1280 байт
2026-04-09 01:20:53,959 [DEBUG] TUN->SSH: 1280 байт
2026-04-09 01:20:53,974 [DEBUG] SSH->TUN: 260 байт
2026-04-09 01:20:53,975 [DEBUG] TUN->SSH: 1280 байт
2026-04-09 01:20:53,975 [DEBUG] SSH->TUN: 52 байт
2026-04-09 01:20:53,975 [DEBUG] TUN->SSH: 1280 байт
2026-04-09 01:20:53,976 [DEBUG] SSH->TUN: 52 байт
2026-04-09 01:20:53,976 [DEBUG] TUN->SSH: 1280 байт
2026-04-09 01:20:53,976 [DEBUG] SSH->TUN: 52 байт
2026-04-09 01:20:53,976 [DEBUG] TUN->SSH: 1280 байт
2026-04-09 01:20:53,977 [DEBUG] SSH->TUN: 52 байт
2026-04-09 01:20:53,977 [DEBUG] TUN->SSH: 1280 байт
2026-04-09 01:20:53,977 [DEBUG] TUN->SSH: 1280 байт
2026-04-09 01:20:53,977 [DEBUG] TUN->SSH: 1280 байт
2026-04-09 01:20:53,978 [DEBUG] TUN->SSH: 1280 байт
2026-04-09 01:20:53,978 [DEBUG] TUN->SSH: 1280 байт
2026-04-09 01:20:53,978 [DEBUG] TUN->SSH: 1280 байт
2026-04-09 01:20:53,979 [DEBUG] TUN->SSH: 1280 байт
2026-04-09 01:20:53,979 [DEBUG] TUN->SSH: 1280 байт
2026-04-09 01:20:53,979 [DEBUG] TUN->SSH: 1280 байт
2026-04-09 01:20:53,980 [DEBUG] TUN->SSH: 1280 байт
2026-04-09 01:20:53,980 [DEBUG] TUN->SSH: 1280 байт
2026-04-09 01:20:53,980 [DEBUG] TUN->SSH: 1280 байт
2026-04-09 01:20:53,982 [DEBUG] TUN->SSH: 68 байт
2026-04-09 01:20:53,984 [DEBUG] TUN->SSH: 1280 байт
2026-04-09 01:20:53,984 [DEBUG] SSH->TUN: 52 байт
2026-04-09 01:20:53,985 [DEBUG] TUN->SSH: 1280 байт
2026-04-09 01:20:53,985 [DEBUG] TUN->SSH: 1280 байт
2026-04-09 01:20:53,985 [DEBUG] TUN->SSH: 1280 байт
2026-04-09 01:20:53,988 [DEBUG] TUN->SSH: 1280 байт
2026-04-09 01:20:53,988 [DEBUG] SSH->TUN: 52 байт
2026-04-09 01:20:53,988 [DEBUG] TUN->SSH: 1280 байт
2026-04-09 01:20:53,989 [DEBUG] TUN->SSH: 1280 байт
2026-04-09 01:20:53,989 [DEBUG] TUN->SSH: 1280 байт
2026-04-09 01:20:53,994 [DEBUG] TUN->SSH: 1280 байт
2026-04-09 01:20:53,994 [DEBUG] SSH->TUN: 52 байт
2026-04-09 01:20:53,995 [DEBUG] TUN->SSH: 1280 байт
2026-04-09 01:20:53,995 [DEBUG] SSH->TUN: 52 байт
2026-04-09 01:20:53,996 [DEBUG] TUN->SSH: 1280 байт
2026-04-09 01:20:53,996 [DEBUG] SSH->TUN: 52 байт
2026-04-09 01:20:53,996 [DEBUG] TUN->SSH: 1280 байт
2026-04-09 01:20:53,997 [DEBUG] SSH->TUN: 52 байт
2026-04-09 01:20:53,997 [DEBUG] TUN->SSH: 1280 байт
2026-04-09 01:20:53,997 [DEBUG] SSH->TUN: 198 байт
2026-04-09 01:20:53,998 [DEBUG] TUN->SSH: 1280 байт
2026-04-09 01:20:53,998 [DEBUG] TUN->SSH: 1280 байт
2026-04-09 01:20:53,999 [DEBUG] TUN->SSH: 1280 байт
2026-04-09 01:20:53,999 [DEBUG] TUN->SSH: 1280 байт
2026-04-09 01:20:53,999 [DEBUG] TUN->SSH: 1280 байт
2026-04-09 01:20:54,001 [DEBUG] TUN->SSH: 1280 байт
2026-04-09 01:20:54,001 [DEBUG] SSH->TUN: 52 байт
2026-04-09 01:20:54,001 [DEBUG] TUN->SSH: 1280 байт
2026-04-09 01:20:54,002 [DEBUG] SSH->TUN: 52 байт
2026-04-09 01:20:54,002 [DEBUG] TUN->SSH: 1280 байт
2026-04-09 01:20:54,002 [DEBUG] SSH->TUN: 52 байт
2026-04-09 01:20:54,002 [DEBUG] TUN->SSH: 1280 байт
2026-04-09 01:20:54,003 [DEBUG] SSH->TUN: 52 байт
2026-04-09 01:20:54,003 [DEBUG] TUN->SSH: 1280 байт
2026-04-09 01:20:54,004 [DEBUG] SSH->TUN: 52 байт
2026-04-09 01:20:54,004 [DEBUG] TUN->SSH: 1280 байт
2026-04-09 01:20:54,005 [DEBUG] SSH->TUN: 52 байт
2026-04-09 01:20:54,005 [DEBUG] TUN->SSH: 1280 байт
2026-04-09 01:20:54,005 [DEBUG] SSH->TUN: 52 байт
2026-04-09 01:20:54,006 [DEBUG] TUN->SSH: 1280 байт
2026-04-09 01:20:54,006 [DEBUG] SSH->TUN: 52 байт
2026-04-09 01:20:54,006 [DEBUG] TUN->SSH: 1280 байт
2026-04-09 01:20:54,007 [DEBUG] SSH->TUN: 52 байт
2026-04-09 01:20:54,007 [DEBUG] TUN->SSH: 1280 байт
2026-04-09 01:20:54,007 [DEBUG] SSH->TUN: 52 байт
2026-04-09 01:20:54,007 [DEBUG] TUN->SSH: 1280 байт
2026-04-09 01:20:54,008 [DEBUG] SSH->TUN: 52 байт
2026-04-09 01:20:54,008 [DEBUG] TUN->SSH: 1280 байт
2026-04-09 01:20:54,008 [DEBUG] SSH->TUN: 52 байт
2026-04-09 01:20:54,009 [DEBUG] TUN->SSH: 1280 байт
2026-04-09 01:20:54,009 [DEBUG] SSH->TUN: 52 байт
2026-04-09 01:20:54,010 [DEBUG] TUN->SSH: 1280 байт
2026-04-09 01:20:54,010 [DEBUG] SSH->TUN: 52 байт
2026-04-09 01:20:54,011 [DEBUG] TUN->SSH: 1280 байт
2026-04-09 01:20:54,011 [DEBUG] SSH->TUN: 52 байт
2026-04-09 01:20:54,013 [DEBUG] TUN->SSH: 1280 байт
2026-04-09 01:20:54,013 [DEBUG] SSH->TUN: 52 байт
2026-04-09 01:20:54,013 [DEBUG] TUN->SSH: 1280 байт
2026-04-09 01:20:54,014 [DEBUG] SSH->TUN: 52 байт
2026-04-09 01:20:54,014 [DEBUG] TUN->SSH: 1280 байт
2026-04-09 01:20:54,014 [DEBUG] SSH->TUN: 52 байт
2026-04-09 01:20:54,014 [DEBUG] TUN->SSH: 1280 байт
2026-04-09 01:20:54,015 [DEBUG] SSH->TUN: 52 байт
2026-04-09 01:20:54,015 [DEBUG] TUN->SSH: 1280 байт
2026-04-09 01:20:54,015 [DEBUG] SSH->TUN: 52 байт
2026-04-09 01:20:54,015 [DEBUG] TUN->SSH: 1280 байт
2026-04-09 01:20:54,016 [DEBUG] SSH->TUN: 52 байт
2026-04-09 01:20:54,016 [DEBUG] TUN->SSH: 1280 байт
2026-04-09 01:20:54,016 [DEBUG] TUN->SSH: 1280 байт
2026-04-09 01:20:54,016 [DEBUG] SSH->TUN: 52 байт
2026-04-09 01:20:54,017 [DEBUG] TUN->SSH: 1280 байт
2026-04-09 01:20:54,017 [DEBUG] SSH->TUN: 52 байт
2026-04-09 01:20:54,017 [DEBUG] TUN->SSH: 1280 байт
2026-04-09 01:20:54,017 [DEBUG] SSH->TUN: 52 байт
2026-04-09 01:20:54,018 [DEBUG] TUN->SSH: 1280 байт
2026-04-09 01:20:54,018 [DEBUG] SSH->TUN: 52 байт
2026-04-09 01:20:54,018 [DEBUG] TUN->SSH: 1280 байт
2026-04-09 01:20:54,018 [DEBUG] SSH->TUN: 52 байт
2026-04-09 01:20:54,019 [DEBUG] TUN->SSH: 1280 байт
2026-04-09 01:20:54,019 [DEBUG] SSH->TUN: 52 байт
2026-04-09 01:20:54,019 [DEBUG] TUN->SSH: 1280 байт
2026-04-09 01:20:54,019 [DEBUG] SSH->TUN: 52 байт
2026-04-09 01:20:54,019 [DEBUG] TUN->SSH: 1280 байт
2026-04-09 01:20:54,020 [DEBUG] SSH->TUN: 52 байт
2026-04-09 01:20:54,020 [DEBUG] TUN->SSH: 1280 байт
2026-04-09 01:20:54,020 [DEBUG] SSH->TUN: 52 байт
2026-04-09 01:20:54,020 [DEBUG] TUN->SSH: 1280 байт
2026-04-09 01:20:54,021 [DEBUG] TUN->SSH: 1280 байт
2026-04-09 01:20:54,021 [DEBUG] TUN->SSH: 1280 байт
2026-04-09 01:20:54,022 [DEBUG] TUN->SSH: 1280 байт
2026-04-09 01:20:54,022 [DEBUG] TUN->SSH: 1280 байт
2026-04-09 01:20:54,022 [DEBUG] TUN->SSH: 1280 байт
2026-04-09 01:20:54,022 [DEBUG] TUN->SSH: 1280 байт
2026-04-09 01:20:54,023 [DEBUG] TUN->SSH: 1280 байт
2026-04-09 01:20:54,023 [DEBUG] TUN->SSH: 1280 байт
2026-04-09 01:20:54,023 [DEBUG] TUN->SSH: 1280 байт
2026-04-09 01:20:54,024 [DEBUG] TUN->SSH: 1280 байт
2026-04-09 01:20:54,024 [DEBUG] TUN->SSH: 1280 байт
2026-04-09 01:20:54,024 [DEBUG] TUN->SSH: 1280 байт
2026-04-09 01:20:54,025 [DEBUG] TUN->SSH: 1280 байт
2026-04-09 01:20:54,025 [DEBUG] TUN->SSH: 1280 байт
2026-04-09 01:20:54,025 [DEBUG] TUN->SSH: 1280 байт
2026-04-09 01:20:54,026 [DEBUG] TUN->SSH: 1280 байт
2026-04-09 01:20:54,026 [DEBUG] TUN->SSH: 1280 байт
2026-04-09 01:20:54,026 [DEBUG] TUN->SSH: 1280 байт
2026-04-09 01:20:54,026 [DEBUG] TUN->SSH: 1280 байт
2026-04-09 01:20:54,027 [DEBUG] TUN->SSH: 1280 байт
2026-04-09 01:20:54,027 [DEBUG] TUN->SSH: 1280 байт
2026-04-09 01:20:54,027 [DEBUG] TUN->SSH: 1280 байт
2026-04-09 01:20:54,028 [DEBUG] TUN->SSH: 1280 байт
2026-04-09 01:20:54,028 [DEBUG] TUN->SSH: 1280 байт
2026-04-09 01:20:54,029 [DEBUG] TUN->SSH: 1280 байт
2026-04-09 01:20:54,029 [DEBUG] TUN->SSH: 1280 байт
2026-04-09 01:20:54,029 [DEBUG] TUN->SSH: 1280 байт
2026-04-09 01:20:54,030 [DEBUG] TUN->SSH: 1280 байт
2026-04-09 01:20:54,030 [DEBUG] TUN->SSH: 1280 байт
2026-04-09 01:20:54,031 [DEBUG] TUN->SSH: 1280 байт
2026-04-09 01:20:54,031 [DEBUG] SSH->TUN: 52 байт
2026-04-09 01:20:54,031 [DEBUG] TUN->SSH: 1280 байт
2026-04-09 01:20:54,032 [DEBUG] SSH->TUN: 52 байт
2026-04-09 01:20:54,032 [DEBUG] TUN->SSH: 1280 байт
2026-04-09 01:20:54,032 [DEBUG] SSH->TUN: 52 байт
2026-04-09 01:20:54,033 [DEBUG] TUN->SSH: 1280 байт
2026-04-09 01:20:54,033 [DEBUG] SSH->TUN: 52 байт
2026-04-09 01:20:54,033 [DEBUG] TUN->SSH: 1280 байт
2026-04-09 01:20:54,033 [DEBUG] SSH->TUN: 52 байт
2026-04-09 01:20:54,034 [DEBUG] TUN->SSH: 1280 байт
2026-04-09 01:20:54,034 [DEBUG] SSH->TUN: 52 байт
2026-04-09 01:20:54,034 [DEBUG] TUN->SSH: 1280 байт
2026-04-09 01:20:54,034 [DEBUG] SSH->TUN: 52 байт
2026-04-09 01:20:54,035 [DEBUG] TUN->SSH: 1280 байт
2026-04-09 01:20:54,035 [DEBUG] SSH->TUN: 52 байт
2026-04-09 01:20:54,035 [DEBUG] TUN->SSH: 1280 байт
2026-04-09 01:20:54,036 [DEBUG] SSH->TUN: 52 байт
2026-04-09 01:20:54,036 [DEBUG] TUN->SSH: 1280 байт
2026-04-09 01:20:54,036 [DEBUG] TUN->SSH: 1280 байт
2026-04-09 01:20:54,036 [DEBUG] TUN->SSH: 1280 байт
2026-04-09 01:20:54,037 [DEBUG] TUN->SSH: 1280 байт
2026-04-09 01:20:54,037 [DEBUG] TUN->SSH: 1280 байт
2026-04-09 01:20:54,037 [DEBUG] TUN->SSH: 1280 байт
2026-04-09 01:20:54,038 [DEBUG] TUN->SSH: 1280 байт
2026-04-09 01:20:54,038 [DEBUG] TUN->SSH: 1280 байт
2026-04-09 01:20:54,038 [DEBUG] TUN->SSH: 1280 байт
2026-04-09 01:20:54,039 [DEBUG] TUN->SSH: 1280 байт
2026-04-09 01:20:54,039 [DEBUG] TUN->SSH: 1280 байт
2026-04-09 01:20:54,039 [DEBUG] TUN->SSH: 1280 байт
2026-04-09 01:20:54,040 [DEBUG] TUN->SSH: 1280 байт
2026-04-09 01:20:54,040 [DEBUG] SSH->TUN: 52 байт
2026-04-09 01:20:54,040 [DEBUG] TUN->SSH: 1280 байт
2026-04-09 01:20:54,040 [DEBUG] SSH->TUN: 52 байт
2026-04-09 01:20:54,041 [DEBUG] TUN->SSH: 1280 байт
2026-04-09 01:20:54,041 [DEBUG] TUN->SSH: 1280 байт
2026-04-09 01:20:54,041 [DEBUG] TUN->SSH: 1280 байт
2026-04-09 01:20:54,042 [DEBUG] TUN->SSH: 1280 байт
2026-04-09 01:20:54,042 [DEBUG] TUN->SSH: 1280 байт
2026-04-09 01:20:54,042 [DEBUG] TUN->SSH: 1280 байт
2026-04-09 01:20:54,042 [DEBUG] TUN->SSH: 1280 байт
2026-04-09 01:20:54,043 [DEBUG] TUN->SSH: 1280 байт
2026-04-09 01:20:54,043 [DEBUG] TUN->SSH: 1280 байт
2026-04-09 01:20:54,043 [DEBUG] TUN->SSH: 1280 байт
2026-04-09 01:20:54,044 [DEBUG] TUN->SSH: 1280 байт
2026-04-09 01:20:54,044 [DEBUG] TUN->SSH: 1280 байт
2026-04-09 01:20:54,044 [DEBUG] TUN->SSH: 1280 байт
2026-04-09 01:20:54,045 [DEBUG] TUN->SSH: 1280 байт
2026-04-09 01:20:54,045 [DEBUG] TUN->SSH: 1280 байт
2026-04-09 01:20:54,045 [DEBUG] TUN->SSH: 1280 байт
2026-04-09 01:20:54,045 [DEBUG] TUN->SSH: 1280 байт
2026-04-09 01:20:54,046 [DEBUG] TUN->SSH: 1280 байт
2026-04-09 01:20:54,046 [DEBUG] TUN->SSH: 1280 байт
2026-04-09 01:20:54,046 [DEBUG] TUN->SSH: 1280 байт
2026-04-09 01:20:54,047 [DEBUG] TUN->SSH: 1280 байт
2026-04-09 01:20:54,047 [DEBUG] TUN->SSH: 1280 байт
2026-04-09 01:20:54,047 [DEBUG] TUN->SSH: 1280 байт
2026-04-09 01:20:54,048 [DEBUG] TUN->SSH: 1280 байт
2026-04-09 01:20:54,048 [DEBUG] TUN->SSH: 1280 байт
2026-04-09 01:20:54,048 [DEBUG] TUN->SSH: 1280 байт
2026-04-09 01:20:54,049 [DEBUG] TUN->SSH: 1280 байт
2026-04-09 01:20:54,049 [DEBUG] TUN->SSH: 1280 байт
2026-04-09 01:20:54,049 [DEBUG] TUN->SSH: 1280 байт
2026-04-09 01:20:54,049 [DEBUG] TUN->SSH: 1280 байт
2026-04-09 01:20:54,050 [DEBUG] TUN->SSH: 1280 байт
2026-04-09 01:20:54,050 [DEBUG] TUN->SSH: 1280 байт
2026-04-09 01:20:54,050 [DEBUG] TUN->SSH: 1280 байт
2026-04-09 01:20:54,051 [DEBUG] TUN->SSH: 1280 байт
2026-04-09 01:20:54,051 [DEBUG] TUN->SSH: 1280 байт
2026-04-09 01:20:54,051 [DEBUG] TUN->SSH: 1280 байт
2026-04-09 01:20:54,052 [DEBUG] TUN->SSH: 1280 байт
2026-04-09 01:20:54,052 [DEBUG] TUN->SSH: 1280 байт
2026-04-09 01:20:54,052 [DEBUG] TUN->SSH: 1280 байт
2026-04-09 01:20:54,053 [DEBUG] TUN->SSH: 1280 байт
2026-04-09 01:20:54,053 [DEBUG] TUN->SSH: 1280 байт
2026-04-09 01:20:54,053 [DEBUG] TUN->SSH: 1280 байт
2026-04-09 01:20:54,054 [DEBUG] TUN->SSH: 1280 байт
2026-04-09 01:20:54,054 [DEBUG] TUN->SSH: 1280 байт
2026-04-09 01:20:54,054 [DEBUG] TUN->SSH: 1280 байт
2026-04-09 01:20:54,055 [DEBUG] TUN->SSH: 1280 байт
2026-04-09 01:20:54,055 [DEBUG] TUN->SSH: 1280 байт
2026-04-09 01:20:54,055 [DEBUG] TUN->SSH: 1280 байт
2026-04-09 01:20:54,055 [DEBUG] TUN->SSH: 1280 байт
2026-04-09 01:20:54,056 [DEBUG] TUN->SSH: 1280 байт
2026-04-09 01:20:54,056 [DEBUG] TUN->SSH: 1280 байт
2026-04-09 01:20:54,056 [DEBUG] TUN->SSH: 1280 байт
2026-04-09 01:20:54,057 [DEBUG] TUN->SSH: 1280 байт
2026-04-09 01:20:54,057 [DEBUG] TUN->SSH: 1280 байт
2026-04-09 01:20:54,057 [DEBUG] TUN->SSH: 1280 байт
2026-04-09 01:20:54,058 [DEBUG] TUN->SSH: 1280 байт
2026-04-09 01:20:54,058 [DEBUG] TUN->SSH: 1280 байт
2026-04-09 01:20:54,058 [DEBUG] TUN->SSH: 1280 байт
2026-04-09 01:20:54,059 [DEBUG] TUN->SSH: 1280 байт
2026-04-09 01:20:54,059 [DEBUG] TUN->SSH: 1280 байт
2026-04-09 01:20:54,059 [DEBUG] TUN->SSH: 1280 байт
2026-04-09 01:20:54,060 [DEBUG] TUN->SSH: 1280 байт
2026-04-09 01:20:54,060 [DEBUG] TUN->SSH: 1280 байт
2026-04-09 01:20:54,060 [DEBUG] TUN->SSH: 1280 байт
2026-04-09 01:20:54,061 [DEBUG] TUN->SSH: 1280 байт
2026-04-09 01:20:54,061 [DEBUG] TUN->SSH: 1280 байт
2026-04-09 01:20:54,062 [DEBUG] TUN->SSH: 1280 байт
2026-04-09 01:20:54,062 [DEBUG] TUN->SSH: 1280 байт
2026-04-09 01:20:54,062 [DEBUG] TUN->SSH: 1280 байт
2026-04-09 01:20:54,063 [DEBUG] TUN->SSH: 1280 байт
2026-04-09 01:20:54,063 [DEBUG] TUN->SSH: 1280 байт
2026-04-09 01:20:54,064 [DEBUG] TUN->SSH: 1280 байт
2026-04-09 01:20:54,064 [DEBUG] TUN->SSH: 96 байт
2026-04-09 01:20:54,065 [DEBUG] TUN->SSH: 52 байт
2026-04-09 01:20:54,065 [DEBUG] TUN->SSH: 1280 байт
2026-04-09 01:20:54,065 [DEBUG] TUN->SSH: 1280 байт
2026-04-09 01:20:54,066 [DEBUG] TUN->SSH: 1280 байт
2026-04-09 01:20:54,066 [DEBUG] TUN->SSH: 1280 байт
2026-04-09 01:20:54,066 [DEBUG] TUN->SSH: 1280 байт
2026-04-09 01:20:54,067 [DEBUG] TUN->SSH: 1280 байт
2026-04-09 01:20:54,067 [DEBUG] TUN->SSH: 1280 байт
2026-04-09 01:20:54,067 [DEBUG] TUN->SSH: 1280 байт
2026-04-09 01:20:54,075 [DEBUG] TUN->SSH: 323 байт
2026-04-09 01:20:54,076 [DEBUG] TUN->SSH: 113 байт
2026-04-09 01:20:54,078 [DEBUG] TUN->SSH: 442 байт
2026-04-09 01:20:54,100 [DEBUG] SSH->TUN: 52 байт
2026-04-09 01:20:54,100 [DEBUG] TUN->SSH: 1280 байт
2026-04-09 01:20:54,100 [DEBUG] SSH->TUN: 52 байт
2026-04-09 01:20:54,101 [DEBUG] TUN->SSH: 1280 байт
2026-04-09 01:20:54,101 [DEBUG] SSH->TUN: 52 байт
2026-04-09 01:20:54,101 [DEBUG] TUN->SSH: 1280 байт
2026-04-09 01:20:54,102 [DEBUG] SSH->TUN: 52 байт
2026-04-09 01:20:54,103 [DEBUG] TUN->SSH: 1280 байт
2026-04-09 01:20:54,103 [DEBUG] SSH->TUN: 52 байт
2026-04-09 01:20:54,103 [DEBUG] TUN->SSH: 1280 байт
2026-04-09 01:20:54,104 [DEBUG] SSH->TUN: 52 байт
2026-04-09 01:20:54,104 [DEBUG] TUN->SSH: 1280 байт
2026-04-09 01:20:54,105 [DEBUG] SSH->TUN: 52 байт
2026-04-09 01:20:54,105 [DEBUG] TUN->SSH: 1280 байт
2026-04-09 01:20:54,107 [DEBUG] SSH->TUN: 52 байт
2026-04-09 01:20:54,107 [DEBUG] TUN->SSH: 1280 байт
2026-04-09 01:20:54,108 [DEBUG] SSH->TUN: 52 байт
2026-04-09 01:20:54,108 [DEBUG] TUN->SSH: 1280 байт
2026-04-09 01:20:54,108 [DEBUG] SSH->TUN: 52 байт
2026-04-09 01:20:54,109 [DEBUG] TUN->SSH: 1280 байт
2026-04-09 01:20:54,110 [DEBUG] SSH->TUN: 52 байт
2026-04-09 01:20:54,110 [DEBUG] TUN->SSH: 1280 байт
2026-04-09 01:20:54,110 [DEBUG] SSH->TUN: 52 байт
2026-04-09 01:20:54,111 [DEBUG] TUN->SSH: 1280 байт
2026-04-09 01:20:54,111 [DEBUG] SSH->TUN: 52 байт
2026-04-09 01:20:54,111 [DEBUG] TUN->SSH: 1280 байт
2026-04-09 01:20:54,111 [DEBUG] SSH->TUN: 52 байт
2026-04-09 01:20:54,112 [DEBUG] TUN->SSH: 1280 байт
2026-04-09 01:20:54,112 [DEBUG] SSH->TUN: 52 байт
2026-04-09 01:20:54,112 [DEBUG] TUN->SSH: 1280 байт
2026-04-09 01:20:54,112 [DEBUG] SSH->TUN: 52 байт
2026-04-09 01:20:54,113 [DEBUG] TUN->SSH: 1280 байт
2026-04-09 01:20:54,113 [DEBUG] SSH->TUN: 52 байт
2026-04-09 01:20:54,113 [DEBUG] TUN->SSH: 1280 байт
2026-04-09 01:20:54,114 [DEBUG] TUN->SSH: 1280 байт
2026-04-09 01:20:54,114 [DEBUG] SSH->TUN: 52 байт
2026-04-09 01:20:54,114 [DEBUG] TUN->SSH: 1280 байт
2026-04-09 01:20:54,114 [DEBUG] SSH->TUN: 52 байт
2026-04-09 01:20:54,115 [DEBUG] TUN->SSH: 1280 байт
2026-04-09 01:20:54,115 [DEBUG] SSH->TUN: 52 байт
2026-04-09 01:20:54,115 [DEBUG] TUN->SSH: 1280 байт
2026-04-09 01:20:54,115 [DEBUG] SSH->TUN: 52 байт
2026-04-09 01:20:54,116 [DEBUG] TUN->SSH: 1280 байт
2026-04-09 01:20:54,116 [DEBUG] SSH->TUN: 52 байт
2026-04-09 01:20:54,116 [DEBUG] TUN->SSH: 1280 байт
2026-04-09 01:20:54,116 [DEBUG] SSH->TUN: 52 байт
2026-04-09 01:20:54,117 [DEBUG] TUN->SSH: 1280 байт
2026-04-09 01:20:54,119 [DEBUG] TUN->SSH: 1280 байт
2026-04-09 01:20:54,119 [DEBUG] SSH->TUN: 52 байт
2026-04-09 01:20:54,120 [DEBUG] TUN->SSH: 1280 байт
2026-04-09 01:20:54,120 [DEBUG] SSH->TUN: 52 байт
2026-04-09 01:20:54,120 [DEBUG] TUN->SSH: 1280 байт
2026-04-09 01:20:54,120 [DEBUG] SSH->TUN: 52 байт
2026-04-09 01:20:54,121 [DEBUG] TUN->SSH: 1280 байт
2026-04-09 01:20:54,121 [DEBUG] SSH->TUN: 52 байт
2026-04-09 01:20:54,122 [DEBUG] TUN->SSH: 1280 байт
2026-04-09 01:20:54,123 [DEBUG] TUN->SSH: 1280 байт
2026-04-09 01:20:54,123 [DEBUG] SSH->TUN: 52 байт
2026-04-09 01:20:54,123 [DEBUG] TUN->SSH: 1280 байт
2026-04-09 01:20:54,123 [DEBUG] SSH->TUN: 52 байт
2026-04-09 01:20:54,124 [DEBUG] TUN->SSH: 1280 байт
2026-04-09 01:20:54,124 [DEBUG] SSH->TUN: 52 байт
2026-04-09 01:20:54,125 [DEBUG] TUN->SSH: 1280 байт
2026-04-09 01:20:54,125 [DEBUG] SSH->TUN: 52 байт
2026-04-09 01:20:54,125 [DEBUG] TUN->SSH: 1280 байт
2026-04-09 01:20:54,125 [DEBUG] SSH->TUN: 52 байт
2026-04-09 01:20:54,126 [DEBUG] TUN->SSH: 1280 байт
2026-04-09 01:20:54,126 [DEBUG] SSH->TUN: 52 байт
2026-04-09 01:20:54,126 [DEBUG] TUN->SSH: 1280 байт
2026-04-09 01:20:54,126 [DEBUG] SSH->TUN: 52 байт
2026-04-09 01:20:54,127 [DEBUG] TUN->SSH: 1280 байт
2026-04-09 01:20:54,127 [DEBUG] SSH->TUN: 52 байт
2026-04-09 01:20:54,127 [DEBUG] TUN->SSH: 1280 байт
2026-04-09 01:20:54,127 [DEBUG] SSH->TUN: 52 байт
2026-04-09 01:20:54,128 [DEBUG] TUN->SSH: 1280 байт
2026-04-09 01:20:54,128 [DEBUG] SSH->TUN: 52 байт
2026-04-09 01:20:54,129 [DEBUG] TUN->SSH: 1280 байт
2026-04-09 01:20:54,129 [DEBUG] SSH->TUN: 52 байт
2026-04-09 01:20:54,129 [DEBUG] TUN->SSH: 1280 байт
2026-04-09 01:20:54,130 [DEBUG] SSH->TUN: 52 байт
2026-04-09 01:20:54,130 [DEBUG] TUN->SSH: 1280 байт
2026-04-09 01:20:54,130 [DEBUG] SSH->TUN: 52 байт
2026-04-09 01:20:54,131 [DEBUG] TUN->SSH: 1280 байт
2026-04-09 01:20:54,131 [DEBUG] SSH->TUN: 52 байт
2026-04-09 01:20:54,131 [DEBUG] TUN->SSH: 1280 байт
2026-04-09 01:20:54,131 [DEBUG] SSH->TUN: 52 байт
2026-04-09 01:20:54,132 [DEBUG] TUN->SSH: 1280 байт
2026-04-09 01:20:54,132 [DEBUG] SSH->TUN: 52 байт
2026-04-09 01:20:54,132 [DEBUG] TUN->SSH: 1280 байт
2026-04-09 01:20:54,133 [DEBUG] SSH->TUN: 52 байт
2026-04-09 01:20:54,133 [DEBUG] TUN->SSH: 1280 байт
2026-04-09 01:20:54,133 [DEBUG] SSH->TUN: 52 байт
2026-04-09 01:20:54,133 [DEBUG] TUN->SSH: 1280 байт
2026-04-09 01:20:54,133 [DEBUG] SSH->TUN: 52 байт
2026-04-09 01:20:54,134 [DEBUG] TUN->SSH: 1280 байт
2026-04-09 01:20:54,134 [DEBUG] SSH->TUN: 52 байт
2026-04-09 01:20:54,134 [DEBUG] TUN->SSH: 1280 байт
2026-04-09 01:20:54,134 [DEBUG] SSH->TUN: 52 байт
2026-04-09 01:20:54,135 [DEBUG] TUN->SSH: 1280 байт
2026-04-09 01:20:54,135 [DEBUG] SSH->TUN: 52 байт
2026-04-09 01:20:54,135 [DEBUG] TUN->SSH: 1280 байт
2026-04-09 01:20:54,136 [DEBUG] SSH->TUN: 52 байт
2026-04-09 01:20:54,136 [DEBUG] TUN->SSH: 1280 байт
2026-04-09 01:20:54,136 [DEBUG] SSH->TUN: 52 байт
2026-04-09 01:20:54,136 [DEBUG] TUN->SSH: 1280 байт
2026-04-09 01:20:54,137 [DEBUG] SSH->TUN: 52 байт
2026-04-09 01:20:54,137 [DEBUG] TUN->SSH: 1280 байт
2026-04-09 01:20:54,137 [DEBUG] SSH->TUN: 52 байт
2026-04-09 01:20:54,137 [DEBUG] TUN->SSH: 1280 байт
2026-04-09 01:20:54,138 [DEBUG] SSH->TUN: 52 байт
2026-04-09 01:20:54,138 [DEBUG] TUN->SSH: 1280 байт
2026-04-09 01:20:54,138 [DEBUG] SSH->TUN: 52 байт
2026-04-09 01:20:54,139 [DEBUG] TUN->SSH: 1280 байт
2026-04-09 01:20:54,139 [DEBUG] SSH->TUN: 52 байт
2026-04-09 01:20:54,139 [DEBUG] TUN->SSH: 1280 байт
2026-04-09 01:20:54,140 [DEBUG] SSH->TUN: 52 байт
2026-04-09 01:20:54,140 [DEBUG] TUN->SSH: 1280 байт
2026-04-09 01:20:54,140 [DEBUG] SSH->TUN: 52 байт
2026-04-09 01:20:54,141 [DEBUG] TUN->SSH: 1280 байт
2026-04-09 01:20:54,141 [DEBUG] SSH->TUN: 52 байт
2026-04-09 01:20:54,142 [DEBUG] TUN->SSH: 1280 байт
2026-04-09 01:20:54,142 [DEBUG] SSH->TUN: 52 байт
2026-04-09 01:20:54,142 [DEBUG] TUN->SSH: 1280 байт
2026-04-09 01:20:54,142 [DEBUG] SSH->TUN: 52 байт
2026-04-09 01:20:54,143 [DEBUG] TUN->SSH: 1280 байт
2026-04-09 01:20:54,143 [DEBUG] SSH->TUN: 52 байт
2026-04-09 01:20:54,143 [DEBUG] TUN->SSH: 1280 байт
2026-04-09 01:20:54,143 [DEBUG] SSH->TUN: 52 байт
2026-04-09 01:20:54,144 [DEBUG] TUN->SSH: 1280 байт
2026-04-09 01:20:54,144 [DEBUG] TUN->SSH: 1280 байт
2026-04-09 01:20:54,145 [DEBUG] SSH->TUN: 52 байт
2026-04-09 01:20:54,145 [DEBUG] TUN->SSH: 1280 байт
2026-04-09 01:20:54,145 [DEBUG] SSH->TUN: 52 байт
2026-04-09 01:20:54,146 [DEBUG] TUN->SSH: 1280 байт
2026-04-09 01:20:54,146 [DEBUG] SSH->TUN: 52 байт
2026-04-09 01:20:54,146 [DEBUG] TUN->SSH: 1280 байт
2026-04-09 01:20:54,146 [DEBUG] SSH->TUN: 52 байт
2026-04-09 01:20:54,147 [DEBUG] TUN->SSH: 1280 байт
2026-04-09 01:20:54,147 [DEBUG] SSH->TUN: 52 байт
2026-04-09 01:20:54,147 [DEBUG] TUN->SSH: 804 байт
2026-04-09 01:20:54,147 [DEBUG] SSH->TUN: 52 байт
2026-04-09 01:20:54,147 [DEBUG] SSH->TUN: 52 байт
2026-04-09 01:20:54,148 [DEBUG] SSH->TUN: 52 байт
2026-04-09 01:20:54,148 [DEBUG] SSH->TUN: 648 байт
2026-04-09 01:20:54,148 [DEBUG] SSH->TUN: 52 байт
2026-04-09 01:20:54,149 [DEBUG] SSH->TUN: 52 байт
2026-04-09 01:20:54,149 [DEBUG] SSH->TUN: 52 байт
2026-04-09 01:20:54,149 [DEBUG] SSH->TUN: 52 байт
2026-04-09 01:20:54,150 [DEBUG] SSH->TUN: 52 байт
2026-04-09 01:20:54,150 [DEBUG] SSH->TUN: 52 байт
2026-04-09 01:20:54,150 [DEBUG] SSH->TUN: 52 байт
2026-04-09 01:20:54,150 [DEBUG] SSH->TUN: 52 байт
2026-04-09 01:20:54,150 [DEBUG] SSH->TUN: 52 байт
2026-04-09 01:20:54,150 [DEBUG] SSH->TUN: 52 байт
2026-04-09 01:20:54,151 [DEBUG] SSH->TUN: 52 байт
2026-04-09 01:20:54,151 [DEBUG] SSH->TUN: 52 байт
2026-04-09 01:20:54,151 [DEBUG] SSH->TUN: 52 байт
2026-04-09 01:20:54,151 [DEBUG] SSH->TUN: 52 байт
2026-04-09 01:20:54,151 [DEBUG] SSH->TUN: 52 байт
2026-04-09 01:20:54,151 [DEBUG] SSH->TUN: 52 байт
2026-04-09 01:20:54,152 [DEBUG] SSH->TUN: 52 байт
2026-04-09 01:20:54,153 [DEBUG] SSH->TUN: 52 байт
2026-04-09 01:20:54,154 [DEBUG] SSH->TUN: 52 байт
2026-04-09 01:20:54,155 [DEBUG] SSH->TUN: 52 байт
2026-04-09 01:20:54,155 [DEBUG] SSH->TUN: 52 байт
2026-04-09 01:20:54,155 [DEBUG] SSH->TUN: 52 байт
2026-04-09 01:20:54,159 [DEBUG] SSH->TUN: 52 байт
2026-04-09 01:20:54,160 [DEBUG] SSH->TUN: 52 байт
2026-04-09 01:20:54,161 [DEBUG] SSH->TUN: 52 байт
2026-04-09 01:20:54,164 [DEBUG] SSH->TUN: 52 байт
2026-04-09 01:20:54,168 [DEBUG] SSH->TUN: 52 байт
2026-04-09 01:20:54,169 [DEBUG] SSH->TUN: 52 байт
2026-04-09 01:20:54,170 [DEBUG] SSH->TUN: 52 байт
2026-04-09 01:20:54,171 [DEBUG] SSH->TUN: 52 байт
2026-04-09 01:20:54,177 [DEBUG] SSH->TUN: 52 байт
2026-04-09 01:20:54,177 [DEBUG] SSH->TUN: 52 байт
2026-04-09 01:20:54,183 [DEBUG] SSH->TUN: 52 байт
2026-04-09 01:20:54,183 [DEBUG] SSH->TUN: 52 байт
2026-04-09 01:20:54,184 [DEBUG] SSH->TUN: 52 байт
2026-04-09 01:20:54,184 [DEBUG] SSH->TUN: 52 байт
2026-04-09 01:20:54,184 [DEBUG] SSH->TUN: 52 байт
2026-04-09 01:20:54,185 [DEBUG] SSH->TUN: 98 байт
2026-04-09 01:20:54,186 [DEBUG] TUN->SSH: 52 байт
2026-04-09 01:20:54,188 [DEBUG] SSH->TUN: 52 байт
2026-04-09 01:20:54,188 [DEBUG] SSH->TUN: 125 байт
2026-04-09 01:20:54,189 [DEBUG] TUN->SSH: 52 байт
2026-04-09 01:20:54,189 [DEBUG] TUN->SSH: 111 байт
2026-04-09 01:20:54,190 [DEBUG] TUN->SSH: 52 байт
2026-04-09 01:20:54,191 [DEBUG] SSH->TUN: 52 байт
2026-04-09 01:20:54,193 [DEBUG] SSH->TUN: 52 байт
2026-04-09 01:20:54,197 [DEBUG] SSH->TUN: 52 байт
2026-04-09 01:20:54,198 [DEBUG] SSH->TUN: 52 байт
2026-04-09 01:20:54,200 [DEBUG] SSH->TUN: 52 байт
2026-04-09 01:20:54,203 [DEBUG] SSH->TUN: 52 байт
2026-04-09 01:20:54,205 [DEBUG] SSH->TUN: 52 байт
2026-04-09 01:20:54,208 [DEBUG] SSH->TUN: 52 байт
2026-04-09 01:20:54,209 [DEBUG] SSH->TUN: 52 байт
2026-04-09 01:20:54,211 [DEBUG] SSH->TUN: 52 байт
2026-04-09 01:20:54,214 [DEBUG] SSH->TUN: 52 байт
2026-04-09 01:20:54,218 [DEBUG] SSH->TUN: 52 байт
2026-04-09 01:20:54,219 [DEBUG] SSH->TUN: 52 байт
2026-04-09 01:20:54,221 [DEBUG] SSH->TUN: 52 байт
2026-04-09 01:20:54,223 [DEBUG] SSH->TUN: 52 байт
2026-04-09 01:20:54,224 [DEBUG] SSH->TUN: 52 байт
2026-04-09 01:20:54,228 [DEBUG] SSH->TUN: 52 байт
2026-04-09 01:20:54,231 [DEBUG] SSH->TUN: 96 байт
2026-04-09 01:20:54,231 [DEBUG] TUN->SSH: 52 байт
2026-04-09 01:20:54,232 [DEBUG] SSH->TUN: 52 байт
2026-04-09 01:20:54,232 [DEBUG] TUN->SSH: 112 байт
2026-04-09 01:20:54,285 [DEBUG] SSH->TUN: 52 байт
2026-04-09 01:20:54,289 [DEBUG] SSH->TUN: 52 байт
2026-04-09 01:20:54,337 [DEBUG] SSH->TUN: 112 байт
2026-04-09 01:20:54,374 [DEBUG] SSH->TUN: 96 байт
2026-04-09 01:20:54,375 [DEBUG] TUN->SSH: 192 байт
2026-04-09 01:20:54,378 [DEBUG] TUN->SSH: 52 байт
2026-04-09 01:20:54,428 [DEBUG] SSH->TUN: 52 байт
2026-04-09 01:20:54,522 [DEBUG] SSH->TUN: 152 байт
2026-04-09 01:20:54,524 [DEBUG] TUN->SSH: 360 байт
2026-04-09 01:20:54,578 [DEBUG] SSH->TUN: 52 байт
2026-04-09 01:20:54,665 [DEBUG] SSH->TUN: 80 байт
2026-04-09 01:20:54,665 [DEBUG] TUN->SSH: 104 байт
2026-04-09 01:20:54,666 [DEBUG] SSH->TUN: 680 байт
2026-04-09 01:20:54,706 [DEBUG] TUN->SSH: 52 байт
2026-04-09 01:20:54,719 [DEBUG] SSH->TUN: 52 байт
2026-04-09 01:20:54,805 [DEBUG] SSH->TUN: 96 байт
2026-04-09 01:20:54,805 [DEBUG] TUN->SSH: 52 байт
2026-04-09 01:20:54,806 [DEBUG] TUN->SSH: 908 байт
2026-04-09 01:20:54,863 [DEBUG] SSH->TUN: 52 байт
2026-04-09 01:20:54,945 [DEBUG] SSH->TUN: 88 байт
2026-04-09 01:20:54,981 [DEBUG] SSH->TUN: 144 байт
2026-04-09 01:20:54,981 [DEBUG] TUN->SSH: 52 байт
2026-04-09 01:20:54,982 [DEBUG] SSH->TUN: 112 байт
2026-04-09 01:20:54,983 [DEBUG] SSH->TUN: 152 байт
2026-04-09 01:20:54,983 [DEBUG] TUN->SSH: 52 байт
2026-04-09 01:20:54,983 [DEBUG] SSH->TUN: 112 байт
2026-04-09 01:20:54,984 [DEBUG] TUN->SSH: 216 байт
2026-04-09 01:20:55,015 [DEBUG] TUN->SSH: 52 байт
2026-04-09 01:20:55,037 [DEBUG] SSH->TUN: 52 байт
2026-04-09 01:20:55,124 [DEBUG] SSH->TUN: 88 байт
2026-04-09 01:20:55,165 [DEBUG] SSH->TUN: 96 байт
2026-04-09 01:20:55,165 [DEBUG] TUN->SSH: 52 байт
2026-04-09 01:20:55,165 [DEBUG] TUN->SSH: 96 байт
2026-04-09 01:20:55,166 [DEBUG] TUN->SSH: 88 байт
2026-04-09 01:20:55,221 [DEBUG] SSH->TUN: 52 байт
2026-04-09 01:20:55,221 [DEBUG] SSH->TUN: 52 байт
2026-04-09 01:20:55,313 [DEBUG] SSH->TUN: 104 байт
2026-04-09 01:20:55,313 [DEBUG] SSH->TUN: 124 байт
2026-04-09 01:20:55,313 [DEBUG] TUN->SSH: 52 байт
2026-04-09 01:20:55,314 [DEBUG] TUN->SSH: 88 байт
2026-04-09 01:20:55,314 [DEBUG] TUN->SSH: 112 байт
2026-04-09 01:20:55,314 [DEBUG] TUN->SSH: 52 байт
2026-04-09 01:20:55,370 [DEBUG] SSH->TUN: 52 байт
2026-04-09 01:20:55,370 [DEBUG] SSH->TUN: 52 байт
2026-04-09 01:20:55,412 [DEBUG] SSH->TUN: 52 байт
2026-04-09 01:20:55,454 [DEBUG] SSH->TUN: 52 байт
2026-04-09 01:20:55,454 [DEBUG] TUN->SSH: 52 байт
2026-04-09 01:20:55,490 [INFO] Останавливаю туннель...
2026-04-09 01:20:55,493 [DEBUG] Восстановлен: default via 192.168.5.1 dev wlp0s20f3
2026-04-09 01:20:55,493 [INFO] Маршруты восстановлены
2026-04-09 01:20:55,507 [INFO] Интерфейс strans-tun0 удалён
2026-04-09 01:20:55,507 [INFO] Остановлено
2026-04-09 01:20:55,507 [DEBUG] TUN->SSH: отменён
2026-04-09 01:20:55,507 [DEBUG] SSH->TUN: отменён
