2026-04-09 01:51:31,020 [INFO] === Запуск клиента ===
2026-04-09 01:51:31,020 [INFO] Лог файл: logs/client_20260409_015131.log
2026-04-09 01:51:31,026 [INFO] Используется интерфейс: strans-tun1
2026-04-09 01:51:31,026 [INFO] Подключаюсь к 217.154.79.223:24 как 'alice'
2026-04-09 01:51:31,649 [INFO] SSH соединение установлено
2026-04-09 01:51:31,768 [INFO] PUSH_REPLY: client_ip=198.19.0.2 server_ip=198.19.0.1 mtu=1280 stealth=0
2026-04-09 01:51:31,776 [INFO] Интерфейс strans-tun1:
76: strans-tun1: <POINTOPOINT,MULTICAST,NOARP,UP,LOWER_UP> mtu 1280 qdisc fq_codel state UP group default qlen 500
    link/none 
    inet 198.19.0.2 peer 198.19.0.1/32 scope global strans-tun1
       valid_lft forever preferred_lft forever
2026-04-09 01:51:31,879 [INFO] SSH tunnel канал открыт
2026-04-09 01:51:31,879 [INFO] Туннель активен.
2026-04-09 01:51:31,879 [INFO] Форвардинг запущен [stealth=0]
2026-04-09 01:52:02,254 [DEBUG] TUN->SSH: 60 байт
2026-04-09 01:52:02,311 [DEBUG] SSH->TUN: 60 байт
2026-04-09 01:52:02,312 [DEBUG] TUN->SSH: 52 байт
2026-04-09 01:52:02,355 [DEBUG] TUN->SSH: 569 байт
2026-04-09 01:52:02,410 [DEBUG] SSH->TUN: 52 байт
2026-04-09 01:52:02,410 [DEBUG] SSH->TUN: 1280 байт
2026-04-09 01:52:02,411 [DEBUG] TUN->SSH: 52 байт
2026-04-09 01:52:02,411 [DEBUG] SSH->TUN: 1280 байт
2026-04-09 01:52:02,411 [DEBUG] TUN->SSH: 52 байт
2026-04-09 01:52:02,411 [DEBUG] SSH->TUN: 424 байт
2026-04-09 01:52:02,411 [DEBUG] TUN->SSH: 52 байт
2026-04-09 01:52:02,413 [DEBUG] TUN->SSH: 132 байт
2026-04-09 01:52:02,413 [DEBUG] TUN->SSH: 98 байт
2026-04-09 01:52:02,413 [DEBUG] TUN->SSH: 101 байт
2026-04-09 01:52:02,414 [DEBUG] TUN->SSH: 87 байт
2026-04-09 01:52:02,414 [DEBUG] TUN->SSH: 113 байт
2026-04-09 01:52:02,465 [DEBUG] SSH->TUN: 596 байт
2026-04-09 01:52:02,466 [DEBUG] TUN->SSH: 83 байт
2026-04-09 01:52:02,466 [DEBUG] SSH->TUN: 52 байт
2026-04-09 01:52:02,466 [DEBUG] SSH->TUN: 83 байт
2026-04-09 01:52:02,467 [DEBUG] SSH->TUN: 52 байт
2026-04-09 01:52:02,507 [DEBUG] TUN->SSH: 52 байт
2026-04-09 01:52:02,560 [DEBUG] SSH->TUN: 52 байт
2026-04-09 01:52:02,561 [DEBUG] SSH->TUN: 179 байт
2026-04-09 01:52:02,562 [DEBUG] TUN->SSH: 52 байт
2026-04-09 01:52:02,562 [DEBUG] SSH->TUN: 128 байт
2026-04-09 01:52:02,562 [DEBUG] TUN->SSH: 52 байт
2026-04-09 01:52:02,563 [DEBUG] TUN->SSH: 76 байт
2026-04-09 01:52:02,563 [DEBUG] TUN->SSH: 52 байт
2026-04-09 01:52:02,619 [DEBUG] SSH->TUN: 52 байт
2026-04-09 01:52:02,619 [DEBUG] SSH->TUN: 52 байт
2026-04-09 01:52:02,620 [DEBUG] TUN->SSH: 52 байт
2026-04-09 01:52:44,114 [INFO] Останавливаю туннель...
2026-04-09 01:52:44,127 [INFO] Интерфейс strans-tun1 удалён
2026-04-09 01:52:44,127 [INFO] Остановлено
2026-04-09 01:52:44,127 [DEBUG] TUN->SSH: отменён
2026-04-09 01:52:44,127 [DEBUG] SSH->TUN: отменён
