2026-04-07 21:39:46,499 [INFO] === Запуск клиента ===
2026-04-07 21:39:46,499 [INFO] Лог файл: logs/client_20260407_213946.log
2026-04-07 21:39:46,500 [INFO] Подключаюсь к 217.154.79.223:22 как 'alice'
2026-04-07 21:39:46,796 [INFO] SSH соединение установлено
2026-04-07 21:39:46,890 [INFO] PUSH_REPLY: client_ip=198.19.0.4 server_ip=198.19.0.1 mtu=1280 stealth=0
2026-04-07 21:39:46,901 [INFO] Интерфейс strans-tun0:
79: strans-tun0: <POINTOPOINT,MULTICAST,NOARP,UP,LOWER_UP> mtu 1280 qdisc fq_codel state UP group default qlen 500
    link/none 
    inet 198.19.0.4 peer 198.19.0.1/32 scope global strans-tun0
       valid_lft forever preferred_lft forever
2026-04-07 21:39:47,004 [INFO] SSH tunnel канал открыт
2026-04-07 21:39:47,007 [INFO] Маршрут к серверу: 217.154.79.223 via 192.168.5.1 dev wlp0s20f3
2026-04-07 21:39:47,011 [INFO] Весь трафик через strans-tun0
2026-04-07 21:39:47,011 [INFO] Туннель активен.
2026-04-07 21:39:47,011 [INFO] Форвардинг запущен [stealth=0]
2026-04-07 21:39:47,052 [DEBUG] TUN->SSH: 60 байт
2026-04-07 21:39:47,052 [DEBUG] TUN->SSH: 60 байт
2026-04-07 21:39:47,053 [DEBUG] TUN->SSH: 60 байт
2026-04-07 21:39:47,053 [DEBUG] TUN->SSH: 60 байт
2026-04-07 21:39:47,053 [DEBUG] TUN->SSH: 60 байт
2026-04-07 21:39:47,054 [DEBUG] TUN->SSH: 60 байт
2026-04-07 21:39:47,054 [DEBUG] TUN->SSH: 60 байт
2026-04-07 21:39:47,054 [DEBUG] TUN->SSH: 60 байт
2026-04-07 21:39:47,055 [DEBUG] TUN->SSH: 60 байт
2026-04-07 21:39:47,064 [DEBUG] TUN->SSH: 60 байт
2026-04-07 21:39:47,065 [DEBUG] TUN->SSH: 60 байт
2026-04-07 21:39:47,065 [DEBUG] TUN->SSH: 60 байт
2026-04-07 21:39:47,065 [DEBUG] TUN->SSH: 60 байт
2026-04-07 21:39:47,065 [DEBUG] TUN->SSH: 60 байт
2026-04-07 21:39:47,066 [DEBUG] TUN->SSH: 60 байт
2026-04-07 21:39:47,066 [DEBUG] TUN->SSH: 60 байт
2026-04-07 21:39:47,066 [DEBUG] TUN->SSH: 60 байт
2026-04-07 21:39:47,114 [DEBUG] TUN->SSH: 52 байт
2026-04-07 21:39:47,114 [DEBUG] SSH->TUN: 60 байт
2026-04-07 21:39:47,114 [DEBUG] TUN->SSH: 1280 байт
2026-04-07 21:39:47,115 [DEBUG] TUN->SSH: 612 байт
2026-04-07 21:39:47,128 [DEBUG] TUN->SSH: 60 байт
2026-04-07 21:39:47,177 [DEBUG] SSH->TUN: 52 байт
2026-04-07 21:39:47,177 [DEBUG] SSH->TUN: 52 байт
2026-04-07 21:39:47,180 [DEBUG] SSH->TUN: 576 байт
2026-04-07 21:39:47,181 [DEBUG] TUN->SSH: 52 байт
2026-04-07 21:39:47,181 [DEBUG] SSH->TUN: 576 байт
2026-04-07 21:39:47,181 [DEBUG] TUN->SSH: 52 байт
2026-04-07 21:39:47,182 [DEBUG] SSH->TUN: 576 байт
2026-04-07 21:39:47,182 [DEBUG] TUN->SSH: 52 байт
2026-04-07 21:39:47,182 [DEBUG] SSH->TUN: 576 байт
2026-04-07 21:39:47,182 [DEBUG] TUN->SSH: 52 байт
2026-04-07 21:39:47,183 [DEBUG] SSH->TUN: 576 байт
2026-04-07 21:39:47,183 [DEBUG] TUN->SSH: 52 байт
2026-04-07 21:39:47,183 [DEBUG] SSH->TUN: 576 байт
2026-04-07 21:39:47,183 [DEBUG] TUN->SSH: 52 байт
2026-04-07 21:39:47,183 [DEBUG] SSH->TUN: 288 байт
2026-04-07 21:39:47,184 [DEBUG] TUN->SSH: 52 байт
2026-04-07 21:39:47,184 [DEBUG] TUN->SSH: 324 байт
2026-04-07 21:39:47,225 [DEBUG] TUN->SSH: 52 байт
2026-04-07 21:39:47,225 [DEBUG] TUN->SSH: 91 байт
2026-04-07 21:39:47,226 [DEBUG] TUN->SSH: 87 байт
2026-04-07 21:39:47,226 [DEBUG] TUN->SSH: 60 байт
2026-04-07 21:39:47,227 [DEBUG] SSH->TUN: 60 байт
2026-04-07 21:39:47,227 [DEBUG] TUN->SSH: 52 байт
2026-04-07 21:39:47,227 [DEBUG] SSH->TUN: 60 байт
2026-04-07 21:39:47,227 [DEBUG] TUN->SSH: 333 байт
2026-04-07 21:39:47,228 [DEBUG] SSH->TUN: 60 байт
2026-04-07 21:39:47,228 [DEBUG] TUN->SSH: 52 байт
2026-04-07 21:39:47,228 [DEBUG] TUN->SSH: 201 байт
2026-04-07 21:39:47,229 [DEBUG] TUN->SSH: 52 байт
2026-04-07 21:39:47,229 [DEBUG] TUN->SSH: 241 байт
2026-04-07 21:39:47,236 [DEBUG] SSH->TUN: 60 байт
2026-04-07 21:39:47,237 [DEBUG] TUN->SSH: 52 байт
2026-04-07 21:39:47,237 [DEBUG] TUN->SSH: 354 байт
2026-04-07 21:39:47,238 [DEBUG] SSH->TUN: 60 байт
2026-04-07 21:39:47,238 [DEBUG] TUN->SSH: 52 байт
2026-04-07 21:39:47,238 [DEBUG] SSH->TUN: 60 байт
2026-04-07 21:39:47,238 [DEBUG] TUN->SSH: 543 байт
2026-04-07 21:39:47,239 [DEBUG] SSH->TUN: 60 байт
2026-04-07 21:39:47,239 [DEBUG] TUN->SSH: 52 байт
2026-04-07 21:39:47,239 [DEBUG] SSH->TUN: 60 байт
2026-04-07 21:39:47,239 [DEBUG] TUN->SSH: 534 байт
2026-04-07 21:39:47,240 [DEBUG] TUN->SSH: 52 байт
2026-04-07 21:39:47,240 [DEBUG] TUN->SSH: 281 байт
2026-04-07 21:39:47,240 [DEBUG] TUN->SSH: 52 байт
2026-04-07 21:39:47,240 [DEBUG] TUN->SSH: 514 байт
2026-04-07 21:39:47,249 [DEBUG] SSH->TUN: 213 байт
2026-04-07 21:39:47,250 [DEBUG] TUN->SSH: 360 байт
2026-04-07 21:39:47,266 [DEBUG] TUN->SSH: 64 байт
2026-04-07 21:39:47,272 [DEBUG] TUN->SSH: 87 байт
2026-04-07 21:39:47,314 [DEBUG] SSH->TUN: 60 байт
2026-04-07 21:39:47,315 [DEBUG] TUN->SSH: 52 байт
2026-04-07 21:39:47,315 [DEBUG] TUN->SSH: 1280 байт
2026-04-07 21:39:47,315 [DEBUG] TUN->SSH: 1164 байт
2026-04-07 21:39:47,338 [DEBUG] SSH->TUN: 165 байт
2026-04-07 21:39:47,339 [DEBUG] TUN->SSH: 140 байт
2026-04-07 21:39:47,400 [DEBUG] SSH->TUN: 52 байт
2026-04-07 21:39:47,401 [DEBUG] SSH->TUN: 52 байт
2026-04-07 21:39:47,402 [DEBUG] SSH->TUN: 1280 байт
2026-04-07 21:39:47,402 [DEBUG] TUN->SSH: 52 байт
2026-04-07 21:39:47,403 [DEBUG] SSH->TUN: 320 байт
2026-04-07 21:39:47,403 [DEBUG] TUN->SSH: 52 байт
2026-04-07 21:39:47,403 [DEBUG] TUN->SSH: 142 байт
2026-04-07 21:39:47,403 [DEBUG] SSH->TUN: 225 байт
2026-04-07 21:39:47,404 [DEBUG] TUN->SSH: 144 байт
2026-04-07 21:39:47,404 [DEBUG] SSH->TUN: 231 байт
2026-04-07 21:39:47,404 [DEBUG] TUN->SSH: 1280 байт
2026-04-07 21:39:47,405 [DEBUG] SSH->TUN: 157 байт
2026-04-07 21:39:47,405 [DEBUG] TUN->SSH: 1280 байт
2026-04-07 21:39:47,405 [DEBUG] SSH->TUN: 233 байт
2026-04-07 21:39:47,405 [DEBUG] TUN->SSH: 1280 байт
2026-04-07 21:39:47,406 [DEBUG] SSH->TUN: 290 байт
2026-04-07 21:39:47,406 [DEBUG] TUN->SSH: 411 байт
2026-04-07 21:39:47,406 [DEBUG] SSH->TUN: 311 байт
2026-04-07 21:39:47,406 [DEBUG] TUN->SSH: 52 байт
2026-04-07 21:39:47,407 [DEBUG] TUN->SSH: 52 байт
2026-04-07 21:39:47,407 [DEBUG] TUN->SSH: 209 байт
2026-04-07 21:39:47,407 [DEBUG] TUN->SSH: 52 байт
2026-04-07 21:39:47,407 [DEBUG] TUN->SSH: 52 байт
2026-04-07 21:39:47,408 [DEBUG] TUN->SSH: 52 байт
2026-04-07 21:39:47,408 [DEBUG] TUN->SSH: 52 байт
2026-04-07 21:39:47,408 [DEBUG] TUN->SSH: 40 байт
2026-04-07 21:39:47,408 [DEBUG] TUN->SSH: 269 байт
2026-04-07 21:39:47,409 [DEBUG] TUN->SSH: 40 байт
2026-04-07 21:39:47,409 [DEBUG] TUN->SSH: 52 байт
2026-04-07 21:39:47,411 [DEBUG] SSH->TUN: 576 байт
2026-04-07 21:39:47,411 [DEBUG] TUN->SSH: 52 байт
2026-04-07 21:39:47,412 [DEBUG] SSH->TUN: 139 байт
2026-04-07 21:39:47,412 [DEBUG] TUN->SSH: 40 байт
2026-04-07 21:39:47,412 [DEBUG] SSH->TUN: 319 байт
2026-04-07 21:39:47,426 [DEBUG] SSH->TUN: 245 байт
2026-04-07 21:39:47,426 [DEBUG] TUN->SSH: 52 байт
2026-04-07 21:39:47,427 [DEBUG] SSH->TUN: 286 байт
2026-04-07 21:39:47,427 [DEBUG] TUN->SSH: 40 байт
2026-04-07 21:39:47,427 [DEBUG] TUN->SSH: 52 байт
2026-04-07 21:39:47,427 [DEBUG] TUN->SSH: 349 байт
2026-04-07 21:39:47,452 [DEBUG] TUN->SSH: 52 байт
2026-04-07 21:39:47,496 [DEBUG] TUN->SSH: 126 байт
2026-04-07 21:39:47,503 [DEBUG] SSH->TUN: 1076 байт
2026-04-07 21:39:47,503 [DEBUG] TUN->SSH: 83 байт
2026-04-07 21:39:47,597 [DEBUG] SSH->TUN: 83 байт
2026-04-07 21:39:47,625 [DEBUG] SSH->TUN: 52 байт
2026-04-07 21:39:47,625 [DEBUG] SSH->TUN: 52 байт
2026-04-07 21:39:47,625 [DEBUG] SSH->TUN: 52 байт
2026-04-07 21:39:47,626 [DEBUG] TUN->SSH: 40 байт
2026-04-07 21:39:47,626 [DEBUG] SSH->TUN: 157 байт
2026-04-07 21:39:47,626 [DEBUG] SSH->TUN: 52 байт
2026-04-07 21:39:47,627 [DEBUG] TUN->SSH: 40 байт
2026-04-07 21:39:47,627 [DEBUG] SSH->TUN: 52 байт
2026-04-07 21:39:47,627 [DEBUG] TUN->SSH: 40 байт
2026-04-07 21:39:47,628 [DEBUG] SSH->TUN: 157 байт
2026-04-07 21:39:47,628 [DEBUG] TUN->SSH: 141 байт
2026-04-07 21:39:47,628 [DEBUG] SSH->TUN: 52 байт
2026-04-07 21:39:47,628 [DEBUG] TUN->SSH: 40 байт
2026-04-07 21:39:47,629 [DEBUG] SSH->TUN: 52 байт
2026-04-07 21:39:47,629 [DEBUG] TUN->SSH: 52 байт
2026-04-07 21:39:47,629 [DEBUG] SSH->TUN: 52 байт
2026-04-07 21:39:47,629 [DEBUG] SSH->TUN: 157 байт
2026-04-07 21:39:47,630 [DEBUG] TUN->SSH: 333 байт
2026-04-07 21:39:47,630 [DEBUG] SSH->TUN: 312 байт
2026-04-07 21:39:47,630 [DEBUG] TUN->SSH: 52 байт
2026-04-07 21:39:47,630 [DEBUG] SSH->TUN: 100 байт
2026-04-07 21:39:47,650 [DEBUG] TUN->SSH: 620 байт
2026-04-07 21:39:47,677 [DEBUG] TUN->SSH: 52 байт
2026-04-07 21:39:47,803 [DEBUG] SSH->TUN: 221 байт
2026-04-07 21:39:47,804 [DEBUG] SSH->TUN: 576 байт
2026-04-07 21:39:47,804 [DEBUG] TUN->SSH: 52 байт
2026-04-07 21:39:47,804 [DEBUG] TUN->SSH: 52 байт
2026-04-07 21:39:47,812 [DEBUG] SSH->TUN: 221 байт
2026-04-07 21:39:47,814 [DEBUG] SSH->TUN: 541 байт
2026-04-07 21:39:47,814 [DEBUG] TUN->SSH: 52 байт
2026-04-07 21:39:47,814 [DEBUG] TUN->SSH: 52 байт
2026-04-07 21:39:47,815 [DEBUG] TUN->SSH: 52 байт
2026-04-07 21:39:47,879 [DEBUG] SSH->TUN: 52 байт
2026-04-07 21:39:47,885 [DEBUG] SSH->TUN: 52 байт
2026-04-07 21:39:47,885 [DEBUG] TUN->SSH: 52 байт
2026-04-07 21:39:47,938 [DEBUG] TUN->SSH: 64 байт
2026-04-07 21:39:47,938 [DEBUG] TUN->SSH: 64 байт
2026-04-07 21:39:47,945 [DEBUG] TUN->SSH: 126 байт
2026-04-07 21:39:47,961 [DEBUG] TUN->SSH: 60 байт
2026-04-07 21:39:47,963 [DEBUG] TUN->SSH: 60 байт
2026-04-07 21:39:47,978 [DEBUG] SSH->TUN: 52 байт
2026-04-07 21:39:47,978 [DEBUG] TUN->SSH: 52 байт
2026-04-07 21:39:47,999 [DEBUG] SSH->TUN: 52 байт
2026-04-07 21:39:47,999 [DEBUG] TUN->SSH: 52 байт
2026-04-07 21:39:48,028 [DEBUG] SSH->TUN: 60 байт
2026-04-07 21:39:48,028 [DEBUG] TUN->SSH: 52 байт
2026-04-07 21:39:48,029 [DEBUG] TUN->SSH: 1280 байт
2026-04-07 21:39:48,029 [DEBUG] TUN->SSH: 612 байт
2026-04-07 21:39:48,088 [DEBUG] TUN->SSH: 60 байт
2026-04-07 21:39:48,089 [DEBUG] TUN->SSH: 60 байт
2026-04-07 21:39:48,089 [DEBUG] TUN->SSH: 60 байт
2026-04-07 21:39:48,089 [DEBUG] TUN->SSH: 60 байт
2026-04-07 21:39:48,090 [DEBUG] TUN->SSH: 60 байт
2026-04-07 21:39:48,090 [DEBUG] TUN->SSH: 60 байт
2026-04-07 21:39:48,090 [DEBUG] TUN->SSH: 60 байт
2026-04-07 21:39:48,091 [DEBUG] TUN->SSH: 60 байт
2026-04-07 21:39:48,092 [DEBUG] SSH->TUN: 52 байт
2026-04-07 21:39:48,092 [DEBUG] SSH->TUN: 52 байт
2026-04-07 21:39:48,093 [DEBUG] SSH->TUN: 1280 байт
2026-04-07 21:39:48,094 [DEBUG] TUN->SSH: 52 байт
2026-04-07 21:39:48,094 [DEBUG] SSH->TUN: 1280 байт
2026-04-07 21:39:48,094 [DEBUG] TUN->SSH: 52 байт
2026-04-07 21:39:48,094 [DEBUG] SSH->TUN: 977 байт
2026-04-07 21:39:48,095 [DEBUG] TUN->SSH: 52 байт
2026-04-07 21:39:48,095 [DEBUG] TUN->SSH: 323 байт
2026-04-07 21:39:48,231 [DEBUG] SSH->TUN: 756 байт
2026-04-07 21:39:48,234 [DEBUG] TUN->SSH: 640 байт
2026-04-07 21:39:48,241 [DEBUG] SSH->TUN: 216 байт
2026-04-07 21:39:48,242 [DEBUG] TUN->SSH: 403 байт
2026-04-07 21:39:48,352 [DEBUG] SSH->TUN: 52 байт
2026-04-07 21:39:48,366 [DEBUG] SSH->TUN: 171 байт
2026-04-07 21:39:48,366 [DEBUG] TUN->SSH: 370 байт
2026-04-07 21:39:48,402 [DEBUG] SSH->TUN: 52 байт
2026-04-07 21:39:48,408 [DEBUG] SSH->TUN: 157 байт
2026-04-07 21:39:48,409 [DEBUG] TUN->SSH: 365 байт
2026-04-07 21:39:48,434 [DEBUG] SSH->TUN: 52 байт
2026-04-07 21:39:48,444 [DEBUG] SSH->TUN: 231 байт
2026-04-07 21:39:48,453 [DEBUG] SSH->TUN: 670 байт
2026-04-07 21:39:48,453 [DEBUG] TUN->SSH: 52 байт
2026-04-07 21:39:48,582 [DEBUG] SSH->TUN: 253 байт
2026-04-07 21:39:48,585 [DEBUG] SSH->TUN: 141 байт
2026-04-07 21:39:48,586 [DEBUG] TUN->SSH: 52 байт
2026-04-07 21:39:48,586 [DEBUG] TUN->SSH: 525 байт
2026-04-07 21:39:48,856 [DEBUG] TUN->SSH: 126 байт
2026-04-07 21:39:48,892 [DEBUG] TUN->SSH: 64 байт
2026-04-07 21:39:48,892 [DEBUG] SSH->TUN: 52 байт
2026-04-07 21:39:48,892 [DEBUG] SSH->TUN: 541 байт
2026-04-07 21:39:48,893 [DEBUG] TUN->SSH: 52 байт
2026-04-07 21:39:48,893 [DEBUG] TUN->SSH: 52 байт
2026-04-07 21:39:48,965 [DEBUG] SSH->TUN: 52 байт
2026-04-07 21:39:48,965 [DEBUG] TUN->SSH: 52 байт
2026-04-07 21:39:49,069 [DEBUG] SSH->TUN: 52 байт
2026-04-07 21:39:49,069 [DEBUG] TUN->SSH: 52 байт
2026-04-07 21:39:49,112 [DEBUG] TUN->SSH: 60 байт
2026-04-07 21:39:49,113 [DEBUG] TUN->SSH: 60 байт
2026-04-07 21:39:49,113 [DEBUG] TUN->SSH: 60 байт
2026-04-07 21:39:49,113 [DEBUG] TUN->SSH: 60 байт
2026-04-07 21:39:49,114 [DEBUG] TUN->SSH: 60 байт
2026-04-07 21:39:49,114 [DEBUG] TUN->SSH: 60 байт
2026-04-07 21:39:49,115 [DEBUG] TUN->SSH: 60 байт
2026-04-07 21:39:49,115 [DEBUG] TUN->SSH: 60 байт
2026-04-07 21:39:49,798 [DEBUG] SSH->TUN: 52 байт
2026-04-07 21:39:49,798 [DEBUG] TUN->SSH: 301 байт
2026-04-07 21:39:49,799 [DEBUG] TUN->SSH: 52 байт
2026-04-07 21:39:49,858 [DEBUG] SSH->TUN: 40 байт
2026-04-07 21:39:49,859 [DEBUG] SSH->TUN: 40 байт
2026-04-07 21:39:50,136 [DEBUG] TUN->SSH: 60 байт
2026-04-07 21:39:50,136 [DEBUG] TUN->SSH: 60 байт
2026-04-07 21:39:50,137 [DEBUG] TUN->SSH: 60 байт
2026-04-07 21:39:50,137 [DEBUG] TUN->SSH: 60 байт
2026-04-07 21:39:50,138 [DEBUG] TUN->SSH: 60 байт
2026-04-07 21:39:50,138 [DEBUG] TUN->SSH: 60 байт
2026-04-07 21:39:50,138 [DEBUG] TUN->SSH: 60 байт
2026-04-07 21:39:50,139 [DEBUG] TUN->SSH: 60 байт
2026-04-07 21:39:50,648 [DEBUG] TUN->SSH: 126 байт
2026-04-07 21:39:50,669 [DEBUG] TUN->SSH: 64 байт
2026-04-07 21:39:51,160 [DEBUG] TUN->SSH: 60 байт
2026-04-07 21:39:51,160 [DEBUG] TUN->SSH: 60 байт
2026-04-07 21:39:51,161 [DEBUG] TUN->SSH: 60 байт
2026-04-07 21:39:51,161 [DEBUG] TUN->SSH: 60 байт
2026-04-07 21:39:51,162 [DEBUG] TUN->SSH: 60 байт
2026-04-07 21:39:51,162 [DEBUG] TUN->SSH: 60 байт
2026-04-07 21:39:51,162 [DEBUG] TUN->SSH: 60 байт
2026-04-07 21:39:51,162 [DEBUG] TUN->SSH: 60 байт
2026-04-07 21:39:51,539 [DEBUG] SSH->TUN: 136 байт
2026-04-07 21:39:51,539 [DEBUG] TUN->SSH: 52 байт
2026-04-07 21:39:52,771 [DEBUG] SSH->TUN: 52 байт
2026-04-07 21:39:52,772 [DEBUG] TUN->SSH: 141 байт
2026-04-07 21:39:52,772 [DEBUG] TUN->SSH: 52 байт
2026-04-07 21:39:52,842 [DEBUG] SSH->TUN: 40 байт
2026-04-07 21:39:52,848 [DEBUG] SSH->TUN: 40 байт
2026-04-07 21:39:53,208 [DEBUG] TUN->SSH: 60 байт
2026-04-07 21:39:53,208 [DEBUG] TUN->SSH: 60 байт
2026-04-07 21:39:53,209 [DEBUG] TUN->SSH: 60 байт
2026-04-07 21:39:53,209 [DEBUG] TUN->SSH: 60 байт
2026-04-07 21:39:53,209 [DEBUG] TUN->SSH: 60 байт
2026-04-07 21:39:53,210 [DEBUG] TUN->SSH: 60 байт
2026-04-07 21:39:53,210 [DEBUG] TUN->SSH: 60 байт
2026-04-07 21:39:53,210 [DEBUG] TUN->SSH: 60 байт
2026-04-07 21:39:54,055 [DEBUG] TUN->SSH: 60 байт
2026-04-07 21:39:54,055 [DEBUG] TUN->SSH: 60 байт
2026-04-07 21:39:54,056 [DEBUG] TUN->SSH: 60 байт
2026-04-07 21:39:54,056 [DEBUG] TUN->SSH: 60 байт
2026-04-07 21:39:54,057 [DEBUG] TUN->SSH: 60 байт
2026-04-07 21:39:54,057 [DEBUG] TUN->SSH: 60 байт
2026-04-07 21:39:54,057 [DEBUG] TUN->SSH: 60 байт
2026-04-07 21:39:54,058 [DEBUG] TUN->SSH: 60 байт
2026-04-07 21:39:54,073 [DEBUG] TUN->SSH: 52 байт
2026-04-07 21:39:54,102 [DEBUG] TUN->SSH: 60 байт
2026-04-07 21:39:54,102 [DEBUG] TUN->SSH: 52 байт
2026-04-07 21:39:54,119 [DEBUG] SSH->TUN: 60 байт
2026-04-07 21:39:54,119 [DEBUG] TUN->SSH: 52 байт
2026-04-07 21:39:54,119 [DEBUG] SSH->TUN: 60 байт
2026-04-07 21:39:54,120 [DEBUG] TUN->SSH: 269 байт
2026-04-07 21:39:54,120 [DEBUG] SSH->TUN: 60 байт
2026-04-07 21:39:54,120 [DEBUG] TUN->SSH: 52 байт
2026-04-07 21:39:54,121 [DEBUG] SSH->TUN: 60 байт
2026-04-07 21:39:54,121 [DEBUG] TUN->SSH: 389 байт
2026-04-07 21:39:54,121 [DEBUG] SSH->TUN: 60 байт
2026-04-07 21:39:54,122 [DEBUG] TUN->SSH: 52 байт
2026-04-07 21:39:54,122 [DEBUG] TUN->SSH: 249 байт
2026-04-07 21:39:54,122 [DEBUG] TUN->SSH: 52 байт
2026-04-07 21:39:54,123 [DEBUG] TUN->SSH: 478 байт
2026-04-07 21:39:54,123 [DEBUG] TUN->SSH: 52 байт
2026-04-07 21:39:54,123 [DEBUG] TUN->SSH: 390 байт
2026-04-07 21:39:54,174 [DEBUG] SSH->TUN: 60 байт
2026-04-07 21:39:54,174 [DEBUG] TUN->SSH: 52 байт
2026-04-07 21:39:54,174 [DEBUG] SSH->TUN: 60 байт
2026-04-07 21:39:54,175 [DEBUG] TUN->SSH: 478 байт
2026-04-07 21:39:54,175 [DEBUG] SSH->TUN: 60 байт
2026-04-07 21:39:54,175 [DEBUG] TUN->SSH: 52 байт
2026-04-07 21:39:54,176 [DEBUG] SSH->TUN: 60 байт
2026-04-07 21:39:54,176 [DEBUG] TUN->SSH: 237 байт
2026-04-07 21:39:54,176 [DEBUG] TUN->SSH: 52 байт
2026-04-07 21:39:54,177 [DEBUG] TUN->SSH: 426 байт
2026-04-07 21:39:54,177 [DEBUG] TUN->SSH: 52 байт
2026-04-07 21:39:54,177 [DEBUG] TUN->SSH: 1280 байт
2026-04-07 21:39:54,178 [DEBUG] TUN->SSH: 432 байт
2026-04-07 21:39:54,207 [DEBUG] SSH->TUN: 197 байт
2026-04-07 21:39:54,207 [DEBUG] TUN->SSH: 52 байт
2026-04-07 21:39:54,207 [DEBUG] SSH->TUN: 161 байт
2026-04-07 21:39:54,208 [DEBUG] TUN->SSH: 52 байт
2026-04-07 21:39:54,208 [DEBUG] SSH->TUN: 213 байт
2026-04-07 21:39:54,209 [DEBUG] TUN->SSH: 52 байт
2026-04-07 21:39:54,209 [DEBUG] SSH->TUN: 379 байт
2026-04-07 21:39:54,209 [DEBUG] TUN->SSH: 365 байт
2026-04-07 21:39:54,209 [DEBUG] SSH->TUN: 351 байт
2026-04-07 21:39:54,209 [DEBUG] TUN->SSH: 52 байт
2026-04-07 21:39:54,210 [DEBUG] TUN->SSH: 253 байт
2026-04-07 21:39:54,211 [DEBUG] TUN->SSH: 52 байт
2026-04-07 21:39:54,211 [DEBUG] TUN->SSH: 52 байт
2026-04-07 21:39:54,211 [DEBUG] TUN->SSH: 40 байт
2026-04-07 21:39:54,211 [DEBUG] TUN->SSH: 157 байт
2026-04-07 21:39:54,212 [DEBUG] TUN->SSH: 40 байт
2026-04-07 21:39:54,232 [DEBUG] TUN->SSH: 52 байт
2026-04-07 21:39:54,233 [DEBUG] TUN->SSH: 126 байт
2026-04-07 21:39:54,248 [DEBUG] SSH->TUN: 331 байт
2026-04-07 21:39:54,249 [DEBUG] TUN->SSH: 52 байт
2026-04-07 21:39:54,249 [DEBUG] SSH->TUN: 371 байт
2026-04-07 21:39:54,249 [DEBUG] TUN->SSH: 40 байт
2026-04-07 21:39:54,254 [DEBUG] SSH->TUN: 249 байт
2026-04-07 21:39:54,255 [DEBUG] TUN->SSH: 52 байт
2026-04-07 21:39:54,255 [DEBUG] SSH->TUN: 52 байт
2026-04-07 21:39:54,255 [DEBUG] TUN->SSH: 52 байт
2026-04-07 21:39:54,256 [DEBUG] SSH->TUN: 52 байт
2026-04-07 21:39:54,256 [DEBUG] TUN->SSH: 461 байт
2026-04-07 21:39:54,344 [DEBUG] SSH->TUN: 576 байт
2026-04-07 21:39:54,345 [DEBUG] TUN->SSH: 52 байт
2026-04-07 21:39:54,348 [DEBUG] SSH->TUN: 576 байт
2026-04-07 21:39:54,349 [DEBUG] TUN->SSH: 52 байт
2026-04-07 21:39:54,349 [DEBUG] SSH->TUN: 576 байт
2026-04-07 21:39:54,349 [DEBUG] TUN->SSH: 52 байт
2026-04-07 21:39:54,349 [DEBUG] SSH->TUN: 576 байт
2026-04-07 21:39:54,350 [DEBUG] TUN->SSH: 52 байт
2026-04-07 21:39:54,350 [DEBUG] SSH->TUN: 576 байт
2026-04-07 21:39:54,350 [DEBUG] TUN->SSH: 52 байт
2026-04-07 21:39:54,350 [DEBUG] SSH->TUN: 576 байт
2026-04-07 21:39:54,351 [DEBUG] TUN->SSH: 52 байт
2026-04-07 21:39:54,351 [DEBUG] SSH->TUN: 576 байт
2026-04-07 21:39:54,351 [DEBUG] TUN->SSH: 52 байт
2026-04-07 21:39:54,352 [DEBUG] SSH->TUN: 480 байт
2026-04-07 21:39:54,352 [DEBUG] TUN->SSH: 52 байт
2026-04-07 21:39:54,352 [DEBUG] SSH->TUN: 576 байт
2026-04-07 21:39:54,352 [DEBUG] TUN->SSH: 52 байт
2026-04-07 21:39:54,353 [DEBUG] SSH->TUN: 576 байт
2026-04-07 21:39:54,353 [DEBUG] TUN->SSH: 52 байт
2026-04-07 21:39:54,353 [DEBUG] SSH->TUN: 52 байт
2026-04-07 21:39:54,353 [DEBUG] TUN->SSH: 40 байт
2026-04-07 21:39:54,354 [DEBUG] SSH->TUN: 221 байт
2026-04-07 21:39:54,354 [DEBUG] SSH->TUN: 52 байт
2026-04-07 21:39:54,354 [DEBUG] TUN->SSH: 40 байт
2026-04-07 21:39:54,354 [DEBUG] SSH->TUN: 205 байт
2026-04-07 21:39:54,355 [DEBUG] SSH->TUN: 761 байт
2026-04-07 21:39:54,355 [DEBUG] SSH->TUN: 688 байт
2026-04-07 21:39:54,355 [DEBUG] TUN->SSH: 52 байт
2026-04-07 21:39:54,356 [DEBUG] TUN->SSH: 52 байт
2026-04-07 21:39:54,356 [DEBUG] SSH->TUN: 1280 байт
2026-04-07 21:39:54,356 [DEBUG] SSH->TUN: 1280 байт
2026-04-07 21:39:54,357 [DEBUG] TUN->SSH: 52 байт
2026-04-07 21:39:54,357 [DEBUG] SSH->TUN: 1280 байт
2026-04-07 21:39:54,358 [DEBUG] TUN->SSH: 52 байт
2026-04-07 21:39:54,358 [DEBUG] SSH->TUN: 1280 байт
2026-04-07 21:39:54,358 [DEBUG] SSH->TUN: 1280 байт
2026-04-07 21:39:54,358 [DEBUG] SSH->TUN: 1280 байт
2026-04-07 21:39:54,359 [DEBUG] TUN->SSH: 52 байт
2026-04-07 21:39:54,359 [DEBUG] SSH->TUN: 1280 байт
2026-04-07 21:39:54,359 [DEBUG] SSH->TUN: 1280 байт
2026-04-07 21:39:54,360 [DEBUG] TUN->SSH: 52 байт
2026-04-07 21:39:54,361 [DEBUG] SSH->TUN: 630 байт
2026-04-07 21:39:54,361 [DEBUG] TUN->SSH: 52 байт
2026-04-07 21:39:54,361 [DEBUG] SSH->TUN: 52 байт
2026-04-07 21:39:54,364 [DEBUG] TUN->SSH: 40 байт
2026-04-07 21:39:54,364 [DEBUG] SSH->TUN: 52 байт
2026-04-07 21:39:54,364 [DEBUG] TUN->SSH: 624 байт
2026-04-07 21:39:54,365 [DEBUG] SSH->TUN: 221 байт
2026-04-07 21:39:54,365 [DEBUG] TUN->SSH: 52 байт
2026-04-07 21:39:54,365 [DEBUG] SSH->TUN: 157 байт
2026-04-07 21:39:54,366 [DEBUG] TUN->SSH: 52 байт
2026-04-07 21:39:54,366 [DEBUG] SSH->TUN: 656 байт
2026-04-07 21:39:54,406 [DEBUG] TUN->SSH: 52 байт
2026-04-07 21:39:54,407 [DEBUG] TUN->SSH: 64 байт
2026-04-07 21:39:54,416 [DEBUG] SSH->TUN: 576 байт
2026-04-07 21:39:54,416 [DEBUG] TUN->SSH: 52 байт
2026-04-07 21:39:54,416 [DEBUG] SSH->TUN: 87 байт
2026-04-07 21:39:54,417 [DEBUG] TUN->SSH: 52 байт
2026-04-07 21:39:54,419 [DEBUG] TUN->SSH: 886 байт
2026-04-07 21:39:54,433 [DEBUG] SSH->TUN: 1280 байт
2026-04-07 21:39:54,474 [DEBUG] TUN->SSH: 52 байт
2026-04-07 21:39:54,487 [DEBUG] SSH->TUN: 1280 байт
2026-04-07 21:39:54,487 [DEBUG] TUN->SSH: 52 байт
2026-04-07 21:39:54,487 [DEBUG] SSH->TUN: 1280 байт
2026-04-07 21:39:54,488 [DEBUG] TUN->SSH: 52 байт
2026-04-07 21:39:54,488 [DEBUG] SSH->TUN: 1280 байт
2026-04-07 21:39:54,488 [DEBUG] TUN->SSH: 52 байт
2026-04-07 21:39:54,495 [DEBUG] SSH->TUN: 1280 байт
2026-04-07 21:39:54,495 [DEBUG] TUN->SSH: 52 байт
2026-04-07 21:39:54,495 [DEBUG] SSH->TUN: 1280 байт
2026-04-07 21:39:54,495 [DEBUG] TUN->SSH: 52 байт
2026-04-07 21:39:54,506 [DEBUG] TUN->SSH: 52 байт
2026-04-07 21:39:54,507 [DEBUG] SSH->TUN: 1280 байт
2026-04-07 21:39:54,533 [DEBUG] SSH->TUN: 953 байт
2026-04-07 21:39:54,534 [DEBUG] TUN->SSH: 52 байт
2026-04-07 21:39:54,534 [DEBUG] SSH->TUN: 541 байт
2026-04-07 21:39:54,534 [DEBUG] TUN->SSH: 52 байт
2026-04-07 21:39:54,535 [DEBUG] SSH->TUN: 355 байт
2026-04-07 21:39:54,536 [DEBUG] TUN->SSH: 52 байт
2026-04-07 21:39:54,536 [DEBUG] SSH->TUN: 355 байт
2026-04-07 21:39:54,587 [DEBUG] TUN->SSH: 60 байт
2026-04-07 21:39:54,616 [DEBUG] TUN->SSH: 52 байт
2026-04-07 21:39:54,638 [DEBUG] SSH->TUN: 60 байт
2026-04-07 21:39:54,638 [DEBUG] TUN->SSH: 52 байт
2026-04-07 21:39:54,638 [DEBUG] TUN->SSH: 110 байт
2026-04-07 21:39:54,680 [DEBUG] TUN->SSH: 64 байт
2026-04-07 21:39:54,684 [DEBUG] SSH->TUN: 52 байт
2026-04-07 21:39:54,684 [DEBUG] SSH->TUN: 97 байт
2026-04-07 21:39:54,685 [DEBUG] TUN->SSH: 52 байт
2026-04-07 21:39:54,685 [DEBUG] TUN->SSH: 52 байт
2026-04-07 21:39:54,685 [DEBUG] SSH->TUN: 109 байт
2026-04-07 21:39:54,686 [DEBUG] TUN->SSH: 52 байт
2026-04-07 21:39:54,686 [DEBUG] TUN->SSH: 60 байт
2026-04-07 21:39:54,734 [DEBUG] SSH->TUN: 52 байт
2026-04-07 21:39:54,735 [DEBUG] TUN->SSH: 52 байт
2026-04-07 21:39:54,736 [DEBUG] SSH->TUN: 60 байт
2026-04-07 21:39:54,736 [DEBUG] TUN->SSH: 52 байт
2026-04-07 21:39:54,736 [DEBUG] TUN->SSH: 1280 байт
2026-04-07 21:39:54,737 [DEBUG] TUN->SSH: 782 байт
2026-04-07 21:39:54,792 [DEBUG] SSH->TUN: 52 байт
2026-04-07 21:39:54,792 [DEBUG] SSH->TUN: 52 байт
2026-04-07 21:39:54,795 [DEBUG] SSH->TUN: 1280 байт
2026-04-07 21:39:54,795 [DEBUG] TUN->SSH: 52 байт
2026-04-07 21:39:54,795 [DEBUG] SSH->TUN: 199 байт
2026-04-07 21:39:54,795 [DEBUG] TUN->SSH: 52 байт
2026-04-07 21:39:54,796 [DEBUG] TUN->SSH: 116 байт
2026-04-07 21:39:54,796 [DEBUG] TUN->SSH: 144 байт
2026-04-07 21:39:54,797 [DEBUG] TUN->SSH: 1280 байт
2026-04-07 21:39:54,797 [DEBUG] TUN->SSH: 1280 байт
2026-04-07 21:39:54,797 [DEBUG] TUN->SSH: 715 байт
2026-04-07 21:39:54,798 [DEBUG] TUN->SSH: 1280 байт
2026-04-07 21:39:54,798 [DEBUG] TUN->SSH: 1280 байт
2026-04-07 21:39:54,798 [DEBUG] TUN->SSH: 1280 байт
2026-04-07 21:39:54,799 [DEBUG] TUN->SSH: 1280 байт
2026-04-07 21:39:54,799 [DEBUG] TUN->SSH: 1280 байт
2026-04-07 21:39:54,876 [DEBUG] SSH->TUN: 580 байт
2026-04-07 21:39:54,876 [DEBUG] TUN->SSH: 1280 байт
2026-04-07 21:39:54,876 [DEBUG] SSH->TUN: 52 байт
2026-04-07 21:39:54,877 [DEBUG] TUN->SSH: 1280 байт
2026-04-07 21:39:54,877 [DEBUG] TUN->SSH: 1139 байт
2026-04-07 21:39:54,877 [DEBUG] SSH->TUN: 83 байт
2026-04-07 21:39:54,878 [DEBUG] SSH->TUN: 52 байт
2026-04-07 21:39:54,878 [DEBUG] SSH->TUN: 52 байт
2026-04-07 21:39:54,918 [DEBUG] TUN->SSH: 52 байт
2026-04-07 21:39:54,943 [DEBUG] SSH->TUN: 52 байт
2026-04-07 21:39:54,985 [DEBUG] SSH->TUN: 52 байт
2026-04-07 21:39:55,120 [DEBUG] TUN->SSH: 52 байт
2026-04-07 21:39:55,196 [DEBUG] TUN->SSH: 1280 байт
2026-04-07 21:39:55,197 [DEBUG] TUN->SSH: 1280 байт
2026-04-07 21:39:55,197 [DEBUG] TUN->SSH: 765 байт
2026-04-07 21:39:55,254 [DEBUG] SSH->TUN: 52 байт
2026-04-07 21:39:55,254 [DEBUG] SSH->TUN: 52 байт
2026-04-07 21:39:55,254 [DEBUG] SSH->TUN: 52 байт
2026-04-07 21:39:55,261 [DEBUG] TUN->SSH: 64 байт
2026-04-07 21:39:55,356 [DEBUG] TUN->SSH: 477 байт
2026-04-07 21:39:55,442 [DEBUG] SSH->TUN: 1280 байт
2026-04-07 21:39:55,443 [DEBUG] TUN->SSH: 52 байт
2026-04-07 21:39:55,443 [DEBUG] SSH->TUN: 1280 байт
2026-04-07 21:39:55,443 [DEBUG] TUN->SSH: 52 байт
2026-04-07 21:39:55,443 [DEBUG] SSH->TUN: 534 байт
2026-04-07 21:39:55,444 [DEBUG] TUN->SSH: 52 байт
2026-04-07 21:39:55,444 [DEBUG] SSH->TUN: 450 байт
2026-04-07 21:39:55,446 [DEBUG] TUN->SSH: 52 байт
2026-04-07 21:39:55,446 [DEBUG] SSH->TUN: 83 байт
2026-04-07 21:39:55,447 [DEBUG] TUN->SSH: 52 байт
2026-04-07 21:39:55,447 [DEBUG] SSH->TUN: 408 байт
2026-04-07 21:39:55,447 [DEBUG] TUN->SSH: 52 байт
2026-04-07 21:39:55,450 [DEBUG] TUN->SSH: 221 байт
2026-04-07 21:39:55,535 [DEBUG] SSH->TUN: 1280 байт
2026-04-07 21:39:55,536 [DEBUG] SSH->TUN: 164 байт
2026-04-07 21:39:55,536 [DEBUG] TUN->SSH: 52 байт
2026-04-07 21:39:55,838 [DEBUG] SSH->TUN: 173 байт
2026-04-07 21:39:55,879 [DEBUG] TUN->SSH: 52 байт
2026-04-07 21:39:56,153 [DEBUG] TUN->SSH: 52 байт
2026-04-07 21:39:56,281 [DEBUG] TUN->SSH: 52 байт
2026-04-07 21:39:56,302 [DEBUG] SSH->TUN: 173 байт
2026-04-07 21:39:56,302 [DEBUG] TUN->SSH: 52 байт
2026-04-07 21:39:56,372 [DEBUG] SSH->TUN: 1232 байт
2026-04-07 21:39:56,373 [DEBUG] TUN->SSH: 52 байт
2026-04-07 21:39:56,408 [DEBUG] TUN->SSH: 64 байт
2026-04-07 21:39:56,964 [DEBUG] SSH->TUN: 1232 байт
2026-04-07 21:39:56,965 [DEBUG] TUN->SSH: 52 байт
2026-04-07 21:39:57,051 [DEBUG] TUN->SSH: 60 байт
2026-04-07 21:39:57,094 [DEBUG] SSH->TUN: 60 байт
2026-04-07 21:39:57,094 [DEBUG] TUN->SSH: 52 байт
2026-04-07 21:39:57,095 [DEBUG] TUN->SSH: 97 байт
2026-04-07 21:39:57,138 [DEBUG] SSH->TUN: 52 байт
2026-04-07 21:39:57,141 [DEBUG] SSH->TUN: 97 байт
2026-04-07 21:39:57,142 [DEBUG] TUN->SSH: 52 байт
2026-04-07 21:39:57,142 [DEBUG] TUN->SSH: 52 байт
2026-04-07 21:39:57,142 [DEBUG] TUN->SSH: 60 байт
2026-04-07 21:39:57,187 [DEBUG] TUN->SSH: 52 байт
2026-04-07 21:39:57,188 [DEBUG] SSH->TUN: 52 байт
2026-04-07 21:39:57,190 [DEBUG] SSH->TUN: 60 байт
2026-04-07 21:39:57,190 [DEBUG] TUN->SSH: 52 байт
2026-04-07 21:39:57,191 [DEBUG] TUN->SSH: 94 байт
2026-04-07 21:39:57,236 [DEBUG] SSH->TUN: 52 байт
2026-04-07 21:39:57,237 [DEBUG] SSH->TUN: 94 байт
2026-04-07 21:39:57,237 [DEBUG] TUN->SSH: 52 байт
2026-04-07 21:39:57,237 [DEBUG] TUN->SSH: 52 байт
2026-04-07 21:39:57,238 [DEBUG] TUN->SSH: 60 байт
2026-04-07 21:39:57,284 [DEBUG] SSH->TUN: 52 байт
2026-04-07 21:39:57,285 [DEBUG] TUN->SSH: 52 байт
2026-04-07 21:39:57,285 [DEBUG] SSH->TUN: 60 байт
2026-04-07 21:39:57,285 [DEBUG] TUN->SSH: 52 байт
2026-04-07 21:39:57,285 [DEBUG] TUN->SSH: 98 байт
2026-04-07 21:39:57,332 [DEBUG] SSH->TUN: 52 байт
2026-04-07 21:39:57,333 [DEBUG] SSH->TUN: 98 байт
2026-04-07 21:39:57,334 [DEBUG] TUN->SSH: 52 байт
2026-04-07 21:39:57,334 [DEBUG] TUN->SSH: 52 байт
2026-04-07 21:39:57,334 [DEBUG] TUN->SSH: 60 байт
2026-04-07 21:39:57,400 [DEBUG] SSH->TUN: 52 байт
2026-04-07 21:39:57,400 [DEBUG] TUN->SSH: 52 байт
2026-04-07 21:39:57,401 [DEBUG] SSH->TUN: 60 байт
2026-04-07 21:39:57,401 [DEBUG] TUN->SSH: 52 байт
2026-04-07 21:39:57,401 [DEBUG] TUN->SSH: 93 байт
2026-04-07 21:39:57,444 [DEBUG] SSH->TUN: 52 байт
2026-04-07 21:39:57,445 [DEBUG] SSH->TUN: 93 байт
2026-04-07 21:39:57,445 [DEBUG] TUN->SSH: 52 байт
2026-04-07 21:39:57,445 [DEBUG] TUN->SSH: 52 байт
2026-04-07 21:39:57,446 [DEBUG] TUN->SSH: 60 байт
2026-04-07 21:39:57,492 [DEBUG] SSH->TUN: 52 байт
2026-04-07 21:39:57,493 [DEBUG] TUN->SSH: 52 байт
2026-04-07 21:39:57,493 [DEBUG] SSH->TUN: 60 байт
2026-04-07 21:39:57,494 [DEBUG] TUN->SSH: 52 байт
2026-04-07 21:39:57,494 [DEBUG] TUN->SSH: 95 байт
2026-04-07 21:39:57,539 [DEBUG] SSH->TUN: 52 байт
2026-04-07 21:39:57,540 [DEBUG] SSH->TUN: 95 байт
2026-04-07 21:39:57,540 [DEBUG] TUN->SSH: 52 байт
2026-04-07 21:39:57,540 [DEBUG] TUN->SSH: 52 байт
2026-04-07 21:39:57,540 [DEBUG] TUN->SSH: 60 байт
2026-04-07 21:39:57,585 [DEBUG] SSH->TUN: 52 байт
2026-04-07 21:39:57,586 [DEBUG] TUN->SSH: 52 байт
2026-04-07 21:39:57,587 [DEBUG] TUN->SSH: 52 байт
2026-04-07 21:39:57,587 [DEBUG] SSH->TUN: 60 байт
2026-04-07 21:39:57,587 [DEBUG] TUN->SSH: 95 байт
2026-04-07 21:39:57,629 [DEBUG] SSH->TUN: 52 байт
2026-04-07 21:39:57,630 [DEBUG] SSH->TUN: 95 байт
2026-04-07 21:39:57,630 [DEBUG] TUN->SSH: 52 байт
2026-04-07 21:39:57,631 [DEBUG] TUN->SSH: 52 байт
2026-04-07 21:39:57,631 [DEBUG] TUN->SSH: 60 байт
2026-04-07 21:39:57,677 [DEBUG] TUN->SSH: 52 байт
2026-04-07 21:39:57,677 [DEBUG] SSH->TUN: 52 байт
2026-04-07 21:39:57,677 [DEBUG] SSH->TUN: 60 байт
2026-04-07 21:39:57,678 [DEBUG] TUN->SSH: 52 байт
2026-04-07 21:39:57,678 [DEBUG] TUN->SSH: 95 байт
2026-04-07 21:39:57,722 [DEBUG] SSH->TUN: 52 байт
2026-04-07 21:39:57,724 [DEBUG] SSH->TUN: 95 байт
2026-04-07 21:39:57,725 [DEBUG] TUN->SSH: 52 байт
2026-04-07 21:39:57,725 [DEBUG] TUN->SSH: 52 байт
2026-04-07 21:39:57,725 [DEBUG] TUN->SSH: 60 байт
2026-04-07 21:39:57,769 [DEBUG] SSH->TUN: 52 байт
2026-04-07 21:39:57,769 [DEBUG] TUN->SSH: 52 байт
2026-04-07 21:39:57,769 [DEBUG] SSH->TUN: 60 байт
2026-04-07 21:39:57,770 [DEBUG] TUN->SSH: 52 байт
2026-04-07 21:39:57,770 [DEBUG] TUN->SSH: 95 байт
2026-04-07 21:39:57,814 [DEBUG] SSH->TUN: 52 байт
2026-04-07 21:39:57,816 [DEBUG] SSH->TUN: 95 байт
2026-04-07 21:39:57,816 [DEBUG] TUN->SSH: 52 байт
2026-04-07 21:39:57,817 [DEBUG] SSH->TUN: 260 байт
2026-04-07 21:39:57,817 [DEBUG] TUN->SSH: 52 байт
2026-04-07 21:39:57,817 [DEBUG] TUN->SSH: 60 байт
2026-04-07 21:39:57,818 [DEBUG] TUN->SSH: 52 байт
2026-04-07 21:39:57,818 [DEBUG] TUN->SSH: 52 байт
2026-04-07 21:39:57,821 [DEBUG] SSH->TUN: 374 байт
2026-04-07 21:39:57,822 [DEBUG] TUN->SSH: 52 байт
2026-04-07 21:39:57,822 [DEBUG] SSH->TUN: 241 байт
2026-04-07 21:39:57,822 [DEBUG] TUN->SSH: 52 байт
2026-04-07 21:39:57,861 [DEBUG] TUN->SSH: 52 байт
2026-04-07 21:39:57,862 [DEBUG] SSH->TUN: 52 байт
2026-04-07 21:39:57,862 [DEBUG] SSH->TUN: 60 байт
2026-04-07 21:39:57,862 [DEBUG] TUN->SSH: 52 байт
2026-04-07 21:39:57,863 [DEBUG] TUN->SSH: 95 байт
2026-04-07 21:39:57,882 [DEBUG] SSH->TUN: 52 байт
2026-04-07 21:39:57,882 [DEBUG] TUN->SSH: 40 байт
2026-04-07 21:39:57,907 [DEBUG] SSH->TUN: 52 байт
2026-04-07 21:39:57,908 [DEBUG] SSH->TUN: 95 байт
2026-04-07 21:39:57,908 [DEBUG] TUN->SSH: 52 байт
2026-04-07 21:39:57,908 [DEBUG] TUN->SSH: 52 байт
2026-04-07 21:39:57,909 [DEBUG] TUN->SSH: 60 байт
2026-04-07 21:39:57,954 [DEBUG] TUN->SSH: 52 байт
2026-04-07 21:39:57,954 [DEBUG] SSH->TUN: 52 байт
2026-04-07 21:39:57,954 [DEBUG] SSH->TUN: 60 байт
2026-04-07 21:39:57,955 [DEBUG] TUN->SSH: 52 байт
2026-04-07 21:39:57,955 [DEBUG] TUN->SSH: 95 байт
2026-04-07 21:39:58,001 [DEBUG] SSH->TUN: 52 байт
2026-04-07 21:39:58,002 [DEBUG] SSH->TUN: 95 байт
2026-04-07 21:39:58,002 [DEBUG] TUN->SSH: 52 байт
2026-04-07 21:39:58,002 [DEBUG] TUN->SSH: 52 байт
2026-04-07 21:39:58,002 [DEBUG] TUN->SSH: 60 байт
2026-04-07 21:39:58,048 [DEBUG] SSH->TUN: 52 байт
2026-04-07 21:39:58,049 [DEBUG] TUN->SSH: 52 байт
2026-04-07 21:39:58,049 [DEBUG] SSH->TUN: 60 байт
2026-04-07 21:39:58,049 [DEBUG] TUN->SSH: 52 байт
2026-04-07 21:39:58,049 [DEBUG] TUN->SSH: 95 байт
2026-04-07 21:39:58,051 [DEBUG] TUN->SSH: 189 байт
2026-04-07 21:39:58,092 [DEBUG] SSH->TUN: 52 байт
2026-04-07 21:39:58,093 [DEBUG] SSH->TUN: 95 байт
2026-04-07 21:39:58,093 [DEBUG] TUN->SSH: 52 байт
2026-04-07 21:39:58,093 [DEBUG] TUN->SSH: 52 байт
2026-04-07 21:39:58,094 [DEBUG] TUN->SSH: 60 байт
2026-04-07 21:39:58,142 [DEBUG] TUN->SSH: 52 байт
2026-04-07 21:39:58,143 [DEBUG] SSH->TUN: 52 байт
2026-04-07 21:39:58,143 [DEBUG] SSH->TUN: 60 байт
2026-04-07 21:39:58,143 [DEBUG] TUN->SSH: 52 байт
2026-04-07 21:39:58,144 [DEBUG] TUN->SSH: 95 байт
2026-04-07 21:39:58,159 [DEBUG] SSH->TUN: 52 байт
2026-04-07 21:39:58,193 [DEBUG] SSH->TUN: 52 байт
2026-04-07 21:39:58,193 [DEBUG] SSH->TUN: 95 байт
2026-04-07 21:39:58,193 [DEBUG] TUN->SSH: 52 байт
2026-04-07 21:39:58,194 [DEBUG] TUN->SSH: 52 байт
2026-04-07 21:39:58,194 [DEBUG] TUN->SSH: 60 байт
2026-04-07 21:39:58,201 [DEBUG] TUN->SSH: 52 байт
2026-04-07 21:39:58,239 [DEBUG] TUN->SSH: 52 байт
2026-04-07 21:39:58,239 [DEBUG] SSH->TUN: 52 байт
2026-04-07 21:39:58,240 [DEBUG] SSH->TUN: 60 байт
2026-04-07 21:39:58,240 [DEBUG] TUN->SSH: 52 байт
2026-04-07 21:39:58,240 [DEBUG] TUN->SSH: 95 байт
2026-04-07 21:39:58,276 [DEBUG] SSH->TUN: 162 байт
2026-04-07 21:39:58,277 [DEBUG] TUN->SSH: 52 байт
2026-04-07 21:39:58,291 [DEBUG] SSH->TUN: 52 байт
2026-04-07 21:39:58,291 [DEBUG] SSH->TUN: 95 байт
2026-04-07 21:39:58,291 [DEBUG] TUN->SSH: 52 байт
2026-04-07 21:39:58,292 [DEBUG] TUN->SSH: 52 байт
2026-04-07 21:39:58,292 [DEBUG] TUN->SSH: 60 байт
2026-04-07 21:39:58,328 [DEBUG] TUN->SSH: 52 байт
2026-04-07 21:39:58,339 [DEBUG] SSH->TUN: 52 байт
2026-04-07 21:39:58,340 [DEBUG] TUN->SSH: 52 байт
2026-04-07 21:39:58,340 [DEBUG] SSH->TUN: 60 байт
2026-04-07 21:39:58,341 [DEBUG] TUN->SSH: 52 байт
2026-04-07 21:39:58,341 [DEBUG] TUN->SSH: 95 байт
2026-04-07 21:39:58,386 [DEBUG] SSH->TUN: 52 байт
2026-04-07 21:39:58,387 [DEBUG] SSH->TUN: 149 байт
2026-04-07 21:39:58,387 [DEBUG] TUN->SSH: 52 байт
2026-04-07 21:39:58,388 [DEBUG] TUN->SSH: 52 байт
2026-04-07 21:39:58,388 [DEBUG] TUN->SSH: 60 байт
2026-04-07 21:39:58,437 [DEBUG] SSH->TUN: 52 байт
2026-04-07 21:39:58,437 [DEBUG] TUN->SSH: 52 байт
2026-04-07 21:39:58,438 [DEBUG] SSH->TUN: 60 байт
2026-04-07 21:39:58,438 [DEBUG] TUN->SSH: 52 байт
2026-04-07 21:39:58,439 [DEBUG] TUN->SSH: 144 байт
2026-04-07 21:39:58,484 [DEBUG] SSH->TUN: 52 байт
2026-04-07 21:39:58,485 [DEBUG] SSH->TUN: 144 байт
2026-04-07 21:39:58,485 [DEBUG] TUN->SSH: 52 байт
2026-04-07 21:39:58,486 [DEBUG] TUN->SSH: 52 байт
2026-04-07 21:39:58,532 [DEBUG] TUN->SSH: 52 байт
2026-04-07 21:39:58,532 [DEBUG] SSH->TUN: 52 байт
2026-04-07 21:39:58,809 [DEBUG] SSH->TUN: 196 байт
2026-04-07 21:39:58,810 [DEBUG] TUN->SSH: 52 байт
2026-04-07 21:39:58,845 [DEBUG] TUN->SSH: 64 байт
2026-04-07 21:39:59,052 [DEBUG] TUN->SSH: 60 байт
2026-04-07 21:39:59,098 [DEBUG] SSH->TUN: 60 байт
2026-04-07 21:39:59,099 [DEBUG] TUN->SSH: 52 байт
2026-04-07 21:39:59,099 [DEBUG] TUN->SSH: 87 байт
2026-04-07 21:39:59,122 [DEBUG] SSH->TUN: 183 байт
2026-04-07 21:39:59,123 [DEBUG] TUN->SSH: 52 байт
2026-04-07 21:39:59,143 [DEBUG] SSH->TUN: 52 байт
2026-04-07 21:39:59,144 [DEBUG] SSH->TUN: 103 байт
2026-04-07 21:39:59,144 [DEBUG] TUN->SSH: 52 байт
2026-04-07 21:39:59,145 [DEBUG] TUN->SSH: 52 байт
2026-04-07 21:39:59,147 [DEBUG] TUN->SSH: 60 байт
2026-04-07 21:39:59,189 [DEBUG] SSH->TUN: 52 байт
2026-04-07 21:39:59,189 [DEBUG] TUN->SSH: 52 байт
2026-04-07 21:39:59,190 [DEBUG] SSH->TUN: 60 байт
2026-04-07 21:39:59,190 [DEBUG] TUN->SSH: 52 байт
2026-04-07 21:39:59,190 [DEBUG] TUN->SSH: 122 байт
2026-04-07 21:39:59,234 [DEBUG] SSH->TUN: 52 байт
2026-04-07 21:39:59,235 [DEBUG] SSH->TUN: 115 байт
2026-04-07 21:39:59,235 [DEBUG] TUN->SSH: 52 байт
2026-04-07 21:39:59,235 [DEBUG] SSH->TUN: 103 байт
2026-04-07 21:39:59,236 [DEBUG] TUN->SSH: 52 байт
2026-04-07 21:39:59,236 [DEBUG] TUN->SSH: 52 байт
2026-04-07 21:39:59,236 [DEBUG] TUN->SSH: 1278 байт
2026-04-07 21:39:59,237 [DEBUG] TUN->SSH: 1278 байт
2026-04-07 21:39:59,237 [DEBUG] TUN->SSH: 107 байт
2026-04-07 21:39:59,237 [DEBUG] TUN->SSH: 707 байт
2026-04-07 21:39:59,281 [DEBUG] SSH->TUN: 52 байт
2026-04-07 21:39:59,282 [DEBUG] TUN->SSH: 52 байт
2026-04-07 21:39:59,302 [DEBUG] SSH->TUN: 68 байт
2026-04-07 21:39:59,303 [DEBUG] SSH->TUN: 1278 байт
2026-04-07 21:39:59,303 [DEBUG] SSH->TUN: 1278 байт
2026-04-07 21:39:59,304 [DEBUG] TUN->SSH: 1278 байт
2026-04-07 21:39:59,322 [DEBUG] SSH->TUN: 1278 байт
2026-04-07 21:39:59,323 [DEBUG] SSH->TUN: 1278 байт
2026-04-07 21:39:59,323 [DEBUG] TUN->SSH: 67 байт
2026-04-07 21:39:59,329 [DEBUG] SSH->TUN: 1249 байт
2026-04-07 21:39:59,330 [DEBUG] TUN->SSH: 834 байт
2026-04-07 21:39:59,373 [DEBUG] SSH->TUN: 1278 байт
2026-04-07 21:39:59,398 [DEBUG] SSH->TUN: 972 байт
2026-04-07 21:39:59,398 [DEBUG] TUN->SSH: 62 байт
2026-04-07 21:39:59,398 [DEBUG] SSH->TUN: 149 байт
2026-04-07 21:39:59,399 [DEBUG] TUN->SSH: 61 байт
2026-04-07 21:39:59,410 [DEBUG] SSH->TUN: 571 байт
2026-04-07 21:39:59,411 [DEBUG] TUN->SSH: 63 байт
2026-04-07 21:39:59,411 [DEBUG] SSH->TUN: 50 байт
2026-04-07 21:39:59,411 [DEBUG] TUN->SSH: 59 байт
2026-04-07 21:39:59,431 [DEBUG] SSH->TUN: 185 байт
2026-04-07 21:39:59,431 [DEBUG] TUN->SSH: 52 байт
2026-04-07 21:39:59,435 [DEBUG] SSH->TUN: 131 байт
2026-04-07 21:39:59,435 [DEBUG] TUN->SSH: 52 байт
2026-04-07 21:39:59,461 [DEBUG] SSH->TUN: 283 байт
2026-04-07 21:39:59,462 [DEBUG] TUN->SSH: 52 байт
2026-04-07 21:39:59,524 [DEBUG] SSH->TUN: 108 байт
2026-04-07 21:39:59,524 [DEBUG] TUN->SSH: 52 байт
2026-04-07 21:39:59,525 [DEBUG] SSH->TUN: 84 байт
2026-04-07 21:39:59,525 [DEBUG] TUN->SSH: 52 байт
2026-04-07 21:39:59,525 [DEBUG] SSH->TUN: 83 байт
2026-04-07 21:39:59,526 [DEBUG] TUN->SSH: 52 байт
2026-04-07 21:39:59,526 [DEBUG] SSH->TUN: 52 байт
2026-04-07 21:39:59,865 [DEBUG] TUN->SSH: 60 байт
2026-04-07 21:39:59,916 [DEBUG] SSH->TUN: 60 байт
2026-04-07 21:39:59,917 [DEBUG] TUN->SSH: 52 байт
2026-04-07 21:39:59,917 [DEBUG] TUN->SSH: 136 байт
2026-04-07 21:39:59,963 [DEBUG] SSH->TUN: 52 байт
2026-04-07 21:39:59,963 [DEBUG] SSH->TUN: 126 байт
2026-04-07 21:39:59,964 [DEBUG] TUN->SSH: 52 байт
2026-04-07 21:39:59,964 [DEBUG] SSH->TUN: 150 байт
2026-04-07 21:39:59,964 [DEBUG] TUN->SSH: 52 байт
2026-04-07 21:39:59,965 [DEBUG] TUN->SSH: 52 байт
2026-04-07 21:40:00,013 [DEBUG] SSH->TUN: 52 байт
2026-04-07 21:40:00,014 [DEBUG] TUN->SSH: 52 байт
2026-04-07 21:40:00,376 [DEBUG] TUN->SSH: 60 байт
2026-04-07 21:40:00,377 [DEBUG] TUN->SSH: 52 байт
2026-04-07 21:40:00,422 [DEBUG] SSH->TUN: 60 байт
2026-04-07 21:40:00,423 [DEBUG] TUN->SSH: 52 байт
2026-04-07 21:40:00,423 [DEBUG] TUN->SSH: 114 байт
2026-04-07 21:40:00,468 [DEBUG] SSH->TUN: 52 байт
2026-04-07 21:40:00,469 [DEBUG] SSH->TUN: 144 байт
2026-04-07 21:40:00,469 [DEBUG] TUN->SSH: 52 байт
2026-04-07 21:40:00,469 [DEBUG] SSH->TUN: 99 байт
2026-04-07 21:40:00,470 [DEBUG] TUN->SSH: 52 байт
2026-04-07 21:40:00,470 [DEBUG] TUN->SSH: 52 байт
2026-04-07 21:40:00,520 [DEBUG] SSH->TUN: 52 байт
2026-04-07 21:40:00,521 [DEBUG] TUN->SSH: 52 байт
2026-04-07 21:40:01,400 [DEBUG] TUN->SSH: 126 байт
2026-04-07 21:40:01,401 [DEBUG] TUN->SSH: 349 байт
2026-04-07 21:40:01,496 [DEBUG] TUN->SSH: 1280 байт
2026-04-07 21:40:01,496 [DEBUG] TUN->SSH: 1280 байт
2026-04-07 21:40:01,497 [DEBUG] TUN->SSH: 883 байт
2026-04-07 21:40:01,513 [DEBUG] SSH->TUN: 52 байт
2026-04-07 21:40:01,543 [DEBUG] SSH->TUN: 52 байт
2026-04-07 21:40:01,543 [DEBUG] SSH->TUN: 52 байт
2026-04-07 21:40:01,543 [DEBUG] SSH->TUN: 52 байт
2026-04-07 21:40:01,545 [DEBUG] TUN->SSH: 64 байт
2026-04-07 21:40:01,990 [DEBUG] SSH->TUN: 169 байт
2026-04-07 21:40:01,990 [DEBUG] TUN->SSH: 52 байт
2026-04-07 21:40:01,991 [DEBUG] SSH->TUN: 105 байт
2026-04-07 21:40:01,991 [DEBUG] TUN->SSH: 52 байт
2026-04-07 21:40:01,992 [DEBUG] SSH->TUN: 83 байт
2026-04-07 21:40:01,992 [DEBUG] TUN->SSH: 52 байт
2026-04-07 21:40:01,996 [DEBUG] TUN->SSH: 87 байт
2026-04-07 21:40:02,048 [DEBUG] SSH->TUN: 52 байт
2026-04-07 21:40:02,232 [DEBUG] TUN->SSH: 52 байт
2026-04-07 21:40:02,424 [DEBUG] TUN->SSH: 52 байт
2026-04-07 21:40:03,054 [DEBUG] TUN->SSH: 60 байт
2026-04-07 21:40:03,112 [DEBUG] SSH->TUN: 60 байт
2026-04-07 21:40:03,113 [DEBUG] TUN->SSH: 52 байт
2026-04-07 21:40:03,113 [DEBUG] TUN->SSH: 114 байт
2026-04-07 21:40:03,135 [DEBUG] TUN->SSH: 1280 байт
2026-04-07 21:40:03,135 [DEBUG] TUN->SSH: 1280 байт
2026-04-07 21:40:03,136 [DEBUG] TUN->SSH: 853 байт
2026-04-07 21:40:03,159 [DEBUG] SSH->TUN: 52 байт
2026-04-07 21:40:03,160 [DEBUG] SSH->TUN: 144 байт
2026-04-07 21:40:03,160 [DEBUG] TUN->SSH: 52 байт
2026-04-07 21:40:03,161 [DEBUG] SSH->TUN: 99 байт
2026-04-07 21:40:03,161 [DEBUG] TUN->SSH: 52 байт
2026-04-07 21:40:03,161 [DEBUG] TUN->SSH: 52 байт
2026-04-07 21:40:03,162 [DEBUG] TUN->SSH: 60 байт
2026-04-07 21:40:03,177 [DEBUG] SSH->TUN: 52 байт
2026-04-07 21:40:03,182 [DEBUG] SSH->TUN: 52 байт
2026-04-07 21:40:03,204 [DEBUG] SSH->TUN: 52 байт
2026-04-07 21:40:03,211 [DEBUG] SSH->TUN: 52 байт
2026-04-07 21:40:03,211 [DEBUG] TUN->SSH: 52 байт
2026-04-07 21:40:03,224 [DEBUG] SSH->TUN: 60 байт
2026-04-07 21:40:03,224 [DEBUG] TUN->SSH: 52 байт
2026-04-07 21:40:03,225 [DEBUG] TUN->SSH: 1280 байт
2026-04-07 21:40:03,225 [DEBUG] TUN->SSH: 609 байт
2026-04-07 21:40:03,287 [DEBUG] SSH->TUN: 52 байт
2026-04-07 21:40:03,288 [DEBUG] SSH->TUN: 1280 байт
2026-04-07 21:40:03,288 [DEBUG] TUN->SSH: 52 байт
2026-04-07 21:40:03,288 [DEBUG] SSH->TUN: 1280 байт
2026-04-07 21:40:03,289 [DEBUG] TUN->SSH: 52 байт
2026-04-07 21:40:03,289 [DEBUG] SSH->TUN: 723 байт
2026-04-07 21:40:03,289 [DEBUG] TUN->SSH: 52 байт
2026-04-07 21:40:03,290 [DEBUG] TUN->SSH: 116 байт
2026-04-07 21:40:03,290 [DEBUG] TUN->SSH: 144 байт
2026-04-07 21:40:03,290 [DEBUG] TUN->SSH: 652 байт
2026-04-07 21:40:03,347 [DEBUG] SSH->TUN: 331 байт
2026-04-07 21:40:03,347 [DEBUG] SSH->TUN: 331 байт
2026-04-07 21:40:03,347 [DEBUG] TUN->SSH: 52 байт
2026-04-07 21:40:03,348 [DEBUG] SSH->TUN: 145 байт
2026-04-07 21:40:03,348 [DEBUG] TUN->SSH: 83 байт
2026-04-07 21:40:03,351 [DEBUG] SSH->TUN: 87 байт
2026-04-07 21:40:03,381 [DEBUG] SSH->TUN: 1280 байт
2026-04-07 21:40:03,382 [DEBUG] TUN->SSH: 52 байт
2026-04-07 21:40:03,382 [DEBUG] SSH->TUN: 273 байт
2026-04-07 21:40:03,429 [DEBUG] TUN->SSH: 52 байт
2026-04-07 21:40:03,443 [DEBUG] SSH->TUN: 52 байт
2026-04-07 21:40:03,452 [DEBUG] TUN->SSH: 64 байт
2026-04-07 21:40:03,825 [DEBUG] SSH->TUN: 880 байт
2026-04-07 21:40:04,051 [DEBUG] TUN->SSH: 157 байт
2026-04-07 21:40:04,051 [DEBUG] TUN->SSH: 237 байт
2026-04-07 21:40:04,052 [DEBUG] TUN->SSH: 221 байт
2026-04-07 21:40:04,160 [DEBUG] SSH->TUN: 52 байт
2026-04-07 21:40:04,162 [DEBUG] SSH->TUN: 52 байт
2026-04-07 21:40:04,163 [DEBUG] SSH->TUN: 52 байт
2026-04-07 21:40:04,337 [DEBUG] TUN->SSH: 52 байт
2026-04-07 21:40:04,472 [DEBUG] TUN->SSH: 52 байт
2026-04-07 21:40:04,760 [DEBUG] TUN->SSH: 1280 байт
2026-04-07 21:40:04,761 [DEBUG] TUN->SSH: 1280 байт
2026-04-07 21:40:04,761 [DEBUG] TUN->SSH: 883 байт
2026-04-07 21:40:04,763 [DEBUG] TUN->SSH: 1280 байт
2026-04-07 21:40:04,764 [DEBUG] TUN->SSH: 1280 байт
2026-04-07 21:40:04,764 [DEBUG] TUN->SSH: 873 байт
2026-04-07 21:40:04,765 [DEBUG] TUN->SSH: 1280 байт
2026-04-07 21:40:04,765 [DEBUG] TUN->SSH: 1280 байт
2026-04-07 21:40:04,765 [DEBUG] TUN->SSH: 632 байт
2026-04-07 21:40:04,770 [DEBUG] SSH->TUN: 179 байт
2026-04-07 21:40:04,771 [DEBUG] SSH->TUN: 1280 байт
2026-04-07 21:40:04,771 [DEBUG] TUN->SSH: 52 байт
2026-04-07 21:40:04,771 [DEBUG] SSH->TUN: 215 байт
2026-04-07 21:40:04,772 [DEBUG] SSH->TUN: 1280 байт
2026-04-07 21:40:04,772 [DEBUG] SSH->TUN: 215 байт
2026-04-07 21:40:04,772 [DEBUG] TUN->SSH: 52 байт
2026-04-07 21:40:04,815 [DEBUG] SSH->TUN: 1280 байт
2026-04-07 21:40:04,816 [DEBUG] SSH->TUN: 1280 байт
2026-04-07 21:40:04,816 [DEBUG] TUN->SSH: 52 байт
2026-04-07 21:40:04,816 [DEBUG] SSH->TUN: 1280 байт
2026-04-07 21:40:04,817 [DEBUG] SSH->TUN: 1280 байт
2026-04-07 21:40:04,817 [DEBUG] TUN->SSH: 52 байт
2026-04-07 21:40:04,817 [DEBUG] SSH->TUN: 1280 байт
2026-04-07 21:40:04,817 [DEBUG] SSH->TUN: 1280 байт
2026-04-07 21:40:04,818 [DEBUG] TUN->SSH: 52 байт
2026-04-07 21:40:04,818 [DEBUG] SSH->TUN: 1280 байт
2026-04-07 21:40:04,818 [DEBUG] SSH->TUN: 1280 байт
2026-04-07 21:40:04,818 [DEBUG] TUN->SSH: 52 байт
2026-04-07 21:40:04,819 [DEBUG] SSH->TUN: 1280 байт
2026-04-07 21:40:04,819 [DEBUG] SSH->TUN: 1280 байт
2026-04-07 21:40:04,819 [DEBUG] TUN->SSH: 52 байт
2026-04-07 21:40:04,820 [DEBUG] SSH->TUN: 1280 байт
2026-04-07 21:40:04,820 [DEBUG] SSH->TUN: 1280 байт
2026-04-07 21:40:04,820 [DEBUG] TUN->SSH: 52 байт
2026-04-07 21:40:04,820 [DEBUG] SSH->TUN: 1280 байт
2026-04-07 21:40:04,820 [DEBUG] SSH->TUN: 1280 байт
2026-04-07 21:40:04,821 [DEBUG] TUN->SSH: 52 байт
2026-04-07 21:40:04,823 [DEBUG] SSH->TUN: 1280 байт
2026-04-07 21:40:04,823 [DEBUG] SSH->TUN: 1280 байт
2026-04-07 21:40:04,823 [DEBUG] TUN->SSH: 52 байт
2026-04-07 21:40:04,823 [DEBUG] SSH->TUN: 1280 байт
2026-04-07 21:40:04,824 [DEBUG] SSH->TUN: 1280 байт
2026-04-07 21:40:04,824 [DEBUG] TUN->SSH: 52 байт
2026-04-07 21:40:04,824 [DEBUG] SSH->TUN: 1280 байт
2026-04-07 21:40:04,824 [DEBUG] SSH->TUN: 1280 байт
2026-04-07 21:40:04,824 [DEBUG] TUN->SSH: 52 байт
2026-04-07 21:40:04,825 [DEBUG] SSH->TUN: 1280 байт
2026-04-07 21:40:04,858 [DEBUG] SSH->TUN: 1280 байт
2026-04-07 21:40:04,858 [DEBUG] TUN->SSH: 52 байт
2026-04-07 21:40:04,859 [DEBUG] SSH->TUN: 1280 байт
2026-04-07 21:40:04,859 [DEBUG] SSH->TUN: 1280 байт
2026-04-07 21:40:04,859 [DEBUG] TUN->SSH: 52 байт
2026-04-07 21:40:04,859 [DEBUG] SSH->TUN: 1280 байт
2026-04-07 21:40:04,860 [DEBUG] SSH->TUN: 1280 байт
2026-04-07 21:40:04,860 [DEBUG] TUN->SSH: 52 байт
2026-04-07 21:40:04,860 [DEBUG] SSH->TUN: 1280 байт
2026-04-07 21:40:04,860 [DEBUG] SSH->TUN: 1280 байт
2026-04-07 21:40:04,860 [DEBUG] TUN->SSH: 52 байт
2026-04-07 21:40:04,861 [DEBUG] SSH->TUN: 1280 байт
2026-04-07 21:40:04,861 [DEBUG] SSH->TUN: 1280 байт
2026-04-07 21:40:04,861 [DEBUG] TUN->SSH: 52 байт
2026-04-07 21:40:04,861 [DEBUG] SSH->TUN: 1280 байт
2026-04-07 21:40:04,866 [DEBUG] SSH->TUN: 1280 байт
2026-04-07 21:40:04,867 [DEBUG] TUN->SSH: 52 байт
2026-04-07 21:40:04,867 [DEBUG] SSH->TUN: 1280 байт
2026-04-07 21:40:04,867 [DEBUG] SSH->TUN: 1280 байт
2026-04-07 21:40:04,867 [DEBUG] TUN->SSH: 52 байт
2026-04-07 21:40:04,868 [DEBUG] SSH->TUN: 1280 байт
2026-04-07 21:40:04,868 [DEBUG] SSH->TUN: 1280 байт
2026-04-07 21:40:04,868 [DEBUG] TUN->SSH: 52 байт
2026-04-07 21:40:04,868 [DEBUG] SSH->TUN: 1280 байт
2026-04-07 21:40:04,869 [DEBUG] SSH->TUN: 1280 байт
2026-04-07 21:40:04,869 [DEBUG] TUN->SSH: 52 байт
2026-04-07 21:40:04,869 [DEBUG] SSH->TUN: 1280 байт
2026-04-07 21:40:04,869 [DEBUG] SSH->TUN: 1280 байт
2026-04-07 21:40:04,870 [DEBUG] TUN->SSH: 52 байт
2026-04-07 21:40:04,870 [DEBUG] SSH->TUN: 1280 байт
2026-04-07 21:40:04,870 [DEBUG] SSH->TUN: 1280 байт
2026-04-07 21:40:04,870 [DEBUG] TUN->SSH: 52 байт
2026-04-07 21:40:04,870 [DEBUG] SSH->TUN: 1280 байт
2026-04-07 21:40:04,870 [DEBUG] SSH->TUN: 1280 байт
2026-04-07 21:40:04,871 [DEBUG] TUN->SSH: 52 байт
2026-04-07 21:40:04,871 [DEBUG] SSH->TUN: 1280 байт
2026-04-07 21:40:04,871 [DEBUG] SSH->TUN: 1280 байт
2026-04-07 21:40:04,871 [DEBUG] TUN->SSH: 52 байт
2026-04-07 21:40:04,871 [DEBUG] SSH->TUN: 1280 байт
2026-04-07 21:40:04,872 [DEBUG] SSH->TUN: 1280 байт
2026-04-07 21:40:04,872 [DEBUG] TUN->SSH: 52 байт
2026-04-07 21:40:04,872 [DEBUG] SSH->TUN: 1280 байт
2026-04-07 21:40:04,872 [DEBUG] SSH->TUN: 1280 байт
2026-04-07 21:40:04,872 [DEBUG] TUN->SSH: 52 байт
2026-04-07 21:40:04,873 [DEBUG] SSH->TUN: 1280 байт
2026-04-07 21:40:04,873 [DEBUG] SSH->TUN: 1280 байт
2026-04-07 21:40:04,873 [DEBUG] TUN->SSH: 52 байт
2026-04-07 21:40:04,889 [DEBUG] TUN->SSH: 632 байт
2026-04-07 21:40:04,904 [DEBUG] SSH->TUN: 1280 байт
2026-04-07 21:40:04,904 [DEBUG] SSH->TUN: 52 байт
2026-04-07 21:40:04,905 [DEBUG] SSH->TUN: 52 байт
2026-04-07 21:40:04,905 [DEBUG] SSH->TUN: 52 байт
2026-04-07 21:40:04,905 [DEBUG] SSH->TUN: 52 байт
2026-04-07 21:40:04,905 [DEBUG] SSH->TUN: 52 байт
2026-04-07 21:40:04,906 [DEBUG] SSH->TUN: 52 байт
2026-04-07 21:40:04,906 [DEBUG] SSH->TUN: 52 байт
2026-04-07 21:40:04,906 [DEBUG] SSH->TUN: 52 байт
2026-04-07 21:40:04,906 [DEBUG] SSH->TUN: 52 байт
2026-04-07 21:40:04,906 [DEBUG] SSH->TUN: 1280 байт
2026-04-07 21:40:04,907 [DEBUG] TUN->SSH: 52 байт
2026-04-07 21:40:04,907 [DEBUG] SSH->TUN: 1280 байт
2026-04-07 21:40:04,908 [DEBUG] SSH->TUN: 1280 байт
2026-04-07 21:40:04,909 [DEBUG] TUN->SSH: 52 байт
2026-04-07 21:40:04,909 [DEBUG] SSH->TUN: 1280 байт
2026-04-07 21:40:04,909 [DEBUG] SSH->TUN: 1280 байт
2026-04-07 21:40:04,910 [DEBUG] TUN->SSH: 52 байт
2026-04-07 21:40:04,910 [DEBUG] SSH->TUN: 1280 байт
2026-04-07 21:40:04,910 [DEBUG] SSH->TUN: 1280 байт
2026-04-07 21:40:04,910 [DEBUG] TUN->SSH: 52 байт
2026-04-07 21:40:04,911 [DEBUG] SSH->TUN: 1280 байт
2026-04-07 21:40:04,912 [DEBUG] SSH->TUN: 1280 байт
2026-04-07 21:40:04,912 [DEBUG] TUN->SSH: 52 байт
2026-04-07 21:40:04,912 [DEBUG] SSH->TUN: 1280 байт
2026-04-07 21:40:04,912 [DEBUG] SSH->TUN: 1280 байт
2026-04-07 21:40:04,913 [DEBUG] TUN->SSH: 52 байт
2026-04-07 21:40:04,913 [DEBUG] SSH->TUN: 532 байт
2026-04-07 21:40:04,913 [DEBUG] SSH->TUN: 1280 байт
2026-04-07 21:40:04,913 [DEBUG] TUN->SSH: 52 байт
2026-04-07 21:40:04,913 [DEBUG] SSH->TUN: 1280 байт
2026-04-07 21:40:04,913 [DEBUG] SSH->TUN: 1280 байт
2026-04-07 21:40:04,914 [DEBUG] TUN->SSH: 52 байт
2026-04-07 21:40:04,914 [DEBUG] SSH->TUN: 1280 байт
2026-04-07 21:40:04,914 [DEBUG] SSH->TUN: 1280 байт
2026-04-07 21:40:04,914 [DEBUG] TUN->SSH: 52 байт
2026-04-07 21:40:04,914 [DEBUG] SSH->TUN: 1280 байт
2026-04-07 21:40:04,915 [DEBUG] SSH->TUN: 1280 байт
2026-04-07 21:40:04,915 [DEBUG] TUN->SSH: 52 байт
2026-04-07 21:40:04,915 [DEBUG] SSH->TUN: 1280 байт
2026-04-07 21:40:04,915 [DEBUG] SSH->TUN: 1280 байт
2026-04-07 21:40:04,915 [DEBUG] TUN->SSH: 52 байт
2026-04-07 21:40:04,916 [DEBUG] SSH->TUN: 1280 байт
2026-04-07 21:40:04,916 [DEBUG] SSH->TUN: 1280 байт
2026-04-07 21:40:04,916 [DEBUG] TUN->SSH: 52 байт
2026-04-07 21:40:04,916 [DEBUG] SSH->TUN: 1280 байт
2026-04-07 21:40:04,916 [DEBUG] SSH->TUN: 1280 байт
2026-04-07 21:40:04,917 [DEBUG] TUN->SSH: 52 байт
2026-04-07 21:40:04,917 [DEBUG] SSH->TUN: 512 байт
2026-04-07 21:40:04,917 [DEBUG] SSH->TUN: 1280 байт
2026-04-07 21:40:04,917 [DEBUG] TUN->SSH: 52 байт
2026-04-07 21:40:04,917 [DEBUG] SSH->TUN: 1280 байт
2026-04-07 21:40:04,918 [DEBUG] SSH->TUN: 1280 байт
2026-04-07 21:40:04,918 [DEBUG] TUN->SSH: 52 байт
2026-04-07 21:40:04,918 [DEBUG] SSH->TUN: 1280 байт
2026-04-07 21:40:04,949 [DEBUG] SSH->TUN: 1280 байт
2026-04-07 21:40:04,949 [DEBUG] TUN->SSH: 52 байт
2026-04-07 21:40:04,949 [DEBUG] SSH->TUN: 1280 байт
2026-04-07 21:40:04,949 [DEBUG] SSH->TUN: 1280 байт
2026-04-07 21:40:04,950 [DEBUG] TUN->SSH: 52 байт
2026-04-07 21:40:04,950 [DEBUG] SSH->TUN: 1280 байт
2026-04-07 21:40:04,950 [DEBUG] SSH->TUN: 1280 байт
2026-04-07 21:40:04,951 [DEBUG] TUN->SSH: 52 байт
2026-04-07 21:40:04,951 [DEBUG] SSH->TUN: 1280 байт
2026-04-07 21:40:04,951 [DEBUG] SSH->TUN: 1280 байт
2026-04-07 21:40:04,952 [DEBUG] TUN->SSH: 52 байт
2026-04-07 21:40:04,952 [DEBUG] SSH->TUN: 1280 байт
2026-04-07 21:40:04,952 [DEBUG] SSH->TUN: 1280 байт
2026-04-07 21:40:04,952 [DEBUG] TUN->SSH: 52 байт
2026-04-07 21:40:04,955 [DEBUG] SSH->TUN: 1280 байт
2026-04-07 21:40:04,955 [DEBUG] SSH->TUN: 1280 байт
2026-04-07 21:40:04,955 [DEBUG] TUN->SSH: 52 байт
2026-04-07 21:40:04,956 [DEBUG] SSH->TUN: 1280 байт
2026-04-07 21:40:04,956 [DEBUG] SSH->TUN: 1280 байт
2026-04-07 21:40:04,956 [DEBUG] TUN->SSH: 52 байт
2026-04-07 21:40:04,956 [DEBUG] SSH->TUN: 1280 байт
2026-04-07 21:40:04,957 [DEBUG] SSH->TUN: 1280 байт
2026-04-07 21:40:04,957 [DEBUG] TUN->SSH: 52 байт
2026-04-07 21:40:04,957 [DEBUG] SSH->TUN: 1280 байт
2026-04-07 21:40:04,957 [DEBUG] SSH->TUN: 1280 байт
2026-04-07 21:40:04,958 [DEBUG] TUN->SSH: 52 байт
2026-04-07 21:40:04,958 [DEBUG] SSH->TUN: 1280 байт
2026-04-07 21:40:04,958 [DEBUG] SSH->TUN: 1280 байт
2026-04-07 21:40:04,958 [DEBUG] TUN->SSH: 52 байт
2026-04-07 21:40:04,958 [DEBUG] SSH->TUN: 1280 байт
2026-04-07 21:40:04,958 [DEBUG] SSH->TUN: 1280 байт
2026-04-07 21:40:04,959 [DEBUG] TUN->SSH: 52 байт
2026-04-07 21:40:04,959 [DEBUG] SSH->TUN: 1280 байт
2026-04-07 21:40:04,959 [DEBUG] SSH->TUN: 1280 байт
2026-04-07 21:40:04,959 [DEBUG] TUN->SSH: 52 байт
2026-04-07 21:40:04,959 [DEBUG] SSH->TUN: 1280 байт
2026-04-07 21:40:04,960 [DEBUG] SSH->TUN: 1280 байт
2026-04-07 21:40:04,960 [DEBUG] TUN->SSH: 52 байт
2026-04-07 21:40:04,960 [DEBUG] SSH->TUN: 1280 байт
2026-04-07 21:40:04,960 [DEBUG] SSH->TUN: 1280 байт
2026-04-07 21:40:04,960 [DEBUG] TUN->SSH: 52 байт
2026-04-07 21:40:04,961 [DEBUG] SSH->TUN: 64 байт
2026-04-07 21:40:04,961 [DEBUG] SSH->TUN: 1280 байт
2026-04-07 21:40:04,961 [DEBUG] SSH->TUN: 1280 байт
2026-04-07 21:40:04,961 [DEBUG] TUN->SSH: 52 байт
2026-04-07 21:40:04,961 [DEBUG] SSH->TUN: 1280 байт
2026-04-07 21:40:04,962 [DEBUG] SSH->TUN: 1280 байт
2026-04-07 21:40:04,962 [DEBUG] TUN->SSH: 52 байт
2026-04-07 21:40:04,996 [DEBUG] SSH->TUN: 1280 байт
2026-04-07 21:40:04,997 [DEBUG] SSH->TUN: 1280 байт
2026-04-07 21:40:04,997 [DEBUG] TUN->SSH: 52 байт
2026-04-07 21:40:04,997 [DEBUG] SSH->TUN: 1280 байт
2026-04-07 21:40:04,998 [DEBUG] SSH->TUN: 1280 байт
2026-04-07 21:40:04,998 [DEBUG] TUN->SSH: 52 байт
2026-04-07 21:40:04,999 [DEBUG] SSH->TUN: 1280 байт
2026-04-07 21:40:05,000 [DEBUG] SSH->TUN: 1280 байт
2026-04-07 21:40:05,000 [DEBUG] TUN->SSH: 52 байт
2026-04-07 21:40:05,000 [DEBUG] SSH->TUN: 1280 байт
2026-04-07 21:40:05,000 [DEBUG] SSH->TUN: 1280 байт
2026-04-07 21:40:05,001 [DEBUG] TUN->SSH: 52 байт
2026-04-07 21:40:05,001 [DEBUG] SSH->TUN: 1280 байт
2026-04-07 21:40:05,001 [DEBUG] SSH->TUN: 1280 байт
2026-04-07 21:40:05,001 [DEBUG] TUN->SSH: 52 байт
2026-04-07 21:40:05,001 [DEBUG] SSH->TUN: 1280 байт
2026-04-07 21:40:05,002 [DEBUG] TUN->SSH: 52 байт
2026-04-07 21:40:05,003 [DEBUG] SSH->TUN: 1280 байт
2026-04-07 21:40:05,003 [DEBUG] SSH->TUN: 1280 байт
2026-04-07 21:40:05,003 [DEBUG] SSH->TUN: 1280 байт
2026-04-07 21:40:05,003 [DEBUG] TUN->SSH: 52 байт
2026-04-07 21:40:05,003 [DEBUG] SSH->TUN: 1280 байт
2026-04-07 21:40:05,004 [DEBUG] SSH->TUN: 1280 байт
2026-04-07 21:40:05,004 [DEBUG] TUN->SSH: 52 байт
2026-04-07 21:40:05,004 [DEBUG] SSH->TUN: 1280 байт
2026-04-07 21:40:05,004 [DEBUG] SSH->TUN: 1280 байт
2026-04-07 21:40:05,004 [DEBUG] TUN->SSH: 52 байт
2026-04-07 21:40:05,005 [DEBUG] SSH->TUN: 1280 байт
2026-04-07 21:40:05,005 [DEBUG] SSH->TUN: 1280 байт
2026-04-07 21:40:05,005 [DEBUG] TUN->SSH: 52 байт
2026-04-07 21:40:05,005 [DEBUG] SSH->TUN: 1280 байт
2026-04-07 21:40:05,005 [DEBUG] SSH->TUN: 1280 байт
2026-04-07 21:40:05,006 [DEBUG] TUN->SSH: 52 байт
2026-04-07 21:40:05,006 [DEBUG] SSH->TUN: 1280 байт
2026-04-07 21:40:05,006 [DEBUG] SSH->TUN: 1280 байт
2026-04-07 21:40:05,006 [DEBUG] TUN->SSH: 52 байт
2026-04-07 21:40:05,006 [DEBUG] SSH->TUN: 1280 байт
2026-04-07 21:40:05,006 [DEBUG] SSH->TUN: 1280 байт
2026-04-07 21:40:05,007 [DEBUG] TUN->SSH: 52 байт
2026-04-07 21:40:05,007 [DEBUG] SSH->TUN: 1280 байт
2026-04-07 21:40:05,007 [DEBUG] SSH->TUN: 1280 байт
2026-04-07 21:40:05,007 [DEBUG] TUN->SSH: 52 байт
2026-04-07 21:40:05,007 [DEBUG] SSH->TUN: 1280 байт
2026-04-07 21:40:05,007 [DEBUG] SSH->TUN: 1280 байт
2026-04-07 21:40:05,008 [DEBUG] TUN->SSH: 52 байт
2026-04-07 21:40:05,008 [DEBUG] SSH->TUN: 1280 байт
2026-04-07 21:40:05,038 [DEBUG] SSH->TUN: 1280 байт
2026-04-07 21:40:05,038 [DEBUG] TUN->SSH: 52 байт
2026-04-07 21:40:05,039 [DEBUG] SSH->TUN: 1280 байт
2026-04-07 21:40:05,039 [DEBUG] SSH->TUN: 1280 байт
2026-04-07 21:40:05,040 [DEBUG] TUN->SSH: 52 байт
2026-04-07 21:40:05,040 [DEBUG] SSH->TUN: 1280 байт
2026-04-07 21:40:05,040 [DEBUG] SSH->TUN: 1280 байт
2026-04-07 21:40:05,041 [DEBUG] TUN->SSH: 52 байт
2026-04-07 21:40:05,041 [DEBUG] SSH->TUN: 1280 байт
2026-04-07 21:40:05,041 [DEBUG] SSH->TUN: 1280 байт
2026-04-07 21:40:05,041 [DEBUG] TUN->SSH: 52 байт
2026-04-07 21:40:05,042 [DEBUG] SSH->TUN: 1280 байт
2026-04-07 21:40:05,042 [DEBUG] SSH->TUN: 1280 байт
2026-04-07 21:40:05,042 [DEBUG] TUN->SSH: 52 байт
2026-04-07 21:40:05,042 [DEBUG] SSH->TUN: 1280 байт
2026-04-07 21:40:05,043 [DEBUG] SSH->TUN: 1280 байт
2026-04-07 21:40:05,043 [DEBUG] TUN->SSH: 52 байт
2026-04-07 21:40:05,043 [DEBUG] SSH->TUN: 1280 байт
2026-04-07 21:40:05,043 [DEBUG] SSH->TUN: 1280 байт
2026-04-07 21:40:05,043 [DEBUG] TUN->SSH: 52 байт
2026-04-07 21:40:05,043 [DEBUG] SSH->TUN: 1280 байт
2026-04-07 21:40:05,085 [DEBUG] TUN->SSH: 52 байт
2026-04-07 21:40:05,120 [DEBUG] SSH->TUN: 1280 байт
2026-04-07 21:40:05,120 [DEBUG] TUN->SSH: 52 байт
2026-04-07 21:40:05,120 [DEBUG] SSH->TUN: 1280 байт
2026-04-07 21:40:05,121 [DEBUG] TUN->SSH: 52 байт
2026-04-07 21:40:05,121 [DEBUG] SSH->TUN: 1280 байт
2026-04-07 21:40:05,121 [DEBUG] TUN->SSH: 52 байт
2026-04-07 21:40:05,121 [DEBUG] SSH->TUN: 1280 байт
2026-04-07 21:40:05,122 [DEBUG] TUN->SSH: 52 байт
2026-04-07 21:40:05,122 [DEBUG] SSH->TUN: 1280 байт
2026-04-07 21:40:05,122 [DEBUG] TUN->SSH: 52 байт
2026-04-07 21:40:05,122 [DEBUG] SSH->TUN: 1280 байт
2026-04-07 21:40:05,122 [DEBUG] TUN->SSH: 52 байт
2026-04-07 21:40:05,122 [DEBUG] SSH->TUN: 1280 байт
2026-04-07 21:40:05,123 [DEBUG] TUN->SSH: 52 байт
2026-04-07 21:40:05,123 [DEBUG] SSH->TUN: 1280 байт
2026-04-07 21:40:05,123 [DEBUG] TUN->SSH: 52 байт
2026-04-07 21:40:05,123 [DEBUG] SSH->TUN: 1280 байт
2026-04-07 21:40:05,123 [DEBUG] TUN->SSH: 52 байт
2026-04-07 21:40:05,124 [DEBUG] TUN->SSH: 52 байт
2026-04-07 21:40:05,124 [DEBUG] SSH->TUN: 1280 байт
2026-04-07 21:40:05,124 [DEBUG] SSH->TUN: 1280 байт
2026-04-07 21:40:05,124 [DEBUG] TUN->SSH: 52 байт
2026-04-07 21:40:05,124 [DEBUG] SSH->TUN: 1280 байт
2026-04-07 21:40:05,125 [DEBUG] TUN->SSH: 52 байт
2026-04-07 21:40:05,125 [DEBUG] SSH->TUN: 1280 байт
2026-04-07 21:40:05,125 [DEBUG] TUN->SSH: 52 байт
2026-04-07 21:40:05,125 [DEBUG] SSH->TUN: 1280 байт
2026-04-07 21:40:05,126 [DEBUG] TUN->SSH: 52 байт
2026-04-07 21:40:05,126 [DEBUG] SSH->TUN: 1280 байт
2026-04-07 21:40:05,126 [DEBUG] TUN->SSH: 52 байт
2026-04-07 21:40:05,126 [DEBUG] TUN->SSH: 52 байт
2026-04-07 21:40:05,126 [DEBUG] SSH->TUN: 1280 байт
2026-04-07 21:40:05,127 [DEBUG] SSH->TUN: 1280 байт
2026-04-07 21:40:05,127 [DEBUG] TUN->SSH: 52 байт
2026-04-07 21:40:05,127 [DEBUG] SSH->TUN: 1280 байт
2026-04-07 21:40:05,127 [DEBUG] TUN->SSH: 52 байт
2026-04-07 21:40:05,127 [DEBUG] SSH->TUN: 1280 байт
2026-04-07 21:40:05,128 [DEBUG] TUN->SSH: 52 байт
2026-04-07 21:40:05,128 [DEBUG] SSH->TUN: 1280 байт
2026-04-07 21:40:05,128 [DEBUG] TUN->SSH: 52 байт
2026-04-07 21:40:05,128 [DEBUG] SSH->TUN: 1280 байт
2026-04-07 21:40:05,128 [DEBUG] TUN->SSH: 52 байт
2026-04-07 21:40:05,129 [DEBUG] SSH->TUN: 1280 байт
2026-04-07 21:40:05,129 [DEBUG] TUN->SSH: 52 байт
2026-04-07 21:40:05,129 [DEBUG] SSH->TUN: 1280 байт
2026-04-07 21:40:05,130 [DEBUG] TUN->SSH: 52 байт
2026-04-07 21:40:05,130 [DEBUG] SSH->TUN: 1280 байт
2026-04-07 21:40:05,130 [DEBUG] TUN->SSH: 52 байт
2026-04-07 21:40:05,130 [DEBUG] SSH->TUN: 1280 байт
2026-04-07 21:40:05,130 [DEBUG] TUN->SSH: 52 байт
2026-04-07 21:40:05,131 [DEBUG] SSH->TUN: 1280 байт
2026-04-07 21:40:05,131 [DEBUG] TUN->SSH: 52 байт
2026-04-07 21:40:05,131 [DEBUG] SSH->TUN: 1280 байт
2026-04-07 21:40:05,131 [DEBUG] TUN->SSH: 52 байт
2026-04-07 21:40:05,131 [DEBUG] SSH->TUN: 1280 байт
2026-04-07 21:40:05,132 [DEBUG] TUN->SSH: 52 байт
2026-04-07 21:40:05,132 [DEBUG] SSH->TUN: 1280 байт
2026-04-07 21:40:05,132 [DEBUG] TUN->SSH: 52 байт
2026-04-07 21:40:05,132 [DEBUG] SSH->TUN: 1280 байт
2026-04-07 21:40:05,132 [DEBUG] TUN->SSH: 52 байт
2026-04-07 21:40:05,133 [DEBUG] SSH->TUN: 1280 байт
2026-04-07 21:40:05,133 [DEBUG] TUN->SSH: 52 байт
2026-04-07 21:40:05,133 [DEBUG] SSH->TUN: 1280 байт
2026-04-07 21:40:05,133 [DEBUG] TUN->SSH: 52 байт
2026-04-07 21:40:05,133 [DEBUG] SSH->TUN: 1280 байт
2026-04-07 21:40:05,134 [DEBUG] TUN->SSH: 52 байт
2026-04-07 21:40:05,134 [DEBUG] TUN->SSH: 52 байт
2026-04-07 21:40:05,134 [DEBUG] SSH->TUN: 1280 байт
2026-04-07 21:40:05,134 [DEBUG] SSH->TUN: 1280 байт
2026-04-07 21:40:05,134 [DEBUG] TUN->SSH: 52 байт
2026-04-07 21:40:05,135 [DEBUG] SSH->TUN: 1280 байт
2026-04-07 21:40:05,135 [DEBUG] TUN->SSH: 52 байт
2026-04-07 21:40:05,135 [DEBUG] SSH->TUN: 1280 байт
2026-04-07 21:40:05,135 [DEBUG] TUN->SSH: 52 байт
2026-04-07 21:40:05,135 [DEBUG] SSH->TUN: 1280 байт
2026-04-07 21:40:05,136 [DEBUG] TUN->SSH: 52 байт
2026-04-07 21:40:05,157 [DEBUG] SSH->TUN: 1280 байт
2026-04-07 21:40:05,158 [DEBUG] TUN->SSH: 52 байт
2026-04-07 21:40:05,158 [DEBUG] SSH->TUN: 1280 байт
2026-04-07 21:40:05,158 [DEBUG] TUN->SSH: 52 байт
2026-04-07 21:40:05,161 [DEBUG] SSH->TUN: 1280 байт
2026-04-07 21:40:05,161 [DEBUG] TUN->SSH: 52 байт
2026-04-07 21:40:05,162 [DEBUG] SSH->TUN: 1280 байт
2026-04-07 21:40:05,163 [DEBUG] TUN->SSH: 52 байт
2026-04-07 21:40:05,163 [DEBUG] SSH->TUN: 1280 байт
2026-04-07 21:40:05,163 [DEBUG] TUN->SSH: 52 байт
2026-04-07 21:40:05,163 [DEBUG] SSH->TUN: 1280 байт
2026-04-07 21:40:05,163 [DEBUG] TUN->SSH: 52 байт
2026-04-07 21:40:05,163 [DEBUG] SSH->TUN: 1280 байт
2026-04-07 21:40:05,164 [DEBUG] TUN->SSH: 52 байт
2026-04-07 21:40:05,164 [DEBUG] SSH->TUN: 1280 байт
2026-04-07 21:40:05,164 [DEBUG] TUN->SSH: 52 байт
2026-04-07 21:40:05,164 [DEBUG] SSH->TUN: 1280 байт
2026-04-07 21:40:05,165 [DEBUG] TUN->SSH: 52 байт
2026-04-07 21:40:05,165 [DEBUG] SSH->TUN: 1280 байт
2026-04-07 21:40:05,165 [DEBUG] TUN->SSH: 52 байт
2026-04-07 21:40:05,165 [DEBUG] SSH->TUN: 1280 байт
2026-04-07 21:40:05,165 [DEBUG] TUN->SSH: 52 байт
2026-04-07 21:40:05,165 [DEBUG] SSH->TUN: 1280 байт
2026-04-07 21:40:05,166 [DEBUG] TUN->SSH: 52 байт
2026-04-07 21:40:05,166 [DEBUG] SSH->TUN: 1280 байт
2026-04-07 21:40:05,166 [DEBUG] TUN->SSH: 52 байт
2026-04-07 21:40:05,166 [DEBUG] SSH->TUN: 1280 байт
2026-04-07 21:40:05,167 [DEBUG] TUN->SSH: 52 байт
2026-04-07 21:40:05,167 [DEBUG] SSH->TUN: 1280 байт
2026-04-07 21:40:05,167 [DEBUG] TUN->SSH: 52 байт
2026-04-07 21:40:05,167 [DEBUG] SSH->TUN: 1280 байт
2026-04-07 21:40:05,167 [DEBUG] TUN->SSH: 52 байт
2026-04-07 21:40:05,167 [DEBUG] SSH->TUN: 1280 байт
2026-04-07 21:40:05,168 [DEBUG] TUN->SSH: 52 байт
2026-04-07 21:40:05,168 [DEBUG] SSH->TUN: 1280 байт
2026-04-07 21:40:05,168 [DEBUG] TUN->SSH: 52 байт
2026-04-07 21:40:05,168 [DEBUG] SSH->TUN: 1280 байт
2026-04-07 21:40:05,168 [DEBUG] TUN->SSH: 52 байт
2026-04-07 21:40:05,169 [DEBUG] SSH->TUN: 1280 байт
2026-04-07 21:40:05,169 [DEBUG] TUN->SSH: 52 байт
2026-04-07 21:40:05,169 [DEBUG] SSH->TUN: 1280 байт
2026-04-07 21:40:05,169 [DEBUG] TUN->SSH: 52 байт
2026-04-07 21:40:05,169 [DEBUG] SSH->TUN: 1280 байт
2026-04-07 21:40:05,170 [DEBUG] TUN->SSH: 52 байт
2026-04-07 21:40:05,201 [DEBUG] SSH->TUN: 1280 байт
2026-04-07 21:40:05,202 [DEBUG] TUN->SSH: 52 байт
2026-04-07 21:40:05,202 [DEBUG] SSH->TUN: 1280 байт
2026-04-07 21:40:05,202 [DEBUG] TUN->SSH: 52 байт
2026-04-07 21:40:05,210 [DEBUG] SSH->TUN: 1280 байт
2026-04-07 21:40:05,210 [DEBUG] TUN->SSH: 52 байт
2026-04-07 21:40:05,210 [DEBUG] SSH->TUN: 1280 байт
2026-04-07 21:40:05,211 [DEBUG] TUN->SSH: 52 байт
2026-04-07 21:40:05,211 [DEBUG] SSH->TUN: 1280 байт
2026-04-07 21:40:05,211 [DEBUG] TUN->SSH: 52 байт
2026-04-07 21:40:05,211 [DEBUG] SSH->TUN: 1280 байт
2026-04-07 21:40:05,212 [DEBUG] TUN->SSH: 52 байт
2026-04-07 21:40:05,212 [DEBUG] SSH->TUN: 1280 байт
2026-04-07 21:40:05,212 [DEBUG] TUN->SSH: 52 байт
2026-04-07 21:40:05,212 [DEBUG] SSH->TUN: 1280 байт
2026-04-07 21:40:05,212 [DEBUG] TUN->SSH: 52 байт
2026-04-07 21:40:05,213 [DEBUG] SSH->TUN: 1280 байт
2026-04-07 21:40:05,213 [DEBUG] TUN->SSH: 52 байт
2026-04-07 21:40:05,213 [DEBUG] SSH->TUN: 1280 байт
2026-04-07 21:40:05,213 [DEBUG] TUN->SSH: 52 байт
2026-04-07 21:40:05,213 [DEBUG] SSH->TUN: 1280 байт
2026-04-07 21:40:05,214 [DEBUG] TUN->SSH: 52 байт
2026-04-07 21:40:05,214 [DEBUG] SSH->TUN: 1280 байт
2026-04-07 21:40:05,214 [DEBUG] TUN->SSH: 52 байт
2026-04-07 21:40:05,214 [DEBUG] SSH->TUN: 1280 байт
2026-04-07 21:40:05,215 [DEBUG] TUN->SSH: 52 байт
2026-04-07 21:40:05,215 [DEBUG] SSH->TUN: 1280 байт
2026-04-07 21:40:05,215 [DEBUG] TUN->SSH: 52 байт
2026-04-07 21:40:05,215 [DEBUG] SSH->TUN: 1280 байт
2026-04-07 21:40:05,215 [DEBUG] TUN->SSH: 52 байт
2026-04-07 21:40:05,216 [DEBUG] SSH->TUN: 1280 байт
2026-04-07 21:40:05,216 [DEBUG] TUN->SSH: 52 байт
2026-04-07 21:40:05,216 [DEBUG] SSH->TUN: 1280 байт
2026-04-07 21:40:05,216 [DEBUG] TUN->SSH: 52 байт
2026-04-07 21:40:05,216 [DEBUG] SSH->TUN: 1280 байт
2026-04-07 21:40:05,217 [DEBUG] TUN->SSH: 52 байт
2026-04-07 21:40:05,217 [DEBUG] SSH->TUN: 1280 байт
2026-04-07 21:40:05,217 [DEBUG] TUN->SSH: 52 байт
2026-04-07 21:40:05,217 [DEBUG] SSH->TUN: 1280 байт
2026-04-07 21:40:05,218 [DEBUG] TUN->SSH: 52 байт
2026-04-07 21:40:05,218 [DEBUG] SSH->TUN: 1280 байт
2026-04-07 21:40:05,218 [DEBUG] TUN->SSH: 52 байт
2026-04-07 21:40:05,218 [DEBUG] SSH->TUN: 1280 байт
2026-04-07 21:40:05,219 [DEBUG] TUN->SSH: 52 байт
2026-04-07 21:40:05,219 [DEBUG] SSH->TUN: 1280 байт
2026-04-07 21:40:05,219 [DEBUG] TUN->SSH: 52 байт
2026-04-07 21:40:05,244 [DEBUG] SSH->TUN: 1280 байт
2026-04-07 21:40:05,244 [DEBUG] TUN->SSH: 52 байт
2026-04-07 21:40:05,244 [DEBUG] SSH->TUN: 1280 байт
2026-04-07 21:40:05,245 [DEBUG] TUN->SSH: 52 байт
2026-04-07 21:40:05,245 [DEBUG] SSH->TUN: 1280 байт
2026-04-07 21:40:05,245 [DEBUG] TUN->SSH: 52 байт
2026-04-07 21:40:05,255 [DEBUG] SSH->TUN: 1280 байт
2026-04-07 21:40:05,255 [DEBUG] TUN->SSH: 52 байт
2026-04-07 21:40:05,260 [DEBUG] SSH->TUN: 1280 байт
2026-04-07 21:40:05,260 [DEBUG] TUN->SSH: 52 байт
2026-04-07 21:40:05,260 [DEBUG] SSH->TUN: 1280 байт
2026-04-07 21:40:05,261 [DEBUG] TUN->SSH: 52 байт
2026-04-07 21:40:05,261 [DEBUG] SSH->TUN: 1280 байт
2026-04-07 21:40:05,261 [DEBUG] TUN->SSH: 52 байт
2026-04-07 21:40:05,261 [DEBUG] SSH->TUN: 1280 байт
2026-04-07 21:40:05,261 [DEBUG] TUN->SSH: 52 байт
2026-04-07 21:40:05,262 [DEBUG] SSH->TUN: 1280 байт
2026-04-07 21:40:05,262 [DEBUG] TUN->SSH: 52 байт
2026-04-07 21:40:05,262 [DEBUG] SSH->TUN: 1280 байт
2026-04-07 21:40:05,262 [DEBUG] TUN->SSH: 52 байт
2026-04-07 21:40:05,262 [DEBUG] SSH->TUN: 1280 байт
2026-04-07 21:40:05,263 [DEBUG] TUN->SSH: 52 байт
2026-04-07 21:40:05,263 [DEBUG] SSH->TUN: 1280 байт
2026-04-07 21:40:05,263 [DEBUG] TUN->SSH: 52 байт
2026-04-07 21:40:05,263 [DEBUG] SSH->TUN: 1280 байт
2026-04-07 21:40:05,263 [DEBUG] TUN->SSH: 52 байт
2026-04-07 21:40:05,264 [DEBUG] SSH->TUN: 1280 байт
2026-04-07 21:40:05,264 [DEBUG] TUN->SSH: 52 байт
2026-04-07 21:40:05,264 [DEBUG] SSH->TUN: 1280 байт
2026-04-07 21:40:05,264 [DEBUG] TUN->SSH: 52 байт
2026-04-07 21:40:05,264 [DEBUG] SSH->TUN: 1280 байт
2026-04-07 21:40:05,265 [DEBUG] TUN->SSH: 52 байт
2026-04-07 21:40:05,265 [DEBUG] TUN->SSH: 52 байт
2026-04-07 21:40:05,265 [DEBUG] SSH->TUN: 1280 байт
2026-04-07 21:40:05,265 [DEBUG] SSH->TUN: 1280 байт
2026-04-07 21:40:05,266 [DEBUG] TUN->SSH: 52 байт
2026-04-07 21:40:05,266 [DEBUG] SSH->TUN: 1280 байт
2026-04-07 21:40:05,266 [DEBUG] TUN->SSH: 52 байт
2026-04-07 21:40:05,266 [DEBUG] SSH->TUN: 1280 байт
2026-04-07 21:40:05,266 [DEBUG] TUN->SSH: 52 байт
2026-04-07 21:40:05,267 [DEBUG] SSH->TUN: 1280 байт
2026-04-07 21:40:05,267 [DEBUG] TUN->SSH: 52 байт
2026-04-07 21:40:05,267 [DEBUG] SSH->TUN: 640 байт
2026-04-07 21:40:05,267 [DEBUG] TUN->SSH: 52 байт
2026-04-07 21:40:05,372 [DEBUG] SSH->TUN: 143 байт
2026-04-07 21:40:05,373 [DEBUG] TUN->SSH: 52 байт
2026-04-07 21:40:05,383 [DEBUG] SSH->TUN: 132 байт
2026-04-07 21:40:05,384 [DEBUG] TUN->SSH: 52 байт
2026-04-07 21:40:05,384 [DEBUG] SSH->TUN: 83 байт
2026-04-07 21:40:05,384 [DEBUG] TUN->SSH: 52 байт
2026-04-07 21:40:06,008 [DEBUG] TUN->SSH: 60 байт
2026-04-07 21:40:06,009 [DEBUG] TUN->SSH: 60 байт
2026-04-07 21:40:06,060 [DEBUG] SSH->TUN: 60 байт
2026-04-07 21:40:06,061 [DEBUG] TUN->SSH: 52 байт
2026-04-07 21:40:06,061 [DEBUG] SSH->TUN: 60 байт
2026-04-07 21:40:06,061 [DEBUG] TUN->SSH: 114 байт
2026-04-07 21:40:06,061 [DEBUG] TUN->SSH: 52 байт
2026-04-07 21:40:06,062 [DEBUG] TUN->SSH: 136 байт
2026-04-07 21:40:06,128 [DEBUG] SSH->TUN: 52 байт
2026-04-07 21:40:06,129 [DEBUG] SSH->TUN: 52 байт
2026-04-07 21:40:06,129 [DEBUG] SSH->TUN: 150 байт
2026-04-07 21:40:06,129 [DEBUG] TUN->SSH: 52 байт
2026-04-07 21:40:06,130 [DEBUG] SSH->TUN: 126 байт
2026-04-07 21:40:06,130 [DEBUG] TUN->SSH: 52 байт
2026-04-07 21:40:06,130 [DEBUG] SSH->TUN: 99 байт
2026-04-07 21:40:06,131 [DEBUG] TUN->SSH: 52 байт
2026-04-07 21:40:06,131 [DEBUG] TUN->SSH: 52 байт
2026-04-07 21:40:06,241 [DEBUG] SSH->TUN: 144 байт
2026-04-07 21:40:06,242 [DEBUG] TUN->SSH: 52 байт
2026-04-07 21:40:06,242 [DEBUG] SSH->TUN: 157 байт
2026-04-07 21:40:06,242 [DEBUG] TUN->SSH: 52 байт
2026-04-07 21:40:06,243 [DEBUG] SSH->TUN: 52 байт
2026-04-07 21:40:06,243 [DEBUG] TUN->SSH: 52 байт
2026-04-07 21:40:06,243 [DEBUG] TUN->SSH: 253 байт
2026-04-07 21:40:06,243 [DEBUG] TUN->SSH: 52 байт
2026-04-07 21:40:06,290 [DEBUG] TUN->SSH: 52 байт
2026-04-07 21:40:06,290 [DEBUG] SSH->TUN: 52 байт
2026-04-07 21:40:06,308 [DEBUG] SSH->TUN: 52 байт
2026-04-07 21:40:06,407 [DEBUG] SSH->TUN: 219 байт
2026-04-07 21:40:06,407 [DEBUG] TUN->SSH: 52 байт
2026-04-07 21:40:06,519 [DEBUG] SSH->TUN: 1280 байт
2026-04-07 21:40:06,519 [DEBUG] TUN->SSH: 52 байт
2026-04-07 21:40:06,520 [DEBUG] SSH->TUN: 1280 байт
2026-04-07 21:40:06,520 [DEBUG] TUN->SSH: 52 байт
2026-04-07 21:40:06,520 [DEBUG] SSH->TUN: 1280 байт
2026-04-07 21:40:06,520 [DEBUG] TUN->SSH: 52 байт
2026-04-07 21:40:06,521 [DEBUG] SSH->TUN: 1280 байт
2026-04-07 21:40:06,521 [DEBUG] TUN->SSH: 52 байт
2026-04-07 21:40:06,521 [DEBUG] SSH->TUN: 1280 байт
2026-04-07 21:40:06,522 [DEBUG] TUN->SSH: 52 байт
2026-04-07 21:40:06,522 [DEBUG] SSH->TUN: 1280 байт
2026-04-07 21:40:06,522 [DEBUG] TUN->SSH: 52 байт
2026-04-07 21:40:06,522 [DEBUG] SSH->TUN: 1280 байт
2026-04-07 21:40:06,522 [DEBUG] TUN->SSH: 52 байт
2026-04-07 21:40:06,523 [DEBUG] SSH->TUN: 1280 байт
2026-04-07 21:40:06,523 [DEBUG] TUN->SSH: 52 байт
2026-04-07 21:40:06,523 [DEBUG] SSH->TUN: 1280 байт
2026-04-07 21:40:06,523 [DEBUG] TUN->SSH: 52 байт
2026-04-07 21:40:06,524 [DEBUG] SSH->TUN: 1280 байт
2026-04-07 21:40:06,524 [DEBUG] TUN->SSH: 52 байт
2026-04-07 21:40:06,524 [DEBUG] SSH->TUN: 1280 байт
2026-04-07 21:40:06,524 [DEBUG] TUN->SSH: 52 байт
2026-04-07 21:40:06,525 [DEBUG] SSH->TUN: 1280 байт
2026-04-07 21:40:06,525 [DEBUG] TUN->SSH: 52 байт
2026-04-07 21:40:06,525 [DEBUG] SSH->TUN: 1280 байт
2026-04-07 21:40:06,525 [DEBUG] TUN->SSH: 52 байт
2026-04-07 21:40:06,526 [DEBUG] TUN->SSH: 52 байт
2026-04-07 21:40:06,542 [DEBUG] SSH->TUN: 1280 байт
2026-04-07 21:40:06,542 [DEBUG] TUN->SSH: 52 байт
2026-04-07 21:40:06,542 [DEBUG] SSH->TUN: 1280 байт
2026-04-07 21:40:06,543 [DEBUG] TUN->SSH: 52 байт
2026-04-07 21:40:06,566 [DEBUG] SSH->TUN: 1280 байт
2026-04-07 21:40:06,567 [DEBUG] TUN->SSH: 52 байт
2026-04-07 21:40:06,567 [DEBUG] SSH->TUN: 1280 байт
2026-04-07 21:40:06,567 [DEBUG] TUN->SSH: 52 байт
2026-04-07 21:40:06,567 [DEBUG] SSH->TUN: 420 байт
2026-04-07 21:40:06,568 [DEBUG] TUN->SSH: 52 байт
2026-04-07 21:40:08,569 [DEBUG] TUN->SSH: 52 байт
2026-04-07 21:40:08,576 [DEBUG] SSH->TUN: 173 байт
2026-04-07 21:40:08,617 [DEBUG] TUN->SSH: 52 байт
2026-04-07 21:40:09,592 [DEBUG] TUN->SSH: 52 байт
2026-04-07 21:40:09,592 [DEBUG] TUN->SSH: 190 байт
2026-04-07 21:40:09,593 [DEBUG] TUN->SSH: 221 байт
2026-04-07 21:40:09,649 [DEBUG] SSH->TUN: 52 байт
2026-04-07 21:40:09,649 [DEBUG] TUN->SSH: 52 байт
2026-04-07 21:40:09,870 [DEBUG] SSH->TUN: 52 байт
2026-04-07 21:40:09,870 [DEBUG] TUN->SSH: 321 байт
2026-04-07 21:40:10,072 [DEBUG] SSH->TUN: 52 байт
2026-04-07 21:40:10,072 [DEBUG] SSH->TUN: 78 байт
2026-04-07 21:40:10,072 [DEBUG] SSH->TUN: 76 байт
2026-04-07 21:40:10,073 [DEBUG] TUN->SSH: 52 байт
2026-04-07 21:40:10,073 [DEBUG] SSH->TUN: 52 байт
2026-04-07 21:40:10,074 [DEBUG] TUN->SSH: 52 байт
2026-04-07 21:40:10,074 [DEBUG] TUN->SSH: 52 байт
2026-04-07 21:40:10,243 [DEBUG] SSH->TUN: 52 байт
2026-04-07 21:40:10,616 [DEBUG] TUN->SSH: 52 байт
2026-04-07 21:40:10,616 [DEBUG] TUN->SSH: 52 байт
2026-04-07 21:40:12,227 [DEBUG] SSH->TUN: 136 байт
2026-04-07 21:40:12,227 [DEBUG] TUN->SSH: 52 байт
2026-04-07 21:40:12,228 [DEBUG] TUN->SSH: 87 байт
2026-04-07 21:40:12,228 [DEBUG] TUN->SSH: 87 байт
2026-04-07 21:40:12,311 [DEBUG] SSH->TUN: 52 байт
2026-04-07 21:40:12,664 [DEBUG] TUN->SSH: 52 байт
2026-04-07 21:40:12,719 [DEBUG] TUN->SSH: 64 байт
2026-04-07 21:40:13,351 [DEBUG] TUN->SSH: 60 байт
2026-04-07 21:40:13,360 [DEBUG] SSH->TUN: 592 байт
2026-04-07 21:40:13,360 [DEBUG] TUN->SSH: 52 байт
2026-04-07 21:40:13,395 [DEBUG] SSH->TUN: 60 байт
2026-04-07 21:40:13,396 [DEBUG] TUN->SSH: 52 байт
2026-04-07 21:40:13,396 [DEBUG] TUN->SSH: 150 байт
2026-04-07 21:40:13,447 [DEBUG] SSH->TUN: 52 байт
2026-04-07 21:40:13,447 [DEBUG] SSH->TUN: 229 байт
2026-04-07 21:40:13,448 [DEBUG] TUN->SSH: 52 байт
2026-04-07 21:40:13,448 [DEBUG] SSH->TUN: 181 байт
2026-04-07 21:40:13,448 [DEBUG] TUN->SSH: 52 байт
2026-04-07 21:40:13,449 [DEBUG] TUN->SSH: 52 байт
2026-04-07 21:40:13,449 [DEBUG] TUN->SSH: 60 байт
2026-04-07 21:40:13,496 [DEBUG] TUN->SSH: 52 байт
2026-04-07 21:40:13,496 [DEBUG] SSH->TUN: 52 байт
2026-04-07 21:40:13,619 [DEBUG] SSH->TUN: 60 байт
2026-04-07 21:40:13,620 [DEBUG] TUN->SSH: 52 байт
2026-04-07 21:40:13,620 [DEBUG] TUN->SSH: 1280 байт
2026-04-07 21:40:13,621 [DEBUG] TUN->SSH: 982 байт
2026-04-07 21:40:13,688 [DEBUG] TUN->SSH: 52 байт
2026-04-07 21:40:13,746 [DEBUG] SSH->TUN: 52 байт
2026-04-07 21:40:13,746 [DEBUG] TUN->SSH: 52 байт
2026-04-07 21:40:13,789 [DEBUG] SSH->TUN: 52 байт
2026-04-07 21:40:13,796 [DEBUG] SSH->TUN: 52 байт
2026-04-07 21:40:13,797 [DEBUG] SSH->TUN: 1280 байт
2026-04-07 21:40:13,797 [DEBUG] TUN->SSH: 52 байт
2026-04-07 21:40:13,798 [DEBUG] SSH->TUN: 1280 байт
2026-04-07 21:40:13,798 [DEBUG] TUN->SSH: 52 байт
2026-04-07 21:40:13,833 [DEBUG] SSH->TUN: 1280 байт
2026-04-07 21:40:13,833 [DEBUG] TUN->SSH: 52 байт
2026-04-07 21:40:13,834 [DEBUG] SSH->TUN: 464 байт
2026-04-07 21:40:13,834 [DEBUG] TUN->SSH: 52 байт
2026-04-07 21:40:13,834 [DEBUG] SSH->TUN: 929 байт
2026-04-07 21:40:13,835 [DEBUG] TUN->SSH: 52 байт
2026-04-07 21:40:13,835 [DEBUG] TUN->SSH: 132 байт
2026-04-07 21:40:13,835 [DEBUG] TUN->SSH: 782 байт
2026-04-07 21:40:14,010 [DEBUG] SSH->TUN: 371 байт
2026-04-07 21:40:14,011 [DEBUG] SSH->TUN: 371 байт
2026-04-07 21:40:14,011 [DEBUG] TUN->SSH: 52 байт
2026-04-07 21:40:14,011 [DEBUG] SSH->TUN: 357 байт
2026-04-07 21:40:14,014 [DEBUG] TUN->SSH: 126 байт
2026-04-07 21:40:14,016 [DEBUG] TUN->SSH: 126 байт
2026-04-07 21:40:14,217 [INFO] Останавливаю туннель...
2026-04-07 21:40:14,220 [DEBUG] Восстановлен: default via 192.168.5.1 dev wlp0s20f3
2026-04-07 21:40:14,220 [INFO] Маршруты восстановлены
2026-04-07 21:40:14,234 [INFO] Интерфейс strans-tun0 удалён
2026-04-07 21:40:14,234 [INFO] Остановлено
2026-04-07 21:40:14,234 [DEBUG] TUN->SSH: отменён
2026-04-07 21:40:14,234 [DEBUG] SSH->TUN: отменён
