2026-04-09 01:51:25,683 [INFO] === Запуск клиента ===
2026-04-09 01:51:25,683 [INFO] Лог файл: logs/client_20260409_015125.log
2026-04-09 01:51:25,688 [INFO] Используется интерфейс: strans-tun0
2026-04-09 01:51:25,688 [INFO] Подключаюсь к 217.154.79.223:24 как 'alice'
2026-04-09 01:51:26,225 [INFO] SSH соединение установлено
2026-04-09 01:51:26,330 [INFO] PUSH_REPLY: client_ip=198.19.0.3 server_ip=198.19.0.1 mtu=1280 stealth=0
2026-04-09 01:51:26,338 [INFO] Интерфейс strans-tun0:
75: strans-tun0: <POINTOPOINT,MULTICAST,NOARP,UP,LOWER_UP> mtu 1280 qdisc fq_codel state UP group default qlen 500
    link/none 
    inet 198.19.0.3 peer 198.19.0.1/32 scope global strans-tun0
       valid_lft forever preferred_lft forever
2026-04-09 01:51:26,448 [INFO] SSH tunnel канал открыт
2026-04-09 01:51:26,448 [INFO] Туннель активен.
2026-04-09 01:51:26,448 [INFO] Форвардинг запущен [stealth=0]
2026-04-09 01:51:28,372 [DEBUG] SSH->TUN: 78 байт
2026-04-09 01:51:28,373 [DEBUG] SSH->TUN: 77 байт
2026-04-09 01:51:28,549 [DEBUG] SSH->TUN: 78 байт
2026-04-09 01:51:28,812 [DEBUG] SSH->TUN: 78 байт
2026-04-09 01:51:28,974 [DEBUG] SSH->TUN: 77 байт
2026-04-09 01:51:29,319 [DEBUG] SSH->TUN: 78 байт
2026-04-09 01:51:29,809 [DEBUG] SSH->TUN: 77 байт
2026-04-09 01:51:30,413 [DEBUG] SSH->TUN: 78 байт
2026-04-09 01:51:30,414 [DEBUG] SSH->TUN: 52 байт
2026-04-09 01:51:31,649 [DEBUG] SSH->TUN: 77 байт
2026-04-09 01:51:32,370 [DEBUG] SSH->TUN: 78 байт
2026-04-09 01:51:33,201 [DEBUG] SSH->TUN: 77 байт
2026-04-09 01:51:33,460 [DEBUG] SSH->TUN: 77 байт
2026-04-09 01:51:33,722 [DEBUG] SSH->TUN: 77 байт
2026-04-09 01:51:34,275 [DEBUG] SSH->TUN: 77 байт
2026-04-09 01:51:34,826 [DEBUG] SSH->TUN: 77 байт
2026-04-09 01:51:35,381 [DEBUG] SSH->TUN: 76 байт
2026-04-09 01:51:35,381 [DEBUG] SSH->TUN: 77 байт
2026-04-09 01:51:36,263 [DEBUG] SSH->TUN: 78 байт
2026-04-09 01:51:36,852 [DEBUG] SSH->TUN: 91 байт
2026-04-09 01:51:36,857 [DEBUG] SSH->TUN: 52 байт
2026-04-09 01:51:37,025 [DEBUG] SSH->TUN: 52 байт
2026-04-09 01:51:37,292 [DEBUG] SSH->TUN: 91 байт
2026-04-09 01:51:37,592 [DEBUG] SSH->TUN: 77 байт
2026-04-09 01:51:38,002 [DEBUG] SSH->TUN: 91 байт
2026-04-09 01:51:40,255 [DEBUG] SSH->TUN: 489 байт
2026-04-09 01:51:40,471 [DEBUG] SSH->TUN: 489 байт
2026-04-09 01:51:40,726 [DEBUG] SSH->TUN: 52 байт
2026-04-09 01:51:40,762 [DEBUG] SSH->TUN: 489 байт
2026-04-09 01:51:41,340 [DEBUG] SSH->TUN: 489 байт
2026-04-09 01:51:41,418 [DEBUG] SSH->TUN: 101 байт
2026-04-09 01:51:41,791 [DEBUG] SSH->TUN: 77 байт
2026-04-09 01:51:42,359 [DEBUG] SSH->TUN: 489 байт
2026-04-09 01:51:44,354 [DEBUG] SSH->TUN: 78 байт
2026-04-09 01:51:44,664 [DEBUG] SSH->TUN: 489 байт
2026-04-09 01:51:49,011 [DEBUG] SSH->TUN: 489 байт
2026-04-09 01:51:50,496 [DEBUG] SSH->TUN: 77 байт
2026-04-09 01:51:51,001 [DEBUG] SSH->TUN: 52 байт
2026-04-09 01:51:54,730 [DEBUG] SSH->TUN: 101 байт
2026-04-09 01:51:55,111 [DEBUG] SSH->TUN: 91 байт
2026-04-09 01:51:55,111 [DEBUG] SSH->TUN: 52 байт
2026-04-09 01:51:56,119 [DEBUG] SSH->TUN: 52 байт
2026-04-09 01:51:57,457 [DEBUG] SSH->TUN: 157 байт
2026-04-09 01:51:57,465 [DEBUG] SSH->TUN: 489 байт
2026-04-09 01:51:57,676 [DEBUG] SSH->TUN: 91 байт
2026-04-09 01:51:57,677 [DEBUG] SSH->TUN: 157 байт
2026-04-09 01:51:58,016 [DEBUG] SSH->TUN: 157 байт
2026-04-09 01:51:58,020 [DEBUG] TUN->SSH: 60 байт
2026-04-09 01:51:58,073 [DEBUG] SSH->TUN: 60 байт
2026-04-09 01:51:58,073 [DEBUG] TUN->SSH: 52 байт
2026-04-09 01:51:58,129 [DEBUG] TUN->SSH: 569 байт
2026-04-09 01:51:58,181 [DEBUG] SSH->TUN: 52 байт
2026-04-09 01:51:58,182 [DEBUG] SSH->TUN: 1280 байт
2026-04-09 01:51:58,182 [DEBUG] TUN->SSH: 52 байт
2026-04-09 01:51:58,184 [DEBUG] SSH->TUN: 1280 байт
2026-04-09 01:51:58,184 [DEBUG] TUN->SSH: 52 байт
2026-04-09 01:51:58,184 [DEBUG] SSH->TUN: 424 байт
2026-04-09 01:51:58,185 [DEBUG] TUN->SSH: 52 байт
2026-04-09 01:51:58,187 [DEBUG] TUN->SSH: 132 байт
2026-04-09 01:51:58,187 [DEBUG] TUN->SSH: 98 байт
2026-04-09 01:51:58,187 [DEBUG] TUN->SSH: 101 байт
2026-04-09 01:51:58,187 [DEBUG] TUN->SSH: 87 байт
2026-04-09 01:51:58,187 [DEBUG] TUN->SSH: 113 байт
2026-04-09 01:51:58,246 [DEBUG] SSH->TUN: 596 байт
2026-04-09 01:51:58,247 [DEBUG] TUN->SSH: 83 байт
2026-04-09 01:51:58,247 [DEBUG] SSH->TUN: 52 байт
2026-04-09 01:51:58,247 [DEBUG] SSH->TUN: 83 байт
2026-04-09 01:51:58,283 [DEBUG] SSH->TUN: 52 байт
2026-04-09 01:51:58,285 [DEBUG] SSH->TUN: 52 байт
2026-04-09 01:51:58,289 [DEBUG] TUN->SSH: 52 байт
2026-04-09 01:51:58,299 [DEBUG] SSH->TUN: 52 байт
2026-04-09 01:51:58,380 [DEBUG] SSH->TUN: 179 байт
2026-04-09 01:51:58,380 [DEBUG] TUN->SSH: 52 байт
2026-04-09 01:51:58,381 [DEBUG] SSH->TUN: 128 байт
2026-04-09 01:51:58,381 [DEBUG] TUN->SSH: 52 байт
2026-04-09 01:51:58,381 [DEBUG] TUN->SSH: 76 байт
2026-04-09 01:51:58,382 [DEBUG] TUN->SSH: 52 байт
2026-04-09 01:51:58,438 [DEBUG] SSH->TUN: 52 байт
2026-04-09 01:51:58,438 [DEBUG] TUN->SSH: 52 байт
2026-04-09 01:51:58,438 [DEBUG] SSH->TUN: 52 байт
2026-04-09 01:51:58,533 [DEBUG] SSH->TUN: 157 байт
2026-04-09 01:51:59,675 [DEBUG] SSH->TUN: 157 байт
2026-04-09 01:52:01,126 [DEBUG] SSH->TUN: 52 байт
2026-04-09 01:52:02,087 [DEBUG] SSH->TUN: 157 байт
2026-04-09 01:52:06,773 [DEBUG] SSH->TUN: 157 байт
2026-04-09 01:52:07,300 [DEBUG] SSH->TUN: 77 байт
2026-04-09 01:52:14,245 [DEBUG] SSH->TUN: 52 байт
2026-04-09 01:52:14,572 [DEBUG] SSH->TUN: 52 байт
2026-04-09 01:52:14,862 [DEBUG] SSH->TUN: 52 байт
2026-04-09 01:52:15,476 [DEBUG] SSH->TUN: 52 байт
2026-04-09 01:52:15,476 [DEBUG] SSH->TUN: 489 байт
2026-04-09 01:52:15,681 [DEBUG] SSH->TUN: 157 байт
2026-04-09 01:52:17,154 [DEBUG] SSH->TUN: 52 байт
2026-04-09 01:52:17,154 [DEBUG] SSH->TUN: 52 байт
2026-04-09 01:52:17,626 [DEBUG] SSH->TUN: 52 байт
2026-04-09 01:52:17,627 [DEBUG] SSH->TUN: 52 байт
2026-04-09 01:52:18,343 [DEBUG] SSH->TUN: 52 байт
2026-04-09 01:52:18,344 [DEBUG] SSH->TUN: 52 байт
2026-04-09 01:52:19,701 [DEBUG] SSH->TUN: 52 байт
2026-04-09 01:52:19,702 [DEBUG] SSH->TUN: 52 байт
2026-04-09 01:52:22,439 [DEBUG] SSH->TUN: 101 байт
2026-04-09 01:52:22,482 [DEBUG] SSH->TUN: 52 байт
2026-04-09 01:52:22,547 [DEBUG] SSH->TUN: 52 байт
2026-04-09 01:52:24,869 [DEBUG] SSH->TUN: 76 байт
2026-04-09 01:52:25,715 [DEBUG] SSH->TUN: 76 байт
2026-04-09 01:52:26,315 [DEBUG] SSH->TUN: 76 байт
2026-04-09 01:52:26,740 [DEBUG] SSH->TUN: 91 байт
2026-04-09 01:52:26,740 [DEBUG] SSH->TUN: 52 байт
2026-04-09 01:52:26,959 [DEBUG] SSH->TUN: 52 байт
2026-04-09 01:52:27,661 [DEBUG] SSH->TUN: 91 байт
2026-04-09 01:52:27,680 [DEBUG] SSH->TUN: 76 байт
2026-04-09 01:52:28,114 [DEBUG] SSH->TUN: 52 байт
2026-04-09 01:52:28,184 [DEBUG] SSH->TUN: 52 байт
2026-04-09 01:52:30,425 [DEBUG] SSH->TUN: 76 байт
2026-04-09 01:52:33,601 [DEBUG] SSH->TUN: 157 байт
2026-04-09 01:52:35,853 [DEBUG] SSH->TUN: 76 байт
2026-04-09 01:52:39,123 [DEBUG] SSH->TUN: 52 байт
2026-04-09 01:52:39,187 [DEBUG] SSH->TUN: 52 байт
2026-04-09 01:52:41,932 [INFO] Останавливаю туннель...
2026-04-09 01:52:41,945 [INFO] Интерфейс strans-tun0 удалён
2026-04-09 01:52:41,945 [INFO] Остановлено
2026-04-09 01:52:41,945 [DEBUG] TUN->SSH: отменён
2026-04-09 01:52:41,945 [DEBUG] SSH->TUN: отменён
