2026-04-07 19:51:07,329 [INFO] === Запуск клиента ===
2026-04-07 19:51:07,329 [INFO] Лог файл: logs/client_20260407_195107.log
2026-04-07 19:51:07,330 [INFO] Подключаюсь к 217.154.79.223:22 как 'alice'
2026-04-07 19:51:08,067 [INFO] SSH соединение установлено
2026-04-07 19:51:08,262 [INFO] PUSH_REPLY: client_ip=198.19.0.4 server_ip=198.19.0.1 mtu=1280 stealth=0
2026-04-07 19:51:08,272 [INFO] Интерфейс strans-tun0:
50: strans-tun0: <POINTOPOINT,MULTICAST,NOARP,UP,LOWER_UP> mtu 1280 qdisc fq_codel state UP group default qlen 500
    link/none 
    inet 198.19.0.4 peer 198.19.0.1/32 scope global strans-tun0
       valid_lft forever preferred_lft forever
2026-04-07 19:51:08,937 [INFO] SSH tunnel канал открыт
2026-04-07 19:51:08,939 [INFO] Маршрут к серверу: 217.154.79.223 via 192.168.5.1 dev wlp0s20f3
2026-04-07 19:51:08,943 [INFO] Весь трафик через strans-tun0
2026-04-07 19:51:08,943 [INFO] Туннель активен.
2026-04-07 19:51:08,943 [INFO] Форвардинг запущен [stealth=0]
2026-04-07 19:51:09,051 [DEBUG] TUN->SSH: 60 байт
2026-04-07 19:51:09,112 [DEBUG] TUN->SSH: 60 байт
2026-04-07 19:51:09,112 [DEBUG] TUN->SSH: 60 байт
2026-04-07 19:51:09,113 [DEBUG] TUN->SSH: 60 байт
2026-04-07 19:51:09,113 [DEBUG] TUN->SSH: 60 байт
2026-04-07 19:51:09,113 [DEBUG] TUN->SSH: 60 байт
2026-04-07 19:51:09,113 [DEBUG] TUN->SSH: 60 байт
2026-04-07 19:51:09,113 [DEBUG] TUN->SSH: 60 байт
2026-04-07 19:51:09,114 [DEBUG] TUN->SSH: 60 байт
2026-04-07 19:51:09,114 [DEBUG] TUN->SSH: 60 байт
2026-04-07 19:51:09,114 [DEBUG] TUN->SSH: 60 байт
2026-04-07 19:51:09,114 [DEBUG] TUN->SSH: 60 байт
2026-04-07 19:51:09,115 [DEBUG] TUN->SSH: 60 байт
2026-04-07 19:51:09,115 [DEBUG] TUN->SSH: 60 байт
2026-04-07 19:51:09,115 [DEBUG] TUN->SSH: 60 байт
2026-04-07 19:51:09,116 [DEBUG] TUN->SSH: 60 байт
2026-04-07 19:51:09,116 [DEBUG] SSH->TUN: 60 байт
2026-04-07 19:51:09,116 [DEBUG] TUN->SSH: 52 байт
2026-04-07 19:51:09,116 [DEBUG] TUN->SSH: 1280 байт
2026-04-07 19:51:09,116 [DEBUG] TUN->SSH: 612 байт
2026-04-07 19:51:09,227 [DEBUG] SSH->TUN: 52 байт
2026-04-07 19:51:09,227 [DEBUG] SSH->TUN: 52 байт
2026-04-07 19:51:09,228 [DEBUG] SSH->TUN: 576 байт
2026-04-07 19:51:09,228 [DEBUG] TUN->SSH: 52 байт
2026-04-07 19:51:09,228 [DEBUG] SSH->TUN: 576 байт
2026-04-07 19:51:09,229 [DEBUG] TUN->SSH: 52 байт
2026-04-07 19:51:09,229 [DEBUG] SSH->TUN: 576 байт
2026-04-07 19:51:09,229 [DEBUG] TUN->SSH: 52 байт
2026-04-07 19:51:09,229 [DEBUG] SSH->TUN: 576 байт
2026-04-07 19:51:09,229 [DEBUG] TUN->SSH: 52 байт
2026-04-07 19:51:09,233 [DEBUG] SSH->TUN: 576 байт
2026-04-07 19:51:09,234 [DEBUG] TUN->SSH: 52 байт
2026-04-07 19:51:09,234 [DEBUG] SSH->TUN: 576 байт
2026-04-07 19:51:09,234 [DEBUG] TUN->SSH: 52 байт
2026-04-07 19:51:09,234 [DEBUG] SSH->TUN: 289 байт
2026-04-07 19:51:09,235 [DEBUG] TUN->SSH: 52 байт
2026-04-07 19:51:09,235 [DEBUG] TUN->SSH: 291 байт
2026-04-07 19:51:09,240 [DEBUG] TUN->SSH: 60 байт
2026-04-07 19:51:09,240 [DEBUG] TUN->SSH: 60 байт
2026-04-07 19:51:09,240 [DEBUG] TUN->SSH: 60 байт
2026-04-07 19:51:09,241 [DEBUG] TUN->SSH: 60 байт
2026-04-07 19:51:09,241 [DEBUG] TUN->SSH: 60 байт
2026-04-07 19:51:09,241 [DEBUG] TUN->SSH: 60 байт
2026-04-07 19:51:09,241 [DEBUG] TUN->SSH: 60 байт
2026-04-07 19:51:09,242 [DEBUG] TUN->SSH: 60 байт
2026-04-07 19:51:09,319 [DEBUG] SSH->TUN: 166 байт
2026-04-07 19:51:09,320 [DEBUG] TUN->SSH: 357 байт
2026-04-07 19:51:09,394 [DEBUG] SSH->TUN: 165 байт
2026-04-07 19:51:09,394 [DEBUG] TUN->SSH: 321 байт
2026-04-07 19:51:09,456 [DEBUG] SSH->TUN: 229 байт
2026-04-07 19:51:09,482 [DEBUG] SSH->TUN: 576 байт
2026-04-07 19:51:09,483 [DEBUG] TUN->SSH: 52 байт
2026-04-07 19:51:09,484 [DEBUG] SSH->TUN: 139 байт
2026-04-07 19:51:09,527 [DEBUG] TUN->SSH: 52 байт
2026-04-07 19:51:10,051 [DEBUG] TUN->SSH: 60 байт
2026-04-07 19:51:10,052 [DEBUG] TUN->SSH: 60 байт
2026-04-07 19:51:10,052 [DEBUG] TUN->SSH: 60 байт
2026-04-07 19:51:10,052 [DEBUG] TUN->SSH: 60 байт
2026-04-07 19:51:10,052 [DEBUG] TUN->SSH: 60 байт
2026-04-07 19:51:10,053 [DEBUG] TUN->SSH: 60 байт
2026-04-07 19:51:10,053 [DEBUG] TUN->SSH: 60 байт
2026-04-07 19:51:10,053 [DEBUG] TUN->SSH: 60 байт
2026-04-07 19:51:10,054 [DEBUG] TUN->SSH: 60 байт
2026-04-07 19:51:10,054 [DEBUG] TUN->SSH: 60 байт
2026-04-07 19:51:10,054 [DEBUG] TUN->SSH: 60 байт
2026-04-07 19:51:10,116 [DEBUG] SSH->TUN: 60 байт
2026-04-07 19:51:10,116 [DEBUG] TUN->SSH: 52 байт
2026-04-07 19:51:10,117 [DEBUG] TUN->SSH: 225 байт
2026-04-07 19:51:10,117 [DEBUG] SSH->TUN: 60 байт
2026-04-07 19:51:10,117 [DEBUG] TUN->SSH: 52 байт
2026-04-07 19:51:10,118 [DEBUG] TUN->SSH: 1280 байт
2026-04-07 19:51:10,118 [DEBUG] TUN->SSH: 548 байт
2026-04-07 19:51:10,120 [DEBUG] TUN->SSH: 52 байт
2026-04-07 19:51:10,120 [DEBUG] SSH->TUN: 60 байт
2026-04-07 19:51:10,121 [DEBUG] TUN->SSH: 1280 байт
2026-04-07 19:51:10,121 [DEBUG] SSH->TUN: 60 байт
2026-04-07 19:51:10,121 [DEBUG] TUN->SSH: 644 байт
2026-04-07 19:51:10,121 [DEBUG] SSH->TUN: 60 байт
2026-04-07 19:51:10,122 [DEBUG] TUN->SSH: 52 байт
2026-04-07 19:51:10,122 [DEBUG] TUN->SSH: 341 байт
2026-04-07 19:51:10,122 [DEBUG] TUN->SSH: 52 байт
2026-04-07 19:51:10,123 [DEBUG] TUN->SSH: 438 байт
2026-04-07 19:51:10,124 [DEBUG] SSH->TUN: 60 байт
2026-04-07 19:51:10,125 [DEBUG] TUN->SSH: 52 байт
2026-04-07 19:51:10,125 [DEBUG] SSH->TUN: 60 байт
2026-04-07 19:51:10,126 [DEBUG] TUN->SSH: 333 байт
2026-04-07 19:51:10,126 [DEBUG] SSH->TUN: 60 байт
2026-04-07 19:51:10,126 [DEBUG] TUN->SSH: 52 байт
2026-04-07 19:51:10,126 [DEBUG] SSH->TUN: 60 байт
2026-04-07 19:51:10,127 [DEBUG] TUN->SSH: 458 байт
2026-04-07 19:51:10,127 [DEBUG] TUN->SSH: 52 байт
2026-04-07 19:51:10,127 [DEBUG] TUN->SSH: 52 байт
2026-04-07 19:51:10,127 [DEBUG] TUN->SSH: 1280 байт
2026-04-07 19:51:10,128 [DEBUG] TUN->SSH: 644 байт
2026-04-07 19:51:10,128 [DEBUG] TUN->SSH: 233 байт
2026-04-07 19:51:10,136 [DEBUG] TUN->SSH: 60 байт
2026-04-07 19:51:10,136 [DEBUG] TUN->SSH: 60 байт
2026-04-07 19:51:10,137 [DEBUG] TUN->SSH: 60 байт
2026-04-07 19:51:10,137 [DEBUG] TUN->SSH: 60 байт
2026-04-07 19:51:10,137 [DEBUG] TUN->SSH: 60 байт
2026-04-07 19:51:10,138 [DEBUG] TUN->SSH: 60 байт
2026-04-07 19:51:10,138 [DEBUG] TUN->SSH: 60 байт
2026-04-07 19:51:10,138 [DEBUG] TUN->SSH: 60 байт
2026-04-07 19:51:10,139 [DEBUG] TUN->SSH: 60 байт
2026-04-07 19:51:10,139 [DEBUG] TUN->SSH: 60 байт
2026-04-07 19:51:10,139 [DEBUG] TUN->SSH: 60 байт
2026-04-07 19:51:10,140 [DEBUG] TUN->SSH: 60 байт
2026-04-07 19:51:10,158 [DEBUG] SSH->TUN: 60 байт
2026-04-07 19:51:10,158 [DEBUG] TUN->SSH: 52 байт
2026-04-07 19:51:10,158 [DEBUG] SSH->TUN: 60 байт
2026-04-07 19:51:10,159 [DEBUG] TUN->SSH: 409 байт
2026-04-07 19:51:10,159 [DEBUG] TUN->SSH: 52 байт
2026-04-07 19:51:10,159 [DEBUG] TUN->SSH: 381 байт
2026-04-07 19:51:10,176 [DEBUG] SSH->TUN: 177 байт
2026-04-07 19:51:10,176 [DEBUG] TUN->SSH: 52 байт
2026-04-07 19:51:10,177 [DEBUG] TUN->SSH: 52 байт
2026-04-07 19:51:10,177 [DEBUG] TUN->SSH: 640 байт
2026-04-07 19:51:10,184 [DEBUG] SSH->TUN: 52 байт
2026-04-07 19:51:10,184 [DEBUG] SSH->TUN: 576 байт
2026-04-07 19:51:10,185 [DEBUG] TUN->SSH: 52 байт
2026-04-07 19:51:10,185 [DEBUG] SSH->TUN: 576 байт
2026-04-07 19:51:10,185 [DEBUG] TUN->SSH: 52 байт
2026-04-07 19:51:10,185 [DEBUG] SSH->TUN: 576 байт
2026-04-07 19:51:10,186 [DEBUG] TUN->SSH: 52 байт
2026-04-07 19:51:10,186 [DEBUG] SSH->TUN: 576 байт
2026-04-07 19:51:10,186 [DEBUG] TUN->SSH: 52 байт
2026-04-07 19:51:10,188 [DEBUG] SSH->TUN: 576 байт
2026-04-07 19:51:10,188 [DEBUG] TUN->SSH: 52 байт
2026-04-07 19:51:10,188 [DEBUG] SSH->TUN: 576 байт
2026-04-07 19:51:10,188 [DEBUG] TUN->SSH: 52 байт
2026-04-07 19:51:10,189 [DEBUG] SSH->TUN: 290 байт
2026-04-07 19:51:10,189 [DEBUG] TUN->SSH: 52 байт
2026-04-07 19:51:10,189 [DEBUG] SSH->TUN: 52 байт
2026-04-07 19:51:10,189 [DEBUG] TUN->SSH: 353 байт
2026-04-07 19:51:10,189 [DEBUG] SSH->TUN: 576 байт
2026-04-07 19:51:10,190 [DEBUG] TUN->SSH: 52 байт
2026-04-07 19:51:10,192 [DEBUG] SSH->TUN: 576 байт
2026-04-07 19:51:10,193 [DEBUG] TUN->SSH: 52 байт
2026-04-07 19:51:10,193 [DEBUG] SSH->TUN: 576 байт
2026-04-07 19:51:10,193 [DEBUG] TUN->SSH: 52 байт
2026-04-07 19:51:10,193 [DEBUG] SSH->TUN: 576 байт
2026-04-07 19:51:10,194 [DEBUG] TUN->SSH: 52 байт
2026-04-07 19:51:10,194 [DEBUG] TUN->SSH: 52 байт
2026-04-07 19:51:10,194 [DEBUG] SSH->TUN: 576 байт
2026-04-07 19:51:10,194 [DEBUG] SSH->TUN: 576 байт
2026-04-07 19:51:10,194 [DEBUG] TUN->SSH: 52 байт
2026-04-07 19:51:10,195 [DEBUG] SSH->TUN: 288 байт
2026-04-07 19:51:10,195 [DEBUG] TUN->SSH: 52 байт
2026-04-07 19:51:10,195 [DEBUG] TUN->SSH: 289 байт
2026-04-07 19:51:10,209 [DEBUG] SSH->TUN: 221 байт
2026-04-07 19:51:10,209 [DEBUG] TUN->SSH: 52 байт
2026-04-07 19:51:10,210 [DEBUG] SSH->TUN: 387 байт
2026-04-07 19:51:10,210 [DEBUG] TUN->SSH: 52 байт
2026-04-07 19:51:10,210 [DEBUG] SSH->TUN: 335 байт
2026-04-07 19:51:10,210 [DEBUG] TUN->SSH: 40 байт
2026-04-07 19:51:10,211 [DEBUG] TUN->SSH: 576 байт
2026-04-07 19:51:10,211 [DEBUG] TUN->SSH: 40 байт
2026-04-07 19:51:10,236 [DEBUG] SSH->TUN: 339 байт
2026-04-07 19:51:10,236 [DEBUG] TUN->SSH: 52 байт
2026-04-07 19:51:10,236 [DEBUG] SSH->TUN: 52 байт
2026-04-07 19:51:10,237 [DEBUG] SSH->TUN: 52 байт
2026-04-07 19:51:10,237 [DEBUG] SSH->TUN: 576 байт
2026-04-07 19:51:10,238 [DEBUG] TUN->SSH: 52 байт
2026-04-07 19:51:10,238 [DEBUG] SSH->TUN: 576 байт
2026-04-07 19:51:10,238 [DEBUG] TUN->SSH: 52 байт
2026-04-07 19:51:10,238 [DEBUG] TUN->SSH: 52 байт
2026-04-07 19:51:10,239 [DEBUG] SSH->TUN: 576 байт
2026-04-07 19:51:10,239 [DEBUG] SSH->TUN: 576 байт
2026-04-07 19:51:10,239 [DEBUG] TUN->SSH: 52 байт
2026-04-07 19:51:10,239 [DEBUG] SSH->TUN: 576 байт
2026-04-07 19:51:10,239 [DEBUG] TUN->SSH: 52 байт
2026-04-07 19:51:10,240 [DEBUG] SSH->TUN: 576 байт
2026-04-07 19:51:10,240 [DEBUG] TUN->SSH: 52 байт
2026-04-07 19:51:10,240 [DEBUG] SSH->TUN: 288 байт
2026-04-07 19:51:10,240 [DEBUG] TUN->SSH: 52 байт
2026-04-07 19:51:10,240 [DEBUG] TUN->SSH: 294 байт
2026-04-07 19:51:10,298 [DEBUG] SSH->TUN: 153 байт
2026-04-07 19:51:10,299 [DEBUG] TUN->SSH: 52 байт
2026-04-07 19:51:10,299 [DEBUG] SSH->TUN: 137 байт
2026-04-07 19:51:10,299 [DEBUG] TUN->SSH: 52 байт
2026-04-07 19:51:10,300 [DEBUG] SSH->TUN: 315 байт
2026-04-07 19:51:10,300 [DEBUG] TUN->SSH: 52 байт
2026-04-07 19:51:10,300 [DEBUG] SSH->TUN: 157 байт
2026-04-07 19:51:10,301 [DEBUG] TUN->SSH: 52 байт
2026-04-07 19:51:10,301 [DEBUG] SSH->TUN: 52 байт
2026-04-07 19:51:10,301 [DEBUG] TUN->SSH: 40 байт
2026-04-07 19:51:10,301 [DEBUG] SSH->TUN: 52 байт
2026-04-07 19:51:10,302 [DEBUG] TUN->SSH: 541 байт
2026-04-07 19:51:10,302 [DEBUG] SSH->TUN: 157 байт
2026-04-07 19:51:10,302 [DEBUG] TUN->SSH: 688 байт
2026-04-07 19:51:10,302 [DEBUG] SSH->TUN: 52 байт
2026-04-07 19:51:10,303 [DEBUG] TUN->SSH: 557 байт
2026-04-07 19:51:10,303 [DEBUG] TUN->SSH: 40 байт
2026-04-07 19:51:10,303 [DEBUG] TUN->SSH: 40 байт
2026-04-07 19:51:10,303 [DEBUG] TUN->SSH: 509 байт
2026-04-07 19:51:10,312 [DEBUG] SSH->TUN: 153 байт
2026-04-07 19:51:10,312 [DEBUG] TUN->SSH: 359 байт
2026-04-07 19:51:10,363 [DEBUG] TUN->SSH: 52 байт
2026-04-07 19:51:10,364 [DEBUG] SSH->TUN: 52 байт
2026-04-07 19:51:10,364 [DEBUG] SSH->TUN: 52 байт
2026-04-07 19:51:10,365 [DEBUG] SSH->TUN: 151 байт
2026-04-07 19:51:10,365 [DEBUG] TUN->SSH: 327 байт
2026-04-07 19:51:10,375 [DEBUG] SSH->TUN: 52 байт
2026-04-07 19:51:10,375 [DEBUG] TUN->SSH: 40 байт
2026-04-07 19:51:10,375 [DEBUG] SSH->TUN: 301 байт
2026-04-07 19:51:10,376 [DEBUG] TUN->SSH: 317 байт
2026-04-07 19:51:10,376 [DEBUG] SSH->TUN: 157 байт
2026-04-07 19:51:10,376 [DEBUG] TUN->SSH: 525 байт
2026-04-07 19:51:10,376 [DEBUG] SSH->TUN: 157 байт
2026-04-07 19:51:10,377 [DEBUG] TUN->SSH: 720 байт
2026-04-07 19:51:10,377 [DEBUG] SSH->TUN: 800 байт
2026-04-07 19:51:10,377 [DEBUG] TUN->SSH: 52 байт
2026-04-07 19:51:10,378 [DEBUG] SSH->TUN: 688 байт
2026-04-07 19:51:10,378 [DEBUG] TUN->SSH: 52 байт
2026-04-07 19:51:10,384 [DEBUG] SSH->TUN: 230 байт
2026-04-07 19:51:10,384 [DEBUG] TUN->SSH: 52 байт
2026-04-07 19:51:10,384 [DEBUG] SSH->TUN: 141 байт
2026-04-07 19:51:10,384 [DEBUG] TUN->SSH: 52 байт
2026-04-07 19:51:10,384 [DEBUG] SSH->TUN: 141 байт
2026-04-07 19:51:10,397 [DEBUG] SSH->TUN: 141 байт
2026-04-07 19:51:10,397 [DEBUG] SSH->TUN: 319 байт
2026-04-07 19:51:10,398 [DEBUG] TUN->SSH: 52 байт
2026-04-07 19:51:10,398 [DEBUG] SSH->TUN: 141 байт
2026-04-07 19:51:10,398 [DEBUG] TUN->SSH: 52 байт
2026-04-07 19:51:10,398 [DEBUG] SSH->TUN: 157 байт
2026-04-07 19:51:10,399 [DEBUG] SSH->TUN: 141 байт
2026-04-07 19:51:10,401 [DEBUG] SSH->TUN: 141 байт
2026-04-07 19:51:10,402 [DEBUG] TUN->SSH: 52 байт
2026-04-07 19:51:10,402 [DEBUG] SSH->TUN: 141 байт
2026-04-07 19:51:10,402 [DEBUG] SSH->TUN: 230 байт
2026-04-07 19:51:10,403 [DEBUG] TUN->SSH: 52 байт
2026-04-07 19:51:10,403 [DEBUG] SSH->TUN: 1280 байт
2026-04-07 19:51:10,403 [DEBUG] SSH->TUN: 1280 байт
2026-04-07 19:51:10,403 [DEBUG] TUN->SSH: 52 байт
2026-04-07 19:51:10,404 [DEBUG] SSH->TUN: 1280 байт
2026-04-07 19:51:10,404 [DEBUG] TUN->SSH: 52 байт
2026-04-07 19:51:10,405 [DEBUG] SSH->TUN: 1280 байт
2026-04-07 19:51:10,405 [DEBUG] SSH->TUN: 1280 байт
2026-04-07 19:51:10,405 [DEBUG] TUN->SSH: 52 байт
2026-04-07 19:51:10,409 [DEBUG] SSH->TUN: 1276 байт
2026-04-07 19:51:10,410 [DEBUG] SSH->TUN: 1280 байт
2026-04-07 19:51:10,420 [DEBUG] SSH->TUN: 1280 байт
2026-04-07 19:51:10,420 [DEBUG] TUN->SSH: 52 байт
2026-04-07 19:51:10,421 [DEBUG] SSH->TUN: 141 байт
2026-04-07 19:51:10,421 [DEBUG] TUN->SSH: 52 байт
2026-04-07 19:51:10,421 [DEBUG] SSH->TUN: 249 байт
2026-04-07 19:51:10,421 [DEBUG] SSH->TUN: 52 байт
2026-04-07 19:51:10,442 [DEBUG] SSH->TUN: 168 байт
2026-04-07 19:51:10,442 [DEBUG] TUN->SSH: 226 байт
2026-04-07 19:51:10,442 [DEBUG] SSH->TUN: 52 байт
2026-04-07 19:51:10,442 [DEBUG] SSH->TUN: 165 байт
2026-04-07 19:51:10,443 [DEBUG] TUN->SSH: 223 байт
2026-04-07 19:51:10,443 [DEBUG] SSH->TUN: 52 байт
2026-04-07 19:51:10,443 [DEBUG] TUN->SSH: 52 байт
2026-04-07 19:51:10,443 [DEBUG] SSH->TUN: 52 байт
2026-04-07 19:51:10,443 [DEBUG] TUN->SSH: 52 байт
2026-04-07 19:51:10,462 [DEBUG] TUN->SSH: 52 байт
2026-04-07 19:51:10,463 [DEBUG] SSH->TUN: 1280 байт
2026-04-07 19:51:10,463 [DEBUG] TUN->SSH: 477 байт
2026-04-07 19:51:10,472 [DEBUG] SSH->TUN: 1280 байт
2026-04-07 19:51:10,472 [DEBUG] SSH->TUN: 1280 байт
2026-04-07 19:51:10,473 [DEBUG] TUN->SSH: 52 байт
2026-04-07 19:51:10,473 [DEBUG] SSH->TUN: 1280 байт
2026-04-07 19:51:10,473 [DEBUG] SSH->TUN: 1280 байт
2026-04-07 19:51:10,474 [DEBUG] TUN->SSH: 52 байт
2026-04-07 19:51:10,474 [DEBUG] SSH->TUN: 1280 байт
2026-04-07 19:51:10,474 [DEBUG] SSH->TUN: 1280 байт
2026-04-07 19:51:10,474 [DEBUG] TUN->SSH: 52 байт
2026-04-07 19:51:10,474 [DEBUG] SSH->TUN: 1280 байт
2026-04-07 19:51:10,475 [DEBUG] SSH->TUN: 141 байт
2026-04-07 19:51:10,475 [DEBUG] TUN->SSH: 52 байт
2026-04-07 19:51:10,475 [DEBUG] SSH->TUN: 1280 байт
2026-04-07 19:51:10,475 [DEBUG] TUN->SSH: 52 байт
2026-04-07 19:51:10,476 [DEBUG] SSH->TUN: 285 байт
2026-04-07 19:51:10,476 [DEBUG] SSH->TUN: 310 байт
2026-04-07 19:51:10,476 [DEBUG] SSH->TUN: 1280 байт
2026-04-07 19:51:10,476 [DEBUG] TUN->SSH: 52 байт
2026-04-07 19:51:10,477 [DEBUG] SSH->TUN: 1280 байт
2026-04-07 19:51:10,477 [DEBUG] SSH->TUN: 310 байт
2026-04-07 19:51:10,477 [DEBUG] TUN->SSH: 52 байт
2026-04-07 19:51:10,477 [DEBUG] SSH->TUN: 141 байт
2026-04-07 19:51:10,478 [DEBUG] SSH->TUN: 141 байт
2026-04-07 19:51:10,478 [DEBUG] TUN->SSH: 52 байт
2026-04-07 19:51:10,478 [DEBUG] TUN->SSH: 52 байт
2026-04-07 19:51:10,478 [DEBUG] SSH->TUN: 1280 байт
2026-04-07 19:51:10,479 [DEBUG] SSH->TUN: 1280 байт
2026-04-07 19:51:10,479 [DEBUG] SSH->TUN: 1280 байт
2026-04-07 19:51:10,479 [DEBUG] TUN->SSH: 52 байт
2026-04-07 19:51:10,479 [DEBUG] SSH->TUN: 1280 байт
2026-04-07 19:51:10,480 [DEBUG] TUN->SSH: 52 байт
2026-04-07 19:51:10,480 [DEBUG] SSH->TUN: 656 байт
2026-04-07 19:51:10,480 [DEBUG] TUN->SSH: 52 байт
2026-04-07 19:51:10,492 [DEBUG] SSH->TUN: 1280 байт
2026-04-07 19:51:10,492 [DEBUG] TUN->SSH: 52 байт
2026-04-07 19:51:10,493 [DEBUG] SSH->TUN: 1280 байт
2026-04-07 19:51:10,493 [DEBUG] TUN->SSH: 52 байт
2026-04-07 19:51:10,493 [DEBUG] SSH->TUN: 141 байт
2026-04-07 19:51:10,493 [DEBUG] TUN->SSH: 52 байт
2026-04-07 19:51:10,502 [DEBUG] SSH->TUN: 1280 байт
2026-04-07 19:51:10,502 [DEBUG] TUN->SSH: 52 байт
2026-04-07 19:51:10,503 [DEBUG] SSH->TUN: 1280 байт
2026-04-07 19:51:10,503 [DEBUG] SSH->TUN: 141 байт
2026-04-07 19:51:10,503 [DEBUG] SSH->TUN: 1280 байт
2026-04-07 19:51:10,504 [DEBUG] TUN->SSH: 52 байт
2026-04-07 19:51:10,504 [DEBUG] SSH->TUN: 1280 байт
2026-04-07 19:51:10,507 [DEBUG] SSH->TUN: 1280 байт
2026-04-07 19:51:10,507 [DEBUG] TUN->SSH: 52 байт
2026-04-07 19:51:10,507 [DEBUG] SSH->TUN: 1280 байт
2026-04-07 19:51:10,507 [DEBUG] SSH->TUN: 141 байт
2026-04-07 19:51:10,508 [DEBUG] TUN->SSH: 52 байт
2026-04-07 19:51:10,508 [DEBUG] SSH->TUN: 1280 байт
2026-04-07 19:51:10,508 [DEBUG] TUN->SSH: 52 байт
2026-04-07 19:51:10,508 [DEBUG] SSH->TUN: 1280 байт
2026-04-07 19:51:10,509 [DEBUG] TUN->SSH: 52 байт
2026-04-07 19:51:10,509 [DEBUG] SSH->TUN: 141 байт
2026-04-07 19:51:10,521 [DEBUG] SSH->TUN: 1280 байт
2026-04-07 19:51:10,521 [DEBUG] TUN->SSH: 52 байт
2026-04-07 19:51:10,521 [DEBUG] SSH->TUN: 1280 байт
2026-04-07 19:51:10,522 [DEBUG] SSH->TUN: 1280 байт
2026-04-07 19:51:10,522 [DEBUG] TUN->SSH: 52 байт
2026-04-07 19:51:10,522 [DEBUG] SSH->TUN: 1280 байт
2026-04-07 19:51:10,523 [DEBUG] TUN->SSH: 52 байт
2026-04-07 19:51:10,523 [DEBUG] SSH->TUN: 1280 байт
2026-04-07 19:51:10,523 [DEBUG] TUN->SSH: 52 байт
2026-04-07 19:51:10,523 [DEBUG] SSH->TUN: 1280 байт
2026-04-07 19:51:10,523 [DEBUG] SSH->TUN: 1280 байт
2026-04-07 19:51:10,523 [DEBUG] SSH->TUN: 1280 байт
2026-04-07 19:51:10,524 [DEBUG] TUN->SSH: 52 байт
2026-04-07 19:51:10,524 [DEBUG] SSH->TUN: 1280 байт
2026-04-07 19:51:10,524 [DEBUG] TUN->SSH: 52 байт
2026-04-07 19:51:10,524 [DEBUG] SSH->TUN: 1280 байт
2026-04-07 19:51:10,524 [DEBUG] SSH->TUN: 1280 байт
2026-04-07 19:51:10,525 [DEBUG] TUN->SSH: 52 байт
2026-04-07 19:51:10,525 [DEBUG] SSH->TUN: 1280 байт
2026-04-07 19:51:10,525 [DEBUG] SSH->TUN: 1280 байт
2026-04-07 19:51:10,525 [DEBUG] SSH->TUN: 1280 байт
2026-04-07 19:51:10,525 [DEBUG] TUN->SSH: 52 байт
2026-04-07 19:51:10,526 [DEBUG] SSH->TUN: 1280 байт
2026-04-07 19:51:10,526 [DEBUG] TUN->SSH: 52 байт
2026-04-07 19:51:10,526 [DEBUG] SSH->TUN: 1280 байт
2026-04-07 19:51:10,526 [DEBUG] SSH->TUN: 1280 байт
2026-04-07 19:51:10,526 [DEBUG] TUN->SSH: 52 байт
2026-04-07 19:51:10,527 [DEBUG] SSH->TUN: 1280 байт
2026-04-07 19:51:10,527 [DEBUG] SSH->TUN: 1280 байт
2026-04-07 19:51:10,527 [DEBUG] TUN->SSH: 52 байт
2026-04-07 19:51:10,527 [DEBUG] SSH->TUN: 1280 байт
2026-04-07 19:51:10,527 [DEBUG] TUN->SSH: 52 байт
2026-04-07 19:51:10,527 [DEBUG] SSH->TUN: 1280 байт
2026-04-07 19:51:10,528 [DEBUG] SSH->TUN: 1280 байт
2026-04-07 19:51:10,528 [DEBUG] SSH->TUN: 1280 байт
2026-04-07 19:51:10,528 [DEBUG] TUN->SSH: 52 байт
2026-04-07 19:51:10,528 [DEBUG] SSH->TUN: 1280 байт
2026-04-07 19:51:10,528 [DEBUG] TUN->SSH: 52 байт
2026-04-07 19:51:10,529 [DEBUG] SSH->TUN: 1280 байт
2026-04-07 19:51:10,529 [DEBUG] SSH->TUN: 1280 байт
2026-04-07 19:51:10,531 [DEBUG] SSH->TUN: 1280 байт
2026-04-07 19:51:10,532 [DEBUG] TUN->SSH: 52 байт
2026-04-07 19:51:10,532 [DEBUG] SSH->TUN: 1280 байт
2026-04-07 19:51:10,532 [DEBUG] TUN->SSH: 52 байт
2026-04-07 19:51:10,532 [DEBUG] SSH->TUN: 1280 байт
2026-04-07 19:51:10,533 [DEBUG] SSH->TUN: 1280 байт
2026-04-07 19:51:10,533 [DEBUG] SSH->TUN: 1280 байт
2026-04-07 19:51:10,533 [DEBUG] TUN->SSH: 52 байт
2026-04-07 19:51:10,533 [DEBUG] SSH->TUN: 1280 байт
2026-04-07 19:51:10,533 [DEBUG] TUN->SSH: 52 байт
2026-04-07 19:51:10,534 [DEBUG] SSH->TUN: 1280 байт
2026-04-07 19:51:10,534 [DEBUG] SSH->TUN: 52 байт
2026-04-07 19:51:10,534 [DEBUG] SSH->TUN: 229 байт
2026-04-07 19:51:10,534 [DEBUG] SSH->TUN: 576 байт
2026-04-07 19:51:10,534 [DEBUG] TUN->SSH: 52 байт
2026-04-07 19:51:10,535 [DEBUG] SSH->TUN: 153 байт
2026-04-07 19:51:10,535 [DEBUG] SSH->TUN: 1280 байт
2026-04-07 19:51:10,535 [DEBUG] SSH->TUN: 1280 байт
2026-04-07 19:51:10,535 [DEBUG] TUN->SSH: 52 байт
2026-04-07 19:51:10,535 [DEBUG] SSH->TUN: 1280 байт
2026-04-07 19:51:10,535 [DEBUG] TUN->SSH: 509 байт
2026-04-07 19:51:10,541 [DEBUG] SSH->TUN: 1280 байт
2026-04-07 19:51:10,550 [DEBUG] SSH->TUN: 232 байт
2026-04-07 19:51:10,550 [DEBUG] TUN->SSH: 40 байт
2026-04-07 19:51:10,574 [DEBUG] TUN->SSH: 52 байт
2026-04-07 19:51:10,575 [DEBUG] TUN->SSH: 52 байт
2026-04-07 19:51:10,590 [DEBUG] TUN->SSH: 52 байт
2026-04-07 19:51:10,622 [DEBUG] SSH->TUN: 1280 байт
2026-04-07 19:51:10,622 [DEBUG] SSH->TUN: 1280 байт
2026-04-07 19:51:10,622 [DEBUG] TUN->SSH: 52 байт
2026-04-07 19:51:10,622 [DEBUG] SSH->TUN: 1280 байт
2026-04-07 19:51:10,623 [DEBUG] SSH->TUN: 1280 байт
2026-04-07 19:51:10,623 [DEBUG] TUN->SSH: 52 байт
2026-04-07 19:51:10,623 [DEBUG] SSH->TUN: 576 байт
2026-04-07 19:51:10,624 [DEBUG] TUN->SSH: 40 байт
2026-04-07 19:51:10,624 [DEBUG] SSH->TUN: 139 байт
2026-04-07 19:51:10,624 [DEBUG] TUN->SSH: 40 байт
2026-04-07 19:51:10,624 [DEBUG] SSH->TUN: 1280 байт
2026-04-07 19:51:10,625 [DEBUG] TUN->SSH: 52 байт
2026-04-07 19:51:10,625 [DEBUG] SSH->TUN: 1280 байт
2026-04-07 19:51:10,625 [DEBUG] TUN->SSH: 52 байт
2026-04-07 19:51:10,625 [DEBUG] SSH->TUN: 1280 байт
2026-04-07 19:51:10,626 [DEBUG] TUN->SSH: 52 байт
2026-04-07 19:51:10,626 [DEBUG] SSH->TUN: 1280 байт
2026-04-07 19:51:10,626 [DEBUG] TUN->SSH: 52 байт
2026-04-07 19:51:10,627 [DEBUG] SSH->TUN: 1280 байт
2026-04-07 19:51:10,627 [DEBUG] TUN->SSH: 52 байт
2026-04-07 19:51:10,627 [DEBUG] SSH->TUN: 1280 байт
2026-04-07 19:51:10,627 [DEBUG] TUN->SSH: 52 байт
2026-04-07 19:51:10,627 [DEBUG] SSH->TUN: 52 байт
2026-04-07 19:51:10,628 [DEBUG] TUN->SSH: 40 байт
2026-04-07 19:51:10,628 [DEBUG] SSH->TUN: 1280 байт
2026-04-07 19:51:10,628 [DEBUG] TUN->SSH: 52 байт
2026-04-07 19:51:10,628 [DEBUG] SSH->TUN: 1280 байт
2026-04-07 19:51:10,629 [DEBUG] TUN->SSH: 52 байт
2026-04-07 19:51:10,629 [DEBUG] SSH->TUN: 1280 байт
2026-04-07 19:51:10,629 [DEBUG] SSH->TUN: 1280 байт
2026-04-07 19:51:10,629 [DEBUG] TUN->SSH: 52 байт
2026-04-07 19:51:10,629 [DEBUG] SSH->TUN: 1280 байт
2026-04-07 19:51:10,630 [DEBUG] TUN->SSH: 52 байт
2026-04-07 19:51:10,630 [DEBUG] SSH->TUN: 1280 байт
2026-04-07 19:51:10,630 [DEBUG] TUN->SSH: 52 байт
2026-04-07 19:51:10,630 [DEBUG] SSH->TUN: 1280 байт
2026-04-07 19:51:10,630 [DEBUG] SSH->TUN: 1280 байт
2026-04-07 19:51:10,631 [DEBUG] TUN->SSH: 52 байт
2026-04-07 19:51:10,631 [DEBUG] SSH->TUN: 1280 байт
2026-04-07 19:51:10,631 [DEBUG] TUN->SSH: 52 байт
2026-04-07 19:51:10,631 [DEBUG] SSH->TUN: 1280 байт
2026-04-07 19:51:10,632 [DEBUG] TUN->SSH: 52 байт
2026-04-07 19:51:10,632 [DEBUG] SSH->TUN: 1280 байт
2026-04-07 19:51:10,632 [DEBUG] TUN->SSH: 52 байт
2026-04-07 19:51:10,632 [DEBUG] SSH->TUN: 1280 байт
2026-04-07 19:51:10,633 [DEBUG] TUN->SSH: 52 байт
2026-04-07 19:51:10,633 [DEBUG] SSH->TUN: 1280 байт
2026-04-07 19:51:10,633 [DEBUG] SSH->TUN: 1280 байт
2026-04-07 19:51:10,633 [DEBUG] TUN->SSH: 52 байт
2026-04-07 19:51:10,633 [DEBUG] SSH->TUN: 1280 байт
2026-04-07 19:51:10,634 [DEBUG] TUN->SSH: 52 байт
2026-04-07 19:51:10,634 [DEBUG] SSH->TUN: 1280 байт
2026-04-07 19:51:10,634 [DEBUG] TUN->SSH: 52 байт
2026-04-07 19:51:10,634 [DEBUG] SSH->TUN: 1280 байт
2026-04-07 19:51:10,634 [DEBUG] TUN->SSH: 52 байт
2026-04-07 19:51:10,635 [DEBUG] TUN->SSH: 52 байт
2026-04-07 19:51:10,635 [DEBUG] SSH->TUN: 1280 байт
2026-04-07 19:51:10,635 [DEBUG] SSH->TUN: 1280 байт
2026-04-07 19:51:10,635 [DEBUG] TUN->SSH: 52 байт
2026-04-07 19:51:10,635 [DEBUG] SSH->TUN: 1280 байт
2026-04-07 19:51:10,636 [DEBUG] TUN->SSH: 52 байт
2026-04-07 19:51:10,636 [DEBUG] SSH->TUN: 1280 байт
2026-04-07 19:51:10,636 [DEBUG] SSH->TUN: 1280 байт
2026-04-07 19:51:10,636 [DEBUG] TUN->SSH: 52 байт
2026-04-07 19:51:10,637 [DEBUG] SSH->TUN: 1280 байт
2026-04-07 19:51:10,637 [DEBUG] TUN->SSH: 52 байт
2026-04-07 19:51:10,637 [DEBUG] SSH->TUN: 1280 байт
2026-04-07 19:51:10,637 [DEBUG] TUN->SSH: 52 байт
2026-04-07 19:51:10,637 [DEBUG] SSH->TUN: 1280 байт
2026-04-07 19:51:10,638 [DEBUG] SSH->TUN: 1280 байт
2026-04-07 19:51:10,638 [DEBUG] TUN->SSH: 52 байт
2026-04-07 19:51:10,638 [DEBUG] TUN->SSH: 52 байт
2026-04-07 19:51:10,638 [DEBUG] SSH->TUN: 1280 байт
2026-04-07 19:51:10,638 [DEBUG] SSH->TUN: 1280 байт
2026-04-07 19:51:10,639 [DEBUG] TUN->SSH: 52 байт
2026-04-07 19:51:10,639 [DEBUG] SSH->TUN: 1280 байт
2026-04-07 19:51:10,657 [DEBUG] SSH->TUN: 1280 байт
2026-04-07 19:51:10,657 [DEBUG] TUN->SSH: 52 байт
2026-04-07 19:51:10,658 [DEBUG] SSH->TUN: 1280 байт
2026-04-07 19:51:10,658 [DEBUG] TUN->SSH: 52 байт
2026-04-07 19:51:10,658 [DEBUG] SSH->TUN: 1280 байт
2026-04-07 19:51:10,658 [DEBUG] TUN->SSH: 52 байт
2026-04-07 19:51:10,658 [DEBUG] SSH->TUN: 1280 байт
2026-04-07 19:51:10,659 [DEBUG] TUN->SSH: 52 байт
2026-04-07 19:51:10,659 [DEBUG] SSH->TUN: 1280 байт
2026-04-07 19:51:10,659 [DEBUG] TUN->SSH: 52 байт
2026-04-07 19:51:10,659 [DEBUG] SSH->TUN: 1280 байт
2026-04-07 19:51:10,660 [DEBUG] SSH->TUN: 1280 байт
2026-04-07 19:51:10,660 [DEBUG] TUN->SSH: 52 байт
2026-04-07 19:51:10,660 [DEBUG] TUN->SSH: 52 байт
2026-04-07 19:51:10,661 [DEBUG] SSH->TUN: 1280 байт
2026-04-07 19:51:10,661 [DEBUG] SSH->TUN: 1280 байт
2026-04-07 19:51:10,661 [DEBUG] TUN->SSH: 52 байт
2026-04-07 19:51:10,661 [DEBUG] SSH->TUN: 1280 байт
2026-04-07 19:51:10,661 [DEBUG] TUN->SSH: 52 байт
2026-04-07 19:51:10,662 [DEBUG] TUN->SSH: 52 байт
2026-04-07 19:51:10,662 [DEBUG] SSH->TUN: 1280 байт
2026-04-07 19:51:10,662 [DEBUG] SSH->TUN: 1280 байт
2026-04-07 19:51:10,662 [DEBUG] SSH->TUN: 1280 байт
2026-04-07 19:51:10,662 [DEBUG] TUN->SSH: 52 байт
2026-04-07 19:51:10,663 [DEBUG] SSH->TUN: 1280 байт
2026-04-07 19:51:10,663 [DEBUG] TUN->SSH: 52 байт
2026-04-07 19:51:10,663 [DEBUG] SSH->TUN: 1280 байт
2026-04-07 19:51:10,663 [DEBUG] SSH->TUN: 1280 байт
2026-04-07 19:51:10,664 [DEBUG] TUN->SSH: 52 байт
2026-04-07 19:51:10,664 [DEBUG] SSH->TUN: 1280 байт
2026-04-07 19:51:10,664 [DEBUG] TUN->SSH: 52 байт
2026-04-07 19:51:10,664 [DEBUG] SSH->TUN: 1280 байт
2026-04-07 19:51:10,664 [DEBUG] SSH->TUN: 1280 байт
2026-04-07 19:51:10,664 [DEBUG] TUN->SSH: 52 байт
2026-04-07 19:51:10,665 [DEBUG] SSH->TUN: 1280 байт
2026-04-07 19:51:10,665 [DEBUG] TUN->SSH: 52 байт
2026-04-07 19:51:10,665 [DEBUG] SSH->TUN: 1280 байт
2026-04-07 19:51:10,665 [DEBUG] TUN->SSH: 52 байт
2026-04-07 19:51:10,665 [DEBUG] SSH->TUN: 1280 байт
2026-04-07 19:51:10,666 [DEBUG] TUN->SSH: 52 байт
2026-04-07 19:51:10,666 [DEBUG] SSH->TUN: 1280 байт
2026-04-07 19:51:10,666 [DEBUG] TUN->SSH: 52 байт
2026-04-07 19:51:10,666 [DEBUG] SSH->TUN: 1280 байт
2026-04-07 19:51:10,666 [DEBUG] SSH->TUN: 1280 байт
2026-04-07 19:51:10,667 [DEBUG] TUN->SSH: 52 байт
2026-04-07 19:51:10,667 [DEBUG] SSH->TUN: 1280 байт
2026-04-07 19:51:10,667 [DEBUG] TUN->SSH: 52 байт
2026-04-07 19:51:10,668 [DEBUG] SSH->TUN: 1280 байт
2026-04-07 19:51:10,668 [DEBUG] TUN->SSH: 52 байт
2026-04-07 19:51:10,668 [DEBUG] SSH->TUN: 1280 байт
2026-04-07 19:51:10,668 [DEBUG] TUN->SSH: 52 байт
2026-04-07 19:51:10,669 [DEBUG] SSH->TUN: 1280 байт
2026-04-07 19:51:10,669 [DEBUG] TUN->SSH: 52 байт
2026-04-07 19:51:10,669 [DEBUG] SSH->TUN: 1280 байт
2026-04-07 19:51:10,669 [DEBUG] SSH->TUN: 1280 байт
2026-04-07 19:51:10,669 [DEBUG] TUN->SSH: 52 байт
2026-04-07 19:51:10,669 [DEBUG] SSH->TUN: 1280 байт
2026-04-07 19:51:10,670 [DEBUG] TUN->SSH: 52 байт
2026-04-07 19:51:10,670 [DEBUG] TUN->SSH: 52 байт
2026-04-07 19:51:10,670 [DEBUG] SSH->TUN: 1280 байт
2026-04-07 19:51:10,670 [DEBUG] SSH->TUN: 1280 байт
2026-04-07 19:51:10,670 [DEBUG] SSH->TUN: 1280 байт
2026-04-07 19:51:10,671 [DEBUG] TUN->SSH: 52 байт
2026-04-07 19:51:10,671 [DEBUG] SSH->TUN: 1280 байт
2026-04-07 19:51:10,671 [DEBUG] TUN->SSH: 52 байт
2026-04-07 19:51:10,671 [DEBUG] SSH->TUN: 1280 байт
2026-04-07 19:51:10,672 [DEBUG] TUN->SSH: 52 байт
2026-04-07 19:51:10,672 [DEBUG] SSH->TUN: 1280 байт
2026-04-07 19:51:10,672 [DEBUG] TUN->SSH: 52 байт
2026-04-07 19:51:10,674 [DEBUG] SSH->TUN: 1280 байт
2026-04-07 19:51:10,674 [DEBUG] TUN->SSH: 52 байт
2026-04-07 19:51:10,674 [DEBUG] SSH->TUN: 1280 байт
2026-04-07 19:51:10,674 [DEBUG] SSH->TUN: 1280 байт
2026-04-07 19:51:10,675 [DEBUG] TUN->SSH: 52 байт
2026-04-07 19:51:10,675 [DEBUG] SSH->TUN: 1280 байт
2026-04-07 19:51:10,675 [DEBUG] TUN->SSH: 52 байт
2026-04-07 19:51:10,675 [DEBUG] SSH->TUN: 1280 байт
2026-04-07 19:51:10,675 [DEBUG] TUN->SSH: 52 байт
2026-04-07 19:51:10,675 [DEBUG] SSH->TUN: 1280 байт
2026-04-07 19:51:10,676 [DEBUG] TUN->SSH: 52 байт
2026-04-07 19:51:10,676 [DEBUG] SSH->TUN: 1280 байт
2026-04-07 19:51:10,676 [DEBUG] TUN->SSH: 52 байт
2026-04-07 19:51:10,676 [DEBUG] SSH->TUN: 1280 байт
2026-04-07 19:51:10,677 [DEBUG] TUN->SSH: 52 байт
2026-04-07 19:51:10,677 [DEBUG] SSH->TUN: 1280 байт
2026-04-07 19:51:10,677 [DEBUG] TUN->SSH: 52 байт
2026-04-07 19:51:10,677 [DEBUG] SSH->TUN: 1280 байт
2026-04-07 19:51:10,678 [DEBUG] SSH->TUN: 1280 байт
2026-04-07 19:51:10,678 [DEBUG] TUN->SSH: 52 байт
2026-04-07 19:51:10,678 [DEBUG] SSH->TUN: 1280 байт
2026-04-07 19:51:10,678 [DEBUG] TUN->SSH: 52 байт
2026-04-07 19:51:10,678 [DEBUG] SSH->TUN: 1280 байт
2026-04-07 19:51:10,679 [DEBUG] TUN->SSH: 52 байт
2026-04-07 19:51:10,679 [DEBUG] SSH->TUN: 1280 байт
2026-04-07 19:51:10,679 [DEBUG] TUN->SSH: 52 байт
2026-04-07 19:51:10,679 [DEBUG] SSH->TUN: 1280 байт
2026-04-07 19:51:10,679 [DEBUG] TUN->SSH: 52 байт
2026-04-07 19:51:10,680 [DEBUG] SSH->TUN: 1280 байт
2026-04-07 19:51:10,680 [DEBUG] SSH->TUN: 1280 байт
2026-04-07 19:51:10,680 [DEBUG] TUN->SSH: 52 байт
2026-04-07 19:51:10,680 [DEBUG] SSH->TUN: 1280 байт
2026-04-07 19:51:10,680 [DEBUG] TUN->SSH: 52 байт
2026-04-07 19:51:10,681 [DEBUG] SSH->TUN: 1280 байт
2026-04-07 19:51:10,681 [DEBUG] TUN->SSH: 52 байт
2026-04-07 19:51:10,681 [DEBUG] SSH->TUN: 1280 байт
2026-04-07 19:51:10,681 [DEBUG] TUN->SSH: 52 байт
2026-04-07 19:51:10,681 [DEBUG] SSH->TUN: 1280 байт
2026-04-07 19:51:10,682 [DEBUG] TUN->SSH: 52 байт
2026-04-07 19:51:10,682 [DEBUG] SSH->TUN: 1280 байт
2026-04-07 19:51:10,682 [DEBUG] TUN->SSH: 52 байт
2026-04-07 19:51:10,682 [DEBUG] SSH->TUN: 1280 байт
2026-04-07 19:51:10,682 [DEBUG] TUN->SSH: 52 байт
2026-04-07 19:51:10,683 [DEBUG] SSH->TUN: 1280 байт
2026-04-07 19:51:10,683 [DEBUG] SSH->TUN: 1280 байт
2026-04-07 19:51:10,683 [DEBUG] TUN->SSH: 52 байт
2026-04-07 19:51:10,683 [DEBUG] SSH->TUN: 1280 байт
2026-04-07 19:51:10,684 [DEBUG] TUN->SSH: 52 байт
2026-04-07 19:51:10,684 [DEBUG] SSH->TUN: 1280 байт
2026-04-07 19:51:10,684 [DEBUG] TUN->SSH: 52 байт
2026-04-07 19:51:10,684 [DEBUG] SSH->TUN: 1280 байт
2026-04-07 19:51:10,685 [DEBUG] TUN->SSH: 52 байт
2026-04-07 19:51:10,685 [DEBUG] SSH->TUN: 1280 байт
2026-04-07 19:51:10,685 [DEBUG] TUN->SSH: 52 байт
2026-04-07 19:51:10,685 [DEBUG] SSH->TUN: 1280 байт
2026-04-07 19:51:10,686 [DEBUG] SSH->TUN: 1280 байт
2026-04-07 19:51:10,686 [DEBUG] TUN->SSH: 52 байт
2026-04-07 19:51:10,688 [DEBUG] SSH->TUN: 1280 байт
2026-04-07 19:51:10,690 [DEBUG] SSH->TUN: 1280 байт
2026-04-07 19:51:10,691 [DEBUG] TUN->SSH: 52 байт
2026-04-07 19:51:10,691 [DEBUG] SSH->TUN: 1280 байт
2026-04-07 19:51:10,691 [DEBUG] TUN->SSH: 52 байт
2026-04-07 19:51:10,691 [DEBUG] SSH->TUN: 1280 байт
2026-04-07 19:51:10,691 [DEBUG] TUN->SSH: 52 байт
2026-04-07 19:51:10,692 [DEBUG] SSH->TUN: 1280 байт
2026-04-07 19:51:10,692 [DEBUG] TUN->SSH: 52 байт
2026-04-07 19:51:10,699 [DEBUG] SSH->TUN: 1280 байт
2026-04-07 19:51:10,699 [DEBUG] TUN->SSH: 52 байт
2026-04-07 19:51:10,699 [DEBUG] SSH->TUN: 1280 байт
2026-04-07 19:51:10,700 [DEBUG] TUN->SSH: 52 байт
2026-04-07 19:51:10,700 [DEBUG] SSH->TUN: 1280 байт
2026-04-07 19:51:10,700 [DEBUG] TUN->SSH: 52 байт
2026-04-07 19:51:10,700 [DEBUG] SSH->TUN: 1280 байт
2026-04-07 19:51:10,700 [DEBUG] SSH->TUN: 1280 байт
2026-04-07 19:51:10,701 [DEBUG] TUN->SSH: 52 байт
2026-04-07 19:51:10,701 [DEBUG] SSH->TUN: 1280 байт
2026-04-07 19:51:10,701 [DEBUG] TUN->SSH: 52 байт
2026-04-07 19:51:10,701 [DEBUG] SSH->TUN: 1280 байт
2026-04-07 19:51:10,701 [DEBUG] TUN->SSH: 52 байт
2026-04-07 19:51:10,702 [DEBUG] SSH->TUN: 1280 байт
2026-04-07 19:51:10,702 [DEBUG] TUN->SSH: 52 байт
2026-04-07 19:51:10,702 [DEBUG] SSH->TUN: 1280 байт
2026-04-07 19:51:10,702 [DEBUG] TUN->SSH: 52 байт
2026-04-07 19:51:10,702 [DEBUG] SSH->TUN: 1280 байт
2026-04-07 19:51:10,703 [DEBUG] TUN->SSH: 52 байт
2026-04-07 19:51:10,703 [DEBUG] SSH->TUN: 1280 байт
2026-04-07 19:51:10,703 [DEBUG] TUN->SSH: 52 байт
2026-04-07 19:51:10,703 [DEBUG] SSH->TUN: 1280 байт
2026-04-07 19:51:10,703 [DEBUG] TUN->SSH: 52 байт
2026-04-07 19:51:10,704 [DEBUG] SSH->TUN: 1280 байт
2026-04-07 19:51:10,704 [DEBUG] TUN->SSH: 52 байт
2026-04-07 19:51:10,704 [DEBUG] SSH->TUN: 1280 байт
2026-04-07 19:51:10,704 [DEBUG] TUN->SSH: 52 байт
2026-04-07 19:51:10,704 [DEBUG] SSH->TUN: 1280 байт
2026-04-07 19:51:10,705 [DEBUG] TUN->SSH: 52 байт
2026-04-07 19:51:10,705 [DEBUG] SSH->TUN: 1280 байт
2026-04-07 19:51:10,705 [DEBUG] SSH->TUN: 1280 байт
2026-04-07 19:51:10,705 [DEBUG] TUN->SSH: 52 байт
2026-04-07 19:51:10,722 [DEBUG] SSH->TUN: 1280 байт
2026-04-07 19:51:10,723 [DEBUG] TUN->SSH: 52 байт
2026-04-07 19:51:10,723 [DEBUG] SSH->TUN: 1280 байт
2026-04-07 19:51:10,723 [DEBUG] TUN->SSH: 52 байт
2026-04-07 19:51:10,723 [DEBUG] SSH->TUN: 1280 байт
2026-04-07 19:51:10,724 [DEBUG] TUN->SSH: 52 байт
2026-04-07 19:51:10,724 [DEBUG] SSH->TUN: 1280 байт
2026-04-07 19:51:10,724 [DEBUG] TUN->SSH: 52 байт
2026-04-07 19:51:10,724 [DEBUG] SSH->TUN: 1280 байт
2026-04-07 19:51:10,724 [DEBUG] TUN->SSH: 52 байт
2026-04-07 19:51:10,724 [DEBUG] SSH->TUN: 1280 байт
2026-04-07 19:51:10,725 [DEBUG] TUN->SSH: 52 байт
2026-04-07 19:51:10,725 [DEBUG] SSH->TUN: 1280 байт
2026-04-07 19:51:10,725 [DEBUG] TUN->SSH: 52 байт
2026-04-07 19:51:10,725 [DEBUG] SSH->TUN: 1280 байт
2026-04-07 19:51:10,725 [DEBUG] TUN->SSH: 52 байт
2026-04-07 19:51:10,726 [DEBUG] SSH->TUN: 1280 байт
2026-04-07 19:51:10,726 [DEBUG] TUN->SSH: 52 байт
2026-04-07 19:51:10,726 [DEBUG] TUN->SSH: 52 байт
2026-04-07 19:51:10,726 [DEBUG] SSH->TUN: 1280 байт
2026-04-07 19:51:10,727 [DEBUG] SSH->TUN: 1280 байт
2026-04-07 19:51:10,727 [DEBUG] TUN->SSH: 52 байт
2026-04-07 19:51:10,727 [DEBUG] SSH->TUN: 1280 байт
2026-04-07 19:51:10,727 [DEBUG] SSH->TUN: 1280 байт
2026-04-07 19:51:10,728 [DEBUG] TUN->SSH: 52 байт
2026-04-07 19:51:10,728 [DEBUG] SSH->TUN: 1280 байт
2026-04-07 19:51:10,728 [DEBUG] TUN->SSH: 52 байт
2026-04-07 19:51:10,729 [DEBUG] SSH->TUN: 1280 байт
2026-04-07 19:51:10,729 [DEBUG] TUN->SSH: 52 байт
2026-04-07 19:51:10,729 [DEBUG] SSH->TUN: 1280 байт
2026-04-07 19:51:10,729 [DEBUG] TUN->SSH: 52 байт
2026-04-07 19:51:10,729 [DEBUG] SSH->TUN: 1280 байт
2026-04-07 19:51:10,730 [DEBUG] TUN->SSH: 52 байт
2026-04-07 19:51:10,734 [DEBUG] SSH->TUN: 1280 байт
2026-04-07 19:51:10,735 [DEBUG] TUN->SSH: 52 байт
2026-04-07 19:51:10,735 [DEBUG] SSH->TUN: 1280 байт
2026-04-07 19:51:10,735 [DEBUG] TUN->SSH: 52 байт
2026-04-07 19:51:10,735 [DEBUG] SSH->TUN: 1280 байт
2026-04-07 19:51:10,735 [DEBUG] SSH->TUN: 1280 байт
2026-04-07 19:51:10,736 [DEBUG] TUN->SSH: 52 байт
2026-04-07 19:51:10,738 [DEBUG] SSH->TUN: 1280 байт
2026-04-07 19:51:10,738 [DEBUG] TUN->SSH: 52 байт
2026-04-07 19:51:10,738 [DEBUG] SSH->TUN: 1280 байт
2026-04-07 19:51:10,738 [DEBUG] TUN->SSH: 52 байт
2026-04-07 19:51:10,738 [DEBUG] SSH->TUN: 1280 байт
2026-04-07 19:51:10,751 [DEBUG] SSH->TUN: 1280 байт
2026-04-07 19:51:10,751 [DEBUG] TUN->SSH: 52 байт
2026-04-07 19:51:10,751 [DEBUG] SSH->TUN: 1280 байт
2026-04-07 19:51:10,752 [DEBUG] TUN->SSH: 52 байт
2026-04-07 19:51:10,752 [DEBUG] SSH->TUN: 1280 байт
2026-04-07 19:51:10,752 [DEBUG] TUN->SSH: 52 байт
2026-04-07 19:51:10,752 [DEBUG] SSH->TUN: 1280 байт
2026-04-07 19:51:10,753 [DEBUG] TUN->SSH: 52 байт
2026-04-07 19:51:10,753 [DEBUG] SSH->TUN: 1280 байт
2026-04-07 19:51:10,753 [DEBUG] TUN->SSH: 52 байт
2026-04-07 19:51:10,753 [DEBUG] SSH->TUN: 1280 байт
2026-04-07 19:51:10,753 [DEBUG] TUN->SSH: 52 байт
2026-04-07 19:51:10,754 [DEBUG] SSH->TUN: 1280 байт
2026-04-07 19:51:10,754 [DEBUG] TUN->SSH: 52 байт
2026-04-07 19:51:10,754 [DEBUG] SSH->TUN: 1280 байт
2026-04-07 19:51:10,755 [DEBUG] TUN->SSH: 52 байт
2026-04-07 19:51:10,755 [DEBUG] SSH->TUN: 1280 байт
2026-04-07 19:51:10,755 [DEBUG] TUN->SSH: 52 байт
2026-04-07 19:51:10,755 [DEBUG] SSH->TUN: 1280 байт
2026-04-07 19:51:10,755 [DEBUG] TUN->SSH: 52 байт
2026-04-07 19:51:10,755 [DEBUG] SSH->TUN: 1280 байт
2026-04-07 19:51:10,756 [DEBUG] TUN->SSH: 52 байт
2026-04-07 19:51:10,756 [DEBUG] SSH->TUN: 1280 байт
2026-04-07 19:51:10,756 [DEBUG] TUN->SSH: 52 байт
2026-04-07 19:51:10,756 [DEBUG] SSH->TUN: 1280 байт
2026-04-07 19:51:10,757 [DEBUG] TUN->SSH: 52 байт
2026-04-07 19:51:10,757 [DEBUG] SSH->TUN: 1280 байт
2026-04-07 19:51:10,757 [DEBUG] TUN->SSH: 52 байт
2026-04-07 19:51:10,757 [DEBUG] SSH->TUN: 1280 байт
2026-04-07 19:51:10,758 [DEBUG] SSH->TUN: 1280 байт
2026-04-07 19:51:10,758 [DEBUG] TUN->SSH: 52 байт
2026-04-07 19:51:10,758 [DEBUG] SSH->TUN: 1280 байт
2026-04-07 19:51:10,758 [DEBUG] TUN->SSH: 52 байт
2026-04-07 19:51:10,772 [DEBUG] SSH->TUN: 1280 байт
2026-04-07 19:51:10,773 [DEBUG] TUN->SSH: 52 байт
2026-04-07 19:51:10,773 [DEBUG] SSH->TUN: 1280 байт
2026-04-07 19:51:10,774 [DEBUG] TUN->SSH: 52 байт
2026-04-07 19:51:10,774 [DEBUG] SSH->TUN: 1280 байт
2026-04-07 19:51:10,774 [DEBUG] TUN->SSH: 52 байт
2026-04-07 19:51:10,774 [DEBUG] SSH->TUN: 1280 байт
2026-04-07 19:51:10,776 [DEBUG] SSH->TUN: 1280 байт
2026-04-07 19:51:10,776 [DEBUG] TUN->SSH: 52 байт
2026-04-07 19:51:10,776 [DEBUG] SSH->TUN: 1280 байт
2026-04-07 19:51:10,776 [DEBUG] TUN->SSH: 52 байт
2026-04-07 19:51:10,777 [DEBUG] SSH->TUN: 1280 байт
2026-04-07 19:51:10,777 [DEBUG] TUN->SSH: 52 байт
2026-04-07 19:51:10,777 [DEBUG] SSH->TUN: 1280 байт
2026-04-07 19:51:10,777 [DEBUG] TUN->SSH: 52 байт
2026-04-07 19:51:10,778 [DEBUG] SSH->TUN: 1280 байт
2026-04-07 19:51:10,778 [DEBUG] SSH->TUN: 1280 байт
2026-04-07 19:51:10,778 [DEBUG] TUN->SSH: 52 байт
2026-04-07 19:51:10,778 [DEBUG] SSH->TUN: 1280 байт
2026-04-07 19:51:10,778 [DEBUG] TUN->SSH: 52 байт
2026-04-07 19:51:10,778 [DEBUG] SSH->TUN: 1280 байт
2026-04-07 19:51:10,779 [DEBUG] TUN->SSH: 52 байт
2026-04-07 19:51:10,779 [DEBUG] TUN->SSH: 52 байт
2026-04-07 19:51:10,779 [DEBUG] SSH->TUN: 1280 байт
2026-04-07 19:51:10,779 [DEBUG] SSH->TUN: 1280 байт
2026-04-07 19:51:10,780 [DEBUG] TUN->SSH: 52 байт
2026-04-07 19:51:10,780 [DEBUG] SSH->TUN: 1280 байт
2026-04-07 19:51:10,781 [DEBUG] TUN->SSH: 52 байт
2026-04-07 19:51:10,781 [DEBUG] SSH->TUN: 1280 байт
2026-04-07 19:51:10,781 [DEBUG] TUN->SSH: 52 байт
2026-04-07 19:51:10,781 [DEBUG] SSH->TUN: 1280 байт
2026-04-07 19:51:10,781 [DEBUG] TUN->SSH: 52 байт
2026-04-07 19:51:10,781 [DEBUG] SSH->TUN: 1280 байт
2026-04-07 19:51:10,782 [DEBUG] TUN->SSH: 52 байт
2026-04-07 19:51:10,782 [DEBUG] SSH->TUN: 1280 байт
2026-04-07 19:51:10,782 [DEBUG] TUN->SSH: 52 байт
2026-04-07 19:51:10,782 [DEBUG] SSH->TUN: 1280 байт
2026-04-07 19:51:10,782 [DEBUG] TUN->SSH: 52 байт
2026-04-07 19:51:10,783 [DEBUG] SSH->TUN: 1280 байт
2026-04-07 19:51:10,786 [DEBUG] SSH->TUN: 1280 байт
2026-04-07 19:51:10,786 [DEBUG] TUN->SSH: 52 байт
2026-04-07 19:51:10,786 [DEBUG] SSH->TUN: 1280 байт
2026-04-07 19:51:10,786 [DEBUG] TUN->SSH: 52 байт
2026-04-07 19:51:10,787 [DEBUG] SSH->TUN: 1280 байт
2026-04-07 19:51:10,787 [DEBUG] TUN->SSH: 52 байт
2026-04-07 19:51:10,797 [DEBUG] SSH->TUN: 1280 байт
2026-04-07 19:51:10,797 [DEBUG] TUN->SSH: 52 байт
2026-04-07 19:51:10,798 [DEBUG] SSH->TUN: 1280 байт
2026-04-07 19:51:10,798 [DEBUG] TUN->SSH: 52 байт
2026-04-07 19:51:10,802 [DEBUG] SSH->TUN: 1280 байт
2026-04-07 19:51:10,803 [DEBUG] TUN->SSH: 52 байт
2026-04-07 19:51:10,803 [DEBUG] SSH->TUN: 1280 байт
2026-04-07 19:51:10,803 [DEBUG] TUN->SSH: 52 байт
2026-04-07 19:51:10,803 [DEBUG] SSH->TUN: 1280 байт
2026-04-07 19:51:10,803 [DEBUG] TUN->SSH: 52 байт
2026-04-07 19:51:10,804 [DEBUG] SSH->TUN: 1280 байт
2026-04-07 19:51:10,804 [DEBUG] TUN->SSH: 52 байт
2026-04-07 19:51:10,804 [DEBUG] SSH->TUN: 1280 байт
2026-04-07 19:51:10,804 [DEBUG] TUN->SSH: 52 байт
2026-04-07 19:51:10,804 [DEBUG] SSH->TUN: 1280 байт
2026-04-07 19:51:10,804 [DEBUG] SSH->TUN: 1280 байт
2026-04-07 19:51:10,805 [DEBUG] TUN->SSH: 52 байт
2026-04-07 19:51:10,805 [DEBUG] SSH->TUN: 1280 байт
2026-04-07 19:51:10,805 [DEBUG] TUN->SSH: 52 байт
2026-04-07 19:51:10,805 [DEBUG] SSH->TUN: 1280 байт
2026-04-07 19:51:10,805 [DEBUG] TUN->SSH: 52 байт
2026-04-07 19:51:10,806 [DEBUG] SSH->TUN: 1280 байт
2026-04-07 19:51:10,806 [DEBUG] TUN->SSH: 52 байт
2026-04-07 19:51:10,806 [DEBUG] SSH->TUN: 1280 байт
2026-04-07 19:51:10,806 [DEBUG] TUN->SSH: 52 байт
2026-04-07 19:51:10,806 [DEBUG] SSH->TUN: 1280 байт
2026-04-07 19:51:10,807 [DEBUG] TUN->SSH: 52 байт
2026-04-07 19:51:10,807 [DEBUG] SSH->TUN: 1280 байт
2026-04-07 19:51:10,807 [DEBUG] TUN->SSH: 52 байт
2026-04-07 19:51:10,807 [DEBUG] SSH->TUN: 1280 байт
2026-04-07 19:51:10,807 [DEBUG] TUN->SSH: 52 байт
2026-04-07 19:51:10,807 [DEBUG] SSH->TUN: 620 байт
2026-04-07 19:51:10,808 [DEBUG] TUN->SSH: 52 байт
2026-04-07 19:51:10,808 [DEBUG] SSH->TUN: 1280 байт
2026-04-07 19:51:10,808 [DEBUG] TUN->SSH: 52 байт
2026-04-07 19:51:10,815 [DEBUG] TUN->SSH: 413 байт
2026-04-07 19:51:10,819 [DEBUG] SSH->TUN: 1280 байт
2026-04-07 19:51:10,819 [DEBUG] TUN->SSH: 52 байт
2026-04-07 19:51:10,819 [DEBUG] SSH->TUN: 1280 байт
2026-04-07 19:51:10,819 [DEBUG] TUN->SSH: 52 байт
2026-04-07 19:51:10,819 [DEBUG] SSH->TUN: 1280 байт
2026-04-07 19:51:10,820 [DEBUG] TUN->SSH: 52 байт
2026-04-07 19:51:10,820 [DEBUG] SSH->TUN: 1280 байт
2026-04-07 19:51:10,820 [DEBUG] SSH->TUN: 1280 байт
2026-04-07 19:51:10,820 [DEBUG] TUN->SSH: 52 байт
2026-04-07 19:51:10,821 [DEBUG] SSH->TUN: 1280 байт
2026-04-07 19:51:10,821 [DEBUG] TUN->SSH: 52 байт
2026-04-07 19:51:10,821 [DEBUG] SSH->TUN: 1280 байт
2026-04-07 19:51:10,822 [DEBUG] TUN->SSH: 52 байт
2026-04-07 19:51:10,822 [DEBUG] SSH->TUN: 1280 байт
2026-04-07 19:51:10,822 [DEBUG] TUN->SSH: 52 байт
2026-04-07 19:51:10,823 [DEBUG] SSH->TUN: 1280 байт
2026-04-07 19:51:10,823 [DEBUG] TUN->SSH: 52 байт
2026-04-07 19:51:10,823 [DEBUG] SSH->TUN: 1280 байт
2026-04-07 19:51:10,823 [DEBUG] SSH->TUN: 1280 байт
2026-04-07 19:51:10,824 [DEBUG] TUN->SSH: 52 байт
2026-04-07 19:51:10,824 [DEBUG] SSH->TUN: 1280 байт
2026-04-07 19:51:10,824 [DEBUG] TUN->SSH: 52 байт
2026-04-07 19:51:10,824 [DEBUG] TUN->SSH: 52 байт
2026-04-07 19:51:10,825 [DEBUG] SSH->TUN: 1280 байт
2026-04-07 19:51:10,825 [DEBUG] SSH->TUN: 1280 байт
2026-04-07 19:51:10,825 [DEBUG] TUN->SSH: 52 байт
2026-04-07 19:51:10,825 [DEBUG] SSH->TUN: 1280 байт
2026-04-07 19:51:10,825 [DEBUG] TUN->SSH: 52 байт
2026-04-07 19:51:10,826 [DEBUG] SSH->TUN: 96 байт
2026-04-07 19:51:10,826 [DEBUG] TUN->SSH: 52 байт
2026-04-07 19:51:10,826 [DEBUG] SSH->TUN: 1280 байт
2026-04-07 19:51:10,826 [DEBUG] SSH->TUN: 1280 байт
2026-04-07 19:51:10,827 [DEBUG] TUN->SSH: 52 байт
2026-04-07 19:51:10,827 [DEBUG] SSH->TUN: 1280 байт
2026-04-07 19:51:10,827 [DEBUG] TUN->SSH: 52 байт
2026-04-07 19:51:10,827 [DEBUG] SSH->TUN: 1280 байт
2026-04-07 19:51:10,828 [DEBUG] TUN->SSH: 52 байт
2026-04-07 19:51:10,828 [DEBUG] SSH->TUN: 1280 байт
2026-04-07 19:51:10,828 [DEBUG] SSH->TUN: 1280 байт
2026-04-07 19:51:10,828 [DEBUG] TUN->SSH: 52 байт
2026-04-07 19:51:10,830 [DEBUG] SSH->TUN: 1280 байт
2026-04-07 19:51:10,831 [DEBUG] TUN->SSH: 52 байт
2026-04-07 19:51:10,831 [DEBUG] SSH->TUN: 1280 байт
2026-04-07 19:51:10,831 [DEBUG] TUN->SSH: 52 байт
2026-04-07 19:51:10,831 [DEBUG] SSH->TUN: 1280 байт
2026-04-07 19:51:10,833 [DEBUG] TUN->SSH: 301 байт
2026-04-07 19:51:10,848 [DEBUG] TUN->SSH: 52 байт
2026-04-07 19:51:10,848 [DEBUG] SSH->TUN: 1280 байт
2026-04-07 19:51:10,848 [DEBUG] SSH->TUN: 1280 байт
2026-04-07 19:51:10,848 [DEBUG] TUN->SSH: 52 байт
2026-04-07 19:51:10,848 [DEBUG] SSH->TUN: 1280 байт
2026-04-07 19:51:10,849 [DEBUG] TUN->SSH: 52 байт
2026-04-07 19:51:10,854 [DEBUG] SSH->TUN: 1280 байт
2026-04-07 19:51:10,854 [DEBUG] SSH->TUN: 1280 байт
2026-04-07 19:51:10,855 [DEBUG] TUN->SSH: 52 байт
2026-04-07 19:51:10,855 [DEBUG] SSH->TUN: 1280 байт
2026-04-07 19:51:10,855 [DEBUG] TUN->SSH: 52 байт
2026-04-07 19:51:10,855 [DEBUG] SSH->TUN: 1280 байт
2026-04-07 19:51:10,856 [DEBUG] TUN->SSH: 52 байт
2026-04-07 19:51:10,856 [DEBUG] SSH->TUN: 1280 байт
2026-04-07 19:51:10,856 [DEBUG] TUN->SSH: 52 байт
2026-04-07 19:51:10,857 [DEBUG] TUN->SSH: 52 байт
2026-04-07 19:51:10,857 [DEBUG] SSH->TUN: 1280 байт
2026-04-07 19:51:10,857 [DEBUG] SSH->TUN: 1280 байт
2026-04-07 19:51:10,857 [DEBUG] SSH->TUN: 1280 байт
2026-04-07 19:51:10,857 [DEBUG] TUN->SSH: 52 байт
2026-04-07 19:51:10,857 [DEBUG] SSH->TUN: 1280 байт
2026-04-07 19:51:10,858 [DEBUG] TUN->SSH: 52 байт
2026-04-07 19:51:10,858 [DEBUG] SSH->TUN: 1280 байт
2026-04-07 19:51:10,858 [DEBUG] TUN->SSH: 52 байт
2026-04-07 19:51:10,858 [DEBUG] SSH->TUN: 1280 байт
2026-04-07 19:51:10,858 [DEBUG] SSH->TUN: 1280 байт
2026-04-07 19:51:10,859 [DEBUG] TUN->SSH: 52 байт
2026-04-07 19:51:10,859 [DEBUG] SSH->TUN: 1280 байт
2026-04-07 19:51:10,859 [DEBUG] TUN->SSH: 52 байт
2026-04-07 19:51:10,859 [DEBUG] SSH->TUN: 1280 байт
2026-04-07 19:51:10,859 [DEBUG] TUN->SSH: 52 байт
2026-04-07 19:51:10,860 [DEBUG] SSH->TUN: 1280 байт
2026-04-07 19:51:10,868 [DEBUG] SSH->TUN: 1280 байт
2026-04-07 19:51:10,869 [DEBUG] TUN->SSH: 52 байт
2026-04-07 19:51:10,869 [DEBUG] SSH->TUN: 1280 байт
2026-04-07 19:51:10,869 [DEBUG] TUN->SSH: 52 байт
2026-04-07 19:51:10,869 [DEBUG] SSH->TUN: 1280 байт
2026-04-07 19:51:10,870 [DEBUG] TUN->SSH: 52 байт
2026-04-07 19:51:10,870 [DEBUG] SSH->TUN: 1280 байт
2026-04-07 19:51:10,870 [DEBUG] SSH->TUN: 1280 байт
2026-04-07 19:51:10,870 [DEBUG] TUN->SSH: 52 байт
2026-04-07 19:51:10,871 [DEBUG] SSH->TUN: 1280 байт
2026-04-07 19:51:10,871 [DEBUG] TUN->SSH: 52 байт
2026-04-07 19:51:10,871 [DEBUG] SSH->TUN: 1280 байт
2026-04-07 19:51:10,871 [DEBUG] SSH->TUN: 1280 байт
2026-04-07 19:51:10,872 [DEBUG] TUN->SSH: 52 байт
2026-04-07 19:51:10,872 [DEBUG] SSH->TUN: 1280 байт
2026-04-07 19:51:10,872 [DEBUG] TUN->SSH: 52 байт
2026-04-07 19:51:10,872 [DEBUG] SSH->TUN: 1280 байт
2026-04-07 19:51:10,872 [DEBUG] TUN->SSH: 52 байт
2026-04-07 19:51:10,873 [DEBUG] SSH->TUN: 1280 байт
2026-04-07 19:51:10,873 [DEBUG] TUN->SSH: 52 байт
2026-04-07 19:51:10,873 [DEBUG] SSH->TUN: 1280 байт
2026-04-07 19:51:10,873 [DEBUG] TUN->SSH: 52 байт
2026-04-07 19:51:10,877 [DEBUG] SSH->TUN: 1280 байт
2026-04-07 19:51:10,877 [DEBUG] TUN->SSH: 52 байт
2026-04-07 19:51:10,877 [DEBUG] SSH->TUN: 1280 байт
2026-04-07 19:51:10,878 [DEBUG] TUN->SSH: 52 байт
2026-04-07 19:51:10,878 [DEBUG] SSH->TUN: 1280 байт
2026-04-07 19:51:10,878 [DEBUG] TUN->SSH: 52 байт
2026-04-07 19:51:10,878 [DEBUG] SSH->TUN: 1280 байт
2026-04-07 19:51:10,878 [DEBUG] SSH->TUN: 1280 байт
2026-04-07 19:51:10,879 [DEBUG] TUN->SSH: 52 байт
2026-04-07 19:51:10,879 [DEBUG] SSH->TUN: 1280 байт
2026-04-07 19:51:10,879 [DEBUG] SSH->TUN: 1280 байт
2026-04-07 19:51:10,879 [DEBUG] TUN->SSH: 52 байт
2026-04-07 19:51:10,879 [DEBUG] SSH->TUN: 1280 байт
2026-04-07 19:51:10,880 [DEBUG] TUN->SSH: 52 байт
2026-04-07 19:51:10,880 [DEBUG] SSH->TUN: 1280 байт
2026-04-07 19:51:10,880 [DEBUG] TUN->SSH: 52 байт
2026-04-07 19:51:10,880 [DEBUG] SSH->TUN: 1280 байт
2026-04-07 19:51:10,881 [DEBUG] TUN->SSH: 52 байт
2026-04-07 19:51:10,881 [DEBUG] SSH->TUN: 1280 байт
2026-04-07 19:51:10,881 [DEBUG] TUN->SSH: 52 байт
2026-04-07 19:51:10,881 [DEBUG] SSH->TUN: 1280 байт
2026-04-07 19:51:10,889 [DEBUG] SSH->TUN: 1280 байт
2026-04-07 19:51:10,889 [DEBUG] TUN->SSH: 52 байт
2026-04-07 19:51:10,889 [DEBUG] SSH->TUN: 1280 байт
2026-04-07 19:51:10,901 [DEBUG] SSH->TUN: 1280 байт
2026-04-07 19:51:10,901 [DEBUG] TUN->SSH: 52 байт
2026-04-07 19:51:10,904 [DEBUG] TUN->SSH: 52 байт
2026-04-07 19:51:10,904 [DEBUG] SSH->TUN: 1280 байт
2026-04-07 19:51:10,904 [DEBUG] SSH->TUN: 1280 байт
2026-04-07 19:51:10,905 [DEBUG] TUN->SSH: 52 байт
2026-04-07 19:51:10,905 [DEBUG] SSH->TUN: 1280 байт
2026-04-07 19:51:10,905 [DEBUG] TUN->SSH: 52 байт
2026-04-07 19:51:10,905 [DEBUG] SSH->TUN: 1280 байт
2026-04-07 19:51:10,905 [DEBUG] SSH->TUN: 1280 байт
2026-04-07 19:51:10,906 [DEBUG] TUN->SSH: 52 байт
2026-04-07 19:51:10,906 [DEBUG] SSH->TUN: 1280 байт
2026-04-07 19:51:10,906 [DEBUG] TUN->SSH: 52 байт
2026-04-07 19:51:10,906 [DEBUG] SSH->TUN: 1280 байт
2026-04-07 19:51:10,906 [DEBUG] TUN->SSH: 52 байт
2026-04-07 19:51:10,907 [DEBUG] SSH->TUN: 1280 байт
2026-04-07 19:51:10,907 [DEBUG] TUN->SSH: 52 байт
2026-04-07 19:51:10,907 [DEBUG] SSH->TUN: 1280 байт
2026-04-07 19:51:10,907 [DEBUG] SSH->TUN: 1280 байт
2026-04-07 19:51:10,907 [DEBUG] TUN->SSH: 52 байт
2026-04-07 19:51:10,908 [DEBUG] SSH->TUN: 1280 байт
2026-04-07 19:51:10,908 [DEBUG] TUN->SSH: 52 байт
2026-04-07 19:51:10,908 [DEBUG] SSH->TUN: 1280 байт
2026-04-07 19:51:10,908 [DEBUG] TUN->SSH: 52 байт
2026-04-07 19:51:10,909 [DEBUG] SSH->TUN: 1280 байт
2026-04-07 19:51:10,909 [DEBUG] SSH->TUN: 1280 байт
2026-04-07 19:51:10,909 [DEBUG] TUN->SSH: 52 байт
2026-04-07 19:51:10,919 [DEBUG] SSH->TUN: 1280 байт
2026-04-07 19:51:10,920 [DEBUG] TUN->SSH: 52 байт
2026-04-07 19:51:10,920 [DEBUG] SSH->TUN: 1280 байт
2026-04-07 19:51:10,920 [DEBUG] TUN->SSH: 52 байт
2026-04-07 19:51:10,920 [DEBUG] SSH->TUN: 1280 байт
2026-04-07 19:51:10,921 [DEBUG] SSH->TUN: 1280 байт
2026-04-07 19:51:10,921 [DEBUG] TUN->SSH: 52 байт
2026-04-07 19:51:10,924 [DEBUG] SSH->TUN: 1280 байт
2026-04-07 19:51:10,925 [DEBUG] TUN->SSH: 52 байт
2026-04-07 19:51:10,925 [DEBUG] SSH->TUN: 1280 байт
2026-04-07 19:51:10,925 [DEBUG] TUN->SSH: 52 байт
2026-04-07 19:51:10,925 [DEBUG] SSH->TUN: 1280 байт
2026-04-07 19:51:10,926 [DEBUG] SSH->TUN: 1280 байт
2026-04-07 19:51:10,926 [DEBUG] TUN->SSH: 52 байт
2026-04-07 19:51:10,926 [DEBUG] SSH->TUN: 1280 байт
2026-04-07 19:51:10,927 [DEBUG] TUN->SSH: 52 байт
2026-04-07 19:51:10,927 [DEBUG] SSH->TUN: 1280 байт
2026-04-07 19:51:10,927 [DEBUG] TUN->SSH: 52 байт
2026-04-07 19:51:10,927 [DEBUG] SSH->TUN: 1280 байт
2026-04-07 19:51:10,927 [DEBUG] TUN->SSH: 52 байт
2026-04-07 19:51:10,928 [DEBUG] SSH->TUN: 1280 байт
2026-04-07 19:51:10,928 [DEBUG] TUN->SSH: 52 байт
2026-04-07 19:51:10,928 [DEBUG] SSH->TUN: 1280 байт
2026-04-07 19:51:10,928 [DEBUG] TUN->SSH: 52 байт
2026-04-07 19:51:10,928 [DEBUG] SSH->TUN: 1280 байт
2026-04-07 19:51:10,929 [DEBUG] TUN->SSH: 52 байт
2026-04-07 19:51:10,929 [DEBUG] SSH->TUN: 1280 байт
2026-04-07 19:51:10,929 [DEBUG] SSH->TUN: 1280 байт
2026-04-07 19:51:10,929 [DEBUG] TUN->SSH: 52 байт
2026-04-07 19:51:10,929 [DEBUG] SSH->TUN: 1280 байт
2026-04-07 19:51:10,930 [DEBUG] TUN->SSH: 52 байт
2026-04-07 19:51:10,930 [DEBUG] SSH->TUN: 1280 байт
2026-04-07 19:51:10,930 [DEBUG] TUN->SSH: 52 байт
2026-04-07 19:51:10,930 [DEBUG] SSH->TUN: 1280 байт
2026-04-07 19:51:10,931 [DEBUG] TUN->SSH: 52 байт
2026-04-07 19:51:10,931 [DEBUG] SSH->TUN: 1280 байт
2026-04-07 19:51:10,931 [DEBUG] TUN->SSH: 52 байт
2026-04-07 19:51:10,931 [DEBUG] SSH->TUN: 1280 байт
2026-04-07 19:51:10,932 [DEBUG] TUN->SSH: 52 байт
2026-04-07 19:51:10,932 [DEBUG] SSH->TUN: 1280 байт
2026-04-07 19:51:10,932 [DEBUG] TUN->SSH: 52 байт
2026-04-07 19:51:10,932 [DEBUG] SSH->TUN: 1280 байт
2026-04-07 19:51:10,932 [DEBUG] SSH->TUN: 1280 байт
2026-04-07 19:51:10,933 [DEBUG] TUN->SSH: 52 байт
2026-04-07 19:51:10,933 [DEBUG] SSH->TUN: 1280 байт
2026-04-07 19:51:10,933 [DEBUG] TUN->SSH: 52 байт
2026-04-07 19:51:10,935 [DEBUG] SSH->TUN: 1280 байт
2026-04-07 19:51:10,935 [DEBUG] SSH->TUN: 1280 байт
2026-04-07 19:51:10,935 [DEBUG] TUN->SSH: 52 байт
2026-04-07 19:51:10,937 [DEBUG] SSH->TUN: 1280 байт
2026-04-07 19:51:10,937 [DEBUG] TUN->SSH: 52 байт
2026-04-07 19:51:10,952 [DEBUG] SSH->TUN: 1280 байт
2026-04-07 19:51:10,952 [DEBUG] TUN->SSH: 52 байт
2026-04-07 19:51:10,952 [DEBUG] SSH->TUN: 1280 байт
2026-04-07 19:51:10,953 [DEBUG] SSH->TUN: 1280 байт
2026-04-07 19:51:10,953 [DEBUG] TUN->SSH: 52 байт
2026-04-07 19:51:10,953 [DEBUG] SSH->TUN: 1280 байт
2026-04-07 19:51:10,954 [DEBUG] TUN->SSH: 52 байт
2026-04-07 19:51:10,954 [DEBUG] SSH->TUN: 1280 байт
2026-04-07 19:51:10,954 [DEBUG] TUN->SSH: 52 байт
2026-04-07 19:51:10,954 [DEBUG] SSH->TUN: 1280 байт
2026-04-07 19:51:10,954 [DEBUG] SSH->TUN: 1280 байт
2026-04-07 19:51:10,955 [DEBUG] TUN->SSH: 52 байт
2026-04-07 19:51:10,955 [DEBUG] SSH->TUN: 1280 байт
2026-04-07 19:51:10,955 [DEBUG] TUN->SSH: 52 байт
2026-04-07 19:51:10,955 [DEBUG] SSH->TUN: 1280 байт
2026-04-07 19:51:10,956 [DEBUG] TUN->SSH: 52 байт
2026-04-07 19:51:10,956 [DEBUG] SSH->TUN: 1280 байт
2026-04-07 19:51:10,956 [DEBUG] TUN->SSH: 52 байт
2026-04-07 19:51:10,956 [DEBUG] SSH->TUN: 1280 байт
2026-04-07 19:51:10,957 [DEBUG] TUN->SSH: 52 байт
2026-04-07 19:51:10,957 [DEBUG] SSH->TUN: 1280 байт
2026-04-07 19:51:10,957 [DEBUG] TUN->SSH: 52 байт
2026-04-07 19:51:10,957 [DEBUG] SSH->TUN: 1280 байт
2026-04-07 19:51:10,957 [DEBUG] TUN->SSH: 52 байт
2026-04-07 19:51:10,958 [DEBUG] SSH->TUN: 1280 байт
2026-04-07 19:51:10,958 [DEBUG] TUN->SSH: 52 байт
2026-04-07 19:51:10,958 [DEBUG] SSH->TUN: 1280 байт
2026-04-07 19:51:10,958 [DEBUG] TUN->SSH: 52 байт
2026-04-07 19:51:10,989 [DEBUG] SSH->TUN: 1280 байт
2026-04-07 19:51:10,990 [DEBUG] SSH->TUN: 108 байт
2026-04-07 19:51:10,990 [DEBUG] TUN->SSH: 52 байт
2026-04-07 19:51:10,996 [DEBUG] TUN->SSH: 445 байт
2026-04-07 19:51:11,058 [DEBUG] SSH->TUN: 1280 байт
2026-04-07 19:51:11,059 [DEBUG] TUN->SSH: 52 байт
2026-04-07 19:51:11,065 [DEBUG] SSH->TUN: 1280 байт
2026-04-07 19:51:11,066 [DEBUG] TUN->SSH: 52 байт
2026-04-07 19:51:11,066 [DEBUG] SSH->TUN: 1280 байт
2026-04-07 19:51:11,066 [DEBUG] SSH->TUN: 1280 байт
2026-04-07 19:51:11,067 [DEBUG] TUN->SSH: 52 байт
2026-04-07 19:51:11,067 [DEBUG] SSH->TUN: 1280 байт
2026-04-07 19:51:11,067 [DEBUG] SSH->TUN: 1280 байт
2026-04-07 19:51:11,067 [DEBUG] TUN->SSH: 52 байт
2026-04-07 19:51:11,067 [DEBUG] SSH->TUN: 808 байт
2026-04-07 19:51:11,069 [DEBUG] SSH->TUN: 52 байт
2026-04-07 19:51:11,070 [DEBUG] SSH->TUN: 1280 байт
2026-04-07 19:51:11,070 [DEBUG] TUN->SSH: 52 байт
2026-04-07 19:51:11,070 [DEBUG] SSH->TUN: 1280 байт
2026-04-07 19:51:11,070 [DEBUG] TUN->SSH: 52 байт
2026-04-07 19:51:11,071 [DEBUG] SSH->TUN: 1280 байт
2026-04-07 19:51:11,071 [DEBUG] TUN->SSH: 52 байт
2026-04-07 19:51:11,071 [DEBUG] SSH->TUN: 1280 байт
2026-04-07 19:51:11,072 [DEBUG] TUN->SSH: 52 байт
2026-04-07 19:51:11,072 [DEBUG] SSH->TUN: 1280 байт
2026-04-07 19:51:11,072 [DEBUG] TUN->SSH: 1280 байт
2026-04-07 19:51:11,072 [DEBUG] SSH->TUN: 1280 байт
2026-04-07 19:51:11,072 [DEBUG] TUN->SSH: 724 байт
2026-04-07 19:51:11,073 [DEBUG] SSH->TUN: 237 байт
2026-04-07 19:51:11,073 [DEBUG] TUN->SSH: 52 байт
2026-04-07 19:51:11,073 [DEBUG] SSH->TUN: 1280 байт
2026-04-07 19:51:11,073 [DEBUG] SSH->TUN: 1280 байт
2026-04-07 19:51:11,074 [DEBUG] TUN->SSH: 52 байт
2026-04-07 19:51:11,074 [DEBUG] SSH->TUN: 1280 байт
2026-04-07 19:51:11,074 [DEBUG] SSH->TUN: 1280 байт
2026-04-07 19:51:11,074 [DEBUG] TUN->SSH: 52 байт
2026-04-07 19:51:11,074 [DEBUG] SSH->TUN: 1280 байт
2026-04-07 19:51:11,074 [DEBUG] SSH->TUN: 1280 байт
2026-04-07 19:51:11,075 [DEBUG] TUN->SSH: 52 байт
2026-04-07 19:51:11,075 [DEBUG] SSH->TUN: 592 байт
2026-04-07 19:51:11,075 [DEBUG] TUN->SSH: 52 байт
2026-04-07 19:51:11,075 [DEBUG] SSH->TUN: 1280 байт
2026-04-07 19:51:11,076 [DEBUG] SSH->TUN: 1280 байт
2026-04-07 19:51:11,076 [DEBUG] TUN->SSH: 52 байт
2026-04-07 19:51:11,076 [DEBUG] SSH->TUN: 1280 байт
2026-04-07 19:51:11,076 [DEBUG] SSH->TUN: 1280 байт
2026-04-07 19:51:11,076 [DEBUG] TUN->SSH: 52 байт
2026-04-07 19:51:11,076 [DEBUG] SSH->TUN: 1280 байт
2026-04-07 19:51:11,077 [DEBUG] SSH->TUN: 1280 байт
2026-04-07 19:51:11,077 [DEBUG] TUN->SSH: 52 байт
2026-04-07 19:51:11,077 [DEBUG] SSH->TUN: 1280 байт
2026-04-07 19:51:11,077 [DEBUG] SSH->TUN: 1280 байт
2026-04-07 19:51:11,077 [DEBUG] TUN->SSH: 52 байт
2026-04-07 19:51:11,078 [DEBUG] SSH->TUN: 1280 байт
2026-04-07 19:51:11,078 [DEBUG] SSH->TUN: 1280 байт
2026-04-07 19:51:11,078 [DEBUG] TUN->SSH: 52 байт
2026-04-07 19:51:11,078 [DEBUG] SSH->TUN: 1280 байт
2026-04-07 19:51:11,078 [DEBUG] SSH->TUN: 1280 байт
2026-04-07 19:51:11,079 [DEBUG] TUN->SSH: 52 байт
2026-04-07 19:51:11,079 [DEBUG] SSH->TUN: 792 байт
2026-04-07 19:51:11,079 [DEBUG] SSH->TUN: 1280 байт
2026-04-07 19:51:11,079 [DEBUG] SSH->TUN: 1280 байт
2026-04-07 19:51:11,079 [DEBUG] TUN->SSH: 52 байт
2026-04-07 19:51:11,080 [DEBUG] SSH->TUN: 1280 байт
2026-04-07 19:51:11,080 [DEBUG] SSH->TUN: 1280 байт
2026-04-07 19:51:11,080 [DEBUG] TUN->SSH: 52 байт
2026-04-07 19:51:11,080 [DEBUG] SSH->TUN: 1280 байт
2026-04-07 19:51:11,080 [DEBUG] SSH->TUN: 1280 байт
2026-04-07 19:51:11,081 [DEBUG] TUN->SSH: 52 байт
2026-04-07 19:51:11,081 [DEBUG] SSH->TUN: 1280 байт
2026-04-07 19:51:11,081 [DEBUG] TUN->SSH: 52 байт
2026-04-07 19:51:11,082 [DEBUG] SSH->TUN: 1280 байт
2026-04-07 19:51:11,082 [DEBUG] SSH->TUN: 1280 байт
2026-04-07 19:51:11,082 [DEBUG] SSH->TUN: 1280 байт
2026-04-07 19:51:11,082 [DEBUG] TUN->SSH: 52 байт
2026-04-07 19:51:11,082 [DEBUG] SSH->TUN: 1280 байт
2026-04-07 19:51:11,083 [DEBUG] SSH->TUN: 1280 байт
2026-04-07 19:51:11,083 [DEBUG] TUN->SSH: 52 байт
2026-04-07 19:51:11,083 [DEBUG] SSH->TUN: 1280 байт
2026-04-07 19:51:11,083 [DEBUG] SSH->TUN: 1280 байт
2026-04-07 19:51:11,083 [DEBUG] TUN->SSH: 52 байт
2026-04-07 19:51:11,084 [DEBUG] SSH->TUN: 1280 байт
2026-04-07 19:51:11,108 [DEBUG] TUN->SSH: 52 байт
2026-04-07 19:51:11,119 [DEBUG] TUN->SSH: 52 байт
2026-04-07 19:51:11,124 [DEBUG] TUN->SSH: 52 байт
2026-04-07 19:51:11,132 [DEBUG] SSH->TUN: 1280 байт
2026-04-07 19:51:11,132 [DEBUG] TUN->SSH: 52 байт
2026-04-07 19:51:11,133 [DEBUG] SSH->TUN: 1280 байт
2026-04-07 19:51:11,133 [DEBUG] TUN->SSH: 52 байт
2026-04-07 19:51:11,133 [DEBUG] SSH->TUN: 1280 байт
2026-04-07 19:51:11,133 [DEBUG] TUN->SSH: 52 байт
2026-04-07 19:51:11,134 [DEBUG] SSH->TUN: 1280 байт
2026-04-07 19:51:11,134 [DEBUG] TUN->SSH: 52 байт
2026-04-07 19:51:11,134 [DEBUG] SSH->TUN: 1280 байт
2026-04-07 19:51:11,134 [DEBUG] TUN->SSH: 52 байт
2026-04-07 19:51:11,135 [DEBUG] SSH->TUN: 1280 байт
2026-04-07 19:51:11,135 [DEBUG] TUN->SSH: 52 байт
2026-04-07 19:51:11,135 [DEBUG] SSH->TUN: 1280 байт
2026-04-07 19:51:11,135 [DEBUG] TUN->SSH: 52 байт
2026-04-07 19:51:11,136 [DEBUG] SSH->TUN: 1280 байт
2026-04-07 19:51:11,136 [DEBUG] TUN->SSH: 52 байт
2026-04-07 19:51:11,136 [DEBUG] SSH->TUN: 1280 байт
2026-04-07 19:51:11,136 [DEBUG] SSH->TUN: 1280 байт
2026-04-07 19:51:11,137 [DEBUG] TUN->SSH: 52 байт
2026-04-07 19:51:11,137 [DEBUG] SSH->TUN: 1280 байт
2026-04-07 19:51:11,137 [DEBUG] SSH->TUN: 1280 байт
2026-04-07 19:51:11,137 [DEBUG] TUN->SSH: 52 байт
2026-04-07 19:51:11,138 [DEBUG] SSH->TUN: 1280 байт
2026-04-07 19:51:11,138 [DEBUG] SSH->TUN: 1280 байт
2026-04-07 19:51:11,138 [DEBUG] TUN->SSH: 52 байт
2026-04-07 19:51:11,138 [DEBUG] SSH->TUN: 1280 байт
2026-04-07 19:51:11,138 [DEBUG] SSH->TUN: 1280 байт
2026-04-07 19:51:11,139 [DEBUG] TUN->SSH: 52 байт
2026-04-07 19:51:11,139 [DEBUG] SSH->TUN: 1280 байт
2026-04-07 19:51:11,139 [DEBUG] SSH->TUN: 1280 байт
2026-04-07 19:51:11,139 [DEBUG] TUN->SSH: 52 байт
2026-04-07 19:51:11,139 [DEBUG] SSH->TUN: 1280 байт
2026-04-07 19:51:11,140 [DEBUG] SSH->TUN: 1280 байт
2026-04-07 19:51:11,140 [DEBUG] TUN->SSH: 52 байт
2026-04-07 19:51:11,140 [DEBUG] SSH->TUN: 1280 байт
2026-04-07 19:51:11,140 [DEBUG] SSH->TUN: 1280 байт
2026-04-07 19:51:11,141 [DEBUG] TUN->SSH: 52 байт
2026-04-07 19:51:11,141 [DEBUG] SSH->TUN: 1280 байт
2026-04-07 19:51:11,141 [DEBUG] TUN->SSH: 52 байт
2026-04-07 19:51:11,141 [DEBUG] SSH->TUN: 1280 байт
2026-04-07 19:51:11,141 [DEBUG] SSH->TUN: 1280 байт
2026-04-07 19:51:11,142 [DEBUG] SSH->TUN: 1280 байт
2026-04-07 19:51:11,142 [DEBUG] TUN->SSH: 52 байт
2026-04-07 19:51:11,142 [DEBUG] SSH->TUN: 1280 байт
2026-04-07 19:51:11,142 [DEBUG] SSH->TUN: 1280 байт
2026-04-07 19:51:11,142 [DEBUG] TUN->SSH: 52 байт
2026-04-07 19:51:11,143 [DEBUG] SSH->TUN: 1280 байт
2026-04-07 19:51:11,143 [DEBUG] TUN->SSH: 52 байт
2026-04-07 19:51:11,143 [DEBUG] SSH->TUN: 1280 байт
2026-04-07 19:51:11,143 [DEBUG] SSH->TUN: 1280 байт
2026-04-07 19:51:11,143 [DEBUG] TUN->SSH: 52 байт
2026-04-07 19:51:11,144 [DEBUG] SSH->TUN: 1280 байт
2026-04-07 19:51:11,144 [DEBUG] SSH->TUN: 1280 байт
2026-04-07 19:51:11,144 [DEBUG] TUN->SSH: 52 байт
2026-04-07 19:51:11,144 [DEBUG] SSH->TUN: 1280 байт
2026-04-07 19:51:11,144 [DEBUG] SSH->TUN: 1280 байт
2026-04-07 19:51:11,145 [DEBUG] TUN->SSH: 52 байт
2026-04-07 19:51:11,145 [DEBUG] SSH->TUN: 1280 байт
2026-04-07 19:51:11,145 [DEBUG] SSH->TUN: 1280 байт
2026-04-07 19:51:11,145 [DEBUG] TUN->SSH: 52 байт
2026-04-07 19:51:11,145 [DEBUG] SSH->TUN: 1280 байт
2026-04-07 19:51:11,145 [DEBUG] SSH->TUN: 1280 байт
2026-04-07 19:51:11,146 [DEBUG] TUN->SSH: 52 байт
2026-04-07 19:51:11,146 [DEBUG] SSH->TUN: 1280 байт
2026-04-07 19:51:11,148 [DEBUG] SSH->TUN: 1280 байт
2026-04-07 19:51:11,148 [DEBUG] TUN->SSH: 52 байт
2026-04-07 19:51:11,149 [DEBUG] SSH->TUN: 1280 байт
2026-04-07 19:51:11,156 [DEBUG] SSH->TUN: 1280 байт
2026-04-07 19:51:11,156 [DEBUG] TUN->SSH: 52 байт
2026-04-07 19:51:11,156 [DEBUG] SSH->TUN: 1280 байт
2026-04-07 19:51:11,156 [DEBUG] SSH->TUN: 1280 байт
2026-04-07 19:51:11,157 [DEBUG] TUN->SSH: 52 байт
2026-04-07 19:51:11,157 [DEBUG] SSH->TUN: 1280 байт
2026-04-07 19:51:11,157 [DEBUG] SSH->TUN: 1280 байт
2026-04-07 19:51:11,157 [DEBUG] TUN->SSH: 52 байт
2026-04-07 19:51:11,223 [DEBUG] SSH->TUN: 1280 байт
2026-04-07 19:51:11,224 [DEBUG] SSH->TUN: 1280 байт
2026-04-07 19:51:11,224 [DEBUG] TUN->SSH: 52 байт
2026-04-07 19:51:11,224 [DEBUG] SSH->TUN: 1280 байт
2026-04-07 19:51:11,225 [DEBUG] SSH->TUN: 1280 байт
2026-04-07 19:51:11,225 [DEBUG] TUN->SSH: 52 байт
2026-04-07 19:51:11,225 [DEBUG] SSH->TUN: 1280 байт
2026-04-07 19:51:11,225 [DEBUG] SSH->TUN: 1280 байт
2026-04-07 19:51:11,226 [DEBUG] TUN->SSH: 52 байт
2026-04-07 19:51:11,226 [DEBUG] SSH->TUN: 1280 байт
2026-04-07 19:51:11,226 [DEBUG] TUN->SSH: 52 байт
2026-04-07 19:51:11,226 [DEBUG] SSH->TUN: 1280 байт
2026-04-07 19:51:11,227 [DEBUG] SSH->TUN: 1280 байт
2026-04-07 19:51:11,227 [DEBUG] TUN->SSH: 52 байт
2026-04-07 19:51:11,227 [DEBUG] SSH->TUN: 1280 байт
2026-04-07 19:51:11,228 [DEBUG] SSH->TUN: 1280 байт
2026-04-07 19:51:11,228 [DEBUG] TUN->SSH: 52 байт
2026-04-07 19:51:11,228 [DEBUG] SSH->TUN: 1280 байт
2026-04-07 19:51:11,228 [DEBUG] SSH->TUN: 1280 байт
2026-04-07 19:51:11,229 [DEBUG] TUN->SSH: 52 байт
2026-04-07 19:51:11,229 [DEBUG] SSH->TUN: 52 байт
2026-04-07 19:51:11,229 [DEBUG] SSH->TUN: 1280 байт
2026-04-07 19:51:11,229 [DEBUG] SSH->TUN: 1280 байт
2026-04-07 19:51:11,229 [DEBUG] SSH->TUN: 1246 байт
2026-04-07 19:51:11,230 [DEBUG] SSH->TUN: 1280 байт
2026-04-07 19:51:11,230 [DEBUG] SSH->TUN: 1280 байт
2026-04-07 19:51:11,230 [DEBUG] TUN->SSH: 52 байт
2026-04-07 19:51:11,230 [DEBUG] SSH->TUN: 1280 байт
2026-04-07 19:51:11,230 [DEBUG] SSH->TUN: 1280 байт
2026-04-07 19:51:11,231 [DEBUG] TUN->SSH: 52 байт
2026-04-07 19:51:11,231 [DEBUG] SSH->TUN: 1280 байт
2026-04-07 19:51:11,231 [DEBUG] TUN->SSH: 52 байт
2026-04-07 19:51:11,231 [DEBUG] SSH->TUN: 1280 байт
2026-04-07 19:51:11,231 [DEBUG] TUN->SSH: 52 байт
2026-04-07 19:51:11,232 [DEBUG] SSH->TUN: 792 байт
2026-04-07 19:51:11,232 [DEBUG] SSH->TUN: 52 байт
2026-04-07 19:51:11,232 [DEBUG] SSH->TUN: 672 байт
2026-04-07 19:51:11,232 [DEBUG] TUN->SSH: 52 байт
2026-04-07 19:51:11,232 [DEBUG] SSH->TUN: 189 байт
2026-04-07 19:51:11,233 [DEBUG] TUN->SSH: 52 байт
2026-04-07 19:51:11,240 [DEBUG] TUN->SSH: 477 байт
2026-04-07 19:51:11,272 [DEBUG] TUN->SSH: 52 байт
2026-04-07 19:51:11,331 [DEBUG] SSH->TUN: 1280 байт
2026-04-07 19:51:11,332 [DEBUG] TUN->SSH: 253 байт
2026-04-07 19:51:11,332 [DEBUG] SSH->TUN: 1280 байт
2026-04-07 19:51:11,332 [DEBUG] SSH->TUN: 1280 байт
2026-04-07 19:51:11,333 [DEBUG] TUN->SSH: 52 байт
2026-04-07 19:51:11,333 [DEBUG] SSH->TUN: 1280 байт
2026-04-07 19:51:11,333 [DEBUG] SSH->TUN: 1280 байт
2026-04-07 19:51:11,333 [DEBUG] TUN->SSH: 52 байт
2026-04-07 19:51:11,334 [DEBUG] SSH->TUN: 1280 байт
2026-04-07 19:51:11,373 [DEBUG] SSH->TUN: 881 байт
2026-04-07 19:51:11,374 [DEBUG] TUN->SSH: 52 байт
2026-04-07 19:51:11,374 [DEBUG] SSH->TUN: 848 байт
2026-04-07 19:51:11,404 [DEBUG] SSH->TUN: 413 байт
2026-04-07 19:51:11,405 [DEBUG] TUN->SSH: 52 байт
2026-04-07 19:51:11,410 [DEBUG] TUN->SSH: 333 байт
2026-04-07 19:51:11,514 [DEBUG] SSH->TUN: 1280 байт
2026-04-07 19:51:11,514 [DEBUG] TUN->SSH: 406 байт
2026-04-07 19:51:11,514 [DEBUG] SSH->TUN: 1280 байт
2026-04-07 19:51:11,515 [DEBUG] SSH->TUN: 1280 байт
2026-04-07 19:51:11,516 [DEBUG] TUN->SSH: 52 байт
2026-04-07 19:51:11,516 [DEBUG] SSH->TUN: 1280 байт
2026-04-07 19:51:11,516 [DEBUG] SSH->TUN: 1280 байт
2026-04-07 19:51:11,517 [DEBUG] TUN->SSH: 52 байт
2026-04-07 19:51:11,517 [DEBUG] SSH->TUN: 1280 байт
2026-04-07 19:51:11,517 [DEBUG] SSH->TUN: 1280 байт
2026-04-07 19:51:11,517 [DEBUG] TUN->SSH: 52 байт
2026-04-07 19:51:11,558 [DEBUG] SSH->TUN: 1280 байт
2026-04-07 19:51:11,558 [DEBUG] SSH->TUN: 1280 байт
2026-04-07 19:51:11,559 [DEBUG] TUN->SSH: 52 байт
2026-04-07 19:51:11,559 [DEBUG] SSH->TUN: 1280 байт
2026-04-07 19:51:11,559 [DEBUG] SSH->TUN: 1280 байт
2026-04-07 19:51:11,559 [DEBUG] TUN->SSH: 52 байт
2026-04-07 19:51:11,559 [DEBUG] SSH->TUN: 1280 байт
2026-04-07 19:51:11,560 [DEBUG] SSH->TUN: 1280 байт
2026-04-07 19:51:11,560 [DEBUG] TUN->SSH: 52 байт
2026-04-07 19:51:11,560 [DEBUG] SSH->TUN: 1280 байт
2026-04-07 19:51:11,560 [DEBUG] SSH->TUN: 1280 байт
2026-04-07 19:51:11,560 [DEBUG] TUN->SSH: 52 байт
2026-04-07 19:51:11,566 [DEBUG] SSH->TUN: 1280 байт
2026-04-07 19:51:11,566 [DEBUG] SSH->TUN: 1280 байт
2026-04-07 19:51:11,566 [DEBUG] TUN->SSH: 52 байт
2026-04-07 19:51:11,566 [DEBUG] SSH->TUN: 1280 байт
2026-04-07 19:51:11,567 [DEBUG] SSH->TUN: 1280 байт
2026-04-07 19:51:11,567 [DEBUG] TUN->SSH: 52 байт
2026-04-07 19:51:11,567 [DEBUG] SSH->TUN: 1280 байт
2026-04-07 19:51:11,567 [DEBUG] SSH->TUN: 496 байт
2026-04-07 19:51:11,568 [DEBUG] TUN->SSH: 52 байт
2026-04-07 19:51:11,599 [DEBUG] SSH->TUN: 525 байт
2026-04-07 19:51:11,600 [DEBUG] SSH->TUN: 800 байт
2026-04-07 19:51:11,600 [DEBUG] TUN->SSH: 52 байт
2026-04-07 19:51:11,602 [DEBUG] TUN->SSH: 445 байт
2026-04-07 19:51:11,625 [DEBUG] SSH->TUN: 1280 байт
2026-04-07 19:51:11,627 [DEBUG] SSH->TUN: 1280 байт
2026-04-07 19:51:11,628 [DEBUG] TUN->SSH: 52 байт
2026-04-07 19:51:11,628 [DEBUG] SSH->TUN: 648 байт
2026-04-07 19:51:11,668 [DEBUG] TUN->SSH: 52 байт
2026-04-07 19:51:11,703 [DEBUG] SSH->TUN: 608 байт
2026-04-07 19:51:11,703 [DEBUG] TUN->SSH: 269 байт
2026-04-07 19:51:11,795 [DEBUG] SSH->TUN: 704 байт
2026-04-07 19:51:11,835 [DEBUG] TUN->SSH: 52 байт
2026-04-07 19:51:12,251 [DEBUG] TUN->SSH: 269 байт
2026-04-07 19:51:12,355 [DEBUG] SSH->TUN: 461 байт
2026-04-07 19:51:12,355 [DEBUG] TUN->SSH: 52 байт
2026-04-07 19:51:12,356 [DEBUG] TUN->SSH: 477 байт
2026-04-07 19:51:12,441 [DEBUG] SSH->TUN: 221 байт
2026-04-07 19:51:12,482 [DEBUG] TUN->SSH: 52 байт
2026-04-07 19:51:12,888 [DEBUG] TUN->SSH: 52 байт
2026-04-07 19:51:13,421 [DEBUG] TUN->SSH: 60 байт
2026-04-07 19:51:13,470 [DEBUG] SSH->TUN: 60 байт
2026-04-07 19:51:13,471 [DEBUG] TUN->SSH: 52 байт
2026-04-07 19:51:13,471 [DEBUG] TUN->SSH: 110 байт
2026-04-07 19:51:13,518 [DEBUG] SSH->TUN: 52 байт
2026-04-07 19:51:13,520 [DEBUG] SSH->TUN: 109 байт
2026-04-07 19:51:13,520 [DEBUG] TUN->SSH: 52 байт
2026-04-07 19:51:13,520 [DEBUG] SSH->TUN: 97 байт
2026-04-07 19:51:13,520 [DEBUG] TUN->SSH: 52 байт
2026-04-07 19:51:13,521 [DEBUG] TUN->SSH: 52 байт
2026-04-07 19:51:13,568 [DEBUG] TUN->SSH: 52 байт
2026-04-07 19:51:13,568 [DEBUG] SSH->TUN: 52 байт
2026-04-07 19:51:14,936 [DEBUG] TUN->SSH: 52 байт
2026-04-07 19:51:15,314 [DEBUG] SSH->TUN: 493 байт
2026-04-07 19:51:15,315 [DEBUG] TUN->SSH: 52 байт
2026-04-07 19:51:15,805 [DEBUG] TUN->SSH: 60 байт
2026-04-07 19:51:15,809 [DEBUG] TUN->SSH: 52 байт
2026-04-07 19:51:15,813 [DEBUG] TUN->SSH: 60 байт
2026-04-07 19:51:15,852 [DEBUG] SSH->TUN: 60 байт
2026-04-07 19:51:15,852 [DEBUG] TUN->SSH: 52 байт
2026-04-07 19:51:15,853 [DEBUG] TUN->SSH: 134 байт
2026-04-07 19:51:15,859 [DEBUG] SSH->TUN: 60 байт
2026-04-07 19:51:15,859 [DEBUG] TUN->SSH: 52 байт
2026-04-07 19:51:15,859 [DEBUG] TUN->SSH: 164 байт
2026-04-07 19:51:15,896 [DEBUG] SSH->TUN: 52 байт
2026-04-07 19:51:15,900 [DEBUG] SSH->TUN: 125 байт
2026-04-07 19:51:15,901 [DEBUG] TUN->SSH: 52 байт
2026-04-07 19:51:15,901 [DEBUG] SSH->TUN: 149 байт
2026-04-07 19:51:15,902 [DEBUG] TUN->SSH: 52 байт
2026-04-07 19:51:15,902 [DEBUG] TUN->SSH: 52 байт
2026-04-07 19:51:15,905 [DEBUG] SSH->TUN: 52 байт
2026-04-07 19:51:15,906 [DEBUG] SSH->TUN: 140 байт
2026-04-07 19:51:15,906 [DEBUG] TUN->SSH: 52 байт
2026-04-07 19:51:15,906 [DEBUG] SSH->TUN: 164 байт
2026-04-07 19:51:15,907 [DEBUG] TUN->SSH: 52 байт
2026-04-07 19:51:15,907 [DEBUG] TUN->SSH: 52 байт
2026-04-07 19:51:15,996 [DEBUG] TUN->SSH: 52 байт
2026-04-07 19:51:15,996 [DEBUG] SSH->TUN: 52 байт
2026-04-07 19:51:15,997 [DEBUG] SSH->TUN: 52 байт
2026-04-07 19:51:15,997 [DEBUG] TUN->SSH: 52 байт
2026-04-07 19:51:16,172 [DEBUG] TUN->SSH: 60 байт
2026-04-07 19:51:16,186 [DEBUG] TUN->SSH: 60 байт
2026-04-07 19:51:16,215 [DEBUG] SSH->TUN: 60 байт
2026-04-07 19:51:16,215 [DEBUG] TUN->SSH: 52 байт
2026-04-07 19:51:16,216 [DEBUG] TUN->SSH: 92 байт
2026-04-07 19:51:16,230 [DEBUG] SSH->TUN: 60 байт
2026-04-07 19:51:16,230 [DEBUG] TUN->SSH: 52 байт
2026-04-07 19:51:16,231 [DEBUG] TUN->SSH: 154 байт
2026-04-07 19:51:16,261 [DEBUG] SSH->TUN: 52 байт
2026-04-07 19:51:16,261 [DEBUG] SSH->TUN: 108 байт
2026-04-07 19:51:16,261 [DEBUG] TUN->SSH: 52 байт
2026-04-07 19:51:16,261 [DEBUG] TUN->SSH: 52 байт
2026-04-07 19:51:16,275 [DEBUG] SSH->TUN: 52 байт
2026-04-07 19:51:16,278 [DEBUG] SSH->TUN: 119 байт
2026-04-07 19:51:16,278 [DEBUG] TUN->SSH: 52 байт
2026-04-07 19:51:16,280 [DEBUG] SSH->TUN: 162 байт
2026-04-07 19:51:16,280 [DEBUG] TUN->SSH: 52 байт
2026-04-07 19:51:16,280 [DEBUG] TUN->SSH: 52 байт
2026-04-07 19:51:16,280 [DEBUG] TUN->SSH: 60 байт
2026-04-07 19:51:16,305 [DEBUG] TUN->SSH: 52 байт
2026-04-07 19:51:16,305 [DEBUG] SSH->TUN: 52 байт
2026-04-07 19:51:16,326 [DEBUG] SSH->TUN: 52 байт
2026-04-07 19:51:16,327 [DEBUG] TUN->SSH: 52 байт
2026-04-07 19:51:16,347 [DEBUG] SSH->TUN: 173 байт
2026-04-07 19:51:16,347 [DEBUG] TUN->SSH: 52 байт
2026-04-07 19:51:16,365 [DEBUG] TUN->SSH: 285 байт
2026-04-07 19:51:16,481 [DEBUG] SSH->TUN: 1280 байт
2026-04-07 19:51:16,481 [DEBUG] SSH->TUN: 1280 байт
2026-04-07 19:51:16,481 [DEBUG] TUN->SSH: 52 байт
2026-04-07 19:51:16,482 [DEBUG] SSH->TUN: 1280 байт
2026-04-07 19:51:16,482 [DEBUG] SSH->TUN: 1280 байт
2026-04-07 19:51:16,482 [DEBUG] TUN->SSH: 52 байт
2026-04-07 19:51:16,482 [DEBUG] SSH->TUN: 496 байт
2026-04-07 19:51:16,486 [DEBUG] TUN->SSH: 349 байт
2026-04-07 19:51:16,507 [DEBUG] SSH->TUN: 60 байт
2026-04-07 19:51:16,508 [DEBUG] TUN->SSH: 52 байт
2026-04-07 19:51:16,508 [DEBUG] TUN->SSH: 1280 байт
2026-04-07 19:51:16,508 [DEBUG] TUN->SSH: 629 байт
2026-04-07 19:51:16,571 [DEBUG] SSH->TUN: 557 байт
2026-04-07 19:51:16,600 [DEBUG] TUN->SSH: 60 байт
2026-04-07 19:51:16,600 [DEBUG] TUN->SSH: 60 байт
2026-04-07 19:51:16,604 [DEBUG] TUN->SSH: 60 байт
2026-04-07 19:51:16,611 [DEBUG] TUN->SSH: 60 байт
2026-04-07 19:51:16,612 [DEBUG] TUN->SSH: 52 байт
2026-04-07 19:51:16,703 [DEBUG] SSH->TUN: 60 байт
2026-04-07 19:51:16,704 [DEBUG] TUN->SSH: 52 байт
2026-04-07 19:51:16,704 [DEBUG] SSH->TUN: 60 байт
2026-04-07 19:51:16,704 [DEBUG] TUN->SSH: 86 байт
2026-04-07 19:51:16,704 [DEBUG] SSH->TUN: 60 байт
2026-04-07 19:51:16,705 [DEBUG] TUN->SSH: 52 байт
2026-04-07 19:51:16,705 [DEBUG] SSH->TUN: 60 байт
2026-04-07 19:51:16,705 [DEBUG] TUN->SSH: 86 байт
2026-04-07 19:51:16,706 [DEBUG] TUN->SSH: 52 байт
2026-04-07 19:51:16,706 [DEBUG] TUN->SSH: 132 байт
2026-04-07 19:51:16,706 [DEBUG] TUN->SSH: 52 байт
2026-04-07 19:51:16,707 [DEBUG] TUN->SSH: 89 байт
2026-04-07 19:51:16,710 [DEBUG] SSH->TUN: 52 байт
2026-04-07 19:51:16,724 [DEBUG] SSH->TUN: 52 байт
2026-04-07 19:51:16,745 [DEBUG] SSH->TUN: 1280 байт
2026-04-07 19:51:16,745 [DEBUG] TUN->SSH: 52 байт
2026-04-07 19:51:16,746 [DEBUG] SSH->TUN: 1280 байт
2026-04-07 19:51:16,746 [DEBUG] TUN->SSH: 52 байт
2026-04-07 19:51:16,746 [DEBUG] SSH->TUN: 63 байт
2026-04-07 19:51:16,746 [DEBUG] TUN->SSH: 52 байт
2026-04-07 19:51:16,748 [DEBUG] TUN->SSH: 116 байт
2026-04-07 19:51:16,748 [DEBUG] TUN->SSH: 975 байт
2026-04-07 19:51:16,753 [DEBUG] SSH->TUN: 52 байт
2026-04-07 19:51:16,756 [DEBUG] SSH->TUN: 52 байт
2026-04-07 19:51:16,756 [DEBUG] SSH->TUN: 52 байт
2026-04-07 19:51:16,757 [DEBUG] SSH->TUN: 108 байт
2026-04-07 19:51:16,757 [DEBUG] TUN->SSH: 52 байт
2026-04-07 19:51:16,766 [DEBUG] SSH->TUN: 52 байт
2026-04-07 19:51:16,767 [DEBUG] SSH->TUN: 120 байт
2026-04-07 19:51:16,767 [DEBUG] TUN->SSH: 52 байт
2026-04-07 19:51:16,767 [DEBUG] SSH->TUN: 105 байт
2026-04-07 19:51:16,768 [DEBUG] TUN->SSH: 52 байт
2026-04-07 19:51:16,768 [DEBUG] SSH->TUN: 131 байт
2026-04-07 19:51:16,768 [DEBUG] TUN->SSH: 52 байт
2026-04-07 19:51:16,768 [DEBUG] TUN->SSH: 52 байт
2026-04-07 19:51:16,769 [DEBUG] TUN->SSH: 52 байт
2026-04-07 19:51:16,769 [DEBUG] TUN->SSH: 52 байт
2026-04-07 19:51:16,787 [DEBUG] SSH->TUN: 134 байт
2026-04-07 19:51:16,788 [DEBUG] TUN->SSH: 52 байт
2026-04-07 19:51:16,788 [DEBUG] TUN->SSH: 52 байт
2026-04-07 19:51:16,790 [DEBUG] TUN->SSH: 60 байт
2026-04-07 19:51:16,831 [DEBUG] SSH->TUN: 52 байт
2026-04-07 19:51:16,832 [DEBUG] TUN->SSH: 52 байт
2026-04-07 19:51:16,832 [DEBUG] SSH->TUN: 52 байт
2026-04-07 19:51:16,833 [DEBUG] TUN->SSH: 52 байт
2026-04-07 19:51:16,833 [DEBUG] TUN->SSH: 52 байт
2026-04-07 19:51:16,833 [DEBUG] SSH->TUN: 52 байт
2026-04-07 19:51:16,840 [DEBUG] SSH->TUN: 60 байт
2026-04-07 19:51:16,840 [DEBUG] TUN->SSH: 52 байт
2026-04-07 19:51:16,841 [DEBUG] TUN->SSH: 120 байт
2026-04-07 19:51:16,841 [DEBUG] SSH->TUN: 52 байт
2026-04-07 19:51:16,841 [DEBUG] TUN->SSH: 52 байт
2026-04-07 19:51:16,890 [DEBUG] SSH->TUN: 52 байт
2026-04-07 19:51:16,890 [DEBUG] SSH->TUN: 170 байт
2026-04-07 19:51:16,891 [DEBUG] TUN->SSH: 52 байт
2026-04-07 19:51:16,891 [DEBUG] SSH->TUN: 134 байт
2026-04-07 19:51:16,891 [DEBUG] TUN->SSH: 52 байт
2026-04-07 19:51:16,892 [DEBUG] TUN->SSH: 52 байт
2026-04-07 19:51:16,902 [DEBUG] TUN->SSH: 60 байт
2026-04-07 19:51:16,935 [DEBUG] TUN->SSH: 52 байт
2026-04-07 19:51:16,936 [DEBUG] SSH->TUN: 52 байт
2026-04-07 19:51:16,946 [DEBUG] SSH->TUN: 60 байт
2026-04-07 19:51:16,946 [DEBUG] TUN->SSH: 52 байт
2026-04-07 19:51:16,947 [DEBUG] TUN->SSH: 122 байт
2026-04-07 19:51:16,954 [DEBUG] SSH->TUN: 131 байт
2026-04-07 19:51:16,955 [DEBUG] SSH->TUN: 131 байт
2026-04-07 19:51:16,957 [DEBUG] SSH->TUN: 252 байт
2026-04-07 19:51:16,957 [DEBUG] TUN->SSH: 52 байт
2026-04-07 19:51:16,958 [DEBUG] SSH->TUN: 76 байт
2026-04-07 19:51:16,958 [DEBUG] SSH->TUN: 52 байт
2026-04-07 19:51:16,959 [DEBUG] TUN->SSH: 52 байт
2026-04-07 19:51:16,960 [DEBUG] TUN->SSH: 60 байт
2026-04-07 19:51:16,985 [DEBUG] TUN->SSH: 52 байт
2026-04-07 19:51:16,991 [DEBUG] SSH->TUN: 52 байт
2026-04-07 19:51:16,994 [DEBUG] SSH->TUN: 171 байт
2026-04-07 19:51:16,994 [DEBUG] TUN->SSH: 52 байт
2026-04-07 19:51:16,997 [DEBUG] SSH->TUN: 135 байт
2026-04-07 19:51:16,998 [DEBUG] TUN->SSH: 52 байт
2026-04-07 19:51:16,998 [DEBUG] TUN->SSH: 52 байт
2026-04-07 19:51:17,042 [DEBUG] SSH->TUN: 52 байт
2026-04-07 19:51:17,043 [DEBUG] TUN->SSH: 52 байт
2026-04-07 19:51:17,131 [DEBUG] TUN->SSH: 60 байт
2026-04-07 19:51:17,175 [DEBUG] SSH->TUN: 60 байт
2026-04-07 19:51:17,175 [DEBUG] TUN->SSH: 52 байт
2026-04-07 19:51:17,176 [DEBUG] TUN->SSH: 88 байт
2026-04-07 19:51:17,183 [DEBUG] SSH->TUN: 60 байт
2026-04-07 19:51:17,183 [DEBUG] TUN->SSH: 52 байт
2026-04-07 19:51:17,183 [DEBUG] TUN->SSH: 1280 байт
2026-04-07 19:51:17,184 [DEBUG] TUN->SSH: 740 байт
2026-04-07 19:51:17,221 [DEBUG] SSH->TUN: 52 байт
2026-04-07 19:51:17,222 [DEBUG] SSH->TUN: 136 байт
2026-04-07 19:51:17,223 [DEBUG] TUN->SSH: 52 байт
2026-04-07 19:51:17,223 [DEBUG] TUN->SSH: 52 байт
2026-04-07 19:51:17,225 [DEBUG] TUN->SSH: 60 байт
2026-04-07 19:51:17,267 [DEBUG] TUN->SSH: 52 байт
2026-04-07 19:51:17,267 [DEBUG] SSH->TUN: 52 байт
2026-04-07 19:51:17,267 [DEBUG] SSH->TUN: 60 байт
2026-04-07 19:51:17,268 [DEBUG] TUN->SSH: 52 байт
2026-04-07 19:51:17,268 [DEBUG] TUN->SSH: 124 байт
2026-04-07 19:51:17,317 [DEBUG] SSH->TUN: 52 байт
2026-04-07 19:51:17,317 [DEBUG] SSH->TUN: 136 байт
2026-04-07 19:51:17,318 [DEBUG] TUN->SSH: 52 байт
2026-04-07 19:51:17,318 [DEBUG] SSH->TUN: 172 байт
2026-04-07 19:51:17,318 [DEBUG] TUN->SSH: 52 байт
2026-04-07 19:51:17,318 [DEBUG] TUN->SSH: 52 байт
2026-04-07 19:51:17,372 [DEBUG] TUN->SSH: 52 байт
2026-04-07 19:51:17,372 [DEBUG] SSH->TUN: 52 байт
2026-04-07 19:51:17,386 [DEBUG] SSH->TUN: 52 байт
2026-04-07 19:51:17,386 [DEBUG] SSH->TUN: 52 байт
2026-04-07 19:51:17,387 [DEBUG] SSH->TUN: 296 байт
2026-04-07 19:51:17,387 [DEBUG] TUN->SSH: 52 байт
2026-04-07 19:51:17,387 [DEBUG] TUN->SSH: 116 байт
2026-04-07 19:51:17,388 [DEBUG] TUN->SSH: 1035 байт
2026-04-07 19:51:17,590 [DEBUG] SSH->TUN: 131 байт
2026-04-07 19:51:17,592 [DEBUG] SSH->TUN: 303 байт
2026-04-07 19:51:17,592 [DEBUG] TUN->SSH: 52 байт
2026-04-07 19:51:17,593 [DEBUG] TUN->SSH: 52 байт
2026-04-07 19:51:17,594 [DEBUG] SSH->TUN: 76 байт
2026-04-07 19:51:17,594 [DEBUG] TUN->SSH: 40 байт
2026-04-07 19:51:17,594 [DEBUG] SSH->TUN: 52 байт
2026-04-07 19:51:17,595 [DEBUG] TUN->SSH: 40 байт
2026-04-07 19:51:17,703 [DEBUG] TUN->SSH: 60 байт
2026-04-07 19:51:17,751 [DEBUG] SSH->TUN: 60 байт
2026-04-07 19:51:17,752 [DEBUG] TUN->SSH: 52 байт
2026-04-07 19:51:17,752 [DEBUG] TUN->SSH: 118 байт
2026-04-07 19:51:17,795 [DEBUG] SSH->TUN: 52 байт
2026-04-07 19:51:17,796 [DEBUG] SSH->TUN: 52 байт
2026-04-07 19:51:17,797 [DEBUG] TUN->SSH: 40 байт
2026-04-07 19:51:17,797 [DEBUG] SSH->TUN: 135 байт
2026-04-07 19:51:17,798 [DEBUG] TUN->SSH: 52 байт
2026-04-07 19:51:17,812 [DEBUG] SSH->TUN: 119 байт
2026-04-07 19:51:17,812 [DEBUG] TUN->SSH: 52 байт
2026-04-07 19:51:17,812 [DEBUG] TUN->SSH: 52 байт
2026-04-07 19:51:17,813 [DEBUG] TUN->SSH: 60 байт
2026-04-07 19:51:17,857 [DEBUG] TUN->SSH: 52 байт
2026-04-07 19:51:17,857 [DEBUG] SSH->TUN: 52 байт
2026-04-07 19:51:17,857 [DEBUG] SSH->TUN: 60 байт
2026-04-07 19:51:17,858 [DEBUG] TUN->SSH: 52 байт
2026-04-07 19:51:17,858 [DEBUG] TUN->SSH: 1280 байт
2026-04-07 19:51:17,858 [DEBUG] TUN->SSH: 802 байт
2026-04-07 19:51:17,916 [DEBUG] SSH->TUN: 52 байт
2026-04-07 19:51:17,916 [DEBUG] SSH->TUN: 52 байт
2026-04-07 19:51:17,917 [DEBUG] SSH->TUN: 1280 байт
2026-04-07 19:51:17,917 [DEBUG] TUN->SSH: 52 байт
2026-04-07 19:51:17,918 [DEBUG] SSH->TUN: 365 байт
2026-04-07 19:51:17,918 [DEBUG] TUN->SSH: 52 байт
2026-04-07 19:51:17,919 [DEBUG] TUN->SSH: 116 байт
2026-04-07 19:51:17,919 [DEBUG] TUN->SSH: 144 байт
2026-04-07 19:51:17,919 [DEBUG] TUN->SSH: 444 байт
2026-04-07 19:51:17,970 [DEBUG] SSH->TUN: 52 байт
2026-04-07 19:51:17,973 [DEBUG] SSH->TUN: 52 байт
2026-04-07 19:51:17,974 [DEBUG] SSH->TUN: 117 байт
2026-04-07 19:51:17,974 [DEBUG] TUN->SSH: 83 байт
2026-04-07 19:51:17,975 [DEBUG] SSH->TUN: 52 байт
2026-04-07 19:51:18,022 [DEBUG] SSH->TUN: 173 байт
2026-04-07 19:51:18,023 [DEBUG] TUN->SSH: 52 байт
2026-04-07 19:51:18,023 [DEBUG] SSH->TUN: 52 байт
2026-04-07 19:51:18,061 [DEBUG] TUN->SSH: 60 байт
2026-04-07 19:51:18,107 [DEBUG] SSH->TUN: 60 байт
2026-04-07 19:51:18,108 [DEBUG] TUN->SSH: 52 байт
2026-04-07 19:51:18,108 [DEBUG] TUN->SSH: 97 байт
2026-04-07 19:51:18,148 [DEBUG] SSH->TUN: 370 байт
2026-04-07 19:51:18,149 [DEBUG] SSH->TUN: 122 байт
2026-04-07 19:51:18,149 [DEBUG] TUN->SSH: 52 байт
2026-04-07 19:51:18,155 [DEBUG] SSH->TUN: 52 байт
2026-04-07 19:51:18,156 [DEBUG] SSH->TUN: 97 байт
2026-04-07 19:51:18,156 [DEBUG] TUN->SSH: 52 байт
2026-04-07 19:51:18,157 [DEBUG] TUN->SSH: 52 байт
2026-04-07 19:51:18,157 [DEBUG] TUN->SSH: 60 байт
2026-04-07 19:51:18,201 [DEBUG] SSH->TUN: 52 байт
2026-04-07 19:51:18,201 [DEBUG] TUN->SSH: 52 байт
2026-04-07 19:51:18,201 [DEBUG] SSH->TUN: 60 байт
2026-04-07 19:51:18,202 [DEBUG] TUN->SSH: 52 байт
2026-04-07 19:51:18,202 [DEBUG] TUN->SSH: 94 байт
2026-04-07 19:51:18,247 [DEBUG] SSH->TUN: 52 байт
2026-04-07 19:51:18,247 [DEBUG] SSH->TUN: 94 байт
2026-04-07 19:51:18,248 [DEBUG] TUN->SSH: 52 байт
2026-04-07 19:51:18,248 [DEBUG] TUN->SSH: 52 байт
2026-04-07 19:51:18,248 [DEBUG] TUN->SSH: 60 байт
2026-04-07 19:51:18,292 [DEBUG] TUN->SSH: 52 байт
2026-04-07 19:51:18,293 [DEBUG] SSH->TUN: 52 байт
2026-04-07 19:51:18,294 [DEBUG] SSH->TUN: 60 байт
2026-04-07 19:51:18,294 [DEBUG] TUN->SSH: 52 байт
2026-04-07 19:51:18,294 [DEBUG] TUN->SSH: 98 байт
2026-04-07 19:51:18,341 [DEBUG] SSH->TUN: 52 байт
2026-04-07 19:51:18,341 [DEBUG] SSH->TUN: 98 байт
2026-04-07 19:51:18,341 [DEBUG] TUN->SSH: 52 байт
2026-04-07 19:51:18,342 [DEBUG] TUN->SSH: 52 байт
2026-04-07 19:51:18,342 [DEBUG] TUN->SSH: 60 байт
2026-04-07 19:51:18,391 [DEBUG] SSH->TUN: 52 байт
2026-04-07 19:51:18,391 [DEBUG] TUN->SSH: 52 байт
2026-04-07 19:51:18,392 [DEBUG] SSH->TUN: 60 байт
2026-04-07 19:51:18,392 [DEBUG] TUN->SSH: 52 байт
2026-04-07 19:51:18,392 [DEBUG] TUN->SSH: 93 байт
2026-04-07 19:51:18,436 [DEBUG] SSH->TUN: 52 байт
2026-04-07 19:51:18,440 [DEBUG] SSH->TUN: 93 байт
2026-04-07 19:51:18,441 [DEBUG] TUN->SSH: 52 байт
2026-04-07 19:51:18,441 [DEBUG] TUN->SSH: 52 байт
2026-04-07 19:51:18,441 [DEBUG] TUN->SSH: 60 байт
2026-04-07 19:51:18,497 [DEBUG] TUN->SSH: 52 байт
2026-04-07 19:51:18,497 [DEBUG] SSH->TUN: 52 байт
2026-04-07 19:51:18,498 [DEBUG] SSH->TUN: 60 байт
2026-04-07 19:51:18,505 [DEBUG] TUN->SSH: 52 байт
2026-04-07 19:51:18,505 [DEBUG] TUN->SSH: 95 байт
2026-04-07 19:51:18,554 [DEBUG] SSH->TUN: 52 байт
2026-04-07 19:51:18,554 [DEBUG] SSH->TUN: 95 байт
2026-04-07 19:51:18,555 [DEBUG] TUN->SSH: 52 байт
2026-04-07 19:51:18,555 [DEBUG] TUN->SSH: 52 байт
2026-04-07 19:51:18,555 [DEBUG] TUN->SSH: 60 байт
2026-04-07 19:51:18,605 [DEBUG] TUN->SSH: 52 байт
2026-04-07 19:51:18,605 [DEBUG] SSH->TUN: 52 байт
2026-04-07 19:51:18,605 [DEBUG] SSH->TUN: 60 байт
2026-04-07 19:51:18,606 [DEBUG] TUN->SSH: 52 байт
2026-04-07 19:51:18,606 [DEBUG] TUN->SSH: 95 байт
2026-04-07 19:51:18,658 [DEBUG] SSH->TUN: 52 байт
2026-04-07 19:51:18,658 [DEBUG] SSH->TUN: 95 байт
2026-04-07 19:51:18,658 [DEBUG] TUN->SSH: 52 байт
2026-04-07 19:51:18,659 [DEBUG] TUN->SSH: 52 байт
2026-04-07 19:51:18,659 [DEBUG] TUN->SSH: 60 байт
2026-04-07 19:51:18,718 [DEBUG] SSH->TUN: 60 байт
2026-04-07 19:51:18,718 [DEBUG] TUN->SSH: 52 байт
2026-04-07 19:51:18,718 [DEBUG] SSH->TUN: 52 байт
2026-04-07 19:51:18,719 [DEBUG] TUN->SSH: 95 байт
2026-04-07 19:51:18,719 [DEBUG] TUN->SSH: 52 байт
2026-04-07 19:51:18,768 [DEBUG] SSH->TUN: 52 байт
2026-04-07 19:51:18,769 [DEBUG] SSH->TUN: 95 байт
2026-04-07 19:51:18,770 [DEBUG] TUN->SSH: 52 байт
2026-04-07 19:51:18,770 [DEBUG] TUN->SSH: 52 байт
2026-04-07 19:51:18,771 [DEBUG] TUN->SSH: 60 байт
2026-04-07 19:51:18,814 [DEBUG] SSH->TUN: 52 байт
2026-04-07 19:51:18,815 [DEBUG] TUN->SSH: 52 байт
2026-04-07 19:51:18,815 [DEBUG] SSH->TUN: 60 байт
2026-04-07 19:51:18,815 [DEBUG] TUN->SSH: 52 байт
2026-04-07 19:51:18,816 [DEBUG] TUN->SSH: 95 байт
2026-04-07 19:51:18,862 [DEBUG] SSH->TUN: 52 байт
2026-04-07 19:51:18,863 [DEBUG] SSH->TUN: 95 байт
2026-04-07 19:51:18,863 [DEBUG] TUN->SSH: 52 байт
2026-04-07 19:51:18,864 [DEBUG] TUN->SSH: 52 байт
2026-04-07 19:51:18,864 [DEBUG] TUN->SSH: 60 байт
2026-04-07 19:51:18,908 [DEBUG] SSH->TUN: 52 байт
2026-04-07 19:51:18,908 [DEBUG] TUN->SSH: 52 байт
2026-04-07 19:51:18,909 [DEBUG] SSH->TUN: 60 байт
2026-04-07 19:51:18,909 [DEBUG] TUN->SSH: 52 байт
2026-04-07 19:51:18,909 [DEBUG] TUN->SSH: 95 байт
2026-04-07 19:51:18,955 [DEBUG] SSH->TUN: 52 байт
2026-04-07 19:51:18,955 [DEBUG] SSH->TUN: 95 байт
2026-04-07 19:51:18,955 [DEBUG] TUN->SSH: 52 байт
2026-04-07 19:51:18,956 [DEBUG] TUN->SSH: 52 байт
2026-04-07 19:51:18,956 [DEBUG] TUN->SSH: 60 байт
2026-04-07 19:51:19,005 [DEBUG] TUN->SSH: 52 байт
2026-04-07 19:51:19,005 [DEBUG] SSH->TUN: 52 байт
2026-04-07 19:51:19,006 [DEBUG] SSH->TUN: 60 байт
2026-04-07 19:51:19,007 [DEBUG] TUN->SSH: 52 байт
2026-04-07 19:51:19,007 [DEBUG] TUN->SSH: 95 байт
2026-04-07 19:51:19,032 [DEBUG] TUN->SSH: 52 байт
2026-04-07 19:51:19,053 [DEBUG] SSH->TUN: 52 байт
2026-04-07 19:51:19,054 [DEBUG] SSH->TUN: 95 байт
2026-04-07 19:51:19,054 [DEBUG] TUN->SSH: 52 байт
2026-04-07 19:51:19,054 [DEBUG] TUN->SSH: 52 байт
2026-04-07 19:51:19,055 [DEBUG] TUN->SSH: 60 байт
2026-04-07 19:51:19,101 [DEBUG] SSH->TUN: 60 байт
2026-04-07 19:51:19,102 [DEBUG] TUN->SSH: 52 байт
2026-04-07 19:51:19,102 [DEBUG] SSH->TUN: 52 байт
2026-04-07 19:51:19,102 [DEBUG] TUN->SSH: 95 байт
2026-04-07 19:51:19,103 [DEBUG] TUN->SSH: 52 байт
2026-04-07 19:51:19,149 [DEBUG] SSH->TUN: 52 байт
2026-04-07 19:51:19,149 [DEBUG] SSH->TUN: 95 байт
2026-04-07 19:51:19,150 [DEBUG] TUN->SSH: 52 байт
2026-04-07 19:51:19,150 [DEBUG] TUN->SSH: 52 байт
2026-04-07 19:51:19,150 [DEBUG] TUN->SSH: 60 байт
2026-04-07 19:51:19,195 [DEBUG] SSH->TUN: 60 байт
2026-04-07 19:51:19,196 [DEBUG] TUN->SSH: 52 байт
2026-04-07 19:51:19,196 [DEBUG] SSH->TUN: 52 байт
2026-04-07 19:51:19,196 [DEBUG] TUN->SSH: 95 байт
2026-04-07 19:51:19,197 [DEBUG] TUN->SSH: 52 байт
2026-04-07 19:51:19,242 [DEBUG] SSH->TUN: 52 байт
2026-04-07 19:51:19,242 [DEBUG] SSH->TUN: 95 байт
2026-04-07 19:51:19,243 [DEBUG] TUN->SSH: 52 байт
2026-04-07 19:51:19,243 [DEBUG] TUN->SSH: 52 байт
2026-04-07 19:51:19,243 [DEBUG] TUN->SSH: 60 байт
2026-04-07 19:51:19,290 [DEBUG] SSH->TUN: 60 байт
2026-04-07 19:51:19,290 [DEBUG] TUN->SSH: 52 байт
2026-04-07 19:51:19,291 [DEBUG] SSH->TUN: 52 байт
2026-04-07 19:51:19,291 [DEBUG] TUN->SSH: 95 байт
2026-04-07 19:51:19,291 [DEBUG] TUN->SSH: 52 байт
2026-04-07 19:51:19,336 [DEBUG] SSH->TUN: 52 байт
2026-04-07 19:51:19,336 [DEBUG] SSH->TUN: 95 байт
2026-04-07 19:51:19,336 [DEBUG] TUN->SSH: 52 байт
2026-04-07 19:51:19,336 [DEBUG] TUN->SSH: 52 байт
2026-04-07 19:51:19,337 [DEBUG] TUN->SSH: 60 байт
2026-04-07 19:51:19,382 [DEBUG] SSH->TUN: 52 байт
2026-04-07 19:51:19,383 [DEBUG] TUN->SSH: 52 байт
2026-04-07 19:51:19,383 [DEBUG] SSH->TUN: 60 байт
2026-04-07 19:51:19,383 [DEBUG] TUN->SSH: 52 байт
2026-04-07 19:51:19,384 [DEBUG] TUN->SSH: 95 байт
2026-04-07 19:51:19,427 [DEBUG] SSH->TUN: 52 байт
2026-04-07 19:51:19,451 [DEBUG] SSH->TUN: 149 байт
2026-04-07 19:51:19,452 [DEBUG] TUN->SSH: 52 байт
2026-04-07 19:51:19,452 [DEBUG] TUN->SSH: 52 байт
2026-04-07 19:51:19,452 [DEBUG] TUN->SSH: 60 байт
2026-04-07 19:51:19,496 [DEBUG] SSH->TUN: 52 байт
2026-04-07 19:51:19,497 [DEBUG] TUN->SSH: 52 байт
2026-04-07 19:51:19,497 [DEBUG] SSH->TUN: 60 байт
2026-04-07 19:51:19,497 [DEBUG] TUN->SSH: 52 байт
2026-04-07 19:51:19,498 [DEBUG] TUN->SSH: 144 байт
2026-04-07 19:51:19,545 [DEBUG] SSH->TUN: 52 байт
2026-04-07 19:51:19,588 [DEBUG] SSH->TUN: 226 байт
2026-04-07 19:51:19,588 [DEBUG] TUN->SSH: 52 байт
2026-04-07 19:51:19,589 [DEBUG] TUN->SSH: 52 байт
2026-04-07 19:51:19,589 [DEBUG] TUN->SSH: 60 байт
2026-04-07 19:51:19,635 [DEBUG] SSH->TUN: 52 байт
2026-04-07 19:51:19,636 [DEBUG] TUN->SSH: 52 байт
2026-04-07 19:51:19,636 [DEBUG] SSH->TUN: 60 байт
2026-04-07 19:51:19,637 [DEBUG] TUN->SSH: 52 байт
2026-04-07 19:51:19,637 [DEBUG] TUN->SSH: 144 байт
2026-04-07 19:51:19,684 [DEBUG] SSH->TUN: 52 байт
2026-04-07 19:51:19,724 [DEBUG] SSH->TUN: 226 байт
2026-04-07 19:51:19,724 [DEBUG] TUN->SSH: 52 байт
2026-04-07 19:51:19,725 [DEBUG] TUN->SSH: 52 байт
2026-04-07 19:51:19,725 [DEBUG] TUN->SSH: 60 байт
2026-04-07 19:51:19,771 [DEBUG] SSH->TUN: 60 байт
2026-04-07 19:51:19,771 [DEBUG] TUN->SSH: 52 байт
2026-04-07 19:51:19,771 [DEBUG] SSH->TUN: 52 байт
2026-04-07 19:51:19,771 [DEBUG] TUN->SSH: 144 байт
2026-04-07 19:51:19,772 [DEBUG] TUN->SSH: 52 байт
2026-04-07 19:51:19,832 [DEBUG] SSH->TUN: 52 байт
2026-04-07 19:51:19,832 [DEBUG] SSH->TUN: 144 байт
2026-04-07 19:51:19,833 [DEBUG] TUN->SSH: 52 байт
2026-04-07 19:51:19,833 [DEBUG] TUN->SSH: 52 байт
2026-04-07 19:51:19,833 [DEBUG] TUN->SSH: 60 байт
2026-04-07 19:51:19,885 [DEBUG] SSH->TUN: 173 байт
2026-04-07 19:51:19,886 [DEBUG] TUN->SSH: 52 байт
2026-04-07 19:51:19,886 [DEBUG] TUN->SSH: 52 байт
2026-04-07 19:51:19,886 [DEBUG] SSH->TUN: 52 байт
2026-04-07 19:51:19,887 [DEBUG] SSH->TUN: 60 байт
2026-04-07 19:51:19,887 [DEBUG] TUN->SSH: 52 байт
2026-04-07 19:51:19,887 [DEBUG] TUN->SSH: 144 байт
2026-04-07 19:51:19,931 [DEBUG] SSH->TUN: 52 байт
2026-04-07 19:51:19,932 [DEBUG] SSH->TUN: 144 байт
2026-04-07 19:51:19,932 [DEBUG] TUN->SSH: 52 байт
2026-04-07 19:51:19,933 [DEBUG] TUN->SSH: 52 байт
2026-04-07 19:51:19,933 [DEBUG] TUN->SSH: 60 байт
2026-04-07 19:51:19,986 [DEBUG] SSH->TUN: 52 байт
2026-04-07 19:51:19,986 [DEBUG] TUN->SSH: 52 байт
2026-04-07 19:51:19,986 [DEBUG] SSH->TUN: 60 байт
2026-04-07 19:51:19,987 [DEBUG] TUN->SSH: 52 байт
2026-04-07 19:51:19,987 [DEBUG] TUN->SSH: 144 байт
2026-04-07 19:51:20,035 [DEBUG] SSH->TUN: 52 байт
2026-04-07 19:51:20,035 [DEBUG] SSH->TUN: 144 байт
2026-04-07 19:51:20,036 [DEBUG] TUN->SSH: 52 байт
2026-04-07 19:51:20,036 [DEBUG] TUN->SSH: 52 байт
2026-04-07 19:51:20,082 [DEBUG] TUN->SSH: 52 байт
2026-04-07 19:51:20,083 [DEBUG] SSH->TUN: 52 байт
2026-04-07 19:51:20,811 [DEBUG] SSH->TUN: 429 байт
2026-04-07 19:51:20,812 [DEBUG] TUN->SSH: 52 байт
2026-04-07 19:51:20,880 [DEBUG] SSH->TUN: 173 байт
2026-04-07 19:51:20,881 [DEBUG] TUN->SSH: 52 байт
2026-04-07 19:51:21,050 [DEBUG] TUN->SSH: 397 байт
2026-04-07 19:51:21,051 [DEBUG] TUN->SSH: 349 байт
2026-04-07 19:51:21,051 [DEBUG] TUN->SSH: 141 байт
2026-04-07 19:51:21,080 [DEBUG] TUN->SSH: 52 байт
2026-04-07 19:51:21,114 [DEBUG] SSH->TUN: 52 байт
2026-04-07 19:51:21,153 [DEBUG] SSH->TUN: 52 байт
2026-04-07 19:51:21,161 [DEBUG] SSH->TUN: 52 байт
2026-04-07 19:51:22,756 [DEBUG] TUN->SSH: 52 байт
2026-04-07 19:51:22,756 [DEBUG] TUN->SSH: 80 байт
2026-04-07 19:51:22,842 [DEBUG] SSH->TUN: 173 байт
2026-04-07 19:51:22,843 [DEBUG] TUN->SSH: 52 байт
2026-04-07 19:51:23,112 [DEBUG] TUN->SSH: 80 байт
2026-04-07 19:51:23,118 [DEBUG] TUN->SSH: 64 байт
2026-04-07 19:51:23,128 [DEBUG] TUN->SSH: 52 байт
2026-04-07 19:51:23,472 [DEBUG] TUN->SSH: 80 байт
2026-04-07 19:51:23,501 [DEBUG] TUN->SSH: 64 байт
2026-04-07 19:51:23,912 [INFO] Останавливаю туннель...
2026-04-07 19:51:23,915 [DEBUG] Восстановлен: default via 192.168.5.1 dev wlp0s20f3
2026-04-07 19:51:23,915 [INFO] Маршруты восстановлены
2026-04-07 19:51:23,928 [INFO] Интерфейс strans-tun0 удалён
2026-04-07 19:51:23,928 [INFO] Остановлено
2026-04-07 19:51:23,928 [DEBUG] TUN->SSH: отменён
2026-04-07 19:51:23,928 [DEBUG] SSH->TUN: отменён
