2026-04-07 02:00:32,234 [INFO] === Запуск клиента ===
2026-04-07 02:00:32,234 [INFO] Лог файл: logs/client_20260407_020032.log
2026-04-07 02:00:32,236 [INFO] Подключаюсь к 217.154.79.223:2222 как 'alice'
2026-04-07 02:00:32,574 [INFO] SSH соединение установлено
2026-04-07 02:00:32,676 [INFO] PUSH_REPLY: client_ip=198.19.0.2 server_ip=198.19.0.1 mtu=1280
2026-04-07 02:00:32,676 [INFO] STEALTH: MTU принудительно 576
2026-04-07 02:00:32,687 [INFO] Интерфейс strans-tun0:
126: strans-tun0: <POINTOPOINT,MULTICAST,NOARP,UP,LOWER_UP> mtu 576 qdisc fq_codel state UP group default qlen 500
    link/none 
    inet 198.19.0.2 peer 198.19.0.1/32 scope global strans-tun0
       valid_lft forever preferred_lft forever
2026-04-07 02:00:32,758 [INFO] SSH tunnel канал открыт
2026-04-07 02:00:32,764 [INFO] Весь трафик через strans-tun0
2026-04-07 02:00:32,764 [INFO] Туннель активен.
2026-04-07 02:00:32,764 [INFO] Форвардинг запущен [STEALTH]
2026-04-07 02:00:32,789 [DEBUG] TUN->SSH: 40 байт
2026-04-07 02:00:32,815 [DEBUG] TUN->SSH: 52 байт
2026-04-07 02:00:32,854 [DEBUG] TUN->SSH: 52 байт
2026-04-07 02:00:32,892 [DEBUG] TUN->SSH: 132 байт
2026-04-07 02:00:32,900 [DEBUG] TUN->SSH: 40 байт
2026-04-07 02:00:32,926 [DEBUG] TUN->SSH: 60 байт
2026-04-07 02:00:32,950 [DEBUG] TUN->SSH: 60 байт
2026-04-07 02:00:32,971 [DEBUG] TUN->SSH: 40 байт
2026-04-07 02:00:33,000 [DEBUG] TUN->SSH: 64 байт
2026-04-07 02:00:33,034 [DEBUG] TUN->SSH: 40 байт
2026-04-07 02:00:33,041 [DEBUG] TUN->SSH: 40 байт
2026-04-07 02:00:33,077 [DEBUG] TUN->SSH: 60 байт
2026-04-07 02:00:33,096 [DEBUG] TUN->SSH: 60 байт
2026-04-07 02:00:33,227 [DEBUG] TUN->SSH: 397 байт
2026-04-07 02:00:33,254 [DEBUG] TUN->SSH: 40 байт
2026-04-07 02:00:33,273 [DEBUG] TUN->SSH: 64 байт
2026-04-07 02:00:33,412 [DEBUG] TUN->SSH: 477 байт
2026-04-07 02:00:33,419 [DEBUG] TUN->SSH: 40 байт
2026-04-07 02:00:33,434 [DEBUG] TUN->SSH: 40 байт
2026-04-07 02:00:33,451 [DEBUG] TUN->SSH: 52 байт
2026-04-07 02:00:33,477 [DEBUG] TUN->SSH: 80 байт
2026-04-07 02:00:33,494 [DEBUG] SSH->TUN: 52 байт
2026-04-07 02:00:33,496 [DEBUG] TUN->SSH: 40 байт
2026-04-07 02:00:33,527 [DEBUG] TUN->SSH: 60 байт
2026-04-07 02:00:33,556 [DEBUG] SSH->TUN: 60 байт
2026-04-07 02:00:33,560 [DEBUG] TUN->SSH: 64 байт
2026-04-07 02:00:33,591 [DEBUG] TUN->SSH: 52 байт
2026-04-07 02:00:33,780 [DEBUG] TUN->SSH: 569 байт
2026-04-07 02:00:33,794 [DEBUG] SSH->TUN: 52 байт
2026-04-07 02:00:33,797 [DEBUG] SSH->TUN: 1728 байт
2026-04-07 02:00:33,814 [DEBUG] TUN->SSH: 60 байт
2026-04-07 02:00:33,826 [DEBUG] SSH->TUN: 1461 байт
2026-04-07 02:00:33,842 [DEBUG] TUN->SSH: 60 байт
2026-04-07 02:00:33,867 [DEBUG] TUN->SSH: 60 байт
2026-04-07 02:00:33,871 [DEBUG] SSH->TUN: 60 байт
2026-04-07 02:00:33,894 [DEBUG] TUN->SSH: 60 байт
2026-04-07 02:00:33,922 [DEBUG] TUN->SSH: 60 байт
2026-04-07 02:00:33,924 [DEBUG] SSH->TUN: 309 байт
2026-04-07 02:00:33,994 [DEBUG] SSH->TUN: 60 байт
2026-04-07 02:00:34,092 [DEBUG] TUN->SSH: 477 байт
2026-04-07 02:00:34,100 [DEBUG] SSH->TUN: 120 байт
2026-04-07 02:00:34,120 [DEBUG] TUN->SSH: 60 байт
2026-04-07 02:00:34,134 [DEBUG] SSH->TUN: 60 байт
2026-04-07 02:00:34,141 [DEBUG] TUN->SSH: 60 байт
2026-04-07 02:00:34,173 [DEBUG] TUN->SSH: 60 байт
2026-04-07 02:00:34,190 [DEBUG] SSH->TUN: 576 байт
2026-04-07 02:00:34,209 [DEBUG] TUN->SSH: 60 байт
2026-04-07 02:00:34,216 [DEBUG] SSH->TUN: 60 байт
2026-04-07 02:00:34,228 [DEBUG] TUN->SSH: 60 байт
2026-04-07 02:00:34,245 [DEBUG] SSH->TUN: 60 байт
2026-04-07 02:00:34,259 [DEBUG] TUN->SSH: 60 байт
2026-04-07 02:00:34,278 [DEBUG] TUN->SSH: 60 байт
2026-04-07 02:00:34,308 [DEBUG] TUN->SSH: 60 байт
2026-04-07 02:00:34,332 [DEBUG] SSH->TUN: 60 байт
2026-04-07 02:00:34,338 [DEBUG] TUN->SSH: 52 байт
2026-04-07 02:00:34,345 [DEBUG] TUN->SSH: 40 байт
2026-04-07 02:00:34,382 [DEBUG] TUN->SSH: 64 байт
2026-04-07 02:00:34,414 [DEBUG] SSH->TUN: 576 байт
2026-04-07 02:00:34,416 [DEBUG] SSH->TUN: 576 байт
2026-04-07 02:00:34,425 [DEBUG] TUN->SSH: 126 байт
2026-04-07 02:00:34,464 [DEBUG] TUN->SSH: 88 байт
2026-04-07 02:00:34,482 [DEBUG] TUN->SSH: 52 байт
2026-04-07 02:00:34,562 [DEBUG] SSH->TUN: 64 байт
2026-04-07 02:00:34,616 [DEBUG] SSH->TUN: 52 байт
2026-04-07 02:00:34,677 [DEBUG] TUN->SSH: 569 байт
2026-04-07 02:00:34,701 [DEBUG] TUN->SSH: 60 байт
2026-04-07 02:00:34,704 [DEBUG] SSH->TUN: 52 байт
2026-04-07 02:00:34,704 [DEBUG] SSH->TUN: 576 байт
2026-04-07 02:00:34,729 [DEBUG] TUN->SSH: 60 байт
2026-04-07 02:00:34,735 [DEBUG] SSH->TUN: 2614 байт
2026-04-07 02:00:34,769 [DEBUG] TUN->SSH: 60 байт
2026-04-07 02:00:34,795 [DEBUG] TUN->SSH: 60 байт
2026-04-07 02:00:34,810 [DEBUG] TUN->SSH: 72 байт
2026-04-07 02:00:34,826 [DEBUG] TUN->SSH: 40 байт
2026-04-07 02:00:34,841 [DEBUG] SSH->TUN: 576 байт
2026-04-07 02:00:34,855 [DEBUG] TUN->SSH: 52 байт
2026-04-07 02:00:34,968 [DEBUG] TUN->SSH: 389 байт
2026-04-07 02:00:34,992 [DEBUG] TUN->SSH: 52 байт
2026-04-07 02:00:34,997 [DEBUG] SSH->TUN: 60 байт
2026-04-07 02:00:35,084 [DEBUG] SSH->TUN: 60 байт
2026-04-07 02:00:35,084 [DEBUG] TUN->SSH: 344 байт
2026-04-07 02:00:35,098 [DEBUG] SSH->TUN: 60 байт
2026-04-07 02:00:35,104 [DEBUG] TUN->SSH: 52 байт
2026-04-07 02:00:35,119 [DEBUG] SSH->TUN: 60 байт
2026-04-07 02:00:35,151 [DEBUG] SSH->TUN: 145 байт
2026-04-07 02:00:35,228 [DEBUG] SSH->TUN: 60 байт
2026-04-07 02:00:35,231 [DEBUG] TUN->SSH: 385 байт
2026-04-07 02:00:35,249 [DEBUG] SSH->TUN: 60 байт
2026-04-07 02:00:35,260 [DEBUG] TUN->SSH: 80 байт
2026-04-07 02:00:35,269 [DEBUG] SSH->TUN: 407 байт
2026-04-07 02:00:35,287 [DEBUG] TUN->SSH: 52 байт
2026-04-07 02:00:35,332 [DEBUG] SSH->TUN: 60 байт
2026-04-07 02:00:35,383 [DEBUG] TUN->SSH: 313 байт
2026-04-07 02:00:35,401 [DEBUG] TUN->SSH: 52 байт
2026-04-07 02:00:35,413 [DEBUG] SSH->TUN: 319 байт
2026-04-07 02:00:35,426 [DEBUG] SSH->TUN: 169 байт
2026-04-07 02:00:35,557 [DEBUG] SSH->TUN: 576 байт
2026-04-07 02:00:35,560 [DEBUG] TUN->SSH: 478 байт
2026-04-07 02:00:35,582 [DEBUG] TUN->SSH: 60 байт
2026-04-07 02:00:35,604 [DEBUG] SSH->TUN: 399 байт
2026-04-07 02:00:35,606 [DEBUG] SSH->TUN: 60 байт
2026-04-07 02:00:35,618 [DEBUG] TUN->SSH: 52 байт
2026-04-07 02:00:35,651 [DEBUG] TUN->SSH: 150 байт
2026-04-07 02:00:35,679 [DEBUG] SSH->TUN: 427 байт
2026-04-07 02:00:35,816 [DEBUG] TUN->SSH: 576 байт
2026-04-07 02:00:35,834 [DEBUG] TUN->SSH: 40 байт
2026-04-07 02:00:36,023 [DEBUG] SSH->TUN: 310 байт
2026-04-07 02:00:36,050 [DEBUG] TUN->SSH: 569 байт
2026-04-07 02:00:36,074 [DEBUG] SSH->TUN: 64 байт
2026-04-07 02:00:36,078 [DEBUG] TUN->SSH: 72 байт
2026-04-07 02:00:36,106 [DEBUG] TUN->SSH: 64 байт
2026-04-07 02:00:36,108 [DEBUG] SSH->TUN: 576 байт
2026-04-07 02:00:36,121 [DEBUG] TUN->SSH: 64 байт
2026-04-07 02:00:36,136 [DEBUG] TUN->SSH: 60 байт
2026-04-07 02:00:36,172 [DEBUG] TUN->SSH: 88 байт
2026-04-07 02:00:36,176 [DEBUG] SSH->TUN: 60 байт
2026-04-07 02:00:36,312 [DEBUG] SSH->TUN: 52 байт
2026-04-07 02:00:36,334 [DEBUG] TUN->SSH: 460 байт
2026-04-07 02:00:36,370 [DEBUG] TUN->SSH: 88 байт
2026-04-07 02:00:36,414 [DEBUG] TUN->SSH: 124 байт
2026-04-07 02:00:36,499 [DEBUG] TUN->SSH: 210 байт
2026-04-07 02:00:36,646 [DEBUG] TUN->SSH: 477 байт
2026-04-07 02:00:36,670 [DEBUG] TUN->SSH: 52 байт
2026-04-07 02:00:36,677 [DEBUG] SSH->TUN: 346 байт
2026-04-07 02:00:36,702 [DEBUG] TUN->SSH: 60 байт
2026-04-07 02:00:36,711 [DEBUG] SSH->TUN: 318 байт
2026-04-07 02:00:36,726 [DEBUG] TUN->SSH: 52 байт
2026-04-07 02:00:36,737 [DEBUG] TUN->SSH: 52 байт
2026-04-07 02:00:36,762 [DEBUG] TUN->SSH: 52 байт
2026-04-07 02:00:36,788 [DEBUG] TUN->SSH: 52 байт
2026-04-07 02:00:36,815 [DEBUG] TUN->SSH: 60 байт
2026-04-07 02:00:36,839 [DEBUG] TUN->SSH: 60 байт
2026-04-07 02:00:36,875 [DEBUG] TUN->SSH: 60 байт
2026-04-07 02:00:36,893 [DEBUG] TUN->SSH: 60 байт
2026-04-07 02:00:36,935 [DEBUG] TUN->SSH: 87 байт
2026-04-07 02:00:36,959 [DEBUG] TUN->SSH: 60 байт
2026-04-07 02:00:36,982 [DEBUG] TUN->SSH: 60 байт
2026-04-07 02:00:37,016 [DEBUG] TUN->SSH: 60 байт
2026-04-07 02:00:37,016 [DEBUG] SSH->TUN: 626 байт
2026-04-07 02:00:37,045 [DEBUG] SSH->TUN: 52 байт
2026-04-07 02:00:37,048 [DEBUG] SSH->TUN: 60 байт
2026-04-07 02:00:37,050 [DEBUG] TUN->SSH: 60 байт
2026-04-07 02:00:37,063 [DEBUG] TUN->SSH: 64 байт
2026-04-07 02:00:37,064 [DEBUG] SSH->TUN: 60 байт
2026-04-07 02:00:37,088 [DEBUG] SSH->TUN: 60 байт
2026-04-07 02:00:37,089 [DEBUG] TUN->SSH: 60 байт
2026-04-07 02:00:37,094 [DEBUG] SSH->TUN: 52 байт
2026-04-07 02:00:37,109 [DEBUG] TUN->SSH: 60 байт
2026-04-07 02:00:37,110 [DEBUG] SSH->TUN: 60 байт
2026-04-07 02:00:37,135 [DEBUG] TUN->SSH: 60 байт
2026-04-07 02:00:37,169 [DEBUG] TUN->SSH: 60 байт
2026-04-07 02:00:37,185 [DEBUG] TUN->SSH: 52 байт
2026-04-07 02:00:37,203 [DEBUG] TUN->SSH: 60 байт
2026-04-07 02:00:37,240 [DEBUG] TUN->SSH: 60 байт
2026-04-07 02:00:37,271 [DEBUG] TUN->SSH: 52 байт
2026-04-07 02:00:37,306 [DEBUG] TUN->SSH: 60 байт
2026-04-07 02:00:37,329 [DEBUG] TUN->SSH: 60 байт
2026-04-07 02:00:37,345 [DEBUG] TUN->SSH: 40 байт
2026-04-07 02:00:37,352 [DEBUG] TUN->SSH: 40 байт
2026-04-07 02:00:37,354 [DEBUG] SSH->TUN: 172 байт
2026-04-07 02:00:37,372 [DEBUG] TUN->SSH: 52 байт
2026-04-07 02:00:37,389 [DEBUG] TUN->SSH: 52 байт
2026-04-07 02:00:37,394 [DEBUG] SSH->TUN: 360 байт
2026-04-07 02:00:37,412 [DEBUG] TUN->SSH: 52 байт
2026-04-07 02:00:37,434 [DEBUG] TUN->SSH: 60 байт
2026-04-07 02:00:37,453 [DEBUG] SSH->TUN: 60 байт
2026-04-07 02:00:37,458 [DEBUG] TUN->SSH: 52 байт
2026-04-07 02:00:37,489 [DEBUG] TUN->SSH: 52 байт
2026-04-07 02:00:37,509 [DEBUG] TUN->SSH: 40 байт
2026-04-07 02:00:37,524 [DEBUG] TUN->SSH: 52 байт
2026-04-07 02:00:37,549 [DEBUG] SSH->TUN: 170 байт
2026-04-07 02:00:37,554 [DEBUG] TUN->SSH: 52 байт
2026-04-07 02:00:37,568 [DEBUG] TUN->SSH: 40 байт
2026-04-07 02:00:37,571 [DEBUG] SSH->TUN: 64 байт
2026-04-07 02:00:37,644 [DEBUG] TUN->SSH: 210 байт
2026-04-07 02:00:37,761 [DEBUG] SSH->TUN: 102 байт
2026-04-07 02:00:37,774 [DEBUG] SSH->TUN: 60 байт
2026-04-07 02:00:37,787 [DEBUG] SSH->TUN: 64 байт
2026-04-07 02:00:37,794 [DEBUG] TUN->SSH: 460 байт
2026-04-07 02:00:37,826 [DEBUG] TUN->SSH: 52 байт
2026-04-07 02:00:37,859 [DEBUG] TUN->SSH: 52 байт
2026-04-07 02:00:37,883 [DEBUG] SSH->TUN: 169 байт
2026-04-07 02:00:37,887 [DEBUG] TUN->SSH: 40 байт
2026-04-07 02:00:37,916 [DEBUG] TUN->SSH: 40 байт
2026-04-07 02:00:37,917 [DEBUG] SSH->TUN: 60 байт
2026-04-07 02:00:37,941 [DEBUG] TUN->SSH: 60 байт
2026-04-07 02:00:37,945 [DEBUG] SSH->TUN: 64 байт
2026-04-07 02:00:37,964 [DEBUG] TUN->SSH: 52 байт
2026-04-07 02:00:37,968 [DEBUG] SSH->TUN: 60 байт
2026-04-07 02:00:37,978 [DEBUG] TUN->SSH: 40 байт
2026-04-07 02:00:37,996 [DEBUG] SSH->TUN: 60 байт
2026-04-07 02:00:38,010 [DEBUG] TUN->SSH: 52 байт
2026-04-07 02:00:38,010 [DEBUG] SSH->TUN: 60 байт
2026-04-07 02:00:38,052 [DEBUG] TUN->SSH: 52 байт
2026-04-07 02:00:38,076 [DEBUG] SSH->TUN: 60 байт
2026-04-07 02:00:38,076 [DEBUG] SSH->TUN: 60 байт
2026-04-07 02:00:38,083 [DEBUG] SSH->TUN: 52 байт
2026-04-07 02:00:38,107 [DEBUG] SSH->TUN: 60 байт
2026-04-07 02:00:38,163 [DEBUG] TUN->SSH: 317 байт
2026-04-07 02:00:38,186 [DEBUG] TUN->SSH: 60 байт
2026-04-07 02:00:38,187 [DEBUG] SSH->TUN: 60 байт
2026-04-07 02:00:38,194 [DEBUG] TUN->SSH: 40 байт
2026-04-07 02:00:38,199 [DEBUG] SSH->TUN: 205 байт
2026-04-07 02:00:38,206 [DEBUG] SSH->TUN: 708 байт
2026-04-07 02:00:38,218 [DEBUG] SSH->TUN: 60 байт
2026-04-07 02:00:38,219 [DEBUG] TUN->SSH: 60 байт
2026-04-07 02:00:38,245 [DEBUG] TUN->SSH: 52 байт
2026-04-07 02:00:38,248 [DEBUG] SSH->TUN: 60 байт
2026-04-07 02:00:38,251 [DEBUG] SSH->TUN: 60 байт
2026-04-07 02:00:38,255 [DEBUG] TUN->SSH: 40 байт
2026-04-07 02:00:38,275 [DEBUG] SSH->TUN: 60 байт
2026-04-07 02:00:38,278 [DEBUG] SSH->TUN: 60 байт
2026-04-07 02:00:38,292 [DEBUG] TUN->SSH: 52 байт
2026-04-07 02:00:38,300 [DEBUG] SSH->TUN: 60 байт
2026-04-07 02:00:38,305 [DEBUG] SSH->TUN: 60 байт
2026-04-07 02:00:38,339 [DEBUG] SSH->TUN: 212 байт
2026-04-07 02:00:38,345 [DEBUG] TUN->SSH: 162 байт
2026-04-07 02:00:38,371 [DEBUG] SSH->TUN: 52 байт
2026-04-07 02:00:38,371 [DEBUG] SSH->TUN: 346 байт
2026-04-07 02:00:38,373 [DEBUG] SSH->TUN: 60 байт
2026-04-07 02:00:38,384 [DEBUG] TUN->SSH: 60 байт
2026-04-07 02:00:38,401 [DEBUG] SSH->TUN: 60 байт
2026-04-07 02:00:38,413 [DEBUG] TUN->SSH: 60 байт
2026-04-07 02:00:38,451 [DEBUG] TUN->SSH: 60 байт
2026-04-07 02:00:38,483 [DEBUG] TUN->SSH: 60 байт
2026-04-07 02:00:38,505 [DEBUG] TUN->SSH: 60 байт
2026-04-07 02:00:38,517 [DEBUG] SSH->TUN: 60 байт
2026-04-07 02:00:38,540 [DEBUG] TUN->SSH: 60 байт
2026-04-07 02:00:38,560 [DEBUG] SSH->TUN: 60 байт
2026-04-07 02:00:38,563 [DEBUG] TUN->SSH: 60 байт
2026-04-07 02:00:38,580 [DEBUG] TUN->SSH: 60 байт
2026-04-07 02:00:38,588 [DEBUG] SSH->TUN: 60 байт
2026-04-07 02:00:38,594 [DEBUG] SSH->TUN: 60 байт
2026-04-07 02:00:38,616 [DEBUG] TUN->SSH: 60 байт
2026-04-07 02:00:38,628 [DEBUG] SSH->TUN: 60 байт
2026-04-07 02:00:38,629 [DEBUG] SSH->TUN: 170 байт
2026-04-07 02:00:38,645 [DEBUG] TUN->SSH: 60 байт
2026-04-07 02:00:38,652 [DEBUG] SSH->TUN: 120 байт
2026-04-07 02:00:38,671 [DEBUG] TUN->SSH: 60 байт
2026-04-07 02:00:38,679 [DEBUG] SSH->TUN: 60 байт
2026-04-07 02:00:38,694 [DEBUG] TUN->SSH: 60 байт
2026-04-07 02:00:38,718 [DEBUG] SSH->TUN: 60 байт
2026-04-07 02:00:38,732 [DEBUG] TUN->SSH: 60 байт
2026-04-07 02:00:38,732 [DEBUG] SSH->TUN: 60 байт
2026-04-07 02:00:38,760 [DEBUG] TUN->SSH: 60 байт
2026-04-07 02:00:38,766 [DEBUG] SSH->TUN: 60 байт
2026-04-07 02:00:38,787 [DEBUG] TUN->SSH: 60 байт
2026-04-07 02:00:38,806 [DEBUG] SSH->TUN: 60 байт
2026-04-07 02:00:38,821 [DEBUG] SSH->TUN: 60 байт
2026-04-07 02:00:38,824 [DEBUG] TUN->SSH: 60 байт
2026-04-07 02:00:38,842 [DEBUG] TUN->SSH: 60 байт
2026-04-07 02:00:38,849 [DEBUG] SSH->TUN: 60 байт
2026-04-07 02:00:38,861 [DEBUG] TUN->SSH: 88 байт
2026-04-07 02:00:38,900 [DEBUG] TUN->SSH: 60 байт
2026-04-07 02:00:38,908 [DEBUG] SSH->TUN: 40 байт
2026-04-07 02:00:38,912 [DEBUG] SSH->TUN: 60 байт
2026-04-07 02:00:38,913 [DEBUG] SSH->TUN: 60 байт
2026-04-07 02:00:38,922 [DEBUG] TUN->SSH: 64 байт
2026-04-07 02:00:38,943 [DEBUG] SSH->TUN: 576 байт
2026-04-07 02:00:38,957 [DEBUG] TUN->SSH: 60 байт
2026-04-07 02:00:38,972 [DEBUG] TUN->SSH: 40 байт
2026-04-07 02:00:39,000 [DEBUG] TUN->SSH: 88 байт
2026-04-07 02:00:39,034 [DEBUG] TUN->SSH: 52 байт
2026-04-07 02:00:39,185 [DEBUG] SSH->TUN: 254 байт
2026-04-07 02:00:39,204 [DEBUG] TUN->SSH: 569 байт
2026-04-07 02:00:39,217 [DEBUG] TUN->SSH: 40 байт
2026-04-07 02:00:39,236 [DEBUG] SSH->TUN: 52 байт
2026-04-07 02:00:39,242 [DEBUG] SSH->TUN: 576 байт
2026-04-07 02:00:39,243 [DEBUG] SSH->TUN: 576 байт
2026-04-07 02:00:39,243 [DEBUG] SSH->TUN: 576 байт
2026-04-07 02:00:39,268 [DEBUG] SSH->TUN: 1608 байт
2026-04-07 02:00:39,310 [DEBUG] TUN->SSH: 282 байт
2026-04-07 02:00:39,334 [DEBUG] TUN->SSH: 64 байт
2026-04-07 02:00:39,354 [DEBUG] TUN->SSH: 52 байт
2026-04-07 02:00:39,455 [DEBUG] SSH->TUN: 64 байт
2026-04-07 02:00:39,499 [DEBUG] TUN->SSH: 477 байт
2026-04-07 02:00:39,526 [DEBUG] TUN->SSH: 60 байт
2026-04-07 02:00:39,549 [DEBUG] TUN->SSH: 60 байт
2026-04-07 02:00:39,550 [DEBUG] SSH->TUN: 60 байт
2026-04-07 02:00:39,569 [DEBUG] TUN->SSH: 60 байт
2026-04-07 02:00:39,576 [DEBUG] SSH->TUN: 60 байт
2026-04-07 02:00:39,597 [DEBUG] TUN->SSH: 60 байт
2026-04-07 02:00:39,627 [DEBUG] TUN->SSH: 60 байт
2026-04-07 02:00:39,645 [DEBUG] TUN->SSH: 60 байт
2026-04-07 02:00:39,685 [DEBUG] TUN->SSH: 60 байт
2026-04-07 02:00:39,725 [DEBUG] TUN->SSH: 60 байт
2026-04-07 02:00:39,740 [DEBUG] TUN->SSH: 88 байт
2026-04-07 02:00:39,774 [DEBUG] TUN->SSH: 60 байт
2026-04-07 02:00:39,801 [DEBUG] TUN->SSH: 60 байт
2026-04-07 02:00:39,806 [DEBUG] SSH->TUN: 580 байт
2026-04-07 02:00:39,818 [DEBUG] TUN->SSH: 60 байт
2026-04-07 02:00:39,836 [DEBUG] SSH->TUN: 120 байт
2026-04-07 02:00:39,841 [DEBUG] TUN->SSH: 60 байт
2026-04-07 02:00:39,863 [DEBUG] SSH->TUN: 60 байт
2026-04-07 02:00:39,873 [DEBUG] TUN->SSH: 60 байт
2026-04-07 02:00:39,884 [DEBUG] SSH->TUN: 60 байт
2026-04-07 02:00:39,890 [DEBUG] TUN->SSH: 60 байт
2026-04-07 02:00:39,912 [DEBUG] TUN->SSH: 60 байт
2026-04-07 02:00:39,917 [DEBUG] SSH->TUN: 60 байт
2026-04-07 02:00:39,933 [DEBUG] SSH->TUN: 60 байт
2026-04-07 02:00:39,936 [DEBUG] TUN->SSH: 60 байт
2026-04-07 02:00:39,947 [DEBUG] SSH->TUN: 60 байт
2026-04-07 02:00:39,989 [DEBUG] SSH->TUN: 60 байт
2026-04-07 02:00:40,042 [DEBUG] TUN->SSH: 317 байт
2026-04-07 02:00:40,069 [DEBUG] TUN->SSH: 60 байт
2026-04-07 02:00:40,101 [DEBUG] TUN->SSH: 60 байт
2026-04-07 02:00:40,108 [DEBUG] TUN->SSH: 40 байт
2026-04-07 02:00:40,133 [DEBUG] TUN->SSH: 60 байт
2026-04-07 02:00:40,161 [DEBUG] TUN->SSH: 52 байт
2026-04-07 02:00:40,198 [DEBUG] TUN->SSH: 52 байт
2026-04-07 02:00:40,214 [DEBUG] SSH->TUN: 304 байт
2026-04-07 02:00:40,230 [DEBUG] TUN->SSH: 124 байт
2026-04-07 02:00:40,244 [DEBUG] SSH->TUN: 60 байт
2026-04-07 02:00:40,251 [DEBUG] SSH->TUN: 330 байт
2026-04-07 02:00:40,259 [DEBUG] TUN->SSH: 60 байт
2026-04-07 02:00:40,261 [DEBUG] SSH->TUN: 60 байт
2026-04-07 02:00:40,280 [DEBUG] SSH->TUN: 60 байт
2026-04-07 02:00:40,290 [DEBUG] SSH->TUN: 92 байт
2026-04-07 02:00:40,294 [DEBUG] TUN->SSH: 64 байт
2026-04-07 02:00:40,320 [DEBUG] SSH->TUN: 60 байт
2026-04-07 02:00:40,324 [DEBUG] TUN->SSH: 52 байт
2026-04-07 02:00:40,501 [DEBUG] TUN->SSH: 576 байт
2026-04-07 02:00:40,547 [DEBUG] SSH->TUN: 52 байт
2026-04-07 02:00:40,696 [DEBUG] TUN->SSH: 576 байт
2026-04-07 02:00:40,730 [DEBUG] SSH->TUN: 52 байт
2026-04-07 02:00:40,743 [DEBUG] SSH->TUN: 60 байт
2026-04-07 02:00:40,747 [DEBUG] SSH->TUN: 60 байт
2026-04-07 02:00:40,779 [DEBUG] SSH->TUN: 170 байт
2026-04-07 02:00:40,780 [DEBUG] SSH->TUN: 60 байт
2026-04-07 02:00:40,782 [DEBUG] SSH->TUN: 60 байт
2026-04-07 02:00:40,903 [DEBUG] TUN->SSH: 576 байт
2026-04-07 02:00:40,942 [DEBUG] SSH->TUN: 52 байт
2026-04-07 02:00:40,989 [DEBUG] TUN->SSH: 300 байт
2026-04-07 02:00:41,002 [DEBUG] TUN->SSH: 40 байт
2026-04-07 02:00:41,028 [DEBUG] TUN->SSH: 52 байт
2026-04-07 02:00:41,032 [DEBUG] SSH->TUN: 2356 байт
2026-04-07 02:00:41,063 [DEBUG] SSH->TUN: 1441 байт
2026-04-07 02:00:41,213 [DEBUG] TUN->SSH: 490 байт
2026-04-07 02:00:41,214 [DEBUG] SSH->TUN: 60 байт
2026-04-07 02:00:41,226 [DEBUG] TUN->SSH: 40 байт
2026-04-07 02:00:41,251 [DEBUG] SSH->TUN: 347 байт
2026-04-07 02:00:41,262 [DEBUG] TUN->SSH: 60 байт
2026-04-07 02:00:41,275 [DEBUG] SSH->TUN: 60 байт
2026-04-07 02:00:41,279 [DEBUG] TUN->SSH: 40 байт
2026-04-07 02:00:41,305 [DEBUG] TUN->SSH: 60 байт
2026-04-07 02:00:41,329 [DEBUG] SSH->TUN: 60 байт
2026-04-07 02:00:41,337 [DEBUG] TUN->SSH: 60 байт
2026-04-07 02:00:41,358 [DEBUG] SSH->TUN: 60 байт
2026-04-07 02:00:41,369 [DEBUG] TUN->SSH: 40 байт
2026-04-07 02:00:41,386 [DEBUG] TUN->SSH: 52 байт
2026-04-07 02:00:41,552 [DEBUG] TUN->SSH: 385 байт
2026-04-07 02:00:41,589 [DEBUG] TUN->SSH: 80 байт
2026-04-07 02:00:41,591 [DEBUG] SSH->TUN: 161 байт
2026-04-07 02:00:41,605 [DEBUG] SSH->TUN: 52 байт
2026-04-07 02:00:41,616 [DEBUG] TUN->SSH: 52 байт
2026-04-07 02:00:41,673 [DEBUG] TUN->SSH: 118 байт
2026-04-07 02:00:41,687 [DEBUG] SSH->TUN: 52 байт
2026-04-07 02:00:41,687 [DEBUG] SSH->TUN: 147 байт
2026-04-07 02:00:41,689 [DEBUG] SSH->TUN: 133 байт
2026-04-07 02:00:41,701 [DEBUG] TUN->SSH: 60 байт
2026-04-07 02:00:41,712 [DEBUG] TUN->SSH: 40 байт
2026-04-07 02:00:41,725 [DEBUG] SSH->TUN: 60 байт
2026-04-07 02:00:41,732 [DEBUG] TUN->SSH: 52 байт
2026-04-07 02:00:41,750 [DEBUG] SSH->TUN: 102 байт
2026-04-07 02:00:41,764 [DEBUG] TUN->SSH: 88 байт
2026-04-07 02:00:41,785 [DEBUG] SSH->TUN: 489 байт
2026-04-07 02:00:41,790 [DEBUG] SSH->TUN: 60 байт
2026-04-07 02:00:41,794 [DEBUG] TUN->SSH: 88 байт
2026-04-07 02:00:41,816 [DEBUG] SSH->TUN: 60 байт
2026-04-07 02:00:41,827 [DEBUG] TUN->SSH: 88 байт
2026-04-07 02:00:41,829 [DEBUG] SSH->TUN: 60 байт
2026-04-07 02:00:41,847 [DEBUG] SSH->TUN: 60 байт
2026-04-07 02:00:41,850 [DEBUG] SSH->TUN: 60 байт
2026-04-07 02:00:41,862 [DEBUG] TUN->SSH: 88 байт
2026-04-07 02:00:41,870 [DEBUG] SSH->TUN: 60 байт
2026-04-07 02:00:41,888 [DEBUG] TUN->SSH: 88 байт
2026-04-07 02:00:41,901 [DEBUG] TUN->SSH: 88 байт
2026-04-07 02:00:41,905 [DEBUG] SSH->TUN: 52 байт
2026-04-07 02:00:41,939 [DEBUG] TUN->SSH: 88 байт
2026-04-07 02:00:41,945 [DEBUG] SSH->TUN: 52 байт
2026-04-07 02:00:41,957 [DEBUG] SSH->TUN: 60 байт
2026-04-07 02:00:41,961 [DEBUG] TUN->SSH: 88 байт
2026-04-07 02:00:41,964 [DEBUG] SSH->TUN: 52 байт
2026-04-07 02:00:41,985 [DEBUG] TUN->SSH: 88 байт
2026-04-07 02:00:42,008 [DEBUG] TUN->SSH: 88 байт
2026-04-07 02:00:42,011 [DEBUG] SSH->TUN: 52 байт
2026-04-07 02:00:42,020 [DEBUG] SSH->TUN: 60 байт
2026-04-07 02:00:42,025 [DEBUG] TUN->SSH: 52 байт
2026-04-07 02:00:42,035 [DEBUG] SSH->TUN: 52 байт
2026-04-07 02:00:42,047 [DEBUG] TUN->SSH: 60 байт
2026-04-07 02:00:42,052 [DEBUG] SSH->TUN: 52 байт
2026-04-07 02:00:42,060 [DEBUG] SSH->TUN: 52 байт
2026-04-07 02:00:42,077 [DEBUG] SSH->TUN: 60 байт
2026-04-07 02:00:42,078 [DEBUG] SSH->TUN: 52 байт
2026-04-07 02:00:42,083 [DEBUG] TUN->SSH: 60 байт
2026-04-07 02:00:42,109 [DEBUG] TUN->SSH: 60 байт
2026-04-07 02:00:42,109 [DEBUG] SSH->TUN: 52 байт
2026-04-07 02:00:42,134 [DEBUG] SSH->TUN: 52 байт
2026-04-07 02:00:42,138 [DEBUG] TUN->SSH: 60 байт
2026-04-07 02:00:42,167 [DEBUG] TUN->SSH: 60 байт
2026-04-07 02:00:42,197 [DEBUG] TUN->SSH: 60 байт
2026-04-07 02:00:42,213 [DEBUG] SSH->TUN: 112 байт
2026-04-07 02:00:42,226 [DEBUG] TUN->SSH: 60 байт
2026-04-07 02:00:42,245 [DEBUG] SSH->TUN: 60 байт
2026-04-07 02:00:42,255 [DEBUG] TUN->SSH: 52 байт
2026-04-07 02:00:42,260 [DEBUG] SSH->TUN: 60 байт
2026-04-07 02:00:42,277 [DEBUG] TUN->SSH: 52 байт
2026-04-07 02:00:42,284 [DEBUG] SSH->TUN: 60 байт
2026-04-07 02:00:42,304 [DEBUG] TUN->SSH: 60 байт
2026-04-07 02:00:42,308 [DEBUG] SSH->TUN: 323 байт
2026-04-07 02:00:42,310 [DEBUG] SSH->TUN: 60 байт
2026-04-07 02:00:42,314 [DEBUG] SSH->TUN: 60 байт
2026-04-07 02:00:42,326 [DEBUG] TUN->SSH: 60 байт
2026-04-07 02:00:42,341 [DEBUG] SSH->TUN: 60 байт
2026-04-07 02:00:42,349 [DEBUG] TUN->SSH: 60 байт
2026-04-07 02:00:42,363 [DEBUG] SSH->TUN: 60 байт
2026-04-07 02:00:42,373 [DEBUG] SSH->TUN: 60 байт
2026-04-07 02:00:42,374 [DEBUG] TUN->SSH: 60 байт
2026-04-07 02:00:42,382 [DEBUG] SSH->TUN: 60 байт
2026-04-07 02:00:42,384 [DEBUG] SSH->TUN: 60 байт
2026-04-07 02:00:42,394 [DEBUG] SSH->TUN: 52 байт
2026-04-07 02:00:42,395 [DEBUG] TUN->SSH: 60 байт
2026-04-07 02:00:42,411 [DEBUG] SSH->TUN: 60 байт
2026-04-07 02:00:42,412 [DEBUG] TUN->SSH: 64 байт
2026-04-07 02:00:42,434 [DEBUG] SSH->TUN: 60 байт
2026-04-07 02:00:42,438 [DEBUG] TUN->SSH: 60 байт
2026-04-07 02:00:42,464 [DEBUG] TUN->SSH: 52 байт
2026-04-07 02:00:42,466 [DEBUG] SSH->TUN: 60 байт
2026-04-07 02:00:42,507 [DEBUG] SSH->TUN: 60 байт
2026-04-07 02:00:42,553 [DEBUG] SSH->TUN: 60 байт
2026-04-07 02:00:42,554 [DEBUG] TUN->SSH: 341 байт
2026-04-07 02:00:42,569 [DEBUG] TUN->SSH: 60 байт
2026-04-07 02:00:42,596 [DEBUG] SSH->TUN: 60 байт
2026-04-07 02:00:42,597 [DEBUG] TUN->SSH: 88 байт
2026-04-07 02:00:42,597 [DEBUG] SSH->TUN: 237 байт
2026-04-07 02:00:42,625 [DEBUG] TUN->SSH: 52 байт
2026-04-07 02:00:42,629 [DEBUG] SSH->TUN: 40 байт
2026-04-07 02:00:42,638 [DEBUG] TUN->SSH: 40 байт
2026-04-07 02:00:42,646 [DEBUG] TUN->SSH: 40 байт
2026-04-07 02:00:42,683 [DEBUG] SSH->TUN: 205 байт
2026-04-07 02:00:42,704 [DEBUG] TUN->SSH: 153 байт
2026-04-07 02:00:42,723 [DEBUG] TUN->SSH: 52 байт
2026-04-07 02:00:42,743 [DEBUG] TUN->SSH: 40 байт
2026-04-07 02:00:42,760 [DEBUG] TUN->SSH: 40 байт
2026-04-07 02:00:42,778 [DEBUG] SSH->TUN: 60 байт
2026-04-07 02:00:42,788 [DEBUG] TUN->SSH: 52 байт
2026-04-07 02:00:42,803 [DEBUG] TUN->SSH: 40 байт
2026-04-07 02:00:42,826 [DEBUG] TUN->SSH: 60 байт
2026-04-07 02:00:42,846 [DEBUG] SSH->TUN: 52 байт
2026-04-07 02:00:42,846 [DEBUG] SSH->TUN: 78 байт
2026-04-07 02:00:42,847 [DEBUG] SSH->TUN: 76 байт
2026-04-07 02:00:42,852 [DEBUG] SSH->TUN: 60 байт
2026-04-07 02:00:42,862 [DEBUG] TUN->SSH: 60 байт
2026-04-07 02:00:42,879 [DEBUG] SSH->TUN: 60 байт
2026-04-07 02:00:42,880 [DEBUG] TUN->SSH: 40 байт
2026-04-07 02:00:42,906 [DEBUG] TUN->SSH: 60 байт
2026-04-07 02:00:42,926 [DEBUG] TUN->SSH: 52 байт
2026-04-07 02:00:42,929 [DEBUG] SSH->TUN: 60 байт
2026-04-07 02:00:42,952 [DEBUG] TUN->SSH: 52 байт
2026-04-07 02:00:42,988 [DEBUG] TUN->SSH: 52 байт
2026-04-07 02:00:43,009 [DEBUG] SSH->TUN: 40 байт
2026-04-07 02:00:43,177 [DEBUG] TUN->SSH: 569 байт
2026-04-07 02:00:43,187 [DEBUG] SSH->TUN: 76 байт
2026-04-07 02:00:43,202 [DEBUG] SSH->TUN: 40 байт
2026-04-07 02:00:43,212 [DEBUG] TUN->SSH: 52 байт
2026-04-07 02:00:43,223 [DEBUG] TUN->SSH: 40 байт
2026-04-07 02:00:43,240 [DEBUG] SSH->TUN: 60 байт
2026-04-07 02:00:43,252 [DEBUG] TUN->SSH: 52 байт
2026-04-07 02:00:43,283 [DEBUG] TUN->SSH: 52 байт
2026-04-07 02:00:43,289 [DEBUG] SSH->TUN: 60 байт
2026-04-07 02:00:43,316 [DEBUG] SSH->TUN: 60 байт
2026-04-07 02:00:43,324 [DEBUG] SSH->TUN: 60 байт
2026-04-07 02:00:43,404 [DEBUG] TUN->SSH: 349 байт
2026-04-07 02:00:43,436 [DEBUG] SSH->TUN: 399 байт
2026-04-07 02:00:43,436 [DEBUG] TUN->SSH: 40 байт
2026-04-07 02:00:43,446 [DEBUG] TUN->SSH: 52 байт
2026-04-07 02:00:43,508 [DEBUG] SSH->TUN: 60 байт
2026-04-07 02:00:43,523 [DEBUG] TUN->SSH: 201 байт
2026-04-07 02:00:43,549 [DEBUG] TUN->SSH: 52 байт
2026-04-07 02:00:43,582 [DEBUG] TUN->SSH: 64 байт
2026-04-07 02:00:43,604 [DEBUG] TUN->SSH: 52 байт
2026-04-07 02:00:43,645 [DEBUG] TUN->SSH: 52 байт
2026-04-07 02:00:43,658 [DEBUG] SSH->TUN: 102 байт
2026-04-07 02:00:43,699 [DEBUG] SSH->TUN: 225 байт
2026-04-07 02:00:43,748 [DEBUG] TUN->SSH: 324 байт
2026-04-07 02:00:43,765 [DEBUG] TUN->SSH: 52 байт
2026-04-07 02:00:43,821 [DEBUG] TUN->SSH: 88 байт
2026-04-07 02:00:43,853 [DEBUG] TUN->SSH: 60 байт
2026-04-07 02:00:43,874 [DEBUG] SSH->TUN: 60 байт
2026-04-07 02:00:43,888 [DEBUG] TUN->SSH: 52 байт
2026-04-07 02:00:43,906 [DEBUG] TUN->SSH: 40 байт
2026-04-07 02:00:43,927 [DEBUG] SSH->TUN: 282 байт
2026-04-07 02:00:43,932 [DEBUG] TUN->SSH: 40 байт
2026-04-07 02:00:43,956 [DEBUG] TUN->SSH: 52 байт
2026-04-07 02:00:43,959 [DEBUG] SSH->TUN: 64 байт
2026-04-07 02:00:43,960 [DEBUG] SSH->TUN: 576 байт
2026-04-07 02:00:44,130 [DEBUG] TUN->SSH: 569 байт
2026-04-07 02:00:44,149 [DEBUG] TUN->SSH: 40 байт
2026-04-07 02:00:44,161 [DEBUG] SSH->TUN: 52 байт
2026-04-07 02:00:44,168 [DEBUG] SSH->TUN: 576 байт
2026-04-07 02:00:44,180 [DEBUG] TUN->SSH: 64 байт
2026-04-07 02:00:44,196 [DEBUG] TUN->SSH: 52 байт
2026-04-07 02:00:44,214 [DEBUG] TUN->SSH: 60 байт
2026-04-07 02:00:44,237 [DEBUG] SSH->TUN: 60 байт
2026-04-07 02:00:44,249 [DEBUG] TUN->SSH: 52 байт
2026-04-07 02:00:44,288 [DEBUG] TUN->SSH: 52 байт
2026-04-07 02:00:44,312 [DEBUG] TUN->SSH: 60 байт
2026-04-07 02:00:44,332 [DEBUG] TUN->SSH: 60 байт
2026-04-07 02:00:44,348 [DEBUG] TUN->SSH: 40 байт
2026-04-07 02:00:44,385 [DEBUG] TUN->SSH: 52 байт
2026-04-07 02:00:44,389 [DEBUG] SSH->TUN: 60 байт
2026-04-07 02:00:44,391 [DEBUG] SSH->TUN: 60 байт
2026-04-07 02:00:44,410 [DEBUG] TUN->SSH: 60 байт
2026-04-07 02:00:44,431 [DEBUG] SSH->TUN: 52 байт
2026-04-07 02:00:44,435 [DEBUG] TUN->SSH: 60 байт
2026-04-07 02:00:44,435 [DEBUG] SSH->TUN: 60 байт
2026-04-07 02:00:44,439 [DEBUG] SSH->TUN: 60 байт
2026-04-07 02:00:44,461 [DEBUG] SSH->TUN: 52 байт
2026-04-07 02:00:44,466 [DEBUG] TUN->SSH: 60 байт
2026-04-07 02:00:44,490 [DEBUG] SSH->TUN: 60 байт
2026-04-07 02:00:44,501 [DEBUG] TUN->SSH: 60 байт
2026-04-07 02:00:44,518 [DEBUG] SSH->TUN: 60 байт
2026-04-07 02:00:44,533 [DEBUG] TUN->SSH: 60 байт
2026-04-07 02:00:44,549 [DEBUG] TUN->SSH: 60 байт
2026-04-07 02:00:44,577 [DEBUG] TUN->SSH: 60 байт
2026-04-07 02:00:44,588 [DEBUG] TUN->SSH: 40 байт
2026-04-07 02:00:44,606 [DEBUG] TUN->SSH: 52 байт
2026-04-07 02:00:44,611 [DEBUG] SSH->TUN: 60 байт
2026-04-07 02:00:44,616 [DEBUG] SSH->TUN: 60 байт
2026-04-07 02:00:44,626 [DEBUG] SSH->TUN: 102 байт
2026-04-07 02:00:44,629 [DEBUG] TUN->SSH: 52 байт
2026-04-07 02:00:44,641 [DEBUG] SSH->TUN: 60 байт
2026-04-07 02:00:44,647 [DEBUG] TUN->SSH: 52 байт
2026-04-07 02:00:44,679 [DEBUG] TUN->SSH: 60 байт
2026-04-07 02:00:44,693 [DEBUG] TUN->SSH: 60 байт
2026-04-07 02:00:44,699 [DEBUG] SSH->TUN: 60 байт
2026-04-07 02:00:44,714 [DEBUG] SSH->TUN: 60 байт
2026-04-07 02:00:44,726 [DEBUG] SSH->TUN: 60 байт
2026-04-07 02:00:44,729 [DEBUG] TUN->SSH: 52 байт
2026-04-07 02:00:44,760 [DEBUG] TUN->SSH: 64 байт
2026-04-07 02:00:44,779 [DEBUG] SSH->TUN: 576 байт
2026-04-07 02:00:44,781 [DEBUG] SSH->TUN: 576 байт
2026-04-07 02:00:44,789 [DEBUG] TUN->SSH: 60 байт
2026-04-07 02:00:44,808 [DEBUG] SSH->TUN: 60 байт
2026-04-07 02:00:44,813 [DEBUG] TUN->SSH: 60 байт
2026-04-07 02:00:44,833 [DEBUG] SSH->TUN: 60 байт
2026-04-07 02:00:44,844 [DEBUG] TUN->SSH: 88 байт
2026-04-07 02:00:44,876 [DEBUG] TUN->SSH: 52 байт
2026-04-07 02:00:44,884 [DEBUG] SSH->TUN: 40 байт
2026-04-07 02:00:44,891 [DEBUG] SSH->TUN: 60 байт
2026-04-07 02:00:44,909 [DEBUG] TUN->SSH: 52 байт
2026-04-07 02:00:44,936 [DEBUG] TUN->SSH: 60 байт
2026-04-07 02:00:44,957 [DEBUG] SSH->TUN: 60 байт
2026-04-07 02:00:44,964 [DEBUG] TUN->SSH: 60 байт
2026-04-07 02:00:44,982 [DEBUG] SSH->TUN: 60 байт
2026-04-07 02:00:44,993 [DEBUG] TUN->SSH: 52 байт
2026-04-07 02:00:45,017 [DEBUG] SSH->TUN: 40 байт
2026-04-07 02:00:45,040 [DEBUG] TUN->SSH: 140 байт
2026-04-07 02:00:45,050 [DEBUG] SSH->TUN: 52 байт
2026-04-07 02:00:45,056 [DEBUG] SSH->TUN: 40 байт
2026-04-07 02:00:45,068 [DEBUG] TUN->SSH: 88 байт
2026-04-07 02:00:45,082 [DEBUG] TUN->SSH: 52 байт
2026-04-07 02:00:45,112 [DEBUG] TUN->SSH: 52 байт
2026-04-07 02:00:45,113 [DEBUG] SSH->TUN: 40 байт
2026-04-07 02:00:45,123 [DEBUG] TUN->SSH: 52 байт
2026-04-07 02:00:45,162 [DEBUG] TUN->SSH: 52 байт
2026-04-07 02:00:45,184 [DEBUG] TUN->SSH: 88 байт
2026-04-07 02:00:45,211 [DEBUG] TUN->SSH: 60 байт
2026-04-07 02:00:45,228 [DEBUG] TUN->SSH: 52 байт
2026-04-07 02:00:45,231 [DEBUG] SSH->TUN: 60 байт
2026-04-07 02:00:45,248 [DEBUG] TUN->SSH: 40 байт
2026-04-07 02:00:45,258 [DEBUG] SSH->TUN: 40 байт
2026-04-07 02:00:45,262 [DEBUG] TUN->SSH: 40 байт
2026-04-07 02:00:45,268 [DEBUG] SSH->TUN: 60 байт
2026-04-07 02:00:45,292 [DEBUG] TUN->SSH: 60 байт
2026-04-07 02:00:45,313 [DEBUG] TUN->SSH: 60 байт
2026-04-07 02:00:45,328 [DEBUG] SSH->TUN: 60 байт
2026-04-07 02:00:45,338 [DEBUG] SSH->TUN: 64 байт
2026-04-07 02:00:45,350 [DEBUG] TUN->SSH: 60 байт
2026-04-07 02:00:45,373 [DEBUG] TUN->SSH: 60 байт
2026-04-07 02:00:45,403 [DEBUG] TUN->SSH: 60 байт
2026-04-07 02:00:45,428 [DEBUG] TUN->SSH: 60 байт
2026-04-07 02:00:45,454 [DEBUG] TUN->SSH: 60 байт
2026-04-07 02:00:45,462 [DEBUG] SSH->TUN: 60 байт
2026-04-07 02:00:45,466 [DEBUG] SSH->TUN: 60 байт
2026-04-07 02:00:45,478 [DEBUG] TUN->SSH: 60 байт
2026-04-07 02:00:45,488 [DEBUG] SSH->TUN: 60 байт
2026-04-07 02:00:45,495 [DEBUG] SSH->TUN: 60 байт
2026-04-07 02:00:45,501 [DEBUG] SSH->TUN: 60 байт
2026-04-07 02:00:45,507 [DEBUG] TUN->SSH: 60 байт
2026-04-07 02:00:45,523 [DEBUG] SSH->TUN: 120 байт
2026-04-07 02:00:45,526 [DEBUG] SSH->TUN: 120 байт
2026-04-07 02:00:45,531 [DEBUG] TUN->SSH: 60 байт
2026-04-07 02:00:45,545 [DEBUG] SSH->TUN: 60 байт
2026-04-07 02:00:45,571 [DEBUG] TUN->SSH: 60 байт
2026-04-07 02:00:45,598 [DEBUG] TUN->SSH: 88 байт
2026-04-07 02:00:45,619 [DEBUG] TUN->SSH: 60 байт
2026-04-07 02:00:45,631 [DEBUG] SSH->TUN: 60 байт
2026-04-07 02:00:45,632 [DEBUG] SSH->TUN: 40 байт
2026-04-07 02:00:45,653 [DEBUG] TUN->SSH: 60 байт
2026-04-07 02:00:45,675 [DEBUG] SSH->TUN: 60 байт
2026-04-07 02:00:45,687 [DEBUG] TUN->SSH: 60 байт
2026-04-07 02:00:45,718 [DEBUG] TUN->SSH: 60 байт
2026-04-07 02:00:45,747 [DEBUG] SSH->TUN: 60 байт
2026-04-07 02:00:45,752 [DEBUG] TUN->SSH: 52 байт
2026-04-07 02:00:45,764 [DEBUG] TUN->SSH: 40 байт
2026-04-07 02:00:45,786 [DEBUG] TUN->SSH: 40 байт
2026-04-07 02:00:45,796 [DEBUG] SSH->TUN: 60 байт
2026-04-07 02:00:45,798 [DEBUG] SSH->TUN: 60 байт
2026-04-07 02:00:45,808 [DEBUG] TUN->SSH: 52 байт
2026-04-07 02:00:45,822 [DEBUG] SSH->TUN: 60 байт
2026-04-07 02:00:45,825 [DEBUG] SSH->TUN: 60 байт
2026-04-07 02:00:45,843 [DEBUG] TUN->SSH: 52 байт
2026-04-07 02:00:45,869 [DEBUG] TUN->SSH: 52 байт
2026-04-07 02:00:45,874 [DEBUG] SSH->TUN: 60 байт
2026-04-07 02:00:45,901 [DEBUG] TUN->SSH: 52 байт
2026-04-07 02:00:45,933 [DEBUG] TUN->SSH: 60 байт
2026-04-07 02:00:45,951 [DEBUG] SSH->TUN: 60 байт
2026-04-07 02:00:45,973 [DEBUG] TUN->SSH: 60 байт
2026-04-07 02:00:45,985 [DEBUG] SSH->TUN: 60 байт
2026-04-07 02:00:46,004 [DEBUG] TUN->SSH: 52 байт
2026-04-07 02:00:46,011 [DEBUG] SSH->TUN: 60 байт
2026-04-07 02:00:46,022 [DEBUG] SSH->TUN: 40 байт
2026-04-07 02:00:46,026 [DEBUG] SSH->TUN: 60 байт
2026-04-07 02:00:46,030 [DEBUG] TUN->SSH: 64 байт
2026-04-07 02:00:46,071 [DEBUG] TUN->SSH: 60 байт
2026-04-07 02:00:46,085 [DEBUG] SSH->TUN: 60 байт
2026-04-07 02:00:46,099 [DEBUG] TUN->SSH: 60 байт
2026-04-07 02:00:46,122 [DEBUG] SSH->TUN: 60 байт
2026-04-07 02:00:46,127 [DEBUG] TUN->SSH: 52 байт
2026-04-07 02:00:46,316 [DEBUG] TUN->SSH: 512 байт
2026-04-07 02:00:46,336 [DEBUG] TUN->SSH: 80 байт
2026-04-07 02:00:46,366 [DEBUG] SSH->TUN: 64 байт
2026-04-07 02:00:46,369 [DEBUG] TUN->SSH: 52 байт
2026-04-07 02:00:46,390 [DEBUG] SSH->TUN: 40 байт
2026-04-07 02:00:46,413 [DEBUG] TUN->SSH: 118 байт
2026-04-07 02:00:46,416 [DEBUG] SSH->TUN: 91 байт
2026-04-07 02:00:46,416 [DEBUG] SSH->TUN: 52 байт
2026-04-07 02:00:46,428 [DEBUG] SSH->TUN: 40 байт
2026-04-07 02:00:46,433 [DEBUG] TUN->SSH: 40 байт
2026-04-07 02:00:46,461 [DEBUG] TUN->SSH: 52 байт
2026-04-07 02:00:46,475 [DEBUG] TUN->SSH: 40 байт
2026-04-07 02:00:46,479 [DEBUG] SSH->TUN: 120 байт
2026-04-07 02:00:46,503 [DEBUG] TUN->SSH: 88 байт
2026-04-07 02:00:46,513 [DEBUG] SSH->TUN: 60 байт
2026-04-07 02:00:46,519 [DEBUG] SSH->TUN: 60 байт
2026-04-07 02:00:46,526 [DEBUG] SSH->TUN: 60 байт
2026-04-07 02:00:46,529 [DEBUG] SSH->TUN: 60 байт
2026-04-07 02:00:46,533 [DEBUG] TUN->SSH: 60 байт
2026-04-07 02:00:46,535 [DEBUG] SSH->TUN: 40 байт
2026-04-07 02:00:46,546 [DEBUG] SSH->TUN: 102 байт
2026-04-07 02:00:46,555 [DEBUG] SSH->TUN: 52 байт
2026-04-07 02:00:46,557 [DEBUG] SSH->TUN: 60 байт
2026-04-07 02:00:46,565 [DEBUG] SSH->TUN: 60 байт
2026-04-07 02:00:46,573 [DEBUG] TUN->SSH: 60 байт
2026-04-07 02:00:46,589 [DEBUG] SSH->TUN: 60 байт
2026-04-07 02:00:46,601 [DEBUG] TUN->SSH: 60 байт
2026-04-07 02:00:46,632 [DEBUG] TUN->SSH: 60 байт
2026-04-07 02:00:46,647 [DEBUG] TUN->SSH: 60 байт
2026-04-07 02:00:46,684 [DEBUG] TUN->SSH: 60 байт
2026-04-07 02:00:46,704 [DEBUG] TUN->SSH: 60 байт
2026-04-07 02:00:46,742 [DEBUG] TUN->SSH: 60 байт
2026-04-07 02:00:46,751 [DEBUG] SSH->TUN: 60 байт
2026-04-07 02:00:46,763 [DEBUG] TUN->SSH: 40 байт
2026-04-07 02:00:46,775 [DEBUG] SSH->TUN: 60 байт
2026-04-07 02:00:46,791 [DEBUG] TUN->SSH: 60 байт
2026-04-07 02:00:46,798 [DEBUG] SSH->TUN: 60 байт
2026-04-07 02:00:46,807 [DEBUG] TUN->SSH: 60 байт
2026-04-07 02:00:46,826 [DEBUG] SSH->TUN: 91 байт
2026-04-07 02:00:46,827 [DEBUG] TUN->SSH: 60 байт
2026-04-07 02:00:46,831 [DEBUG] SSH->TUN: 60 байт
2026-04-07 02:00:46,833 [DEBUG] SSH->TUN: 60 байт
2026-04-07 02:00:46,842 [DEBUG] SSH->TUN: 60 байт
2026-04-07 02:00:46,853 [DEBUG] SSH->TUN: 60 байт
2026-04-07 02:00:46,855 [DEBUG] TUN->SSH: 60 байт
2026-04-07 02:00:46,871 [DEBUG] TUN->SSH: 40 байт
2026-04-07 02:00:46,889 [DEBUG] SSH->TUN: 60 байт
2026-04-07 02:00:46,891 [DEBUG] TUN->SSH: 88 байт
2026-04-07 02:00:46,898 [DEBUG] SSH->TUN: 60 байт
2026-04-07 02:00:46,917 [DEBUG] SSH->TUN: 60 байт
2026-04-07 02:00:46,931 [DEBUG] TUN->SSH: 64 байт
2026-04-07 02:00:46,934 [DEBUG] SSH->TUN: 40 байт
2026-04-07 02:00:46,946 [DEBUG] TUN->SSH: 40 байт
2026-04-07 02:00:46,961 [DEBUG] TUN->SSH: 40 байт
2026-04-07 02:00:46,995 [DEBUG] TUN->SSH: 60 байт
2026-04-07 02:00:47,018 [DEBUG] SSH->TUN: 60 байт
2026-04-07 02:00:47,031 [DEBUG] TUN->SSH: 60 байт
2026-04-07 02:00:47,060 [DEBUG] TUN->SSH: 60 байт
2026-04-07 02:00:47,085 [DEBUG] TUN->SSH: 60 байт
2026-04-07 02:00:47,102 [DEBUG] TUN->SSH: 60 байт
2026-04-07 02:00:47,136 [DEBUG] TUN->SSH: 88 байт
2026-04-07 02:00:47,149 [DEBUG] TUN->SSH: 40 байт
2026-04-07 02:00:47,172 [DEBUG] SSH->TUN: 40 байт
2026-04-07 02:00:47,173 [DEBUG] SSH->TUN: 60 байт
2026-04-07 02:00:47,175 [DEBUG] TUN->SSH: 60 байт
2026-04-07 02:00:47,195 [DEBUG] SSH->TUN: 60 байт
2026-04-07 02:00:47,204 [DEBUG] TUN->SSH: 52 байт
2026-04-07 02:00:47,215 [DEBUG] SSH->TUN: 60 байт
2026-04-07 02:00:47,225 [DEBUG] SSH->TUN: 60 байт
2026-04-07 02:00:47,232 [DEBUG] TUN->SSH: 52 байт
2026-04-07 02:00:47,252 [DEBUG] TUN->SSH: 40 байт
2026-04-07 02:00:47,256 [DEBUG] SSH->TUN: 60 байт
2026-04-07 02:00:47,286 [DEBUG] TUN->SSH: 88 байт
2026-04-07 02:00:47,315 [DEBUG] TUN->SSH: 60 байт
2026-04-07 02:00:47,341 [DEBUG] TUN->SSH: 60 байт
2026-04-07 02:00:47,366 [DEBUG] TUN->SSH: 52 байт
2026-04-07 02:00:47,372 [DEBUG] SSH->TUN: 172 байт
2026-04-07 02:00:47,388 [DEBUG] TUN->SSH: 52 байт
2026-04-07 02:00:47,391 [DEBUG] SSH->TUN: 40 байт
2026-04-07 02:00:47,403 [DEBUG] SSH->TUN: 91 байт
2026-04-07 02:00:47,405 [DEBUG] TUN->SSH: 52 байт
2026-04-07 02:00:47,428 [DEBUG] SSH->TUN: 64 байт
2026-04-07 02:00:47,434 [DEBUG] SSH->TUN: 40 байт
2026-04-07 02:00:47,443 [DEBUG] TUN->SSH: 112 байт
2026-04-07 02:00:47,461 [DEBUG] SSH->TUN: 40 байт
2026-04-07 02:00:47,488 [DEBUG] TUN->SSH: 88 байт
2026-04-07 02:00:47,515 [DEBUG] TUN->SSH: 52 байт
2026-04-07 02:00:47,525 [DEBUG] SSH->TUN: 40 байт
2026-04-07 02:00:47,531 [DEBUG] SSH->TUN: 40 байт
2026-04-07 02:00:47,537 [DEBUG] SSH->TUN: 60 байт
2026-04-07 02:00:47,544 [DEBUG] SSH->TUN: 60 байт
2026-04-07 02:00:47,548 [DEBUG] TUN->SSH: 88 байт
2026-04-07 02:00:47,569 [DEBUG] SSH->TUN: 40 байт
2026-04-07 02:00:47,574 [DEBUG] TUN->SSH: 52 байт
2026-04-07 02:00:47,595 [DEBUG] SSH->TUN: 40 байт
2026-04-07 02:00:47,606 [DEBUG] TUN->SSH: 60 байт
2026-04-07 02:00:47,612 [DEBUG] SSH->TUN: 132 байт
2026-04-07 02:00:47,615 [DEBUG] SSH->TUN: 60 байт
2026-04-07 02:00:47,629 [DEBUG] SSH->TUN: 60 байт
2026-04-07 02:00:47,630 [DEBUG] SSH->TUN: 133 байт
2026-04-07 02:00:47,638 [DEBUG] TUN->SSH: 60 байт
2026-04-07 02:00:47,645 [DEBUG] SSH->TUN: 60 байт
2026-04-07 02:00:47,652 [DEBUG] SSH->TUN: 60 байт
2026-04-07 02:00:47,657 [DEBUG] TUN->SSH: 52 байт
2026-04-07 02:00:47,666 [DEBUG] TUN->SSH: 52 байт
2026-04-07 02:00:47,707 [DEBUG] SSH->TUN: 52 байт
2026-04-07 02:00:47,758 [DEBUG] SSH->TUN: 60 байт
2026-04-07 02:00:47,796 [DEBUG] TUN->SSH: 365 байт
2026-04-07 02:00:47,802 [DEBUG] SSH->TUN: 60 байт
2026-04-07 02:00:47,816 [DEBUG] TUN->SSH: 52 байт
2026-04-07 02:00:47,822 [DEBUG] SSH->TUN: 60 байт
2026-04-07 02:00:47,838 [DEBUG] SSH->TUN: 205 байт
2026-04-07 02:00:47,844 [DEBUG] TUN->SSH: 52 байт
2026-04-07 02:00:47,845 [DEBUG] SSH->TUN: 740 байт
2026-04-07 02:00:47,853 [DEBUG] SSH->TUN: 60 байт
2026-04-07 02:00:47,859 [DEBUG] TUN->SSH: 52 байт
2026-04-07 02:00:47,878 [DEBUG] SSH->TUN: 52 байт
2026-04-07 02:00:47,892 [DEBUG] SSH->TUN: 60 байт
2026-04-07 02:00:47,894 [DEBUG] TUN->SSH: 60 байт
2026-04-07 02:00:47,912 [DEBUG] SSH->TUN: 60 байт
2026-04-07 02:00:47,922 [DEBUG] TUN->SSH: 60 байт
2026-04-07 02:00:47,927 [DEBUG] SSH->TUN: 60 байт
2026-04-07 02:00:47,943 [DEBUG] TUN->SSH: 60 байт
2026-04-07 02:00:47,972 [DEBUG] SSH->TUN: 60 байт
2026-04-07 02:00:47,974 [DEBUG] TUN->SSH: 52 байт
2026-04-07 02:00:47,998 [DEBUG] SSH->TUN: 52 байт
2026-04-07 02:00:48,008 [DEBUG] TUN->SSH: 64 байт
2026-04-07 02:00:48,028 [DEBUG] SSH->TUN: 52 байт
2026-04-07 02:00:48,036 [DEBUG] TUN->SSH: 60 байт
2026-04-07 02:00:48,076 [DEBUG] TUN->SSH: 60 байт
2026-04-07 02:00:48,078 [DEBUG] SSH->TUN: 60 байт
2026-04-07 02:00:48,106 [DEBUG] TUN->SSH: 60 байт
2026-04-07 02:00:48,133 [DEBUG] TUN->SSH: 60 байт
2026-04-07 02:00:48,158 [DEBUG] TUN->SSH: 60 байт
2026-04-07 02:00:48,183 [DEBUG] TUN->SSH: 60 байт
2026-04-07 02:00:48,191 [DEBUG] SSH->TUN: 60 байт
2026-04-07 02:00:48,209 [DEBUG] TUN->SSH: 60 байт
2026-04-07 02:00:48,214 [DEBUG] SSH->TUN: 60 байт
2026-04-07 02:00:48,237 [DEBUG] TUN->SSH: 60 байт
2026-04-07 02:00:48,253 [DEBUG] SSH->TUN: 60 байт
2026-04-07 02:00:48,256 [DEBUG] TUN->SSH: 60 байт
2026-04-07 02:00:48,273 [DEBUG] SSH->TUN: 60 байт
2026-04-07 02:00:48,275 [DEBUG] SSH->TUN: 60 байт
2026-04-07 02:00:48,279 [DEBUG] SSH->TUN: 60 байт
2026-04-07 02:00:48,280 [DEBUG] TUN->SSH: 60 байт
2026-04-07 02:00:48,304 [DEBUG] SSH->TUN: 60 байт
2026-04-07 02:00:48,319 [DEBUG] TUN->SSH: 52 байт
2026-04-07 02:00:48,327 [DEBUG] SSH->TUN: 60 байт
2026-04-07 02:00:48,334 [DEBUG] SSH->TUN: 40 байт
2026-04-07 02:00:48,348 [DEBUG] TUN->SSH: 64 байт
2026-04-07 02:00:48,356 [DEBUG] SSH->TUN: 60 байт
2026-04-07 02:00:48,371 [DEBUG] TUN->SSH: 60 байт
2026-04-07 02:00:48,373 [DEBUG] SSH->TUN: 52 байт
2026-04-07 02:00:48,383 [DEBUG] SSH->TUN: 60 байт
2026-04-07 02:00:48,396 [DEBUG] TUN->SSH: 60 байт
2026-04-07 02:00:48,407 [DEBUG] SSH->TUN: 60 байт
2026-04-07 02:00:48,420 [DEBUG] TUN->SSH: 60 байт
2026-04-07 02:00:48,428 [DEBUG] SSH->TUN: 60 байт
2026-04-07 02:00:48,431 [DEBUG] SSH->TUN: 60 байт
2026-04-07 02:00:48,448 [DEBUG] TUN->SSH: 60 байт
2026-04-07 02:00:48,459 [DEBUG] SSH->TUN: 60 байт
2026-04-07 02:00:48,465 [DEBUG] TUN->SSH: 40 байт
2026-04-07 02:00:48,475 [DEBUG] SSH->TUN: 60 байт
2026-04-07 02:00:48,476 [DEBUG] TUN->SSH: 40 байт
2026-04-07 02:00:48,485 [DEBUG] SSH->TUN: 60 байт
2026-04-07 02:00:48,496 [DEBUG] TUN->SSH: 40 байт
2026-04-07 02:00:48,498 [DEBUG] SSH->TUN: 60 байт
2026-04-07 02:00:48,512 [DEBUG] TUN->SSH: 40 байт
2026-04-07 02:00:48,535 [DEBUG] SSH->TUN: 60 байт
2026-04-07 02:00:48,542 [DEBUG] SSH->TUN: 60 байт
2026-04-07 02:00:48,548 [DEBUG] TUN->SSH: 60 байт
2026-04-07 02:00:48,562 [DEBUG] SSH->TUN: 60 байт
2026-04-07 02:00:48,577 [DEBUG] SSH->TUN: 60 байт
2026-04-07 02:00:48,579 [DEBUG] TUN->SSH: 52 байт
2026-04-07 02:00:48,613 [DEBUG] TUN->SSH: 52 байт
2026-04-07 02:00:48,645 [DEBUG] SSH->TUN: 60 байт
2026-04-07 02:00:48,646 [DEBUG] TUN->SSH: 40 байт
2026-04-07 02:00:48,669 [DEBUG] TUN->SSH: 52 байт
2026-04-07 02:00:48,700 [DEBUG] TUN->SSH: 52 байт
2026-04-07 02:00:48,719 [DEBUG] TUN->SSH: 52 байт
2026-04-07 02:00:48,754 [DEBUG] TUN->SSH: 60 байт
2026-04-07 02:00:48,761 [DEBUG] TUN->SSH: 40 байт
2026-04-07 02:00:48,767 [DEBUG] SSH->TUN: 60 байт
2026-04-07 02:00:48,782 [DEBUG] TUN->SSH: 40 байт
2026-04-07 02:00:48,808 [DEBUG] TUN->SSH: 52 байт
2026-04-07 02:00:48,823 [DEBUG] TUN->SSH: 40 байт
2026-04-07 02:00:48,834 [DEBUG] TUN->SSH: 40 байт
2026-04-07 02:00:48,841 [DEBUG] TUN->SSH: 40 байт
2026-04-07 02:00:48,876 [DEBUG] TUN->SSH: 64 байт
2026-04-07 02:00:48,895 [DEBUG] SSH->TUN: 52 байт
2026-04-07 02:00:48,907 [DEBUG] TUN->SSH: 52 байт
2026-04-07 02:00:48,923 [DEBUG] TUN->SSH: 60 байт
2026-04-07 02:00:48,930 [DEBUG] SSH->TUN: 52 байт
2026-04-07 02:00:48,932 [DEBUG] SSH->TUN: 60 байт
2026-04-07 02:00:48,934 [DEBUG] TUN->SSH: 40 байт
2026-04-07 02:00:48,949 [DEBUG] SSH->TUN: 60 байт
2026-04-07 02:00:48,962 [DEBUG] TUN->SSH: 52 байт
2026-04-07 02:00:48,985 [DEBUG] TUN->SSH: 52 байт
2026-04-07 02:00:48,989 [DEBUG] SSH->TUN: 40 байт
2026-04-07 02:00:49,003 [DEBUG] TUN->SSH: 40 байт
2026-04-07 02:00:49,007 [DEBUG] SSH->TUN: 40 байт
2026-04-07 02:00:49,012 [DEBUG] TUN->SSH: 40 байт
2026-04-07 02:00:49,041 [DEBUG] TUN->SSH: 52 байт
2026-04-07 02:00:49,086 [DEBUG] TUN->SSH: 88 байт
2026-04-07 02:00:49,099 [DEBUG] SSH->TUN: 60 байт
2026-04-07 02:00:49,118 [DEBUG] TUN->SSH: 64 байт
2026-04-07 02:00:49,126 [DEBUG] SSH->TUN: 40 байт
2026-04-07 02:00:49,130 [DEBUG] SSH->TUN: 64 байт
2026-04-07 02:00:49,149 [DEBUG] TUN->SSH: 40 байт
2026-04-07 02:00:49,180 [DEBUG] TUN->SSH: 52 байт
2026-04-07 02:00:49,204 [DEBUG] SSH->TUN: 60 байт
2026-04-07 02:00:49,216 [DEBUG] SSH->TUN: 60 байт
2026-04-07 02:00:49,226 [DEBUG] TUN->SSH: 110 байт
2026-04-07 02:00:49,246 [DEBUG] SSH->TUN: 52 байт
2026-04-07 02:00:49,247 [DEBUG] SSH->TUN: 97 байт
2026-04-07 02:00:49,260 [DEBUG] SSH->TUN: 60 байт
2026-04-07 02:00:49,260 [DEBUG] SSH->TUN: 109 байт
2026-04-07 02:00:49,264 [DEBUG] TUN->SSH: 60 байт
2026-04-07 02:00:49,278 [DEBUG] SSH->TUN: 60 байт
2026-04-07 02:00:49,293 [DEBUG] TUN->SSH: 60 байт
2026-04-07 02:00:49,297 [DEBUG] SSH->TUN: 60 байт
2026-04-07 02:00:49,310 [DEBUG] SSH->TUN: 60 байт
2026-04-07 02:00:49,324 [DEBUG] TUN->SSH: 60 байт
2026-04-07 02:00:49,329 [DEBUG] SSH->TUN: 60 байт
2026-04-07 02:00:49,345 [DEBUG] SSH->TUN: 60 байт
2026-04-07 02:00:49,351 [DEBUG] TUN->SSH: 60 байт
2026-04-07 02:00:49,365 [DEBUG] SSH->TUN: 60 байт
2026-04-07 02:00:49,379 [DEBUG] TUN->SSH: 52 байт
2026-04-07 02:00:49,405 [DEBUG] TUN->SSH: 52 байт
2026-04-07 02:00:49,420 [DEBUG] SSH->TUN: 40 байт
2026-04-07 02:00:49,427 [DEBUG] TUN->SSH: 52 байт
2026-04-07 02:00:49,457 [DEBUG] TUN->SSH: 52 байт
2026-04-07 02:00:49,493 [DEBUG] SSH->TUN: 52 байт
2026-04-07 02:00:49,525 [DEBUG] TUN->SSH: 205 байт
2026-04-07 02:00:49,557 [DEBUG] SSH->TUN: 576 байт
2026-04-07 02:00:49,558 [DEBUG] SSH->TUN: 576 байт
2026-04-07 02:00:49,559 [DEBUG] SSH->TUN: 1152 байт
2026-04-07 02:00:49,561 [DEBUG] TUN->SSH: 64 байт
2026-04-07 02:00:49,588 [DEBUG] TUN->SSH: 60 байт
2026-04-07 02:00:49,613 [DEBUG] SSH->TUN: 60 байт
2026-04-07 02:00:49,617 [DEBUG] TUN->SSH: 52 байт
2026-04-07 02:00:49,649 [DEBUG] SSH->TUN: 52 байт
2026-04-07 02:00:49,651 [DEBUG] TUN->SSH: 52 байт
2026-04-07 02:00:49,671 [DEBUG] SSH->TUN: 40 байт
2026-04-07 02:00:49,686 [DEBUG] TUN->SSH: 60 байт
2026-04-07 02:00:49,725 [DEBUG] TUN->SSH: 60 байт
2026-04-07 02:00:49,735 [DEBUG] SSH->TUN: 60 байт
2026-04-07 02:00:49,749 [DEBUG] TUN->SSH: 60 байт
2026-04-07 02:00:49,781 [DEBUG] TUN->SSH: 60 байт
2026-04-07 02:00:49,790 [DEBUG] SSH->TUN: 60 байт
2026-04-07 02:00:49,798 [DEBUG] SSH->TUN: 60 байт
2026-04-07 02:00:49,802 [DEBUG] TUN->SSH: 60 байт
2026-04-07 02:00:49,834 [DEBUG] TUN->SSH: 60 байт
2026-04-07 02:00:49,860 [DEBUG] TUN->SSH: 60 байт
2026-04-07 02:00:49,883 [DEBUG] TUN->SSH: 60 байт
2026-04-07 02:00:49,896 [DEBUG] SSH->TUN: 60 байт
2026-04-07 02:00:49,902 [DEBUG] TUN->SSH: 60 байт
2026-04-07 02:00:49,906 [DEBUG] SSH->TUN: 60 байт
2026-04-07 02:00:49,917 [DEBUG] SSH->TUN: 60 байт
2026-04-07 02:00:49,935 [DEBUG] TUN->SSH: 60 байт
2026-04-07 02:00:49,943 [DEBUG] SSH->TUN: 60 байт
2026-04-07 02:00:49,946 [DEBUG] SSH->TUN: 60 байт
2026-04-07 02:00:49,963 [DEBUG] TUN->SSH: 60 байт
2026-04-07 02:00:49,971 [DEBUG] SSH->TUN: 60 байт
2026-04-07 02:00:50,003 [DEBUG] TUN->SSH: 60 байт
2026-04-07 02:00:50,006 [DEBUG] SSH->TUN: 60 байт
2026-04-07 02:00:50,016 [DEBUG] SSH->TUN: 60 байт
2026-04-07 02:00:50,027 [DEBUG] TUN->SSH: 60 байт
2026-04-07 02:00:50,034 [DEBUG] SSH->TUN: 60 байт
2026-04-07 02:00:50,048 [DEBUG] SSH->TUN: 60 байт
2026-04-07 02:00:50,051 [DEBUG] SSH->TUN: 60 байт
2026-04-07 02:00:50,067 [DEBUG] TUN->SSH: 60 байт
2026-04-07 02:00:50,083 [DEBUG] SSH->TUN: 60 байт
2026-04-07 02:00:50,090 [DEBUG] SSH->TUN: 60 байт
2026-04-07 02:00:50,103 [DEBUG] TUN->SSH: 60 байт
2026-04-07 02:00:50,106 [DEBUG] SSH->TUN: 60 байт
2026-04-07 02:00:50,116 [DEBUG] SSH->TUN: 60 байт
2026-04-07 02:00:50,140 [DEBUG] TUN->SSH: 52 байт
2026-04-07 02:00:50,155 [DEBUG] SSH->TUN: 40 байт
2026-04-07 02:00:50,163 [DEBUG] TUN->SSH: 60 байт
2026-04-07 02:00:50,190 [DEBUG] SSH->TUN: 60 байт
2026-04-07 02:00:50,196 [DEBUG] TUN->SSH: 60 байт
2026-04-07 02:00:50,232 [DEBUG] SSH->TUN: 60 байт
2026-04-07 02:00:50,236 [DEBUG] TUN->SSH: 60 байт
2026-04-07 02:00:50,250 [DEBUG] SSH->TUN: 52 байт
2026-04-07 02:00:50,259 [DEBUG] SSH->TUN: 60 байт
2026-04-07 02:00:50,274 [DEBUG] TUN->SSH: 60 байт
2026-04-07 02:00:50,307 [DEBUG] SSH->TUN: 60 байт
2026-04-07 02:00:50,312 [DEBUG] TUN->SSH: 52 байт
2026-04-07 02:00:50,318 [DEBUG] SSH->TUN: 102 байт
2026-04-07 02:00:50,334 [DEBUG] SSH->TUN: 60 байт
2026-04-07 02:00:50,337 [DEBUG] TUN->SSH: 52 байт
2026-04-07 02:00:50,362 [DEBUG] SSH->TUN: 60 байт
2026-04-07 02:00:50,369 [DEBUG] TUN->SSH: 52 байт
2026-04-07 02:00:50,382 [DEBUG] SSH->TUN: 60 байт
2026-04-07 02:00:50,385 [DEBUG] SSH->TUN: 40 байт
2026-04-07 02:00:50,397 [DEBUG] TUN->SSH: 60 байт
2026-04-07 02:00:50,414 [DEBUG] SSH->TUN: 60 байт
2026-04-07 02:00:50,414 [DEBUG] SSH->TUN: 60 байт
2026-04-07 02:00:50,418 [DEBUG] TUN->SSH: 52 байт
2026-04-07 02:00:50,435 [DEBUG] SSH->TUN: 60 байт
2026-04-07 02:00:50,446 [DEBUG] TUN->SSH: 52 байт
2026-04-07 02:00:50,453 [DEBUG] SSH->TUN: 40 байт
2026-04-07 02:00:50,472 [DEBUG] SSH->TUN: 40 байт
2026-04-07 02:00:50,476 [DEBUG] SSH->TUN: 52 байт
2026-04-07 02:00:50,491 [DEBUG] TUN->SSH: 88 байт
2026-04-07 02:00:50,518 [DEBUG] TUN->SSH: 52 байт
2026-04-07 02:00:50,527 [DEBUG] SSH->TUN: 40 байт
2026-04-07 02:00:50,542 [DEBUG] TUN->SSH: 52 байт
2026-04-07 02:00:50,558 [DEBUG] SSH->TUN: 52 байт
2026-04-07 02:00:50,558 [DEBUG] SSH->TUN: 128 байт
2026-04-07 02:00:50,571 [DEBUG] TUN->SSH: 64 байт
2026-04-07 02:00:50,594 [DEBUG] TUN->SSH: 40 байт
2026-04-07 02:00:50,606 [DEBUG] TUN->SSH: 40 байт
2026-04-07 02:00:50,624 [DEBUG] TUN->SSH: 52 байт
2026-04-07 02:00:50,636 [DEBUG] TUN->SSH: 40 байт
2026-04-07 02:00:50,640 [DEBUG] SSH->TUN: 52 байт
2026-04-07 02:00:50,642 [DEBUG] SSH->TUN: 64 байт
2026-04-07 02:00:50,649 [DEBUG] TUN->SSH: 40 байт
2026-04-07 02:00:50,683 [DEBUG] TUN->SSH: 60 байт
2026-04-07 02:00:50,695 [DEBUG] TUN->SSH: 40 байт
2026-04-07 02:00:50,701 [DEBUG] SSH->TUN: 60 байт
2026-04-07 02:00:50,709 [DEBUG] TUN->SSH: 40 байт
2026-04-07 02:00:50,737 [DEBUG] SSH->TUN: 226 байт
2026-04-07 02:00:50,742 [DEBUG] TUN->SSH: 60 байт
2026-04-07 02:00:50,752 [DEBUG] SSH->TUN: 60 байт
2026-04-07 02:00:50,760 [DEBUG] SSH->TUN: 60 байт
2026-04-07 02:00:50,768 [DEBUG] TUN->SSH: 60 байт
2026-04-07 02:00:50,787 [DEBUG] TUN->SSH: 60 байт
2026-04-07 02:00:50,788 [DEBUG] SSH->TUN: 60 байт
2026-04-07 02:00:50,811 [DEBUG] TUN->SSH: 52 байт
2026-04-07 02:00:50,816 [DEBUG] SSH->TUN: 60 байт
2026-04-07 02:00:50,821 [DEBUG] SSH->TUN: 60 байт
2026-04-07 02:00:50,825 [DEBUG] TUN->SSH: 60 байт
2026-04-07 02:00:50,853 [DEBUG] TUN->SSH: 60 байт
2026-04-07 02:00:50,854 [DEBUG] SSH->TUN: 120 байт
2026-04-07 02:00:50,872 [DEBUG] TUN->SSH: 52 байт
2026-04-07 02:00:50,900 [DEBUG] TUN->SSH: 60 байт
2026-04-07 02:00:50,923 [DEBUG] TUN->SSH: 64 байт
2026-04-07 02:00:50,959 [DEBUG] TUN->SSH: 64 байт
2026-04-07 02:00:50,979 [DEBUG] TUN->SSH: 40 байт
2026-04-07 02:00:51,006 [DEBUG] TUN->SSH: 60 байт
2026-04-07 02:00:51,040 [DEBUG] TUN->SSH: 60 байт
2026-04-07 02:00:51,059 [DEBUG] TUN->SSH: 60 байт
2026-04-07 02:00:51,076 [DEBUG] SSH->TUN: 492 байт
2026-04-07 02:00:51,080 [DEBUG] TUN->SSH: 60 байт
2026-04-07 02:00:51,108 [DEBUG] SSH->TUN: 360 байт
2026-04-07 02:00:51,118 [DEBUG] TUN->SSH: 60 байт
2026-04-07 02:00:51,121 [DEBUG] SSH->TUN: 60 байт
2026-04-07 02:00:51,124 [DEBUG] SSH->TUN: 60 байт
2026-04-07 02:00:51,125 [DEBUG] SSH->TUN: 60 байт
2026-04-07 02:00:51,127 [DEBUG] SSH->TUN: 60 байт
2026-04-07 02:00:51,132 [DEBUG] SSH->TUN: 60 байт
2026-04-07 02:00:51,140 [DEBUG] TUN->SSH: 60 байт
2026-04-07 02:00:51,148 [DEBUG] SSH->TUN: 52 байт
2026-04-07 02:00:51,161 [DEBUG] SSH->TUN: 60 байт
2026-04-07 02:00:51,165 [DEBUG] SSH->TUN: 60 байт
2026-04-07 02:00:51,170 [DEBUG] TUN->SSH: 60 байт
2026-04-07 02:00:51,200 [DEBUG] TUN->SSH: 60 байт
2026-04-07 02:00:51,211 [DEBUG] SSH->TUN: 60 байт
2026-04-07 02:00:51,220 [DEBUG] SSH->TUN: 60 байт
2026-04-07 02:00:51,224 [DEBUG] TUN->SSH: 60 байт
2026-04-07 02:00:51,225 [DEBUG] SSH->TUN: 60 байт
2026-04-07 02:00:51,232 [DEBUG] SSH->TUN: 60 байт
2026-04-07 02:00:51,241 [DEBUG] SSH->TUN: 60 байт
2026-04-07 02:00:51,243 [DEBUG] TUN->SSH: 60 байт
2026-04-07 02:00:51,280 [DEBUG] SSH->TUN: 60 байт
2026-04-07 02:00:51,281 [DEBUG] TUN->SSH: 60 байт
2026-04-07 02:00:51,300 [DEBUG] SSH->TUN: 60 байт
2026-04-07 02:00:51,309 [DEBUG] SSH->TUN: 60 байт
2026-04-07 02:00:51,311 [DEBUG] SSH->TUN: 60 байт
2026-04-07 02:00:51,318 [DEBUG] TUN->SSH: 60 байт
2026-04-07 02:00:51,341 [DEBUG] TUN->SSH: 60 байт
2026-04-07 02:00:51,343 [DEBUG] SSH->TUN: 120 байт
2026-04-07 02:00:51,360 [DEBUG] SSH->TUN: 76 байт
2026-04-07 02:00:51,371 [DEBUG] TUN->SSH: 60 байт
2026-04-07 02:00:51,388 [DEBUG] SSH->TUN: 60 байт
2026-04-07 02:00:51,396 [DEBUG] TUN->SSH: 60 байт
2026-04-07 02:00:51,426 [DEBUG] TUN->SSH: 60 байт
2026-04-07 02:00:51,453 [DEBUG] TUN->SSH: 52 байт
2026-04-07 02:00:51,477 [DEBUG] SSH->TUN: 64 байт
2026-04-07 02:00:51,483 [DEBUG] TUN->SSH: 52 байт
2026-04-07 02:00:51,487 [DEBUG] SSH->TUN: 60 байт
2026-04-07 02:00:51,504 [DEBUG] SSH->TUN: 64 байт
2026-04-07 02:00:51,511 [DEBUG] TUN->SSH: 60 байт
2026-04-07 02:00:51,516 [DEBUG] SSH->TUN: 60 байт
2026-04-07 02:00:51,536 [DEBUG] SSH->TUN: 60 байт
2026-04-07 02:00:51,553 [DEBUG] TUN->SSH: 60 байт
2026-04-07 02:00:51,553 [DEBUG] SSH->TUN: 60 байт
2026-04-07 02:00:51,566 [DEBUG] SSH->TUN: 60 байт
2026-04-07 02:00:51,567 [DEBUG] TUN->SSH: 60 байт
2026-04-07 02:00:51,571 [DEBUG] SSH->TUN: 60 байт
2026-04-07 02:00:51,592 [DEBUG] TUN->SSH: 60 байт
2026-04-07 02:00:51,602 [DEBUG] SSH->TUN: 60 байт
2026-04-07 02:00:51,604 [DEBUG] TUN->SSH: 40 байт
2026-04-07 02:00:51,629 [DEBUG] TUN->SSH: 52 байт
2026-04-07 02:00:51,633 [DEBUG] SSH->TUN: 60 байт
2026-04-07 02:00:51,642 [DEBUG] TUN->SSH: 60 байт
2026-04-07 02:00:51,650 [DEBUG] SSH->TUN: 64 байт
2026-04-07 02:00:51,656 [DEBUG] TUN->SSH: 40 байт
2026-04-07 02:00:51,664 [DEBUG] SSH->TUN: 52 байт
2026-04-07 02:00:51,673 [DEBUG] SSH->TUN: 60 байт
2026-04-07 02:00:51,684 [DEBUG] TUN->SSH: 72 байт
2026-04-07 02:00:51,701 [DEBUG] SSH->TUN: 60 байт
2026-04-07 02:00:51,709 [DEBUG] TUN->SSH: 40 байт
2026-04-07 02:00:51,730 [DEBUG] SSH->TUN: 60 байт
2026-04-07 02:00:51,742 [DEBUG] TUN->SSH: 52 байт
2026-04-07 02:00:51,787 [DEBUG] TUN->SSH: 120 байт
2026-04-07 02:00:51,804 [DEBUG] SSH->TUN: 60 байт
2026-04-07 02:00:51,805 [DEBUG] SSH->TUN: 266 байт
2026-04-07 02:00:51,806 [DEBUG] SSH->TUN: 52 байт
2026-04-07 02:00:51,818 [DEBUG] SSH->TUN: 310 байт
2026-04-07 02:00:51,828 [DEBUG] TUN->SSH: 52 байт
2026-04-07 02:00:51,855 [DEBUG] TUN->SSH: 81 байт
2026-04-07 02:00:51,882 [DEBUG] TUN->SSH: 52 байт
2026-04-07 02:00:51,899 [DEBUG] SSH->TUN: 64 байт
2026-04-07 02:00:51,907 [DEBUG] TUN->SSH: 40 байт
2026-04-07 02:00:51,924 [DEBUG] TUN->SSH: 40 байт
2026-04-07 02:00:51,957 [DEBUG] TUN->SSH: 60 байт
2026-04-07 02:00:51,972 [DEBUG] SSH->TUN: 60 байт
2026-04-07 02:00:51,979 [DEBUG] TUN->SSH: 40 байт
2026-04-07 02:00:51,990 [DEBUG] TUN->SSH: 40 байт
2026-04-07 02:00:52,010 [DEBUG] TUN->SSH: 40 байт
2026-04-07 02:00:52,023 [DEBUG] TUN->SSH: 40 байт
2026-04-07 02:00:52,037 [DEBUG] TUN->SSH: 40 байт
2026-04-07 02:00:52,069 [DEBUG] TUN->SSH: 64 байт
2026-04-07 02:00:52,102 [DEBUG] SSH->TUN: 60 байт
2026-04-07 02:00:52,103 [DEBUG] TUN->SSH: 81 байт
2026-04-07 02:00:52,131 [DEBUG] TUN->SSH: 40 байт
2026-04-07 02:00:52,131 [DEBUG] SSH->TUN: 60 байт
2026-04-07 02:00:52,151 [DEBUG] TUN->SSH: 60 байт
2026-04-07 02:00:52,174 [DEBUG] TUN->SSH: 60 байт
2026-04-07 02:00:52,182 [DEBUG] SSH->TUN: 60 байт
2026-04-07 02:00:52,184 [DEBUG] SSH->TUN: 60 байт
2026-04-07 02:00:52,196 [DEBUG] SSH->TUN: 60 байт
2026-04-07 02:00:52,207 [DEBUG] TUN->SSH: 88 байт
2026-04-07 02:00:52,233 [DEBUG] TUN->SSH: 60 байт
2026-04-07 02:00:52,236 [DEBUG] SSH->TUN: 60 байт
2026-04-07 02:00:52,248 [DEBUG] SSH->TUN: 60 байт
2026-04-07 02:00:52,249 [DEBUG] SSH->TUN: 40 байт
2026-04-07 02:00:52,254 [DEBUG] TUN->SSH: 60 байт
2026-04-07 02:00:52,272 [DEBUG] TUN->SSH: 60 байт
2026-04-07 02:00:52,273 [DEBUG] SSH->TUN: 60 байт
2026-04-07 02:00:52,295 [DEBUG] TUN->SSH: 52 байт
2026-04-07 02:00:52,297 [DEBUG] SSH->TUN: 60 байт
2026-04-07 02:00:52,316 [DEBUG] TUN->SSH: 52 байт
2026-04-07 02:00:52,324 [DEBUG] SSH->TUN: 52 байт
2026-04-07 02:00:52,333 [DEBUG] TUN->SSH: 52 байт
2026-04-07 02:00:52,338 [DEBUG] SSH->TUN: 52 байт
2026-04-07 02:00:52,356 [DEBUG] TUN->SSH: 60 байт
2026-04-07 02:00:52,358 [DEBUG] SSH->TUN: 128 байт
2026-04-07 02:00:52,359 [DEBUG] SSH->TUN: 52 байт
2026-04-07 02:00:52,366 [DEBUG] TUN->SSH: 40 байт
2026-04-07 02:00:52,372 [DEBUG] TUN->SSH: 40 байт
2026-04-07 02:00:52,375 [DEBUG] SSH->TUN: 76 байт
2026-04-07 02:00:52,382 [DEBUG] SSH->TUN: 60 байт
2026-04-07 02:00:52,395 [DEBUG] TUN->SSH: 64 байт
2026-04-07 02:00:52,433 [DEBUG] TUN->SSH: 40 байт
2026-04-07 02:00:52,448 [DEBUG] TUN->SSH: 40 байт
2026-04-07 02:00:52,484 [DEBUG] TUN->SSH: 60 байт
2026-04-07 02:00:52,519 [DEBUG] TUN->SSH: 60 байт
2026-04-07 02:00:52,556 [DEBUG] TUN->SSH: 81 байт
2026-04-07 02:00:52,566 [DEBUG] SSH->TUN: 52 байт
2026-04-07 02:00:52,581 [DEBUG] SSH->TUN: 52 байт
2026-04-07 02:00:52,588 [DEBUG] TUN->SSH: 64 байт
2026-04-07 02:00:52,602 [DEBUG] SSH->TUN: 76 байт
2026-04-07 02:00:52,606 [DEBUG] TUN->SSH: 40 байт
2026-04-07 02:00:52,606 [DEBUG] SSH->TUN: 60 байт
2026-04-07 02:00:52,626 [DEBUG] SSH->TUN: 60 байт
2026-04-07 02:00:52,643 [DEBUG] TUN->SSH: 60 байт
2026-04-07 02:00:52,659 [DEBUG] SSH->TUN: 52 байт
2026-04-07 02:00:52,667 [DEBUG] TUN->SSH: 60 байт
2026-04-07 02:00:52,670 [DEBUG] SSH->TUN: 60 байт
2026-04-07 02:00:52,678 [DEBUG] SSH->TUN: 60 байт
2026-04-07 02:00:52,688 [DEBUG] TUN->SSH: 60 байт
2026-04-07 02:00:52,689 [DEBUG] SSH->TUN: 60 байт
2026-04-07 02:00:52,711 [DEBUG] SSH->TUN: 60 байт
2026-04-07 02:00:52,717 [DEBUG] TUN->SSH: 60 байт
2026-04-07 02:00:52,725 [DEBUG] TUN->SSH: 40 байт
2026-04-07 02:00:52,727 [DEBUG] SSH->TUN: 60 байт
2026-04-07 02:00:52,741 [DEBUG] SSH->TUN: 60 байт
2026-04-07 02:00:52,755 [DEBUG] TUN->SSH: 52 байт
2026-04-07 02:00:52,765 [DEBUG] SSH->TUN: 60 байт
2026-04-07 02:00:52,768 [DEBUG] SSH->TUN: 64 байт
2026-04-07 02:00:52,787 [DEBUG] TUN->SSH: 60 байт
2026-04-07 02:00:52,813 [DEBUG] SSH->TUN: 52 байт
2026-04-07 02:00:52,818 [DEBUG] TUN->SSH: 60 байт
2026-04-07 02:00:52,819 [DEBUG] SSH->TUN: 60 байт
2026-04-07 02:00:52,821 [DEBUG] SSH->TUN: 52 байт
2026-04-07 02:00:52,836 [DEBUG] SSH->TUN: 60 байт
2026-04-07 02:00:52,836 [DEBUG] SSH->TUN: 60 байт
2026-04-07 02:00:52,839 [DEBUG] SSH->TUN: 60 байт
2026-04-07 02:00:52,844 [INFO] Останавливаю туннель...
2026-04-07 02:00:52,847 [DEBUG] Восстановлен: default via 192.168.5.1 dev wlp0s20f3
2026-04-07 02:00:52,848 [DEBUG] Восстановлен: default via 192.168.5.1 dev wlp0s20f3
2026-04-07 02:00:52,848 [INFO] Маршруты восстановлены
2026-04-07 02:00:52,863 [INFO] Интерфейс strans-tun0 удалён
2026-04-07 02:00:52,863 [INFO] Остановлено
2026-04-07 02:00:52,863 [DEBUG] TUN->SSH: отменён
2026-04-07 02:00:52,863 [DEBUG] SSH->TUN: отменён
