2026-04-07 21:08:08,465 [INFO] === Запуск клиента ===
2026-04-07 21:08:08,466 [INFO] Лог файл: logs/client_20260407_210808.log
2026-04-07 21:08:08,467 [INFO] Подключаюсь к 217.154.79.223:22 как 'alice'
2026-04-07 21:08:08,761 [INFO] SSH соединение установлено
2026-04-07 21:08:08,849 [INFO] PUSH_REPLY: client_ip=198.19.0.4 server_ip=198.19.0.1 mtu=1280 stealth=0
2026-04-07 21:08:08,860 [INFO] Интерфейс strans-tun0:
70: strans-tun0: <POINTOPOINT,MULTICAST,NOARP,UP,LOWER_UP> mtu 1280 qdisc fq_codel state UP group default qlen 500
    link/none 
    inet 198.19.0.4 peer 198.19.0.1/32 scope global strans-tun0
       valid_lft forever preferred_lft forever
2026-04-07 21:08:08,952 [INFO] SSH tunnel канал открыт
2026-04-07 21:08:08,955 [INFO] Маршрут к серверу: 217.154.79.223 via 192.168.5.1 dev wlp0s20f3
2026-04-07 21:08:08,959 [INFO] Весь трафик через strans-tun0
2026-04-07 21:08:08,959 [INFO] Туннель активен.
2026-04-07 21:08:08,959 [INFO] Форвардинг запущен [stealth=0]
2026-04-07 21:08:09,051 [DEBUG] TUN->SSH: 88 байт
2026-04-07 21:08:09,052 [DEBUG] TUN->SSH: 88 байт
2026-04-07 21:08:09,052 [DEBUG] TUN->SSH: 88 байт
2026-04-07 21:08:09,052 [DEBUG] TUN->SSH: 88 байт
2026-04-07 21:08:09,053 [DEBUG] TUN->SSH: 88 байт
2026-04-07 21:08:09,053 [DEBUG] TUN->SSH: 57 байт
2026-04-07 21:08:09,119 [DEBUG] SSH->TUN: 52 байт
2026-04-07 21:08:09,119 [DEBUG] SSH->TUN: 52 байт
2026-04-07 21:08:09,120 [DEBUG] SSH->TUN: 52 байт
2026-04-07 21:08:09,121 [DEBUG] SSH->TUN: 52 байт
2026-04-07 21:08:09,121 [DEBUG] SSH->TUN: 52 байт
2026-04-07 21:08:09,121 [DEBUG] SSH->TUN: 52 байт
2026-04-07 21:08:09,122 [DEBUG] SSH->TUN: 141 байт
2026-04-07 21:08:09,122 [DEBUG] TUN->SSH: 52 байт
2026-04-07 21:08:10,680 [DEBUG] TUN->SSH: 52 байт
2026-04-07 21:08:10,748 [DEBUG] SSH->TUN: 52 байт
2026-04-07 21:08:10,748 [DEBUG] TUN->SSH: 52 байт
2026-04-07 21:08:10,872 [DEBUG] TUN->SSH: 52 байт
2026-04-07 21:08:10,947 [DEBUG] SSH->TUN: 40 байт
2026-04-07 21:08:10,969 [DEBUG] TUN->SSH: 60 байт
2026-04-07 21:08:11,013 [DEBUG] SSH->TUN: 60 байт
2026-04-07 21:08:11,013 [DEBUG] TUN->SSH: 52 байт
2026-04-07 21:08:11,013 [DEBUG] TUN->SSH: 152 байт
2026-04-07 21:08:11,058 [DEBUG] SSH->TUN: 52 байт
2026-04-07 21:08:11,059 [DEBUG] SSH->TUN: 118 байт
2026-04-07 21:08:11,059 [DEBUG] TUN->SSH: 52 байт
2026-04-07 21:08:11,060 [DEBUG] SSH->TUN: 161 байт
2026-04-07 21:08:11,060 [DEBUG] TUN->SSH: 52 байт
2026-04-07 21:08:11,060 [DEBUG] TUN->SSH: 52 байт
2026-04-07 21:08:11,066 [DEBUG] TUN->SSH: 60 байт
2026-04-07 21:08:11,111 [DEBUG] SSH->TUN: 52 байт
2026-04-07 21:08:11,111 [DEBUG] TUN->SSH: 52 байт
2026-04-07 21:08:11,142 [DEBUG] SSH->TUN: 60 байт
2026-04-07 21:08:11,142 [DEBUG] TUN->SSH: 52 байт
2026-04-07 21:08:11,157 [DEBUG] TUN->SSH: 266 байт
2026-04-07 21:08:11,237 [DEBUG] SSH->TUN: 52 байт
2026-04-07 21:08:11,238 [DEBUG] SSH->TUN: 1249 байт
2026-04-07 21:08:11,238 [DEBUG] TUN->SSH: 52 байт
2026-04-07 21:08:11,243 [DEBUG] TUN->SSH: 1113 байт
2026-04-07 21:08:11,324 [DEBUG] SSH->TUN: 103 байт
2026-04-07 21:08:11,324 [DEBUG] SSH->TUN: 92 байт
2026-04-07 21:08:11,346 [DEBUG] TUN->SSH: 52 байт
2026-04-07 21:08:11,346 [DEBUG] TUN->SSH: 213 байт
2026-04-07 21:08:11,473 [DEBUG] SSH->TUN: 52 байт
2026-04-07 21:08:11,519 [DEBUG] SSH->TUN: 198 байт
2026-04-07 21:08:11,560 [DEBUG] TUN->SSH: 52 байт
2026-04-07 21:08:11,614 [DEBUG] TUN->SSH: 215 байт
2026-04-07 21:08:11,614 [DEBUG] TUN->SSH: 113 байт
2026-04-07 21:08:11,616 [DEBUG] TUN->SSH: 442 байт
2026-04-07 21:08:11,640 [DEBUG] TUN->SSH: 52 байт
2026-04-07 21:08:11,695 [DEBUG] SSH->TUN: 52 байт
2026-04-07 21:08:11,696 [DEBUG] SSH->TUN: 52 байт
2026-04-07 21:08:11,696 [DEBUG] SSH->TUN: 52 байт
2026-04-07 21:08:11,769 [DEBUG] SSH->TUN: 98 байт
2026-04-07 21:08:11,770 [DEBUG] TUN->SSH: 52 байт
2026-04-07 21:08:11,812 [DEBUG] SSH->TUN: 125 байт
2026-04-07 21:08:11,812 [DEBUG] TUN->SSH: 52 байт
2026-04-07 21:08:11,813 [DEBUG] TUN->SSH: 111 байт
2026-04-07 21:08:11,886 [DEBUG] SSH->TUN: 52 байт
2026-04-07 21:08:12,118 [DEBUG] SSH->TUN: 112 байт
2026-04-07 21:08:12,152 [DEBUG] TUN->SSH: 52 байт
2026-04-07 21:08:12,158 [DEBUG] TUN->SSH: 52 байт
2026-04-07 21:08:13,083 [DEBUG] TUN->SSH: 88 байт
2026-04-07 21:08:13,084 [DEBUG] TUN->SSH: 88 байт
2026-04-07 21:08:13,350 [DEBUG] SSH->TUN: 40 байт
2026-04-07 21:08:13,351 [DEBUG] SSH->TUN: 40 байт
2026-04-07 21:08:15,071 [DEBUG] TUN->SSH: 60 байт
2026-04-07 21:08:15,118 [DEBUG] SSH->TUN: 60 байт
2026-04-07 21:08:15,118 [DEBUG] TUN->SSH: 52 байт
2026-04-07 21:08:15,119 [DEBUG] TUN->SSH: 144 байт
2026-04-07 21:08:15,164 [DEBUG] SSH->TUN: 52 байт
2026-04-07 21:08:15,164 [DEBUG] SSH->TUN: 126 байт
2026-04-07 21:08:15,164 [DEBUG] TUN->SSH: 52 байт
2026-04-07 21:08:15,165 [DEBUG] SSH->TUN: 114 байт
2026-04-07 21:08:15,165 [DEBUG] TUN->SSH: 52 байт
2026-04-07 21:08:15,166 [DEBUG] TUN->SSH: 52 байт
2026-04-07 21:08:15,166 [DEBUG] TUN->SSH: 1278 байт
2026-04-07 21:08:15,167 [DEBUG] TUN->SSH: 1278 байт
2026-04-07 21:08:15,167 [DEBUG] TUN->SSH: 109 байт
2026-04-07 21:08:15,208 [DEBUG] SSH->TUN: 52 байт
2026-04-07 21:08:15,208 [DEBUG] TUN->SSH: 52 байт
2026-04-07 21:08:15,228 [DEBUG] SSH->TUN: 68 байт
2026-04-07 21:08:15,229 [DEBUG] SSH->TUN: 1278 байт
2026-04-07 21:08:15,238 [DEBUG] SSH->TUN: 1278 байт
2026-04-07 21:08:15,238 [DEBUG] SSH->TUN: 312 байт
2026-04-07 21:08:15,239 [DEBUG] TUN->SSH: 106 байт
2026-04-07 21:08:15,240 [DEBUG] TUN->SSH: 1274 байт
2026-04-07 21:08:15,240 [DEBUG] SSH->TUN: 994 байт
2026-04-07 21:08:15,240 [DEBUG] TUN->SSH: 1278 байт
2026-04-07 21:08:15,241 [DEBUG] TUN->SSH: 1278 байт
2026-04-07 21:08:15,241 [DEBUG] TUN->SSH: 461 байт
2026-04-07 21:08:15,241 [DEBUG] TUN->SSH: 841 байт
2026-04-07 21:08:15,242 [DEBUG] TUN->SSH: 465 байт
2026-04-07 21:08:15,242 [DEBUG] TUN->SSH: 797 байт
2026-04-07 21:08:15,255 [DEBUG] SSH->TUN: 53 байт
2026-04-07 21:08:15,265 [DEBUG] TUN->SSH: 61 байт
2026-04-07 21:08:15,306 [DEBUG] SSH->TUN: 148 байт
2026-04-07 21:08:15,312 [DEBUG] SSH->TUN: 53 байт
2026-04-07 21:08:15,312 [DEBUG] SSH->TUN: 53 байт
2026-04-07 21:08:15,312 [DEBUG] SSH->TUN: 53 байт
2026-04-07 21:08:15,315 [DEBUG] SSH->TUN: 53 байт
2026-04-07 21:08:15,316 [DEBUG] SSH->TUN: 57 байт
2026-04-07 21:08:15,316 [DEBUG] TUN->SSH: 59 байт
2026-04-07 21:08:15,334 [DEBUG] SSH->TUN: 1274 байт
2026-04-07 21:08:15,334 [DEBUG] SSH->TUN: 51 байт
2026-04-07 21:08:15,334 [DEBUG] SSH->TUN: 85 байт
2026-04-07 21:08:15,335 [DEBUG] TUN->SSH: 63 байт
2026-04-07 21:08:15,361 [DEBUG] TUN->SSH: 60 байт
2026-04-07 21:08:15,425 [DEBUG] SSH->TUN: 52 байт
2026-04-07 21:08:16,054 [DEBUG] TUN->SSH: 60 байт
2026-04-07 21:08:16,108 [DEBUG] SSH->TUN: 60 байт
2026-04-07 21:08:16,108 [DEBUG] TUN->SSH: 52 байт
2026-04-07 21:08:16,109 [DEBUG] TUN->SSH: 130 байт
2026-04-07 21:08:16,154 [DEBUG] SSH->TUN: 52 байт
2026-04-07 21:08:16,155 [DEBUG] SSH->TUN: 107 байт
2026-04-07 21:08:16,155 [DEBUG] TUN->SSH: 52 байт
2026-04-07 21:08:16,156 [DEBUG] SSH->TUN: 119 байт
2026-04-07 21:08:16,157 [DEBUG] TUN->SSH: 52 байт
2026-04-07 21:08:16,157 [DEBUG] TUN->SSH: 52 байт
2026-04-07 21:08:16,158 [DEBUG] TUN->SSH: 60 байт
2026-04-07 21:08:16,202 [DEBUG] SSH->TUN: 52 байт
2026-04-07 21:08:16,203 [DEBUG] TUN->SSH: 52 байт
2026-04-07 21:08:16,214 [DEBUG] SSH->TUN: 60 байт
2026-04-07 21:08:16,215 [DEBUG] TUN->SSH: 52 байт
2026-04-07 21:08:16,215 [DEBUG] TUN->SSH: 1280 байт
2026-04-07 21:08:16,216 [DEBUG] TUN->SSH: 1044 байт
2026-04-07 21:08:16,270 [DEBUG] SSH->TUN: 52 байт
2026-04-07 21:08:16,271 [DEBUG] SSH->TUN: 52 байт
2026-04-07 21:08:16,279 [DEBUG] SSH->TUN: 1280 байт
2026-04-07 21:08:16,280 [DEBUG] TUN->SSH: 52 байт
2026-04-07 21:08:16,280 [DEBUG] SSH->TUN: 1280 байт
2026-04-07 21:08:16,281 [DEBUG] TUN->SSH: 52 байт
2026-04-07 21:08:16,281 [DEBUG] SSH->TUN: 1280 байт
2026-04-07 21:08:16,281 [DEBUG] TUN->SSH: 52 байт
2026-04-07 21:08:16,281 [DEBUG] SSH->TUN: 482 байт
2026-04-07 21:08:16,281 [DEBUG] TUN->SSH: 52 байт
2026-04-07 21:08:16,282 [DEBUG] TUN->SSH: 126 байт
2026-04-07 21:08:16,282 [DEBUG] TUN->SSH: 144 байт
2026-04-07 21:08:16,282 [DEBUG] TUN->SSH: 1280 байт
2026-04-07 21:08:16,283 [DEBUG] TUN->SSH: 1280 байт
2026-04-07 21:08:16,283 [DEBUG] TUN->SSH: 1280 байт
2026-04-07 21:08:16,283 [DEBUG] TUN->SSH: 1280 байт
2026-04-07 21:08:16,283 [DEBUG] TUN->SSH: 710 байт
2026-04-07 21:08:16,283 [DEBUG] TUN->SSH: 109 байт
2026-04-07 21:08:16,338 [DEBUG] SSH->TUN: 1020 байт
2026-04-07 21:08:16,338 [DEBUG] TUN->SSH: 83 байт
2026-04-07 21:08:16,342 [DEBUG] SSH->TUN: 52 байт
2026-04-07 21:08:16,342 [DEBUG] SSH->TUN: 83 байт
2026-04-07 21:08:16,343 [DEBUG] SSH->TUN: 52 байт
2026-04-07 21:08:16,343 [DEBUG] SSH->TUN: 52 байт
2026-04-07 21:08:16,349 [DEBUG] SSH->TUN: 52 байт
2026-04-07 21:08:16,383 [DEBUG] TUN->SSH: 52 байт
2026-04-07 21:08:16,394 [DEBUG] SSH->TUN: 52 байт
2026-04-07 21:08:16,416 [DEBUG] SSH->TUN: 1280 байт
2026-04-07 21:08:16,416 [DEBUG] TUN->SSH: 52 байт
2026-04-07 21:08:16,416 [DEBUG] SSH->TUN: 438 байт
2026-04-07 21:08:16,417 [DEBUG] TUN->SSH: 52 байт
2026-04-07 21:08:16,417 [DEBUG] SSH->TUN: 642 байт
2026-04-07 21:08:16,418 [DEBUG] TUN->SSH: 52 байт
2026-04-07 21:08:16,418 [DEBUG] SSH->TUN: 91 байт
2026-04-07 21:08:16,418 [DEBUG] TUN->SSH: 52 байт
2026-04-07 21:08:16,419 [DEBUG] TUN->SSH: 91 байт
2026-04-07 21:08:16,480 [DEBUG] SSH->TUN: 52 байт
2026-04-07 21:08:16,575 [DEBUG] TUN->SSH: 60 байт
2026-04-07 21:08:16,620 [DEBUG] SSH->TUN: 60 байт
2026-04-07 21:08:16,620 [DEBUG] TUN->SSH: 52 байт
2026-04-07 21:08:16,620 [DEBUG] TUN->SSH: 150 байт
2026-04-07 21:08:16,669 [DEBUG] SSH->TUN: 52 байт
2026-04-07 21:08:16,670 [DEBUG] SSH->TUN: 181 байт
2026-04-07 21:08:16,671 [DEBUG] TUN->SSH: 52 байт
2026-04-07 21:08:16,671 [DEBUG] SSH->TUN: 229 байт
2026-04-07 21:08:16,672 [DEBUG] TUN->SSH: 52 байт
2026-04-07 21:08:16,672 [DEBUG] TUN->SSH: 52 байт
2026-04-07 21:08:16,672 [DEBUG] TUN->SSH: 60 байт
2026-04-07 21:08:16,715 [DEBUG] TUN->SSH: 52 байт
2026-04-07 21:08:16,715 [DEBUG] SSH->TUN: 52 байт
2026-04-07 21:08:16,761 [DEBUG] TUN->SSH: 52 байт
2026-04-07 21:08:16,838 [DEBUG] SSH->TUN: 60 байт
2026-04-07 21:08:16,839 [DEBUG] TUN->SSH: 52 байт
2026-04-07 21:08:16,839 [DEBUG] TUN->SSH: 1280 байт
2026-04-07 21:08:16,840 [DEBUG] TUN->SSH: 886 байт
2026-04-07 21:08:16,908 [INFO] Останавливаю туннель...
2026-04-07 21:08:16,911 [DEBUG] Восстановлен: default via 192.168.5.1 dev wlp0s20f3
2026-04-07 21:08:16,911 [INFO] Маршруты восстановлены
2026-04-07 21:08:16,926 [INFO] Интерфейс strans-tun0 удалён
2026-04-07 21:08:16,926 [INFO] Остановлено
2026-04-07 21:08:16,926 [DEBUG] TUN->SSH: отменён
2026-04-07 21:08:16,926 [DEBUG] SSH->TUN: отменён
