2026-04-08 14:44:16,615 [INFO] === Запуск клиента ===
2026-04-08 14:44:16,615 [INFO] Лог файл: logs/client_20260408_144416.log
2026-04-08 14:44:16,617 [INFO] Подключаюсь к 217.154.79.223:24 как 'alice'
2026-04-08 14:44:17,144 [INFO] SSH соединение установлено
2026-04-08 14:44:17,249 [INFO] PUSH_REPLY: client_ip=198.19.0.2 server_ip=198.19.0.1 mtu=1280 stealth=0
2026-04-08 14:44:17,261 [INFO] Интерфейс strans-tun0:
31: strans-tun0: <POINTOPOINT,MULTICAST,NOARP,UP,LOWER_UP> mtu 1280 qdisc fq_codel state UP group default qlen 500
    link/none 
    inet 198.19.0.2 peer 198.19.0.1/32 scope global strans-tun0
       valid_lft forever preferred_lft forever
2026-04-08 14:44:17,375 [INFO] SSH tunnel канал открыт
2026-04-08 14:44:17,378 [INFO] Маршрут к серверу: 217.154.79.223 via 192.168.5.1 dev wlp0s20f3
2026-04-08 14:44:17,382 [INFO] Весь трафик через strans-tun0
2026-04-08 14:44:17,382 [INFO] Туннель активен.
2026-04-08 14:44:17,382 [INFO] Форвардинг запущен [stealth=0]
2026-04-08 14:44:18,151 [DEBUG] TUN->SSH: 60 байт
2026-04-08 14:44:18,152 [DEBUG] TUN->SSH: 60 байт
2026-04-08 14:44:19,175 [DEBUG] TUN->SSH: 60 байт
2026-04-08 14:44:19,176 [DEBUG] TUN->SSH: 60 байт
2026-04-08 14:44:21,223 [DEBUG] TUN->SSH: 60 байт
2026-04-08 14:44:21,223 [DEBUG] TUN->SSH: 60 байт
2026-04-08 14:44:22,053 [DEBUG] TUN->SSH: 60 байт
2026-04-08 14:44:22,053 [DEBUG] TUN->SSH: 60 байт
2026-04-08 14:44:22,129 [DEBUG] SSH->TUN: 60 байт
2026-04-08 14:44:22,130 [DEBUG] TUN->SSH: 52 байт
2026-04-08 14:44:22,130 [DEBUG] SSH->TUN: 60 байт
2026-04-08 14:44:22,130 [DEBUG] TUN->SSH: 486 байт
2026-04-08 14:44:22,130 [DEBUG] TUN->SSH: 52 байт
2026-04-08 14:44:22,130 [DEBUG] TUN->SSH: 405 байт
2026-04-08 14:44:22,197 [DEBUG] SSH->TUN: 282 байт
2026-04-08 14:44:22,198 [DEBUG] TUN->SSH: 52 байт
2026-04-08 14:44:22,199 [DEBUG] SSH->TUN: 209 байт
2026-04-08 14:44:22,200 [DEBUG] TUN->SSH: 52 байт
2026-04-08 14:44:22,201 [DEBUG] TUN->SSH: 52 байт
2026-04-08 14:44:22,201 [DEBUG] TUN->SSH: 509 байт
2026-04-08 14:44:22,270 [DEBUG] SSH->TUN: 52 байт
2026-04-08 14:44:22,270 [DEBUG] TUN->SSH: 52 байт
2026-04-08 14:44:22,271 [DEBUG] SSH->TUN: 1280 байт
2026-04-08 14:44:22,272 [DEBUG] SSH->TUN: 912 байт
2026-04-08 14:44:22,272 [DEBUG] TUN->SSH: 52 байт
2026-04-08 14:44:22,274 [DEBUG] SSH->TUN: 777 байт
2026-04-08 14:44:22,316 [DEBUG] TUN->SSH: 52 байт
2026-04-08 14:44:22,439 [DEBUG] TUN->SSH: 52 байт
2026-04-08 14:44:22,528 [DEBUG] TUN->SSH: 52 байт
2026-04-08 14:44:24,487 [DEBUG] TUN->SSH: 52 байт
2026-04-08 14:44:26,054 [DEBUG] TUN->SSH: 221 байт
2026-04-08 14:44:26,163 [DEBUG] SSH->TUN: 52 байт
2026-04-08 14:44:26,535 [DEBUG] TUN->SSH: 52 байт
2026-04-08 14:44:27,059 [DEBUG] TUN->SSH: 60 байт
2026-04-08 14:44:27,111 [DEBUG] SSH->TUN: 60 байт
2026-04-08 14:44:27,112 [DEBUG] TUN->SSH: 52 байт
2026-04-08 14:44:27,112 [DEBUG] TUN->SSH: 97 байт
2026-04-08 14:44:27,167 [DEBUG] SSH->TUN: 52 байт
2026-04-08 14:44:27,173 [DEBUG] SSH->TUN: 97 байт
2026-04-08 14:44:27,173 [DEBUG] TUN->SSH: 52 байт
2026-04-08 14:44:27,174 [DEBUG] TUN->SSH: 52 байт
2026-04-08 14:44:27,174 [DEBUG] TUN->SSH: 60 байт
2026-04-08 14:44:27,231 [DEBUG] TUN->SSH: 52 байт
2026-04-08 14:44:27,232 [DEBUG] SSH->TUN: 52 байт
2026-04-08 14:44:27,232 [DEBUG] SSH->TUN: 60 байт
2026-04-08 14:44:27,232 [DEBUG] TUN->SSH: 52 байт
2026-04-08 14:44:27,232 [DEBUG] TUN->SSH: 94 байт
2026-04-08 14:44:27,286 [DEBUG] SSH->TUN: 52 байт
2026-04-08 14:44:27,287 [DEBUG] SSH->TUN: 94 байт
2026-04-08 14:44:27,287 [DEBUG] TUN->SSH: 52 байт
2026-04-08 14:44:27,287 [DEBUG] TUN->SSH: 52 байт
2026-04-08 14:44:27,288 [DEBUG] TUN->SSH: 60 байт
2026-04-08 14:44:27,339 [DEBUG] TUN->SSH: 52 байт
2026-04-08 14:44:27,339 [DEBUG] SSH->TUN: 52 байт
2026-04-08 14:44:27,339 [DEBUG] SSH->TUN: 60 байт
2026-04-08 14:44:27,339 [DEBUG] TUN->SSH: 52 байт
2026-04-08 14:44:27,340 [DEBUG] TUN->SSH: 98 байт
2026-04-08 14:44:27,391 [DEBUG] SSH->TUN: 52 байт
2026-04-08 14:44:27,392 [DEBUG] SSH->TUN: 98 байт
2026-04-08 14:44:27,392 [DEBUG] TUN->SSH: 52 байт
2026-04-08 14:44:27,392 [DEBUG] TUN->SSH: 52 байт
2026-04-08 14:44:27,393 [DEBUG] TUN->SSH: 60 байт
2026-04-08 14:44:27,441 [DEBUG] SSH->TUN: 60 байт
2026-04-08 14:44:27,441 [DEBUG] TUN->SSH: 52 байт
2026-04-08 14:44:27,441 [DEBUG] SSH->TUN: 52 байт
2026-04-08 14:44:27,442 [DEBUG] TUN->SSH: 93 байт
2026-04-08 14:44:27,442 [DEBUG] TUN->SSH: 52 байт
2026-04-08 14:44:27,489 [DEBUG] SSH->TUN: 52 байт
2026-04-08 14:44:27,491 [DEBUG] SSH->TUN: 93 байт
2026-04-08 14:44:27,492 [DEBUG] TUN->SSH: 52 байт
2026-04-08 14:44:27,492 [DEBUG] TUN->SSH: 52 байт
2026-04-08 14:44:27,492 [DEBUG] TUN->SSH: 60 байт
2026-04-08 14:44:27,543 [DEBUG] SSH->TUN: 52 байт
2026-04-08 14:44:27,543 [DEBUG] TUN->SSH: 52 байт
2026-04-08 14:44:27,545 [DEBUG] SSH->TUN: 60 байт
2026-04-08 14:44:27,545 [DEBUG] TUN->SSH: 52 байт
2026-04-08 14:44:27,545 [DEBUG] TUN->SSH: 95 байт
2026-04-08 14:44:27,595 [DEBUG] SSH->TUN: 52 байт
2026-04-08 14:44:27,597 [DEBUG] SSH->TUN: 95 байт
2026-04-08 14:44:27,598 [DEBUG] TUN->SSH: 52 байт
2026-04-08 14:44:27,598 [DEBUG] TUN->SSH: 52 байт
2026-04-08 14:44:27,598 [DEBUG] TUN->SSH: 60 байт
2026-04-08 14:44:27,646 [DEBUG] SSH->TUN: 52 байт
2026-04-08 14:44:27,647 [DEBUG] TUN->SSH: 52 байт
2026-04-08 14:44:27,647 [DEBUG] SSH->TUN: 60 байт
2026-04-08 14:44:27,647 [DEBUG] TUN->SSH: 52 байт
2026-04-08 14:44:27,647 [DEBUG] TUN->SSH: 95 байт
2026-04-08 14:44:27,696 [DEBUG] SSH->TUN: 52 байт
2026-04-08 14:44:27,696 [DEBUG] SSH->TUN: 95 байт
2026-04-08 14:44:27,696 [DEBUG] TUN->SSH: 52 байт
2026-04-08 14:44:27,697 [DEBUG] TUN->SSH: 52 байт
2026-04-08 14:44:27,697 [DEBUG] TUN->SSH: 60 байт
2026-04-08 14:44:27,749 [DEBUG] SSH->TUN: 52 байт
2026-04-08 14:44:27,749 [DEBUG] TUN->SSH: 52 байт
2026-04-08 14:44:27,749 [DEBUG] SSH->TUN: 60 байт
2026-04-08 14:44:27,750 [DEBUG] TUN->SSH: 52 байт
2026-04-08 14:44:27,750 [DEBUG] TUN->SSH: 95 байт
2026-04-08 14:44:27,798 [DEBUG] SSH->TUN: 52 байт
2026-04-08 14:44:27,799 [DEBUG] SSH->TUN: 95 байт
2026-04-08 14:44:27,799 [DEBUG] TUN->SSH: 52 байт
2026-04-08 14:44:27,799 [DEBUG] TUN->SSH: 52 байт
2026-04-08 14:44:27,799 [DEBUG] TUN->SSH: 60 байт
2026-04-08 14:44:27,847 [DEBUG] SSH->TUN: 60 байт
2026-04-08 14:44:27,848 [DEBUG] TUN->SSH: 52 байт
2026-04-08 14:44:27,848 [DEBUG] TUN->SSH: 95 байт
2026-04-08 14:44:27,849 [DEBUG] TUN->SSH: 52 байт
2026-04-08 14:44:27,849 [DEBUG] SSH->TUN: 52 байт
2026-04-08 14:44:27,898 [DEBUG] SSH->TUN: 52 байт
2026-04-08 14:44:27,899 [DEBUG] SSH->TUN: 95 байт
2026-04-08 14:44:27,899 [DEBUG] TUN->SSH: 52 байт
2026-04-08 14:44:27,899 [DEBUG] TUN->SSH: 52 байт
2026-04-08 14:44:27,900 [DEBUG] TUN->SSH: 60 байт
2026-04-08 14:44:27,948 [DEBUG] SSH->TUN: 52 байт
2026-04-08 14:44:27,948 [DEBUG] TUN->SSH: 52 байт
2026-04-08 14:44:27,949 [DEBUG] SSH->TUN: 60 байт
2026-04-08 14:44:27,949 [DEBUG] TUN->SSH: 52 байт
2026-04-08 14:44:27,949 [DEBUG] TUN->SSH: 95 байт
2026-04-08 14:44:28,001 [DEBUG] SSH->TUN: 52 байт
2026-04-08 14:44:28,001 [DEBUG] SSH->TUN: 95 байт
2026-04-08 14:44:28,002 [DEBUG] TUN->SSH: 52 байт
2026-04-08 14:44:28,002 [DEBUG] TUN->SSH: 52 байт
2026-04-08 14:44:28,002 [DEBUG] TUN->SSH: 60 байт
2026-04-08 14:44:28,050 [DEBUG] SSH->TUN: 52 байт
2026-04-08 14:44:28,051 [DEBUG] TUN->SSH: 52 байт
2026-04-08 14:44:28,055 [DEBUG] SSH->TUN: 60 байт
2026-04-08 14:44:28,055 [DEBUG] TUN->SSH: 52 байт
2026-04-08 14:44:28,055 [DEBUG] TUN->SSH: 95 байт
2026-04-08 14:44:28,105 [DEBUG] SSH->TUN: 52 байт
2026-04-08 14:44:28,107 [DEBUG] SSH->TUN: 95 байт
2026-04-08 14:44:28,107 [DEBUG] TUN->SSH: 52 байт
2026-04-08 14:44:28,107 [DEBUG] TUN->SSH: 52 байт
2026-04-08 14:44:28,108 [DEBUG] TUN->SSH: 60 байт
2026-04-08 14:44:28,156 [DEBUG] SSH->TUN: 52 байт
2026-04-08 14:44:28,157 [DEBUG] TUN->SSH: 52 байт
2026-04-08 14:44:28,157 [DEBUG] SSH->TUN: 60 байт
2026-04-08 14:44:28,158 [DEBUG] TUN->SSH: 52 байт
2026-04-08 14:44:28,158 [DEBUG] TUN->SSH: 95 байт
2026-04-08 14:44:28,206 [DEBUG] SSH->TUN: 52 байт
2026-04-08 14:44:28,207 [DEBUG] SSH->TUN: 95 байт
2026-04-08 14:44:28,207 [DEBUG] TUN->SSH: 52 байт
2026-04-08 14:44:28,207 [DEBUG] TUN->SSH: 52 байт
2026-04-08 14:44:28,208 [DEBUG] TUN->SSH: 60 байт
2026-04-08 14:44:28,257 [DEBUG] SSH->TUN: 52 байт
2026-04-08 14:44:28,257 [DEBUG] TUN->SSH: 52 байт
2026-04-08 14:44:28,257 [DEBUG] SSH->TUN: 60 байт
2026-04-08 14:44:28,258 [DEBUG] TUN->SSH: 52 байт
2026-04-08 14:44:28,258 [DEBUG] TUN->SSH: 95 байт
2026-04-08 14:44:28,310 [DEBUG] SSH->TUN: 52 байт
2026-04-08 14:44:28,310 [DEBUG] SSH->TUN: 95 байт
2026-04-08 14:44:28,310 [DEBUG] TUN->SSH: 52 байт
2026-04-08 14:44:28,311 [DEBUG] TUN->SSH: 52 байт
2026-04-08 14:44:28,311 [DEBUG] TUN->SSH: 60 байт
2026-04-08 14:44:28,359 [DEBUG] SSH->TUN: 52 байт
2026-04-08 14:44:28,359 [DEBUG] TUN->SSH: 52 байт
2026-04-08 14:44:28,360 [DEBUG] SSH->TUN: 60 байт
2026-04-08 14:44:28,360 [DEBUG] TUN->SSH: 52 байт
2026-04-08 14:44:28,361 [DEBUG] TUN->SSH: 95 байт
2026-04-08 14:44:28,412 [DEBUG] SSH->TUN: 52 байт
2026-04-08 14:44:28,412 [DEBUG] SSH->TUN: 95 байт
2026-04-08 14:44:28,412 [DEBUG] TUN->SSH: 52 байт
2026-04-08 14:44:28,413 [DEBUG] TUN->SSH: 52 байт
2026-04-08 14:44:28,413 [DEBUG] TUN->SSH: 60 байт
2026-04-08 14:44:28,461 [DEBUG] SSH->TUN: 52 байт
2026-04-08 14:44:28,462 [DEBUG] TUN->SSH: 52 байт
2026-04-08 14:44:28,462 [DEBUG] SSH->TUN: 60 байт
2026-04-08 14:44:28,462 [DEBUG] TUN->SSH: 52 байт
2026-04-08 14:44:28,463 [DEBUG] TUN->SSH: 95 байт
2026-04-08 14:44:28,513 [DEBUG] SSH->TUN: 52 байт
2026-04-08 14:44:28,524 [DEBUG] SSH->TUN: 149 байт
2026-04-08 14:44:28,524 [DEBUG] TUN->SSH: 52 байт
2026-04-08 14:44:28,525 [DEBUG] TUN->SSH: 52 байт
2026-04-08 14:44:28,525 [DEBUG] TUN->SSH: 60 байт
2026-04-08 14:44:28,583 [DEBUG] TUN->SSH: 52 байт
2026-04-08 14:44:28,624 [DEBUG] SSH->TUN: 52 байт
2026-04-08 14:44:28,624 [DEBUG] TUN->SSH: 52 байт
2026-04-08 14:44:28,624 [DEBUG] SSH->TUN: 60 байт
2026-04-08 14:44:28,624 [DEBUG] TUN->SSH: 52 байт
2026-04-08 14:44:28,625 [DEBUG] TUN->SSH: 144 байт
2026-04-08 14:44:28,686 [DEBUG] SSH->TUN: 52 байт
2026-04-08 14:44:28,686 [DEBUG] SSH->TUN: 144 байт
2026-04-08 14:44:28,686 [DEBUG] TUN->SSH: 52 байт
2026-04-08 14:44:28,687 [DEBUG] TUN->SSH: 52 байт
2026-04-08 14:44:28,687 [DEBUG] TUN->SSH: 60 байт
2026-04-08 14:44:28,742 [DEBUG] SSH->TUN: 52 байт
2026-04-08 14:44:28,742 [DEBUG] TUN->SSH: 52 байт
2026-04-08 14:44:28,742 [DEBUG] SSH->TUN: 60 байт
2026-04-08 14:44:28,742 [DEBUG] TUN->SSH: 52 байт
2026-04-08 14:44:28,743 [DEBUG] TUN->SSH: 144 байт
2026-04-08 14:44:28,796 [DEBUG] SSH->TUN: 52 байт
2026-04-08 14:44:28,797 [DEBUG] SSH->TUN: 144 байт
2026-04-08 14:44:28,797 [DEBUG] TUN->SSH: 52 байт
2026-04-08 14:44:28,797 [DEBUG] TUN->SSH: 52 байт
2026-04-08 14:44:28,798 [DEBUG] TUN->SSH: 60 байт
2026-04-08 14:44:28,847 [DEBUG] SSH->TUN: 52 байт
2026-04-08 14:44:28,847 [DEBUG] TUN->SSH: 52 байт
2026-04-08 14:44:28,848 [DEBUG] SSH->TUN: 60 байт
2026-04-08 14:44:28,848 [DEBUG] TUN->SSH: 52 байт
2026-04-08 14:44:28,848 [DEBUG] TUN->SSH: 144 байт
2026-04-08 14:44:28,904 [DEBUG] SSH->TUN: 52 байт
2026-04-08 14:44:28,904 [DEBUG] SSH->TUN: 144 байт
2026-04-08 14:44:28,905 [DEBUG] TUN->SSH: 52 байт
2026-04-08 14:44:28,905 [DEBUG] TUN->SSH: 52 байт
2026-04-08 14:44:28,954 [DEBUG] SSH->TUN: 52 байт
2026-04-08 14:44:28,955 [DEBUG] TUN->SSH: 52 байт
2026-04-08 14:44:30,631 [DEBUG] TUN->SSH: 52 байт
2026-04-08 14:44:31,050 [DEBUG] TUN->SSH: 60 байт
2026-04-08 14:44:31,051 [DEBUG] TUN->SSH: 60 байт
2026-04-08 14:44:31,053 [DEBUG] TUN->SSH: 60 байт
2026-04-08 14:44:31,054 [DEBUG] TUN->SSH: 60 байт
2026-04-08 14:44:31,054 [DEBUG] TUN->SSH: 60 байт
2026-04-08 14:44:31,055 [DEBUG] TUN->SSH: 60 байт
2026-04-08 14:44:31,116 [DEBUG] SSH->TUN: 60 байт
2026-04-08 14:44:31,117 [DEBUG] TUN->SSH: 52 байт
2026-04-08 14:44:31,118 [DEBUG] TUN->SSH: 329 байт
2026-04-08 14:44:31,118 [DEBUG] SSH->TUN: 60 байт
2026-04-08 14:44:31,118 [DEBUG] TUN->SSH: 52 байт
2026-04-08 14:44:31,118 [DEBUG] TUN->SSH: 373 байт
2026-04-08 14:44:31,120 [DEBUG] SSH->TUN: 60 байт
2026-04-08 14:44:31,120 [DEBUG] TUN->SSH: 52 байт
2026-04-08 14:44:31,120 [DEBUG] TUN->SSH: 161 байт
2026-04-08 14:44:31,122 [DEBUG] SSH->TUN: 60 байт
2026-04-08 14:44:31,122 [DEBUG] TUN->SSH: 52 байт
2026-04-08 14:44:31,123 [DEBUG] TUN->SSH: 369 байт
2026-04-08 14:44:31,124 [DEBUG] SSH->TUN: 60 байт
2026-04-08 14:44:31,124 [DEBUG] TUN->SSH: 52 байт
2026-04-08 14:44:31,125 [DEBUG] TUN->SSH: 353 байт
2026-04-08 14:44:31,163 [DEBUG] SSH->TUN: 60 байт
2026-04-08 14:44:31,164 [DEBUG] TUN->SSH: 52 байт
2026-04-08 14:44:31,164 [DEBUG] TUN->SSH: 578 байт
2026-04-08 14:44:31,182 [DEBUG] SSH->TUN: 343 байт
2026-04-08 14:44:31,182 [DEBUG] TUN->SSH: 52 байт
2026-04-08 14:44:31,182 [DEBUG] SSH->TUN: 185 байт
2026-04-08 14:44:31,183 [DEBUG] TUN->SSH: 52 байт
2026-04-08 14:44:31,183 [DEBUG] TUN->SSH: 52 байт
2026-04-08 14:44:31,183 [DEBUG] TUN->SSH: 285 байт
2026-04-08 14:44:31,187 [DEBUG] SSH->TUN: 189 байт
2026-04-08 14:44:31,187 [DEBUG] TUN->SSH: 52 байт
2026-04-08 14:44:31,187 [DEBUG] TUN->SSH: 52 байт
2026-04-08 14:44:31,188 [DEBUG] TUN->SSH: 269 байт
2026-04-08 14:44:31,191 [DEBUG] SSH->TUN: 323 байт
2026-04-08 14:44:31,191 [DEBUG] TUN->SSH: 52 байт
2026-04-08 14:44:31,194 [DEBUG] SSH->TUN: 185 байт
2026-04-08 14:44:31,195 [DEBUG] TUN->SSH: 52 байт
2026-04-08 14:44:31,195 [DEBUG] TUN->SSH: 52 байт
2026-04-08 14:44:31,195 [DEBUG] TUN->SSH: 189 байт
2026-04-08 14:44:31,237 [DEBUG] SSH->TUN: 282 байт
2026-04-08 14:44:31,237 [DEBUG] TUN->SSH: 40 байт
2026-04-08 14:44:31,250 [DEBUG] SSH->TUN: 141 байт
2026-04-08 14:44:31,257 [DEBUG] SSH->TUN: 52 байт
2026-04-08 14:44:31,258 [DEBUG] TUN->SSH: 52 байт
2026-04-08 14:44:31,258 [DEBUG] SSH->TUN: 52 байт
2026-04-08 14:44:31,258 [DEBUG] TUN->SSH: 40 байт
2026-04-08 14:44:31,258 [DEBUG] SSH->TUN: 141 байт
2026-04-08 14:44:31,264 [DEBUG] SSH->TUN: 52 байт
2026-04-08 14:44:31,265 [DEBUG] TUN->SSH: 52 байт
2026-04-08 14:44:31,268 [DEBUG] SSH->TUN: 141 байт
2026-04-08 14:44:31,291 [DEBUG] TUN->SSH: 52 байт
2026-04-08 14:44:31,299 [DEBUG] TUN->SSH: 52 байт
2026-04-08 14:44:31,309 [DEBUG] TUN->SSH: 52 байт
2026-04-08 14:44:32,679 [DEBUG] TUN->SSH: 52 байт
2026-04-08 14:44:32,684 [DEBUG] TUN->SSH: 52 байт
2026-04-08 14:44:33,058 [DEBUG] TUN->SSH: 60 байт
2026-04-08 14:44:33,058 [DEBUG] TUN->SSH: 60 байт
2026-04-08 14:44:33,153 [DEBUG] SSH->TUN: 60 байт
2026-04-08 14:44:33,153 [DEBUG] TUN->SSH: 52 байт
2026-04-08 14:44:33,153 [DEBUG] SSH->TUN: 60 байт
2026-04-08 14:44:33,153 [DEBUG] TUN->SSH: 118 байт
2026-04-08 14:44:33,154 [DEBUG] TUN->SSH: 52 байт
2026-04-08 14:44:33,154 [DEBUG] TUN->SSH: 116 байт
2026-04-08 14:44:33,204 [DEBUG] SSH->TUN: 52 байт
2026-04-08 14:44:33,204 [DEBUG] SSH->TUN: 52 байт
2026-04-08 14:44:33,204 [DEBUG] SSH->TUN: 165 байт
2026-04-08 14:44:33,204 [DEBUG] TUN->SSH: 52 байт
2026-04-08 14:44:33,205 [DEBUG] SSH->TUN: 146 байт
2026-04-08 14:44:33,205 [DEBUG] TUN->SSH: 52 байт
2026-04-08 14:44:33,205 [DEBUG] SSH->TUN: 117 байт
2026-04-08 14:44:33,206 [DEBUG] TUN->SSH: 52 байт
2026-04-08 14:44:33,206 [DEBUG] TUN->SSH: 60 байт
2026-04-08 14:44:33,206 [DEBUG] TUN->SSH: 52 байт
2026-04-08 14:44:33,249 [DEBUG] SSH->TUN: 141 байт
2026-04-08 14:44:33,250 [DEBUG] TUN->SSH: 52 байт
2026-04-08 14:44:33,250 [DEBUG] TUN->SSH: 52 байт
2026-04-08 14:44:33,250 [DEBUG] TUN->SSH: 60 байт
2026-04-08 14:44:33,255 [DEBUG] TUN->SSH: 52 байт
2026-04-08 14:44:33,255 [DEBUG] SSH->TUN: 52 байт
2026-04-08 14:44:33,293 [DEBUG] SSH->TUN: 60 байт
2026-04-08 14:44:33,294 [DEBUG] TUN->SSH: 52 байт
2026-04-08 14:44:33,294 [DEBUG] TUN->SSH: 1280 байт
2026-04-08 14:44:33,295 [DEBUG] TUN->SSH: 546 байт
2026-04-08 14:44:33,304 [DEBUG] SSH->TUN: 52 байт
2026-04-08 14:44:33,304 [DEBUG] TUN->SSH: 52 байт
2026-04-08 14:44:33,305 [DEBUG] SSH->TUN: 60 байт
2026-04-08 14:44:33,305 [DEBUG] TUN->SSH: 52 байт
2026-04-08 14:44:33,305 [DEBUG] TUN->SSH: 1280 байт
2026-04-08 14:44:33,306 [DEBUG] TUN->SSH: 818 байт
2026-04-08 14:44:33,354 [DEBUG] SSH->TUN: 52 байт
2026-04-08 14:44:33,358 [DEBUG] SSH->TUN: 52 байт
2026-04-08 14:44:33,359 [DEBUG] SSH->TUN: 1280 байт
2026-04-08 14:44:33,359 [DEBUG] TUN->SSH: 52 байт
2026-04-08 14:44:33,359 [DEBUG] SSH->TUN: 199 байт
2026-04-08 14:44:33,360 [DEBUG] TUN->SSH: 52 байт
2026-04-08 14:44:33,360 [DEBUG] TUN->SSH: 116 байт
2026-04-08 14:44:33,360 [DEBUG] TUN->SSH: 144 байт
2026-04-08 14:44:33,361 [DEBUG] TUN->SSH: 1081 байт
2026-04-08 14:44:33,362 [DEBUG] TUN->SSH: 138 байт
2026-04-08 14:44:33,382 [DEBUG] SSH->TUN: 52 байт
2026-04-08 14:44:33,383 [DEBUG] SSH->TUN: 52 байт
2026-04-08 14:44:33,385 [DEBUG] SSH->TUN: 1280 байт
2026-04-08 14:44:33,385 [DEBUG] TUN->SSH: 52 байт
2026-04-08 14:44:33,385 [DEBUG] SSH->TUN: 1280 байт
2026-04-08 14:44:33,386 [DEBUG] TUN->SSH: 52 байт
2026-04-08 14:44:33,386 [DEBUG] SSH->TUN: 1280 байт
2026-04-08 14:44:33,387 [DEBUG] TUN->SSH: 52 байт
2026-04-08 14:44:33,387 [DEBUG] SSH->TUN: 108 байт
2026-04-08 14:44:33,387 [DEBUG] TUN->SSH: 52 байт
2026-04-08 14:44:33,388 [DEBUG] TUN->SSH: 145 байт
2026-04-08 14:44:33,388 [DEBUG] TUN->SSH: 151 байт
2026-04-08 14:44:33,388 [DEBUG] TUN->SSH: 500 байт
2026-04-08 14:44:33,415 [DEBUG] SSH->TUN: 564 байт
2026-04-08 14:44:33,415 [DEBUG] TUN->SSH: 83 байт
2026-04-08 14:44:33,415 [DEBUG] SSH->TUN: 83 байт
2026-04-08 14:44:33,416 [DEBUG] SSH->TUN: 52 байт
2026-04-08 14:44:33,440 [DEBUG] SSH->TUN: 639 байт
2026-04-08 14:44:33,441 [DEBUG] TUN->SSH: 52 байт
2026-04-08 14:44:33,442 [DEBUG] SSH->TUN: 139 байт
2026-04-08 14:44:33,443 [DEBUG] SSH->TUN: 83 байт
2026-04-08 14:44:33,443 [DEBUG] TUN->SSH: 52 байт
2026-04-08 14:44:33,477 [DEBUG] SSH->TUN: 103 байт
2026-04-08 14:44:33,477 [DEBUG] SSH->TUN: 121 байт
2026-04-08 14:44:33,477 [DEBUG] TUN->SSH: 52 байт
2026-04-08 14:44:33,478 [DEBUG] SSH->TUN: 90 байт
2026-04-08 14:44:33,478 [DEBUG] TUN->SSH: 90 байт
2026-04-08 14:44:33,478 [DEBUG] SSH->TUN: 1280 байт
2026-04-08 14:44:33,479 [DEBUG] TUN->SSH: 52 байт
2026-04-08 14:44:33,479 [DEBUG] SSH->TUN: 1280 байт
2026-04-08 14:44:33,479 [DEBUG] SSH->TUN: 1280 байт
2026-04-08 14:44:33,479 [DEBUG] TUN->SSH: 52 байт
2026-04-08 14:44:33,486 [DEBUG] SSH->TUN: 1280 байт
2026-04-08 14:44:33,486 [DEBUG] SSH->TUN: 1280 байт
2026-04-08 14:44:33,486 [DEBUG] TUN->SSH: 52 байт
2026-04-08 14:44:33,486 [DEBUG] SSH->TUN: 1280 байт
2026-04-08 14:44:33,486 [DEBUG] SSH->TUN: 1280 байт
2026-04-08 14:44:33,487 [DEBUG] TUN->SSH: 52 байт
2026-04-08 14:44:33,509 [DEBUG] SSH->TUN: 52 байт
2026-04-08 14:44:33,560 [DEBUG] SSH->TUN: 1280 байт
2026-04-08 14:44:33,563 [DEBUG] SSH->TUN: 1280 байт
2026-04-08 14:44:33,563 [DEBUG] TUN->SSH: 52 байт
2026-04-08 14:44:33,563 [DEBUG] SSH->TUN: 1280 байт
2026-04-08 14:44:33,564 [DEBUG] SSH->TUN: 1268 байт
2026-04-08 14:44:33,564 [DEBUG] TUN->SSH: 52 байт
2026-04-08 14:44:33,611 [DEBUG] SSH->TUN: 52 байт
2026-04-08 14:44:34,058 [DEBUG] TUN->SSH: 60 байт
2026-04-08 14:44:34,109 [DEBUG] SSH->TUN: 60 байт
2026-04-08 14:44:34,110 [DEBUG] TUN->SSH: 52 байт
2026-04-08 14:44:34,110 [DEBUG] TUN->SSH: 120 байт
2026-04-08 14:44:34,173 [DEBUG] SSH->TUN: 52 байт
2026-04-08 14:44:34,174 [DEBUG] SSH->TUN: 102 байт
2026-04-08 14:44:34,174 [DEBUG] TUN->SSH: 52 байт
2026-04-08 14:44:34,177 [DEBUG] SSH->TUN: 148 байт
2026-04-08 14:44:34,178 [DEBUG] TUN->SSH: 52 байт
2026-04-08 14:44:34,178 [DEBUG] TUN->SSH: 52 байт
2026-04-08 14:44:34,178 [DEBUG] TUN->SSH: 60 байт
2026-04-08 14:44:34,203 [DEBUG] TUN->SSH: 60 байт
2026-04-08 14:44:34,228 [DEBUG] SSH->TUN: 52 байт
2026-04-08 14:44:34,229 [DEBUG] TUN->SSH: 52 байт
2026-04-08 14:44:34,240 [DEBUG] SSH->TUN: 60 байт
2026-04-08 14:44:34,240 [DEBUG] TUN->SSH: 52 байт
2026-04-08 14:44:34,241 [DEBUG] TUN->SSH: 1280 байт
2026-04-08 14:44:34,241 [DEBUG] TUN->SSH: 883 байт
2026-04-08 14:44:34,253 [DEBUG] SSH->TUN: 60 байт
2026-04-08 14:44:34,254 [DEBUG] TUN->SSH: 52 байт
2026-04-08 14:44:34,254 [DEBUG] TUN->SSH: 136 байт
2026-04-08 14:44:34,303 [DEBUG] SSH->TUN: 52 байт
2026-04-08 14:44:34,303 [DEBUG] SSH->TUN: 150 байт
2026-04-08 14:44:34,304 [DEBUG] TUN->SSH: 52 байт
2026-04-08 14:44:34,304 [DEBUG] SSH->TUN: 126 байт
2026-04-08 14:44:34,304 [DEBUG] TUN->SSH: 52 байт
2026-04-08 14:44:34,304 [DEBUG] TUN->SSH: 52 байт
2026-04-08 14:44:34,305 [DEBUG] TUN->SSH: 60 байт
2026-04-08 14:44:34,307 [DEBUG] SSH->TUN: 52 байт
2026-04-08 14:44:34,308 [DEBUG] SSH->TUN: 52 байт
2026-04-08 14:44:34,318 [DEBUG] SSH->TUN: 290 байт
2026-04-08 14:44:34,318 [DEBUG] TUN->SSH: 52 байт
2026-04-08 14:44:34,318 [DEBUG] TUN->SSH: 116 байт
2026-04-08 14:44:34,319 [DEBUG] TUN->SSH: 144 байт
2026-04-08 14:44:34,319 [DEBUG] TUN->SSH: 926 байт
2026-04-08 14:44:34,319 [DEBUG] TUN->SSH: 904 байт
2026-04-08 14:44:34,353 [DEBUG] SSH->TUN: 52 байт
2026-04-08 14:44:34,353 [DEBUG] TUN->SSH: 52 байт
2026-04-08 14:44:34,356 [DEBUG] SSH->TUN: 60 байт
2026-04-08 14:44:34,356 [DEBUG] TUN->SSH: 52 байт
2026-04-08 14:44:34,357 [DEBUG] TUN->SSH: 1280 байт
2026-04-08 14:44:34,357 [DEBUG] TUN->SSH: 827 байт
2026-04-08 14:44:34,383 [DEBUG] SSH->TUN: 52 байт
2026-04-08 14:44:34,383 [DEBUG] SSH->TUN: 136 байт
2026-04-08 14:44:34,384 [DEBUG] TUN->SSH: 83 байт
2026-04-08 14:44:34,401 [DEBUG] SSH->TUN: 1280 байт
2026-04-08 14:44:34,402 [DEBUG] TUN->SSH: 52 байт
2026-04-08 14:44:34,402 [DEBUG] TUN->SSH: 285 байт
2026-04-08 14:44:34,404 [DEBUG] SSH->TUN: 848 байт
2026-04-08 14:44:34,405 [DEBUG] SSH->TUN: 52 байт
2026-04-08 14:44:34,408 [DEBUG] SSH->TUN: 52 байт
2026-04-08 14:44:34,408 [DEBUG] SSH->TUN: 1280 байт
2026-04-08 14:44:34,408 [DEBUG] TUN->SSH: 52 байт
2026-04-08 14:44:34,409 [DEBUG] SSH->TUN: 199 байт
2026-04-08 14:44:34,409 [DEBUG] TUN->SSH: 52 байт
2026-04-08 14:44:34,409 [DEBUG] TUN->SSH: 116 байт
2026-04-08 14:44:34,410 [DEBUG] TUN->SSH: 144 байт
2026-04-08 14:44:34,410 [DEBUG] TUN->SSH: 657 байт
2026-04-08 14:44:34,431 [DEBUG] SSH->TUN: 365 байт
2026-04-08 14:44:34,444 [DEBUG] TUN->SSH: 52 байт
2026-04-08 14:44:34,448 [DEBUG] TUN->SSH: 60 байт
2026-04-08 14:44:34,458 [DEBUG] SSH->TUN: 564 байт
2026-04-08 14:44:34,459 [DEBUG] TUN->SSH: 83 байт
2026-04-08 14:44:34,459 [DEBUG] SSH->TUN: 83 байт
2026-04-08 14:44:34,472 [DEBUG] TUN->SSH: 221 байт
2026-04-08 14:44:34,472 [DEBUG] SSH->TUN: 52 байт
2026-04-08 14:44:34,473 [DEBUG] TUN->SSH: 52 байт
2026-04-08 14:44:34,485 [DEBUG] SSH->TUN: 311 байт
2026-04-08 14:44:34,486 [DEBUG] TUN->SSH: 52 байт
2026-04-08 14:44:34,486 [DEBUG] SSH->TUN: 1280 байт
2026-04-08 14:44:34,487 [DEBUG] TUN->SSH: 52 байт
2026-04-08 14:44:34,487 [DEBUG] SSH->TUN: 215 байт
2026-04-08 14:44:34,487 [DEBUG] SSH->TUN: 1280 байт
2026-04-08 14:44:34,487 [DEBUG] SSH->TUN: 1280 байт
2026-04-08 14:44:34,488 [DEBUG] TUN->SSH: 52 байт
2026-04-08 14:44:34,488 [DEBUG] SSH->TUN: 1280 байт
2026-04-08 14:44:34,488 [DEBUG] SSH->TUN: 1280 байт
2026-04-08 14:44:34,488 [DEBUG] TUN->SSH: 52 байт
2026-04-08 14:44:34,488 [DEBUG] SSH->TUN: 1280 байт
2026-04-08 14:44:34,489 [DEBUG] SSH->TUN: 1280 байт
2026-04-08 14:44:34,489 [DEBUG] TUN->SSH: 52 байт
2026-04-08 14:44:34,489 [DEBUG] SSH->TUN: 1280 байт
2026-04-08 14:44:34,490 [DEBUG] SSH->TUN: 1280 байт
2026-04-08 14:44:34,490 [DEBUG] TUN->SSH: 52 байт
2026-04-08 14:44:34,490 [DEBUG] SSH->TUN: 1280 байт
2026-04-08 14:44:34,490 [DEBUG] SSH->TUN: 1280 байт
2026-04-08 14:44:34,490 [DEBUG] TUN->SSH: 52 байт
2026-04-08 14:44:34,493 [DEBUG] SSH->TUN: 1280 байт
2026-04-08 14:44:34,493 [DEBUG] SSH->TUN: 1280 байт
2026-04-08 14:44:34,493 [DEBUG] TUN->SSH: 52 байт
2026-04-08 14:44:34,493 [DEBUG] SSH->TUN: 52 байт
2026-04-08 14:44:34,493 [DEBUG] SSH->TUN: 1280 байт
2026-04-08 14:44:34,506 [DEBUG] SSH->TUN: 1280 байт
2026-04-08 14:44:34,506 [DEBUG] TUN->SSH: 52 байт
2026-04-08 14:44:34,506 [DEBUG] SSH->TUN: 1280 байт
2026-04-08 14:44:34,506 [DEBUG] SSH->TUN: 1280 байт
2026-04-08 14:44:34,507 [DEBUG] TUN->SSH: 52 байт
2026-04-08 14:44:34,507 [DEBUG] SSH->TUN: 1280 байт
2026-04-08 14:44:34,507 [DEBUG] SSH->TUN: 1280 байт
2026-04-08 14:44:34,507 [DEBUG] TUN->SSH: 52 байт
2026-04-08 14:44:34,507 [DEBUG] SSH->TUN: 1280 байт
2026-04-08 14:44:34,508 [DEBUG] SSH->TUN: 1280 байт
2026-04-08 14:44:34,508 [DEBUG] TUN->SSH: 52 байт
2026-04-08 14:44:34,508 [DEBUG] SSH->TUN: 1280 байт
2026-04-08 14:44:34,519 [DEBUG] TUN->SSH: 87 байт
2026-04-08 14:44:34,531 [DEBUG] SSH->TUN: 1280 байт
2026-04-08 14:44:34,531 [DEBUG] SSH->TUN: 1280 байт
2026-04-08 14:44:34,532 [DEBUG] TUN->SSH: 52 байт
2026-04-08 14:44:34,534 [DEBUG] SSH->TUN: 1280 байт
2026-04-08 14:44:34,535 [DEBUG] SSH->TUN: 1280 байт
2026-04-08 14:44:34,535 [DEBUG] TUN->SSH: 52 байт
2026-04-08 14:44:34,535 [DEBUG] SSH->TUN: 1280 байт
2026-04-08 14:44:34,535 [DEBUG] SSH->TUN: 1280 байт
2026-04-08 14:44:34,536 [DEBUG] TUN->SSH: 52 байт
2026-04-08 14:44:34,536 [DEBUG] SSH->TUN: 1280 байт
2026-04-08 14:44:34,536 [DEBUG] SSH->TUN: 1280 байт
2026-04-08 14:44:34,536 [DEBUG] TUN->SSH: 52 байт
2026-04-08 14:44:34,536 [DEBUG] SSH->TUN: 1280 байт
2026-04-08 14:44:34,538 [DEBUG] SSH->TUN: 1280 байт
2026-04-08 14:44:34,538 [DEBUG] TUN->SSH: 52 байт
2026-04-08 14:44:34,539 [DEBUG] SSH->TUN: 1280 байт
2026-04-08 14:44:34,539 [DEBUG] SSH->TUN: 1280 байт
2026-04-08 14:44:34,539 [DEBUG] TUN->SSH: 52 байт
2026-04-08 14:44:34,539 [DEBUG] SSH->TUN: 1280 байт
2026-04-08 14:44:34,544 [DEBUG] SSH->TUN: 1280 байт
2026-04-08 14:44:34,544 [DEBUG] TUN->SSH: 52 байт
2026-04-08 14:44:34,544 [DEBUG] SSH->TUN: 1280 байт
2026-04-08 14:44:34,544 [DEBUG] SSH->TUN: 1280 байт
2026-04-08 14:44:34,544 [DEBUG] TUN->SSH: 52 байт
2026-04-08 14:44:34,545 [DEBUG] SSH->TUN: 1280 байт
2026-04-08 14:44:34,545 [DEBUG] SSH->TUN: 1280 байт
2026-04-08 14:44:34,545 [DEBUG] TUN->SSH: 52 байт
2026-04-08 14:44:34,545 [DEBUG] SSH->TUN: 1280 байт
2026-04-08 14:44:34,545 [DEBUG] SSH->TUN: 1280 байт
2026-04-08 14:44:34,545 [DEBUG] TUN->SSH: 52 байт
2026-04-08 14:44:34,546 [DEBUG] SSH->TUN: 1280 байт
2026-04-08 14:44:34,546 [DEBUG] SSH->TUN: 60 байт
2026-04-08 14:44:34,546 [DEBUG] TUN->SSH: 52 байт
2026-04-08 14:44:34,546 [DEBUG] SSH->TUN: 1280 байт
2026-04-08 14:44:34,546 [DEBUG] TUN->SSH: 124 байт
2026-04-08 14:44:34,547 [DEBUG] SSH->TUN: 1280 байт
2026-04-08 14:44:34,547 [DEBUG] TUN->SSH: 52 байт
2026-04-08 14:44:34,558 [DEBUG] SSH->TUN: 1280 байт
2026-04-08 14:44:34,559 [DEBUG] TUN->SSH: 52 байт
2026-04-08 14:44:34,559 [DEBUG] SSH->TUN: 1280 байт
2026-04-08 14:44:34,559 [DEBUG] SSH->TUN: 1280 байт
2026-04-08 14:44:34,559 [DEBUG] TUN->SSH: 52 байт
2026-04-08 14:44:34,559 [DEBUG] SSH->TUN: 1280 байт
2026-04-08 14:44:34,559 [DEBUG] SSH->TUN: 1280 байт
2026-04-08 14:44:34,560 [DEBUG] TUN->SSH: 52 байт
2026-04-08 14:44:34,560 [DEBUG] SSH->TUN: 1280 байт
2026-04-08 14:44:34,560 [DEBUG] SSH->TUN: 1280 байт
2026-04-08 14:44:34,560 [DEBUG] TUN->SSH: 52 байт
2026-04-08 14:44:34,561 [DEBUG] SSH->TUN: 1280 байт
2026-04-08 14:44:34,561 [DEBUG] SSH->TUN: 1280 байт
2026-04-08 14:44:34,561 [DEBUG] TUN->SSH: 52 байт
2026-04-08 14:44:34,561 [DEBUG] SSH->TUN: 1280 байт
2026-04-08 14:44:34,561 [DEBUG] SSH->TUN: 1280 байт
2026-04-08 14:44:34,562 [DEBUG] TUN->SSH: 52 байт
2026-04-08 14:44:34,562 [DEBUG] SSH->TUN: 1280 байт
2026-04-08 14:44:34,562 [DEBUG] SSH->TUN: 532 байт
2026-04-08 14:44:34,562 [DEBUG] TUN->SSH: 52 байт
2026-04-08 14:44:34,562 [DEBUG] SSH->TUN: 1280 байт
2026-04-08 14:44:34,562 [DEBUG] SSH->TUN: 1280 байт
2026-04-08 14:44:34,563 [DEBUG] TUN->SSH: 52 байт
2026-04-08 14:44:34,563 [DEBUG] SSH->TUN: 1280 байт
2026-04-08 14:44:34,563 [DEBUG] SSH->TUN: 1280 байт
2026-04-08 14:44:34,563 [DEBUG] TUN->SSH: 52 байт
2026-04-08 14:44:34,564 [DEBUG] SSH->TUN: 1280 байт
2026-04-08 14:44:34,564 [DEBUG] SSH->TUN: 1280 байт
2026-04-08 14:44:34,564 [DEBUG] TUN->SSH: 52 байт
2026-04-08 14:44:34,564 [DEBUG] SSH->TUN: 1280 байт
2026-04-08 14:44:34,564 [DEBUG] SSH->TUN: 1280 байт
2026-04-08 14:44:34,564 [DEBUG] TUN->SSH: 52 байт
2026-04-08 14:44:34,565 [DEBUG] SSH->TUN: 52 байт
2026-04-08 14:44:34,565 [DEBUG] SSH->TUN: 1280 байт
2026-04-08 14:44:34,565 [DEBUG] SSH->TUN: 1280 байт
2026-04-08 14:44:34,565 [DEBUG] TUN->SSH: 52 байт
2026-04-08 14:44:34,565 [DEBUG] SSH->TUN: 1280 байт
2026-04-08 14:44:34,565 [DEBUG] SSH->TUN: 1280 байт
2026-04-08 14:44:34,566 [DEBUG] TUN->SSH: 52 байт
2026-04-08 14:44:34,566 [DEBUG] SSH->TUN: 1280 байт
2026-04-08 14:44:34,606 [DEBUG] TUN->SSH: 52 байт
2026-04-08 14:44:34,614 [DEBUG] TUN->SSH: 52 байт
2026-04-08 14:44:34,614 [DEBUG] SSH->TUN: 1280 байт
2026-04-08 14:44:34,615 [DEBUG] SSH->TUN: 1280 байт
2026-04-08 14:44:34,615 [DEBUG] TUN->SSH: 52 байт
2026-04-08 14:44:34,615 [DEBUG] SSH->TUN: 1280 байт
2026-04-08 14:44:34,616 [DEBUG] TUN->SSH: 52 байт
2026-04-08 14:44:34,616 [DEBUG] SSH->TUN: 1280 байт
2026-04-08 14:44:34,616 [DEBUG] TUN->SSH: 52 байт
2026-04-08 14:44:34,617 [DEBUG] SSH->TUN: 1280 байт
2026-04-08 14:44:34,617 [DEBUG] TUN->SSH: 52 байт
2026-04-08 14:44:34,617 [DEBUG] SSH->TUN: 1280 байт
2026-04-08 14:44:34,617 [DEBUG] TUN->SSH: 52 байт
2026-04-08 14:44:34,618 [DEBUG] SSH->TUN: 1280 байт
2026-04-08 14:44:34,618 [DEBUG] TUN->SSH: 52 байт
2026-04-08 14:44:34,618 [DEBUG] SSH->TUN: 624 байт
2026-04-08 14:44:34,618 [DEBUG] TUN->SSH: 52 байт
2026-04-08 14:44:34,619 [DEBUG] SSH->TUN: 1280 байт
2026-04-08 14:44:34,619 [DEBUG] TUN->SSH: 52 байт
2026-04-08 14:44:34,619 [DEBUG] SSH->TUN: 1280 байт
2026-04-08 14:44:34,619 [DEBUG] TUN->SSH: 52 байт
2026-04-08 14:44:34,619 [DEBUG] SSH->TUN: 1280 байт
2026-04-08 14:44:34,620 [DEBUG] TUN->SSH: 52 байт
2026-04-08 14:44:34,620 [DEBUG] SSH->TUN: 1280 байт
2026-04-08 14:44:34,620 [DEBUG] TUN->SSH: 52 байт
2026-04-08 14:44:34,620 [DEBUG] SSH->TUN: 1280 байт
2026-04-08 14:44:34,620 [DEBUG] TUN->SSH: 52 байт
2026-04-08 14:44:34,621 [DEBUG] SSH->TUN: 1280 байт
2026-04-08 14:44:34,621 [DEBUG] TUN->SSH: 52 байт
2026-04-08 14:44:34,621 [DEBUG] SSH->TUN: 1280 байт
2026-04-08 14:44:34,621 [DEBUG] TUN->SSH: 52 байт
2026-04-08 14:44:34,621 [DEBUG] SSH->TUN: 1280 байт
2026-04-08 14:44:34,622 [DEBUG] TUN->SSH: 52 байт
2026-04-08 14:44:34,622 [DEBUG] SSH->TUN: 1280 байт
2026-04-08 14:44:34,622 [DEBUG] TUN->SSH: 52 байт
2026-04-08 14:44:34,622 [DEBUG] SSH->TUN: 1280 байт
2026-04-08 14:44:34,622 [DEBUG] TUN->SSH: 52 байт
2026-04-08 14:44:34,623 [DEBUG] SSH->TUN: 1280 байт
2026-04-08 14:44:34,623 [DEBUG] TUN->SSH: 52 байт
2026-04-08 14:44:34,623 [DEBUG] SSH->TUN: 1280 байт
2026-04-08 14:44:34,623 [DEBUG] TUN->SSH: 52 байт
2026-04-08 14:44:34,623 [DEBUG] SSH->TUN: 1280 байт
2026-04-08 14:44:34,624 [DEBUG] TUN->SSH: 52 байт
2026-04-08 14:44:34,624 [DEBUG] SSH->TUN: 1280 байт
2026-04-08 14:44:34,624 [DEBUG] TUN->SSH: 52 байт
2026-04-08 14:44:34,624 [DEBUG] SSH->TUN: 1280 байт
2026-04-08 14:44:34,624 [DEBUG] TUN->SSH: 52 байт
2026-04-08 14:44:34,624 [DEBUG] SSH->TUN: 1280 байт
2026-04-08 14:44:34,625 [DEBUG] TUN->SSH: 52 байт
2026-04-08 14:44:34,625 [DEBUG] SSH->TUN: 1179 байт
2026-04-08 14:44:34,625 [DEBUG] TUN->SSH: 52 байт
2026-04-08 14:44:34,625 [DEBUG] SSH->TUN: 52 байт
2026-04-08 14:44:34,627 [DEBUG] TUN->SSH: 52 байт
2026-04-08 14:44:34,627 [DEBUG] SSH->TUN: 120 байт
2026-04-08 14:44:34,627 [DEBUG] SSH->TUN: 144 байт
2026-04-08 14:44:34,627 [DEBUG] TUN->SSH: 52 байт
2026-04-08 14:44:34,628 [DEBUG] TUN->SSH: 52 байт
2026-04-08 14:44:34,628 [DEBUG] TUN->SSH: 60 байт
2026-04-08 14:44:34,694 [DEBUG] TUN->SSH: 52 байт
2026-04-08 14:44:34,694 [DEBUG] SSH->TUN: 52 байт
2026-04-08 14:44:34,695 [DEBUG] SSH->TUN: 60 байт
2026-04-08 14:44:34,695 [DEBUG] TUN->SSH: 52 байт
2026-04-08 14:44:34,695 [DEBUG] TUN->SSH: 1280 байт
2026-04-08 14:44:34,696 [DEBUG] TUN->SSH: 821 байт
2026-04-08 14:44:34,727 [DEBUG] TUN->SSH: 52 байт
2026-04-08 14:44:34,744 [DEBUG] SSH->TUN: 52 байт
2026-04-08 14:44:34,745 [DEBUG] SSH->TUN: 52 байт
2026-04-08 14:44:34,745 [DEBUG] SSH->TUN: 1280 байт
2026-04-08 14:44:34,746 [DEBUG] TUN->SSH: 52 байт
2026-04-08 14:44:34,746 [DEBUG] SSH->TUN: 199 байт
2026-04-08 14:44:34,746 [DEBUG] TUN->SSH: 52 байт
2026-04-08 14:44:34,746 [DEBUG] TUN->SSH: 116 байт
2026-04-08 14:44:34,747 [DEBUG] TUN->SSH: 144 байт
2026-04-08 14:44:34,747 [DEBUG] TUN->SSH: 693 байт
2026-04-08 14:44:34,747 [DEBUG] TUN->SSH: 1280 байт
2026-04-08 14:44:34,748 [DEBUG] TUN->SSH: 1069 байт
2026-04-08 14:44:34,800 [DEBUG] SSH->TUN: 564 байт
2026-04-08 14:44:34,800 [DEBUG] TUN->SSH: 83 байт
2026-04-08 14:44:34,801 [DEBUG] SSH->TUN: 83 байт
2026-04-08 14:44:34,801 [DEBUG] SSH->TUN: 52 байт
2026-04-08 14:44:34,813 [DEBUG] SSH->TUN: 242 байт
2026-04-08 14:44:34,814 [DEBUG] TUN->SSH: 52 байт
2026-04-08 14:44:34,814 [DEBUG] SSH->TUN: 94 байт
2026-04-08 14:44:34,814 [DEBUG] SSH->TUN: 83 байт
2026-04-08 14:44:34,815 [DEBUG] TUN->SSH: 52 байт
2026-04-08 14:44:35,079 [DEBUG] TUN->SSH OSError: Channel not open for sending
2026-04-08 14:44:35,079 [INFO] Форвардинг завершён
2026-04-08 14:44:35,079 [WARNING] Туннель оборвался, будет реконнект
2026-04-08 14:44:35,079 [INFO] Соединение было успешным, сбрасываю задержку реконнекта
2026-04-08 14:44:35,080 [INFO] Реконнект через 3 сек (попытка 1)...
2026-04-08 14:44:36,499 [INFO] Останавливаю туннель...
2026-04-08 14:44:36,502 [DEBUG] Восстановлен: default via 192.168.5.1 dev wlp0s20f3
2026-04-08 14:44:36,502 [INFO] Маршруты восстановлены
2026-04-08 14:44:36,516 [INFO] Интерфейс strans-tun0 удалён
2026-04-08 14:44:36,516 [INFO] Остановлено
