2026-04-07 02:04:27,581 [INFO] === Запуск клиента ===
2026-04-07 02:04:27,581 [INFO] Лог файл: logs/client_20260407_020427.log
2026-04-07 02:04:27,583 [INFO] Подключаюсь к 217.154.79.223:2222 как 'alice'
2026-04-07 02:04:27,899 [INFO] SSH соединение установлено
2026-04-07 02:04:28,000 [INFO] PUSH_REPLY: client_ip=198.19.0.2 server_ip=198.19.0.1 mtu=1280
2026-04-07 02:04:28,012 [INFO] Интерфейс strans-tun0:
128: strans-tun0: <POINTOPOINT,MULTICAST,NOARP,UP,LOWER_UP> mtu 1280 qdisc fq_codel state UP group default qlen 500
    link/none 
    inet 198.19.0.2 peer 198.19.0.1/32 scope global strans-tun0
       valid_lft forever preferred_lft forever
2026-04-07 02:04:28,117 [INFO] SSH tunnel канал открыт
2026-04-07 02:04:28,122 [INFO] Весь трафик через strans-tun0
2026-04-07 02:04:28,122 [INFO] Туннель активен.
2026-04-07 02:04:28,123 [INFO] Форвардинг запущен
2026-04-07 02:04:28,186 [DEBUG] TUN->SSH: 40 байт
2026-04-07 02:04:28,186 [DEBUG] TUN->SSH: 40 байт
2026-04-07 02:04:28,189 [DEBUG] TUN->SSH: 40 байт
2026-04-07 02:04:28,190 [DEBUG] TUN->SSH: 40 байт
2026-04-07 02:04:28,331 [DEBUG] TUN->SSH: 80 байт
2026-04-07 02:04:28,381 [DEBUG] SSH->TUN: 52 байт
2026-04-07 02:04:28,704 [DEBUG] TUN->SSH: 60 байт
2026-04-07 02:04:28,705 [DEBUG] TUN->SSH: 60 байт
2026-04-07 02:04:28,705 [DEBUG] TUN->SSH: 40 байт
2026-04-07 02:04:28,705 [DEBUG] TUN->SSH: 40 байт
2026-04-07 02:04:28,710 [DEBUG] TUN->SSH: 60 байт
2026-04-07 02:04:28,715 [DEBUG] TUN->SSH: 60 байт
2026-04-07 02:04:28,715 [DEBUG] TUN->SSH: 60 байт
2026-04-07 02:04:28,777 [DEBUG] SSH->TUN: 60 байт
2026-04-07 02:04:28,777 [DEBUG] TUN->SSH: 52 байт
2026-04-07 02:04:28,778 [DEBUG] TUN->SSH: 1280 байт
2026-04-07 02:04:28,778 [DEBUG] TUN->SSH: 612 байт
2026-04-07 02:04:28,779 [DEBUG] TUN->SSH: 60 байт
2026-04-07 02:04:28,779 [DEBUG] TUN->SSH: 60 байт
2026-04-07 02:04:28,780 [DEBUG] TUN->SSH: 60 байт
2026-04-07 02:04:28,780 [DEBUG] TUN->SSH: 60 байт
2026-04-07 02:04:28,780 [DEBUG] TUN->SSH: 60 байт
2026-04-07 02:04:28,843 [DEBUG] TUN->SSH: 80 байт
2026-04-07 02:04:28,843 [DEBUG] TUN->SSH: 88 байт
2026-04-07 02:04:28,844 [DEBUG] TUN->SSH: 60 байт
2026-04-07 02:04:28,844 [DEBUG] TUN->SSH: 60 байт
2026-04-07 02:04:28,846 [DEBUG] SSH->TUN: 52 байт
2026-04-07 02:04:28,847 [DEBUG] SSH->TUN: 52 байт
2026-04-07 02:04:28,848 [DEBUG] SSH->TUN: 1728 байт
2026-04-07 02:04:28,849 [DEBUG] TUN->SSH: 52 байт
2026-04-07 02:04:28,895 [DEBUG] SSH->TUN: 2189 байт
2026-04-07 02:04:28,895 [DEBUG] TUN->SSH: 64 байт
2026-04-07 02:04:28,907 [DEBUG] TUN->SSH: 60 байт
2026-04-07 02:04:28,907 [DEBUG] TUN->SSH: 60 байт
2026-04-07 02:04:28,911 [DEBUG] SSH->TUN: 40 байт
2026-04-07 02:04:28,943 [DEBUG] SSH->TUN: 52 байт
2026-04-07 02:04:28,986 [DEBUG] SSH->TUN: 1152 байт
2026-04-07 02:04:28,987 [DEBUG] TUN->SSH: 64 байт
2026-04-07 02:04:29,057 [DEBUG] SSH->TUN: 129 байт
2026-04-07 02:04:29,058 [DEBUG] TUN->SSH: 40 байт
2026-04-07 02:04:29,099 [DEBUG] TUN->SSH: 80 байт
2026-04-07 02:04:29,103 [DEBUG] TUN->SSH: 52 байт
2026-04-07 02:04:29,103 [DEBUG] SSH->TUN: 52 байт
2026-04-07 02:04:29,103 [DEBUG] TUN->SSH: 88 байт
2026-04-07 02:04:29,103 [DEBUG] TUN->SSH: 153 байт
2026-04-07 02:04:29,107 [DEBUG] TUN->SSH: 60 байт
2026-04-07 02:04:29,148 [DEBUG] SSH->TUN: 64 байт
2026-04-07 02:04:29,159 [DEBUG] SSH->TUN: 60 байт
2026-04-07 02:04:29,159 [DEBUG] TUN->SSH: 52 байт
2026-04-07 02:04:29,159 [DEBUG] TUN->SSH: 150 байт
2026-04-07 02:04:29,171 [DEBUG] SSH->TUN: 40 байт
2026-04-07 02:04:29,173 [DEBUG] SSH->TUN: 40 байт
2026-04-07 02:04:29,210 [DEBUG] SSH->TUN: 427 байт
2026-04-07 02:04:29,238 [DEBUG] TUN->SSH: 40 байт
2026-04-07 02:04:29,280 [DEBUG] TUN->SSH: 40 байт
2026-04-07 02:04:29,321 [DEBUG] SSH->TUN: 163 байт
2026-04-07 02:04:29,321 [DEBUG] TUN->SSH: 64 байт
2026-04-07 02:04:29,354 [DEBUG] SSH->TUN: 576 байт
2026-04-07 02:04:29,354 [DEBUG] TUN->SSH: 52 байт
2026-04-07 02:04:29,421 [DEBUG] SSH->TUN: 576 байт
2026-04-07 02:04:29,421 [DEBUG] TUN->SSH: 52 байт
2026-04-07 02:04:29,421 [DEBUG] SSH->TUN: 576 байт
2026-04-07 02:04:29,422 [DEBUG] TUN->SSH: 52 байт
2026-04-07 02:04:29,423 [DEBUG] SSH->TUN: 289 байт
2026-04-07 02:04:29,423 [DEBUG] TUN->SSH: 52 байт
2026-04-07 02:04:29,424 [DEBUG] TUN->SSH: 267 байт
2026-04-07 02:04:29,467 [DEBUG] TUN->SSH: 52 байт
2026-04-07 02:04:29,518 [DEBUG] TUN->SSH: 52 байт
2026-04-07 02:04:29,530 [DEBUG] SSH->TUN: 157 байт
2026-04-07 02:04:29,531 [DEBUG] TUN->SSH: 306 байт
2026-04-07 02:04:29,578 [DEBUG] SSH->TUN: 212 байт
2026-04-07 02:04:29,578 [DEBUG] TUN->SSH: 52 байт
2026-04-07 02:04:29,579 [DEBUG] TUN->SSH: 52 байт
2026-04-07 02:04:29,579 [DEBUG] TUN->SSH: 60 байт
2026-04-07 02:04:29,600 [DEBUG] SSH->TUN: 170 байт
2026-04-07 02:04:29,601 [DEBUG] TUN->SSH: 224 байт
2026-04-07 02:04:29,609 [DEBUG] TUN->SSH: 60 байт
2026-04-07 02:04:29,628 [DEBUG] SSH->TUN: 52 байт
2026-04-07 02:04:29,629 [DEBUG] TUN->SSH: 52 байт
2026-04-07 02:04:29,629 [DEBUG] SSH->TUN: 60 байт
2026-04-07 02:04:29,629 [DEBUG] TUN->SSH: 52 байт
2026-04-07 02:04:29,630 [DEBUG] TUN->SSH: 569 байт
2026-04-07 02:04:29,657 [DEBUG] SSH->TUN: 60 байт
2026-04-07 02:04:29,658 [DEBUG] TUN->SSH: 52 байт
2026-04-07 02:04:29,658 [DEBUG] TUN->SSH: 569 байт
2026-04-07 02:04:29,671 [DEBUG] SSH->TUN: 241 байт
2026-04-07 02:04:29,679 [DEBUG] SSH->TUN: 52 байт
2026-04-07 02:04:29,701 [DEBUG] TUN->SSH: 60 байт
2026-04-07 02:04:29,701 [DEBUG] TUN->SSH: 60 байт
2026-04-07 02:04:29,702 [DEBUG] TUN->SSH: 60 байт
2026-04-07 02:04:29,702 [DEBUG] TUN->SSH: 60 байт
2026-04-07 02:04:29,702 [DEBUG] TUN->SSH: 60 байт
2026-04-07 02:04:29,703 [DEBUG] TUN->SSH: 60 байт
2026-04-07 02:04:29,707 [DEBUG] SSH->TUN: 52 байт
2026-04-07 02:04:29,709 [DEBUG] SSH->TUN: 3217 байт
2026-04-07 02:04:29,709 [DEBUG] TUN->SSH: 52 байт
2026-04-07 02:04:29,710 [DEBUG] SSH->TUN: 1633 байт
2026-04-07 02:04:29,710 [DEBUG] TUN->SSH: 64 байт
2026-04-07 02:04:29,713 [DEBUG] TUN->SSH: 52 байт
2026-04-07 02:04:29,718 [DEBUG] SSH->TUN: 705 байт
2026-04-07 02:04:29,718 [DEBUG] TUN->SSH: 52 байт
2026-04-07 02:04:29,737 [DEBUG] SSH->TUN: 1280 байт
2026-04-07 02:04:29,737 [DEBUG] TUN->SSH: 52 байт
2026-04-07 02:04:29,738 [DEBUG] SSH->TUN: 1280 байт
2026-04-07 02:04:29,738 [DEBUG] TUN->SSH: 52 байт
2026-04-07 02:04:29,738 [DEBUG] SSH->TUN: 1280 байт
2026-04-07 02:04:29,739 [DEBUG] TUN->SSH: 52 байт
2026-04-07 02:04:29,739 [DEBUG] TUN->SSH: 60 байт
2026-04-07 02:04:29,740 [DEBUG] TUN->SSH: 60 байт
2026-04-07 02:04:29,758 [DEBUG] SSH->TUN: 1020 байт
2026-04-07 02:04:29,759 [DEBUG] TUN->SSH: 52 байт
2026-04-07 02:04:29,760 [DEBUG] SSH->TUN: 445 байт
2026-04-07 02:04:29,761 [DEBUG] TUN->SSH: 64 байт
2026-04-07 02:04:29,762 [DEBUG] SSH->TUN: 60 байт
2026-04-07 02:04:29,762 [DEBUG] TUN->SSH: 52 байт
2026-04-07 02:04:29,764 [DEBUG] TUN->SSH: 569 байт
2026-04-07 02:04:29,765 [DEBUG] SSH->TUN: 60 байт
2026-04-07 02:04:29,766 [DEBUG] TUN->SSH: 52 байт
2026-04-07 02:04:29,766 [DEBUG] TUN->SSH: 301 байт
2026-04-07 02:04:29,769 [DEBUG] SSH->TUN: 60 байт
2026-04-07 02:04:29,769 [DEBUG] TUN->SSH: 52 байт
2026-04-07 02:04:29,770 [DEBUG] TUN->SSH: 157 байт
2026-04-07 02:04:29,770 [DEBUG] SSH->TUN: 60 байт
2026-04-07 02:04:29,770 [DEBUG] TUN->SSH: 52 байт
2026-04-07 02:04:29,770 [DEBUG] TUN->SSH: 438 байт
2026-04-07 02:04:29,775 [DEBUG] SSH->TUN: 60 байт
2026-04-07 02:04:29,775 [DEBUG] TUN->SSH: 52 байт
2026-04-07 02:04:29,775 [DEBUG] TUN->SSH: 434 байт
2026-04-07 02:04:29,803 [DEBUG] TUN->SSH: 60 байт
2026-04-07 02:04:29,803 [DEBUG] TUN->SSH: 60 байт
2026-04-07 02:04:29,804 [DEBUG] TUN->SSH: 60 байт
2026-04-07 02:04:29,804 [DEBUG] TUN->SSH: 60 байт
2026-04-07 02:04:29,810 [DEBUG] SSH->TUN: 1280 байт
2026-04-07 02:04:29,810 [DEBUG] TUN->SSH: 64 байт
2026-04-07 02:04:29,810 [DEBUG] SSH->TUN: 272 байт
2026-04-07 02:04:29,811 [DEBUG] TUN->SSH: 52 байт
2026-04-07 02:04:29,824 [DEBUG] SSH->TUN: 52 байт
2026-04-07 02:04:29,830 [DEBUG] SSH->TUN: 1280 байт
2026-04-07 02:04:29,830 [DEBUG] TUN->SSH: 52 байт
2026-04-07 02:04:29,831 [DEBUG] SSH->TUN: 1841 байт
2026-04-07 02:04:29,831 [DEBUG] TUN->SSH: 52 байт
2026-04-07 02:04:29,831 [DEBUG] SSH->TUN: 233 байт
2026-04-07 02:04:29,832 [DEBUG] TUN->SSH: 52 байт
2026-04-07 02:04:29,832 [DEBUG] TUN->SSH: 52 байт
2026-04-07 02:04:29,832 [DEBUG] TUN->SSH: 397 байт
2026-04-07 02:04:29,841 [DEBUG] SSH->TUN: 137 байт
2026-04-07 02:04:29,841 [DEBUG] TUN->SSH: 52 байт
2026-04-07 02:04:29,842 [DEBUG] TUN->SSH: 52 байт
2026-04-07 02:04:29,842 [DEBUG] SSH->TUN: 327 байт
2026-04-07 02:04:29,842 [DEBUG] TUN->SSH: 205 байт
2026-04-07 02:04:29,843 [DEBUG] TUN->SSH: 40 байт
2026-04-07 02:04:29,849 [DEBUG] SSH->TUN: 327 байт
2026-04-07 02:04:29,850 [DEBUG] TUN->SSH: 40 байт
2026-04-07 02:04:29,860 [DEBUG] SSH->TUN: 399 байт
2026-04-07 02:04:29,860 [DEBUG] TUN->SSH: 52 байт
2026-04-07 02:04:29,860 [DEBUG] TUN->SSH: 178 байт
2026-04-07 02:04:29,861 [DEBUG] TUN->SSH: 151 байт
2026-04-07 02:04:29,861 [DEBUG] TUN->SSH: 787 байт
2026-04-07 02:04:29,885 [DEBUG] SSH->TUN: 60 байт
2026-04-07 02:04:29,885 [DEBUG] TUN->SSH: 40 байт
2026-04-07 02:04:29,898 [DEBUG] SSH->TUN: 221 байт
2026-04-07 02:04:29,904 [DEBUG] SSH->TUN: 845 байт
2026-04-07 02:04:29,904 [DEBUG] TUN->SSH: 40 байт
2026-04-07 02:04:29,908 [DEBUG] SSH->TUN: 265 байт
2026-04-07 02:04:29,909 [DEBUG] TUN->SSH: 40 байт
2026-04-07 02:04:29,910 [DEBUG] SSH->TUN: 52 байт
2026-04-07 02:04:29,911 [DEBUG] SSH->TUN: 157 байт
2026-04-07 02:04:29,911 [DEBUG] TUN->SSH: 141 байт
2026-04-07 02:04:29,913 [DEBUG] SSH->TUN: 52 байт
2026-04-07 02:04:29,913 [DEBUG] TUN->SSH: 40 байт
2026-04-07 02:04:29,939 [DEBUG] TUN->SSH: 52 байт
2026-04-07 02:04:29,940 [DEBUG] SSH->TUN: 308 байт
2026-04-07 02:04:29,942 [DEBUG] SSH->TUN: 126 байт
2026-04-07 02:04:29,943 [DEBUG] TUN->SSH: 64 байт
2026-04-07 02:04:29,943 [DEBUG] SSH->TUN: 184 байт
2026-04-07 02:04:29,943 [DEBUG] TUN->SSH: 64 байт
2026-04-07 02:04:29,966 [DEBUG] TUN->SSH: 72 байт
2026-04-07 02:04:29,966 [DEBUG] SSH->TUN: 1280 байт
2026-04-07 02:04:29,966 [DEBUG] SSH->TUN: 1136 байт
2026-04-07 02:04:29,968 [DEBUG] SSH->TUN: 3627 байт
2026-04-07 02:04:29,968 [DEBUG] TUN->SSH: 72 байт
2026-04-07 02:04:29,969 [DEBUG] SSH->TUN: 2152 байт
2026-04-07 02:04:29,969 [DEBUG] TUN->SSH: 80 байт
2026-04-07 02:04:29,970 [DEBUG] SSH->TUN: 2152 байт
2026-04-07 02:04:29,971 [DEBUG] TUN->SSH: 80 байт
2026-04-07 02:04:29,971 [DEBUG] SSH->TUN: 3228 байт
2026-04-07 02:04:29,973 [DEBUG] TUN->SSH: 80 байт
2026-04-07 02:04:29,973 [DEBUG] SSH->TUN: 3228 байт
2026-04-07 02:04:29,974 [DEBUG] TUN->SSH: 80 байт
2026-04-07 02:04:29,980 [DEBUG] SSH->TUN: 221 байт
2026-04-07 02:04:29,992 [DEBUG] SSH->TUN: 1076 байт
2026-04-07 02:04:29,993 [DEBUG] SSH->TUN: 103 байт
2026-04-07 02:04:29,993 [DEBUG] TUN->SSH: 80 байт
2026-04-07 02:04:29,993 [DEBUG] TUN->SSH: 118 байт
2026-04-07 02:04:29,997 [DEBUG] SSH->TUN: 576 байт
2026-04-07 02:04:29,997 [DEBUG] TUN->SSH: 52 байт
2026-04-07 02:04:29,998 [DEBUG] TUN->SSH: 52 байт
2026-04-07 02:04:29,998 [DEBUG] TUN->SSH: 52 байт
2026-04-07 02:04:30,010 [DEBUG] TUN->SSH: 52 байт
2026-04-07 02:04:30,011 [DEBUG] TUN->SSH: 60 байт
2026-04-07 02:04:30,016 [DEBUG] SSH->TUN: 90 байт
2026-04-07 02:04:30,016 [DEBUG] TUN->SSH: 80 байт
2026-04-07 02:04:30,017 [DEBUG] SSH->TUN: 1076 байт
2026-04-07 02:04:30,018 [DEBUG] TUN->SSH: 80 байт
2026-04-07 02:04:30,019 [DEBUG] SSH->TUN: 1076 байт
2026-04-07 02:04:30,020 [DEBUG] TUN->SSH: 80 байт
2026-04-07 02:04:30,020 [DEBUG] SSH->TUN: 1076 байт
2026-04-07 02:04:30,020 [DEBUG] TUN->SSH: 80 байт
2026-04-07 02:04:30,022 [DEBUG] SSH->TUN: 872 байт
2026-04-07 02:04:30,022 [DEBUG] TUN->SSH: 80 байт
2026-04-07 02:04:30,023 [DEBUG] SSH->TUN: 872 байт
2026-04-07 02:04:30,023 [DEBUG] TUN->SSH: 72 байт
2026-04-07 02:04:30,049 [DEBUG] SSH->TUN: 3228 байт
2026-04-07 02:04:30,049 [DEBUG] TUN->SSH: 72 байт
2026-04-07 02:04:30,055 [DEBUG] SSH->TUN: 872 байт
2026-04-07 02:04:30,055 [DEBUG] TUN->SSH: 72 байт
2026-04-07 02:04:30,059 [DEBUG] SSH->TUN: 60 байт
2026-04-07 02:04:30,060 [DEBUG] TUN->SSH: 52 байт
2026-04-07 02:04:30,060 [DEBUG] TUN->SSH: 124 байт
2026-04-07 02:04:30,065 [DEBUG] SSH->TUN: 1280 байт
2026-04-07 02:04:30,066 [DEBUG] TUN->SSH: 72 байт
2026-04-07 02:04:30,066 [DEBUG] SSH->TUN: 1332 байт
2026-04-07 02:04:30,067 [DEBUG] SSH->TUN: 112 байт
2026-04-07 02:04:30,067 [DEBUG] TUN->SSH: 40 байт
2026-04-07 02:04:30,067 [DEBUG] TUN->SSH: 72 байт
2026-04-07 02:04:30,067 [DEBUG] SSH->TUN: 1280 байт
2026-04-07 02:04:30,069 [DEBUG] SSH->TUN: 2560 байт
2026-04-07 02:04:30,069 [DEBUG] TUN->SSH: 72 байт
2026-04-07 02:04:30,070 [DEBUG] SSH->TUN: 2560 байт
2026-04-07 02:04:30,070 [DEBUG] SSH->TUN: 1280 байт
2026-04-07 02:04:30,071 [DEBUG] TUN->SSH: 80 байт
2026-04-07 02:04:30,071 [DEBUG] SSH->TUN: 1280 байт
2026-04-07 02:04:30,072 [DEBUG] SSH->TUN: 1280 байт
2026-04-07 02:04:30,072 [DEBUG] TUN->SSH: 80 байт
2026-04-07 02:04:30,103 [DEBUG] SSH->TUN: 1280 байт
2026-04-07 02:04:30,104 [DEBUG] TUN->SSH: 80 байт
2026-04-07 02:04:30,109 [DEBUG] SSH->TUN: 1261 байт
2026-04-07 02:04:30,109 [DEBUG] TUN->SSH: 80 байт
2026-04-07 02:04:30,113 [DEBUG] SSH->TUN: 145 байт
2026-04-07 02:04:30,113 [DEBUG] TUN->SSH: 64 байт
2026-04-07 02:04:30,115 [DEBUG] SSH->TUN: 1280 байт
2026-04-07 02:04:30,115 [DEBUG] TUN->SSH: 72 байт
2026-04-07 02:04:30,117 [DEBUG] SSH->TUN: 1280 байт
2026-04-07 02:04:30,117 [DEBUG] TUN->SSH: 72 байт
2026-04-07 02:04:30,118 [DEBUG] SSH->TUN: 2560 байт
2026-04-07 02:04:30,119 [DEBUG] TUN->SSH: 72 байт
2026-04-07 02:04:30,120 [DEBUG] SSH->TUN: 1280 байт
2026-04-07 02:04:30,120 [DEBUG] TUN->SSH: 64 байт
2026-04-07 02:04:30,122 [DEBUG] SSH->TUN: 3840 байт
2026-04-07 02:04:30,122 [DEBUG] TUN->SSH: 52 байт
2026-04-07 02:04:30,151 [DEBUG] SSH->TUN: 561 байт
2026-04-07 02:04:30,151 [DEBUG] TUN->SSH: 52 байт
2026-04-07 02:04:30,155 [DEBUG] TUN->SSH: 132 байт
2026-04-07 02:04:30,157 [DEBUG] SSH->TUN: 1280 байт
2026-04-07 02:04:30,158 [DEBUG] TUN->SSH: 64 байт
2026-04-07 02:04:30,160 [DEBUG] SSH->TUN: 205 байт
2026-04-07 02:04:30,161 [DEBUG] TUN->SSH: 64 байт
2026-04-07 02:04:30,161 [DEBUG] SSH->TUN: 1280 байт
2026-04-07 02:04:30,162 [DEBUG] TUN->SSH: 64 байт
2026-04-07 02:04:30,163 [DEBUG] SSH->TUN: 1280 байт
2026-04-07 02:04:30,163 [DEBUG] TUN->SSH: 64 байт
2026-04-07 02:04:30,169 [DEBUG] SSH->TUN: 2560 байт
2026-04-07 02:04:30,170 [DEBUG] SSH->TUN: 1280 байт
2026-04-07 02:04:30,170 [DEBUG] TUN->SSH: 64 байт
2026-04-07 02:04:30,171 [DEBUG] SSH->TUN: 1280 байт
2026-04-07 02:04:30,171 [DEBUG] TUN->SSH: 72 байт
2026-04-07 02:04:30,179 [DEBUG] SSH->TUN: 133 байт
2026-04-07 02:04:30,179 [DEBUG] TUN->SSH: 52 байт
2026-04-07 02:04:30,179 [DEBUG] TUN->SSH: 52 байт
2026-04-07 02:04:30,180 [DEBUG] TUN->SSH: 60 байт
2026-04-07 02:04:30,215 [DEBUG] SSH->TUN: 3260 байт
2026-04-07 02:04:30,215 [DEBUG] TUN->SSH: 72 байт
2026-04-07 02:04:30,219 [DEBUG] SSH->TUN: 2560 байт
2026-04-07 02:04:30,219 [DEBUG] TUN->SSH: 72 байт
2026-04-07 02:04:30,220 [DEBUG] TUN->SSH: 72 байт
2026-04-07 02:04:30,220 [DEBUG] SSH->TUN: 1280 байт
2026-04-07 02:04:30,221 [DEBUG] SSH->TUN: 1280 байт
2026-04-07 02:04:30,221 [DEBUG] SSH->TUN: 2560 байт
2026-04-07 02:04:30,222 [DEBUG] TUN->SSH: 72 байт
2026-04-07 02:04:30,225 [DEBUG] SSH->TUN: 793 байт
2026-04-07 02:04:30,225 [DEBUG] TUN->SSH: 52 байт
2026-04-07 02:04:30,227 [DEBUG] TUN->SSH: 52 байт
2026-04-07 02:04:30,228 [DEBUG] SSH->TUN: 52 байт
2026-04-07 02:04:30,228 [DEBUG] TUN->SSH: 40 байт
2026-04-07 02:04:30,237 [DEBUG] TUN->SSH: 52 байт
2026-04-07 02:04:30,237 [DEBUG] SSH->TUN: 52 байт
2026-04-07 02:04:30,263 [DEBUG] SSH->TUN: 60 байт
2026-04-07 02:04:30,263 [DEBUG] TUN->SSH: 52 байт
2026-04-07 02:04:30,264 [DEBUG] TUN->SSH: 1280 байт
2026-04-07 02:04:30,264 [DEBUG] TUN->SSH: 555 байт
2026-04-07 02:04:30,264 [DEBUG] SSH->TUN: 2560 байт
2026-04-07 02:04:30,266 [DEBUG] TUN->SSH: 80 байт
2026-04-07 02:04:30,268 [DEBUG] TUN->SSH: 52 байт
2026-04-07 02:04:30,270 [DEBUG] SSH->TUN: 2560 байт
2026-04-07 02:04:30,270 [DEBUG] TUN->SSH: 72 байт
2026-04-07 02:04:30,271 [DEBUG] SSH->TUN: 2560 байт
2026-04-07 02:04:30,271 [DEBUG] TUN->SSH: 80 байт
2026-04-07 02:04:30,323 [DEBUG] SSH->TUN: 5120 байт
2026-04-07 02:04:30,323 [DEBUG] TUN->SSH: 72 байт
2026-04-07 02:04:30,340 [DEBUG] SSH->TUN: 64 байт
2026-04-07 02:04:30,345 [DEBUG] SSH->TUN: 104 байт
2026-04-07 02:04:30,346 [DEBUG] SSH->TUN: 2560 байт
2026-04-07 02:04:30,346 [DEBUG] TUN->SSH: 52 байт
2026-04-07 02:04:30,348 [DEBUG] SSH->TUN: 2560 байт
2026-04-07 02:04:30,348 [DEBUG] TUN->SSH: 64 байт
2026-04-07 02:04:30,348 [DEBUG] SSH->TUN: 2952 байт
2026-04-07 02:04:30,349 [DEBUG] TUN->SSH: 72 байт
2026-04-07 02:04:30,374 [DEBUG] SSH->TUN: 1332 байт
2026-04-07 02:04:30,375 [DEBUG] TUN->SSH: 72 байт
2026-04-07 02:04:30,420 [DEBUG] TUN->SSH: 353 байт
2026-04-07 02:04:30,422 [DEBUG] TUN->SSH: 40 байт
2026-04-07 02:04:30,431 [DEBUG] SSH->TUN: 1280 байт
2026-04-07 02:04:30,431 [DEBUG] TUN->SSH: 64 байт
2026-04-07 02:04:30,439 [DEBUG] SSH->TUN: 399 байт
2026-04-07 02:04:30,440 [DEBUG] TUN->SSH: 52 байт
2026-04-07 02:04:30,440 [DEBUG] TUN->SSH: 178 байт
2026-04-07 02:04:30,444 [DEBUG] SSH->TUN: 1280 байт
2026-04-07 02:04:30,444 [DEBUG] TUN->SSH: 64 байт
2026-04-07 02:04:30,444 [DEBUG] SSH->TUN: 1280 байт
2026-04-07 02:04:30,445 [DEBUG] TUN->SSH: 52 байт
2026-04-07 02:04:30,452 [DEBUG] TUN->SSH: 52 байт
2026-04-07 02:04:30,479 [DEBUG] SSH->TUN: 83 байт
2026-04-07 02:04:30,480 [DEBUG] TUN->SSH: 64 байт
2026-04-07 02:04:30,480 [DEBUG] SSH->TUN: 872 байт
2026-04-07 02:04:30,481 [DEBUG] TUN->SSH: 64 байт
2026-04-07 02:04:30,481 [DEBUG] SSH->TUN: 174 байт
2026-04-07 02:04:30,482 [DEBUG] TUN->SSH: 72 байт
2026-04-07 02:04:30,482 [DEBUG] SSH->TUN: 1280 байт
2026-04-07 02:04:30,483 [DEBUG] TUN->SSH: 52 байт
2026-04-07 02:04:30,483 [DEBUG] SSH->TUN: 1280 байт
2026-04-07 02:04:30,501 [DEBUG] TUN->SSH: 60 байт
2026-04-07 02:04:30,518 [DEBUG] SSH->TUN: 1280 байт
2026-04-07 02:04:30,519 [DEBUG] TUN->SSH: 52 байт
2026-04-07 02:04:30,519 [DEBUG] SSH->TUN: 392 байт
2026-04-07 02:04:30,519 [DEBUG] TUN->SSH: 52 байт
2026-04-07 02:04:30,520 [DEBUG] TUN->SSH: 116 байт
2026-04-07 02:04:30,520 [DEBUG] TUN->SSH: 262 байт
2026-04-07 02:04:30,523 [DEBUG] SSH->TUN: 308 байт
2026-04-07 02:04:30,524 [DEBUG] TUN->SSH: 52 байт
2026-04-07 02:04:30,528 [DEBUG] TUN->SSH: 40 байт
2026-04-07 02:04:30,532 [DEBUG] SSH->TUN: 1280 байт
2026-04-07 02:04:30,532 [DEBUG] TUN->SSH: 52 байт
2026-04-07 02:04:30,533 [DEBUG] SSH->TUN: 1280 байт
2026-04-07 02:04:30,533 [DEBUG] TUN->SSH: 52 байт
2026-04-07 02:04:30,538 [DEBUG] SSH->TUN: 700 байт
2026-04-07 02:04:30,538 [DEBUG] TUN->SSH: 64 байт
2026-04-07 02:04:30,539 [DEBUG] TUN->SSH: 95 байт
2026-04-07 02:04:30,541 [DEBUG] SSH->TUN: 524 байт
2026-04-07 02:04:30,542 [DEBUG] TUN->SSH: 52 байт
2026-04-07 02:04:30,542 [DEBUG] TUN->SSH: 52 байт
2026-04-07 02:04:30,544 [DEBUG] TUN->SSH: 60 байт
2026-04-07 02:04:30,550 [DEBUG] SSH->TUN: 60 байт
2026-04-07 02:04:30,550 [DEBUG] TUN->SSH: 40 байт
2026-04-07 02:04:30,564 [DEBUG] TUN->SSH: 52 байт
2026-04-07 02:04:30,573 [DEBUG] SSH->TUN: 1280 байт
2026-04-07 02:04:30,574 [DEBUG] TUN->SSH: 52 байт
2026-04-07 02:04:30,577 [DEBUG] SSH->TUN: 1280 байт
2026-04-07 02:04:30,577 [DEBUG] TUN->SSH: 52 байт
2026-04-07 02:04:30,578 [DEBUG] SSH->TUN: 126 байт
2026-04-07 02:04:30,579 [DEBUG] TUN->SSH: 64 байт
2026-04-07 02:04:30,581 [DEBUG] SSH->TUN: 1280 байт
2026-04-07 02:04:30,581 [DEBUG] TUN->SSH: 52 байт
2026-04-07 02:04:30,582 [DEBUG] SSH->TUN: 1280 байт
2026-04-07 02:04:30,582 [DEBUG] TUN->SSH: 52 байт
2026-04-07 02:04:30,594 [DEBUG] SSH->TUN: 52 байт
2026-04-07 02:04:30,598 [DEBUG] SSH->TUN: 91 байт
2026-04-07 02:04:30,598 [DEBUG] TUN->SSH: 40 байт
2026-04-07 02:04:30,600 [DEBUG] SSH->TUN: 52 байт
2026-04-07 02:04:30,600 [DEBUG] TUN->SSH: 40 байт
2026-04-07 02:04:30,602 [DEBUG] SSH->TUN: 589 байт
2026-04-07 02:04:30,607 [DEBUG] SSH->TUN: 145 байт
2026-04-07 02:04:30,607 [DEBUG] TUN->SSH: 52 байт
2026-04-07 02:04:30,608 [DEBUG] SSH->TUN: 146 байт
2026-04-07 02:04:30,625 [DEBUG] SSH->TUN: 1280 байт
2026-04-07 02:04:30,625 [DEBUG] TUN->SSH: 52 байт
2026-04-07 02:04:30,626 [DEBUG] SSH->TUN: 1280 байт
2026-04-07 02:04:30,626 [DEBUG] TUN->SSH: 52 байт
2026-04-07 02:04:30,628 [DEBUG] SSH->TUN: 1383 байт
2026-04-07 02:04:30,628 [DEBUG] TUN->SSH: 52 байт
2026-04-07 02:04:30,631 [DEBUG] SSH->TUN: 2560 байт
2026-04-07 02:04:30,631 [DEBUG] TUN->SSH: 52 байт
2026-04-07 02:04:30,650 [DEBUG] TUN->SSH: 52 байт
2026-04-07 02:04:30,657 [DEBUG] SSH->TUN: 52 байт
2026-04-07 02:04:30,658 [DEBUG] TUN->SSH: 52 байт
2026-04-07 02:04:30,676 [DEBUG] SSH->TUN: 2560 байт
2026-04-07 02:04:30,676 [DEBUG] TUN->SSH: 64 байт
2026-04-07 02:04:30,680 [DEBUG] SSH->TUN: 1280 байт
2026-04-07 02:04:30,681 [DEBUG] TUN->SSH: 72 байт
2026-04-07 02:04:30,681 [DEBUG] SSH->TUN: 1280 байт
2026-04-07 02:04:30,681 [DEBUG] TUN->SSH: 72 байт
2026-04-07 02:04:30,705 [DEBUG] TUN->SSH: 60 байт
2026-04-07 02:04:30,706 [DEBUG] TUN->SSH: 60 байт
2026-04-07 02:04:30,727 [DEBUG] SSH->TUN: 1280 байт
2026-04-07 02:04:30,728 [DEBUG] TUN->SSH: 64 байт
2026-04-07 02:04:30,730 [DEBUG] SSH->TUN: 1280 байт
2026-04-07 02:04:30,731 [DEBUG] TUN->SSH: 52 байт
2026-04-07 02:04:30,731 [DEBUG] SSH->TUN: 1280 байт
2026-04-07 02:04:30,732 [DEBUG] TUN->SSH: 52 байт
2026-04-07 02:04:30,763 [DEBUG] TUN->SSH: 60 байт
2026-04-07 02:04:30,763 [DEBUG] TUN->SSH: 60 байт
2026-04-07 02:04:30,777 [DEBUG] SSH->TUN: 1280 байт
2026-04-07 02:04:30,777 [DEBUG] TUN->SSH: 52 байт
2026-04-07 02:04:30,780 [DEBUG] SSH->TUN: 1280 байт
2026-04-07 02:04:30,780 [DEBUG] TUN->SSH: 52 байт
2026-04-07 02:04:30,781 [DEBUG] SSH->TUN: 1280 байт
2026-04-07 02:04:30,781 [DEBUG] TUN->SSH: 52 байт
2026-04-07 02:04:30,826 [DEBUG] SSH->TUN: 1280 байт
2026-04-07 02:04:30,826 [DEBUG] TUN->SSH: 52 байт
2026-04-07 02:04:30,830 [DEBUG] SSH->TUN: 2560 байт
2026-04-07 02:04:30,830 [DEBUG] TUN->SSH: 52 байт
2026-04-07 02:04:30,832 [DEBUG] SSH->TUN: 1280 байт
2026-04-07 02:04:30,832 [DEBUG] TUN->SSH: 64 байт
2026-04-07 02:04:30,871 [DEBUG] SSH->TUN: 103 байт
2026-04-07 02:04:30,871 [DEBUG] TUN->SSH: 52 байт
2026-04-07 02:04:30,879 [DEBUG] SSH->TUN: 1280 байт
2026-04-07 02:04:30,880 [DEBUG] TUN->SSH: 64 байт
2026-04-07 02:04:30,881 [DEBUG] SSH->TUN: 1280 байт
2026-04-07 02:04:30,881 [DEBUG] TUN->SSH: 64 байт
2026-04-07 02:04:30,882 [DEBUG] SSH->TUN: 1280 байт
2026-04-07 02:04:30,884 [DEBUG] TUN->SSH: 52 байт
2026-04-07 02:04:30,889 [DEBUG] TUN->SSH: 60 байт
2026-04-07 02:04:30,891 [DEBUG] TUN->SSH: 60 байт
2026-04-07 02:04:30,892 [DEBUG] TUN->SSH: 60 байт
2026-04-07 02:04:30,893 [DEBUG] TUN->SSH: 52 байт
2026-04-07 02:04:30,894 [DEBUG] TUN->SSH: 88 байт
2026-04-07 02:04:30,913 [DEBUG] SSH->TUN: 60 байт
2026-04-07 02:04:30,913 [DEBUG] TUN->SSH: 52 байт
2026-04-07 02:04:30,914 [DEBUG] TUN->SSH: 285 байт
2026-04-07 02:04:30,914 [DEBUG] SSH->TUN: 60 байт
2026-04-07 02:04:30,915 [DEBUG] TUN->SSH: 52 байт
2026-04-07 02:04:30,915 [DEBUG] TUN->SSH: 336 байт
2026-04-07 02:04:30,932 [DEBUG] SSH->TUN: 1280 байт
2026-04-07 02:04:30,934 [DEBUG] SSH->TUN: 1280 байт
2026-04-07 02:04:30,935 [DEBUG] TUN->SSH: 52 байт
2026-04-07 02:04:30,938 [DEBUG] SSH->TUN: 60 байт
2026-04-07 02:04:30,938 [DEBUG] TUN->SSH: 52 байт
2026-04-07 02:04:30,939 [DEBUG] TUN->SSH: 110 байт
2026-04-07 02:04:30,987 [DEBUG] SSH->TUN: 2560 байт
2026-04-07 02:04:30,987 [DEBUG] SSH->TUN: 1280 байт
2026-04-07 02:04:30,988 [DEBUG] TUN->SSH: 64 байт
2026-04-07 02:04:30,989 [DEBUG] SSH->TUN: 52 байт
2026-04-07 02:04:30,990 [DEBUG] SSH->TUN: 206 байт
2026-04-07 02:04:30,991 [DEBUG] TUN->SSH: 52 байт
2026-04-07 02:04:31,040 [DEBUG] SSH->TUN: 2560 байт
2026-04-07 02:04:31,040 [DEBUG] TUN->SSH: 64 байт
2026-04-07 02:04:31,042 [DEBUG] SSH->TUN: 1280 байт
2026-04-07 02:04:31,043 [DEBUG] TUN->SSH: 52 байт
2026-04-07 02:04:31,075 [DEBUG] SSH->TUN: 52 байт
2026-04-07 02:04:31,075 [DEBUG] TUN->SSH: 285 байт
2026-04-07 02:04:31,092 [DEBUG] SSH->TUN: 1280 байт
2026-04-07 02:04:31,093 [DEBUG] TUN->SSH: 52 байт
2026-04-07 02:04:31,093 [DEBUG] SSH->TUN: 1280 байт
2026-04-07 02:04:31,123 [DEBUG] SSH->TUN: 221 байт
2026-04-07 02:04:31,123 [DEBUG] TUN->SSH: 52 байт
2026-04-07 02:04:31,124 [DEBUG] TUN->SSH: 52 байт
2026-04-07 02:04:31,125 [DEBUG] TUN->SSH: 173 байт
2026-04-07 02:04:31,127 [DEBUG] SSH->TUN: 355 байт
2026-04-07 02:04:31,128 [DEBUG] TUN->SSH: 40 байт
2026-04-07 02:04:31,143 [DEBUG] SSH->TUN: 3840 байт
2026-04-07 02:04:31,185 [DEBUG] TUN->SSH: 52 байт
2026-04-07 02:04:31,235 [DEBUG] SSH->TUN: 1280 байт
2026-04-07 02:04:31,236 [DEBUG] TUN->SSH: 64 байт
2026-04-07 02:04:31,249 [DEBUG] SSH->TUN: 52 байт
2026-04-07 02:04:31,250 [DEBUG] SSH->TUN: 154 байт
2026-04-07 02:04:31,287 [DEBUG] SSH->TUN: 1280 байт
2026-04-07 02:04:31,287 [DEBUG] TUN->SSH: 64 байт
2026-04-07 02:04:31,291 [DEBUG] TUN->SSH: 52 байт
2026-04-07 02:04:31,298 [DEBUG] SSH->TUN: 109 байт
2026-04-07 02:04:31,298 [DEBUG] TUN->SSH: 52 байт
2026-04-07 02:04:31,299 [DEBUG] TUN->SSH: 52 байт
2026-04-07 02:04:31,300 [DEBUG] TUN->SSH: 60 байт
2026-04-07 02:04:31,339 [DEBUG] SSH->TUN: 2769 байт
2026-04-07 02:04:31,340 [DEBUG] TUN->SSH: 40 байт
2026-04-07 02:04:31,349 [DEBUG] SSH->TUN: 52 байт
2026-04-07 02:04:31,350 [DEBUG] TUN->SSH: 52 байт
2026-04-07 02:04:31,350 [DEBUG] SSH->TUN: 60 байт
2026-04-07 02:04:31,351 [DEBUG] TUN->SSH: 52 байт
2026-04-07 02:04:31,352 [DEBUG] TUN->SSH: 1280 байт
2026-04-07 02:04:31,352 [DEBUG] TUN->SSH: 814 байт
2026-04-07 02:04:31,401 [DEBUG] SSH->TUN: 52 байт
2026-04-07 02:04:31,402 [DEBUG] SSH->TUN: 52 байт
2026-04-07 02:04:31,403 [DEBUG] TUN->SSH: 52 байт
2026-04-07 02:04:31,404 [DEBUG] SSH->TUN: 1280 байт
2026-04-07 02:04:31,405 [DEBUG] TUN->SSH: 52 байт
2026-04-07 02:04:31,406 [DEBUG] SSH->TUN: 2067 байт
2026-04-07 02:04:31,406 [DEBUG] TUN->SSH: 52 байт
2026-04-07 02:04:31,453 [DEBUG] TUN->SSH: 52 байт
2026-04-07 02:04:31,453 [DEBUG] SSH->TUN: 52 байт
2026-04-07 02:04:31,468 [DEBUG] SSH->TUN: 52 байт
2026-04-07 02:04:31,468 [DEBUG] TUN->SSH: 64 байт
2026-04-07 02:04:31,531 [DEBUG] TUN->SSH: 52 байт
2026-04-07 02:04:31,596 [DEBUG] TUN->SSH: 60 байт
2026-04-07 02:04:31,597 [DEBUG] TUN->SSH: 60 байт
2026-04-07 02:04:31,598 [DEBUG] SSH->TUN: 1280 байт
2026-04-07 02:04:31,601 [DEBUG] TUN->SSH: 52 байт
2026-04-07 02:04:31,631 [DEBUG] SSH->TUN: 60 байт
2026-04-07 02:04:31,632 [DEBUG] TUN->SSH: 40 байт
2026-04-07 02:04:31,645 [DEBUG] SSH->TUN: 76 байт
2026-04-07 02:04:31,646 [DEBUG] TUN->SSH: 52 байт
2026-04-07 02:04:31,646 [DEBUG] TUN->SSH: 52 байт
2026-04-07 02:04:31,651 [DEBUG] SSH->TUN: 2560 байт
2026-04-07 02:04:31,652 [DEBUG] TUN->SSH: 52 байт
2026-04-07 02:04:31,660 [DEBUG] SSH->TUN: 60 байт
2026-04-07 02:04:31,660 [DEBUG] TUN->SSH: 40 байт
2026-04-07 02:04:31,668 [DEBUG] SSH->TUN: 60 байт
2026-04-07 02:04:31,669 [DEBUG] TUN->SSH: 52 байт
2026-04-07 02:04:31,670 [DEBUG] TUN->SSH: 1280 байт
2026-04-07 02:04:31,670 [DEBUG] TUN->SSH: 580 байт
2026-04-07 02:04:31,701 [DEBUG] TUN->SSH: 52 байт
2026-04-07 02:04:31,701 [DEBUG] SSH->TUN: 1280 байт
2026-04-07 02:04:31,702 [DEBUG] TUN->SSH: 64 байт
2026-04-07 02:04:31,703 [DEBUG] TUN->SSH: 60 байт
2026-04-07 02:04:31,704 [DEBUG] TUN->SSH: 60 байт
2026-04-07 02:04:31,704 [DEBUG] TUN->SSH: 60 байт
2026-04-07 02:04:31,705 [DEBUG] TUN->SSH: 60 байт
2026-04-07 02:04:31,706 [DEBUG] TUN->SSH: 60 байт
2026-04-07 02:04:31,708 [DEBUG] SSH->TUN: 787 байт
2026-04-07 02:04:31,708 [DEBUG] TUN->SSH: 52 байт
2026-04-07 02:04:31,709 [DEBUG] TUN->SSH: 116 байт
2026-04-07 02:04:31,710 [DEBUG] TUN->SSH: 144 байт
2026-04-07 02:04:31,710 [DEBUG] TUN->SSH: 1280 байт
2026-04-07 02:04:31,711 [DEBUG] TUN->SSH: 1280 байт
2026-04-07 02:04:31,712 [DEBUG] TUN->SSH: 633 байт
2026-04-07 02:04:31,736 [DEBUG] SSH->TUN: 104 байт
2026-04-07 02:04:31,738 [DEBUG] SSH->TUN: 3537 байт
2026-04-07 02:04:31,738 [DEBUG] TUN->SSH: 52 байт
2026-04-07 02:04:31,751 [DEBUG] TUN->SSH: 52 байт
2026-04-07 02:04:31,757 [DEBUG] SSH->TUN: 1280 байт
2026-04-07 02:04:31,757 [DEBUG] TUN->SSH: 52 байт
2026-04-07 02:04:31,758 [DEBUG] SSH->TUN: 580 байт
2026-04-07 02:04:31,759 [DEBUG] TUN->SSH: 83 байт
2026-04-07 02:04:31,759 [DEBUG] SSH->TUN: 83 байт
2026-04-07 02:04:31,763 [DEBUG] SSH->TUN: 52 байт
2026-04-07 02:04:31,764 [DEBUG] SSH->TUN: 60 байт
2026-04-07 02:04:31,765 [DEBUG] TUN->SSH: 52 байт
2026-04-07 02:04:31,767 [DEBUG] TUN->SSH: 569 байт
2026-04-07 02:04:31,771 [DEBUG] SSH->TUN: 60 байт
2026-04-07 02:04:31,771 [DEBUG] TUN->SSH: 52 байт
2026-04-07 02:04:31,772 [DEBUG] TUN->SSH: 397 байт
2026-04-07 02:04:31,777 [DEBUG] SSH->TUN: 60 байт
2026-04-07 02:04:31,778 [DEBUG] TUN->SSH: 52 байт
2026-04-07 02:04:31,778 [DEBUG] TUN->SSH: 538 байт
2026-04-07 02:04:31,788 [DEBUG] TUN->SSH: 52 байт
2026-04-07 02:04:31,800 [DEBUG] TUN->SSH: 52 байт
2026-04-07 02:04:31,806 [DEBUG] SSH->TUN: 52 байт
2026-04-07 02:04:31,807 [DEBUG] SSH->TUN: 1280 байт
2026-04-07 02:04:31,807 [DEBUG] TUN->SSH: 52 байт
2026-04-07 02:04:31,808 [DEBUG] SSH->TUN: 1280 байт
2026-04-07 02:04:31,808 [DEBUG] TUN->SSH: 52 байт
2026-04-07 02:04:31,809 [DEBUG] SSH->TUN: 52 байт
2026-04-07 02:04:31,822 [DEBUG] SSH->TUN: 52 байт
2026-04-07 02:04:31,827 [DEBUG] SSH->TUN: 52 байт
2026-04-07 02:04:31,835 [DEBUG] SSH->TUN: 1280 байт
2026-04-07 02:04:31,836 [DEBUG] TUN->SSH: 52 байт
2026-04-07 02:04:31,837 [DEBUG] SSH->TUN: 2089 байт
2026-04-07 02:04:31,838 [DEBUG] TUN->SSH: 52 байт
2026-04-07 02:04:31,851 [DEBUG] SSH->TUN: 311 байт
2026-04-07 02:04:31,851 [DEBUG] TUN->SSH: 52 байт
2026-04-07 02:04:31,852 [DEBUG] TUN->SSH: 60 байт
2026-04-07 02:04:31,853 [DEBUG] TUN->SSH: 60 байт
2026-04-07 02:04:31,856 [DEBUG] SSH->TUN: 1280 байт
2026-04-07 02:04:31,856 [DEBUG] TUN->SSH: 52 байт
2026-04-07 02:04:31,859 [DEBUG] SSH->TUN: 1280 байт
2026-04-07 02:04:31,859 [DEBUG] TUN->SSH: 52 байт
2026-04-07 02:04:31,878 [DEBUG] SSH->TUN: 60 байт
2026-04-07 02:04:31,879 [DEBUG] TUN->SSH: 52 байт
2026-04-07 02:04:31,880 [DEBUG] TUN->SSH: 405 байт
2026-04-07 02:04:31,881 [DEBUG] SSH->TUN: 60 байт
2026-04-07 02:04:31,881 [DEBUG] TUN->SSH: 52 байт
2026-04-07 02:04:31,882 [DEBUG] TUN->SSH: 442 байт
2026-04-07 02:04:31,909 [DEBUG] SSH->TUN: 3840 байт
2026-04-07 02:04:31,910 [DEBUG] TUN->SSH: 52 байт
2026-04-07 02:04:31,912 [DEBUG] SSH->TUN: 52 байт
2026-04-07 02:04:31,912 [DEBUG] TUN->SSH: 40 байт
2026-04-07 02:04:31,952 [DEBUG] SSH->TUN: 977 байт
2026-04-07 02:04:31,953 [DEBUG] TUN->SSH: 64 байт
2026-04-07 02:04:31,958 [DEBUG] SSH->TUN: 64 байт
2026-04-07 02:04:31,959 [DEBUG] TUN->SSH: 40 байт
2026-04-07 02:04:31,959 [DEBUG] SSH->TUN: 1280 байт
2026-04-07 02:04:31,960 [DEBUG] TUN->SSH: 64 байт
2026-04-07 02:04:31,965 [DEBUG] SSH->TUN: 52 байт
2026-04-07 02:04:31,965 [DEBUG] TUN->SSH: 40 байт
2026-04-07 02:04:32,011 [DEBUG] SSH->TUN: 1280 байт
2026-04-07 02:04:32,012 [DEBUG] TUN->SSH: 64 байт
2026-04-07 02:04:32,021 [DEBUG] SSH->TUN: 1280 байт
2026-04-07 02:04:32,022 [DEBUG] TUN->SSH: 52 байт
2026-04-07 02:04:32,023 [DEBUG] TUN->SSH: 197 байт
2026-04-07 02:04:32,060 [DEBUG] SSH->TUN: 564 байт
2026-04-07 02:04:32,060 [DEBUG] TUN->SSH: 52 байт
2026-04-07 02:04:32,062 [DEBUG] TUN->SSH: 52 байт
2026-04-07 02:04:32,063 [DEBUG] SSH->TUN: 2560 байт
2026-04-07 02:04:32,063 [DEBUG] TUN->SSH: 221 байт
2026-04-07 02:04:32,064 [DEBUG] TUN->SSH: 52 байт
2026-04-07 02:04:32,115 [DEBUG] TUN->SSH: 64 байт
2026-04-07 02:04:32,115 [DEBUG] SSH->TUN: 1280 байт
2026-04-07 02:04:32,116 [DEBUG] TUN->SSH: 397 байт
2026-04-07 02:04:32,131 [DEBUG] SSH->TUN: 249 байт
2026-04-07 02:04:32,132 [DEBUG] TUN->SSH: 52 байт
2026-04-07 02:04:32,133 [DEBUG] TUN->SSH: 52 байт
2026-04-07 02:04:32,134 [DEBUG] TUN->SSH: 365 байт
2026-04-07 02:04:32,136 [DEBUG] SSH->TUN: 52 байт
2026-04-07 02:04:32,164 [DEBUG] SSH->TUN: 1280 байт
2026-04-07 02:04:32,165 [DEBUG] TUN->SSH: 52 байт
2026-04-07 02:04:32,167 [DEBUG] SSH->TUN: 560 байт
2026-04-07 02:04:32,167 [DEBUG] TUN->SSH: 52 байт
2026-04-07 02:04:32,176 [DEBUG] TUN->SSH: 132 байт
2026-04-07 02:04:32,176 [DEBUG] SSH->TUN: 184 байт
2026-04-07 02:04:32,177 [DEBUG] TUN->SSH: 319 байт
2026-04-07 02:04:32,181 [DEBUG] SSH->TUN: 64 байт
2026-04-07 02:04:32,198 [DEBUG] SSH->TUN: 52 байт
2026-04-07 02:04:32,199 [DEBUG] SSH->TUN: 221 байт
2026-04-07 02:04:32,205 [DEBUG] SSH->TUN: 52 байт
2026-04-07 02:04:32,206 [DEBUG] TUN->SSH: 52 байт
2026-04-07 02:04:32,209 [DEBUG] SSH->TUN: 656 байт
2026-04-07 02:04:32,210 [DEBUG] TUN->SSH: 52 байт
2026-04-07 02:04:32,211 [DEBUG] TUN->SSH: 52 байт
2026-04-07 02:04:32,211 [DEBUG] TUN->SSH: 52 байт
2026-04-07 02:04:32,212 [DEBUG] TUN->SSH: 371 байт
2026-04-07 02:04:32,216 [DEBUG] SSH->TUN: 2560 байт
2026-04-07 02:04:32,217 [DEBUG] TUN->SSH: 52 байт
2026-04-07 02:04:32,217 [DEBUG] SSH->TUN: 221 байт
2026-04-07 02:04:32,234 [DEBUG] SSH->TUN: 700 байт
2026-04-07 02:04:32,235 [DEBUG] TUN->SSH: 40 байт
2026-04-07 02:04:32,236 [DEBUG] SSH->TUN: 52 байт
2026-04-07 02:04:32,236 [DEBUG] TUN->SSH: 40 байт
2026-04-07 02:04:32,238 [DEBUG] SSH->TUN: 157 байт
2026-04-07 02:04:32,238 [DEBUG] TUN->SSH: 40 байт
2026-04-07 02:04:32,246 [DEBUG] SSH->TUN: 52 байт
2026-04-07 02:04:32,258 [DEBUG] TUN->SSH: 52 байт
2026-04-07 02:04:32,269 [DEBUG] SSH->TUN: 1280 байт
2026-04-07 02:04:32,270 [DEBUG] TUN->SSH: 64 байт
2026-04-07 02:04:32,275 [DEBUG] SSH->TUN: 83 байт
2026-04-07 02:04:32,276 [DEBUG] TUN->SSH: 40 байт
2026-04-07 02:04:32,277 [DEBUG] SSH->TUN: 52 байт
2026-04-07 02:04:32,278 [DEBUG] TUN->SSH: 40 байт
2026-04-07 02:04:32,283 [DEBUG] TUN->SSH: 52 байт
2026-04-07 02:04:32,284 [DEBUG] SSH->TUN: 52 байт
2026-04-07 02:04:32,321 [DEBUG] TUN->SSH: 52 байт
2026-04-07 02:04:32,321 [DEBUG] SSH->TUN: 1818 байт
2026-04-07 02:04:32,325 [DEBUG] TUN->SSH: 64 байт
2026-04-07 02:04:32,326 [DEBUG] SSH->TUN: 3153 байт
2026-04-07 02:04:32,326 [DEBUG] SSH->TUN: 15139 байт
2026-04-07 02:04:32,327 [DEBUG] TUN->SSH: 72 байт
2026-04-07 02:04:32,385 [DEBUG] SSH->TUN: 52 байт
2026-04-07 02:04:32,386 [DEBUG] TUN->SSH: 40 байт
2026-04-07 02:04:32,392 [DEBUG] SSH->TUN: 1280 байт
2026-04-07 02:04:32,393 [DEBUG] TUN->SSH: 64 байт
2026-04-07 02:04:32,394 [DEBUG] SSH->TUN: 2938 байт
2026-04-07 02:04:32,395 [DEBUG] TUN->SSH: 64 байт
2026-04-07 02:04:32,442 [DEBUG] SSH->TUN: 840 байт
2026-04-07 02:04:32,443 [DEBUG] TUN->SSH: 64 байт
2026-04-07 02:04:32,447 [DEBUG] SSH->TUN: 1280 байт
2026-04-07 02:04:32,448 [DEBUG] TUN->SSH: 64 байт
2026-04-07 02:04:32,497 [DEBUG] SSH->TUN: 1280 байт
2026-04-07 02:04:32,498 [DEBUG] TUN->SSH: 64 байт
2026-04-07 02:04:32,500 [DEBUG] TUN->SSH: 52 байт
2026-04-07 02:04:32,500 [DEBUG] SSH->TUN: 2938 байт
2026-04-07 02:04:32,501 [DEBUG] SSH->TUN: 1280 байт
2026-04-07 02:04:32,501 [DEBUG] TUN->SSH: 64 байт
2026-04-07 02:04:32,557 [DEBUG] SSH->TUN: 7680 байт
2026-04-07 02:04:32,558 [DEBUG] TUN->SSH: 64 байт
2026-04-07 02:04:32,575 [DEBUG] SSH->TUN: 1280 байт
2026-04-07 02:04:32,575 [DEBUG] TUN->SSH: 52 байт
2026-04-07 02:04:32,609 [DEBUG] SSH->TUN: 1280 байт
2026-04-07 02:04:32,610 [DEBUG] TUN->SSH: 72 байт
2026-04-07 02:04:32,615 [DEBUG] SSH->TUN: 219 байт
2026-04-07 02:04:32,616 [DEBUG] TUN->SSH: 72 байт
2026-04-07 02:04:32,626 [DEBUG] SSH->TUN: 2560 байт
2026-04-07 02:04:32,627 [DEBUG] TUN->SSH: 52 байт
2026-04-07 02:04:32,659 [DEBUG] SSH->TUN: 1280 байт
2026-04-07 02:04:32,660 [DEBUG] TUN->SSH: 72 байт
2026-04-07 02:04:32,661 [DEBUG] TUN->SSH: 60 байт
2026-04-07 02:04:32,673 [DEBUG] SSH->TUN: 1280 байт
2026-04-07 02:04:32,674 [DEBUG] TUN->SSH: 64 байт
2026-04-07 02:04:32,679 [DEBUG] SSH->TUN: 1280 байт
2026-04-07 02:04:32,679 [DEBUG] TUN->SSH: 64 байт
2026-04-07 02:04:32,696 [DEBUG] SSH->TUN: 1280 байт
2026-04-07 02:04:32,697 [DEBUG] TUN->SSH: 64 байт
2026-04-07 02:04:32,701 [DEBUG] TUN->SSH: 88 байт
2026-04-07 02:04:32,702 [DEBUG] TUN->SSH: 88 байт
2026-04-07 02:04:32,702 [DEBUG] TUN->SSH: 88 байт
2026-04-07 02:04:32,703 [DEBUG] TUN->SSH: 88 байт
2026-04-07 02:04:32,704 [DEBUG] TUN->SSH: 88 байт
2026-04-07 02:04:32,705 [DEBUG] TUN->SSH: 88 байт
2026-04-07 02:04:32,705 [DEBUG] TUN->SSH: 76 байт
2026-04-07 02:04:32,706 [DEBUG] TUN->SSH: 60 байт
2026-04-07 02:04:32,707 [DEBUG] TUN->SSH: 60 байт
2026-04-07 02:04:32,708 [DEBUG] TUN->SSH: 60 байт
2026-04-07 02:04:32,709 [DEBUG] TUN->SSH: 60 байт
2026-04-07 02:04:32,709 [DEBUG] TUN->SSH: 60 байт
2026-04-07 02:04:32,714 [DEBUG] SSH->TUN: 60 байт
2026-04-07 02:04:32,715 [DEBUG] TUN->SSH: 52 байт
2026-04-07 02:04:32,716 [DEBUG] TUN->SSH: 122 байт
2026-04-07 02:04:32,721 [DEBUG] SSH->TUN: 1280 байт
2026-04-07 02:04:32,722 [DEBUG] TUN->SSH: 64 байт
2026-04-07 02:04:32,728 [DEBUG] SSH->TUN: 1280 байт
2026-04-07 02:04:32,729 [DEBUG] TUN->SSH: 52 байт
2026-04-07 02:04:32,738 [DEBUG] SSH->TUN: 1280 байт
2026-04-07 02:04:32,738 [DEBUG] TUN->SSH: 52 байт
2026-04-07 02:04:32,766 [DEBUG] SSH->TUN: 60 байт
2026-04-07 02:04:32,767 [DEBUG] TUN->SSH: 52 байт
2026-04-07 02:04:32,768 [DEBUG] SSH->TUN: 52 байт
2026-04-07 02:04:32,770 [DEBUG] TUN->SSH: 569 байт
2026-04-07 02:04:32,773 [DEBUG] SSH->TUN: 326 байт
2026-04-07 02:04:32,773 [DEBUG] TUN->SSH: 52 байт
2026-04-07 02:04:32,778 [DEBUG] SSH->TUN: 60 байт
2026-04-07 02:04:32,778 [DEBUG] TUN->SSH: 52 байт
2026-04-07 02:04:32,781 [DEBUG] TUN->SSH: 470 байт
2026-04-07 02:04:32,781 [DEBUG] SSH->TUN: 2620 байт
2026-04-07 02:04:32,782 [DEBUG] TUN->SSH: 52 байт
2026-04-07 02:04:32,812 [DEBUG] TUN->SSH: 60 байт
2026-04-07 02:04:32,813 [DEBUG] TUN->SSH: 60 байт
2026-04-07 02:04:32,832 [DEBUG] SSH->TUN: 1280 байт
2026-04-07 02:04:32,833 [DEBUG] TUN->SSH: 64 байт
2026-04-07 02:04:32,835 [DEBUG] SSH->TUN: 52 байт
2026-04-07 02:04:32,843 [DEBUG] SSH->TUN: 1280 байт
2026-04-07 02:04:32,844 [DEBUG] TUN->SSH: 52 байт
2026-04-07 02:04:32,844 [DEBUG] SSH->TUN: 1280 байт
2026-04-07 02:04:32,845 [DEBUG] TUN->SSH: 52 байт
2026-04-07 02:04:32,846 [DEBUG] SSH->TUN: 561 байт
2026-04-07 02:04:32,847 [DEBUG] TUN->SSH: 52 байт
2026-04-07 02:04:32,849 [DEBUG] SSH->TUN: 343 байт
2026-04-07 02:04:32,850 [DEBUG] TUN->SSH: 52 байт
2026-04-07 02:04:32,855 [DEBUG] TUN->SSH: 132 байт
2026-04-07 02:04:32,879 [DEBUG] SSH->TUN: 104 байт
2026-04-07 02:04:32,880 [DEBUG] SSH->TUN: 52 байт
2026-04-07 02:04:32,881 [DEBUG] SSH->TUN: 170 байт
2026-04-07 02:04:32,881 [DEBUG] TUN->SSH: 52 байт
2026-04-07 02:04:32,883 [DEBUG] SSH->TUN: 1280 байт
2026-04-07 02:04:32,884 [DEBUG] TUN->SSH: 52 байт
2026-04-07 02:04:32,914 [DEBUG] SSH->TUN: 700 байт
2026-04-07 02:04:32,915 [DEBUG] TUN->SSH: 348 байт
2026-04-07 02:04:32,918 [DEBUG] SSH->TUN: 120 байт
2026-04-07 02:04:32,918 [DEBUG] TUN->SSH: 52 байт
2026-04-07 02:04:32,919 [DEBUG] TUN->SSH: 269 байт
2026-04-07 02:04:32,933 [DEBUG] SSH->TUN: 1280 байт
2026-04-07 02:04:32,934 [DEBUG] TUN->SSH: 52 байт
2026-04-07 02:04:32,934 [DEBUG] SSH->TUN: 1280 байт
2026-04-07 02:04:32,935 [DEBUG] TUN->SSH: 52 байт
2026-04-07 02:04:32,977 [DEBUG] SSH->TUN: 1094 байт
2026-04-07 02:04:32,977 [DEBUG] TUN->SSH: 83 байт
2026-04-07 02:04:32,983 [DEBUG] TUN->SSH: 40 байт
2026-04-07 02:04:32,983 [DEBUG] SSH->TUN: 1280 байт
2026-04-07 02:04:32,984 [DEBUG] TUN->SSH: 52 байт
2026-04-07 02:04:32,985 [DEBUG] SSH->TUN: 1280 байт
2026-04-07 02:04:32,985 [DEBUG] TUN->SSH: 52 байт
2026-04-07 02:04:33,037 [DEBUG] SSH->TUN: 2560 байт
2026-04-07 02:04:33,037 [DEBUG] TUN->SSH: 52 байт
2026-04-07 02:04:33,038 [DEBUG] SSH->TUN: 1280 байт
2026-04-07 02:04:33,039 [DEBUG] TUN->SSH: 64 байт
2026-04-07 02:04:33,039 [DEBUG] SSH->TUN: 1280 байт
2026-04-07 02:04:33,039 [DEBUG] TUN->SSH: 64 байт
2026-04-07 02:04:33,042 [DEBUG] SSH->TUN: 52 байт
2026-04-07 02:04:33,088 [DEBUG] SSH->TUN: 1449 байт
2026-04-07 02:04:33,089 [DEBUG] TUN->SSH: 64 байт
2026-04-07 02:04:33,090 [DEBUG] SSH->TUN: 1280 байт
2026-04-07 02:04:33,090 [DEBUG] TUN->SSH: 52 байт
2026-04-07 02:04:33,132 [DEBUG] SSH->TUN: 257 байт
2026-04-07 02:04:33,133 [DEBUG] TUN->SSH: 52 байт
2026-04-07 02:04:33,134 [DEBUG] TUN->SSH: 205 байт
2026-04-07 02:04:33,138 [DEBUG] SSH->TUN: 1280 байт
2026-04-07 02:04:33,139 [DEBUG] SSH->TUN: 1280 байт
2026-04-07 02:04:33,140 [DEBUG] TUN->SSH: 52 байт
2026-04-07 02:04:33,168 [DEBUG] SSH->TUN: 122 байт
2026-04-07 02:04:33,168 [DEBUG] TUN->SSH: 64 байт
2026-04-07 02:04:33,191 [DEBUG] SSH->TUN: 3840 байт
2026-04-07 02:04:33,232 [DEBUG] TUN->SSH: 52 байт
2026-04-07 02:04:33,248 [DEBUG] TUN->SSH: 40 байт
2026-04-07 02:04:33,302 [DEBUG] TUN->SSH: 88 байт
2026-04-07 02:04:33,302 [DEBUG] TUN->SSH: 88 байт
2026-04-07 02:04:33,303 [DEBUG] TUN->SSH: 88 байт
2026-04-07 02:04:33,304 [DEBUG] TUN->SSH: 88 байт
2026-04-07 02:04:33,305 [DEBUG] TUN->SSH: 88 байт
2026-04-07 02:04:33,306 [DEBUG] TUN->SSH: 88 байт
2026-04-07 02:04:33,307 [DEBUG] TUN->SSH: 72 байт
2026-04-07 02:04:33,308 [DEBUG] SSH->TUN: 2117 байт
2026-04-07 02:04:33,309 [DEBUG] TUN->SSH: 52 байт
2026-04-07 02:04:33,310 [DEBUG] TUN->SSH: 91 байт
2026-04-07 02:04:33,311 [DEBUG] TUN->SSH: 52 байт
2026-04-07 02:04:33,314 [DEBUG] TUN->SSH: 60 байт
2026-04-07 02:04:33,349 [DEBUG] SSH->TUN: 157 байт
2026-04-07 02:04:33,350 [DEBUG] TUN->SSH: 285 байт
2026-04-07 02:04:33,355 [DEBUG] SSH->TUN: 169 байт
2026-04-07 02:04:33,355 [DEBUG] TUN->SSH: 52 байт
2026-04-07 02:04:33,356 [DEBUG] TUN->SSH: 52 байт
2026-04-07 02:04:33,357 [DEBUG] TUN->SSH: 60 байт
2026-04-07 02:04:33,358 [DEBUG] TUN->SSH: 60 байт
2026-04-07 02:04:33,371 [DEBUG] SSH->TUN: 104 байт
2026-04-07 02:04:33,380 [DEBUG] SSH->TUN: 60 байт
2026-04-07 02:04:33,380 [DEBUG] TUN->SSH: 52 байт
2026-04-07 02:04:33,381 [DEBUG] TUN->SSH: 1280 байт
2026-04-07 02:04:33,382 [DEBUG] TUN->SSH: 612 байт
2026-04-07 02:04:33,410 [DEBUG] SSH->TUN: 1452 байт
2026-04-07 02:04:33,410 [DEBUG] TUN->SSH: 64 байт
2026-04-07 02:04:33,413 [DEBUG] TUN->SSH: 60 байт
2026-04-07 02:04:33,451 [DEBUG] SSH->TUN: 52 байт
2026-04-07 02:04:33,452 [DEBUG] SSH->TUN: 52 байт
2026-04-07 02:04:33,455 [DEBUG] SSH->TUN: 3536 байт
2026-04-07 02:04:33,455 [DEBUG] TUN->SSH: 52 байт
2026-04-07 02:04:33,462 [DEBUG] SSH->TUN: 1280 байт
2026-04-07 02:04:33,463 [DEBUG] TUN->SSH: 64 байт
2026-04-07 02:04:33,464 [DEBUG] SSH->TUN: 60 байт
2026-04-07 02:04:33,464 [DEBUG] TUN->SSH: 52 байт
2026-04-07 02:04:33,465 [DEBUG] TUN->SSH: 588 байт
2026-04-07 02:04:33,476 [DEBUG] SSH->TUN: 52 байт
2026-04-07 02:04:33,479 [DEBUG] SSH->TUN: 52 байт
2026-04-07 02:04:33,480 [DEBUG] SSH->TUN: 52 байт
2026-04-07 02:04:33,481 [DEBUG] SSH->TUN: 170 байт
2026-04-07 02:04:33,481 [DEBUG] TUN->SSH: 52 байт
2026-04-07 02:04:33,513 [DEBUG] SSH->TUN: 1280 байт
2026-04-07 02:04:33,514 [DEBUG] TUN->SSH: 64 байт
2026-04-07 02:04:33,515 [DEBUG] SSH->TUN: 1280 байт
2026-04-07 02:04:33,516 [DEBUG] TUN->SSH: 52 байт
2026-04-07 02:04:33,516 [DEBUG] SSH->TUN: 563 байт
2026-04-07 02:04:33,563 [DEBUG] SSH->TUN: 221 байт
2026-04-07 02:04:33,565 [DEBUG] SSH->TUN: 2560 байт
2026-04-07 02:04:33,565 [DEBUG] TUN->SSH: 52 байт
2026-04-07 02:04:33,570 [DEBUG] SSH->TUN: 557 байт
2026-04-07 02:04:33,571 [DEBUG] TUN->SSH: 52 байт
2026-04-07 02:04:33,571 [DEBUG] TUN->SSH: 52 байт
2026-04-07 02:04:33,572 [DEBUG] TUN->SSH: 52 байт
2026-04-07 02:04:33,579 [DEBUG] TUN->SSH: 52 байт
2026-04-07 02:04:33,580 [DEBUG] TUN->SSH: 52 байт
2026-04-07 02:04:33,611 [DEBUG] TUN->SSH: 52 байт
2026-04-07 02:04:33,614 [DEBUG] SSH->TUN: 1280 байт
2026-04-07 02:04:33,615 [DEBUG] TUN->SSH: 64 байт
2026-04-07 02:04:33,627 [DEBUG] SSH->TUN: 511 байт
2026-04-07 02:04:33,628 [DEBUG] TUN->SSH: 52 байт
2026-04-07 02:04:33,632 [DEBUG] TUN->SSH: 116 байт
2026-04-07 02:04:33,632 [DEBUG] TUN->SSH: 894 байт
2026-04-07 02:04:33,643 [DEBUG] SSH->TUN: 52 байт
2026-04-07 02:04:33,643 [DEBUG] TUN->SSH: 40 байт
2026-04-07 02:04:33,644 [DEBUG] TUN->SSH: 52 байт
2026-04-07 02:04:33,650 [DEBUG] TUN->SSH: 52 байт
2026-04-07 02:04:33,650 [DEBUG] SSH->TUN: 52 байт
2026-04-07 02:04:33,656 [DEBUG] TUN->SSH: 60 байт
2026-04-07 02:04:33,657 [DEBUG] TUN->SSH: 60 байт
2026-04-07 02:04:33,662 [DEBUG] SSH->TUN: 64 байт
2026-04-07 02:04:33,667 [DEBUG] SSH->TUN: 1280 байт
2026-04-07 02:04:33,668 [DEBUG] TUN->SSH: 52 байт
2026-04-07 02:04:33,671 [DEBUG] SSH->TUN: 52 байт
2026-04-07 02:04:33,672 [DEBUG] TUN->SSH: 52 байт
2026-04-07 02:04:33,681 [DEBUG] SSH->TUN: 52 байт
2026-04-07 02:04:33,686 [DEBUG] SSH->TUN: 52 байт
2026-04-07 02:04:33,702 [DEBUG] TUN->SSH: 60 байт
2026-04-07 02:04:33,703 [DEBUG] TUN->SSH: 60 байт
2026-04-07 02:04:33,704 [DEBUG] TUN->SSH: 60 байт
2026-04-07 02:04:33,704 [DEBUG] SSH->TUN: 64 байт
2026-04-07 02:04:33,705 [DEBUG] SSH->TUN: 60 байт
2026-04-07 02:04:33,706 [DEBUG] TUN->SSH: 52 байт
2026-04-07 02:04:33,707 [DEBUG] TUN->SSH: 588 байт
2026-04-07 02:04:33,707 [DEBUG] SSH->TUN: 60 байт
2026-04-07 02:04:33,708 [DEBUG] TUN->SSH: 52 байт
2026-04-07 02:04:33,708 [DEBUG] TUN->SSH: 588 байт
2026-04-07 02:04:33,709 [DEBUG] TUN->SSH: 60 байт
2026-04-07 02:04:33,709 [DEBUG] TUN->SSH: 60 байт
2026-04-07 02:04:33,717 [DEBUG] SSH->TUN: 1280 байт
2026-04-07 02:04:33,717 [DEBUG] TUN->SSH: 52 байт
2026-04-07 02:04:33,718 [DEBUG] SSH->TUN: 1280 байт
2026-04-07 02:04:33,718 [DEBUG] TUN->SSH: 52 байт
2026-04-07 02:04:33,752 [DEBUG] SSH->TUN: 60 байт
2026-04-07 02:04:33,753 [DEBUG] TUN->SSH: 52 байт
2026-04-07 02:04:33,756 [DEBUG] TUN->SSH: 569 байт
2026-04-07 02:04:33,757 [DEBUG] SSH->TUN: 52 байт
2026-04-07 02:04:33,758 [DEBUG] SSH->TUN: 511 байт
2026-04-07 02:04:33,758 [DEBUG] TUN->SSH: 52 байт
2026-04-07 02:04:33,759 [DEBUG] SSH->TUN: 52 байт
2026-04-07 02:04:33,759 [DEBUG] TUN->SSH: 116 байт
2026-04-07 02:04:33,760 [DEBUG] SSH->TUN: 511 байт
2026-04-07 02:04:33,760 [DEBUG] TUN->SSH: 813 байт
2026-04-07 02:04:33,761 [DEBUG] TUN->SSH: 1026 байт
2026-04-07 02:04:33,762 [DEBUG] TUN->SSH: 52 байт
2026-04-07 02:04:33,762 [DEBUG] TUN->SSH: 116 байт
2026-04-07 02:04:33,769 [DEBUG] SSH->TUN: 2560 байт
2026-04-07 02:04:33,770 [DEBUG] TUN->SSH: 52 байт
2026-04-07 02:04:33,771 [DEBUG] TUN->SSH: 60 байт
2026-04-07 02:04:33,775 [DEBUG] SSH->TUN: 60 байт
2026-04-07 02:04:33,775 [DEBUG] TUN->SSH: 52 байт
2026-04-07 02:04:33,776 [DEBUG] TUN->SSH: 377 байт
2026-04-07 02:04:33,781 [DEBUG] SSH->TUN: 60 байт
2026-04-07 02:04:33,781 [DEBUG] TUN->SSH: 52 байт
2026-04-07 02:04:33,782 [DEBUG] TUN->SSH: 406 байт
2026-04-07 02:04:33,785 [DEBUG] SSH->TUN: 112 байт
2026-04-07 02:04:33,786 [DEBUG] TUN->SSH: 52 байт
2026-04-07 02:04:33,786 [DEBUG] TUN->SSH: 349 байт
2026-04-07 02:04:33,799 [DEBUG] SSH->TUN: 437 байт
2026-04-07 02:04:33,805 [DEBUG] SSH->TUN: 52 байт
2026-04-07 02:04:33,806 [DEBUG] SSH->TUN: 1280 байт
2026-04-07 02:04:33,806 [DEBUG] TUN->SSH: 52 байт
2026-04-07 02:04:33,808 [DEBUG] TUN->SSH: 52 байт
2026-04-07 02:04:33,809 [DEBUG] SSH->TUN: 1753 байт
2026-04-07 02:04:33,809 [DEBUG] SSH->TUN: 52 байт
2026-04-07 02:04:33,810 [DEBUG] SSH->TUN: 52 байт
2026-04-07 02:04:33,811 [DEBUG] SSH->TUN: 52 байт
2026-04-07 02:04:33,819 [DEBUG] SSH->TUN: 1280 байт
2026-04-07 02:04:33,820 [DEBUG] TUN->SSH: 64 байт
2026-04-07 02:04:33,820 [DEBUG] SSH->TUN: 386 байт
2026-04-07 02:04:33,821 [DEBUG] TUN->SSH: 64 байт
2026-04-07 02:04:33,840 [DEBUG] TUN->SSH: 52 байт
2026-04-07 02:04:33,844 [DEBUG] SSH->TUN: 60 байт
2026-04-07 02:04:33,845 [DEBUG] TUN->SSH: 52 байт
2026-04-07 02:04:33,846 [DEBUG] SSH->TUN: 185 байт
2026-04-07 02:04:33,846 [DEBUG] TUN->SSH: 52 байт
2026-04-07 02:04:33,847 [DEBUG] TUN->SSH: 52 байт
2026-04-07 02:04:33,847 [DEBUG] TUN->SSH: 397 байт
2026-04-07 02:04:33,857 [DEBUG] SSH->TUN: 311 байт
2026-04-07 02:04:33,857 [DEBUG] TUN->SSH: 40 байт
2026-04-07 02:04:33,858 [DEBUG] SSH->TUN: 261 байт
2026-04-07 02:04:33,859 [DEBUG] TUN->SSH: 52 байт
2026-04-07 02:04:33,859 [DEBUG] TUN->SSH: 52 байт
2026-04-07 02:04:33,860 [DEBUG] TUN->SSH: 397 байт
2026-04-07 02:04:33,870 [DEBUG] SSH->TUN: 1280 байт
2026-04-07 02:04:33,871 [DEBUG] TUN->SSH: 52 байт
2026-04-07 02:04:33,909 [DEBUG] SSH->TUN: 60 байт
2026-04-07 02:04:33,910 [DEBUG] TUN->SSH: 52 байт
2026-04-07 02:04:33,911 [DEBUG] TUN->SSH: 289 байт
2026-04-07 02:04:33,912 [DEBUG] SSH->TUN: 60 байт
2026-04-07 02:04:33,912 [DEBUG] TUN->SSH: 52 байт
2026-04-07 02:04:33,913 [DEBUG] TUN->SSH: 561 байт
2026-04-07 02:04:33,915 [DEBUG] SSH->TUN: 221 байт
2026-04-07 02:04:33,917 [DEBUG] SSH->TUN: 52 байт
2026-04-07 02:04:33,918 [DEBUG] TUN->SSH: 40 байт
2026-04-07 02:04:33,927 [DEBUG] SSH->TUN: 52 байт
2026-04-07 02:04:33,927 [DEBUG] TUN->SSH: 52 байт
2026-04-07 02:04:33,929 [DEBUG] SSH->TUN: 437 байт
2026-04-07 02:04:33,932 [DEBUG] SSH->TUN: 1280 байт
2026-04-07 02:04:33,934 [DEBUG] SSH->TUN: 333 байт
2026-04-07 02:04:33,934 [DEBUG] TUN->SSH: 52 байт
2026-04-07 02:04:33,941 [DEBUG] SSH->TUN: 672 байт
2026-04-07 02:04:33,947 [DEBUG] SSH->TUN: 201 байт
2026-04-07 02:04:33,947 [DEBUG] TUN->SSH: 40 байт
2026-04-07 02:04:33,950 [DEBUG] SSH->TUN: 221 байт
2026-04-07 02:04:33,950 [DEBUG] TUN->SSH: 52 байт
2026-04-07 02:04:33,958 [DEBUG] SSH->TUN: 656 байт
2026-04-07 02:04:33,959 [DEBUG] TUN->SSH: 52 байт
2026-04-07 02:04:33,960 [DEBUG] TUN->SSH: 52 байт
2026-04-07 02:04:33,960 [DEBUG] TUN->SSH: 52 байт
2026-04-07 02:04:33,963 [DEBUG] TUN->SSH: 1280 байт
2026-04-07 02:04:33,964 [DEBUG] TUN->SSH: 52 байт
2026-04-07 02:04:33,970 [DEBUG] TUN->SSH: 52 байт
2026-04-07 02:04:33,982 [DEBUG] TUN->SSH: 52 байт
2026-04-07 02:04:34,006 [DEBUG] TUN->SSH: 52 байт
2026-04-07 02:04:34,010 [DEBUG] SSH->TUN: 52 байт
2026-04-07 02:04:34,011 [DEBUG] TUN->SSH: 40 байт
2026-04-07 02:04:34,031 [DEBUG] SSH->TUN: 52 байт
2026-04-07 02:04:34,032 [DEBUG] TUN->SSH: 40 байт
2026-04-07 02:04:34,059 [DEBUG] SSH->TUN: 52 байт
2026-04-07 02:04:34,060 [DEBUG] TUN->SSH: 40 байт
2026-04-07 02:04:34,129 [DEBUG] SSH->TUN: 488 байт
2026-04-07 02:04:34,129 [DEBUG] TUN->SSH: 40 байт
2026-04-07 02:04:34,155 [DEBUG] TUN->SSH: 52 байт
2026-04-07 02:04:34,167 [DEBUG] SSH->TUN: 52 байт
2026-04-07 02:04:34,167 [DEBUG] TUN->SSH: 40 байт
2026-04-07 02:04:34,169 [DEBUG] SSH->TUN: 52 байт
2026-04-07 02:04:34,169 [DEBUG] TUN->SSH: 40 байт
2026-04-07 02:04:34,441 [DEBUG] SSH->TUN: 377 байт
2026-04-07 02:04:34,442 [DEBUG] TUN->SSH: 52 байт
2026-04-07 02:04:34,704 [DEBUG] TUN->SSH: 60 байт
2026-04-07 02:04:34,732 [DEBUG] TUN->SSH: 52 байт
2026-04-07 02:04:34,756 [DEBUG] SSH->TUN: 60 байт
2026-04-07 02:04:34,757 [DEBUG] TUN->SSH: 52 байт
2026-04-07 02:04:34,757 [DEBUG] TUN->SSH: 150 байт
2026-04-07 02:04:34,805 [DEBUG] SSH->TUN: 52 байт
2026-04-07 02:04:34,805 [DEBUG] TUN->SSH: 52 байт
2026-04-07 02:04:34,806 [DEBUG] TUN->SSH: 88 байт
2026-04-07 02:04:34,806 [DEBUG] TUN->SSH: 88 байт
2026-04-07 02:04:34,807 [DEBUG] TUN->SSH: 117 байт
2026-04-07 02:04:34,808 [DEBUG] SSH->TUN: 462 байт
2026-04-07 02:04:34,877 [DEBUG] SSH->TUN: 40 байт
2026-04-07 02:04:34,881 [DEBUG] SSH->TUN: 80 байт
2026-04-07 02:04:34,915 [DEBUG] SSH->TUN: 181 байт
2026-04-07 02:04:34,916 [DEBUG] TUN->SSH: 64 байт
2026-04-07 02:04:34,933 [DEBUG] TUN->SSH: 381 байт
2026-04-07 02:04:34,941 [DEBUG] SSH->TUN: 64 байт
2026-04-07 02:04:34,951 [DEBUG] SSH->TUN: 52 байт
2026-04-07 02:04:34,951 [DEBUG] TUN->SSH: 52 байт
2026-04-07 02:04:34,975 [DEBUG] SSH->TUN: 229 байт
2026-04-07 02:04:34,976 [DEBUG] TUN->SSH: 52 байт
2026-04-07 02:04:34,976 [DEBUG] TUN->SSH: 52 байт
2026-04-07 02:04:34,977 [DEBUG] TUN->SSH: 60 байт
2026-04-07 02:04:35,017 [DEBUG] SSH->TUN: 816 байт
2026-04-07 02:04:35,017 [DEBUG] TUN->SSH: 52 байт
2026-04-07 02:04:35,033 [DEBUG] TUN->SSH: 52 байт
2026-04-07 02:04:35,033 [DEBUG] SSH->TUN: 52 байт
2026-04-07 02:04:35,156 [DEBUG] SSH->TUN: 60 байт
2026-04-07 02:04:35,156 [DEBUG] TUN->SSH: 52 байт
2026-04-07 02:04:35,157 [DEBUG] TUN->SSH: 1280 байт
2026-04-07 02:04:35,157 [DEBUG] TUN->SSH: 950 байт
2026-04-07 02:04:35,408 [DEBUG] SSH->TUN: 5337 байт
2026-04-07 02:04:35,627 [DEBUG] TUN->SSH: 52 байт
2026-04-07 02:04:35,701 [DEBUG] SSH->TUN: 929 байт
2026-04-07 02:04:35,701 [DEBUG] TUN->SSH: 64 байт
2026-04-07 02:04:35,977 [DEBUG] SSH->TUN: 1280 байт
2026-04-07 02:04:35,977 [DEBUG] TUN->SSH: 64 байт
2026-04-07 02:04:36,228 [DEBUG] SSH->TUN: 2560 байт
2026-04-07 02:04:36,228 [DEBUG] TUN->SSH: 64 байт
2026-04-07 02:04:36,524 [DEBUG] TUN->SSH: 52 байт
2026-04-07 02:04:36,528 [DEBUG] SSH->TUN: 464 байт
2026-04-07 02:04:36,528 [DEBUG] TUN->SSH: 64 байт
2026-04-07 02:04:36,575 [DEBUG] SSH->TUN: 52 байт
2026-04-07 02:04:36,576 [DEBUG] TUN->SSH: 52 байт
2026-04-07 02:04:36,703 [DEBUG] SSH->TUN: 1280 байт
2026-04-07 02:04:36,704 [DEBUG] TUN->SSH: 52 байт
2026-04-07 02:04:36,705 [DEBUG] TUN->SSH: 132 байт
2026-04-07 02:04:36,705 [DEBUG] TUN->SSH: 744 байт
2026-04-07 02:04:37,000 [DEBUG] SSH->TUN: 1099 байт
2026-04-07 02:04:37,035 [DEBUG] TUN->SSH: 52 байт
2026-04-07 02:04:37,041 [DEBUG] TUN->SSH: 52 байт
2026-04-07 02:04:37,097 [DEBUG] SSH->TUN: 52 байт
2026-04-07 02:04:37,097 [DEBUG] TUN->SSH: 52 байт
2026-04-07 02:04:37,100 [DEBUG] TUN->SSH: 52 байт
2026-04-07 02:04:37,117 [DEBUG] TUN->SSH: 60 байт
2026-04-07 02:04:37,168 [DEBUG] SSH->TUN: 60 байт
2026-04-07 02:04:37,169 [DEBUG] TUN->SSH: 52 байт
2026-04-07 02:04:37,169 [DEBUG] TUN->SSH: 88 байт
2026-04-07 02:04:37,223 [DEBUG] SSH->TUN: 52 байт
2026-04-07 02:04:37,224 [DEBUG] SSH->TUN: 104 байт
2026-04-07 02:04:37,224 [DEBUG] TUN->SSH: 52 байт
2026-04-07 02:04:37,224 [DEBUG] TUN->SSH: 52 байт
2026-04-07 02:04:37,225 [DEBUG] TUN->SSH: 60 байт
2026-04-07 02:04:37,281 [DEBUG] SSH->TUN: 52 байт
2026-04-07 02:04:37,281 [DEBUG] TUN->SSH: 52 байт
2026-04-07 02:04:37,300 [DEBUG] SSH->TUN: 60 байт
2026-04-07 02:04:37,301 [DEBUG] TUN->SSH: 52 байт
2026-04-07 02:04:37,301 [DEBUG] TUN->SSH: 1280 байт
2026-04-07 02:04:37,301 [DEBUG] TUN->SSH: 432 байт
2026-04-07 02:04:37,370 [DEBUG] SSH->TUN: 52 байт
2026-04-07 02:04:37,371 [DEBUG] SSH->TUN: 1332 байт
2026-04-07 02:04:37,372 [DEBUG] SSH->TUN: 2560 байт
2026-04-07 02:04:37,372 [DEBUG] TUN->SSH: 64 байт
2026-04-07 02:04:37,373 [DEBUG] SSH->TUN: 464 байт
2026-04-07 02:04:37,373 [DEBUG] TUN->SSH: 72 байт
2026-04-07 02:04:37,374 [DEBUG] SSH->TUN: 1280 байт
2026-04-07 02:04:37,374 [DEBUG] TUN->SSH: 72 байт
2026-04-07 02:04:37,374 [DEBUG] SSH->TUN: 431 байт
2026-04-07 02:04:37,375 [DEBUG] TUN->SSH: 72 байт
2026-04-07 02:04:37,447 [DEBUG] SSH->TUN: 1280 байт
2026-04-07 02:04:37,447 [DEBUG] TUN->SSH: 64 байт
2026-04-07 02:04:37,447 [DEBUG] SSH->TUN: 1280 байт
2026-04-07 02:04:37,448 [DEBUG] TUN->SSH: 52 байт
2026-04-07 02:04:37,449 [DEBUG] TUN->SSH: 386 байт
2026-04-07 02:04:37,518 [DEBUG] SSH->TUN: 355 байт
2026-04-07 02:04:37,518 [DEBUG] SSH->TUN: 355 байт
2026-04-07 02:04:37,519 [DEBUG] TUN->SSH: 52 байт
2026-04-07 02:04:37,522 [DEBUG] SSH->TUN: 803 байт
2026-04-07 02:04:37,524 [DEBUG] TUN->SSH: 60 байт
2026-04-07 02:04:37,563 [DEBUG] TUN->SSH: 52 байт
2026-04-07 02:04:37,575 [DEBUG] SSH->TUN: 60 байт
2026-04-07 02:04:37,575 [DEBUG] TUN->SSH: 52 байт
2026-04-07 02:04:37,576 [DEBUG] TUN->SSH: 88 байт
2026-04-07 02:04:37,624 [DEBUG] SSH->TUN: 52 байт
2026-04-07 02:04:37,628 [DEBUG] SSH->TUN: 104 байт
2026-04-07 02:04:37,629 [DEBUG] TUN->SSH: 52 байт
2026-04-07 02:04:37,629 [DEBUG] TUN->SSH: 52 байт
2026-04-07 02:04:37,629 [DEBUG] TUN->SSH: 60 байт
2026-04-07 02:04:37,659 [DEBUG] SSH->TUN: 357 байт
2026-04-07 02:04:37,659 [DEBUG] TUN->SSH: 64 байт
2026-04-07 02:04:37,676 [DEBUG] TUN->SSH: 52 байт
2026-04-07 02:04:37,687 [DEBUG] TUN->SSH: 52 байт
2026-04-07 02:04:37,687 [DEBUG] SSH->TUN: 52 байт
2026-04-07 02:04:37,715 [DEBUG] TUN->SSH: 190 байт
2026-04-07 02:04:37,719 [DEBUG] SSH->TUN: 60 байт
2026-04-07 02:04:37,719 [DEBUG] TUN->SSH: 52 байт
2026-04-07 02:04:37,720 [DEBUG] TUN->SSH: 1280 байт
2026-04-07 02:04:37,720 [DEBUG] TUN->SSH: 751 байт
2026-04-07 02:04:37,793 [DEBUG] SSH->TUN: 52 байт
2026-04-07 02:04:37,798 [DEBUG] SSH->TUN: 52 байт
2026-04-07 02:04:37,799 [DEBUG] SSH->TUN: 1280 байт
2026-04-07 02:04:37,800 [DEBUG] TUN->SSH: 52 байт
2026-04-07 02:04:37,801 [DEBUG] SSH->TUN: 3024 байт
2026-04-07 02:04:37,801 [DEBUG] TUN->SSH: 52 байт
2026-04-07 02:04:37,801 [DEBUG] SSH->TUN: 1280 байт
2026-04-07 02:04:37,802 [DEBUG] TUN->SSH: 64 байт
2026-04-07 02:04:37,802 [DEBUG] SSH->TUN: 431 байт
2026-04-07 02:04:37,803 [DEBUG] TUN->SSH: 64 байт
2026-04-07 02:04:37,836 [DEBUG] SSH->TUN: 371 байт
2026-04-07 02:04:37,837 [DEBUG] TUN->SSH: 52 байт
2026-04-07 02:04:37,838 [DEBUG] TUN->SSH: 126 байт
2026-04-07 02:04:37,839 [DEBUG] TUN->SSH: 126 байт
2026-04-07 02:04:37,848 [DEBUG] TUN->SSH: 40 байт
2026-04-07 02:04:37,873 [DEBUG] SSH->TUN: 1280 байт
2026-04-07 02:04:37,873 [DEBUG] TUN->SSH: 64 байт
2026-04-07 02:04:37,940 [DEBUG] SSH->TUN: 52 байт
2026-04-07 02:04:37,943 [DEBUG] SSH->TUN: 464 байт
2026-04-07 02:04:37,943 [DEBUG] TUN->SSH: 52 байт
2026-04-07 02:04:37,945 [DEBUG] TUN->SSH: 395 байт
2026-04-07 02:04:38,011 [DEBUG] TUN->SSH: 60 байт
2026-04-07 02:04:38,013 [DEBUG] SSH->TUN: 52 байт
2026-04-07 02:04:38,014 [DEBUG] SSH->TUN: 355 байт
2026-04-07 02:04:38,014 [DEBUG] SSH->TUN: 355 байт
2026-04-07 02:04:38,014 [DEBUG] TUN->SSH: 52 байт
2026-04-07 02:04:38,017 [DEBUG] SSH->TUN: 960 байт
2026-04-07 02:04:38,059 [DEBUG] TUN->SSH: 52 байт
2026-04-07 02:04:38,060 [DEBUG] SSH->TUN: 60 байт
2026-04-07 02:04:38,060 [DEBUG] TUN->SSH: 52 байт
2026-04-07 02:04:38,060 [DEBUG] TUN->SSH: 144 байт
2026-04-07 02:04:38,110 [DEBUG] SSH->TUN: 52 байт
2026-04-07 02:04:38,110 [DEBUG] SSH->TUN: 408 байт
2026-04-07 02:04:38,111 [DEBUG] TUN->SSH: 52 байт
2026-04-07 02:04:38,433 [DEBUG] TUN->SSH: 40 байт
2026-04-07 02:04:38,434 [DEBUG] SSH->TUN: 182 байт
2026-04-07 02:04:38,434 [DEBUG] TUN->SSH: 52 байт
2026-04-07 02:04:38,434 [DEBUG] TUN->SSH: 52 байт
2026-04-07 02:04:38,435 [DEBUG] TUN->SSH: 60 байт
2026-04-07 02:04:38,484 [DEBUG] SSH->TUN: 52 байт
2026-04-07 02:04:38,484 [DEBUG] TUN->SSH: 52 байт
2026-04-07 02:04:38,685 [DEBUG] TUN->SSH: 60 байт
2026-04-07 02:04:38,694 [DEBUG] SSH->TUN: 60 байт
2026-04-07 02:04:38,694 [DEBUG] TUN->SSH: 52 байт
2026-04-07 02:04:38,694 [DEBUG] TUN->SSH: 1280 байт
2026-04-07 02:04:38,695 [DEBUG] TUN->SSH: 698 байт
2026-04-07 02:04:38,701 [DEBUG] TUN->SSH: 60 байт
2026-04-07 02:04:38,750 [DEBUG] SSH->TUN: 60 байт
2026-04-07 02:04:38,750 [DEBUG] TUN->SSH: 52 байт
2026-04-07 02:04:38,751 [DEBUG] TUN->SSH: 97 байт
2026-04-07 02:04:38,800 [DEBUG] SSH->TUN: 52 байт
2026-04-07 02:04:38,801 [DEBUG] SSH->TUN: 97 байт
2026-04-07 02:04:38,801 [DEBUG] TUN->SSH: 52 байт
2026-04-07 02:04:38,801 [DEBUG] TUN->SSH: 52 байт
2026-04-07 02:04:38,802 [DEBUG] TUN->SSH: 60 байт
2026-04-07 02:04:38,854 [DEBUG] SSH->TUN: 52 байт
2026-04-07 02:04:38,854 [DEBUG] TUN->SSH: 52 байт
2026-04-07 02:04:38,858 [DEBUG] SSH->TUN: 60 байт
2026-04-07 02:04:38,859 [DEBUG] TUN->SSH: 52 байт
2026-04-07 02:04:38,859 [DEBUG] TUN->SSH: 94 байт
2026-04-07 02:04:38,910 [DEBUG] SSH->TUN: 60 байт
2026-04-07 02:04:38,910 [DEBUG] TUN->SSH: 52 байт
2026-04-07 02:04:38,910 [DEBUG] SSH->TUN: 52 байт
2026-04-07 02:04:38,911 [DEBUG] TUN->SSH: 1280 байт
2026-04-07 02:04:38,911 [DEBUG] TUN->SSH: 762 байт
2026-04-07 02:04:38,921 [DEBUG] SSH->TUN: 1478 байт
2026-04-07 02:04:38,921 [DEBUG] TUN->SSH: 52 байт
2026-04-07 02:04:38,921 [DEBUG] SSH->TUN: 3196 байт
2026-04-07 02:04:38,922 [DEBUG] TUN->SSH: 52 байт
2026-04-07 02:04:38,922 [DEBUG] TUN->SSH: 60 байт
2026-04-07 02:04:38,923 [DEBUG] TUN->SSH: 64 байт
2026-04-07 02:04:38,975 [DEBUG] SSH->TUN: 112 байт
2026-04-07 02:04:38,975 [DEBUG] TUN->SSH: 52 байт
2026-04-07 02:04:39,255 [DEBUG] TUN->SSH: 52 байт
2026-04-07 02:04:39,255 [DEBUG] SSH->TUN: 5952 байт
2026-04-07 02:04:39,255 [DEBUG] TUN->SSH: 81 байт
2026-04-07 02:04:39,428 [DEBUG] TUN->SSH: 40 байт
2026-04-07 02:04:39,428 [DEBUG] SSH->TUN: 92 байт
2026-04-07 02:04:39,432 [DEBUG] TUN->SSH: 64 байт
2026-04-07 02:04:39,467 [DEBUG] TUN->SSH: 81 байт
2026-04-07 02:04:39,595 [DEBUG] TUN->SSH: 52 байт
2026-04-07 02:04:39,611 [DEBUG] SSH->TUN: 636 байт
2026-04-07 02:04:39,611 [DEBUG] TUN->SSH: 64 байт
2026-04-07 02:04:39,655 [DEBUG] TUN->SSH: 64 байт
2026-04-07 02:04:39,668 [DEBUG] SSH->TUN: 40 байт
2026-04-07 02:04:39,684 [DEBUG] TUN->SSH: 81 байт
2026-04-07 02:04:39,694 [DEBUG] TUN->SSH: 52 байт
2026-04-07 02:04:39,723 [DEBUG] TUN->SSH: 52 байт
2026-04-07 02:04:39,838 [DEBUG] SSH->TUN: 1280 байт
2026-04-07 02:04:39,838 [DEBUG] TUN->SSH: 64 байт
2026-04-07 02:04:39,976 [DEBUG] SSH->TUN: 60 байт
2026-04-07 02:04:39,976 [DEBUG] TUN->SSH: 52 байт
2026-04-07 02:04:39,984 [DEBUG] TUN->SSH: 98 байт
2026-04-07 02:04:39,992 [DEBUG] SSH->TUN: 1280 байт
2026-04-07 02:04:39,992 [DEBUG] TUN->SSH: 52 байт
2026-04-07 02:04:40,033 [DEBUG] SSH->TUN: 52 байт
2026-04-07 02:04:40,034 [DEBUG] SSH->TUN: 98 байт
2026-04-07 02:04:40,034 [DEBUG] TUN->SSH: 52 байт
2026-04-07 02:04:40,034 [DEBUG] TUN->SSH: 52 байт
2026-04-07 02:04:40,035 [DEBUG] TUN->SSH: 60 байт
2026-04-07 02:04:40,067 [DEBUG] SSH->TUN: 2560 байт
2026-04-07 02:04:40,067 [DEBUG] TUN->SSH: 64 байт
2026-04-07 02:04:40,084 [DEBUG] SSH->TUN: 52 байт
2026-04-07 02:04:40,084 [DEBUG] TUN->SSH: 52 байт
2026-04-07 02:04:40,089 [DEBUG] SSH->TUN: 60 байт
2026-04-07 02:04:40,089 [DEBUG] TUN->SSH: 52 байт
2026-04-07 02:04:40,090 [DEBUG] TUN->SSH: 93 байт
2026-04-07 02:04:40,096 [DEBUG] TUN->SSH: 64 байт
2026-04-07 02:04:40,115 [DEBUG] TUN->SSH: 81 байт
2026-04-07 02:04:40,139 [DEBUG] SSH->TUN: 52 байт
2026-04-07 02:04:40,145 [DEBUG] SSH->TUN: 93 байт
2026-04-07 02:04:40,145 [DEBUG] TUN->SSH: 52 байт
2026-04-07 02:04:40,146 [DEBUG] TUN->SSH: 52 байт
2026-04-07 02:04:40,146 [DEBUG] TUN->SSH: 60 байт
2026-04-07 02:04:40,198 [DEBUG] SSH->TUN: 52 байт
2026-04-07 02:04:40,199 [DEBUG] TUN->SSH: 52 байт
2026-04-07 02:04:40,199 [DEBUG] SSH->TUN: 60 байт
2026-04-07 02:04:40,200 [DEBUG] TUN->SSH: 52 байт
2026-04-07 02:04:40,200 [DEBUG] TUN->SSH: 95 байт
2026-04-07 02:04:40,216 [DEBUG] TUN->SSH: 52 байт
2026-04-07 02:04:40,216 [DEBUG] TUN->SSH: 81 байт
2026-04-07 02:04:40,223 [DEBUG] SSH->TUN: 1916 байт
2026-04-07 02:04:40,224 [DEBUG] TUN->SSH: 52 байт
2026-04-07 02:04:40,251 [DEBUG] SSH->TUN: 52 байт
2026-04-07 02:04:40,252 [DEBUG] SSH->TUN: 95 байт
2026-04-07 02:04:40,253 [DEBUG] TUN->SSH: 52 байт
2026-04-07 02:04:40,253 [DEBUG] TUN->SSH: 52 байт
2026-04-07 02:04:40,254 [DEBUG] TUN->SSH: 60 байт
2026-04-07 02:04:40,303 [DEBUG] TUN->SSH: 52 байт
2026-04-07 02:04:40,303 [DEBUG] SSH->TUN: 52 байт
2026-04-07 02:04:40,309 [DEBUG] SSH->TUN: 60 байт
2026-04-07 02:04:40,310 [DEBUG] TUN->SSH: 52 байт
2026-04-07 02:04:40,310 [DEBUG] TUN->SSH: 95 байт
2026-04-07 02:04:40,359 [DEBUG] SSH->TUN: 147 байт
2026-04-07 02:04:40,427 [DEBUG] TUN->SSH: 81 байт
2026-04-07 02:04:40,451 [DEBUG] TUN->SSH: 64 байт
2026-04-07 02:04:40,533 [DEBUG] SSH->TUN: 83 байт
2026-04-07 02:04:40,533 [DEBUG] TUN->SSH: 52 байт
2026-04-07 02:04:40,620 [DEBUG] SSH->TUN: 95 байт
2026-04-07 02:04:40,621 [DEBUG] TUN->SSH: 52 байт
2026-04-07 02:04:40,621 [DEBUG] TUN->SSH: 52 байт
2026-04-07 02:04:40,622 [DEBUG] TUN->SSH: 60 байт
2026-04-07 02:04:40,635 [DEBUG] TUN->SSH: 81 байт
2026-04-07 02:04:40,670 [DEBUG] TUN->SSH: 52 байт
2026-04-07 02:04:40,670 [DEBUG] SSH->TUN: 52 байт
2026-04-07 02:04:40,671 [DEBUG] SSH->TUN: 60 байт
2026-04-07 02:04:40,671 [DEBUG] TUN->SSH: 52 байт
2026-04-07 02:04:40,672 [DEBUG] TUN->SSH: 95 байт
2026-04-07 02:04:40,681 [DEBUG] TUN->SSH: 64 байт
2026-04-07 02:04:40,701 [DEBUG] TUN->SSH: 317 байт
2026-04-07 02:04:40,721 [DEBUG] SSH->TUN: 147 байт
2026-04-07 02:04:40,807 [DEBUG] SSH->TUN: 52 байт
2026-04-07 02:04:41,003 [DEBUG] TUN->SSH: 81 байт
2026-04-07 02:04:41,007 [DEBUG] TUN->SSH: 64 байт
2026-04-07 02:04:41,008 [DEBUG] SSH->TUN: 1280 байт
2026-04-07 02:04:41,008 [DEBUG] TUN->SSH: 52 байт
2026-04-07 02:04:41,008 [DEBUG] TUN->SSH: 178 байт
2026-04-07 02:04:41,009 [DEBUG] TUN->SSH: 151 байт
2026-04-07 02:04:41,009 [DEBUG] TUN->SSH: 386 байт
2026-04-07 02:04:41,010 [DEBUG] TUN->SSH: 489 байт
2026-04-07 02:04:41,028 [DEBUG] SSH->TUN: 95 байт
2026-04-07 02:04:41,028 [DEBUG] TUN->SSH: 52 байт
2026-04-07 02:04:41,029 [DEBUG] TUN->SSH: 52 байт
2026-04-07 02:04:41,029 [DEBUG] TUN->SSH: 60 байт
2026-04-07 02:04:41,051 [DEBUG] TUN->SSH: 81 байт
2026-04-07 02:04:41,102 [DEBUG] SSH->TUN: 112 байт
2026-04-07 02:04:41,103 [DEBUG] TUN->SSH: 52 байт
2026-04-07 02:04:41,103 [DEBUG] TUN->SSH: 95 байт
2026-04-07 02:04:41,145 [DEBUG] TUN->SSH: 64 байт
2026-04-07 02:04:41,152 [DEBUG] SSH->TUN: 52 байт
2026-04-07 02:04:41,153 [DEBUG] SSH->TUN: 95 байт
2026-04-07 02:04:41,153 [DEBUG] TUN->SSH: 52 байт
2026-04-07 02:04:41,154 [DEBUG] TUN->SSH: 52 байт
2026-04-07 02:04:41,154 [DEBUG] TUN->SSH: 60 байт
2026-04-07 02:04:41,203 [DEBUG] SSH->TUN: 52 байт
2026-04-07 02:04:41,203 [DEBUG] TUN->SSH: 52 байт
2026-04-07 02:04:41,204 [DEBUG] SSH->TUN: 60 байт
2026-04-07 02:04:41,205 [DEBUG] TUN->SSH: 52 байт
2026-04-07 02:04:41,205 [DEBUG] TUN->SSH: 95 байт
2026-04-07 02:04:41,229 [DEBUG] SSH->TUN: 98 байт
2026-04-07 02:04:41,229 [DEBUG] TUN->SSH: 40 байт
2026-04-07 02:04:41,230 [DEBUG] SSH->TUN: 135 байт
2026-04-07 02:04:41,230 [DEBUG] TUN->SSH: 40 байт
2026-04-07 02:04:41,233 [DEBUG] SSH->TUN: 256 байт
2026-04-07 02:04:41,235 [DEBUG] TUN->SSH: 52 байт
2026-04-07 02:04:41,235 [DEBUG] SSH->TUN: 182 байт
2026-04-07 02:04:41,235 [DEBUG] TUN->SSH: 90 байт
2026-04-07 02:04:41,243 [DEBUG] SSH->TUN: 636 байт
2026-04-07 02:04:41,244 [DEBUG] TUN->SSH: 52 байт
2026-04-07 02:04:41,244 [DEBUG] TUN->SSH: 178 байт
2026-04-07 02:04:41,254 [DEBUG] SSH->TUN: 52 байт
2026-04-07 02:04:41,254 [DEBUG] SSH->TUN: 95 байт
2026-04-07 02:04:41,255 [DEBUG] TUN->SSH: 52 байт
2026-04-07 02:04:41,255 [DEBUG] TUN->SSH: 52 байт
2026-04-07 02:04:41,256 [DEBUG] TUN->SSH: 60 байт
2026-04-07 02:04:41,283 [DEBUG] TUN->SSH: 52 байт
2026-04-07 02:04:41,305 [DEBUG] SSH->TUN: 112 байт
2026-04-07 02:04:41,306 [DEBUG] TUN->SSH: 52 байт
2026-04-07 02:04:41,332 [DEBUG] SSH->TUN: 64 байт
2026-04-07 02:04:41,358 [DEBUG] SSH->TUN: 52 байт
2026-04-07 02:04:41,358 [DEBUG] TUN->SSH: 52 байт
2026-04-07 02:04:41,468 [DEBUG] SSH->TUN: 52 байт
2026-04-07 02:04:41,469 [DEBUG] SSH->TUN: 377 байт
2026-04-07 02:04:41,499 [DEBUG] SSH->TUN: 52 байт
2026-04-07 02:04:41,510 [DEBUG] TUN->SSH: 52 байт
2026-04-07 02:04:41,524 [DEBUG] TUN->SSH: 52 байт
2026-04-07 02:04:41,534 [DEBUG] SSH->TUN: 129 байт
2026-04-07 02:04:41,535 [DEBUG] TUN->SSH: 40 байт
2026-04-07 02:04:41,594 [DEBUG] TUN->SSH: 52 байт
2026-04-07 02:04:41,594 [DEBUG] SSH->TUN: 52 байт
2026-04-07 02:04:41,771 [DEBUG] TUN->SSH: 52 байт
2026-04-07 02:04:41,899 [DEBUG] TUN->SSH: 81 байт
2026-04-07 02:04:41,965 [DEBUG] SSH->TUN: 92 байт
2026-04-07 02:04:42,019 [DEBUG] TUN->SSH: 52 байт
2026-04-07 02:04:42,090 [DEBUG] TUN->SSH: 64 байт
2026-04-07 02:04:42,091 [DEBUG] TUN->SSH: 52 байт
2026-04-07 02:04:42,091 [DEBUG] SSH->TUN: 52 байт
2026-04-07 02:04:42,283 [DEBUG] TUN->SSH: 60 байт
2026-04-07 02:04:42,313 [DEBUG] SSH->TUN: 60 байт
2026-04-07 02:04:42,313 [DEBUG] TUN->SSH: 52 байт
2026-04-07 02:04:42,313 [DEBUG] TUN->SSH: 95 байт
2026-04-07 02:04:42,334 [DEBUG] SSH->TUN: 60 байт
2026-04-07 02:04:42,334 [DEBUG] TUN->SSH: 52 байт
2026-04-07 02:04:42,362 [DEBUG] SSH->TUN: 52 байт
2026-04-07 02:04:42,363 [DEBUG] SSH->TUN: 95 байт
2026-04-07 02:04:42,363 [DEBUG] TUN->SSH: 52 байт
2026-04-07 02:04:42,364 [DEBUG] TUN->SSH: 52 байт
2026-04-07 02:04:42,364 [DEBUG] TUN->SSH: 60 байт
2026-04-07 02:04:42,413 [DEBUG] TUN->SSH: 52 байт
2026-04-07 02:04:42,413 [DEBUG] SSH->TUN: 52 байт
2026-04-07 02:04:42,414 [DEBUG] SSH->TUN: 60 байт
2026-04-07 02:04:42,414 [DEBUG] TUN->SSH: 52 байт
2026-04-07 02:04:42,414 [DEBUG] TUN->SSH: 95 байт
2026-04-07 02:04:42,459 [DEBUG] SSH->TUN: 121 байт
2026-04-07 02:04:42,460 [DEBUG] TUN->SSH: 52 байт
2026-04-07 02:04:42,463 [DEBUG] SSH->TUN: 52 байт
2026-04-07 02:04:42,464 [DEBUG] SSH->TUN: 95 байт
2026-04-07 02:04:42,464 [DEBUG] TUN->SSH: 52 байт
2026-04-07 02:04:42,464 [DEBUG] TUN->SSH: 52 байт
2026-04-07 02:04:42,465 [DEBUG] TUN->SSH: 60 байт
2026-04-07 02:04:42,514 [DEBUG] SSH->TUN: 112 байт
2026-04-07 02:04:42,514 [DEBUG] TUN->SSH: 52 байт
2026-04-07 02:04:42,523 [DEBUG] SSH->TUN: 52 байт
2026-04-07 02:04:42,564 [DEBUG] TUN->SSH: 52 байт
2026-04-07 02:04:42,701 [DEBUG] TUN->SSH: 205 байт
2026-04-07 02:04:42,731 [DEBUG] TUN->SSH: 81 байт
2026-04-07 02:04:42,768 [DEBUG] SSH->TUN: 52 байт
2026-04-07 02:04:42,792 [DEBUG] TUN->SSH: 64 байт
2026-04-07 02:04:43,179 [DEBUG] TUN->SSH: 52 байт
2026-04-07 02:04:43,499 [DEBUG] TUN->SSH: 60 байт
2026-04-07 02:04:43,528 [DEBUG] SSH->TUN: 60 байт
2026-04-07 02:04:43,529 [DEBUG] TUN->SSH: 52 байт
2026-04-07 02:04:43,529 [DEBUG] TUN->SSH: 95 байт
2026-04-07 02:04:43,550 [DEBUG] SSH->TUN: 60 байт
2026-04-07 02:04:43,551 [DEBUG] TUN->SSH: 52 байт
2026-04-07 02:04:43,563 [DEBUG] TUN->SSH: 81 байт
2026-04-07 02:04:43,585 [DEBUG] SSH->TUN: 147 байт
2026-04-07 02:04:43,691 [DEBUG] TUN->SSH: 52 байт
2026-04-07 02:04:43,701 [DEBUG] TUN->SSH: 301 байт
2026-04-07 02:04:43,740 [DEBUG] SSH->TUN: 52 байт
2026-04-07 02:04:43,740 [DEBUG] TUN->SSH: 52 байт
2026-04-07 02:04:43,814 [DEBUG] SSH->TUN: 52 байт
2026-04-07 02:04:43,820 [DEBUG] TUN->SSH: 52 байт
2026-04-07 02:04:43,840 [DEBUG] SSH->TUN: 95 байт
2026-04-07 02:04:43,840 [DEBUG] TUN->SSH: 52 байт
2026-04-07 02:04:43,840 [DEBUG] TUN->SSH: 52 байт
2026-04-07 02:04:43,841 [DEBUG] TUN->SSH: 60 байт
2026-04-07 02:04:43,890 [DEBUG] SSH->TUN: 112 байт
2026-04-07 02:04:43,890 [DEBUG] TUN->SSH: 52 байт
2026-04-07 02:04:43,945 [DEBUG] TUN->SSH: 64 байт
2026-04-07 02:04:44,203 [DEBUG] TUN->SSH: 52 байт
2026-04-07 02:04:44,700 [DEBUG] TUN->SSH: 317 байт
2026-04-07 02:04:44,816 [DEBUG] SSH->TUN: 52 байт
2026-04-07 02:04:44,843 [DEBUG] TUN->SSH: 60 байт
2026-04-07 02:04:44,896 [DEBUG] SSH->TUN: 60 байт
2026-04-07 02:04:44,896 [DEBUG] TUN->SSH: 52 байт
2026-04-07 02:04:44,897 [DEBUG] TUN->SSH: 95 байт
2026-04-07 02:04:44,947 [DEBUG] SSH->TUN: 52 байт
2026-04-07 02:04:44,949 [DEBUG] SSH->TUN: 95 байт
2026-04-07 02:04:44,949 [DEBUG] TUN->SSH: 52 байт
2026-04-07 02:04:44,950 [DEBUG] TUN->SSH: 52 байт
2026-04-07 02:04:44,950 [DEBUG] TUN->SSH: 60 байт
2026-04-07 02:04:44,999 [DEBUG] SSH->TUN: 52 байт
2026-04-07 02:04:44,999 [DEBUG] TUN->SSH: 52 байт
2026-04-07 02:04:45,000 [DEBUG] SSH->TUN: 60 байт
2026-04-07 02:04:45,000 [DEBUG] TUN->SSH: 52 байт
2026-04-07 02:04:45,000 [DEBUG] TUN->SSH: 95 байт
2026-04-07 02:04:45,054 [DEBUG] SSH->TUN: 52 байт
2026-04-07 02:04:45,064 [DEBUG] SSH->TUN: 149 байт
2026-04-07 02:04:45,064 [DEBUG] TUN->SSH: 52 байт
2026-04-07 02:04:45,065 [DEBUG] TUN->SSH: 52 байт
2026-04-07 02:04:45,065 [DEBUG] TUN->SSH: 60 байт
2026-04-07 02:04:45,119 [DEBUG] TUN->SSH: 52 байт
2026-04-07 02:04:45,119 [DEBUG] SSH->TUN: 112 байт
2026-04-07 02:04:45,867 [DEBUG] TUN->SSH: 52 байт
2026-04-07 02:04:46,123 [DEBUG] TUN->SSH: 60 байт
2026-04-07 02:04:46,187 [DEBUG] TUN->SSH: 81 байт
2026-04-07 02:04:46,198 [DEBUG] SSH->TUN: 120 байт
2026-04-07 02:04:46,199 [DEBUG] TUN->SSH: 52 байт
2026-04-07 02:04:46,199 [DEBUG] TUN->SSH: 144 байт
2026-04-07 02:04:46,249 [DEBUG] SSH->TUN: 196 байт
2026-04-07 02:04:46,313 [DEBUG] TUN->SSH: 64 байт
2026-04-07 02:04:46,585 [DEBUG] SSH->TUN: 144 байт
2026-04-07 02:04:46,585 [DEBUG] TUN->SSH: 52 байт
2026-04-07 02:04:46,585 [DEBUG] TUN->SSH: 52 байт
2026-04-07 02:04:46,586 [DEBUG] TUN->SSH: 60 байт
2026-04-07 02:04:46,637 [DEBUG] SSH->TUN: 52 байт
2026-04-07 02:04:46,638 [DEBUG] TUN->SSH: 52 байт
2026-04-07 02:04:46,638 [DEBUG] SSH->TUN: 60 байт
2026-04-07 02:04:46,638 [DEBUG] TUN->SSH: 52 байт
2026-04-07 02:04:46,638 [DEBUG] TUN->SSH: 144 байт
2026-04-07 02:04:46,689 [DEBUG] SSH->TUN: 52 байт
2026-04-07 02:04:46,690 [DEBUG] SSH->TUN: 144 байт
2026-04-07 02:04:46,690 [DEBUG] TUN->SSH: 52 байт
2026-04-07 02:04:46,690 [DEBUG] TUN->SSH: 52 байт
2026-04-07 02:04:46,691 [DEBUG] TUN->SSH: 60 байт
2026-04-07 02:04:46,740 [DEBUG] SSH->TUN: 52 байт
2026-04-07 02:04:46,740 [DEBUG] TUN->SSH: 52 байт
2026-04-07 02:04:46,740 [DEBUG] SSH->TUN: 60 байт
2026-04-07 02:04:46,741 [DEBUG] TUN->SSH: 52 байт
2026-04-07 02:04:46,741 [DEBUG] TUN->SSH: 144 байт
2026-04-07 02:04:46,793 [DEBUG] SSH->TUN: 52 байт
2026-04-07 02:04:46,794 [DEBUG] SSH->TUN: 144 байт
2026-04-07 02:04:46,794 [DEBUG] TUN->SSH: 52 байт
2026-04-07 02:04:46,794 [DEBUG] TUN->SSH: 52 байт
2026-04-07 02:04:46,848 [DEBUG] SSH->TUN: 52 байт
2026-04-07 02:04:46,848 [DEBUG] TUN->SSH: 52 байт
2026-04-07 02:04:46,891 [DEBUG] TUN->SSH: 81 байт
2026-04-07 02:04:47,009 [DEBUG] SSH->TUN: 525 байт
2026-04-07 02:04:47,010 [DEBUG] TUN->SSH: 40 байт
2026-04-07 02:04:47,325 [DEBUG] TUN->SSH: 40 байт
2026-04-07 02:04:47,326 [DEBUG] TUN->SSH: 60 байт
2026-04-07 02:04:47,327 [DEBUG] TUN->SSH: 52 байт
2026-04-07 02:04:47,398 [DEBUG] SSH->TUN: 60 байт
2026-04-07 02:04:47,398 [DEBUG] TUN->SSH: 52 байт
2026-04-07 02:04:47,399 [DEBUG] TUN->SSH: 1280 байт
2026-04-07 02:04:47,399 [DEBUG] TUN->SSH: 432 байт
2026-04-07 02:04:47,438 [DEBUG] TUN->SSH: 64 байт
2026-04-07 02:04:47,474 [DEBUG] SSH->TUN: 3944 байт
2026-04-07 02:04:47,522 [DEBUG] SSH->TUN: 2175 байт
2026-04-07 02:04:47,523 [DEBUG] TUN->SSH: 64 байт
2026-04-07 02:04:47,579 [DEBUG] TUN->SSH: 52 байт
2026-04-07 02:04:47,596 [DEBUG] SSH->TUN: 1280 байт
2026-04-07 02:04:47,597 [DEBUG] TUN->SSH: 64 байт
2026-04-07 02:04:47,656 [DEBUG] TUN->SSH: 64 байт
2026-04-07 02:04:47,673 [DEBUG] SSH->TUN: 4271 байт
2026-04-07 02:04:47,674 [DEBUG] TUN->SSH: 64 байт
2026-04-07 02:04:47,691 [DEBUG] TUN->SSH: 64 байт
2026-04-07 02:04:47,827 [DEBUG] TUN->SSH: 52 байт
2026-04-07 02:04:47,915 [DEBUG] TUN->SSH: 52 байт
2026-04-07 02:04:48,044 [DEBUG] SSH->TUN: 1280 байт
2026-04-07 02:04:48,045 [DEBUG] TUN->SSH: 52 байт
2026-04-07 02:04:48,073 [INFO] Останавливаю туннель...
2026-04-07 02:04:48,076 [DEBUG] Восстановлен: default via 192.168.5.1 dev wlp0s20f3
2026-04-07 02:04:48,078 [DEBUG] Восстановлен: default via 192.168.5.1 dev wlp0s20f3
2026-04-07 02:04:48,078 [INFO] Маршруты восстановлены
2026-04-07 02:04:48,090 [INFO] Интерфейс strans-tun0 удалён
2026-04-07 02:04:48,090 [INFO] Остановлено
2026-04-07 02:04:48,090 [DEBUG] TUN->SSH: отменён
2026-04-07 02:04:48,090 [DEBUG] SSH->TUN: отменён
