2026-04-08 13:40:38,610 [INFO] === Запуск клиента ===
2026-04-08 13:40:38,610 [INFO] Лог файл: logs/client_20260408_134038.log
2026-04-08 13:40:38,612 [INFO] Подключаюсь к 217.154.79.223:22 как 'alice'
2026-04-08 13:40:38,888 [INFO] SSH соединение установлено
2026-04-08 13:40:38,973 [INFO] PUSH_REPLY: client_ip=198.19.0.4 server_ip=198.19.0.1 mtu=1280 stealth=0
2026-04-08 13:40:38,983 [INFO] Интерфейс strans-tun0:
24: strans-tun0: <POINTOPOINT,MULTICAST,NOARP,UP,LOWER_UP> mtu 1280 qdisc fq_codel state UP group default qlen 500
    link/none 
    inet 198.19.0.4 peer 198.19.0.1/32 scope global strans-tun0
       valid_lft forever preferred_lft forever
2026-04-08 13:40:39,071 [INFO] SSH tunnel канал открыт
2026-04-08 13:40:39,073 [INFO] Маршрут к серверу: 217.154.79.223 via 192.168.5.1 dev wlp0s20f3
2026-04-08 13:40:39,077 [INFO] Весь трафик через strans-tun0
2026-04-08 13:40:39,078 [INFO] Туннель активен.
2026-04-08 13:40:39,078 [INFO] Форвардинг запущен [stealth=0]
2026-04-08 13:40:39,143 [DEBUG] TUN->SSH: 60 байт
2026-04-08 13:40:39,144 [DEBUG] TUN->SSH: 60 байт
2026-04-08 13:40:39,271 [DEBUG] TUN->SSH: 52 байт
2026-04-08 13:40:39,317 [DEBUG] SSH->TUN: 52 байт
2026-04-08 13:40:39,318 [DEBUG] TUN->SSH: 52 байт
2026-04-08 13:40:40,103 [DEBUG] TUN->SSH: 60 байт
2026-04-08 13:40:40,103 [DEBUG] TUN->SSH: 60 байт
2026-04-08 13:40:40,104 [DEBUG] TUN->SSH: 60 байт
2026-04-08 13:40:40,167 [DEBUG] TUN->SSH: 60 байт
2026-04-08 13:40:40,167 [DEBUG] TUN->SSH: 60 байт
2026-04-08 13:40:40,231 [DEBUG] TUN->SSH: 60 байт
2026-04-08 13:40:40,232 [DEBUG] TUN->SSH: 60 байт
2026-04-08 13:40:40,232 [DEBUG] TUN->SSH: 60 байт
2026-04-08 13:40:40,233 [DEBUG] TUN->SSH: 60 байт
2026-04-08 13:40:40,233 [DEBUG] TUN->SSH: 60 байт
2026-04-08 13:40:40,233 [DEBUG] TUN->SSH: 60 байт
2026-04-08 13:40:40,295 [DEBUG] TUN->SSH: 88 байт
2026-04-08 13:40:40,295 [DEBUG] TUN->SSH: 88 байт
2026-04-08 13:40:40,296 [DEBUG] TUN->SSH: 88 байт
2026-04-08 13:40:40,365 [DEBUG] SSH->TUN: 40 байт
2026-04-08 13:40:40,366 [DEBUG] SSH->TUN: 40 байт
2026-04-08 13:40:40,366 [DEBUG] SSH->TUN: 40 байт
2026-04-08 13:40:41,058 [DEBUG] TUN->SSH: 60 байт
2026-04-08 13:40:41,058 [DEBUG] TUN->SSH: 60 байт
2026-04-08 13:40:41,059 [DEBUG] TUN->SSH: 60 байт
2026-04-08 13:40:41,059 [DEBUG] TUN->SSH: 60 байт
2026-04-08 13:40:41,059 [DEBUG] TUN->SSH: 60 байт
2026-04-08 13:40:41,060 [DEBUG] TUN->SSH: 60 байт
2026-04-08 13:40:41,124 [DEBUG] SSH->TUN: 60 байт
2026-04-08 13:40:41,125 [DEBUG] TUN->SSH: 52 байт
2026-04-08 13:40:41,125 [DEBUG] SSH->TUN: 60 байт
2026-04-08 13:40:41,125 [DEBUG] TUN->SSH: 522 байт
2026-04-08 13:40:41,125 [DEBUG] SSH->TUN: 60 байт
2026-04-08 13:40:41,126 [DEBUG] TUN->SSH: 52 байт
2026-04-08 13:40:41,126 [DEBUG] SSH->TUN: 60 байт
2026-04-08 13:40:41,126 [DEBUG] TUN->SSH: 422 байт
2026-04-08 13:40:41,126 [DEBUG] SSH->TUN: 60 байт
2026-04-08 13:40:41,127 [DEBUG] TUN->SSH: 52 байт
2026-04-08 13:40:41,127 [DEBUG] TUN->SSH: 377 байт
2026-04-08 13:40:41,127 [DEBUG] TUN->SSH: 52 байт
2026-04-08 13:40:41,128 [DEBUG] TUN->SSH: 341 байт
2026-04-08 13:40:41,128 [DEBUG] TUN->SSH: 52 байт
2026-04-08 13:40:41,128 [DEBUG] TUN->SSH: 289 байт
2026-04-08 13:40:41,129 [DEBUG] TUN->SSH: 60 байт
2026-04-08 13:40:41,129 [DEBUG] TUN->SSH: 60 байт
2026-04-08 13:40:41,129 [DEBUG] TUN->SSH: 60 байт
2026-04-08 13:40:41,164 [DEBUG] SSH->TUN: 60 байт
2026-04-08 13:40:41,164 [DEBUG] TUN->SSH: 52 байт
2026-04-08 13:40:41,164 [DEBUG] TUN->SSH: 510 байт
2026-04-08 13:40:41,191 [DEBUG] TUN->SSH: 60 байт
2026-04-08 13:40:41,191 [DEBUG] TUN->SSH: 60 байт
2026-04-08 13:40:41,192 [DEBUG] SSH->TUN: 307 байт
2026-04-08 13:40:41,192 [DEBUG] TUN->SSH: 52 байт
2026-04-08 13:40:41,193 [DEBUG] TUN->SSH: 52 байт
2026-04-08 13:40:41,193 [DEBUG] SSH->TUN: 307 байт
2026-04-08 13:40:41,193 [DEBUG] SSH->TUN: 257 байт
2026-04-08 13:40:41,194 [DEBUG] TUN->SSH: 52 байт
2026-04-08 13:40:41,194 [DEBUG] TUN->SSH: 52 байт
2026-04-08 13:40:41,194 [DEBUG] SSH->TUN: 233 байт
2026-04-08 13:40:41,195 [DEBUG] TUN->SSH: 301 байт
2026-04-08 13:40:41,195 [DEBUG] TUN->SSH: 52 байт
2026-04-08 13:40:41,195 [DEBUG] SSH->TUN: 169 байт
2026-04-08 13:40:41,195 [DEBUG] TUN->SSH: 52 байт
2026-04-08 13:40:41,196 [DEBUG] TUN->SSH: 365 байт
2026-04-08 13:40:41,196 [DEBUG] TUN->SSH: 52 байт
2026-04-08 13:40:41,196 [DEBUG] TUN->SSH: 52 байт
2026-04-08 13:40:41,196 [DEBUG] TUN->SSH: 333 байт
2026-04-08 13:40:41,236 [DEBUG] SSH->TUN: 303 байт
2026-04-08 13:40:41,236 [DEBUG] TUN->SSH: 40 байт
2026-04-08 13:40:41,259 [DEBUG] TUN->SSH: 52 байт
2026-04-08 13:40:41,259 [DEBUG] SSH->TUN: 52 байт
2026-04-08 13:40:41,265 [DEBUG] SSH->TUN: 52 байт
2026-04-08 13:40:41,266 [DEBUG] TUN->SSH: 52 байт
2026-04-08 13:40:41,266 [DEBUG] SSH->TUN: 205 байт
2026-04-08 13:40:41,266 [DEBUG] SSH->TUN: 205 байт
2026-04-08 13:40:41,266 [DEBUG] SSH->TUN: 52 байт
2026-04-08 13:40:41,267 [DEBUG] TUN->SSH: 40 байт
2026-04-08 13:40:41,273 [DEBUG] SSH->TUN: 205 байт
2026-04-08 13:40:41,273 [DEBUG] SSH->TUN: 656 байт
2026-04-08 13:40:41,274 [DEBUG] TUN->SSH: 52 байт
2026-04-08 13:40:41,277 [DEBUG] SSH->TUN: 656 байт
2026-04-08 13:40:41,278 [DEBUG] TUN->SSH: 52 байт
2026-04-08 13:40:41,278 [DEBUG] SSH->TUN: 688 байт
2026-04-08 13:40:41,278 [DEBUG] TUN->SSH: 52 байт
2026-04-08 13:40:42,050 [DEBUG] TUN->SSH: 60 байт
2026-04-08 13:40:42,151 [DEBUG] TUN->SSH: 60 байт
2026-04-08 13:40:42,151 [DEBUG] TUN->SSH: 60 байт
2026-04-08 13:40:42,156 [DEBUG] SSH->TUN: 60 байт
2026-04-08 13:40:42,156 [DEBUG] TUN->SSH: 52 байт
2026-04-08 13:40:42,157 [DEBUG] TUN->SSH: 120 байт
2026-04-08 13:40:42,205 [DEBUG] SSH->TUN: 52 байт
2026-04-08 13:40:42,206 [DEBUG] SSH->TUN: 118 байт
2026-04-08 13:40:42,206 [DEBUG] TUN->SSH: 52 байт
2026-04-08 13:40:42,206 [DEBUG] SSH->TUN: 142 байт
2026-04-08 13:40:42,206 [DEBUG] TUN->SSH: 52 байт
2026-04-08 13:40:42,207 [DEBUG] TUN->SSH: 52 байт
2026-04-08 13:40:42,207 [DEBUG] TUN->SSH: 60 байт
2026-04-08 13:40:42,253 [DEBUG] SSH->TUN: 52 байт
2026-04-08 13:40:42,253 [DEBUG] TUN->SSH: 52 байт
2026-04-08 13:40:42,260 [DEBUG] SSH->TUN: 60 байт
2026-04-08 13:40:42,261 [DEBUG] TUN->SSH: 52 байт
2026-04-08 13:40:42,263 [DEBUG] TUN->SSH: 569 байт
2026-04-08 13:40:42,318 [DEBUG] SSH->TUN: 52 байт
2026-04-08 13:40:42,331 [DEBUG] SSH->TUN: 1280 байт
2026-04-08 13:40:42,331 [DEBUG] TUN->SSH: 52 байт
2026-04-08 13:40:42,332 [DEBUG] SSH->TUN: 1280 байт
2026-04-08 13:40:42,332 [DEBUG] TUN->SSH: 52 байт
2026-04-08 13:40:42,332 [DEBUG] SSH->TUN: 561 байт
2026-04-08 13:40:42,333 [DEBUG] TUN->SSH: 52 байт
2026-04-08 13:40:42,337 [DEBUG] TUN->SSH: 132 байт
2026-04-08 13:40:42,344 [DEBUG] TUN->SSH: 52 байт
2026-04-08 13:40:42,389 [DEBUG] SSH->TUN: 40 байт
2026-04-08 13:40:42,389 [DEBUG] SSH->TUN: 700 байт
2026-04-08 13:40:42,390 [DEBUG] TUN->SSH: 384 байт
2026-04-08 13:40:42,449 [DEBUG] SSH->TUN: 83 байт
2026-04-08 13:40:42,449 [DEBUG] TUN->SSH: 83 байт
2026-04-08 13:40:42,450 [DEBUG] SSH->TUN: 346 байт
2026-04-08 13:40:42,450 [DEBUG] SSH->TUN: 361 байт
2026-04-08 13:40:42,450 [DEBUG] TUN->SSH: 52 байт
2026-04-08 13:40:42,450 [DEBUG] SSH->TUN: 83 байт
2026-04-08 13:40:42,451 [DEBUG] SSH->TUN: 91 байт
2026-04-08 13:40:42,451 [DEBUG] TUN->SSH: 52 байт
2026-04-08 13:40:42,508 [DEBUG] SSH->TUN: 52 байт
2026-04-08 13:40:42,508 [DEBUG] TUN->SSH: 91 байт
2026-04-08 13:40:42,563 [DEBUG] SSH->TUN: 52 байт
2026-04-08 13:40:42,850 [DEBUG] TUN->SSH: 60 байт
2026-04-08 13:40:42,898 [DEBUG] SSH->TUN: 60 байт
2026-04-08 13:40:42,898 [DEBUG] TUN->SSH: 52 байт
2026-04-08 13:40:42,899 [DEBUG] TUN->SSH: 569 байт
2026-04-08 13:40:42,942 [DEBUG] SSH->TUN: 52 байт
2026-04-08 13:40:42,945 [DEBUG] SSH->TUN: 1280 байт
2026-04-08 13:40:42,945 [DEBUG] TUN->SSH: 52 байт
2026-04-08 13:40:42,948 [DEBUG] SSH->TUN: 1280 байт
2026-04-08 13:40:42,948 [DEBUG] TUN->SSH: 52 байт
2026-04-08 13:40:42,949 [DEBUG] SSH->TUN: 475 байт
2026-04-08 13:40:42,949 [DEBUG] TUN->SSH: 52 байт
2026-04-08 13:40:42,953 [DEBUG] TUN->SSH: 132 байт
2026-04-08 13:40:43,000 [DEBUG] SSH->TUN: 612 байт
2026-04-08 13:40:43,000 [DEBUG] TUN->SSH: 401 байт
2026-04-08 13:40:43,045 [DEBUG] SSH->TUN: 83 байт
2026-04-08 13:40:43,045 [DEBUG] TUN->SSH: 83 байт
2026-04-08 13:40:43,047 [DEBUG] SSH->TUN: 212 байт
2026-04-08 13:40:43,047 [DEBUG] SSH->TUN: 667 байт
2026-04-08 13:40:43,047 [DEBUG] TUN->SSH: 52 байт
2026-04-08 13:40:43,048 [DEBUG] TUN->SSH: 52 байт
2026-04-08 13:40:43,048 [DEBUG] TUN->SSH: 52 байт
2026-04-08 13:40:43,050 [DEBUG] TUN->SSH: 60 байт
2026-04-08 13:40:43,053 [DEBUG] TUN->SSH: 60 байт
2026-04-08 13:40:43,054 [DEBUG] TUN->SSH: 60 байт
2026-04-08 13:40:43,093 [DEBUG] TUN->SSH: 52 байт
2026-04-08 13:40:43,093 [DEBUG] SSH->TUN: 52 байт
2026-04-08 13:40:43,106 [DEBUG] TUN->SSH: 52 байт
2026-04-08 13:40:43,107 [DEBUG] SSH->TUN: 52 байт
2026-04-08 13:40:43,107 [DEBUG] SSH->TUN: 60 байт
2026-04-08 13:40:43,107 [DEBUG] TUN->SSH: 52 байт
2026-04-08 13:40:43,108 [DEBUG] TUN->SSH: 1280 байт
2026-04-08 13:40:43,108 [DEBUG] TUN->SSH: 580 байт
2026-04-08 13:40:43,171 [DEBUG] SSH->TUN: 52 байт
2026-04-08 13:40:43,171 [DEBUG] SSH->TUN: 52 байт
2026-04-08 13:40:43,172 [DEBUG] SSH->TUN: 576 байт
2026-04-08 13:40:43,172 [DEBUG] TUN->SSH: 52 байт
2026-04-08 13:40:43,172 [DEBUG] SSH->TUN: 576 байт
2026-04-08 13:40:43,173 [DEBUG] TUN->SSH: 52 байт
2026-04-08 13:40:43,173 [DEBUG] SSH->TUN: 576 байт
2026-04-08 13:40:43,173 [DEBUG] TUN->SSH: 52 байт
2026-04-08 13:40:43,176 [DEBUG] TUN->SSH: 52 байт
2026-04-08 13:40:43,176 [DEBUG] SSH->TUN: 576 байт
2026-04-08 13:40:43,176 [DEBUG] SSH->TUN: 576 байт
2026-04-08 13:40:43,177 [DEBUG] TUN->SSH: 52 байт
2026-04-08 13:40:43,177 [DEBUG] SSH->TUN: 576 байт
2026-04-08 13:40:43,177 [DEBUG] TUN->SSH: 52 байт
2026-04-08 13:40:43,177 [DEBUG] SSH->TUN: 290 байт
2026-04-08 13:40:43,178 [DEBUG] TUN->SSH: 52 байт
2026-04-08 13:40:43,178 [DEBUG] TUN->SSH: 340 байт
2026-04-08 13:40:43,239 [DEBUG] TUN->SSH: 60 байт
2026-04-08 13:40:43,240 [DEBUG] TUN->SSH: 60 байт
2026-04-08 13:40:43,242 [DEBUG] SSH->TUN: 197 байт
2026-04-08 13:40:43,243 [DEBUG] TUN->SSH: 327 байт
2026-04-08 13:40:43,255 [DEBUG] SSH->TUN: 60 байт
2026-04-08 13:40:43,256 [DEBUG] TUN->SSH: 52 байт
2026-04-08 13:40:43,256 [DEBUG] TUN->SSH: 369 байт
2026-04-08 13:40:43,259 [DEBUG] SSH->TUN: 60 байт
2026-04-08 13:40:43,259 [DEBUG] TUN->SSH: 52 байт
2026-04-08 13:40:43,260 [DEBUG] TUN->SSH: 344 байт
2026-04-08 13:40:43,311 [DEBUG] SSH->TUN: 165 байт
2026-04-08 13:40:43,311 [DEBUG] TUN->SSH: 293 байт
2026-04-08 13:40:43,396 [DEBUG] SSH->TUN: 230 байт
2026-04-08 13:40:43,413 [DEBUG] SSH->TUN: 576 байт
2026-04-08 13:40:43,414 [DEBUG] TUN->SSH: 52 байт
2026-04-08 13:40:43,414 [DEBUG] SSH->TUN: 155 байт
2026-04-08 13:40:43,454 [DEBUG] TUN->SSH: 52 байт
2026-04-08 13:40:43,459 [DEBUG] SSH->TUN: 193 байт
2026-04-08 13:40:43,460 [DEBUG] TUN->SSH: 52 байт
2026-04-08 13:40:43,460 [DEBUG] TUN->SSH: 52 байт
2026-04-08 13:40:43,460 [DEBUG] TUN->SSH: 269 байт
2026-04-08 13:40:43,463 [DEBUG] SSH->TUN: 307 байт
2026-04-08 13:40:43,464 [DEBUG] TUN->SSH: 40 байт
2026-04-08 13:40:43,721 [DEBUG] SSH->TUN: 157 байт
2026-04-08 13:40:43,722 [DEBUG] TUN->SSH: 301 байт
2026-04-08 13:40:43,722 [DEBUG] SSH->TUN: 52 байт
2026-04-08 13:40:43,722 [DEBUG] TUN->SSH: 40 байт
2026-04-08 13:40:44,028 [DEBUG] SSH->TUN: 221 байт
2026-04-08 13:40:44,029 [DEBUG] SSH->TUN: 557 байт
2026-04-08 13:40:44,029 [DEBUG] TUN->SSH: 52 байт
2026-04-08 13:40:44,030 [DEBUG] TUN->SSH: 52 байт
2026-04-08 13:40:44,030 [DEBUG] TUN->SSH: 52 байт
2026-04-08 13:40:44,050 [DEBUG] TUN->SSH: 60 байт
2026-04-08 13:40:44,050 [DEBUG] TUN->SSH: 60 байт
2026-04-08 13:40:44,089 [DEBUG] TUN->SSH: 52 байт
2026-04-08 13:40:44,089 [DEBUG] SSH->TUN: 52 байт
2026-04-08 13:40:44,116 [DEBUG] SSH->TUN: 60 байт
2026-04-08 13:40:44,116 [DEBUG] TUN->SSH: 52 байт
2026-04-08 13:40:44,116 [DEBUG] SSH->TUN: 60 байт
2026-04-08 13:40:44,116 [DEBUG] TUN->SSH: 397 байт
2026-04-08 13:40:44,117 [DEBUG] TUN->SSH: 52 байт
2026-04-08 13:40:44,117 [DEBUG] TUN->SSH: 329 байт
2026-04-08 13:40:44,180 [DEBUG] TUN->SSH: 52 байт
2026-04-08 13:40:44,180 [DEBUG] SSH->TUN: 221 байт
2026-04-08 13:40:44,180 [DEBUG] TUN->SSH: 52 байт
2026-04-08 13:40:44,180 [DEBUG] TUN->SSH: 285 байт
2026-04-08 13:40:44,190 [DEBUG] SSH->TUN: 307 байт
2026-04-08 13:40:44,191 [DEBUG] TUN->SSH: 40 байт
2026-04-08 13:40:44,236 [DEBUG] SSH->TUN: 52 байт
2026-04-08 13:40:44,236 [DEBUG] TUN->SSH: 52 байт
2026-04-08 13:40:44,245 [DEBUG] SSH->TUN: 52 байт
2026-04-08 13:40:44,245 [DEBUG] TUN->SSH: 40 байт
2026-04-08 13:40:44,246 [DEBUG] SSH->TUN: 1280 байт
2026-04-08 13:40:44,246 [DEBUG] SSH->TUN: 1280 байт
2026-04-08 13:40:44,246 [DEBUG] TUN->SSH: 52 байт
2026-04-08 13:40:44,247 [DEBUG] SSH->TUN: 1280 байт
2026-04-08 13:40:44,247 [DEBUG] SSH->TUN: 1280 байт
2026-04-08 13:40:44,247 [DEBUG] TUN->SSH: 52 байт
2026-04-08 13:40:44,247 [DEBUG] SSH->TUN: 1280 байт
2026-04-08 13:40:44,247 [DEBUG] SSH->TUN: 1280 байт
2026-04-08 13:40:44,248 [DEBUG] TUN->SSH: 52 байт
2026-04-08 13:40:44,248 [DEBUG] SSH->TUN: 1184 байт
2026-04-08 13:40:44,253 [DEBUG] SSH->TUN: 672 байт
2026-04-08 13:40:44,253 [DEBUG] TUN->SSH: 52 байт
2026-04-08 13:40:44,272 [DEBUG] SSH->TUN: 608 байт
2026-04-08 13:40:44,313 [DEBUG] TUN->SSH: 52 байт
2026-04-08 13:40:44,360 [DEBUG] TUN->SSH: 60 байт
2026-04-08 13:40:44,376 [DEBUG] SSH->TUN: 1280 байт
2026-04-08 13:40:44,376 [DEBUG] TUN->SSH: 52 байт
2026-04-08 13:40:44,385 [DEBUG] SSH->TUN: 1280 байт
2026-04-08 13:40:44,386 [DEBUG] TUN->SSH: 52 байт
2026-04-08 13:40:44,386 [DEBUG] SSH->TUN: 184 байт
2026-04-08 13:40:44,386 [DEBUG] TUN->SSH: 52 байт
2026-04-08 13:40:44,388 [DEBUG] TUN->SSH: 557 байт
2026-04-08 13:40:44,416 [DEBUG] SSH->TUN: 60 байт
2026-04-08 13:40:44,416 [DEBUG] TUN->SSH: 52 байт
2026-04-08 13:40:44,417 [DEBUG] TUN->SSH: 110 байт
2026-04-08 13:40:44,458 [DEBUG] SSH->TUN: 52 байт
2026-04-08 13:40:44,460 [DEBUG] SSH->TUN: 97 байт
2026-04-08 13:40:44,460 [DEBUG] TUN->SSH: 52 байт
2026-04-08 13:40:44,460 [DEBUG] SSH->TUN: 109 байт
2026-04-08 13:40:44,461 [DEBUG] TUN->SSH: 52 байт
2026-04-08 13:40:44,461 [DEBUG] TUN->SSH: 52 байт
2026-04-08 13:40:44,461 [DEBUG] TUN->SSH: 60 байт
2026-04-08 13:40:44,467 [DEBUG] SSH->TUN: 928 байт
2026-04-08 13:40:44,479 [DEBUG] SSH->TUN: 1280 байт
2026-04-08 13:40:44,479 [DEBUG] TUN->SSH: 52 байт
2026-04-08 13:40:44,479 [DEBUG] SSH->TUN: 68 байт
2026-04-08 13:40:44,512 [DEBUG] SSH->TUN: 52 байт
2026-04-08 13:40:44,513 [DEBUG] TUN->SSH: 52 байт
2026-04-08 13:40:44,513 [DEBUG] SSH->TUN: 60 байт
2026-04-08 13:40:44,513 [DEBUG] TUN->SSH: 52 байт
2026-04-08 13:40:44,514 [DEBUG] TUN->SSH: 1280 байт
2026-04-08 13:40:44,514 [DEBUG] TUN->SSH: 814 байт
2026-04-08 13:40:44,520 [DEBUG] TUN->SSH: 52 байт
2026-04-08 13:40:44,562 [DEBUG] SSH->TUN: 52 байт
2026-04-08 13:40:44,563 [DEBUG] SSH->TUN: 52 байт
2026-04-08 13:40:44,563 [DEBUG] SSH->TUN: 1280 байт
2026-04-08 13:40:44,563 [DEBUG] TUN->SSH: 52 байт
2026-04-08 13:40:44,563 [DEBUG] SSH->TUN: 199 байт
2026-04-08 13:40:44,564 [DEBUG] TUN->SSH: 52 байт
2026-04-08 13:40:44,564 [DEBUG] TUN->SSH: 116 байт
2026-04-08 13:40:44,564 [DEBUG] TUN->SSH: 144 байт
2026-04-08 13:40:44,565 [DEBUG] TUN->SSH: 1280 байт
2026-04-08 13:40:44,565 [DEBUG] TUN->SSH: 1280 байт
2026-04-08 13:40:44,566 [DEBUG] TUN->SSH: 766 байт
2026-04-08 13:40:44,566 [DEBUG] TUN->SSH: 1280 байт
2026-04-08 13:40:44,566 [DEBUG] TUN->SSH: 1280 байт
2026-04-08 13:40:44,566 [DEBUG] TUN->SSH: 884 байт
2026-04-08 13:40:44,567 [DEBUG] TUN->SSH: 1280 байт
2026-04-08 13:40:44,567 [DEBUG] TUN->SSH: 1280 байт
2026-04-08 13:40:44,609 [DEBUG] SSH->TUN: 580 байт
2026-04-08 13:40:44,609 [DEBUG] TUN->SSH: 1280 байт
2026-04-08 13:40:44,609 [DEBUG] SSH->TUN: 83 байт
2026-04-08 13:40:44,610 [DEBUG] TUN->SSH: 1280 байт
2026-04-08 13:40:44,610 [DEBUG] SSH->TUN: 52 байт
2026-04-08 13:40:44,610 [DEBUG] TUN->SSH: 1280 байт
2026-04-08 13:40:44,611 [DEBUG] SSH->TUN: 52 байт
2026-04-08 13:40:44,611 [DEBUG] TUN->SSH: 1280 байт
2026-04-08 13:40:44,611 [DEBUG] TUN->SSH: 1280 байт
2026-04-08 13:40:44,612 [DEBUG] TUN->SSH: 1280 байт
2026-04-08 13:40:44,612 [DEBUG] TUN->SSH: 1280 байт
2026-04-08 13:40:44,612 [DEBUG] TUN->SSH: 1280 байт
2026-04-08 13:40:44,613 [DEBUG] TUN->SSH: 432 байт
2026-04-08 13:40:44,616 [DEBUG] SSH->TUN: 52 байт
2026-04-08 13:40:44,657 [DEBUG] SSH->TUN: 52 байт
2026-04-08 13:40:44,669 [DEBUG] SSH->TUN: 52 байт
2026-04-08 13:40:44,672 [DEBUG] SSH->TUN: 52 байт
2026-04-08 13:40:44,811 [DEBUG] SSH->TUN: 533 байт
2026-04-08 13:40:44,814 [DEBUG] SSH->TUN: 450 байт
2026-04-08 13:40:44,814 [DEBUG] TUN->SSH: 52 байт
2026-04-08 13:40:44,814 [DEBUG] SSH->TUN: 83 байт
2026-04-08 13:40:44,819 [DEBUG] SSH->TUN: 143 байт
2026-04-08 13:40:44,819 [DEBUG] TUN->SSH: 52 байт
2026-04-08 13:40:44,820 [DEBUG] SSH->TUN: 101 байт
2026-04-08 13:40:44,820 [DEBUG] SSH->TUN: 83 байт
2026-04-08 13:40:44,821 [DEBUG] TUN->SSH: 52 байт
2026-04-08 13:40:45,031 [DEBUG] SSH->TUN: 1184 байт
2026-04-08 13:40:45,031 [DEBUG] TUN->SSH: 52 байт
2026-04-08 13:40:45,031 [DEBUG] SSH->TUN: 156 байт
2026-04-08 13:40:45,032 [DEBUG] TUN->SSH: 52 байт
2026-04-08 13:40:45,032 [DEBUG] SSH->TUN: 204 байт
2026-04-08 13:40:45,032 [DEBUG] SSH->TUN: 83 байт
2026-04-08 13:40:45,033 [DEBUG] SSH->TUN: 166 байт
2026-04-08 13:40:45,033 [DEBUG] SSH->TUN: 125 байт
2026-04-08 13:40:45,033 [DEBUG] SSH->TUN: 90 байт
2026-04-08 13:40:45,034 [DEBUG] TUN->SSH: 52 байт
2026-04-08 13:40:45,034 [DEBUG] SSH->TUN: 83 байт
2026-04-08 13:40:45,075 [DEBUG] TUN->SSH: 52 байт
2026-04-08 13:40:45,179 [DEBUG] SSH->TUN: 146 байт
2026-04-08 13:40:45,180 [DEBUG] TUN->SSH: 52 байт
2026-04-08 13:40:45,180 [DEBUG] SSH->TUN: 105 байт
2026-04-08 13:40:45,180 [DEBUG] TUN->SSH: 52 байт
2026-04-08 13:40:45,185 [DEBUG] SSH->TUN: 83 байт
2026-04-08 13:40:45,186 [DEBUG] TUN->SSH: 52 байт
2026-04-08 13:40:45,415 [DEBUG] TUN->SSH: 88 байт
2026-04-08 13:40:45,416 [DEBUG] TUN->SSH: 52 байт
2026-04-08 13:40:45,420 [DEBUG] SSH->TUN: 195 байт
2026-04-08 13:40:45,420 [DEBUG] TUN->SSH: 52 байт
2026-04-08 13:40:45,437 [DEBUG] TUN->SSH: 477 байт
2026-04-08 13:40:45,467 [DEBUG] SSH->TUN: 1280 байт
2026-04-08 13:40:45,467 [DEBUG] TUN->SSH: 52 байт
2026-04-08 13:40:45,468 [DEBUG] SSH->TUN: 215 байт
2026-04-08 13:40:45,468 [DEBUG] TUN->SSH: 52 байт
2026-04-08 13:40:45,468 [DEBUG] TUN->SSH: 52 байт
2026-04-08 13:40:45,468 [DEBUG] SSH->TUN: 1280 байт
2026-04-08 13:40:45,469 [DEBUG] SSH->TUN: 1280 байт
2026-04-08 13:40:45,469 [DEBUG] TUN->SSH: 52 байт
2026-04-08 13:40:45,469 [DEBUG] TUN->SSH: 52 байт
2026-04-08 13:40:45,469 [DEBUG] SSH->TUN: 52 байт
2026-04-08 13:40:45,469 [DEBUG] SSH->TUN: 378 байт
2026-04-08 13:40:45,470 [DEBUG] TUN->SSH: 52 байт
2026-04-08 13:40:45,470 [DEBUG] SSH->TUN: 1280 байт
2026-04-08 13:40:45,470 [DEBUG] SSH->TUN: 1280 байт
2026-04-08 13:40:45,470 [DEBUG] TUN->SSH: 52 байт
2026-04-08 13:40:45,470 [DEBUG] SSH->TUN: 1280 байт
2026-04-08 13:40:45,476 [DEBUG] SSH->TUN: 1280 байт
2026-04-08 13:40:45,476 [DEBUG] TUN->SSH: 52 байт
2026-04-08 13:40:45,476 [DEBUG] SSH->TUN: 1280 байт
2026-04-08 13:40:45,476 [DEBUG] SSH->TUN: 1280 байт
2026-04-08 13:40:45,476 [DEBUG] TUN->SSH: 52 байт
2026-04-08 13:40:45,477 [DEBUG] SSH->TUN: 1280 байт
2026-04-08 13:40:45,477 [DEBUG] SSH->TUN: 1280 байт
2026-04-08 13:40:45,477 [DEBUG] TUN->SSH: 52 байт
2026-04-08 13:40:45,477 [DEBUG] SSH->TUN: 1280 байт
2026-04-08 13:40:45,477 [DEBUG] SSH->TUN: 1280 байт
2026-04-08 13:40:45,478 [DEBUG] TUN->SSH: 52 байт
2026-04-08 13:40:45,478 [DEBUG] SSH->TUN: 1280 байт
2026-04-08 13:40:45,484 [DEBUG] SSH->TUN: 1280 байт
2026-04-08 13:40:45,484 [DEBUG] TUN->SSH: 52 байт
2026-04-08 13:40:45,509 [DEBUG] SSH->TUN: 1280 байт
2026-04-08 13:40:45,510 [DEBUG] SSH->TUN: 1280 байт
2026-04-08 13:40:45,510 [DEBUG] TUN->SSH: 52 байт
2026-04-08 13:40:45,510 [DEBUG] SSH->TUN: 699 байт
2026-04-08 13:40:45,511 [DEBUG] TUN->SSH: 52 байт
2026-04-08 13:40:45,522 [DEBUG] SSH->TUN: 1280 байт
2026-04-08 13:40:45,522 [DEBUG] TUN->SSH: 52 байт
2026-04-08 13:40:45,527 [DEBUG] SSH->TUN: 228 байт
2026-04-08 13:40:45,527 [DEBUG] TUN->SSH: 52 байт
2026-04-08 13:40:45,529 [DEBUG] TUN->SSH: 461 байт
2026-04-08 13:40:45,626 [DEBUG] SSH->TUN: 1280 байт
2026-04-08 13:40:45,627 [DEBUG] SSH->TUN: 116 байт
2026-04-08 13:40:45,627 [DEBUG] TUN->SSH: 52 байт
2026-04-08 13:40:45,709 [DEBUG] TUN->SSH: 60 байт
2026-04-08 13:40:45,752 [DEBUG] SSH->TUN: 60 байт
2026-04-08 13:40:45,753 [DEBUG] TUN->SSH: 52 байт
2026-04-08 13:40:45,753 [DEBUG] TUN->SSH: 88 байт
2026-04-08 13:40:45,798 [DEBUG] SSH->TUN: 52 байт
2026-04-08 13:40:45,798 [DEBUG] SSH->TUN: 104 байт
2026-04-08 13:40:45,799 [DEBUG] TUN->SSH: 52 байт
2026-04-08 13:40:45,799 [DEBUG] TUN->SSH: 52 байт
2026-04-08 13:40:45,799 [DEBUG] TUN->SSH: 60 байт
2026-04-08 13:40:45,839 [DEBUG] TUN->SSH: 88 байт
2026-04-08 13:40:45,845 [DEBUG] SSH->TUN: 52 байт
2026-04-08 13:40:45,845 [DEBUG] TUN->SSH: 52 байт
2026-04-08 13:40:45,927 [DEBUG] TUN->SSH: 301 байт
2026-04-08 13:40:46,052 [DEBUG] TUN->SSH: 60 байт
2026-04-08 13:40:46,137 [DEBUG] SSH->TUN: 60 байт
2026-04-08 13:40:46,137 [DEBUG] TUN->SSH: 52 байт
2026-04-08 13:40:46,137 [DEBUG] SSH->TUN: 60 байт
2026-04-08 13:40:46,138 [DEBUG] TUN->SSH: 52 байт
2026-04-08 13:40:46,138 [DEBUG] TUN->SSH: 120 байт
2026-04-08 13:40:46,139 [DEBUG] TUN->SSH: 1280 байт
2026-04-08 13:40:46,139 [DEBUG] TUN->SSH: 432 байт
2026-04-08 13:40:46,181 [DEBUG] SSH->TUN: 52 байт
2026-04-08 13:40:46,181 [DEBUG] SSH->TUN: 142 байт
2026-04-08 13:40:46,182 [DEBUG] TUN->SSH: 52 байт
2026-04-08 13:40:46,182 [DEBUG] SSH->TUN: 118 байт
2026-04-08 13:40:46,183 [DEBUG] TUN->SSH: 52 байт
2026-04-08 13:40:46,183 [DEBUG] TUN->SSH: 52 байт
2026-04-08 13:40:46,183 [DEBUG] TUN->SSH: 60 байт
2026-04-08 13:40:46,203 [DEBUG] SSH->TUN: 52 байт
2026-04-08 13:40:46,204 [DEBUG] SSH->TUN: 52 байт
2026-04-08 13:40:46,210 [DEBUG] SSH->TUN: 1280 байт
2026-04-08 13:40:46,210 [DEBUG] TUN->SSH: 52 байт
2026-04-08 13:40:46,210 [DEBUG] SSH->TUN: 1280 байт
2026-04-08 13:40:46,211 [DEBUG] TUN->SSH: 52 байт
2026-04-08 13:40:46,211 [DEBUG] SSH->TUN: 1280 байт
2026-04-08 13:40:46,211 [DEBUG] TUN->SSH: 52 байт
2026-04-08 13:40:46,211 [DEBUG] SSH->TUN: 464 байт
2026-04-08 13:40:46,212 [DEBUG] TUN->SSH: 52 байт
2026-04-08 13:40:46,212 [DEBUG] SSH->TUN: 1280 байт
2026-04-08 13:40:46,212 [DEBUG] TUN->SSH: 52 байт
2026-04-08 13:40:46,212 [DEBUG] SSH->TUN: 431 байт
2026-04-08 13:40:46,213 [DEBUG] TUN->SSH: 52 байт
2026-04-08 13:40:46,214 [DEBUG] TUN->SSH: 386 байт
2026-04-08 13:40:46,226 [DEBUG] TUN->SSH: 52 байт
2026-04-08 13:40:46,226 [DEBUG] SSH->TUN: 52 байт
2026-04-08 13:40:46,227 [DEBUG] SSH->TUN: 60 байт
2026-04-08 13:40:46,227 [DEBUG] TUN->SSH: 52 байт
2026-04-08 13:40:46,227 [DEBUG] TUN->SSH: 1280 байт
2026-04-08 13:40:46,228 [DEBUG] TUN->SSH: 807 байт
2026-04-08 13:40:46,277 [DEBUG] SSH->TUN: 52 байт
2026-04-08 13:40:46,277 [DEBUG] SSH->TUN: 52 байт
2026-04-08 13:40:46,277 [DEBUG] SSH->TUN: 1280 байт
2026-04-08 13:40:46,278 [DEBUG] TUN->SSH: 52 байт
2026-04-08 13:40:46,278 [DEBUG] SSH->TUN: 205 байт
2026-04-08 13:40:46,278 [DEBUG] TUN->SSH: 52 байт
2026-04-08 13:40:46,279 [DEBUG] TUN->SSH: 116 байт
2026-04-08 13:40:46,279 [DEBUG] TUN->SSH: 1280 байт
2026-04-08 13:40:46,279 [DEBUG] TUN->SSH: 1280 байт
2026-04-08 13:40:46,280 [DEBUG] TUN->SSH: 1280 байт
2026-04-08 13:40:46,280 [DEBUG] SSH->TUN: 355 байт
2026-04-08 13:40:46,281 [DEBUG] TUN->SSH: 1280 байт
2026-04-08 13:40:46,281 [DEBUG] TUN->SSH: 1280 байт
2026-04-08 13:40:46,281 [DEBUG] TUN->SSH: 602 байт
2026-04-08 13:40:46,284 [DEBUG] SSH->TUN: 355 байт
2026-04-08 13:40:46,285 [DEBUG] TUN->SSH: 52 байт
2026-04-08 13:40:46,285 [DEBUG] SSH->TUN: 803 байт
2026-04-08 13:40:46,286 [DEBUG] TUN->SSH: 60 байт
2026-04-08 13:40:46,323 [DEBUG] SSH->TUN: 52 байт
2026-04-08 13:40:46,324 [DEBUG] SSH->TUN: 52 байт
2026-04-08 13:40:46,325 [DEBUG] TUN->SSH: 52 байт
2026-04-08 13:40:46,325 [DEBUG] SSH->TUN: 52 байт
2026-04-08 13:40:46,331 [DEBUG] SSH->TUN: 60 байт
2026-04-08 13:40:46,331 [DEBUG] TUN->SSH: 52 байт
2026-04-08 13:40:46,332 [DEBUG] TUN->SSH: 88 байт
2026-04-08 13:40:46,378 [DEBUG] SSH->TUN: 52 байт
2026-04-08 13:40:46,695 [DEBUG] TUN->SSH: 88 байт
2026-04-08 13:40:46,737 [DEBUG] SSH->TUN: 104 байт
2026-04-08 13:40:46,738 [DEBUG] TUN->SSH: 52 байт
2026-04-08 13:40:46,738 [DEBUG] SSH->TUN: 104 байт
2026-04-08 13:40:46,738 [DEBUG] TUN->SSH: 52 байт
2026-04-08 13:40:46,739 [DEBUG] TUN->SSH: 60 байт
2026-04-08 13:40:46,739 [DEBUG] TUN->SSH: 64 байт
2026-04-08 13:40:46,781 [DEBUG] TUN->SSH: 52 байт
2026-04-08 13:40:46,781 [DEBUG] SSH->TUN: 52 байт
2026-04-08 13:40:46,798 [DEBUG] SSH->TUN: 1182 байт
2026-04-08 13:40:46,798 [DEBUG] SSH->TUN: 60 байт
2026-04-08 13:40:46,799 [DEBUG] TUN->SSH: 52 байт
2026-04-08 13:40:46,800 [DEBUG] TUN->SSH: 1280 байт
2026-04-08 13:40:46,800 [DEBUG] TUN->SSH: 751 байт
2026-04-08 13:40:46,801 [DEBUG] TUN->SSH: 84 байт
2026-04-08 13:40:46,802 [DEBUG] TUN->SSH: 217 байт
2026-04-08 13:40:46,846 [DEBUG] SSH->TUN: 52 байт
2026-04-08 13:40:46,862 [DEBUG] SSH->TUN: 52 байт
2026-04-08 13:40:46,863 [DEBUG] SSH->TUN: 52 байт
2026-04-08 13:40:47,140 [DEBUG] SSH->TUN: 1280 байт
2026-04-08 13:40:47,141 [DEBUG] TUN->SSH: 52 байт
2026-04-08 13:40:47,141 [DEBUG] SSH->TUN: 1280 байт
2026-04-08 13:40:47,142 [DEBUG] TUN->SSH: 52 байт
2026-04-08 13:40:47,143 [DEBUG] SSH->TUN: 1280 байт
2026-04-08 13:40:47,143 [DEBUG] TUN->SSH: 52 байт
2026-04-08 13:40:47,143 [DEBUG] SSH->TUN: 464 байт
2026-04-08 13:40:47,143 [DEBUG] TUN->SSH: 52 байт
2026-04-08 13:40:47,144 [DEBUG] SSH->TUN: 1280 байт
2026-04-08 13:40:47,144 [DEBUG] TUN->SSH: 52 байт
2026-04-08 13:40:47,144 [DEBUG] SSH->TUN: 431 байт
2026-04-08 13:40:47,145 [DEBUG] TUN->SSH: 52 байт
2026-04-08 13:40:47,145 [DEBUG] SSH->TUN: 217 байт
2026-04-08 13:40:47,145 [DEBUG] SSH->TUN: 431 байт
2026-04-08 13:40:47,145 [DEBUG] TUN->SSH: 64 байт
2026-04-08 13:40:47,146 [DEBUG] TUN->SSH: 395 байт
2026-04-08 13:40:47,186 [DEBUG] TUN->SSH: 52 байт
2026-04-08 13:40:47,240 [DEBUG] SSH->TUN: 355 байт
2026-04-08 13:40:47,241 [DEBUG] SSH->TUN: 355 байт
2026-04-08 13:40:47,241 [DEBUG] TUN->SSH: 52 байт
2026-04-08 13:40:47,241 [DEBUG] SSH->TUN: 960 байт
2026-04-08 13:40:47,282 [DEBUG] TUN->SSH: 52 байт
2026-04-08 13:40:47,480 [DEBUG] TUN->SSH: 381 байт
2026-04-08 13:40:47,588 [DEBUG] SSH->TUN: 52 байт
2026-04-08 13:40:48,423 [DEBUG] TUN->SSH: 88 байт
2026-04-08 13:40:48,431 [DEBUG] SSH->TUN: 173 байт
2026-04-08 13:40:48,471 [DEBUG] TUN->SSH: 52 байт
2026-04-08 13:40:48,487 [DEBUG] TUN->SSH: 52 байт
2026-04-08 13:40:48,513 [DEBUG] TUN->SSH: 52 байт
2026-04-08 13:40:49,050 [DEBUG] TUN->SSH: 60 байт
2026-04-08 13:40:49,095 [DEBUG] SSH->TUN: 60 байт
2026-04-08 13:40:49,095 [DEBUG] TUN->SSH: 52 байт
2026-04-08 13:40:49,096 [DEBUG] TUN->SSH: 97 байт
2026-04-08 13:40:49,148 [DEBUG] SSH->TUN: 52 байт
2026-04-08 13:40:49,148 [DEBUG] SSH->TUN: 97 байт
2026-04-08 13:40:49,149 [DEBUG] TUN->SSH: 52 байт
2026-04-08 13:40:49,149 [DEBUG] TUN->SSH: 52 байт
2026-04-08 13:40:49,150 [DEBUG] TUN->SSH: 60 байт
2026-04-08 13:40:49,191 [DEBUG] TUN->SSH: 52 байт
2026-04-08 13:40:49,191 [DEBUG] SSH->TUN: 52 байт
2026-04-08 13:40:49,193 [DEBUG] SSH->TUN: 60 байт
2026-04-08 13:40:49,193 [DEBUG] TUN->SSH: 52 байт
2026-04-08 13:40:49,193 [DEBUG] TUN->SSH: 94 байт
2026-04-08 13:40:49,235 [DEBUG] SSH->TUN: 52 байт
2026-04-08 13:40:49,235 [DEBUG] SSH->TUN: 94 байт
2026-04-08 13:40:49,236 [DEBUG] TUN->SSH: 52 байт
2026-04-08 13:40:49,236 [DEBUG] TUN->SSH: 52 байт
2026-04-08 13:40:49,237 [DEBUG] TUN->SSH: 60 байт
2026-04-08 13:40:49,278 [DEBUG] TUN->SSH: 52 байт
2026-04-08 13:40:49,278 [DEBUG] SSH->TUN: 52 байт
2026-04-08 13:40:49,282 [DEBUG] SSH->TUN: 60 байт
2026-04-08 13:40:49,283 [DEBUG] TUN->SSH: 52 байт
2026-04-08 13:40:49,283 [DEBUG] TUN->SSH: 98 байт
2026-04-08 13:40:49,328 [DEBUG] SSH->TUN: 52 байт
2026-04-08 13:40:49,328 [DEBUG] SSH->TUN: 98 байт
2026-04-08 13:40:49,328 [DEBUG] TUN->SSH: 52 байт
2026-04-08 13:40:49,329 [DEBUG] TUN->SSH: 52 байт
2026-04-08 13:40:49,329 [DEBUG] TUN->SSH: 60 байт
2026-04-08 13:40:49,373 [DEBUG] TUN->SSH: 52 байт
2026-04-08 13:40:49,374 [DEBUG] SSH->TUN: 52 байт
2026-04-08 13:40:49,374 [DEBUG] SSH->TUN: 60 байт
2026-04-08 13:40:49,374 [DEBUG] TUN->SSH: 52 байт
2026-04-08 13:40:49,375 [DEBUG] TUN->SSH: 93 байт
2026-04-08 13:40:49,421 [DEBUG] SSH->TUN: 52 байт
2026-04-08 13:40:49,421 [DEBUG] SSH->TUN: 93 байт
2026-04-08 13:40:49,422 [DEBUG] TUN->SSH: 52 байт
2026-04-08 13:40:49,422 [DEBUG] TUN->SSH: 52 байт
2026-04-08 13:40:49,422 [DEBUG] TUN->SSH: 60 байт
2026-04-08 13:40:49,467 [DEBUG] SSH->TUN: 52 байт
2026-04-08 13:40:49,468 [DEBUG] TUN->SSH: 52 байт
2026-04-08 13:40:49,468 [DEBUG] SSH->TUN: 60 байт
2026-04-08 13:40:49,468 [DEBUG] TUN->SSH: 52 байт
2026-04-08 13:40:49,468 [DEBUG] TUN->SSH: 95 байт
2026-04-08 13:40:49,512 [DEBUG] SSH->TUN: 52 байт
2026-04-08 13:40:49,513 [DEBUG] SSH->TUN: 95 байт
2026-04-08 13:40:49,513 [DEBUG] TUN->SSH: 52 байт
2026-04-08 13:40:49,514 [DEBUG] TUN->SSH: 52 байт
2026-04-08 13:40:49,514 [DEBUG] TUN->SSH: 60 байт
2026-04-08 13:40:49,558 [DEBUG] TUN->SSH: 52 байт
2026-04-08 13:40:49,559 [DEBUG] SSH->TUN: 52 байт
2026-04-08 13:40:49,559 [DEBUG] SSH->TUN: 60 байт
2026-04-08 13:40:49,559 [DEBUG] TUN->SSH: 52 байт
2026-04-08 13:40:49,559 [DEBUG] TUN->SSH: 95 байт
2026-04-08 13:40:49,603 [DEBUG] SSH->TUN: 52 байт
2026-04-08 13:40:49,603 [DEBUG] SSH->TUN: 95 байт
2026-04-08 13:40:49,604 [DEBUG] TUN->SSH: 52 байт
2026-04-08 13:40:49,604 [DEBUG] TUN->SSH: 52 байт
2026-04-08 13:40:49,604 [DEBUG] TUN->SSH: 60 байт
2026-04-08 13:40:49,646 [DEBUG] SSH->TUN: 52 байт
2026-04-08 13:40:49,647 [DEBUG] TUN->SSH: 52 байт
2026-04-08 13:40:49,647 [DEBUG] SSH->TUN: 60 байт
2026-04-08 13:40:49,648 [DEBUG] TUN->SSH: 52 байт
2026-04-08 13:40:49,648 [DEBUG] TUN->SSH: 95 байт
2026-04-08 13:40:49,699 [DEBUG] SSH->TUN: 52 байт
2026-04-08 13:40:49,700 [DEBUG] SSH->TUN: 95 байт
2026-04-08 13:40:49,701 [DEBUG] TUN->SSH: 52 байт
2026-04-08 13:40:49,701 [DEBUG] TUN->SSH: 52 байт
2026-04-08 13:40:49,701 [DEBUG] TUN->SSH: 60 байт
2026-04-08 13:40:49,743 [DEBUG] SSH->TUN: 52 байт
2026-04-08 13:40:49,743 [DEBUG] TUN->SSH: 52 байт
2026-04-08 13:40:49,745 [DEBUG] SSH->TUN: 60 байт
2026-04-08 13:40:49,745 [DEBUG] TUN->SSH: 52 байт
2026-04-08 13:40:49,745 [DEBUG] TUN->SSH: 95 байт
2026-04-08 13:40:49,788 [DEBUG] SSH->TUN: 52 байт
2026-04-08 13:40:49,789 [DEBUG] SSH->TUN: 95 байт
2026-04-08 13:40:49,789 [DEBUG] TUN->SSH: 52 байт
2026-04-08 13:40:49,789 [DEBUG] TUN->SSH: 52 байт
2026-04-08 13:40:49,790 [DEBUG] TUN->SSH: 60 байт
2026-04-08 13:40:49,832 [DEBUG] SSH->TUN: 52 байт
2026-04-08 13:40:49,833 [DEBUG] TUN->SSH: 52 байт
2026-04-08 13:40:49,833 [DEBUG] SSH->TUN: 60 байт
2026-04-08 13:40:49,833 [DEBUG] TUN->SSH: 52 байт
2026-04-08 13:40:49,833 [DEBUG] TUN->SSH: 95 байт
2026-04-08 13:40:49,878 [DEBUG] SSH->TUN: 52 байт
2026-04-08 13:40:49,878 [DEBUG] SSH->TUN: 95 байт
2026-04-08 13:40:49,878 [DEBUG] TUN->SSH: 52 байт
2026-04-08 13:40:49,879 [DEBUG] TUN->SSH: 52 байт
2026-04-08 13:40:49,879 [DEBUG] TUN->SSH: 60 байт
2026-04-08 13:40:49,924 [DEBUG] TUN->SSH: 52 байт
2026-04-08 13:40:49,924 [DEBUG] SSH->TUN: 52 байт
2026-04-08 13:40:49,924 [DEBUG] SSH->TUN: 60 байт
2026-04-08 13:40:49,925 [DEBUG] TUN->SSH: 52 байт
2026-04-08 13:40:49,925 [DEBUG] TUN->SSH: 95 байт
2026-04-08 13:40:49,966 [DEBUG] SSH->TUN: 52 байт
2026-04-08 13:40:49,967 [DEBUG] SSH->TUN: 95 байт
2026-04-08 13:40:49,967 [DEBUG] TUN->SSH: 52 байт
2026-04-08 13:40:49,968 [DEBUG] TUN->SSH: 52 байт
2026-04-08 13:40:49,968 [DEBUG] TUN->SSH: 60 байт
2026-04-08 13:40:50,010 [DEBUG] TUN->SSH: 52 байт
2026-04-08 13:40:50,011 [DEBUG] SSH->TUN: 52 байт
2026-04-08 13:40:50,011 [DEBUG] SSH->TUN: 60 байт
2026-04-08 13:40:50,011 [DEBUG] TUN->SSH: 52 байт
2026-04-08 13:40:50,012 [DEBUG] TUN->SSH: 95 байт
2026-04-08 13:40:50,023 [DEBUG] TUN->SSH: 52 байт
2026-04-08 13:40:50,023 [DEBUG] TUN->SSH: 52 байт
2026-04-08 13:40:50,054 [DEBUG] SSH->TUN: 52 байт
2026-04-08 13:40:50,054 [DEBUG] SSH->TUN: 95 байт
2026-04-08 13:40:50,055 [DEBUG] TUN->SSH: 52 байт
2026-04-08 13:40:50,055 [DEBUG] TUN->SSH: 52 байт
2026-04-08 13:40:50,055 [DEBUG] TUN->SSH: 60 байт
2026-04-08 13:40:50,069 [DEBUG] TUN->SSH: 52 байт
2026-04-08 13:40:50,069 [DEBUG] SSH->TUN: 52 байт
2026-04-08 13:40:50,069 [DEBUG] SSH->TUN: 52 байт
2026-04-08 13:40:50,070 [DEBUG] TUN->SSH: 52 байт
2026-04-08 13:40:50,101 [DEBUG] TUN->SSH: 52 байт
2026-04-08 13:40:50,101 [DEBUG] SSH->TUN: 52 байт
2026-04-08 13:40:50,101 [DEBUG] SSH->TUN: 60 байт
2026-04-08 13:40:50,101 [DEBUG] TUN->SSH: 52 байт
2026-04-08 13:40:50,102 [DEBUG] TUN->SSH: 95 байт
2026-04-08 13:40:50,143 [DEBUG] SSH->TUN: 52 байт
2026-04-08 13:40:50,145 [DEBUG] SSH->TUN: 95 байт
2026-04-08 13:40:50,145 [DEBUG] TUN->SSH: 52 байт
2026-04-08 13:40:50,145 [DEBUG] TUN->SSH: 52 байт
2026-04-08 13:40:50,146 [DEBUG] TUN->SSH: 60 байт
2026-04-08 13:40:50,192 [DEBUG] SSH->TUN: 52 байт
2026-04-08 13:40:50,193 [DEBUG] TUN->SSH: 52 байт
2026-04-08 13:40:50,193 [DEBUG] SSH->TUN: 60 байт
2026-04-08 13:40:50,194 [DEBUG] TUN->SSH: 52 байт
2026-04-08 13:40:50,194 [DEBUG] TUN->SSH: 95 байт
2026-04-08 13:40:50,238 [DEBUG] SSH->TUN: 52 байт
2026-04-08 13:40:50,238 [DEBUG] SSH->TUN: 95 байт
2026-04-08 13:40:50,239 [DEBUG] TUN->SSH: 52 байт
2026-04-08 13:40:50,239 [DEBUG] TUN->SSH: 52 байт
2026-04-08 13:40:50,239 [DEBUG] TUN->SSH: 60 байт
2026-04-08 13:40:50,286 [DEBUG] SSH->TUN: 52 байт
2026-04-08 13:40:50,287 [DEBUG] TUN->SSH: 52 байт
2026-04-08 13:40:50,287 [DEBUG] SSH->TUN: 60 байт
2026-04-08 13:40:50,287 [DEBUG] TUN->SSH: 52 байт
2026-04-08 13:40:50,288 [DEBUG] TUN->SSH: 52 байт
2026-04-08 13:40:50,288 [DEBUG] TUN->SSH: 95 байт
2026-04-08 13:40:50,332 [DEBUG] SSH->TUN: 52 байт
2026-04-08 13:40:50,345 [DEBUG] SSH->TUN: 149 байт
2026-04-08 13:40:50,346 [DEBUG] TUN->SSH: 52 байт
2026-04-08 13:40:50,346 [DEBUG] TUN->SSH: 52 байт
2026-04-08 13:40:50,346 [DEBUG] TUN->SSH: 60 байт
2026-04-08 13:40:50,355 [DEBUG] TUN->SSH: 52 байт
2026-04-08 13:40:50,355 [DEBUG] SSH->TUN: 52 байт
2026-04-08 13:40:50,398 [DEBUG] SSH->TUN: 52 байт
2026-04-08 13:40:50,398 [DEBUG] TUN->SSH: 52 байт
2026-04-08 13:40:50,398 [DEBUG] SSH->TUN: 60 байт
2026-04-08 13:40:50,399 [DEBUG] TUN->SSH: 52 байт
2026-04-08 13:40:50,399 [DEBUG] TUN->SSH: 144 байт
2026-04-08 13:40:50,441 [DEBUG] SSH->TUN: 52 байт
2026-04-08 13:40:50,442 [DEBUG] SSH->TUN: 144 байт
2026-04-08 13:40:50,442 [DEBUG] TUN->SSH: 52 байт
2026-04-08 13:40:50,442 [DEBUG] TUN->SSH: 52 байт
2026-04-08 13:40:50,443 [DEBUG] TUN->SSH: 60 байт
2026-04-08 13:40:50,489 [DEBUG] SSH->TUN: 52 байт
2026-04-08 13:40:50,490 [DEBUG] TUN->SSH: 52 байт
2026-04-08 13:40:50,490 [DEBUG] SSH->TUN: 60 байт
2026-04-08 13:40:50,490 [DEBUG] TUN->SSH: 52 байт
2026-04-08 13:40:50,491 [DEBUG] TUN->SSH: 144 байт
2026-04-08 13:40:50,535 [DEBUG] TUN->SSH: 52 байт
2026-04-08 13:40:50,535 [DEBUG] SSH->TUN: 52 байт
2026-04-08 13:40:50,539 [DEBUG] SSH->TUN: 144 байт
2026-04-08 13:40:50,539 [DEBUG] TUN->SSH: 52 байт
2026-04-08 13:40:50,539 [DEBUG] TUN->SSH: 52 байт
2026-04-08 13:40:50,540 [DEBUG] TUN->SSH: 60 байт
2026-04-08 13:40:50,582 [DEBUG] SSH->TUN: 52 байт
2026-04-08 13:40:50,582 [DEBUG] TUN->SSH: 52 байт
2026-04-08 13:40:50,584 [DEBUG] SSH->TUN: 60 байт
2026-04-08 13:40:50,585 [DEBUG] TUN->SSH: 52 байт
2026-04-08 13:40:50,585 [DEBUG] TUN->SSH: 144 байт
2026-04-08 13:40:50,632 [DEBUG] SSH->TUN: 52 байт
2026-04-08 13:40:50,635 [DEBUG] SSH->TUN: 144 байт
2026-04-08 13:40:50,636 [DEBUG] TUN->SSH: 52 байт
2026-04-08 13:40:50,636 [DEBUG] TUN->SSH: 52 байт
2026-04-08 13:40:50,684 [DEBUG] SSH->TUN: 52 байт
2026-04-08 13:40:50,684 [DEBUG] TUN->SSH: 52 байт
2026-04-08 13:40:51,050 [DEBUG] TUN->SSH: 301 байт
2026-04-08 13:40:51,050 [DEBUG] TUN->SSH: 285 байт
2026-04-08 13:40:51,051 [DEBUG] TUN->SSH: 349 байт
2026-04-08 13:40:51,157 [DEBUG] SSH->TUN: 52 байт
2026-04-08 13:40:51,168 [DEBUG] SSH->TUN: 52 байт
2026-04-08 13:40:51,168 [DEBUG] SSH->TUN: 52 байт
2026-04-08 13:40:51,242 [DEBUG] TUN->SSH: 52 байт
2026-04-08 13:40:51,300 [DEBUG] SSH->TUN: 52 байт
2026-04-08 13:40:51,300 [DEBUG] TUN->SSH: 52 байт
2026-04-08 13:40:51,575 [DEBUG] TUN->SSH: 52 байт
2026-04-08 13:40:51,577 [DEBUG] TUN->SSH: 60 байт
2026-04-08 13:40:51,643 [DEBUG] SSH->TUN: 60 байт
2026-04-08 13:40:51,644 [DEBUG] TUN->SSH: 52 байт
2026-04-08 13:40:51,644 [DEBUG] TUN->SSH: 1280 байт
2026-04-08 13:40:51,644 [DEBUG] TUN->SSH: 751 байт
2026-04-08 13:40:51,677 [DEBUG] TUN->SSH: 60 байт
2026-04-08 13:40:51,707 [DEBUG] SSH->TUN: 52 байт
2026-04-08 13:40:51,707 [DEBUG] SSH->TUN: 52 байт
2026-04-08 13:40:51,708 [DEBUG] SSH->TUN: 1280 байт
2026-04-08 13:40:51,708 [DEBUG] TUN->SSH: 52 байт
2026-04-08 13:40:51,708 [DEBUG] SSH->TUN: 1280 байт
2026-04-08 13:40:51,709 [DEBUG] TUN->SSH: 52 байт
2026-04-08 13:40:51,709 [DEBUG] SSH->TUN: 1280 байт
2026-04-08 13:40:51,709 [DEBUG] TUN->SSH: 52 байт
2026-04-08 13:40:51,748 [DEBUG] SSH->TUN: 464 байт
2026-04-08 13:40:51,749 [DEBUG] TUN->SSH: 52 байт
2026-04-08 13:40:51,749 [DEBUG] SSH->TUN: 1280 байт
2026-04-08 13:40:51,749 [DEBUG] TUN->SSH: 52 байт
2026-04-08 13:40:51,750 [DEBUG] SSH->TUN: 431 байт
2026-04-08 13:40:51,750 [DEBUG] TUN->SSH: 52 байт
2026-04-08 13:40:51,750 [DEBUG] SSH->TUN: 60 байт
2026-04-08 13:40:51,750 [DEBUG] TUN->SSH: 52 байт
2026-04-08 13:40:51,751 [DEBUG] TUN->SSH: 52 байт
2026-04-08 13:40:51,752 [DEBUG] TUN->SSH: 1280 байт
2026-04-08 13:40:51,752 [DEBUG] TUN->SSH: 432 байт
2026-04-08 13:40:51,813 [DEBUG] SSH->TUN: 52 байт
2026-04-08 13:40:51,814 [DEBUG] SSH->TUN: 1280 байт
2026-04-08 13:40:51,814 [DEBUG] TUN->SSH: 52 байт
2026-04-08 13:40:51,814 [DEBUG] SSH->TUN: 1280 байт
2026-04-08 13:40:51,815 [DEBUG] TUN->SSH: 52 байт
2026-04-08 13:40:51,815 [DEBUG] TUN->SSH: 88 байт
2026-04-08 13:40:51,815 [DEBUG] SSH->TUN: 1280 байт
2026-04-08 13:40:51,816 [DEBUG] TUN->SSH: 52 байт
2026-04-08 13:40:51,816 [DEBUG] SSH->TUN: 464 байт
2026-04-08 13:40:51,816 [DEBUG] TUN->SSH: 52 байт
2026-04-08 13:40:51,816 [DEBUG] TUN->SSH: 52 байт
2026-04-08 13:40:51,816 [DEBUG] SSH->TUN: 1280 байт
2026-04-08 13:40:51,854 [DEBUG] SSH->TUN: 431 байт
2026-04-08 13:40:51,855 [DEBUG] TUN->SSH: 52 байт
2026-04-08 13:40:51,855 [DEBUG] SSH->TUN: 52 байт
2026-04-08 13:40:51,856 [DEBUG] TUN->SSH: 52 байт
2026-04-08 13:40:51,856 [DEBUG] TUN->SSH: 52 байт
2026-04-08 13:40:51,857 [DEBUG] TUN->SSH: 886 байт
2026-04-08 13:40:51,917 [DEBUG] SSH->TUN: 355 байт
2026-04-08 13:40:51,917 [DEBUG] SSH->TUN: 355 байт
2026-04-08 13:40:51,917 [DEBUG] TUN->SSH: 52 байт
2026-04-08 13:40:52,071 [DEBUG] TUN->SSH: 52 байт
2026-04-08 13:40:52,117 [DEBUG] SSH->TUN: 52 байт
2026-04-08 13:40:52,118 [DEBUG] TUN->SSH: 52 байт
2026-04-08 13:40:52,135 [DEBUG] TUN->SSH: 52 байт
2026-04-08 13:40:52,583 [DEBUG] TUN->SSH: 52 байт
2026-04-08 13:40:52,711 [DEBUG] TUN->SSH: 52 байт
2026-04-08 13:40:53,039 [DEBUG] SSH->TUN: 173 байт
2026-04-08 13:40:53,040 [DEBUG] TUN->SSH: 52 байт
2026-04-08 13:40:53,863 [DEBUG] TUN->SSH: 52 байт
2026-04-08 13:40:53,956 [DEBUG] SSH->TUN: 173 байт
2026-04-08 13:40:53,956 [DEBUG] TUN->SSH: 52 байт
2026-04-08 13:40:54,030 [DEBUG] SSH->TUN: 173 байт
2026-04-08 13:40:54,030 [DEBUG] TUN->SSH: 52 байт
2026-04-08 13:40:54,400 [DEBUG] TUN->SSH: 397 байт
2026-04-08 13:40:54,473 [DEBUG] SSH->TUN: 52 байт
2026-04-08 13:40:54,631 [DEBUG] TUN->SSH: 52 байт
2026-04-08 13:40:55,077 [INFO] Останавливаю туннель...
2026-04-08 13:40:55,080 [DEBUG] Восстановлен: default via 192.168.5.1 dev wlp0s20f3
2026-04-08 13:40:55,080 [INFO] Маршруты восстановлены
2026-04-08 13:40:55,095 [INFO] Интерфейс strans-tun0 удалён
2026-04-08 13:40:55,095 [INFO] Остановлено
2026-04-08 13:40:55,095 [DEBUG] TUN->SSH: отменён
2026-04-08 13:40:55,095 [DEBUG] SSH->TUN: отменён
