2026-04-09 02:00:33,750 [INFO] === Запуск клиента ===
2026-04-09 02:00:33,750 [INFO] Лог файл: logs/client_20260409_020033.log
2026-04-09 02:00:33,755 [INFO] Используется интерфейс: strans-tun0
2026-04-09 02:00:33,755 [INFO] Подключаюсь к 217.154.79.223:24 как 'alice'
2026-04-09 02:00:34,165 [INFO] SSH соединение установлено
2026-04-09 02:00:34,244 [INFO] PUSH_REPLY: client_ip=198.19.0.3 server_ip=198.19.0.1 mtu=1280 stealth=0
2026-04-09 02:00:34,253 [INFO] Интерфейс strans-tun0:
78: strans-tun0: <POINTOPOINT,MULTICAST,NOARP,UP,LOWER_UP> mtu 1280 qdisc fq_codel state UP group default qlen 500
    link/none 
    inet 198.19.0.3 peer 198.19.0.1/32 scope global strans-tun0
       valid_lft forever preferred_lft forever
2026-04-09 02:00:34,347 [INFO] SSH tunnel канал открыт
2026-04-09 02:00:34,347 [INFO] Туннель активен.
2026-04-09 02:00:34,347 [INFO] Форвардинг запущен [stealth=0]
2026-04-09 02:00:34,388 [DEBUG] SSH->TUN: 91 байт
2026-04-09 02:00:34,619 [DEBUG] SSH->TUN: 76 байт
2026-04-09 02:00:35,131 [DEBUG] SSH->TUN: 76 байт
2026-04-09 02:00:36,202 [DEBUG] SSH->TUN: 76 байт
2026-04-09 02:00:38,241 [DEBUG] SSH->TUN: 52 байт
2026-04-09 02:00:38,419 [DEBUG] SSH->TUN: 76 байт
2026-04-09 02:00:39,599 [DEBUG] SSH->TUN: 461 байт
2026-04-09 02:00:41,202 [DEBUG] SSH->TUN: 52 байт
2026-04-09 02:00:43,054 [DEBUG] SSH->TUN: 76 байт
2026-04-09 02:00:45,021 [DEBUG] SSH->TUN: 76 байт
2026-04-09 02:00:48,109 [DEBUG] SSH->TUN: 76 байт
2026-04-09 02:00:51,693 [DEBUG] SSH->TUN: 76 байт
2026-04-09 02:00:55,307 [DEBUG] SSH->TUN: 101 байт
2026-04-09 02:01:09,108 [DEBUG] SSH->TUN: 76 байт
2026-04-09 02:01:11,094 [DEBUG] SSH->TUN: 76 байт
2026-04-09 02:01:34,183 [DEBUG] SSH->TUN: 76 байт
2026-04-09 02:01:43,056 [DEBUG] SSH->TUN: 489 байт
2026-04-09 02:01:48,098 [DEBUG] SSH->TUN: 91 байт
2026-04-09 02:01:59,795 [DEBUG] SSH->TUN: 76 байт
2026-04-09 02:02:09,707 [DEBUG] SSH->TUN: 461 байт
2026-04-09 02:02:48,316 [DEBUG] SSH->TUN: 76 байт
2026-04-09 02:02:58,419 [DEBUG] SSH->TUN: 125 байт
2026-04-09 02:02:58,760 [DEBUG] SSH->TUN: 125 байт
2026-04-09 02:02:59,056 [DEBUG] SSH->TUN: 125 байт
2026-04-09 02:02:59,576 [DEBUG] SSH->TUN: 125 байт
2026-04-09 02:03:00,585 [DEBUG] SSH->TUN: 125 байт
2026-04-09 02:03:01,228 [DEBUG] SSH->TUN: 76 байт
2026-04-09 02:03:02,476 [DEBUG] SSH->TUN: 91 байт
2026-04-09 02:03:02,476 [DEBUG] SSH->TUN: 52 байт
2026-04-09 02:03:02,577 [DEBUG] SSH->TUN: 52 байт
2026-04-09 02:03:02,783 [DEBUG] SSH->TUN: 125 байт
2026-04-09 02:03:02,783 [DEBUG] SSH->TUN: 91 байт
2026-04-09 02:03:03,364 [DEBUG] SSH->TUN: 91 байт
2026-04-09 02:03:07,358 [DEBUG] SSH->TUN: 125 байт
2026-04-09 02:03:11,092 [INFO] Останавливаю туннель...
2026-04-09 02:03:11,105 [INFO] Интерфейс strans-tun0 удалён
2026-04-09 02:03:11,105 [INFO] Остановлено
2026-04-09 02:03:11,105 [DEBUG] TUN->SSH: отменён
2026-04-09 02:03:11,105 [DEBUG] SSH->TUN: отменён
