2026-04-09 01:51:06,569 [INFO] === Запуск клиента ===
2026-04-09 01:51:06,569 [INFO] Лог файл: logs/client_20260409_015106.log
2026-04-09 01:51:06,574 [INFO] Используется интерфейс: strans-tun0
2026-04-09 01:51:06,574 [INFO] Подключаюсь к 217.154.79.223:24 как 'alice'
2026-04-09 01:51:07,076 [INFO] SSH соединение установлено
2026-04-09 01:51:07,163 [INFO] PUSH_REPLY: client_ip=198.19.0.3 server_ip=198.19.0.1 mtu=1280 stealth=0
2026-04-09 01:51:07,169 [INFO] Интерфейс strans-tun0:
74: strans-tun0: <POINTOPOINT,MULTICAST,NOARP,UP,LOWER_UP> mtu 1280 qdisc fq_codel state UP group default qlen 500
    link/none 
    inet 198.19.0.3 peer 198.19.0.1/32 scope global strans-tun0
       valid_lft forever preferred_lft forever
2026-04-09 01:51:07,245 [INFO] SSH tunnel канал открыт
2026-04-09 01:51:07,248 [INFO] Маршрут к серверу: 217.154.79.223 via 192.168.5.1 dev wlp0s20f3
2026-04-09 01:51:07,251 [INFO] Весь трафик через strans-tun0
2026-04-09 01:51:07,252 [INFO] Туннель активен.
2026-04-09 01:51:07,252 [INFO] Форвардинг запущен [stealth=0]
2026-04-09 01:51:07,388 [DEBUG] TUN->SSH: 60 байт
2026-04-09 01:51:07,432 [DEBUG] TUN->SSH: 52 байт
2026-04-09 01:51:07,433 [DEBUG] SSH->TUN: 60 байт
2026-04-09 01:51:07,433 [DEBUG] TUN->SSH: 52 байт
2026-04-09 01:51:07,434 [DEBUG] TUN->SSH: 126 байт
2026-04-09 01:51:07,475 [DEBUG] SSH->TUN: 52 байт
2026-04-09 01:51:07,475 [DEBUG] SSH->TUN: 137 байт
2026-04-09 01:51:07,475 [DEBUG] TUN->SSH: 52 байт
2026-04-09 01:51:07,475 [DEBUG] SSH->TUN: 173 байт
2026-04-09 01:51:07,476 [DEBUG] TUN->SSH: 52 байт
2026-04-09 01:51:07,476 [DEBUG] TUN->SSH: 52 байт
2026-04-09 01:51:07,476 [DEBUG] TUN->SSH: 60 байт
2026-04-09 01:51:07,492 [DEBUG] TUN->SSH: 52 байт
2026-04-09 01:51:07,492 [DEBUG] SSH->TUN: 52 байт
2026-04-09 01:51:07,496 [DEBUG] TUN->SSH: 80 байт
2026-04-09 01:51:07,514 [DEBUG] TUN->SSH: 52 байт
2026-04-09 01:51:07,514 [DEBUG] SSH->TUN: 52 байт
2026-04-09 01:51:07,516 [DEBUG] SSH->TUN: 60 байт
2026-04-09 01:51:07,516 [DEBUG] TUN->SSH: 52 байт
2026-04-09 01:51:07,517 [DEBUG] TUN->SSH: 308 байт
2026-04-09 01:51:07,533 [DEBUG] SSH->TUN: 52 байт
2026-04-09 01:51:07,562 [DEBUG] SSH->TUN: 52 байт
2026-04-09 01:51:07,563 [DEBUG] SSH->TUN: 1280 байт
2026-04-09 01:51:07,563 [DEBUG] TUN->SSH: 52 байт
2026-04-09 01:51:07,563 [DEBUG] SSH->TUN: 1280 байт
2026-04-09 01:51:07,563 [DEBUG] TUN->SSH: 52 байт
2026-04-09 01:51:07,564 [DEBUG] SSH->TUN: 409 байт
2026-04-09 01:51:07,564 [DEBUG] TUN->SSH: 52 байт
2026-04-09 01:51:07,565 [DEBUG] TUN->SSH: 384 байт
2026-04-09 01:51:07,646 [DEBUG] SSH->TUN: 52 байт
2026-04-09 01:51:07,687 [DEBUG] TUN->SSH: 52 байт
2026-04-09 01:51:07,734 [DEBUG] SSH->TUN: 52 байт
2026-04-09 01:51:07,734 [DEBUG] TUN->SSH: 52 байт
2026-04-09 01:51:07,994 [DEBUG] SSH->TUN: 1280 байт
2026-04-09 01:51:07,994 [DEBUG] SSH->TUN: 121 байт
2026-04-09 01:51:07,994 [DEBUG] TUN->SSH: 52 байт
2026-04-09 01:51:07,995 [DEBUG] TUN->SSH: 1280 байт
2026-04-09 01:51:07,995 [DEBUG] TUN->SSH: 1280 байт
2026-04-09 01:51:07,995 [DEBUG] TUN->SSH: 311 байт
2026-04-09 01:51:08,004 [DEBUG] SSH->TUN: 121 байт
2026-04-09 01:51:08,005 [DEBUG] TUN->SSH: 64 байт
2026-04-09 01:51:08,007 [DEBUG] TUN->SSH: 52 байт
2026-04-09 01:51:08,035 [DEBUG] SSH->TUN: 52 байт
2026-04-09 01:51:08,035 [DEBUG] SSH->TUN: 52 байт
2026-04-09 01:51:08,036 [DEBUG] SSH->TUN: 52 байт
2026-04-09 01:51:08,053 [DEBUG] SSH->TUN: 77 байт
2026-04-09 01:51:08,053 [DEBUG] TUN->SSH: 81 байт
2026-04-09 01:51:08,065 [DEBUG] SSH->TUN: 52 байт
2026-04-09 01:51:08,091 [DEBUG] SSH->TUN: 52 байт
2026-04-09 01:51:08,135 [DEBUG] TUN->SSH: 60 байт
2026-04-09 01:51:08,135 [DEBUG] TUN->SSH: 60 байт
2026-04-09 01:51:08,137 [DEBUG] SSH->TUN: 381 байт
2026-04-09 01:51:08,138 [DEBUG] TUN->SSH: 52 байт
2026-04-09 01:51:08,138 [DEBUG] SSH->TUN: 236 байт
2026-04-09 01:51:08,138 [DEBUG] TUN->SSH: 52 байт
2026-04-09 01:51:08,139 [DEBUG] SSH->TUN: 126 байт
2026-04-09 01:51:08,139 [DEBUG] TUN->SSH: 52 байт
2026-04-09 01:51:08,139 [DEBUG] SSH->TUN: 241 байт
2026-04-09 01:51:08,139 [DEBUG] TUN->SSH: 52 байт
2026-04-09 01:51:08,455 [DEBUG] TUN->SSH: 52 байт
2026-04-09 01:51:08,461 [DEBUG] TUN->SSH: 60 байт
2026-04-09 01:51:08,500 [DEBUG] SSH->TUN: 60 байт
2026-04-09 01:51:08,500 [DEBUG] TUN->SSH: 52 байт
2026-04-09 01:51:08,500 [DEBUG] TUN->SSH: 150 байт
2026-04-09 01:51:08,519 [DEBUG] TUN->SSH: 52 байт
2026-04-09 01:51:08,536 [DEBUG] SSH->TUN: 52 байт
2026-04-09 01:51:08,538 [DEBUG] SSH->TUN: 52 байт
2026-04-09 01:51:08,538 [DEBUG] SSH->TUN: 269 байт
2026-04-09 01:51:08,539 [DEBUG] TUN->SSH: 52 байт
2026-04-09 01:51:08,539 [DEBUG] SSH->TUN: 197 байт
2026-04-09 01:51:08,539 [DEBUG] TUN->SSH: 52 байт
2026-04-09 01:51:08,539 [DEBUG] TUN->SSH: 52 байт
2026-04-09 01:51:08,556 [DEBUG] SSH->TUN: 52 байт
2026-04-09 01:51:08,573 [DEBUG] SSH->TUN: 76 байт
2026-04-09 01:51:08,573 [DEBUG] TUN->SSH: 40 байт
2026-04-09 01:51:08,573 [DEBUG] SSH->TUN: 52 байт
2026-04-09 01:51:08,574 [DEBUG] TUN->SSH: 40 байт
2026-04-09 01:51:08,581 [DEBUG] TUN->SSH: 52 байт
2026-04-09 01:51:08,581 [DEBUG] SSH->TUN: 52 байт
2026-04-09 01:51:08,647 [DEBUG] TUN->SSH: 52 байт
2026-04-09 01:51:08,700 [DEBUG] SSH->TUN: 76 байт
2026-04-09 01:51:08,700 [DEBUG] TUN->SSH: 40 байт
2026-04-09 01:51:08,700 [DEBUG] SSH->TUN: 52 байт
2026-04-09 01:51:08,701 [DEBUG] TUN->SSH: 40 байт
2026-04-09 01:51:08,711 [DEBUG] TUN->SSH: 52 байт
2026-04-09 01:51:08,765 [DEBUG] TUN->SSH: 40 байт
2026-04-09 01:51:08,765 [DEBUG] SSH->TUN: 76 байт
2026-04-09 01:51:08,765 [DEBUG] SSH->TUN: 52 байт
2026-04-09 01:51:08,765 [DEBUG] TUN->SSH: 40 байт
2026-04-09 01:51:08,903 [DEBUG] TUN->SSH: 60 байт
2026-04-09 01:51:08,974 [DEBUG] SSH->TUN: 60 байт
2026-04-09 01:51:08,975 [DEBUG] TUN->SSH: 52 байт
2026-04-09 01:51:08,975 [DEBUG] TUN->SSH: 120 байт
2026-04-09 01:51:09,014 [DEBUG] SSH->TUN: 52 байт
2026-04-09 01:51:09,015 [DEBUG] TUN->SSH: 52 байт
2026-04-09 01:51:09,015 [DEBUG] SSH->TUN: 170 байт
2026-04-09 01:51:09,015 [DEBUG] SSH->TUN: 102 байт
2026-04-09 01:51:09,015 [DEBUG] TUN->SSH: 52 байт
2026-04-09 01:51:09,016 [DEBUG] TUN->SSH: 52 байт
2026-04-09 01:51:09,031 [DEBUG] TUN->SSH: 60 байт
2026-04-09 01:51:09,051 [DEBUG] TUN->SSH: 60 байт
2026-04-09 01:51:09,053 [DEBUG] TUN->SSH: 52 байт
2026-04-09 01:51:09,054 [DEBUG] SSH->TUN: 52 байт
2026-04-09 01:51:09,093 [DEBUG] SSH->TUN: 60 байт
2026-04-09 01:51:09,093 [DEBUG] TUN->SSH: 52 байт
2026-04-09 01:51:09,094 [DEBUG] TUN->SSH: 150 байт
2026-04-09 01:51:09,135 [DEBUG] SSH->TUN: 52 байт
2026-04-09 01:51:09,135 [DEBUG] SSH->TUN: 181 байт
2026-04-09 01:51:09,136 [DEBUG] TUN->SSH: 52 байт
2026-04-09 01:51:09,136 [DEBUG] SSH->TUN: 229 байт
2026-04-09 01:51:09,136 [DEBUG] TUN->SSH: 52 байт
2026-04-09 01:51:09,136 [DEBUG] TUN->SSH: 52 байт
2026-04-09 01:51:09,137 [DEBUG] TUN->SSH: 60 байт
2026-04-09 01:51:09,159 [DEBUG] TUN->SSH: 60 байт
2026-04-09 01:51:09,159 [DEBUG] TUN->SSH: 60 байт
2026-04-09 01:51:09,175 [DEBUG] TUN->SSH: 52 байт
2026-04-09 01:51:09,175 [DEBUG] SSH->TUN: 52 байт
2026-04-09 01:51:09,215 [DEBUG] SSH->TUN: 60 байт
2026-04-09 01:51:09,216 [DEBUG] TUN->SSH: 52 байт
2026-04-09 01:51:09,216 [DEBUG] TUN->SSH: 1280 байт
2026-04-09 01:51:09,323 [DEBUG] SSH->TUN: 60 байт
2026-04-09 01:51:09,323 [DEBUG] TUN->SSH: 52 байт
2026-04-09 01:51:09,324 [DEBUG] TUN->SSH: 1280 байт
2026-04-09 01:51:09,324 [DEBUG] TUN->SSH: 950 байт
2026-04-09 01:51:09,403 [DEBUG] SSH->TUN: 52 байт
2026-04-09 01:51:09,404 [DEBUG] TUN->SSH: 886 байт
2026-04-09 01:51:09,480 [DEBUG] TUN->SSH: 52 байт
2026-04-09 01:51:09,480 [DEBUG] TUN->SSH: 52 байт
2026-04-09 01:51:09,511 [DEBUG] SSH->TUN: 52 байт
2026-04-09 01:51:09,511 [DEBUG] SSH->TUN: 52 байт
2026-04-09 01:51:09,512 [DEBUG] SSH->TUN: 1280 байт
2026-04-09 01:51:09,512 [DEBUG] TUN->SSH: 52 байт
2026-04-09 01:51:09,512 [DEBUG] SSH->TUN: 1280 байт
2026-04-09 01:51:09,512 [DEBUG] TUN->SSH: 52 байт
2026-04-09 01:51:09,513 [DEBUG] SSH->TUN: 1280 байт
2026-04-09 01:51:09,513 [DEBUG] TUN->SSH: 52 байт
2026-04-09 01:51:09,513 [DEBUG] SSH->TUN: 464 байт
2026-04-09 01:51:09,513 [DEBUG] TUN->SSH: 52 байт
2026-04-09 01:51:09,513 [DEBUG] SSH->TUN: 929 байт
2026-04-09 01:51:09,513 [DEBUG] TUN->SSH: 52 байт
2026-04-09 01:51:09,514 [DEBUG] TUN->SSH: 132 байт
2026-04-09 01:51:09,514 [DEBUG] TUN->SSH: 787 байт
2026-04-09 01:51:09,519 [DEBUG] TUN->SSH: 52 байт
2026-04-09 01:51:09,519 [DEBUG] SSH->TUN: 52 байт
2026-04-09 01:51:09,519 [DEBUG] TUN->SSH: 52 байт
2026-04-09 01:51:09,519 [DEBUG] SSH->TUN: 52 байт
2026-04-09 01:51:09,543 [DEBUG] TUN->SSH: 317 байт
2026-04-09 01:51:09,588 [DEBUG] SSH->TUN: 52 байт
2026-04-09 01:51:09,589 [DEBUG] SSH->TUN: 312 байт
2026-04-09 01:51:09,589 [DEBUG] TUN->SSH: 52 байт
2026-04-09 01:51:09,589 [DEBUG] TUN->SSH: 132 байт
2026-04-09 01:51:09,589 [DEBUG] TUN->SSH: 782 байт
2026-04-09 01:51:09,605 [DEBUG] SSH->TUN: 40 байт
2026-04-09 01:51:09,703 [DEBUG] SSH->TUN: 371 байт
2026-04-09 01:51:09,704 [DEBUG] SSH->TUN: 371 байт
2026-04-09 01:51:09,704 [DEBUG] TUN->SSH: 52 байт
2026-04-09 01:51:09,704 [DEBUG] SSH->TUN: 357 байт
2026-04-09 01:51:09,706 [DEBUG] TUN->SSH: 126 байт
2026-04-09 01:51:09,776 [DEBUG] SSH->TUN: 371 байт
2026-04-09 01:51:09,776 [DEBUG] SSH->TUN: 357 байт
2026-04-09 01:51:09,776 [DEBUG] TUN->SSH: 52 байт
2026-04-09 01:51:09,778 [DEBUG] TUN->SSH: 126 байт
2026-04-09 01:51:09,779 [DEBUG] TUN->SSH: 126 байт
2026-04-09 01:51:09,927 [DEBUG] TUN->SSH: 52 байт
2026-04-09 01:51:10,002 [DEBUG] SSH->TUN: 52 байт
2026-04-09 01:51:10,002 [DEBUG] TUN->SSH: 52 байт
2026-04-09 01:51:10,003 [DEBUG] SSH->TUN: 489 байт
2026-04-09 01:51:10,003 [DEBUG] SSH->TUN: 52 байт
2026-04-09 01:51:10,003 [DEBUG] SSH->TUN: 52 байт
2026-04-09 01:51:10,003 [DEBUG] TUN->SSH: 52 байт
2026-04-09 01:51:10,003 [DEBUG] SSH->TUN: 52 байт
2026-04-09 01:51:10,004 [DEBUG] TUN->SSH: 60 байт
2026-04-09 01:51:10,004 [DEBUG] TUN->SSH: 52 байт
2026-04-09 01:51:10,049 [DEBUG] TUN->SSH: 88 байт
2026-04-09 01:51:10,050 [DEBUG] TUN->SSH: 88 байт
2026-04-09 01:51:10,050 [DEBUG] TUN->SSH: 88 байт
2026-04-09 01:51:10,050 [DEBUG] TUN->SSH: 88 байт
2026-04-09 01:51:10,050 [DEBUG] TUN->SSH: 88 байт
2026-04-09 01:51:10,051 [DEBUG] TUN->SSH: 88 байт
2026-04-09 01:51:10,051 [DEBUG] TUN->SSH: 75 байт
2026-04-09 01:51:10,057 [DEBUG] SSH->TUN: 60 байт
2026-04-09 01:51:10,057 [DEBUG] TUN->SSH: 52 байт
2026-04-09 01:51:10,057 [DEBUG] TUN->SSH: 1280 байт
2026-04-09 01:51:10,058 [DEBUG] TUN->SSH: 432 байт
2026-04-09 01:51:10,063 [DEBUG] TUN->SSH: 52 байт
2026-04-09 01:51:10,063 [DEBUG] SSH->TUN: 52 байт
2026-04-09 01:51:10,117 [DEBUG] SSH->TUN: 52 байт
2026-04-09 01:51:10,119 [DEBUG] SSH->TUN: 52 байт
2026-04-09 01:51:10,119 [DEBUG] SSH->TUN: 1280 байт
2026-04-09 01:51:10,120 [DEBUG] TUN->SSH: 52 байт
2026-04-09 01:51:10,120 [DEBUG] SSH->TUN: 1280 байт
2026-04-09 01:51:10,120 [DEBUG] TUN->SSH: 52 байт
2026-04-09 01:51:10,120 [DEBUG] SSH->TUN: 1280 байт
2026-04-09 01:51:10,121 [DEBUG] TUN->SSH: 52 байт
2026-04-09 01:51:10,121 [DEBUG] SSH->TUN: 464 байт
2026-04-09 01:51:10,121 [DEBUG] TUN->SSH: 52 байт
2026-04-09 01:51:10,121 [DEBUG] SSH->TUN: 1280 байт
2026-04-09 01:51:10,121 [DEBUG] TUN->SSH: 52 байт
2026-04-09 01:51:10,121 [DEBUG] SSH->TUN: 431 байт
2026-04-09 01:51:10,122 [DEBUG] TUN->SSH: 52 байт
2026-04-09 01:51:10,123 [DEBUG] TUN->SSH: 886 байт
2026-04-09 01:51:10,177 [DEBUG] SSH->TUN: 355 байт
2026-04-09 01:51:10,177 [DEBUG] SSH->TUN: 355 байт
2026-04-09 01:51:10,178 [DEBUG] TUN->SSH: 52 байт
2026-04-09 01:51:10,183 [DEBUG] TUN->SSH: 60 байт
2026-04-09 01:51:10,183 [DEBUG] TUN->SSH: 60 байт
2026-04-09 01:51:10,234 [DEBUG] SSH->TUN: 52 байт
2026-04-09 01:51:10,241 [DEBUG] SSH->TUN: 52 байт
2026-04-09 01:51:10,241 [DEBUG] SSH->TUN: 52 байт
2026-04-09 01:51:10,242 [DEBUG] SSH->TUN: 52 байт
2026-04-09 01:51:10,242 [DEBUG] SSH->TUN: 52 байт
2026-04-09 01:51:10,242 [DEBUG] SSH->TUN: 52 байт
2026-04-09 01:51:10,242 [DEBUG] SSH->TUN: 52 байт
2026-04-09 01:51:10,242 [DEBUG] SSH->TUN: 170 байт
2026-04-09 01:51:10,247 [DEBUG] TUN->SSH: 60 байт
2026-04-09 01:51:10,283 [DEBUG] TUN->SSH: 52 байт
2026-04-09 01:51:10,288 [DEBUG] SSH->TUN: 60 байт
2026-04-09 01:51:10,288 [DEBUG] TUN->SSH: 52 байт
2026-04-09 01:51:10,288 [DEBUG] TUN->SSH: 150 байт
2026-04-09 01:51:10,333 [DEBUG] SSH->TUN: 52 байт
2026-04-09 01:51:10,334 [DEBUG] SSH->TUN: 181 байт
2026-04-09 01:51:10,334 [DEBUG] TUN->SSH: 52 байт
2026-04-09 01:51:10,334 [DEBUG] SSH->TUN: 229 байт
2026-04-09 01:51:10,334 [DEBUG] TUN->SSH: 52 байт
2026-04-09 01:51:10,335 [DEBUG] TUN->SSH: 52 байт
2026-04-09 01:51:10,373 [DEBUG] SSH->TUN: 52 байт
2026-04-09 01:51:10,373 [DEBUG] TUN->SSH: 52 байт
2026-04-09 01:51:10,553 [DEBUG] TUN->SSH: 317 байт
2026-04-09 01:51:10,553 [DEBUG] TUN->SSH: 60 байт
2026-04-09 01:51:10,554 [DEBUG] TUN->SSH: 60 байт
2026-04-09 01:51:10,568 [DEBUG] TUN->SSH: 509 байт
2026-04-09 01:51:10,614 [DEBUG] SSH->TUN: 64 байт
2026-04-09 01:51:10,614 [DEBUG] TUN->SSH: 157 байт
2026-04-09 01:51:10,616 [DEBUG] SSH->TUN: 60 байт
2026-04-09 01:51:10,616 [DEBUG] TUN->SSH: 52 байт
2026-04-09 01:51:10,616 [DEBUG] TUN->SSH: 289 байт
2026-04-09 01:51:10,617 [DEBUG] SSH->TUN: 60 байт
2026-04-09 01:51:10,617 [DEBUG] TUN->SSH: 52 байт
2026-04-09 01:51:10,617 [DEBUG] TUN->SSH: 522 байт
2026-04-09 01:51:10,670 [DEBUG] SSH->TUN: 52 байт
2026-04-09 01:51:10,670 [DEBUG] SSH->TUN: 52 байт
2026-04-09 01:51:10,671 [DEBUG] TUN->SSH: 52 байт
2026-04-09 01:51:10,674 [DEBUG] SSH->TUN: 185 байт
2026-04-09 01:51:10,674 [DEBUG] TUN->SSH: 52 байт
2026-04-09 01:51:10,675 [DEBUG] TUN->SSH: 52 байт
2026-04-09 01:51:10,676 [DEBUG] TUN->SSH: 269 байт
2026-04-09 01:51:10,677 [DEBUG] SSH->TUN: 375 байт
2026-04-09 01:51:10,677 [DEBUG] TUN->SSH: 40 байт
2026-04-09 01:51:10,736 [DEBUG] SSH->TUN: 253 байт
2026-04-09 01:51:10,737 [DEBUG] SSH->TUN: 52 байт
2026-04-09 01:51:10,737 [DEBUG] TUN->SSH: 40 байт
2026-04-09 01:51:10,755 [DEBUG] SSH->TUN: 157 байт
2026-04-09 01:51:10,756 [DEBUG] TUN->SSH: 52 байт
2026-04-09 01:51:11,051 [DEBUG] TUN->SSH: 60 байт
2026-04-09 01:51:11,079 [DEBUG] TUN->SSH: 60 байт
2026-04-09 01:51:11,080 [DEBUG] TUN->SSH: 60 байт
2026-04-09 01:51:11,092 [DEBUG] SSH->TUN: 60 байт
2026-04-09 01:51:11,092 [DEBUG] TUN->SSH: 52 байт
2026-04-09 01:51:11,092 [DEBUG] TUN->SSH: 118 байт
2026-04-09 01:51:11,117 [DEBUG] SSH->TUN: 60 байт
2026-04-09 01:51:11,117 [DEBUG] TUN->SSH: 52 байт
2026-04-09 01:51:11,118 [DEBUG] TUN->SSH: 112 байт
2026-04-09 01:51:11,118 [DEBUG] SSH->TUN: 60 байт
2026-04-09 01:51:11,118 [DEBUG] TUN->SSH: 52 байт
2026-04-09 01:51:11,118 [DEBUG] TUN->SSH: 120 байт
2026-04-09 01:51:11,131 [DEBUG] SSH->TUN: 52 байт
2026-04-09 01:51:11,132 [DEBUG] SSH->TUN: 141 байт
2026-04-09 01:51:11,132 [DEBUG] TUN->SSH: 52 байт
2026-04-09 01:51:11,132 [DEBUG] SSH->TUN: 117 байт
2026-04-09 01:51:11,133 [DEBUG] TUN->SSH: 52 байт
2026-04-09 01:51:11,133 [DEBUG] TUN->SSH: 52 байт
2026-04-09 01:51:11,133 [DEBUG] TUN->SSH: 60 байт
2026-04-09 01:51:11,156 [DEBUG] SSH->TUN: 52 байт
2026-04-09 01:51:11,157 [DEBUG] SSH->TUN: 166 байт
2026-04-09 01:51:11,157 [DEBUG] TUN->SSH: 52 байт
2026-04-09 01:51:11,157 [DEBUG] SSH->TUN: 98 байт
2026-04-09 01:51:11,157 [DEBUG] TUN->SSH: 52 байт
2026-04-09 01:51:11,157 [DEBUG] TUN->SSH: 52 байт
2026-04-09 01:51:11,158 [DEBUG] TUN->SSH: 60 байт
2026-04-09 01:51:11,163 [DEBUG] SSH->TUN: 52 байт
2026-04-09 01:51:11,163 [DEBUG] SSH->TUN: 170 байт
2026-04-09 01:51:11,163 [DEBUG] TUN->SSH: 52 байт
2026-04-09 01:51:11,167 [DEBUG] SSH->TUN: 102 байт
2026-04-09 01:51:11,167 [DEBUG] TUN->SSH: 52 байт
2026-04-09 01:51:11,167 [DEBUG] TUN->SSH: 52 байт
2026-04-09 01:51:11,174 [DEBUG] TUN->SSH: 52 байт
2026-04-09 01:51:11,174 [DEBUG] SSH->TUN: 52 байт
2026-04-09 01:51:11,175 [DEBUG] SSH->TUN: 60 байт
2026-04-09 01:51:11,175 [DEBUG] TUN->SSH: 52 байт
2026-04-09 01:51:11,175 [DEBUG] TUN->SSH: 1280 байт
2026-04-09 01:51:11,176 [DEBUG] TUN->SSH: 818 байт
2026-04-09 01:51:11,199 [DEBUG] TUN->SSH: 52 байт
2026-04-09 01:51:11,199 [DEBUG] SSH->TUN: 52 байт
2026-04-09 01:51:11,205 [DEBUG] SSH->TUN: 52 байт
2026-04-09 01:51:11,206 [DEBUG] TUN->SSH: 52 байт
2026-04-09 01:51:11,207 [DEBUG] TUN->SSH: 60 байт
2026-04-09 01:51:11,208 [DEBUG] TUN->SSH: 60 байт
2026-04-09 01:51:11,209 [DEBUG] SSH->TUN: 60 байт
2026-04-09 01:51:11,209 [DEBUG] TUN->SSH: 52 байт
2026-04-09 01:51:11,210 [DEBUG] TUN->SSH: 94 байт
2026-04-09 01:51:11,219 [DEBUG] SSH->TUN: 52 байт
2026-04-09 01:51:11,219 [DEBUG] SSH->TUN: 52 байт
2026-04-09 01:51:11,222 [DEBUG] SSH->TUN: 1280 байт
2026-04-09 01:51:11,222 [DEBUG] TUN->SSH: 52 байт
2026-04-09 01:51:11,223 [DEBUG] SSH->TUN: 199 байт
2026-04-09 01:51:11,224 [DEBUG] TUN->SSH: 52 байт
2026-04-09 01:51:11,224 [DEBUG] TUN->SSH: 116 байт
2026-04-09 01:51:11,224 [DEBUG] TUN->SSH: 144 байт
2026-04-09 01:51:11,225 [DEBUG] TUN->SSH: 1081 байт
2026-04-09 01:51:11,225 [DEBUG] TUN->SSH: 138 байт
2026-04-09 01:51:11,257 [DEBUG] SSH->TUN: 52 байт
2026-04-09 01:51:11,264 [DEBUG] SSH->TUN: 564 байт
2026-04-09 01:51:11,265 [DEBUG] TUN->SSH: 83 байт
2026-04-09 01:51:11,265 [DEBUG] SSH->TUN: 83 байт
2026-04-09 01:51:11,265 [DEBUG] SSH->TUN: 52 байт
2026-04-09 01:51:11,293 [DEBUG] SSH->TUN: 636 байт
2026-04-09 01:51:11,293 [DEBUG] TUN->SSH: 52 байт
2026-04-09 01:51:11,294 [DEBUG] SSH->TUN: 139 байт
2026-04-09 01:51:11,294 [DEBUG] SSH->TUN: 83 байт
2026-04-09 01:51:11,295 [DEBUG] TUN->SSH: 52 байт
2026-04-09 01:51:11,345 [DEBUG] SSH->TUN: 52 байт
2026-04-09 01:51:11,578 [DEBUG] SSH->TUN: 869 байт
2026-04-09 01:51:11,579 [DEBUG] TUN->SSH: 52 байт
2026-04-09 01:51:11,579 [DEBUG] TUN->SSH: 1280 байт
2026-04-09 01:51:11,579 [DEBUG] TUN->SSH: 360 байт
2026-04-09 01:51:11,629 [DEBUG] SSH->TUN: 52 байт
2026-04-09 01:51:11,629 [DEBUG] SSH->TUN: 52 байт
2026-04-09 01:51:11,630 [DEBUG] TUN->SSH: 100 байт
2026-04-09 01:51:11,677 [DEBUG] SSH->TUN: 52 байт
2026-04-09 01:51:11,772 [DEBUG] SSH->TUN: 244 байт
2026-04-09 01:51:11,772 [DEBUG] SSH->TUN: 68 байт
2026-04-09 01:51:11,779 [DEBUG] TUN->SSH: 68 байт
2026-04-09 01:51:11,827 [DEBUG] SSH->TUN: 52 байт
2026-04-09 01:51:11,827 [DEBUG] TUN->SSH: 96 байт
2026-04-09 01:51:11,874 [DEBUG] SSH->TUN: 52 байт
2026-04-09 01:51:11,920 [DEBUG] SSH->TUN: 648 байт
2026-04-09 01:51:11,961 [DEBUG] TUN->SSH: 52 байт
2026-04-09 01:51:11,968 [DEBUG] SSH->TUN: 96 байт
2026-04-09 01:51:11,968 [DEBUG] TUN->SSH: 52 байт
2026-04-09 01:51:11,968 [DEBUG] TUN->SSH: 112 байт
2026-04-09 01:51:12,015 [DEBUG] SSH->TUN: 52 байт
2026-04-09 01:51:12,112 [DEBUG] SSH->TUN: 96 байт
2026-04-09 01:51:12,113 [DEBUG] TUN->SSH: 192 байт
2026-04-09 01:51:12,161 [DEBUG] SSH->TUN: 52 байт
2026-04-09 01:51:12,366 [DEBUG] SSH->TUN: 152 байт
2026-04-09 01:51:12,368 [DEBUG] TUN->SSH: 360 байт
2026-04-09 01:51:12,418 [DEBUG] SSH->TUN: 52 байт
2026-04-09 01:51:12,516 [DEBUG] SSH->TUN: 80 байт
2026-04-09 01:51:12,517 [DEBUG] TUN->SSH: 104 байт
2026-04-09 01:51:12,517 [DEBUG] SSH->TUN: 680 байт
2026-04-09 01:51:12,557 [DEBUG] TUN->SSH: 52 байт
2026-04-09 01:51:12,576 [DEBUG] SSH->TUN: 52 байт
2026-04-09 01:51:12,615 [DEBUG] TUN->SSH: 60 байт
2026-04-09 01:51:12,654 [DEBUG] SSH->TUN: 60 байт
2026-04-09 01:51:12,654 [DEBUG] TUN->SSH: 52 байт
2026-04-09 01:51:12,655 [DEBUG] TUN->SSH: 150 байт
2026-04-09 01:51:12,662 [DEBUG] SSH->TUN: 96 байт
2026-04-09 01:51:12,662 [DEBUG] TUN->SSH: 52 байт
2026-04-09 01:51:12,663 [DEBUG] TUN->SSH: 908 байт
2026-04-09 01:51:12,695 [DEBUG] SSH->TUN: 52 байт
2026-04-09 01:51:12,695 [DEBUG] SSH->TUN: 181 байт
2026-04-09 01:51:12,695 [DEBUG] TUN->SSH: 52 байт
2026-04-09 01:51:12,696 [DEBUG] SSH->TUN: 229 байт
2026-04-09 01:51:12,696 [DEBUG] TUN->SSH: 52 байт
2026-04-09 01:51:12,696 [DEBUG] TUN->SSH: 52 байт
2026-04-09 01:51:12,711 [DEBUG] SSH->TUN: 52 байт
2026-04-09 01:51:12,735 [DEBUG] TUN->SSH: 52 байт
2026-04-09 01:51:12,735 [DEBUG] SSH->TUN: 52 байт
2026-04-09 01:51:12,805 [DEBUG] SSH->TUN: 88 байт
2026-04-09 01:51:12,842 [DEBUG] SSH->TUN: 180 байт
2026-04-09 01:51:12,843 [DEBUG] TUN->SSH: 52 байт
2026-04-09 01:51:12,843 [DEBUG] SSH->TUN: 196 байт
2026-04-09 01:51:12,843 [DEBUG] SSH->TUN: 128 байт
2026-04-09 01:51:12,843 [DEBUG] TUN->SSH: 52 байт
2026-04-09 01:51:12,844 [DEBUG] TUN->SSH: 280 байт
2026-04-09 01:51:12,892 [DEBUG] SSH->TUN: 52 байт
2026-04-09 01:51:12,985 [DEBUG] SSH->TUN: 88 байт
2026-04-09 01:51:13,028 [DEBUG] SSH->TUN: 160 байт
2026-04-09 01:51:13,029 [DEBUG] TUN->SSH: 52 байт
2026-04-09 01:51:13,031 [DEBUG] TUN->SSH: 96 байт
2026-04-09 01:51:13,031 [DEBUG] TUN->SSH: 88 байт
2026-04-09 01:51:13,083 [DEBUG] SSH->TUN: 52 байт
2026-04-09 01:51:13,083 [DEBUG] SSH->TUN: 52 байт
2026-04-09 01:51:13,127 [DEBUG] TUN->SSH: 60 байт
2026-04-09 01:51:13,165 [DEBUG] SSH->TUN: 60 байт
2026-04-09 01:51:13,166 [DEBUG] TUN->SSH: 52 байт
2026-04-09 01:51:13,166 [DEBUG] TUN->SSH: 88 байт
2026-04-09 01:51:13,176 [DEBUG] SSH->TUN: 104 байт
2026-04-09 01:51:13,176 [DEBUG] SSH->TUN: 124 байт
2026-04-09 01:51:13,176 [DEBUG] TUN->SSH: 52 байт
2026-04-09 01:51:13,177 [DEBUG] TUN->SSH: 88 байт
2026-04-09 01:51:13,177 [DEBUG] TUN->SSH: 112 байт
2026-04-09 01:51:13,178 [DEBUG] TUN->SSH: 52 байт
2026-04-09 01:51:13,205 [DEBUG] SSH->TUN: 52 байт
2026-04-09 01:51:13,206 [DEBUG] SSH->TUN: 104 байт
2026-04-09 01:51:13,206 [DEBUG] TUN->SSH: 52 байт
2026-04-09 01:51:13,206 [DEBUG] TUN->SSH: 52 байт
2026-04-09 01:51:13,228 [DEBUG] SSH->TUN: 52 байт
2026-04-09 01:51:13,229 [DEBUG] SSH->TUN: 52 байт
2026-04-09 01:51:13,248 [DEBUG] TUN->SSH: 52 байт
2026-04-09 01:51:13,248 [DEBUG] SSH->TUN: 52 байт
2026-04-09 01:51:13,255 [DEBUG] TUN->SSH: 60 байт
2026-04-09 01:51:13,256 [DEBUG] TUN->SSH: 60 байт
2026-04-09 01:51:13,271 [DEBUG] SSH->TUN: 52 байт
2026-04-09 01:51:13,277 [DEBUG] TUN->SSH: 60 байт
2026-04-09 01:51:13,316 [DEBUG] SSH->TUN: 60 байт
2026-04-09 01:51:13,317 [DEBUG] TUN->SSH: 52 байт
2026-04-09 01:51:13,317 [DEBUG] TUN->SSH: 112 байт
2026-04-09 01:51:13,318 [DEBUG] SSH->TUN: 52 байт
2026-04-09 01:51:13,319 [DEBUG] TUN->SSH: 52 байт
2026-04-09 01:51:13,355 [DEBUG] SSH->TUN: 52 байт
2026-04-09 01:51:13,356 [DEBUG] SSH->TUN: 98 байт
2026-04-09 01:51:13,356 [DEBUG] TUN->SSH: 52 байт
2026-04-09 01:51:13,357 [DEBUG] SSH->TUN: 166 байт
2026-04-09 01:51:13,357 [DEBUG] TUN->SSH: 52 байт
2026-04-09 01:51:13,357 [DEBUG] TUN->SSH: 52 байт
2026-04-09 01:51:13,358 [DEBUG] TUN->SSH: 60 байт
2026-04-09 01:51:13,395 [DEBUG] SSH->TUN: 52 байт
2026-04-09 01:51:13,396 [DEBUG] TUN->SSH: 52 байт
2026-04-09 01:51:13,405 [DEBUG] SSH->TUN: 60 байт
2026-04-09 01:51:13,406 [DEBUG] TUN->SSH: 52 байт
2026-04-09 01:51:13,406 [DEBUG] TUN->SSH: 94 байт
2026-04-09 01:51:13,462 [DEBUG] SSH->TUN: 52 байт
2026-04-09 01:51:13,631 [DEBUG] TUN->SSH: 269 байт
2026-04-09 01:51:13,643 [DEBUG] SSH->TUN: 869 байт
2026-04-09 01:51:13,643 [DEBUG] TUN->SSH: 52 байт
2026-04-09 01:51:13,644 [DEBUG] TUN->SSH: 1280 байт
2026-04-09 01:51:13,644 [DEBUG] TUN->SSH: 360 байт
2026-04-09 01:51:13,697 [DEBUG] SSH->TUN: 52 байт
2026-04-09 01:51:13,701 [DEBUG] SSH->TUN: 52 байт
2026-04-09 01:51:13,702 [DEBUG] TUN->SSH: 100 байт
2026-04-09 01:51:13,741 [DEBUG] SSH->TUN: 52 байт
2026-04-09 01:51:13,742 [DEBUG] SSH->TUN: 141 байт
2026-04-09 01:51:13,749 [DEBUG] SSH->TUN: 52 байт
2026-04-09 01:51:13,783 [DEBUG] TUN->SSH: 52 байт
2026-04-09 01:51:13,845 [DEBUG] SSH->TUN: 244 байт
2026-04-09 01:51:13,845 [DEBUG] SSH->TUN: 68 байт
2026-04-09 01:51:13,854 [DEBUG] TUN->SSH: 68 байт
2026-04-09 01:51:13,902 [DEBUG] SSH->TUN: 52 байт
2026-04-09 01:51:13,902 [DEBUG] TUN->SSH: 96 байт
2026-04-09 01:51:13,954 [DEBUG] SSH->TUN: 52 байт
2026-04-09 01:51:13,996 [DEBUG] SSH->TUN: 648 байт
2026-04-09 01:51:14,037 [DEBUG] TUN->SSH: 52 байт
2026-04-09 01:51:14,047 [DEBUG] SSH->TUN: 96 байт
2026-04-09 01:51:14,047 [DEBUG] TUN->SSH: 52 байт
2026-04-09 01:51:14,048 [DEBUG] TUN->SSH: 112 байт
2026-04-09 01:51:14,050 [DEBUG] TUN->SSH: 60 байт
2026-04-09 01:51:14,051 [DEBUG] TUN->SSH: 60 байт
2026-04-09 01:51:14,051 [DEBUG] TUN->SSH: 60 байт
2026-04-09 01:51:14,057 [DEBUG] TUN->SSH: 60 байт
2026-04-09 01:51:14,058 [DEBUG] TUN->SSH: 60 байт
2026-04-09 01:51:14,089 [DEBUG] SSH->TUN: 60 байт
2026-04-09 01:51:14,090 [DEBUG] TUN->SSH: 52 байт
2026-04-09 01:51:14,090 [DEBUG] TUN->SSH: 144 байт
2026-04-09 01:51:14,097 [DEBUG] SSH->TUN: 52 байт
2026-04-09 01:51:14,116 [DEBUG] SSH->TUN: 60 байт
2026-04-09 01:51:14,116 [DEBUG] TUN->SSH: 52 байт
2026-04-09 01:51:14,117 [DEBUG] TUN->SSH: 386 байт
2026-04-09 01:51:14,120 [DEBUG] SSH->TUN: 60 байт
2026-04-09 01:51:14,121 [DEBUG] TUN->SSH: 52 байт
2026-04-09 01:51:14,121 [DEBUG] TUN->SSH: 201 байт
2026-04-09 01:51:14,131 [DEBUG] SSH->TUN: 52 байт
2026-04-09 01:51:14,131 [DEBUG] SSH->TUN: 130 байт
2026-04-09 01:51:14,131 [DEBUG] TUN->SSH: 52 байт
2026-04-09 01:51:14,132 [DEBUG] SSH->TUN: 154 байт
2026-04-09 01:51:14,132 [DEBUG] TUN->SSH: 52 байт
2026-04-09 01:51:14,132 [DEBUG] TUN->SSH: 52 байт
2026-04-09 01:51:14,133 [DEBUG] TUN->SSH: 60 байт
2026-04-09 01:51:14,151 [DEBUG] TUN->SSH: 52 байт
2026-04-09 01:51:14,171 [DEBUG] SSH->TUN: 60 байт
2026-04-09 01:51:14,172 [DEBUG] TUN->SSH: 52 байт
2026-04-09 01:51:14,172 [DEBUG] TUN->SSH: 52 байт
2026-04-09 01:51:14,172 [DEBUG] SSH->TUN: 52 байт
2026-04-09 01:51:14,173 [DEBUG] TUN->SSH: 569 байт
2026-04-09 01:51:14,175 [DEBUG] SSH->TUN: 299 байт
2026-04-09 01:51:14,175 [DEBUG] TUN->SSH: 52 байт
2026-04-09 01:51:14,182 [DEBUG] SSH->TUN: 261 байт
2026-04-09 01:51:14,182 [DEBUG] TUN->SSH: 52 байт
2026-04-09 01:51:14,183 [DEBUG] TUN->SSH: 52 байт
2026-04-09 01:51:14,184 [DEBUG] TUN->SSH: 221 байт
2026-04-09 01:51:14,190 [DEBUG] SSH->TUN: 96 байт
2026-04-09 01:51:14,191 [DEBUG] TUN->SSH: 192 байт
2026-04-09 01:51:14,213 [DEBUG] SSH->TUN: 52 байт
2026-04-09 01:51:14,214 [DEBUG] SSH->TUN: 60 байт
2026-04-09 01:51:14,214 [DEBUG] TUN->SSH: 52 байт
2026-04-09 01:51:14,214 [DEBUG] SSH->TUN: 60 байт
2026-04-09 01:51:14,215 [DEBUG] TUN->SSH: 309 байт
2026-04-09 01:51:14,215 [DEBUG] TUN->SSH: 52 байт
2026-04-09 01:51:14,215 [DEBUG] TUN->SSH: 471 байт
2026-04-09 01:51:14,218 [DEBUG] SSH->TUN: 1280 байт
2026-04-09 01:51:14,219 [DEBUG] TUN->SSH: 52 байт
2026-04-09 01:51:14,219 [DEBUG] SSH->TUN: 1280 байт
2026-04-09 01:51:14,219 [DEBUG] TUN->SSH: 52 байт
2026-04-09 01:51:14,219 [DEBUG] SSH->TUN: 473 байт
2026-04-09 01:51:14,220 [DEBUG] TUN->SSH: 52 байт
2026-04-09 01:51:14,224 [DEBUG] TUN->SSH: 132 байт
2026-04-09 01:51:14,238 [DEBUG] SSH->TUN: 52 байт
2026-04-09 01:51:14,241 [DEBUG] TUN->SSH: 52 байт
2026-04-09 01:51:14,241 [DEBUG] SSH->TUN: 52 байт
2026-04-09 01:51:14,245 [DEBUG] SSH->TUN: 205 байт
2026-04-09 01:51:14,250 [DEBUG] SSH->TUN: 688 байт
2026-04-09 01:51:14,251 [DEBUG] TUN->SSH: 52 байт
2026-04-09 01:51:14,251 [DEBUG] TUN->SSH: 52 байт
2026-04-09 01:51:14,251 [DEBUG] TUN->SSH: 52 байт
2026-04-09 01:51:14,252 [DEBUG] TUN->SSH: 403 байт
2026-04-09 01:51:14,262 [DEBUG] SSH->TUN: 612 байт
2026-04-09 01:51:14,263 [DEBUG] TUN->SSH: 40 байт
2026-04-09 01:51:14,293 [DEBUG] SSH->TUN: 52 байт
2026-04-09 01:51:14,293 [DEBUG] TUN->SSH: 40 байт
2026-04-09 01:51:14,294 [DEBUG] SSH->TUN: 52 байт
2026-04-09 01:51:14,339 [DEBUG] SSH->TUN: 152 байт
2026-04-09 01:51:14,342 [DEBUG] TUN->SSH: 360 байт
2026-04-09 01:51:14,378 [DEBUG] SSH->TUN: 261 байт
2026-04-09 01:51:14,379 [DEBUG] TUN->SSH: 40 байт
2026-04-09 01:51:14,379 [DEBUG] SSH->TUN: 383 байт
2026-04-09 01:51:14,379 [DEBUG] TUN->SSH: 40 байт
2026-04-09 01:51:14,389 [DEBUG] SSH->TUN: 52 байт
2026-04-09 01:51:14,418 [DEBUG] SSH->TUN: 52 байт
2026-04-09 01:51:14,418 [DEBUG] TUN->SSH: 40 байт
2026-04-09 01:51:14,418 [DEBUG] SSH->TUN: 52 байт
2026-04-09 01:51:14,418 [DEBUG] TUN->SSH: 40 байт
2026-04-09 01:51:14,484 [DEBUG] SSH->TUN: 80 байт
2026-04-09 01:51:14,485 [DEBUG] TUN->SSH: 104 байт
2026-04-09 01:51:14,485 [DEBUG] SSH->TUN: 680 байт
2026-04-09 01:51:14,526 [DEBUG] TUN->SSH: 52 байт
2026-04-09 01:51:14,532 [DEBUG] SSH->TUN: 52 байт
2026-04-09 01:51:14,627 [DEBUG] SSH->TUN: 96 байт
2026-04-09 01:51:14,627 [DEBUG] TUN->SSH: 52 байт
2026-04-09 01:51:14,627 [DEBUG] TUN->SSH: 908 байт
2026-04-09 01:51:14,677 [DEBUG] SSH->TUN: 52 байт
2026-04-09 01:51:14,770 [DEBUG] SSH->TUN: 88 байт
2026-04-09 01:51:14,804 [DEBUG] SSH->TUN: 144 байт
2026-04-09 01:51:14,804 [DEBUG] TUN->SSH: 52 байт
2026-04-09 01:51:14,805 [DEBUG] SSH->TUN: 112 байт
2026-04-09 01:51:14,805 [DEBUG] SSH->TUN: 168 байт
2026-04-09 01:51:14,805 [DEBUG] TUN->SSH: 52 байт
2026-04-09 01:51:14,806 [DEBUG] SSH->TUN: 96 байт
2026-04-09 01:51:14,806 [DEBUG] TUN->SSH: 216 байт
2026-04-09 01:51:14,854 [DEBUG] SSH->TUN: 52 байт
2026-04-09 01:51:14,950 [DEBUG] SSH->TUN: 88 байт
2026-04-09 01:51:14,993 [DEBUG] TUN->SSH: 52 байт
2026-04-09 01:51:14,997 [DEBUG] SSH->TUN: 96 байт
2026-04-09 01:51:14,997 [DEBUG] TUN->SSH: 52 байт
2026-04-09 01:51:14,997 [DEBUG] TUN->SSH: 96 байт
2026-04-09 01:51:14,998 [DEBUG] TUN->SSH: 88 байт
2026-04-09 01:51:15,018 [DEBUG] TUN->SSH: 301 байт
2026-04-09 01:51:15,047 [DEBUG] SSH->TUN: 52 байт
2026-04-09 01:51:15,048 [DEBUG] SSH->TUN: 52 байт
2026-04-09 01:51:15,075 [DEBUG] SSH->TUN: 52 байт
2026-04-09 01:51:15,105 [DEBUG] SSH->TUN: 141 байт
2026-04-09 01:51:15,106 [DEBUG] TUN->SSH: 52 байт
2026-04-09 01:51:15,144 [DEBUG] SSH->TUN: 104 байт
2026-04-09 01:51:15,144 [DEBUG] SSH->TUN: 88 байт
2026-04-09 01:51:15,144 [DEBUG] TUN->SSH: 52 байт
2026-04-09 01:51:15,144 [DEBUG] SSH->TUN: 88 байт
2026-04-09 01:51:15,145 [DEBUG] TUN->SSH: 88 байт
2026-04-09 01:51:15,145 [DEBUG] TUN->SSH: 112 байт
2026-04-09 01:51:15,145 [DEBUG] TUN->SSH: 52 байт
2026-04-09 01:51:15,193 [DEBUG] SSH->TUN: 52 байт
2026-04-09 01:51:15,194 [DEBUG] SSH->TUN: 52 байт
2026-04-09 01:51:15,237 [DEBUG] SSH->TUN: 52 байт
2026-04-09 01:51:15,287 [DEBUG] SSH->TUN: 52 байт
2026-04-09 01:51:15,288 [DEBUG] TUN->SSH: 52 байт
2026-04-09 01:51:16,703 [DEBUG] SSH->TUN: 91 байт
2026-04-09 01:51:16,703 [DEBUG] SSH->TUN: 52 байт
2026-04-09 01:51:17,010 [DEBUG] SSH->TUN: 52 байт
2026-04-09 01:51:17,059 [DEBUG] TUN->SSH: 60 байт
2026-04-09 01:51:17,094 [DEBUG] TUN->SSH: 88 байт
2026-04-09 01:51:17,094 [DEBUG] TUN->SSH: 88 байт
2026-04-09 01:51:17,095 [DEBUG] TUN->SSH: 69 байт
2026-04-09 01:51:17,095 [DEBUG] TUN->SSH: 88 байт
2026-04-09 01:51:17,095 [DEBUG] TUN->SSH: 88 байт
2026-04-09 01:51:17,096 [DEBUG] TUN->SSH: 85 байт
2026-04-09 01:51:17,102 [DEBUG] SSH->TUN: 60 байт
2026-04-09 01:51:17,102 [DEBUG] TUN->SSH: 52 байт
2026-04-09 01:51:17,102 [DEBUG] TUN->SSH: 97 байт
2026-04-09 01:51:17,140 [DEBUG] SSH->TUN: 52 байт
2026-04-09 01:51:17,140 [DEBUG] SSH->TUN: 97 байт
2026-04-09 01:51:17,141 [DEBUG] TUN->SSH: 52 байт
2026-04-09 01:51:17,141 [DEBUG] TUN->SSH: 52 байт
2026-04-09 01:51:17,141 [DEBUG] TUN->SSH: 60 байт
2026-04-09 01:51:17,153 [DEBUG] SSH->TUN: 52 байт
2026-04-09 01:51:17,153 [DEBUG] SSH->TUN: 141 байт
2026-04-09 01:51:17,153 [DEBUG] TUN->SSH: 52 байт
2026-04-09 01:51:17,154 [DEBUG] SSH->TUN: 52 байт
2026-04-09 01:51:17,178 [DEBUG] SSH->TUN: 52 байт
2026-04-09 01:51:17,179 [DEBUG] SSH->TUN: 141 байт
2026-04-09 01:51:17,179 [DEBUG] TUN->SSH: 52 байт
2026-04-09 01:51:17,183 [DEBUG] SSH->TUN: 52 байт
2026-04-09 01:51:17,183 [DEBUG] TUN->SSH: 52 байт
2026-04-09 01:51:17,183 [DEBUG] SSH->TUN: 60 байт
2026-04-09 01:51:17,184 [DEBUG] TUN->SSH: 52 байт
2026-04-09 01:51:17,184 [DEBUG] TUN->SSH: 94 байт
2026-04-09 01:51:17,222 [DEBUG] SSH->TUN: 52 байт
2026-04-09 01:51:17,223 [DEBUG] SSH->TUN: 94 байт
2026-04-09 01:51:17,224 [DEBUG] TUN->SSH: 52 байт
2026-04-09 01:51:17,224 [DEBUG] TUN->SSH: 52 байт
2026-04-09 01:51:17,224 [DEBUG] TUN->SSH: 60 байт
2026-04-09 01:51:17,246 [DEBUG] SSH->TUN: 91 байт
2026-04-09 01:51:17,263 [DEBUG] SSH->TUN: 52 байт
2026-04-09 01:51:17,263 [DEBUG] TUN->SSH: 52 байт
2026-04-09 01:51:17,263 [DEBUG] SSH->TUN: 60 байт
2026-04-09 01:51:17,263 [DEBUG] TUN->SSH: 52 байт
2026-04-09 01:51:17,264 [DEBUG] TUN->SSH: 98 байт
2026-04-09 01:51:17,305 [DEBUG] SSH->TUN: 52 байт
2026-04-09 01:51:17,306 [DEBUG] SSH->TUN: 98 байт
2026-04-09 01:51:17,306 [DEBUG] TUN->SSH: 52 байт
2026-04-09 01:51:17,306 [DEBUG] TUN->SSH: 52 байт
2026-04-09 01:51:17,306 [DEBUG] TUN->SSH: 60 байт
2026-04-09 01:51:17,307 [DEBUG] SSH->TUN: 91 байт
2026-04-09 01:51:17,307 [DEBUG] SSH->TUN: 52 байт
2026-04-09 01:51:17,346 [DEBUG] TUN->SSH: 52 байт
2026-04-09 01:51:17,346 [DEBUG] SSH->TUN: 52 байт
2026-04-09 01:51:17,346 [DEBUG] SSH->TUN: 60 байт
2026-04-09 01:51:17,346 [DEBUG] TUN->SSH: 52 байт
2026-04-09 01:51:17,347 [DEBUG] TUN->SSH: 93 байт
2026-04-09 01:51:17,387 [DEBUG] SSH->TUN: 52 байт
2026-04-09 01:51:17,388 [DEBUG] SSH->TUN: 93 байт
2026-04-09 01:51:17,388 [DEBUG] TUN->SSH: 52 байт
2026-04-09 01:51:17,388 [DEBUG] TUN->SSH: 52 байт
2026-04-09 01:51:17,389 [DEBUG] TUN->SSH: 60 байт
2026-04-09 01:51:17,428 [DEBUG] TUN->SSH: 52 байт
2026-04-09 01:51:17,428 [DEBUG] SSH->TUN: 52 байт
2026-04-09 01:51:17,428 [DEBUG] SSH->TUN: 60 байт
2026-04-09 01:51:17,429 [DEBUG] TUN->SSH: 52 байт
2026-04-09 01:51:17,429 [DEBUG] TUN->SSH: 95 байт
2026-04-09 01:51:17,468 [DEBUG] SSH->TUN: 52 байт
2026-04-09 01:51:17,468 [DEBUG] SSH->TUN: 95 байт
2026-04-09 01:51:17,468 [DEBUG] TUN->SSH: 52 байт
2026-04-09 01:51:17,468 [DEBUG] TUN->SSH: 52 байт
2026-04-09 01:51:17,469 [DEBUG] TUN->SSH: 60 байт
2026-04-09 01:51:17,470 [DEBUG] SSH->TUN: 52 байт
2026-04-09 01:51:17,507 [DEBUG] SSH->TUN: 52 байт
2026-04-09 01:51:17,507 [DEBUG] TUN->SSH: 52 байт
2026-04-09 01:51:17,510 [DEBUG] SSH->TUN: 60 байт
2026-04-09 01:51:17,510 [DEBUG] TUN->SSH: 52 байт
2026-04-09 01:51:17,510 [DEBUG] TUN->SSH: 95 байт
2026-04-09 01:51:17,548 [DEBUG] SSH->TUN: 52 байт
2026-04-09 01:51:17,549 [DEBUG] SSH->TUN: 95 байт
2026-04-09 01:51:17,549 [DEBUG] TUN->SSH: 52 байт
2026-04-09 01:51:17,550 [DEBUG] TUN->SSH: 52 байт
2026-04-09 01:51:17,550 [DEBUG] TUN->SSH: 60 байт
2026-04-09 01:51:17,588 [DEBUG] TUN->SSH: 52 байт
2026-04-09 01:51:17,589 [DEBUG] SSH->TUN: 52 байт
2026-04-09 01:51:17,589 [DEBUG] SSH->TUN: 60 байт
2026-04-09 01:51:17,589 [DEBUG] TUN->SSH: 52 байт
2026-04-09 01:51:17,589 [DEBUG] TUN->SSH: 95 байт
2026-04-09 01:51:17,631 [DEBUG] SSH->TUN: 52 байт
2026-04-09 01:51:17,631 [DEBUG] SSH->TUN: 95 байт
2026-04-09 01:51:17,631 [DEBUG] TUN->SSH: 52 байт
2026-04-09 01:51:17,632 [DEBUG] TUN->SSH: 52 байт
2026-04-09 01:51:17,632 [DEBUG] TUN->SSH: 60 байт
2026-04-09 01:51:17,671 [DEBUG] TUN->SSH: 52 байт
2026-04-09 01:51:17,671 [DEBUG] SSH->TUN: 52 байт
2026-04-09 01:51:17,671 [DEBUG] SSH->TUN: 60 байт
2026-04-09 01:51:17,672 [DEBUG] TUN->SSH: 52 байт
2026-04-09 01:51:17,672 [DEBUG] TUN->SSH: 95 байт
2026-04-09 01:51:17,710 [DEBUG] SSH->TUN: 52 байт
2026-04-09 01:51:17,710 [DEBUG] SSH->TUN: 95 байт
2026-04-09 01:51:17,710 [DEBUG] TUN->SSH: 52 байт
2026-04-09 01:51:17,711 [DEBUG] TUN->SSH: 52 байт
2026-04-09 01:51:17,711 [DEBUG] TUN->SSH: 60 байт
2026-04-09 01:51:17,749 [DEBUG] SSH->TUN: 52 байт
2026-04-09 01:51:17,749 [DEBUG] TUN->SSH: 52 байт
2026-04-09 01:51:17,751 [DEBUG] SSH->TUN: 60 байт
2026-04-09 01:51:17,752 [DEBUG] TUN->SSH: 52 байт
2026-04-09 01:51:17,752 [DEBUG] TUN->SSH: 95 байт
2026-04-09 01:51:17,758 [DEBUG] SSH->TUN: 91 байт
2026-04-09 01:51:17,793 [DEBUG] SSH->TUN: 52 байт
2026-04-09 01:51:17,793 [DEBUG] SSH->TUN: 95 байт
2026-04-09 01:51:17,794 [DEBUG] TUN->SSH: 52 байт
2026-04-09 01:51:17,794 [DEBUG] TUN->SSH: 52 байт
2026-04-09 01:51:17,794 [DEBUG] TUN->SSH: 60 байт
2026-04-09 01:51:17,837 [DEBUG] TUN->SSH: 52 байт
2026-04-09 01:51:17,837 [DEBUG] SSH->TUN: 52 байт
2026-04-09 01:51:17,838 [DEBUG] SSH->TUN: 60 байт
2026-04-09 01:51:17,838 [DEBUG] TUN->SSH: 52 байт
2026-04-09 01:51:17,838 [DEBUG] TUN->SSH: 95 байт
2026-04-09 01:51:17,877 [DEBUG] SSH->TUN: 52 байт
2026-04-09 01:51:17,877 [DEBUG] SSH->TUN: 95 байт
2026-04-09 01:51:17,877 [DEBUG] TUN->SSH: 52 байт
2026-04-09 01:51:17,878 [DEBUG] TUN->SSH: 52 байт
2026-04-09 01:51:17,878 [DEBUG] TUN->SSH: 60 байт
2026-04-09 01:51:17,917 [DEBUG] TUN->SSH: 52 байт
2026-04-09 01:51:17,917 [DEBUG] SSH->TUN: 52 байт
2026-04-09 01:51:17,917 [DEBUG] SSH->TUN: 60 байт
2026-04-09 01:51:17,917 [DEBUG] TUN->SSH: 52 байт
2026-04-09 01:51:17,918 [DEBUG] TUN->SSH: 95 байт
2026-04-09 01:51:17,957 [DEBUG] SSH->TUN: 52 байт
2026-04-09 01:51:17,957 [DEBUG] SSH->TUN: 95 байт
2026-04-09 01:51:17,958 [DEBUG] TUN->SSH: 52 байт
2026-04-09 01:51:17,958 [DEBUG] TUN->SSH: 52 байт
2026-04-09 01:51:17,958 [DEBUG] TUN->SSH: 60 байт
2026-04-09 01:51:18,003 [DEBUG] TUN->SSH: 52 байт
2026-04-09 01:51:18,003 [DEBUG] SSH->TUN: 52 байт
2026-04-09 01:51:18,003 [DEBUG] SSH->TUN: 60 байт
2026-04-09 01:51:18,003 [DEBUG] TUN->SSH: 52 байт
2026-04-09 01:51:18,004 [DEBUG] TUN->SSH: 95 байт
2026-04-09 01:51:18,042 [DEBUG] SSH->TUN: 52 байт
2026-04-09 01:51:18,043 [DEBUG] SSH->TUN: 95 байт
2026-04-09 01:51:18,044 [DEBUG] TUN->SSH: 52 байт
2026-04-09 01:51:18,044 [DEBUG] TUN->SSH: 52 байт
2026-04-09 01:51:18,044 [DEBUG] TUN->SSH: 60 байт
2026-04-09 01:51:18,082 [DEBUG] SSH->TUN: 52 байт
2026-04-09 01:51:18,082 [DEBUG] TUN->SSH: 52 байт
2026-04-09 01:51:18,083 [DEBUG] SSH->TUN: 60 байт
2026-04-09 01:51:18,083 [DEBUG] TUN->SSH: 52 байт
2026-04-09 01:51:18,083 [DEBUG] TUN->SSH: 95 байт
2026-04-09 01:51:18,121 [DEBUG] SSH->TUN: 52 байт
2026-04-09 01:51:18,122 [DEBUG] SSH->TUN: 95 байт
2026-04-09 01:51:18,122 [DEBUG] TUN->SSH: 52 байт
2026-04-09 01:51:18,122 [DEBUG] TUN->SSH: 52 байт
2026-04-09 01:51:18,122 [DEBUG] TUN->SSH: 60 байт
2026-04-09 01:51:18,162 [DEBUG] SSH->TUN: 60 байт
2026-04-09 01:51:18,162 [DEBUG] TUN->SSH: 52 байт
2026-04-09 01:51:18,163 [DEBUG] TUN->SSH: 95 байт
2026-04-09 01:51:18,163 [DEBUG] SSH->TUN: 52 байт
2026-04-09 01:51:18,163 [DEBUG] TUN->SSH: 52 байт
2026-04-09 01:51:18,203 [DEBUG] SSH->TUN: 52 байт
2026-04-09 01:51:18,203 [DEBUG] SSH->TUN: 149 байт
2026-04-09 01:51:18,203 [DEBUG] TUN->SSH: 52 байт
2026-04-09 01:51:18,204 [DEBUG] TUN->SSH: 52 байт
2026-04-09 01:51:18,204 [DEBUG] TUN->SSH: 60 байт
2026-04-09 01:51:18,245 [DEBUG] TUN->SSH: 52 байт
2026-04-09 01:51:18,245 [DEBUG] SSH->TUN: 52 байт
2026-04-09 01:51:18,246 [DEBUG] SSH->TUN: 60 байт
2026-04-09 01:51:18,246 [DEBUG] TUN->SSH: 52 байт
2026-04-09 01:51:18,246 [DEBUG] TUN->SSH: 144 байт
2026-04-09 01:51:18,247 [DEBUG] TUN->SSH: 52 байт
2026-04-09 01:51:18,286 [DEBUG] SSH->TUN: 52 байт
2026-04-09 01:51:18,286 [DEBUG] SSH->TUN: 144 байт
2026-04-09 01:51:18,287 [DEBUG] TUN->SSH: 52 байт
2026-04-09 01:51:18,287 [DEBUG] TUN->SSH: 52 байт
2026-04-09 01:51:18,305 [DEBUG] SSH->TUN: 52 байт
2026-04-09 01:51:18,325 [DEBUG] SSH->TUN: 52 байт
2026-04-09 01:51:18,325 [DEBUG] TUN->SSH: 52 байт
2026-04-09 01:51:18,334 [DEBUG] SSH->TUN: 91 байт
2026-04-09 01:51:20,082 [DEBUG] SSH->TUN: 624 байт
2026-04-09 01:51:20,082 [DEBUG] TUN->SSH: 52 байт
2026-04-09 01:51:20,165 [DEBUG] SSH->TUN: 52 байт
2026-04-09 01:51:20,165 [DEBUG] TUN->SSH: 52 байт
2026-04-09 01:51:21,310 [INFO] Останавливаю туннель...
2026-04-09 01:51:21,313 [DEBUG] Восстановлен: default via 192.168.5.1 dev wlp0s20f3
2026-04-09 01:51:21,313 [INFO] Маршруты восстановлены
2026-04-09 01:51:21,328 [INFO] Интерфейс strans-tun0 удалён
2026-04-09 01:51:21,328 [INFO] Остановлено
2026-04-09 01:51:21,328 [DEBUG] TUN->SSH: отменён
2026-04-09 01:51:21,328 [DEBUG] SSH->TUN: отменён
