2026-04-07 14:40:55,301 [INFO] === Запуск клиента ===
2026-04-07 14:40:55,301 [INFO] Лог файл: logs/client_20260407_144055.log
2026-04-07 14:40:55,302 [INFO] Подключаюсь к 217.154.79.223:2222 как 'alice'
2026-04-07 14:40:55,754 [INFO] SSH соединение установлено
2026-04-07 14:40:55,857 [INFO] PUSH_REPLY: client_ip=198.19.0.2 server_ip=198.19.0.1 mtu=576 stealth=True
2026-04-07 14:40:55,857 [INFO] STEALTH: MTU принудительно 576
2026-04-07 14:40:55,866 [INFO] Интерфейс strans-tun0:
27: strans-tun0: <POINTOPOINT,MULTICAST,NOARP,UP,LOWER_UP> mtu 576 qdisc fq_codel state UP group default qlen 500
    link/none 
    inet 198.19.0.2 peer 198.19.0.1/32 scope global strans-tun0
       valid_lft forever preferred_lft forever
2026-04-07 14:40:55,981 [INFO] SSH tunnel канал открыт
2026-04-07 14:40:55,985 [INFO] Весь трафик через strans-tun0
2026-04-07 14:40:55,985 [INFO] Туннель активен.
2026-04-07 14:40:55,985 [INFO] Форвардинг запущен [STEALTH]
2026-04-07 14:40:56,092 [DEBUG] TUN->SSH: 88 байт
2026-04-07 14:40:56,177 [DEBUG] TUN->SSH: 52 байт
2026-04-07 14:40:56,452 [DEBUG] SSH->TUN: 52 байт
2026-04-07 14:40:56,465 [DEBUG] TUN->SSH: 88 байт
2026-04-07 14:40:56,548 [DEBUG] TUN->SSH: 250 байт
2026-04-07 14:40:56,639 [DEBUG] SSH->TUN: 52 байт
2026-04-07 14:40:56,664 [DEBUG] TUN->SSH: 60 байт
2026-04-07 14:40:56,689 [DEBUG] TUN->SSH: 60 байт
2026-04-07 14:40:56,711 [DEBUG] TUN->SSH: 64 байт
2026-04-07 14:40:56,752 [DEBUG] SSH->TUN: 52 байт
2026-04-07 14:40:57,685 [DEBUG] TUN->SSH: 60 байт
2026-04-07 14:40:57,710 [DEBUG] TUN->SSH: 60 байт
2026-04-07 14:40:57,743 [DEBUG] TUN->SSH: 64 байт
2026-04-07 14:40:58,633 [DEBUG] TUN->SSH: 64 байт
2026-04-07 14:40:58,716 [DEBUG] TUN->SSH: 60 байт
2026-04-07 14:40:58,738 [DEBUG] TUN->SSH: 60 байт
2026-04-07 14:41:00,187 [DEBUG] TUN->SSH: 52 байт
2026-04-07 14:41:00,224 [DEBUG] TUN->SSH: 88 байт
2026-04-07 14:41:00,256 [DEBUG] TUN->SSH: 52 байт
2026-04-07 14:41:00,283 [DEBUG] SSH->TUN: 40 байт
2026-04-07 14:41:00,696 [DEBUG] TUN->SSH: 52 байт
2026-04-07 14:41:00,745 [DEBUG] TUN->SSH: 60 байт
2026-04-07 14:41:00,763 [DEBUG] TUN->SSH: 60 байт
2026-04-07 14:41:00,912 [DEBUG] TUN->SSH: 64 байт
2026-04-07 14:41:01,271 [DEBUG] TUN->SSH: 52 байт
2026-04-07 14:41:01,282 [DEBUG] TUN->SSH: 52 байт
2026-04-07 14:41:01,729 [DEBUG] TUN->SSH: 88 байт
2026-04-07 14:41:01,806 [DEBUG] SSH->TUN: 52 байт
2026-04-07 14:41:01,867 [DEBUG] TUN->SSH: 196 байт
2026-04-07 14:41:01,916 [DEBUG] TUN->SSH: 89 байт
2026-04-07 14:41:01,927 [DEBUG] SSH->TUN: 52 байт
2026-04-07 14:41:01,990 [DEBUG] TUN->SSH: 60 байт
2026-04-07 14:41:02,015 [DEBUG] SSH->TUN: 52 байт
2026-04-07 14:41:02,030 [DEBUG] TUN->SSH: 60 байт
2026-04-07 14:41:02,047 [DEBUG] SSH->TUN: 60 байт
2026-04-07 14:41:02,083 [DEBUG] TUN->SSH: 52 байт
2026-04-07 14:41:02,090 [DEBUG] SSH->TUN: 60 байт
2026-04-07 14:41:02,188 [DEBUG] TUN->SSH: 221 байт
2026-04-07 14:41:02,207 [DEBUG] TUN->SSH: 52 байт
2026-04-07 14:41:02,244 [DEBUG] SSH->TUN: 185 байт
2026-04-07 14:41:02,348 [DEBUG] TUN->SSH: 422 байт
2026-04-07 14:41:02,383 [DEBUG] TUN->SSH: 52 байт
2026-04-07 14:41:02,410 [DEBUG] TUN->SSH: 52 байт
2026-04-07 14:41:02,415 [DEBUG] SSH->TUN: 319 байт
2026-04-07 14:41:02,472 [DEBUG] SSH->TUN: 52 байт
2026-04-07 14:41:02,518 [DEBUG] TUN->SSH: 333 байт
2026-04-07 14:41:02,542 [DEBUG] TUN->SSH: 40 байт
2026-04-07 14:41:02,565 [DEBUG] TUN->SSH: 40 байт
2026-04-07 14:41:02,575 [DEBUG] SSH->TUN: 576 байт
2026-04-07 14:41:02,575 [DEBUG] SSH->TUN: 576 байт
2026-04-07 14:41:02,575 [DEBUG] SSH->TUN: 576 байт
2026-04-07 14:41:02,575 [DEBUG] SSH->TUN: 576 байт
2026-04-07 14:41:02,576 [DEBUG] SSH->TUN: 200 байт
2026-04-07 14:41:02,590 [DEBUG] TUN->SSH: 52 байт
2026-04-07 14:41:02,613 [DEBUG] TUN->SSH: 52 байт
2026-04-07 14:41:02,633 [DEBUG] SSH->TUN: 157 байт
2026-04-07 14:41:02,634 [DEBUG] SSH->TUN: 445 байт
2026-04-07 14:41:02,648 [DEBUG] TUN->SSH: 52 байт
2026-04-07 14:41:02,674 [DEBUG] TUN->SSH: 52 байт
2026-04-07 14:41:02,706 [DEBUG] TUN->SSH: 52 байт
2026-04-07 14:41:02,732 [DEBUG] TUN->SSH: 52 байт
2026-04-07 14:41:02,747 [DEBUG] TUN->SSH: 52 байт
2026-04-07 14:41:03,079 [DEBUG] TUN->SSH: 88 байт
2026-04-07 14:41:03,103 [DEBUG] TUN->SSH: 88 байт
2026-04-07 14:41:03,129 [DEBUG] TUN->SSH: 88 байт
2026-04-07 14:41:03,156 [DEBUG] TUN->SSH: 81 байт
2026-04-07 14:41:03,175 [DEBUG] TUN->SSH: 88 байт
2026-04-07 14:41:03,190 [DEBUG] TUN->SSH: 88 байт
2026-04-07 14:41:03,202 [DEBUG] SSH->TUN: 52 байт
2026-04-07 14:41:03,202 [DEBUG] SSH->TUN: 52 байт
2026-04-07 14:41:03,202 [DEBUG] SSH->TUN: 52 байт
2026-04-07 14:41:03,203 [DEBUG] SSH->TUN: 576 байт
2026-04-07 14:41:03,203 [DEBUG] SSH->TUN: 84 байт
2026-04-07 14:41:03,236 [DEBUG] TUN->SSH: 88 байт
2026-04-07 14:41:03,254 [DEBUG] SSH->TUN: 52 байт
2026-04-07 14:41:03,254 [DEBUG] SSH->TUN: 141 байт
2026-04-07 14:41:03,267 [DEBUG] TUN->SSH: 88 байт
2026-04-07 14:41:03,273 [DEBUG] SSH->TUN: 52 байт
2026-04-07 14:41:03,273 [DEBUG] SSH->TUN: 52 байт
2026-04-07 14:41:03,296 [DEBUG] SSH->TUN: 52 байт
2026-04-07 14:41:03,310 [DEBUG] TUN->SSH: 88 байт
2026-04-07 14:41:03,318 [DEBUG] SSH->TUN: 52 байт
2026-04-07 14:41:03,330 [DEBUG] TUN->SSH: 57 байт
2026-04-07 14:41:03,361 [DEBUG] TUN->SSH: 88 байт
2026-04-07 14:41:03,368 [DEBUG] SSH->TUN: 52 байт
2026-04-07 14:41:03,383 [DEBUG] SSH->TUN: 52 байт
2026-04-07 14:41:03,384 [DEBUG] SSH->TUN: 141 байт
2026-04-07 14:41:03,418 [DEBUG] TUN->SSH: 88 байт
2026-04-07 14:41:03,434 [DEBUG] SSH->TUN: 52 байт
2026-04-07 14:41:03,453 [DEBUG] TUN->SSH: 88 байт
2026-04-07 14:41:03,477 [DEBUG] SSH->TUN: 52 байт
2026-04-07 14:41:03,479 [DEBUG] TUN->SSH: 88 байт
2026-04-07 14:41:03,499 [DEBUG] TUN->SSH: 88 байт
2026-04-07 14:41:03,534 [DEBUG] TUN->SSH: 88 байт
2026-04-07 14:41:03,574 [DEBUG] TUN->SSH: 69 байт
2026-04-07 14:41:03,583 [DEBUG] SSH->TUN: 84 байт
2026-04-07 14:41:03,583 [DEBUG] SSH->TUN: 52 байт
2026-04-07 14:41:03,583 [DEBUG] SSH->TUN: 52 байт
2026-04-07 14:41:03,583 [DEBUG] SSH->TUN: 141 байт
2026-04-07 14:41:03,583 [DEBUG] SSH->TUN: 52 байт
2026-04-07 14:41:03,604 [DEBUG] TUN->SSH: 52 байт
2026-04-07 14:41:03,642 [DEBUG] TUN->SSH: 52 байт
2026-04-07 14:41:03,668 [DEBUG] TUN->SSH: 52 байт
2026-04-07 14:41:03,685 [DEBUG] TUN->SSH: 57 байт
2026-04-07 14:41:03,723 [DEBUG] TUN->SSH: 105 байт
2026-04-07 14:41:03,731 [DEBUG] SSH->TUN: 141 байт
2026-04-07 14:41:03,747 [DEBUG] TUN->SSH: 52 байт
2026-04-07 14:41:03,755 [DEBUG] SSH->TUN: 52 байт
2026-04-07 14:41:03,756 [DEBUG] SSH->TUN: 52 байт
2026-04-07 14:41:03,756 [DEBUG] SSH->TUN: 141 байт
2026-04-07 14:41:03,756 [DEBUG] SSH->TUN: 64 байт
2026-04-07 14:41:03,764 [DEBUG] TUN->SSH: 52 байт
2026-04-07 14:41:03,779 [DEBUG] SSH->TUN: 64 байт
2026-04-07 14:41:03,800 [DEBUG] TUN->SSH: 52 байт
2026-04-07 14:41:03,948 [DEBUG] TUN->SSH: 509 байт
2026-04-07 14:41:03,978 [DEBUG] TUN->SSH: 64 байт
2026-04-07 14:41:04,004 [DEBUG] SSH->TUN: 576 байт
2026-04-07 14:41:04,005 [DEBUG] SSH->TUN: 576 байт
2026-04-07 14:41:04,006 [DEBUG] TUN->SSH: 64 байт
2026-04-07 14:41:04,007 [DEBUG] SSH->TUN: 576 байт
2026-04-07 14:41:04,009 [DEBUG] SSH->TUN: 576 байт
2026-04-07 14:41:04,012 [DEBUG] SSH->TUN: 576 байт
2026-04-07 14:41:04,023 [DEBUG] SSH->TUN: 576 байт
2026-04-07 14:41:04,030 [DEBUG] SSH->TUN: 576 байт
2026-04-07 14:41:04,031 [DEBUG] SSH->TUN: 477 байт
2026-04-07 14:41:04,035 [DEBUG] TUN->SSH: 60 байт
2026-04-07 14:41:04,054 [DEBUG] SSH->TUN: 576 байт
2026-04-07 14:41:04,055 [DEBUG] SSH->TUN: 576 байт
2026-04-07 14:41:04,055 [DEBUG] SSH->TUN: 576 байт
2026-04-07 14:41:04,056 [DEBUG] SSH->TUN: 576 байт
2026-04-07 14:41:04,063 [DEBUG] SSH->TUN: 400 байт
2026-04-07 14:41:04,069 [DEBUG] SSH->TUN: 60 байт
2026-04-07 14:41:04,071 [DEBUG] TUN->SSH: 64 байт
2026-04-07 14:41:04,081 [DEBUG] SSH->TUN: 141 байт
2026-04-07 14:41:04,099 [DEBUG] TUN->SSH: 52 байт
2026-04-07 14:41:04,124 [DEBUG] TUN->SSH: 52 байт
2026-04-07 14:41:04,152 [DEBUG] TUN->SSH: 52 байт
2026-04-07 14:41:04,175 [DEBUG] TUN->SSH: 52 байт
2026-04-07 14:41:04,210 [DEBUG] TUN->SSH: 52 байт
2026-04-07 14:41:04,225 [DEBUG] TUN->SSH: 52 байт
2026-04-07 14:41:04,243 [DEBUG] TUN->SSH: 52 байт
2026-04-07 14:41:04,279 [DEBUG] TUN->SSH: 52 байт
2026-04-07 14:41:04,309 [DEBUG] TUN->SSH: 52 байт
2026-04-07 14:41:04,317 [DEBUG] SSH->TUN: 1280 байт
2026-04-07 14:41:04,343 [DEBUG] TUN->SSH: 52 байт
2026-04-07 14:41:04,367 [DEBUG] TUN->SSH: 52 байт
2026-04-07 14:41:04,397 [DEBUG] TUN->SSH: 52 байт
2026-04-07 14:41:04,432 [DEBUG] TUN->SSH: 52 байт
2026-04-07 14:41:04,462 [DEBUG] TUN->SSH: 52 байт
2026-04-07 14:41:04,492 [DEBUG] TUN->SSH: 52 байт
2026-04-07 14:41:04,514 [DEBUG] TUN->SSH: 118 байт
2026-04-07 14:41:04,535 [DEBUG] TUN->SSH: 64 байт
2026-04-07 14:41:04,546 [DEBUG] TUN->SSH: 40 байт
2026-04-07 14:41:04,565 [DEBUG] SSH->TUN: 52 байт
2026-04-07 14:41:04,565 [DEBUG] SSH->TUN: 147 байт
2026-04-07 14:41:04,565 [DEBUG] SSH->TUN: 133 байт
2026-04-07 14:41:04,582 [DEBUG] TUN->SSH: 52 байт
2026-04-07 14:41:04,595 [DEBUG] TUN->SSH: 52 байт
2026-04-07 14:41:04,620 [DEBUG] TUN->SSH: 52 байт
2026-04-07 14:41:04,650 [DEBUG] TUN->SSH: 60 байт
2026-04-07 14:41:04,652 [DEBUG] SSH->TUN: 52 байт
2026-04-07 14:41:04,685 [DEBUG] TUN->SSH: 52 байт
2026-04-07 14:41:04,689 [DEBUG] SSH->TUN: 60 байт
2026-04-07 14:41:04,716 [DEBUG] TUN->SSH: 52 байт
2026-04-07 14:41:04,919 [DEBUG] TUN->SSH: 569 байт
2026-04-07 14:41:04,952 [DEBUG] TUN->SSH: 52 байт
2026-04-07 14:41:04,955 [DEBUG] SSH->TUN: 52 байт
2026-04-07 14:41:04,955 [DEBUG] SSH->TUN: 576 байт
2026-04-07 14:41:04,955 [DEBUG] SSH->TUN: 576 байт
2026-04-07 14:41:04,956 [DEBUG] SSH->TUN: 576 байт
2026-04-07 14:41:04,956 [DEBUG] SSH->TUN: 576 байт
2026-04-07 14:41:04,956 [DEBUG] SSH->TUN: 576 байт
2026-04-07 14:41:04,956 [DEBUG] SSH->TUN: 258 байт
2026-04-07 14:41:04,992 [DEBUG] TUN->SSH: 52 байт
2026-04-07 14:41:05,013 [DEBUG] TUN->SSH: 52 байт
2026-04-07 14:41:05,038 [DEBUG] TUN->SSH: 52 байт
2026-04-07 14:41:05,074 [DEBUG] TUN->SSH: 52 байт
2026-04-07 14:41:05,102 [DEBUG] TUN->SSH: 52 байт
2026-04-07 14:41:05,124 [DEBUG] TUN->SSH: 52 байт
2026-04-07 14:41:05,181 [DEBUG] TUN->SSH: 132 байт
2026-04-07 14:41:05,218 [DEBUG] TUN->SSH: 98 байт
2026-04-07 14:41:05,222 [DEBUG] SSH->TUN: 576 байт
2026-04-07 14:41:05,223 [DEBUG] SSH->TUN: 72 байт
2026-04-07 14:41:05,267 [DEBUG] TUN->SSH: 101 байт
2026-04-07 14:41:05,300 [DEBUG] SSH->TUN: 52 байт
2026-04-07 14:41:05,300 [DEBUG] SSH->TUN: 83 байт
2026-04-07 14:41:05,314 [DEBUG] TUN->SSH: 87 байт
2026-04-07 14:41:05,367 [DEBUG] TUN->SSH: 113 байт
2026-04-07 14:41:05,399 [DEBUG] TUN->SSH: 52 байт
2026-04-07 14:41:05,429 [DEBUG] TUN->SSH: 83 байт
2026-04-07 14:41:05,460 [DEBUG] TUN->SSH: 52 байт
2026-04-07 14:41:05,531 [DEBUG] SSH->TUN: 52 байт
2026-04-07 14:41:05,531 [DEBUG] SSH->TUN: 179 байт
2026-04-07 14:41:05,532 [DEBUG] SSH->TUN: 97 байт
2026-04-07 14:41:05,532 [DEBUG] SSH->TUN: 83 байт
2026-04-07 14:41:05,567 [DEBUG] TUN->SSH: 52 байт
2026-04-07 14:41:05,585 [DEBUG] TUN->SSH: 52 байт
2026-04-07 14:41:05,608 [DEBUG] TUN->SSH: 76 байт
2026-04-07 14:41:05,639 [DEBUG] TUN->SSH: 52 байт
2026-04-07 14:41:05,649 [DEBUG] SSH->TUN: 52 байт
2026-04-07 14:41:05,649 [DEBUG] SSH->TUN: 52 байт
2026-04-07 14:41:05,658 [DEBUG] TUN->SSH: 64 байт
2026-04-07 14:41:05,676 [DEBUG] TUN->SSH: 40 байт
2026-04-07 14:41:05,689 [DEBUG] TUN->SSH: 40 байт
2026-04-07 14:41:05,918 [DEBUG] TUN->SSH: 395 байт
2026-04-07 14:41:05,995 [DEBUG] SSH->TUN: 64 байт
2026-04-07 14:41:06,017 [DEBUG] TUN->SSH: 52 байт
2026-04-07 14:41:06,072 [DEBUG] TUN->SSH: 60 байт
2026-04-07 14:41:06,080 [DEBUG] SSH->TUN: 52 байт
2026-04-07 14:41:06,095 [DEBUG] TUN->SSH: 40 байт
2026-04-07 14:41:06,199 [DEBUG] SSH->TUN: 60 байт
2026-04-07 14:41:06,222 [DEBUG] TUN->SSH: 52 байт
2026-04-07 14:41:06,269 [DEBUG] TUN->SSH: 97 байт
2026-04-07 14:41:06,315 [DEBUG] SSH->TUN: 52 байт
2026-04-07 14:41:06,316 [DEBUG] SSH->TUN: 97 байт
2026-04-07 14:41:06,331 [DEBUG] TUN->SSH: 52 байт
2026-04-07 14:41:06,354 [DEBUG] TUN->SSH: 52 байт
2026-04-07 14:41:06,381 [DEBUG] TUN->SSH: 60 байт
2026-04-07 14:41:06,391 [DEBUG] SSH->TUN: 52 байт
2026-04-07 14:41:06,409 [DEBUG] SSH->TUN: 60 байт
2026-04-07 14:41:06,431 [DEBUG] TUN->SSH: 52 байт
2026-04-07 14:41:06,456 [DEBUG] TUN->SSH: 52 байт
2026-04-07 14:41:06,483 [DEBUG] TUN->SSH: 94 байт
2026-04-07 14:41:06,518 [DEBUG] SSH->TUN: 52 байт
2026-04-07 14:41:06,518 [DEBUG] SSH->TUN: 94 байт
2026-04-07 14:41:06,548 [DEBUG] TUN->SSH: 52 байт
2026-04-07 14:41:06,570 [DEBUG] TUN->SSH: 52 байт
2026-04-07 14:41:06,597 [DEBUG] TUN->SSH: 60 байт
2026-04-07 14:41:06,608 [DEBUG] SSH->TUN: 52 байт
2026-04-07 14:41:06,626 [DEBUG] TUN->SSH: 52 байт
2026-04-07 14:41:06,627 [DEBUG] SSH->TUN: 60 байт
2026-04-07 14:41:06,656 [DEBUG] TUN->SSH: 52 байт
2026-04-07 14:41:06,695 [DEBUG] TUN->SSH: 98 байт
2026-04-07 14:41:06,731 [DEBUG] SSH->TUN: 52 байт
2026-04-07 14:41:06,732 [DEBUG] SSH->TUN: 98 байт
2026-04-07 14:41:06,763 [DEBUG] TUN->SSH: 52 байт
2026-04-07 14:41:06,790 [DEBUG] TUN->SSH: 52 байт
2026-04-07 14:41:06,811 [DEBUG] TUN->SSH: 60 байт
2026-04-07 14:41:06,819 [DEBUG] SSH->TUN: 52 байт
2026-04-07 14:41:06,833 [DEBUG] TUN->SSH: 52 байт
2026-04-07 14:41:06,852 [DEBUG] SSH->TUN: 60 байт
2026-04-07 14:41:06,866 [DEBUG] TUN->SSH: 52 байт
2026-04-07 14:41:06,891 [DEBUG] TUN->SSH: 52 байт
2026-04-07 14:41:06,936 [DEBUG] TUN->SSH: 93 байт
2026-04-07 14:41:06,973 [DEBUG] SSH->TUN: 52 байт
2026-04-07 14:41:06,977 [DEBUG] SSH->TUN: 93 байт
2026-04-07 14:41:07,010 [DEBUG] TUN->SSH: 52 байт
2026-04-07 14:41:07,040 [DEBUG] TUN->SSH: 52 байт
2026-04-07 14:41:07,062 [DEBUG] TUN->SSH: 60 байт
2026-04-07 14:41:07,078 [DEBUG] SSH->TUN: 52 байт
2026-04-07 14:41:07,104 [DEBUG] SSH->TUN: 60 байт
2026-04-07 14:41:07,105 [DEBUG] TUN->SSH: 52 байт
2026-04-07 14:41:07,137 [DEBUG] TUN->SSH: 52 байт
2026-04-07 14:41:07,164 [DEBUG] TUN->SSH: 95 байт
2026-04-07 14:41:07,203 [DEBUG] SSH->TUN: 52 байт
2026-04-07 14:41:07,208 [DEBUG] SSH->TUN: 95 байт
2026-04-07 14:41:07,235 [DEBUG] TUN->SSH: 52 байт
2026-04-07 14:41:07,271 [DEBUG] TUN->SSH: 52 байт
2026-04-07 14:41:07,301 [DEBUG] SSH->TUN: 576 байт
2026-04-07 14:41:07,301 [DEBUG] SSH->TUN: 576 байт
2026-04-07 14:41:07,302 [DEBUG] SSH->TUN: 576 байт
2026-04-07 14:41:07,302 [DEBUG] SSH->TUN: 245 байт
2026-04-07 14:41:07,308 [DEBUG] TUN->SSH: 60 байт
2026-04-07 14:41:07,309 [DEBUG] SSH->TUN: 52 байт
2026-04-07 14:41:07,320 [DEBUG] TUN->SSH: 52 байт
2026-04-07 14:41:07,343 [DEBUG] SSH->TUN: 60 байт
2026-04-07 14:41:07,348 [DEBUG] TUN->SSH: 52 байт
2026-04-07 14:41:07,464 [DEBUG] TUN->SSH: 365 байт
2026-04-07 14:41:07,485 [DEBUG] TUN->SSH: 52 байт
2026-04-07 14:41:07,517 [DEBUG] TUN->SSH: 52 байт
2026-04-07 14:41:07,541 [DEBUG] TUN->SSH: 52 байт
2026-04-07 14:41:07,571 [DEBUG] TUN->SSH: 52 байт
2026-04-07 14:41:07,573 [DEBUG] SSH->TUN: 52 байт
2026-04-07 14:41:07,586 [DEBUG] SSH->TUN: 576 байт
2026-04-07 14:41:07,589 [DEBUG] SSH->TUN: 576 байт
2026-04-07 14:41:07,590 [DEBUG] SSH->TUN: 576 байт
2026-04-07 14:41:07,592 [DEBUG] SSH->TUN: 172 байт
2026-04-07 14:41:07,597 [DEBUG] SSH->TUN: 52 байт
2026-04-07 14:41:07,599 [DEBUG] TUN->SSH: 95 байт
2026-04-07 14:41:07,638 [DEBUG] SSH->TUN: 52 байт
2026-04-07 14:41:07,638 [DEBUG] SSH->TUN: 95 байт
2026-04-07 14:41:07,646 [DEBUG] TUN->SSH: 141 байт
2026-04-07 14:41:07,681 [DEBUG] TUN->SSH: 52 байт
2026-04-07 14:41:07,708 [DEBUG] TUN->SSH: 52 байт
2026-04-07 14:41:07,710 [DEBUG] SSH->TUN: 52 байт
2026-04-07 14:41:07,736 [DEBUG] TUN->SSH: 52 байт
2026-04-07 14:41:07,753 [DEBUG] TUN->SSH: 52 байт
2026-04-07 14:41:07,758 [DEBUG] SSH->TUN: 64 байт
2026-04-07 14:41:07,790 [DEBUG] TUN->SSH: 52 байт
2026-04-07 14:41:07,815 [DEBUG] TUN->SSH: 52 байт
2026-04-07 14:41:07,841 [DEBUG] TUN->SSH: 60 байт
2026-04-07 14:41:07,860 [DEBUG] SSH->TUN: 52 байт
2026-04-07 14:41:07,874 [DEBUG] SSH->TUN: 60 байт
2026-04-07 14:41:07,878 [DEBUG] TUN->SSH: 52 байт
2026-04-07 14:41:07,903 [DEBUG] TUN->SSH: 52 байт
2026-04-07 14:41:07,934 [DEBUG] TUN->SSH: 52 байт
2026-04-07 14:41:07,965 [DEBUG] TUN->SSH: 52 байт
2026-04-07 14:41:08,008 [DEBUG] TUN->SSH: 95 байт
2026-04-07 14:41:08,048 [DEBUG] SSH->TUN: 52 байт
2026-04-07 14:41:08,051 [DEBUG] SSH->TUN: 95 байт
2026-04-07 14:41:08,068 [DEBUG] TUN->SSH: 52 байт
2026-04-07 14:41:08,092 [DEBUG] TUN->SSH: 52 байт
2026-04-07 14:41:08,116 [DEBUG] TUN->SSH: 60 байт
2026-04-07 14:41:08,143 [DEBUG] SSH->TUN: 52 байт
2026-04-07 14:41:08,154 [DEBUG] SSH->TUN: 60 байт
2026-04-07 14:41:08,163 [DEBUG] TUN->SSH: 52 байт
2026-04-07 14:41:08,188 [DEBUG] TUN->SSH: 52 байт
2026-04-07 14:41:08,239 [DEBUG] TUN->SSH: 95 байт
2026-04-07 14:41:08,266 [DEBUG] SSH->TUN: 52 байт
2026-04-07 14:41:08,267 [DEBUG] SSH->TUN: 95 байт
2026-04-07 14:41:08,278 [DEBUG] TUN->SSH: 52 байт
2026-04-07 14:41:08,307 [DEBUG] TUN->SSH: 52 байт
2026-04-07 14:41:08,344 [DEBUG] TUN->SSH: 60 байт
2026-04-07 14:41:08,348 [DEBUG] SSH->TUN: 52 байт
2026-04-07 14:41:08,361 [DEBUG] TUN->SSH: 52 байт
2026-04-07 14:41:08,375 [DEBUG] SSH->TUN: 60 байт
2026-04-07 14:41:08,387 [DEBUG] TUN->SSH: 52 байт
2026-04-07 14:41:08,401 [DEBUG] SSH->TUN: 52 байт
2026-04-07 14:41:08,416 [DEBUG] TUN->SSH: 52 байт
2026-04-07 14:41:08,462 [DEBUG] TUN->SSH: 95 байт
2026-04-07 14:41:08,485 [DEBUG] TUN->SSH: 52 байт
2026-04-07 14:41:08,501 [DEBUG] SSH->TUN: 52 байт
2026-04-07 14:41:08,502 [DEBUG] SSH->TUN: 95 байт
2026-04-07 14:41:08,562 [DEBUG] TUN->SSH: 237 байт
2026-04-07 14:41:08,573 [DEBUG] TUN->SSH: 52 байт
2026-04-07 14:41:08,603 [DEBUG] TUN->SSH: 52 байт
2026-04-07 14:41:08,618 [DEBUG] SSH->TUN: 52 байт
2026-04-07 14:41:08,633 [DEBUG] TUN->SSH: 60 байт
2026-04-07 14:41:08,639 [DEBUG] SSH->TUN: 52 байт
2026-04-07 14:41:08,662 [DEBUG] TUN->SSH: 52 байт
2026-04-07 14:41:08,666 [DEBUG] SSH->TUN: 60 байт
2026-04-07 14:41:08,687 [DEBUG] TUN->SSH: 52 байт
2026-04-07 14:41:08,735 [DEBUG] TUN->SSH: 95 байт
2026-04-07 14:41:08,769 [DEBUG] SSH->TUN: 52 байт
2026-04-07 14:41:08,769 [DEBUG] SSH->TUN: 95 байт
2026-04-07 14:41:08,809 [DEBUG] TUN->SSH: 52 байт
2026-04-07 14:41:08,828 [DEBUG] TUN->SSH: 52 байт
2026-04-07 14:41:08,854 [DEBUG] TUN->SSH: 60 байт
2026-04-07 14:41:08,866 [DEBUG] SSH->TUN: 52 байт
2026-04-07 14:41:08,884 [DEBUG] TUN->SSH: 52 байт
2026-04-07 14:41:08,886 [DEBUG] SSH->TUN: 60 байт
2026-04-07 14:41:08,903 [DEBUG] TUN->SSH: 52 байт
2026-04-07 14:41:08,938 [DEBUG] TUN->SSH: 52 байт
2026-04-07 14:41:08,970 [DEBUG] TUN->SSH: 95 байт
2026-04-07 14:41:09,016 [DEBUG] SSH->TUN: 52 байт
2026-04-07 14:41:09,017 [DEBUG] SSH->TUN: 95 байт
2026-04-07 14:41:09,034 [DEBUG] TUN->SSH: 52 байт
2026-04-07 14:41:09,059 [DEBUG] TUN->SSH: 52 байт
2026-04-07 14:41:09,090 [DEBUG] TUN->SSH: 60 байт
2026-04-07 14:41:09,099 [DEBUG] SSH->TUN: 52 байт
2026-04-07 14:41:09,122 [DEBUG] SSH->TUN: 60 байт
2026-04-07 14:41:09,124 [DEBUG] TUN->SSH: 52 байт
2026-04-07 14:41:09,154 [DEBUG] TUN->SSH: 52 байт
2026-04-07 14:41:09,193 [DEBUG] TUN->SSH: 95 байт
2026-04-07 14:41:09,230 [DEBUG] SSH->TUN: 52 байт
2026-04-07 14:41:09,231 [DEBUG] SSH->TUN: 95 байт
2026-04-07 14:41:09,265 [DEBUG] TUN->SSH: 52 байт
2026-04-07 14:41:09,292 [DEBUG] TUN->SSH: 52 байт
2026-04-07 14:41:09,313 [DEBUG] TUN->SSH: 60 байт
2026-04-07 14:41:09,320 [DEBUG] SSH->TUN: 52 байт
2026-04-07 14:41:09,342 [DEBUG] TUN->SSH: 52 байт
2026-04-07 14:41:09,351 [DEBUG] SSH->TUN: 60 байт
2026-04-07 14:41:09,387 [DEBUG] TUN->SSH: 52 байт
2026-04-07 14:41:09,417 [DEBUG] TUN->SSH: 95 байт
2026-04-07 14:41:09,455 [DEBUG] SSH->TUN: 52 байт
2026-04-07 14:41:09,456 [DEBUG] SSH->TUN: 95 байт
2026-04-07 14:41:09,473 [DEBUG] TUN->SSH: 52 байт
2026-04-07 14:41:09,483 [DEBUG] TUN->SSH: 52 байт
2026-04-07 14:41:09,518 [DEBUG] TUN->SSH: 60 байт
2026-04-07 14:41:09,522 [DEBUG] SSH->TUN: 52 байт
2026-04-07 14:41:09,559 [DEBUG] SSH->TUN: 60 байт
2026-04-07 14:41:09,563 [DEBUG] TUN->SSH: 52 байт
2026-04-07 14:41:09,586 [DEBUG] TUN->SSH: 52 байт
2026-04-07 14:41:09,622 [DEBUG] TUN->SSH: 95 байт
2026-04-07 14:41:09,655 [DEBUG] SSH->TUN: 52 байт
2026-04-07 14:41:09,665 [DEBUG] SSH->TUN: 149 байт
2026-04-07 14:41:09,687 [DEBUG] TUN->SSH: 52 байт
2026-04-07 14:41:09,706 [DEBUG] TUN->SSH: 52 байт
2026-04-07 14:41:09,736 [DEBUG] TUN->SSH: 60 байт
2026-04-07 14:41:09,749 [DEBUG] SSH->TUN: 52 байт
2026-04-07 14:41:09,772 [DEBUG] SSH->TUN: 60 байт
2026-04-07 14:41:09,783 [DEBUG] TUN->SSH: 52 байт
2026-04-07 14:41:09,797 [DEBUG] TUN->SSH: 52 байт
2026-04-07 14:41:09,845 [DEBUG] TUN->SSH: 144 байт
2026-04-07 14:41:09,890 [DEBUG] SSH->TUN: 52 байт
2026-04-07 14:41:09,891 [DEBUG] SSH->TUN: 144 байт
2026-04-07 14:41:09,921 [DEBUG] TUN->SSH: 52 байт
2026-04-07 14:41:09,947 [DEBUG] TUN->SSH: 52 байт
2026-04-07 14:41:09,972 [DEBUG] TUN->SSH: 60 байт
2026-04-07 14:41:09,988 [DEBUG] SSH->TUN: 52 байт
2026-04-07 14:41:10,006 [DEBUG] TUN->SSH: 52 байт
2026-04-07 14:41:10,008 [DEBUG] SSH->TUN: 60 байт
2026-04-07 14:41:10,039 [DEBUG] TUN->SSH: 52 байт
2026-04-07 14:41:10,085 [DEBUG] TUN->SSH: 144 байт
2026-04-07 14:41:10,122 [DEBUG] SSH->TUN: 52 байт
2026-04-07 14:41:10,123 [DEBUG] SSH->TUN: 144 байт
2026-04-07 14:41:10,155 [DEBUG] TUN->SSH: 52 байт
2026-04-07 14:41:10,183 [DEBUG] TUN->SSH: 52 байт
2026-04-07 14:41:10,211 [DEBUG] SSH->TUN: 52 байт
2026-04-07 14:41:10,217 [DEBUG] TUN->SSH: 60 байт
2026-04-07 14:41:10,225 [INFO] Останавливаю туннель...
2026-04-07 14:41:10,228 [DEBUG] Восстановлен: default via 192.168.5.1 dev wlp0s20f3
2026-04-07 14:41:10,228 [INFO] Маршруты восстановлены
2026-04-07 14:41:10,241 [INFO] Интерфейс strans-tun0 удалён
2026-04-07 14:41:10,241 [INFO] Остановлено
2026-04-07 14:41:10,241 [DEBUG] TUN->SSH: отменён
2026-04-07 14:41:10,241 [DEBUG] SSH->TUN: отменён
