2026-04-07 20:42:08,738 [INFO] === Запуск клиента ===
2026-04-07 20:42:08,738 [INFO] Лог файл: logs/client_20260407_204208.log
2026-04-07 20:42:08,739 [INFO] Подключаюсь к 217.154.79.223:22 как 'alice'
2026-04-07 20:42:09,677 [INFO] SSH соединение установлено
2026-04-07 20:42:09,833 [INFO] PUSH_REPLY: client_ip=198.19.0.4 server_ip=198.19.0.1 mtu=1280 stealth=0
2026-04-07 20:42:09,843 [INFO] Интерфейс strans-tun0:
56: strans-tun0: <POINTOPOINT,MULTICAST,NOARP,UP,LOWER_UP> mtu 1280 qdisc fq_codel state UP group default qlen 500
    link/none 
    inet 198.19.0.4 peer 198.19.0.1/32 scope global strans-tun0
       valid_lft forever preferred_lft forever
2026-04-07 20:42:09,945 [INFO] SSH tunnel канал открыт
2026-04-07 20:42:09,947 [INFO] Маршрут к серверу: 217.154.79.223 via 192.168.5.1 dev wlp0s20f3
2026-04-07 20:42:09,951 [INFO] Весь трафик через strans-tun0
2026-04-07 20:42:09,951 [INFO] Туннель активен.
2026-04-07 20:42:09,951 [INFO] Форвардинг запущен [stealth=0]
2026-04-07 20:42:10,264 [DEBUG] TUN->SSH: 52 байт
2026-04-07 20:42:10,340 [DEBUG] SSH->TUN: 52 байт
2026-04-07 20:42:10,341 [DEBUG] TUN->SSH: 52 байт
2026-04-07 20:42:10,355 [DEBUG] SSH->TUN: 125 байт
2026-04-07 20:42:10,355 [DEBUG] TUN->SSH: 40 байт
2026-04-07 20:42:11,219 [DEBUG] SSH->TUN: 52 байт
2026-04-07 20:42:11,220 [DEBUG] TUN->SSH: 52 байт
2026-04-07 20:42:11,256 [DEBUG] TUN->SSH: 52 байт
2026-04-07 20:42:11,330 [DEBUG] SSH->TUN: 52 байт
2026-04-07 20:42:11,330 [DEBUG] TUN->SSH: 52 байт
2026-04-07 20:42:11,448 [DEBUG] TUN->SSH: 52 байт
2026-04-07 20:42:11,498 [DEBUG] SSH->TUN: 52 байт
2026-04-07 20:42:11,498 [DEBUG] TUN->SSH: 52 байт
2026-04-07 20:42:11,512 [DEBUG] TUN->SSH: 52 байт
2026-04-07 20:42:11,598 [DEBUG] SSH->TUN: 52 байт
2026-04-07 20:42:11,598 [DEBUG] TUN->SSH: 52 байт
2026-04-07 20:42:11,896 [DEBUG] TUN->SSH: 52 байт
2026-04-07 20:42:11,960 [DEBUG] TUN->SSH: 52 байт
2026-04-07 20:42:12,010 [DEBUG] SSH->TUN: 52 байт
2026-04-07 20:42:12,011 [DEBUG] TUN->SSH: 52 байт
2026-04-07 20:42:12,022 [DEBUG] SSH->TUN: 76 байт
2026-04-07 20:42:12,023 [DEBUG] TUN->SSH: 40 байт
2026-04-07 20:42:12,036 [DEBUG] SSH->TUN: 52 байт
2026-04-07 20:42:12,036 [DEBUG] TUN->SSH: 40 байт
2026-04-07 20:42:12,088 [DEBUG] TUN->SSH: 52 байт
2026-04-07 20:42:12,163 [DEBUG] SSH->TUN: 52 байт
2026-04-07 20:42:12,472 [DEBUG] TUN->SSH: 52 байт
2026-04-07 20:42:12,532 [DEBUG] SSH->TUN: 52 байт
2026-04-07 20:42:12,532 [DEBUG] TUN->SSH: 52 байт
2026-04-07 20:42:12,792 [DEBUG] TUN->SSH: 52 байт
2026-04-07 20:42:12,852 [DEBUG] SSH->TUN: 52 байт
2026-04-07 20:42:12,852 [DEBUG] TUN->SSH: 52 байт
2026-04-07 20:42:16,859 [DEBUG] TUN->SSH: 57 байт
2026-04-07 20:42:16,978 [DEBUG] SSH->TUN: 52 байт
2026-04-07 20:42:17,051 [DEBUG] TUN->SSH: 88 байт
2026-04-07 20:42:17,051 [DEBUG] TUN->SSH: 88 байт
2026-04-07 20:42:17,052 [DEBUG] TUN->SSH: 88 байт
2026-04-07 20:42:17,052 [DEBUG] TUN->SSH: 88 байт
2026-04-07 20:42:17,052 [DEBUG] TUN->SSH: 88 байт
2026-04-07 20:42:17,053 [DEBUG] TUN->SSH: 88 байт
2026-04-07 20:42:17,053 [DEBUG] TUN->SSH: 88 байт
2026-04-07 20:42:17,053 [DEBUG] TUN->SSH: 88 байт
2026-04-07 20:42:17,053 [DEBUG] TUN->SSH: 88 байт
2026-04-07 20:42:17,054 [DEBUG] TUN->SSH: 88 байт
2026-04-07 20:42:17,122 [DEBUG] SSH->TUN: 40 байт
2026-04-07 20:42:17,122 [DEBUG] SSH->TUN: 40 байт
2026-04-07 20:42:17,122 [DEBUG] SSH->TUN: 40 байт
2026-04-07 20:42:17,123 [DEBUG] TUN->SSH: 60 байт
2026-04-07 20:42:17,124 [DEBUG] TUN->SSH: 60 байт
2026-04-07 20:42:17,175 [DEBUG] SSH->TUN: 40 байт
2026-04-07 20:42:17,175 [DEBUG] SSH->TUN: 40 байт
2026-04-07 20:42:17,176 [DEBUG] SSH->TUN: 40 байт
2026-04-07 20:42:17,176 [DEBUG] SSH->TUN: 40 байт
2026-04-07 20:42:17,176 [DEBUG] SSH->TUN: 40 байт
2026-04-07 20:42:17,176 [DEBUG] SSH->TUN: 40 байт
2026-04-07 20:42:17,176 [DEBUG] SSH->TUN: 40 байт
2026-04-07 20:42:17,200 [DEBUG] SSH->TUN: 60 байт
2026-04-07 20:42:17,201 [DEBUG] TUN->SSH: 52 байт
2026-04-07 20:42:17,201 [DEBUG] SSH->TUN: 60 байт
2026-04-07 20:42:17,201 [DEBUG] TUN->SSH: 406 байт
2026-04-07 20:42:17,202 [DEBUG] TUN->SSH: 52 байт
2026-04-07 20:42:17,202 [DEBUG] TUN->SSH: 157 байт
2026-04-07 20:42:17,504 [DEBUG] TUN->SSH: 406 байт
2026-04-07 20:42:17,504 [DEBUG] TUN->SSH: 157 байт
2026-04-07 20:42:17,563 [DEBUG] SSH->TUN: 371 байт
2026-04-07 20:42:17,563 [DEBUG] TUN->SSH: 52 байт
2026-04-07 20:42:17,563 [DEBUG] SSH->TUN: 137 байт
2026-04-07 20:42:17,564 [DEBUG] TUN->SSH: 52 байт
2026-04-07 20:42:17,564 [DEBUG] SSH->TUN: 137 байт
2026-04-07 20:42:17,564 [DEBUG] TUN->SSH: 52 байт
2026-04-07 20:42:17,565 [DEBUG] TUN->SSH: 205 байт
2026-04-07 20:42:17,565 [DEBUG] TUN->SSH: 64 байт
2026-04-07 20:42:17,613 [DEBUG] SSH->TUN: 371 байт
2026-04-07 20:42:17,614 [DEBUG] TUN->SSH: 64 байт
2026-04-07 20:42:17,614 [DEBUG] SSH->TUN: 64 байт
2026-04-07 20:42:17,614 [DEBUG] SSH->TUN: 64 байт
2026-04-07 20:42:17,635 [DEBUG] SSH->TUN: 52 байт
2026-04-07 20:42:17,635 [DEBUG] TUN->SSH: 52 байт
2026-04-07 20:42:17,665 [DEBUG] SSH->TUN: 52 байт
2026-04-07 20:42:17,665 [DEBUG] SSH->TUN: 944 байт
2026-04-07 20:42:17,666 [DEBUG] TUN->SSH: 52 байт
2026-04-07 20:42:17,668 [DEBUG] TUN->SSH: 365 байт
2026-04-07 20:42:17,768 [DEBUG] SSH->TUN: 1280 байт
2026-04-07 20:42:17,769 [DEBUG] SSH->TUN: 132 байт
2026-04-07 20:42:17,769 [DEBUG] TUN->SSH: 52 байт
2026-04-07 20:42:17,771 [DEBUG] TUN->SSH: 381 байт
2026-04-07 20:42:17,882 [DEBUG] SSH->TUN: 1280 байт
2026-04-07 20:42:17,883 [DEBUG] SSH->TUN: 436 байт
2026-04-07 20:42:17,883 [DEBUG] TUN->SSH: 52 байт
2026-04-07 20:42:18,051 [DEBUG] TUN->SSH: 237 байт
2026-04-07 20:42:18,053 [DEBUG] SSH->TUN: 489 байт
2026-04-07 20:42:18,055 [DEBUG] TUN->SSH: 60 байт
2026-04-07 20:42:18,055 [DEBUG] TUN->SSH: 52 байт
2026-04-07 20:42:18,075 [DEBUG] SSH->TUN: 173 байт
2026-04-07 20:42:18,116 [DEBUG] TUN->SSH: 52 байт
2026-04-07 20:42:18,125 [DEBUG] SSH->TUN: 60 байт
2026-04-07 20:42:18,125 [DEBUG] TUN->SSH: 52 байт
2026-04-07 20:42:18,126 [DEBUG] TUN->SSH: 1280 байт
2026-04-07 20:42:18,126 [DEBUG] TUN->SSH: 432 байт
2026-04-07 20:42:18,142 [DEBUG] SSH->TUN: 52 байт
2026-04-07 20:42:18,142 [DEBUG] TUN->SSH: 52 байт
2026-04-07 20:42:18,208 [DEBUG] SSH->TUN: 52 байт
2026-04-07 20:42:18,222 [DEBUG] SSH->TUN: 52 байт
2026-04-07 20:42:18,316 [DEBUG] SSH->TUN: 52 байт
2026-04-07 20:42:18,317 [DEBUG] SSH->TUN: 1280 байт
2026-04-07 20:42:18,317 [DEBUG] TUN->SSH: 52 байт
2026-04-07 20:42:18,321 [DEBUG] SSH->TUN: 1280 байт
2026-04-07 20:42:18,321 [DEBUG] TUN->SSH: 52 байт
2026-04-07 20:42:18,321 [DEBUG] SSH->TUN: 1280 байт
2026-04-07 20:42:18,322 [DEBUG] TUN->SSH: 52 байт
2026-04-07 20:42:18,322 [DEBUG] SSH->TUN: 464 байт
2026-04-07 20:42:18,322 [DEBUG] TUN->SSH: 52 байт
2026-04-07 20:42:18,322 [DEBUG] SSH->TUN: 1280 байт
2026-04-07 20:42:18,323 [DEBUG] TUN->SSH: 52 байт
2026-04-07 20:42:18,323 [DEBUG] SSH->TUN: 431 байт
2026-04-07 20:42:18,323 [DEBUG] TUN->SSH: 52 байт
2026-04-07 20:42:18,324 [DEBUG] TUN->SSH: 886 байт
2026-04-07 20:42:18,364 [DEBUG] SSH->TUN: 431 байт
2026-04-07 20:42:18,365 [DEBUG] TUN->SSH: 64 байт
2026-04-07 20:42:18,432 [DEBUG] SSH->TUN: 355 байт
2026-04-07 20:42:18,432 [DEBUG] TUN->SSH: 52 байт
2026-04-07 20:42:18,433 [DEBUG] SSH->TUN: 355 байт
2026-04-07 20:42:18,433 [DEBUG] TUN->SSH: 52 байт
2026-04-07 20:42:19,308 [DEBUG] SSH->TUN: 76 байт
2026-04-07 20:42:19,309 [DEBUG] TUN->SSH: 52 байт
2026-04-07 20:42:19,309 [DEBUG] TUN->SSH: 80 байт
2026-04-07 20:42:19,513 [DEBUG] SSH->TUN: 52 байт
2026-04-07 20:42:20,051 [DEBUG] TUN->SSH: 60 байт
2026-04-07 20:42:20,103 [DEBUG] SSH->TUN: 60 байт
2026-04-07 20:42:20,104 [DEBUG] TUN->SSH: 52 байт
2026-04-07 20:42:20,104 [DEBUG] TUN->SSH: 97 байт
2026-04-07 20:42:20,148 [DEBUG] TUN->SSH: 269 байт
2026-04-07 20:42:20,152 [DEBUG] SSH->TUN: 52 байт
2026-04-07 20:42:20,154 [DEBUG] SSH->TUN: 97 байт
2026-04-07 20:42:20,154 [DEBUG] TUN->SSH: 52 байт
2026-04-07 20:42:20,154 [DEBUG] TUN->SSH: 52 байт
2026-04-07 20:42:20,155 [DEBUG] TUN->SSH: 60 байт
2026-04-07 20:42:20,203 [DEBUG] SSH->TUN: 52 байт
2026-04-07 20:42:20,204 [DEBUG] TUN->SSH: 52 байт
2026-04-07 20:42:20,204 [DEBUG] TUN->SSH: 52 байт
2026-04-07 20:42:20,205 [DEBUG] SSH->TUN: 60 байт
2026-04-07 20:42:20,205 [DEBUG] TUN->SSH: 94 байт
2026-04-07 20:42:20,226 [DEBUG] SSH->TUN: 52 байт
2026-04-07 20:42:20,254 [DEBUG] SSH->TUN: 52 байт
2026-04-07 20:42:20,255 [DEBUG] SSH->TUN: 94 байт
2026-04-07 20:42:20,256 [DEBUG] TUN->SSH: 52 байт
2026-04-07 20:42:20,256 [DEBUG] TUN->SSH: 52 байт
2026-04-07 20:42:20,256 [DEBUG] TUN->SSH: 60 байт
2026-04-07 20:42:20,307 [DEBUG] SSH->TUN: 52 байт
2026-04-07 20:42:20,307 [DEBUG] TUN->SSH: 52 байт
2026-04-07 20:42:20,308 [DEBUG] TUN->SSH: 52 байт
2026-04-07 20:42:20,308 [DEBUG] SSH->TUN: 60 байт
2026-04-07 20:42:20,308 [DEBUG] TUN->SSH: 98 байт
2026-04-07 20:42:20,308 [DEBUG] SSH->TUN: 157 байт
2026-04-07 20:42:20,308 [DEBUG] TUN->SSH: 52 байт
2026-04-07 20:42:20,358 [DEBUG] SSH->TUN: 52 байт
2026-04-07 20:42:20,359 [DEBUG] SSH->TUN: 98 байт
2026-04-07 20:42:20,359 [DEBUG] TUN->SSH: 52 байт
2026-04-07 20:42:20,359 [DEBUG] TUN->SSH: 52 байт
2026-04-07 20:42:20,360 [DEBUG] TUN->SSH: 60 байт
2026-04-07 20:42:20,408 [DEBUG] TUN->SSH: 52 байт
2026-04-07 20:42:20,409 [DEBUG] SSH->TUN: 52 байт
2026-04-07 20:42:20,409 [DEBUG] SSH->TUN: 60 байт
2026-04-07 20:42:20,409 [DEBUG] TUN->SSH: 52 байт
2026-04-07 20:42:20,410 [DEBUG] TUN->SSH: 93 байт
2026-04-07 20:42:20,458 [DEBUG] SSH->TUN: 52 байт
2026-04-07 20:42:20,459 [DEBUG] SSH->TUN: 93 байт
2026-04-07 20:42:20,459 [DEBUG] TUN->SSH: 52 байт
2026-04-07 20:42:20,459 [DEBUG] TUN->SSH: 52 байт
2026-04-07 20:42:20,460 [DEBUG] TUN->SSH: 60 байт
2026-04-07 20:42:20,510 [DEBUG] TUN->SSH: 52 байт
2026-04-07 20:42:20,510 [DEBUG] SSH->TUN: 52 байт
2026-04-07 20:42:20,510 [DEBUG] SSH->TUN: 60 байт
2026-04-07 20:42:20,510 [DEBUG] TUN->SSH: 52 байт
2026-04-07 20:42:20,511 [DEBUG] TUN->SSH: 95 байт
2026-04-07 20:42:20,560 [DEBUG] SSH->TUN: 52 байт
2026-04-07 20:42:20,562 [DEBUG] SSH->TUN: 95 байт
2026-04-07 20:42:20,562 [DEBUG] TUN->SSH: 52 байт
2026-04-07 20:42:20,562 [DEBUG] TUN->SSH: 52 байт
2026-04-07 20:42:20,563 [DEBUG] TUN->SSH: 60 байт
2026-04-07 20:42:20,612 [DEBUG] SSH->TUN: 52 байт
2026-04-07 20:42:20,612 [DEBUG] TUN->SSH: 52 байт
2026-04-07 20:42:20,612 [DEBUG] SSH->TUN: 60 байт
2026-04-07 20:42:20,613 [DEBUG] TUN->SSH: 52 байт
2026-04-07 20:42:20,613 [DEBUG] TUN->SSH: 95 байт
2026-04-07 20:42:20,663 [DEBUG] SSH->TUN: 52 байт
2026-04-07 20:42:20,664 [DEBUG] SSH->TUN: 95 байт
2026-04-07 20:42:20,664 [DEBUG] TUN->SSH: 52 байт
2026-04-07 20:42:20,665 [DEBUG] TUN->SSH: 52 байт
2026-04-07 20:42:20,665 [DEBUG] TUN->SSH: 60 байт
2026-04-07 20:42:20,715 [DEBUG] SSH->TUN: 52 байт
2026-04-07 20:42:20,715 [DEBUG] TUN->SSH: 52 байт
2026-04-07 20:42:20,715 [DEBUG] SSH->TUN: 60 байт
2026-04-07 20:42:20,716 [DEBUG] TUN->SSH: 52 байт
2026-04-07 20:42:20,716 [DEBUG] TUN->SSH: 95 байт
2026-04-07 20:42:20,765 [DEBUG] SSH->TUN: 52 байт
2026-04-07 20:42:20,766 [DEBUG] SSH->TUN: 95 байт
2026-04-07 20:42:20,766 [DEBUG] TUN->SSH: 52 байт
2026-04-07 20:42:20,766 [DEBUG] TUN->SSH: 52 байт
2026-04-07 20:42:20,767 [DEBUG] TUN->SSH: 60 байт
2026-04-07 20:42:20,817 [DEBUG] SSH->TUN: 52 байт
2026-04-07 20:42:20,817 [DEBUG] TUN->SSH: 52 байт
2026-04-07 20:42:20,817 [DEBUG] SSH->TUN: 60 байт
2026-04-07 20:42:20,818 [DEBUG] TUN->SSH: 52 байт
2026-04-07 20:42:20,818 [DEBUG] TUN->SSH: 95 байт
2026-04-07 20:42:20,869 [DEBUG] SSH->TUN: 52 байт
2026-04-07 20:42:20,870 [DEBUG] SSH->TUN: 95 байт
2026-04-07 20:42:20,870 [DEBUG] TUN->SSH: 52 байт
2026-04-07 20:42:20,871 [DEBUG] TUN->SSH: 52 байт
2026-04-07 20:42:20,871 [DEBUG] TUN->SSH: 60 байт
2026-04-07 20:42:20,921 [DEBUG] SSH->TUN: 52 байт
2026-04-07 20:42:20,921 [DEBUG] TUN->SSH: 52 байт
2026-04-07 20:42:20,921 [DEBUG] SSH->TUN: 60 байт
2026-04-07 20:42:20,921 [DEBUG] TUN->SSH: 52 байт
2026-04-07 20:42:20,922 [DEBUG] TUN->SSH: 95 байт
2026-04-07 20:42:20,971 [DEBUG] SSH->TUN: 52 байт
2026-04-07 20:42:20,971 [DEBUG] SSH->TUN: 95 байт
2026-04-07 20:42:20,971 [DEBUG] TUN->SSH: 52 байт
2026-04-07 20:42:20,972 [DEBUG] TUN->SSH: 52 байт
2026-04-07 20:42:20,972 [DEBUG] TUN->SSH: 60 байт
2026-04-07 20:42:21,020 [DEBUG] SSH->TUN: 52 байт
2026-04-07 20:42:21,021 [DEBUG] TUN->SSH: 52 байт
2026-04-07 20:42:21,022 [DEBUG] SSH->TUN: 60 байт
2026-04-07 20:42:21,022 [DEBUG] TUN->SSH: 52 байт
2026-04-07 20:42:21,023 [DEBUG] TUN->SSH: 95 байт
2026-04-07 20:42:21,079 [DEBUG] SSH->TUN: 52 байт
2026-04-07 20:42:21,080 [DEBUG] SSH->TUN: 95 байт
2026-04-07 20:42:21,080 [DEBUG] TUN->SSH: 52 байт
2026-04-07 20:42:21,080 [DEBUG] TUN->SSH: 52 байт
2026-04-07 20:42:21,081 [DEBUG] TUN->SSH: 60 байт
2026-04-07 20:42:21,336 [DEBUG] TUN->SSH: 52 байт
2026-04-07 20:42:21,542 [DEBUG] SSH->TUN: 52 байт
2026-04-07 20:42:21,542 [DEBUG] TUN->SSH: 52 байт
2026-04-07 20:42:21,542 [DEBUG] SSH->TUN: 60 байт
2026-04-07 20:42:21,542 [DEBUG] TUN->SSH: 52 байт
2026-04-07 20:42:21,543 [DEBUG] SSH->TUN: 64 байт
2026-04-07 20:42:21,543 [DEBUG] TUN->SSH: 95 байт
2026-04-07 20:42:21,543 [DEBUG] TUN->SSH: 52 байт
2026-04-07 20:42:21,543 [DEBUG] SSH->TUN: 52 байт
2026-04-07 20:42:21,585 [DEBUG] TUN->SSH: 397 байт
2026-04-07 20:42:21,611 [DEBUG] SSH->TUN: 52 байт
2026-04-07 20:42:21,611 [DEBUG] TUN->SSH: 52 байт
2026-04-07 20:42:21,612 [DEBUG] SSH->TUN: 52 байт
2026-04-07 20:42:21,613 [DEBUG] TUN->SSH: 52 байт
2026-04-07 20:42:21,614 [DEBUG] SSH->TUN: 95 байт
2026-04-07 20:42:21,614 [DEBUG] TUN->SSH: 52 байт
2026-04-07 20:42:21,614 [DEBUG] SSH->TUN: 40 байт
2026-04-07 20:42:21,615 [DEBUG] TUN->SSH: 60 байт
2026-04-07 20:42:21,679 [DEBUG] SSH->TUN: 52 байт
2026-04-07 20:42:21,679 [DEBUG] TUN->SSH: 52 байт
2026-04-07 20:42:21,679 [DEBUG] SSH->TUN: 52 байт
2026-04-07 20:42:21,680 [DEBUG] SSH->TUN: 60 байт
2026-04-07 20:42:21,680 [DEBUG] TUN->SSH: 52 байт
2026-04-07 20:42:21,680 [DEBUG] TUN->SSH: 95 байт
2026-04-07 20:42:21,692 [DEBUG] SSH->TUN: 896 байт
2026-04-07 20:42:21,693 [DEBUG] TUN->SSH: 52 байт
2026-04-07 20:42:21,728 [DEBUG] SSH->TUN: 52 байт
2026-04-07 20:42:21,731 [DEBUG] TUN->SSH: 52 байт
2026-04-07 20:42:21,732 [DEBUG] SSH->TUN: 95 байт
2026-04-07 20:42:21,732 [DEBUG] TUN->SSH: 52 байт
2026-04-07 20:42:21,732 [DEBUG] TUN->SSH: 60 байт
2026-04-07 20:42:21,785 [DEBUG] SSH->TUN: 52 байт
2026-04-07 20:42:21,785 [DEBUG] TUN->SSH: 52 байт
2026-04-07 20:42:21,789 [DEBUG] SSH->TUN: 60 байт
2026-04-07 20:42:21,790 [DEBUG] TUN->SSH: 52 байт
2026-04-07 20:42:21,790 [DEBUG] TUN->SSH: 95 байт
2026-04-07 20:42:21,839 [DEBUG] SSH->TUN: 52 байт
2026-04-07 20:42:21,840 [DEBUG] SSH->TUN: 95 байт
2026-04-07 20:42:21,840 [DEBUG] TUN->SSH: 52 байт
2026-04-07 20:42:21,840 [DEBUG] TUN->SSH: 52 байт
2026-04-07 20:42:21,841 [DEBUG] TUN->SSH: 60 байт
2026-04-07 20:42:21,894 [DEBUG] TUN->SSH: 52 байт
2026-04-07 20:42:21,895 [DEBUG] SSH->TUN: 52 байт
2026-04-07 20:42:21,895 [DEBUG] SSH->TUN: 60 байт
2026-04-07 20:42:21,895 [DEBUG] TUN->SSH: 52 байт
2026-04-07 20:42:21,895 [DEBUG] TUN->SSH: 95 байт
2026-04-07 20:42:21,946 [DEBUG] SSH->TUN: 52 байт
2026-04-07 20:42:21,947 [DEBUG] SSH->TUN: 149 байт
2026-04-07 20:42:21,947 [DEBUG] TUN->SSH: 52 байт
2026-04-07 20:42:21,947 [DEBUG] TUN->SSH: 52 байт
2026-04-07 20:42:21,948 [DEBUG] TUN->SSH: 60 байт
2026-04-07 20:42:21,999 [DEBUG] TUN->SSH: 52 байт
2026-04-07 20:42:21,999 [DEBUG] SSH->TUN: 52 байт
2026-04-07 20:42:21,999 [DEBUG] SSH->TUN: 60 байт
2026-04-07 20:42:21,999 [DEBUG] TUN->SSH: 52 байт
2026-04-07 20:42:22,000 [DEBUG] TUN->SSH: 144 байт
2026-04-07 20:42:22,051 [DEBUG] SSH->TUN: 52 байт
2026-04-07 20:42:22,051 [DEBUG] SSH->TUN: 144 байт
2026-04-07 20:42:22,052 [DEBUG] TUN->SSH: 52 байт
2026-04-07 20:42:22,052 [DEBUG] TUN->SSH: 52 байт
2026-04-07 20:42:22,102 [DEBUG] SSH->TUN: 52 байт
2026-04-07 20:42:22,102 [DEBUG] TUN->SSH: 52 байт
2026-04-07 20:42:22,328 [DEBUG] TUN->SSH: 52 байт
2026-04-07 20:42:22,410 [DEBUG] SSH->TUN: 52 байт
2026-04-07 20:42:22,552 [DEBUG] TUN->SSH: 189 байт
2026-04-07 20:42:22,622 [DEBUG] SSH->TUN: 106 байт
2026-04-07 20:42:22,624 [DEBUG] SSH->TUN: 365 байт
2026-04-07 20:42:22,624 [DEBUG] TUN->SSH: 52 байт
2026-04-07 20:42:22,648 [DEBUG] TUN->SSH: 60 байт
2026-04-07 20:42:22,668 [DEBUG] SSH->TUN: 52 байт
2026-04-07 20:42:23,075 [DEBUG] TUN->SSH: 88 байт
2026-04-07 20:42:23,075 [DEBUG] TUN->SSH: 88 байт
2026-04-07 20:42:23,076 [DEBUG] TUN->SSH: 88 байт
2026-04-07 20:42:23,076 [DEBUG] TUN->SSH: 88 байт
2026-04-07 20:42:23,076 [DEBUG] TUN->SSH: 88 байт
2026-04-07 20:42:23,077 [DEBUG] TUN->SSH: 88 байт
2026-04-07 20:42:23,077 [DEBUG] TUN->SSH: 88 байт
2026-04-07 20:42:23,077 [DEBUG] TUN->SSH: 88 байт
2026-04-07 20:42:23,077 [DEBUG] TUN->SSH: 77 байт
2026-04-07 20:42:23,096 [DEBUG] TUN->SSH: 88 байт
2026-04-07 20:42:23,096 [DEBUG] TUN->SSH: 88 байт
2026-04-07 20:42:23,096 [DEBUG] TUN->SSH: 88 байт
2026-04-07 20:42:23,097 [DEBUG] TUN->SSH: 88 байт
2026-04-07 20:42:23,097 [DEBUG] TUN->SSH: 88 байт
2026-04-07 20:42:23,097 [DEBUG] TUN->SSH: 73 байт
2026-04-07 20:42:23,098 [DEBUG] TUN->SSH: 88 байт
2026-04-07 20:42:23,098 [DEBUG] TUN->SSH: 88 байт
2026-04-07 20:42:23,098 [DEBUG] TUN->SSH: 88 байт
2026-04-07 20:42:23,098 [DEBUG] TUN->SSH: 88 байт
2026-04-07 20:42:23,099 [DEBUG] TUN->SSH: 88 байт
2026-04-07 20:42:23,099 [DEBUG] TUN->SSH: 88 байт
2026-04-07 20:42:23,099 [DEBUG] TUN->SSH: 88 байт
2026-04-07 20:42:23,100 [DEBUG] TUN->SSH: 81 байт
2026-04-07 20:42:23,211 [DEBUG] SSH->TUN: 52 байт
2026-04-07 20:42:23,215 [DEBUG] SSH->TUN: 52 байт
2026-04-07 20:42:23,217 [DEBUG] SSH->TUN: 52 байт
2026-04-07 20:42:23,218 [DEBUG] SSH->TUN: 52 байт
2026-04-07 20:42:23,262 [DEBUG] SSH->TUN: 52 байт
2026-04-07 20:42:23,262 [DEBUG] SSH->TUN: 52 байт
2026-04-07 20:42:23,262 [DEBUG] SSH->TUN: 52 байт
2026-04-07 20:42:23,263 [DEBUG] SSH->TUN: 141 байт
2026-04-07 20:42:23,263 [DEBUG] TUN->SSH: 52 байт
2026-04-07 20:42:23,263 [DEBUG] SSH->TUN: 52 байт
2026-04-07 20:42:23,263 [DEBUG] SSH->TUN: 52 байт
2026-04-07 20:42:23,264 [DEBUG] SSH->TUN: 52 байт
2026-04-07 20:42:23,264 [DEBUG] SSH->TUN: 52 байт
2026-04-07 20:42:23,264 [DEBUG] SSH->TUN: 141 байт
2026-04-07 20:42:23,264 [DEBUG] TUN->SSH: 52 байт
2026-04-07 20:42:23,265 [DEBUG] SSH->TUN: 141 байт
2026-04-07 20:42:23,265 [DEBUG] TUN->SSH: 52 байт
2026-04-07 20:42:23,288 [DEBUG] SSH->TUN: 525 байт
2026-04-07 20:42:23,288 [DEBUG] TUN->SSH: 52 байт
2026-04-07 20:42:25,763 [DEBUG] SSH->TUN: 173 байт
2026-04-07 20:42:25,763 [DEBUG] TUN->SSH: 52 байт
2026-04-07 20:42:26,590 [INFO] Останавливаю туннель...
2026-04-07 20:42:26,594 [DEBUG] Восстановлен: default via 192.168.5.1 dev wlp0s20f3
2026-04-07 20:42:26,594 [INFO] Маршруты восстановлены
2026-04-07 20:42:26,608 [INFO] Интерфейс strans-tun0 удалён
2026-04-07 20:42:26,608 [INFO] Остановлено
2026-04-07 20:42:26,608 [DEBUG] TUN->SSH: отменён
2026-04-07 20:42:26,608 [DEBUG] SSH->TUN: отменён
