2026-04-09 01:20:01,575 [INFO] === Запуск клиента ===
2026-04-09 01:20:01,575 [INFO] Лог файл: logs/client_20260409_012001.log
2026-04-09 01:20:01,583 [INFO] Используется интерфейс: strans-tun0
2026-04-09 01:20:01,583 [INFO] Подключаюсь к 217.154.79.223:24 как 'alice'
2026-04-09 01:20:02,101 [INFO] SSH соединение установлено
2026-04-09 01:20:02,181 [INFO] PUSH_REPLY: client_ip=198.19.0.3 server_ip=198.19.0.1 mtu=1280 stealth=0
2026-04-09 01:20:02,193 [INFO] Интерфейс strans-tun0:
62: strans-tun0: <POINTOPOINT,MULTICAST,NOARP,UP,LOWER_UP> mtu 1280 qdisc fq_codel state UP group default qlen 500
    link/none 
    inet 198.19.0.3 peer 198.19.0.1/32 scope global strans-tun0
       valid_lft forever preferred_lft forever
2026-04-09 01:20:02,269 [INFO] SSH tunnel канал открыт
2026-04-09 01:20:02,274 [INFO] Маршрут к серверу: 217.154.79.223 via 192.168.5.1 dev wlp0s20f3
2026-04-09 01:20:02,280 [INFO] Весь трафик через strans-tun0
2026-04-09 01:20:02,280 [INFO] Туннель активен.
2026-04-09 01:20:02,280 [INFO] Форвардинг запущен [stealth=0]
2026-04-09 01:20:02,727 [DEBUG] TUN->SSH: 718 байт
2026-04-09 01:20:02,792 [DEBUG] TUN->SSH: 52 байт
2026-04-09 01:20:02,793 [DEBUG] SSH->TUN: 52 байт
2026-04-09 01:20:02,793 [DEBUG] TUN->SSH: 80 байт
2026-04-09 01:20:02,794 [DEBUG] TUN->SSH: 52 байт
2026-04-09 01:20:02,794 [DEBUG] TUN->SSH: 52 байт
2026-04-09 01:20:02,831 [DEBUG] SSH->TUN: 40 байт
2026-04-09 01:20:02,845 [DEBUG] SSH->TUN: 77 байт
2026-04-09 01:20:02,846 [DEBUG] TUN->SSH: 81 байт
2026-04-09 01:20:02,854 [DEBUG] SSH->TUN: 52 байт
2026-04-09 01:20:02,872 [DEBUG] SSH->TUN: 52 байт
2026-04-09 01:20:02,885 [DEBUG] SSH->TUN: 52 байт
2026-04-09 01:20:03,053 [DEBUG] TUN->SSH: 60 байт
2026-04-09 01:20:03,054 [DEBUG] TUN->SSH: 60 байт
2026-04-09 01:20:03,122 [DEBUG] SSH->TUN: 60 байт
2026-04-09 01:20:03,123 [DEBUG] TUN->SSH: 52 байт
2026-04-09 01:20:03,123 [DEBUG] SSH->TUN: 60 байт
2026-04-09 01:20:03,124 [DEBUG] TUN->SSH: 321 байт
2026-04-09 01:20:03,125 [DEBUG] TUN->SSH: 52 байт
2026-04-09 01:20:03,125 [DEBUG] TUN->SSH: 554 байт
2026-04-09 01:20:03,188 [DEBUG] SSH->TUN: 217 байт
2026-04-09 01:20:03,189 [DEBUG] TUN->SSH: 52 байт
2026-04-09 01:20:03,190 [DEBUG] TUN->SSH: 52 байт
2026-04-09 01:20:03,190 [DEBUG] SSH->TUN: 363 байт
2026-04-09 01:20:03,192 [DEBUG] TUN->SSH: 317 байт
2026-04-09 01:20:03,193 [DEBUG] TUN->SSH: 40 байт
2026-04-09 01:20:03,254 [DEBUG] SSH->TUN: 52 байт
2026-04-09 01:20:03,255 [DEBUG] TUN->SSH: 40 байт
2026-04-09 01:20:03,256 [DEBUG] SSH->TUN: 1280 байт
2026-04-09 01:20:03,256 [DEBUG] SSH->TUN: 1036 байт
2026-04-09 01:20:03,257 [DEBUG] TUN->SSH: 52 байт
2026-04-09 01:20:03,263 [DEBUG] SSH->TUN: 157 байт
2026-04-09 01:20:03,265 [DEBUG] SSH->TUN: 672 байт
2026-04-09 01:20:03,266 [DEBUG] TUN->SSH: 52 байт
2026-04-09 01:20:03,272 [DEBUG] TUN->SSH: 461 байт
2026-04-09 01:20:03,308 [DEBUG] SSH->TUN: 489 байт
2026-04-09 01:20:03,311 [DEBUG] TUN->SSH: 60 байт
2026-04-09 01:20:03,312 [DEBUG] TUN->SSH: 52 байт
2026-04-09 01:20:03,332 [DEBUG] SSH->TUN: 1257 байт
2026-04-09 01:20:03,355 [DEBUG] SSH->TUN: 928 байт
2026-04-09 01:20:03,356 [DEBUG] TUN->SSH: 52 байт
2026-04-09 01:20:03,374 [DEBUG] SSH->TUN: 60 байт
2026-04-09 01:20:03,374 [DEBUG] TUN->SSH: 52 байт
2026-04-09 01:20:03,375 [DEBUG] SSH->TUN: 52 байт
2026-04-09 01:20:03,376 [DEBUG] TUN->SSH: 1280 байт
2026-04-09 01:20:03,377 [DEBUG] TUN->SSH: 432 байт
2026-04-09 01:20:03,377 [DEBUG] TUN->SSH: 52 байт
2026-04-09 01:20:03,440 [DEBUG] SSH->TUN: 52 байт
2026-04-09 01:20:03,440 [DEBUG] SSH->TUN: 52 байт
2026-04-09 01:20:03,441 [DEBUG] SSH->TUN: 1280 байт
2026-04-09 01:20:03,442 [DEBUG] TUN->SSH: 52 байт
2026-04-09 01:20:03,442 [DEBUG] SSH->TUN: 1280 байт
2026-04-09 01:20:03,443 [DEBUG] TUN->SSH: 52 байт
2026-04-09 01:20:03,443 [DEBUG] SSH->TUN: 1280 байт
2026-04-09 01:20:03,444 [DEBUG] TUN->SSH: 52 байт
2026-04-09 01:20:03,445 [DEBUG] SSH->TUN: 464 байт
2026-04-09 01:20:03,446 [DEBUG] TUN->SSH: 52 байт
2026-04-09 01:20:03,446 [DEBUG] SSH->TUN: 1280 байт
2026-04-09 01:20:03,447 [DEBUG] TUN->SSH: 52 байт
2026-04-09 01:20:03,447 [DEBUG] SSH->TUN: 431 байт
2026-04-09 01:20:03,448 [DEBUG] TUN->SSH: 52 байт
2026-04-09 01:20:03,450 [DEBUG] TUN->SSH: 886 байт
2026-04-09 01:20:03,509 [DEBUG] SSH->TUN: 355 байт
2026-04-09 01:20:03,510 [DEBUG] SSH->TUN: 355 байт
2026-04-09 01:20:03,510 [DEBUG] TUN->SSH: 52 байт
2026-04-09 01:20:03,817 [DEBUG] TUN->SSH: 52 байт
2026-04-09 01:20:03,817 [DEBUG] TUN->SSH: 52 байт
2026-04-09 01:20:03,818 [DEBUG] TUN->SSH: 52 байт
2026-04-09 01:20:03,859 [DEBUG] TUN->SSH: 52 байт
2026-04-09 01:20:03,860 [DEBUG] SSH->TUN: 52 байт
2026-04-09 01:20:03,867 [DEBUG] TUN->SSH: 52 байт
2026-04-09 01:20:03,867 [DEBUG] SSH->TUN: 52 байт
2026-04-09 01:20:03,870 [DEBUG] SSH->TUN: 76 байт
2026-04-09 01:20:03,871 [DEBUG] TUN->SSH: 40 байт
2026-04-09 01:20:03,871 [DEBUG] SSH->TUN: 52 байт
2026-04-09 01:20:03,871 [DEBUG] TUN->SSH: 40 байт
2026-04-09 01:20:04,054 [DEBUG] TUN->SSH: 88 байт
2026-04-09 01:20:04,055 [DEBUG] TUN->SSH: 88 байт
2026-04-09 01:20:04,056 [DEBUG] TUN->SSH: 88 байт
2026-04-09 01:20:04,057 [DEBUG] TUN->SSH: 88 байт
2026-04-09 01:20:04,058 [DEBUG] TUN->SSH: 88 байт
2026-04-09 01:20:04,058 [DEBUG] TUN->SSH: 57 байт
2026-04-09 01:20:04,059 [DEBUG] TUN->SSH: 60 байт
2026-04-09 01:20:04,060 [DEBUG] TUN->SSH: 60 байт
2026-04-09 01:20:04,118 [DEBUG] SSH->TUN: 52 байт
2026-04-09 01:20:04,119 [DEBUG] SSH->TUN: 52 байт
2026-04-09 01:20:04,120 [DEBUG] SSH->TUN: 52 байт
2026-04-09 01:20:04,120 [DEBUG] TUN->SSH: 52 байт
2026-04-09 01:20:04,121 [DEBUG] SSH->TUN: 60 байт
2026-04-09 01:20:04,121 [DEBUG] TUN->SSH: 52 байт
2026-04-09 01:20:04,122 [DEBUG] SSH->TUN: 60 байт
2026-04-09 01:20:04,122 [DEBUG] TUN->SSH: 157 байт
2026-04-09 01:20:04,123 [DEBUG] TUN->SSH: 52 байт
2026-04-09 01:20:04,124 [DEBUG] TUN->SSH: 361 байт
2026-04-09 01:20:04,180 [DEBUG] SSH->TUN: 137 байт
2026-04-09 01:20:04,181 [DEBUG] TUN->SSH: 52 байт
2026-04-09 01:20:04,182 [DEBUG] TUN->SSH: 52 байт
2026-04-09 01:20:04,185 [DEBUG] SSH->TUN: 303 байт
2026-04-09 01:20:04,186 [DEBUG] TUN->SSH: 40 байт
2026-04-09 01:20:04,187 [DEBUG] TUN->SSH: 301 байт
2026-04-09 01:20:04,243 [DEBUG] SSH->TUN: 52 байт
2026-04-09 01:20:04,243 [DEBUG] TUN->SSH: 40 байт
2026-04-09 01:20:04,249 [DEBUG] SSH->TUN: 141 байт
2026-04-09 01:20:04,290 [DEBUG] TUN->SSH: 52 байт
2026-04-09 01:20:04,328 [DEBUG] TUN->SSH: 88 байт
2026-04-09 01:20:04,401 [DEBUG] TUN->SSH: 365 байт
2026-04-09 01:20:04,488 [DEBUG] SSH->TUN: 1200 байт
2026-04-09 01:20:04,532 [DEBUG] TUN->SSH: 52 байт
2026-04-09 01:20:04,560 [DEBUG] SSH->TUN: 52 байт
2026-04-09 01:20:04,561 [DEBUG] TUN->SSH: 88 байт
2026-04-09 01:20:04,562 [DEBUG] TUN->SSH: 92 байт
2026-04-09 01:20:04,827 [DEBUG] SSH->TUN: 52 байт
2026-04-09 01:20:04,828 [DEBUG] SSH->TUN: 52 байт
2026-04-09 01:20:04,840 [DEBUG] TUN->SSH: 52 байт
2026-04-09 01:20:04,841 [DEBUG] TUN->SSH: 52 байт
2026-04-09 01:20:04,879 [DEBUG] TUN->SSH: 52 байт
2026-04-09 01:20:04,880 [DEBUG] SSH->TUN: 52 байт
2026-04-09 01:20:04,897 [DEBUG] SSH->TUN: 76 байт
2026-04-09 01:20:04,898 [DEBUG] TUN->SSH: 40 байт
2026-04-09 01:20:04,899 [DEBUG] SSH->TUN: 52 байт
2026-04-09 01:20:04,900 [DEBUG] TUN->SSH: 40 байт
2026-04-09 01:20:05,050 [DEBUG] TUN->SSH: 291 байт
2026-04-09 01:20:05,338 [DEBUG] SSH->TUN: 52 байт
2026-04-09 01:20:05,339 [DEBUG] SSH->TUN: 170 байт
2026-04-09 01:20:05,340 [DEBUG] TUN->SSH: 52 байт
2026-04-09 01:20:05,369 [DEBUG] SSH->TUN: 1280 байт
2026-04-09 01:20:05,369 [DEBUG] TUN->SSH: 52 байт
2026-04-09 01:20:05,420 [DEBUG] SSH->TUN: 1280 байт
2026-04-09 01:20:05,421 [DEBUG] TUN->SSH: 52 байт
2026-04-09 01:20:05,422 [DEBUG] SSH->TUN: 1280 байт
2026-04-09 01:20:05,423 [DEBUG] TUN->SSH: 52 байт
2026-04-09 01:20:05,423 [DEBUG] SSH->TUN: 1280 байт
2026-04-09 01:20:05,424 [DEBUG] TUN->SSH: 52 байт
2026-04-09 01:20:05,441 [DEBUG] SSH->TUN: 1280 байт
2026-04-09 01:20:05,442 [DEBUG] TUN->SSH: 52 байт
2026-04-09 01:20:05,472 [DEBUG] SSH->TUN: 1280 байт
2026-04-09 01:20:05,472 [DEBUG] TUN->SSH: 52 байт
2026-04-09 01:20:05,473 [DEBUG] SSH->TUN: 1280 байт
2026-04-09 01:20:05,473 [DEBUG] TUN->SSH: 52 байт
2026-04-09 01:20:05,479 [DEBUG] SSH->TUN: 1280 байт
2026-04-09 01:20:05,480 [DEBUG] TUN->SSH: 52 байт
2026-04-09 01:20:05,480 [DEBUG] SSH->TUN: 1280 байт
2026-04-09 01:20:05,481 [DEBUG] TUN->SSH: 52 байт
2026-04-09 01:20:05,481 [DEBUG] SSH->TUN: 791 байт
2026-04-09 01:20:05,482 [DEBUG] TUN->SSH: 52 байт
2026-04-09 01:20:05,544 [DEBUG] TUN->SSH: 60 байт
2026-04-09 01:20:05,545 [DEBUG] SSH->TUN: 52 байт
2026-04-09 01:20:05,594 [DEBUG] SSH->TUN: 60 байт
2026-04-09 01:20:05,595 [DEBUG] TUN->SSH: 52 байт
2026-04-09 01:20:05,596 [DEBUG] TUN->SSH: 192 байт
2026-04-09 01:20:05,646 [DEBUG] SSH->TUN: 52 байт
2026-04-09 01:20:05,654 [DEBUG] SSH->TUN: 71 байт
2026-04-09 01:20:05,655 [DEBUG] TUN->SSH: 52 байт
2026-04-09 01:20:05,659 [DEBUG] TUN->SSH: 569 байт
2026-04-09 01:20:05,711 [DEBUG] SSH->TUN: 1280 байт
2026-04-09 01:20:05,712 [DEBUG] SSH->TUN: 1280 байт
2026-04-09 01:20:05,712 [DEBUG] TUN->SSH: 52 байт
2026-04-09 01:20:05,713 [DEBUG] SSH->TUN: 1280 байт
2026-04-09 01:20:05,713 [DEBUG] SSH->TUN: 464 байт
2026-04-09 01:20:05,714 [DEBUG] TUN->SSH: 52 байт
2026-04-09 01:20:05,714 [DEBUG] SSH->TUN: 1280 байт
2026-04-09 01:20:05,715 [DEBUG] SSH->TUN: 258 байт
2026-04-09 01:20:05,715 [DEBUG] TUN->SSH: 52 байт
2026-04-09 01:20:05,716 [DEBUG] TUN->SSH: 132 байт
2026-04-09 01:20:05,717 [DEBUG] TUN->SSH: 1280 байт
2026-04-09 01:20:05,717 [DEBUG] TUN->SSH: 1280 байт
2026-04-09 01:20:05,718 [DEBUG] TUN->SSH: 1280 байт
2026-04-09 01:20:05,719 [DEBUG] TUN->SSH: 1280 байт
2026-04-09 01:20:05,720 [DEBUG] TUN->SSH: 1280 байт
2026-04-09 01:20:05,720 [DEBUG] TUN->SSH: 1280 байт
2026-04-09 01:20:05,721 [DEBUG] TUN->SSH: 1280 байт
2026-04-09 01:20:05,722 [DEBUG] TUN->SSH: 1280 байт
2026-04-09 01:20:05,722 [DEBUG] TUN->SSH: 1280 байт
2026-04-09 01:20:05,766 [DEBUG] SSH->TUN: 52 байт
2026-04-09 01:20:05,767 [DEBUG] TUN->SSH: 1280 байт
2026-04-09 01:20:05,768 [DEBUG] SSH->TUN: 339 байт
2026-04-09 01:20:05,768 [DEBUG] TUN->SSH: 1280 байт
2026-04-09 01:20:05,769 [DEBUG] SSH->TUN: 339 байт
2026-04-09 01:20:05,769 [DEBUG] TUN->SSH: 1280 байт
2026-04-09 01:20:05,770 [DEBUG] TUN->SSH: 1280 байт
2026-04-09 01:20:05,771 [DEBUG] TUN->SSH: 52 байт
2026-04-09 01:20:05,772 [DEBUG] TUN->SSH: 1280 байт
2026-04-09 01:20:05,772 [DEBUG] SSH->TUN: 52 байт
2026-04-09 01:20:05,773 [DEBUG] TUN->SSH: 1280 байт
2026-04-09 01:20:05,773 [DEBUG] SSH->TUN: 52 байт
2026-04-09 01:20:05,774 [DEBUG] TUN->SSH: 1280 байт
2026-04-09 01:20:05,775 [DEBUG] SSH->TUN: 52 байт
2026-04-09 01:20:05,775 [DEBUG] TUN->SSH: 1280 байт
2026-04-09 01:20:05,776 [DEBUG] TUN->SSH: 1280 байт
2026-04-09 01:20:05,777 [DEBUG] TUN->SSH: 1280 байт
2026-04-09 01:20:05,778 [DEBUG] TUN->SSH: 1280 байт
2026-04-09 01:20:05,779 [DEBUG] TUN->SSH: 1280 байт
2026-04-09 01:20:05,780 [DEBUG] TUN->SSH: 1280 байт
2026-04-09 01:20:05,780 [DEBUG] TUN->SSH: 1280 байт
2026-04-09 01:20:05,781 [DEBUG] TUN->SSH: 1280 байт
2026-04-09 01:20:05,781 [DEBUG] TUN->SSH: 1280 байт
2026-04-09 01:20:05,800 [DEBUG] TUN->SSH: 1280 байт
2026-04-09 01:20:05,800 [DEBUG] SSH->TUN: 52 байт
2026-04-09 01:20:05,801 [DEBUG] TUN->SSH: 1280 байт
2026-04-09 01:20:05,801 [DEBUG] TUN->SSH: 1280 байт
2026-04-09 01:20:05,802 [DEBUG] TUN->SSH: 1280 байт
2026-04-09 01:20:05,824 [DEBUG] SSH->TUN: 52 байт
2026-04-09 01:20:05,825 [DEBUG] TUN->SSH: 1280 байт
2026-04-09 01:20:05,826 [DEBUG] SSH->TUN: 52 байт
2026-04-09 01:20:05,826 [DEBUG] TUN->SSH: 1280 байт
2026-04-09 01:20:05,827 [DEBUG] SSH->TUN: 52 байт
2026-04-09 01:20:05,828 [DEBUG] TUN->SSH: 1280 байт
2026-04-09 01:20:05,828 [DEBUG] SSH->TUN: 52 байт
2026-04-09 01:20:05,829 [DEBUG] TUN->SSH: 1280 байт
2026-04-09 01:20:05,829 [DEBUG] SSH->TUN: 52 байт
2026-04-09 01:20:05,830 [DEBUG] TUN->SSH: 1280 байт
2026-04-09 01:20:05,831 [DEBUG] TUN->SSH: 1280 байт
2026-04-09 01:20:05,831 [DEBUG] TUN->SSH: 1280 байт
2026-04-09 01:20:05,832 [DEBUG] TUN->SSH: 1280 байт
2026-04-09 01:20:05,833 [DEBUG] TUN->SSH: 1280 байт
2026-04-09 01:20:05,833 [DEBUG] TUN->SSH: 1280 байт
2026-04-09 01:20:05,834 [DEBUG] TUN->SSH: 1280 байт
2026-04-09 01:20:05,835 [DEBUG] TUN->SSH: 1280 байт
2026-04-09 01:20:05,835 [DEBUG] TUN->SSH: 1280 байт
2026-04-09 01:20:05,836 [DEBUG] TUN->SSH: 1280 байт
2026-04-09 01:20:05,837 [DEBUG] TUN->SSH: 1280 байт
2026-04-09 01:20:05,839 [DEBUG] TUN->SSH: 1280 байт
2026-04-09 01:20:05,839 [DEBUG] SSH->TUN: 52 байт
2026-04-09 01:20:05,840 [DEBUG] TUN->SSH: 1280 байт
2026-04-09 01:20:05,840 [DEBUG] SSH->TUN: 52 байт
2026-04-09 01:20:05,841 [DEBUG] TUN->SSH: 1280 байт
2026-04-09 01:20:05,841 [DEBUG] SSH->TUN: 52 байт
2026-04-09 01:20:05,842 [DEBUG] TUN->SSH: 1280 байт
2026-04-09 01:20:05,843 [DEBUG] TUN->SSH: 1280 байт
2026-04-09 01:20:05,843 [DEBUG] TUN->SSH: 1280 байт
2026-04-09 01:20:05,844 [DEBUG] TUN->SSH: 1280 байт
2026-04-09 01:20:05,845 [DEBUG] TUN->SSH: 1280 байт
2026-04-09 01:20:05,846 [DEBUG] TUN->SSH: 1280 байт
2026-04-09 01:20:05,847 [DEBUG] TUN->SSH: 1280 байт
2026-04-09 01:20:05,847 [DEBUG] TUN->SSH: 1280 байт
2026-04-09 01:20:05,848 [DEBUG] TUN->SSH: 1280 байт
2026-04-09 01:20:05,848 [DEBUG] TUN->SSH: 1280 байт
2026-04-09 01:20:05,849 [DEBUG] TUN->SSH: 1280 байт
2026-04-09 01:20:05,850 [DEBUG] TUN->SSH: 1280 байт
2026-04-09 01:20:05,851 [DEBUG] TUN->SSH: 1280 байт
2026-04-09 01:20:05,851 [DEBUG] SSH->TUN: 52 байт
2026-04-09 01:20:05,852 [DEBUG] TUN->SSH: 1280 байт
2026-04-09 01:20:05,853 [DEBUG] SSH->TUN: 52 байт
2026-04-09 01:20:05,853 [DEBUG] TUN->SSH: 1280 байт
2026-04-09 01:20:05,854 [DEBUG] TUN->SSH: 1280 байт
2026-04-09 01:20:05,855 [DEBUG] TUN->SSH: 1280 байт
2026-04-09 01:20:05,856 [DEBUG] TUN->SSH: 1280 байт
2026-04-09 01:20:05,857 [DEBUG] TUN->SSH: 1280 байт
2026-04-09 01:20:05,858 [DEBUG] TUN->SSH: 1280 байт
2026-04-09 01:20:05,859 [DEBUG] TUN->SSH: 1280 байт
2026-04-09 01:20:05,860 [DEBUG] TUN->SSH: 1280 байт
2026-04-09 01:20:05,863 [DEBUG] TUN->SSH: 88 байт
2026-04-09 01:20:05,874 [DEBUG] SSH->TUN: 52 байт
2026-04-09 01:20:05,875 [DEBUG] TUN->SSH: 1280 байт
2026-04-09 01:20:05,876 [DEBUG] TUN->SSH: 1280 байт
2026-04-09 01:20:05,876 [DEBUG] SSH->TUN: 52 байт
2026-04-09 01:20:05,877 [DEBUG] TUN->SSH: 1280 байт
2026-04-09 01:20:05,878 [DEBUG] TUN->SSH: 1280 байт
2026-04-09 01:20:05,879 [DEBUG] TUN->SSH: 1280 байт
2026-04-09 01:20:05,880 [DEBUG] TUN->SSH: 1280 байт
2026-04-09 01:20:05,880 [DEBUG] TUN->SSH: 1280 байт
2026-04-09 01:20:05,881 [DEBUG] TUN->SSH: 1280 байт
2026-04-09 01:20:05,891 [DEBUG] SSH->TUN: 52 байт
2026-04-09 01:20:05,892 [DEBUG] TUN->SSH: 1280 байт
2026-04-09 01:20:05,892 [DEBUG] SSH->TUN: 52 байт
2026-04-09 01:20:05,893 [DEBUG] TUN->SSH: 1280 байт
2026-04-09 01:20:05,894 [DEBUG] SSH->TUN: 52 байт
2026-04-09 01:20:05,894 [DEBUG] TUN->SSH: 1280 байт
2026-04-09 01:20:05,895 [DEBUG] SSH->TUN: 52 байт
2026-04-09 01:20:05,895 [DEBUG] TUN->SSH: 1280 байт
2026-04-09 01:20:05,896 [DEBUG] SSH->TUN: 52 байт
2026-04-09 01:20:05,896 [DEBUG] TUN->SSH: 1280 байт
2026-04-09 01:20:05,897 [DEBUG] TUN->SSH: 1280 байт
2026-04-09 01:20:05,898 [DEBUG] TUN->SSH: 1280 байт
2026-04-09 01:20:05,899 [DEBUG] TUN->SSH: 1280 байт
2026-04-09 01:20:05,901 [DEBUG] TUN->SSH: 1280 байт
2026-04-09 01:20:05,902 [DEBUG] SSH->TUN: 52 байт
2026-04-09 01:20:05,903 [DEBUG] TUN->SSH: 1280 байт
2026-04-09 01:20:05,903 [DEBUG] SSH->TUN: 52 байт
2026-04-09 01:20:05,904 [DEBUG] TUN->SSH: 1280 байт
2026-04-09 01:20:05,905 [DEBUG] SSH->TUN: 52 байт
2026-04-09 01:20:05,905 [DEBUG] TUN->SSH: 1280 байт
2026-04-09 01:20:05,906 [DEBUG] SSH->TUN: 52 байт
2026-04-09 01:20:05,907 [DEBUG] TUN->SSH: 1280 байт
2026-04-09 01:20:05,907 [DEBUG] SSH->TUN: 52 байт
2026-04-09 01:20:05,908 [DEBUG] TUN->SSH: 1280 байт
2026-04-09 01:20:05,908 [DEBUG] SSH->TUN: 52 байт
2026-04-09 01:20:05,909 [DEBUG] TUN->SSH: 1280 байт
2026-04-09 01:20:05,909 [DEBUG] SSH->TUN: 52 байт
2026-04-09 01:20:05,910 [DEBUG] TUN->SSH: 1280 байт
2026-04-09 01:20:05,910 [DEBUG] SSH->TUN: 52 байт
2026-04-09 01:20:05,911 [DEBUG] TUN->SSH: 1280 байт
2026-04-09 01:20:05,911 [DEBUG] SSH->TUN: 52 байт
2026-04-09 01:20:05,912 [DEBUG] TUN->SSH: 1280 байт
2026-04-09 01:20:05,912 [DEBUG] SSH->TUN: 52 байт
2026-04-09 01:20:05,913 [DEBUG] TUN->SSH: 1280 байт
2026-04-09 01:20:05,913 [DEBUG] SSH->TUN: 52 байт
2026-04-09 01:20:05,914 [DEBUG] TUN->SSH: 1280 байт
2026-04-09 01:20:05,914 [DEBUG] TUN->SSH: 1280 байт
2026-04-09 01:20:05,915 [DEBUG] TUN->SSH: 1280 байт
2026-04-09 01:20:05,916 [DEBUG] TUN->SSH: 1280 байт
2026-04-09 01:20:05,917 [DEBUG] SSH->TUN: 52 байт
2026-04-09 01:20:05,917 [DEBUG] TUN->SSH: 1280 байт
2026-04-09 01:20:05,918 [DEBUG] TUN->SSH: 1280 байт
2026-04-09 01:20:05,919 [DEBUG] TUN->SSH: 1280 байт
2026-04-09 01:20:05,920 [DEBUG] TUN->SSH: 1280 байт
2026-04-09 01:20:05,921 [DEBUG] TUN->SSH: 1280 байт
2026-04-09 01:20:05,921 [DEBUG] TUN->SSH: 1280 байт
2026-04-09 01:20:05,922 [DEBUG] TUN->SSH: 1280 байт
2026-04-09 01:20:05,923 [DEBUG] TUN->SSH: 1280 байт
2026-04-09 01:20:05,924 [DEBUG] TUN->SSH: 1280 байт
2026-04-09 01:20:05,924 [DEBUG] TUN->SSH: 1280 байт
2026-04-09 01:20:05,926 [DEBUG] TUN->SSH: 1280 байт
2026-04-09 01:20:05,926 [DEBUG] SSH->TUN: 52 байт
2026-04-09 01:20:05,927 [DEBUG] TUN->SSH: 1280 байт
2026-04-09 01:20:05,928 [DEBUG] SSH->TUN: 52 байт
2026-04-09 01:20:05,929 [DEBUG] TUN->SSH: 1280 байт
2026-04-09 01:20:05,930 [DEBUG] SSH->TUN: 52 байт
2026-04-09 01:20:05,930 [DEBUG] TUN->SSH: 1280 байт
2026-04-09 01:20:05,932 [DEBUG] TUN->SSH: 1280 байт
2026-04-09 01:20:05,932 [DEBUG] SSH->TUN: 52 байт
2026-04-09 01:20:05,933 [DEBUG] TUN->SSH: 1280 байт
2026-04-09 01:20:05,933 [DEBUG] TUN->SSH: 1280 байт
2026-04-09 01:20:05,934 [DEBUG] TUN->SSH: 1280 байт
2026-04-09 01:20:05,935 [DEBUG] TUN->SSH: 1280 байт
2026-04-09 01:20:05,935 [DEBUG] TUN->SSH: 1280 байт
2026-04-09 01:20:05,936 [DEBUG] TUN->SSH: 1280 байт
2026-04-09 01:20:05,937 [DEBUG] TUN->SSH: 1280 байт
2026-04-09 01:20:05,937 [DEBUG] TUN->SSH: 1280 байт
2026-04-09 01:20:05,938 [DEBUG] TUN->SSH: 1280 байт
2026-04-09 01:20:05,939 [DEBUG] TUN->SSH: 1280 байт
2026-04-09 01:20:05,939 [DEBUG] TUN->SSH: 1280 байт
2026-04-09 01:20:05,941 [DEBUG] TUN->SSH: 1280 байт
2026-04-09 01:20:05,941 [DEBUG] SSH->TUN: 52 байт
2026-04-09 01:20:05,942 [DEBUG] TUN->SSH: 1280 байт
2026-04-09 01:20:05,942 [DEBUG] TUN->SSH: 1280 байт
2026-04-09 01:20:05,943 [DEBUG] TUN->SSH: 1280 байт
2026-04-09 01:20:05,944 [DEBUG] TUN->SSH: 1280 байт
2026-04-09 01:20:05,944 [DEBUG] TUN->SSH: 1280 байт
2026-04-09 01:20:05,945 [DEBUG] TUN->SSH: 1280 байт
2026-04-09 01:20:05,946 [DEBUG] TUN->SSH: 1280 байт
2026-04-09 01:20:05,946 [DEBUG] TUN->SSH: 1280 байт
2026-04-09 01:20:05,947 [DEBUG] TUN->SSH: 1280 байт
2026-04-09 01:20:05,947 [DEBUG] TUN->SSH: 1280 байт
2026-04-09 01:20:05,948 [DEBUG] TUN->SSH: 1280 байт
2026-04-09 01:20:05,949 [DEBUG] TUN->SSH: 1280 байт
2026-04-09 01:20:05,949 [DEBUG] TUN->SSH: 1280 байт
2026-04-09 01:20:05,950 [DEBUG] TUN->SSH: 1280 байт
2026-04-09 01:20:05,951 [DEBUG] TUN->SSH: 1280 байт
2026-04-09 01:20:05,951 [DEBUG] TUN->SSH: 1280 байт
2026-04-09 01:20:05,952 [DEBUG] TUN->SSH: 1280 байт
2026-04-09 01:20:05,953 [DEBUG] TUN->SSH: 1280 байт
2026-04-09 01:20:05,955 [DEBUG] TUN->SSH: 1280 байт
2026-04-09 01:20:05,955 [DEBUG] SSH->TUN: 52 байт
2026-04-09 01:20:05,956 [DEBUG] TUN->SSH: 1280 байт
2026-04-09 01:20:05,956 [DEBUG] SSH->TUN: 52 байт
2026-04-09 01:20:05,957 [DEBUG] TUN->SSH: 1280 байт
2026-04-09 01:20:05,957 [DEBUG] SSH->TUN: 52 байт
2026-04-09 01:20:05,958 [DEBUG] TUN->SSH: 1280 байт
2026-04-09 01:20:05,959 [DEBUG] SSH->TUN: 52 байт
2026-04-09 01:20:05,959 [DEBUG] TUN->SSH: 1280 байт
2026-04-09 01:20:05,960 [DEBUG] SSH->TUN: 52 байт
2026-04-09 01:20:05,960 [DEBUG] TUN->SSH: 1280 байт
2026-04-09 01:20:05,961 [DEBUG] TUN->SSH: 1280 байт
2026-04-09 01:20:05,962 [DEBUG] SSH->TUN: 52 байт
2026-04-09 01:20:05,963 [DEBUG] TUN->SSH: 1280 байт
2026-04-09 01:20:05,963 [DEBUG] SSH->TUN: 52 байт
2026-04-09 01:20:05,964 [DEBUG] TUN->SSH: 1280 байт
2026-04-09 01:20:05,964 [DEBUG] SSH->TUN: 52 байт
2026-04-09 01:20:05,965 [DEBUG] TUN->SSH: 1280 байт
2026-04-09 01:20:05,966 [DEBUG] TUN->SSH: 1280 байт
2026-04-09 01:20:05,966 [DEBUG] TUN->SSH: 1280 байт
2026-04-09 01:20:05,968 [DEBUG] TUN->SSH: 1280 байт
2026-04-09 01:20:05,969 [DEBUG] SSH->TUN: 52 байт
2026-04-09 01:20:05,969 [DEBUG] TUN->SSH: 1280 байт
2026-04-09 01:20:05,970 [DEBUG] SSH->TUN: 52 байт
2026-04-09 01:20:05,971 [DEBUG] TUN->SSH: 1280 байт
2026-04-09 01:20:05,972 [DEBUG] SSH->TUN: 52 байт
2026-04-09 01:20:05,972 [DEBUG] TUN->SSH: 1280 байт
2026-04-09 01:20:05,973 [DEBUG] SSH->TUN: 52 байт
2026-04-09 01:20:05,974 [DEBUG] TUN->SSH: 1280 байт
2026-04-09 01:20:05,974 [DEBUG] SSH->TUN: 52 байт
2026-04-09 01:20:05,975 [DEBUG] TUN->SSH: 1280 байт
2026-04-09 01:20:05,975 [DEBUG] SSH->TUN: 52 байт
2026-04-09 01:20:05,976 [DEBUG] TUN->SSH: 1280 байт
2026-04-09 01:20:05,977 [DEBUG] SSH->TUN: 52 байт
2026-04-09 01:20:05,977 [DEBUG] TUN->SSH: 1280 байт
2026-04-09 01:20:05,978 [DEBUG] SSH->TUN: 52 байт
2026-04-09 01:20:05,978 [DEBUG] TUN->SSH: 1280 байт
2026-04-09 01:20:05,979 [DEBUG] SSH->TUN: 52 байт
2026-04-09 01:20:05,979 [DEBUG] TUN->SSH: 1280 байт
2026-04-09 01:20:05,980 [DEBUG] TUN->SSH: 1280 байт
2026-04-09 01:20:05,981 [DEBUG] TUN->SSH: 1280 байт
2026-04-09 01:20:05,981 [DEBUG] TUN->SSH: 1280 байт
2026-04-09 01:20:05,982 [DEBUG] TUN->SSH: 1280 байт
2026-04-09 01:20:05,984 [DEBUG] TUN->SSH: 1280 байт
2026-04-09 01:20:05,984 [DEBUG] SSH->TUN: 52 байт
2026-04-09 01:20:05,985 [DEBUG] TUN->SSH: 1280 байт
2026-04-09 01:20:05,986 [DEBUG] SSH->TUN: 52 байт
2026-04-09 01:20:05,986 [DEBUG] TUN->SSH: 1280 байт
2026-04-09 01:20:05,987 [DEBUG] SSH->TUN: 52 байт
2026-04-09 01:20:05,988 [DEBUG] TUN->SSH: 1280 байт
2026-04-09 01:20:05,988 [DEBUG] SSH->TUN: 52 байт
2026-04-09 01:20:05,989 [DEBUG] TUN->SSH: 1280 байт
2026-04-09 01:20:05,989 [DEBUG] SSH->TUN: 52 байт
2026-04-09 01:20:05,990 [DEBUG] TUN->SSH: 1280 байт
2026-04-09 01:20:05,990 [DEBUG] SSH->TUN: 52 байт
2026-04-09 01:20:05,991 [DEBUG] TUN->SSH: 1280 байт
2026-04-09 01:20:05,991 [DEBUG] TUN->SSH: 1280 байт
2026-04-09 01:20:05,992 [DEBUG] TUN->SSH: 1280 байт
2026-04-09 01:20:05,993 [DEBUG] TUN->SSH: 1280 байт
2026-04-09 01:20:05,994 [DEBUG] TUN->SSH: 1280 байт
2026-04-09 01:20:05,994 [DEBUG] TUN->SSH: 1280 байт
2026-04-09 01:20:05,995 [DEBUG] TUN->SSH: 1280 байт
2026-04-09 01:20:05,996 [DEBUG] TUN->SSH: 1280 байт
2026-04-09 01:20:05,996 [DEBUG] TUN->SSH: 1280 байт
2026-04-09 01:20:05,997 [DEBUG] TUN->SSH: 1280 байт
2026-04-09 01:20:05,998 [DEBUG] TUN->SSH: 1280 байт
2026-04-09 01:20:05,998 [DEBUG] TUN->SSH: 1280 байт
2026-04-09 01:20:05,999 [DEBUG] TUN->SSH: 1280 байт
2026-04-09 01:20:06,000 [DEBUG] TUN->SSH: 1280 байт
2026-04-09 01:20:06,000 [DEBUG] TUN->SSH: 1280 байт
2026-04-09 01:20:06,001 [DEBUG] TUN->SSH: 1280 байт
2026-04-09 01:20:06,002 [DEBUG] TUN->SSH: 1280 байт
2026-04-09 01:20:06,002 [DEBUG] TUN->SSH: 1280 байт
2026-04-09 01:20:06,003 [DEBUG] TUN->SSH: 1280 байт
2026-04-09 01:20:06,006 [DEBUG] TUN->SSH: 1280 байт
2026-04-09 01:20:06,007 [DEBUG] SSH->TUN: 52 байт
2026-04-09 01:20:06,007 [DEBUG] TUN->SSH: 1280 байт
2026-04-09 01:20:06,008 [DEBUG] SSH->TUN: 52 байт
2026-04-09 01:20:06,009 [DEBUG] TUN->SSH: 1280 байт
2026-04-09 01:20:06,009 [DEBUG] SSH->TUN: 52 байт
2026-04-09 01:20:06,010 [DEBUG] TUN->SSH: 1280 байт
2026-04-09 01:20:06,010 [DEBUG] SSH->TUN: 52 байт
2026-04-09 01:20:06,011 [DEBUG] TUN->SSH: 1280 байт
2026-04-09 01:20:06,011 [DEBUG] SSH->TUN: 52 байт
2026-04-09 01:20:06,012 [DEBUG] TUN->SSH: 1280 байт
2026-04-09 01:20:06,012 [DEBUG] SSH->TUN: 52 байт
2026-04-09 01:20:06,013 [DEBUG] TUN->SSH: 1280 байт
2026-04-09 01:20:06,013 [DEBUG] SSH->TUN: 52 байт
2026-04-09 01:20:06,014 [DEBUG] TUN->SSH: 1280 байт
2026-04-09 01:20:06,014 [DEBUG] SSH->TUN: 52 байт
2026-04-09 01:20:06,015 [DEBUG] TUN->SSH: 1280 байт
2026-04-09 01:20:06,015 [DEBUG] SSH->TUN: 52 байт
2026-04-09 01:20:06,016 [DEBUG] TUN->SSH: 1280 байт
2026-04-09 01:20:06,016 [DEBUG] SSH->TUN: 52 байт
2026-04-09 01:20:06,018 [DEBUG] TUN->SSH: 1280 байт
2026-04-09 01:20:06,018 [DEBUG] SSH->TUN: 52 байт
2026-04-09 01:20:06,019 [DEBUG] TUN->SSH: 1280 байт
2026-04-09 01:20:06,020 [DEBUG] SSH->TUN: 52 байт
2026-04-09 01:20:06,020 [DEBUG] TUN->SSH: 1280 байт
2026-04-09 01:20:06,021 [DEBUG] SSH->TUN: 52 байт
2026-04-09 01:20:06,022 [DEBUG] TUN->SSH: 1280 байт
2026-04-09 01:20:06,022 [DEBUG] SSH->TUN: 52 байт
2026-04-09 01:20:06,023 [DEBUG] TUN->SSH: 1280 байт
2026-04-09 01:20:06,023 [DEBUG] SSH->TUN: 52 байт
2026-04-09 01:20:06,024 [DEBUG] TUN->SSH: 1280 байт
2026-04-09 01:20:06,024 [DEBUG] SSH->TUN: 52 байт
2026-04-09 01:20:06,025 [DEBUG] TUN->SSH: 1280 байт
2026-04-09 01:20:06,025 [DEBUG] SSH->TUN: 52 байт
2026-04-09 01:20:06,026 [DEBUG] TUN->SSH: 1280 байт
2026-04-09 01:20:06,026 [DEBUG] SSH->TUN: 52 байт
2026-04-09 01:20:06,027 [DEBUG] TUN->SSH: 1280 байт
2026-04-09 01:20:06,028 [DEBUG] SSH->TUN: 52 байт
2026-04-09 01:20:06,029 [DEBUG] TUN->SSH: 1280 байт
2026-04-09 01:20:06,029 [DEBUG] SSH->TUN: 52 байт
2026-04-09 01:20:06,030 [DEBUG] TUN->SSH: 1280 байт
2026-04-09 01:20:06,030 [DEBUG] SSH->TUN: 52 байт
2026-04-09 01:20:06,031 [DEBUG] TUN->SSH: 1280 байт
2026-04-09 01:20:06,031 [DEBUG] SSH->TUN: 52 байт
2026-04-09 01:20:06,032 [DEBUG] TUN->SSH: 1280 байт
2026-04-09 01:20:06,032 [DEBUG] SSH->TUN: 52 байт
2026-04-09 01:20:06,033 [DEBUG] TUN->SSH: 1280 байт
2026-04-09 01:20:06,033 [DEBUG] TUN->SSH: 1280 байт
2026-04-09 01:20:06,034 [DEBUG] TUN->SSH: 1280 байт
2026-04-09 01:20:06,035 [DEBUG] TUN->SSH: 1280 байт
2026-04-09 01:20:06,036 [DEBUG] TUN->SSH: 1280 байт
2026-04-09 01:20:06,036 [DEBUG] TUN->SSH: 1280 байт
2026-04-09 01:20:06,037 [DEBUG] TUN->SSH: 1280 байт
2026-04-09 01:20:06,038 [DEBUG] TUN->SSH: 1280 байт
2026-04-09 01:20:06,038 [DEBUG] TUN->SSH: 1280 байт
2026-04-09 01:20:06,039 [DEBUG] TUN->SSH: 1280 байт
2026-04-09 01:20:06,039 [DEBUG] TUN->SSH: 1280 байт
2026-04-09 01:20:06,040 [DEBUG] TUN->SSH: 1280 байт
2026-04-09 01:20:06,041 [DEBUG] TUN->SSH: 1280 байт
2026-04-09 01:20:06,042 [DEBUG] TUN->SSH: 1280 байт
2026-04-09 01:20:06,042 [DEBUG] TUN->SSH: 1280 байт
2026-04-09 01:20:06,043 [DEBUG] TUN->SSH: 1280 байт
2026-04-09 01:20:06,044 [DEBUG] TUN->SSH: 1280 байт
2026-04-09 01:20:06,044 [DEBUG] TUN->SSH: 1280 байт
2026-04-09 01:20:06,045 [DEBUG] TUN->SSH: 1280 байт
2026-04-09 01:20:06,046 [DEBUG] TUN->SSH: 1280 байт
2026-04-09 01:20:06,046 [DEBUG] TUN->SSH: 1280 байт
2026-04-09 01:20:06,047 [DEBUG] TUN->SSH: 1280 байт
2026-04-09 01:20:06,048 [DEBUG] TUN->SSH: 1280 байт
2026-04-09 01:20:06,048 [DEBUG] TUN->SSH: 1280 байт
2026-04-09 01:20:06,049 [DEBUG] TUN->SSH: 1280 байт
2026-04-09 01:20:06,050 [DEBUG] TUN->SSH: 1280 байт
2026-04-09 01:20:06,051 [DEBUG] TUN->SSH: 1280 байт
2026-04-09 01:20:06,052 [DEBUG] TUN->SSH: 1280 байт
2026-04-09 01:20:06,052 [DEBUG] TUN->SSH: 1280 байт
2026-04-09 01:20:06,053 [DEBUG] TUN->SSH: 1280 байт
2026-04-09 01:20:06,054 [DEBUG] TUN->SSH: 1280 байт
2026-04-09 01:20:06,058 [DEBUG] TUN->SSH: 1280 байт
2026-04-09 01:20:06,059 [DEBUG] SSH->TUN: 52 байт
2026-04-09 01:20:06,059 [DEBUG] TUN->SSH: 1280 байт
2026-04-09 01:20:06,060 [DEBUG] SSH->TUN: 52 байт
2026-04-09 01:20:06,060 [DEBUG] TUN->SSH: 1280 байт
2026-04-09 01:20:06,061 [DEBUG] SSH->TUN: 52 байт
2026-04-09 01:20:06,061 [DEBUG] TUN->SSH: 1280 байт
2026-04-09 01:20:06,062 [DEBUG] SSH->TUN: 52 байт
2026-04-09 01:20:06,062 [DEBUG] TUN->SSH: 1280 байт
2026-04-09 01:20:06,063 [DEBUG] SSH->TUN: 52 байт
2026-04-09 01:20:06,063 [DEBUG] TUN->SSH: 1280 байт
2026-04-09 01:20:06,064 [DEBUG] SSH->TUN: 52 байт
2026-04-09 01:20:06,065 [DEBUG] TUN->SSH: 1280 байт
2026-04-09 01:20:06,066 [DEBUG] SSH->TUN: 52 байт
2026-04-09 01:20:06,066 [DEBUG] TUN->SSH: 1280 байт
2026-04-09 01:20:06,067 [DEBUG] SSH->TUN: 52 байт
2026-04-09 01:20:06,067 [DEBUG] TUN->SSH: 1280 байт
2026-04-09 01:20:06,068 [DEBUG] SSH->TUN: 52 байт
2026-04-09 01:20:06,068 [DEBUG] TUN->SSH: 1280 байт
2026-04-09 01:20:06,069 [DEBUG] SSH->TUN: 52 байт
2026-04-09 01:20:06,069 [DEBUG] TUN->SSH: 1280 байт
2026-04-09 01:20:06,070 [DEBUG] SSH->TUN: 52 байт
2026-04-09 01:20:06,071 [DEBUG] TUN->SSH: 1280 байт
2026-04-09 01:20:06,071 [DEBUG] SSH->TUN: 52 байт
2026-04-09 01:20:06,072 [DEBUG] TUN->SSH: 1280 байт
2026-04-09 01:20:06,072 [DEBUG] SSH->TUN: 52 байт
2026-04-09 01:20:06,073 [DEBUG] TUN->SSH: 1280 байт
2026-04-09 01:20:06,074 [DEBUG] SSH->TUN: 52 байт
2026-04-09 01:20:06,074 [DEBUG] TUN->SSH: 1280 байт
2026-04-09 01:20:06,075 [DEBUG] SSH->TUN: 52 байт
2026-04-09 01:20:06,076 [DEBUG] TUN->SSH: 1280 байт
2026-04-09 01:20:06,077 [DEBUG] SSH->TUN: 52 байт
2026-04-09 01:20:06,078 [DEBUG] TUN->SSH: 1280 байт
2026-04-09 01:20:06,078 [DEBUG] SSH->TUN: 52 байт
2026-04-09 01:20:06,079 [DEBUG] TUN->SSH: 1280 байт
2026-04-09 01:20:06,081 [DEBUG] SSH->TUN: 52 байт
2026-04-09 01:20:06,082 [DEBUG] TUN->SSH: 1280 байт
2026-04-09 01:20:06,082 [DEBUG] SSH->TUN: 52 байт
2026-04-09 01:20:06,083 [DEBUG] TUN->SSH: 1280 байт
2026-04-09 01:20:06,083 [DEBUG] SSH->TUN: 52 байт
2026-04-09 01:20:06,084 [DEBUG] TUN->SSH: 1280 байт
2026-04-09 01:20:06,085 [DEBUG] SSH->TUN: 52 байт
2026-04-09 01:20:06,085 [DEBUG] TUN->SSH: 1280 байт
2026-04-09 01:20:06,086 [DEBUG] SSH->TUN: 52 байт
2026-04-09 01:20:06,086 [DEBUG] TUN->SSH: 1280 байт
2026-04-09 01:20:06,087 [DEBUG] SSH->TUN: 52 байт
2026-04-09 01:20:06,088 [DEBUG] TUN->SSH: 1280 байт
2026-04-09 01:20:06,088 [DEBUG] SSH->TUN: 52 байт
2026-04-09 01:20:06,089 [DEBUG] TUN->SSH: 1280 байт
2026-04-09 01:20:06,089 [DEBUG] SSH->TUN: 52 байт
2026-04-09 01:20:06,090 [DEBUG] TUN->SSH: 1280 байт
2026-04-09 01:20:06,090 [DEBUG] SSH->TUN: 52 байт
2026-04-09 01:20:06,091 [DEBUG] TUN->SSH: 1280 байт
2026-04-09 01:20:06,091 [DEBUG] TUN->SSH: 1280 байт
2026-04-09 01:20:06,092 [DEBUG] TUN->SSH: 1280 байт
2026-04-09 01:20:06,093 [DEBUG] TUN->SSH: 1280 байт
2026-04-09 01:20:06,094 [DEBUG] TUN->SSH: 1280 байт
2026-04-09 01:20:06,094 [DEBUG] TUN->SSH: 1280 байт
2026-04-09 01:20:06,095 [DEBUG] TUN->SSH: 1280 байт
2026-04-09 01:20:06,097 [DEBUG] TUN->SSH: 1280 байт
2026-04-09 01:20:06,098 [DEBUG] SSH->TUN: 52 байт
2026-04-09 01:20:06,098 [DEBUG] TUN->SSH: 1280 байт
2026-04-09 01:20:06,099 [DEBUG] SSH->TUN: 52 байт
2026-04-09 01:20:06,099 [DEBUG] TUN->SSH: 1280 байт
2026-04-09 01:20:06,100 [DEBUG] SSH->TUN: 52 байт
2026-04-09 01:20:06,100 [DEBUG] TUN->SSH: 1280 байт
2026-04-09 01:20:06,101 [DEBUG] SSH->TUN: 52 байт
2026-04-09 01:20:06,102 [DEBUG] TUN->SSH: 1280 байт
2026-04-09 01:20:06,102 [DEBUG] TUN->SSH: 1280 байт
2026-04-09 01:20:06,103 [DEBUG] TUN->SSH: 1280 байт
2026-04-09 01:20:06,104 [DEBUG] TUN->SSH: 1280 байт
2026-04-09 01:20:06,105 [DEBUG] SSH->TUN: 52 байт
2026-04-09 01:20:06,105 [DEBUG] TUN->SSH: 1280 байт
2026-04-09 01:20:06,106 [DEBUG] TUN->SSH: 1280 байт
2026-04-09 01:20:06,107 [DEBUG] TUN->SSH: 1280 байт
2026-04-09 01:20:06,110 [DEBUG] TUN->SSH: 1280 байт
2026-04-09 01:20:06,110 [DEBUG] SSH->TUN: 52 байт
2026-04-09 01:20:06,111 [DEBUG] TUN->SSH: 1280 байт
2026-04-09 01:20:06,111 [DEBUG] SSH->TUN: 52 байт
2026-04-09 01:20:06,112 [DEBUG] TUN->SSH: 1280 байт
2026-04-09 01:20:06,112 [DEBUG] SSH->TUN: 52 байт
2026-04-09 01:20:06,113 [DEBUG] TUN->SSH: 1280 байт
2026-04-09 01:20:06,113 [DEBUG] SSH->TUN: 52 байт
2026-04-09 01:20:06,114 [DEBUG] TUN->SSH: 1280 байт
2026-04-09 01:20:06,114 [DEBUG] SSH->TUN: 52 байт
2026-04-09 01:20:06,115 [DEBUG] TUN->SSH: 1280 байт
2026-04-09 01:20:06,115 [DEBUG] SSH->TUN: 52 байт
2026-04-09 01:20:06,116 [DEBUG] TUN->SSH: 1280 байт
2026-04-09 01:20:06,118 [DEBUG] SSH->TUN: 52 байт
2026-04-09 01:20:06,118 [DEBUG] TUN->SSH: 1280 байт
2026-04-09 01:20:06,119 [DEBUG] SSH->TUN: 52 байт
2026-04-09 01:20:06,119 [DEBUG] TUN->SSH: 1280 байт
2026-04-09 01:20:06,120 [DEBUG] SSH->TUN: 52 байт
2026-04-09 01:20:06,120 [DEBUG] TUN->SSH: 1280 байт
2026-04-09 01:20:06,121 [DEBUG] SSH->TUN: 52 байт
2026-04-09 01:20:06,121 [DEBUG] TUN->SSH: 1280 байт
2026-04-09 01:20:06,122 [DEBUG] SSH->TUN: 52 байт
2026-04-09 01:20:06,122 [DEBUG] TUN->SSH: 1280 байт
2026-04-09 01:20:06,123 [DEBUG] SSH->TUN: 52 байт
2026-04-09 01:20:06,123 [DEBUG] TUN->SSH: 1280 байт
2026-04-09 01:20:06,124 [DEBUG] SSH->TUN: 52 байт
2026-04-09 01:20:06,124 [DEBUG] TUN->SSH: 1280 байт
2026-04-09 01:20:06,124 [DEBUG] SSH->TUN: 52 байт
2026-04-09 01:20:06,125 [DEBUG] TUN->SSH: 1280 байт
2026-04-09 01:20:06,126 [DEBUG] TUN->SSH: 1280 байт
2026-04-09 01:20:06,126 [DEBUG] TUN->SSH: 1280 байт
2026-04-09 01:20:06,127 [DEBUG] TUN->SSH: 1280 байт
2026-04-09 01:20:06,128 [DEBUG] TUN->SSH: 1280 байт
2026-04-09 01:20:06,128 [DEBUG] TUN->SSH: 1280 байт
2026-04-09 01:20:06,129 [DEBUG] TUN->SSH: 1280 байт
2026-04-09 01:20:06,130 [DEBUG] TUN->SSH: 1280 байт
2026-04-09 01:20:06,132 [DEBUG] TUN->SSH: 1280 байт
2026-04-09 01:20:06,132 [DEBUG] SSH->TUN: 52 байт
2026-04-09 01:20:06,132 [DEBUG] TUN->SSH: 1280 байт
2026-04-09 01:20:06,133 [DEBUG] SSH->TUN: 52 байт
2026-04-09 01:20:06,134 [DEBUG] TUN->SSH: 1280 байт
2026-04-09 01:20:06,134 [DEBUG] SSH->TUN: 52 байт
2026-04-09 01:20:06,135 [DEBUG] TUN->SSH: 1280 байт
2026-04-09 01:20:06,136 [DEBUG] SSH->TUN: 52 байт
2026-04-09 01:20:06,136 [DEBUG] TUN->SSH: 1280 байт
2026-04-09 01:20:06,136 [DEBUG] SSH->TUN: 52 байт
2026-04-09 01:20:06,137 [DEBUG] TUN->SSH: 1280 байт
2026-04-09 01:20:06,137 [DEBUG] SSH->TUN: 52 байт
2026-04-09 01:20:06,138 [DEBUG] TUN->SSH: 1280 байт
2026-04-09 01:20:06,139 [DEBUG] TUN->SSH: 1280 байт
2026-04-09 01:20:06,139 [DEBUG] TUN->SSH: 1280 байт
2026-04-09 01:20:06,140 [DEBUG] TUN->SSH: 1280 байт
2026-04-09 01:20:06,141 [DEBUG] TUN->SSH: 1280 байт
2026-04-09 01:20:06,142 [DEBUG] TUN->SSH: 1280 байт
2026-04-09 01:20:06,142 [DEBUG] TUN->SSH: 1280 байт
2026-04-09 01:20:06,143 [DEBUG] TUN->SSH: 1280 байт
2026-04-09 01:20:06,144 [DEBUG] TUN->SSH: 1280 байт
2026-04-09 01:20:06,145 [DEBUG] TUN->SSH: 1280 байт
2026-04-09 01:20:06,147 [DEBUG] TUN->SSH: 1280 байт
2026-04-09 01:20:06,147 [DEBUG] SSH->TUN: 52 байт
2026-04-09 01:20:06,148 [DEBUG] TUN->SSH: 1280 байт
2026-04-09 01:20:06,148 [DEBUG] SSH->TUN: 52 байт
2026-04-09 01:20:06,149 [DEBUG] TUN->SSH: 1280 байт
2026-04-09 01:20:06,149 [DEBUG] SSH->TUN: 52 байт
2026-04-09 01:20:06,150 [DEBUG] TUN->SSH: 1280 байт
2026-04-09 01:20:06,150 [DEBUG] SSH->TUN: 52 байт
2026-04-09 01:20:06,151 [DEBUG] TUN->SSH: 1280 байт
2026-04-09 01:20:06,151 [DEBUG] SSH->TUN: 52 байт
2026-04-09 01:20:06,152 [DEBUG] TUN->SSH: 1280 байт
2026-04-09 01:20:06,155 [DEBUG] SSH->TUN: 52 байт
2026-04-09 01:20:06,155 [DEBUG] TUN->SSH: 1280 байт
2026-04-09 01:20:06,156 [DEBUG] TUN->SSH: 1280 байт
2026-04-09 01:20:06,156 [DEBUG] TUN->SSH: 1280 байт
2026-04-09 01:20:06,157 [DEBUG] TUN->SSH: 1280 байт
2026-04-09 01:20:06,158 [DEBUG] TUN->SSH: 1280 байт
2026-04-09 01:20:06,159 [DEBUG] TUN->SSH: 1280 байт
2026-04-09 01:20:06,159 [DEBUG] TUN->SSH: 1280 байт
2026-04-09 01:20:06,160 [DEBUG] TUN->SSH: 1280 байт
2026-04-09 01:20:06,161 [DEBUG] TUN->SSH: 1280 байт
2026-04-09 01:20:06,161 [DEBUG] TUN->SSH: 1280 байт
2026-04-09 01:20:06,162 [DEBUG] TUN->SSH: 1280 байт
2026-04-09 01:20:06,163 [DEBUG] TUN->SSH: 1280 байт
2026-04-09 01:20:06,163 [DEBUG] TUN->SSH: 1280 байт
2026-04-09 01:20:06,164 [DEBUG] TUN->SSH: 1280 байт
2026-04-09 01:20:06,165 [DEBUG] TUN->SSH: 1280 байт
2026-04-09 01:20:06,165 [DEBUG] TUN->SSH: 1280 байт
2026-04-09 01:20:06,166 [DEBUG] TUN->SSH: 1280 байт
2026-04-09 01:20:06,167 [DEBUG] TUN->SSH: 1280 байт
2026-04-09 01:20:06,167 [DEBUG] TUN->SSH: 1280 байт
2026-04-09 01:20:06,170 [DEBUG] TUN->SSH: 1280 байт
2026-04-09 01:20:06,170 [DEBUG] SSH->TUN: 52 байт
2026-04-09 01:20:06,170 [DEBUG] TUN->SSH: 1280 байт
2026-04-09 01:20:06,172 [DEBUG] SSH->TUN: 52 байт
2026-04-09 01:20:06,173 [DEBUG] TUN->SSH: 1280 байт
2026-04-09 01:20:06,173 [DEBUG] SSH->TUN: 52 байт
2026-04-09 01:20:06,174 [DEBUG] TUN->SSH: 1280 байт
2026-04-09 01:20:06,175 [DEBUG] SSH->TUN: 52 байт
2026-04-09 01:20:06,175 [DEBUG] TUN->SSH: 1280 байт
2026-04-09 01:20:06,176 [DEBUG] SSH->TUN: 52 байт
2026-04-09 01:20:06,177 [DEBUG] TUN->SSH: 1280 байт
2026-04-09 01:20:06,178 [DEBUG] SSH->TUN: 52 байт
2026-04-09 01:20:06,178 [DEBUG] TUN->SSH: 1280 байт
2026-04-09 01:20:06,179 [DEBUG] SSH->TUN: 52 байт
2026-04-09 01:20:06,179 [DEBUG] TUN->SSH: 1280 байт
2026-04-09 01:20:06,180 [DEBUG] SSH->TUN: 52 байт
2026-04-09 01:20:06,180 [DEBUG] TUN->SSH: 1280 байт
2026-04-09 01:20:06,181 [DEBUG] SSH->TUN: 52 байт
2026-04-09 01:20:06,181 [DEBUG] TUN->SSH: 1280 байт
2026-04-09 01:20:06,182 [DEBUG] SSH->TUN: 52 байт
2026-04-09 01:20:06,183 [DEBUG] TUN->SSH: 1280 байт
2026-04-09 01:20:06,184 [DEBUG] SSH->TUN: 52 байт
2026-04-09 01:20:06,184 [DEBUG] TUN->SSH: 1280 байт
2026-04-09 01:20:06,185 [DEBUG] SSH->TUN: 52 байт
2026-04-09 01:20:06,186 [DEBUG] TUN->SSH: 1280 байт
2026-04-09 01:20:06,186 [DEBUG] SSH->TUN: 52 байт
2026-04-09 01:20:06,187 [DEBUG] TUN->SSH: 1280 байт
2026-04-09 01:20:06,188 [DEBUG] SSH->TUN: 52 байт
2026-04-09 01:20:06,188 [DEBUG] TUN->SSH: 1280 байт
2026-04-09 01:20:06,189 [DEBUG] SSH->TUN: 52 байт
2026-04-09 01:20:06,189 [DEBUG] TUN->SSH: 1280 байт
2026-04-09 01:20:06,190 [DEBUG] SSH->TUN: 52 байт
2026-04-09 01:20:06,190 [DEBUG] TUN->SSH: 1280 байт
2026-04-09 01:20:06,191 [DEBUG] SSH->TUN: 52 байт
2026-04-09 01:20:06,191 [DEBUG] TUN->SSH: 1280 байт
2026-04-09 01:20:06,192 [DEBUG] SSH->TUN: 52 байт
2026-04-09 01:20:06,192 [DEBUG] TUN->SSH: 1280 байт
2026-04-09 01:20:06,193 [DEBUG] SSH->TUN: 52 байт
2026-04-09 01:20:06,193 [DEBUG] TUN->SSH: 1280 байт
2026-04-09 01:20:06,194 [DEBUG] SSH->TUN: 52 байт
2026-04-09 01:20:06,194 [DEBUG] TUN->SSH: 1280 байт
2026-04-09 01:20:06,195 [DEBUG] TUN->SSH: 1280 байт
2026-04-09 01:20:06,196 [DEBUG] TUN->SSH: 1280 байт
2026-04-09 01:20:06,196 [DEBUG] TUN->SSH: 1280 байт
2026-04-09 01:20:06,197 [DEBUG] TUN->SSH: 1280 байт
2026-04-09 01:20:06,198 [DEBUG] TUN->SSH: 1280 байт
2026-04-09 01:20:06,200 [DEBUG] TUN->SSH: 1280 байт
2026-04-09 01:20:06,200 [DEBUG] SSH->TUN: 52 байт
2026-04-09 01:20:06,200 [DEBUG] TUN->SSH: 1280 байт
2026-04-09 01:20:06,201 [DEBUG] SSH->TUN: 52 байт
2026-04-09 01:20:06,201 [DEBUG] TUN->SSH: 1280 байт
2026-04-09 01:20:06,202 [DEBUG] SSH->TUN: 52 байт
2026-04-09 01:20:06,202 [DEBUG] TUN->SSH: 1280 байт
2026-04-09 01:20:06,203 [DEBUG] SSH->TUN: 52 байт
2026-04-09 01:20:06,203 [DEBUG] TUN->SSH: 1280 байт
2026-04-09 01:20:06,204 [DEBUG] TUN->SSH: 1280 байт
2026-04-09 01:20:06,205 [DEBUG] TUN->SSH: 1280 байт
2026-04-09 01:20:06,206 [DEBUG] TUN->SSH: 1280 байт
2026-04-09 01:20:06,206 [DEBUG] SSH->TUN: 52 байт
2026-04-09 01:20:06,207 [DEBUG] TUN->SSH: 1280 байт
2026-04-09 01:20:06,207 [DEBUG] SSH->TUN: 52 байт
2026-04-09 01:20:06,209 [DEBUG] TUN->SSH: 1280 байт
2026-04-09 01:20:06,210 [DEBUG] SSH->TUN: 52 байт
2026-04-09 01:20:06,210 [DEBUG] TUN->SSH: 1280 байт
2026-04-09 01:20:06,211 [DEBUG] SSH->TUN: 52 байт
2026-04-09 01:20:06,212 [DEBUG] TUN->SSH: 1280 байт
2026-04-09 01:20:06,212 [DEBUG] SSH->TUN: 52 байт
2026-04-09 01:20:06,213 [DEBUG] TUN->SSH: 1280 байт
2026-04-09 01:20:06,213 [DEBUG] SSH->TUN: 52 байт
2026-04-09 01:20:06,214 [DEBUG] TUN->SSH: 1280 байт
2026-04-09 01:20:06,214 [DEBUG] SSH->TUN: 52 байт
2026-04-09 01:20:06,215 [DEBUG] TUN->SSH: 1280 байт
2026-04-09 01:20:06,215 [DEBUG] SSH->TUN: 52 байт
2026-04-09 01:20:06,216 [DEBUG] TUN->SSH: 1280 байт
2026-04-09 01:20:06,216 [DEBUG] SSH->TUN: 52 байт
2026-04-09 01:20:06,217 [DEBUG] TUN->SSH: 1280 байт
2026-04-09 01:20:06,217 [DEBUG] TUN->SSH: 1280 байт
2026-04-09 01:20:06,220 [DEBUG] TUN->SSH: 1280 байт
2026-04-09 01:20:06,220 [DEBUG] SSH->TUN: 52 байт
2026-04-09 01:20:06,221 [DEBUG] TUN->SSH: 1280 байт
2026-04-09 01:20:06,222 [DEBUG] SSH->TUN: 52 байт
2026-04-09 01:20:06,224 [DEBUG] TUN->SSH: 1280 байт
2026-04-09 01:20:06,224 [DEBUG] SSH->TUN: 52 байт
2026-04-09 01:20:06,225 [DEBUG] TUN->SSH: 1008 байт
2026-04-09 01:20:06,225 [DEBUG] SSH->TUN: 52 байт
2026-04-09 01:20:06,226 [DEBUG] TUN->SSH: 88 байт
2026-04-09 01:20:06,226 [DEBUG] SSH->TUN: 52 байт
2026-04-09 01:20:06,227 [DEBUG] TUN->SSH: 88 байт
2026-04-09 01:20:06,229 [DEBUG] TUN->SSH: 88 байт
2026-04-09 01:20:06,229 [DEBUG] SSH->TUN: 52 байт
2026-04-09 01:20:06,230 [DEBUG] TUN->SSH: 88 байт
2026-04-09 01:20:06,231 [DEBUG] TUN->SSH: 88 байт
2026-04-09 01:20:06,232 [DEBUG] TUN->SSH: 57 байт
2026-04-09 01:20:06,233 [DEBUG] TUN->SSH: 88 байт
2026-04-09 01:20:06,234 [DEBUG] TUN->SSH: 119 байт
2026-04-09 01:20:06,235 [DEBUG] SSH->TUN: 52 байт
2026-04-09 01:20:06,235 [DEBUG] SSH->TUN: 52 байт
2026-04-09 01:20:06,236 [DEBUG] SSH->TUN: 52 байт
2026-04-09 01:20:06,238 [DEBUG] SSH->TUN: 52 байт
2026-04-09 01:20:06,239 [DEBUG] SSH->TUN: 52 байт
2026-04-09 01:20:06,240 [DEBUG] SSH->TUN: 52 байт
2026-04-09 01:20:06,249 [DEBUG] SSH->TUN: 52 байт
2026-04-09 01:20:06,249 [DEBUG] SSH->TUN: 52 байт
2026-04-09 01:20:06,249 [DEBUG] SSH->TUN: 52 байт
2026-04-09 01:20:06,261 [DEBUG] SSH->TUN: 52 байт
2026-04-09 01:20:06,262 [DEBUG] SSH->TUN: 52 байт
2026-04-09 01:20:06,262 [DEBUG] SSH->TUN: 52 байт
2026-04-09 01:20:06,263 [DEBUG] SSH->TUN: 52 байт
2026-04-09 01:20:06,263 [DEBUG] SSH->TUN: 52 байт
2026-04-09 01:20:06,264 [DEBUG] SSH->TUN: 52 байт
2026-04-09 01:20:06,267 [DEBUG] SSH->TUN: 52 байт
2026-04-09 01:20:06,268 [DEBUG] SSH->TUN: 52 байт
2026-04-09 01:20:06,269 [DEBUG] SSH->TUN: 52 байт
2026-04-09 01:20:06,270 [DEBUG] SSH->TUN: 52 байт
2026-04-09 01:20:06,274 [DEBUG] SSH->TUN: 52 байт
2026-04-09 01:20:06,283 [DEBUG] SSH->TUN: 52 байт
2026-04-09 01:20:06,286 [DEBUG] SSH->TUN: 52 байт
2026-04-09 01:20:06,292 [DEBUG] SSH->TUN: 52 байт
2026-04-09 01:20:06,292 [DEBUG] SSH->TUN: 141 байт
2026-04-09 01:20:06,293 [DEBUG] TUN->SSH: 52 байт
2026-04-09 01:20:06,419 [DEBUG] SSH->TUN: 52 байт
2026-04-09 01:20:06,428 [DEBUG] SSH->TUN: 52 байт
2026-04-09 01:20:07,207 [DEBUG] SSH->TUN: 672 байт
2026-04-09 01:20:07,207 [DEBUG] TUN->SSH: 52 байт
2026-04-09 01:20:07,328 [DEBUG] TUN->SSH: 269 байт
2026-04-09 01:20:07,436 [DEBUG] SSH->TUN: 52 байт
2026-04-09 01:20:08,423 [DEBUG] TUN->SSH: 52 байт
2026-04-09 01:20:08,475 [DEBUG] SSH->TUN: 52 байт
2026-04-09 01:20:08,476 [DEBUG] TUN->SSH: 52 байт
2026-04-09 01:20:08,611 [DEBUG] TUN->SSH: 52 байт
2026-04-09 01:20:08,611 [DEBUG] TUN->SSH: 82 байт
2026-04-09 01:20:08,832 [DEBUG] TUN->SSH: 82 байт
2026-04-09 01:20:08,884 [DEBUG] TUN->SSH: 64 байт
2026-04-09 01:20:09,047 [DEBUG] TUN->SSH: 82 байт
2026-04-09 01:20:09,085 [DEBUG] TUN->SSH: 64 байт
2026-04-09 01:20:09,447 [DEBUG] TUN->SSH: 718 байт
2026-04-09 01:20:09,480 [DEBUG] TUN->SSH: 82 байт
2026-04-09 01:20:09,536 [DEBUG] TUN->SSH: 64 байт
2026-04-09 01:20:10,343 [DEBUG] TUN->SSH: 82 байт
2026-04-09 01:20:10,356 [DEBUG] SSH->TUN: 461 байт
2026-04-09 01:20:10,357 [DEBUG] TUN->SSH: 445 байт
2026-04-09 01:20:10,357 [DEBUG] TUN->SSH: 40 байт
2026-04-09 01:20:10,420 [DEBUG] SSH->TUN: 52 байт
2026-04-09 01:20:10,420 [DEBUG] TUN->SSH: 40 байт
2026-04-09 01:20:10,488 [DEBUG] TUN->SSH: 64 байт
2026-04-09 01:20:11,084 [DEBUG] SSH->TUN: 1280 байт
2026-04-09 01:20:11,084 [DEBUG] SSH->TUN: 1280 байт
2026-04-09 01:20:11,084 [DEBUG] TUN->SSH: 52 байт
2026-04-09 01:20:11,089 [DEBUG] SSH->TUN: 1280 байт
2026-04-09 01:20:11,090 [DEBUG] SSH->TUN: 1280 байт
2026-04-09 01:20:11,090 [DEBUG] TUN->SSH: 52 байт
2026-04-09 01:20:11,090 [DEBUG] SSH->TUN: 1280 байт
2026-04-09 01:20:11,127 [DEBUG] SSH->TUN: 1280 байт
2026-04-09 01:20:11,128 [DEBUG] TUN->SSH: 52 байт
2026-04-09 01:20:11,129 [DEBUG] SSH->TUN: 1280 байт
2026-04-09 01:20:11,129 [DEBUG] SSH->TUN: 1280 байт
2026-04-09 01:20:11,130 [DEBUG] TUN->SSH: 52 байт
2026-04-09 01:20:11,130 [DEBUG] SSH->TUN: 1280 байт
2026-04-09 01:20:11,130 [DEBUG] SSH->TUN: 1280 байт
2026-04-09 01:20:11,130 [DEBUG] TUN->SSH: 52 байт
2026-04-09 01:20:11,131 [DEBUG] SSH->TUN: 1280 байт
2026-04-09 01:20:11,131 [DEBUG] SSH->TUN: 534 байт
2026-04-09 01:20:11,131 [DEBUG] TUN->SSH: 52 байт
2026-04-09 01:20:11,230 [DEBUG] TUN->SSH: 1280 байт
2026-04-09 01:20:11,231 [DEBUG] TUN->SSH: 1280 байт
2026-04-09 01:20:11,231 [DEBUG] TUN->SSH: 1280 байт
2026-04-09 01:20:11,232 [DEBUG] TUN->SSH: 1280 байт
2026-04-09 01:20:11,232 [DEBUG] TUN->SSH: 1280 байт
2026-04-09 01:20:11,233 [DEBUG] TUN->SSH: 1280 байт
2026-04-09 01:20:11,233 [DEBUG] TUN->SSH: 1280 байт
2026-04-09 01:20:11,234 [DEBUG] TUN->SSH: 1280 байт
2026-04-09 01:20:11,234 [DEBUG] TUN->SSH: 1280 байт
2026-04-09 01:20:11,234 [DEBUG] TUN->SSH: 1280 байт
2026-04-09 01:20:11,293 [DEBUG] SSH->TUN: 52 байт
2026-04-09 01:20:11,294 [DEBUG] TUN->SSH: 1280 байт
2026-04-09 01:20:11,294 [DEBUG] SSH->TUN: 52 байт
2026-04-09 01:20:11,294 [DEBUG] TUN->SSH: 1280 байт
2026-04-09 01:20:11,294 [DEBUG] SSH->TUN: 52 байт
2026-04-09 01:20:11,295 [DEBUG] TUN->SSH: 1280 байт
2026-04-09 01:20:11,295 [DEBUG] SSH->TUN: 52 байт
2026-04-09 01:20:11,295 [DEBUG] TUN->SSH: 1280 байт
2026-04-09 01:20:11,296 [DEBUG] TUN->SSH: 1280 байт
2026-04-09 01:20:11,296 [DEBUG] TUN->SSH: 1280 байт
2026-04-09 01:20:11,297 [DEBUG] TUN->SSH: 1280 байт
2026-04-09 01:20:11,297 [DEBUG] TUN->SSH: 1280 байт
2026-04-09 01:20:11,297 [DEBUG] TUN->SSH: 1280 байт
2026-04-09 01:20:11,298 [DEBUG] TUN->SSH: 1280 байт
2026-04-09 01:20:11,298 [DEBUG] TUN->SSH: 1280 байт
2026-04-09 01:20:11,299 [DEBUG] TUN->SSH: 1280 байт
2026-04-09 01:20:11,299 [DEBUG] TUN->SSH: 1280 байт
2026-04-09 01:20:11,300 [DEBUG] TUN->SSH: 1280 байт
2026-04-09 01:20:11,300 [DEBUG] TUN->SSH: 1280 байт
2026-04-09 01:20:11,301 [DEBUG] TUN->SSH: 1280 байт
2026-04-09 01:20:11,325 [DEBUG] TUN->SSH: 292 байт
2026-04-09 01:20:11,325 [DEBUG] SSH->TUN: 52 байт
2026-04-09 01:20:11,325 [DEBUG] TUN->SSH: 1280 байт
2026-04-09 01:20:11,326 [DEBUG] TUN->SSH: 1280 байт
2026-04-09 01:20:11,326 [DEBUG] TUN->SSH: 1280 байт
2026-04-09 01:20:11,327 [DEBUG] TUN->SSH: 1280 байт
2026-04-09 01:20:11,342 [DEBUG] SSH->TUN: 52 байт
2026-04-09 01:20:11,342 [DEBUG] TUN->SSH: 1280 байт
2026-04-09 01:20:11,343 [DEBUG] TUN->SSH: 1280 байт
2026-04-09 01:20:11,343 [DEBUG] TUN->SSH: 1280 байт
2026-04-09 01:20:11,344 [DEBUG] TUN->SSH: 1280 байт
2026-04-09 01:20:11,348 [DEBUG] TUN->SSH: 1280 байт
2026-04-09 01:20:11,348 [DEBUG] SSH->TUN: 52 байт
2026-04-09 01:20:11,349 [DEBUG] TUN->SSH: 1280 байт
2026-04-09 01:20:11,349 [DEBUG] SSH->TUN: 52 байт
2026-04-09 01:20:11,349 [DEBUG] TUN->SSH: 1280 байт
2026-04-09 01:20:11,349 [DEBUG] SSH->TUN: 52 байт
2026-04-09 01:20:11,350 [DEBUG] TUN->SSH: 1280 байт
2026-04-09 01:20:11,350 [DEBUG] SSH->TUN: 52 байт
2026-04-09 01:20:11,351 [DEBUG] TUN->SSH: 1280 байт
2026-04-09 01:20:11,351 [DEBUG] SSH->TUN: 52 байт
2026-04-09 01:20:11,351 [DEBUG] TUN->SSH: 1280 байт
2026-04-09 01:20:11,351 [DEBUG] SSH->TUN: 52 байт
2026-04-09 01:20:11,352 [DEBUG] TUN->SSH: 1280 байт
2026-04-09 01:20:11,352 [DEBUG] TUN->SSH: 1280 байт
2026-04-09 01:20:11,353 [DEBUG] TUN->SSH: 1280 байт
2026-04-09 01:20:11,353 [DEBUG] TUN->SSH: 1280 байт
2026-04-09 01:20:11,354 [DEBUG] TUN->SSH: 1280 байт
2026-04-09 01:20:11,354 [DEBUG] TUN->SSH: 1280 байт
2026-04-09 01:20:11,354 [DEBUG] TUN->SSH: 1280 байт
2026-04-09 01:20:11,355 [DEBUG] TUN->SSH: 1280 байт
2026-04-09 01:20:11,355 [DEBUG] TUN->SSH: 1280 байт
2026-04-09 01:20:11,356 [DEBUG] TUN->SSH: 1280 байт
2026-04-09 01:20:11,356 [DEBUG] TUN->SSH: 1280 байт
2026-04-09 01:20:11,356 [DEBUG] TUN->SSH: 1280 байт
2026-04-09 01:20:11,357 [DEBUG] TUN->SSH: 1280 байт
2026-04-09 01:20:11,357 [DEBUG] TUN->SSH: 1280 байт
2026-04-09 01:20:11,358 [DEBUG] TUN->SSH: 1280 байт
2026-04-09 01:20:11,358 [DEBUG] TUN->SSH: 1280 байт
2026-04-09 01:20:11,358 [DEBUG] TUN->SSH: 1280 байт
2026-04-09 01:20:11,359 [DEBUG] TUN->SSH: 1280 байт
2026-04-09 01:20:11,380 [DEBUG] TUN->SSH: 1280 байт
2026-04-09 01:20:11,380 [DEBUG] SSH->TUN: 52 байт
2026-04-09 01:20:11,380 [DEBUG] TUN->SSH: 1280 байт
2026-04-09 01:20:11,381 [DEBUG] SSH->TUN: 52 байт
2026-04-09 01:20:11,381 [DEBUG] TUN->SSH: 1280 байт
2026-04-09 01:20:11,381 [DEBUG] SSH->TUN: 52 байт
2026-04-09 01:20:11,382 [DEBUG] TUN->SSH: 1280 байт
2026-04-09 01:20:11,382 [DEBUG] TUN->SSH: 1280 байт
2026-04-09 01:20:11,383 [DEBUG] TUN->SSH: 1280 байт
2026-04-09 01:20:11,383 [DEBUG] TUN->SSH: 1280 байт
2026-04-09 01:20:11,383 [DEBUG] TUN->SSH: 1280 байт
2026-04-09 01:20:11,384 [DEBUG] TUN->SSH: 1280 байт
2026-04-09 01:20:11,384 [DEBUG] TUN->SSH: 1280 байт
2026-04-09 01:20:11,384 [DEBUG] TUN->SSH: 1280 байт
2026-04-09 01:20:11,385 [DEBUG] TUN->SSH: 1280 байт
2026-04-09 01:20:11,395 [DEBUG] SSH->TUN: 52 байт
2026-04-09 01:20:11,395 [DEBUG] TUN->SSH: 1280 байт
2026-04-09 01:20:11,396 [DEBUG] SSH->TUN: 52 байт
2026-04-09 01:20:11,396 [DEBUG] TUN->SSH: 1280 байт
2026-04-09 01:20:11,397 [DEBUG] TUN->SSH: 1280 байт
2026-04-09 01:20:11,397 [DEBUG] TUN->SSH: 1280 байт
2026-04-09 01:20:11,397 [DEBUG] TUN->SSH: 1280 байт
2026-04-09 01:20:11,398 [DEBUG] TUN->SSH: 1280 байт
2026-04-09 01:20:11,398 [DEBUG] TUN->SSH: 1280 байт
2026-04-09 01:20:11,399 [DEBUG] TUN->SSH: 1280 байт
2026-04-09 01:20:11,403 [DEBUG] SSH->TUN: 52 байт
2026-04-09 01:20:11,403 [DEBUG] TUN->SSH: 1280 байт
2026-04-09 01:20:11,403 [DEBUG] SSH->TUN: 52 байт
2026-04-09 01:20:11,404 [DEBUG] TUN->SSH: 1280 байт
2026-04-09 01:20:11,404 [DEBUG] SSH->TUN: 52 байт
2026-04-09 01:20:11,404 [DEBUG] TUN->SSH: 1280 байт
2026-04-09 01:20:11,405 [DEBUG] SSH->TUN: 52 байт
2026-04-09 01:20:11,405 [DEBUG] TUN->SSH: 1280 байт
2026-04-09 01:20:11,405 [DEBUG] SSH->TUN: 52 байт
2026-04-09 01:20:11,406 [DEBUG] TUN->SSH: 1280 байт
2026-04-09 01:20:11,406 [DEBUG] SSH->TUN: 52 байт
2026-04-09 01:20:11,406 [DEBUG] TUN->SSH: 1280 байт
2026-04-09 01:20:11,407 [DEBUG] SSH->TUN: 52 байт
2026-04-09 01:20:11,407 [DEBUG] TUN->SSH: 1280 байт
2026-04-09 01:20:11,408 [DEBUG] SSH->TUN: 52 байт
2026-04-09 01:20:11,408 [DEBUG] TUN->SSH: 1280 байт
2026-04-09 01:20:11,408 [DEBUG] SSH->TUN: 52 байт
2026-04-09 01:20:11,409 [DEBUG] TUN->SSH: 1280 байт
2026-04-09 01:20:11,409 [DEBUG] SSH->TUN: 52 байт
2026-04-09 01:20:11,409 [DEBUG] TUN->SSH: 1280 байт
2026-04-09 01:20:11,410 [DEBUG] SSH->TUN: 52 байт
2026-04-09 01:20:11,410 [DEBUG] TUN->SSH: 1280 байт
2026-04-09 01:20:11,410 [DEBUG] TUN->SSH: 1280 байт
2026-04-09 01:20:11,411 [DEBUG] TUN->SSH: 1280 байт
2026-04-09 01:20:11,411 [DEBUG] TUN->SSH: 1280 байт
2026-04-09 01:20:11,411 [DEBUG] TUN->SSH: 1280 байт
2026-04-09 01:20:11,412 [DEBUG] TUN->SSH: 1280 байт
2026-04-09 01:20:11,412 [DEBUG] TUN->SSH: 1280 байт
2026-04-09 01:20:11,413 [DEBUG] TUN->SSH: 1280 байт
2026-04-09 01:20:11,413 [DEBUG] TUN->SSH: 1280 байт
2026-04-09 01:20:11,413 [DEBUG] TUN->SSH: 1280 байт
2026-04-09 01:20:11,414 [DEBUG] TUN->SSH: 1280 байт
2026-04-09 01:20:11,414 [DEBUG] TUN->SSH: 1280 байт
2026-04-09 01:20:11,415 [DEBUG] TUN->SSH: 1280 байт
2026-04-09 01:20:11,415 [DEBUG] TUN->SSH: 1280 байт
2026-04-09 01:20:11,415 [DEBUG] TUN->SSH: 1280 байт
2026-04-09 01:20:11,416 [DEBUG] TUN->SSH: 1280 байт
2026-04-09 01:20:11,416 [DEBUG] TUN->SSH: 1280 байт
2026-04-09 01:20:11,416 [DEBUG] TUN->SSH: 1280 байт
2026-04-09 01:20:11,417 [DEBUG] TUN->SSH: 1280 байт
2026-04-09 01:20:11,417 [DEBUG] SSH->TUN: 52 байт
2026-04-09 01:20:11,418 [DEBUG] TUN->SSH: 1280 байт
2026-04-09 01:20:11,418 [DEBUG] TUN->SSH: 1280 байт
2026-04-09 01:20:11,418 [DEBUG] TUN->SSH: 1280 байт
2026-04-09 01:20:11,419 [DEBUG] TUN->SSH: 1280 байт
2026-04-09 01:20:11,419 [DEBUG] TUN->SSH: 1280 байт
2026-04-09 01:20:11,420 [DEBUG] TUN->SSH: 1280 байт
2026-04-09 01:20:11,420 [DEBUG] TUN->SSH: 1280 байт
2026-04-09 01:20:11,420 [DEBUG] TUN->SSH: 1280 байт
2026-04-09 01:20:11,421 [DEBUG] TUN->SSH: 1280 байт
2026-04-09 01:20:11,421 [DEBUG] TUN->SSH: 1280 байт
2026-04-09 01:20:11,421 [DEBUG] TUN->SSH: 1280 байт
2026-04-09 01:20:11,422 [DEBUG] TUN->SSH: 1280 байт
2026-04-09 01:20:11,422 [DEBUG] TUN->SSH: 1280 байт
2026-04-09 01:20:11,423 [DEBUG] TUN->SSH: 1280 байт
2026-04-09 01:20:11,423 [DEBUG] TUN->SSH: 1280 байт
2026-04-09 01:20:11,424 [DEBUG] TUN->SSH: 1280 байт
2026-04-09 01:20:11,424 [DEBUG] TUN->SSH: 1280 байт
2026-04-09 01:20:11,424 [DEBUG] TUN->SSH: 1280 байт
2026-04-09 01:20:11,425 [DEBUG] TUN->SSH: 1280 байт
2026-04-09 01:20:11,429 [DEBUG] TUN->SSH: 1280 байт
2026-04-09 01:20:11,429 [DEBUG] SSH->TUN: 52 байт
2026-04-09 01:20:11,430 [DEBUG] TUN->SSH: 1280 байт
2026-04-09 01:20:11,430 [DEBUG] SSH->TUN: 52 байт
2026-04-09 01:20:11,430 [DEBUG] TUN->SSH: 1280 байт
2026-04-09 01:20:11,430 [DEBUG] SSH->TUN: 52 байт
2026-04-09 01:20:11,431 [DEBUG] TUN->SSH: 1280 байт
2026-04-09 01:20:11,431 [DEBUG] TUN->SSH: 1280 байт
2026-04-09 01:20:11,432 [DEBUG] TUN->SSH: 1280 байт
2026-04-09 01:20:11,432 [DEBUG] TUN->SSH: 1280 байт
2026-04-09 01:20:11,432 [DEBUG] TUN->SSH: 1280 байт
2026-04-09 01:20:11,433 [DEBUG] TUN->SSH: 1280 байт
2026-04-09 01:20:11,433 [DEBUG] TUN->SSH: 1280 байт
2026-04-09 01:20:11,434 [DEBUG] TUN->SSH: 1280 байт
2026-04-09 01:20:11,435 [DEBUG] TUN->SSH: 1280 байт
2026-04-09 01:20:11,435 [DEBUG] SSH->TUN: 52 байт
2026-04-09 01:20:11,435 [DEBUG] TUN->SSH: 1280 байт
2026-04-09 01:20:11,435 [DEBUG] SSH->TUN: 52 байт
2026-04-09 01:20:11,436 [DEBUG] TUN->SSH: 1280 байт
2026-04-09 01:20:11,436 [DEBUG] TUN->SSH: 1280 байт
2026-04-09 01:20:11,437 [DEBUG] TUN->SSH: 1280 байт
2026-04-09 01:20:11,437 [DEBUG] TUN->SSH: 1280 байт
2026-04-09 01:20:11,437 [DEBUG] TUN->SSH: 1280 байт
2026-04-09 01:20:11,438 [DEBUG] TUN->SSH: 1280 байт
2026-04-09 01:20:11,438 [DEBUG] TUN->SSH: 1280 байт
2026-04-09 01:20:11,449 [DEBUG] SSH->TUN: 52 байт
2026-04-09 01:20:11,449 [DEBUG] TUN->SSH: 1280 байт
2026-04-09 01:20:11,450 [DEBUG] SSH->TUN: 52 байт
2026-04-09 01:20:11,450 [DEBUG] TUN->SSH: 1280 байт
2026-04-09 01:20:11,450 [DEBUG] SSH->TUN: 52 байт
2026-04-09 01:20:11,451 [DEBUG] TUN->SSH: 1280 байт
2026-04-09 01:20:11,451 [DEBUG] SSH->TUN: 52 байт
2026-04-09 01:20:11,451 [DEBUG] TUN->SSH: 1280 байт
2026-04-09 01:20:11,451 [DEBUG] SSH->TUN: 52 байт
2026-04-09 01:20:11,452 [DEBUG] TUN->SSH: 1280 байт
2026-04-09 01:20:11,452 [DEBUG] TUN->SSH: 1280 байт
2026-04-09 01:20:11,453 [DEBUG] TUN->SSH: 1280 байт
2026-04-09 01:20:11,453 [DEBUG] TUN->SSH: 1280 байт
2026-04-09 01:20:11,453 [DEBUG] TUN->SSH: 1280 байт
2026-04-09 01:20:11,454 [DEBUG] TUN->SSH: 1280 байт
2026-04-09 01:20:11,454 [DEBUG] TUN->SSH: 1280 байт
2026-04-09 01:20:11,455 [DEBUG] TUN->SSH: 1280 байт
2026-04-09 01:20:11,455 [DEBUG] TUN->SSH: 1280 байт
2026-04-09 01:20:11,456 [DEBUG] TUN->SSH: 1280 байт
2026-04-09 01:20:11,456 [DEBUG] TUN->SSH: 1280 байт
2026-04-09 01:20:11,456 [DEBUG] TUN->SSH: 1280 байт
2026-04-09 01:20:11,457 [DEBUG] TUN->SSH: 1280 байт
2026-04-09 01:20:11,457 [DEBUG] TUN->SSH: 1280 байт
2026-04-09 01:20:11,457 [DEBUG] TUN->SSH: 1280 байт
2026-04-09 01:20:11,458 [DEBUG] TUN->SSH: 1280 байт
2026-04-09 01:20:11,460 [DEBUG] SSH->TUN: 52 байт
2026-04-09 01:20:11,461 [DEBUG] TUN->SSH: 1280 байт
2026-04-09 01:20:11,461 [DEBUG] SSH->TUN: 52 байт
2026-04-09 01:20:11,461 [DEBUG] TUN->SSH: 1280 байт
2026-04-09 01:20:11,462 [DEBUG] SSH->TUN: 52 байт
2026-04-09 01:20:11,462 [DEBUG] TUN->SSH: 1280 байт
2026-04-09 01:20:11,462 [DEBUG] SSH->TUN: 52 байт
2026-04-09 01:20:11,463 [DEBUG] TUN->SSH: 1280 байт
2026-04-09 01:20:11,463 [DEBUG] SSH->TUN: 52 байт
2026-04-09 01:20:11,463 [DEBUG] TUN->SSH: 1280 байт
2026-04-09 01:20:11,463 [DEBUG] SSH->TUN: 52 байт
2026-04-09 01:20:11,464 [DEBUG] TUN->SSH: 1280 байт
2026-04-09 01:20:11,464 [DEBUG] SSH->TUN: 52 байт
2026-04-09 01:20:11,464 [DEBUG] TUN->SSH: 1280 байт
2026-04-09 01:20:11,465 [DEBUG] SSH->TUN: 52 байт
2026-04-09 01:20:11,465 [DEBUG] TUN->SSH: 1280 байт
2026-04-09 01:20:11,465 [DEBUG] SSH->TUN: 52 байт
2026-04-09 01:20:11,466 [DEBUG] TUN->SSH: 1280 байт
2026-04-09 01:20:11,466 [DEBUG] SSH->TUN: 52 байт
2026-04-09 01:20:11,466 [DEBUG] TUN->SSH: 1280 байт
2026-04-09 01:20:11,466 [DEBUG] TUN->SSH: 1280 байт
2026-04-09 01:20:11,467 [DEBUG] TUN->SSH: 1280 байт
2026-04-09 01:20:11,467 [DEBUG] TUN->SSH: 1280 байт
2026-04-09 01:20:11,468 [DEBUG] TUN->SSH: 1280 байт
2026-04-09 01:20:11,468 [DEBUG] TUN->SSH: 1280 байт
2026-04-09 01:20:11,468 [DEBUG] TUN->SSH: 1280 байт
2026-04-09 01:20:11,469 [DEBUG] TUN->SSH: 1280 байт
2026-04-09 01:20:11,469 [DEBUG] TUN->SSH: 1280 байт
2026-04-09 01:20:11,471 [DEBUG] TUN->SSH: 1280 байт
2026-04-09 01:20:11,471 [DEBUG] TUN->SSH: 1280 байт
2026-04-09 01:20:11,472 [DEBUG] SSH->TUN: 52 байт
2026-04-09 01:20:11,472 [DEBUG] TUN->SSH: 1280 байт
2026-04-09 01:20:11,472 [DEBUG] SSH->TUN: 52 байт
2026-04-09 01:20:11,473 [DEBUG] TUN->SSH: 1280 байт
2026-04-09 01:20:11,473 [DEBUG] SSH->TUN: 52 байт
2026-04-09 01:20:11,473 [DEBUG] TUN->SSH: 1280 байт
2026-04-09 01:20:11,473 [DEBUG] SSH->TUN: 52 байт
2026-04-09 01:20:11,474 [DEBUG] TUN->SSH: 1280 байт
2026-04-09 01:20:11,474 [DEBUG] SSH->TUN: 52 байт
2026-04-09 01:20:11,475 [DEBUG] TUN->SSH: 1280 байт
2026-04-09 01:20:11,475 [DEBUG] SSH->TUN: 52 байт
2026-04-09 01:20:11,475 [DEBUG] TUN->SSH: 1280 байт
2026-04-09 01:20:11,475 [DEBUG] SSH->TUN: 52 байт
2026-04-09 01:20:11,476 [DEBUG] TUN->SSH: 1280 байт
2026-04-09 01:20:11,476 [DEBUG] SSH->TUN: 52 байт
2026-04-09 01:20:11,476 [DEBUG] TUN->SSH: 1280 байт
2026-04-09 01:20:11,476 [DEBUG] SSH->TUN: 52 байт
2026-04-09 01:20:11,477 [DEBUG] TUN->SSH: 1280 байт
2026-04-09 01:20:11,477 [DEBUG] TUN->SSH: 1280 байт
2026-04-09 01:20:11,478 [DEBUG] TUN->SSH: 1280 байт
2026-04-09 01:20:11,478 [DEBUG] TUN->SSH: 1280 байт
2026-04-09 01:20:11,478 [DEBUG] TUN->SSH: 1280 байт
2026-04-09 01:20:11,479 [DEBUG] TUN->SSH: 1280 байт
2026-04-09 01:20:11,479 [DEBUG] TUN->SSH: 1280 байт
2026-04-09 01:20:11,479 [DEBUG] TUN->SSH: 1280 байт
2026-04-09 01:20:11,480 [DEBUG] TUN->SSH: 1280 байт
2026-04-09 01:20:11,480 [DEBUG] TUN->SSH: 1280 байт
2026-04-09 01:20:11,481 [DEBUG] TUN->SSH: 1280 байт
2026-04-09 01:20:11,481 [DEBUG] TUN->SSH: 1280 байт
2026-04-09 01:20:11,481 [DEBUG] TUN->SSH: 1280 байт
2026-04-09 01:20:11,482 [DEBUG] TUN->SSH: 1280 байт
2026-04-09 01:20:11,482 [DEBUG] TUN->SSH: 1280 байт
2026-04-09 01:20:11,482 [DEBUG] TUN->SSH: 1280 байт
2026-04-09 01:20:11,484 [DEBUG] TUN->SSH: 1280 байт
2026-04-09 01:20:11,485 [DEBUG] SSH->TUN: 52 байт
2026-04-09 01:20:11,485 [DEBUG] TUN->SSH: 1280 байт
2026-04-09 01:20:11,485 [DEBUG] SSH->TUN: 52 байт
2026-04-09 01:20:11,486 [DEBUG] TUN->SSH: 1280 байт
2026-04-09 01:20:11,486 [DEBUG] SSH->TUN: 52 байт
2026-04-09 01:20:11,487 [DEBUG] TUN->SSH: 1280 байт
2026-04-09 01:20:11,487 [DEBUG] SSH->TUN: 52 байт
2026-04-09 01:20:11,487 [DEBUG] TUN->SSH: 1280 байт
2026-04-09 01:20:11,487 [DEBUG] SSH->TUN: 52 байт
2026-04-09 01:20:11,488 [DEBUG] TUN->SSH: 1280 байт
2026-04-09 01:20:11,488 [DEBUG] TUN->SSH: 1280 байт
2026-04-09 01:20:11,488 [DEBUG] SSH->TUN: 52 байт
2026-04-09 01:20:11,489 [DEBUG] TUN->SSH: 1280 байт
2026-04-09 01:20:11,489 [DEBUG] SSH->TUN: 52 байт
2026-04-09 01:20:11,489 [DEBUG] TUN->SSH: 1280 байт
2026-04-09 01:20:11,490 [DEBUG] SSH->TUN: 52 байт
2026-04-09 01:20:11,490 [DEBUG] TUN->SSH: 1280 байт
2026-04-09 01:20:11,490 [DEBUG] SSH->TUN: 52 байт
2026-04-09 01:20:11,490 [DEBUG] TUN->SSH: 1280 байт
2026-04-09 01:20:11,491 [DEBUG] SSH->TUN: 52 байт
2026-04-09 01:20:11,491 [DEBUG] TUN->SSH: 1280 байт
2026-04-09 01:20:11,492 [DEBUG] SSH->TUN: 52 байт
2026-04-09 01:20:11,492 [DEBUG] TUN->SSH: 1280 байт
2026-04-09 01:20:11,493 [DEBUG] SSH->TUN: 52 байт
2026-04-09 01:20:11,493 [DEBUG] TUN->SSH: 1280 байт
2026-04-09 01:20:11,493 [DEBUG] SSH->TUN: 52 байт
2026-04-09 01:20:11,494 [DEBUG] TUN->SSH: 1280 байт
2026-04-09 01:20:11,494 [DEBUG] SSH->TUN: 52 байт
2026-04-09 01:20:11,494 [DEBUG] TUN->SSH: 1280 байт
2026-04-09 01:20:11,494 [DEBUG] SSH->TUN: 52 байт
2026-04-09 01:20:11,495 [DEBUG] TUN->SSH: 1280 байт
2026-04-09 01:20:11,495 [DEBUG] TUN->SSH: 1280 байт
2026-04-09 01:20:11,495 [DEBUG] TUN->SSH: 1280 байт
2026-04-09 01:20:11,496 [DEBUG] TUN->SSH: 1280 байт
2026-04-09 01:20:11,496 [DEBUG] TUN->SSH: 1280 байт
2026-04-09 01:20:11,497 [DEBUG] TUN->SSH: 1280 байт
2026-04-09 01:20:11,497 [DEBUG] TUN->SSH: 1280 байт
2026-04-09 01:20:11,497 [DEBUG] TUN->SSH: 1280 байт
2026-04-09 01:20:11,498 [DEBUG] TUN->SSH: 1280 байт
2026-04-09 01:20:11,499 [DEBUG] SSH->TUN: 52 байт
2026-04-09 01:20:11,499 [DEBUG] TUN->SSH: 1280 байт
2026-04-09 01:20:11,499 [DEBUG] SSH->TUN: 52 байт
2026-04-09 01:20:11,500 [DEBUG] TUN->SSH: 1280 байт
2026-04-09 01:20:11,500 [DEBUG] TUN->SSH: 1280 байт
2026-04-09 01:20:11,500 [DEBUG] TUN->SSH: 1280 байт
2026-04-09 01:20:11,501 [DEBUG] TUN->SSH: 1280 байт
2026-04-09 01:20:11,501 [DEBUG] TUN->SSH: 1280 байт
2026-04-09 01:20:11,501 [DEBUG] TUN->SSH: 1280 байт
2026-04-09 01:20:11,502 [DEBUG] TUN->SSH: 1280 байт
2026-04-09 01:20:11,502 [DEBUG] TUN->SSH: 1280 байт
2026-04-09 01:20:11,503 [DEBUG] TUN->SSH: 1280 байт
2026-04-09 01:20:11,503 [DEBUG] TUN->SSH: 1280 байт
2026-04-09 01:20:11,503 [DEBUG] TUN->SSH: 1280 байт
2026-04-09 01:20:11,504 [DEBUG] TUN->SSH: 1280 байт
2026-04-09 01:20:11,504 [DEBUG] TUN->SSH: 1280 байт
2026-04-09 01:20:11,505 [DEBUG] TUN->SSH: 1280 байт
2026-04-09 01:20:11,505 [DEBUG] TUN->SSH: 1280 байт
2026-04-09 01:20:11,505 [DEBUG] TUN->SSH: 1280 байт
2026-04-09 01:20:11,506 [DEBUG] TUN->SSH: 1280 байт
2026-04-09 01:20:11,506 [DEBUG] TUN->SSH: 1280 байт
2026-04-09 01:20:11,507 [DEBUG] TUN->SSH: 1280 байт
2026-04-09 01:20:11,507 [DEBUG] TUN->SSH: 1280 байт
2026-04-09 01:20:11,507 [DEBUG] TUN->SSH: 1280 байт
2026-04-09 01:20:11,508 [DEBUG] TUN->SSH: 1280 байт
2026-04-09 01:20:11,508 [DEBUG] TUN->SSH: 1280 байт
2026-04-09 01:20:11,509 [DEBUG] TUN->SSH: 1280 байт
2026-04-09 01:20:11,509 [DEBUG] TUN->SSH: 1280 байт
2026-04-09 01:20:11,510 [DEBUG] TUN->SSH: 1280 байт
2026-04-09 01:20:11,510 [DEBUG] TUN->SSH: 1280 байт
2026-04-09 01:20:11,510 [DEBUG] TUN->SSH: 1280 байт
2026-04-09 01:20:11,511 [DEBUG] TUN->SSH: 1280 байт
2026-04-09 01:20:11,511 [DEBUG] TUN->SSH: 1280 байт
2026-04-09 01:20:11,512 [DEBUG] TUN->SSH: 1280 байт
2026-04-09 01:20:11,512 [DEBUG] TUN->SSH: 1280 байт
2026-04-09 01:20:11,513 [DEBUG] TUN->SSH: 1280 байт
2026-04-09 01:20:11,513 [DEBUG] TUN->SSH: 1280 байт
2026-04-09 01:20:11,513 [DEBUG] TUN->SSH: 1280 байт
2026-04-09 01:20:11,514 [DEBUG] TUN->SSH: 1280 байт
2026-04-09 01:20:11,514 [DEBUG] TUN->SSH: 1280 байт
2026-04-09 01:20:11,515 [DEBUG] TUN->SSH: 1280 байт
2026-04-09 01:20:11,515 [DEBUG] TUN->SSH: 1280 байт
2026-04-09 01:20:11,515 [DEBUG] TUN->SSH: 1280 байт
2026-04-09 01:20:11,516 [DEBUG] TUN->SSH: 1280 байт
2026-04-09 01:20:11,516 [DEBUG] TUN->SSH: 1280 байт
2026-04-09 01:20:11,516 [DEBUG] TUN->SSH: 1280 байт
2026-04-09 01:20:11,517 [DEBUG] TUN->SSH: 1280 байт
2026-04-09 01:20:11,517 [DEBUG] TUN->SSH: 1280 байт
2026-04-09 01:20:11,518 [DEBUG] TUN->SSH: 1280 байт
2026-04-09 01:20:11,518 [DEBUG] TUN->SSH: 1280 байт
2026-04-09 01:20:11,519 [DEBUG] TUN->SSH: 1280 байт
2026-04-09 01:20:11,519 [DEBUG] TUN->SSH: 1280 байт
2026-04-09 01:20:11,520 [DEBUG] TUN->SSH: 1280 байт
2026-04-09 01:20:11,520 [DEBUG] TUN->SSH: 1280 байт
2026-04-09 01:20:11,520 [DEBUG] TUN->SSH: 1280 байт
2026-04-09 01:20:11,521 [DEBUG] TUN->SSH: 1280 байт
2026-04-09 01:20:11,521 [DEBUG] TUN->SSH: 1280 байт
2026-04-09 01:20:11,521 [DEBUG] TUN->SSH: 1280 байт
2026-04-09 01:20:11,523 [DEBUG] TUN->SSH: 1280 байт
2026-04-09 01:20:11,523 [DEBUG] SSH->TUN: 52 байт
2026-04-09 01:20:11,524 [DEBUG] TUN->SSH: 1280 байт
2026-04-09 01:20:11,524 [DEBUG] SSH->TUN: 52 байт
2026-04-09 01:20:11,524 [DEBUG] TUN->SSH: 1280 байт
2026-04-09 01:20:11,525 [DEBUG] SSH->TUN: 52 байт
2026-04-09 01:20:11,525 [DEBUG] TUN->SSH: 1280 байт
2026-04-09 01:20:11,525 [DEBUG] SSH->TUN: 52 байт
2026-04-09 01:20:11,526 [DEBUG] TUN->SSH: 1280 байт
2026-04-09 01:20:11,526 [DEBUG] SSH->TUN: 52 байт
2026-04-09 01:20:11,526 [DEBUG] TUN->SSH: 1280 байт
2026-04-09 01:20:11,526 [DEBUG] SSH->TUN: 52 байт
2026-04-09 01:20:11,527 [DEBUG] TUN->SSH: 1280 байт
2026-04-09 01:20:11,527 [DEBUG] TUN->SSH: 1280 байт
2026-04-09 01:20:11,527 [DEBUG] TUN->SSH: 1280 байт
2026-04-09 01:20:11,528 [DEBUG] TUN->SSH: 1280 байт
2026-04-09 01:20:11,528 [DEBUG] TUN->SSH: 1280 байт
2026-04-09 01:20:11,528 [DEBUG] TUN->SSH: 1280 байт
2026-04-09 01:20:11,529 [DEBUG] TUN->SSH: 1280 байт
2026-04-09 01:20:11,529 [DEBUG] TUN->SSH: 1280 байт
2026-04-09 01:20:11,530 [DEBUG] TUN->SSH: 1280 байт
2026-04-09 01:20:11,530 [DEBUG] TUN->SSH: 1280 байт
2026-04-09 01:20:11,530 [DEBUG] TUN->SSH: 1280 байт
2026-04-09 01:20:11,531 [DEBUG] TUN->SSH: 1280 байт
2026-04-09 01:20:11,531 [DEBUG] TUN->SSH: 1280 байт
2026-04-09 01:20:11,532 [DEBUG] TUN->SSH: 1280 байт
2026-04-09 01:20:11,534 [DEBUG] TUN->SSH: 1280 байт
2026-04-09 01:20:11,535 [DEBUG] SSH->TUN: 52 байт
2026-04-09 01:20:11,535 [DEBUG] TUN->SSH: 1280 байт
2026-04-09 01:20:11,536 [DEBUG] SSH->TUN: 52 байт
2026-04-09 01:20:11,536 [DEBUG] TUN->SSH: 1280 байт
2026-04-09 01:20:11,536 [DEBUG] SSH->TUN: 52 байт
2026-04-09 01:20:11,537 [DEBUG] TUN->SSH: 1280 байт
2026-04-09 01:20:11,537 [DEBUG] SSH->TUN: 52 байт
2026-04-09 01:20:11,538 [DEBUG] TUN->SSH: 1280 байт
2026-04-09 01:20:11,538 [DEBUG] SSH->TUN: 52 байт
2026-04-09 01:20:11,538 [DEBUG] TUN->SSH: 1280 байт
2026-04-09 01:20:11,538 [DEBUG] SSH->TUN: 52 байт
2026-04-09 01:20:11,539 [DEBUG] TUN->SSH: 1280 байт
2026-04-09 01:20:11,539 [DEBUG] SSH->TUN: 52 байт
2026-04-09 01:20:11,539 [DEBUG] TUN->SSH: 1280 байт
2026-04-09 01:20:11,540 [DEBUG] SSH->TUN: 170 байт
2026-04-09 01:20:11,540 [DEBUG] TUN->SSH: 1280 байт
2026-04-09 01:20:11,541 [DEBUG] SSH->TUN: 52 байт
2026-04-09 01:20:11,541 [DEBUG] TUN->SSH: 1280 байт
2026-04-09 01:20:11,541 [DEBUG] SSH->TUN: 52 байт
2026-04-09 01:20:11,542 [DEBUG] TUN->SSH: 1280 байт
2026-04-09 01:20:11,542 [DEBUG] SSH->TUN: 52 байт
2026-04-09 01:20:11,542 [DEBUG] TUN->SSH: 1280 байт
2026-04-09 01:20:11,543 [DEBUG] SSH->TUN: 52 байт
2026-04-09 01:20:11,543 [DEBUG] TUN->SSH: 1280 байт
2026-04-09 01:20:11,543 [DEBUG] SSH->TUN: 52 байт
2026-04-09 01:20:11,544 [DEBUG] TUN->SSH: 1280 байт
2026-04-09 01:20:11,544 [DEBUG] SSH->TUN: 52 байт
2026-04-09 01:20:11,545 [DEBUG] TUN->SSH: 1280 байт
2026-04-09 01:20:11,545 [DEBUG] SSH->TUN: 52 байт
2026-04-09 01:20:11,545 [DEBUG] TUN->SSH: 1280 байт
2026-04-09 01:20:11,545 [DEBUG] SSH->TUN: 52 байт
2026-04-09 01:20:11,546 [DEBUG] TUN->SSH: 1280 байт
2026-04-09 01:20:11,546 [DEBUG] SSH->TUN: 52 байт
2026-04-09 01:20:11,546 [DEBUG] TUN->SSH: 1280 байт
2026-04-09 01:20:11,547 [DEBUG] SSH->TUN: 52 байт
2026-04-09 01:20:11,547 [DEBUG] TUN->SSH: 1280 байт
2026-04-09 01:20:11,547 [DEBUG] SSH->TUN: 52 байт
2026-04-09 01:20:11,548 [DEBUG] TUN->SSH: 1280 байт
2026-04-09 01:20:11,549 [DEBUG] SSH->TUN: 52 байт
2026-04-09 01:20:11,550 [DEBUG] TUN->SSH: 1280 байт
2026-04-09 01:20:11,550 [DEBUG] SSH->TUN: 52 байт
2026-04-09 01:20:11,550 [DEBUG] TUN->SSH: 1280 байт
2026-04-09 01:20:11,551 [DEBUG] SSH->TUN: 52 байт
2026-04-09 01:20:11,551 [DEBUG] TUN->SSH: 1280 байт
2026-04-09 01:20:11,551 [DEBUG] SSH->TUN: 52 байт
2026-04-09 01:20:11,552 [DEBUG] TUN->SSH: 1280 байт
2026-04-09 01:20:11,552 [DEBUG] SSH->TUN: 52 байт
2026-04-09 01:20:11,552 [DEBUG] TUN->SSH: 1280 байт
2026-04-09 01:20:11,552 [DEBUG] SSH->TUN: 52 байт
2026-04-09 01:20:11,553 [DEBUG] TUN->SSH: 1280 байт
2026-04-09 01:20:11,553 [DEBUG] SSH->TUN: 52 байт
2026-04-09 01:20:11,553 [DEBUG] TUN->SSH: 1280 байт
2026-04-09 01:20:11,554 [DEBUG] SSH->TUN: 52 байт
2026-04-09 01:20:11,554 [DEBUG] TUN->SSH: 1280 байт
2026-04-09 01:20:11,554 [DEBUG] SSH->TUN: 52 байт
2026-04-09 01:20:11,555 [DEBUG] TUN->SSH: 1280 байт
2026-04-09 01:20:11,555 [DEBUG] SSH->TUN: 52 байт
2026-04-09 01:20:11,555 [DEBUG] TUN->SSH: 1280 байт
2026-04-09 01:20:11,556 [DEBUG] SSH->TUN: 52 байт
2026-04-09 01:20:11,556 [DEBUG] TUN->SSH: 1280 байт
2026-04-09 01:20:11,556 [DEBUG] SSH->TUN: 52 байт
2026-04-09 01:20:11,557 [DEBUG] TUN->SSH: 1280 байт
2026-04-09 01:20:11,557 [DEBUG] SSH->TUN: 52 байт
2026-04-09 01:20:11,558 [DEBUG] TUN->SSH: 1280 байт
2026-04-09 01:20:11,558 [DEBUG] SSH->TUN: 52 байт
2026-04-09 01:20:11,558 [DEBUG] TUN->SSH: 1280 байт
2026-04-09 01:20:11,559 [DEBUG] TUN->SSH: 1280 байт
2026-04-09 01:20:11,559 [DEBUG] TUN->SSH: 1280 байт
2026-04-09 01:20:11,560 [DEBUG] TUN->SSH: 1280 байт
2026-04-09 01:20:11,560 [DEBUG] TUN->SSH: 1280 байт
2026-04-09 01:20:11,561 [DEBUG] TUN->SSH: 1280 байт
2026-04-09 01:20:11,561 [DEBUG] TUN->SSH: 52 байт
2026-04-09 01:20:11,561 [DEBUG] TUN->SSH: 1280 байт
2026-04-09 01:20:11,562 [DEBUG] TUN->SSH: 1280 байт
2026-04-09 01:20:11,562 [DEBUG] TUN->SSH: 1280 байт
2026-04-09 01:20:11,563 [DEBUG] TUN->SSH: 1280 байт
2026-04-09 01:20:11,563 [DEBUG] TUN->SSH: 1280 байт
2026-04-09 01:20:11,563 [DEBUG] TUN->SSH: 1280 байт
2026-04-09 01:20:11,564 [DEBUG] TUN->SSH: 1280 байт
2026-04-09 01:20:11,567 [DEBUG] TUN->SSH: 1280 байт
2026-04-09 01:20:11,567 [DEBUG] SSH->TUN: 52 байт
2026-04-09 01:20:11,568 [DEBUG] TUN->SSH: 1280 байт
2026-04-09 01:20:11,568 [DEBUG] SSH->TUN: 52 байт
2026-04-09 01:20:11,568 [DEBUG] TUN->SSH: 1280 байт
2026-04-09 01:20:11,568 [DEBUG] SSH->TUN: 52 байт
2026-04-09 01:20:11,569 [DEBUG] TUN->SSH: 1280 байт
2026-04-09 01:20:11,569 [DEBUG] SSH->TUN: 52 байт
2026-04-09 01:20:11,569 [DEBUG] TUN->SSH: 1280 байт
2026-04-09 01:20:11,570 [DEBUG] SSH->TUN: 52 байт
2026-04-09 01:20:11,570 [DEBUG] TUN->SSH: 1280 байт
2026-04-09 01:20:11,570 [DEBUG] SSH->TUN: 52 байт
2026-04-09 01:20:11,571 [DEBUG] TUN->SSH: 1280 байт
2026-04-09 01:20:11,571 [DEBUG] SSH->TUN: 52 байт
2026-04-09 01:20:11,571 [DEBUG] TUN->SSH: 1280 байт
2026-04-09 01:20:11,571 [DEBUG] SSH->TUN: 52 байт
2026-04-09 01:20:11,572 [DEBUG] TUN->SSH: 1280 байт
2026-04-09 01:20:11,574 [DEBUG] SSH->TUN: 52 байт
2026-04-09 01:20:11,575 [DEBUG] TUN->SSH: 1280 байт
2026-04-09 01:20:11,575 [DEBUG] SSH->TUN: 52 байт
2026-04-09 01:20:11,576 [DEBUG] TUN->SSH: 1280 байт
2026-04-09 01:20:11,576 [DEBUG] SSH->TUN: 52 байт
2026-04-09 01:20:11,577 [DEBUG] TUN->SSH: 1280 байт
2026-04-09 01:20:11,577 [DEBUG] SSH->TUN: 52 байт
2026-04-09 01:20:11,577 [DEBUG] TUN->SSH: 1280 байт
2026-04-09 01:20:11,578 [DEBUG] SSH->TUN: 52 байт
2026-04-09 01:20:11,578 [DEBUG] TUN->SSH: 1280 байт
2026-04-09 01:20:11,578 [DEBUG] SSH->TUN: 52 байт
2026-04-09 01:20:11,579 [DEBUG] TUN->SSH: 1280 байт
2026-04-09 01:20:11,579 [DEBUG] SSH->TUN: 52 байт
2026-04-09 01:20:11,580 [DEBUG] TUN->SSH: 1280 байт
2026-04-09 01:20:11,580 [DEBUG] SSH->TUN: 52 байт
2026-04-09 01:20:11,580 [DEBUG] TUN->SSH: 1280 байт
2026-04-09 01:20:11,581 [DEBUG] SSH->TUN: 52 байт
2026-04-09 01:20:11,581 [DEBUG] TUN->SSH: 1280 байт
2026-04-09 01:20:11,581 [DEBUG] SSH->TUN: 52 байт
2026-04-09 01:20:11,582 [DEBUG] TUN->SSH: 1280 байт
2026-04-09 01:20:11,582 [DEBUG] SSH->TUN: 52 байт
2026-04-09 01:20:11,582 [DEBUG] TUN->SSH: 1280 байт
2026-04-09 01:20:11,583 [DEBUG] SSH->TUN: 52 байт
2026-04-09 01:20:11,583 [DEBUG] TUN->SSH: 1280 байт
2026-04-09 01:20:11,583 [DEBUG] SSH->TUN: 52 байт
2026-04-09 01:20:11,583 [DEBUG] TUN->SSH: 1280 байт
2026-04-09 01:20:11,584 [DEBUG] SSH->TUN: 52 байт
2026-04-09 01:20:11,584 [DEBUG] TUN->SSH: 1280 байт
2026-04-09 01:20:11,584 [DEBUG] SSH->TUN: 52 байт
2026-04-09 01:20:11,585 [DEBUG] TUN->SSH: 1280 байт
2026-04-09 01:20:11,585 [DEBUG] SSH->TUN: 52 байт
2026-04-09 01:20:11,585 [DEBUG] TUN->SSH: 1280 байт
2026-04-09 01:20:11,585 [DEBUG] SSH->TUN: 52 байт
2026-04-09 01:20:11,586 [DEBUG] TUN->SSH: 1280 байт
2026-04-09 01:20:11,586 [DEBUG] SSH->TUN: 52 байт
2026-04-09 01:20:11,586 [DEBUG] TUN->SSH: 1280 байт
2026-04-09 01:20:11,587 [DEBUG] SSH->TUN: 52 байт
2026-04-09 01:20:11,587 [DEBUG] TUN->SSH: 1280 байт
2026-04-09 01:20:11,587 [DEBUG] SSH->TUN: 52 байт
2026-04-09 01:20:11,588 [DEBUG] TUN->SSH: 1280 байт
2026-04-09 01:20:11,588 [DEBUG] SSH->TUN: 52 байт
2026-04-09 01:20:11,588 [DEBUG] TUN->SSH: 1280 байт
2026-04-09 01:20:11,588 [DEBUG] SSH->TUN: 52 байт
2026-04-09 01:20:11,589 [DEBUG] TUN->SSH: 1280 байт
2026-04-09 01:20:11,589 [DEBUG] TUN->SSH: 1280 байт
2026-04-09 01:20:11,590 [DEBUG] TUN->SSH: 1280 байт
2026-04-09 01:20:11,590 [DEBUG] TUN->SSH: 1280 байт
2026-04-09 01:20:11,590 [DEBUG] TUN->SSH: 1280 байт
2026-04-09 01:20:11,591 [DEBUG] TUN->SSH: 1280 байт
2026-04-09 01:20:11,591 [DEBUG] SSH->TUN: 52 байт
2026-04-09 01:20:11,592 [DEBUG] TUN->SSH: 1280 байт
2026-04-09 01:20:11,592 [DEBUG] TUN->SSH: 1280 байт
2026-04-09 01:20:11,593 [DEBUG] TUN->SSH: 1280 байт
2026-04-09 01:20:11,593 [DEBUG] TUN->SSH: 1280 байт
2026-04-09 01:20:11,593 [DEBUG] TUN->SSH: 1280 байт
2026-04-09 01:20:11,594 [DEBUG] TUN->SSH: 1280 байт
2026-04-09 01:20:11,594 [DEBUG] TUN->SSH: 1280 байт
2026-04-09 01:20:11,594 [DEBUG] TUN->SSH: 1280 байт
2026-04-09 01:20:11,595 [DEBUG] TUN->SSH: 1280 байт
2026-04-09 01:20:11,595 [DEBUG] TUN->SSH: 1280 байт
2026-04-09 01:20:11,596 [DEBUG] TUN->SSH: 1280 байт
2026-04-09 01:20:11,596 [DEBUG] TUN->SSH: 1280 байт
2026-04-09 01:20:11,597 [DEBUG] TUN->SSH: 1280 байт
2026-04-09 01:20:11,597 [DEBUG] TUN->SSH: 1280 байт
2026-04-09 01:20:11,598 [DEBUG] TUN->SSH: 1280 байт
2026-04-09 01:20:11,598 [DEBUG] TUN->SSH: 1280 байт
2026-04-09 01:20:11,598 [DEBUG] TUN->SSH: 1280 байт
2026-04-09 01:20:11,599 [DEBUG] TUN->SSH: 111 байт
2026-04-09 01:20:11,602 [DEBUG] SSH->TUN: 52 байт
2026-04-09 01:20:11,602 [DEBUG] SSH->TUN: 52 байт
2026-04-09 01:20:11,602 [DEBUG] SSH->TUN: 52 байт
2026-04-09 01:20:11,603 [DEBUG] SSH->TUN: 52 байт
2026-04-09 01:20:11,603 [DEBUG] SSH->TUN: 52 байт
2026-04-09 01:20:11,603 [DEBUG] SSH->TUN: 52 байт
2026-04-09 01:20:11,603 [DEBUG] SSH->TUN: 52 байт
2026-04-09 01:20:11,604 [DEBUG] SSH->TUN: 52 байт
2026-04-09 01:20:11,604 [DEBUG] SSH->TUN: 52 байт
2026-04-09 01:20:11,604 [DEBUG] SSH->TUN: 52 байт
2026-04-09 01:20:11,604 [DEBUG] SSH->TUN: 52 байт
2026-04-09 01:20:11,604 [DEBUG] SSH->TUN: 52 байт
2026-04-09 01:20:11,605 [DEBUG] SSH->TUN: 52 байт
2026-04-09 01:20:11,605 [DEBUG] SSH->TUN: 52 байт
2026-04-09 01:20:11,605 [DEBUG] SSH->TUN: 52 байт
2026-04-09 01:20:11,606 [DEBUG] SSH->TUN: 52 байт
2026-04-09 01:20:11,606 [DEBUG] SSH->TUN: 52 байт
2026-04-09 01:20:11,606 [DEBUG] SSH->TUN: 52 байт
2026-04-09 01:20:11,606 [DEBUG] SSH->TUN: 52 байт
2026-04-09 01:20:11,607 [DEBUG] SSH->TUN: 52 байт
2026-04-09 01:20:11,607 [DEBUG] SSH->TUN: 52 байт
2026-04-09 01:20:11,609 [DEBUG] SSH->TUN: 52 байт
2026-04-09 01:20:11,610 [DEBUG] SSH->TUN: 52 байт
2026-04-09 01:20:11,611 [DEBUG] SSH->TUN: 52 байт
2026-04-09 01:20:11,616 [DEBUG] SSH->TUN: 52 байт
2026-04-09 01:20:11,616 [DEBUG] SSH->TUN: 52 байт
2026-04-09 01:20:11,621 [DEBUG] SSH->TUN: 52 байт
2026-04-09 01:20:11,621 [DEBUG] SSH->TUN: 52 байт
2026-04-09 01:20:11,624 [DEBUG] SSH->TUN: 52 байт
2026-04-09 01:20:11,624 [DEBUG] SSH->TUN: 52 байт
2026-04-09 01:20:11,625 [DEBUG] SSH->TUN: 52 байт
2026-04-09 01:20:11,632 [DEBUG] SSH->TUN: 52 байт
2026-04-09 01:20:11,632 [DEBUG] SSH->TUN: 52 байт
2026-04-09 01:20:11,633 [DEBUG] SSH->TUN: 52 байт
2026-04-09 01:20:11,635 [DEBUG] SSH->TUN: 52 байт
2026-04-09 01:20:11,645 [DEBUG] SSH->TUN: 52 байт
2026-04-09 01:20:11,646 [DEBUG] SSH->TUN: 52 байт
2026-04-09 01:20:11,646 [DEBUG] SSH->TUN: 52 байт
2026-04-09 01:20:11,646 [DEBUG] SSH->TUN: 52 байт
2026-04-09 01:20:11,646 [DEBUG] SSH->TUN: 52 байт
2026-04-09 01:20:11,647 [DEBUG] SSH->TUN: 52 байт
2026-04-09 01:20:11,654 [DEBUG] SSH->TUN: 52 байт
2026-04-09 01:20:11,654 [DEBUG] SSH->TUN: 52 байт
2026-04-09 01:20:11,654 [DEBUG] SSH->TUN: 52 байт
2026-04-09 01:20:11,654 [DEBUG] SSH->TUN: 52 байт
2026-04-09 01:20:11,657 [DEBUG] SSH->TUN: 52 байт
2026-04-09 01:20:11,658 [DEBUG] SSH->TUN: 52 байт
2026-04-09 01:20:11,659 [DEBUG] SSH->TUN: 52 байт
2026-04-09 01:20:11,663 [DEBUG] SSH->TUN: 52 байт
2026-04-09 01:20:11,665 [DEBUG] SSH->TUN: 52 байт
2026-04-09 01:20:11,666 [DEBUG] SSH->TUN: 52 байт
2026-04-09 01:20:11,672 [DEBUG] SSH->TUN: 52 байт
2026-04-09 01:20:11,672 [DEBUG] SSH->TUN: 52 байт
2026-04-09 01:20:11,674 [DEBUG] SSH->TUN: 52 байт
2026-04-09 01:20:11,687 [DEBUG] SSH->TUN: 52 байт
2026-04-09 01:20:11,687 [DEBUG] SSH->TUN: 52 байт
2026-04-09 01:20:11,687 [DEBUG] SSH->TUN: 52 байт
2026-04-09 01:20:12,059 [DEBUG] TUN->SSH: 60 байт
2026-04-09 01:20:12,071 [DEBUG] TUN->SSH: 82 байт
2026-04-09 01:20:12,407 [DEBUG] TUN->SSH: 64 байт
2026-04-09 01:20:13,031 [DEBUG] TUN->SSH OSError: Channel not open for sending
2026-04-09 01:20:13,031 [INFO] Форвардинг завершён
2026-04-09 01:20:13,031 [WARNING] Туннель оборвался, будет реконнект
2026-04-09 01:20:13,031 [INFO] Соединение было успешным, сбрасываю задержку реконнекта
2026-04-09 01:20:13,032 [INFO] Реконнект через 3 сек (попытка 1)...
2026-04-09 01:20:16,035 [INFO] Подключаюсь к 217.154.79.223:24 как 'alice'
2026-04-09 01:20:16,089 [ERROR] Ошибка подключения: [Errno 111] Connect call failed ('217.154.79.223', 24)
2026-04-09 01:20:16,090 [INFO] Реконнект через 6 сек (попытка 2)...
2026-04-09 01:20:22,096 [INFO] Подключаюсь к 217.154.79.223:24 как 'alice'
2026-04-09 01:20:22,132 [ERROR] Ошибка подключения: [Errno 111] Connect call failed ('217.154.79.223', 24)
2026-04-09 01:20:22,132 [INFO] Реконнект через 12 сек (попытка 3)...
2026-04-09 01:20:34,144 [INFO] Подключаюсь к 217.154.79.223:24 как 'alice'
2026-04-09 01:20:34,205 [ERROR] Ошибка подключения: [Errno 111] Connect call failed ('217.154.79.223', 24)
2026-04-09 01:20:34,205 [INFO] Реконнект через 24 сек (попытка 4)...
2026-04-09 01:20:45,794 [INFO] Останавливаю туннель...
2026-04-09 01:20:45,796 [DEBUG] Восстановлен: default via 192.168.5.1 dev wlp0s20f3
2026-04-09 01:20:45,797 [INFO] Маршруты восстановлены
2026-04-09 01:20:45,815 [INFO] Интерфейс strans-tun0 удалён
2026-04-09 01:20:45,815 [INFO] Остановлено
