2026-03-24 11:57:47 [INFO] __main__ — MAX Proxy SERVER запущен  viewer_id=240876353  transports=2
2026-03-24 11:57:47 [INFO] __main__ — Восстановлено 1 сессий из sessions.json
2026-03-24 11:57:47 [INFO] __main__ — [proxy:self-chat] WS подключение (chat_id=0, transports=2)
2026-03-24 11:57:47 [INFO] __main__ — [poll] активных ссылок: 1
2026-03-24 11:57:48 [INFO] __main__ — Авторизован [acc2#ws2], chatId=0 (self-chat)
2026-03-24 11:57:48 [INFO] __main__ — [acc2#ws2] подключён
2026-03-24 11:57:48 [INFO] __main__ — Авторизован [acc1#ws2], chatId=0 (self-chat)
2026-03-24 11:57:48 [INFO] __main__ — [acc1#ws2] подключён
2026-03-24 11:57:48 [INFO] __main__ — Авторизован [acc1#ws1], chatId=0 (self-chat)
2026-03-24 11:57:48 [INFO] __main__ — [acc1#ws1] подключён
2026-03-24 11:57:48 [INFO] __main__ — Авторизован [acc2#ws0], chatId=0 (self-chat)
2026-03-24 11:57:48 [INFO] __main__ — [acc2#ws0] подключён
2026-03-24 11:57:48 [INFO] __main__ — Авторизован [acc2#ws1], chatId=0 (self-chat)
2026-03-24 11:57:48 [INFO] __main__ — [acc2#ws1] подключён
2026-03-24 11:57:48 [INFO] __main__ — Авторизован [acc1#ws0], chatId=0 (self-chat)
2026-03-24 11:57:48 [INFO] __main__ — [acc1#ws0] подключён
2026-03-24 11:58:13 [DEBUG] __main__ — [acc2#ws2] keepalive sent
2026-03-24 11:58:13 [DEBUG] __main__ — [acc1#ws2] keepalive sent
2026-03-24 11:58:13 [DEBUG] __main__ — [acc1#ws1] keepalive sent
2026-03-24 11:58:13 [DEBUG] __main__ — [acc2#ws0] keepalive sent
2026-03-24 11:58:13 [DEBUG] __main__ — [acc2#ws1] keepalive sent
2026-03-24 11:58:13 [DEBUG] __main__ — [acc1#ws0] keepalive sent
2026-03-24 11:58:14 [INFO] __main__ — [proxy:self-chat] остановлен
2026-03-24 11:58:14 [ERROR] asyncio — Unclosed client session
client_session: <aiohttp.client.ClientSession object at 0x7ec68832fdf0>
2026-03-24 11:58:14 [ERROR] asyncio — Unclosed client session
client_session: <aiohttp.client.ClientSession object at 0x7ec6877000d0>
2026-03-24 11:58:14 [ERROR] asyncio — Unclosed client session
client_session: <aiohttp.client.ClientSession object at 0x7ec68778fd60>
2026-03-24 11:58:14 [ERROR] asyncio — Unclosed client session
client_session: <aiohttp.client.ClientSession object at 0x7ec68778e530>
2026-03-24 11:58:14 [ERROR] asyncio — Unclosed client session
client_session: <aiohttp.client.ClientSession object at 0x7ec68778ed40>
2026-03-24 11:58:14 [ERROR] asyncio — Unclosed client session
client_session: <aiohttp.client.ClientSession object at 0x7ec68778dd20>
2026-03-24 11:58:14 [ERROR] asyncio — Unclosed client session
client_session: <aiohttp.client.ClientSession object at 0x7ec68778f550>
2026-03-24 11:58:14 [ERROR] asyncio — Unclosed client session
client_session: <aiohttp.client.ClientSession object at 0x7ec68778d510>
