2026-03-24 11:34:04 [INFO] __main__ — MAX Proxy SERVER запущен  viewer_id=240876353  transports=2
2026-03-24 11:34:04 [INFO] __main__ — Восстановлено 1 сессий из sessions.json
2026-03-24 11:34:04 [INFO] __main__ — [proxy:self-chat] WS подключение (chat_id=0, transports=2)
2026-03-24 11:34:04 [INFO] __main__ — [poll] активных ссылок: 1
2026-03-24 11:34:04 [INFO] __main__ — Авторизован [server:acc1], chatId=0
2026-03-24 11:34:04 [INFO] __main__ — Авторизован [server:acc2], chatId=0
2026-03-24 11:34:11 [DEBUG] __main__ — [transport:acc1] text-recv  action=connect  id=186556f4
2026-03-24 11:34:11 [INFO] __main__ — [186556f4] CONNECT → 188.40.167.82:443
2026-03-24 11:34:11 [INFO] __main__ — [186556f4] TCP connected → 188.40.167.82:443  (1 мс)
2026-03-24 11:34:11 [DEBUG] __main__ — [transport:acc1] ctrl-send  len=48  action=ok  ms=0
2026-03-24 11:34:11 [DEBUG] __main__ — [transport:acc1] text-recv  action=data  id=186556f4
2026-03-24 11:34:11 [DEBUG] __main__ — [186556f4] <- data #1  517B  seq=0
2026-03-24 11:34:11 [DEBUG] __main__ — [186556f4] -> #1  2920B  seq=0
2026-03-24 11:34:11 [DEBUG] __main__ — [186556f4] -> #2  214B  seq=1
2026-03-24 11:34:11 [DEBUG] __main__ — [transport:acc1] file-send  size=2975  action=data  seq=0  prio=0
2026-03-24 11:34:11 [DEBUG] __main__ — [transport:acc2] text-send  len=353  action=data  ms=0
2026-03-24 11:34:12 [DEBUG] __main__ — [transport:acc1] upload ok  fileId=2997500764  size=2975
2026-03-24 11:34:26 [DEBUG] __main__ — [transport:acc1] пропускаем свой исходящий файл fileId=2997500764
2026-03-24 11:34:27 [DEBUG] __main__ — [transport:acc1] text-recv  action=data  id=186556f4
2026-03-24 11:34:27 [DEBUG] __main__ — [186556f4] <- data #2  130B  seq=2
2026-03-24 11:34:27 [DEBUG] __main__ — [transport:acc2] text-recv  action=data  id=186556f4
2026-03-24 11:34:27 [DEBUG] __main__ — [186556f4] <- data #3  80B  seq=1
2026-03-24 11:34:27 [DEBUG] __main__ — [186556f4] -> #3  645B  seq=2
2026-03-24 11:34:27 [DEBUG] __main__ — [transport:acc1] text-send  len=925  action=data  ms=1
2026-03-24 11:34:28 [DEBUG] __main__ — [transport:acc1] text-recv  action=data  id=186556f4
2026-03-24 11:34:28 [DEBUG] __main__ — [186556f4] <- data #4  31B  seq=4
2026-03-24 11:34:28 [DEBUG] __main__ — [transport:acc2] text-recv  action=data  id=186556f4
2026-03-24 11:34:28 [DEBUG] __main__ — [186556f4] <- data #5  56B  seq=3
2026-03-24 11:34:28 [DEBUG] __main__ — [186556f4] -> #4  99B  seq=3
2026-03-24 11:34:28 [DEBUG] __main__ — [transport:acc2] text-send  len=197  action=data  ms=1
2026-03-24 11:34:28 [DEBUG] __main__ — [transport:acc1] text-recv  action=close  id=186556f4
2026-03-24 11:34:28 [INFO] __main__ — [186556f4] close requested last_seq=5
2026-03-24 11:34:29 [DEBUG] __main__ — [transport:acc2] text-recv  action=data  id=186556f4
2026-03-24 11:34:29 [DEBUG] __main__ — [186556f4] <- data #6  24B  seq=5
2026-03-24 11:34:29 [DEBUG] __main__ — [186556f4] socket closed
2026-03-24 11:34:29 [DEBUG] __main__ — [186556f4] remote EOF
2026-03-24 11:34:29 [INFO] __main__ — [186556f4] pipe done | rx=0B/0f (0.0 КБ/с)  tx=0B/0f (0.0 КБ/с)  0.0s
2026-03-24 11:34:29 [DEBUG] __main__ — [transport:server] keepalive sent
2026-03-24 11:34:29 [DEBUG] __main__ — [transport:server] keepalive sent
2026-03-24 11:34:31 [DEBUG] __main__ — [transport:acc2] text-recv  action=connect  id=9759eecc
2026-03-24 11:34:31 [INFO] __main__ — [9759eecc] CONNECT → 188.40.167.82:443
2026-03-24 11:34:31 [INFO] __main__ — [9759eecc] TCP connected → 188.40.167.82:443  (0 мс)
2026-03-24 11:34:31 [DEBUG] __main__ — [transport:acc2] ctrl-send  len=48  action=ok  ms=2
2026-03-24 11:34:31 [DEBUG] __main__ — [transport:acc1] text-recv  action=data  id=9759eecc
2026-03-24 11:34:31 [DEBUG] __main__ — [9759eecc] <- data #1  517B  seq=0
2026-03-24 11:34:32 [DEBUG] __main__ — [9759eecc] -> #1  3134B  seq=0
2026-03-24 11:34:32 [DEBUG] __main__ — [transport:acc1] file-send  size=3189  action=data  seq=0  prio=0
2026-03-24 11:34:32 [DEBUG] __main__ — [transport:acc1] upload ok  fileId=2976595203  size=3189
2026-03-24 11:34:34 [INFO] __main__ — [poll] активных ссылок: 1
2026-03-24 11:34:49 [DEBUG] __main__ — [transport:acc1] пропускаем свой исходящий файл fileId=2976595203
2026-03-24 11:34:49 [DEBUG] __main__ — [transport:acc1] text-recv  action=data  id=9759eecc
2026-03-24 11:34:49 [DEBUG] __main__ — [9759eecc] <- data #2  130B  seq=2
2026-03-24 11:34:49 [DEBUG] __main__ — [transport:acc2] text-recv  action=data  id=9759eecc
2026-03-24 11:34:49 [DEBUG] __main__ — [9759eecc] <- data #3  80B  seq=1
2026-03-24 11:34:49 [DEBUG] __main__ — [9759eecc] -> #2  645B  seq=1
2026-03-24 11:34:49 [DEBUG] __main__ — [transport:acc2] text-send  len=925  action=data  ms=3
2026-03-24 11:34:50 [DEBUG] __main__ — [transport:acc1] text-recv  action=data  id=9759eecc
2026-03-24 11:34:50 [DEBUG] __main__ — [9759eecc] <- data #4  31B  seq=4
2026-03-24 11:34:50 [DEBUG] __main__ — [transport:acc2] text-recv  action=data  id=9759eecc
2026-03-24 11:34:50 [DEBUG] __main__ — [9759eecc] <- data #5  56B  seq=3
2026-03-24 11:34:50 [DEBUG] __main__ — [9759eecc] -> #3  99B  seq=2
2026-03-24 11:34:50 [DEBUG] __main__ — [transport:acc1] text-send  len=197  action=data  ms=2
2026-03-24 11:34:51 [DEBUG] __main__ — [transport:acc2] gap ms=6..6, sending nack (attempt 1)
2026-03-24 11:34:51 [DEBUG] __main__ — [transport:acc2] text-recv  action=data  id=9759eecc
2026-03-24 11:34:51 [DEBUG] __main__ — [transport:acc2] text-recv  action=close  id=9759eecc
2026-03-24 11:34:51 [DEBUG] __main__ — [9759eecc] <- data #6  24B  seq=5
2026-03-24 11:34:51 [INFO] __main__ — [9759eecc] close requested last_seq=5
2026-03-24 11:34:51 [DEBUG] __main__ — [9759eecc] socket closed
2026-03-24 11:34:51 [DEBUG] __main__ — [9759eecc] remote EOF
2026-03-24 11:34:51 [INFO] __main__ — [9759eecc] pipe done | rx=0B/0f (0.0 КБ/с)  tx=0B/0f (0.0 КБ/с)  0.0s
2026-03-24 11:34:52 [DEBUG] __main__ — [transport:acc2] dup ms=6 (expected=8), skip
2026-03-24 11:34:54 [DEBUG] __main__ — [transport:server] keepalive sent
2026-03-24 11:34:54 [DEBUG] __main__ — [transport:server] keepalive sent
2026-03-24 11:34:55 [DEBUG] __main__ — [transport:acc1] text-recv  action=connect  id=49a4486f
2026-03-24 11:34:55 [INFO] __main__ — [49a4486f] CONNECT → 188.40.167.82:443
2026-03-24 11:34:55 [INFO] __main__ — [49a4486f] TCP connected → 188.40.167.82:443  (0 мс)
2026-03-24 11:34:55 [DEBUG] __main__ — [transport:acc1] ctrl-send  len=48  action=ok  ms=3
2026-03-24 11:34:56 [DEBUG] __main__ — [transport:acc1] text-recv  action=data  id=49a4486f
2026-03-24 11:34:56 [DEBUG] __main__ — [49a4486f] <- data #1  517B  seq=0
2026-03-24 11:34:56 [DEBUG] __main__ — [49a4486f] -> #1  3134B  seq=0
2026-03-24 11:34:56 [DEBUG] __main__ — [transport:acc1] file-send  size=3189  action=data  seq=0  prio=0
2026-03-24 11:34:56 [DEBUG] __main__ — [transport:acc1] upload ok  fileId=2991945691  size=3189
2026-03-24 11:35:02 [DEBUG] __main__ — [transport:acc1] пропускаем свой исходящий файл fileId=2991945691
2026-03-24 11:35:02 [DEBUG] __main__ — [transport:acc1] text-recv  action=data  id=49a4486f
2026-03-24 11:35:02 [DEBUG] __main__ — [49a4486f] <- data #2  186B  seq=2
2026-03-24 11:35:02 [DEBUG] __main__ — [transport:acc2] text-recv  action=data  id=49a4486f
2026-03-24 11:35:02 [DEBUG] __main__ — [49a4486f] <- data #3  80B  seq=1
2026-03-24 11:35:02 [DEBUG] __main__ — [49a4486f] -> #2  744B  seq=1
2026-03-24 11:35:02 [DEBUG] __main__ — [transport:acc2] text-send  len=1057  action=data  ms=4
2026-03-24 11:35:03 [DEBUG] __main__ — [transport:acc1] gap ms=11..11, sending nack (attempt 1)
2026-03-24 11:35:03 [DEBUG] __main__ — [transport:acc1] text-recv  action=data  id=49a4486f
2026-03-24 11:35:03 [DEBUG] __main__ — [transport:acc1] text-recv  action=close  id=49a4486f
2026-03-24 11:35:03 [DEBUG] __main__ — [49a4486f] <- data #4  24B  seq=4
2026-03-24 11:35:03 [INFO] __main__ — [49a4486f] close requested last_seq=4
2026-03-24 11:35:03 [DEBUG] __main__ — [transport:acc2] text-recv  action=data  id=49a4486f
2026-03-24 11:35:03 [DEBUG] __main__ — [49a4486f] <- data #5  31B  seq=3
2026-03-24 11:35:03 [DEBUG] __main__ — [49a4486f] socket closed
2026-03-24 11:35:03 [DEBUG] __main__ — [49a4486f] remote EOF
2026-03-24 11:35:03 [INFO] __main__ — [49a4486f] pipe done | rx=0B/0f (0.0 КБ/с)  tx=0B/0f (0.0 КБ/с)  0.0s
2026-03-24 11:35:04 [DEBUG] __main__ — [transport:acc1] dup ms=11 (expected=13), skip
2026-03-24 11:35:04 [INFO] __main__ — [poll] активных ссылок: 1
2026-03-24 11:35:06 [DEBUG] __main__ — [transport:acc2] text-recv  action=connect  id=178337bf
2026-03-24 11:35:06 [INFO] __main__ — [178337bf] CONNECT → 188.40.167.82:443
2026-03-24 11:35:06 [INFO] __main__ — [178337bf] TCP connected → 188.40.167.82:443  (0 мс)
2026-03-24 11:35:06 [DEBUG] __main__ — [transport:acc2] ctrl-send  len=48  action=ok  ms=5
2026-03-24 11:35:06 [DEBUG] __main__ — [transport:acc1] text-recv  action=data  id=178337bf
2026-03-24 11:35:06 [DEBUG] __main__ — [178337bf] <- data #1  517B  seq=0
2026-03-24 11:35:07 [DEBUG] __main__ — [178337bf] -> #1  3134B  seq=0
2026-03-24 11:35:07 [DEBUG] __main__ — [transport:acc1] file-send  size=3189  action=data  seq=0  prio=0
2026-03-24 11:35:07 [DEBUG] __main__ — [transport:acc1] upload ok  fileId=2998619625  size=3189
2026-03-24 11:35:08 [DEBUG] __main__ — [transport:acc1] пропускаем свой исходящий файл fileId=2998619625
2026-03-24 11:35:12 [DEBUG] __main__ — [transport:acc1] text-recv  action=data  id=178337bf
2026-03-24 11:35:12 [DEBUG] __main__ — [178337bf] <- data #2  130B  seq=2
2026-03-24 11:35:12 [DEBUG] __main__ — [transport:acc2] text-recv  action=data  id=178337bf
2026-03-24 11:35:12 [DEBUG] __main__ — [178337bf] <- data #3  80B  seq=1
2026-03-24 11:35:12 [DEBUG] __main__ — [178337bf] -> #2  645B  seq=1
2026-03-24 11:35:12 [DEBUG] __main__ — [transport:acc2] text-send  len=925  action=data  ms=6
2026-03-24 11:35:13 [DEBUG] __main__ — [transport:acc1] text-recv  action=data  id=178337bf
2026-03-24 11:35:13 [DEBUG] __main__ — [178337bf] <- data #4  31B  seq=4
2026-03-24 11:35:13 [DEBUG] __main__ — [transport:acc2] text-recv  action=data  id=178337bf
2026-03-24 11:35:13 [DEBUG] __main__ — [178337bf] <- data #5  56B  seq=3
2026-03-24 11:35:13 [DEBUG] __main__ — [178337bf] -> #3  99B  seq=2
2026-03-24 11:35:13 [DEBUG] __main__ — [transport:acc1] text-send  len=197  action=data  ms=4
2026-03-24 11:35:13 [DEBUG] __main__ — [transport:acc2] gap ms=13..13, sending nack (attempt 1)
2026-03-24 11:35:14 [DEBUG] __main__ — [transport:acc2] text-recv  action=data  id=178337bf
2026-03-24 11:35:14 [DEBUG] __main__ — [transport:acc2] text-recv  action=close  id=178337bf
2026-03-24 11:35:14 [DEBUG] __main__ — [178337bf] <- data #6  24B  seq=5
2026-03-24 11:35:14 [INFO] __main__ — [178337bf] close requested last_seq=5
2026-03-24 11:35:14 [DEBUG] __main__ — [178337bf] socket closed
2026-03-24 11:35:14 [DEBUG] __main__ — [178337bf] remote EOF
2026-03-24 11:35:14 [INFO] __main__ — [178337bf] pipe done | rx=0B/0f (0.0 КБ/с)  tx=0B/0f (0.0 КБ/с)  0.0s
2026-03-24 11:35:15 [DEBUG] __main__ — [transport:acc1] text-recv  action=connect  id=5997231b
2026-03-24 11:35:15 [INFO] __main__ — [5997231b] CONNECT → 188.40.167.82:443
2026-03-24 11:35:15 [INFO] __main__ — [5997231b] TCP connected → 188.40.167.82:443  (0 мс)
2026-03-24 11:35:15 [DEBUG] __main__ — [transport:acc1] ctrl-send  len=48  action=ok  ms=5
2026-03-24 11:35:15 [DEBUG] __main__ — [transport:acc1] text-recv  action=data  id=5997231b
2026-03-24 11:35:15 [DEBUG] __main__ — [5997231b] <- data #1  517B  seq=0
2026-03-24 11:35:15 [DEBUG] __main__ — [transport:acc2] dup ms=13 (expected=15), skip
2026-03-24 11:35:15 [DEBUG] __main__ — [5997231b] -> #1  3134B  seq=0
2026-03-24 11:35:15 [DEBUG] __main__ — [transport:acc1] file-send  size=3189  action=data  seq=0  prio=0
2026-03-24 11:35:15 [DEBUG] __main__ — [transport:acc1] upload ok  fileId=2992894454  size=3189
2026-03-24 11:35:16 [DEBUG] __main__ — [transport:acc1] пропускаем свой исходящий файл fileId=2992894454
2026-03-24 11:35:16 [DEBUG] __main__ — [transport:acc1] text-recv  action=data  id=5997231b
2026-03-24 11:35:16 [DEBUG] __main__ — [5997231b] <- data #2  130B  seq=2
2026-03-24 11:35:16 [DEBUG] __main__ — [transport:acc2] text-recv  action=data  id=5997231b
2026-03-24 11:35:16 [DEBUG] __main__ — [5997231b] <- data #3  80B  seq=1
2026-03-24 11:35:16 [DEBUG] __main__ — [5997231b] -> #2  287B  seq=1
2026-03-24 11:35:16 [DEBUG] __main__ — [transport:acc2] text-send  len=449  action=data  ms=7
2026-03-24 11:35:16 [DEBUG] __main__ — [5997231b] -> #3  358B  seq=2
2026-03-24 11:35:16 [DEBUG] __main__ — [transport:acc1] text-send  len=545  action=data  ms=6
2026-03-24 11:35:17 [DEBUG] __main__ — [transport:acc1] text-recv  action=data  id=5997231b
2026-03-24 11:35:17 [DEBUG] __main__ — [5997231b] <- data #4  31B  seq=4
2026-03-24 11:35:17 [DEBUG] __main__ — [transport:acc2] text-recv  action=data  id=5997231b
2026-03-24 11:35:17 [DEBUG] __main__ — [5997231b] <- data #5  56B  seq=3
2026-03-24 11:35:17 [DEBUG] __main__ — [5997231b] -> #4  99B  seq=3
2026-03-24 11:35:17 [DEBUG] __main__ — [transport:acc2] text-send  len=197  action=data  ms=8
2026-03-24 11:35:18 [DEBUG] __main__ — [transport:acc1] text-recv  action=close  id=5997231b
2026-03-24 11:35:18 [INFO] __main__ — [5997231b] close requested last_seq=5
2026-03-24 11:35:18 [DEBUG] __main__ — [transport:acc2] text-recv  action=data  id=5997231b
2026-03-24 11:35:18 [DEBUG] __main__ — [5997231b] <- data #6  24B  seq=5
2026-03-24 11:35:18 [DEBUG] __main__ — [5997231b] socket closed
2026-03-24 11:35:18 [DEBUG] __main__ — [5997231b] remote EOF
2026-03-24 11:35:18 [INFO] __main__ — [5997231b] pipe done | rx=0B/0f (0.0 КБ/с)  tx=0B/0f (0.0 КБ/с)  0.0s
2026-03-24 11:35:19 [DEBUG] __main__ — [transport:server] keepalive sent
2026-03-24 11:35:19 [DEBUG] __main__ — [transport:server] keepalive sent
2026-03-24 11:35:21 [DEBUG] __main__ — [transport:acc2] text-recv  action=connect  id=17906f75
2026-03-24 11:35:21 [INFO] __main__ — [17906f75] CONNECT → 188.40.167.82:443
2026-03-24 11:35:21 [INFO] __main__ — [17906f75] TCP connected → 188.40.167.82:443  (0 мс)
2026-03-24 11:35:21 [DEBUG] __main__ — [transport:acc2] ctrl-send  len=48  action=ok  ms=9
2026-03-24 11:35:21 [DEBUG] __main__ — [transport:acc1] text-recv  action=data  id=17906f75
2026-03-24 11:35:21 [DEBUG] __main__ — [17906f75] <- data #1  517B  seq=0
2026-03-24 11:35:21 [DEBUG] __main__ — [17906f75] -> #1  3134B  seq=0
2026-03-24 11:35:21 [DEBUG] __main__ — [transport:acc1] file-send  size=3189  action=data  seq=0  prio=0
2026-03-24 11:35:21 [DEBUG] __main__ — [transport:acc1] upload ok  fileId=2992710143  size=3189
2026-03-24 11:35:22 [DEBUG] __main__ — [transport:acc1] пропускаем свой исходящий файл fileId=2992710143
2026-03-24 11:35:22 [DEBUG] __main__ — [transport:acc1] text-recv  action=data  id=17906f75
2026-03-24 11:35:22 [DEBUG] __main__ — [17906f75] <- data #2  186B  seq=2
2026-03-24 11:35:22 [DEBUG] __main__ — [transport:acc2] text-recv  action=data  id=17906f75
2026-03-24 11:35:22 [DEBUG] __main__ — [17906f75] <- data #3  80B  seq=1
2026-03-24 11:35:22 [DEBUG] __main__ — [17906f75] -> #2  744B  seq=1
2026-03-24 11:35:22 [DEBUG] __main__ — [transport:acc2] text-send  len=1058  action=data  ms=10
2026-03-24 11:35:22 [DEBUG] __main__ — [transport:acc2] gap ms=20..20, sending nack (attempt 1)
2026-03-24 11:35:23 [DEBUG] __main__ — [transport:acc1] text-recv  action=data  id=17906f75
2026-03-24 11:35:23 [DEBUG] __main__ — [17906f75] <- data #4  24B  seq=4
2026-03-24 11:35:23 [DEBUG] __main__ — [transport:acc2] text-recv  action=data  id=17906f75
2026-03-24 11:35:23 [DEBUG] __main__ — [transport:acc2] text-recv  action=close  id=17906f75
2026-03-24 11:35:23 [DEBUG] __main__ — [17906f75] <- data #5  31B  seq=3
2026-03-24 11:35:23 [INFO] __main__ — [17906f75] close requested last_seq=4
2026-03-24 11:35:23 [DEBUG] __main__ — [17906f75] socket closed
2026-03-24 11:35:23 [DEBUG] __main__ — [17906f75] remote EOF
2026-03-24 11:35:23 [INFO] __main__ — [17906f75] pipe done | rx=0B/0f (0.0 КБ/с)  tx=0B/0f (0.0 КБ/с)  0.0s
2026-03-24 11:35:24 [DEBUG] __main__ — [transport:acc2] dup ms=20 (expected=22), skip
2026-03-24 11:35:26 [DEBUG] __main__ — [transport:acc1] text-recv  action=connect  id=74792804
2026-03-24 11:35:26 [INFO] __main__ — [74792804] CONNECT → 188.40.167.82:443
2026-03-24 11:35:26 [INFO] __main__ — [74792804] TCP connected → 188.40.167.82:443  (1 мс)
2026-03-24 11:35:26 [DEBUG] __main__ — [transport:acc1] ctrl-send  len=48  action=ok  ms=7
2026-03-24 11:35:26 [DEBUG] __main__ — [transport:acc1] text-recv  action=data  id=74792804
2026-03-24 11:35:26 [DEBUG] __main__ — [74792804] <- data #1  517B  seq=0
2026-03-24 11:35:26 [DEBUG] __main__ — [74792804] -> #1  3134B  seq=0
2026-03-24 11:35:26 [DEBUG] __main__ — [transport:acc1] file-send  size=3189  action=data  seq=0  prio=0
2026-03-24 11:35:26 [DEBUG] __main__ — [transport:acc1] upload ok  fileId=2996194114  size=3189
2026-03-24 11:35:27 [DEBUG] __main__ — [transport:acc1] пропускаем свой исходящий файл fileId=2996194114
2026-03-24 11:35:27 [DEBUG] __main__ — [transport:acc1] text-recv  action=data  id=74792804
2026-03-24 11:35:27 [DEBUG] __main__ — [74792804] <- data #2  186B  seq=2
2026-03-24 11:35:27 [DEBUG] __main__ — [transport:acc2] text-recv  action=data  id=74792804
2026-03-24 11:35:27 [DEBUG] __main__ — [74792804] <- data #3  80B  seq=1
2026-03-24 11:35:27 [DEBUG] __main__ — [74792804] -> #2  766B  seq=1
2026-03-24 11:35:27 [DEBUG] __main__ — [transport:acc2] text-send  len=1090  action=data  ms=11
2026-03-24 11:35:27 [DEBUG] __main__ — [transport:acc1] gap ms=27..27, sending nack (attempt 1)
2026-03-24 11:35:28 [DEBUG] __main__ — [transport:acc1] text-recv  action=data  id=74792804
2026-03-24 11:35:28 [DEBUG] __main__ — [transport:acc1] text-recv  action=close  id=74792804
2026-03-24 11:35:28 [DEBUG] __main__ — [74792804] <- data #4  24B  seq=4
2026-03-24 11:35:28 [INFO] __main__ — [74792804] close requested last_seq=4
2026-03-24 11:35:28 [DEBUG] __main__ — [transport:acc2] text-recv  action=data  id=74792804
2026-03-24 11:35:28 [DEBUG] __main__ — [74792804] <- data #5  31B  seq=3
2026-03-24 11:35:28 [DEBUG] __main__ — [74792804] socket closed
2026-03-24 11:35:28 [DEBUG] __main__ — [74792804] remote EOF
2026-03-24 11:35:28 [INFO] __main__ — [74792804] pipe done | rx=0B/0f (0.0 КБ/с)  tx=0B/0f (0.0 КБ/с)  0.0s
2026-03-24 11:35:29 [DEBUG] __main__ — [transport:acc1] dup ms=27 (expected=29), skip
2026-03-24 11:35:30 [DEBUG] __main__ — [transport:acc2] text-recv  action=connect  id=611c7768
2026-03-24 11:35:30 [INFO] __main__ — [611c7768] CONNECT → 188.40.167.82:443
2026-03-24 11:35:30 [INFO] __main__ — [611c7768] TCP connected → 188.40.167.82:443  (0 мс)
2026-03-24 11:35:30 [DEBUG] __main__ — [transport:acc2] ctrl-send  len=49  action=ok  ms=12
2026-03-24 11:35:31 [DEBUG] __main__ — [transport:acc1] text-recv  action=data  id=611c7768
2026-03-24 11:35:31 [DEBUG] __main__ — [611c7768] <- data #1  517B  seq=0
2026-03-24 11:35:31 [DEBUG] __main__ — [611c7768] -> #1  3134B  seq=0
2026-03-24 11:35:31 [DEBUG] __main__ — [transport:acc1] file-send  size=3189  action=data  seq=0  prio=0
2026-03-24 11:35:31 [DEBUG] __main__ — [transport:acc1] upload ok  fileId=2987096661  size=3189
2026-03-24 11:35:32 [DEBUG] __main__ — [transport:acc1] пропускаем свой исходящий файл fileId=2987096661
2026-03-24 11:35:32 [DEBUG] __main__ — [transport:acc1] text-recv  action=data  id=611c7768
2026-03-24 11:35:32 [DEBUG] __main__ — [611c7768] <- data #2  186B  seq=2
2026-03-24 11:35:32 [DEBUG] __main__ — [transport:acc2] text-recv  action=data  id=611c7768
2026-03-24 11:35:32 [DEBUG] __main__ — [611c7768] <- data #3  80B  seq=1
2026-03-24 11:35:32 [DEBUG] __main__ — [611c7768] -> #2  744B  seq=1
2026-03-24 11:35:32 [DEBUG] __main__ — [transport:acc2] text-send  len=1058  action=data  ms=13
2026-03-24 11:35:32 [DEBUG] __main__ — [transport:acc2] gap ms=26..26, sending nack (attempt 1)
2026-03-24 11:35:33 [DEBUG] __main__ — [transport:acc1] text-recv  action=data  id=611c7768
2026-03-24 11:35:33 [DEBUG] __main__ — [611c7768] <- data #4  24B  seq=4
2026-03-24 11:35:33 [DEBUG] __main__ — [transport:acc2] text-recv  action=data  id=611c7768
2026-03-24 11:35:33 [DEBUG] __main__ — [transport:acc2] text-recv  action=close  id=611c7768
2026-03-24 11:35:33 [DEBUG] __main__ — [611c7768] <- data #5  31B  seq=3
2026-03-24 11:35:33 [INFO] __main__ — [611c7768] close requested last_seq=4
2026-03-24 11:35:33 [DEBUG] __main__ — [611c7768] socket closed
2026-03-24 11:35:33 [DEBUG] __main__ — [611c7768] remote EOF
2026-03-24 11:35:33 [INFO] __main__ — [611c7768] pipe done | rx=0B/0f (0.0 КБ/с)  tx=0B/0f (0.0 КБ/с)  0.0s
2026-03-24 11:35:34 [DEBUG] __main__ — [transport:acc2] dup ms=26 (expected=28), skip
2026-03-24 11:35:35 [INFO] __main__ — [poll] активных ссылок: 1
2026-03-24 11:35:38 [DEBUG] __main__ — [transport:acc1] text-recv  action=connect  id=74176559
2026-03-24 11:35:38 [INFO] __main__ — [74176559] CONNECT → 188.40.167.82:443
2026-03-24 11:35:38 [INFO] __main__ — [74176559] TCP connected → 188.40.167.82:443  (0 мс)
2026-03-24 11:35:38 [DEBUG] __main__ — [transport:acc1] ctrl-send  len=48  action=ok  ms=8
2026-03-24 11:35:40 [DEBUG] __main__ — [transport:acc1] text-recv  action=connect  id=74176559
2026-03-24 11:35:40 [INFO] __main__ — [74176559] CONNECT → 188.40.167.82:443
2026-03-24 11:35:40 [INFO] __main__ — [74176559] TCP connected → 188.40.167.82:443  (0 мс)
2026-03-24 11:35:40 [DEBUG] __main__ — [transport:acc1] ctrl-send  len=48  action=ok  ms=9
2026-03-24 11:35:42 [DEBUG] __main__ — [transport:acc1] text-recv  action=data  id=74176559
2026-03-24 11:35:42 [DEBUG] __main__ — [74176559] <- data #1  517B  seq=0
2026-03-24 11:35:44 [DEBUG] __main__ — [transport:server] keepalive sent
2026-03-24 11:35:44 [DEBUG] __main__ — [transport:server] keepalive sent
2026-03-24 11:36:09 [DEBUG] __main__ — [transport:server] keepalive sent
2026-03-24 11:36:09 [DEBUG] __main__ — [transport:server] keepalive sent
2026-03-24 11:36:15 [ERROR] __main__ — [poll] ошибка: 
2026-03-24 11:36:34 [DEBUG] __main__ — [74176559] -> #1  3134B  seq=0
2026-03-24 11:36:34 [DEBUG] __main__ — [transport:acc1] file-send  size=3189  action=data  seq=0  prio=0
2026-03-24 11:36:34 [DEBUG] __main__ — [transport:server] keepalive sent
2026-03-24 11:36:34 [DEBUG] __main__ — [transport:server] keepalive sent
2026-03-24 11:36:36 [DEBUG] __main__ — [transport:acc1] upload ok  fileId=2990609347  size=3189
2026-03-24 11:36:36 [DEBUG] __main__ — [transport:acc1] пропускаем свой исходящий файл fileId=2990609347
2026-03-24 11:36:39 [DEBUG] __main__ — [74176559] remote EOF
2026-03-24 11:36:39 [INFO] __main__ — [74176559] pipe done | rx=517B/1f (0.0 КБ/с)  tx=3134B/1f (0.1 КБ/с)  59.4s
2026-03-24 11:36:39 [DEBUG] __main__ — [74176559] socket closed
2026-03-24 11:36:39 [DEBUG] __main__ — [transport:acc1] ctrl-send  len=53  action=closed  ms=10
2026-03-24 11:36:39 [DEBUG] __main__ — [74176559] remote EOF
2026-03-24 11:36:39 [INFO] __main__ — [74176559] pipe done | rx=0B/0f (0.0 КБ/с)  tx=0B/0f (0.0 КБ/с)  0.0s
2026-03-24 11:36:46 [INFO] __main__ — [poll] активных ссылок: 1
2026-03-24 11:36:59 [DEBUG] __main__ — [transport:server] keepalive sent
2026-03-24 11:36:59 [DEBUG] __main__ — [transport:server] keepalive sent
2026-03-24 11:37:04 [DEBUG] __main__ — [transport:acc1] dup ms=0 (expected=35), skip
2026-03-24 11:37:16 [INFO] __main__ — [poll] активных ссылок: 1
2026-03-24 11:37:24 [DEBUG] __main__ — [transport:server] keepalive sent
2026-03-24 11:37:24 [DEBUG] __main__ — [transport:server] keepalive sent
2026-03-24 11:37:37 [DEBUG] __main__ — [proxy:self-chat] msg chat=239495589 sender=543835 text="New sign in to MAX\n\nSign in detected using your phone number 24 March 2026 13:37 MSK\n\nIf that wasn't you, go to Profile → Devices → End all sessions except the current one to prevent access to your information, chats and calls"
2026-03-24 11:37:46 [INFO] __main__ — [poll] активных ссылок: 1
2026-03-24 11:37:49 [DEBUG] __main__ — [transport:server] keepalive sent
2026-03-24 11:37:49 [DEBUG] __main__ — [transport:server] keepalive sent
2026-03-24 11:38:14 [DEBUG] __main__ — [transport:server] keepalive sent
2026-03-24 11:38:14 [DEBUG] __main__ — [transport:server] keepalive sent
2026-03-24 11:38:17 [INFO] __main__ — [poll] активных ссылок: 1
2026-03-24 11:38:37 [DEBUG] __main__ — [proxy:self-chat] msg chat=239495589 sender=543835 text="New sign in to MAX\n\nSign in detected using your phone number 24 March 2026 13:38 MSK\n\nIf that wasn't you, go to Profile → Devices → End all sessions except the current one to prevent access to your information, chats and calls"
2026-03-24 11:38:39 [DEBUG] __main__ — [transport:server] keepalive sent
2026-03-24 11:38:39 [DEBUG] __main__ — [transport:server] keepalive sent
2026-03-24 11:38:47 [INFO] __main__ — [poll] активных ссылок: 1
2026-03-24 11:39:04 [DEBUG] __main__ — [transport:server] keepalive sent
2026-03-24 11:39:04 [DEBUG] __main__ — [transport:server] keepalive sent
2026-03-24 11:39:17 [INFO] __main__ — [poll] активных ссылок: 1
2026-03-24 11:39:22 [DEBUG] __main__ — [proxy:self-chat] msg chat=240334618 sender=543835 text='Новый вход в MAX\n\nОбнаружили вход в профиль с вашим номером телефона 24 марта 2026 13:39 МСК\n\nЕсли это были не вы, перейдите в Профиль → Устройства → Завершить все сессии, кроме текущей, чтобы предотвратить нежелательный доступ к вашим данным, перепискам и звонкам'
2026-03-24 11:39:29 [DEBUG] __main__ — [transport:server] keepalive sent
2026-03-24 11:39:29 [DEBUG] __main__ — [transport:server] keepalive sent
2026-03-24 11:39:48 [INFO] __main__ — [poll] активных ссылок: 1
2026-03-24 11:39:54 [DEBUG] __main__ — [transport:server] keepalive sent
2026-03-24 11:39:54 [DEBUG] __main__ — [transport:server] keepalive sent
2026-03-24 11:40:01 [DEBUG] __main__ — [proxy:self-chat] msg chat=240334618 sender=543835 text="New sign in to MAX\n\nSign in detected using your phone number 24 March 2026 13:40 MSK\n\nIf that wasn't you, go to Profile → Devices → End all sessions except the current one to prevent access to your information, chats and calls"
2026-03-24 11:40:18 [INFO] __main__ — [poll] активных ссылок: 1
2026-03-24 11:40:19 [DEBUG] __main__ — [transport:server] keepalive sent
2026-03-24 11:40:19 [DEBUG] __main__ — [transport:server] keepalive sent
2026-03-24 11:40:23 [INFO] __main__ — [proxy:self-chat] остановлен
2026-03-24 11:40:23 [ERROR] asyncio — Unclosed client session
client_session: <aiohttp.client.ClientSession object at 0x733ab89924a0>
2026-03-24 11:40:23 [ERROR] asyncio — Unclosed client session
client_session: <aiohttp.client.ClientSession object at 0x733ab7d79ab0>
