2026-03-24 01:04:53 [INFO] __main__ — MAX Proxy SERVER запущен  viewer_id=240876353  transports=2
2026-03-24 01:04:53 [INFO] __main__ — Восстановлено 1 сессий из sessions.json
2026-03-24 01:04:53 [INFO] __main__ — [proxy:self-chat] WS подключение (chat_id=0, transports=2)
2026-03-24 01:04:53 [INFO] __main__ — [poll] активных ссылок: 1
2026-03-24 01:04:53 [INFO] __main__ — Авторизован [server:acc2], chatId=0
2026-03-24 01:04:54 [INFO] __main__ — Авторизован [server:acc1], chatId=0
2026-03-24 01:04:59 [DEBUG] __main__ — [transport:acc1] text-recv  action=connect  id=bfc8a433
2026-03-24 01:04:59 [INFO] __main__ — [bfc8a433] CONNECT → 81.19.72.32:443
2026-03-24 01:04:59 [INFO] __main__ — [bfc8a433] TCP connected → 81.19.72.32:443  (1 мс)
2026-03-24 01:04:59 [DEBUG] __main__ — [transport:acc1] text-send  len=41  action=ok
2026-03-24 01:04:59 [DEBUG] __main__ — [transport:acc1] text-recv  action=data  id=bfc8a433
2026-03-24 01:04:59 [DEBUG] __main__ — [bfc8a433] <- data #1  517B  seq=0
2026-03-24 01:04:59 [DEBUG] __main__ — [bfc8a433] -> #1  2900B  seq=0
2026-03-24 01:04:59 [DEBUG] __main__ — [transport:acc1] file-send  size=2955  action=data
2026-03-24 01:04:59 [DEBUG] __main__ — [bfc8a433] -> #2  841B  seq=1
2026-03-24 01:04:59 [DEBUG] __main__ — [transport:acc2] text-send  len=1182  action=data
2026-03-24 01:05:00 [DEBUG] __main__ — [transport:acc1] upload ok  fileId=2988770022  size=2955
2026-03-24 01:05:01 [DEBUG] __main__ — [transport:acc1] пропускаем свой исходящий файл fileId=2988770022
2026-03-24 01:05:01 [DEBUG] __main__ — [transport:acc2] text-recv  action=data  id=bfc8a433
2026-03-24 01:05:01 [DEBUG] __main__ — [bfc8a433] <- data #2  93B  seq=1
2026-03-24 01:05:02 [DEBUG] __main__ — [bfc8a433] -> #3  120B  seq=2
2026-03-24 01:05:02 [DEBUG] __main__ — [transport:acc1] text-send  len=218  action=data
2026-03-24 01:05:02 [DEBUG] __main__ — [transport:acc1] text-recv  action=data  id=bfc8a433
2026-03-24 01:05:02 [DEBUG] __main__ — [bfc8a433] <- data #3  253B  seq=2
2026-03-24 01:05:02 [DEBUG] __main__ — [bfc8a433] -> #4  2900B  seq=3
2026-03-24 01:05:02 [DEBUG] __main__ — [transport:acc2] file-send  size=2955  action=data
2026-03-24 01:05:02 [DEBUG] __main__ — [bfc8a433] -> #5  2900B  seq=4
2026-03-24 01:05:02 [DEBUG] __main__ — [transport:acc1] file-send  size=2955  action=data
2026-03-24 01:05:02 [DEBUG] __main__ — [bfc8a433] -> #6  2900B  seq=5
2026-03-24 01:05:02 [DEBUG] __main__ — [bfc8a433] -> #7  816B  seq=6
2026-03-24 01:05:02 [DEBUG] __main__ — [bfc8a433] -> #8  2900B  seq=7
2026-03-24 01:05:02 [DEBUG] __main__ — [bfc8a433] -> #9  2900B  seq=8
2026-03-24 01:05:02 [DEBUG] __main__ — [bfc8a433] -> #10  2900B  seq=9
2026-03-24 01:05:02 [DEBUG] __main__ — [bfc8a433] -> #11  2900B  seq=10
2026-03-24 01:05:02 [DEBUG] __main__ — [bfc8a433] -> #12  2900B  seq=11
2026-03-24 01:05:02 [DEBUG] __main__ — [bfc8a433] -> #13  2900B  seq=12
2026-03-24 01:05:02 [DEBUG] __main__ — [bfc8a433] -> #14  2900B  seq=13
2026-03-24 01:05:02 [DEBUG] __main__ — [bfc8a433] -> #15  2900B  seq=14
2026-03-24 01:05:02 [DEBUG] __main__ — [bfc8a433] -> #16  2900B  seq=15
2026-03-24 01:05:02 [DEBUG] __main__ — [bfc8a433] -> #17  2900B  seq=16
2026-03-24 01:05:02 [DEBUG] __main__ — [bfc8a433] -> #18  1408B  seq=17
2026-03-24 01:05:02 [DEBUG] __main__ — [bfc8a433] -> #19  2900B  seq=18
2026-03-24 01:05:02 [DEBUG] __main__ — [bfc8a433] -> #20  2900B  seq=19
2026-03-24 01:05:02 [DEBUG] __main__ — [bfc8a433] -> #21  2900B  seq=20
2026-03-24 01:05:02 [DEBUG] __main__ — [bfc8a433] -> #22  2900B  seq=21
2026-03-24 01:05:02 [DEBUG] __main__ — [bfc8a433] -> #23  2900B  seq=22
2026-03-24 01:05:02 [DEBUG] __main__ — [bfc8a433] -> #24  2900B  seq=23
2026-03-24 01:05:02 [DEBUG] __main__ — [bfc8a433] -> #25  2900B  seq=24
2026-03-24 01:05:02 [DEBUG] __main__ — [bfc8a433] -> #26  1420B  seq=25
2026-03-24 01:05:02 [DEBUG] __main__ — [bfc8a433] -> #27  2900B  seq=26
2026-03-24 01:05:02 [DEBUG] __main__ — [bfc8a433] -> #28  2900B  seq=27
2026-03-24 01:05:02 [DEBUG] __main__ — [bfc8a433] -> #29  2900B  seq=28
2026-03-24 01:05:02 [DEBUG] __main__ — [bfc8a433] -> #30  2900B  seq=29
2026-03-24 01:05:02 [DEBUG] __main__ — [bfc8a433] -> #31  2900B  seq=30
2026-03-24 01:05:02 [DEBUG] __main__ — [bfc8a433] -> #32  2900B  seq=31
2026-03-24 01:05:02 [DEBUG] __main__ — [bfc8a433] -> #33  2900B  seq=32
2026-03-24 01:05:02 [DEBUG] __main__ — [bfc8a433] -> #34  2900B  seq=33
2026-03-24 01:05:02 [DEBUG] __main__ — [bfc8a433] -> #35  2900B  seq=34
2026-03-24 01:05:02 [DEBUG] __main__ — [bfc8a433] -> #36  2900B  seq=35
2026-03-24 01:05:02 [DEBUG] __main__ — [bfc8a433] -> #37  2900B  seq=36
2026-03-24 01:05:02 [DEBUG] __main__ — [bfc8a433] -> #38  2900B  seq=37
2026-03-24 01:05:02 [DEBUG] __main__ — [bfc8a433] -> #39  2900B  seq=38
2026-03-24 01:05:02 [DEBUG] __main__ — [bfc8a433] -> #40  2900B  seq=39
2026-03-24 01:05:02 [DEBUG] __main__ — [bfc8a433] -> #41  2900B  seq=40
2026-03-24 01:05:02 [DEBUG] __main__ — [bfc8a433] -> #42  2900B  seq=41
2026-03-24 01:05:02 [DEBUG] __main__ — [bfc8a433] -> #43  2900B  seq=42
2026-03-24 01:05:02 [DEBUG] __main__ — [bfc8a433] -> #44  2900B  seq=43
2026-03-24 01:05:02 [DEBUG] __main__ — [bfc8a433] -> #45  2900B  seq=44
2026-03-24 01:05:02 [DEBUG] __main__ — [bfc8a433] -> #46  2900B  seq=45
2026-03-24 01:05:02 [DEBUG] __main__ — [bfc8a433] -> #47  2900B  seq=46
2026-03-24 01:05:02 [DEBUG] __main__ — [bfc8a433] -> #48  2900B  seq=47
2026-03-24 01:05:02 [DEBUG] __main__ — [bfc8a433] -> #49  2900B  seq=48
2026-03-24 01:05:02 [DEBUG] __main__ — [bfc8a433] -> #50  2900B  seq=49
2026-03-24 01:05:02 [DEBUG] __main__ — [bfc8a433] -> #51  2900B  seq=50
2026-03-24 01:05:02 [DEBUG] __main__ — [bfc8a433] -> #52  2900B  seq=51
2026-03-24 01:05:02 [DEBUG] __main__ — [bfc8a433] -> #53  2900B  seq=52
2026-03-24 01:05:02 [DEBUG] __main__ — [bfc8a433] -> #54  2900B  seq=53
2026-03-24 01:05:02 [DEBUG] __main__ — [bfc8a433] -> #55  1639B  seq=54
2026-03-24 01:05:02 [DEBUG] __main__ — [transport:acc1] upload ok  fileId=2984111975  size=2955
2026-03-24 01:05:02 [DEBUG] __main__ — [transport:acc1] text-send  len=1146  action=data
2026-03-24 01:05:02 [DEBUG] __main__ — [transport:acc1] file-send  size=2955  action=data
2026-03-24 01:05:02 [DEBUG] __main__ — [transport:acc2] upload ok  fileId=2990848083  size=2955
2026-03-24 01:05:03 [DEBUG] __main__ — [transport:acc1] пропускаем свой исходящий файл fileId=2984111975
2026-03-24 01:05:03 [DEBUG] __main__ — [transport:acc1] upload ok  fileId=2986994626  size=2955
2026-03-24 01:05:03 [DEBUG] __main__ — [transport:acc2] file-send  size=2955  action=data
2026-03-24 01:05:03 [DEBUG] __main__ — [transport:acc2] пропускаем свой исходящий файл fileId=2990848083
2026-03-24 01:05:03 [DEBUG] __main__ — [transport:acc1] file-send  size=2956  action=data
2026-03-24 01:05:03 [DEBUG] __main__ — [transport:acc2] upload ok  fileId=2987854577  size=2955
2026-03-24 01:05:03 [DEBUG] __main__ — [transport:acc1] пропускаем свой исходящий файл fileId=2986994626
2026-03-24 01:05:03 [DEBUG] __main__ — [transport:acc1] upload ok  fileId=2985007133  size=2956
2026-03-24 01:05:03 [DEBUG] __main__ — [transport:acc2] file-send  size=2955  action=data
2026-03-24 01:05:04 [DEBUG] __main__ — [transport:acc2] пропускаем свой исходящий файл fileId=2987854577
2026-03-24 01:05:04 [DEBUG] __main__ — [transport:acc1] file-send  size=2956  action=data
2026-03-24 01:05:04 [DEBUG] __main__ — [transport:acc2] upload ok  fileId=2989274987  size=2955
2026-03-24 01:05:04 [DEBUG] __main__ — [transport:acc1] пропускаем свой исходящий файл fileId=2985007133
2026-03-24 01:05:04 [DEBUG] __main__ — [transport:acc1] upload ok  fileId=2990233716  size=2956
2026-03-24 01:05:04 [DEBUG] __main__ — [transport:acc2] file-send  size=2955  action=data
2026-03-24 01:05:04 [DEBUG] __main__ — [transport:acc2] пропускаем свой исходящий файл fileId=2989274987
2026-03-24 01:05:04 [DEBUG] __main__ — [transport:acc1] file-send  size=2956  action=data
2026-03-24 01:05:04 [DEBUG] __main__ — [transport:acc2] upload ok  fileId=2988560329  size=2955
2026-03-24 01:05:04 [DEBUG] __main__ — [transport:acc1] пропускаем свой исходящий файл fileId=2990233716
2026-03-24 01:05:05 [DEBUG] __main__ — [transport:acc1] upload ok  fileId=2978673076  size=2956
2026-03-24 01:05:05 [DEBUG] __main__ — [transport:acc2] file-send  size=2956  action=data
2026-03-24 01:05:05 [DEBUG] __main__ — [transport:acc2] пропускаем свой исходящий файл fileId=2988560329
2026-03-24 01:05:05 [DEBUG] __main__ — [transport:acc1] file-send  size=2956  action=data
2026-03-24 01:05:05 [DEBUG] __main__ — [transport:acc2] upload ok  fileId=2988277246  size=2956
2026-03-24 01:05:05 [DEBUG] __main__ — [transport:acc1] пропускаем свой исходящий файл fileId=2978673076
2026-03-24 01:05:05 [DEBUG] __main__ — [transport:acc1] upload ok  fileId=2988545262  size=2956
2026-03-24 01:05:05 [DEBUG] __main__ — [transport:acc2] file-send  size=2956  action=data
2026-03-24 01:05:05 [DEBUG] __main__ — [transport:acc2] пропускаем свой исходящий файл fileId=2988277246
2026-03-24 01:05:05 [DEBUG] __main__ — [transport:acc1] file-send  size=2956  action=data
2026-03-24 01:05:05 [DEBUG] __main__ — [transport:acc2] upload ok  fileId=2985223501  size=2956
2026-03-24 01:05:06 [DEBUG] __main__ — [transport:acc1] пропускаем свой исходящий файл fileId=2988545262
2026-03-24 01:05:06 [DEBUG] __main__ — [transport:acc1] upload ok  fileId=2985136984  size=2956
2026-03-24 01:05:06 [DEBUG] __main__ — [transport:acc2] file-send  size=2956  action=data
2026-03-24 01:05:06 [DEBUG] __main__ — [transport:acc2] пропускаем свой исходящий файл fileId=2985223501
2026-03-24 01:05:06 [DEBUG] __main__ — [transport:acc1] file-send  size=2956  action=data
2026-03-24 01:05:06 [DEBUG] __main__ — [transport:acc2] upload ok  fileId=2994247078  size=2956
2026-03-24 01:05:06 [DEBUG] __main__ — [transport:acc1] пропускаем свой исходящий файл fileId=2985136984
2026-03-24 01:05:06 [DEBUG] __main__ — [transport:acc1] upload ok  fileId=2990279845  size=2956
2026-03-24 01:05:06 [DEBUG] __main__ — [transport:acc2] text-send  len=1939  action=data
2026-03-24 01:05:06 [DEBUG] __main__ — [transport:acc2] file-send  size=2956  action=data
2026-03-24 01:05:07 [DEBUG] __main__ — [transport:acc2] пропускаем свой исходящий файл fileId=2994247078
2026-03-24 01:05:07 [DEBUG] __main__ — [transport:acc1] file-send  size=2956  action=data
2026-03-24 01:05:07 [DEBUG] __main__ — [transport:acc1] пропускаем свой исходящий файл fileId=2990279845
2026-03-24 01:05:07 [DEBUG] __main__ — [transport:acc2] upload ok  fileId=2992877613  size=2956
2026-03-24 01:05:07 [DEBUG] __main__ — [transport:acc1] upload ok  fileId=2986139085  size=2956
2026-03-24 01:05:07 [DEBUG] __main__ — [transport:acc2] file-send  size=2956  action=data
2026-03-24 01:05:07 [DEBUG] __main__ — [transport:acc2] пропускаем свой исходящий файл fileId=2992877613
2026-03-24 01:05:07 [DEBUG] __main__ — [transport:acc1] file-send  size=2956  action=data
2026-03-24 01:05:07 [DEBUG] __main__ — [transport:acc1] пропускаем свой исходящий файл fileId=2986139085
2026-03-24 01:05:07 [DEBUG] __main__ — [transport:acc2] upload ok  fileId=2980860784  size=2956
2026-03-24 01:05:07 [DEBUG] __main__ — [transport:acc1] upload ok  fileId=2992688687  size=2956
2026-03-24 01:05:08 [DEBUG] __main__ — [transport:acc2] file-send  size=2956  action=data
2026-03-24 01:05:08 [DEBUG] __main__ — [transport:acc2] пропускаем свой исходящий файл fileId=2980860784
2026-03-24 01:05:08 [DEBUG] __main__ — [transport:acc1] file-send  size=2956  action=data
2026-03-24 01:05:08 [DEBUG] __main__ — [transport:acc2] upload ok  fileId=2987936981  size=2956
2026-03-24 01:05:08 [DEBUG] __main__ — [transport:acc1] пропускаем свой исходящий файл fileId=2992688687
2026-03-24 01:05:08 [DEBUG] __main__ — [transport:acc1] upload ok  fileId=2980452484  size=2956
2026-03-24 01:05:08 [DEBUG] __main__ — [transport:acc2] text-send  len=1955  action=data
2026-03-24 01:05:08 [DEBUG] __main__ — [transport:acc2] file-send  size=2956  action=data
2026-03-24 01:05:08 [DEBUG] __main__ — [transport:acc2] пропускаем свой исходящий файл fileId=2987936981
2026-03-24 01:05:08 [DEBUG] __main__ — [transport:acc1] file-send  size=2956  action=data
2026-03-24 01:05:09 [DEBUG] __main__ — [transport:acc2] upload ok  fileId=2993462561  size=2956
2026-03-24 01:05:09 [DEBUG] __main__ — [transport:acc1] пропускаем свой исходящий файл fileId=2980452484
2026-03-24 01:05:09 [DEBUG] __main__ — [transport:acc1] upload ok  fileId=2976591315  size=2956
2026-03-24 01:05:09 [DEBUG] __main__ — [transport:acc2] file-send  size=2956  action=data
2026-03-24 01:05:09 [DEBUG] __main__ — [transport:acc2] пропускаем свой исходящий файл fileId=2993462561
2026-03-24 01:05:09 [DEBUG] __main__ — [transport:acc1] file-send  size=2956  action=data
2026-03-24 01:05:09 [DEBUG] __main__ — [transport:acc2] upload ok  fileId=2981364344  size=2956
2026-03-24 01:05:09 [DEBUG] __main__ — [transport:acc1] пропускаем свой исходящий файл fileId=2976591315
2026-03-24 01:05:09 [DEBUG] __main__ — [transport:acc1] upload ok  fileId=2992435756  size=2956
2026-03-24 01:05:09 [DEBUG] __main__ — [transport:acc2] file-send  size=2956  action=data
2026-03-24 01:05:10 [DEBUG] __main__ — [transport:acc2] пропускаем свой исходящий файл fileId=2981364344
2026-03-24 01:05:10 [DEBUG] __main__ — [transport:acc1] file-send  size=2956  action=data
2026-03-24 01:05:10 [DEBUG] __main__ — [transport:acc2] upload ok  fileId=2981067948  size=2956
2026-03-24 01:05:10 [DEBUG] __main__ — [transport:acc1] пропускаем свой исходящий файл fileId=2992435756
2026-03-24 01:05:10 [DEBUG] __main__ — [transport:acc1] upload ok  fileId=2984748708  size=2956
2026-03-24 01:05:10 [DEBUG] __main__ — [transport:acc2] file-send  size=2956  action=data
2026-03-24 01:05:10 [DEBUG] __main__ — [transport:acc2] пропускаем свой исходящий файл fileId=2981067948
2026-03-24 01:05:10 [DEBUG] __main__ — [transport:acc1] file-send  size=2956  action=data
2026-03-24 01:05:10 [DEBUG] __main__ — [transport:acc2] upload ok  fileId=2990231850  size=2956
2026-03-24 01:05:10 [DEBUG] __main__ — [transport:acc1] пропускаем свой исходящий файл fileId=2984748708
2026-03-24 01:05:11 [DEBUG] __main__ — [transport:acc1] upload ok  fileId=2993484027  size=2956
2026-03-24 01:05:11 [DEBUG] __main__ — [transport:acc2] file-send  size=2956  action=data
2026-03-24 01:05:11 [DEBUG] __main__ — [transport:acc2] пропускаем свой исходящий файл fileId=2990231850
2026-03-24 01:05:11 [DEBUG] __main__ — [transport:acc1] file-send  size=2956  action=data
2026-03-24 01:05:11 [DEBUG] __main__ — [transport:acc2] upload ok  fileId=2983421041  size=2956
2026-03-24 01:05:11 [DEBUG] __main__ — [transport:acc1] пропускаем свой исходящий файл fileId=2993484027
2026-03-24 01:05:11 [DEBUG] __main__ — [transport:acc1] upload ok  fileId=2985699942  size=2956
2026-03-24 01:05:11 [DEBUG] __main__ — [transport:acc2] file-send  size=2956  action=data
2026-03-24 01:05:11 [DEBUG] __main__ — [transport:acc2] пропускаем свой исходящий файл fileId=2983421041
2026-03-24 01:05:11 [DEBUG] __main__ — [transport:acc1] file-send  size=2956  action=data
2026-03-24 01:05:12 [DEBUG] __main__ — [transport:acc1] пропускаем свой исходящий файл fileId=2985699942
2026-03-24 01:05:12 [DEBUG] __main__ — [transport:acc2] upload ok  fileId=2986994882  size=2956
2026-03-24 01:05:12 [DEBUG] __main__ — [transport:acc1] upload ok  fileId=2990018179  size=2956
2026-03-24 01:05:12 [DEBUG] __main__ — [transport:acc2] file-send  size=2956  action=data
2026-03-24 01:05:12 [DEBUG] __main__ — [transport:acc2] пропускаем свой исходящий файл fileId=2986994882
2026-03-24 01:05:12 [DEBUG] __main__ — [transport:acc1] file-send  size=2956  action=data
2026-03-24 01:05:12 [DEBUG] __main__ — [transport:acc2] upload ok  fileId=2993664803  size=2956
2026-03-24 01:05:12 [DEBUG] __main__ — [transport:acc1] пропускаем свой исходящий файл fileId=2990018179
2026-03-24 01:05:12 [DEBUG] __main__ — [transport:acc1] upload ok  fileId=2986824167  size=2956
2026-03-24 01:05:12 [DEBUG] __main__ — [transport:acc2] file-send  size=2956  action=data
2026-03-24 01:05:12 [DEBUG] __main__ — [transport:acc2] пропускаем свой исходящий файл fileId=2993664803
2026-03-24 01:05:13 [DEBUG] __main__ — [transport:acc1] file-send  size=2956  action=data
2026-03-24 01:05:13 [DEBUG] __main__ — [transport:acc2] upload ok  fileId=2988434010  size=2956
2026-03-24 01:05:13 [DEBUG] __main__ — [transport:acc1] пропускаем свой исходящий файл fileId=2986824167
2026-03-24 01:05:13 [DEBUG] __main__ — [transport:acc1] upload ok  fileId=2991584302  size=2956
2026-03-24 01:05:13 [DEBUG] __main__ — [transport:acc2] file-send  size=2956  action=data
2026-03-24 01:05:13 [DEBUG] __main__ — [transport:acc2] пропускаем свой исходящий файл fileId=2988434010
2026-03-24 01:05:13 [DEBUG] __main__ — [transport:acc1] file-send  size=2956  action=data
2026-03-24 01:05:13 [DEBUG] __main__ — [transport:acc2] upload ok  fileId=2980452740  size=2956
2026-03-24 01:05:13 [DEBUG] __main__ — [transport:acc1] пропускаем свой исходящий файл fileId=2991584302
2026-03-24 01:05:13 [DEBUG] __main__ — [transport:acc2] file-send  size=2956  action=data
2026-03-24 01:05:14 [DEBUG] __main__ — [transport:acc1] upload ok  fileId=2979861920  size=2956
2026-03-24 01:05:14 [DEBUG] __main__ — [transport:acc2] пропускаем свой исходящий файл fileId=2980452740
2026-03-24 01:05:14 [DEBUG] __main__ — [transport:acc1] file-send  size=2956  action=data
2026-03-24 01:05:14 [DEBUG] __main__ — [transport:acc2] upload ok  fileId=2992003513  size=2956
2026-03-24 01:05:14 [DEBUG] __main__ — [transport:acc1] пропускаем свой исходящий файл fileId=2979861920
2026-03-24 01:05:14 [DEBUG] __main__ — [transport:acc1] upload ok  fileId=2988335077  size=2956
2026-03-24 01:05:14 [DEBUG] __main__ — [transport:acc2] file-send  size=2956  action=data
2026-03-24 01:05:14 [DEBUG] __main__ — [transport:acc2] пропускаем свой исходящий файл fileId=2992003513
2026-03-24 01:05:14 [DEBUG] __main__ — [transport:acc2] upload ok  fileId=2990098194  size=2956
2026-03-24 01:05:15 [DEBUG] __main__ — [transport:acc1] file-send  size=2956  action=data
2026-03-24 01:05:15 [DEBUG] __main__ — [transport:acc2] file-send  size=2956  action=data
2026-03-24 01:05:15 [DEBUG] __main__ — [transport:acc2] пропускаем свой исходящий файл fileId=2990098194
2026-03-24 01:05:15 [DEBUG] __main__ — [transport:acc1] пропускаем свой исходящий файл fileId=2988335077
2026-03-24 01:05:15 [DEBUG] __main__ — [transport:acc1] upload ok  fileId=2986091134  size=2956
2026-03-24 01:05:15 [DEBUG] __main__ — [transport:acc2] upload ok  fileId=2983421809  size=2956
2026-03-24 01:05:15 [DEBUG] __main__ — [transport:acc1] file-send  size=2956  action=data
2026-03-24 01:05:15 [DEBUG] __main__ — [transport:acc2] file-send  size=2956  action=data
2026-03-24 01:05:15 [DEBUG] __main__ — [transport:acc2] пропускаем свой исходящий файл fileId=2983421809
2026-03-24 01:05:15 [DEBUG] __main__ — [transport:acc1] пропускаем свой исходящий файл fileId=2986091134
2026-03-24 01:05:16 [DEBUG] __main__ — [transport:acc1] upload ok  fileId=2993033193  size=2956
2026-03-24 01:05:16 [DEBUG] __main__ — [transport:acc2] upload ok  fileId=2977144031  size=2956
2026-03-24 01:05:16 [DEBUG] __main__ — [transport:acc1] file-send  size=2956  action=data
2026-03-24 01:05:16 [DEBUG] __main__ — [transport:acc2] file-send  size=2956  action=data
2026-03-24 01:05:16 [DEBUG] __main__ — [transport:acc2] пропускаем свой исходящий файл fileId=2977144031
2026-03-24 01:05:16 [DEBUG] __main__ — [transport:acc1] пропускаем свой исходящий файл fileId=2993033193
2026-03-24 01:05:16 [DEBUG] __main__ — [transport:acc2] upload ok  fileId=2986766143  size=2956
2026-03-24 01:05:16 [DEBUG] __main__ — [transport:acc1] upload ok  fileId=2986973259  size=2956
2026-03-24 01:05:17 [DEBUG] __main__ — [transport:acc1] text-send  len=2247  action=data
2026-03-24 01:05:17 [DEBUG] __main__ — [transport:acc2] пропускаем свой исходящий файл fileId=2986766143
2026-03-24 01:05:17 [DEBUG] __main__ — [transport:acc1] пропускаем свой исходящий файл fileId=2986973259
2026-03-24 01:05:17 [DEBUG] __main__ — [transport:acc1] text-recv  action=close  id=bfc8a433
2026-03-24 01:05:17 [INFO] __main__ — [bfc8a433] close requested last_seq=3
2026-03-24 01:05:17 [DEBUG] __main__ — [transport:acc2] text-recv  action=data  id=bfc8a433
2026-03-24 01:05:17 [DEBUG] __main__ — [bfc8a433] <- data #4  31B  seq=3
2026-03-24 01:05:17 [DEBUG] __main__ — [bfc8a433] socket closed
2026-03-24 01:05:17 [DEBUG] __main__ — [bfc8a433] remote EOF
2026-03-24 01:05:17 [INFO] __main__ — [bfc8a433] pipe done | rx=0B/0f (0.0 КБ/с)  tx=0B/0f (0.0 КБ/с)  0.0s
2026-03-24 01:05:18 [DEBUG] __main__ — [transport:server] keepalive sent
2026-03-24 01:05:18 [DEBUG] __main__ — [transport:server] keepalive sent
2026-03-24 01:05:23 [INFO] __main__ — [poll] активных ссылок: 1
2026-03-24 01:05:27 [DEBUG] __main__ — [transport:acc2] text-recv  action=connect  id=4f46f4b1
2026-03-24 01:05:27 [INFO] __main__ — [4f46f4b1] CONNECT → www.google.com:443
2026-03-24 01:05:27 [INFO] __main__ — [4f46f4b1] TCP connected → www.google.com:443  (125 мс)
2026-03-24 01:05:27 [DEBUG] __main__ — [transport:acc2] text-send  len=41  action=ok
2026-03-24 01:05:28 [DEBUG] __main__ — [transport:acc1] text-recv  action=data  id=4f46f4b1
2026-03-24 01:05:28 [DEBUG] __main__ — [4f46f4b1] <- data #1  1756B  seq=0
2026-03-24 01:05:28 [DEBUG] __main__ — [4f46f4b1] -> #1  2900B  seq=0
2026-03-24 01:05:28 [DEBUG] __main__ — [transport:acc1] file-send  size=2955  action=data
2026-03-24 01:05:28 [DEBUG] __main__ — [4f46f4b1] -> #2  2480B  seq=1
2026-03-24 01:05:28 [DEBUG] __main__ — [transport:acc2] file-send  size=2535  action=data
2026-03-24 01:05:28 [DEBUG] __main__ — [transport:acc1] upload ok  fileId=2992107582  size=2955
2026-03-24 01:05:28 [DEBUG] __main__ — [transport:acc2] upload ok  fileId=2990921266  size=2535
2026-03-24 01:05:28 [DEBUG] __main__ — [transport:acc1] text-recv  action=connect  id=e2d1825a
2026-03-24 01:05:28 [INFO] __main__ — [e2d1825a] CONNECT → www.google.com:443
2026-03-24 01:05:28 [DEBUG] __main__ — [transport:acc2] text-recv  action=connect  id=f2cf7542
2026-03-24 01:05:28 [INFO] __main__ — [f2cf7542] CONNECT → www.google.com:443
2026-03-24 01:05:28 [INFO] __main__ — [e2d1825a] TCP connected → www.google.com:443  (179 мс)
2026-03-24 01:05:28 [DEBUG] __main__ — [transport:acc1] text-send  len=41  action=ok
2026-03-24 01:05:28 [INFO] __main__ — [f2cf7542] TCP connected → www.google.com:443  (120 мс)
2026-03-24 01:05:28 [DEBUG] __main__ — [transport:acc2] text-send  len=41  action=ok
2026-03-24 01:05:28 [DEBUG] __main__ — [transport:acc2] пропускаем свой исходящий файл fileId=2990921266
2026-03-24 01:05:28 [DEBUG] __main__ — [transport:acc1] пропускаем свой исходящий файл fileId=2992107582
2026-03-24 01:05:28 [DEBUG] __main__ — [transport:acc1] text-recv  action=connect  id=b9ce2914
2026-03-24 01:05:28 [INFO] __main__ — [b9ce2914] CONNECT → www.google.com:443
2026-03-24 01:05:29 [INFO] __main__ — [b9ce2914] TCP connected → www.google.com:443  (76 мс)
2026-03-24 01:05:29 [DEBUG] __main__ — [transport:acc1] text-send  len=41  action=ok
2026-03-24 01:05:29 [DEBUG] __main__ — [transport:acc1] text-recv  action=data  id=e2d1825a
2026-03-24 01:05:29 [DEBUG] __main__ — [e2d1825a] <- data #1  1820B  seq=0
2026-03-24 01:05:29 [DEBUG] __main__ — [transport:acc2] text-recv  action=connect  id=6db5d360
2026-03-24 01:05:29 [INFO] __main__ — [6db5d360] CONNECT → www.google.com:443
2026-03-24 01:05:29 [DEBUG] __main__ — [transport:acc1] text-recv  action=data  id=f2cf7542
2026-03-24 01:05:29 [DEBUG] __main__ — [f2cf7542] <- data #1  1724B  seq=0
2026-03-24 01:05:29 [DEBUG] __main__ — [e2d1825a] -> #1  2900B  seq=0
2026-03-24 01:05:29 [DEBUG] __main__ — [transport:acc1] file-send  size=2955  action=data
2026-03-24 01:05:29 [DEBUG] __main__ — [e2d1825a] -> #2  1175B  seq=1
2026-03-24 01:05:29 [DEBUG] __main__ — [transport:acc2] text-send  len=1626  action=data
2026-03-24 01:05:29 [INFO] __main__ — [6db5d360] TCP connected → www.google.com:443  (101 мс)
2026-03-24 01:05:29 [DEBUG] __main__ — [transport:acc2] text-send  len=41  action=ok
2026-03-24 01:05:29 [DEBUG] __main__ — [f2cf7542] -> #1  2900B  seq=0
2026-03-24 01:05:29 [DEBUG] __main__ — [f2cf7542] -> #2  1175B  seq=1
2026-03-24 01:05:29 [DEBUG] __main__ — [transport:acc2] text-send  len=1626  action=data
2026-03-24 01:05:29 [DEBUG] __main__ — [transport:acc1] text-recv  action=data  id=4f46f4b1
2026-03-24 01:05:29 [DEBUG] __main__ — [4f46f4b1] <- data #2  1841B  seq=2
2026-03-24 01:05:29 [DEBUG] __main__ — [transport:acc1] text-recv  action=data  id=b9ce2914
2026-03-24 01:05:29 [DEBUG] __main__ — [b9ce2914] <- data #1  1788B  seq=0
2026-03-24 01:05:29 [DEBUG] __main__ — [b9ce2914] -> #1  2900B  seq=0
2026-03-24 01:05:29 [DEBUG] __main__ — [b9ce2914] -> #2  2480B  seq=1
2026-03-24 01:05:29 [DEBUG] __main__ — [transport:acc2] file-send  size=2535  action=data
2026-03-24 01:05:29 [DEBUG] __main__ — [transport:acc1] upload ok  fileId=2976591827  size=2955
2026-03-24 01:05:29 [DEBUG] __main__ — [transport:acc1] text-recv  action=data  id=4f46f4b1
2026-03-24 01:05:29 [DEBUG] __main__ — [4f46f4b1] <- data #3  1705B  seq=4
2026-03-24 01:05:29 [DEBUG] __main__ — [transport:acc1] text-recv  action=data  id=6db5d360
2026-03-24 01:05:29 [DEBUG] __main__ — [6db5d360] <- data #1  1788B  seq=0
2026-03-24 01:05:29 [DEBUG] __main__ — [transport:acc2] upload ok  fileId=2980777653  size=2535
2026-03-24 01:05:29 [DEBUG] __main__ — [6db5d360] -> #1  2900B  seq=0
2026-03-24 01:05:29 [DEBUG] __main__ — [transport:acc1] text-recv  action=data  id=4f46f4b1
2026-03-24 01:05:29 [DEBUG] __main__ — [4f46f4b1] <- data #4  1701B  seq=6
2026-03-24 01:05:29 [DEBUG] __main__ — [6db5d360] -> #2  1174B  seq=1
2026-03-24 01:05:29 [DEBUG] __main__ — [transport:acc1] file-send  size=2955  action=data
2026-03-24 01:05:29 [DEBUG] __main__ — [transport:acc1] text-recv  action=data  id=4f46f4b1
2026-03-24 01:05:29 [DEBUG] __main__ — [transport:acc1] пропускаем свой исходящий файл fileId=2976591827
2026-03-24 01:05:29 [DEBUG] __main__ — [4f46f4b1] <- data #5  1696B  seq=8
2026-03-24 01:05:29 [DEBUG] __main__ — [transport:acc2] text-send  len=1626  action=data
2026-03-24 01:05:29 [DEBUG] __main__ — [transport:acc1] upload ok  fileId=2985746949  size=2955
2026-03-24 01:05:30 [DEBUG] __main__ — [transport:acc2] пропускаем свой исходящий файл fileId=2980777653
2026-03-24 01:05:30 [DEBUG] __main__ — [transport:acc1] file-send  size=2955  action=data
2026-03-24 01:05:30 [DEBUG] __main__ — [transport:acc1] пропускаем свой исходящий файл fileId=2985746949
2026-03-24 01:05:30 [DEBUG] __main__ — [transport:acc2] file-recv  fileId=2987191741  action=data
2026-03-24 01:05:30 [DEBUG] __main__ — [4f46f4b1] <- data #6  2900B  seq=1
2026-03-24 01:05:30 [DEBUG] __main__ — [transport:acc1] upload ok  fileId=2983540529  size=2955
2026-03-24 01:05:30 [DEBUG] __main__ — [4f46f4b1] -> #3  1047B  seq=2
2026-03-24 01:05:30 [DEBUG] __main__ — [4f46f4b1] -> #4  2174B  seq=3
2026-03-24 01:05:30 [DEBUG] __main__ — [transport:acc2] file-send  size=2229  action=data
2026-03-24 01:05:30 [DEBUG] __main__ — [transport:acc2] file-recv  fileId=2980021396  action=data
2026-03-24 01:05:30 [DEBUG] __main__ — [4f46f4b1] <- data #7  2900B  seq=3
2026-03-24 01:05:30 [DEBUG] __main__ — [4f46f4b1] -> #5  1729B  seq=4
2026-03-24 01:05:30 [DEBUG] __main__ — [transport:acc1] file-send  size=2955  action=data
2026-03-24 01:05:30 [DEBUG] __main__ — [transport:acc2] upload ok  fileId=2993393526  size=2229
2026-03-24 01:05:30 [DEBUG] __main__ — [transport:acc1] пропускаем свой исходящий файл fileId=2983540529
2026-03-24 01:05:31 [DEBUG] __main__ — [transport:acc1] upload ok  fileId=2991686543  size=2955
2026-03-24 01:05:31 [DEBUG] __main__ — [transport:acc2] пропускаем свой исходящий файл fileId=2993393526
2026-03-24 01:05:31 [DEBUG] __main__ — [transport:acc2] file-recv  fileId=2988465598  action=data
2026-03-24 01:05:31 [DEBUG] __main__ — [4f46f4b1] <- data #8  2900B  seq=5
2026-03-24 01:05:31 [DEBUG] __main__ — [4f46f4b1] -> #6  1159B  seq=5
2026-03-24 01:05:31 [DEBUG] __main__ — [transport:acc2] text-send  len=1606  action=data
2026-03-24 01:05:31 [DEBUG] __main__ — [transport:acc1] text-send  len=1454  action=data
2026-03-24 01:05:31 [DEBUG] __main__ — [transport:acc1] text-send  len=2366  action=data
2026-03-24 01:05:31 [DEBUG] __main__ — [transport:acc1] пропускаем свой исходящий файл fileId=2991686543
2026-03-24 01:05:31 [DEBUG] __main__ — [transport:acc2] text-recv  action=data  id=4f46f4b1
2026-03-24 01:05:31 [DEBUG] __main__ — [4f46f4b1] <- data #9  35B  seq=9
2026-03-24 01:05:31 [DEBUG] __main__ — [transport:acc1] file-recv  fileId=2990194786  action=data
2026-03-24 01:05:31 [DEBUG] __main__ — [4f46f4b1] <- data #10  2900B  seq=10
2026-03-24 01:05:31 [DEBUG] __main__ — [transport:acc2] text-recv  action=data  id=4f46f4b1
2026-03-24 01:05:31 [DEBUG] __main__ — [4f46f4b1] <- data #11  1693B  seq=13
2026-03-24 01:05:31 [DEBUG] __main__ — [transport:acc2] file-recv  fileId=2988673034  action=data
2026-03-24 01:05:31 [DEBUG] __main__ — [4f46f4b1] <- data #12  2900B  seq=7
2026-03-24 01:05:31 [DEBUG] __main__ — [transport:acc2] text-recv  action=data  id=4f46f4b1
2026-03-24 01:05:31 [DEBUG] __main__ — [transport:acc2] text-recv  action=data  id=4f46f4b1
2026-03-24 01:05:31 [DEBUG] __main__ — [4f46f4b1] <- data #13  1694B  seq=17
2026-03-24 01:05:31 [DEBUG] __main__ — [4f46f4b1] <- data #14  70B  seq=19
2026-03-24 01:05:32 [DEBUG] __main__ — [transport:acc1] file-recv  fileId=2984886698  action=data
2026-03-24 01:05:32 [DEBUG] __main__ — [4f46f4b1] <- data #15  2900B  seq=12
2026-03-24 01:05:32 [DEBUG] __main__ — [transport:acc1] file-recv  fileId=2992729316  action=data
2026-03-24 01:05:32 [DEBUG] __main__ — [4f46f4b1] <- data #16  2900B  seq=14
2026-03-24 01:05:33 [DEBUG] __main__ — [transport:acc2] text-recv  action=connect  id=d6965d44
2026-03-24 01:05:33 [INFO] __main__ — [d6965d44] CONNECT → eppo-proxy.phantom.app:443
2026-03-24 01:05:33 [DEBUG] __main__ — [transport:acc1] text-recv  action=connect  id=520b0bc5
2026-03-24 01:05:33 [INFO] __main__ — [520b0bc5] CONNECT → www.speedtest.net:443
2026-03-24 01:05:33 [INFO] __main__ — [d6965d44] TCP connected → eppo-proxy.phantom.app:443  (109 мс)
2026-03-24 01:05:33 [DEBUG] __main__ — [transport:acc2] text-send  len=41  action=ok
2026-03-24 01:05:33 [INFO] __main__ — [520b0bc5] TCP connected → www.speedtest.net:443  (63 мс)
2026-03-24 01:05:33 [DEBUG] __main__ — [transport:acc1] text-send  len=41  action=ok
2026-03-24 01:05:33 [DEBUG] __main__ — [transport:acc1] file-recv  fileId=2990848595  action=data
2026-03-24 01:05:33 [DEBUG] __main__ — [4f46f4b1] <- data #17  2900B  seq=16
2026-03-24 01:05:33 [DEBUG] __main__ — [transport:acc1] text-recv  action=data  id=d6965d44
2026-03-24 01:05:33 [DEBUG] __main__ — [d6965d44] <- data #1  2067B  seq=0
2026-03-24 01:05:33 [DEBUG] __main__ — [d6965d44] -> #1  1375B  seq=0
2026-03-24 01:05:33 [DEBUG] __main__ — [transport:acc1] text-send  len=1894  action=data
2026-03-24 01:05:33 [DEBUG] __main__ — [transport:acc1] text-recv  action=data  id=520b0bc5
2026-03-24 01:05:33 [DEBUG] __main__ — [520b0bc5] <- data #1  1998B  seq=0
2026-03-24 01:05:33 [DEBUG] __main__ — [transport:acc2] text-recv  action=connect  id=c44e86f0
2026-03-24 01:05:33 [INFO] __main__ — [c44e86f0] CONNECT → blowfish-blocklist-proxy.phantom.app:443
2026-03-24 01:05:33 [DEBUG] __main__ — [transport:acc1] text-recv  action=connect  id=843f8f2d
2026-03-24 01:05:33 [INFO] __main__ — [843f8f2d] CONNECT → data.phantom.app:443
2026-03-24 01:05:33 [DEBUG] __main__ — [520b0bc5] -> #1  1375B  seq=0
2026-03-24 01:05:33 [DEBUG] __main__ — [transport:acc1] text-send  len=1894  action=data
2026-03-24 01:05:33 [INFO] __main__ — [c44e86f0] TCP connected → blowfish-blocklist-proxy.phantom.app:443  (94 мс)
2026-03-24 01:05:33 [DEBUG] __main__ — [transport:acc2] text-send  len=41  action=ok
2026-03-24 01:05:33 [INFO] __main__ — [843f8f2d] TCP connected → data.phantom.app:443  (88 мс)
2026-03-24 01:05:33 [DEBUG] __main__ — [transport:acc1] text-send  len=41  action=ok
2026-03-24 01:05:33 [DEBUG] __main__ — [transport:acc2] text-recv  action=data  id=d6965d44
2026-03-24 01:05:33 [DEBUG] __main__ — [d6965d44] <- data #2  757B  seq=1
2026-03-24 01:05:33 [DEBUG] __main__ — [transport:acc2] text-recv  action=data  id=520b0bc5
2026-03-24 01:05:33 [DEBUG] __main__ — [520b0bc5] <- data #2  1659B  seq=1
2026-03-24 01:05:33 [DEBUG] __main__ — [d6965d44] -> #2  521B  seq=1
2026-03-24 01:05:33 [DEBUG] __main__ — [transport:acc2] text-send  len=754  action=data
2026-03-24 01:05:33 [DEBUG] __main__ — [520b0bc5] -> #2  521B  seq=1
2026-03-24 01:05:33 [DEBUG] __main__ — [transport:acc2] text-send  len=754  action=data
2026-03-24 01:05:33 [DEBUG] __main__ — [transport:acc1] text-recv  action=data  id=c44e86f0
2026-03-24 01:05:33 [DEBUG] __main__ — [c44e86f0] <- data #1  2017B  seq=0
2026-03-24 01:05:33 [DEBUG] __main__ — [d6965d44] -> #3  2900B  seq=2
2026-03-24 01:05:33 [DEBUG] __main__ — [transport:acc1] file-send  size=2955  action=data
2026-03-24 01:05:33 [DEBUG] __main__ — [d6965d44] -> #4  2900B  seq=3
2026-03-24 01:05:33 [DEBUG] __main__ — [transport:acc2] file-send  size=2955  action=data
2026-03-24 01:05:33 [DEBUG] __main__ — [d6965d44] -> #5  2900B  seq=4
2026-03-24 01:05:33 [DEBUG] __main__ — [d6965d44] -> #6  2900B  seq=5
2026-03-24 01:05:33 [DEBUG] __main__ — [d6965d44] -> #7  2900B  seq=6
2026-03-24 01:05:33 [DEBUG] __main__ — [d6965d44] -> #8  2900B  seq=7
2026-03-24 01:05:33 [DEBUG] __main__ — [d6965d44] -> #9  2900B  seq=8
2026-03-24 01:05:33 [DEBUG] __main__ — [d6965d44] -> #10  2900B  seq=9
2026-03-24 01:05:33 [DEBUG] __main__ — [d6965d44] -> #11  2900B  seq=10
2026-03-24 01:05:33 [DEBUG] __main__ — [d6965d44] -> #12  2900B  seq=11
2026-03-24 01:05:33 [DEBUG] __main__ — [d6965d44] -> #13  2900B  seq=12
2026-03-24 01:05:33 [DEBUG] __main__ — [d6965d44] -> #14  866B  seq=13
2026-03-24 01:05:33 [DEBUG] __main__ — [c44e86f0] -> #1  1375B  seq=0
2026-03-24 01:05:33 [DEBUG] __main__ — [d6965d44] -> #15  2900B  seq=14
2026-03-24 01:05:33 [DEBUG] __main__ — [d6965d44] -> #16  2900B  seq=15
2026-03-24 01:05:33 [DEBUG] __main__ — [d6965d44] -> #17  2900B  seq=16
2026-03-24 01:05:33 [DEBUG] __main__ — [d6965d44] -> #18  2900B  seq=17
2026-03-24 01:05:33 [DEBUG] __main__ — [d6965d44] -> #19  2900B  seq=18
2026-03-24 01:05:33 [DEBUG] __main__ — [d6965d44] -> #20  2900B  seq=19
2026-03-24 01:05:33 [DEBUG] __main__ — [d6965d44] -> #21  2900B  seq=20
2026-03-24 01:05:33 [DEBUG] __main__ — [d6965d44] -> #22  2900B  seq=21
2026-03-24 01:05:33 [DEBUG] __main__ — [d6965d44] -> #23  2900B  seq=22
2026-03-24 01:05:33 [DEBUG] __main__ — [d6965d44] -> #24  2900B  seq=23
2026-03-24 01:05:33 [DEBUG] __main__ — [d6965d44] -> #25  2900B  seq=24
2026-03-24 01:05:33 [DEBUG] __main__ — [d6965d44] -> #26  2900B  seq=25
2026-03-24 01:05:33 [DEBUG] __main__ — [d6965d44] -> #27  2900B  seq=26
2026-03-24 01:05:33 [DEBUG] __main__ — [d6965d44] -> #28  2900B  seq=27
2026-03-24 01:05:33 [DEBUG] __main__ — [d6965d44] -> #29  2900B  seq=28
2026-03-24 01:05:33 [DEBUG] __main__ — [d6965d44] -> #30  2900B  seq=29
2026-03-24 01:05:33 [DEBUG] __main__ — [d6965d44] -> #31  2900B  seq=30
2026-03-24 01:05:33 [DEBUG] __main__ — [d6965d44] -> #32  2900B  seq=31
2026-03-24 01:05:33 [DEBUG] __main__ — [d6965d44] -> #33  2900B  seq=32
2026-03-24 01:05:33 [DEBUG] __main__ — [d6965d44] -> #34  2900B  seq=33
2026-03-24 01:05:33 [DEBUG] __main__ — [d6965d44] -> #35  2900B  seq=34
2026-03-24 01:05:33 [DEBUG] __main__ — [d6965d44] -> #36  2900B  seq=35
2026-03-24 01:05:33 [DEBUG] __main__ — [d6965d44] -> #37  233B  seq=36
2026-03-24 01:05:33 [DEBUG] __main__ — [d6965d44] -> #38  2900B  seq=37
2026-03-24 01:05:33 [DEBUG] __main__ — [d6965d44] -> #39  2900B  seq=38
2026-03-24 01:05:33 [DEBUG] __main__ — [d6965d44] -> #40  2620B  seq=39
2026-03-24 01:05:33 [DEBUG] __main__ — [transport:acc1] text-recv  action=data  id=843f8f2d
2026-03-24 01:05:33 [DEBUG] __main__ — [843f8f2d] <- data #1  1758B  seq=0
2026-03-24 01:05:33 [DEBUG] __main__ — [d6965d44] -> #41  2900B  seq=40
2026-03-24 01:05:33 [DEBUG] __main__ — [d6965d44] -> #42  2900B  seq=41
2026-03-24 01:05:33 [DEBUG] __main__ — [d6965d44] -> #43  2900B  seq=42
2026-03-24 01:05:33 [DEBUG] __main__ — [d6965d44] -> #44  2900B  seq=43
2026-03-24 01:05:33 [DEBUG] __main__ — [d6965d44] -> #45  2900B  seq=44
2026-03-24 01:05:33 [DEBUG] __main__ — [d6965d44] -> #46  2900B  seq=45
2026-03-24 01:05:33 [DEBUG] __main__ — [d6965d44] -> #47  2900B  seq=46
2026-03-24 01:05:33 [DEBUG] __main__ — [d6965d44] -> #48  2900B  seq=47
2026-03-24 01:05:33 [DEBUG] __main__ — [d6965d44] -> #49  2900B  seq=48
2026-03-24 01:05:33 [DEBUG] __main__ — [d6965d44] -> #50  2900B  seq=49
2026-03-24 01:05:33 [DEBUG] __main__ — [d6965d44] -> #51  2900B  seq=50
2026-03-24 01:05:33 [DEBUG] __main__ — [d6965d44] -> #52  2900B  seq=51
2026-03-24 01:05:33 [DEBUG] __main__ — [d6965d44] -> #53  2900B  seq=52
2026-03-24 01:05:33 [DEBUG] __main__ — [d6965d44] -> #54  2900B  seq=53
2026-03-24 01:05:33 [DEBUG] __main__ — [d6965d44] -> #55  2900B  seq=54
2026-03-24 01:05:33 [DEBUG] __main__ — [d6965d44] -> #56  2900B  seq=55
2026-03-24 01:05:33 [DEBUG] __main__ — [d6965d44] -> #57  2749B  seq=56
2026-03-24 01:05:33 [DEBUG] __main__ — [d6965d44] -> #58  2900B  seq=57
2026-03-24 01:05:33 [DEBUG] __main__ — [d6965d44] -> #59  2900B  seq=58
2026-03-24 01:05:33 [DEBUG] __main__ — [d6965d44] -> #60  2900B  seq=59
2026-03-24 01:05:33 [DEBUG] __main__ — [d6965d44] -> #61  2900B  seq=60
2026-03-24 01:05:33 [DEBUG] __main__ — [d6965d44] -> #62  2900B  seq=61
2026-03-24 01:05:33 [DEBUG] __main__ — [d6965d44] -> #63  2900B  seq=62
2026-03-24 01:05:33 [DEBUG] __main__ — [d6965d44] -> #64  2900B  seq=63
2026-03-24 01:05:33 [DEBUG] __main__ — [d6965d44] -> #65  2900B  seq=64
2026-03-24 01:05:33 [DEBUG] __main__ — [d6965d44] -> #66  2900B  seq=65
2026-03-24 01:05:33 [DEBUG] __main__ — [d6965d44] -> #67  2900B  seq=66
2026-03-24 01:05:33 [DEBUG] __main__ — [d6965d44] -> #68  2900B  seq=67
2026-03-24 01:05:33 [DEBUG] __main__ — [d6965d44] -> #69  2900B  seq=68
2026-03-24 01:05:33 [DEBUG] __main__ — [d6965d44] -> #70  2900B  seq=69
2026-03-24 01:05:33 [DEBUG] __main__ — [d6965d44] -> #71  2900B  seq=70
2026-03-24 01:05:33 [DEBUG] __main__ — [d6965d44] -> #72  2900B  seq=71
2026-03-24 01:05:33 [DEBUG] __main__ — [843f8f2d] -> #1  2900B  seq=0
2026-03-24 01:05:33 [DEBUG] __main__ — [d6965d44] -> #73  2900B  seq=72
2026-03-24 01:05:33 [DEBUG] __main__ — [d6965d44] -> #74  2900B  seq=73
2026-03-24 01:05:33 [DEBUG] __main__ — [d6965d44] -> #75  2900B  seq=74
2026-03-24 01:05:33 [DEBUG] __main__ — [d6965d44] -> #76  2900B  seq=75
2026-03-24 01:05:33 [DEBUG] __main__ — [d6965d44] -> #77  2900B  seq=76
2026-03-24 01:05:33 [DEBUG] __main__ — [d6965d44] -> #78  2900B  seq=77
2026-03-24 01:05:33 [DEBUG] __main__ — [d6965d44] -> #79  2900B  seq=78
2026-03-24 01:05:33 [DEBUG] __main__ — [d6965d44] -> #80  2900B  seq=79
2026-03-24 01:05:33 [DEBUG] __main__ — [d6965d44] -> #81  2900B  seq=80
2026-03-24 01:05:33 [DEBUG] __main__ — [d6965d44] -> #82  2900B  seq=81
2026-03-24 01:05:33 [DEBUG] __main__ — [d6965d44] -> #83  2900B  seq=82
2026-03-24 01:05:33 [DEBUG] __main__ — [d6965d44] -> #84  2900B  seq=83
2026-03-24 01:05:33 [DEBUG] __main__ — [d6965d44] -> #85  2900B  seq=84
2026-03-24 01:05:33 [DEBUG] __main__ — [843f8f2d] -> #2  559B  seq=1
2026-03-24 01:05:33 [DEBUG] __main__ — [d6965d44] -> #86  715B  seq=85
2026-03-24 01:05:33 [DEBUG] __main__ — [d6965d44] -> #87  2900B  seq=86
2026-03-24 01:05:33 [DEBUG] __main__ — [d6965d44] -> #88  2900B  seq=87
2026-03-24 01:05:33 [DEBUG] __main__ — [d6965d44] -> #89  2900B  seq=88
2026-03-24 01:05:33 [DEBUG] __main__ — [d6965d44] -> #90  2900B  seq=89
2026-03-24 01:05:33 [DEBUG] __main__ — [d6965d44] -> #91  2900B  seq=90
2026-03-24 01:05:33 [DEBUG] __main__ — [d6965d44] -> #92  2900B  seq=91
2026-03-24 01:05:33 [DEBUG] __main__ — [d6965d44] -> #93  2900B  seq=92
2026-03-24 01:05:33 [DEBUG] __main__ — [d6965d44] -> #94  2900B  seq=93
2026-03-24 01:05:33 [DEBUG] __main__ — [d6965d44] -> #95  2900B  seq=94
2026-03-24 01:05:33 [DEBUG] __main__ — [d6965d44] -> #96  2900B  seq=95
2026-03-24 01:05:33 [DEBUG] __main__ — [d6965d44] -> #97  2900B  seq=96
2026-03-24 01:05:33 [DEBUG] __main__ — [d6965d44] -> #98  2900B  seq=97
2026-03-24 01:05:33 [DEBUG] __main__ — [d6965d44] -> #99  2900B  seq=98
2026-03-24 01:05:33 [DEBUG] __main__ — [d6965d44] -> #100  2900B  seq=99
2026-03-24 01:05:33 [DEBUG] __main__ — [d6965d44] -> #101  2900B  seq=100
2026-03-24 01:05:33 [DEBUG] __main__ — [d6965d44] -> #102  2900B  seq=101
2026-03-24 01:05:33 [DEBUG] __main__ — [d6965d44] -> #103  2900B  seq=102
2026-03-24 01:05:33 [DEBUG] __main__ — [d6965d44] -> #104  2900B  seq=103
2026-03-24 01:05:33 [DEBUG] __main__ — [d6965d44] -> #105  2900B  seq=104
2026-03-24 01:05:33 [DEBUG] __main__ — [d6965d44] -> #106  2900B  seq=105
2026-03-24 01:05:33 [DEBUG] __main__ — [d6965d44] -> #107  2900B  seq=106
2026-03-24 01:05:33 [DEBUG] __main__ — [d6965d44] -> #108  2900B  seq=107
2026-03-24 01:05:33 [DEBUG] __main__ — [d6965d44] -> #109  2900B  seq=108
2026-03-24 01:05:33 [DEBUG] __main__ — [d6965d44] -> #110  2900B  seq=109
2026-03-24 01:05:33 [DEBUG] __main__ — [d6965d44] -> #111  2900B  seq=110
2026-03-24 01:05:33 [DEBUG] __main__ — [d6965d44] -> #112  2900B  seq=111
2026-03-24 01:05:33 [DEBUG] __main__ — [d6965d44] -> #113  2900B  seq=112
2026-03-24 01:05:33 [DEBUG] __main__ — [d6965d44] -> #114  2900B  seq=113
2026-03-24 01:05:33 [DEBUG] __main__ — [d6965d44] -> #115  715B  seq=114
2026-03-24 01:05:33 [DEBUG] __main__ — [d6965d44] -> #116  2900B  seq=115
2026-03-24 01:05:33 [DEBUG] __main__ — [d6965d44] -> #117  2900B  seq=116
2026-03-24 01:05:33 [DEBUG] __main__ — [d6965d44] -> #118  2900B  seq=117
2026-03-24 01:05:33 [DEBUG] __main__ — [d6965d44] -> #119  2900B  seq=118
2026-03-24 01:05:33 [DEBUG] __main__ — [d6965d44] -> #120  2900B  seq=119
2026-03-24 01:05:33 [DEBUG] __main__ — [d6965d44] -> #121  2900B  seq=120
2026-03-24 01:05:33 [DEBUG] __main__ — [d6965d44] -> #122  2900B  seq=121
2026-03-24 01:05:33 [DEBUG] __main__ — [d6965d44] -> #123  2900B  seq=122
2026-03-24 01:05:33 [DEBUG] __main__ — [d6965d44] -> #124  2900B  seq=123
2026-03-24 01:05:33 [DEBUG] __main__ — [d6965d44] -> #125  2900B  seq=124
2026-03-24 01:05:33 [DEBUG] __main__ — [d6965d44] -> #126  2900B  seq=125
2026-03-24 01:05:33 [DEBUG] __main__ — [d6965d44] -> #127  2900B  seq=126
2026-03-24 01:05:33 [DEBUG] __main__ — [d6965d44] -> #128  2900B  seq=127
2026-03-24 01:05:33 [DEBUG] __main__ — [d6965d44] -> #129  2900B  seq=128
2026-03-24 01:05:33 [DEBUG] __main__ — [d6965d44] -> #130  2900B  seq=129
2026-03-24 01:05:33 [DEBUG] __main__ — [d6965d44] -> #131  2900B  seq=130
2026-03-24 01:05:33 [DEBUG] __main__ — [d6965d44] -> #132  2900B  seq=131
2026-03-24 01:05:33 [DEBUG] __main__ — [d6965d44] -> #133  2900B  seq=132
2026-03-24 01:05:33 [DEBUG] __main__ — [d6965d44] -> #134  2900B  seq=133
2026-03-24 01:05:33 [DEBUG] __main__ — [d6965d44] -> #135  2900B  seq=134
2026-03-24 01:05:33 [DEBUG] __main__ — [d6965d44] -> #136  2900B  seq=135
2026-03-24 01:05:33 [DEBUG] __main__ — [d6965d44] -> #137  2900B  seq=136
2026-03-24 01:05:33 [DEBUG] __main__ — [d6965d44] -> #138  2900B  seq=137
2026-03-24 01:05:33 [DEBUG] __main__ — [d6965d44] -> #139  2900B  seq=138
2026-03-24 01:05:33 [DEBUG] __main__ — [d6965d44] -> #140  2900B  seq=139
2026-03-24 01:05:33 [DEBUG] __main__ — [d6965d44] -> #141  2900B  seq=140
2026-03-24 01:05:33 [DEBUG] __main__ — [d6965d44] -> #142  2900B  seq=141
2026-03-24 01:05:33 [DEBUG] __main__ — [d6965d44] -> #143  2900B  seq=142
2026-03-24 01:05:33 [DEBUG] __main__ — [d6965d44] -> #144  2900B  seq=143
2026-03-24 01:05:33 [DEBUG] __main__ — [d6965d44] -> #145  2900B  seq=144
2026-03-24 01:05:33 [DEBUG] __main__ — [d6965d44] -> #146  2900B  seq=145
2026-03-24 01:05:33 [DEBUG] __main__ — [d6965d44] -> #147  2900B  seq=146
2026-03-24 01:05:33 [DEBUG] __main__ — [d6965d44] -> #148  2900B  seq=147
2026-03-24 01:05:33 [DEBUG] __main__ — [d6965d44] -> #149  2900B  seq=148
2026-03-24 01:05:33 [DEBUG] __main__ — [d6965d44] -> #150  2900B  seq=149
2026-03-24 01:05:33 [DEBUG] __main__ — [d6965d44] -> #151  2900B  seq=150
2026-03-24 01:05:33 [DEBUG] __main__ — [d6965d44] -> #152  2900B  seq=151
2026-03-24 01:05:33 [DEBUG] __main__ — [d6965d44] -> #153  2900B  seq=152
2026-03-24 01:05:33 [DEBUG] __main__ — [d6965d44] -> #154  2900B  seq=153
2026-03-24 01:05:33 [DEBUG] __main__ — [d6965d44] -> #155  2900B  seq=154
2026-03-24 01:05:33 [DEBUG] __main__ — [d6965d44] -> #156  2900B  seq=155
2026-03-24 01:05:33 [DEBUG] __main__ — [d6965d44] -> #157  2900B  seq=156
2026-03-24 01:05:33 [DEBUG] __main__ — [d6965d44] -> #158  2900B  seq=157
2026-03-24 01:05:33 [DEBUG] __main__ — [d6965d44] -> #159  2900B  seq=158
2026-03-24 01:05:33 [DEBUG] __main__ — [d6965d44] -> #160  2900B  seq=159
2026-03-24 01:05:33 [DEBUG] __main__ — [d6965d44] -> #161  2900B  seq=160
2026-03-24 01:05:33 [DEBUG] __main__ — [d6965d44] -> #162  2900B  seq=161
2026-03-24 01:05:33 [DEBUG] __main__ — [d6965d44] -> #163  2900B  seq=162
2026-03-24 01:05:33 [DEBUG] __main__ — [d6965d44] -> #164  2900B  seq=163
2026-03-24 01:05:33 [DEBUG] __main__ — [d6965d44] -> #165  2900B  seq=164
2026-03-24 01:05:33 [DEBUG] __main__ — [d6965d44] -> #166  2900B  seq=165
2026-03-24 01:05:33 [DEBUG] __main__ — [d6965d44] -> #167  2900B  seq=166
2026-03-24 01:05:33 [DEBUG] __main__ — [d6965d44] -> #168  2900B  seq=167
2026-03-24 01:05:33 [DEBUG] __main__ — [d6965d44] -> #169  2900B  seq=168
2026-03-24 01:05:33 [DEBUG] __main__ — [d6965d44] -> #170  2900B  seq=169
2026-03-24 01:05:33 [DEBUG] __main__ — [d6965d44] -> #171  2900B  seq=170
2026-03-24 01:05:34 [DEBUG] __main__ — [d6965d44] -> #172  1430B  seq=171
2026-03-24 01:05:34 [DEBUG] __main__ — [d6965d44] -> #173  2900B  seq=172
2026-03-24 01:05:34 [DEBUG] __main__ — [d6965d44] -> #174  2900B  seq=173
2026-03-24 01:05:34 [DEBUG] __main__ — [d6965d44] -> #175  2900B  seq=174
2026-03-24 01:05:34 [DEBUG] __main__ — [d6965d44] -> #176  2900B  seq=175
2026-03-24 01:05:34 [DEBUG] __main__ — [d6965d44] -> #177  2900B  seq=176
2026-03-24 01:05:34 [DEBUG] __main__ — [d6965d44] -> #178  1883B  seq=177
2026-03-24 01:05:34 [DEBUG] __main__ — [transport:acc2] upload ok  fileId=2988044315  size=2955
2026-03-24 01:05:34 [DEBUG] __main__ — [transport:acc1] upload ok  fileId=2992436780  size=2955
2026-03-24 01:05:34 [DEBUG] __main__ — [transport:acc1] text-recv  action=data  id=d6965d44
2026-03-24 01:05:34 [DEBUG] __main__ — [d6965d44] <- data #3  31B  seq=2
2026-03-24 01:05:34 [DEBUG] __main__ — [transport:acc1] text-recv  action=data  id=520b0bc5
2026-03-24 01:05:34 [DEBUG] __main__ — [520b0bc5] <- data #3  31B  seq=2
2026-03-24 01:05:34 [DEBUG] __main__ — [transport:acc1] file-send  size=2955  action=data
2026-03-24 01:05:34 [DEBUG] __main__ — [520b0bc5] -> #3  2900B  seq=2
2026-03-24 01:05:34 [DEBUG] __main__ — [520b0bc5] -> #4  2900B  seq=3
2026-03-24 01:05:34 [DEBUG] __main__ — [520b0bc5] -> #5  2900B  seq=4
2026-03-24 01:05:34 [DEBUG] __main__ — [520b0bc5] -> #6  2900B  seq=5
2026-03-24 01:05:34 [DEBUG] __main__ — [520b0bc5] -> #7  2900B  seq=6
2026-03-24 01:05:34 [DEBUG] __main__ — [520b0bc5] -> #8  2900B  seq=7
2026-03-24 01:05:34 [DEBUG] __main__ — [520b0bc5] -> #9  2900B  seq=8
2026-03-24 01:05:34 [DEBUG] __main__ — [520b0bc5] -> #10  2900B  seq=9
2026-03-24 01:05:34 [DEBUG] __main__ — [520b0bc5] -> #11  2900B  seq=10
2026-03-24 01:05:34 [DEBUG] __main__ — [520b0bc5] -> #12  2900B  seq=11
2026-03-24 01:05:34 [DEBUG] __main__ — [520b0bc5] -> #13  2900B  seq=12
2026-03-24 01:05:34 [DEBUG] __main__ — [520b0bc5] -> #14  866B  seq=13
2026-03-24 01:05:34 [DEBUG] __main__ — [520b0bc5] -> #15  2900B  seq=14
2026-03-24 01:05:34 [DEBUG] __main__ — [d6965d44] -> #179  2900B  seq=178
2026-03-24 01:05:34 [DEBUG] __main__ — [520b0bc5] -> #16  2900B  seq=15
2026-03-24 01:05:34 [DEBUG] __main__ — [d6965d44] -> #180  2900B  seq=179
2026-03-24 01:05:34 [DEBUG] __main__ — [520b0bc5] -> #17  2900B  seq=16
2026-03-24 01:05:34 [DEBUG] __main__ — [d6965d44] -> #181  2900B  seq=180
2026-03-24 01:05:34 [DEBUG] __main__ — [520b0bc5] -> #18  2900B  seq=17
2026-03-24 01:05:34 [DEBUG] __main__ — [d6965d44] -> #182  2900B  seq=181
2026-03-24 01:05:34 [DEBUG] __main__ — [d6965d44] -> #183  2900B  seq=182
2026-03-24 01:05:34 [DEBUG] __main__ — [d6965d44] -> #184  2900B  seq=183
2026-03-24 01:05:34 [DEBUG] __main__ — [d6965d44] -> #185  2900B  seq=184
2026-03-24 01:05:34 [DEBUG] __main__ — [520b0bc5] -> #19  2746B  seq=18
2026-03-24 01:05:34 [DEBUG] __main__ — [d6965d44] -> #186  2569B  seq=185
2026-03-24 01:05:34 [DEBUG] __main__ — [transport:acc1] пропускаем свой исходящий файл fileId=2992436780
2026-03-24 01:05:34 [DEBUG] __main__ — [transport:acc2] file-send  size=2955  action=data
2026-03-24 01:05:34 [DEBUG] __main__ — [transport:acc2] пропускаем свой исходящий файл fileId=2988044315
2026-03-24 01:05:34 [DEBUG] __main__ — [transport:acc1] upload ok  fileId=2982082455  size=2955
2026-03-24 01:05:34 [DEBUG] __main__ — [transport:acc2] upload ok  fileId=2993156373  size=2955
2026-03-24 01:05:35 [DEBUG] __main__ — [transport:acc1] file-send  size=2955  action=data
2026-03-24 01:05:35 [DEBUG] __main__ — [transport:acc2] file-send  size=2955  action=data
2026-03-24 01:05:35 [DEBUG] __main__ — [transport:acc1] пропускаем свой исходящий файл fileId=2982082455
2026-03-24 01:05:35 [DEBUG] __main__ — [transport:acc2] пропускаем свой исходящий файл fileId=2993156373
2026-03-24 01:05:35 [DEBUG] __main__ — [transport:acc1] upload ok  fileId=2987159591  size=2955
2026-03-24 01:05:35 [DEBUG] __main__ — [transport:acc2] upload ok  fileId=2987411499  size=2955
2026-03-24 01:05:35 [DEBUG] __main__ — [transport:acc2] file-send  size=2955  action=data
2026-03-24 01:05:35 [DEBUG] __main__ — [transport:acc1] file-send  size=2955  action=data
2026-03-24 01:05:35 [DEBUG] __main__ — [transport:acc2] пропускаем свой исходящий файл fileId=2987411499
2026-03-24 01:05:35 [DEBUG] __main__ — [transport:acc1] пропускаем свой исходящий файл fileId=2987159591
2026-03-24 01:05:36 [DEBUG] __main__ — [transport:acc2] upload ok  fileId=2988467160  size=2955
2026-03-24 01:05:36 [DEBUG] __main__ — [transport:acc1] upload ok  fileId=2993218275  size=2955
2026-03-24 01:05:36 [DEBUG] __main__ — [transport:acc2] file-send  size=2956  action=data
2026-03-24 01:05:36 [DEBUG] __main__ — [transport:acc2] пропускаем свой исходящий файл fileId=2988467160
2026-03-24 01:05:36 [DEBUG] __main__ — [transport:acc2] upload ok  fileId=2986766655  size=2956
2026-03-24 01:05:36 [DEBUG] __main__ — [transport:acc1] file-send  size=2956  action=data
2026-03-24 01:05:36 [DEBUG] __main__ — [transport:acc1] пропускаем свой исходящий файл fileId=2993218275
2026-03-24 01:05:36 [DEBUG] __main__ — [transport:acc2] text-send  len=1215  action=data
2026-03-24 01:05:36 [DEBUG] __main__ — [transport:acc2] file-send  size=2956  action=data
2026-03-24 01:05:37 [DEBUG] __main__ — [transport:acc1] upload ok  fileId=2985451947  size=2956
2026-03-24 01:05:37 [DEBUG] __main__ — [transport:acc2] пропускаем свой исходящий файл fileId=2986766655
2026-03-24 01:05:37 [DEBUG] __main__ — [transport:acc2] upload ok  fileId=2980917125  size=2956
2026-03-24 01:05:37 [DEBUG] __main__ — [transport:acc1] file-send  size=2956  action=data
2026-03-24 01:05:37 [DEBUG] __main__ — [transport:acc1] пропускаем свой исходящий файл fileId=2985451947
2026-03-24 01:05:37 [DEBUG] __main__ — [transport:acc2] file-send  size=2956  action=data
2026-03-24 01:05:37 [DEBUG] __main__ — [transport:acc1] upload ok  fileId=2977144287  size=2956
2026-03-24 01:05:37 [DEBUG] __main__ — [transport:acc2] пропускаем свой исходящий файл fileId=2980917125
2026-03-24 01:05:37 [DEBUG] __main__ — [transport:acc2] upload ok  fileId=2986996162  size=2956
2026-03-24 01:05:37 [DEBUG] __main__ — [transport:acc1] text-send  len=1894  action=data
2026-03-24 01:05:37 [DEBUG] __main__ — [transport:acc1] file-send  size=2956  action=data
2026-03-24 01:05:37 [DEBUG] __main__ — [transport:acc2] text-recv  action=data  id=d6965d44
2026-03-24 01:05:37 [DEBUG] __main__ — [d6965d44] <- data #4  35B  seq=3
2026-03-24 01:05:38 [DEBUG] __main__ — [transport:acc1] пропускаем свой исходящий файл fileId=2977144287
2026-03-24 01:05:38 [DEBUG] __main__ — [transport:acc2] file-send  size=2956  action=data
2026-03-24 01:05:38 [DEBUG] __main__ — [transport:acc2] text-recv  action=data  id=c44e86f0
2026-03-24 01:05:38 [DEBUG] __main__ — [c44e86f0] <- data #2  1041B  seq=1
2026-03-24 01:05:38 [DEBUG] __main__ — [transport:acc1] upload ok  fileId=2978729069  size=2956
2026-03-24 01:05:38 [DEBUG] __main__ — [transport:acc2] пропускаем свой исходящий файл fileId=2986996162
2026-03-24 01:05:38 [DEBUG] __main__ — [c44e86f0] -> #2  521B  seq=1
2026-03-24 01:05:38 [DEBUG] __main__ — [c44e86f0] -> #3  326B  seq=2
2026-03-24 01:05:38 [DEBUG] __main__ — [transport:acc2] upload ok  fileId=2990098450  size=2956
2026-03-24 01:05:38 [DEBUG] __main__ — [transport:acc1] file-send  size=2956  action=data
2026-03-24 01:05:38 [DEBUG] __main__ — [transport:acc1] пропускаем свой исходящий файл fileId=2978729069
2026-03-24 01:05:38 [DEBUG] __main__ — [transport:acc1] upload ok  fileId=2985377207  size=2956
2026-03-24 01:05:38 [DEBUG] __main__ — [transport:acc2] file-send  size=2956  action=data
2026-03-24 01:05:39 [DEBUG] __main__ — [transport:acc2] пропускаем свой исходящий файл fileId=2990098450
2026-03-24 01:05:39 [DEBUG] __main__ — [e2d1825a] remote EOF
2026-03-24 01:05:39 [INFO] __main__ — [e2d1825a] pipe done | rx=1820B/1f (0.2 КБ/с)  tx=4075B/2f (0.4 КБ/с)  10.2s
2026-03-24 01:05:39 [DEBUG] __main__ — [e2d1825a] socket closed
2026-03-24 01:05:39 [DEBUG] __main__ — [f2cf7542] remote EOF
2026-03-24 01:05:39 [INFO] __main__ — [f2cf7542] pipe done | rx=1724B/1f (0.2 КБ/с)  tx=4075B/2f (0.4 КБ/с)  10.2s
2026-03-24 01:05:39 [DEBUG] __main__ — [f2cf7542] socket closed
2026-03-24 01:05:39 [DEBUG] __main__ — [transport:acc1] file-send  size=2956  action=data
2026-03-24 01:05:39 [DEBUG] __main__ — [b9ce2914] remote EOF
2026-03-24 01:05:39 [INFO] __main__ — [b9ce2914] pipe done | rx=1788B/1f (0.2 КБ/с)  tx=5380B/2f (0.5 КБ/с)  10.1s
2026-03-24 01:05:39 [DEBUG] __main__ — [b9ce2914] socket closed
2026-03-24 01:05:39 [DEBUG] __main__ — [transport:acc2] upload ok  fileId=2991126780  size=2956
2026-03-24 01:05:39 [DEBUG] __main__ — [transport:acc1] пропускаем свой исходящий файл fileId=2985377207
2026-03-24 01:05:39 [DEBUG] __main__ — [6db5d360] remote EOF
2026-03-24 01:05:39 [INFO] __main__ — [6db5d360] pipe done | rx=1788B/1f (0.2 КБ/с)  tx=4074B/2f (0.4 КБ/с)  10.1s
2026-03-24 01:05:39 [DEBUG] __main__ — [6db5d360] socket closed
2026-03-24 01:05:39 [DEBUG] __main__ — [transport:acc1] upload ok  fileId=2986521843  size=2956
2026-03-24 01:05:39 [DEBUG] __main__ — [transport:acc2] file-send  size=2956  action=data
2026-03-24 01:05:39 [DEBUG] __main__ — [transport:acc2] пропускаем свой исходящий файл fileId=2991126780
2026-03-24 01:05:39 [DEBUG] __main__ — [transport:acc1] file-send  size=2956  action=data
2026-03-24 01:05:39 [DEBUG] __main__ — [transport:acc2] upload ok  fileId=2992932409  size=2956
2026-03-24 01:05:39 [DEBUG] __main__ — [transport:acc1] пропускаем свой исходящий файл fileId=2986521843
2026-03-24 01:05:39 [DEBUG] __main__ — [transport:acc1] upload ok  fileId=2993922071  size=2956
2026-03-24 01:05:40 [DEBUG] __main__ — [transport:acc2] file-send  size=2956  action=data
2026-03-24 01:05:40 [DEBUG] __main__ — [transport:acc2] пропускаем свой исходящий файл fileId=2992932409
2026-03-24 01:05:40 [DEBUG] __main__ — [transport:acc1] file-send  size=2956  action=data
2026-03-24 01:05:40 [DEBUG] __main__ — [transport:acc2] upload ok  fileId=2992299905  size=2956
2026-03-24 01:05:40 [DEBUG] __main__ — [transport:acc1] пропускаем свой исходящий файл fileId=2993922071
2026-03-24 01:05:40 [DEBUG] __main__ — [transport:acc1] upload ok  fileId=2988317273  size=2956
2026-03-24 01:05:40 [DEBUG] __main__ — [transport:acc2] file-send  size=2956  action=data
2026-03-24 01:05:40 [DEBUG] __main__ — [transport:acc2] пропускаем свой исходящий файл fileId=2992299905
2026-03-24 01:05:40 [DEBUG] __main__ — [transport:acc1] file-send  size=2956  action=data
2026-03-24 01:05:40 [DEBUG] __main__ — [transport:acc2] upload ok  fileId=2978435516  size=2956
2026-03-24 01:05:40 [DEBUG] __main__ — [transport:acc1] пропускаем свой исходящий файл fileId=2988317273
2026-03-24 01:05:41 [DEBUG] __main__ — [transport:acc1] upload ok  fileId=2991096231  size=2956
2026-03-24 01:05:41 [DEBUG] __main__ — [transport:acc2] file-send  size=2956  action=data
2026-03-24 01:05:41 [DEBUG] __main__ — [transport:acc2] пропускаем свой исходящий файл fileId=2978435516
2026-03-24 01:05:41 [DEBUG] __main__ — [transport:acc1] file-send  size=2956  action=data
2026-03-24 01:05:41 [DEBUG] __main__ — [transport:acc2] upload ok  fileId=2987088909  size=2956
2026-03-24 01:05:41 [DEBUG] __main__ — [transport:acc1] пропускаем свой исходящий файл fileId=2991096231
2026-03-24 01:05:41 [DEBUG] __main__ — [transport:acc1] upload ok  fileId=2991127036  size=2956
2026-03-24 01:05:41 [DEBUG] __main__ — [transport:acc2] file-send  size=2956  action=data
2026-03-24 01:05:41 [DEBUG] __main__ — [transport:acc2] пропускаем свой исходящий файл fileId=2987088909
2026-03-24 01:05:41 [DEBUG] __main__ — [transport:acc1] file-send  size=2956  action=data
2026-03-24 01:05:42 [DEBUG] __main__ — [transport:acc2] upload ok  fileId=2981531989  size=2956
2026-03-24 01:05:42 [DEBUG] __main__ — [transport:acc1] пропускаем свой исходящий файл fileId=2991127036
2026-03-24 01:05:42 [DEBUG] __main__ — [transport:acc1] upload ok  fileId=2979043880  size=2956
2026-03-24 01:05:42 [DEBUG] __main__ — [transport:acc2] file-send  size=2956  action=data
2026-03-24 01:05:42 [DEBUG] __main__ — [transport:acc2] пропускаем свой исходящий файл fileId=2981531989
2026-03-24 01:05:42 [DEBUG] __main__ — [transport:acc1] file-send  size=2956  action=data
2026-03-24 01:05:42 [DEBUG] __main__ — [transport:acc2] upload ok  fileId=2993393782  size=2956
2026-03-24 01:05:42 [DEBUG] __main__ — [transport:acc1] пропускаем свой исходящий файл fileId=2979043880
2026-03-24 01:05:42 [DEBUG] __main__ — [transport:acc1] upload ok  fileId=2990019459  size=2956
2026-03-24 01:05:42 [DEBUG] __main__ — [transport:acc2] file-send  size=2956  action=data
2026-03-24 01:05:43 [DEBUG] __main__ — [transport:acc2] пропускаем свой исходящий файл fileId=2993393782
2026-03-24 01:05:43 [DEBUG] __main__ — [transport:acc1] file-send  size=2956  action=data
2026-03-24 01:05:43 [DEBUG] __main__ — [transport:acc2] upload ok  fileId=2988384473  size=2956
2026-03-24 01:05:43 [DEBUG] __main__ — [transport:acc1] пропускаем свой исходящий файл fileId=2990019459
2026-03-24 01:05:43 [DEBUG] __main__ — [transport:acc1] upload ok  fileId=2992729572  size=2956
2026-03-24 01:05:43 [DEBUG] __main__ — [transport:acc2] file-send  size=2956  action=data
2026-03-24 01:05:43 [DEBUG] __main__ — [transport:acc2] пропускаем свой исходящий файл fileId=2988384473
2026-03-24 01:05:43 [DEBUG] __main__ — [transport:server] keepalive sent
2026-03-24 01:05:43 [DEBUG] __main__ — [transport:acc1] file-send  size=2956  action=data
2026-03-24 01:05:43 [DEBUG] __main__ — [transport:server] keepalive sent
2026-03-24 01:05:43 [DEBUG] __main__ — [transport:acc2] upload ok  fileId=2992689711  size=2956
2026-03-24 01:05:43 [DEBUG] __main__ — [transport:acc1] пропускаем свой исходящий файл fileId=2992729572
2026-03-24 01:05:44 [DEBUG] __main__ — [transport:acc1] upload ok  fileId=2992834592  size=2956
2026-03-24 01:05:44 [DEBUG] __main__ — [transport:acc2] file-send  size=2676  action=data
2026-03-24 01:05:44 [DEBUG] __main__ — [transport:acc2] пропускаем свой исходящий файл fileId=2992689711
2026-03-24 01:05:44 [DEBUG] __main__ — [transport:acc1] text-send  len=371  action=data
2026-03-24 01:05:44 [DEBUG] __main__ — [transport:acc1] file-send  size=2956  action=data
2026-03-24 01:05:44 [DEBUG] __main__ — [transport:acc2] upload ok  fileId=2991697013  size=2676
2026-03-24 01:05:44 [DEBUG] __main__ — [transport:acc1] пропускаем свой исходящий файл fileId=2992834592
2026-03-24 01:05:44 [DEBUG] __main__ — [transport:acc1] upload ok  fileId=2990278263  size=2956
2026-03-24 01:05:44 [DEBUG] __main__ — [transport:acc2] file-send  size=2956  action=data
2026-03-24 01:05:44 [DEBUG] __main__ — [transport:acc2] пропускаем свой исходящий файл fileId=2991697013
2026-03-24 01:05:44 [DEBUG] __main__ — [transport:acc1] file-send  size=2956  action=data
2026-03-24 01:05:44 [DEBUG] __main__ — [transport:acc2] upload ok  fileId=2991686799  size=2956
2026-03-24 01:05:45 [DEBUG] __main__ — [transport:acc1] пропускаем свой исходящий файл fileId=2990278263
2026-03-24 01:05:45 [DEBUG] __main__ — [transport:acc1] upload ok  fileId=2985504442  size=2956
2026-03-24 01:05:45 [DEBUG] __main__ — [transport:acc2] file-send  size=2956  action=data
2026-03-24 01:05:45 [DEBUG] __main__ — [transport:acc2] пропускаем свой исходящий файл fileId=2991686799
2026-03-24 01:05:45 [DEBUG] __main__ — [transport:acc1] file-send  size=2956  action=data
2026-03-24 01:05:45 [DEBUG] __main__ — [transport:acc2] upload ok  fileId=2983331052  size=2956
2026-03-24 01:05:45 [DEBUG] __main__ — [transport:acc1] пропускаем свой исходящий файл fileId=2985504442
2026-03-24 01:05:45 [DEBUG] __main__ — [transport:acc1] upload ok  fileId=2993484539  size=2956
2026-03-24 01:05:45 [DEBUG] __main__ — [transport:acc2] file-send  size=2956  action=data
2026-03-24 01:05:45 [DEBUG] __main__ — [transport:acc2] пропускаем свой исходящий файл fileId=2983331052
2026-03-24 01:05:46 [DEBUG] __main__ — [transport:acc1] file-send  size=2956  action=data
2026-03-24 01:05:46 [DEBUG] __main__ — [transport:acc2] upload ok  fileId=2991285816  size=2956
2026-03-24 01:05:46 [DEBUG] __main__ — [transport:acc1] пропускаем свой исходящий файл fileId=2993484539
2026-03-24 01:05:46 [DEBUG] __main__ — [transport:acc1] upload ok  fileId=2988434522  size=2956
2026-03-24 01:05:46 [DEBUG] __main__ — [transport:acc2] file-send  size=2956  action=data
2026-03-24 01:05:46 [DEBUG] __main__ — [transport:acc2] пропускаем свой исходящий файл fileId=2991285816
2026-03-24 01:05:46 [DEBUG] __main__ — [transport:acc1] file-send  size=2956  action=data
2026-03-24 01:05:46 [DEBUG] __main__ — [transport:acc2] upload ok  fileId=2983004029  size=2956
2026-03-24 01:05:46 [DEBUG] __main__ — [transport:acc1] пропускаем свой исходящий файл fileId=2988434522
2026-03-24 01:05:47 [DEBUG] __main__ — [transport:acc1] upload ok  fileId=2993893506  size=2956
2026-03-24 01:05:47 [DEBUG] __main__ — [transport:acc2] file-send  size=2956  action=data
2026-03-24 01:05:47 [DEBUG] __main__ — [transport:acc2] пропускаем свой исходящий файл fileId=2983004029
2026-03-24 01:05:47 [DEBUG] __main__ — [transport:acc1] file-send  size=2956  action=data
2026-03-24 01:05:47 [DEBUG] __main__ — [transport:acc2] upload ok  fileId=2988467672  size=2956
2026-03-24 01:05:47 [DEBUG] __main__ — [transport:acc1] пропускаем свой исходящий файл fileId=2993893506
2026-03-24 01:05:47 [DEBUG] __main__ — [transport:acc2] file-send  size=2956  action=data
2026-03-24 01:05:47 [DEBUG] __main__ — [transport:acc1] upload ok  fileId=2983727328  size=2956
2026-03-24 01:05:47 [DEBUG] __main__ — [transport:acc2] пропускаем свой исходящий файл fileId=2988467672
2026-03-24 01:05:47 [DEBUG] __main__ — [transport:acc2] upload ok  fileId=2990874605  size=2956
2026-03-24 01:05:47 [DEBUG] __main__ — [transport:acc1] file-send  size=2956  action=data
2026-03-24 01:05:48 [DEBUG] __main__ — [transport:acc1] пропускаем свой исходящий файл fileId=2983727328
2026-03-24 01:05:48 [DEBUG] __main__ — [transport:acc2] file-send  size=2956  action=data
2026-03-24 01:05:48 [DEBUG] __main__ — [transport:acc1] upload ok  fileId=2991584558  size=2956
2026-03-24 01:05:48 [DEBUG] __main__ — [transport:acc2] пропускаем свой исходящий файл fileId=2990874605
2026-03-24 01:05:48 [DEBUG] __main__ — [transport:acc2] upload ok  fileId=2993922327  size=2956
2026-03-24 01:05:48 [DEBUG] __main__ — [transport:acc1] file-send  size=2956  action=data
2026-03-24 01:05:48 [DEBUG] __main__ — [transport:acc1] пропускаем свой исходящий файл fileId=2991584558
2026-03-24 01:05:48 [DEBUG] __main__ — [843f8f2d] remote EOF
2026-03-24 01:05:48 [INFO] __main__ — [843f8f2d] pipe done | rx=1758B/1f (0.1 КБ/с)  tx=3459B/2f (0.2 КБ/с)  15.1s
2026-03-24 01:05:48 [DEBUG] __main__ — [843f8f2d] socket closed
2026-03-24 01:05:48 [DEBUG] __main__ — [transport:acc2] file-send  size=2956  action=data
2026-03-24 01:05:48 [DEBUG] __main__ — [transport:acc1] text-recv  action=connect  id=bf5177de
2026-03-24 01:05:48 [INFO] __main__ — [bf5177de] CONNECT → collector.bsg.brave.com:443
2026-03-24 01:05:48 [DEBUG] __main__ — [transport:acc1] upload ok  fileId=2994549646  size=2956
2026-03-24 01:05:48 [INFO] __main__ — [bf5177de] TCP connected → collector.bsg.brave.com:443  (65 мс)
2026-03-24 01:05:48 [DEBUG] __main__ — [transport:acc2] пропускаем свой исходящий файл fileId=2993922327
2026-03-24 01:05:49 [DEBUG] __main__ — [transport:acc2] upload ok  fileId=2992994910  size=2956
2026-03-24 01:05:49 [DEBUG] __main__ — [transport:acc1] file-send  size=2956  action=data
2026-03-24 01:05:49 [DEBUG] __main__ — [transport:acc1] пропускаем свой исходящий файл fileId=2994549646
2026-03-24 01:05:49 [DEBUG] __main__ — [transport:acc1] upload ok  fileId=2983727584  size=2956
2026-03-24 01:05:49 [DEBUG] __main__ — [transport:acc2] file-send  size=2956  action=data
2026-03-24 01:05:49 [DEBUG] __main__ — [transport:acc1] file-send  size=2805  action=data
2026-03-24 01:05:49 [DEBUG] __main__ — [transport:acc2] пропускаем свой исходящий файл fileId=2992994910
2026-03-24 01:05:49 [DEBUG] __main__ — [transport:acc1] пропускаем свой исходящий файл fileId=2983727584
2026-03-24 01:05:49 [DEBUG] __main__ — [transport:acc2] upload ok  fileId=2988044571  size=2956
2026-03-24 01:05:49 [DEBUG] __main__ — [transport:acc1] upload ok  fileId=2992878381  size=2805
2026-03-24 01:05:50 [DEBUG] __main__ — [transport:acc1] file-send  size=2956  action=data
2026-03-24 01:05:50 [DEBUG] __main__ — [transport:acc2] file-send  size=2956  action=data
2026-03-24 01:05:50 [DEBUG] __main__ — [transport:acc2] пропускаем свой исходящий файл fileId=2988044571
2026-03-24 01:05:50 [DEBUG] __main__ — [transport:acc1] пропускаем свой исходящий файл fileId=2992878381
2026-03-24 01:05:50 [DEBUG] __main__ — [transport:acc1] upload ok  fileId=2991677936  size=2956
2026-03-24 01:05:50 [DEBUG] __main__ — [transport:acc2] upload ok  fileId=2986081768  size=2956
2026-03-24 01:05:51 [DEBUG] __main__ — [transport:acc2] file-send  size=2956  action=data
2026-03-24 01:05:51 [DEBUG] __main__ — [transport:acc1] file-send  size=2956  action=data
2026-03-24 01:05:51 [DEBUG] __main__ — [transport:acc2] пропускаем свой исходящий файл fileId=2986081768
2026-03-24 01:05:51 [DEBUG] __main__ — [transport:acc1] пропускаем свой исходящий файл fileId=2991677936
2026-03-24 01:05:51 [DEBUG] __main__ — [transport:acc2] upload ok  fileId=2989008238  size=2956
2026-03-24 01:05:51 [DEBUG] __main__ — [transport:acc1] upload ok  fileId=2983004285  size=2956
2026-03-24 01:05:51 [DEBUG] __main__ — [transport:acc2] file-send  size=2956  action=data
2026-03-24 01:05:51 [DEBUG] __main__ — [transport:acc1] file-send  size=2956  action=data
2026-03-24 01:05:51 [DEBUG] __main__ — [transport:acc2] пропускаем свой исходящий файл fileId=2989008238
2026-03-24 01:05:51 [DEBUG] __main__ — [transport:acc1] пропускаем свой исходящий файл fileId=2983004285
2026-03-24 01:05:51 [DEBUG] __main__ — [transport:acc1] upload ok  fileId=2992729828  size=2956
2026-03-24 01:05:52 [DEBUG] __main__ — [transport:acc2] upload ok  fileId=2990250199  size=2956
2026-03-24 01:05:52 [DEBUG] __main__ — [transport:acc1] file-send  size=2956  action=data
2026-03-24 01:05:52 [DEBUG] __main__ — [transport:acc2] file-send  size=2956  action=data
2026-03-24 01:05:52 [DEBUG] __main__ — [transport:acc2] пропускаем свой исходящий файл fileId=2990250199
2026-03-24 01:05:52 [DEBUG] __main__ — [transport:acc1] пропускаем свой исходящий файл fileId=2992729828
2026-03-24 01:05:52 [DEBUG] __main__ — [transport:acc1] upload ok  fileId=2986974027  size=2956
2026-03-24 01:05:52 [DEBUG] __main__ — [transport:acc2] upload ok  fileId=2983765321  size=2956
2026-03-24 01:05:52 [DEBUG] __main__ — [transport:acc2] file-send  size=2956  action=data
2026-03-24 01:05:52 [DEBUG] __main__ — [transport:acc1] file-send  size=2956  action=data
2026-03-24 01:05:52 [DEBUG] __main__ — [transport:acc2] пропускаем свой исходящий файл fileId=2983765321
2026-03-24 01:05:53 [DEBUG] __main__ — [transport:acc1] пропускаем свой исходящий файл fileId=2986974027
2026-03-24 01:05:53 [DEBUG] __main__ — [transport:acc1] upload ok  fileId=2992381870  size=2956
2026-03-24 01:05:53 [DEBUG] __main__ — [transport:acc2] upload ok  fileId=2994248102  size=2956
2026-03-24 01:05:53 [DEBUG] __main__ — [transport:acc1] file-send  size=2956  action=data
2026-03-24 01:05:53 [DEBUG] __main__ — [transport:acc2] file-send  size=2956  action=data
2026-03-24 01:05:53 [DEBUG] __main__ — [transport:acc2] пропускаем свой исходящий файл fileId=2994248102
2026-03-24 01:05:53 [DEBUG] __main__ — [transport:acc1] пропускаем свой исходящий файл fileId=2992381870
2026-03-24 01:05:53 [DEBUG] __main__ — [transport:acc2] text-recv  action=connect  id=f09c92c6
2026-03-24 01:05:53 [INFO] __main__ — [f09c92c6] CONNECT → data.phantom.app:443
2026-03-24 01:05:53 [DEBUG] __main__ — [transport:acc1] upload ok  fileId=2988146961  size=2956
2026-03-24 01:05:53 [DEBUG] __main__ — [transport:acc2] upload ok  fileId=2992792072  size=2956
2026-03-24 01:05:53 [INFO] __main__ — [f09c92c6] TCP connected → data.phantom.app:443  (64 мс)
2026-03-24 01:05:54 [DEBUG] __main__ — [transport:acc1] file-send  size=2956  action=data
2026-03-24 01:05:54 [DEBUG] __main__ — [transport:acc2] file-send  size=2956  action=data
2026-03-24 01:05:54 [INFO] __main__ — [poll] активных ссылок: 1
2026-03-24 01:05:54 [DEBUG] __main__ — [transport:acc1] пропускаем свой исходящий файл fileId=2988146961
2026-03-24 01:05:54 [DEBUG] __main__ — [transport:acc2] пропускаем свой исходящий файл fileId=2992792072
2026-03-24 01:05:54 [DEBUG] __main__ — [transport:acc2] upload ok  fileId=2983019860  size=2956
2026-03-24 01:05:54 [DEBUG] __main__ — [transport:acc1] upload ok  fileId=2990849363  size=2956
2026-03-24 01:05:54 [DEBUG] __main__ — [transport:acc2] file-send  size=2956  action=data
2026-03-24 01:05:54 [DEBUG] __main__ — [transport:acc1] file-send  size=2955  action=data
2026-03-24 01:05:54 [DEBUG] __main__ — [transport:acc2] пропускаем свой исходящий файл fileId=2983019860
2026-03-24 01:05:54 [DEBUG] __main__ — [transport:acc1] пропускаем свой исходящий файл fileId=2990849363
2026-03-24 01:05:55 [DEBUG] __main__ — [transport:acc2] upload ok  fileId=2989546362  size=2956
2026-03-24 01:05:55 [DEBUG] __main__ — [transport:acc1] upload ok  fileId=2990281381  size=2955
2026-03-24 01:05:55 [DEBUG] __main__ — [transport:acc2] file-send  size=2956  action=data
2026-03-24 01:05:55 [DEBUG] __main__ — [transport:acc2] пропускаем свой исходящий файл fileId=2989546362
2026-03-24 01:05:55 [DEBUG] __main__ — [transport:acc2] upload ok  fileId=2986331830  size=2956
2026-03-24 01:05:55 [DEBUG] __main__ — [transport:acc1] file-send  size=2956  action=data
2026-03-24 01:05:55 [DEBUG] __main__ — [transport:acc1] пропускаем свой исходящий файл fileId=2990281381
2026-03-24 01:05:55 [DEBUG] __main__ — [transport:acc1] upload ok  fileId=2986344923  size=2956
2026-03-24 01:05:55 [DEBUG] __main__ — [transport:acc2] file-send  size=2956  action=data
2026-03-24 01:05:55 [DEBUG] __main__ — [transport:acc2] пропускаем свой исходящий файл fileId=2986331830
2026-03-24 01:05:56 [DEBUG] __main__ — [transport:acc1] file-send  size=2956  action=data
2026-03-24 01:05:56 [DEBUG] __main__ — [transport:acc2] upload ok  fileId=2993485307  size=2956
2026-03-24 01:05:56 [DEBUG] __main__ — [transport:acc1] пропускаем свой исходящий файл fileId=2986344923
2026-03-24 01:05:56 [DEBUG] __main__ — [transport:acc1] upload ok  fileId=2990334726  size=2956
2026-03-24 01:05:56 [DEBUG] __main__ — [transport:acc2] file-send  size=2956  action=data
2026-03-24 01:05:56 [DEBUG] __main__ — [transport:acc2] пропускаем свой исходящий файл fileId=2993485307
2026-03-24 01:05:56 [WARNING] __main__ — [transport:acc1] op88 timeout fileId=2992834592 attempt=1, retrying...
2026-03-24 01:05:56 [DEBUG] __main__ — [transport:acc1] file-send  size=2956  action=data
2026-03-24 01:05:56 [DEBUG] __main__ — [transport:acc2] upload ok  fileId=2977018209  size=2956
2026-03-24 01:05:56 [DEBUG] __main__ — [transport:acc1] пропускаем свой исходящий файл fileId=2990334726
2026-03-24 01:05:56 [DEBUG] __main__ — [transport:acc1] upload ok  fileId=2986843464  size=2956
2026-03-24 01:05:56 [DEBUG] __main__ — [transport:acc2] file-send  size=2956  action=data
2026-03-24 01:05:57 [DEBUG] __main__ — [transport:acc1] text-recv  action=connect  id=452f2aed
2026-03-24 01:05:57 [INFO] __main__ — [452f2aed] CONNECT → api.github.com:443
2026-03-24 01:05:57 [DEBUG] __main__ — [transport:acc2] пропускаем свой исходящий файл fileId=2977018209
2026-03-24 01:05:57 [DEBUG] __main__ — [transport:acc1] file-send  size=2956  action=data
2026-03-24 01:05:57 [INFO] __main__ — [452f2aed] TCP connected → api.github.com:443  (65 мс)
2026-03-24 01:05:57 [DEBUG] __main__ — [transport:acc2] upload ok  fileId=2992382126  size=2956
2026-03-24 01:05:57 [DEBUG] __main__ — [transport:acc1] пропускаем свой исходящий файл fileId=2986843464
2026-03-24 01:05:57 [DEBUG] __main__ — [transport:acc1] upload ok  fileId=2990849619  size=2956
2026-03-24 01:05:57 [DEBUG] __main__ — [transport:acc2] file-send  size=2956  action=data
2026-03-24 01:05:57 [DEBUG] __main__ — [transport:acc2] пропускаем свой исходящий файл fileId=2992382126
2026-03-24 01:05:57 [DEBUG] __main__ — [transport:acc1] file-send  size=2956  action=data
2026-03-24 01:05:57 [DEBUG] __main__ — [transport:acc2] upload ok  fileId=2990962891  size=2956
2026-03-24 01:05:57 [DEBUG] __main__ — [transport:acc1] пропускаем свой исходящий файл fileId=2990849619
2026-03-24 01:05:58 [DEBUG] __main__ — [transport:acc1] upload ok  fileId=2980344988  size=2956
2026-03-24 01:05:58 [DEBUG] __main__ — [transport:acc2] text-send  len=806  action=data
2026-03-24 01:05:58 [DEBUG] __main__ — [transport:acc2] text-send  len=1015  action=data
2026-03-24 01:05:58 [DEBUG] __main__ — [transport:acc2] file-send  size=2956  action=data
2026-03-24 01:05:58 [DEBUG] __main__ — [transport:acc2] пропускаем свой исходящий файл fileId=2990962891
2026-03-24 01:05:58 [DEBUG] __main__ — [transport:acc1] file-send  size=2956  action=data
2026-03-24 01:05:58 [DEBUG] __main__ — [transport:acc1] пропускаем свой исходящий файл fileId=2980344988
2026-03-24 01:05:58 [DEBUG] __main__ — [transport:acc2] upload ok  fileId=2990479428  size=2956
2026-03-24 01:05:58 [DEBUG] __main__ — [transport:acc1] upload ok  fileId=2983728096  size=2956
2026-03-24 01:05:58 [DEBUG] __main__ — [transport:acc2] file-send  size=2956  action=data
2026-03-24 01:05:58 [DEBUG] __main__ — [transport:acc2] пропускаем свой исходящий файл fileId=2990479428
2026-03-24 01:05:58 [DEBUG] __main__ — [transport:acc1] file-send  size=2956  action=data
2026-03-24 01:05:58 [DEBUG] __main__ — [transport:acc2] upload ok  fileId=2981364600  size=2956
2026-03-24 01:05:59 [DEBUG] __main__ — [transport:acc1] пропускаем свой исходящий файл fileId=2983728096
2026-03-24 01:05:59 [DEBUG] __main__ — [transport:acc2] text-recv  action=close  id=6db5d360
2026-03-24 01:05:59 [INFO] __main__ — [6db5d360] close requested last_seq=0
2026-03-24 01:05:59 [DEBUG] __main__ — [transport:acc1] upload ok  fileId=2991286072  size=2956
2026-03-24 01:05:59 [DEBUG] __main__ — [transport:acc2] file-send  size=2956  action=data
2026-03-24 01:05:59 [DEBUG] __main__ — [transport:acc2] пропускаем свой исходящий файл fileId=2981364600
2026-03-24 01:05:59 [DEBUG] __main__ — [transport:acc1] file-send  size=2956  action=data
2026-03-24 01:05:59 [DEBUG] __main__ — [transport:acc2] upload ok  fileId=2986557319  size=2956
2026-03-24 01:05:59 [DEBUG] __main__ — [transport:acc1] пропускаем свой исходящий файл fileId=2991286072
2026-03-24 01:05:59 [DEBUG] __main__ — [transport:acc1] upload ok  fileId=2989008494  size=2956
2026-03-24 01:05:59 [DEBUG] __main__ — [transport:acc2] file-send  size=2956  action=data
2026-03-24 01:05:59 [DEBUG] __main__ — [transport:acc2] пропускаем свой исходящий файл fileId=2986557319
2026-03-24 01:06:00 [DEBUG] __main__ — [transport:acc1] file-send  size=2956  action=data
2026-03-24 01:06:00 [DEBUG] __main__ — [transport:acc2] upload ok  fileId=2985452715  size=2956
2026-03-24 01:06:00 [DEBUG] __main__ — [transport:acc1] пропускаем свой исходящий файл fileId=2989008494
2026-03-24 01:06:00 [DEBUG] __main__ — [transport:acc1] upload ok  fileId=2985312687  size=2956
2026-03-24 01:06:00 [DEBUG] __main__ — [transport:acc2] file-send  size=2956  action=data
2026-03-24 01:06:00 [DEBUG] __main__ — [transport:acc2] пропускаем свой исходящий файл fileId=2985452715
2026-03-24 01:06:00 [DEBUG] __main__ — [transport:acc1] file-send  size=2956  action=data
2026-03-24 01:06:00 [DEBUG] __main__ — [transport:acc2] upload ok  fileId=2988336613  size=2956
2026-03-24 01:06:00 [DEBUG] __main__ — [transport:acc1] пропускаем свой исходящий файл fileId=2985312687
2026-03-24 01:06:00 [DEBUG] __main__ — [transport:acc1] upload ok  fileId=2996387593  size=2956
2026-03-24 01:06:00 [DEBUG] __main__ — [transport:acc2] file-send  size=2956  action=data
2026-03-24 01:06:01 [DEBUG] __main__ — [transport:acc2] пропускаем свой исходящий файл fileId=2988336613
2026-03-24 01:06:01 [DEBUG] __main__ — [transport:acc1] file-send  size=2956  action=data
2026-03-24 01:06:01 [DEBUG] __main__ — [transport:acc2] upload ok  fileId=2992355642  size=2956
2026-03-24 01:06:01 [DEBUG] __main__ — [transport:acc1] пропускаем свой исходящий файл fileId=2996387593
2026-03-24 01:06:01 [DEBUG] __main__ — [transport:acc1] upload ok  fileId=2992878637  size=2956
2026-03-24 01:06:01 [DEBUG] __main__ — [transport:acc2] file-send  size=2956  action=data
2026-03-24 01:06:01 [DEBUG] __main__ — [transport:acc2] пропускаем свой исходящий файл fileId=2992355642
2026-03-24 01:06:01 [DEBUG] __main__ — [transport:acc1] file-send  size=2956  action=data
2026-03-24 01:06:01 [DEBUG] __main__ — [transport:acc2] upload ok  fileId=2988065158  size=2956
2026-03-24 01:06:01 [DEBUG] __main__ — [transport:acc1] пропускаем свой исходящий файл fileId=2992878637
2026-03-24 01:06:02 [INFO] __main__ — [c44e86f0] pipe done | rx=3058B/2f (0.1 КБ/с)  tx=2222B/3f (0.1 КБ/с)  28.5s
2026-03-24 01:06:02 [INFO] __main__ — [452f2aed] pipe done | rx=0B/0f (0.0 КБ/с)  tx=0B/0f (0.0 КБ/с)  4.9s
2026-03-24 01:06:02 [INFO] __main__ — [proxy:self-chat] остановлен
2026-03-24 01:06:02 [INFO] __main__ — [4f46f4b1] pipe done | rx=35391B/17f (1.0 КБ/с)  tx=11489B/6f (0.3 КБ/с)  34.1s
2026-03-24 01:06:02 [INFO] __main__ — [520b0bc5] pipe done | rx=3688B/3f (0.1 КБ/с)  tx=49008B/19f (1.7 КБ/с)  28.9s
2026-03-24 01:06:02 [INFO] __main__ — [bf5177de] pipe done | rx=0B/0f (0.0 КБ/с)  tx=0B/0f (0.0 КБ/с)  13.2s
2026-03-24 01:06:02 [DEBUG] __main__ — [c44e86f0] socket closed
2026-03-24 01:06:02 [INFO] __main__ — [f09c92c6] pipe done | rx=0B/0f (0.0 КБ/с)  tx=0B/0f (0.0 КБ/с)  8.2s
2026-03-24 01:06:02 [DEBUG] __main__ — [452f2aed] socket closed
2026-03-24 01:06:02 [INFO] __main__ — [d6965d44] pipe done | rx=2890B/4f (0.1 КБ/с)  tx=523176B/186f (17.7 КБ/с)  28.9s
2026-03-24 01:06:02 [DEBUG] __main__ — [4f46f4b1] socket closed
2026-03-24 01:06:02 [DEBUG] __main__ — [520b0bc5] socket closed
2026-03-24 01:06:02 [DEBUG] __main__ — [bf5177de] socket closed
2026-03-24 01:06:02 [DEBUG] __main__ — [f09c92c6] socket closed
2026-03-24 01:06:02 [DEBUG] __main__ — [d6965d44] socket closed
2026-03-24 01:06:02 [ERROR] asyncio — Unclosed connector
connections: ['[(<aiohttp.client_proto.ResponseHandler object at 0x7148eda8dba0>, 89733.478386607), (<aiohttp.client_proto.ResponseHandler object at 0x7148eda8dd20>, 89740.295701174)]', '[(<aiohttp.client_proto.ResponseHandler object at 0x7148ee388dc0>, 89764.841435801)]']
connector: <aiohttp.connector.TCPConnector object at 0x7148ee382f20>
2026-03-24 01:06:02 [ERROR] asyncio — Unclosed connector
connections: ['[(<aiohttp.client_proto.ResponseHandler object at 0x7148eda8ca60>, 89736.251932338)]']
connector: <aiohttp.connector.TCPConnector object at 0x7148ee3cc8e0>
2026-03-24 01:06:02 [ERROR] asyncio — Fatal error on SSL transport
protocol: <asyncio.sslproto.SSLProtocol object at 0x7148edacc700>
transport: <_SelectorSocketTransport closing fd=17>
Traceback (most recent call last):
  File "/usr/lib/python3.10/asyncio/selector_events.py", line 924, in write
    n = self._sock.send(data)
OSError: [Errno 9] Bad file descriptor

During handling of the above exception, another exception occurred:

Traceback (most recent call last):
  File "/usr/lib/python3.10/asyncio/sslproto.py", line 690, in _process_write_backlog
    self._transport.write(chunk)
  File "/usr/lib/python3.10/asyncio/selector_events.py", line 930, in write
    self._fatal_error(exc, 'Fatal write error on socket transport')
  File "/usr/lib/python3.10/asyncio/selector_events.py", line 725, in _fatal_error
    self._force_close(exc)
  File "/usr/lib/python3.10/asyncio/selector_events.py", line 737, in _force_close
    self._loop.call_soon(self._call_connection_lost, exc)
  File "/usr/lib/python3.10/asyncio/base_events.py", line 753, in call_soon
    self._check_closed()
  File "/usr/lib/python3.10/asyncio/base_events.py", line 515, in _check_closed
    raise RuntimeError('Event loop is closed')
RuntimeError: Event loop is closed
2026-03-24 01:06:02 [ERROR] asyncio — Fatal error on SSL transport
protocol: <asyncio.sslproto.SSLProtocol object at 0x7148edacd4e0>
transport: <_SelectorSocketTransport closing fd=18>
Traceback (most recent call last):
  File "/usr/lib/python3.10/asyncio/selector_events.py", line 924, in write
    n = self._sock.send(data)
OSError: [Errno 9] Bad file descriptor

During handling of the above exception, another exception occurred:

Traceback (most recent call last):
  File "/usr/lib/python3.10/asyncio/sslproto.py", line 690, in _process_write_backlog
    self._transport.write(chunk)
  File "/usr/lib/python3.10/asyncio/selector_events.py", line 930, in write
    self._fatal_error(exc, 'Fatal write error on socket transport')
  File "/usr/lib/python3.10/asyncio/selector_events.py", line 725, in _fatal_error
    self._force_close(exc)
  File "/usr/lib/python3.10/asyncio/selector_events.py", line 737, in _force_close
    self._loop.call_soon(self._call_connection_lost, exc)
  File "/usr/lib/python3.10/asyncio/base_events.py", line 753, in call_soon
    self._check_closed()
  File "/usr/lib/python3.10/asyncio/base_events.py", line 515, in _check_closed
    raise RuntimeError('Event loop is closed')
RuntimeError: Event loop is closed
