2026-03-24 01:00:35 [INFO] __main__ — MAX Proxy SERVER запущен  viewer_id=240876353  transports=2
2026-03-24 01:00:35 [INFO] __main__ — [poll] активных ссылок: 1
2026-03-24 01:00:35 [INFO] __main__ — [sync] добавляем: https://max.ru/u/f9LHodD0cOLSv4G88y6aJUnuBwDWtOabajgudb8lC2a1yX4zO275z8gu3fU
2026-03-24 01:00:35 [INFO] __main__ — [proxy:self-chat] WS подключение (chat_id=0, transports=2)
2026-03-24 01:00:36 [INFO] __main__ — Авторизован [server:acc1], chatId=0
2026-03-24 01:00:36 [INFO] __main__ — Авторизован [server:acc2], chatId=0
2026-03-24 01:00:45 [DEBUG] __main__ — [transport:acc1] text-recv  action=connect  id=0b1135ec
2026-03-24 01:00:45 [INFO] __main__ — [0b1135ec] CONNECT → 81.19.72.32:443
2026-03-24 01:00:45 [INFO] __main__ — [0b1135ec] TCP connected → 81.19.72.32:443  (1 мс)
2026-03-24 01:00:45 [DEBUG] __main__ — [transport:acc1] text-send  len=41  action=ok
2026-03-24 01:00:45 [DEBUG] __main__ — [transport:acc1] text-recv  action=data  id=0b1135ec
2026-03-24 01:00:45 [DEBUG] __main__ — [0b1135ec] <- data #1  517B  seq=0
2026-03-24 01:00:45 [DEBUG] __main__ — [0b1135ec] -> #1  2900B  seq=0
2026-03-24 01:00:45 [DEBUG] __main__ — [transport:acc1] file-send  size=2955  action=data
2026-03-24 01:00:45 [DEBUG] __main__ — [0b1135ec] -> #2  841B  seq=1
2026-03-24 01:00:45 [DEBUG] __main__ — [transport:acc2] text-send  len=1172  action=data
2026-03-24 01:00:45 [DEBUG] __main__ — [transport:acc1] text-recv  action=close  id=0b1135ec
2026-03-24 01:00:45 [DEBUG] __main__ — [transport:acc2] text-recv  action=data  id=0b1135ec
2026-03-24 01:00:45 [INFO] __main__ — [0b1135ec] close requested last_seq=1
2026-03-24 01:00:45 [DEBUG] __main__ — [0b1135ec] <- data #2  7B  seq=1
2026-03-24 01:00:45 [DEBUG] __main__ — [0b1135ec] socket closed
2026-03-24 01:00:45 [DEBUG] __main__ — [0b1135ec] remote EOF
2026-03-24 01:00:45 [INFO] __main__ — [0b1135ec] pipe done | rx=0B/0f (0.0 КБ/с)  tx=0B/0f (0.0 КБ/с)  0.0s
2026-03-24 01:00:46 [DEBUG] __main__ — [transport:acc1] upload ok  fileId=2990478670  size=2955
2026-03-24 01:00:46 [DEBUG] __main__ — [transport:acc1] пропускаем свой исходящий файл fileId=2990478670
2026-03-24 01:00:54 [INFO] __main__ — [proxy:self-chat] остановлен
2026-03-24 01:00:54 [ERROR] asyncio — Unclosed connector
connections: ['[(<aiohttp.client_proto.ResponseHandler object at 0x72a20618ba00>, 89449.472995004)]']
connector: <aiohttp.connector.TCPConnector object at 0x72a2061c9630>
2026-03-24 01:00:54 [ERROR] asyncio — Unclosed client session
client_session: <aiohttp.client.ClientSession object at 0x72a2058761a0>
2026-03-24 01:00:54 [ERROR] asyncio — Fatal error on SSL transport
protocol: <asyncio.sslproto.SSLProtocol object at 0x72a2058778e0>
transport: <_SelectorSocketTransport closing fd=10>
Traceback (most recent call last):
  File "/usr/lib/python3.10/asyncio/selector_events.py", line 924, in write
    n = self._sock.send(data)
OSError: [Errno 9] Bad file descriptor

During handling of the above exception, another exception occurred:

Traceback (most recent call last):
  File "/usr/lib/python3.10/asyncio/sslproto.py", line 690, in _process_write_backlog
    self._transport.write(chunk)
  File "/usr/lib/python3.10/asyncio/selector_events.py", line 930, in write
    self._fatal_error(exc, 'Fatal write error on socket transport')
  File "/usr/lib/python3.10/asyncio/selector_events.py", line 725, in _fatal_error
    self._force_close(exc)
  File "/usr/lib/python3.10/asyncio/selector_events.py", line 737, in _force_close
    self._loop.call_soon(self._call_connection_lost, exc)
  File "/usr/lib/python3.10/asyncio/base_events.py", line 753, in call_soon
    self._check_closed()
  File "/usr/lib/python3.10/asyncio/base_events.py", line 515, in _check_closed
    raise RuntimeError('Event loop is closed')
RuntimeError: Event loop is closed
