2026-03-24 19:28:58 [INFO] __main__ — Авторизован [client:acc1], chatId=0
2026-03-24 19:29:05 [DEBUG] __main__ — [tunnel] CONNECT 2ip.ru:443 (MITM)
2026-03-24 19:29:05 [DEBUG] __main__ — [batch] flush batch_id=3af0d12e7328 reqs=1 size=160
2026-03-24 19:29:05 [INFO] __main__ — BATCH sent  id=3af0d12e7328  reqs=1  0КБ  urls=['https://2ip.ru/']
2026-03-24 19:29:06 [DEBUG] __main__ — [transport:acc1] upload ok  fileId=2992487063  size=160
2026-03-24 19:29:10 [DEBUG] __main__ — [transport:acc1] recv_file fileId=3002060545 size=241
2026-03-24 19:29:10 [INFO] __main__ — BATCH recv  id=3af0d12e7328  reqs=1
2026-03-24 19:29:13 [DEBUG] __main__ — [tunnel] CONNECT 2ip.ru:443 (MITM)
2026-03-24 19:29:13 [DEBUG] __main__ — [batch] flush batch_id=20b068648f8c reqs=1 size=160
2026-03-24 19:29:13 [INFO] __main__ — BATCH sent  id=20b068648f8c  reqs=1  0КБ  urls=['https://2ip.ru/']
2026-03-24 19:29:13 [DEBUG] __main__ — [transport:acc1] upload ok  fileId=2995361459  size=160
2026-03-24 19:29:15 [DEBUG] __main__ — [transport:acc1] recv_file fileId=3001387369 size=241
2026-03-24 19:29:15 [INFO] __main__ — BATCH recv  id=20b068648f8c  reqs=1
2026-03-24 19:29:18 [DEBUG] __main__ — [tunnel] CONNECT 2ip.ru:443 (MITM)
2026-03-24 19:29:18 [DEBUG] __main__ — [batch] flush batch_id=0db9c04bb84d reqs=1 size=160
2026-03-24 19:29:18 [INFO] __main__ — BATCH sent  id=0db9c04bb84d  reqs=1  0КБ  urls=['https://2ip.ru/']
2026-03-24 19:29:19 [DEBUG] __main__ — [transport:acc1] upload ok  fileId=2995577795  size=160
2026-03-24 19:29:21 [DEBUG] __main__ — [transport:acc1] recv_file fileId=2990008940 size=241
2026-03-24 19:29:21 [INFO] __main__ — BATCH recv  id=0db9c04bb84d  reqs=1
2026-03-24 19:29:24 [DEBUG] __main__ — [tunnel] CONNECT 2ip.ru:443 (MITM)
2026-03-24 19:29:24 [DEBUG] __main__ — [batch] flush batch_id=01b785b1ab83 reqs=1 size=160
2026-03-24 19:29:24 [INFO] __main__ — BATCH sent  id=01b785b1ab83  reqs=1  0КБ  urls=['https://2ip.ru/']
2026-03-24 19:29:24 [DEBUG] __main__ — [transport:acc1] upload ok  fileId=2990843769  size=160
2026-03-24 19:29:26 [DEBUG] __main__ — [transport:acc1] recv_file fileId=3003013249 size=241
2026-03-24 19:29:26 [INFO] __main__ — BATCH recv  id=01b785b1ab83  reqs=1
2026-03-24 19:29:29 [DEBUG] __main__ — [tunnel] CONNECT 2ip.ru:443 (MITM)
2026-03-24 19:29:29 [DEBUG] __main__ — [batch] flush batch_id=4eda89bedaa3 reqs=1 size=160
2026-03-24 19:29:29 [INFO] __main__ — BATCH sent  id=4eda89bedaa3  reqs=1  0КБ  urls=['https://2ip.ru/']
2026-03-24 19:29:29 [DEBUG] __main__ — [transport:acc1] upload ok  fileId=3001932479  size=160
2026-03-24 19:29:31 [DEBUG] __main__ — [transport:acc1] recv_file fileId=3001388137 size=241
2026-03-24 19:29:31 [INFO] __main__ — BATCH recv  id=4eda89bedaa3  reqs=1
2026-03-24 19:29:34 [DEBUG] __main__ — [tunnel] CONNECT 2ip.ru:443 (MITM)
2026-03-24 19:29:35 [DEBUG] __main__ — [batch] flush batch_id=3b42bdb097fe reqs=1 size=159
2026-03-24 19:29:35 [INFO] __main__ — BATCH sent  id=3b42bdb097fe  reqs=1  0КБ  urls=['https://2ip.ru/']
2026-03-24 19:29:35 [DEBUG] __main__ — [transport:acc1] upload ok  fileId=2995635261  size=159
2026-03-24 19:29:37 [DEBUG] __main__ — [transport:acc1] recv_file fileId=3003271908 size=241
2026-03-24 19:29:37 [INFO] __main__ — BATCH recv  id=3b42bdb097fe  reqs=1
2026-03-24 19:29:40 [DEBUG] __main__ — [tunnel] CONNECT 2ip.ru:443 (MITM)
2026-03-24 19:29:40 [DEBUG] __main__ — [batch] flush batch_id=b088a9735d19 reqs=1 size=160
2026-03-24 19:29:40 [INFO] __main__ — BATCH sent  id=b088a9735d19  reqs=1  0КБ  urls=['https://2ip.ru/']
2026-03-24 19:29:41 [DEBUG] __main__ — [transport:acc1] upload ok  fileId=2997549250  size=160
2026-03-24 19:29:42 [DEBUG] __main__ — [transport:acc1] recv_file fileId=2990482848 size=241
2026-03-24 19:29:42 [INFO] __main__ — BATCH recv  id=b088a9735d19  reqs=1
2026-03-24 19:29:46 [DEBUG] __main__ — [tunnel] CONNECT 2ip.ru:443 (MITM)
2026-03-24 19:29:46 [DEBUG] __main__ — [batch] flush batch_id=5cd9169e4754 reqs=1 size=160
2026-03-24 19:29:46 [INFO] __main__ — BATCH sent  id=5cd9169e4754  reqs=1  0КБ  urls=['https://2ip.ru/']
2026-03-24 19:29:46 [DEBUG] __main__ — [transport:acc1] upload ok  fileId=2997366856  size=160
2026-03-24 19:29:48 [DEBUG] __main__ — [transport:acc1] recv_file fileId=2999209958 size=241
2026-03-24 19:29:48 [INFO] __main__ — BATCH recv  id=5cd9169e4754  reqs=1
2026-03-24 19:29:51 [DEBUG] __main__ — [tunnel] CONNECT 2ip.ru:443 (MITM)
2026-03-24 19:29:51 [DEBUG] __main__ — [batch] flush batch_id=32a572b76c46 reqs=1 size=161
2026-03-24 19:29:51 [INFO] __main__ — BATCH sent  id=32a572b76c46  reqs=1  0КБ  urls=['https://2ip.ru/']
2026-03-24 19:29:51 [DEBUG] __main__ — [transport:acc1] upload ok  fileId=2998849753  size=161
2026-03-24 19:29:53 [DEBUG] __main__ — [transport:acc1] recv_file fileId=2999678571 size=241
2026-03-24 19:29:53 [INFO] __main__ — BATCH recv  id=32a572b76c46  reqs=1
2026-03-24 19:29:56 [DEBUG] __main__ — [tunnel] CONNECT 2ip.ru:443 (MITM)
2026-03-24 19:29:56 [DEBUG] __main__ — [batch] flush batch_id=f010a20227c5 reqs=1 size=159
2026-03-24 19:29:56 [INFO] __main__ — BATCH sent  id=f010a20227c5  reqs=1  0КБ  urls=['https://2ip.ru/']
2026-03-24 19:29:57 [DEBUG] __main__ — [transport:acc1] upload ok  fileId=2999083354  size=159
2026-03-24 19:29:59 [DEBUG] __main__ — [transport:acc1] recv_file fileId=2989458716 size=241
2026-03-24 19:29:59 [INFO] __main__ — BATCH recv  id=f010a20227c5  reqs=1
2026-03-24 19:30:02 [DEBUG] __main__ — [tunnel] CONNECT 2ip.ru:443 (MITM)
2026-03-24 19:30:02 [DEBUG] __main__ — [batch] flush batch_id=75a2356970a6 reqs=1 size=161
2026-03-24 19:30:02 [INFO] __main__ — BATCH sent  id=75a2356970a6  reqs=1  0КБ  urls=['https://2ip.ru/']
2026-03-24 19:30:02 [DEBUG] __main__ — [transport:acc1] upload ok  fileId=2996674879  size=161
2026-03-24 19:30:04 [DEBUG] __main__ — [transport:acc1] recv_file fileId=2995940783 size=241
2026-03-24 19:30:04 [INFO] __main__ — BATCH recv  id=75a2356970a6  reqs=1
2026-03-24 19:30:07 [DEBUG] __main__ — [tunnel] CONNECT 2ip.ru:443 (MITM)
2026-03-24 19:30:07 [DEBUG] __main__ — [batch] flush batch_id=f1ac03bfc8d9 reqs=1 size=160
2026-03-24 19:30:07 [INFO] __main__ — BATCH sent  id=f1ac03bfc8d9  reqs=1  0КБ  urls=['https://2ip.ru/']
2026-03-24 19:30:08 [DEBUG] __main__ — [transport:acc1] upload ok  fileId=2986724497  size=160
2026-03-24 19:30:10 [DEBUG] __main__ — [transport:acc1] recv_file fileId=2998028182 size=241
2026-03-24 19:30:10 [INFO] __main__ — BATCH recv  id=f1ac03bfc8d9  reqs=1
2026-03-24 19:30:13 [DEBUG] __main__ — [tunnel] CONNECT 2ip.ru:443 (MITM)
2026-03-24 19:30:13 [DEBUG] __main__ — [batch] flush batch_id=af37cf9d5dba reqs=1 size=161
2026-03-24 19:30:13 [INFO] __main__ — BATCH sent  id=af37cf9d5dba  reqs=1  0КБ  urls=['https://2ip.ru/']
2026-03-24 19:30:13 [DEBUG] __main__ — [transport:acc1] upload ok  fileId=2999181294  size=161
2026-03-24 19:30:15 [DEBUG] __main__ — [transport:acc1] recv_file fileId=3004350326 size=241
2026-03-24 19:30:15 [INFO] __main__ — BATCH recv  id=af37cf9d5dba  reqs=1
2026-03-24 19:30:18 [DEBUG] __main__ — [tunnel] CONNECT 2ip.ru:443 (MITM)
2026-03-24 19:30:18 [DEBUG] __main__ — [batch] flush batch_id=4f1f8af09791 reqs=1 size=161
2026-03-24 19:30:18 [INFO] __main__ — BATCH sent  id=4f1f8af09791  reqs=1  0КБ  urls=['https://2ip.ru/']
2026-03-24 19:30:19 [DEBUG] __main__ — [transport:acc1] upload ok  fileId=3002064641  size=161
2026-03-24 19:30:21 [DEBUG] __main__ — [transport:acc1] recv_file fileId=2987171283 size=241
2026-03-24 19:30:21 [INFO] __main__ — BATCH recv  id=4f1f8af09791  reqs=1
2026-03-24 19:30:24 [DEBUG] __main__ — [tunnel] CONNECT 2ip.ru:443 (MITM)
2026-03-24 19:30:24 [DEBUG] __main__ — [batch] flush batch_id=7960d0e559d1 reqs=1 size=161
2026-03-24 19:30:24 [INFO] __main__ — BATCH sent  id=7960d0e559d1  reqs=1  0КБ  urls=['https://2ip.ru/']
2026-03-24 19:30:24 [DEBUG] __main__ — [transport:acc1] upload ok  fileId=2999821604  size=161
2026-03-24 19:30:26 [DEBUG] __main__ — [transport:acc1] recv_file fileId=2997453607 size=241
2026-03-24 19:30:26 [INFO] __main__ — BATCH recv  id=7960d0e559d1  reqs=1
2026-03-24 19:30:29 [DEBUG] __main__ — [tunnel] CONNECT 2ip.ru:443 (MITM)
2026-03-24 19:30:29 [DEBUG] __main__ — [batch] flush batch_id=6eeb8f79f53b reqs=1 size=160
2026-03-24 19:30:29 [INFO] __main__ — BATCH sent  id=6eeb8f79f53b  reqs=1  0КБ  urls=['https://2ip.ru/']
2026-03-24 19:30:29 [DEBUG] __main__ — [transport:acc1] upload ok  fileId=3003382293  size=160
2026-03-24 19:30:31 [DEBUG] __main__ — [transport:acc1] recv_file fileId=2993156112 size=241
2026-03-24 19:30:31 [INFO] __main__ — BATCH recv  id=6eeb8f79f53b  reqs=1
2026-03-24 19:30:34 [DEBUG] __main__ — [tunnel] CONNECT 2ip.ru:443 (MITM)
2026-03-24 19:30:34 [DEBUG] __main__ — [batch] flush batch_id=e525e3260fc6 reqs=1 size=160
2026-03-24 19:30:34 [INFO] __main__ — BATCH sent  id=e525e3260fc6  reqs=1  0КБ  urls=['https://2ip.ru/']
2026-03-24 19:30:35 [DEBUG] __main__ — [transport:acc1] upload ok  fileId=2993771756  size=160
2026-03-24 19:30:36 [DEBUG] __main__ — [transport:acc1] recv_file fileId=2995476906 size=241
2026-03-24 19:30:36 [INFO] __main__ — BATCH recv  id=e525e3260fc6  reqs=1
2026-03-24 19:30:39 [DEBUG] __main__ — [tunnel] CONNECT 2ip.ru:443 (MITM)
2026-03-24 19:30:39 [DEBUG] __main__ — [batch] flush batch_id=40617971e098 reqs=1 size=160
2026-03-24 19:30:39 [INFO] __main__ — BATCH sent  id=40617971e098  reqs=1  0КБ  urls=['https://2ip.ru/']
2026-03-24 19:30:40 [DEBUG] __main__ — [transport:acc1] upload ok  fileId=2997621247  size=160
2026-03-24 19:30:41 [DEBUG] __main__ — [transport:acc1] recv_file fileId=3000571916 size=241
2026-03-24 19:30:41 [INFO] __main__ — BATCH recv  id=40617971e098  reqs=1
2026-03-24 19:30:44 [DEBUG] __main__ — [tunnel] CONNECT 2ip.ru:443 (MITM)
2026-03-24 19:30:44 [DEBUG] __main__ — [batch] flush batch_id=6c928ce49541 reqs=1 size=161
2026-03-24 19:30:44 [INFO] __main__ — BATCH sent  id=6c928ce49541  reqs=1  0КБ  urls=['https://2ip.ru/']
2026-03-24 19:30:45 [DEBUG] __main__ — [transport:acc1] upload ok  fileId=3000994311  size=161
2026-03-24 19:30:46 [DEBUG] __main__ — [transport:acc1] recv_file fileId=3003514545 size=241
2026-03-24 19:30:46 [INFO] __main__ — BATCH recv  id=6c928ce49541  reqs=1
2026-03-24 19:30:49 [DEBUG] __main__ — [tunnel] CONNECT 2ip.ru:443 (MITM)
2026-03-24 19:30:49 [DEBUG] __main__ — [batch] flush batch_id=1e37100e4fcb reqs=1 size=160
2026-03-24 19:30:49 [INFO] __main__ — BATCH sent  id=1e37100e4fcb  reqs=1  0КБ  urls=['https://2ip.ru/']
2026-03-24 19:30:50 [DEBUG] __main__ — [transport:acc1] upload ok  fileId=3004393763  size=160
2026-03-24 19:30:51 [DEBUG] __main__ — [transport:acc1] recv_file fileId=2998310348 size=241
2026-03-24 19:30:51 [INFO] __main__ — BATCH recv  id=1e37100e4fcb  reqs=1
2026-03-24 19:30:54 [DEBUG] __main__ — [tunnel] CONNECT 2ip.ru:443 (MITM)
2026-03-24 19:30:54 [DEBUG] __main__ — [batch] flush batch_id=a538b39c2d24 reqs=1 size=161
2026-03-24 19:30:54 [INFO] __main__ — BATCH sent  id=a538b39c2d24  reqs=1  0КБ  urls=['https://2ip.ru/']
2026-03-24 19:30:55 [DEBUG] __main__ — [transport:acc1] upload ok  fileId=3005672029  size=161
2026-03-24 19:30:56 [DEBUG] __main__ — [transport:acc1] recv_file fileId=2998435313 size=241
2026-03-24 19:30:56 [INFO] __main__ — BATCH recv  id=a538b39c2d24  reqs=1
2026-03-24 19:30:59 [DEBUG] __main__ — [tunnel] CONNECT 2ip.ru:443 (MITM)
2026-03-24 19:30:59 [DEBUG] __main__ — [batch] flush batch_id=6814b1d05429 reqs=1 size=160
2026-03-24 19:30:59 [INFO] __main__ — BATCH sent  id=6814b1d05429  reqs=1  0КБ  urls=['https://2ip.ru/']
2026-03-24 19:30:59 [DEBUG] __main__ — [transport:acc1] upload ok  fileId=3000870821  size=160
2026-03-24 19:31:01 [DEBUG] __main__ — [transport:acc1] recv_file fileId=2996667262 size=241
2026-03-24 19:31:01 [INFO] __main__ — BATCH recv  id=6814b1d05429  reqs=1
2026-03-24 19:31:04 [DEBUG] __main__ — [tunnel] CONNECT 2ip.ru:443 (MITM)
2026-03-24 19:31:04 [DEBUG] __main__ — [batch] flush batch_id=4d902a05c7a6 reqs=1 size=160
2026-03-24 19:31:04 [INFO] __main__ — BATCH sent  id=4d902a05c7a6  reqs=1  0КБ  urls=['https://2ip.ru/']
2026-03-24 19:31:04 [DEBUG] __main__ — [transport:acc1] upload ok  fileId=2999125583  size=160
2026-03-24 19:31:06 [DEBUG] __main__ — [transport:acc1] recv_file fileId=3002181616 size=241
2026-03-24 19:31:06 [INFO] __main__ — BATCH recv  id=4d902a05c7a6  reqs=1
2026-03-24 19:31:09 [DEBUG] __main__ — [tunnel] CONNECT 2ip.ru:443 (MITM)
2026-03-24 19:31:09 [DEBUG] __main__ — [batch] flush batch_id=66c395e7aefc reqs=1 size=160
2026-03-24 19:31:09 [INFO] __main__ — BATCH sent  id=66c395e7aefc  reqs=1  0КБ  urls=['https://2ip.ru/']
2026-03-24 19:31:10 [DEBUG] __main__ — [transport:acc1] upload ok  fileId=2995206046  size=160
2026-03-24 19:31:11 [DEBUG] __main__ — [transport:acc1] recv_file fileId=3001330754 size=241
2026-03-24 19:31:11 [INFO] __main__ — BATCH recv  id=66c395e7aefc  reqs=1
2026-03-24 19:31:14 [DEBUG] __main__ — [tunnel] CONNECT 2ip.ru:443 (MITM)
2026-03-24 19:31:14 [DEBUG] __main__ — [batch] flush batch_id=9af90f527dfc reqs=1 size=160
2026-03-24 19:31:14 [INFO] __main__ — BATCH sent  id=9af90f527dfc  reqs=1  0КБ  urls=['https://2ip.ru/']
2026-03-24 19:31:15 [DEBUG] __main__ — [transport:acc1] upload ok  fileId=3003077359  size=160
2026-03-24 19:31:17 [DEBUG] __main__ — [transport:acc1] recv_file fileId=2995675736 size=241
2026-03-24 19:31:17 [INFO] __main__ — BATCH recv  id=9af90f527dfc  reqs=1
2026-03-24 19:31:20 [DEBUG] __main__ — [tunnel] CONNECT 2ip.ru:443 (MITM)
2026-03-24 19:31:20 [DEBUG] __main__ — [batch] flush batch_id=7501df35248a reqs=1 size=161
2026-03-24 19:31:20 [INFO] __main__ — BATCH sent  id=7501df35248a  reqs=1  0КБ  urls=['https://2ip.ru/']
2026-03-24 19:31:20 [DEBUG] __main__ — [transport:acc1] upload ok  fileId=2987867744  size=161
2026-03-24 19:31:22 [DEBUG] __main__ — [transport:acc1] recv_file fileId=3004354934 size=241
2026-03-24 19:31:22 [INFO] __main__ — BATCH recv  id=7501df35248a  reqs=1
2026-03-24 19:31:25 [DEBUG] __main__ — [tunnel] CONNECT 2ip.ru:443 (MITM)
2026-03-24 19:31:25 [DEBUG] __main__ — [batch] flush batch_id=b7db5e44641d reqs=1 size=159
2026-03-24 19:31:25 [INFO] __main__ — BATCH sent  id=b7db5e44641d  reqs=1  0КБ  urls=['https://2ip.ru/']
2026-03-24 19:31:26 [DEBUG] __main__ — [transport:acc1] upload ok  fileId=2996523201  size=159
2026-03-24 19:31:28 [DEBUG] __main__ — [transport:acc1] recv_file fileId=3005366450 size=241
2026-03-24 19:31:28 [INFO] __main__ — BATCH recv  id=b7db5e44641d  reqs=1
2026-03-24 19:31:31 [DEBUG] __main__ — [tunnel] CONNECT 2ip.ru:443 (MITM)
2026-03-24 19:31:31 [DEBUG] __main__ — [batch] flush batch_id=c62afbb7630f reqs=1 size=160
2026-03-24 19:31:31 [INFO] __main__ — BATCH sent  id=c62afbb7630f  reqs=1  0КБ  urls=['https://2ip.ru/']
2026-03-24 19:31:32 [DEBUG] __main__ — [transport:acc1] upload ok  fileId=3001387854  size=160
2026-03-24 19:31:34 [DEBUG] __main__ — [transport:acc1] recv_file fileId=3002656837 size=241
2026-03-24 19:31:34 [INFO] __main__ — BATCH recv  id=c62afbb7630f  reqs=1
2026-03-24 19:31:37 [DEBUG] __main__ — [tunnel] CONNECT 2ip.ru:443 (MITM)
2026-03-24 19:31:37 [DEBUG] __main__ — [batch] flush batch_id=9e0901c798cd reqs=1 size=160
2026-03-24 19:31:37 [INFO] __main__ — BATCH sent  id=9e0901c798cd  reqs=1  0КБ  urls=['https://2ip.ru/']
2026-03-24 19:31:37 [DEBUG] __main__ — [transport:acc1] upload ok  fileId=2990491808  size=160
2026-03-24 19:31:39 [DEBUG] __main__ — [transport:acc1] recv_file fileId=2999054552 size=241
2026-03-24 19:31:39 [INFO] __main__ — BATCH recv  id=9e0901c798cd  reqs=1
2026-03-24 19:31:42 [DEBUG] __main__ — [tunnel] CONNECT 2ip.ru:443 (MITM)
2026-03-24 19:31:42 [DEBUG] __main__ — [batch] flush batch_id=d91149c56804 reqs=1 size=160
2026-03-24 19:31:42 [INFO] __main__ — BATCH sent  id=d91149c56804  reqs=1  0КБ  urls=['https://2ip.ru/']
2026-03-24 19:31:43 [DEBUG] __main__ — [transport:acc1] upload ok  fileId=2998795230  size=160
2026-03-24 19:31:45 [DEBUG] __main__ — [transport:acc1] recv_file fileId=3001942207 size=241
2026-03-24 19:31:45 [INFO] __main__ — BATCH recv  id=d91149c56804  reqs=1
2026-03-24 19:31:48 [DEBUG] __main__ — [tunnel] CONNECT 2ip.ru:443 (MITM)
2026-03-24 19:31:48 [DEBUG] __main__ — [batch] flush batch_id=4859d38e1555 reqs=1 size=161
2026-03-24 19:31:48 [INFO] __main__ — BATCH sent  id=4859d38e1555  reqs=1  0КБ  urls=['https://2ip.ru/']
2026-03-24 19:31:48 [DEBUG] __main__ — [transport:acc1] upload ok  fileId=2994665112  size=161
2026-03-24 19:31:51 [DEBUG] __main__ — [transport:acc1] recv_file fileId=3001334850 size=241
2026-03-24 19:31:51 [INFO] __main__ — BATCH recv  id=4859d38e1555  reqs=1
2026-03-24 19:31:54 [DEBUG] __main__ — [tunnel] CONNECT 2ip.ru:443 (MITM)
2026-03-24 19:31:54 [DEBUG] __main__ — [batch] flush batch_id=a4d6da1010db reqs=1 size=160
2026-03-24 19:31:54 [INFO] __main__ — BATCH sent  id=a4d6da1010db  reqs=1  0КБ  urls=['https://2ip.ru/']
2026-03-24 19:31:54 [DEBUG] __main__ — [transport:acc1] upload ok  fileId=3000754438  size=160
2026-03-24 19:31:56 [DEBUG] __main__ — [transport:acc1] recv_file fileId=2997259482 size=241
2026-03-24 19:31:56 [INFO] __main__ — BATCH recv  id=a4d6da1010db  reqs=1
2026-03-24 19:31:59 [DEBUG] __main__ — [tunnel] CONNECT 2ip.ru:443 (MITM)
2026-03-24 19:31:59 [DEBUG] __main__ — [batch] flush batch_id=846f51423a74 reqs=1 size=160
2026-03-24 19:31:59 [INFO] __main__ — BATCH sent  id=846f51423a74  reqs=1  0КБ  urls=['https://2ip.ru/']
2026-03-24 19:32:00 [DEBUG] __main__ — [transport:acc1] upload ok  fileId=2995682625  size=160
2026-03-24 19:32:01 [DEBUG] __main__ — [transport:acc1] recv_file fileId=2990493344 size=241
2026-03-24 19:32:01 [INFO] __main__ — BATCH recv  id=846f51423a74  reqs=1
2026-03-24 19:32:05 [DEBUG] __main__ — [tunnel] CONNECT 2ip.ru:443 (MITM)
2026-03-24 19:32:05 [DEBUG] __main__ — [batch] flush batch_id=a53ecda74fd2 reqs=1 size=160
2026-03-24 19:32:05 [INFO] __main__ — BATCH sent  id=a53ecda74fd2  reqs=1  0КБ  urls=['https://2ip.ru/']
2026-03-24 19:32:05 [DEBUG] __main__ — [transport:acc1] upload ok  fileId=3005676893  size=160
2026-03-24 19:32:07 [DEBUG] __main__ — [transport:acc1] recv_file fileId=3003635945 size=241
2026-03-24 19:32:07 [INFO] __main__ — BATCH recv  id=a53ecda74fd2  reqs=1
2026-03-24 19:32:21 [ERROR] asyncio — Unclosed connector
connections: ['[(<aiohttp.client_proto.ResponseHandler object at 0x79632d7901c0>, 156128.50922638)]', '[(<aiohttp.client_proto.ResponseHandler object at 0x79632d737b20>, 156130.39432253)]']
connector: <aiohttp.connector.TCPConnector object at 0x79632d740040>
