2026-03-24 14:42:11 [INFO] __main__ — Авторизован [client:acc1], chatId=0
2026-03-24 14:42:21 [DEBUG] __main__ — [tunnel] CONNECT lenta.ru:443 session=30fbd931298d43e4
2026-03-24 14:42:21 [DEBUG] __main__ — [batch] flush batch_id=70b2281dfc1c reqs=1 size=291
2026-03-24 14:42:21 [INFO] __main__ — BATCH sent  id=70b2281dfc1c  reqs=1  0КБ  urls=['tunnel://lenta.ru:443']
2026-03-24 14:42:22 [DEBUG] __main__ — [transport:acc1] upload ok  fileId=3000062278  size=291
2026-03-24 14:42:25 [DEBUG] __main__ — [transport:acc1] recv_file fileId=2991690950 size=547
2026-03-24 14:42:25 [INFO] __main__ — BATCH recv  id=70b2281dfc1c  reqs=1
2026-03-24 14:42:25 [DEBUG] __main__ — [batch] flush batch_id=b3609cb3dea2 reqs=1 size=543
2026-03-24 14:42:25 [INFO] __main__ — BATCH sent  id=b3609cb3dea2  reqs=1  0КБ  urls=['tunnel://lenta.ru:443']
2026-03-24 14:42:26 [DEBUG] __main__ — [transport:acc1] upload ok  fileId=3002508442  size=543
2026-03-24 14:42:28 [DEBUG] __main__ — [transport:acc1] recv_file fileId=2989099653 size=151
2026-03-24 14:42:28 [INFO] __main__ — BATCH recv  id=b3609cb3dea2  reqs=1
2026-03-24 14:42:28 [DEBUG] __main__ — [tunnel] lenta.ru closed: [Errno 104] Connection reset by peer
2026-03-24 14:42:28 [DEBUG] __main__ — [batch] flush batch_id=e34f1dba08a4 reqs=1 size=178
2026-03-24 14:42:28 [INFO] __main__ — BATCH sent  id=e34f1dba08a4  reqs=1  0КБ  urls=['tunnel://lenta.ru:443']
2026-03-24 14:42:28 [DEBUG] __main__ — [transport:acc1] upload ok  fileId=2989403052  size=178
2026-03-24 14:42:30 [DEBUG] __main__ — [transport:acc1] recv_file fileId=2995439983 size=137
2026-03-24 14:42:30 [INFO] __main__ — BATCH recv  id=e34f1dba08a4  reqs=1
2026-03-24 14:43:00 [ERROR] asyncio — Fatal error on SSL transport
protocol: <asyncio.sslproto.SSLProtocol object at 0x77e1ef091180>
transport: <_SelectorSocketTransport closing fd=11>
Traceback (most recent call last):
  File "/usr/lib/python3.10/asyncio/selector_events.py", line 924, in write
    n = self._sock.send(data)
OSError: [Errno 9] Bad file descriptor

During handling of the above exception, another exception occurred:

Traceback (most recent call last):
  File "/usr/lib/python3.10/asyncio/sslproto.py", line 690, in _process_write_backlog
    self._transport.write(chunk)
  File "/usr/lib/python3.10/asyncio/selector_events.py", line 930, in write
    self._fatal_error(exc, 'Fatal write error on socket transport')
  File "/usr/lib/python3.10/asyncio/selector_events.py", line 725, in _fatal_error
    self._force_close(exc)
  File "/usr/lib/python3.10/asyncio/selector_events.py", line 737, in _force_close
    self._loop.call_soon(self._call_connection_lost, exc)
  File "/usr/lib/python3.10/asyncio/base_events.py", line 753, in call_soon
    self._check_closed()
  File "/usr/lib/python3.10/asyncio/base_events.py", line 515, in _check_closed
    raise RuntimeError('Event loop is closed')
RuntimeError: Event loop is closed
2026-03-24 14:43:00 [ERROR] asyncio — Unclosed connector
connections: ['[(<aiohttp.client_proto.ResponseHandler object at 0x77e1ef0a8820>, 138751.539534632)]', '[(<aiohttp.client_proto.ResponseHandler object at 0x77e1ef0a84c0>, 138753.103904406)]']
connector: <aiohttp.connector.TCPConnector object at 0x77e1ef1bb5e0>
2026-03-24 14:43:00 [ERROR] asyncio — Fatal error on SSL transport
protocol: <asyncio.sslproto.SSLProtocol object at 0x77e1ef090c10>
transport: <_SelectorSocketTransport closing fd=10>
Traceback (most recent call last):
  File "/usr/lib/python3.10/asyncio/selector_events.py", line 924, in write
    n = self._sock.send(data)
OSError: [Errno 9] Bad file descriptor

During handling of the above exception, another exception occurred:

Traceback (most recent call last):
  File "/usr/lib/python3.10/asyncio/sslproto.py", line 690, in _process_write_backlog
    self._transport.write(chunk)
  File "/usr/lib/python3.10/asyncio/selector_events.py", line 930, in write
    self._fatal_error(exc, 'Fatal write error on socket transport')
  File "/usr/lib/python3.10/asyncio/selector_events.py", line 725, in _fatal_error
    self._force_close(exc)
  File "/usr/lib/python3.10/asyncio/selector_events.py", line 737, in _force_close
    self._loop.call_soon(self._call_connection_lost, exc)
  File "/usr/lib/python3.10/asyncio/base_events.py", line 753, in call_soon
    self._check_closed()
  File "/usr/lib/python3.10/asyncio/base_events.py", line 515, in _check_closed
    raise RuntimeError('Event loop is closed')
RuntimeError: Event loop is closed
